Checking for lock file /tmp/.iislock
Acquired lock file /tmp/.iislock
-------------------------------------
Processing for 20110503
-------------------------------------

Wed May 4 04:40:53 EDT 2011

Timing is on.

           000 - INIT

BEGIN
Time: 0 hrs, 0 mins, 2 secs, 849 ms
*** Truncating staging tables before workflow starts ***
SET
Time: 0 hrs, 0 mins, 0 secs, 10 ms
GRANT
Time: 0 hrs, 0 mins, 4 secs, 625 ms
END
Time: 0 hrs, 0 mins, 39 secs, 678 ms

Wed May 4 04:41:41 EDT 2011

Timing is on.

            200 - LOAD_BN_IISLOGS   

BEGIN
Time: 0 hrs, 0 mins, 0 secs, 725 ms
SET
Time: 0 hrs, 0 mins, 0 secs, 10 ms
TRUNCATE
Time: 0 hrs, 0 mins, 2 secs, 273 ms
INSERT 0 47978719
Time: 0 hrs, 7 mins, 54 secs, 806 ms
END
Time: 0 hrs, 1 mins, 21 secs, 839 ms
ALTER TABLE
Time: 0 hrs, 16 mins, 27 secs, 493 ms

Wed May 4 05:07:28 EDT 2011

Timing is on.
BEGIN
Time: 0 hrs, 0 mins, 1 secs, 483 ms
SET
Time: 0 hrs, 0 mins, 0 secs, 9 ms

            250 - LOAD_BN_HITS_SP   

TRUNCATE
Time: 0 hrs, 0 mins, 1 secs, 876 ms
INSERT 0 13704992
Time: 0 hrs, 3 mins, 14 secs, 458 ms
ANALYZE
Time: 0 hrs, 0 mins, 6 secs, 703 ms
END
Time: 0 hrs, 0 mins, 14 secs, 75 ms

Wed May 4 05:11:07 EDT 2011

Timing is on.
BEGIN
Time: 0 hrs, 0 mins, 1 secs, 171 ms
SET
Time: 0 hrs, 0 mins, 0 secs, 10 ms

           300 - DYNAMIC FILTER

TRUNCATE
Time: 0 hrs, 0 mins, 2 secs, 706 ms
INSERT 0 10000739
Time: 0 hrs, 0 mins, 13 secs, 382 ms
ANALYZE
Time: 0 hrs, 0 mins, 1 secs, 103 ms
 Total records in web_click_cnt 
--------------------------------
                       10000739
(1 row)

Time: 0 hrs, 0 mins, 1 secs, 114 ms
CREATE TABLE
Time: 0 hrs, 0 mins, 6 secs, 634 ms
ANALYZE
Time: 0 hrs, 0 mins, 0 secs, 338 ms
CREATE TABLE
Time: 0 hrs, 0 mins, 2 secs, 444 ms
ANALYZE
Time: 0 hrs, 0 mins, 0 secs, 281 ms
DELETE 1
Time: 0 hrs, 0 mins, 0 secs, 895 ms
INSERT 0 1
Time: 0 hrs, 0 mins, 0 secs, 777 ms
DELETE 1
Time: 0 hrs, 0 mins, 0 secs, 86 ms
INSERT 0 1
Time: 0 hrs, 0 mins, 1 secs, 460 ms
CREATE TABLE
Time: 0 hrs, 0 mins, 9 secs, 116 ms
ANALYZE
Time: 0 hrs, 0 mins, 0 secs, 84 ms
CREATE TABLE
Time: 0 hrs, 0 mins, 7 secs, 936 ms
ANALYZE
Time: 0 hrs, 0 mins, 0 secs, 316 ms
DELETE 1
Time: 0 hrs, 0 mins, 0 secs, 187 ms
INSERT 0 1
Time: 0 hrs, 0 mins, 2 secs, 317 ms
DELETE 1
Time: 0 hrs, 0 mins, 0 secs, 109 ms
INSERT 0 1
Time: 0 hrs, 0 mins, 1 secs, 186 ms
ANALYZE
Time: 0 hrs, 0 mins, 0 secs, 289 ms
    tablename     |    attr_name    | attr_value 
------------------+-----------------+------------
 BN_FILTER_SPIDER | CLK_USER_SD_MPL | 10
 BN_FILTER_SPIDER | IP_USER_SD_MPL  | 1
 BN_FILTER_SPIDER | IP_USER_RATIO   | .955
 BN_FILTER_SPIDER | CLK_USER_MEAN   | 16.412
 BN_FILTER_SPIDER | CLK_USER_SD     | 68.267
 BN_FILTER_SPIDER | IP_USER_MEAN    | 13.906
 BN_FILTER_SPIDER | IP_USER_SD      | 1637.843
(7 rows)

Time: 0 hrs, 0 mins, 0 secs, 397 ms
CREATE TABLE
Time: 0 hrs, 0 mins, 12 secs, 217 ms
CREATE TABLE
Time: 0 hrs, 0 mins, 0 secs, 797 ms
 l_mean_sd_mpl 
---------------
       699.082
(1 row)

Time: 0 hrs, 0 mins, 0 secs, 252 ms
TRUNCATE
Time: 0 hrs, 0 mins, 5 secs, 185 ms
INSERT 0 269
Time: 0 hrs, 0 mins, 8 secs, 650 ms
ANALYZE
Time: 0 hrs, 0 mins, 1 secs, 352 ms
 Total click_user bn_spider_ip records 
---------------------------------------
                                   269
(1 row)

Time: 0 hrs, 0 mins, 0 secs, 436 ms
CREATE TABLE
Time: 0 hrs, 0 mins, 6 secs, 369 ms
ANALYZE
Time: 0 hrs, 0 mins, 0 secs, 555 ms
CREATE TABLE
Time: 0 hrs, 0 mins, 6 secs, 895 ms
ANALYZE
Time: 0 hrs, 0 mins, 0 secs, 382 ms
DROP 
Time: 0 hrs, 0 mins, 0 secs, 520 ms
CREATE TABLE
Time: 0 hrs, 0 mins, 3 secs, 431 ms
 l_mean_sd_mpl | l_ratio 
---------------+---------
      1651.749 |   0.955
(1 row)

Time: 0 hrs, 0 mins, 0 secs, 365 ms
INSERT 0 7532243
Time: 0 hrs, 0 mins, 31 secs, 702 ms
ANALYZE
Time: 0 hrs, 0 mins, 0 secs, 703 ms
 Total ip_user_filter bn_spider_ip records 
-------------------------------------------
                                   7532243
(1 row)

Time: 0 hrs, 0 mins, 1 secs, 42 ms
TRUNCATE
Time: 0 hrs, 0 mins, 3 secs, 95 ms
INSERT 0 19302582
Time: 0 hrs, 0 mins, 42 secs, 686 ms
ANALYZE
Time: 0 hrs, 0 mins, 7 secs, 790 ms
 bn_hits_stage 
---------------
      19302582
(1 row)

Time: 0 hrs, 0 mins, 1 secs, 252 ms
INSERT 0 9746527
Time: 0 hrs, 0 mins, 52 secs, 153 ms
ANALYZE
Time: 0 hrs, 0 mins, 59 secs, 443 ms
 bn_hits_sp_20110503 
---------------------
            23451519
(1 row)

Time: 0 hrs, 0 mins, 10 secs, 171 ms
TRUNCATE
Time: 0 hrs, 0 mins, 1 secs, 895 ms
INSERT 0 5224618
Time: 0 hrs, 0 mins, 13 secs, 355 ms
ANALYZE
Time: 0 hrs, 0 mins, 3 secs, 819 ms
 bn_hits_client_20110503 
-------------------------
                 5224618
(1 row)

Time: 0 hrs, 0 mins, 0 secs, 997 ms
END
Time: 0 hrs, 0 mins, 48 secs, 83 ms

Wed May 4 05:17:27 EDT 2011

Timing is on.
BEGIN
Time: 0 hrs, 0 mins, 2 secs, 810 ms

           600 - LOAD RESOURCES

SET
Time: 0 hrs, 0 mins, 0 secs, 10 ms
CREATE TABLE
Time: 0 hrs, 0 mins, 16 secs, 507 ms
ANALYZE
Time: 0 hrs, 0 mins, 0 secs, 904 ms
 tmp_a_count 
-------------
       31097
(1 row)

Time: 0 hrs, 0 mins, 0 secs, 322 ms
UPDATE 0
Time: 0 hrs, 0 mins, 2 secs, 11 ms
ANALYZE
Time: 0 hrs, 0 mins, 1 secs, 242 ms
TRUNCATE
Time: 0 hrs, 0 mins, 2 secs, 491 ms
INSERT 0 4610
Time: 0 hrs, 0 mins, 14 secs, 487 ms
ANALYZE
Time: 0 hrs, 0 mins, 0 secs, 949 ms
 first_resource_id | last_resource_id 
-------------------+------------------
          13412205 |         13416814
(1 row)

Time: 0 hrs, 0 mins, 0 secs, 432 ms
INSERT 0 4610
Time: 0 hrs, 0 mins, 1 secs, 524 ms
 total_resources 
-----------------
        13392419
(1 row)

Time: 0 hrs, 0 mins, 0 secs, 330 ms
ANALYZE
Time: 0 hrs, 0 mins, 1 secs, 227 ms
END
Time: 0 hrs, 0 mins, 5 secs, 711 ms
VACUUM
Time: 0 hrs, 0 mins, 52 secs, 859 ms

Wed May 4 05:19:11 EDT 2011

Timing is on.

           650 - LOAD_BN_SESSION_STAGE

BEGIN
Time: 0 hrs, 0 mins, 0 secs, 945 ms
SET
Time: 0 hrs, 0 mins, 0 secs, 7 ms
SET
Time: 0 hrs, 0 mins, 0 secs, 32 ms
CREATE TABLE
Time: 0 hrs, 0 mins, 51 secs, 266 ms
ANALYZE
Time: 0 hrs, 0 mins, 5 secs, 22 ms
 tmp_sessionized_stage 
-----------------------
              19302582
(1 row)

Time: 0 hrs, 0 mins, 0 secs, 551 ms
TRUNCATE
Time: 0 hrs, 0 mins, 1 secs, 19 ms
INSERT 0 2050915
Time: 0 hrs, 0 mins, 30 secs, 244 ms
ANALYZE
Time: 0 hrs, 0 mins, 1 secs, 585 ms
CREATE TABLE
Time: 0 hrs, 1 mins, 8 secs, 596 ms
CREATE INDEX
Time: 0 hrs, 0 mins, 0 secs, 344 ms
 tmp_first_last 
----------------
        2050915
(1 row)

Time: 0 hrs, 0 mins, 0 secs, 132 ms
ANALYZE
Time: 0 hrs, 0 mins, 0 secs, 765 ms
SET
Time: 0 hrs, 0 mins, 0 secs, 21 ms
SET
Time: 0 hrs, 0 mins, 0 secs, 20 ms
TRUNCATE
Time: 0 hrs, 0 mins, 1 secs, 271 ms
DROP
Time: 0 hrs, 0 mins, 0 secs, 93 ms
INSERT 0 2050915
Time: 0 hrs, 0 mins, 5 secs, 908 ms
 bn_session_stage 
------------------
          2050915
(1 row)

Time: 0 hrs, 0 mins, 0 secs, 944 ms
CREATE INDEX
Time: 0 hrs, 0 mins, 1 secs, 617 ms
ANALYZE
Time: 0 hrs, 0 mins, 1 secs, 39 ms
TRUNCATE
Time: 0 hrs, 0 mins, 0 secs, 802 ms
END
Time: 0 hrs, 0 mins, 1 secs, 554 ms

Wed May 4 05:22:05 EDT 2011

BEGIN

           660 - LOAD_BN_SESSION_UPDATE_STAGE

SET
TRUNCATE
INSERT 0 0
END

Wed May 4 05:22:09 EDT 2011

Timing is on.

           670 - LOAD_BN_SESSION_20110503.UPDATES

BEGIN
Time: 0 hrs, 0 mins, 0 secs, 671 ms
SET
Time: 0 hrs, 0 mins, 0 secs, 9 ms
UPDATE 0
Time: 0 hrs, 0 mins, 0 secs, 683 ms
END
Time: 0 hrs, 0 mins, 6 secs, 878 ms
VACUUM
Time: 0 hrs, 0 mins, 12 secs, 272 ms

Wed May 4 05:22:30 EDT 2011

Timing is on.

           700 - LOAD_BN_SESSION

BEGIN
Time: 0 hrs, 0 mins, 0 secs, 718 ms
SET
Time: 0 hrs, 0 mins, 0 secs, 10 ms
INSERT 0 2050915
Time: 0 hrs, 0 mins, 5 secs, 779 ms
ANALYZE
Time: 0 hrs, 0 mins, 0 secs, 848 ms
END
Time: 0 hrs, 0 mins, 1 secs, 692 ms

Wed May 4 05:22:39 EDT 2011

Timing is on.

            750 - LOAD_BN_SESSION_SUMMARY   

BEGIN
Time: 0 hrs, 0 mins, 0 secs, 704 ms
SET
Time: 0 hrs, 0 mins, 0 secs, 11 ms
CREATE TABLE
Time: 0 hrs, 0 mins, 4 secs, 593 ms
TRUNCATE
Time: 0 hrs, 0 mins, 0 secs, 492 ms
INSERT 0 188168
Time: 0 hrs, 0 mins, 3 secs, 621 ms
ANALYZE
Time: 0 hrs, 0 mins, 0 secs, 649 ms
 count(1) 
----------
   188168
(1 row)

Time: 0 hrs, 0 mins, 0 secs, 147 ms
END
Time: 0 hrs, 0 mins, 0 secs, 866 ms

Wed May 4 05:22:51 EDT 2011

Timing is on.

           800 - LOAD_BN_HITS

BEGIN
Time: 0 hrs, 0 mins, 0 secs, 698 ms
SET
Time: 0 hrs, 0 mins, 0 secs, 11 ms
SET
Time: 0 hrs, 0 mins, 0 secs, 18 ms
SET
Time: 0 hrs, 0 mins, 0 secs, 16 ms
SET
Time: 0 hrs, 0 mins, 0 secs, 18 ms
TRUNCATE
Time: 0 hrs, 53 mins, 24 secs, 315 ms
INSERT 0 19302582
Time: 0 hrs, 0 mins, 20 secs, 136 ms
 count(1) 
----------
 19302582
(1 row)

Time: 0 hrs, 0 mins, 1 secs, 191 ms
ANALYZE
Time: 0 hrs, 0 mins, 2 secs, 700 ms
END
Time: 0 hrs, 0 mins, 12 secs, 812 ms

Wed May 4 06:16:53 EDT 2011

Timing is on.

            900 - LOAD_CLICKSTREAM   

BEGIN
Time: 0 hrs, 0 mins, 1 secs, 440 ms
SET
Time: 0 hrs, 0 mins, 0 secs, 10 ms
TRUNCATE
Time: 0 hrs, 0 mins, 1 secs, 192 ms
INSERT 0 19302582
Time: 0 hrs, 1 mins, 29 secs, 555 ms
 count(1) 
----------
 19302582
(1 row)

Time: 0 hrs, 0 mins, 0 secs, 368 ms
ANALYZE
Time: 0 hrs, 0 mins, 1 secs, 153 ms
END
Time: 0 hrs, 0 mins, 25 secs, 613 ms

Wed May 4 06:18:53 EDT 2011

Timing is on.

            1000 - PAGE_VIEW_SUMMARY  

BEGIN
Time: 0 hrs, 0 mins, 0 secs, 838 ms
SET
Time: 0 hrs, 0 mins, 0 secs, 13 ms
SET
Time: 0 hrs, 0 mins, 0 secs, 20 ms
TRUNCATE
Time: 0 hrs, 0 mins, 0 secs, 599 ms
INSERT 0 37306
Time: 0 hrs, 0 mins, 3 secs, 319 ms
 count(1) 
----------
    37306
(1 row)

Time: 0 hrs, 0 mins, 0 secs, 152 ms
ANALYZE
Time: 0 hrs, 0 mins, 0 secs, 113 ms
END
Time: 0 hrs, 0 mins, 0 secs, 651 ms

Wed May 4 06:18:59 EDT 2011


2000 - WRAP UP 

Timing is on.
BEGIN
Time: 0 hrs, 0 mins, 0 secs, 816 ms
TRUNCATE
Time: 0 hrs, 0 mins, 0 secs, 994 ms
TRUNCATE
Time: 0 hrs, 0 mins, 0 secs, 339 ms
END
Time: 0 hrs, 0 mins, 1 secs, 327 ms
Wed May 4 06:19:02 EDT 2011
Removing lock file and waiting for a minute
Checking for lock file /tmp/.iislock
Acquired lock file /tmp/.iislock
-------------------------------------
Processing for 20110503
-------------------------------------

Thu May 5 15:22:52 EDT 2011

Timing is on.

           000 - INIT

BEGIN
Time: 0 hrs, 0 mins, 1 secs, 603 ms
*** Truncating staging tables before workflow starts ***
SET
Time: 0 hrs, 0 mins, 0 secs, 12 ms
GRANT
Time: 0 hrs, 0 mins, 5 secs, 83 ms
END
Time: 0 hrs, 0 mins, 1 secs, 381 ms

Thu May 5 15:23:00 EDT 2011

Timing is on.

            200 - LOAD_BN_IISLOGS   

BEGIN
Time: 0 hrs, 0 mins, 0 secs, 991 ms
SET
Time: 0 hrs, 0 mins, 0 secs, 14 ms
TRUNCATE
Time: 0 hrs, 0 mins, 1 secs, 618 ms
INSERT 0 65603427
Time: 0 hrs, 12 mins, 44 secs, 189 ms
END
Time: 0 hrs, 3 mins, 12 secs, 197 ms
ALTER TABLE
Time: 0 hrs, 0 mins, 5 secs, 92 ms

Thu May 5 15:39:05 EDT 2011

Timing is on.
BEGIN
Time: 0 hrs, 0 mins, 10 secs, 375 ms
SET
Time: 0 hrs, 0 mins, 0 secs, 29 ms

            250 - LOAD_BN_HITS_SP   

TRUNCATE
Time: 0 hrs, 0 mins, 8 secs, 104 ms
INSERT 0 18624480
Time: 0 hrs, 4 mins, 8 secs, 30 ms
ANALYZE
Time: 0 hrs, 0 mins, 4 secs, 70 ms
END
Time: 0 hrs, 0 mins, 7 secs, 82 ms

Thu May 5 15:43:46 EDT 2011

Timing is on.
BEGIN
Time: 0 hrs, 0 mins, 1 secs, 580 ms
SET
Time: 0 hrs, 0 mins, 0 secs, 10 ms

           300 - DYNAMIC FILTER

TRUNCATE
Time: 0 hrs, 0 mins, 1 secs, 743 ms
INSERT 0 13123310
Time: 0 hrs, 0 mins, 7 secs, 241 ms
ANALYZE
Time: 0 hrs, 0 mins, 0 secs, 416 ms
 Total records in web_click_cnt 
--------------------------------
                       13123310
(1 row)

Time: 0 hrs, 0 mins, 3 secs, 128 ms
CREATE TABLE
Time: 0 hrs, 0 mins, 18 secs, 548 ms
ANALYZE
Time: 0 hrs, 0 mins, 0 secs, 135 ms
CREATE TABLE
Time: 0 hrs, 0 mins, 1 secs, 257 ms
ANALYZE
Time: 0 hrs, 0 mins, 0 secs, 346 ms
DELETE 1
Time: 0 hrs, 0 mins, 0 secs, 503 ms
INSERT 0 1
Time: 0 hrs, 0 mins, 2 secs, 162 ms
DELETE 1
Time: 0 hrs, 0 mins, 0 secs, 121 ms
INSERT 0 1
Time: 0 hrs, 0 mins, 1 secs, 66 ms
CREATE TABLE
Time: 0 hrs, 0 mins, 8 secs, 908 ms
ANALYZE
Time: 0 hrs, 0 mins, 0 secs, 100 ms
CREATE TABLE
Time: 0 hrs, 0 mins, 0 secs, 828 ms
ANALYZE
Time: 0 hrs, 0 mins, 0 secs, 535 ms
DELETE 1
Time: 0 hrs, 0 mins, 0 secs, 88 ms
INSERT 0 1
Time: 0 hrs, 0 mins, 0 secs, 792 ms
DELETE 1
Time: 0 hrs, 0 mins, 0 secs, 100 ms
INSERT 0 1
Time: 0 hrs, 0 mins, 0 secs, 550 ms
ANALYZE
Time: 0 hrs, 0 mins, 0 secs, 319 ms
    tablename     |    attr_name    | attr_value 
------------------+-----------------+------------
 BN_FILTER_SPIDER | CLK_USER_SD_MPL | 10
 BN_FILTER_SPIDER | IP_USER_SD_MPL  | 1
 BN_FILTER_SPIDER | IP_USER_RATIO   | .955
 BN_FILTER_SPIDER | CLK_USER_MEAN   | 17.268
 BN_FILTER_SPIDER | CLK_USER_SD     | 69.345
 BN_FILTER_SPIDER | IP_USER_MEAN    | 13.741
 BN_FILTER_SPIDER | IP_USER_SD      | 1830.498
(7 rows)

Time: 0 hrs, 0 mins, 0 secs, 302 ms
CREATE TABLE
Time: 0 hrs, 0 mins, 7 secs, 688 ms
CREATE TABLE
Time: 0 hrs, 0 mins, 1 secs, 683 ms
 l_mean_sd_mpl 
---------------
       710.718
(1 row)

Time: 0 hrs, 0 mins, 0 secs, 225 ms
TRUNCATE
Time: 0 hrs, 0 mins, 2 secs, 267 ms
INSERT 0 347
Time: 0 hrs, 0 mins, 4 secs, 991 ms
ANALYZE
Time: 0 hrs, 0 mins, 0 secs, 614 ms
 Total click_user bn_spider_ip records 
---------------------------------------
                                   347
(1 row)

Time: 0 hrs, 0 mins, 0 secs, 492 ms
CREATE TABLE
Time: 0 hrs, 0 mins, 5 secs, 923 ms
ANALYZE
Time: 0 hrs, 0 mins, 0 secs, 416 ms
CREATE TABLE
Time: 0 hrs, 0 mins, 4 secs, 33 ms
ANALYZE
Time: 0 hrs, 0 mins, 0 secs, 132 ms
DROP 
Time: 0 hrs, 0 mins, 0 secs, 377 ms
CREATE TABLE
Time: 0 hrs, 0 mins, 0 secs, 519 ms
 l_mean_sd_mpl | l_ratio 
---------------+---------
      1844.239 |   0.955
(1 row)

Time: 0 hrs, 0 mins, 0 secs, 543 ms
INSERT 0 10012918
Time: 0 hrs, 0 mins, 5 secs, 929 ms
ANALYZE
Time: 0 hrs, 0 mins, 0 secs, 200 ms
 Total ip_user_filter bn_spider_ip records 
-------------------------------------------
                                  10012918
(1 row)

Time: 0 hrs, 0 mins, 0 secs, 458 ms
TRUNCATE
Time: 0 hrs, 0 mins, 3 secs, 456 ms
INSERT 0 26021632
Time: 0 hrs, 1 mins, 14 secs, 292 ms
ANALYZE
Time: 0 hrs, 0 mins, 9 secs, 953 ms
 bn_hits_stage 
---------------
      26021632
(1 row)

Time: 0 hrs, 0 mins, 0 secs, 276 ms
INSERT 0 12866671
Time: 0 hrs, 1 mins, 21 secs, 117 ms
ANALYZE
Time: 0 hrs, 0 mins, 19 secs, 249 ms
 bn_hits_sp_20110503 
---------------------
            31491151
(1 row)

Time: 0 hrs, 0 mins, 13 secs, 860 ms
TRUNCATE
Time: 0 hrs, 0 mins, 1 secs, 132 ms
INSERT 0 8090644
Time: 0 hrs, 0 mins, 6 secs, 292 ms
ANALYZE
Time: 0 hrs, 0 mins, 2 secs, 500 ms
 bn_hits_client_20110503 
-------------------------
                 8090644
(1 row)

Time: 0 hrs, 0 mins, 0 secs, 342 ms
END
Time: 0 hrs, 1 mins, 7 secs, 257 ms

Thu May 5 15:49:53 EDT 2011

Timing is on.
BEGIN
Time: 0 hrs, 0 mins, 0 secs, 842 ms

           600 - LOAD RESOURCES

SET
Time: 0 hrs, 0 mins, 0 secs, 11 ms
CREATE TABLE
Time: 0 hrs, 0 mins, 57 secs, 742 ms
ANALYZE
Time: 0 hrs, 0 mins, 0 secs, 844 ms
 tmp_a_count 
-------------
       40428
(1 row)

Time: 0 hrs, 0 mins, 0 secs, 366 ms
UPDATE 0
Time: 0 hrs, 0 mins, 2 secs, 974 ms
ANALYZE
Time: 0 hrs, 0 mins, 0 secs, 780 ms
TRUNCATE
Time: 0 hrs, 0 mins, 1 secs, 838 ms
INSERT 0 1385
Time: 0 hrs, 0 mins, 28 secs, 490 ms
ANALYZE
Time: 0 hrs, 0 mins, 0 secs, 920 ms
 first_resource_id | last_resource_id 
-------------------+------------------
          13423189 |         13424573
(1 row)

Time: 0 hrs, 0 mins, 0 secs, 160 ms
INSERT 0 1385
Time: 0 hrs, 0 mins, 1 secs, 834 ms
 total_resources 
-----------------
        13400178
(1 row)

Time: 0 hrs, 0 mins, 0 secs, 232 ms
ANALYZE
Time: 0 hrs, 0 mins, 1 secs, 52 ms
END
Time: 0 hrs, 0 mins, 14 secs, 419 ms
VACUUM
Time: 0 hrs, 0 mins, 37 secs, 554 ms

Thu May 5 15:52:24 EDT 2011

Timing is on.

           650 - LOAD_BN_SESSION_STAGE

BEGIN
Time: 0 hrs, 0 mins, 3 secs, 520 ms
SET
Time: 0 hrs, 0 mins, 0 secs, 13 ms
SET
Time: 0 hrs, 0 mins, 0 secs, 29 ms
CREATE TABLE
Time: 0 hrs, 1 mins, 22 secs, 730 ms
ANALYZE
Time: 0 hrs, 0 mins, 3 secs, 379 ms
 tmp_sessionized_stage 
-----------------------
              26021632
(1 row)

Time: 0 hrs, 0 mins, 0 secs, 611 ms
TRUNCATE
Time: 0 hrs, 0 mins, 1 secs, 452 ms
INSERT 0 2595420
Time: 0 hrs, 1 mins, 50 secs, 479 ms
ANALYZE
Time: 0 hrs, 0 mins, 1 secs, 506 ms
CREATE TABLE
Time: 0 hrs, 1 mins, 32 secs, 287 ms
CREATE INDEX
Time: 0 hrs, 0 mins, 0 secs, 489 ms
 tmp_first_last 
----------------
        2595420
(1 row)

Time: 0 hrs, 0 mins, 0 secs, 118 ms
ANALYZE
Time: 0 hrs, 0 mins, 0 secs, 940 ms
SET
Time: 0 hrs, 0 mins, 0 secs, 19 ms
SET
Time: 0 hrs, 0 mins, 0 secs, 20 ms
TRUNCATE
Time: 0 hrs, 0 mins, 3 secs, 76 ms
DROP
Time: 0 hrs, 0 mins, 0 secs, 470 ms
INSERT 0 2595420
Time: 0 hrs, 0 mins, 9 secs, 560 ms
 bn_session_stage 
------------------
          2595420
(1 row)

Time: 0 hrs, 0 mins, 0 secs, 836 ms
CREATE INDEX
Time: 0 hrs, 0 mins, 1 secs, 117 ms
ANALYZE
Time: 0 hrs, 0 mins, 1 secs, 199 ms
TRUNCATE
Time: 0 hrs, 0 mins, 1 secs, 442 ms
END
Time: 0 hrs, 0 mins, 25 secs, 643 ms

Thu May 5 15:58:05 EDT 2011

BEGIN

           660 - LOAD_BN_SESSION_UPDATE_STAGE

SET
TRUNCATE
INSERT 0 0
END

Thu May 5 15:58:13 EDT 2011

Timing is on.

           670 - LOAD_BN_SESSION_20110503.UPDATES

BEGIN
Time: 0 hrs, 0 mins, 0 secs, 930 ms
SET
Time: 0 hrs, 0 mins, 0 secs, 14 ms
UPDATE 0
Time: 0 hrs, 0 mins, 0 secs, 826 ms
END
Time: 0 hrs, 0 mins, 2 secs, 116 ms
VACUUM
Time: 0 hrs, 0 mins, 31 secs, 907 ms

Thu May 5 15:58:49 EDT 2011

Timing is on.

           700 - LOAD_BN_SESSION

BEGIN
Time: 0 hrs, 0 mins, 0 secs, 973 ms
SET
Time: 0 hrs, 0 mins, 0 secs, 12 ms
INSERT 0 2595420
Time: 0 hrs, 0 mins, 16 secs, 193 ms
ANALYZE
Time: 0 hrs, 0 mins, 1 secs, 471 ms
END
Time: 0 hrs, 0 mins, 10 secs, 892 ms

Thu May 5 15:59:19 EDT 2011

Timing is on.

            750 - LOAD_BN_SESSION_SUMMARY   

BEGIN
Time: 0 hrs, 0 mins, 0 secs, 785 ms
SET
Time: 0 hrs, 0 mins, 0 secs, 8 ms
CREATE TABLE
Time: 0 hrs, 0 mins, 7 secs, 839 ms
TRUNCATE
Time: 0 hrs, 0 mins, 0 secs, 669 ms
INSERT 0 228361
Time: 0 hrs, 0 mins, 10 secs, 556 ms
ANALYZE
Time: 0 hrs, 0 mins, 0 secs, 646 ms
 count(1) 
----------
   228361
(1 row)

Time: 0 hrs, 0 mins, 0 secs, 324 ms
END
Time: 0 hrs, 0 mins, 1 secs, 461 ms

Thu May 5 15:59:41 EDT 2011

Timing is on.

           800 - LOAD_BN_HITS

BEGIN
Time: 0 hrs, 0 mins, 0 secs, 798 ms
SET
Time: 0 hrs, 0 mins, 0 secs, 7 ms
SET
Time: 0 hrs, 0 mins, 0 secs, 13 ms
SET
Time: 0 hrs, 0 mins, 0 secs, 15 ms
SET
Time: 0 hrs, 0 mins, 0 secs, 112 ms
TRUNCATE
Time: 0 hrs, 0 mins, 1 secs, 327 ms
INSERT 0 26021632
Time: 0 hrs, 0 mins, 13 secs, 551 ms
 count(1) 
----------
 26021632
(1 row)

Time: 0 hrs, 0 mins, 0 secs, 583 ms
ANALYZE
Time: 0 hrs, 0 mins, 3 secs, 239 ms
END
Time: 0 hrs, 0 mins, 4 secs, 3 ms

Thu May 5 16:00:05 EDT 2011

Timing is on.

            900 - LOAD_CLICKSTREAM   

BEGIN
Time: 0 hrs, 0 mins, 1 secs, 727 ms
SET
Time: 0 hrs, 0 mins, 0 secs, 17 ms
TRUNCATE
Time: 0 hrs, 0 mins, 0 secs, 827 ms
INSERT 0 26021632
Time: 0 hrs, 1 mins, 55 secs, 796 ms
 count(1) 
----------
 26021632
(1 row)

Time: 0 hrs, 0 mins, 0 secs, 511 ms
ANALYZE
Time: 0 hrs, 0 mins, 1 secs, 139 ms
END
Time: 0 hrs, 0 mins, 5 secs, 189 ms

Thu May 5 16:02:11 EDT 2011

Timing is on.

            1000 - PAGE_VIEW_SUMMARY  

BEGIN
Time: 0 hrs, 0 mins, 3 secs, 990 ms
SET
Time: 0 hrs, 0 mins, 0 secs, 10 ms
SET
Time: 0 hrs, 0 mins, 0 secs, 18 ms
TRUNCATE
Time: 0 hrs, 0 mins, 2 secs, 70 ms
INSERT 0 47837
Time: 0 hrs, 0 mins, 7 secs, 250 ms
 count(1) 
----------
    47837
(1 row)

Time: 0 hrs, 0 mins, 0 secs, 172 ms
ANALYZE
Time: 0 hrs, 0 mins, 0 secs, 77 ms
END
Time: 0 hrs, 0 mins, 2 secs, 777 ms

Thu May 5 16:02:28 EDT 2011


2000 - WRAP UP 

Timing is on.
BEGIN
Time: 0 hrs, 0 mins, 1 secs, 272 ms
TRUNCATE
Time: 0 hrs, 0 mins, 1 secs, 500 ms
TRUNCATE
Time: 0 hrs, 0 mins, 0 secs, 576 ms
END
Time: 0 hrs, 0 mins, 2 secs, 56 ms
Thu May 5 16:02:33 EDT 2011
Removing lock file and waiting for a minute
