Checking for lock file /tmp/.iislock
Acquired lock file /tmp/.iislock
deleting simple.htm records - these are just server testing...
DELETE 5796771
-------------------------------------
Processing for 20111111
-------------------------------------

Sat Nov 12 09:21:00 EST 2011

Timing is on.

           000 - INIT

BEGIN
Time: 0 hrs, 0 mins, 0 secs, 147 ms
*** Truncating staging tables before workflow starts ***
SET
Time: 0 hrs, 0 mins, 0 secs, 6 ms
GRANT
Time: 0 hrs, 0 mins, 28 secs, 482 ms
END
Time: 0 hrs, 0 mins, 10 secs, 546 ms

Sat Nov 12 09:21:40 EST 2011

Timing is on.

            200 - LOAD_BN_IISLOGS   

BEGIN
Time: 0 hrs, 0 mins, 0 secs, 130 ms
SET
Time: 0 hrs, 0 mins, 0 secs, 6 ms
TRUNCATE
Time: 0 hrs, 0 mins, 4 secs, 719 ms
INSERT 0 48189907
Time: 0 hrs, 6 mins, 16 secs, 861 ms
END
Time: 0 hrs, 0 mins, 29 secs, 397 ms
ALTER TABLE
Time: 0 hrs, 3 mins, 4 secs, 152 ms

Sat Nov 12 09:31:35 EST 2011

Timing is on.
BEGIN
Time: 0 hrs, 0 mins, 3 secs, 72 ms
SET
Time: 0 hrs, 0 mins, 0 secs, 7 ms

            250 - LOAD_BN_HITS_SP   

TRUNCATE
Time: 0 hrs, 0 mins, 2 secs, 344 ms
INSERT 0 17951526
Time: 0 hrs, 2 mins, 11 secs, 281 ms
ANALYZE
Time: 0 hrs, 0 mins, 3 secs, 659 ms
END
Time: 0 hrs, 0 mins, 15 secs, 649 ms

Sat Nov 12 09:34:12 EST 2011

Timing is on.
BEGIN
Time: 0 hrs, 0 mins, 14 secs, 110 ms
SET
Time: 0 hrs, 0 mins, 0 secs, 9 ms

           300 - DYNAMIC FILTER

TRUNCATE
Time: 0 hrs, 0 mins, 3 secs, 736 ms
INSERT 0 13674565
Time: 0 hrs, 0 mins, 1 secs, 767 ms
ANALYZE
Time: 0 hrs, 0 mins, 2 secs, 792 ms
 Total records in web_click_cnt 
--------------------------------
                       13674565
(1 row)

Time: 0 hrs, 0 mins, 3 secs, 221 ms
CREATE TABLE
Time: 0 hrs, 0 mins, 55 secs, 286 ms
ANALYZE
Time: 0 hrs, 0 mins, 0 secs, 31 ms
CREATE TABLE
Time: 0 hrs, 0 mins, 5 secs, 488 ms
ANALYZE
Time: 0 hrs, 0 mins, 0 secs, 43 ms
DELETE 1
Time: 0 hrs, 0 mins, 2 secs, 445 ms
INSERT 0 1
Time: 0 hrs, 0 mins, 3 secs, 855 ms
DELETE 1
Time: 0 hrs, 0 mins, 2 secs, 36 ms
INSERT 0 1
Time: 0 hrs, 0 mins, 7 secs, 76 ms
CREATE TABLE
Time: 0 hrs, 1 mins, 19 secs, 293 ms
ANALYZE
Time: 0 hrs, 0 mins, 0 secs, 28 ms
CREATE TABLE
Time: 0 hrs, 0 mins, 0 secs, 682 ms
ANALYZE
Time: 0 hrs, 0 mins, 0 secs, 29 ms
DELETE 1
Time: 0 hrs, 0 mins, 0 secs, 60 ms
INSERT 0 1
Time: 0 hrs, 0 mins, 2 secs, 143 ms
DELETE 1
Time: 0 hrs, 0 mins, 0 secs, 90 ms
INSERT 0 1
Time: 0 hrs, 0 mins, 2 secs, 53 ms
ANALYZE
Time: 0 hrs, 0 mins, 1 secs, 4 ms
    tablename     |    attr_name    | attr_value 
------------------+-----------------+------------
 BN_FILTER_SPIDER | CLK_USER_SD_MPL | 10
 BN_FILTER_SPIDER | IP_USER_SD_MPL  | 1
 BN_FILTER_SPIDER | IP_USER_RATIO   | .955
 BN_FILTER_SPIDER | CLK_USER_MEAN   | 10.089
 BN_FILTER_SPIDER | CLK_USER_SD     | 31.925
 BN_FILTER_SPIDER | IP_USER_MEAN    | 15.765
 BN_FILTER_SPIDER | IP_USER_SD      | 1210.793
(7 rows)

Time: 0 hrs, 0 mins, 6 secs, 6 ms
CREATE TABLE
Time: 0 hrs, 3 mins, 26 secs, 910 ms
CREATE TABLE
Time: 0 hrs, 0 mins, 0 secs, 410 ms
 l_mean_sd_mpl 
---------------
       329.339
(1 row)

Time: 0 hrs, 0 mins, 0 secs, 467 ms
TRUNCATE
Time: 0 hrs, 0 mins, 1 secs, 735 ms
INSERT 0 566
Time: 0 hrs, 0 mins, 13 secs, 274 ms
ANALYZE
Time: 0 hrs, 0 mins, 0 secs, 991 ms
 Total click_user bn_spider_ip records 
---------------------------------------
                                   566
(1 row)

Time: 0 hrs, 0 mins, 0 secs, 866 ms
CREATE TABLE
Time: 0 hrs, 0 mins, 2 secs, 766 ms
ANALYZE
Time: 0 hrs, 0 mins, 0 secs, 26 ms
CREATE TABLE
Time: 0 hrs, 0 mins, 9 secs, 269 ms
ANALYZE
Time: 0 hrs, 0 mins, 0 secs, 95 ms
DROP 
Time: 0 hrs, 0 mins, 0 secs, 93 ms
CREATE TABLE
Time: 0 hrs, 0 mins, 0 secs, 274 ms
 l_mean_sd_mpl | l_ratio 
---------------+---------
      1226.558 |   0.955
(1 row)

Time: 0 hrs, 0 mins, 0 secs, 250 ms
INSERT 0 11144557
Time: 0 hrs, 0 mins, 4 secs, 377 ms
ANALYZE
Time: 0 hrs, 0 mins, 0 secs, 180 ms
 Total ip_user_filter bn_spider_ip records 
-------------------------------------------
                                  11144557
(1 row)

Time: 0 hrs, 0 mins, 0 secs, 356 ms
TRUNCATE
Time: 0 hrs, 0 mins, 3 secs, 729 ms
INSERT 0 14146101
Time: 0 hrs, 0 mins, 15 secs, 856 ms
ANALYZE
Time: 0 hrs, 0 mins, 12 secs, 372 ms
 bn_hits_stage 
---------------
      14146101
(1 row)

Time: 0 hrs, 0 mins, 0 secs, 110 ms
INSERT 0 11776246
Time: 0 hrs, 0 mins, 28 secs, 502 ms
ANALYZE
Time: 0 hrs, 0 mins, 7 secs, 273 ms
 bn_hits_sp_20111111 
---------------------
            29727772
(1 row)

Time: 0 hrs, 0 mins, 0 secs, 643 ms
TRUNCATE
Time: 0 hrs, 0 mins, 6 secs, 764 ms
INSERT 0 4316034
Time: 0 hrs, 0 mins, 4 secs, 351 ms
ANALYZE
Time: 0 hrs, 0 mins, 4 secs, 3 ms
 bn_hits_client_20111111 
-------------------------
                 4316034
(1 row)

Time: 0 hrs, 0 mins, 2 secs, 592 ms
END
Time: 0 hrs, 0 mins, 23 secs, 2 ms

Sat Nov 12 09:43:17 EST 2011

Timing is on.
BEGIN
Time: 0 hrs, 0 mins, 0 secs, 146 ms

           600 - LOAD RESOURCES

SET
Time: 0 hrs, 0 mins, 0 secs, 8 ms
CREATE TABLE
Time: 0 hrs, 0 mins, 27 secs, 793 ms
ANALYZE
Time: 0 hrs, 0 mins, 1 secs, 148 ms
 tmp_a_count 
-------------
      403247
(1 row)

Time: 0 hrs, 0 mins, 0 secs, 505 ms
UPDATE 0
Time: 0 hrs, 0 mins, 8 secs, 362 ms
ANALYZE
Time: 0 hrs, 0 mins, 1 secs, 925 ms
TRUNCATE
Time: 0 hrs, 0 mins, 1 secs, 584 ms
INSERT 0 120284
Time: 0 hrs, 0 mins, 30 secs, 260 ms
ANALYZE
Time: 0 hrs, 0 mins, 2 secs, 921 ms
 first_resource_id | last_resource_id 
-------------------+------------------
          53394771 |         53515054
(1 row)

Time: 0 hrs, 0 mins, 1 secs, 511 ms
INSERT 0 120284
Time: 0 hrs, 0 mins, 8 secs, 893 ms
 total_resources 
-----------------
        53490621
(1 row)

Time: 0 hrs, 0 mins, 0 secs, 588 ms
ANALYZE
Time: 0 hrs, 0 mins, 0 secs, 555 ms
END
Time: 0 hrs, 0 mins, 41 secs, 203 ms
VACUUM
Time: 0 hrs, 1 mins, 23 secs, 625 ms

Sat Nov 12 09:46:48 EST 2011

Timing is on.

           650 - LOAD_BN_SESSION_STAGE

BEGIN
Time: 0 hrs, 0 mins, 14 secs, 937 ms
SET
Time: 0 hrs, 0 mins, 0 secs, 9 ms
SET
Time: 0 hrs, 0 mins, 0 secs, 18 ms
CREATE TABLE
Time: 0 hrs, 1 mins, 18 secs, 24 ms
ANALYZE
Time: 0 hrs, 0 mins, 5 secs, 118 ms
 tmp_sessionized_stage 
-----------------------
              14146101
(1 row)

Time: 0 hrs, 0 mins, 3 secs, 104 ms
TRUNCATE
Time: 0 hrs, 0 mins, 3 secs, 19 ms
INSERT 0 2167602
Time: 0 hrs, 0 mins, 57 secs, 268 ms
ANALYZE
Time: 0 hrs, 0 mins, 2 secs, 390 ms
CREATE TABLE
Time: 0 hrs, 2 mins, 26 secs, 255 ms
CREATE INDEX
Time: 0 hrs, 0 mins, 0 secs, 577 ms
 tmp_first_last 
----------------
        2167602
(1 row)

Time: 0 hrs, 0 mins, 0 secs, 887 ms
ANALYZE
Time: 0 hrs, 0 mins, 0 secs, 744 ms
SET
Time: 0 hrs, 0 mins, 0 secs, 12 ms
SET
Time: 0 hrs, 0 mins, 0 secs, 11 ms
TRUNCATE
Time: 0 hrs, 0 mins, 3 secs, 880 ms
DROP 
Time: 0 hrs, 0 mins, 2 secs, 860 ms
INSERT 0 2167602
Time: 0 hrs, 0 mins, 7 secs, 248 ms
 bn_session_stage 
------------------
          2167602
(1 row)

Time: 0 hrs, 0 mins, 10 secs, 204 ms
CREATE INDEX
Time: 0 hrs, 0 mins, 4 secs, 125 ms
ANALYZE
Time: 0 hrs, 0 mins, 0 secs, 813 ms
TRUNCATE
Time: 0 hrs, 0 mins, 5 secs, 929 ms
END
Time: 0 hrs, 0 mins, 17 secs, 409 ms

Sat Nov 12 09:52:53 EST 2011

BEGIN

           660 - LOAD_BN_SESSION_UPDATE_STAGE

SET
TRUNCATE
INSERT 0 0
END

Sat Nov 12 09:53:29 EST 2011

Timing is on.

           670 - LOAD_BN_SESSION_20111111.UPDATES

BEGIN
Time: 0 hrs, 0 mins, 0 secs, 306 ms
SET
Time: 0 hrs, 0 mins, 0 secs, 6 ms
UPDATE 0
Time: 0 hrs, 0 mins, 0 secs, 186 ms
END
Time: 0 hrs, 0 mins, 11 secs, 461 ms
VACUUM
Time: 0 hrs, 0 mins, 12 secs, 126 ms

Sat Nov 12 09:53:54 EST 2011

Timing is on.

           700 - LOAD_BN_SESSION

BEGIN
Time: 0 hrs, 0 mins, 0 secs, 131 ms
SET
Time: 0 hrs, 0 mins, 0 secs, 6 ms
INSERT 0 2167602
Time: 0 hrs, 0 mins, 5 secs, 172 ms
ANALYZE
Time: 0 hrs, 0 mins, 1 secs, 867 ms
END
Time: 0 hrs, 0 mins, 12 secs, 444 ms

Sat Nov 12 09:54:14 EST 2011

Timing is on.

            750 - LOAD_BN_SESSION_SUMMARY   

BEGIN
Time: 0 hrs, 0 mins, 0 secs, 140 ms
SET
Time: 0 hrs, 0 mins, 0 secs, 6 ms
CREATE TABLE
Time: 0 hrs, 0 mins, 30 secs, 644 ms
TRUNCATE
Time: 0 hrs, 0 mins, 3 secs, 619 ms
INSERT 0 277514
Time: 0 hrs, 0 mins, 5 secs, 575 ms
ANALYZE
Time: 0 hrs, 0 mins, 0 secs, 647 ms
 count(1) 
----------
   277514
(1 row)

Time: 0 hrs, 0 mins, 0 secs, 302 ms
END
Time: 0 hrs, 0 mins, 23 secs, 12 ms

Sat Nov 12 09:55:18 EST 2011

Timing is on.

           800 - LOAD_BN_HITS

BEGIN
Time: 0 hrs, 0 mins, 1 secs, 280 ms
SET
Time: 0 hrs, 0 mins, 0 secs, 6 ms
SET
Time: 0 hrs, 0 mins, 0 secs, 12 ms
SET
Time: 0 hrs, 0 mins, 0 secs, 14 ms
SET
Time: 0 hrs, 0 mins, 0 secs, 12 ms
TRUNCATE
Time: 0 hrs, 0 mins, 1 secs, 649 ms
INSERT 0 14146101
Time: 0 hrs, 0 mins, 3 secs, 342 ms
 count(1) 
----------
 14146101
(1 row)

Time: 0 hrs, 0 mins, 7 secs, 183 ms
ANALYZE
Time: 0 hrs, 0 mins, 3 secs, 79 ms
END
Time: 0 hrs, 0 mins, 29 secs, 834 ms

Sat Nov 12 09:56:05 EST 2011

Timing is on.

            900 - LOAD_CLICKSTREAM   

BEGIN
Time: 0 hrs, 0 mins, 0 secs, 232 ms
SET
Time: 0 hrs, 0 mins, 0 secs, 6 ms
TRUNCATE
Time: 0 hrs, 0 mins, 3 secs, 318 ms
INSERT 0 14146101
Time: 0 hrs, 0 mins, 45 secs, 462 ms
 count(1) 
----------
 14146101
(1 row)

Time: 0 hrs, 0 mins, 1 secs, 880 ms
ANALYZE
Time: 0 hrs, 0 mins, 2 secs, 181 ms
END
Time: 0 hrs, 0 mins, 18 secs, 877 ms

Sat Nov 12 09:57:17 EST 2011

Timing is on.

            1000 - PAGE_VIEW_SUMMARY  

BEGIN
Time: 0 hrs, 0 mins, 0 secs, 178 ms
SET
Time: 0 hrs, 0 mins, 0 secs, 5 ms
SET
Time: 0 hrs, 0 mins, 0 secs, 18 ms
TRUNCATE
Time: 0 hrs, 0 mins, 5 secs, 250 ms
INSERT 0 411131
Time: 0 hrs, 0 mins, 12 secs, 952 ms
 count(1) 
----------
   411131
(1 row)

Time: 0 hrs, 0 mins, 0 secs, 79 ms
ANALYZE
Time: 0 hrs, 0 mins, 0 secs, 56 ms
END
Time: 0 hrs, 0 mins, 4 secs, 154 ms

Sat Nov 12 09:57:40 EST 2011


2000 - WRAP UP 

Timing is on.
BEGIN
Time: 0 hrs, 0 mins, 0 secs, 204 ms
TRUNCATE
Time: 0 hrs, 0 mins, 0 secs, 211 ms
TRUNCATE
Time: 0 hrs, 0 mins, 0 secs, 235 ms
END
Time: 0 hrs, 0 mins, 3 secs, 199 ms
Sat Nov 12 09:57:44 EST 2011
Removing lock file and waiting for a minute
Total time taken:  39  minutes.
Running time of run.sh 20111111: 2392 seconds
Checking for lock file /tmp/.iislock
Acquired lock file /tmp/.iislock
deleting simple.htm records - these are just server testing...
DELETE 16
-------------------------------------
Processing for 20111111
-------------------------------------

Sun Nov 13 17:55:43 EST 2011

Timing is on.

           000 - INIT

BEGIN
Time: 0 hrs, 0 mins, 0 secs, 339 ms
*** Truncating staging tables before workflow starts ***
SET
Time: 0 hrs, 0 mins, 0 secs, 6 ms
GRANT
Time: 0 hrs, 0 mins, 45 secs, 792 ms
END
Time: 0 hrs, 1 mins, 26 secs, 921 ms

Sun Nov 13 17:57:56 EST 2011

Timing is on.

            200 - LOAD_BN_IISLOGS   

BEGIN
Time: 0 hrs, 0 mins, 11 secs, 700 ms
SET
Time: 0 hrs, 0 mins, 0 secs, 61 ms
TRUNCATE
Time: 0 hrs, 0 mins, 3 secs, 773 ms
INSERT 0 64320122
Time: 0 hrs, 21 mins, 42 secs, 233 ms
END
Time: 0 hrs, 1 mins, 3 secs, 336 ms
ALTER TABLE
Time: 0 hrs, 0 mins, 36 secs, 390 ms

Sun Nov 13 18:21:34 EST 2011

Timing is on.
BEGIN
Time: 0 hrs, 0 mins, 1 secs, 74 ms
SET
Time: 0 hrs, 0 mins, 0 secs, 6 ms

            250 - LOAD_BN_HITS_SP   

TRUNCATE
Time: 0 hrs, 0 mins, 2 secs, 782 ms
INSERT 0 23225006
Time: 0 hrs, 2 mins, 50 secs, 815 ms
ANALYZE
Time: 0 hrs, 0 mins, 4 secs, 165 ms
END
Time: 0 hrs, 0 mins, 14 secs, 35 ms

Sun Nov 13 18:24:47 EST 2011

Timing is on.
BEGIN
Time: 0 hrs, 0 mins, 0 secs, 724 ms
SET
Time: 0 hrs, 0 mins, 0 secs, 7 ms

           300 - DYNAMIC FILTER

TRUNCATE
Time: 0 hrs, 0 mins, 9 secs, 959 ms
INSERT 0 18427103
Time: 0 hrs, 0 mins, 8 secs, 240 ms
ANALYZE
Time: 0 hrs, 0 mins, 2 secs, 174 ms
 Total records in web_click_cnt 
--------------------------------
                       18427103
(1 row)

Time: 0 hrs, 0 mins, 3 secs, 763 ms
CREATE TABLE
Time: 0 hrs, 1 mins, 44 secs, 170 ms
ANALYZE
Time: 0 hrs, 0 mins, 0 secs, 50 ms
CREATE TABLE
Time: 0 hrs, 0 mins, 2 secs, 945 ms
ANALYZE
Time: 0 hrs, 0 mins, 0 secs, 45 ms
DELETE 1
Time: 0 hrs, 0 mins, 3 secs, 352 ms
INSERT 0 1
Time: 0 hrs, 0 mins, 2 secs, 571 ms
DELETE 1
Time: 0 hrs, 0 mins, 0 secs, 66 ms
INSERT 0 1
Time: 0 hrs, 0 mins, 1 secs, 285 ms
CREATE TABLE
Time: 0 hrs, 0 mins, 23 secs, 133 ms
ANALYZE
Time: 0 hrs, 0 mins, 0 secs, 192 ms
CREATE TABLE
Time: 0 hrs, 0 mins, 3 secs, 695 ms
ANALYZE
Time: 0 hrs, 0 mins, 0 secs, 50 ms
DELETE 1
Time: 0 hrs, 0 mins, 0 secs, 58 ms
INSERT 0 1
Time: 0 hrs, 0 mins, 1 secs, 239 ms
DELETE 1
Time: 0 hrs, 0 mins, 0 secs, 62 ms
INSERT 0 1
Time: 0 hrs, 0 mins, 0 secs, 530 ms
ANALYZE
Time: 0 hrs, 0 mins, 0 secs, 878 ms
    tablename     |    attr_name    | attr_value 
------------------+-----------------+------------
 BN_FILTER_SPIDER | CLK_USER_SD_MPL | 10
 BN_FILTER_SPIDER | IP_USER_SD_MPL  | 1
 BN_FILTER_SPIDER | IP_USER_RATIO   | .955
 BN_FILTER_SPIDER | CLK_USER_MEAN   | 10.635
 BN_FILTER_SPIDER | CLK_USER_SD     | 33.384
 BN_FILTER_SPIDER | IP_USER_MEAN    | 16.866
 BN_FILTER_SPIDER | IP_USER_SD      | 1415.978
(7 rows)

Time: 0 hrs, 0 mins, 5 secs, 512 ms
CREATE TABLE
Time: 0 hrs, 0 mins, 6 secs, 443 ms
CREATE TABLE
Time: 0 hrs, 0 mins, 1 secs, 566 ms
 l_mean_sd_mpl 
---------------
       344.475
(1 row)

Time: 0 hrs, 0 mins, 0 secs, 251 ms
TRUNCATE
Time: 0 hrs, 0 mins, 5 secs, 86 ms
INSERT 0 711
Time: 0 hrs, 1 mins, 1 secs, 361 ms
ANALYZE
Time: 0 hrs, 0 mins, 1 secs, 754 ms
 Total click_user bn_spider_ip records 
---------------------------------------
                                   711
(1 row)

Time: 0 hrs, 0 mins, 8 secs, 44 ms
CREATE TABLE
Time: 0 hrs, 0 mins, 19 secs, 369 ms
ANALYZE
Time: 0 hrs, 0 mins, 0 secs, 30 ms
CREATE TABLE
Time: 0 hrs, 0 mins, 18 secs, 596 ms
ANALYZE
Time: 0 hrs, 0 mins, 0 secs, 44 ms
DROP 
Time: 0 hrs, 0 mins, 0 secs, 107 ms
CREATE TABLE
Time: 0 hrs, 0 mins, 4 secs, 107 ms
 l_mean_sd_mpl | l_ratio 
---------------+---------
      1432.844 |   0.955
(1 row)

Time: 0 hrs, 0 mins, 1 secs, 20 ms
INSERT 0 15306571
Time: 0 hrs, 0 mins, 8 secs, 687 ms
ANALYZE
Time: 0 hrs, 0 mins, 0 secs, 294 ms
 Total ip_user_filter bn_spider_ip records 
-------------------------------------------
                                  15306571
(1 row)

Time: 0 hrs, 0 mins, 1 secs, 486 ms
TRUNCATE
Time: 0 hrs, 0 mins, 5 secs, 339 ms
INSERT 0 18584591
Time: 0 hrs, 0 mins, 33 secs, 906 ms
ANALYZE
Time: 0 hrs, 0 mins, 31 secs, 787 ms
 bn_hits_stage 
---------------
      18584591
(1 row)

Time: 0 hrs, 0 mins, 3 secs, 700 ms
INSERT 0 16117640
Time: 0 hrs, 1 mins, 0 secs, 749 ms
ANALYZE
Time: 0 hrs, 0 mins, 9 secs, 268 ms
 bn_hits_sp_20111111 
---------------------
            39342646
(1 row)

Time: 0 hrs, 0 mins, 1 secs, 655 ms
TRUNCATE
Time: 0 hrs, 0 mins, 14 secs, 479 ms
INSERT 0 6392885
Time: 0 hrs, 0 mins, 5 secs, 177 ms
ANALYZE
Time: 0 hrs, 0 mins, 4 secs, 801 ms
 bn_hits_client_20111111 
-------------------------
                 6392885
(1 row)

Time: 0 hrs, 0 mins, 2 secs, 21 ms
END
Time: 0 hrs, 2 mins, 0 secs, 977 ms

Sun Nov 13 18:34:54 EST 2011

Timing is on.
BEGIN
Time: 0 hrs, 0 mins, 0 secs, 263 ms

           600 - LOAD RESOURCES

SET
Time: 0 hrs, 0 mins, 0 secs, 8 ms
CREATE TABLE
Time: 0 hrs, 0 mins, 44 secs, 945 ms
ANALYZE
Time: 0 hrs, 0 mins, 0 secs, 809 ms
 tmp_a_count 
-------------
      479962
(1 row)

Time: 0 hrs, 0 mins, 0 secs, 585 ms
UPDATE 0
Time: 0 hrs, 0 mins, 7 secs, 710 ms
ANALYZE
Time: 0 hrs, 0 mins, 2 secs, 340 ms
TRUNCATE
Time: 0 hrs, 0 mins, 4 secs, 600 ms
INSERT 0 28356
Time: 0 hrs, 0 mins, 32 secs, 440 ms
ANALYZE
Time: 0 hrs, 0 mins, 2 secs, 966 ms
 first_resource_id | last_resource_id 
-------------------+------------------
          53655799 |         53684154
(1 row)

Time: 0 hrs, 0 mins, 0 secs, 481 ms
INSERT 0 28356
Time: 0 hrs, 0 mins, 2 secs, 488 ms
 total_resources 
-----------------
        53659721
(1 row)

Time: 0 hrs, 0 mins, 0 secs, 579 ms
ANALYZE
Time: 0 hrs, 0 mins, 0 secs, 532 ms
END
Time: 0 hrs, 0 mins, 42 secs, 99 ms
VACUUM
Time: 0 hrs, 0 mins, 53 secs, 644 ms

Sun Nov 13 18:38:11 EST 2011

Timing is on.

           650 - LOAD_BN_SESSION_STAGE

BEGIN
Time: 0 hrs, 0 mins, 6 secs, 828 ms
SET
Time: 0 hrs, 0 mins, 0 secs, 6 ms
SET
Time: 0 hrs, 0 mins, 0 secs, 13 ms
CREATE TABLE
Time: 0 hrs, 2 mins, 2 secs, 571 ms
ANALYZE
Time: 0 hrs, 0 mins, 6 secs, 498 ms
 tmp_sessionized_stage 
-----------------------
              18584591
(1 row)

Time: 0 hrs, 0 mins, 2 secs, 361 ms
TRUNCATE
Time: 0 hrs, 0 mins, 7 secs, 123 ms
INSERT 0 2678285
Time: 0 hrs, 1 mins, 52 secs, 414 ms
ANALYZE
Time: 0 hrs, 0 mins, 5 secs, 826 ms
CREATE TABLE
Time: 0 hrs, 1 mins, 13 secs, 693 ms
CREATE INDEX
Time: 0 hrs, 0 mins, 0 secs, 572 ms
 tmp_first_last 
----------------
        2678285
(1 row)

Time: 0 hrs, 0 mins, 3 secs, 688 ms
ANALYZE
Time: 0 hrs, 0 mins, 0 secs, 963 ms
SET
Time: 0 hrs, 0 mins, 0 secs, 19 ms
SET
Time: 0 hrs, 0 mins, 0 secs, 13 ms
TRUNCATE
Time: 0 hrs, 0 mins, 4 secs, 735 ms
DROP 
Time: 0 hrs, 0 mins, 2 secs, 167 ms
INSERT 0 2678285
Time: 0 hrs, 0 mins, 6 secs, 351 ms
 bn_session_stage 
------------------
          2678285
(1 row)

Time: 0 hrs, 0 mins, 3 secs, 499 ms
CREATE INDEX
Time: 0 hrs, 0 mins, 3 secs, 727 ms
ANALYZE
Time: 0 hrs, 0 mins, 1 secs, 346 ms
TRUNCATE
Time: 0 hrs, 0 mins, 8 secs, 455 ms
END
Time: 0 hrs, 1 mins, 24 secs, 179 ms

Sun Nov 13 18:45:48 EST 2011

BEGIN

           660 - LOAD_BN_SESSION_UPDATE_STAGE

SET
TRUNCATE
INSERT 0 0
END

Sun Nov 13 18:46:14 EST 2011

Timing is on.

           670 - LOAD_BN_SESSION_20111111.UPDATES

BEGIN
Time: 0 hrs, 0 mins, 0 secs, 279 ms
SET
Time: 0 hrs, 0 mins, 0 secs, 6 ms
UPDATE 0
Time: 0 hrs, 0 mins, 0 secs, 354 ms
END
Time: 0 hrs, 0 mins, 7 secs, 360 ms
VACUUM
Time: 0 hrs, 0 mins, 50 secs, 503 ms

Sun Nov 13 18:47:13 EST 2011

Timing is on.

           700 - LOAD_BN_SESSION

BEGIN
Time: 0 hrs, 0 mins, 0 secs, 674 ms
SET
Time: 0 hrs, 0 mins, 0 secs, 7 ms
INSERT 0 2678285
Time: 0 hrs, 0 mins, 25 secs, 869 ms
ANALYZE
Time: 0 hrs, 0 mins, 0 secs, 897 ms
END
Time: 0 hrs, 0 mins, 22 secs, 73 ms

Sun Nov 13 18:48:03 EST 2011

Timing is on.

            750 - LOAD_BN_SESSION_SUMMARY   

BEGIN
Time: 0 hrs, 0 mins, 0 secs, 267 ms
SET
Time: 0 hrs, 0 mins, 0 secs, 6 ms
CREATE TABLE
Time: 0 hrs, 0 mins, 29 secs, 229 ms
TRUNCATE
Time: 0 hrs, 0 mins, 18 secs, 350 ms
INSERT 0 323634
Time: 0 hrs, 0 mins, 4 secs, 884 ms
ANALYZE
Time: 0 hrs, 0 mins, 1 secs, 192 ms
 count(1) 
----------
   323634
(1 row)

Time: 0 hrs, 0 mins, 4 secs, 210 ms
END
Time: 0 hrs, 1 mins, 21 secs, 747 ms

Sun Nov 13 18:50:23 EST 2011

Timing is on.

           800 - LOAD_BN_HITS

BEGIN
Time: 0 hrs, 0 mins, 3 secs, 509 ms
SET
Time: 0 hrs, 0 mins, 0 secs, 7 ms
SET
Time: 0 hrs, 0 mins, 0 secs, 13 ms
SET
Time: 0 hrs, 0 mins, 0 secs, 13 ms
SET
Time: 0 hrs, 0 mins, 0 secs, 17 ms
TRUNCATE
Time: 0 hrs, 0 mins, 4 secs, 591 ms
INSERT 0 18584591
Time: 0 hrs, 0 mins, 14 secs, 598 ms
 count(1) 
----------
 18584591
(1 row)

Time: 0 hrs, 0 mins, 5 secs, 487 ms
ANALYZE
Time: 0 hrs, 0 mins, 7 secs, 471 ms
END
Time: 0 hrs, 0 mins, 39 secs, 864 ms

Sun Nov 13 18:51:38 EST 2011

Timing is on.

            900 - LOAD_CLICKSTREAM   

BEGIN
Time: 0 hrs, 0 mins, 0 secs, 178 ms
SET
Time: 0 hrs, 0 mins, 0 secs, 6 ms
TRUNCATE
Time: 0 hrs, 0 mins, 1 secs, 629 ms
INSERT 0 18584591
Time: 0 hrs, 1 mins, 41 secs, 684 ms
 count(1) 
----------
 18584591
(1 row)

Time: 0 hrs, 0 mins, 4 secs, 333 ms
ANALYZE
Time: 0 hrs, 0 mins, 2 secs, 148 ms
END
Time: 0 hrs, 0 mins, 51 secs, 990 ms

Sun Nov 13 18:54:21 EST 2011

Timing is on.

            1000 - PAGE_VIEW_SUMMARY  

BEGIN
Time: 0 hrs, 0 mins, 0 secs, 213 ms
SET
Time: 0 hrs, 0 mins, 0 secs, 6 ms
SET
Time: 0 hrs, 0 mins, 0 secs, 12 ms
TRUNCATE
Time: 0 hrs, 0 mins, 6 secs, 771 ms
INSERT 0 489259
Time: 0 hrs, 0 mins, 10 secs, 290 ms
 count(1) 
----------
   489259
(1 row)

Time: 0 hrs, 0 mins, 3 secs, 339 ms
ANALYZE
Time: 0 hrs, 0 mins, 0 secs, 99 ms
END
Time: 0 hrs, 0 mins, 17 secs, 875 ms

Sun Nov 13 18:55:00 EST 2011


2000 - WRAP UP 

Timing is on.
BEGIN
Time: 0 hrs, 0 mins, 0 secs, 146 ms
TRUNCATE
Time: 0 hrs, 0 mins, 2 secs, 554 ms
TRUNCATE
Time: 0 hrs, 0 mins, 2 secs, 247 ms
END
Time: 0 hrs, 0 mins, 16 secs, 276 ms
Sun Nov 13 18:55:21 EST 2011
Removing lock file and waiting for a minute
Total time taken:  61  minutes.
Running time of run.sh 20111111: 61 minutes
