Checking for lock file /tmp/.iislock
Acquired lock file /tmp/.iislock
deleting simple.htm records - these are just server testing...
ERROR:  relation "iis_child"."iis_logs_raw_child_20110919" does not exist
-------------------------------------
Processing for 20110919
-------------------------------------

Tue Sep 20 08:57:46 EDT 2011

Timing is on.

           000 - INIT

BEGIN
Time: 0 hrs, 0 mins, 3 secs, 183 ms
*** Truncating staging tables before workflow starts ***
SET
Time: 0 hrs, 0 mins, 0 secs, 15 ms
GRANT
Time: 0 hrs, 0 mins, 3 secs, 299 ms
END
Time: 0 hrs, 0 mins, 14 secs, 382 ms

Tue Sep 20 08:58:07 EDT 2011

Timing is on.

            200 - LOAD_BN_IISLOGS   

BEGIN
Time: 0 hrs, 0 mins, 1 secs, 319 ms
SET
Time: 0 hrs, 0 mins, 0 secs, 16 ms
TRUNCATE
Time: 0 hrs, 0 mins, 3 secs, 207 ms
ERROR:  relation "iis_logs_raw_child_20110919" does not exist
ABORT
Time: 0 hrs, 0 mins, 1 secs, 612 ms
ERROR:  relation "iis_child"."iis_logs_raw_child_20110917" does not exist

Tue Sep 20 08:58:28 EDT 2011

Timing is on.
BEGIN
Time: 0 hrs, 0 mins, 0 secs, 130 ms
SET
Time: 0 hrs, 0 mins, 0 secs, 10 ms

            250 - LOAD_BN_HITS_SP   

TRUNCATE
Time: 0 hrs, 0 mins, 22 secs, 166 ms
ERROR:  new row for relation "bn_hits_sp_20110919" violates check constraint "bn_hits_sp_20110919_daily"
NOTICE:  current transaction is aborted, queries ignored until end of transaction block
ABORT
Time: 0 hrs, 0 mins, 6 secs, 100 ms

Tue Sep 20 08:59:08 EDT 2011

Timing is on.
BEGIN
Time: 0 hrs, 0 mins, 0 secs, 426 ms
SET
Time: 0 hrs, 0 mins, 0 secs, 17 ms

           300 - DYNAMIC FILTER

TRUNCATE
Time: 0 hrs, 0 mins, 1 secs, 935 ms
INSERT 0 18980346
Time: 0 hrs, 0 mins, 7 secs, 922 ms
ANALYZE
Time: 0 hrs, 0 mins, 0 secs, 595 ms
 Total records in web_click_cnt 
--------------------------------
                       18980346
(1 row)

Time: 0 hrs, 0 mins, 1 secs, 287 ms
CREATE TABLE
Time: 0 hrs, 0 mins, 10 secs, 482 ms
ANALYZE
Time: 0 hrs, 0 mins, 0 secs, 337 ms
CREATE TABLE
Time: 0 hrs, 0 mins, 0 secs, 370 ms
ANALYZE
Time: 0 hrs, 0 mins, 0 secs, 54 ms
DELETE 1
Time: 0 hrs, 0 mins, 0 secs, 671 ms
INSERT 0 1
Time: 0 hrs, 0 mins, 0 secs, 864 ms
DELETE 1
Time: 0 hrs, 0 mins, 0 secs, 78 ms
INSERT 0 1
Time: 0 hrs, 0 mins, 0 secs, 793 ms
CREATE TABLE
Time: 0 hrs, 0 mins, 2 secs, 465 ms
ANALYZE
Time: 0 hrs, 0 mins, 0 secs, 58 ms
CREATE TABLE
Time: 0 hrs, 0 mins, 0 secs, 304 ms
ANALYZE
Time: 0 hrs, 0 mins, 0 secs, 47 ms
DELETE 1
Time: 0 hrs, 0 mins, 0 secs, 80 ms
INSERT 0 1
Time: 0 hrs, 0 mins, 1 secs, 60 ms
DELETE 1
Time: 0 hrs, 0 mins, 0 secs, 85 ms
INSERT 0 1
Time: 0 hrs, 0 mins, 0 secs, 504 ms
ANALYZE
Time: 0 hrs, 0 mins, 0 secs, 277 ms
    tablename     |    attr_name    | attr_value 
------------------+-----------------+------------
 BN_FILTER_SPIDER | CLK_USER_SD_MPL | 10
 BN_FILTER_SPIDER | IP_USER_SD_MPL  | 1
 BN_FILTER_SPIDER | IP_USER_RATIO   | .955
 BN_FILTER_SPIDER | CLK_USER_MEAN   | 11.057
 BN_FILTER_SPIDER | CLK_USER_SD     | 46.039
 BN_FILTER_SPIDER | IP_USER_MEAN    | 21.604
 BN_FILTER_SPIDER | IP_USER_SD      | 2075.081
(7 rows)

Time: 0 hrs, 0 mins, 1 secs, 463 ms
CREATE TABLE
Time: 0 hrs, 0 mins, 6 secs, 419 ms
CREATE TABLE
Time: 0 hrs, 0 mins, 0 secs, 847 ms
 l_mean_sd_mpl 
---------------
       471.447
(1 row)

Time: 0 hrs, 0 mins, 2 secs, 270 ms
TRUNCATE
Time: 0 hrs, 0 mins, 1 secs, 450 ms
INSERT 0 435
Time: 0 hrs, 0 mins, 9 secs, 853 ms
ANALYZE
Time: 0 hrs, 0 mins, 5 secs, 513 ms
 Total click_user bn_spider_ip records 
---------------------------------------
                                   435
(1 row)

Time: 0 hrs, 0 mins, 19 secs, 439 ms
CREATE TABLE
Time: 0 hrs, 0 mins, 16 secs, 773 ms
ANALYZE
Time: 0 hrs, 0 mins, 0 secs, 58 ms
CREATE TABLE
Time: 0 hrs, 0 mins, 4 secs, 733 ms
ANALYZE
Time: 0 hrs, 0 mins, 0 secs, 62 ms
DROP 
Time: 0 hrs, 0 mins, 0 secs, 95 ms
CREATE TABLE
Time: 0 hrs, 0 mins, 0 secs, 252 ms
 l_mean_sd_mpl | l_ratio 
---------------+---------
      2096.685 |   0.955
(1 row)

Time: 0 hrs, 0 mins, 0 secs, 110 ms
INSERT 0 16228192
Time: 0 hrs, 0 mins, 9 secs, 521 ms
ANALYZE
Time: 0 hrs, 0 mins, 3 secs, 676 ms
 Total ip_user_filter bn_spider_ip records 
-------------------------------------------
                                  16228192
(1 row)

Time: 0 hrs, 0 mins, 2 secs, 792 ms
TRUNCATE
Time: 0 hrs, 0 mins, 1 secs, 803 ms
INSERT 0 16135540
Time: 0 hrs, 0 mins, 32 secs, 816 ms
ANALYZE
Time: 0 hrs, 0 mins, 15 secs, 72 ms
 bn_hits_stage 
---------------
      16135540
(1 row)

Time: 0 hrs, 0 mins, 3 secs, 152 ms
ERROR:  new row for relation "bn_hits_sp_20110919" violates check constraint "bn_hits_sp_20110919_daily"
NOTICE:  current transaction is aborted, queries ignored until end of transaction block
NOTICE:  current transaction is aborted, queries ignored until end of transaction block
NOTICE:  current transaction is aborted, queries ignored until end of transaction block
NOTICE:  current transaction is aborted, queries ignored until end of transaction block
NOTICE:  current transaction is aborted, queries ignored until end of transaction block
NOTICE:  current transaction is aborted, queries ignored until end of transaction block
ABORT
Time: 0 hrs, 0 mins, 1 secs, 282 ms

Tue Sep 20 09:02:25 EDT 2011

Timing is on.
BEGIN
Time: 0 hrs, 0 mins, 0 secs, 214 ms

           600 - LOAD RESOURCES

SET
Time: 0 hrs, 0 mins, 0 secs, 19 ms
CREATE TABLE
Time: 0 hrs, 2 mins, 34 secs, 535 ms
ANALYZE
Time: 0 hrs, 0 mins, 2 secs, 33 ms
 tmp_a_count 
-------------
      565233
(1 row)

Time: 0 hrs, 0 mins, 7 secs, 834 ms
UPDATE 0
Time: 0 hrs, 0 mins, 4 secs, 151 ms
ANALYZE
Time: 0 hrs, 0 mins, 0 secs, 831 ms
TRUNCATE
Time: 0 hrs, 0 mins, 2 secs, 498 ms
INSERT 0 0
Time: 0 hrs, 0 mins, 44 secs, 31 ms
ANALYZE
Time: 0 hrs, 0 mins, 0 secs, 34 ms
 first_resource_id | last_resource_id 
-------------------+------------------
                   |                 
(1 row)

Time: 0 hrs, 0 mins, 3 secs, 106 ms
INSERT 0 0
Time: 0 hrs, 0 mins, 5 secs, 32 ms
 total_resources 
-----------------
        43327498
(1 row)

Time: 0 hrs, 0 mins, 0 secs, 498 ms
ANALYZE
Time: 0 hrs, 0 mins, 0 secs, 483 ms
END
Time: 0 hrs, 0 mins, 16 secs, 41 ms
VACUUM
Time: 0 hrs, 0 mins, 6 secs, 480 ms

Tue Sep 20 09:06:34 EDT 2011

Timing is on.

           650 - LOAD_BN_SESSION_STAGE

BEGIN
Time: 0 hrs, 0 mins, 0 secs, 931 ms
SET
Time: 0 hrs, 0 mins, 0 secs, 29 ms
SET
Time: 0 hrs, 0 mins, 0 secs, 42 ms
CREATE TABLE
Time: 0 hrs, 0 mins, 52 secs, 732 ms
ANALYZE
Time: 0 hrs, 0 mins, 6 secs, 101 ms
 tmp_sessionized_stage 
-----------------------
              16135540
(1 row)

Time: 0 hrs, 0 mins, 1 secs, 883 ms
TRUNCATE
Time: 0 hrs, 0 mins, 4 secs, 710 ms
INSERT 0 2373658
Time: 0 hrs, 1 mins, 7 secs, 597 ms
ANALYZE
Time: 0 hrs, 0 mins, 8 secs, 30 ms
CREATE TABLE
Time: 0 hrs, 2 mins, 9 secs, 308 ms
CREATE INDEX
Time: 0 hrs, 0 mins, 1 secs, 566 ms
 tmp_first_last 
----------------
        2373658
(1 row)

Time: 0 hrs, 0 mins, 0 secs, 885 ms
ANALYZE
Time: 0 hrs, 0 mins, 0 secs, 903 ms
SET
Time: 0 hrs, 0 mins, 0 secs, 45 ms
SET
Time: 0 hrs, 0 mins, 0 secs, 43 ms
TRUNCATE
Time: 0 hrs, 0 mins, 2 secs, 838 ms
DROP 
Time: 0 hrs, 0 mins, 1 secs, 909 ms
INSERT 0 2373658
Time: 0 hrs, 0 mins, 7 secs, 831 ms
 bn_session_stage 
------------------
          2373658
(1 row)

Time: 0 hrs, 0 mins, 3 secs, 820 ms
CREATE INDEX
Time: 0 hrs, 0 mins, 2 secs, 576 ms
ANALYZE
Time: 0 hrs, 0 mins, 4 secs, 927 ms
TRUNCATE
Time: 0 hrs, 0 mins, 5 secs, 87 ms
END
Time: 0 hrs, 0 mins, 17 secs, 937 ms

Tue Sep 20 09:11:56 EDT 2011

BEGIN

           660 - LOAD_BN_SESSION_UPDATE_STAGE

SET
TRUNCATE
INSERT 0 0
END

Tue Sep 20 09:12:09 EDT 2011

Timing is on.

           670 - LOAD_BN_SESSION_20110919.UPDATES

BEGIN
Time: 0 hrs, 0 mins, 3 secs, 197 ms
SET
Time: 0 hrs, 0 mins, 0 secs, 37 ms
UPDATE 0
Time: 0 hrs, 0 mins, 0 secs, 437 ms
END
Time: 0 hrs, 0 mins, 15 secs, 963 ms
VACUUM
Time: 0 hrs, 0 mins, 5 secs, 657 ms

Tue Sep 20 09:12:35 EDT 2011

Timing is on.

           700 - LOAD_BN_SESSION

BEGIN
Time: 0 hrs, 0 mins, 1 secs, 333 ms
SET
Time: 0 hrs, 0 mins, 0 secs, 68 ms
INSERT 0 0
Time: 0 hrs, 1 mins, 8 secs, 12 ms
ANALYZE
Time: 0 hrs, 0 mins, 0 secs, 62 ms
END
Time: 0 hrs, 0 mins, 7 secs, 351 ms

Tue Sep 20 09:13:52 EDT 2011

Timing is on.

            750 - LOAD_BN_SESSION_SUMMARY   

BEGIN
Time: 0 hrs, 0 mins, 0 secs, 209 ms
SET
Time: 0 hrs, 0 mins, 0 secs, 18 ms
CREATE TABLE
Time: 0 hrs, 0 mins, 14 secs, 980 ms
TRUNCATE
Time: 0 hrs, 0 mins, 2 secs, 674 ms
INSERT 0 0
Time: 0 hrs, 0 mins, 4 secs, 65 ms
ANALYZE
Time: 0 hrs, 0 mins, 0 secs, 102 ms
 count(1) 
----------
        0
(1 row)

Time: 0 hrs, 0 mins, 1 secs, 296 ms
END
Time: 0 hrs, 0 mins, 10 secs, 949 ms

Tue Sep 20 09:14:26 EDT 2011

Timing is on.

           800 - LOAD_BN_HITS

BEGIN
Time: 0 hrs, 0 mins, 3 secs, 955 ms
SET
Time: 0 hrs, 0 mins, 0 secs, 57 ms
SET
Time: 0 hrs, 0 mins, 0 secs, 88 ms
SET
Time: 0 hrs, 0 mins, 0 secs, 286 ms
SET
Time: 0 hrs, 0 mins, 0 secs, 334 ms
TRUNCATE
Time: 0 hrs, 0 mins, 2 secs, 376 ms
INSERT 0 0
Time: 0 hrs, 0 mins, 0 secs, 928 ms
 count(1) 
----------
        0
(1 row)

Time: 0 hrs, 0 mins, 2 secs, 904 ms
ANALYZE
Time: 0 hrs, 0 mins, 0 secs, 293 ms
END
Time: 0 hrs, 0 mins, 11 secs, 306 ms

Tue Sep 20 09:14:49 EDT 2011

Timing is on.

            900 - LOAD_CLICKSTREAM   

BEGIN
Time: 0 hrs, 0 mins, 0 secs, 786 ms
SET
Time: 0 hrs, 0 mins, 0 secs, 72 ms
TRUNCATE
Time: 0 hrs, 0 mins, 6 secs, 945 ms
INSERT 0 0
Time: 0 hrs, 1 mins, 9 secs, 9 ms
 count(1) 
----------
        0
(1 row)

Time: 0 hrs, 0 mins, 1 secs, 353 ms
ANALYZE
Time: 0 hrs, 0 mins, 0 secs, 91 ms
END
Time: 0 hrs, 0 mins, 10 secs, 855 ms

Tue Sep 20 09:16:19 EDT 2011

Timing is on.

            1000 - PAGE_VIEW_SUMMARY  

BEGIN
Time: 0 hrs, 0 mins, 0 secs, 180 ms
SET
Time: 0 hrs, 0 mins, 0 secs, 13 ms
SET
Time: 0 hrs, 0 mins, 0 secs, 25 ms
TRUNCATE
Time: 0 hrs, 0 mins, 1 secs, 551 ms
INSERT 0 0
Time: 0 hrs, 0 mins, 5 secs, 126 ms
 count(1) 
----------
        0
(1 row)

Time: 0 hrs, 0 mins, 0 secs, 479 ms
ANALYZE
Time: 0 hrs, 0 mins, 0 secs, 55 ms
END
Time: 0 hrs, 0 mins, 14 secs, 426 ms

Tue Sep 20 09:16:41 EDT 2011


2000 - WRAP UP 

Timing is on.
BEGIN
Time: 0 hrs, 0 mins, 3 secs, 527 ms
TRUNCATE
Time: 0 hrs, 0 mins, 0 secs, 758 ms
TRUNCATE
Time: 0 hrs, 0 mins, 1 secs, 214 ms
END
Time: 0 hrs, 0 mins, 8 secs, 526 ms
Tue Sep 20 09:16:55 EDT 2011
Removing lock file and waiting for a minute
Total time taken:  20  minutes.
Running time of run.sh 20110919: 1215 seconds
Checking for lock file /tmp/.iislock
Acquired lock file /tmp/.iislock
deleting simple.htm records - these are just server testing...
DELETE 20
-------------------------------------
Processing for 20110919
-------------------------------------

Wed Sep 21 15:04:10 EDT 2011

Timing is on.

           000 - INIT

BEGIN
Time: 0 hrs, 0 mins, 0 secs, 196 ms
*** Truncating staging tables before workflow starts ***
SET
Time: 0 hrs, 0 mins, 0 secs, 6 ms
GRANT
Time: 0 hrs, 0 mins, 5 secs, 201 ms
END
Time: 0 hrs, 0 mins, 14 secs, 167 ms

Wed Sep 21 15:04:29 EDT 2011

Timing is on.

            200 - LOAD_BN_IISLOGS   

BEGIN
Time: 0 hrs, 0 mins, 0 secs, 205 ms
SET
Time: 0 hrs, 0 mins, 0 secs, 8 ms
TRUNCATE
Time: 0 hrs, 0 mins, 1 secs, 157 ms
INSERT 0 17637226
Time: 0 hrs, 3 mins, 2 secs, 264 ms
END
Time: 0 hrs, 0 mins, 7 secs, 518 ms
ERROR:  relation "iis_child"."iis_logs_raw_child_20110917" does not exist

Wed Sep 21 15:07:41 EDT 2011

Timing is on.
BEGIN
Time: 0 hrs, 0 mins, 0 secs, 114 ms
SET
Time: 0 hrs, 0 mins, 0 secs, 6 ms

            250 - LOAD_BN_HITS_SP   

TRUNCATE
Time: 0 hrs, 0 mins, 1 secs, 539 ms
INSERT 0 6887102
Time: 0 hrs, 1 mins, 14 secs, 558 ms
ANALYZE
Time: 0 hrs, 0 mins, 2 secs, 951 ms
END
Time: 0 hrs, 0 mins, 6 secs, 926 ms

Wed Sep 21 15:09:07 EDT 2011

Timing is on.
BEGIN
Time: 0 hrs, 0 mins, 0 secs, 563 ms
SET
Time: 0 hrs, 0 mins, 0 secs, 6 ms

           300 - DYNAMIC FILTER

TRUNCATE
Time: 0 hrs, 0 mins, 1 secs, 742 ms
INSERT 0 4680118
Time: 0 hrs, 0 mins, 1 secs, 904 ms
ANALYZE
Time: 0 hrs, 0 mins, 0 secs, 241 ms
 Total records in web_click_cnt 
--------------------------------
                        4680118
(1 row)

Time: 0 hrs, 0 mins, 2 secs, 698 ms
CREATE TABLE
Time: 0 hrs, 0 mins, 8 secs, 201 ms
ANALYZE
Time: 0 hrs, 0 mins, 0 secs, 262 ms
CREATE TABLE
Time: 0 hrs, 0 mins, 1 secs, 235 ms
ANALYZE
Time: 0 hrs, 0 mins, 0 secs, 186 ms
DELETE 1
Time: 0 hrs, 0 mins, 0 secs, 587 ms
INSERT 0 1
Time: 0 hrs, 0 mins, 0 secs, 845 ms
DELETE 1
Time: 0 hrs, 0 mins, 0 secs, 64 ms
INSERT 0 1
Time: 0 hrs, 0 mins, 0 secs, 129 ms
CREATE TABLE
Time: 0 hrs, 0 mins, 2 secs, 669 ms
ANALYZE
Time: 0 hrs, 0 mins, 0 secs, 21 ms
CREATE TABLE
Time: 0 hrs, 0 mins, 1 secs, 802 ms
ANALYZE
Time: 0 hrs, 0 mins, 0 secs, 22 ms
DELETE 1
Time: 0 hrs, 0 mins, 0 secs, 75 ms
INSERT 0 1
Time: 0 hrs, 0 mins, 0 secs, 188 ms
DELETE 1
Time: 0 hrs, 0 mins, 0 secs, 67 ms
INSERT 0 1
Time: 0 hrs, 0 mins, 0 secs, 645 ms
ANALYZE
Time: 0 hrs, 0 mins, 0 secs, 14 ms
    tablename     |    attr_name    | attr_value 
------------------+-----------------+------------
 BN_FILTER_SPIDER | CLK_USER_SD_MPL | 10
 BN_FILTER_SPIDER | IP_USER_SD_MPL  | 1
 BN_FILTER_SPIDER | IP_USER_RATIO   | .955
 BN_FILTER_SPIDER | CLK_USER_MEAN   | 10.764
 BN_FILTER_SPIDER | CLK_USER_SD     | 33.993
 BN_FILTER_SPIDER | IP_USER_MEAN    | 15.505
 BN_FILTER_SPIDER | IP_USER_SD      | 792.855
(7 rows)

Time: 0 hrs, 0 mins, 0 secs, 620 ms
CREATE TABLE
Time: 0 hrs, 0 mins, 2 secs, 316 ms
CREATE TABLE
Time: 0 hrs, 0 mins, 0 secs, 942 ms
 l_mean_sd_mpl 
---------------
       350.694
(1 row)

Time: 0 hrs, 0 mins, 0 secs, 510 ms
TRUNCATE
Time: 0 hrs, 0 mins, 1 secs, 181 ms
INSERT 0 152
Time: 0 hrs, 0 mins, 1 secs, 415 ms
ANALYZE
Time: 0 hrs, 0 mins, 0 secs, 16 ms
 Total click_user bn_spider_ip records 
---------------------------------------
                                   152
(1 row)

Time: 0 hrs, 0 mins, 0 secs, 49 ms
CREATE TABLE
Time: 0 hrs, 0 mins, 0 secs, 933 ms
ANALYZE
Time: 0 hrs, 0 mins, 0 secs, 17 ms
CREATE TABLE
Time: 0 hrs, 0 mins, 1 secs, 854 ms
ANALYZE
Time: 0 hrs, 0 mins, 0 secs, 23 ms
DROP 
Time: 0 hrs, 0 mins, 0 secs, 72 ms
CREATE TABLE
Time: 0 hrs, 0 mins, 1 secs, 316 ms
 l_mean_sd_mpl | l_ratio 
---------------+---------
       808.360 |   0.955
(1 row)

Time: 0 hrs, 0 mins, 0 secs, 50 ms
INSERT 0 3984974
Time: 0 hrs, 0 mins, 2 secs, 87 ms
ANALYZE
Time: 0 hrs, 0 mins, 0 secs, 120 ms
 Total ip_user_filter bn_spider_ip records 
-------------------------------------------
                                   3984974
(1 row)

Time: 0 hrs, 0 mins, 1 secs, 308 ms
TRUNCATE
Time: 0 hrs, 0 mins, 0 secs, 987 ms
INSERT 0 4457753
Time: 0 hrs, 0 mins, 7 secs, 411 ms
ANALYZE
Time: 0 hrs, 0 mins, 4 secs, 51 ms
 bn_hits_stage 
---------------
       4457753
(1 row)

Time: 0 hrs, 0 mins, 0 secs, 933 ms
INSERT 0 4162327
Time: 0 hrs, 0 mins, 15 secs, 528 ms
ANALYZE
Time: 0 hrs, 0 mins, 7 secs, 851 ms
 bn_hits_sp_20110919 
---------------------
            11049429
(1 row)

Time: 0 hrs, 0 mins, 1 secs, 1 ms
TRUNCATE
Time: 0 hrs, 0 mins, 3 secs, 974 ms
INSERT 0 2130044
Time: 0 hrs, 0 mins, 1 secs, 963 ms
ANALYZE
Time: 0 hrs, 0 mins, 1 secs, 909 ms
 bn_hits_client_20110919 
-------------------------
                 2130044
(1 row)

Time: 0 hrs, 0 mins, 0 secs, 50 ms
END
Time: 0 hrs, 0 mins, 9 secs, 779 ms

Wed Sep 21 15:10:42 EDT 2011

Timing is on.
BEGIN
Time: 0 hrs, 0 mins, 0 secs, 125 ms

           600 - LOAD RESOURCES

SET
Time: 0 hrs, 0 mins, 0 secs, 6 ms
CREATE TABLE
Time: 0 hrs, 0 mins, 30 secs, 600 ms
ANALYZE
Time: 0 hrs, 0 mins, 1 secs, 293 ms
 tmp_a_count 
-------------
      181952
(1 row)

Time: 0 hrs, 0 mins, 3 secs, 745 ms
UPDATE 0
Time: 0 hrs, 0 mins, 4 secs, 525 ms
ANALYZE
Time: 0 hrs, 0 mins, 2 secs, 541 ms
TRUNCATE
Time: 0 hrs, 0 mins, 5 secs, 352 ms
INSERT 0 57590
Time: 0 hrs, 0 mins, 44 secs, 502 ms
ANALYZE
Time: 0 hrs, 0 mins, 2 secs, 203 ms
 first_resource_id | last_resource_id 
-------------------+------------------
          43550806 |         43608395
(1 row)

Time: 0 hrs, 0 mins, 2 secs, 981 ms
INSERT 0 57590
Time: 0 hrs, 0 mins, 3 secs, 539 ms
 total_resources 
-----------------
        43583992
(1 row)

Time: 0 hrs, 0 mins, 1 secs, 553 ms
ANALYZE
Time: 0 hrs, 0 mins, 1 secs, 839 ms
END
Time: 0 hrs, 0 mins, 12 secs, 769 ms
VACUUM
Time: 0 hrs, 0 mins, 26 secs, 635 ms

Wed Sep 21 15:13:06 EDT 2011

Timing is on.

           650 - LOAD_BN_SESSION_STAGE

BEGIN
Time: 0 hrs, 0 mins, 0 secs, 388 ms
SET
Time: 0 hrs, 0 mins, 0 secs, 7 ms
SET
Time: 0 hrs, 0 mins, 0 secs, 12 ms
CREATE TABLE
Time: 0 hrs, 1 mins, 0 secs, 901 ms
ANALYZE
Time: 0 hrs, 0 mins, 3 secs, 135 ms
 tmp_sessionized_stage 
-----------------------
               4457753
(1 row)

Time: 0 hrs, 0 mins, 0 secs, 782 ms
TRUNCATE
Time: 0 hrs, 0 mins, 2 secs, 870 ms
INSERT 0 575948
Time: 0 hrs, 0 mins, 22 secs, 994 ms
ANALYZE
Time: 0 hrs, 0 mins, 3 secs, 976 ms
CREATE TABLE
Time: 0 hrs, 1 mins, 30 secs, 411 ms
CREATE INDEX
Time: 0 hrs, 0 mins, 0 secs, 971 ms
 tmp_first_last 
----------------
         575948
(1 row)

Time: 0 hrs, 0 mins, 1 secs, 346 ms
ANALYZE
Time: 0 hrs, 0 mins, 2 secs, 200 ms
SET
Time: 0 hrs, 0 mins, 0 secs, 17 ms
SET
Time: 0 hrs, 0 mins, 0 secs, 15 ms
TRUNCATE
Time: 0 hrs, 0 mins, 5 secs, 516 ms
DROP 
Time: 0 hrs, 0 mins, 0 secs, 589 ms
INSERT 0 575948
Time: 0 hrs, 0 mins, 2 secs, 62 ms
 bn_session_stage 
------------------
           575948
(1 row)

Time: 0 hrs, 0 mins, 4 secs, 922 ms
CREATE INDEX
Time: 0 hrs, 0 mins, 3 secs, 721 ms
ANALYZE
Time: 0 hrs, 0 mins, 0 secs, 362 ms
TRUNCATE
Time: 0 hrs, 0 mins, 6 secs, 923 ms
END
Time: 0 hrs, 0 mins, 11 secs, 540 ms

Wed Sep 21 15:16:52 EDT 2011

BEGIN

           660 - LOAD_BN_SESSION_UPDATE_STAGE

SET
TRUNCATE
INSERT 0 0
END

Wed Sep 21 15:17:02 EDT 2011

Timing is on.

           670 - LOAD_BN_SESSION_20110919.UPDATES

BEGIN
Time: 0 hrs, 0 mins, 0 secs, 127 ms
SET
Time: 0 hrs, 0 mins, 0 secs, 6 ms
UPDATE 0
Time: 0 hrs, 0 mins, 0 secs, 155 ms
END
Time: 0 hrs, 0 mins, 10 secs, 327 ms
VACUUM
Time: 0 hrs, 0 mins, 9 secs, 491 ms

Wed Sep 21 15:17:22 EDT 2011

Timing is on.

           700 - LOAD_BN_SESSION

BEGIN
Time: 0 hrs, 0 mins, 0 secs, 128 ms
SET
Time: 0 hrs, 0 mins, 0 secs, 6 ms
INSERT 0 575948
Time: 0 hrs, 0 mins, 8 secs, 937 ms
ANALYZE
Time: 0 hrs, 0 mins, 0 secs, 385 ms
END
Time: 0 hrs, 0 mins, 8 secs, 584 ms

Wed Sep 21 15:17:41 EDT 2011

Timing is on.

            750 - LOAD_BN_SESSION_SUMMARY   

BEGIN
Time: 0 hrs, 0 mins, 0 secs, 131 ms
SET
Time: 0 hrs, 0 mins, 0 secs, 6 ms
CREATE TABLE
Time: 0 hrs, 0 mins, 59 secs, 342 ms
TRUNCATE
Time: 0 hrs, 0 mins, 5 secs, 781 ms
INSERT 0 89709
Time: 0 hrs, 0 mins, 7 secs, 349 ms
ANALYZE
Time: 0 hrs, 0 mins, 0 secs, 522 ms
 count(1) 
----------
    89709
(1 row)

Time: 0 hrs, 0 mins, 0 secs, 812 ms
END
Time: 0 hrs, 0 mins, 8 secs, 159 ms

Wed Sep 21 15:19:03 EDT 2011

Timing is on.

           800 - LOAD_BN_HITS

BEGIN
Time: 0 hrs, 0 mins, 0 secs, 120 ms
SET
Time: 0 hrs, 0 mins, 0 secs, 5 ms
SET
Time: 0 hrs, 0 mins, 0 secs, 12 ms
SET
Time: 0 hrs, 0 mins, 0 secs, 11 ms
SET
Time: 0 hrs, 0 mins, 0 secs, 11 ms
TRUNCATE
Time: 0 hrs, 0 mins, 5 secs, 526 ms
INSERT 0 4457753
Time: 0 hrs, 0 mins, 5 secs, 161 ms
 count(1) 
----------
  4457753
(1 row)

Time: 0 hrs, 0 mins, 3 secs, 983 ms
ANALYZE
Time: 0 hrs, 0 mins, 3 secs, 593 ms
END
Time: 0 hrs, 0 mins, 31 secs, 575 ms

Wed Sep 21 15:19:53 EDT 2011

Timing is on.

            900 - LOAD_CLICKSTREAM   

BEGIN
Time: 0 hrs, 0 mins, 0 secs, 298 ms
SET
Time: 0 hrs, 0 mins, 0 secs, 6 ms
TRUNCATE
Time: 0 hrs, 0 mins, 9 secs, 831 ms
INSERT 0 4457753
Time: 0 hrs, 2 mins, 4 secs, 282 ms
 count(1) 
----------
  4457753
(1 row)

Time: 0 hrs, 0 mins, 5 secs, 873 ms
ANALYZE
Time: 0 hrs, 0 mins, 7 secs, 725 ms
END
Time: 0 hrs, 4 mins, 4 secs, 168 ms

Wed Sep 21 15:26:26 EDT 2011

Timing is on.

            1000 - PAGE_VIEW_SUMMARY  

BEGIN
Time: 0 hrs, 0 mins, 10 secs, 250 ms
SET
Time: 0 hrs, 0 mins, 0 secs, 7 ms
SET
Time: 0 hrs, 0 mins, 0 secs, 12 ms
TRUNCATE
Time: 0 hrs, 0 mins, 9 secs, 465 ms
INSERT 0 187579
Time: 0 hrs, 1 mins, 6 secs, 284 ms
 count(1) 
----------
   187579
(1 row)

Time: 0 hrs, 0 mins, 2 secs, 262 ms
ANALYZE
Time: 0 hrs, 0 mins, 3 secs, 282 ms
END
Time: 0 hrs, 2 mins, 11 secs, 325 ms

Wed Sep 21 15:30:10 EDT 2011


2000 - WRAP UP 

Timing is on.
BEGIN
Time: 0 hrs, 0 mins, 0 secs, 269 ms
TRUNCATE
Time: 0 hrs, 0 mins, 8 secs, 660 ms
TRUNCATE
Time: 0 hrs, 0 mins, 4 secs, 991 ms
END
Time: 0 hrs, 3 mins, 34 secs, 893 ms
Wed Sep 21 15:33:59 EDT 2011
Removing lock file and waiting for a minute
Total time taken:  31  minutes.
Running time of run.sh 20110919: 31 minutes
