Checking for lock file /tmp/.iislock
Acquired lock file /tmp/.iislock
-------------------------------------
Processing for 20110808
-------------------------------------

Tue Aug 9 04:50:45 EDT 2011

Timing is on.

           000 - INIT

BEGIN
Time: 0 hrs, 0 mins, 1 secs, 101 ms
*** Truncating staging tables before workflow starts ***
SET
Time: 0 hrs, 0 mins, 0 secs, 12 ms
GRANT
Time: 0 hrs, 0 mins, 2 secs, 235 ms
END
Time: 0 hrs, 0 mins, 2 secs, 120 ms

Tue Aug 9 04:50:51 EDT 2011

Timing is on.

            200 - LOAD_BN_IISLOGS   

BEGIN
Time: 0 hrs, 0 mins, 0 secs, 994 ms
SET
Time: 0 hrs, 0 mins, 0 secs, 10 ms
TRUNCATE
Time: 0 hrs, 0 mins, 0 secs, 743 ms
INSERT 0 61550553
Time: 0 hrs, 10 mins, 0 secs, 368 ms
END
Time: 0 hrs, 4 mins, 8 secs, 325 ms
ALTER TABLE
Time: 0 hrs, 10 mins, 25 secs, 665 ms

Tue Aug 9 05:15:28 EDT 2011

Timing is on.
BEGIN
Time: 0 hrs, 0 mins, 0 secs, 910 ms
SET
Time: 0 hrs, 0 mins, 0 secs, 10 ms

            250 - LOAD_BN_HITS_SP   

TRUNCATE
Time: 0 hrs, 0 mins, 3 secs, 622 ms
INSERT 0 23215826
Time: 0 hrs, 4 mins, 17 secs, 524 ms
ANALYZE
Time: 0 hrs, 0 mins, 4 secs, 277 ms
END
Time: 0 hrs, 0 mins, 15 secs, 282 ms

Tue Aug 9 05:20:10 EDT 2011

Timing is on.
BEGIN
Time: 0 hrs, 0 mins, 1 secs, 115 ms
SET
Time: 0 hrs, 0 mins, 0 secs, 9 ms

           300 - DYNAMIC FILTER

TRUNCATE
Time: 0 hrs, 0 mins, 0 secs, 553 ms
INSERT 0 16540341
Time: 0 hrs, 0 mins, 13 secs, 745 ms
ANALYZE
Time: 0 hrs, 0 mins, 0 secs, 728 ms
 Total records in web_click_cnt 
--------------------------------
                       16540341
(1 row)

Time: 0 hrs, 0 mins, 1 secs, 481 ms
CREATE TABLE
Time: 0 hrs, 0 mins, 57 secs, 209 ms
ANALYZE
Time: 0 hrs, 0 mins, 0 secs, 85 ms
CREATE TABLE
Time: 0 hrs, 0 mins, 0 secs, 391 ms
ANALYZE
Time: 0 hrs, 0 mins, 0 secs, 145 ms
DELETE 1
Time: 0 hrs, 0 mins, 0 secs, 324 ms
INSERT 0 1
Time: 0 hrs, 0 mins, 0 secs, 288 ms
DELETE 1
Time: 0 hrs, 0 mins, 0 secs, 138 ms
INSERT 0 1
Time: 0 hrs, 0 mins, 1 secs, 213 ms
CREATE TABLE
Time: 0 hrs, 0 mins, 21 secs, 397 ms
ANALYZE
Time: 0 hrs, 0 mins, 0 secs, 87 ms
CREATE TABLE
Time: 0 hrs, 0 mins, 1 secs, 218 ms
ANALYZE
Time: 0 hrs, 0 mins, 0 secs, 118 ms
DELETE 1
Time: 0 hrs, 0 mins, 0 secs, 100 ms
INSERT 0 1
Time: 0 hrs, 0 mins, 0 secs, 364 ms
DELETE 1
Time: 0 hrs, 0 mins, 0 secs, 93 ms
INSERT 0 1
Time: 0 hrs, 0 mins, 0 secs, 543 ms
ANALYZE
Time: 0 hrs, 0 mins, 0 secs, 315 ms
    tablename     |    attr_name    | attr_value 
------------------+-----------------+------------
 BN_FILTER_SPIDER | CLK_USER_SD_MPL | 10
 BN_FILTER_SPIDER | IP_USER_SD_MPL  | 1
 BN_FILTER_SPIDER | IP_USER_RATIO   | .955
 BN_FILTER_SPIDER | CLK_USER_MEAN   | 14.230
 BN_FILTER_SPIDER | CLK_USER_SD     | 47.031
 BN_FILTER_SPIDER | IP_USER_MEAN    | 19.690
 BN_FILTER_SPIDER | IP_USER_SD      | 1529.492
(7 rows)

Time: 0 hrs, 0 mins, 0 secs, 151 ms
CREATE TABLE
Time: 0 hrs, 0 mins, 6 secs, 540 ms
CREATE TABLE
Time: 0 hrs, 0 mins, 0 secs, 536 ms
 l_mean_sd_mpl 
---------------
       484.540
(1 row)

Time: 0 hrs, 0 mins, 0 secs, 152 ms
TRUNCATE
Time: 0 hrs, 0 mins, 0 secs, 637 ms
INSERT 0 546
Time: 0 hrs, 0 mins, 6 secs, 561 ms
ANALYZE
Time: 0 hrs, 0 mins, 0 secs, 784 ms
 Total click_user bn_spider_ip records 
---------------------------------------
                                   546
(1 row)

Time: 0 hrs, 0 mins, 0 secs, 101 ms
CREATE TABLE
Time: 0 hrs, 0 mins, 1 secs, 454 ms
ANALYZE
Time: 0 hrs, 0 mins, 0 secs, 68 ms
CREATE TABLE
Time: 0 hrs, 0 mins, 2 secs, 982 ms
ANALYZE
Time: 0 hrs, 0 mins, 0 secs, 82 ms
DROP 
Time: 0 hrs, 0 mins, 0 secs, 203 ms
CREATE TABLE
Time: 0 hrs, 0 mins, 0 secs, 972 ms
 l_mean_sd_mpl | l_ratio 
---------------+---------
      1549.182 |   0.955
(1 row)

Time: 0 hrs, 0 mins, 0 secs, 597 ms
INSERT 0 14153954
Time: 0 hrs, 0 mins, 6 secs, 683 ms
ANALYZE
Time: 0 hrs, 0 mins, 0 secs, 287 ms
 Total ip_user_filter bn_spider_ip records 
-------------------------------------------
                                  14153954
(1 row)

Time: 0 hrs, 0 mins, 0 secs, 329 ms
TRUNCATE
Time: 0 hrs, 0 mins, 0 secs, 482 ms
INSERT 0 18278036
Time: 0 hrs, 0 mins, 22 secs, 996 ms
ANALYZE
Time: 0 hrs, 0 mins, 4 secs, 949 ms
 bn_hits_stage 
---------------
      18278036
(1 row)

Time: 0 hrs, 0 mins, 0 secs, 416 ms
INSERT 0 14981985
Time: 0 hrs, 0 mins, 37 secs, 848 ms
ANALYZE
Time: 0 hrs, 0 mins, 11 secs, 319 ms
 bn_hits_sp_20110808 
---------------------
            38197811
(1 row)

Time: 0 hrs, 0 mins, 21 secs, 16 ms
TRUNCATE
Time: 0 hrs, 0 mins, 1 secs, 608 ms
INSERT 0 5074706
Time: 0 hrs, 0 mins, 7 secs, 187 ms
ANALYZE
Time: 0 hrs, 0 mins, 3 secs, 939 ms
 bn_hits_client_20110808 
-------------------------
                 5074706
(1 row)

Time: 0 hrs, 0 mins, 0 secs, 229 ms
END
Time: 0 hrs, 0 mins, 10 secs, 41 ms

Tue Aug 9 05:24:23 EDT 2011

Timing is on.
BEGIN
Time: 0 hrs, 0 mins, 1 secs, 253 ms

           600 - LOAD RESOURCES

SET
Time: 0 hrs, 0 mins, 0 secs, 11 ms
CREATE TABLE
Time: 0 hrs, 0 mins, 41 secs, 530 ms
ANALYZE
Time: 0 hrs, 0 mins, 4 secs, 900 ms
 tmp_a_count 
-------------
     1016476
(1 row)

Time: 0 hrs, 0 mins, 0 secs, 341 ms
UPDATE 0
Time: 0 hrs, 0 mins, 8 secs, 585 ms
ANALYZE
Time: 0 hrs, 0 mins, 0 secs, 815 ms
TRUNCATE
Time: 0 hrs, 0 mins, 1 secs, 754 ms
INSERT 0 548092
Time: 0 hrs, 0 mins, 37 secs, 183 ms
ANALYZE
Time: 0 hrs, 0 mins, 0 secs, 828 ms
 first_resource_id | last_resource_id 
-------------------+------------------
          34322134 |         34870225
(1 row)

Time: 0 hrs, 0 mins, 0 secs, 620 ms
INSERT 0 548092
Time: 0 hrs, 0 mins, 6 secs, 549 ms
 total_resources 
-----------------
        34845829
(1 row)

Time: 0 hrs, 0 mins, 0 secs, 777 ms
ANALYZE
Time: 0 hrs, 0 mins, 0 secs, 789 ms
END
Time: 0 hrs, 0 mins, 28 secs, 822 ms
VACUUM
Time: 0 hrs, 1 mins, 35 secs, 308 ms

Tue Aug 9 05:28:13 EDT 2011

Timing is on.

           650 - LOAD_BN_SESSION_STAGE

BEGIN
Time: 0 hrs, 0 mins, 0 secs, 894 ms
SET
Time: 0 hrs, 0 mins, 0 secs, 13 ms
SET
Time: 0 hrs, 0 mins, 0 secs, 42 ms
CREATE TABLE
Time: 0 hrs, 0 mins, 51 secs, 353 ms
ANALYZE
Time: 0 hrs, 0 mins, 9 secs, 592 ms
 tmp_sessionized_stage 
-----------------------
              18278036
(1 row)

Time: 0 hrs, 0 mins, 2 secs, 922 ms
TRUNCATE
Time: 0 hrs, 0 mins, 0 secs, 967 ms
INSERT 0 2041806
Time: 0 hrs, 0 mins, 36 secs, 690 ms
ANALYZE
Time: 0 hrs, 0 mins, 0 secs, 497 ms
CREATE TABLE
Time: 0 hrs, 4 mins, 21 secs, 694 ms
CREATE INDEX
Time: 0 hrs, 0 mins, 0 secs, 476 ms
 tmp_first_last 
----------------
        2041806
(1 row)

Time: 0 hrs, 0 mins, 0 secs, 145 ms
ANALYZE
Time: 0 hrs, 0 mins, 1 secs, 188 ms
SET
Time: 0 hrs, 0 mins, 0 secs, 19 ms
SET
Time: 0 hrs, 0 mins, 0 secs, 22 ms
TRUNCATE
Time: 0 hrs, 0 mins, 2 secs, 346 ms
DROP
Time: 0 hrs, 0 mins, 0 secs, 158 ms
INSERT 0 2041806
Time: 0 hrs, 0 mins, 8 secs, 646 ms
 bn_session_stage 
------------------
          2041806
(1 row)

Time: 0 hrs, 0 mins, 0 secs, 997 ms
CREATE INDEX
Time: 0 hrs, 0 mins, 2 secs, 699 ms
ANALYZE
Time: 0 hrs, 0 mins, 2 secs, 220 ms
TRUNCATE
Time: 0 hrs, 0 mins, 1 secs, 23 ms
END
Time: 0 hrs, 0 mins, 14 secs, 106 ms

Tue Aug 9 05:34:52 EDT 2011

BEGIN

           660 - LOAD_BN_SESSION_UPDATE_STAGE

SET
TRUNCATE
INSERT 0 0
END

Tue Aug 9 05:35:03 EDT 2011

Timing is on.

           670 - LOAD_BN_SESSION_20110808.UPDATES

BEGIN
Time: 0 hrs, 0 mins, 1 secs, 126 ms
SET
Time: 0 hrs, 0 mins, 0 secs, 10 ms
UPDATE 0
Time: 0 hrs, 0 mins, 1 secs, 16 ms
END
Time: 0 hrs, 0 mins, 1 secs, 882 ms
VACUUM
Time: 0 hrs, 0 mins, 32 secs, 864 ms

Tue Aug 9 05:35:40 EDT 2011

Timing is on.

           700 - LOAD_BN_SESSION

BEGIN
Time: 0 hrs, 0 mins, 1 secs, 144 ms
SET
Time: 0 hrs, 0 mins, 0 secs, 12 ms
INSERT 0 2041806
Time: 0 hrs, 0 mins, 51 secs, 154 ms
ANALYZE
Time: 0 hrs, 0 mins, 1 secs, 406 ms
END
Time: 0 hrs, 0 mins, 7 secs, 523 ms

Tue Aug 9 05:36:42 EDT 2011

Timing is on.

            750 - LOAD_BN_SESSION_SUMMARY   

BEGIN
Time: 0 hrs, 0 mins, 1 secs, 165 ms
SET
Time: 0 hrs, 0 mins, 0 secs, 15 ms
CREATE TABLE
Time: 0 hrs, 0 mins, 10 secs, 717 ms
TRUNCATE
Time: 0 hrs, 0 mins, 1 secs, 309 ms
INSERT 0 283666
Time: 0 hrs, 0 mins, 4 secs, 646 ms
ANALYZE
Time: 0 hrs, 0 mins, 0 secs, 757 ms
 count(1) 
----------
   283666
(1 row)

Time: 0 hrs, 0 mins, 0 secs, 147 ms
END
Time: 0 hrs, 0 mins, 3 secs, 966 ms

Tue Aug 9 05:37:05 EDT 2011

Timing is on.

           800 - LOAD_BN_HITS

BEGIN
Time: 0 hrs, 0 mins, 1 secs, 83 ms
SET
Time: 0 hrs, 0 mins, 0 secs, 11 ms
SET
Time: 0 hrs, 0 mins, 0 secs, 34 ms
SET
Time: 0 hrs, 0 mins, 0 secs, 22 ms
SET
Time: 0 hrs, 0 mins, 0 secs, 22 ms
TRUNCATE
Time: 0 hrs, 0 mins, 2 secs, 716 ms
INSERT 0 18278036
Time: 0 hrs, 0 mins, 6 secs, 718 ms
 count(1) 
----------
 18278036
(1 row)

Time: 0 hrs, 0 mins, 1 secs, 946 ms
ANALYZE
Time: 0 hrs, 0 mins, 5 secs, 53 ms
END
Time: 0 hrs, 0 mins, 16 secs, 720 ms

Tue Aug 9 05:37:40 EDT 2011

Timing is on.

            900 - LOAD_CLICKSTREAM   

BEGIN
Time: 0 hrs, 0 mins, 1 secs, 347 ms
SET
Time: 0 hrs, 0 mins, 0 secs, 10 ms
TRUNCATE
Time: 0 hrs, 0 mins, 3 secs, 82 ms
INSERT 0 18278036
Time: 0 hrs, 3 mins, 1 secs, 904 ms
 count(1) 
----------
 18278036
(1 row)

Time: 0 hrs, 0 mins, 1 secs, 29 ms
ANALYZE
Time: 0 hrs, 0 mins, 1 secs, 989 ms
END
Time: 0 hrs, 0 mins, 34 secs, 20 ms

Tue Aug 9 05:41:23 EDT 2011

Timing is on.

            1000 - PAGE_VIEW_SUMMARY  

BEGIN
Time: 0 hrs, 0 mins, 1 secs, 383 ms
SET
Time: 0 hrs, 0 mins, 0 secs, 9 ms
SET
Time: 0 hrs, 0 mins, 0 secs, 29 ms
TRUNCATE
Time: 0 hrs, 0 mins, 0 secs, 715 ms
INSERT 0 1028409
Time: 0 hrs, 0 mins, 7 secs, 170 ms
 count(1) 
----------
  1028409
(1 row)

Time: 0 hrs, 0 mins, 0 secs, 770 ms
ANALYZE
Time: 0 hrs, 0 mins, 0 secs, 297 ms
END
Time: 0 hrs, 0 mins, 6 secs, 402 ms

Tue Aug 9 05:41:40 EDT 2011


2000 - WRAP UP 

Timing is on.
BEGIN
Time: 0 hrs, 0 mins, 1 secs, 189 ms
TRUNCATE
Time: 0 hrs, 0 mins, 1 secs, 125 ms
TRUNCATE
Time: 0 hrs, 0 mins, 1 secs, 488 ms
END
Time: 0 hrs, 0 mins, 17 secs, 676 ms
Tue Aug 9 05:42:02 EDT 2011
Removing lock file and waiting for a minute
Total time taken:  52  minutes.
Running time of run.sh 20110808: 3137 seconds
Checking for lock file /tmp/.iislock
Acquired lock file /tmp/.iislock
-------------------------------------
Processing for 20110808
-------------------------------------

Wed Aug 10 05:12:16 EDT 2011

Timing is on.

           000 - INIT

BEGIN
Time: 0 hrs, 0 mins, 0 secs, 925 ms
*** Truncating staging tables before workflow starts ***
SET
Time: 0 hrs, 0 mins, 0 secs, 10 ms
GRANT
Time: 0 hrs, 0 mins, 15 secs, 906 ms
END
Time: 0 hrs, 0 mins, 7 secs, 563 ms

Wed Aug 10 05:12:41 EDT 2011

Timing is on.

            200 - LOAD_BN_IISLOGS   

BEGIN
Time: 0 hrs, 0 mins, 0 secs, 857 ms
SET
Time: 0 hrs, 0 mins, 0 secs, 12 ms
TRUNCATE
Time: 0 hrs, 0 mins, 0 secs, 431 ms
INSERT 0 82547008
Time: 0 hrs, 12 mins, 43 secs, 104 ms
END
Time: 0 hrs, 0 mins, 59 secs, 130 ms
ALTER TABLE
Time: 0 hrs, 0 mins, 53 secs, 660 ms

Wed Aug 10 05:27:19 EDT 2011

Timing is on.
BEGIN
Time: 0 hrs, 0 mins, 4 secs, 376 ms
SET
Time: 0 hrs, 0 mins, 0 secs, 11 ms

            250 - LOAD_BN_HITS_SP   

TRUNCATE
Time: 0 hrs, 0 mins, 3 secs, 330 ms
INSERT 0 30704167
Time: 0 hrs, 5 mins, 1 secs, 953 ms
ANALYZE
Time: 0 hrs, 0 mins, 7 secs, 944 ms
END
Time: 0 hrs, 0 mins, 6 secs, 690 ms

Wed Aug 10 05:32:43 EDT 2011

Timing is on.
BEGIN
Time: 0 hrs, 0 mins, 1 secs, 149 ms
SET
Time: 0 hrs, 0 mins, 0 secs, 9 ms

           300 - DYNAMIC FILTER

TRUNCATE
Time: 0 hrs, 0 mins, 0 secs, 568 ms
INSERT 0 20965342
Time: 0 hrs, 0 mins, 18 secs, 63 ms
ANALYZE
Time: 0 hrs, 0 mins, 0 secs, 544 ms
 Total records in web_click_cnt 
--------------------------------
                       20965342
(1 row)

Time: 0 hrs, 0 mins, 0 secs, 532 ms
CREATE TABLE
Time: 0 hrs, 0 mins, 5 secs, 452 ms
ANALYZE
Time: 0 hrs, 0 mins, 0 secs, 345 ms
CREATE TABLE
Time: 0 hrs, 0 mins, 1 secs, 306 ms
ANALYZE
Time: 0 hrs, 0 mins, 0 secs, 770 ms
DELETE 1
Time: 0 hrs, 0 mins, 0 secs, 657 ms
INSERT 0 1
Time: 0 hrs, 0 mins, 1 secs, 484 ms
DELETE 1
Time: 0 hrs, 0 mins, 0 secs, 254 ms
INSERT 0 1
Time: 0 hrs, 0 mins, 0 secs, 338 ms
CREATE TABLE
Time: 0 hrs, 0 mins, 3 secs, 695 ms
ANALYZE
Time: 0 hrs, 0 mins, 0 secs, 110 ms
CREATE TABLE
Time: 0 hrs, 0 mins, 1 secs, 489 ms
ANALYZE
Time: 0 hrs, 0 mins, 0 secs, 110 ms
DELETE 1
Time: 0 hrs, 0 mins, 0 secs, 98 ms
INSERT 0 1
Time: 0 hrs, 0 mins, 0 secs, 672 ms
DELETE 1
Time: 0 hrs, 0 mins, 0 secs, 90 ms
INSERT 0 1
Time: 0 hrs, 0 mins, 0 secs, 369 ms
ANALYZE
Time: 0 hrs, 0 mins, 0 secs, 76 ms
    tablename     |    attr_name    | attr_value 
------------------+-----------------+------------
 BN_FILTER_SPIDER | CLK_USER_SD_MPL | 10
 BN_FILTER_SPIDER | IP_USER_SD_MPL  | 1
 BN_FILTER_SPIDER | IP_USER_RATIO   | .955
 BN_FILTER_SPIDER | CLK_USER_MEAN   | 15.089
 BN_FILTER_SPIDER | CLK_USER_SD     | 54.105
 BN_FILTER_SPIDER | IP_USER_MEAN    | 19.079
 BN_FILTER_SPIDER | IP_USER_SD      | 1706.853
(7 rows)

Time: 0 hrs, 0 mins, 0 secs, 439 ms
CREATE TABLE
Time: 0 hrs, 0 mins, 7 secs, 435 ms
CREATE TABLE
Time: 0 hrs, 0 mins, 3 secs, 614 ms
 l_mean_sd_mpl 
---------------
       556.139
(1 row)

Time: 0 hrs, 0 mins, 0 secs, 361 ms
TRUNCATE
Time: 0 hrs, 0 mins, 0 secs, 652 ms
INSERT 0 574
Time: 0 hrs, 0 mins, 5 secs, 925 ms
ANALYZE
Time: 0 hrs, 0 mins, 0 secs, 72 ms
 Total click_user bn_spider_ip records 
---------------------------------------
                                   574
(1 row)

Time: 0 hrs, 0 mins, 0 secs, 104 ms
CREATE TABLE
Time: 0 hrs, 0 mins, 2 secs, 121 ms
ANALYZE
Time: 0 hrs, 0 mins, 0 secs, 63 ms
CREATE TABLE
Time: 0 hrs, 0 mins, 2 secs, 423 ms
ANALYZE
Time: 0 hrs, 0 mins, 0 secs, 325 ms
DROP 
Time: 0 hrs, 0 mins, 0 secs, 207 ms
CREATE TABLE
Time: 0 hrs, 0 mins, 0 secs, 730 ms
 l_mean_sd_mpl | l_ratio 
---------------+---------
      1725.932 |   0.955
(1 row)

Time: 0 hrs, 0 mins, 0 secs, 151 ms
INSERT 0 17941079
Time: 0 hrs, 0 mins, 7 secs, 787 ms
ANALYZE
Time: 0 hrs, 0 mins, 0 secs, 291 ms
 Total ip_user_filter bn_spider_ip records 
-------------------------------------------
                                  17941079
(1 row)

Time: 0 hrs, 0 mins, 0 secs, 422 ms
TRUNCATE
Time: 0 hrs, 0 mins, 0 secs, 773 ms
INSERT 0 24953899
Time: 0 hrs, 0 mins, 36 secs, 76 ms
ANALYZE
Time: 0 hrs, 0 mins, 5 secs, 128 ms
 bn_hits_stage 
---------------
      24953899
(1 row)

Time: 0 hrs, 0 mins, 0 secs, 492 ms
INSERT 0 19118827
Time: 0 hrs, 0 mins, 48 secs, 961 ms
ANALYZE
Time: 0 hrs, 0 mins, 12 secs, 96 ms
 bn_hits_sp_20110808 
---------------------
            49822994
(1 row)

Time: 0 hrs, 0 mins, 22 secs, 562 ms
TRUNCATE
Time: 0 hrs, 0 mins, 0 secs, 870 ms
INSERT 0 7770115
Time: 0 hrs, 0 mins, 7 secs, 378 ms
ANALYZE
Time: 0 hrs, 0 mins, 2 secs, 771 ms
 bn_hits_client_20110808 
-------------------------
                 7770115
(1 row)

Time: 0 hrs, 0 mins, 0 secs, 697 ms
END
Time: 0 hrs, 0 mins, 40 secs, 305 ms

Wed Aug 10 05:36:53 EDT 2011

Timing is on.
BEGIN
Time: 0 hrs, 0 mins, 12 secs, 944 ms

           600 - LOAD RESOURCES

SET
Time: 0 hrs, 0 mins, 0 secs, 11 ms
CREATE TABLE
Time: 0 hrs, 2 mins, 50 secs, 502 ms
ANALYZE
Time: 0 hrs, 0 mins, 2 secs, 742 ms
 tmp_a_count 
-------------
     1286231
(1 row)

Time: 0 hrs, 0 mins, 0 secs, 461 ms
UPDATE 0
Time: 0 hrs, 0 mins, 10 secs, 632 ms
ANALYZE
Time: 0 hrs, 0 mins, 1 secs, 271 ms
TRUNCATE
Time: 0 hrs, 0 mins, 0 secs, 664 ms
INSERT 0 172323
Time: 0 hrs, 0 mins, 22 secs, 227 ms
ANALYZE
Time: 0 hrs, 0 mins, 0 secs, 579 ms
 first_resource_id | last_resource_id 
-------------------+------------------
          35383670 |         35555992
(1 row)

Time: 0 hrs, 0 mins, 0 secs, 475 ms
INSERT 0 172323
Time: 0 hrs, 0 mins, 1 secs, 376 ms
 total_resources 
-----------------
        35531596
(1 row)

Time: 0 hrs, 0 mins, 0 secs, 567 ms
ANALYZE
Time: 0 hrs, 0 mins, 0 secs, 793 ms
END
Time: 0 hrs, 0 mins, 7 secs, 950 ms
VACUUM
Time: 0 hrs, 0 mins, 29 secs, 45 ms

Wed Aug 10 05:41:15 EDT 2011

Timing is on.

           650 - LOAD_BN_SESSION_STAGE

BEGIN
Time: 0 hrs, 0 mins, 1 secs, 154 ms
SET
Time: 0 hrs, 0 mins, 0 secs, 13 ms
SET
Time: 0 hrs, 0 mins, 0 secs, 18 ms
CREATE TABLE
Time: 0 hrs, 0 mins, 59 secs, 945 ms
ANALYZE
Time: 0 hrs, 0 mins, 5 secs, 242 ms
 tmp_sessionized_stage 
-----------------------
              24953899
(1 row)

Time: 0 hrs, 0 mins, 0 secs, 792 ms
TRUNCATE
Time: 0 hrs, 0 mins, 0 secs, 554 ms
INSERT 0 2616962
Time: 0 hrs, 0 mins, 34 secs, 405 ms
ANALYZE
Time: 0 hrs, 0 mins, 1 secs, 392 ms
CREATE TABLE
Time: 0 hrs, 1 mins, 46 secs, 427 ms
CREATE INDEX
Time: 0 hrs, 0 mins, 0 secs, 685 ms
 tmp_first_last 
----------------
        2616962
(1 row)

Time: 0 hrs, 0 mins, 0 secs, 121 ms
ANALYZE
Time: 0 hrs, 0 mins, 1 secs, 437 ms
SET
Time: 0 hrs, 0 mins, 0 secs, 21 ms
SET
Time: 0 hrs, 0 mins, 0 secs, 20 ms
TRUNCATE
Time: 0 hrs, 0 mins, 1 secs, 851 ms
DROP
Time: 0 hrs, 0 mins, 0 secs, 181 ms
INSERT 0 2616962
Time: 0 hrs, 0 mins, 9 secs, 728 ms
 bn_session_stage 
------------------
          2616962
(1 row)

Time: 0 hrs, 0 mins, 1 secs, 509 ms
CREATE INDEX
Time: 0 hrs, 0 mins, 1 secs, 521 ms
ANALYZE
Time: 0 hrs, 0 mins, 1 secs, 600 ms
TRUNCATE
Time: 0 hrs, 0 mins, 2 secs, 676 ms
END
Time: 0 hrs, 0 mins, 20 secs, 987 ms

Wed Aug 10 05:45:28 EDT 2011

BEGIN

           660 - LOAD_BN_SESSION_UPDATE_STAGE

SET
TRUNCATE
INSERT 0 0
END

Wed Aug 10 05:45:42 EDT 2011

Timing is on.

           670 - LOAD_BN_SESSION_20110808.UPDATES

BEGIN
Time: 0 hrs, 0 mins, 1 secs, 66 ms
SET
Time: 0 hrs, 0 mins, 0 secs, 12 ms
UPDATE 0
Time: 0 hrs, 0 mins, 0 secs, 981 ms
END
Time: 0 hrs, 0 mins, 11 secs, 795 ms
VACUUM
Time: 0 hrs, 1 mins, 2 secs, 933 ms

Wed Aug 10 05:46:59 EDT 2011

Timing is on.

           700 - LOAD_BN_SESSION

BEGIN
Time: 0 hrs, 0 mins, 1 secs, 63 ms
SET
Time: 0 hrs, 0 mins, 0 secs, 11 ms
INSERT 0 2616962
Time: 0 hrs, 0 mins, 10 secs, 407 ms
ANALYZE
Time: 0 hrs, 0 mins, 1 secs, 129 ms
END
Time: 0 hrs, 0 mins, 3 secs, 182 ms

Wed Aug 10 05:47:16 EDT 2011

Timing is on.

            750 - LOAD_BN_SESSION_SUMMARY   

BEGIN
Time: 0 hrs, 0 mins, 0 secs, 891 ms
SET
Time: 0 hrs, 0 mins, 0 secs, 9 ms
CREATE TABLE
Time: 0 hrs, 0 mins, 10 secs, 772 ms
TRUNCATE
Time: 0 hrs, 0 mins, 0 secs, 743 ms
INSERT 0 353476
Time: 0 hrs, 0 mins, 6 secs, 688 ms
ANALYZE
Time: 0 hrs, 0 mins, 0 secs, 764 ms
 count(1) 
----------
   353476
(1 row)

Time: 0 hrs, 0 mins, 0 secs, 221 ms
END
Time: 0 hrs, 0 mins, 3 secs, 934 ms

Wed Aug 10 05:47:40 EDT 2011

Timing is on.

           800 - LOAD_BN_HITS

BEGIN
Time: 0 hrs, 0 mins, 1 secs, 62 ms
SET
Time: 0 hrs, 0 mins, 0 secs, 12 ms
SET
Time: 0 hrs, 0 mins, 0 secs, 22 ms
SET
Time: 0 hrs, 0 mins, 0 secs, 19 ms
SET
Time: 0 hrs, 0 mins, 0 secs, 18 ms
TRUNCATE
Time: 0 hrs, 0 mins, 0 secs, 552 ms
INSERT 0 24953899
Time: 0 hrs, 0 mins, 11 secs, 120 ms
 count(1) 
----------
 24953899
(1 row)

Time: 0 hrs, 0 mins, 1 secs, 400 ms
ANALYZE
Time: 0 hrs, 0 mins, 3 secs, 178 ms
END
Time: 0 hrs, 0 mins, 17 secs, 225 ms

Wed Aug 10 05:48:15 EDT 2011

Timing is on.

            900 - LOAD_CLICKSTREAM   

BEGIN
Time: 0 hrs, 0 mins, 1 secs, 540 ms
SET
Time: 0 hrs, 0 mins, 0 secs, 10 ms
TRUNCATE
Time: 0 hrs, 0 mins, 0 secs, 476 ms
INSERT 0 24953899
Time: 0 hrs, 3 mins, 11 secs, 75 ms
 count(1) 
----------
 24953899
(1 row)

Time: 0 hrs, 0 mins, 0 secs, 878 ms
ANALYZE
Time: 0 hrs, 0 mins, 1 secs, 495 ms
END
Time: 0 hrs, 0 mins, 5 secs, 440 ms

Wed Aug 10 05:51:36 EDT 2011

Timing is on.

            1000 - PAGE_VIEW_SUMMARY  

BEGIN
Time: 0 hrs, 0 mins, 2 secs, 27 ms
SET
Time: 0 hrs, 0 mins, 0 secs, 15 ms
SET
Time: 0 hrs, 0 mins, 0 secs, 19 ms
TRUNCATE
Time: 0 hrs, 0 mins, 0 secs, 846 ms
INSERT 0 1301424
Time: 0 hrs, 0 mins, 15 secs, 201 ms
 count(1) 
----------
  1301424
(1 row)

Time: 0 hrs, 0 mins, 0 secs, 873 ms
ANALYZE
Time: 0 hrs, 0 mins, 0 secs, 352 ms
END
Time: 0 hrs, 0 mins, 1 secs, 923 ms

Wed Aug 10 05:51:57 EDT 2011


2000 - WRAP UP 

Timing is on.
BEGIN
Time: 0 hrs, 0 mins, 1 secs, 209 ms
TRUNCATE
Time: 0 hrs, 0 mins, 1 secs, 150 ms
TRUNCATE
Time: 0 hrs, 0 mins, 1 secs, 420 ms
END
Time: 0 hrs, 0 mins, 2 secs, 820 ms
Wed Aug 10 05:52:04 EDT 2011
Removing lock file and waiting for a minute
Total time taken:  40  minutes.
Running time of run.sh 20110808: 40 minutes
