Checking for lock file /tmp/.iislock
Acquired lock file /tmp/.iislock
deleting simple.htm records - these are just server testing...
DELETE 5762363
-------------------------------------
Processing for 20111113
-------------------------------------

Mon Nov 14 14:04:13 EST 2011

Timing is on.

           000 - INIT

BEGIN
Time: 0 hrs, 0 mins, 21 secs, 139 ms
*** Truncating staging tables before workflow starts ***
SET
Time: 0 hrs, 0 mins, 0 secs, 9 ms
GRANT
Time: 0 hrs, 0 mins, 11 secs, 876 ms
END
Time: 0 hrs, 0 mins, 23 secs, 300 ms

Mon Nov 14 14:05:10 EST 2011

Timing is on.

            200 - LOAD_BN_IISLOGS   

BEGIN
Time: 0 hrs, 0 mins, 10 secs, 736 ms
SET
Time: 0 hrs, 0 mins, 0 secs, 9 ms
TRUNCATE
Time: 0 hrs, 0 mins, 4 secs, 36 ms
INSERT 0 46578573
Time: 0 hrs, 29 mins, 57 secs, 962 ms
END
Time: 0 hrs, 0 mins, 37 secs, 253 ms
ALTER TABLE
Time: 0 hrs, 4 mins, 13 secs, 445 ms

Mon Nov 14 14:40:14 EST 2011

Timing is on.
BEGIN
Time: 0 hrs, 0 mins, 0 secs, 132 ms
SET
Time: 0 hrs, 0 mins, 0 secs, 6 ms

            250 - LOAD_BN_HITS_SP   

TRUNCATE
Time: 0 hrs, 0 mins, 2 secs, 135 ms
INSERT 0 14948826
Time: 0 hrs, 1 mins, 56 secs, 536 ms
ANALYZE
Time: 0 hrs, 0 mins, 3 secs, 39 ms
END
Time: 0 hrs, 0 mins, 6 secs, 876 ms

Mon Nov 14 14:42:23 EST 2011

Timing is on.
BEGIN
Time: 0 hrs, 0 mins, 2 secs, 557 ms
SET
Time: 0 hrs, 0 mins, 0 secs, 6 ms

           300 - DYNAMIC FILTER

TRUNCATE
Time: 0 hrs, 0 mins, 1 secs, 438 ms
INSERT 0 15606017
Time: 0 hrs, 0 mins, 1 secs, 711 ms
ANALYZE
Time: 0 hrs, 0 mins, 1 secs, 717 ms
 Total records in web_click_cnt 
--------------------------------
                       15606017
(1 row)

Time: 0 hrs, 0 mins, 3 secs, 423 ms
CREATE TABLE
Time: 0 hrs, 0 mins, 9 secs, 346 ms
ANALYZE
Time: 0 hrs, 0 mins, 0 secs, 40 ms
CREATE TABLE
Time: 0 hrs, 0 mins, 0 secs, 868 ms
ANALYZE
Time: 0 hrs, 0 mins, 0 secs, 38 ms
DELETE 1
Time: 0 hrs, 0 mins, 1 secs, 576 ms
INSERT 0 1
Time: 0 hrs, 0 mins, 1 secs, 176 ms
DELETE 1
Time: 0 hrs, 0 mins, 0 secs, 66 ms
INSERT 0 1
Time: 0 hrs, 0 mins, 0 secs, 977 ms
CREATE TABLE
Time: 0 hrs, 0 mins, 8 secs, 394 ms
ANALYZE
Time: 0 hrs, 0 mins, 0 secs, 39 ms
CREATE TABLE
Time: 0 hrs, 0 mins, 0 secs, 238 ms
ANALYZE
Time: 0 hrs, 0 mins, 0 secs, 58 ms
DELETE 1
Time: 0 hrs, 0 mins, 0 secs, 68 ms
INSERT 0 1
Time: 0 hrs, 0 mins, 3 secs, 101 ms
DELETE 1
Time: 0 hrs, 0 mins, 0 secs, 63 ms
INSERT 0 1
Time: 0 hrs, 0 mins, 1 secs, 491 ms
ANALYZE
Time: 0 hrs, 0 mins, 0 secs, 809 ms
    tablename     |    attr_name    | attr_value 
------------------+-----------------+------------
 BN_FILTER_SPIDER | CLK_USER_SD_MPL | 10
 BN_FILTER_SPIDER | IP_USER_SD_MPL  | 1
 BN_FILTER_SPIDER | IP_USER_RATIO   | .955
 BN_FILTER_SPIDER | CLK_USER_MEAN   | 10.505
 BN_FILTER_SPIDER | CLK_USER_SD     | 44.610
 BN_FILTER_SPIDER | IP_USER_MEAN    | 18.799
 BN_FILTER_SPIDER | IP_USER_SD      | 1381.276
(7 rows)

Time: 0 hrs, 0 mins, 1 secs, 130 ms
CREATE TABLE
Time: 0 hrs, 0 mins, 4 secs, 902 ms
CREATE TABLE
Time: 0 hrs, 0 mins, 1 secs, 139 ms
 l_mean_sd_mpl 
---------------
       456.605
(1 row)

Time: 0 hrs, 0 mins, 15 secs, 811 ms
TRUNCATE
Time: 0 hrs, 0 mins, 3 secs, 752 ms
INSERT 0 310
Time: 0 hrs, 0 mins, 6 secs, 239 ms
ANALYZE
Time: 0 hrs, 0 mins, 2 secs, 253 ms
 Total click_user bn_spider_ip records 
---------------------------------------
                                   310
(1 row)

Time: 0 hrs, 0 mins, 0 secs, 540 ms
CREATE TABLE
Time: 0 hrs, 0 mins, 1 secs, 954 ms
ANALYZE
Time: 0 hrs, 0 mins, 0 secs, 23 ms
CREATE TABLE
Time: 0 hrs, 0 mins, 1 secs, 338 ms
ANALYZE
Time: 0 hrs, 0 mins, 0 secs, 35 ms
DROP 
Time: 0 hrs, 0 mins, 0 secs, 87 ms
CREATE TABLE
Time: 0 hrs, 0 mins, 0 secs, 670 ms
 l_mean_sd_mpl | l_ratio 
---------------+---------
      1400.075 |   0.955
(1 row)

Time: 0 hrs, 0 mins, 0 secs, 45 ms
INSERT 0 13052041
Time: 0 hrs, 0 mins, 5 secs, 449 ms
ANALYZE
Time: 0 hrs, 0 mins, 0 secs, 168 ms
 Total ip_user_filter bn_spider_ip records 
-------------------------------------------
                                  13052041
(1 row)

Time: 0 hrs, 0 mins, 0 secs, 381 ms
TRUNCATE
Time: 0 hrs, 0 mins, 1 secs, 23 ms
INSERT 0 13911182
Time: 0 hrs, 0 mins, 20 secs, 928 ms
ANALYZE
Time: 0 hrs, 0 mins, 12 secs, 157 ms
 bn_hits_stage 
---------------
      13911182
(1 row)

Time: 0 hrs, 0 mins, 0 secs, 840 ms
INSERT 0 13538573
Time: 0 hrs, 0 mins, 38 secs, 269 ms
ANALYZE
Time: 0 hrs, 0 mins, 3 secs, 363 ms
 bn_hits_sp_20111113 
---------------------
            28487399
(1 row)

Time: 0 hrs, 0 mins, 0 secs, 169 ms
TRUNCATE
Time: 0 hrs, 0 mins, 10 secs, 329 ms
INSERT 0 4179992
Time: 0 hrs, 0 mins, 8 secs, 120 ms
ANALYZE
Time: 0 hrs, 0 mins, 3 secs, 83 ms
 bn_hits_client_20111113 
-------------------------
                 4179992
(1 row)

Time: 0 hrs, 0 mins, 2 secs, 653 ms
END
Time: 0 hrs, 0 mins, 41 secs, 919 ms

Mon Nov 14 14:46:11 EST 2011

Timing is on.
BEGIN
Time: 0 hrs, 0 mins, 0 secs, 171 ms

           600 - LOAD RESOURCES

SET
Time: 0 hrs, 0 mins, 0 secs, 6 ms
CREATE TABLE
Time: 0 hrs, 0 mins, 31 secs, 230 ms
ANALYZE
Time: 0 hrs, 0 mins, 0 secs, 415 ms
 tmp_a_count 
-------------
      405304
(1 row)

Time: 0 hrs, 0 mins, 0 secs, 483 ms
UPDATE 0
Time: 0 hrs, 0 mins, 2 secs, 804 ms
ANALYZE
Time: 0 hrs, 0 mins, 1 secs, 673 ms
TRUNCATE
Time: 0 hrs, 0 mins, 3 secs, 480 ms
INSERT 0 119834
Time: 0 hrs, 0 mins, 14 secs, 21 ms
ANALYZE
Time: 0 hrs, 0 mins, 3 secs, 768 ms
 first_resource_id | last_resource_id 
-------------------+------------------
          53684155 |         53803988
(1 row)

Time: 0 hrs, 0 mins, 4 secs, 430 ms
INSERT 0 119834
Time: 0 hrs, 0 mins, 7 secs, 763 ms
 total_resources 
-----------------
        53779555
(1 row)

Time: 0 hrs, 0 mins, 1 secs, 775 ms
ANALYZE
Time: 0 hrs, 0 mins, 1 secs, 16 ms
END
Time: 0 hrs, 0 mins, 19 secs, 718 ms
VACUUM
Time: 0 hrs, 0 mins, 51 secs, 969 ms

Mon Nov 14 14:48:36 EST 2011

Timing is on.

           650 - LOAD_BN_SESSION_STAGE

BEGIN
Time: 0 hrs, 0 mins, 0 secs, 149 ms
SET
Time: 0 hrs, 0 mins, 0 secs, 5 ms
SET
Time: 0 hrs, 0 mins, 0 secs, 11 ms
CREATE TABLE
Time: 0 hrs, 1 mins, 1 secs, 256 ms
ANALYZE
Time: 0 hrs, 0 mins, 4 secs, 481 ms
 tmp_sessionized_stage 
-----------------------
              13911182
(1 row)

Time: 0 hrs, 0 mins, 1 secs, 815 ms
TRUNCATE
Time: 0 hrs, 0 mins, 3 secs, 609 ms
INSERT 0 2219524
Time: 0 hrs, 1 mins, 17 secs, 659 ms
ANALYZE
Time: 0 hrs, 0 mins, 5 secs, 133 ms
CREATE TABLE
Time: 0 hrs, 3 mins, 36 secs, 299 ms
CREATE INDEX
Time: 0 hrs, 0 mins, 0 secs, 157 ms
 tmp_first_last 
----------------
        2219524
(1 row)

Time: 0 hrs, 0 mins, 2 secs, 477 ms
ANALYZE
Time: 0 hrs, 0 mins, 1 secs, 554 ms
SET
Time: 0 hrs, 0 mins, 0 secs, 11 ms
SET
Time: 0 hrs, 0 mins, 0 secs, 11 ms
TRUNCATE
Time: 0 hrs, 0 mins, 9 secs, 709 ms
DROP 
Time: 0 hrs, 0 mins, 1 secs, 584 ms
INSERT 0 2219524
Time: 0 hrs, 0 mins, 5 secs, 402 ms
 bn_session_stage 
------------------
          2219524
(1 row)

Time: 0 hrs, 0 mins, 6 secs, 15 ms
CREATE INDEX
Time: 0 hrs, 0 mins, 5 secs, 129 ms
ANALYZE
Time: 0 hrs, 0 mins, 0 secs, 965 ms
TRUNCATE
Time: 0 hrs, 0 mins, 6 secs, 853 ms
END
Time: 0 hrs, 0 mins, 30 secs, 281 ms

Mon Nov 14 14:55:57 EST 2011

BEGIN

           660 - LOAD_BN_SESSION_UPDATE_STAGE

SET
TRUNCATE
INSERT 0 0
END

Mon Nov 14 14:56:29 EST 2011

Timing is on.

           670 - LOAD_BN_SESSION_20111113.UPDATES

BEGIN
Time: 0 hrs, 0 mins, 4 secs, 139 ms
SET
Time: 0 hrs, 0 mins, 0 secs, 9 ms
UPDATE 0
Time: 0 hrs, 0 mins, 1 secs, 907 ms
END
Time: 0 hrs, 0 mins, 24 secs, 611 ms
VACUUM
Time: 0 hrs, 0 mins, 28 secs, 237 ms

Mon Nov 14 14:57:29 EST 2011

Timing is on.

           700 - LOAD_BN_SESSION

BEGIN
Time: 0 hrs, 0 mins, 0 secs, 273 ms
SET
Time: 0 hrs, 0 mins, 0 secs, 6 ms
INSERT 0 2219524
Time: 0 hrs, 1 mins, 50 secs, 817 ms
ANALYZE
Time: 0 hrs, 0 mins, 1 secs, 410 ms
END
Time: 0 hrs, 0 mins, 16 secs, 621 ms

Mon Nov 14 14:59:38 EST 2011

Timing is on.

            750 - LOAD_BN_SESSION_SUMMARY   

BEGIN
Time: 0 hrs, 0 mins, 2 secs, 77 ms
SET
Time: 0 hrs, 0 mins, 0 secs, 6 ms
CREATE TABLE
Time: 0 hrs, 0 mins, 21 secs, 582 ms
TRUNCATE
Time: 0 hrs, 0 mins, 1 secs, 513 ms
INSERT 0 323990
Time: 0 hrs, 0 mins, 5 secs, 209 ms
ANALYZE
Time: 0 hrs, 0 mins, 0 secs, 988 ms
 count(1) 
----------
   323990
(1 row)

Time: 0 hrs, 0 mins, 0 secs, 980 ms
END
Time: 0 hrs, 0 mins, 11 secs, 468 ms

Mon Nov 14 15:00:22 EST 2011

Timing is on.

           800 - LOAD_BN_HITS

BEGIN
Time: 0 hrs, 0 mins, 2 secs, 104 ms
SET
Time: 0 hrs, 0 mins, 0 secs, 5 ms
SET
Time: 0 hrs, 0 mins, 0 secs, 12 ms
SET
Time: 0 hrs, 0 mins, 0 secs, 16 ms
SET
Time: 0 hrs, 0 mins, 0 secs, 12 ms
TRUNCATE
Time: 0 hrs, 0 mins, 3 secs, 471 ms
INSERT 0 13911182
Time: 0 hrs, 0 mins, 15 secs, 969 ms
 count(1) 
----------
 13911182
(1 row)

Time: 0 hrs, 0 mins, 2 secs, 239 ms
ANALYZE
Time: 0 hrs, 0 mins, 4 secs, 124 ms
END
Time: 0 hrs, 0 mins, 23 secs, 88 ms

Mon Nov 14 15:01:13 EST 2011

Timing is on.

            900 - LOAD_CLICKSTREAM   

BEGIN
Time: 0 hrs, 0 mins, 5 secs, 932 ms
SET
Time: 0 hrs, 0 mins, 0 secs, 8 ms
TRUNCATE
Time: 0 hrs, 0 mins, 9 secs, 748 ms
INSERT 0 13911182
Time: 0 hrs, 1 mins, 27 secs, 263 ms
 count(1) 
----------
 13911182
(1 row)

Time: 0 hrs, 0 mins, 2 secs, 137 ms
ANALYZE
Time: 0 hrs, 0 mins, 2 secs, 857 ms
END
Time: 0 hrs, 0 mins, 30 secs, 322 ms

Mon Nov 14 15:03:32 EST 2011

Timing is on.

            1000 - PAGE_VIEW_SUMMARY  

BEGIN
Time: 0 hrs, 0 mins, 0 secs, 124 ms
SET
Time: 0 hrs, 0 mins, 0 secs, 6 ms
SET
Time: 0 hrs, 0 mins, 0 secs, 17 ms
TRUNCATE
Time: 0 hrs, 0 mins, 4 secs, 220 ms
INSERT 0 413402
Time: 0 hrs, 0 mins, 3 secs, 858 ms
 count(1) 
----------
   413402
(1 row)

Time: 0 hrs, 0 mins, 0 secs, 660 ms
ANALYZE
Time: 0 hrs, 0 mins, 0 secs, 127 ms
END
Time: 0 hrs, 0 mins, 5 secs, 867 ms

Mon Nov 14 15:03:47 EST 2011


2000 - WRAP UP 

Timing is on.
BEGIN
Time: 0 hrs, 0 mins, 0 secs, 127 ms
TRUNCATE
Time: 0 hrs, 0 mins, 1 secs, 467 ms
TRUNCATE
Time: 0 hrs, 0 mins, 0 secs, 782 ms
END
Time: 0 hrs, 0 mins, 5 secs, 582 ms
Mon Nov 14 15:03:55 EST 2011
Removing lock file and waiting for a minute
Total time taken:  88  minutes.
Running time of run.sh 20111113: 5319 seconds
Checking for lock file /tmp/.iislock
Acquired lock file /tmp/.iislock
deleting simple.htm records - these are just server testing...
DELETE 14
-------------------------------------
Processing for 20111113
-------------------------------------

Tue Nov 15 08:27:46 EST 2011

Timing is on.

           000 - INIT

BEGIN
Time: 0 hrs, 0 mins, 0 secs, 141 ms
*** Truncating staging tables before workflow starts ***
SET
Time: 0 hrs, 0 mins, 0 secs, 6 ms
GRANT
Time: 0 hrs, 0 mins, 5 secs, 632 ms
END
Time: 0 hrs, 0 mins, 5 secs, 105 ms

Tue Nov 15 08:27:57 EST 2011

Timing is on.

            200 - LOAD_BN_IISLOGS   

BEGIN
Time: 0 hrs, 0 mins, 0 secs, 151 ms
SET
Time: 0 hrs, 0 mins, 0 secs, 6 ms
TRUNCATE
Time: 0 hrs, 0 mins, 0 secs, 861 ms
INSERT 0 63720742
Time: 0 hrs, 8 mins, 26 secs, 832 ms
END
Time: 0 hrs, 0 mins, 20 secs, 529 ms
ALTER TABLE
Time: 0 hrs, 0 mins, 34 secs, 858 ms

Tue Nov 15 08:37:20 EST 2011

Timing is on.
BEGIN
Time: 0 hrs, 0 mins, 0 secs, 434 ms
SET
Time: 0 hrs, 0 mins, 0 secs, 6 ms

            250 - LOAD_BN_HITS_SP   

TRUNCATE
Time: 0 hrs, 0 mins, 7 secs, 42 ms
INSERT 0 20266697
Time: 0 hrs, 3 mins, 37 secs, 266 ms
ANALYZE
Time: 0 hrs, 0 mins, 4 secs, 903 ms
END
Time: 0 hrs, 0 mins, 27 secs, 143 ms

Tue Nov 15 08:41:37 EST 2011

Timing is on.
BEGIN
Time: 0 hrs, 0 mins, 0 secs, 140 ms
SET
Time: 0 hrs, 0 mins, 0 secs, 6 ms

           300 - DYNAMIC FILTER

TRUNCATE
Time: 0 hrs, 0 mins, 1 secs, 486 ms
INSERT 0 19768607
Time: 0 hrs, 0 mins, 6 secs, 413 ms
ANALYZE
Time: 0 hrs, 0 mins, 1 secs, 160 ms
 Total records in web_click_cnt 
--------------------------------
                       19768607
(1 row)

Time: 0 hrs, 0 mins, 1 secs, 394 ms
CREATE TABLE
Time: 0 hrs, 0 mins, 8 secs, 956 ms
ANALYZE
Time: 0 hrs, 0 mins, 0 secs, 59 ms
CREATE TABLE
Time: 0 hrs, 0 mins, 1 secs, 655 ms
ANALYZE
Time: 0 hrs, 0 mins, 0 secs, 38 ms
DELETE 1
Time: 0 hrs, 0 mins, 1 secs, 326 ms
INSERT 0 1
Time: 0 hrs, 0 mins, 0 secs, 533 ms
DELETE 1
Time: 0 hrs, 0 mins, 0 secs, 62 ms
INSERT 0 1
Time: 0 hrs, 0 mins, 0 secs, 328 ms
CREATE TABLE
Time: 0 hrs, 0 mins, 6 secs, 99 ms
ANALYZE
Time: 0 hrs, 0 mins, 0 secs, 877 ms
CREATE TABLE
Time: 0 hrs, 0 mins, 0 secs, 943 ms
ANALYZE
Time: 0 hrs, 0 mins, 0 secs, 59 ms
DELETE 1
Time: 0 hrs, 0 mins, 0 secs, 69 ms
INSERT 0 1
Time: 0 hrs, 0 mins, 0 secs, 357 ms
DELETE 1
Time: 0 hrs, 0 mins, 0 secs, 63 ms
INSERT 0 1
Time: 0 hrs, 0 mins, 0 secs, 314 ms
ANALYZE
Time: 0 hrs, 0 mins, 0 secs, 452 ms
    tablename     |    attr_name    | attr_value 
------------------+-----------------+------------
 BN_FILTER_SPIDER | CLK_USER_SD_MPL | 10
 BN_FILTER_SPIDER | IP_USER_SD_MPL  | 1
 BN_FILTER_SPIDER | IP_USER_RATIO   | .955
 BN_FILTER_SPIDER | CLK_USER_MEAN   | 11.425
 BN_FILTER_SPIDER | CLK_USER_SD     | 43.748
 BN_FILTER_SPIDER | IP_USER_MEAN    | 17.934
 BN_FILTER_SPIDER | IP_USER_SD      | 1513.030
(7 rows)

Time: 0 hrs, 0 mins, 0 secs, 458 ms
CREATE TABLE
Time: 0 hrs, 0 mins, 4 secs, 609 ms
CREATE TABLE
Time: 0 hrs, 0 mins, 0 secs, 599 ms
 l_mean_sd_mpl 
---------------
       448.905
(1 row)

Time: 0 hrs, 0 mins, 0 secs, 189 ms
TRUNCATE
Time: 0 hrs, 0 mins, 1 secs, 356 ms
INSERT 0 448
Time: 0 hrs, 0 mins, 4 secs, 702 ms
ANALYZE
Time: 0 hrs, 0 mins, 1 secs, 117 ms
 Total click_user bn_spider_ip records 
---------------------------------------
                                   448
(1 row)

Time: 0 hrs, 0 mins, 0 secs, 507 ms
CREATE TABLE
Time: 0 hrs, 0 mins, 4 secs, 487 ms
ANALYZE
Time: 0 hrs, 0 mins, 0 secs, 26 ms
CREATE TABLE
Time: 0 hrs, 0 mins, 6 secs, 168 ms
ANALYZE
Time: 0 hrs, 0 mins, 0 secs, 45 ms
DROP 
Time: 0 hrs, 0 mins, 0 secs, 108 ms
CREATE TABLE
Time: 0 hrs, 0 mins, 0 secs, 340 ms
 l_mean_sd_mpl | l_ratio 
---------------+---------
      1530.964 |   0.955
(1 row)

Time: 0 hrs, 0 mins, 0 secs, 866 ms
INSERT 0 16446496
Time: 0 hrs, 0 mins, 6 secs, 698 ms
ANALYZE
Time: 0 hrs, 0 mins, 0 secs, 194 ms
 Total ip_user_filter bn_spider_ip records 
-------------------------------------------
                                  16446496
(1 row)

Time: 0 hrs, 0 mins, 1 secs, 274 ms
TRUNCATE
Time: 0 hrs, 0 mins, 2 secs, 685 ms
INSERT 0 19845753
Time: 0 hrs, 0 mins, 28 secs, 333 ms
ANALYZE
Time: 0 hrs, 0 mins, 8 secs, 609 ms
 bn_hits_stage 
---------------
      19845753
(1 row)

Time: 0 hrs, 0 mins, 1 secs, 117 ms
INSERT 0 17110410
Time: 0 hrs, 0 mins, 39 secs, 920 ms
ANALYZE
Time: 0 hrs, 0 mins, 5 secs, 543 ms
 bn_hits_sp_20111113 
---------------------
            37377107
(1 row)

Time: 0 hrs, 0 mins, 2 secs, 354 ms
TRUNCATE
Time: 0 hrs, 0 mins, 3 secs, 475 ms
INSERT 0 6497882
Time: 0 hrs, 0 mins, 4 secs, 848 ms
ANALYZE
Time: 0 hrs, 0 mins, 3 secs, 8 ms
 bn_hits_client_20111113 
-------------------------
                 6497882
(1 row)

Time: 0 hrs, 0 mins, 0 secs, 926 ms
END
Time: 0 hrs, 0 mins, 14 secs, 308 ms

Tue Nov 15 08:44:39 EST 2011

Timing is on.
BEGIN
Time: 0 hrs, 0 mins, 2 secs, 59 ms

           600 - LOAD RESOURCES

SET
Time: 0 hrs, 0 mins, 0 secs, 6 ms
CREATE TABLE
Time: 0 hrs, 0 mins, 34 secs, 17 ms
ANALYZE
Time: 0 hrs, 0 mins, 0 secs, 767 ms
 tmp_a_count 
-------------
      510108
(1 row)

Time: 0 hrs, 0 mins, 0 secs, 146 ms
UPDATE 0
Time: 0 hrs, 0 mins, 4 secs, 583 ms
ANALYZE
Time: 0 hrs, 0 mins, 1 secs, 400 ms
TRUNCATE
Time: 0 hrs, 0 mins, 1 secs, 120 ms
INSERT 0 38522
Time: 0 hrs, 0 mins, 36 secs, 316 ms
ANALYZE
Time: 0 hrs, 0 mins, 3 secs, 374 ms
 first_resource_id | last_resource_id 
-------------------+------------------
          53969535 |         54008056
(1 row)

Time: 0 hrs, 0 mins, 0 secs, 505 ms
INSERT 0 38522
Time: 0 hrs, 0 mins, 0 secs, 988 ms
 total_resources 
-----------------
        53983623
(1 row)

Time: 0 hrs, 0 mins, 0 secs, 237 ms
ANALYZE
Time: 0 hrs, 0 mins, 0 secs, 496 ms
END
Time: 0 hrs, 0 mins, 5 secs, 405 ms
VACUUM
Time: 0 hrs, 0 mins, 4 secs, 276 ms

Tue Nov 15 08:46:15 EST 2011

Timing is on.

           650 - LOAD_BN_SESSION_STAGE

BEGIN
Time: 0 hrs, 0 mins, 1 secs, 480 ms
SET
Time: 0 hrs, 0 mins, 0 secs, 7 ms
SET
Time: 0 hrs, 0 mins, 0 secs, 12 ms
CREATE TABLE
Time: 0 hrs, 1 mins, 9 secs, 883 ms
ANALYZE
Time: 0 hrs, 0 mins, 6 secs, 958 ms
 tmp_sessionized_stage 
-----------------------
              19845753
(1 row)

Time: 0 hrs, 0 mins, 29 secs, 52 ms
TRUNCATE
Time: 0 hrs, 0 mins, 7 secs, 610 ms
INSERT 0 2877722
Time: 0 hrs, 1 mins, 23 secs, 774 ms
ANALYZE
Time: 0 hrs, 0 mins, 2 secs, 276 ms
CREATE TABLE
Time: 0 hrs, 1 mins, 53 secs, 872 ms
CREATE INDEX
Time: 0 hrs, 0 mins, 0 secs, 196 ms
 tmp_first_last 
----------------
        2877722
(1 row)

Time: 0 hrs, 0 mins, 0 secs, 512 ms
ANALYZE
Time: 0 hrs, 0 mins, 0 secs, 960 ms
SET
Time: 0 hrs, 0 mins, 0 secs, 11 ms
SET
Time: 0 hrs, 0 mins, 0 secs, 11 ms
TRUNCATE
Time: 0 hrs, 0 mins, 3 secs, 925 ms
DROP 
Time: 0 hrs, 0 mins, 2 secs, 11 ms
INSERT 0 2877722
Time: 0 hrs, 0 mins, 8 secs, 707 ms
 bn_session_stage 
------------------
          2877722
(1 row)

Time: 0 hrs, 0 mins, 2 secs, 535 ms
CREATE INDEX
Time: 0 hrs, 0 mins, 3 secs, 744 ms
ANALYZE
Time: 0 hrs, 0 mins, 0 secs, 979 ms
TRUNCATE
Time: 0 hrs, 0 mins, 5 secs, 380 ms
END
Time: 0 hrs, 0 mins, 18 secs, 439 ms

Tue Nov 15 08:52:18 EST 2011

BEGIN

           660 - LOAD_BN_SESSION_UPDATE_STAGE

SET
TRUNCATE
INSERT 0 0
END

Tue Nov 15 08:52:44 EST 2011

Timing is on.

           670 - LOAD_BN_SESSION_20111113.UPDATES

BEGIN
Time: 0 hrs, 0 mins, 2 secs, 107 ms
SET
Time: 0 hrs, 0 mins, 0 secs, 6 ms
UPDATE 0
Time: 0 hrs, 0 mins, 0 secs, 179 ms
END
Time: 0 hrs, 0 mins, 22 secs, 573 ms
VACUUM
Time: 0 hrs, 0 mins, 17 secs, 280 ms

Tue Nov 15 08:53:26 EST 2011

Timing is on.

           700 - LOAD_BN_SESSION

BEGIN
Time: 0 hrs, 0 mins, 0 secs, 252 ms
SET
Time: 0 hrs, 0 mins, 0 secs, 6 ms
INSERT 0 2877722
Time: 0 hrs, 0 mins, 7 secs, 685 ms
ANALYZE
Time: 0 hrs, 0 mins, 0 secs, 993 ms
END
Time: 0 hrs, 0 mins, 12 secs, 115 ms

Tue Nov 15 08:53:48 EST 2011

Timing is on.

            750 - LOAD_BN_SESSION_SUMMARY   

BEGIN
Time: 0 hrs, 0 mins, 0 secs, 262 ms
SET
Time: 0 hrs, 0 mins, 0 secs, 5 ms
CREATE TABLE
Time: 0 hrs, 0 mins, 10 secs, 897 ms
TRUNCATE
Time: 0 hrs, 0 mins, 5 secs, 844 ms
INSERT 0 383049
Time: 0 hrs, 0 mins, 9 secs, 143 ms
ANALYZE
Time: 0 hrs, 0 mins, 0 secs, 638 ms
 count(1) 
----------
   383049
(1 row)

Time: 0 hrs, 0 mins, 0 secs, 666 ms
END
Time: 0 hrs, 0 mins, 26 secs, 405 ms

Tue Nov 15 08:54:42 EST 2011

Timing is on.

           800 - LOAD_BN_HITS

BEGIN
Time: 0 hrs, 0 mins, 6 secs, 585 ms
SET
Time: 0 hrs, 0 mins, 0 secs, 8 ms
SET
Time: 0 hrs, 0 mins, 0 secs, 14 ms
SET
Time: 0 hrs, 0 mins, 0 secs, 13 ms
SET
Time: 0 hrs, 0 mins, 0 secs, 12 ms
TRUNCATE
Time: 0 hrs, 0 mins, 7 secs, 753 ms
INSERT 0 19845753
Time: 0 hrs, 0 mins, 8 secs, 346 ms
 count(1) 
----------
 19845753
(1 row)

Time: 0 hrs, 0 mins, 6 secs, 568 ms
ANALYZE
Time: 0 hrs, 0 mins, 3 secs, 262 ms
END
Time: 0 hrs, 0 mins, 33 secs, 591 ms

Tue Nov 15 08:55:48 EST 2011

Timing is on.

            900 - LOAD_CLICKSTREAM   

BEGIN
Time: 0 hrs, 0 mins, 1 secs, 193 ms
SET
Time: 0 hrs, 0 mins, 0 secs, 11 ms
TRUNCATE
Time: 0 hrs, 0 mins, 3 secs, 931 ms
INSERT 0 19845753
Time: 0 hrs, 1 mins, 34 secs, 286 ms
 count(1) 
----------
 19845753
(1 row)

Time: 0 hrs, 0 mins, 3 secs, 755 ms
ANALYZE
Time: 0 hrs, 0 mins, 1 secs, 78 ms
END
Time: 0 hrs, 0 mins, 42 secs, 983 ms

Tue Nov 15 08:58:16 EST 2011

Timing is on.

            1000 - PAGE_VIEW_SUMMARY  

BEGIN
Time: 0 hrs, 0 mins, 0 secs, 163 ms
SET
Time: 0 hrs, 0 mins, 0 secs, 6 ms
SET
Time: 0 hrs, 0 mins, 0 secs, 14 ms
TRUNCATE
Time: 0 hrs, 0 mins, 10 secs, 620 ms
INSERT 0 519990
Time: 0 hrs, 0 mins, 8 secs, 487 ms
 count(1) 
----------
   519990
(1 row)

Time: 0 hrs, 0 mins, 0 secs, 461 ms
ANALYZE
Time: 0 hrs, 0 mins, 0 secs, 59 ms
END
Time: 0 hrs, 0 mins, 13 secs, 72 ms

Tue Nov 15 08:58:49 EST 2011


2000 - WRAP UP 

Timing is on.
BEGIN
Time: 0 hrs, 0 mins, 0 secs, 154 ms
TRUNCATE
Time: 0 hrs, 0 mins, 2 secs, 423 ms
TRUNCATE
Time: 0 hrs, 0 mins, 1 secs, 89 ms
END
Time: 0 hrs, 0 mins, 8 secs, 637 ms
Tue Nov 15 08:59:01 EST 2011
Removing lock file and waiting for a minute
Total time taken:  32  minutes.
Running time of run.sh 20111113: 32 minutes
