Checking for lock file /tmp/.iislock
Acquired lock file /tmp/.iislock
-------------------------------------
Processing for 20110118
-------------------------------------

Wed Jan 19 08:30:11 EST 2011

Timing is on.

           000 - INIT

BEGIN
Time: 0 hrs, 0 mins, 0 secs, 671 ms
*** Truncating staging tables before workflow starts ***
SET
Time: 0 hrs, 0 mins, 0 secs, 17 ms
GRANT
Time: 0 hrs, 0 mins, 1 secs, 799 ms
END
Time: 0 hrs, 0 mins, 1 secs, 161 ms

Wed Jan 19 08:30:15 EST 2011

Timing is on.

            200 - LOAD_BN_IISLOGS   

BEGIN
Time: 0 hrs, 0 mins, 0 secs, 643 ms
SET
Time: 0 hrs, 0 mins, 0 secs, 12 ms
TRUNCATE
Time: 0 hrs, 0 mins, 0 secs, 363 ms
INSERT 0 46296784
Time: 0 hrs, 10 mins, 27 secs, 282 ms
END
Time: 0 hrs, 0 mins, 5 secs, 356 ms
ALTER TABLE
Time: 0 hrs, 0 mins, 7 secs, 405 ms

Wed Jan 19 08:40:56 EST 2011

Timing is on.
BEGIN
Time: 0 hrs, 0 mins, 1 secs, 480 ms
SET
Time: 0 hrs, 0 mins, 0 secs, 13 ms

            250 - LOAD_BN_HITS_SP   

TRUNCATE
Time: 0 hrs, 0 mins, 1 secs, 419 ms
INSERT 0 13028641
Time: 0 hrs, 3 mins, 3 secs, 26 ms
ANALYZE
Time: 0 hrs, 0 mins, 2 secs, 243 ms
END
Time: 0 hrs, 0 mins, 6 secs, 406 ms

Wed Jan 19 08:44:11 EST 2011

Timing is on.
BEGIN
Time: 0 hrs, 0 mins, 0 secs, 816 ms
SET
Time: 0 hrs, 0 mins, 0 secs, 14 ms

           300 - DYNAMIC FILTER

TRUNCATE
Time: 0 hrs, 0 mins, 0 secs, 866 ms
INSERT 0 10193469
Time: 0 hrs, 0 mins, 4 secs, 529 ms
ANALYZE
Time: 0 hrs, 0 mins, 0 secs, 451 ms
 Total records in web_click_cnt 
--------------------------------
                       10193469
(1 row)

Time: 0 hrs, 0 mins, 0 secs, 497 ms
CREATE TABLE
Time: 0 hrs, 0 mins, 1 secs, 978 ms
ANALYZE
Time: 0 hrs, 0 mins, 0 secs, 97 ms
CREATE TABLE
Time: 0 hrs, 0 mins, 0 secs, 411 ms
ANALYZE
Time: 0 hrs, 0 mins, 0 secs, 84 ms
DELETE 1
Time: 0 hrs, 0 mins, 0 secs, 160 ms
INSERT 0 1
Time: 0 hrs, 0 mins, 0 secs, 329 ms
DELETE 1
Time: 0 hrs, 0 mins, 0 secs, 91 ms
INSERT 0 1
Time: 0 hrs, 0 mins, 0 secs, 255 ms
CREATE TABLE
Time: 0 hrs, 0 mins, 2 secs, 830 ms
ANALYZE
Time: 0 hrs, 0 mins, 0 secs, 88 ms
CREATE TABLE
Time: 0 hrs, 0 mins, 0 secs, 968 ms
ANALYZE
Time: 0 hrs, 0 mins, 0 secs, 73 ms
DELETE 1
Time: 0 hrs, 0 mins, 0 secs, 115 ms
INSERT 0 1
Time: 0 hrs, 0 mins, 0 secs, 337 ms
DELETE 1
Time: 0 hrs, 0 mins, 0 secs, 127 ms
INSERT 0 1
Time: 0 hrs, 0 mins, 0 secs, 282 ms
ANALYZE
Time: 0 hrs, 0 mins, 0 secs, 40 ms
    tablename     |    attr_name    | attr_value 
------------------+-----------------+------------
 BN_FILTER_SPIDER | CLK_USER_SD_MPL | 10
 BN_FILTER_SPIDER | IP_USER_SD_MPL  | 1
 BN_FILTER_SPIDER | IP_USER_RATIO   | .955
 BN_FILTER_SPIDER | CLK_USER_MEAN   | 16.774
 BN_FILTER_SPIDER | CLK_USER_SD     | 293.230
 BN_FILTER_SPIDER | IP_USER_MEAN    | 12.501
 BN_FILTER_SPIDER | IP_USER_SD      | 1443.624
(7 rows)

Time: 0 hrs, 0 mins, 0 secs, 196 ms
CREATE TABLE
Time: 0 hrs, 0 mins, 2 secs, 800 ms
CREATE TABLE
Time: 0 hrs, 0 mins, 0 secs, 980 ms
 l_mean_sd_mpl 
---------------
      2949.074
(1 row)

Time: 0 hrs, 0 mins, 0 secs, 106 ms
TRUNCATE
Time: 0 hrs, 0 mins, 0 secs, 701 ms
INSERT 0 37
Time: 0 hrs, 0 mins, 3 secs, 856 ms
ANALYZE
Time: 0 hrs, 0 mins, 0 secs, 283 ms
 Total click_user bn_spider_ip records 
---------------------------------------
                                    37
(1 row)

Time: 0 hrs, 0 mins, 0 secs, 379 ms
CREATE TABLE
Time: 0 hrs, 0 mins, 2 secs, 59 ms
ANALYZE
Time: 0 hrs, 0 mins, 0 secs, 63 ms
CREATE TABLE
Time: 0 hrs, 0 mins, 1 secs, 39 ms
ANALYZE
Time: 0 hrs, 0 mins, 0 secs, 81 ms
DROP 
Time: 0 hrs, 0 mins, 0 secs, 352 ms
CREATE TABLE
Time: 0 hrs, 0 mins, 0 secs, 401 ms
 l_mean_sd_mpl | l_ratio 
---------------+---------
      1456.125 |   0.955
(1 row)

Time: 0 hrs, 0 mins, 0 secs, 107 ms
INSERT 0 8455295
Time: 0 hrs, 0 mins, 4 secs, 352 ms
ANALYZE
Time: 0 hrs, 0 mins, 0 secs, 293 ms
 Total ip_user_filter bn_spider_ip records 
-------------------------------------------
                                   8455295
(1 row)

Time: 0 hrs, 0 mins, 0 secs, 394 ms
TRUNCATE
Time: 0 hrs, 0 mins, 0 secs, 582 ms
INSERT 0 18716824
Time: 0 hrs, 0 mins, 16 secs, 102 ms
ANALYZE
Time: 0 hrs, 0 mins, 3 secs, 584 ms
 bn_hits_stage 
---------------
      18716824
(1 row)

Time: 0 hrs, 0 mins, 0 secs, 451 ms
INSERT 0 9406708
Time: 0 hrs, 0 mins, 28 secs, 653 ms
ANALYZE
Time: 0 hrs, 0 mins, 2 secs, 166 ms
 bn_hits_sp_20110118 
---------------------
            22435349
(1 row)

Time: 0 hrs, 0 mins, 8 secs, 183 ms
TRUNCATE
Time: 0 hrs, 0 mins, 0 secs, 753 ms
INSERT 0 5144611
Time: 0 hrs, 0 mins, 11 secs, 867 ms
ANALYZE
Time: 0 hrs, 0 mins, 1 secs, 806 ms
 bn_hits_client_20110118 
-------------------------
                 5144611
(1 row)

Time: 0 hrs, 0 mins, 0 secs, 178 ms
END
Time: 0 hrs, 0 mins, 1 secs, 885 ms

Wed Jan 19 08:46:01 EST 2011

Timing is on.
BEGIN
Time: 0 hrs, 0 mins, 1 secs, 878 ms

           600 - LOAD RESOURCES

SET
Time: 0 hrs, 0 mins, 0 secs, 10 ms
CREATE TABLE
Time: 0 hrs, 0 mins, 6 secs, 319 ms
ANALYZE
Time: 0 hrs, 0 mins, 0 secs, 460 ms
 tmp_a_count 
-------------
       33926
(1 row)

Time: 0 hrs, 0 mins, 0 secs, 386 ms
UPDATE 0
Time: 0 hrs, 0 mins, 1 secs, 88 ms
ANALYZE
Time: 0 hrs, 0 mins, 0 secs, 669 ms
TRUNCATE
Time: 0 hrs, 0 mins, 0 secs, 439 ms
INSERT 0 5005
Time: 0 hrs, 0 mins, 4 secs, 635 ms
ANALYZE
Time: 0 hrs, 0 mins, 0 secs, 489 ms
 first_resource_id | last_resource_id 
-------------------+------------------
          12750057 |         12755061
(1 row)

Time: 0 hrs, 0 mins, 0 secs, 647 ms
INSERT 0 5005
Time: 0 hrs, 0 mins, 1 secs, 197 ms
 total_resources 
-----------------
        12730684
(1 row)

Time: 0 hrs, 0 mins, 0 secs, 578 ms
ANALYZE
Time: 0 hrs, 0 mins, 0 secs, 617 ms
END
Time: 0 hrs, 0 mins, 1 secs, 428 ms
VACUUM
Time: 0 hrs, 0 mins, 5 secs, 988 ms

Wed Jan 19 08:46:28 EST 2011

Timing is on.

           650 - LOAD_BN_SESSION_STAGE

BEGIN
Time: 0 hrs, 0 mins, 0 secs, 696 ms
SET
Time: 0 hrs, 0 mins, 0 secs, 11 ms
SET
Time: 0 hrs, 0 mins, 0 secs, 24 ms
CREATE TABLE
Time: 0 hrs, 0 mins, 39 secs, 758 ms
ANALYZE
Time: 0 hrs, 0 mins, 3 secs, 486 ms
 tmp_sessionized_stage 
-----------------------
              18716824
(1 row)

Time: 0 hrs, 0 mins, 0 secs, 245 ms
TRUNCATE
Time: 0 hrs, 0 mins, 1 secs, 373 ms
INSERT 0 1749602
Time: 0 hrs, 0 mins, 22 secs, 370 ms
ANALYZE
Time: 0 hrs, 0 mins, 1 secs, 45 ms
CREATE TABLE
Time: 0 hrs, 0 mins, 46 secs, 388 ms
CREATE INDEX
Time: 0 hrs, 0 mins, 0 secs, 295 ms
 tmp_first_last 
----------------
        1749602
(1 row)

Time: 0 hrs, 0 mins, 0 secs, 140 ms
ANALYZE
Time: 0 hrs, 0 mins, 0 secs, 788 ms
SET
Time: 0 hrs, 0 mins, 0 secs, 27 ms
SET
Time: 0 hrs, 0 mins, 0 secs, 27 ms
TRUNCATE
Time: 0 hrs, 0 mins, 0 secs, 719 ms
DROP
Time: 0 hrs, 0 mins, 0 secs, 75 ms
INSERT 0 1749602
Time: 0 hrs, 0 mins, 6 secs, 796 ms
 bn_session_stage 
------------------
          1749602
(1 row)

Time: 0 hrs, 0 mins, 0 secs, 488 ms
CREATE INDEX
Time: 0 hrs, 0 mins, 0 secs, 349 ms
ANALYZE
Time: 0 hrs, 0 mins, 0 secs, 938 ms
TRUNCATE
Time: 0 hrs, 0 mins, 0 secs, 484 ms
END
Time: 0 hrs, 0 mins, 1 secs, 841 ms

Wed Jan 19 08:48:37 EST 2011

BEGIN

           660 - LOAD_BN_SESSION_UPDATE_STAGE

SET
TRUNCATE
INSERT 0 0
END

Wed Jan 19 08:48:41 EST 2011

Timing is on.

           670 - LOAD_BN_SESSION_20110118.UPDATES

BEGIN
Time: 0 hrs, 0 mins, 0 secs, 731 ms
SET
Time: 0 hrs, 0 mins, 0 secs, 10 ms
UPDATE 0
Time: 0 hrs, 0 mins, 0 secs, 454 ms
END
Time: 0 hrs, 0 mins, 0 secs, 787 ms
VACUUM
Time: 0 hrs, 0 mins, 2 secs, 291 ms

Wed Jan 19 08:48:45 EST 2011

Timing is on.

           700 - LOAD_BN_SESSION

BEGIN
Time: 0 hrs, 0 mins, 0 secs, 725 ms
SET
Time: 0 hrs, 0 mins, 0 secs, 13 ms
INSERT 0 1749602
Time: 0 hrs, 0 mins, 5 secs, 573 ms
ANALYZE
Time: 0 hrs, 0 mins, 0 secs, 839 ms
END
Time: 0 hrs, 0 mins, 0 secs, 911 ms

Wed Jan 19 08:48:54 EST 2011

Timing is on.

            750 - LOAD_BN_SESSION_SUMMARY   

BEGIN
Time: 0 hrs, 0 mins, 0 secs, 699 ms
SET
Time: 0 hrs, 0 mins, 0 secs, 11 ms
CREATE TABLE
Time: 0 hrs, 0 mins, 5 secs, 259 ms
TRUNCATE
Time: 0 hrs, 0 mins, 0 secs, 472 ms
INSERT 0 223437
Time: 0 hrs, 0 mins, 3 secs, 956 ms
ANALYZE
Time: 0 hrs, 0 mins, 0 secs, 672 ms
 count(1) 
----------
   223437
(1 row)

Time: 0 hrs, 0 mins, 0 secs, 289 ms
END
Time: 0 hrs, 0 mins, 1 secs, 38 ms

Wed Jan 19 08:49:06 EST 2011

Timing is on.

           800 - LOAD_BN_HITS

BEGIN
Time: 0 hrs, 0 mins, 0 secs, 667 ms
SET
Time: 0 hrs, 0 mins, 0 secs, 13 ms
SET
Time: 0 hrs, 0 mins, 0 secs, 43 ms
SET
Time: 0 hrs, 0 mins, 0 secs, 51 ms
SET
Time: 0 hrs, 0 mins, 0 secs, 28 ms
TRUNCATE
Time: 0 hrs, 0 mins, 0 secs, 483 ms
INSERT 0 18716824
Time: 0 hrs, 0 mins, 6 secs, 30 ms
 count(1) 
----------
 18716824
(1 row)

Time: 0 hrs, 0 mins, 0 secs, 471 ms
ANALYZE
Time: 0 hrs, 0 mins, 3 secs, 259 ms
END
Time: 0 hrs, 0 mins, 1 secs, 168 ms

Wed Jan 19 08:49:19 EST 2011

Timing is on.

            900 - LOAD_CLICKSTREAM   

BEGIN
Time: 0 hrs, 0 mins, 0 secs, 969 ms
SET
Time: 0 hrs, 0 mins, 0 secs, 12 ms
TRUNCATE
Time: 0 hrs, 0 mins, 0 secs, 397 ms
INSERT 0 18716824
Time: 0 hrs, 1 mins, 9 secs, 512 ms
 count(1) 
----------
 18716824
(1 row)

Time: 0 hrs, 0 mins, 0 secs, 237 ms
ANALYZE
Time: 0 hrs, 0 mins, 1 secs, 134 ms
END
Time: 0 hrs, 0 mins, 1 secs, 279 ms

Wed Jan 19 08:50:33 EST 2011

Timing is on.

            1000 - PAGE_VIEW_SUMMARY  

BEGIN
Time: 0 hrs, 0 mins, 0 secs, 634 ms
SET
Time: 0 hrs, 0 mins, 0 secs, 19 ms
TRUNCATE
Time: 0 hrs, 0 mins, 0 secs, 596 ms
INSERT 0 40426
Time: 0 hrs, 0 mins, 2 secs, 759 ms
 count(1) 
----------
    40426
(1 row)

Time: 0 hrs, 0 mins, 0 secs, 110 ms
ANALYZE
Time: 0 hrs, 0 mins, 0 secs, 40 ms
END
Time: 0 hrs, 0 mins, 0 secs, 894 ms
Wed Jan 19 08:50:38 EST 2011
Removing lock file and waiting for a minute
Checking for lock file /tmp/.iislock
Acquired lock file /tmp/.iislock
-------------------------------------
Processing for 20110118
-------------------------------------

Thu Jan 20 09:04:27 EST 2011

Timing is on.

           000 - INIT

BEGIN
Time: 0 hrs, 0 mins, 0 secs, 638 ms
*** Truncating staging tables before workflow starts ***
SET
Time: 0 hrs, 0 mins, 0 secs, 11 ms
GRANT
Time: 0 hrs, 0 mins, 1 secs, 796 ms
END
Time: 0 hrs, 0 mins, 3 secs, 295 ms

Thu Jan 20 09:04:33 EST 2011

Timing is on.

            200 - LOAD_BN_IISLOGS   

BEGIN
Time: 0 hrs, 0 mins, 0 secs, 749 ms
SET
Time: 0 hrs, 0 mins, 0 secs, 11 ms
TRUNCATE
Time: 0 hrs, 0 mins, 0 secs, 643 ms
INSERT 0 65461190
Time: 0 hrs, 8 mins, 29 secs, 724 ms
END
Time: 0 hrs, 0 mins, 2 secs, 14 ms
ALTER TABLE
Time: 0 hrs, 0 mins, 2 secs, 887 ms

Thu Jan 20 09:13:09 EST 2011

Timing is on.
BEGIN
Time: 0 hrs, 0 mins, 0 secs, 761 ms
SET
Time: 0 hrs, 0 mins, 0 secs, 10 ms

            250 - LOAD_BN_HITS_SP   

TRUNCATE
Time: 0 hrs, 0 mins, 0 secs, 679 ms
INSERT 0 18939148
Time: 0 hrs, 1 mins, 4 secs, 747 ms
ANALYZE
Time: 0 hrs, 0 mins, 1 secs, 745 ms
END
Time: 0 hrs, 0 mins, 1 secs, 346 ms

Thu Jan 20 09:14:19 EST 2011

Timing is on.
BEGIN
Time: 0 hrs, 0 mins, 0 secs, 576 ms
SET
Time: 0 hrs, 0 mins, 0 secs, 11 ms

           300 - DYNAMIC FILTER

TRUNCATE
Time: 0 hrs, 0 mins, 0 secs, 501 ms
INSERT 0 13074710
Time: 0 hrs, 0 mins, 2 secs, 344 ms
ANALYZE
Time: 0 hrs, 0 mins, 1 secs, 283 ms
 Total records in web_click_cnt 
--------------------------------
                       13074710
(1 row)

Time: 0 hrs, 0 mins, 0 secs, 710 ms
CREATE TABLE
Time: 0 hrs, 0 mins, 1 secs, 307 ms
ANALYZE
Time: 0 hrs, 0 mins, 0 secs, 94 ms
CREATE TABLE
Time: 0 hrs, 0 mins, 0 secs, 415 ms
ANALYZE
Time: 0 hrs, 0 mins, 0 secs, 108 ms
DELETE 1
Time: 0 hrs, 0 mins, 0 secs, 112 ms
INSERT 0 1
Time: 0 hrs, 0 mins, 0 secs, 250 ms
DELETE 1
Time: 0 hrs, 0 mins, 0 secs, 93 ms
INSERT 0 1
Time: 0 hrs, 0 mins, 0 secs, 252 ms
CREATE TABLE
Time: 0 hrs, 0 mins, 1 secs, 442 ms
ANALYZE
Time: 0 hrs, 0 mins, 0 secs, 97 ms
CREATE TABLE
Time: 0 hrs, 0 mins, 0 secs, 429 ms
ANALYZE
Time: 0 hrs, 0 mins, 0 secs, 98 ms
DELETE 1
Time: 0 hrs, 0 mins, 0 secs, 106 ms
INSERT 0 1
Time: 0 hrs, 0 mins, 0 secs, 320 ms
DELETE 1
Time: 0 hrs, 0 mins, 0 secs, 184 ms
INSERT 0 1
Time: 0 hrs, 0 mins, 0 secs, 283 ms
ANALYZE
Time: 0 hrs, 0 mins, 0 secs, 28 ms
    tablename     |    attr_name    | attr_value 
------------------+-----------------+------------
 BN_FILTER_SPIDER | CLK_USER_SD_MPL | 10
 BN_FILTER_SPIDER | IP_USER_SD_MPL  | 1
 BN_FILTER_SPIDER | IP_USER_RATIO   | .955
 BN_FILTER_SPIDER | CLK_USER_MEAN   | 17.404
 BN_FILTER_SPIDER | CLK_USER_SD     | 302.044
 BN_FILTER_SPIDER | IP_USER_MEAN    | 11.523
 BN_FILTER_SPIDER | IP_USER_SD      | 1460.171
(7 rows)

Time: 0 hrs, 0 mins, 0 secs, 106 ms
CREATE TABLE
Time: 0 hrs, 0 mins, 2 secs, 839 ms
CREATE TABLE
Time: 0 hrs, 0 mins, 0 secs, 201 ms
 l_mean_sd_mpl 
---------------
      3037.844
(1 row)

Time: 0 hrs, 0 mins, 0 secs, 81 ms
TRUNCATE
Time: 0 hrs, 0 mins, 0 secs, 509 ms
INSERT 0 52
Time: 0 hrs, 0 mins, 3 secs, 523 ms
ANALYZE
Time: 0 hrs, 0 mins, 0 secs, 88 ms
 Total click_user bn_spider_ip records 
---------------------------------------
                                    52
(1 row)

Time: 0 hrs, 0 mins, 0 secs, 448 ms
CREATE TABLE
Time: 0 hrs, 0 mins, 1 secs, 30 ms
ANALYZE
Time: 0 hrs, 0 mins, 0 secs, 342 ms
CREATE TABLE
Time: 0 hrs, 0 mins, 1 secs, 258 ms
ANALYZE
Time: 0 hrs, 0 mins, 0 secs, 137 ms
DROP 
Time: 0 hrs, 0 mins, 0 secs, 378 ms
CREATE TABLE
Time: 0 hrs, 0 mins, 0 secs, 198 ms
 l_mean_sd_mpl | l_ratio 
---------------+---------
      1471.694 |   0.955
(1 row)

Time: 0 hrs, 0 mins, 0 secs, 105 ms
INSERT 0 10772909
Time: 0 hrs, 0 mins, 4 secs, 298 ms
ANALYZE
Time: 0 hrs, 0 mins, 0 secs, 224 ms
 Total ip_user_filter bn_spider_ip records 
-------------------------------------------
                                  10772909
(1 row)

Time: 0 hrs, 0 mins, 0 secs, 328 ms
TRUNCATE
Time: 0 hrs, 0 mins, 0 secs, 354 ms
INSERT 0 26432583
Time: 0 hrs, 0 mins, 19 secs, 341 ms
ANALYZE
Time: 0 hrs, 0 mins, 2 secs, 423 ms
 bn_hits_stage 
---------------
      26432583
(1 row)

Time: 0 hrs, 0 mins, 0 secs, 248 ms
INSERT 0 12051129
Time: 0 hrs, 0 mins, 30 secs, 481 ms
ANALYZE
Time: 0 hrs, 0 mins, 1 secs, 772 ms
 bn_hits_sp_20110118 
---------------------
            30990277
(1 row)

Time: 0 hrs, 0 mins, 4 secs, 242 ms
TRUNCATE
Time: 0 hrs, 0 mins, 1 secs, 199 ms
INSERT 0 8038330
Time: 0 hrs, 0 mins, 3 secs, 894 ms
ANALYZE
Time: 0 hrs, 0 mins, 1 secs, 562 ms
 bn_hits_client_20110118 
-------------------------
                 8038330
(1 row)

Time: 0 hrs, 0 mins, 0 secs, 134 ms
END
Time: 0 hrs, 0 mins, 4 secs, 819 ms

Thu Jan 20 09:15:57 EST 2011

Timing is on.
BEGIN
Time: 0 hrs, 0 mins, 1 secs, 5 ms

           600 - LOAD RESOURCES

SET
Time: 0 hrs, 0 mins, 0 secs, 9 ms
CREATE TABLE
Time: 0 hrs, 0 mins, 4 secs, 826 ms
ANALYZE
Time: 0 hrs, 0 mins, 0 secs, 348 ms
 tmp_a_count 
-------------
       45394
(1 row)

Time: 0 hrs, 0 mins, 0 secs, 155 ms
UPDATE 0
Time: 0 hrs, 0 mins, 1 secs, 421 ms
ANALYZE
Time: 0 hrs, 0 mins, 0 secs, 628 ms
TRUNCATE
Time: 0 hrs, 0 mins, 0 secs, 823 ms
INSERT 0 0
Time: 0 hrs, 0 mins, 3 secs, 273 ms
ANALYZE
Time: 0 hrs, 0 mins, 0 secs, 24 ms
 first_resource_id | last_resource_id 
-------------------+------------------
                   |                 
(1 row)

Time: 0 hrs, 0 mins, 0 secs, 172 ms
INSERT 0 0
Time: 0 hrs, 0 mins, 0 secs, 864 ms
 total_resources 
-----------------
        12744766
(1 row)

Time: 0 hrs, 0 mins, 0 secs, 125 ms
ANALYZE
Time: 0 hrs, 0 mins, 0 secs, 516 ms
END
Time: 0 hrs, 0 mins, 4 secs, 207 ms
VACUUM
Time: 0 hrs, 0 mins, 15 secs, 967 ms

Thu Jan 20 09:16:31 EST 2011

Timing is on.

           650 - LOAD_BN_SESSION_STAGE

BEGIN
Time: 0 hrs, 0 mins, 0 secs, 795 ms
SET
Time: 0 hrs, 0 mins, 0 secs, 10 ms
SET
Time: 0 hrs, 0 mins, 0 secs, 20 ms
CREATE TABLE
Time: 0 hrs, 0 mins, 42 secs, 707 ms
ANALYZE
Time: 0 hrs, 0 mins, 3 secs, 317 ms
 tmp_sessionized_stage 
-----------------------
              26432583
(1 row)

Time: 0 hrs, 0 mins, 0 secs, 842 ms
TRUNCATE
Time: 0 hrs, 0 mins, 3 secs, 771 ms
INSERT 0 2360057
Time: 0 hrs, 1 mins, 2 secs, 721 ms
ANALYZE
Time: 0 hrs, 0 mins, 0 secs, 799 ms
CREATE TABLE
Time: 0 hrs, 0 mins, 55 secs, 45 ms
CREATE INDEX
Time: 0 hrs, 0 mins, 0 secs, 208 ms
 tmp_first_last 
----------------
        2360057
(1 row)

Time: 0 hrs, 0 mins, 0 secs, 118 ms
ANALYZE
Time: 0 hrs, 0 mins, 0 secs, 747 ms
SET
Time: 0 hrs, 0 mins, 0 secs, 23 ms
SET
Time: 0 hrs, 0 mins, 0 secs, 20 ms
TRUNCATE
Time: 0 hrs, 0 mins, 1 secs, 532 ms
DROP
Time: 0 hrs, 0 mins, 0 secs, 56 ms
INSERT 0 2360057
Time: 0 hrs, 0 mins, 6 secs, 515 ms
 bn_session_stage 
------------------
          2360057
(1 row)

Time: 0 hrs, 0 mins, 0 secs, 695 ms
CREATE INDEX
Time: 0 hrs, 0 mins, 0 secs, 848 ms
ANALYZE
Time: 0 hrs, 0 mins, 0 secs, 808 ms
TRUNCATE
Time: 0 hrs, 0 mins, 0 secs, 980 ms
END
Time: 0 hrs, 0 mins, 2 secs, 622 ms

Thu Jan 20 09:19:36 EST 2011

BEGIN

           660 - LOAD_BN_SESSION_UPDATE_STAGE

SET
TRUNCATE
INSERT 0 0
END

Thu Jan 20 09:19:41 EST 2011

Timing is on.

           670 - LOAD_BN_SESSION_20110118.UPDATES

BEGIN
Time: 0 hrs, 0 mins, 0 secs, 728 ms
SET
Time: 0 hrs, 0 mins, 0 secs, 10 ms
UPDATE 0
Time: 0 hrs, 0 mins, 0 secs, 435 ms
END
Time: 0 hrs, 0 mins, 0 secs, 647 ms
VACUUM
Time: 0 hrs, 0 mins, 5 secs, 258 ms

Thu Jan 20 09:19:49 EST 2011

Timing is on.

           700 - LOAD_BN_SESSION

BEGIN
Time: 0 hrs, 0 mins, 0 secs, 608 ms
SET
Time: 0 hrs, 0 mins, 0 secs, 12 ms
INSERT 0 2360057
Time: 0 hrs, 0 mins, 6 secs, 530 ms
ANALYZE
Time: 0 hrs, 0 mins, 0 secs, 943 ms
END
Time: 0 hrs, 0 mins, 0 secs, 907 ms

Thu Jan 20 09:19:58 EST 2011

Timing is on.

            750 - LOAD_BN_SESSION_SUMMARY   

BEGIN
Time: 0 hrs, 0 mins, 0 secs, 847 ms
SET
Time: 0 hrs, 0 mins, 0 secs, 9 ms
CREATE TABLE
Time: 0 hrs, 0 mins, 5 secs, 649 ms
TRUNCATE
Time: 0 hrs, 0 mins, 0 secs, 690 ms
INSERT 0 286146
Time: 0 hrs, 0 mins, 4 secs, 102 ms
ANALYZE
Time: 0 hrs, 0 mins, 0 secs, 682 ms
 count(1) 
----------
   286146
(1 row)

Time: 0 hrs, 0 mins, 0 secs, 87 ms
END
Time: 0 hrs, 0 mins, 1 secs, 124 ms

Thu Jan 20 09:20:11 EST 2011

Timing is on.

           800 - LOAD_BN_HITS

BEGIN
Time: 0 hrs, 0 mins, 0 secs, 656 ms
SET
Time: 0 hrs, 0 mins, 0 secs, 11 ms
SET
Time: 0 hrs, 0 mins, 0 secs, 18 ms
SET
Time: 0 hrs, 0 mins, 0 secs, 18 ms
SET
Time: 0 hrs, 0 mins, 0 secs, 19 ms
TRUNCATE
Time: 0 hrs, 0 mins, 0 secs, 623 ms
INSERT 0 26432583
Time: 0 hrs, 0 mins, 10 secs, 60 ms
 count(1) 
----------
 26432583
(1 row)

Time: 0 hrs, 0 mins, 0 secs, 898 ms
ANALYZE
Time: 0 hrs, 0 mins, 2 secs, 267 ms
END
Time: 0 hrs, 0 mins, 1 secs, 139 ms

Thu Jan 20 09:20:27 EST 2011

Timing is on.

            900 - LOAD_CLICKSTREAM   

BEGIN
Time: 0 hrs, 0 mins, 0 secs, 682 ms
SET
Time: 0 hrs, 0 mins, 0 secs, 11 ms
TRUNCATE
Time: 0 hrs, 0 mins, 0 secs, 563 ms
INSERT 0 26432583
Time: 0 hrs, 1 mins, 46 secs, 631 ms
 count(1) 
----------
 26432583
(1 row)

Time: 0 hrs, 0 mins, 0 secs, 481 ms
ANALYZE
Time: 0 hrs, 0 mins, 1 secs, 216 ms
END
Time: 0 hrs, 0 mins, 8 secs, 302 ms

Thu Jan 20 09:22:25 EST 2011

Timing is on.

            1000 - PAGE_VIEW_SUMMARY  

BEGIN
Time: 0 hrs, 0 mins, 1 secs, 794 ms
SET
Time: 0 hrs, 0 mins, 0 secs, 11 ms
TRUNCATE
Time: 0 hrs, 0 mins, 0 secs, 415 ms
INSERT 0 53197
Time: 0 hrs, 0 mins, 3 secs, 871 ms
 count(1) 
----------
    53197
(1 row)

Time: 0 hrs, 0 mins, 0 secs, 229 ms
ANALYZE
Time: 0 hrs, 0 mins, 0 secs, 65 ms
END
Time: 0 hrs, 0 mins, 3 secs, 106 ms
Thu Jan 20 09:22:35 EST 2011
Removing lock file and waiting for a minute
