Checking for lock file /tmp/.iislock
Acquired lock file /tmp/.iislock
-------------------------------------
Processing for 20110208
-------------------------------------

Wed Feb 9 08:30:10 EST 2011

Timing is on.

           000 - INIT

BEGIN
Time: 0 hrs, 0 mins, 1 secs, 177 ms
*** Truncating staging tables before workflow starts ***
SET
Time: 0 hrs, 0 mins, 0 secs, 11 ms
GRANT
Time: 0 hrs, 0 mins, 5 secs, 459 ms
END
Time: 0 hrs, 0 mins, 29 secs, 559 ms

Wed Feb 9 08:30:47 EST 2011

Timing is on.

            200 - LOAD_BN_IISLOGS   

BEGIN
Time: 0 hrs, 5 mins, 28 secs, 792 ms
SET
Time: 0 hrs, 0 mins, 0 secs, 15 ms
ERROR:  The supplied statement could not be completed due to a database node failure. Please attempt to re-issue the statement.
NOTICE:  current transaction is aborted, queries ignored until end of transaction block
ABORT
Time: 0 hrs, 0 mins, 0 secs, 40 ms
ALTER TABLE
Time: 0 hrs, 20 mins, 49 secs, 588 ms

Wed Feb 9 08:57:14 EST 2011

Timing is on.
BEGIN
Time: 0 hrs, 0 mins, 0 secs, 816 ms
SET
Time: 0 hrs, 0 mins, 0 secs, 11 ms

            250 - LOAD_BN_HITS_SP   

TRUNCATE
Time: 0 hrs, 0 mins, 0 secs, 657 ms
ERROR:  new row for relation "bn_hits_sp_20110208" violates check constraint "bn_hits_sp_20110208_daily"
NOTICE:  current transaction is aborted, queries ignored until end of transaction block
ABORT
Time: 0 hrs, 0 mins, 0 secs, 159 ms

Wed Feb 9 08:57:17 EST 2011

Timing is on.
BEGIN
Time: 0 hrs, 0 mins, 0 secs, 931 ms
SET
Time: 0 hrs, 0 mins, 0 secs, 27 ms

           300 - DYNAMIC FILTER

TRUNCATE
Time: 0 hrs, 0 mins, 0 secs, 767 ms
INSERT 0 9066878
Time: 0 hrs, 0 mins, 10 secs, 666 ms
ANALYZE
Time: 0 hrs, 0 mins, 0 secs, 447 ms
 Total records in web_click_cnt 
--------------------------------
                        9066878
(1 row)

Time: 0 hrs, 0 mins, 0 secs, 293 ms
CREATE TABLE
Time: 0 hrs, 0 mins, 4 secs, 871 ms
ANALYZE
Time: 0 hrs, 0 mins, 0 secs, 386 ms
CREATE TABLE
Time: 0 hrs, 0 mins, 3 secs, 469 ms
ANALYZE
Time: 0 hrs, 0 mins, 0 secs, 499 ms
DELETE 1
Time: 0 hrs, 0 mins, 0 secs, 922 ms
INSERT 0 1
Time: 0 hrs, 0 mins, 0 secs, 356 ms
DELETE 1
Time: 0 hrs, 0 mins, 0 secs, 115 ms
INSERT 0 1
Time: 0 hrs, 0 mins, 0 secs, 415 ms
CREATE TABLE
Time: 0 hrs, 0 mins, 4 secs, 524 ms
ANALYZE
Time: 0 hrs, 0 mins, 0 secs, 96 ms
CREATE TABLE
Time: 0 hrs, 0 mins, 0 secs, 708 ms
ANALYZE
Time: 0 hrs, 0 mins, 0 secs, 137 ms
DELETE 1
Time: 0 hrs, 0 mins, 0 secs, 109 ms
INSERT 0 1
Time: 0 hrs, 0 mins, 0 secs, 353 ms
DELETE 1
Time: 0 hrs, 0 mins, 0 secs, 123 ms
INSERT 0 1
Time: 0 hrs, 0 mins, 0 secs, 461 ms
ANALYZE
Time: 0 hrs, 0 mins, 0 secs, 642 ms
    tablename     |    attr_name    | attr_value 
------------------+-----------------+------------
 BN_FILTER_SPIDER | CLK_USER_SD_MPL | 10
 BN_FILTER_SPIDER | IP_USER_SD_MPL  | 1
 BN_FILTER_SPIDER | IP_USER_RATIO   | .955
 BN_FILTER_SPIDER | CLK_USER_MEAN   | 19.449
 BN_FILTER_SPIDER | CLK_USER_SD     | 227.648
 BN_FILTER_SPIDER | IP_USER_MEAN    | 10.702
 BN_FILTER_SPIDER | IP_USER_SD      | 1616.078
(7 rows)

Time: 0 hrs, 0 mins, 0 secs, 231 ms
CREATE TABLE
Time: 0 hrs, 0 mins, 5 secs, 44 ms
CREATE TABLE
Time: 0 hrs, 0 mins, 0 secs, 862 ms
 l_mean_sd_mpl 
---------------
      2295.929
(1 row)

Time: 0 hrs, 0 mins, 0 secs, 162 ms
TRUNCATE
Time: 0 hrs, 0 mins, 0 secs, 697 ms
INSERT 0 33
Time: 0 hrs, 0 mins, 5 secs, 336 ms
ANALYZE
Time: 0 hrs, 0 mins, 0 secs, 47 ms
 Total click_user bn_spider_ip records 
---------------------------------------
                                    33
(1 row)

Time: 0 hrs, 0 mins, 0 secs, 209 ms
CREATE TABLE
Time: 0 hrs, 0 mins, 5 secs, 589 ms
ANALYZE
Time: 0 hrs, 0 mins, 0 secs, 53 ms
CREATE TABLE
Time: 0 hrs, 0 mins, 4 secs, 176 ms
ANALYZE
Time: 0 hrs, 0 mins, 0 secs, 101 ms
DROP 
Time: 0 hrs, 0 mins, 0 secs, 401 ms
CREATE TABLE
Time: 0 hrs, 0 mins, 0 secs, 253 ms
 l_mean_sd_mpl | l_ratio 
---------------+---------
      1626.780 |   0.955
(1 row)

Time: 0 hrs, 0 mins, 0 secs, 583 ms
INSERT 0 7042449
Time: 0 hrs, 0 mins, 5 secs, 63 ms
ANALYZE
Time: 0 hrs, 0 mins, 0 secs, 213 ms
 Total ip_user_filter bn_spider_ip records 
-------------------------------------------
                                   7042449
(1 row)

Time: 0 hrs, 0 mins, 0 secs, 561 ms
TRUNCATE
Time: 0 hrs, 0 mins, 0 secs, 460 ms
INSERT 0 21800691
Time: 0 hrs, 0 mins, 37 secs, 165 ms
ANALYZE
Time: 0 hrs, 0 mins, 3 secs, 234 ms
 bn_hits_stage 
---------------
      21800691
(1 row)

Time: 0 hrs, 0 mins, 0 secs, 236 ms
ERROR:  new row for relation "bn_hits_sp_20110208" violates check constraint "bn_hits_sp_20110208_daily"
NOTICE:  current transaction is aborted, queries ignored until end of transaction block
NOTICE:  current transaction is aborted, queries ignored until end of transaction block
NOTICE:  current transaction is aborted, queries ignored until end of transaction block
NOTICE:  current transaction is aborted, queries ignored until end of transaction block
NOTICE:  current transaction is aborted, queries ignored until end of transaction block
NOTICE:  current transaction is aborted, queries ignored until end of transaction block
ABORT
Time: 0 hrs, 0 mins, 0 secs, 27 ms

Wed Feb 9 08:59:13 EST 2011

Timing is on.
BEGIN
Time: 0 hrs, 0 mins, 0 secs, 764 ms

           600 - LOAD RESOURCES

SET
Time: 0 hrs, 0 mins, 0 secs, 11 ms
CREATE TABLE
Time: 0 hrs, 0 mins, 12 secs, 306 ms
ANALYZE
Time: 0 hrs, 0 mins, 0 secs, 545 ms
 tmp_a_count 
-------------
       42608
(1 row)

Time: 0 hrs, 0 mins, 0 secs, 81 ms
UPDATE 0
Time: 0 hrs, 0 mins, 1 secs, 935 ms
ANALYZE
Time: 0 hrs, 0 mins, 0 secs, 683 ms
TRUNCATE
Time: 0 hrs, 0 mins, 1 secs, 282 ms
INSERT 0 0
Time: 0 hrs, 0 mins, 9 secs, 224 ms
ANALYZE
Time: 0 hrs, 0 mins, 0 secs, 25 ms
 first_resource_id | last_resource_id 
-------------------+------------------
                   |                 
(1 row)

Time: 0 hrs, 0 mins, 0 secs, 514 ms
INSERT 0 0
Time: 0 hrs, 0 mins, 1 secs, 224 ms
 total_resources 
-----------------
        12852505
(1 row)

Time: 0 hrs, 0 mins, 0 secs, 141 ms
ANALYZE
Time: 0 hrs, 0 mins, 0 secs, 655 ms
END
Time: 0 hrs, 0 mins, 1 secs, 318 ms
VACUUM
Time: 0 hrs, 0 mins, 2 secs, 418 ms

Wed Feb 9 08:59:47 EST 2011

Timing is on.

           650 - LOAD_BN_SESSION_STAGE

BEGIN
Time: 0 hrs, 0 mins, 0 secs, 602 ms
SET
Time: 0 hrs, 0 mins, 0 secs, 9 ms
SET
Time: 0 hrs, 0 mins, 0 secs, 18 ms
CREATE TABLE
Time: 0 hrs, 1 mins, 56 secs, 982 ms
ANALYZE
Time: 0 hrs, 0 mins, 3 secs, 97 ms
 tmp_sessionized_stage 
-----------------------
              21800691
(1 row)

Time: 0 hrs, 0 mins, 0 secs, 580 ms
TRUNCATE
Time: 0 hrs, 0 mins, 0 secs, 348 ms
INSERT 0 1664656
Time: 0 hrs, 0 mins, 18 secs, 631 ms
ANALYZE
Time: 0 hrs, 0 mins, 0 secs, 898 ms
CREATE TABLE
Time: 0 hrs, 1 mins, 8 secs, 391 ms
CREATE INDEX
Time: 0 hrs, 0 mins, 0 secs, 976 ms
 tmp_first_last 
----------------
        1664656
(1 row)

Time: 0 hrs, 0 mins, 0 secs, 375 ms
ANALYZE
Time: 0 hrs, 0 mins, 0 secs, 564 ms
SET
Time: 0 hrs, 0 mins, 0 secs, 22 ms
SET
Time: 0 hrs, 0 mins, 0 secs, 28 ms
TRUNCATE
Time: 0 hrs, 0 mins, 1 secs, 231 ms
DROP
Time: 0 hrs, 0 mins, 0 secs, 128 ms
INSERT 0 1664656
Time: 0 hrs, 0 mins, 6 secs, 670 ms
 bn_session_stage 
------------------
          1664656
(1 row)

Time: 0 hrs, 0 mins, 0 secs, 815 ms
CREATE INDEX
Time: 0 hrs, 0 mins, 0 secs, 693 ms
ANALYZE
Time: 0 hrs, 0 mins, 1 secs, 15 ms
TRUNCATE
Time: 0 hrs, 0 mins, 0 secs, 520 ms
END
Time: 0 hrs, 0 mins, 7 secs, 539 ms

Wed Feb 9 09:03:37 EST 2011

BEGIN

           660 - LOAD_BN_SESSION_UPDATE_STAGE

SET
TRUNCATE
INSERT 0 0
END

Wed Feb 9 09:03:41 EST 2011

Timing is on.

           670 - LOAD_BN_SESSION_20110208.UPDATES

BEGIN
Time: 0 hrs, 0 mins, 0 secs, 608 ms
SET
Time: 0 hrs, 0 mins, 0 secs, 13 ms
UPDATE 0
Time: 0 hrs, 0 mins, 0 secs, 443 ms
END
Time: 0 hrs, 0 mins, 0 secs, 961 ms
VACUUM
Time: 0 hrs, 0 mins, 2 secs, 712 ms

Wed Feb 9 09:03:46 EST 2011

Timing is on.

           700 - LOAD_BN_SESSION

BEGIN
Time: 0 hrs, 0 mins, 0 secs, 684 ms
SET
Time: 0 hrs, 0 mins, 0 secs, 11 ms
INSERT 0 0
Time: 0 hrs, 0 mins, 1 secs, 849 ms
ANALYZE
Time: 0 hrs, 0 mins, 0 secs, 27 ms
END
Time: 0 hrs, 0 mins, 0 secs, 806 ms

Wed Feb 9 09:03:50 EST 2011

Timing is on.

            750 - LOAD_BN_SESSION_SUMMARY   

BEGIN
Time: 0 hrs, 0 mins, 0 secs, 567 ms
SET
Time: 0 hrs, 0 mins, 0 secs, 11 ms
CREATE TABLE
Time: 0 hrs, 0 mins, 4 secs, 915 ms
TRUNCATE
Time: 0 hrs, 0 mins, 0 secs, 455 ms
INSERT 0 0
Time: 0 hrs, 0 mins, 1 secs, 59 ms
ANALYZE
Time: 0 hrs, 0 mins, 0 secs, 26 ms
 count(1) 
----------
        0
(1 row)

Time: 0 hrs, 0 mins, 0 secs, 271 ms
END
Time: 0 hrs, 0 mins, 1 secs, 547 ms

Wed Feb 9 09:03:59 EST 2011

Timing is on.

           800 - LOAD_BN_HITS

BEGIN
Time: 0 hrs, 0 mins, 0 secs, 758 ms
SET
Time: 0 hrs, 0 mins, 0 secs, 14 ms
SET
Time: 0 hrs, 0 mins, 0 secs, 19 ms
SET
Time: 0 hrs, 0 mins, 0 secs, 18 ms
SET
Time: 0 hrs, 0 mins, 0 secs, 19 ms
TRUNCATE
Time: 0 hrs, 0 mins, 0 secs, 282 ms
INSERT 0 0
Time: 0 hrs, 0 mins, 0 secs, 877 ms
 count(1) 
----------
        0
(1 row)

Time: 0 hrs, 0 mins, 0 secs, 878 ms
ANALYZE
Time: 0 hrs, 0 mins, 0 secs, 24 ms
END
Time: 0 hrs, 0 mins, 0 secs, 974 ms

Wed Feb 9 09:04:03 EST 2011

Timing is on.

            900 - LOAD_CLICKSTREAM   

BEGIN
Time: 0 hrs, 0 mins, 0 secs, 622 ms
SET
Time: 0 hrs, 0 mins, 0 secs, 11 ms
TRUNCATE
Time: 0 hrs, 0 mins, 0 secs, 783 ms
INSERT 0 0
Time: 0 hrs, 0 mins, 9 secs, 480 ms
 count(1) 
----------
        0
(1 row)

Time: 0 hrs, 0 mins, 0 secs, 96 ms
ANALYZE
Time: 0 hrs, 0 mins, 0 secs, 25 ms
END
Time: 0 hrs, 0 mins, 0 secs, 771 ms

Wed Feb 9 09:04:15 EST 2011

Timing is on.

            1000 - PAGE_VIEW_SUMMARY  

BEGIN
Time: 0 hrs, 0 mins, 1 secs, 171 ms
SET
Time: 0 hrs, 0 mins, 0 secs, 13 ms
SET
Time: 0 hrs, 0 mins, 0 secs, 72 ms
TRUNCATE
Time: 0 hrs, 0 mins, 0 secs, 660 ms
INSERT 0 0
Time: 0 hrs, 0 mins, 1 secs, 440 ms
 count(1) 
----------
        0
(1 row)

Time: 0 hrs, 0 mins, 0 secs, 149 ms
ANALYZE
Time: 0 hrs, 0 mins, 0 secs, 25 ms
END
Time: 0 hrs, 0 mins, 0 secs, 885 ms

Wed Feb 9 09:04:20 EST 2011


2000 - WRAP UP 

Timing is on.
BEGIN
Time: 0 hrs, 0 mins, 0 secs, 678 ms
TRUNCATE
Time: 0 hrs, 0 mins, 0 secs, 182 ms
TRUNCATE
Time: 0 hrs, 0 mins, 0 secs, 251 ms
END
Time: 0 hrs, 0 mins, 0 secs, 747 ms
Wed Feb 9 09:04:22 EST 2011
Removing lock file and waiting for a minute
Checking for lock file /tmp/.iislock
Acquired lock file /tmp/.iislock
-------------------------------------
Processing for 20110208
-------------------------------------

Thu Feb 10 11:31:26 EST 2011

Timing is on.

           000 - INIT

BEGIN
Time: 0 hrs, 0 mins, 0 secs, 522 ms
*** Truncating staging tables before workflow starts ***
SET
Time: 0 hrs, 0 mins, 0 secs, 12 ms
GRANT
Time: 0 hrs, 0 mins, 2 secs, 75 ms
END
Time: 0 hrs, 0 mins, 1 secs, 672 ms

Thu Feb 10 11:31:31 EST 2011

Timing is on.

            200 - LOAD_BN_IISLOGS   

BEGIN
Time: 0 hrs, 0 mins, 0 secs, 672 ms
SET
Time: 0 hrs, 0 mins, 0 secs, 10 ms
TRUNCATE
Time: 0 hrs, 0 mins, 3 secs, 969 ms
INSERT 0 0
Time: 0 hrs, 0 mins, 2 secs, 920 ms
END
Time: 0 hrs, 0 mins, 0 secs, 828 ms
ALTER TABLE
Time: 0 hrs, 0 mins, 2 secs, 320 ms

Thu Feb 10 11:31:42 EST 2011

Timing is on.
BEGIN
Time: 0 hrs, 0 mins, 0 secs, 838 ms
SET
Time: 0 hrs, 0 mins, 0 secs, 9 ms

            250 - LOAD_BN_HITS_SP   

TRUNCATE
Time: 0 hrs, 0 mins, 2 secs, 783 ms
INSERT 0 0
Time: 0 hrs, 0 mins, 1 secs, 534 ms
ANALYZE
Time: 0 hrs, 0 mins, 0 secs, 31 ms
END
Time: 0 hrs, 0 mins, 0 secs, 739 ms

Thu Feb 10 11:31:48 EST 2011

Timing is on.
BEGIN
Time: 0 hrs, 0 mins, 0 secs, 934 ms
SET
Time: 0 hrs, 0 mins, 0 secs, 10 ms

           300 - DYNAMIC FILTER

TRUNCATE
Time: 0 hrs, 0 mins, 2 secs, 295 ms
INSERT 0 0
Time: 0 hrs, 0 mins, 0 secs, 105 ms
ANALYZE
Time: 0 hrs, 0 mins, 0 secs, 20 ms
 Total records in web_click_cnt 
--------------------------------
                              0
(1 row)

Time: 0 hrs, 0 mins, 0 secs, 149 ms
CREATE TABLE
Time: 0 hrs, 0 mins, 0 secs, 486 ms
ANALYZE
Time: 0 hrs, 0 mins, 0 secs, 26 ms
CREATE TABLE
Time: 0 hrs, 0 mins, 0 secs, 98 ms
ANALYZE
Time: 0 hrs, 0 mins, 0 secs, 20 ms
DELETE 1
Time: 0 hrs, 0 mins, 0 secs, 173 ms
INSERT 0 1
Time: 0 hrs, 0 mins, 0 secs, 154 ms
DELETE 1
Time: 0 hrs, 0 mins, 0 secs, 67 ms
INSERT 0 1
Time: 0 hrs, 0 mins, 0 secs, 155 ms
CREATE TABLE
Time: 0 hrs, 0 mins, 0 secs, 304 ms
ANALYZE
Time: 0 hrs, 0 mins, 0 secs, 25 ms
CREATE TABLE
Time: 0 hrs, 0 mins, 0 secs, 115 ms
ANALYZE
Time: 0 hrs, 0 mins, 0 secs, 29 ms
DELETE 1
Time: 0 hrs, 0 mins, 0 secs, 97 ms
INSERT 0 1
Time: 0 hrs, 0 mins, 0 secs, 156 ms
DELETE 1
Time: 0 hrs, 0 mins, 0 secs, 93 ms
INSERT 0 1
Time: 0 hrs, 0 mins, 0 secs, 160 ms
ANALYZE
Time: 0 hrs, 0 mins, 0 secs, 17 ms
    tablename     |    attr_name    | attr_value 
------------------+-----------------+------------
 BN_FILTER_SPIDER | CLK_USER_SD_MPL | 10
 BN_FILTER_SPIDER | IP_USER_SD_MPL  | 1
 BN_FILTER_SPIDER | IP_USER_RATIO   | .955
 BN_FILTER_SPIDER | CLK_USER_MEAN   | 
 BN_FILTER_SPIDER | CLK_USER_SD     | 
 BN_FILTER_SPIDER | IP_USER_MEAN    | 
 BN_FILTER_SPIDER | IP_USER_SD      | 
(7 rows)

Time: 0 hrs, 0 mins, 0 secs, 63 ms
CREATE TABLE
Time: 0 hrs, 0 mins, 0 secs, 274 ms
CREATE TABLE
Time: 0 hrs, 0 mins, 0 secs, 170 ms
 l_mean_sd_mpl 
---------------
         0.000
(1 row)

Time: 0 hrs, 0 mins, 0 secs, 113 ms
TRUNCATE
Time: 0 hrs, 0 mins, 0 secs, 976 ms
INSERT 0 0
Time: 0 hrs, 0 mins, 0 secs, 370 ms
ANALYZE
Time: 0 hrs, 0 mins, 0 secs, 26 ms
 Total click_user bn_spider_ip records 
---------------------------------------
                                     0
(1 row)

Time: 0 hrs, 0 mins, 0 secs, 65 ms
CREATE TABLE
Time: 0 hrs, 0 mins, 0 secs, 617 ms
ANALYZE
Time: 0 hrs, 0 mins, 0 secs, 26 ms
CREATE TABLE
Time: 0 hrs, 0 mins, 0 secs, 420 ms
ANALYZE
Time: 0 hrs, 0 mins, 0 secs, 30 ms
DROP 
Time: 0 hrs, 0 mins, 0 secs, 487 ms
CREATE TABLE
Time: 0 hrs, 0 mins, 0 secs, 99 ms
 l_mean_sd_mpl | l_ratio 
---------------+---------
         0.000 |   0.955
(1 row)

Time: 0 hrs, 0 mins, 0 secs, 110 ms
INSERT 0 0
Time: 0 hrs, 0 mins, 0 secs, 592 ms
ANALYZE
Time: 0 hrs, 0 mins, 0 secs, 22 ms
 Total ip_user_filter bn_spider_ip records 
-------------------------------------------
                                         0
(1 row)

Time: 0 hrs, 0 mins, 0 secs, 88 ms
TRUNCATE
Time: 0 hrs, 0 mins, 0 secs, 906 ms
INSERT 0 0
Time: 0 hrs, 0 mins, 1 secs, 675 ms
ANALYZE
Time: 0 hrs, 0 mins, 0 secs, 35 ms
 bn_hits_stage 
---------------
             0
(1 row)

Time: 0 hrs, 0 mins, 0 secs, 102 ms
INSERT 0 0
Time: 0 hrs, 0 mins, 3 secs, 26 ms
ANALYZE
Time: 0 hrs, 0 mins, 0 secs, 24 ms
 bn_hits_sp_20110208 
---------------------
                   0
(1 row)

Time: 0 hrs, 0 mins, 0 secs, 217 ms
TRUNCATE
Time: 0 hrs, 0 mins, 0 secs, 554 ms
INSERT 0 0
Time: 0 hrs, 0 mins, 1 secs, 426 ms
ANALYZE
Time: 0 hrs, 0 mins, 0 secs, 27 ms
 bn_hits_client_20110208 
-------------------------
                       0
(1 row)

Time: 0 hrs, 0 mins, 0 secs, 105 ms
END
Time: 0 hrs, 0 mins, 1 secs, 52 ms

Thu Feb 10 11:32:08 EST 2011

Timing is on.
BEGIN
Time: 0 hrs, 0 mins, 0 secs, 698 ms

           600 - LOAD RESOURCES

SET
Time: 0 hrs, 0 mins, 0 secs, 8 ms
CREATE TABLE
Time: 0 hrs, 0 mins, 1 secs, 311 ms
ANALYZE
Time: 0 hrs, 0 mins, 0 secs, 26 ms
 tmp_a_count 
-------------
           0
(1 row)

Time: 0 hrs, 0 mins, 0 secs, 59 ms
UPDATE 0
Time: 0 hrs, 0 mins, 0 secs, 109 ms
ANALYZE
Time: 0 hrs, 0 mins, 0 secs, 521 ms
TRUNCATE
Time: 0 hrs, 0 mins, 0 secs, 581 ms
INSERT 0 0
Time: 0 hrs, 0 mins, 2 secs, 590 ms
ANALYZE
Time: 0 hrs, 0 mins, 0 secs, 38 ms
 first_resource_id | last_resource_id 
-------------------+------------------
                   |                 
(1 row)

Time: 0 hrs, 0 mins, 0 secs, 192 ms
INSERT 0 0
Time: 0 hrs, 0 mins, 0 secs, 967 ms
 total_resources 
-----------------
        12852505
(1 row)

Time: 0 hrs, 0 mins, 0 secs, 141 ms
ANALYZE
Time: 0 hrs, 0 mins, 0 secs, 625 ms
END
Time: 0 hrs, 0 mins, 1 secs, 216 ms
VACUUM
Time: 0 hrs, 0 mins, 2 secs, 263 ms

Thu Feb 10 11:32:19 EST 2011

Timing is on.

           650 - LOAD_BN_SESSION_STAGE

BEGIN
Time: 0 hrs, 0 mins, 0 secs, 577 ms
SET
Time: 0 hrs, 0 mins, 0 secs, 8 ms
SET
Time: 0 hrs, 0 mins, 0 secs, 18 ms
CREATE TABLE
Time: 0 hrs, 0 mins, 2 secs, 490 ms
ANALYZE
Time: 0 hrs, 0 mins, 0 secs, 30 ms
 tmp_sessionized_stage 
-----------------------
                     0
(1 row)

Time: 0 hrs, 0 mins, 0 secs, 72 ms
TRUNCATE
Time: 0 hrs, 0 mins, 4 secs, 142 ms
INSERT 0 0
Time: 0 hrs, 0 mins, 0 secs, 308 ms
ANALYZE
Time: 0 hrs, 0 mins, 0 secs, 22 ms
CREATE TABLE
Time: 0 hrs, 0 mins, 6 secs, 545 ms
CREATE INDEX
Time: 0 hrs, 0 mins, 0 secs, 36 ms
 tmp_first_last 
----------------
              0
(1 row)

Time: 0 hrs, 0 mins, 0 secs, 92 ms
ANALYZE
Time: 0 hrs, 0 mins, 0 secs, 27 ms
SET
Time: 0 hrs, 0 mins, 0 secs, 21 ms
SET
Time: 0 hrs, 0 mins, 0 secs, 21 ms
TRUNCATE
Time: 0 hrs, 0 mins, 1 secs, 558 ms
DROP
Time: 0 hrs, 0 mins, 0 secs, 25 ms
INSERT 0 0
Time: 0 hrs, 0 mins, 0 secs, 231 ms
 bn_session_stage 
------------------
                0
(1 row)

Time: 0 hrs, 0 mins, 0 secs, 76 ms
CREATE INDEX
Time: 0 hrs, 0 mins, 0 secs, 512 ms
ANALYZE
Time: 0 hrs, 0 mins, 0 secs, 23 ms
TRUNCATE
Time: 0 hrs, 0 mins, 0 secs, 449 ms
END
Time: 0 hrs, 0 mins, 0 secs, 898 ms

Thu Feb 10 11:32:37 EST 2011

BEGIN

           660 - LOAD_BN_SESSION_UPDATE_STAGE

SET
TRUNCATE
INSERT 0 0
END

Thu Feb 10 11:32:41 EST 2011

Timing is on.

           670 - LOAD_BN_SESSION_20110208.UPDATES

BEGIN
Time: 0 hrs, 0 mins, 0 secs, 780 ms
SET
Time: 0 hrs, 0 mins, 0 secs, 13 ms
UPDATE 0
Time: 0 hrs, 0 mins, 0 secs, 566 ms
END
Time: 0 hrs, 0 mins, 1 secs, 752 ms
VACUUM
Time: 0 hrs, 0 mins, 2 secs, 706 ms

Thu Feb 10 11:32:47 EST 2011

Timing is on.

           700 - LOAD_BN_SESSION

BEGIN
Time: 0 hrs, 0 mins, 0 secs, 711 ms
SET
Time: 0 hrs, 0 mins, 0 secs, 9 ms
INSERT 0 0
Time: 0 hrs, 0 mins, 1 secs, 634 ms
ANALYZE
Time: 0 hrs, 0 mins, 0 secs, 19 ms
END
Time: 0 hrs, 0 mins, 0 secs, 900 ms

Thu Feb 10 11:32:51 EST 2011

Timing is on.

            750 - LOAD_BN_SESSION_SUMMARY   

BEGIN
Time: 0 hrs, 0 mins, 0 secs, 806 ms
SET
Time: 0 hrs, 0 mins, 0 secs, 9 ms
CREATE TABLE
Time: 0 hrs, 0 mins, 1 secs, 431 ms
TRUNCATE
Time: 0 hrs, 0 mins, 1 secs, 242 ms
INSERT 0 0
Time: 0 hrs, 0 mins, 1 secs, 62 ms
ANALYZE
Time: 0 hrs, 0 mins, 0 secs, 24 ms
 count(1) 
----------
        0
(1 row)

Time: 0 hrs, 0 mins, 0 secs, 62 ms
END
Time: 0 hrs, 0 mins, 0 secs, 966 ms

Thu Feb 10 11:32:57 EST 2011

Timing is on.

           800 - LOAD_BN_HITS

BEGIN
Time: 0 hrs, 0 mins, 0 secs, 669 ms
SET
Time: 0 hrs, 0 mins, 0 secs, 10 ms
SET
Time: 0 hrs, 0 mins, 0 secs, 18 ms
SET
Time: 0 hrs, 0 mins, 0 secs, 17 ms
SET
Time: 0 hrs, 0 mins, 0 secs, 19 ms
TRUNCATE
Time: 0 hrs, 0 mins, 2 secs, 623 ms
INSERT 0 0
Time: 0 hrs, 0 mins, 0 secs, 181 ms
 count(1) 
----------
        0
(1 row)

Time: 0 hrs, 0 mins, 0 secs, 157 ms
ANALYZE
Time: 0 hrs, 0 mins, 0 secs, 24 ms
END
Time: 0 hrs, 0 mins, 0 secs, 771 ms

Thu Feb 10 11:33:02 EST 2011

Timing is on.

            900 - LOAD_CLICKSTREAM   

BEGIN
Time: 0 hrs, 0 mins, 0 secs, 660 ms
SET
Time: 0 hrs, 0 mins, 0 secs, 8 ms
TRUNCATE
Time: 0 hrs, 0 mins, 1 secs, 902 ms
INSERT 0 0
Time: 0 hrs, 0 mins, 4 secs, 825 ms
 count(1) 
----------
        0
(1 row)

Time: 0 hrs, 0 mins, 0 secs, 325 ms
ANALYZE
Time: 0 hrs, 0 mins, 0 secs, 28 ms
END
Time: 0 hrs, 0 mins, 1 secs, 51 ms

Thu Feb 10 11:33:11 EST 2011

Timing is on.

            1000 - PAGE_VIEW_SUMMARY  

BEGIN
Time: 0 hrs, 0 mins, 0 secs, 717 ms
SET
Time: 0 hrs, 0 mins, 0 secs, 8 ms
SET
Time: 0 hrs, 0 mins, 0 secs, 19 ms
TRUNCATE
Time: 0 hrs, 0 mins, 2 secs, 974 ms
INSERT 0 0
Time: 0 hrs, 0 mins, 1 secs, 131 ms
 count(1) 
----------
        0
(1 row)

Time: 0 hrs, 0 mins, 0 secs, 50 ms
ANALYZE
Time: 0 hrs, 0 mins, 0 secs, 17 ms
END
Time: 0 hrs, 0 mins, 0 secs, 892 ms

Thu Feb 10 11:33:17 EST 2011


2000 - WRAP UP 

Timing is on.
BEGIN
Time: 0 hrs, 0 mins, 0 secs, 587 ms
TRUNCATE
Time: 0 hrs, 0 mins, 2 secs, 780 ms
TRUNCATE
Time: 0 hrs, 0 mins, 0 secs, 365 ms
END
Time: 0 hrs, 0 mins, 0 secs, 731 ms
Thu Feb 10 11:33:21 EST 2011
Removing lock file and waiting for a minute
Checking for lock file /tmp/.iislock
Acquired lock file /tmp/.iislock
-------------------------------------
Processing for 20110208
-------------------------------------

Thu Feb 10 16:18:00 EST 2011

Timing is on.

           000 - INIT

BEGIN
Time: 0 hrs, 0 mins, 0 secs, 882 ms
*** Truncating staging tables before workflow starts ***
SET
Time: 0 hrs, 0 mins, 0 secs, 7 ms
GRANT
Time: 0 hrs, 0 mins, 0 secs, 644 ms
END
Time: 0 hrs, 0 mins, 0 secs, 648 ms

Thu Feb 10 16:18:03 EST 2011

Timing is on.

            200 - LOAD_BN_IISLOGS   

BEGIN
Time: 0 hrs, 0 mins, 0 secs, 836 ms
SET
Time: 0 hrs, 0 mins, 0 secs, 15 ms
TRUNCATE
Time: 0 hrs, 0 mins, 0 secs, 838 ms
INSERT 0 0
Time: 0 hrs, 0 mins, 2 secs, 648 ms
END
Time: 0 hrs, 0 mins, 0 secs, 812 ms
ALTER TABLE
Time: 0 hrs, 0 mins, 1 secs, 951 ms

Thu Feb 10 16:18:10 EST 2011

Timing is on.
BEGIN
Time: 0 hrs, 0 mins, 0 secs, 620 ms
SET
Time: 0 hrs, 0 mins, 0 secs, 12 ms

            250 - LOAD_BN_HITS_SP   

TRUNCATE
Time: 0 hrs, 0 mins, 0 secs, 513 ms
INSERT 0 0
Time: 0 hrs, 0 mins, 1 secs, 196 ms
ANALYZE
Time: 0 hrs, 0 mins, 0 secs, 27 ms
END
Time: 0 hrs, 0 mins, 0 secs, 655 ms

Thu Feb 10 16:18:13 EST 2011

Timing is on.
BEGIN
Time: 0 hrs, 0 mins, 0 secs, 586 ms
SET
Time: 0 hrs, 0 mins, 0 secs, 9 ms

           300 - DYNAMIC FILTER

TRUNCATE
Time: 0 hrs, 0 mins, 0 secs, 537 ms
INSERT 0 0
Time: 0 hrs, 0 mins, 0 secs, 123 ms
ANALYZE
Time: 0 hrs, 0 mins, 0 secs, 17 ms
 Total records in web_click_cnt 
--------------------------------
                              0
(1 row)

Time: 0 hrs, 0 mins, 0 secs, 154 ms
CREATE TABLE
Time: 0 hrs, 0 mins, 0 secs, 478 ms
ANALYZE
Time: 0 hrs, 0 mins, 0 secs, 30 ms
CREATE TABLE
Time: 0 hrs, 0 mins, 0 secs, 165 ms
ANALYZE
Time: 0 hrs, 0 mins, 0 secs, 23 ms
DELETE 1
Time: 0 hrs, 0 mins, 0 secs, 91 ms
INSERT 0 1
Time: 0 hrs, 0 mins, 0 secs, 220 ms
DELETE 1
Time: 0 hrs, 0 mins, 0 secs, 68 ms
INSERT 0 1
Time: 0 hrs, 0 mins, 0 secs, 175 ms
CREATE TABLE
Time: 0 hrs, 0 mins, 0 secs, 431 ms
ANALYZE
Time: 0 hrs, 0 mins, 0 secs, 29 ms
CREATE TABLE
Time: 0 hrs, 0 mins, 0 secs, 182 ms
ANALYZE
Time: 0 hrs, 0 mins, 0 secs, 24 ms
DELETE 1
Time: 0 hrs, 0 mins, 0 secs, 82 ms
INSERT 0 1
Time: 0 hrs, 0 mins, 0 secs, 480 ms
DELETE 1
Time: 0 hrs, 0 mins, 0 secs, 83 ms
INSERT 0 1
Time: 0 hrs, 0 mins, 0 secs, 235 ms
ANALYZE
Time: 0 hrs, 0 mins, 0 secs, 43 ms
    tablename     |    attr_name    | attr_value 
------------------+-----------------+------------
 BN_FILTER_SPIDER | CLK_USER_SD_MPL | 10
 BN_FILTER_SPIDER | IP_USER_SD_MPL  | 1
 BN_FILTER_SPIDER | IP_USER_RATIO   | .955
 BN_FILTER_SPIDER | CLK_USER_MEAN   | 
 BN_FILTER_SPIDER | CLK_USER_SD     | 
 BN_FILTER_SPIDER | IP_USER_MEAN    | 
 BN_FILTER_SPIDER | IP_USER_SD      | 
(7 rows)

Time: 0 hrs, 0 mins, 0 secs, 204 ms
CREATE TABLE
Time: 0 hrs, 0 mins, 0 secs, 467 ms
CREATE TABLE
Time: 0 hrs, 0 mins, 0 secs, 272 ms
 l_mean_sd_mpl 
---------------
         0.000
(1 row)

Time: 0 hrs, 0 mins, 0 secs, 157 ms
TRUNCATE
Time: 0 hrs, 0 mins, 1 secs, 150 ms
INSERT 0 0
Time: 0 hrs, 0 mins, 0 secs, 822 ms
ANALYZE
Time: 0 hrs, 0 mins, 0 secs, 22 ms
 Total click_user bn_spider_ip records 
---------------------------------------
                                     0
(1 row)

Time: 0 hrs, 0 mins, 0 secs, 74 ms
CREATE TABLE
Time: 0 hrs, 0 mins, 0 secs, 406 ms
ANALYZE
Time: 0 hrs, 0 mins, 0 secs, 23 ms
CREATE TABLE
Time: 0 hrs, 0 mins, 0 secs, 312 ms
ANALYZE
Time: 0 hrs, 0 mins, 0 secs, 20 ms
DROP 
Time: 0 hrs, 0 mins, 0 secs, 553 ms
CREATE TABLE
Time: 0 hrs, 0 mins, 0 secs, 153 ms
 l_mean_sd_mpl | l_ratio 
---------------+---------
         0.000 |   0.955
(1 row)

Time: 0 hrs, 0 mins, 0 secs, 89 ms
INSERT 0 0
Time: 0 hrs, 0 mins, 0 secs, 448 ms
ANALYZE
Time: 0 hrs, 0 mins, 0 secs, 23 ms
 Total ip_user_filter bn_spider_ip records 
-------------------------------------------
                                         0
(1 row)

Time: 0 hrs, 0 mins, 0 secs, 75 ms
TRUNCATE
Time: 0 hrs, 0 mins, 0 secs, 649 ms
INSERT 0 0
Time: 0 hrs, 0 mins, 1 secs, 419 ms
ANALYZE
Time: 0 hrs, 0 mins, 0 secs, 23 ms
 bn_hits_stage 
---------------
             0
(1 row)

Time: 0 hrs, 0 mins, 0 secs, 76 ms
INSERT 0 0
Time: 0 hrs, 0 mins, 2 secs, 846 ms
ANALYZE
Time: 0 hrs, 0 mins, 0 secs, 26 ms
 bn_hits_sp_20110208 
---------------------
                   0
(1 row)

Time: 0 hrs, 0 mins, 0 secs, 116 ms
TRUNCATE
Time: 0 hrs, 0 mins, 0 secs, 600 ms
INSERT 0 0
Time: 0 hrs, 0 mins, 1 secs, 210 ms
ANALYZE
Time: 0 hrs, 0 mins, 0 secs, 16 ms
 bn_hits_client_20110208 
-------------------------
                       0
(1 row)

Time: 0 hrs, 0 mins, 0 secs, 75 ms
END
Time: 0 hrs, 0 mins, 1 secs, 111 ms

Thu Feb 10 16:18:31 EST 2011

Timing is on.
BEGIN
Time: 0 hrs, 0 mins, 0 secs, 710 ms

           600 - LOAD RESOURCES

SET
Time: 0 hrs, 0 mins, 0 secs, 13 ms
CREATE TABLE
Time: 0 hrs, 0 mins, 1 secs, 174 ms
ANALYZE
Time: 0 hrs, 0 mins, 0 secs, 26 ms
 tmp_a_count 
-------------
           0
(1 row)

Time: 0 hrs, 0 mins, 0 secs, 76 ms
UPDATE 0
Time: 0 hrs, 0 mins, 0 secs, 89 ms
ANALYZE
Time: 0 hrs, 0 mins, 0 secs, 627 ms
TRUNCATE
Time: 0 hrs, 0 mins, 0 secs, 901 ms
INSERT 0 0
Time: 0 hrs, 0 mins, 2 secs, 385 ms
ANALYZE
Time: 0 hrs, 0 mins, 0 secs, 26 ms
 first_resource_id | last_resource_id 
-------------------+------------------
                   |                 
(1 row)

Time: 0 hrs, 0 mins, 0 secs, 81 ms
INSERT 0 0
Time: 0 hrs, 0 mins, 0 secs, 726 ms
 total_resources 
-----------------
        12852505
(1 row)

Time: 0 hrs, 0 mins, 0 secs, 115 ms
ANALYZE
Time: 0 hrs, 0 mins, 0 secs, 525 ms
END
Time: 0 hrs, 0 mins, 0 secs, 873 ms
VACUUM
Time: 0 hrs, 0 mins, 2 secs, 159 ms

Thu Feb 10 16:18:42 EST 2011

Timing is on.

           650 - LOAD_BN_SESSION_STAGE

BEGIN
Time: 0 hrs, 0 mins, 0 secs, 679 ms
SET
Time: 0 hrs, 0 mins, 0 secs, 10 ms
SET
Time: 0 hrs, 0 mins, 0 secs, 14 ms
CREATE TABLE
Time: 0 hrs, 0 mins, 2 secs, 0 ms
ANALYZE
Time: 0 hrs, 0 mins, 0 secs, 41 ms
 tmp_sessionized_stage 
-----------------------
                     0
(1 row)

Time: 0 hrs, 0 mins, 0 secs, 94 ms
TRUNCATE
Time: 0 hrs, 0 mins, 0 secs, 493 ms
INSERT 0 0
Time: 0 hrs, 0 mins, 0 secs, 413 ms
ANALYZE
Time: 0 hrs, 0 mins, 0 secs, 22 ms
CREATE TABLE
Time: 0 hrs, 0 mins, 6 secs, 401 ms
CREATE INDEX
Time: 0 hrs, 0 mins, 0 secs, 61 ms
 tmp_first_last 
----------------
              0
(1 row)

Time: 0 hrs, 0 mins, 0 secs, 69 ms
ANALYZE
Time: 0 hrs, 0 mins, 0 secs, 19 ms
SET
Time: 0 hrs, 0 mins, 0 secs, 15 ms
SET
Time: 0 hrs, 0 mins, 0 secs, 14 ms
TRUNCATE
Time: 0 hrs, 0 mins, 0 secs, 577 ms
DROP
Time: 0 hrs, 0 mins, 0 secs, 27 ms
INSERT 0 0
Time: 0 hrs, 0 mins, 0 secs, 357 ms
 bn_session_stage 
------------------
                0
(1 row)

Time: 0 hrs, 0 mins, 0 secs, 149 ms
CREATE INDEX
Time: 0 hrs, 0 mins, 0 secs, 307 ms
ANALYZE
Time: 0 hrs, 0 mins, 0 secs, 26 ms
TRUNCATE
Time: 0 hrs, 0 mins, 0 secs, 155 ms
END
Time: 0 hrs, 0 mins, 1 secs, 465 ms

Thu Feb 10 16:18:55 EST 2011

BEGIN

           660 - LOAD_BN_SESSION_UPDATE_STAGE

SET
TRUNCATE
INSERT 0 0
END

Thu Feb 10 16:18:58 EST 2011

Timing is on.

           670 - LOAD_BN_SESSION_20110208.UPDATES

BEGIN
Time: 0 hrs, 0 mins, 0 secs, 693 ms
SET
Time: 0 hrs, 0 mins, 0 secs, 22 ms
UPDATE 0
Time: 0 hrs, 0 mins, 0 secs, 431 ms
END
Time: 0 hrs, 0 mins, 1 secs, 232 ms
VACUUM
Time: 0 hrs, 0 mins, 4 secs, 545 ms

Thu Feb 10 16:19:05 EST 2011

Timing is on.

           700 - LOAD_BN_SESSION

BEGIN
Time: 0 hrs, 0 mins, 0 secs, 795 ms
SET
Time: 0 hrs, 0 mins, 0 secs, 9 ms
INSERT 0 0
Time: 0 hrs, 0 mins, 5 secs, 361 ms
ANALYZE
Time: 0 hrs, 0 mins, 0 secs, 24 ms
END
Time: 0 hrs, 0 mins, 3 secs, 641 ms

Thu Feb 10 16:19:15 EST 2011

Timing is on.

            750 - LOAD_BN_SESSION_SUMMARY   

BEGIN
Time: 0 hrs, 0 mins, 0 secs, 870 ms
SET
Time: 0 hrs, 0 mins, 0 secs, 10 ms
CREATE TABLE
Time: 0 hrs, 0 mins, 5 secs, 167 ms
TRUNCATE
Time: 0 hrs, 0 mins, 2 secs, 257 ms
INSERT 0 0
Time: 0 hrs, 0 mins, 2 secs, 3 ms
ANALYZE
Time: 0 hrs, 0 mins, 0 secs, 25 ms
 count(1) 
----------
        0
(1 row)

Time: 0 hrs, 0 mins, 0 secs, 79 ms
END
Time: 0 hrs, 0 mins, 6 secs, 42 ms

Thu Feb 10 16:19:32 EST 2011

Timing is on.

           800 - LOAD_BN_HITS

BEGIN
Time: 0 hrs, 0 mins, 0 secs, 934 ms
SET
Time: 0 hrs, 0 mins, 0 secs, 9 ms
SET
Time: 0 hrs, 0 mins, 0 secs, 17 ms
SET
Time: 0 hrs, 0 mins, 0 secs, 18 ms
SET
Time: 0 hrs, 0 mins, 0 secs, 18 ms
TRUNCATE
Time: 0 hrs, 0 mins, 0 secs, 519 ms
INSERT 0 0
Time: 0 hrs, 0 mins, 0 secs, 178 ms
 count(1) 
----------
        0
(1 row)

Time: 0 hrs, 0 mins, 0 secs, 279 ms
ANALYZE
Time: 0 hrs, 0 mins, 0 secs, 25 ms
END
Time: 0 hrs, 0 mins, 0 secs, 825 ms

Thu Feb 10 16:19:35 EST 2011

Timing is on.

            900 - LOAD_CLICKSTREAM   

BEGIN
Time: 0 hrs, 0 mins, 0 secs, 637 ms
SET
Time: 0 hrs, 0 mins, 0 secs, 11 ms
TRUNCATE
Time: 0 hrs, 0 mins, 0 secs, 922 ms
INSERT 0 0
Time: 0 hrs, 0 mins, 5 secs, 709 ms
 count(1) 
----------
        0
(1 row)

Time: 0 hrs, 0 mins, 0 secs, 205 ms
ANALYZE
Time: 0 hrs, 0 mins, 0 secs, 26 ms
END
Time: 0 hrs, 0 mins, 0 secs, 787 ms

Thu Feb 10 16:19:44 EST 2011

Timing is on.

            1000 - PAGE_VIEW_SUMMARY  

BEGIN
Time: 0 hrs, 0 mins, 0 secs, 616 ms
SET
Time: 0 hrs, 0 mins, 0 secs, 11 ms
SET
Time: 0 hrs, 0 mins, 0 secs, 21 ms
TRUNCATE
Time: 0 hrs, 0 mins, 0 secs, 511 ms
INSERT 0 0
Time: 0 hrs, 0 mins, 1 secs, 461 ms
 count(1) 
----------
        0
(1 row)

Time: 0 hrs, 0 mins, 0 secs, 76 ms
ANALYZE
Time: 0 hrs, 0 mins, 0 secs, 21 ms
END
Time: 0 hrs, 0 mins, 0 secs, 749 ms

Thu Feb 10 16:19:47 EST 2011


2000 - WRAP UP 

Timing is on.
BEGIN
Time: 0 hrs, 0 mins, 0 secs, 701 ms
TRUNCATE
Time: 0 hrs, 0 mins, 0 secs, 672 ms
TRUNCATE
Time: 0 hrs, 0 mins, 0 secs, 160 ms
END
Time: 0 hrs, 0 mins, 0 secs, 578 ms
Thu Feb 10 16:19:49 EST 2011
Removing lock file and waiting for a minute
Checking for lock file /tmp/.iislock
Acquired lock file /tmp/.iislock
-------------------------------------
Processing for 20110208
-------------------------------------

Fri Feb 11 12:05:15 EST 2011

Timing is on.

           000 - INIT

BEGIN
Time: 0 hrs, 0 mins, 2 secs, 617 ms
*** Truncating staging tables before workflow starts ***
SET
Time: 0 hrs, 0 mins, 0 secs, 14 ms
GRANT
Time: 0 hrs, 0 mins, 24 secs, 239 ms
END
Time: 0 hrs, 0 mins, 40 secs, 143 ms

Fri Feb 11 12:06:22 EST 2011

Timing is on.

            200 - LOAD_BN_IISLOGS   

BEGIN
Time: 0 hrs, 0 mins, 0 secs, 775 ms
SET
Time: 0 hrs, 0 mins, 0 secs, 11 ms
TRUNCATE
Time: 0 hrs, 0 mins, 3 secs, 79 ms
INSERT 0 15422797
Time: 0 hrs, 3 mins, 51 secs, 995 ms
END
Time: 0 hrs, 2 mins, 22 secs, 74 ms
ALTER TABLE
Time: 0 hrs, 1 mins, 25 secs, 206 ms

Fri Feb 11 12:14:05 EST 2011

Timing is on.
BEGIN
Time: 0 hrs, 0 mins, 0 secs, 769 ms
SET
Time: 0 hrs, 0 mins, 0 secs, 12 ms

            250 - LOAD_BN_HITS_SP   

TRUNCATE
Time: 0 hrs, 0 mins, 3 secs, 248 ms
INSERT 0 3564849
Time: 0 hrs, 1 mins, 38 secs, 376 ms
ANALYZE
Time: 0 hrs, 0 mins, 16 secs, 619 ms
END
Time: 0 hrs, 0 mins, 38 secs, 703 ms

Fri Feb 11 12:16:43 EST 2011

Timing is on.
BEGIN
Time: 0 hrs, 0 mins, 5 secs, 615 ms
SET
Time: 0 hrs, 0 mins, 0 secs, 14 ms

           300 - DYNAMIC FILTER

TRUNCATE
Time: 0 hrs, 0 mins, 10 secs, 532 ms
INSERT 0 2399641
Time: 0 hrs, 0 mins, 15 secs, 681 ms
ANALYZE
Time: 0 hrs, 0 mins, 0 secs, 724 ms
 Total records in web_click_cnt 
--------------------------------
                        2399641
(1 row)

Time: 0 hrs, 0 mins, 15 secs, 890 ms
CREATE TABLE
Time: 0 hrs, 0 mins, 24 secs, 38 ms
ANALYZE
Time: 0 hrs, 0 mins, 0 secs, 71 ms
CREATE TABLE
Time: 0 hrs, 0 mins, 2 secs, 131 ms
ANALYZE
Time: 0 hrs, 0 mins, 0 secs, 57 ms
DELETE 1
Time: 0 hrs, 0 mins, 5 secs, 822 ms
INSERT 0 1
Time: 0 hrs, 0 mins, 0 secs, 325 ms
DELETE 1
Time: 0 hrs, 0 mins, 0 secs, 80 ms
INSERT 0 1
Time: 0 hrs, 0 mins, 0 secs, 235 ms
CREATE TABLE
Time: 0 hrs, 0 mins, 6 secs, 261 ms
ANALYZE
Time: 0 hrs, 0 mins, 0 secs, 59 ms
CREATE TABLE
Time: 0 hrs, 0 mins, 1 secs, 358 ms
ANALYZE
Time: 0 hrs, 0 mins, 0 secs, 56 ms
DELETE 1
Time: 0 hrs, 0 mins, 0 secs, 84 ms
INSERT 0 1
Time: 0 hrs, 0 mins, 0 secs, 280 ms
DELETE 1
Time: 0 hrs, 0 mins, 0 secs, 86 ms
INSERT 0 1
Time: 0 hrs, 0 mins, 0 secs, 501 ms
ANALYZE
Time: 0 hrs, 0 mins, 0 secs, 121 ms
    tablename     |    attr_name    | attr_value 
------------------+-----------------+------------
 BN_FILTER_SPIDER | CLK_USER_SD_MPL | 10
 BN_FILTER_SPIDER | IP_USER_SD_MPL  | 1
 BN_FILTER_SPIDER | IP_USER_RATIO   | .955
 BN_FILTER_SPIDER | CLK_USER_MEAN   | 15.790
 BN_FILTER_SPIDER | CLK_USER_SD     | 76.896
 BN_FILTER_SPIDER | IP_USER_MEAN    | 6.539
 BN_FILTER_SPIDER | IP_USER_SD      | 591.563
(7 rows)

Time: 0 hrs, 0 mins, 0 secs, 163 ms
CREATE TABLE
Time: 0 hrs, 0 mins, 7 secs, 765 ms
CREATE TABLE
Time: 0 hrs, 0 mins, 12 secs, 73 ms
 l_mean_sd_mpl 
---------------
       784.750
(1 row)

Time: 0 hrs, 0 mins, 3 secs, 943 ms
TRUNCATE
Time: 0 hrs, 0 mins, 3 secs, 63 ms
INSERT 0 38
Time: 0 hrs, 0 mins, 30 secs, 98 ms
ANALYZE
Time: 0 hrs, 0 mins, 0 secs, 91 ms
 Total click_user bn_spider_ip records 
---------------------------------------
                                    38
(1 row)

Time: 0 hrs, 0 mins, 1 secs, 210 ms
CREATE TABLE
Time: 0 hrs, 0 mins, 4 secs, 719 ms
ANALYZE
Time: 0 hrs, 0 mins, 0 secs, 400 ms
CREATE TABLE
Time: 0 hrs, 0 mins, 8 secs, 667 ms
ANALYZE
Time: 0 hrs, 0 mins, 0 secs, 71 ms
DROP 
Time: 0 hrs, 0 mins, 0 secs, 392 ms
CREATE TABLE
Time: 0 hrs, 0 mins, 5 secs, 851 ms
 l_mean_sd_mpl | l_ratio 
---------------+---------
       598.102 |   0.955
(1 row)

Time: 0 hrs, 0 mins, 0 secs, 144 ms
INSERT 0 1650948
Time: 0 hrs, 0 mins, 2 secs, 680 ms
ANALYZE
Time: 0 hrs, 0 mins, 0 secs, 151 ms
 Total ip_user_filter bn_spider_ip records 
-------------------------------------------
                                   1650948
(1 row)

Time: 0 hrs, 0 mins, 0 secs, 321 ms
TRUNCATE
Time: 0 hrs, 0 mins, 1 secs, 207 ms
INSERT 0 7243323
Time: 0 hrs, 0 mins, 14 secs, 457 ms
ANALYZE
Time: 0 hrs, 0 mins, 5 secs, 272 ms
 bn_hits_stage 
---------------
       7243323
(1 row)

Time: 0 hrs, 0 mins, 0 secs, 288 ms
INSERT 0 1803265
Time: 0 hrs, 3 mins, 58 secs, 142 ms
ANALYZE
Time: 0 hrs, 0 mins, 2 secs, 373 ms
 bn_hits_sp_20110208 
---------------------
             5368114
(1 row)

Time: 0 hrs, 0 mins, 0 secs, 813 ms
TRUNCATE
Time: 0 hrs, 0 mins, 4 secs, 879 ms
INSERT 0 2811360
Time: 0 hrs, 0 mins, 3 secs, 89 ms
ANALYZE
Time: 0 hrs, 0 mins, 2 secs, 585 ms
 bn_hits_client_20110208 
-------------------------
                 2811360
(1 row)

Time: 0 hrs, 0 mins, 0 secs, 102 ms
END
Time: 0 hrs, 0 mins, 34 secs, 923 ms

Fri Feb 11 12:24:44 EST 2011

Timing is on.
BEGIN
Time: 0 hrs, 0 mins, 0 secs, 846 ms

           600 - LOAD RESOURCES

SET
Time: 0 hrs, 0 mins, 0 secs, 7 ms
CREATE TABLE
Time: 0 hrs, 0 mins, 5 secs, 55 ms
ANALYZE
Time: 0 hrs, 0 mins, 1 secs, 232 ms
 tmp_a_count 
-------------
       18694
(1 row)

Time: 0 hrs, 0 mins, 0 secs, 160 ms
UPDATE 0
Time: 0 hrs, 0 mins, 1 secs, 384 ms
ANALYZE
Time: 0 hrs, 0 mins, 0 secs, 709 ms
TRUNCATE
Time: 0 hrs, 0 mins, 1 secs, 755 ms
INSERT 0 1468
Time: 0 hrs, 0 mins, 8 secs, 687 ms
ANALYZE
Time: 0 hrs, 0 mins, 0 secs, 547 ms
 first_resource_id | last_resource_id 
-------------------+------------------
          12885229 |         12886696
(1 row)

Time: 0 hrs, 0 mins, 0 secs, 344 ms
INSERT 0 1468
Time: 0 hrs, 0 mins, 2 secs, 596 ms
 total_resources 
-----------------
        12862301
(1 row)

Time: 0 hrs, 0 mins, 0 secs, 236 ms
ANALYZE
Time: 0 hrs, 0 mins, 0 secs, 505 ms
END
Time: 0 hrs, 0 mins, 10 secs, 654 ms
VACUUM
Time: 0 hrs, 1 mins, 6 secs, 826 ms

Fri Feb 11 12:26:25 EST 2011

Timing is on.

           650 - LOAD_BN_SESSION_STAGE

BEGIN
Time: 0 hrs, 0 mins, 0 secs, 951 ms
SET
Time: 0 hrs, 0 mins, 0 secs, 11 ms
SET
Time: 0 hrs, 0 mins, 0 secs, 22 ms
CREATE TABLE
Time: 0 hrs, 0 mins, 57 secs, 289 ms
ANALYZE
Time: 0 hrs, 0 mins, 2 secs, 892 ms
 tmp_sessionized_stage 
-----------------------
               7243323
(1 row)

Time: 0 hrs, 0 mins, 0 secs, 320 ms
TRUNCATE
Time: 0 hrs, 0 mins, 2 secs, 284 ms
INSERT 0 582310
Time: 0 hrs, 0 mins, 12 secs, 735 ms
ANALYZE
Time: 0 hrs, 0 mins, 1 secs, 572 ms
CREATE TABLE
Time: 0 hrs, 1 mins, 25 secs, 898 ms
CREATE INDEX
Time: 0 hrs, 0 mins, 1 secs, 770 ms
 tmp_first_last 
----------------
         582310
(1 row)

Time: 0 hrs, 0 mins, 10 secs, 503 ms
ANALYZE
Time: 0 hrs, 0 mins, 0 secs, 449 ms
SET
Time: 0 hrs, 0 mins, 0 secs, 20 ms
SET
Time: 0 hrs, 0 mins, 0 secs, 211 ms
TRUNCATE
Time: 0 hrs, 0 mins, 6 secs, 901 ms
DROP
Time: 0 hrs, 0 mins, 1 secs, 161 ms
INSERT 0 582310
Time: 0 hrs, 0 mins, 3 secs, 833 ms
 bn_session_stage 
------------------
           582310
(1 row)

Time: 0 hrs, 0 mins, 1 secs, 746 ms
CREATE INDEX
Time: 0 hrs, 0 mins, 6 secs, 788 ms
ANALYZE
Time: 0 hrs, 0 mins, 2 secs, 104 ms
TRUNCATE
Time: 0 hrs, 0 mins, 9 secs, 142 ms
END
Time: 0 hrs, 0 mins, 29 secs, 305 ms

Fri Feb 11 12:30:23 EST 2011

BEGIN

           660 - LOAD_BN_SESSION_UPDATE_STAGE

SET
TRUNCATE
INSERT 0 0
END

Fri Feb 11 12:30:54 EST 2011

Timing is on.

           670 - LOAD_BN_SESSION_20110208.UPDATES

BEGIN
Time: 0 hrs, 0 mins, 1 secs, 458 ms
SET
Time: 0 hrs, 0 mins, 0 secs, 11 ms
UPDATE 0
Time: 0 hrs, 0 mins, 1 secs, 243 ms
END
Time: 0 hrs, 0 mins, 4 secs, 719 ms
VACUUM
Time: 0 hrs, 0 mins, 22 secs, 514 ms

Fri Feb 11 12:31:24 EST 2011

Timing is on.

           700 - LOAD_BN_SESSION

BEGIN
Time: 0 hrs, 0 mins, 1 secs, 295 ms
SET
Time: 0 hrs, 0 mins, 0 secs, 10 ms
INSERT 0 582310
Time: 0 hrs, 0 mins, 15 secs, 940 ms
ANALYZE
Time: 0 hrs, 0 mins, 0 secs, 431 ms
END
Time: 0 hrs, 0 mins, 1 secs, 797 ms

Fri Feb 11 12:31:44 EST 2011

Timing is on.

            750 - LOAD_BN_SESSION_SUMMARY   

BEGIN
Time: 0 hrs, 0 mins, 1 secs, 239 ms
SET
Time: 0 hrs, 0 mins, 0 secs, 9 ms
CREATE TABLE
Time: 0 hrs, 0 mins, 26 secs, 477 ms
TRUNCATE
Time: 0 hrs, 0 mins, 8 secs, 954 ms
INSERT 0 101110
Time: 0 hrs, 0 mins, 3 secs, 424 ms
ANALYZE
Time: 0 hrs, 0 mins, 0 secs, 439 ms
 count(1) 
----------
   101110
(1 row)

Time: 0 hrs, 0 mins, 0 secs, 314 ms
END
Time: 0 hrs, 0 mins, 3 secs, 866 ms

Fri Feb 11 12:32:29 EST 2011

Timing is on.

           800 - LOAD_BN_HITS

BEGIN
Time: 0 hrs, 0 mins, 0 secs, 626 ms
SET
Time: 0 hrs, 0 mins, 0 secs, 17 ms
SET
Time: 0 hrs, 0 mins, 0 secs, 28 ms
SET
Time: 0 hrs, 0 mins, 0 secs, 26 ms
SET
Time: 0 hrs, 0 mins, 0 secs, 22 ms
TRUNCATE
Time: 0 hrs, 0 mins, 3 secs, 195 ms
INSERT 0 7243323
Time: 0 hrs, 0 mins, 6 secs, 134 ms
 count(1) 
----------
  7243323
(1 row)

Time: 0 hrs, 0 mins, 2 secs, 368 ms
ANALYZE
Time: 0 hrs, 0 mins, 2 secs, 424 ms
END
Time: 0 hrs, 0 mins, 2 secs, 443 ms

Fri Feb 11 12:32:47 EST 2011

Timing is on.

            900 - LOAD_CLICKSTREAM   

BEGIN
Time: 0 hrs, 0 mins, 0 secs, 628 ms
SET
Time: 0 hrs, 0 mins, 0 secs, 11 ms
TRUNCATE
Time: 0 hrs, 0 mins, 4 secs, 617 ms
INSERT 0 7243323
Time: 0 hrs, 0 mins, 54 secs, 827 ms
 count(1) 
----------
  7243323
(1 row)

Time: 0 hrs, 0 mins, 0 secs, 248 ms
ANALYZE
Time: 0 hrs, 0 mins, 1 secs, 39 ms
END
Time: 0 hrs, 0 mins, 1 secs, 721 ms

Fri Feb 11 12:33:50 EST 2011

Timing is on.

            1000 - PAGE_VIEW_SUMMARY  

BEGIN
Time: 0 hrs, 0 mins, 1 secs, 180 ms
SET
Time: 0 hrs, 0 mins, 0 secs, 10 ms
SET
Time: 0 hrs, 0 mins, 0 secs, 18 ms
TRUNCATE
Time: 0 hrs, 0 mins, 1 secs, 547 ms
INSERT 0 22833
Time: 0 hrs, 0 mins, 4 secs, 879 ms
 count(1) 
----------
    22833
(1 row)

Time: 0 hrs, 0 mins, 0 secs, 300 ms
ANALYZE
Time: 0 hrs, 0 mins, 0 secs, 153 ms
END
Time: 0 hrs, 0 mins, 1 secs, 576 ms

Fri Feb 11 12:34:00 EST 2011


2000 - WRAP UP 

Timing is on.
BEGIN
Time: 0 hrs, 0 mins, 0 secs, 648 ms
TRUNCATE
Time: 0 hrs, 0 mins, 0 secs, 864 ms
TRUNCATE
Time: 0 hrs, 0 mins, 0 secs, 699 ms
END
Time: 0 hrs, 0 mins, 3 secs, 834 ms
Fri Feb 11 12:34:06 EST 2011
Removing lock file and waiting for a minute
