Checking for lock file /tmp/.iislock
Acquired lock file /tmp/.iislock
-------------------------------------
Processing for 20110412
-------------------------------------

Wed Apr 13 06:35:09 EDT 2011

Timing is on.

           000 - INIT

BEGIN
Time: 0 hrs, 0 mins, 1 secs, 770 ms
*** Truncating staging tables before workflow starts ***
SET
Time: 0 hrs, 0 mins, 0 secs, 11 ms
GRANT
Time: 0 hrs, 0 mins, 22 secs, 659 ms
END
Time: 0 hrs, 0 mins, 1 secs, 487 ms

Wed Apr 13 06:35:35 EDT 2011

Timing is on.

            200 - LOAD_BN_IISLOGS   

BEGIN
Time: 0 hrs, 0 mins, 0 secs, 712 ms
SET
Time: 0 hrs, 0 mins, 0 secs, 15 ms
TRUNCATE
Time: 0 hrs, 0 mins, 4 secs, 285 ms
INSERT 0 43929025
Time: 0 hrs, 10 mins, 45 secs, 43 ms
END
Time: 0 hrs, 1 mins, 56 secs, 498 ms
ALTER TABLE
Time: 0 hrs, 12 mins, 42 secs, 25 ms

Wed Apr 13 07:01:04 EDT 2011

Timing is on.
BEGIN
Time: 0 hrs, 0 mins, 2 secs, 218 ms
SET
Time: 0 hrs, 0 mins, 0 secs, 12 ms

            250 - LOAD_BN_HITS_SP   

TRUNCATE
Time: 0 hrs, 0 mins, 2 secs, 570 ms
INSERT 0 13554557
Time: 0 hrs, 1 mins, 35 secs, 500 ms
ANALYZE
Time: 0 hrs, 0 mins, 3 secs, 783 ms
END
Time: 0 hrs, 1 mins, 4 secs, 484 ms

Wed Apr 13 07:03:53 EDT 2011

Timing is on.
BEGIN
Time: 0 hrs, 0 mins, 1 secs, 431 ms
SET
Time: 0 hrs, 0 mins, 0 secs, 10 ms

           300 - DYNAMIC FILTER

TRUNCATE
Time: 0 hrs, 0 mins, 0 secs, 824 ms
INSERT 0 9474540
Time: 0 hrs, 0 mins, 12 secs, 344 ms
ANALYZE
Time: 0 hrs, 0 mins, 0 secs, 674 ms
 Total records in web_click_cnt 
--------------------------------
                        9474540
(1 row)

Time: 0 hrs, 0 mins, 0 secs, 661 ms
CREATE TABLE
Time: 0 hrs, 0 mins, 7 secs, 637 ms
ANALYZE
Time: 0 hrs, 0 mins, 0 secs, 122 ms
CREATE TABLE
Time: 0 hrs, 0 mins, 4 secs, 53 ms
ANALYZE
Time: 0 hrs, 0 mins, 0 secs, 251 ms
DELETE 1
Time: 0 hrs, 0 mins, 1 secs, 133 ms
INSERT 0 1
Time: 0 hrs, 0 mins, 1 secs, 7 ms
DELETE 1
Time: 0 hrs, 0 mins, 0 secs, 88 ms
INSERT 0 1
Time: 0 hrs, 0 mins, 0 secs, 649 ms
CREATE TABLE
Time: 0 hrs, 0 mins, 3 secs, 539 ms
ANALYZE
Time: 0 hrs, 0 mins, 0 secs, 103 ms
CREATE TABLE
Time: 0 hrs, 0 mins, 1 secs, 429 ms
ANALYZE
Time: 0 hrs, 0 mins, 0 secs, 83 ms
DELETE 1
Time: 0 hrs, 0 mins, 0 secs, 91 ms
INSERT 0 1
Time: 0 hrs, 0 mins, 1 secs, 0 ms
DELETE 1
Time: 0 hrs, 0 mins, 0 secs, 102 ms
INSERT 0 1
Time: 0 hrs, 0 mins, 1 secs, 478 ms
ANALYZE
Time: 0 hrs, 0 mins, 0 secs, 145 ms
    tablename     |    attr_name    | attr_value 
------------------+-----------------+------------
 BN_FILTER_SPIDER | CLK_USER_SD_MPL | 10
 BN_FILTER_SPIDER | IP_USER_SD_MPL  | 1
 BN_FILTER_SPIDER | IP_USER_RATIO   | .955
 BN_FILTER_SPIDER | CLK_USER_MEAN   | 15.031
 BN_FILTER_SPIDER | CLK_USER_SD     | 202.659
 BN_FILTER_SPIDER | IP_USER_MEAN    | 13.727
 BN_FILTER_SPIDER | IP_USER_SD      | 1666.325
(7 rows)

Time: 0 hrs, 0 mins, 0 secs, 702 ms
CREATE TABLE
Time: 0 hrs, 0 mins, 8 secs, 301 ms
CREATE TABLE
Time: 0 hrs, 0 mins, 1 secs, 823 ms
 l_mean_sd_mpl 
---------------
      2041.621
(1 row)

Time: 0 hrs, 0 mins, 0 secs, 233 ms
TRUNCATE
Time: 0 hrs, 0 mins, 0 secs, 975 ms
INSERT 0 66
Time: 0 hrs, 0 mins, 4 secs, 647 ms
ANALYZE
Time: 0 hrs, 0 mins, 0 secs, 90 ms
 Total click_user bn_spider_ip records 
---------------------------------------
                                    66
(1 row)

Time: 0 hrs, 0 mins, 0 secs, 159 ms
CREATE TABLE
Time: 0 hrs, 0 mins, 3 secs, 94 ms
ANALYZE
Time: 0 hrs, 0 mins, 0 secs, 92 ms
CREATE TABLE
Time: 0 hrs, 0 mins, 3 secs, 527 ms
ANALYZE
Time: 0 hrs, 0 mins, 0 secs, 438 ms
DROP 
Time: 0 hrs, 0 mins, 0 secs, 424 ms
CREATE TABLE
Time: 0 hrs, 0 mins, 0 secs, 619 ms
 l_mean_sd_mpl | l_ratio 
---------------+---------
      1680.052 |   0.955
(1 row)

Time: 0 hrs, 0 mins, 3 secs, 823 ms
INSERT 0 7497454
Time: 0 hrs, 0 mins, 11 secs, 535 ms
ANALYZE
Time: 0 hrs, 0 mins, 0 secs, 327 ms
 Total ip_user_filter bn_spider_ip records 
-------------------------------------------
                                   7497454
(1 row)

Time: 0 hrs, 0 mins, 0 secs, 624 ms
TRUNCATE
Time: 0 hrs, 0 mins, 2 secs, 324 ms
INSERT 0 16164488
Time: 0 hrs, 0 mins, 27 secs, 649 ms
ANALYZE
Time: 0 hrs, 0 mins, 4 secs, 231 ms
 bn_hits_stage 
---------------
      16164488
(1 row)

Time: 0 hrs, 0 mins, 0 secs, 239 ms
INSERT 0 9619716
Time: 0 hrs, 0 mins, 33 secs, 47 ms
ANALYZE
Time: 0 hrs, 0 mins, 6 secs, 296 ms
 bn_hits_sp_20110412 
---------------------
            23174273
(1 row)

Time: 0 hrs, 0 mins, 2 secs, 23 ms
TRUNCATE
Time: 0 hrs, 0 mins, 1 secs, 505 ms
INSERT 0 4590264
Time: 0 hrs, 0 mins, 4 secs, 607 ms
ANALYZE
Time: 0 hrs, 0 mins, 2 secs, 424 ms
 bn_hits_client_20110412 
-------------------------
                 4590264
(1 row)

Time: 0 hrs, 0 mins, 0 secs, 118 ms
END
Time: 0 hrs, 0 mins, 4 secs, 495 ms

Wed Apr 13 07:06:43 EDT 2011

Timing is on.
BEGIN
Time: 0 hrs, 0 mins, 0 secs, 823 ms

           600 - LOAD RESOURCES

SET
Time: 0 hrs, 0 mins, 0 secs, 10 ms
CREATE TABLE
Time: 0 hrs, 0 mins, 6 secs, 358 ms
ANALYZE
Time: 0 hrs, 0 mins, 0 secs, 635 ms
 tmp_a_count 
-------------
       29464
(1 row)

Time: 0 hrs, 0 mins, 0 secs, 537 ms
UPDATE 0
Time: 0 hrs, 0 mins, 1 secs, 639 ms
ANALYZE
Time: 0 hrs, 0 mins, 0 secs, 794 ms
TRUNCATE
Time: 0 hrs, 0 mins, 0 secs, 975 ms
INSERT 0 3367
Time: 0 hrs, 0 mins, 7 secs, 926 ms
ANALYZE
Time: 0 hrs, 0 mins, 0 secs, 514 ms
 first_resource_id | last_resource_id 
-------------------+------------------
          13301715 |         13305081
(1 row)

Time: 0 hrs, 0 mins, 0 secs, 97 ms
INSERT 0 3367
Time: 0 hrs, 0 mins, 0 secs, 538 ms
 total_resources 
-----------------
        13280686
(1 row)

Time: 0 hrs, 0 mins, 0 secs, 162 ms
ANALYZE
Time: 0 hrs, 0 mins, 0 secs, 881 ms
END
Time: 0 hrs, 0 mins, 2 secs, 350 ms
VACUUM
Time: 0 hrs, 0 mins, 4 secs, 887 ms

Wed Apr 13 07:07:12 EDT 2011

Timing is on.

           650 - LOAD_BN_SESSION_STAGE

BEGIN
Time: 0 hrs, 0 mins, 1 secs, 126 ms
SET
Time: 0 hrs, 0 mins, 0 secs, 11 ms
SET
Time: 0 hrs, 0 mins, 0 secs, 19 ms
CREATE TABLE
Time: 0 hrs, 0 mins, 41 secs, 529 ms
ANALYZE
Time: 0 hrs, 0 mins, 5 secs, 565 ms
 tmp_sessionized_stage 
-----------------------
              16164488
(1 row)

Time: 0 hrs, 0 mins, 0 secs, 389 ms
TRUNCATE
Time: 0 hrs, 0 mins, 0 secs, 943 ms
INSERT 0 1537949
Time: 0 hrs, 0 mins, 23 secs, 330 ms
ANALYZE
Time: 0 hrs, 0 mins, 0 secs, 716 ms
CREATE TABLE
Time: 0 hrs, 1 mins, 3 secs, 519 ms
CREATE INDEX
Time: 0 hrs, 0 mins, 0 secs, 340 ms
 tmp_first_last 
----------------
        1537949
(1 row)

Time: 0 hrs, 0 mins, 0 secs, 214 ms
ANALYZE
Time: 0 hrs, 0 mins, 1 secs, 214 ms
SET
Time: 0 hrs, 0 mins, 0 secs, 22 ms
SET
Time: 0 hrs, 0 mins, 0 secs, 20 ms
TRUNCATE
Time: 0 hrs, 0 mins, 3 secs, 918 ms
DROP
Time: 0 hrs, 0 mins, 0 secs, 478 ms
INSERT 0 1537949
Time: 0 hrs, 0 mins, 9 secs, 399 ms
 bn_session_stage 
------------------
          1537949
(1 row)

Time: 0 hrs, 0 mins, 1 secs, 363 ms
CREATE INDEX
Time: 0 hrs, 0 mins, 1 secs, 87 ms
ANALYZE
Time: 0 hrs, 0 mins, 1 secs, 539 ms
TRUNCATE
Time: 0 hrs, 0 mins, 1 secs, 171 ms
END
Time: 0 hrs, 0 mins, 42 secs, 467 ms

Wed Apr 13 07:10:33 EDT 2011

BEGIN

           660 - LOAD_BN_SESSION_UPDATE_STAGE

SET
TRUNCATE
INSERT 0 0
END

Wed Apr 13 07:10:49 EDT 2011

Timing is on.

           670 - LOAD_BN_SESSION_20110412.UPDATES

BEGIN
Time: 0 hrs, 0 mins, 1 secs, 43 ms
SET
Time: 0 hrs, 0 mins, 0 secs, 10 ms
UPDATE 0
Time: 0 hrs, 0 mins, 0 secs, 611 ms
END
Time: 0 hrs, 0 mins, 7 secs, 562 ms
VACUUM
Time: 0 hrs, 0 mins, 31 secs, 213 ms

Wed Apr 13 07:11:30 EDT 2011

Timing is on.

           700 - LOAD_BN_SESSION

BEGIN
Time: 0 hrs, 0 mins, 2 secs, 152 ms
SET
Time: 0 hrs, 0 mins, 0 secs, 12 ms
INSERT 0 1537949
Time: 0 hrs, 0 mins, 12 secs, 70 ms
ANALYZE
Time: 0 hrs, 0 mins, 1 secs, 732 ms
END
Time: 0 hrs, 0 mins, 28 secs, 827 ms

Wed Apr 13 07:12:15 EDT 2011

Timing is on.

            750 - LOAD_BN_SESSION_SUMMARY   

BEGIN
Time: 0 hrs, 0 mins, 1 secs, 9 ms
SET
Time: 0 hrs, 0 mins, 0 secs, 10 ms
CREATE TABLE
Time: 0 hrs, 0 mins, 8 secs, 40 ms
TRUNCATE
Time: 0 hrs, 0 mins, 1 secs, 743 ms
INSERT 0 186371
Time: 0 hrs, 0 mins, 4 secs, 931 ms
ANALYZE
Time: 0 hrs, 0 mins, 0 secs, 715 ms
 count(1) 
----------
   186371
(1 row)

Time: 0 hrs, 0 mins, 0 secs, 174 ms
END
Time: 0 hrs, 0 mins, 4 secs, 374 ms

Wed Apr 13 07:12:36 EDT 2011

Timing is on.

           800 - LOAD_BN_HITS

BEGIN
Time: 0 hrs, 0 mins, 0 secs, 968 ms
SET
Time: 0 hrs, 0 mins, 0 secs, 11 ms
SET
Time: 0 hrs, 0 mins, 0 secs, 17 ms
SET
Time: 0 hrs, 0 mins, 0 secs, 17 ms
SET
Time: 0 hrs, 0 mins, 0 secs, 18 ms
TRUNCATE
Time: 0 hrs, 0 mins, 3 secs, 106 ms
INSERT 0 16164488
Time: 0 hrs, 0 mins, 10 secs, 649 ms
 count(1) 
----------
 16164488
(1 row)

Time: 0 hrs, 0 mins, 0 secs, 860 ms
ANALYZE
Time: 0 hrs, 0 mins, 3 secs, 964 ms
END
Time: 0 hrs, 0 mins, 45 secs, 591 ms

Wed Apr 13 07:13:41 EDT 2011

Timing is on.

            900 - LOAD_CLICKSTREAM   

BEGIN
Time: 0 hrs, 0 mins, 2 secs, 234 ms
SET
Time: 0 hrs, 0 mins, 0 secs, 12 ms
TRUNCATE
Time: 0 hrs, 0 mins, 3 secs, 125 ms
INSERT 0 16164488
Time: 0 hrs, 1 mins, 39 secs, 294 ms
 count(1) 
----------
 16164488
(1 row)

Time: 0 hrs, 0 mins, 0 secs, 220 ms
ANALYZE
Time: 0 hrs, 0 mins, 1 secs, 119 ms
END
Time: 0 hrs, 0 mins, 3 secs, 32 ms

Wed Apr 13 07:15:31 EDT 2011

Timing is on.

            1000 - PAGE_VIEW_SUMMARY  

BEGIN
Time: 0 hrs, 0 mins, 0 secs, 683 ms
SET
Time: 0 hrs, 0 mins, 0 secs, 13 ms
SET
Time: 0 hrs, 0 mins, 0 secs, 19 ms
TRUNCATE
Time: 0 hrs, 0 mins, 0 secs, 488 ms
INSERT 0 35249
Time: 0 hrs, 0 mins, 5 secs, 665 ms
 count(1) 
----------
    35249
(1 row)

Time: 0 hrs, 0 mins, 0 secs, 212 ms
ANALYZE
Time: 0 hrs, 0 mins, 0 secs, 55 ms
END
Time: 0 hrs, 0 mins, 6 secs, 585 ms

Wed Apr 13 07:15:45 EDT 2011


2000 - WRAP UP 

Timing is on.
BEGIN
Time: 0 hrs, 0 mins, 1 secs, 190 ms
TRUNCATE
Time: 0 hrs, 0 mins, 0 secs, 828 ms
TRUNCATE
Time: 0 hrs, 0 mins, 0 secs, 858 ms
END
Time: 0 hrs, 0 mins, 10 secs, 33 ms
Wed Apr 13 07:15:58 EDT 2011
Removing lock file and waiting for a minute
Checking for lock file /tmp/.iislock
Acquired lock file /tmp/.iislock
-------------------------------------
Processing for 20110412
-------------------------------------

Thu Apr 14 07:20:14 EDT 2011

Timing is on.

           000 - INIT

BEGIN
Time: 0 hrs, 0 mins, 3 secs, 692 ms
*** Truncating staging tables before workflow starts ***
SET
Time: 0 hrs, 0 mins, 0 secs, 11 ms
GRANT
Time: 0 hrs, 0 mins, 9 secs, 462 ms
END
Time: 0 hrs, 0 mins, 23 secs, 379 ms

Thu Apr 14 07:20:51 EDT 2011

Timing is on.

            200 - LOAD_BN_IISLOGS   

BEGIN
Time: 0 hrs, 0 mins, 0 secs, 845 ms
SET
Time: 0 hrs, 0 mins, 0 secs, 10 ms
TRUNCATE
Time: 0 hrs, 0 mins, 1 secs, 308 ms
INSERT 0 59090817
Time: 0 hrs, 8 mins, 35 secs, 293 ms
END
Time: 0 hrs, 0 mins, 2 secs, 759 ms
ALTER TABLE
Time: 0 hrs, 0 mins, 1 secs, 758 ms

Thu Apr 14 07:29:33 EDT 2011

Timing is on.
BEGIN
Time: 0 hrs, 0 mins, 0 secs, 673 ms
SET
Time: 0 hrs, 0 mins, 0 secs, 12 ms

            250 - LOAD_BN_HITS_SP   

TRUNCATE
Time: 0 hrs, 0 mins, 0 secs, 680 ms
INSERT 0 17793640
Time: 0 hrs, 3 mins, 38 secs, 438 ms
ANALYZE
Time: 0 hrs, 1 mins, 28 secs, 119 ms
END
Time: 0 hrs, 0 mins, 37 secs, 113 ms

Thu Apr 14 07:35:18 EDT 2011

Timing is on.
BEGIN
Time: 0 hrs, 0 mins, 1 secs, 732 ms
SET
Time: 0 hrs, 0 mins, 0 secs, 10 ms

           300 - DYNAMIC FILTER

TRUNCATE
Time: 0 hrs, 0 mins, 2 secs, 644 ms
INSERT 0 12295241
Time: 0 hrs, 0 mins, 7 secs, 167 ms
ANALYZE
Time: 0 hrs, 0 mins, 0 secs, 542 ms
 Total records in web_click_cnt 
--------------------------------
                       12295241
(1 row)

Time: 0 hrs, 0 mins, 1 secs, 711 ms
CREATE TABLE
Time: 0 hrs, 0 mins, 2 secs, 597 ms
ANALYZE
Time: 0 hrs, 0 mins, 0 secs, 143 ms
CREATE TABLE
Time: 0 hrs, 0 mins, 1 secs, 249 ms
ANALYZE
Time: 0 hrs, 0 mins, 0 secs, 88 ms
DELETE 1
Time: 0 hrs, 0 mins, 0 secs, 882 ms
INSERT 0 1
Time: 0 hrs, 0 mins, 0 secs, 653 ms
DELETE 1
Time: 0 hrs, 0 mins, 0 secs, 73 ms
INSERT 0 1
Time: 0 hrs, 0 mins, 0 secs, 939 ms
CREATE TABLE
Time: 0 hrs, 0 mins, 2 secs, 310 ms
ANALYZE
Time: 0 hrs, 0 mins, 0 secs, 129 ms
CREATE TABLE
Time: 0 hrs, 0 mins, 1 secs, 66 ms
ANALYZE
Time: 0 hrs, 0 mins, 0 secs, 115 ms
DELETE 1
Time: 0 hrs, 0 mins, 0 secs, 124 ms
INSERT 0 1
Time: 0 hrs, 0 mins, 0 secs, 297 ms
DELETE 1
Time: 0 hrs, 0 mins, 0 secs, 121 ms
INSERT 0 1
Time: 0 hrs, 0 mins, 0 secs, 661 ms
ANALYZE
Time: 0 hrs, 0 mins, 0 secs, 300 ms
    tablename     |    attr_name    | attr_value 
------------------+-----------------+------------
 BN_FILTER_SPIDER | CLK_USER_SD_MPL | 10
 BN_FILTER_SPIDER | IP_USER_SD_MPL  | 1
 BN_FILTER_SPIDER | IP_USER_RATIO   | .955
 BN_FILTER_SPIDER | CLK_USER_MEAN   | 15.830
 BN_FILTER_SPIDER | CLK_USER_SD     | 215.831
 BN_FILTER_SPIDER | IP_USER_MEAN    | 13.477
 BN_FILTER_SPIDER | IP_USER_SD      | 1887.686
(7 rows)

Time: 0 hrs, 0 mins, 0 secs, 181 ms
CREATE TABLE
Time: 0 hrs, 0 mins, 3 secs, 811 ms
CREATE TABLE
Time: 0 hrs, 0 mins, 0 secs, 691 ms
 l_mean_sd_mpl 
---------------
      2174.140
(1 row)

Time: 0 hrs, 0 mins, 0 secs, 169 ms
TRUNCATE
Time: 0 hrs, 0 mins, 1 secs, 156 ms
INSERT 0 72
Time: 0 hrs, 0 mins, 5 secs, 870 ms
ANALYZE
Time: 0 hrs, 0 mins, 0 secs, 796 ms
 Total click_user bn_spider_ip records 
---------------------------------------
                                    72
(1 row)

Time: 0 hrs, 0 mins, 0 secs, 280 ms
CREATE TABLE
Time: 0 hrs, 0 mins, 3 secs, 375 ms
ANALYZE
Time: 0 hrs, 0 mins, 0 secs, 62 ms
CREATE TABLE
Time: 0 hrs, 0 mins, 1 secs, 534 ms
ANALYZE
Time: 0 hrs, 0 mins, 0 secs, 229 ms
DROP 
Time: 0 hrs, 0 mins, 0 secs, 418 ms
CREATE TABLE
Time: 0 hrs, 0 mins, 1 secs, 519 ms
 l_mean_sd_mpl | l_ratio 
---------------+---------
      1901.163 |   0.955
(1 row)

Time: 0 hrs, 0 mins, 3 secs, 606 ms
INSERT 0 9759908
Time: 0 hrs, 0 mins, 8 secs, 72 ms
ANALYZE
Time: 0 hrs, 0 mins, 0 secs, 333 ms
 Total ip_user_filter bn_spider_ip records 
-------------------------------------------
                                   9759908
(1 row)

Time: 0 hrs, 0 mins, 0 secs, 703 ms
TRUNCATE
Time: 0 hrs, 0 mins, 1 secs, 529 ms
INSERT 0 21809326
Time: 0 hrs, 0 mins, 30 secs, 232 ms
ANALYZE
Time: 0 hrs, 0 mins, 4 secs, 441 ms
 bn_hits_stage 
---------------
      21809326
(1 row)

Time: 0 hrs, 0 mins, 0 secs, 822 ms
INSERT 0 12153341
Time: 0 hrs, 0 mins, 44 secs, 445 ms
ANALYZE
Time: 0 hrs, 1 mins, 6 secs, 389 ms
 bn_hits_sp_20110412 
---------------------
            29946981
(1 row)

Time: 0 hrs, 0 mins, 8 secs, 158 ms
TRUNCATE
Time: 0 hrs, 0 mins, 2 secs, 203 ms
INSERT 0 7334510
Time: 0 hrs, 0 mins, 6 secs, 636 ms
ANALYZE
Time: 0 hrs, 0 mins, 3 secs, 246 ms
 bn_hits_client_20110412 
-------------------------
                 7334510
(1 row)

Time: 0 hrs, 0 mins, 0 secs, 607 ms
END
Time: 0 hrs, 0 mins, 22 secs, 469 ms

Thu Apr 14 07:39:28 EDT 2011

Timing is on.
BEGIN
Time: 0 hrs, 0 mins, 0 secs, 952 ms

           600 - LOAD RESOURCES

SET
Time: 0 hrs, 0 mins, 0 secs, 11 ms
CREATE TABLE
Time: 0 hrs, 0 mins, 28 secs, 71 ms
ANALYZE
Time: 0 hrs, 0 mins, 1 secs, 221 ms
 tmp_a_count 
-------------
       38219
(1 row)

Time: 0 hrs, 0 mins, 0 secs, 292 ms
UPDATE 0
Time: 0 hrs, 0 mins, 4 secs, 530 ms
ANALYZE
Time: 0 hrs, 0 mins, 1 secs, 847 ms
TRUNCATE
Time: 0 hrs, 0 mins, 3 secs, 268 ms
INSERT 0 1205
Time: 0 hrs, 0 mins, 10 secs, 885 ms
ANALYZE
Time: 0 hrs, 0 mins, 0 secs, 657 ms
 first_resource_id | last_resource_id 
-------------------+------------------
          13308994 |         13310198
(1 row)

Time: 0 hrs, 0 mins, 0 secs, 208 ms
INSERT 0 1205
Time: 0 hrs, 0 mins, 2 secs, 644 ms
 total_resources 
-----------------
        13285803
(1 row)

Time: 0 hrs, 0 mins, 0 secs, 229 ms
ANALYZE
Time: 0 hrs, 0 mins, 0 secs, 778 ms
END
Time: 0 hrs, 0 mins, 30 secs, 855 ms
VACUUM
Time: 0 hrs, 0 mins, 44 secs, 503 ms

Thu Apr 14 07:41:39 EDT 2011

Timing is on.

           650 - LOAD_BN_SESSION_STAGE

BEGIN
Time: 0 hrs, 0 mins, 1 secs, 562 ms
SET
Time: 0 hrs, 0 mins, 0 secs, 10 ms
SET
Time: 0 hrs, 0 mins, 0 secs, 18 ms
CREATE TABLE
Time: 0 hrs, 0 mins, 45 secs, 558 ms
ANALYZE
Time: 0 hrs, 0 mins, 4 secs, 516 ms
 tmp_sessionized_stage 
-----------------------
              21809326
(1 row)

Time: 0 hrs, 0 mins, 0 secs, 551 ms
TRUNCATE
Time: 0 hrs, 0 mins, 2 secs, 283 ms
INSERT 0 1986870
Time: 0 hrs, 0 mins, 34 secs, 184 ms
ANALYZE
Time: 0 hrs, 0 mins, 1 secs, 510 ms
CREATE TABLE
Time: 0 hrs, 1 mins, 13 secs, 375 ms
CREATE INDEX
Time: 0 hrs, 0 mins, 1 secs, 551 ms
 tmp_first_last 
----------------
        1986870
(1 row)

Time: 0 hrs, 0 mins, 0 secs, 285 ms
ANALYZE
Time: 0 hrs, 0 mins, 1 secs, 251 ms
SET
Time: 0 hrs, 0 mins, 0 secs, 24 ms
SET
Time: 0 hrs, 0 mins, 0 secs, 19 ms
TRUNCATE
Time: 0 hrs, 0 mins, 5 secs, 414 ms
DROP
Time: 0 hrs, 0 mins, 0 secs, 510 ms
INSERT 0 1986870
Time: 0 hrs, 0 mins, 9 secs, 170 ms
 bn_session_stage 
------------------
          1986870
(1 row)

Time: 0 hrs, 0 mins, 2 secs, 954 ms
CREATE INDEX
Time: 0 hrs, 0 mins, 3 secs, 216 ms
ANALYZE
Time: 0 hrs, 0 mins, 3 secs, 122 ms
TRUNCATE
Time: 0 hrs, 0 mins, 2 secs, 496 ms
END
Time: 0 hrs, 0 mins, 33 secs, 451 ms

Thu Apr 14 07:45:26 EDT 2011

BEGIN

           660 - LOAD_BN_SESSION_UPDATE_STAGE

SET
TRUNCATE
INSERT 0 0
END

Thu Apr 14 07:45:48 EDT 2011

Timing is on.

           670 - LOAD_BN_SESSION_20110412.UPDATES

BEGIN
Time: 0 hrs, 0 mins, 0 secs, 798 ms
SET
Time: 0 hrs, 0 mins, 0 secs, 14 ms
UPDATE 0
Time: 0 hrs, 0 mins, 0 secs, 580 ms
END
Time: 0 hrs, 0 mins, 4 secs, 630 ms
VACUUM
Time: 0 hrs, 2 mins, 9 secs, 78 ms

Thu Apr 14 07:48:04 EDT 2011

Timing is on.

           700 - LOAD_BN_SESSION

BEGIN
Time: 0 hrs, 0 mins, 3 secs, 759 ms
SET
Time: 0 hrs, 0 mins, 0 secs, 17 ms
INSERT 0 1986870
Time: 0 hrs, 0 mins, 11 secs, 728 ms
ANALYZE
Time: 0 hrs, 0 mins, 0 secs, 869 ms
END
Time: 0 hrs, 0 mins, 25 secs, 518 ms

Thu Apr 14 07:48:46 EDT 2011

Timing is on.

            750 - LOAD_BN_SESSION_SUMMARY   

BEGIN
Time: 0 hrs, 0 mins, 0 secs, 691 ms
SET
Time: 0 hrs, 0 mins, 0 secs, 9 ms
CREATE TABLE
Time: 0 hrs, 0 mins, 6 secs, 837 ms
TRUNCATE
Time: 0 hrs, 0 mins, 0 secs, 368 ms
INSERT 0 225601
Time: 0 hrs, 0 mins, 3 secs, 912 ms
ANALYZE
Time: 0 hrs, 0 mins, 0 secs, 648 ms
 count(1) 
----------
   225601
(1 row)

Time: 0 hrs, 0 mins, 0 secs, 78 ms
END
Time: 0 hrs, 0 mins, 2 secs, 487 ms

Thu Apr 14 07:49:01 EDT 2011

Timing is on.

           800 - LOAD_BN_HITS

BEGIN
Time: 0 hrs, 0 mins, 0 secs, 689 ms
SET
Time: 0 hrs, 0 mins, 0 secs, 10 ms
SET
Time: 0 hrs, 0 mins, 0 secs, 18 ms
SET
Time: 0 hrs, 0 mins, 0 secs, 19 ms
SET
Time: 0 hrs, 0 mins, 0 secs, 18 ms
TRUNCATE
Time: 0 hrs, 0 mins, 0 secs, 471 ms
INSERT 0 21809326
Time: 0 hrs, 0 mins, 8 secs, 588 ms
 count(1) 
----------
 21809326
(1 row)

Time: 0 hrs, 0 mins, 1 secs, 145 ms
ANALYZE
Time: 0 hrs, 0 mins, 3 secs, 144 ms
END
Time: 0 hrs, 0 mins, 1 secs, 718 ms

Thu Apr 14 07:49:17 EDT 2011

Timing is on.

            900 - LOAD_CLICKSTREAM   

BEGIN
Time: 0 hrs, 0 mins, 2 secs, 4 ms
SET
Time: 0 hrs, 0 mins, 0 secs, 10 ms
TRUNCATE
Time: 0 hrs, 0 mins, 1 secs, 775 ms
INSERT 0 21809326
Time: 0 hrs, 2 mins, 29 secs, 849 ms
 count(1) 
----------
 21809326
(1 row)

Time: 0 hrs, 0 mins, 0 secs, 689 ms
ANALYZE
Time: 0 hrs, 0 mins, 1 secs, 243 ms
END
Time: 0 hrs, 0 mins, 34 secs, 500 ms

Thu Apr 14 07:52:28 EDT 2011

Timing is on.

            1000 - PAGE_VIEW_SUMMARY  

BEGIN
Time: 0 hrs, 0 mins, 0 secs, 864 ms
SET
Time: 0 hrs, 0 mins, 0 secs, 14 ms
SET
Time: 0 hrs, 0 mins, 0 secs, 21 ms
TRUNCATE
Time: 0 hrs, 0 mins, 1 secs, 264 ms
INSERT 0 45209
Time: 0 hrs, 0 mins, 3 secs, 739 ms
 count(1) 
----------
    45209
(1 row)

Time: 0 hrs, 0 mins, 0 secs, 270 ms
ANALYZE
Time: 0 hrs, 0 mins, 0 secs, 47 ms
END
Time: 0 hrs, 0 mins, 2 secs, 204 ms

Thu Apr 14 07:52:36 EDT 2011


2000 - WRAP UP 

Timing is on.
BEGIN
Time: 0 hrs, 0 mins, 0 secs, 743 ms
TRUNCATE
Time: 0 hrs, 0 mins, 0 secs, 580 ms
TRUNCATE
Time: 0 hrs, 0 mins, 0 secs, 442 ms
END
Time: 0 hrs, 0 mins, 5 secs, 296 ms
Thu Apr 14 07:52:43 EDT 2011
Removing lock file and waiting for a minute
