Checking for lock file /tmp/.iislock
Acquired lock file /tmp/.iislock
deleting simple.htm records - these are just server testing...
DELETE 5512097
-------------------------------------
Processing for 20111231
-------------------------------------

Sun Jan 1 08:32:57 EST 2012

Timing is on.

           000 - INIT

BEGIN
Time: 0 hrs, 0 mins, 0 secs, 129 ms
*** Truncating staging tables before workflow starts ***
SET
Time: 0 hrs, 0 mins, 0 secs, 6 ms
GRANT
Time: 0 hrs, 0 mins, 45 secs, 88 ms
END
Time: 0 hrs, 1 mins, 2 secs, 372 ms

Sun Jan 1 08:34:45 EST 2012

Timing is on.

            200 - LOAD_BN_IISLOGS   

BEGIN
Time: 0 hrs, 0 mins, 27 secs, 606 ms
SET
Time: 0 hrs, 0 mins, 0 secs, 6 ms
TRUNCATE
Time: 0 hrs, 0 mins, 5 secs, 9 ms
INSERT 0 74445959
Time: 0 hrs, 13 mins, 44 secs, 355 ms
END
Time: 0 hrs, 1 mins, 59 secs, 709 ms
ALTER TABLE
Time: 0 hrs, 4 mins, 34 secs, 109 ms

Sun Jan 1 08:55:36 EST 2012

Timing is on.
BEGIN
Time: 0 hrs, 0 mins, 0 secs, 222 ms
SET
Time: 0 hrs, 0 mins, 0 secs, 9 ms

            250 - LOAD_BN_HITS_SP   

TRUNCATE
Time: 0 hrs, 0 mins, 3 secs, 226 ms
INSERT 0 30864101
Time: 0 hrs, 3 mins, 49 secs, 577 ms
ANALYZE
Time: 0 hrs, 0 mins, 2 secs, 655 ms
END
Time: 0 hrs, 0 mins, 20 secs, 408 ms

Sun Jan 1 08:59:53 EST 2012

Timing is on.
BEGIN
Time: 0 hrs, 0 mins, 1 secs, 143 ms
SET
Time: 0 hrs, 0 mins, 0 secs, 10 ms

           300 - DYNAMIC FILTER

TRUNCATE
Time: 0 hrs, 0 mins, 1 secs, 921 ms
INSERT 0 23655181
Time: 0 hrs, 0 mins, 3 secs, 32 ms
ANALYZE
Time: 0 hrs, 0 mins, 1 secs, 65 ms
 Total records in web_click_cnt 
--------------------------------
                       23655181
(1 row)

Time: 0 hrs, 0 mins, 2 secs, 694 ms
CREATE TABLE
Time: 0 hrs, 0 mins, 28 secs, 708 ms
ANALYZE
Time: 0 hrs, 0 mins, 0 secs, 803 ms
CREATE TABLE
Time: 0 hrs, 0 mins, 2 secs, 585 ms
ANALYZE
Time: 0 hrs, 0 mins, 6 secs, 569 ms
DELETE 1
Time: 0 hrs, 0 mins, 2 secs, 51 ms
INSERT 0 1
Time: 0 hrs, 0 mins, 1 secs, 333 ms
DELETE 1
Time: 0 hrs, 0 mins, 0 secs, 75 ms
INSERT 0 1
Time: 0 hrs, 0 mins, 0 secs, 705 ms
CREATE TABLE
Time: 0 hrs, 0 mins, 6 secs, 250 ms
ANALYZE
Time: 0 hrs, 0 mins, 0 secs, 56 ms
CREATE TABLE
Time: 0 hrs, 0 mins, 1 secs, 971 ms
ANALYZE
Time: 0 hrs, 0 mins, 0 secs, 59 ms
DELETE 1
Time: 0 hrs, 0 mins, 0 secs, 74 ms
INSERT 0 1
Time: 0 hrs, 0 mins, 1 secs, 356 ms
DELETE 1
Time: 0 hrs, 0 mins, 0 secs, 69 ms
INSERT 0 1
Time: 0 hrs, 0 mins, 7 secs, 260 ms
ANALYZE
Time: 0 hrs, 0 mins, 1 secs, 305 ms
    tablename     |    attr_name    | attr_value 
------------------+-----------------+------------
 BN_FILTER_SPIDER | CLK_USER_SD_MPL | 10
 BN_FILTER_SPIDER | IP_USER_SD_MPL  | 1
 BN_FILTER_SPIDER | IP_USER_RATIO   | .955
 BN_FILTER_SPIDER | CLK_USER_MEAN   | 9.545
 BN_FILTER_SPIDER | CLK_USER_SD     | 126.014
 BN_FILTER_SPIDER | IP_USER_MEAN    | 20.855
 BN_FILTER_SPIDER | IP_USER_SD      | 4958.545
(7 rows)

Time: 0 hrs, 0 mins, 2 secs, 190 ms
CREATE TABLE
Time: 0 hrs, 0 mins, 20 secs, 121 ms
CREATE TABLE
Time: 0 hrs, 0 mins, 4 secs, 775 ms
 l_mean_sd_mpl 
---------------
      1269.685
(1 row)

Time: 0 hrs, 0 mins, 1 secs, 564 ms
TRUNCATE
Time: 0 hrs, 0 mins, 8 secs, 377 ms
INSERT 0 178
Time: 0 hrs, 0 mins, 26 secs, 611 ms
ANALYZE
Time: 0 hrs, 0 mins, 3 secs, 960 ms
 Total click_user bn_spider_ip records 
---------------------------------------
                                   178
(1 row)

Time: 0 hrs, 0 mins, 17 secs, 203 ms
CREATE TABLE
Time: 0 hrs, 0 mins, 47 secs, 253 ms
ANALYZE
Time: 0 hrs, 0 mins, 0 secs, 41 ms
CREATE TABLE
Time: 0 hrs, 1 mins, 25 secs, 295 ms
ANALYZE
Time: 0 hrs, 0 mins, 0 secs, 470 ms
DROP 
Time: 0 hrs, 0 mins, 0 secs, 398 ms
CREATE TABLE
Time: 0 hrs, 0 mins, 4 secs, 670 ms
 l_mean_sd_mpl | l_ratio 
---------------+---------
      4979.400 |   0.955
(1 row)

Time: 0 hrs, 0 mins, 30 secs, 62 ms
INSERT 0 20004189
Time: 0 hrs, 1 mins, 55 secs, 92 ms
ANALYZE
Time: 0 hrs, 0 mins, 0 secs, 437 ms
 Total ip_user_filter bn_spider_ip records 
-------------------------------------------
                                  20004189
(1 row)

Time: 0 hrs, 0 mins, 10 secs, 602 ms
TRUNCATE
Time: 0 hrs, 0 mins, 3 secs, 816 ms
INSERT 0 17745914
Time: 0 hrs, 1 mins, 50 secs, 159 ms
ANALYZE
Time: 0 hrs, 0 mins, 6 secs, 359 ms
 bn_hits_stage 
---------------
      17745914
(1 row)

Time: 0 hrs, 0 mins, 3 secs, 751 ms
INSERT 0 21025191
Time: 0 hrs, 0 mins, 59 secs, 651 ms
ANALYZE
Time: 0 hrs, 0 mins, 5 secs, 97 ms
 bn_hits_sp_20111231 
---------------------
            51889292
(1 row)

Time: 0 hrs, 0 mins, 0 secs, 694 ms
TRUNCATE
Time: 0 hrs, 0 mins, 2 secs, 702 ms
INSERT 0 4810753
Time: 0 hrs, 0 mins, 7 secs, 46 ms
ANALYZE
Time: 0 hrs, 0 mins, 3 secs, 247 ms
 bn_hits_client_20111231 
-------------------------
                 4810753
(1 row)

Time: 0 hrs, 0 mins, 1 secs, 361 ms
END
Time: 0 hrs, 0 mins, 24 secs, 423 ms

Sun Jan 1 09:11:11 EST 2012

Timing is on.
BEGIN
Time: 0 hrs, 0 mins, 2 secs, 209 ms

           600 - LOAD RESOURCES

SET
Time: 0 hrs, 0 mins, 0 secs, 7 ms
CREATE TABLE
Time: 0 hrs, 1 mins, 50 secs, 962 ms
ANALYZE
Time: 0 hrs, 0 mins, 3 secs, 709 ms
 tmp_a_count 
-------------
     1276438
(1 row)

Time: 0 hrs, 0 mins, 3 secs, 5 ms
UPDATE 0
Time: 0 hrs, 0 mins, 7 secs, 193 ms
ANALYZE
Time: 0 hrs, 0 mins, 0 secs, 588 ms
TRUNCATE
Time: 0 hrs, 0 mins, 2 secs, 867 ms
INSERT 0 438241
Time: 0 hrs, 0 mins, 24 secs, 333 ms
ANALYZE
Time: 0 hrs, 0 mins, 2 secs, 822 ms
 first_resource_id | last_resource_id 
-------------------+------------------
          76877988 |         77316228
(1 row)

Time: 0 hrs, 0 mins, 1 secs, 324 ms
INSERT 0 438241
Time: 0 hrs, 0 mins, 6 secs, 407 ms
 total_resources 
-----------------
        77291765
(1 row)

Time: 0 hrs, 0 mins, 2 secs, 372 ms
ANALYZE
Time: 0 hrs, 0 mins, 1 secs, 888 ms
END
Time: 0 hrs, 0 mins, 29 secs, 566 ms
VACUUM
Time: 0 hrs, 0 mins, 15 secs, 614 ms

Sun Jan 1 09:14:46 EST 2012

Timing is on.

           650 - LOAD_BN_SESSION_STAGE

BEGIN
Time: 0 hrs, 0 mins, 1 secs, 98 ms
SET
Time: 0 hrs, 0 mins, 0 secs, 8 ms
SET
Time: 0 hrs, 0 mins, 0 secs, 27 ms
CREATE TABLE
Time: 0 hrs, 0 mins, 30 secs, 182 ms
ANALYZE
Time: 0 hrs, 0 mins, 2 secs, 682 ms
 tmp_sessionized_stage 
-----------------------
              17745914
(1 row)

Time: 0 hrs, 0 mins, 0 secs, 439 ms
TRUNCATE
Time: 0 hrs, 0 mins, 1 secs, 84 ms
INSERT 0 3447464
Time: 0 hrs, 1 mins, 4 secs, 32 ms
ANALYZE
Time: 0 hrs, 0 mins, 4 secs, 755 ms
CREATE TABLE
Time: 0 hrs, 1 mins, 12 secs, 532 ms
CREATE INDEX
Time: 0 hrs, 0 mins, 0 secs, 250 ms
 tmp_first_last 
----------------
        3447464
(1 row)

Time: 0 hrs, 0 mins, 0 secs, 496 ms
ANALYZE
Time: 0 hrs, 0 mins, 2 secs, 128 ms
SET
Time: 0 hrs, 0 mins, 0 secs, 11 ms
SET
Time: 0 hrs, 0 mins, 0 secs, 10 ms
TRUNCATE
Time: 0 hrs, 0 mins, 1 secs, 429 ms
DROP 
Time: 0 hrs, 0 mins, 1 secs, 504 ms
INSERT 0 3447464
Time: 0 hrs, 0 mins, 5 secs, 879 ms
 bn_session_stage 
------------------
          3447464
(1 row)

Time: 0 hrs, 0 mins, 1 secs, 258 ms
CREATE INDEX
Time: 0 hrs, 0 mins, 0 secs, 754 ms
ANALYZE
Time: 0 hrs, 0 mins, 0 secs, 993 ms
TRUNCATE
Time: 0 hrs, 0 mins, 2 secs, 980 ms
END
Time: 0 hrs, 0 mins, 5 secs, 963 ms

Sun Jan 1 09:18:07 EST 2012

BEGIN

           660 - LOAD_BN_SESSION_UPDATE_STAGE

SET
TRUNCATE
INSERT 0 0
END

Sun Jan 1 09:18:18 EST 2012

Timing is on.

           670 - LOAD_BN_SESSION_20111231.UPDATES

BEGIN
Time: 0 hrs, 0 mins, 0 secs, 446 ms
SET
Time: 0 hrs, 0 mins, 0 secs, 7 ms
UPDATE 0
Time: 0 hrs, 0 mins, 0 secs, 185 ms
END
Time: 0 hrs, 0 mins, 6 secs, 176 ms
VACUUM
Time: 0 hrs, 0 mins, 7 secs, 162 ms

Sun Jan 1 09:18:33 EST 2012

Timing is on.

           700 - LOAD_BN_SESSION

BEGIN
Time: 0 hrs, 0 mins, 0 secs, 144 ms
SET
Time: 0 hrs, 0 mins, 0 secs, 6 ms
INSERT 0 3447464
Time: 0 hrs, 0 mins, 15 secs, 115 ms
ANALYZE
Time: 0 hrs, 0 mins, 0 secs, 848 ms
END
Time: 0 hrs, 0 mins, 9 secs, 863 ms

Sun Jan 1 09:18:59 EST 2012

Timing is on.

            750 - LOAD_BN_SESSION_SUMMARY   

BEGIN
Time: 0 hrs, 0 mins, 0 secs, 149 ms
SET
Time: 0 hrs, 0 mins, 0 secs, 6 ms
CREATE TABLE
Time: 0 hrs, 0 mins, 7 secs, 647 ms
TRUNCATE
Time: 0 hrs, 0 mins, 10 secs, 190 ms
INSERT 0 932441
Time: 0 hrs, 0 mins, 13 secs, 81 ms
ANALYZE
Time: 0 hrs, 0 mins, 1 secs, 345 ms
 count(1) 
----------
   932441
(1 row)

Time: 0 hrs, 0 mins, 0 secs, 71 ms
END
Time: 0 hrs, 0 mins, 7 secs, 797 ms

Sun Jan 1 09:19:39 EST 2012

Timing is on.

           800 - LOAD_BN_HITS

BEGIN
Time: 0 hrs, 0 mins, 0 secs, 130 ms
SET
Time: 0 hrs, 0 mins, 0 secs, 6 ms
SET
Time: 0 hrs, 0 mins, 0 secs, 12 ms
SET
Time: 0 hrs, 0 mins, 0 secs, 12 ms
SET
Time: 0 hrs, 0 mins, 0 secs, 10 ms
TRUNCATE
Time: 0 hrs, 0 mins, 3 secs, 460 ms
INSERT 0 17745914
Time: 0 hrs, 0 mins, 4 secs, 604 ms
 count(1) 
----------
 17745914
(1 row)

Time: 0 hrs, 0 mins, 2 secs, 25 ms
ANALYZE
Time: 0 hrs, 0 mins, 3 secs, 240 ms
END
Time: 0 hrs, 0 mins, 42 secs, 8 ms

Sun Jan 1 09:20:35 EST 2012

Timing is on.

            900 - LOAD_CLICKSTREAM   

BEGIN
Time: 0 hrs, 0 mins, 0 secs, 161 ms
SET
Time: 0 hrs, 0 mins, 0 secs, 8 ms
TRUNCATE
Time: 0 hrs, 0 mins, 4 secs, 844 ms
INSERT 0 17745914
Time: 0 hrs, 1 mins, 13 secs, 422 ms
 count(1) 
----------
 17745914
(1 row)

Time: 0 hrs, 0 mins, 2 secs, 800 ms
ANALYZE
Time: 0 hrs, 0 mins, 1 secs, 996 ms
END
Time: 0 hrs, 0 mins, 24 secs, 904 ms

Sun Jan 1 09:22:24 EST 2012

Timing is on.

            1000 - PAGE_VIEW_SUMMARY  

BEGIN
Time: 0 hrs, 0 mins, 3 secs, 312 ms
SET
Time: 0 hrs, 0 mins, 0 secs, 6 ms
SET
Time: 0 hrs, 0 mins, 0 secs, 12 ms
TRUNCATE
Time: 0 hrs, 0 mins, 2 secs, 483 ms
INSERT 0 1307748
Time: 0 hrs, 0 mins, 8 secs, 970 ms
 count(1) 
----------
  1307748
(1 row)

Time: 0 hrs, 0 mins, 0 secs, 563 ms
ANALYZE
Time: 0 hrs, 0 mins, 0 secs, 152 ms
END
Time: 0 hrs, 0 mins, 6 secs, 959 ms

Sun Jan 1 09:22:46 EST 2012


2000 - WRAP UP 

Timing is on.
BEGIN
Time: 0 hrs, 0 mins, 2 secs, 263 ms
TRUNCATE
Time: 0 hrs, 0 mins, 1 secs, 5 ms
TRUNCATE
Time: 0 hrs, 0 mins, 2 secs, 259 ms
END
Time: 0 hrs, 0 mins, 8 secs, 761 ms
Sun Jan 1 09:23:01 EST 2012
Removing lock file and waiting for a minute
Total time taken:  53  minutes.
Running time of run.sh 20111231: 3216 seconds
Checking for lock file /tmp/.iislock
Acquired lock file /tmp/.iislock
deleting simple.htm records - these are just server testing...
DELETE 15
-------------------------------------
Processing for 20111231
-------------------------------------

Mon Jan 2 04:44:57 EST 2012

Timing is on.

           000 - INIT

BEGIN
Time: 0 hrs, 0 mins, 11 secs, 738 ms
*** Truncating staging tables before workflow starts ***
SET
Time: 0 hrs, 0 mins, 0 secs, 14 ms
GRANT
Time: 0 hrs, 0 mins, 43 secs, 992 ms
END
Time: 0 hrs, 0 mins, 23 secs, 94 ms

Mon Jan 2 04:46:16 EST 2012

Timing is on.

            200 - LOAD_BN_IISLOGS   

BEGIN
Time: 0 hrs, 0 mins, 0 secs, 129 ms
SET
Time: 0 hrs, 0 mins, 0 secs, 6 ms
TRUNCATE
Time: 0 hrs, 0 mins, 6 secs, 552 ms
INSERT 0 93295773
Time: 0 hrs, 13 mins, 4 secs, 593 ms
END
Time: 0 hrs, 0 mins, 42 secs, 160 ms
ALTER TABLE
Time: 0 hrs, 0 mins, 34 secs, 915 ms

Mon Jan 2 05:00:45 EST 2012

Timing is on.
BEGIN
Time: 0 hrs, 0 mins, 33 secs, 157 ms
SET
Time: 0 hrs, 0 mins, 0 secs, 9 ms

            250 - LOAD_BN_HITS_SP   

TRUNCATE
Time: 0 hrs, 0 mins, 14 secs, 799 ms
INSERT 0 38715285
Time: 0 hrs, 7 mins, 57 secs, 640 ms
ANALYZE
Time: 0 hrs, 0 mins, 10 secs, 821 ms
END
Time: 0 hrs, 5 mins, 46 secs, 142 ms

Mon Jan 2 05:15:28 EST 2012

Timing is on.
BEGIN
Time: 0 hrs, 0 mins, 44 secs, 70 ms
SET
Time: 0 hrs, 0 mins, 0 secs, 9 ms

           300 - DYNAMIC FILTER

TRUNCATE
Time: 0 hrs, 0 mins, 15 secs, 27 ms
INSERT 0 29052357
Time: 0 hrs, 0 mins, 14 secs, 62 ms
ANALYZE
Time: 0 hrs, 0 mins, 3 secs, 449 ms
 Total records in web_click_cnt 
--------------------------------
                       29052357
(1 row)

Time: 0 hrs, 0 mins, 9 secs, 71 ms
CREATE TABLE
Time: 0 hrs, 0 mins, 59 secs, 819 ms
ANALYZE
Time: 0 hrs, 0 mins, 2 secs, 316 ms
CREATE TABLE
Time: 0 hrs, 0 mins, 13 secs, 514 ms
ANALYZE
Time: 0 hrs, 0 mins, 0 secs, 646 ms
DELETE 1
Time: 0 hrs, 0 mins, 2 secs, 533 ms
INSERT 0 1
Time: 0 hrs, 0 mins, 6 secs, 969 ms
DELETE 1
Time: 0 hrs, 0 mins, 0 secs, 82 ms
INSERT 0 1
Time: 0 hrs, 0 mins, 4 secs, 701 ms
CREATE TABLE
Time: 0 hrs, 0 mins, 35 secs, 567 ms
ANALYZE
Time: 0 hrs, 0 mins, 0 secs, 862 ms
CREATE TABLE
Time: 0 hrs, 0 mins, 6 secs, 96 ms
ANALYZE
Time: 0 hrs, 0 mins, 0 secs, 287 ms
DELETE 1
Time: 0 hrs, 0 mins, 0 secs, 66 ms
INSERT 0 1
Time: 0 hrs, 0 mins, 11 secs, 447 ms
DELETE 1
Time: 0 hrs, 0 mins, 1 secs, 420 ms
INSERT 0 1
Time: 0 hrs, 0 mins, 2 secs, 388 ms
ANALYZE
Time: 0 hrs, 0 mins, 0 secs, 584 ms
    tablename     |    attr_name    | attr_value 
------------------+-----------------+------------
 BN_FILTER_SPIDER | CLK_USER_SD_MPL | 10
 BN_FILTER_SPIDER | IP_USER_SD_MPL  | 1
 BN_FILTER_SPIDER | IP_USER_RATIO   | .955
 BN_FILTER_SPIDER | CLK_USER_MEAN   | 9.828
 BN_FILTER_SPIDER | CLK_USER_SD     | 117.225
 BN_FILTER_SPIDER | IP_USER_MEAN    | 21.415
 BN_FILTER_SPIDER | IP_USER_SD      | 5436.249
(7 rows)

Time: 0 hrs, 0 mins, 11 secs, 312 ms
CREATE TABLE
Time: 0 hrs, 4 mins, 52 secs, 157 ms
CREATE TABLE
Time: 0 hrs, 0 mins, 5 secs, 239 ms
 l_mean_sd_mpl 
---------------
      1182.078
(1 row)

Time: 0 hrs, 0 mins, 2 secs, 860 ms
TRUNCATE
Time: 0 hrs, 0 mins, 16 secs, 126 ms
INSERT 0 228
Time: 0 hrs, 0 mins, 28 secs, 131 ms
ANALYZE
Time: 0 hrs, 0 mins, 0 secs, 886 ms
 Total click_user bn_spider_ip records 
---------------------------------------
                                   228
(1 row)

Time: 0 hrs, 0 mins, 0 secs, 626 ms
CREATE TABLE
Time: 0 hrs, 0 mins, 14 secs, 748 ms
ANALYZE
Time: 0 hrs, 0 mins, 0 secs, 31 ms
CREATE TABLE
Time: 0 hrs, 0 mins, 10 secs, 94 ms
ANALYZE
Time: 0 hrs, 0 mins, 1 secs, 142 ms
DROP 
Time: 0 hrs, 0 mins, 0 secs, 120 ms
CREATE TABLE
Time: 0 hrs, 0 mins, 0 secs, 604 ms
 l_mean_sd_mpl | l_ratio 
---------------+---------
      5457.664 |   0.955
(1 row)

Time: 0 hrs, 0 mins, 0 secs, 745 ms
INSERT 0 24736317
Time: 0 hrs, 0 mins, 29 secs, 250 ms
ANALYZE
Time: 0 hrs, 0 mins, 0 secs, 407 ms
 Total ip_user_filter bn_spider_ip records 
-------------------------------------------
                                  24736317
(1 row)

Time: 0 hrs, 0 mins, 3 secs, 51 ms
TRUNCATE
Time: 0 hrs, 0 mins, 4 secs, 603 ms
INSERT 0 22050276
Time: 0 hrs, 0 mins, 44 secs, 282 ms
ANALYZE
Time: 0 hrs, 0 mins, 7 secs, 999 ms
 bn_hits_stage 
---------------
      22050276
(1 row)

Time: 0 hrs, 0 mins, 21 secs, 671 ms
INSERT 0 25997774
Time: 0 hrs, 4 mins, 31 secs, 118 ms
ANALYZE
Time: 0 hrs, 0 mins, 5 secs, 871 ms
 bn_hits_sp_20111231 
---------------------
            64713059
(1 row)

Time: 0 hrs, 0 mins, 3 secs, 755 ms
TRUNCATE
Time: 0 hrs, 0 mins, 11 secs, 864 ms
INSERT 0 6532438
Time: 0 hrs, 0 mins, 21 secs, 987 ms
ANALYZE
Time: 0 hrs, 0 mins, 14 secs, 172 ms
 bn_hits_client_20111231 
-------------------------
                 6532438
(1 row)

Time: 0 hrs, 0 mins, 11 secs, 494 ms
END
Time: 0 hrs, 0 mins, 34 secs, 323 ms

Mon Jan 2 05:33:54 EST 2012

Timing is on.
BEGIN
Time: 0 hrs, 0 mins, 5 secs, 472 ms

           600 - LOAD RESOURCES

SET
Time: 0 hrs, 0 mins, 0 secs, 6 ms
CREATE TABLE
Time: 0 hrs, 1 mins, 42 secs, 107 ms
ANALYZE
Time: 0 hrs, 0 mins, 4 secs, 650 ms
 tmp_a_count 
-------------
     1475145
(1 row)

Time: 0 hrs, 0 mins, 1 secs, 322 ms
UPDATE 0
Time: 0 hrs, 0 mins, 7 secs, 467 ms
ANALYZE
Time: 0 hrs, 0 mins, 1 secs, 868 ms
TRUNCATE
Time: 0 hrs, 0 mins, 1 secs, 19 ms
INSERT 0 93778
Time: 0 hrs, 0 mins, 17 secs, 794 ms
ANALYZE
Time: 0 hrs, 0 mins, 2 secs, 904 ms
 first_resource_id | last_resource_id 
-------------------+------------------
          77442314 |         77536091
(1 row)

Time: 0 hrs, 0 mins, 0 secs, 880 ms
INSERT 0 93778
Time: 0 hrs, 0 mins, 2 secs, 342 ms
 total_resources 
-----------------
        77511628
(1 row)

Time: 0 hrs, 0 mins, 0 secs, 292 ms
ANALYZE
Time: 0 hrs, 0 mins, 1 secs, 507 ms
END
Time: 0 hrs, 0 mins, 13 secs, 359 ms
VACUUM
Time: 0 hrs, 0 mins, 43 secs, 383 ms

Mon Jan 2 05:37:20 EST 2012

Timing is on.

           650 - LOAD_BN_SESSION_STAGE

BEGIN
Time: 0 hrs, 0 mins, 0 secs, 145 ms
SET
Time: 0 hrs, 0 mins, 0 secs, 7 ms
SET
Time: 0 hrs, 0 mins, 0 secs, 14 ms
CREATE TABLE
Time: 0 hrs, 5 mins, 2 secs, 261 ms
ANALYZE
Time: 0 hrs, 0 mins, 6 secs, 77 ms
 tmp_sessionized_stage 
-----------------------
              22050276
(1 row)

Time: 0 hrs, 0 mins, 1 secs, 307 ms
TRUNCATE
Time: 0 hrs, 0 mins, 4 secs, 693 ms
INSERT 0 4110103
Time: 0 hrs, 2 mins, 28 secs, 65 ms
ANALYZE
Time: 0 hrs, 0 mins, 3 secs, 558 ms
CREATE TABLE
Time: 0 hrs, 5 mins, 24 secs, 708 ms
CREATE INDEX
Time: 0 hrs, 0 mins, 0 secs, 779 ms
 tmp_first_last 
----------------
        4110103
(1 row)

Time: 0 hrs, 0 mins, 0 secs, 412 ms
ANALYZE
Time: 0 hrs, 0 mins, 0 secs, 931 ms
SET
Time: 0 hrs, 0 mins, 0 secs, 12 ms
SET
Time: 0 hrs, 0 mins, 0 secs, 11 ms
TRUNCATE
Time: 0 hrs, 0 mins, 3 secs, 147 ms
DROP 
Time: 0 hrs, 0 mins, 0 secs, 968 ms
INSERT 0 4110103
Time: 0 hrs, 0 mins, 7 secs, 983 ms
 bn_session_stage 
------------------
          4110103
(1 row)

Time: 0 hrs, 0 mins, 2 secs, 971 ms
CREATE INDEX
Time: 0 hrs, 0 mins, 3 secs, 761 ms
ANALYZE
Time: 0 hrs, 0 mins, 2 secs, 285 ms
TRUNCATE
Time: 0 hrs, 0 mins, 1 secs, 880 ms
END
Time: 0 hrs, 0 mins, 9 secs, 37 ms

Mon Jan 2 05:51:05 EST 2012

BEGIN

           660 - LOAD_BN_SESSION_UPDATE_STAGE

SET
TRUNCATE
INSERT 0 0
END

Mon Jan 2 05:51:16 EST 2012

Timing is on.

           670 - LOAD_BN_SESSION_20111231.UPDATES

BEGIN
Time: 0 hrs, 0 mins, 0 secs, 163 ms
SET
Time: 0 hrs, 0 mins, 0 secs, 6 ms
UPDATE 0
Time: 0 hrs, 0 mins, 0 secs, 210 ms
END
Time: 0 hrs, 0 mins, 6 secs, 669 ms
VACUUM
Time: 0 hrs, 0 mins, 34 secs, 99 ms

Mon Jan 2 05:51:58 EST 2012

Timing is on.

           700 - LOAD_BN_SESSION

BEGIN
Time: 0 hrs, 0 mins, 5 secs, 865 ms
SET
Time: 0 hrs, 0 mins, 0 secs, 10 ms
INSERT 0 4110103
Time: 0 hrs, 5 mins, 5 secs, 621 ms
ANALYZE
Time: 0 hrs, 0 mins, 4 secs, 776 ms
END
Time: 0 hrs, 0 mins, 23 secs, 159 ms

Mon Jan 2 05:57:37 EST 2012

Timing is on.

            750 - LOAD_BN_SESSION_SUMMARY   

BEGIN
Time: 0 hrs, 0 mins, 1 secs, 71 ms
SET
Time: 0 hrs, 0 mins, 0 secs, 6 ms
CREATE TABLE
Time: 0 hrs, 0 mins, 29 secs, 651 ms
TRUNCATE
Time: 0 hrs, 0 mins, 3 secs, 546 ms
INSERT 0 1056719
Time: 0 hrs, 0 mins, 12 secs, 20 ms
ANALYZE
Time: 0 hrs, 0 mins, 6 secs, 806 ms
 count(1) 
----------
  1056719
(1 row)

Time: 0 hrs, 0 mins, 2 secs, 52 ms
END
Time: 0 hrs, 0 mins, 10 secs, 169 ms

Mon Jan 2 05:58:43 EST 2012

Timing is on.

           800 - LOAD_BN_HITS

BEGIN
Time: 0 hrs, 0 mins, 2 secs, 974 ms
SET
Time: 0 hrs, 0 mins, 0 secs, 6 ms
SET
Time: 0 hrs, 0 mins, 0 secs, 18 ms
SET
Time: 0 hrs, 0 mins, 0 secs, 19 ms
SET
Time: 0 hrs, 0 mins, 0 secs, 14 ms
TRUNCATE
Time: 0 hrs, 0 mins, 5 secs, 321 ms
INSERT 0 22050276
Time: 0 hrs, 0 mins, 11 secs, 422 ms
 count(1) 
----------
 22050276
(1 row)

Time: 0 hrs, 0 mins, 10 secs, 359 ms
ANALYZE
Time: 0 hrs, 0 mins, 8 secs, 83 ms
END
Time: 0 hrs, 2 mins, 40 secs, 806 ms

Mon Jan 2 06:02:02 EST 2012

Timing is on.

            900 - LOAD_CLICKSTREAM   

BEGIN
Time: 0 hrs, 0 mins, 8 secs, 536 ms
SET
Time: 0 hrs, 0 mins, 0 secs, 8 ms
TRUNCATE
Time: 0 hrs, 0 mins, 26 secs, 453 ms
INSERT 0 22050276
Time: 0 hrs, 56 mins, 16 secs, 901 ms
 count(1) 
----------
 22050276
(1 row)

Time: 0 hrs, 0 mins, 12 secs, 513 ms
ANALYZE
Time: 0 hrs, 0 mins, 3 secs, 46 ms
END
Time: 0 hrs, 1 mins, 36 secs, 507 ms

Mon Jan 2 07:00:47 EST 2012

Timing is on.

            1000 - PAGE_VIEW_SUMMARY  

BEGIN
Time: 0 hrs, 0 mins, 0 secs, 167 ms
SET
Time: 0 hrs, 0 mins, 0 secs, 6 ms
SET
Time: 0 hrs, 0 mins, 0 secs, 12 ms
TRUNCATE
Time: 0 hrs, 0 mins, 2 secs, 747 ms
INSERT 0 1511998
Time: 0 hrs, 1 mins, 19 secs, 47 ms
 count(1) 
----------
  1511998
(1 row)

Time: 0 hrs, 0 mins, 1 secs, 789 ms
ANALYZE
Time: 0 hrs, 0 mins, 0 secs, 585 ms
END
Time: 0 hrs, 0 mins, 36 secs, 721 ms

Mon Jan 2 07:02:48 EST 2012


2000 - WRAP UP 

Timing is on.
BEGIN
Time: 0 hrs, 0 mins, 2 secs, 904 ms
TRUNCATE
Time: 0 hrs, 0 mins, 12 secs, 443 ms
TRUNCATE
Time: 0 hrs, 0 mins, 19 secs, 491 ms
END
Time: 0 hrs, 1 mins, 44 secs, 103 ms
Mon Jan 2 07:05:07 EST 2012
Removing lock file and waiting for a minute
Total time taken:  142  minutes.
Running time of run.sh 20111231: 142 minutes
