Checking for lock file /tmp/.iislock
Acquired lock file /tmp/.iislock
-------------------------------------
Processing for 20110703
-------------------------------------

Mon Jul 4 04:21:18 EDT 2011

Timing is on.

           000 - INIT

BEGIN
Time: 0 hrs, 0 mins, 0 secs, 840 ms
*** Truncating staging tables before workflow starts ***
SET
Time: 0 hrs, 0 mins, 0 secs, 10 ms
GRANT
Time: 0 hrs, 0 mins, 1 secs, 98 ms
END
Time: 0 hrs, 0 mins, 0 secs, 955 ms

Mon Jul 4 04:21:21 EDT 2011

Timing is on.

            200 - LOAD_BN_IISLOGS   

BEGIN
Time: 0 hrs, 0 mins, 0 secs, 838 ms
SET
Time: 0 hrs, 0 mins, 0 secs, 11 ms
TRUNCATE
Time: 0 hrs, 0 mins, 0 secs, 631 ms
INSERT 0 55177255
Time: 0 hrs, 10 mins, 36 secs, 275 ms
END
Time: 0 hrs, 0 mins, 11 secs, 260 ms
ALTER TABLE
Time: 0 hrs, 9 mins, 10 secs, 317 ms

Mon Jul 4 04:41:20 EDT 2011

Timing is on.
BEGIN
Time: 0 hrs, 0 mins, 6 secs, 995 ms
SET
Time: 0 hrs, 0 mins, 0 secs, 10 ms

            250 - LOAD_BN_HITS_SP   

TRUNCATE
Time: 0 hrs, 0 mins, 2 secs, 763 ms
ERROR:  invalid input syntax for type numeric: "LOG:BnPublic_ProductService_v03_00:ProductSearch.Book:0000:K117601:afSn759MT@:PdacSearchResult=False++++PDACapp_Search_Params_=_STORE=BOOK,WRD=ddddddddddddddddddddddddddddddddddddddddddddddddddddddddddddddddddddddddddddd,SRT=SA,SAT=1,SZE=10,WEB=Y,RDR=N,++++ProductSearch=BookSearch&Keyword=ddddddddddddddddddddddddddddddddddddddddddddddddddddddddddddddddddddddddddddd&Start=1&Size=10&ProductSort=Bestselling"
NOTICE:  current transaction is aborted, queries ignored until end of transaction block
ABORT
Time: 0 hrs, 0 mins, 0 secs, 49 ms

Mon Jul 4 04:44:48 EDT 2011

Timing is on.
BEGIN
Time: 0 hrs, 0 mins, 1 secs, 410 ms
SET
Time: 0 hrs, 0 mins, 0 secs, 12 ms

           300 - DYNAMIC FILTER

TRUNCATE
Time: 0 hrs, 0 mins, 1 secs, 176 ms
INSERT 0 15366025
Time: 0 hrs, 0 mins, 9 secs, 983 ms
ANALYZE
Time: 0 hrs, 0 mins, 0 secs, 596 ms
 Total records in web_click_cnt 
--------------------------------
                       15366025
(1 row)

Time: 0 hrs, 0 mins, 1 secs, 209 ms
CREATE TABLE
Time: 0 hrs, 4 mins, 4 secs, 977 ms
ANALYZE
Time: 0 hrs, 0 mins, 0 secs, 66 ms
CREATE TABLE
Time: 0 hrs, 0 mins, 0 secs, 364 ms
ANALYZE
Time: 0 hrs, 0 mins, 0 secs, 76 ms
DELETE 1
Time: 0 hrs, 0 mins, 0 secs, 822 ms
INSERT 0 1
Time: 0 hrs, 0 mins, 0 secs, 489 ms
DELETE 1
Time: 0 hrs, 0 mins, 0 secs, 106 ms
INSERT 0 1
Time: 0 hrs, 0 mins, 0 secs, 712 ms
CREATE TABLE
Time: 0 hrs, 0 mins, 4 secs, 250 ms
ANALYZE
Time: 0 hrs, 0 mins, 0 secs, 111 ms
CREATE TABLE
Time: 0 hrs, 0 mins, 0 secs, 350 ms
ANALYZE
Time: 0 hrs, 0 mins, 0 secs, 65 ms
DELETE 1
Time: 0 hrs, 0 mins, 0 secs, 96 ms
INSERT 0 1
Time: 0 hrs, 0 mins, 0 secs, 351 ms
DELETE 1
Time: 0 hrs, 0 mins, 0 secs, 106 ms
INSERT 0 1
Time: 0 hrs, 0 mins, 0 secs, 315 ms
ANALYZE
Time: 0 hrs, 0 mins, 0 secs, 74 ms
    tablename     |    attr_name    | attr_value 
------------------+-----------------+------------
 BN_FILTER_SPIDER | CLK_USER_SD_MPL | 10
 BN_FILTER_SPIDER | IP_USER_SD_MPL  | 1
 BN_FILTER_SPIDER | IP_USER_RATIO   | .955
 BN_FILTER_SPIDER | CLK_USER_MEAN   | 14.338
 BN_FILTER_SPIDER | CLK_USER_SD     | 49.622
 BN_FILTER_SPIDER | IP_USER_MEAN    | 26.531
 BN_FILTER_SPIDER | IP_USER_SD      | 2407.330
(7 rows)

Time: 0 hrs, 0 mins, 0 secs, 254 ms
CREATE TABLE
Time: 0 hrs, 0 mins, 5 secs, 285 ms
CREATE TABLE
Time: 0 hrs, 0 mins, 0 secs, 608 ms
 l_mean_sd_mpl 
---------------
       510.558
(1 row)

Time: 0 hrs, 0 mins, 0 secs, 95 ms
TRUNCATE
Time: 0 hrs, 0 mins, 0 secs, 361 ms
INSERT 0 313
Time: 0 hrs, 0 mins, 6 secs, 632 ms
ANALYZE
Time: 0 hrs, 0 mins, 0 secs, 60 ms
 Total click_user bn_spider_ip records 
---------------------------------------
                                   313
(1 row)

Time: 0 hrs, 0 mins, 0 secs, 114 ms
CREATE TABLE
Time: 0 hrs, 0 mins, 2 secs, 82 ms
ANALYZE
Time: 0 hrs, 0 mins, 0 secs, 48 ms
CREATE TABLE
Time: 0 hrs, 0 mins, 2 secs, 274 ms
ANALYZE
Time: 0 hrs, 0 mins, 0 secs, 90 ms
DROP 
Time: 0 hrs, 0 mins, 0 secs, 180 ms
CREATE TABLE
Time: 0 hrs, 0 mins, 0 secs, 611 ms
 l_mean_sd_mpl | l_ratio 
---------------+---------
      2433.861 |   0.955
(1 row)

Time: 0 hrs, 0 mins, 0 secs, 320 ms
INSERT 0 13628758
Time: 0 hrs, 0 mins, 8 secs, 51 ms
ANALYZE
Time: 0 hrs, 0 mins, 0 secs, 423 ms
 Total ip_user_filter bn_spider_ip records 
-------------------------------------------
                                  13628758
(1 row)

Time: 0 hrs, 0 mins, 1 secs, 25 ms
TRUNCATE
Time: 0 hrs, 0 mins, 0 secs, 834 ms
ERROR:  invalid input syntax for type numeric: ""
NOTICE:  current transaction is aborted, queries ignored until end of transaction block
NOTICE:  current transaction is aborted, queries ignored until end of transaction block
NOTICE:  current transaction is aborted, queries ignored until end of transaction block
NOTICE:  current transaction is aborted, queries ignored until end of transaction block
NOTICE:  current transaction is aborted, queries ignored until end of transaction block
NOTICE:  current transaction is aborted, queries ignored until end of transaction block
NOTICE:  current transaction is aborted, queries ignored until end of transaction block
NOTICE:  current transaction is aborted, queries ignored until end of transaction block
NOTICE:  current transaction is aborted, queries ignored until end of transaction block
ABORT
Time: 0 hrs, 0 mins, 0 secs, 42 ms

Mon Jul 4 04:50:05 EDT 2011

Timing is on.
BEGIN
Time: 0 hrs, 0 mins, 1 secs, 145 ms

           600 - LOAD RESOURCES

SET
Time: 0 hrs, 0 mins, 0 secs, 11 ms
CREATE TABLE
Time: 0 hrs, 0 mins, 18 secs, 409 ms
ANALYZE
Time: 0 hrs, 0 mins, 0 secs, 571 ms
 tmp_a_count 
-------------
      466058
(1 row)

Time: 0 hrs, 0 mins, 0 secs, 530 ms
UPDATE 0
Time: 0 hrs, 0 mins, 4 secs, 399 ms
ANALYZE
Time: 0 hrs, 0 mins, 0 secs, 792 ms
TRUNCATE
Time: 0 hrs, 0 mins, 0 secs, 495 ms
INSERT 0 0
Time: 0 hrs, 0 mins, 7 secs, 506 ms
ANALYZE
Time: 0 hrs, 0 mins, 0 secs, 33 ms
 first_resource_id | last_resource_id 
-------------------+------------------
                   |                 
(1 row)

Time: 0 hrs, 0 mins, 0 secs, 190 ms
INSERT 0 0
Time: 0 hrs, 0 mins, 0 secs, 761 ms
 total_resources 
-----------------
        21654865
(1 row)

Time: 0 hrs, 0 mins, 0 secs, 223 ms
ANALYZE
Time: 0 hrs, 0 mins, 0 secs, 891 ms
END
Time: 0 hrs, 0 mins, 1 secs, 619 ms
VACUUM
Time: 0 hrs, 0 mins, 35 secs, 634 ms

Mon Jul 4 04:51:18 EDT 2011

Timing is on.

           650 - LOAD_BN_SESSION_STAGE

BEGIN
Time: 0 hrs, 0 mins, 1 secs, 138 ms
SET
Time: 0 hrs, 0 mins, 0 secs, 12 ms
SET
Time: 0 hrs, 0 mins, 0 secs, 26 ms
CREATE TABLE
Time: 0 hrs, 1 mins, 2 secs, 664 ms
ANALYZE
Time: 0 hrs, 0 mins, 6 secs, 531 ms
 tmp_sessionized_stage 
-----------------------
              18890106
(1 row)

Time: 0 hrs, 0 mins, 0 secs, 307 ms
TRUNCATE
Time: 0 hrs, 0 mins, 0 secs, 581 ms
INSERT 0 1862105
Time: 0 hrs, 0 mins, 21 secs, 480 ms
ANALYZE
Time: 0 hrs, 0 mins, 1 secs, 213 ms
CREATE TABLE
Time: 0 hrs, 0 mins, 49 secs, 921 ms
CREATE INDEX
Time: 0 hrs, 0 mins, 0 secs, 601 ms
 tmp_first_last 
----------------
        1862105
(1 row)

Time: 0 hrs, 0 mins, 0 secs, 260 ms
ANALYZE
Time: 0 hrs, 0 mins, 0 secs, 721 ms
SET
Time: 0 hrs, 0 mins, 0 secs, 22 ms
SET
Time: 0 hrs, 0 mins, 0 secs, 19 ms
TRUNCATE
Time: 0 hrs, 0 mins, 1 secs, 552 ms
DROP
Time: 0 hrs, 0 mins, 0 secs, 128 ms
INSERT 0 1862105
Time: 0 hrs, 0 mins, 7 secs, 187 ms
 bn_session_stage 
------------------
          1862105
(1 row)

Time: 0 hrs, 0 mins, 0 secs, 417 ms
CREATE INDEX
Time: 0 hrs, 0 mins, 1 secs, 153 ms
ANALYZE
Time: 0 hrs, 0 mins, 0 secs, 979 ms
TRUNCATE
Time: 0 hrs, 0 mins, 1 secs, 32 ms
END
Time: 0 hrs, 0 mins, 2 secs, 130 ms

Mon Jul 4 04:53:58 EDT 2011

BEGIN

           660 - LOAD_BN_SESSION_UPDATE_STAGE

SET
TRUNCATE
INSERT 0 0
END

Mon Jul 4 04:54:01 EDT 2011

Timing is on.

           670 - LOAD_BN_SESSION_20110703.UPDATES

BEGIN
Time: 0 hrs, 0 mins, 1 secs, 116 ms
SET
Time: 0 hrs, 0 mins, 0 secs, 12 ms
UPDATE 0
Time: 0 hrs, 0 mins, 0 secs, 311 ms
END
Time: 0 hrs, 0 mins, 0 secs, 685 ms
VACUUM
Time: 0 hrs, 0 mins, 9 secs, 47 ms

Mon Jul 4 04:54:12 EDT 2011

Timing is on.

           700 - LOAD_BN_SESSION

BEGIN
Time: 0 hrs, 0 mins, 0 secs, 946 ms
SET
Time: 0 hrs, 0 mins, 0 secs, 11 ms
INSERT 0 0
Time: 0 hrs, 0 mins, 3 secs, 504 ms
ANALYZE
Time: 0 hrs, 0 mins, 0 secs, 23 ms
END
Time: 0 hrs, 0 mins, 0 secs, 804 ms

Mon Jul 4 04:54:18 EDT 2011

Timing is on.

            750 - LOAD_BN_SESSION_SUMMARY   

BEGIN
Time: 0 hrs, 0 mins, 1 secs, 440 ms
SET
Time: 0 hrs, 0 mins, 0 secs, 10 ms
CREATE TABLE
Time: 0 hrs, 0 mins, 3 secs, 445 ms
TRUNCATE
Time: 0 hrs, 0 mins, 0 secs, 640 ms
INSERT 0 0
Time: 0 hrs, 0 mins, 2 secs, 108 ms
ANALYZE
Time: 0 hrs, 0 mins, 0 secs, 26 ms
 count(1) 
----------
        0
(1 row)

Time: 0 hrs, 0 mins, 0 secs, 725 ms
END
Time: 0 hrs, 0 mins, 0 secs, 963 ms

Mon Jul 4 04:54:27 EDT 2011

Timing is on.

           800 - LOAD_BN_HITS

BEGIN
Time: 0 hrs, 0 mins, 1 secs, 21 ms
SET
Time: 0 hrs, 0 mins, 0 secs, 10 ms
SET
Time: 0 hrs, 0 mins, 0 secs, 18 ms
SET
Time: 0 hrs, 0 mins, 0 secs, 18 ms
SET
Time: 0 hrs, 0 mins, 0 secs, 21 ms
TRUNCATE
Time: 0 hrs, 0 mins, 0 secs, 469 ms
INSERT 0 0
Time: 0 hrs, 0 mins, 0 secs, 256 ms
 count(1) 
----------
        0
(1 row)

Time: 0 hrs, 0 mins, 0 secs, 739 ms
ANALYZE
Time: 0 hrs, 0 mins, 0 secs, 25 ms
END
Time: 0 hrs, 0 mins, 1 secs, 637 ms

Mon Jul 4 04:54:32 EDT 2011

Timing is on.

            900 - LOAD_CLICKSTREAM   

BEGIN
Time: 0 hrs, 0 mins, 0 secs, 797 ms
SET
Time: 0 hrs, 0 mins, 0 secs, 11 ms
TRUNCATE
Time: 0 hrs, 0 mins, 0 secs, 387 ms
INSERT 0 0
Time: 0 hrs, 0 mins, 6 secs, 270 ms
 count(1) 
----------
        0
(1 row)

Time: 0 hrs, 0 mins, 0 secs, 106 ms
ANALYZE
Time: 0 hrs, 0 mins, 0 secs, 25 ms
END
Time: 0 hrs, 0 mins, 1 secs, 132 ms

Mon Jul 4 04:54:41 EDT 2011

Timing is on.

            1000 - PAGE_VIEW_SUMMARY  

BEGIN
Time: 0 hrs, 0 mins, 1 secs, 3 ms
SET
Time: 0 hrs, 0 mins, 0 secs, 9 ms
SET
Time: 0 hrs, 0 mins, 0 secs, 18 ms
TRUNCATE
Time: 0 hrs, 0 mins, 0 secs, 469 ms
INSERT 0 0
Time: 0 hrs, 0 mins, 0 secs, 860 ms
 count(1) 
----------
        0
(1 row)

Time: 0 hrs, 0 mins, 0 secs, 106 ms
ANALYZE
Time: 0 hrs, 0 mins, 0 secs, 27 ms
END
Time: 0 hrs, 0 mins, 1 secs, 6 ms

Mon Jul 4 04:54:45 EDT 2011


2000 - WRAP UP 

Timing is on.
BEGIN
Time: 0 hrs, 0 mins, 0 secs, 862 ms
TRUNCATE
Time: 0 hrs, 0 mins, 0 secs, 451 ms
TRUNCATE
Time: 0 hrs, 0 mins, 0 secs, 135 ms
END
Time: 0 hrs, 0 mins, 0 secs, 667 ms
Mon Jul 4 04:54:47 EDT 2011
Removing lock file and waiting for a minute
Running time of run.sh 20110703: 2069 seconds
Checking for lock file /tmp/.iislock
Acquired lock file /tmp/.iislock
-------------------------------------
Processing for 20110703
-------------------------------------

Tue Jul 5 04:36:32 EDT 2011

Timing is on.

           000 - INIT

BEGIN
Time: 0 hrs, 0 mins, 0 secs, 986 ms
*** Truncating staging tables before workflow starts ***
SET
Time: 0 hrs, 0 mins, 0 secs, 9 ms
GRANT
Time: 0 hrs, 0 mins, 14 secs, 783 ms
END
Time: 0 hrs, 0 mins, 5 secs, 505 ms

Tue Jul 5 04:36:53 EDT 2011

Timing is on.

            200 - LOAD_BN_IISLOGS   

BEGIN
Time: 0 hrs, 0 mins, 1 secs, 54 ms
SET
Time: 0 hrs, 0 mins, 0 secs, 10 ms
TRUNCATE
Time: 0 hrs, 0 mins, 4 secs, 868 ms
INSERT 0 73142225
Time: 0 hrs, 18 mins, 47 secs, 398 ms
END
Time: 0 hrs, 0 mins, 7 secs, 634 ms
ALTER TABLE
Time: 0 hrs, 0 mins, 3 secs, 975 ms

Tue Jul 5 04:55:58 EDT 2011

Timing is on.
BEGIN
Time: 0 hrs, 0 mins, 1 secs, 215 ms
SET
Time: 0 hrs, 0 mins, 0 secs, 10 ms

            250 - LOAD_BN_HITS_SP   

TRUNCATE
Time: 0 hrs, 0 mins, 0 secs, 966 ms
ERROR:  invalid input syntax for type numeric: "LOG:BnPublic_ProductService_v03_00:ProductSearch.Book:0000:K117601:afSn759MT@:PdacSearchResult=False++++PDACapp_Search_Params_=_STORE=BOOK,WRD=ddddddddddddddddddddddddddddddddddddddddddddddddddddddddddddddddddddddddddddd,SRT=SA,SAT=1,SZE=10,WEB=Y,RDR=N,++++ProductSearch=BookSearch&Keyword=ddddddddddddddddddddddddddddddddddddddddddddddddddddddddddddddddddddddddddddd&Start=1&Size=10&ProductSort=Bestselling"
NOTICE:  current transaction is aborted, queries ignored until end of transaction block
ABORT
Time: 0 hrs, 0 mins, 0 secs, 28 ms

Tue Jul 5 04:59:59 EDT 2011

Timing is on.
BEGIN
Time: 0 hrs, 0 mins, 1 secs, 27 ms
SET
Time: 0 hrs, 0 mins, 0 secs, 11 ms

           300 - DYNAMIC FILTER

TRUNCATE
Time: 0 hrs, 0 mins, 0 secs, 550 ms
INSERT 0 19707176
Time: 0 hrs, 0 mins, 44 secs, 960 ms
ANALYZE
Time: 0 hrs, 0 mins, 1 secs, 68 ms
 Total records in web_click_cnt 
--------------------------------
                       19707176
(1 row)

Time: 0 hrs, 0 mins, 0 secs, 999 ms
CREATE TABLE
Time: 0 hrs, 0 mins, 7 secs, 476 ms
ANALYZE
Time: 0 hrs, 0 mins, 0 secs, 129 ms
CREATE TABLE
Time: 0 hrs, 0 mins, 3 secs, 671 ms
ANALYZE
Time: 0 hrs, 0 mins, 0 secs, 117 ms
DELETE 1
Time: 0 hrs, 0 mins, 0 secs, 693 ms
INSERT 0 1
Time: 0 hrs, 0 mins, 1 secs, 113 ms
DELETE 1
Time: 0 hrs, 0 mins, 0 secs, 104 ms
INSERT 0 1
Time: 0 hrs, 0 mins, 0 secs, 894 ms
CREATE TABLE
Time: 0 hrs, 0 mins, 8 secs, 281 ms
ANALYZE
Time: 0 hrs, 0 mins, 0 secs, 117 ms
CREATE TABLE
Time: 0 hrs, 0 mins, 5 secs, 231 ms
ANALYZE
Time: 0 hrs, 0 mins, 0 secs, 86 ms
DELETE 1
Time: 0 hrs, 0 mins, 0 secs, 111 ms
INSERT 0 1
Time: 0 hrs, 0 mins, 3 secs, 167 ms
DELETE 1
Time: 0 hrs, 0 mins, 0 secs, 137 ms
INSERT 0 1
Time: 0 hrs, 0 mins, 2 secs, 696 ms
ANALYZE
Time: 0 hrs, 0 mins, 0 secs, 662 ms
    tablename     |    attr_name    | attr_value 
------------------+-----------------+------------
 BN_FILTER_SPIDER | CLK_USER_SD_MPL | 10
 BN_FILTER_SPIDER | IP_USER_SD_MPL  | 1
 BN_FILTER_SPIDER | IP_USER_RATIO   | .955
 BN_FILTER_SPIDER | CLK_USER_MEAN   | 15.104
 BN_FILTER_SPIDER | CLK_USER_SD     | 57.957
 BN_FILTER_SPIDER | IP_USER_MEAN    | 26.107
 BN_FILTER_SPIDER | IP_USER_SD      | 2666.085
(7 rows)

Time: 0 hrs, 0 mins, 1 secs, 535 ms
CREATE TABLE
Time: 0 hrs, 0 mins, 18 secs, 802 ms
CREATE TABLE
Time: 0 hrs, 0 mins, 5 secs, 422 ms
 l_mean_sd_mpl 
---------------
       594.674
(1 row)

Time: 0 hrs, 0 mins, 0 secs, 406 ms
TRUNCATE
Time: 0 hrs, 0 mins, 3 secs, 888 ms
INSERT 0 357
Time: 0 hrs, 0 mins, 56 secs, 50 ms
ANALYZE
Time: 0 hrs, 0 mins, 0 secs, 682 ms
 Total click_user bn_spider_ip records 
---------------------------------------
                                   357
(1 row)

Time: 0 hrs, 0 mins, 0 secs, 428 ms
CREATE TABLE
Time: 0 hrs, 0 mins, 10 secs, 786 ms
ANALYZE
Time: 0 hrs, 0 mins, 0 secs, 52 ms
CREATE TABLE
Time: 0 hrs, 0 mins, 5 secs, 504 ms
ANALYZE
Time: 0 hrs, 0 mins, 0 secs, 74 ms
DROP 
Time: 0 hrs, 0 mins, 0 secs, 202 ms
CREATE TABLE
Time: 0 hrs, 0 mins, 3 secs, 972 ms
 l_mean_sd_mpl | l_ratio 
---------------+---------
      2692.192 |   0.955
(1 row)

Time: 0 hrs, 0 mins, 1 secs, 153 ms
INSERT 0 17456802
Time: 0 hrs, 0 mins, 30 secs, 446 ms
ANALYZE
Time: 0 hrs, 0 mins, 0 secs, 465 ms
 Total ip_user_filter bn_spider_ip records 
-------------------------------------------
                                  17456802
(1 row)

Time: 0 hrs, 0 mins, 2 secs, 157 ms
TRUNCATE
Time: 0 hrs, 0 mins, 14 secs, 248 ms
ERROR:  invalid input syntax for type numeric: ""
NOTICE:  current transaction is aborted, queries ignored until end of transaction block
NOTICE:  current transaction is aborted, queries ignored until end of transaction block
NOTICE:  current transaction is aborted, queries ignored until end of transaction block
NOTICE:  current transaction is aborted, queries ignored until end of transaction block
NOTICE:  current transaction is aborted, queries ignored until end of transaction block
NOTICE:  current transaction is aborted, queries ignored until end of transaction block
NOTICE:  current transaction is aborted, queries ignored until end of transaction block
NOTICE:  current transaction is aborted, queries ignored until end of transaction block
NOTICE:  current transaction is aborted, queries ignored until end of transaction block
ABORT
Time: 0 hrs, 0 mins, 0 secs, 168 ms

Tue Jul 5 05:05:36 EDT 2011

Timing is on.
BEGIN
Time: 0 hrs, 0 mins, 4 secs, 54 ms

           600 - LOAD RESOURCES

SET
Time: 0 hrs, 0 mins, 0 secs, 10 ms
CREATE TABLE
Time: 0 hrs, 0 mins, 25 secs, 319 ms
ANALYZE
Time: 0 hrs, 0 mins, 2 secs, 915 ms
 tmp_a_count 
-------------
      383737
(1 row)

Time: 0 hrs, 0 mins, 0 secs, 995 ms
UPDATE 0
Time: 0 hrs, 0 mins, 6 secs, 127 ms
ANALYZE
Time: 0 hrs, 0 mins, 0 secs, 866 ms
TRUNCATE
Time: 0 hrs, 0 mins, 4 secs, 753 ms
INSERT 0 0
Time: 0 hrs, 0 mins, 12 secs, 18 ms
ANALYZE
Time: 0 hrs, 0 mins, 0 secs, 78 ms
 first_resource_id | last_resource_id 
-------------------+------------------
                   |                 
(1 row)

Time: 0 hrs, 0 mins, 0 secs, 838 ms
INSERT 0 0
Time: 0 hrs, 0 mins, 3 secs, 648 ms
 total_resources 
-----------------
        21807813
(1 row)

Time: 0 hrs, 0 mins, 0 secs, 536 ms
ANALYZE
Time: 0 hrs, 0 mins, 0 secs, 568 ms
END
Time: 0 hrs, 1 mins, 24 secs, 555 ms
VACUUM
Time: 0 hrs, 3 mins, 42 secs, 822 ms

Tue Jul 5 05:11:46 EDT 2011

Timing is on.

           650 - LOAD_BN_SESSION_STAGE

BEGIN
Time: 0 hrs, 0 mins, 8 secs, 65 ms
SET
Time: 0 hrs, 0 mins, 0 secs, 10 ms
SET
Time: 0 hrs, 0 mins, 0 secs, 22 ms
CREATE TABLE
Time: 0 hrs, 1 mins, 37 secs, 933 ms
ANALYZE
Time: 0 hrs, 0 mins, 9 secs, 857 ms
 tmp_sessionized_stage 
-----------------------
              13673139
(1 row)

Time: 0 hrs, 0 mins, 4 secs, 6 ms
TRUNCATE
Time: 0 hrs, 0 mins, 8 secs, 473 ms
INSERT 0 1629866
Time: 0 hrs, 0 mins, 55 secs, 974 ms
ANALYZE
Time: 0 hrs, 0 mins, 1 secs, 631 ms
CREATE TABLE
Time: 0 hrs, 1 mins, 23 secs, 13 ms
CREATE INDEX
Time: 0 hrs, 0 mins, 0 secs, 506 ms
 tmp_first_last 
----------------
        1629866
(1 row)

Time: 0 hrs, 0 mins, 0 secs, 518 ms
ANALYZE
Time: 0 hrs, 0 mins, 1 secs, 2 ms
SET
Time: 0 hrs, 0 mins, 0 secs, 88 ms
SET
Time: 0 hrs, 0 mins, 0 secs, 56 ms
TRUNCATE
Time: 0 hrs, 0 mins, 3 secs, 97 ms
DROP
Time: 0 hrs, 0 mins, 0 secs, 312 ms
INSERT 0 1629866
Time: 0 hrs, 0 mins, 10 secs, 919 ms
 bn_session_stage 
------------------
          1629866
(1 row)

Time: 0 hrs, 0 mins, 2 secs, 695 ms
CREATE INDEX
Time: 0 hrs, 0 mins, 2 secs, 341 ms
ANALYZE
Time: 0 hrs, 0 mins, 1 secs, 534 ms
TRUNCATE
Time: 0 hrs, 0 mins, 2 secs, 296 ms
END
Time: 0 hrs, 0 mins, 43 secs, 939 ms

Tue Jul 5 05:17:25 EDT 2011

BEGIN

           660 - LOAD_BN_SESSION_UPDATE_STAGE

SET
TRUNCATE
INSERT 0 0
END

Tue Jul 5 05:18:19 EDT 2011

Timing is on.

           670 - LOAD_BN_SESSION_20110703.UPDATES

BEGIN
Time: 0 hrs, 0 mins, 0 secs, 870 ms
SET
Time: 0 hrs, 0 mins, 0 secs, 9 ms
UPDATE 0
Time: 0 hrs, 0 mins, 0 secs, 699 ms
END
Time: 0 hrs, 0 mins, 54 secs, 142 ms
VACUUM
Time: 0 hrs, 0 mins, 22 secs, 180 ms

Tue Jul 5 05:19:37 EDT 2011

Timing is on.

           700 - LOAD_BN_SESSION

BEGIN
Time: 0 hrs, 0 mins, 1 secs, 330 ms
SET
Time: 0 hrs, 0 mins, 0 secs, 11 ms
INSERT 0 0
Time: 0 hrs, 0 mins, 3 secs, 578 ms
ANALYZE
Time: 0 hrs, 0 mins, 0 secs, 24 ms
END
Time: 0 hrs, 0 mins, 2 secs, 142 ms

Tue Jul 5 05:19:44 EDT 2011

Timing is on.

            750 - LOAD_BN_SESSION_SUMMARY   

BEGIN
Time: 0 hrs, 0 mins, 1 secs, 183 ms
SET
Time: 0 hrs, 0 mins, 0 secs, 11 ms
CREATE TABLE
Time: 0 hrs, 0 mins, 9 secs, 943 ms
TRUNCATE
Time: 0 hrs, 0 mins, 2 secs, 521 ms
INSERT 0 0
Time: 0 hrs, 0 mins, 5 secs, 463 ms
ANALYZE
Time: 0 hrs, 0 mins, 0 secs, 80 ms
 count(1) 
----------
        0
(1 row)

Time: 0 hrs, 0 mins, 0 secs, 863 ms
END
Time: 0 hrs, 0 mins, 8 secs, 963 ms

Tue Jul 5 05:20:14 EDT 2011

Timing is on.

           800 - LOAD_BN_HITS

BEGIN
Time: 0 hrs, 0 mins, 6 secs, 28 ms
SET
Time: 0 hrs, 0 mins, 0 secs, 12 ms
SET
Time: 0 hrs, 0 mins, 0 secs, 36 ms
SET
Time: 0 hrs, 0 mins, 0 secs, 27 ms
SET
Time: 0 hrs, 0 mins, 0 secs, 29 ms
TRUNCATE
Time: 0 hrs, 0 mins, 1 secs, 872 ms
INSERT 0 0
Time: 0 hrs, 0 mins, 2 secs, 577 ms
 count(1) 
----------
        0
(1 row)

Time: 0 hrs, 0 mins, 1 secs, 135 ms
ANALYZE
Time: 0 hrs, 0 mins, 0 secs, 128 ms
END
Time: 0 hrs, 0 mins, 4 secs, 917 ms

Tue Jul 5 05:20:31 EDT 2011

Timing is on.

            900 - LOAD_CLICKSTREAM   

BEGIN
Time: 0 hrs, 0 mins, 8 secs, 723 ms
SET
Time: 0 hrs, 0 mins, 0 secs, 12 ms
TRUNCATE
Time: 0 hrs, 0 mins, 3 secs, 368 ms
INSERT 0 0
Time: 0 hrs, 0 mins, 41 secs, 483 ms
 count(1) 
----------
        0
(1 row)

Time: 0 hrs, 0 mins, 0 secs, 273 ms
ANALYZE
Time: 0 hrs, 0 mins, 0 secs, 97 ms
END
Time: 0 hrs, 0 mins, 3 secs, 253 ms

Tue Jul 5 05:21:28 EDT 2011

Timing is on.

            1000 - PAGE_VIEW_SUMMARY  

BEGIN
Time: 0 hrs, 0 mins, 6 secs, 429 ms
SET
Time: 0 hrs, 0 mins, 0 secs, 11 ms
SET
Time: 0 hrs, 0 mins, 0 secs, 114 ms
TRUNCATE
Time: 0 hrs, 0 mins, 1 secs, 111 ms
INSERT 0 0
Time: 0 hrs, 0 mins, 3 secs, 630 ms
 count(1) 
----------
        0
(1 row)

Time: 0 hrs, 0 mins, 0 secs, 118 ms
ANALYZE
Time: 0 hrs, 0 mins, 0 secs, 28 ms
END
Time: 0 hrs, 0 mins, 2 secs, 121 ms

Tue Jul 5 05:21:42 EDT 2011


2000 - WRAP UP 

Timing is on.
BEGIN
Time: 0 hrs, 0 mins, 4 secs, 613 ms
TRUNCATE
Time: 0 hrs, 0 mins, 1 secs, 435 ms
TRUNCATE
Time: 0 hrs, 0 mins, 1 secs, 109 ms
END
Time: 0 hrs, 0 mins, 1 secs, 777 ms
Tue Jul 5 05:21:51 EDT 2011
Removing lock file and waiting for a minute
Running time of run.sh 20110703: 46 minutes
Checking for lock file /tmp/.iislock
Acquired lock file /tmp/.iislock
-------------------------------------
Processing for 20110703
-------------------------------------

Wed Jul 6 19:32:27 EDT 2011

Timing is on.

           000 - INIT

BEGIN
Time: 0 hrs, 0 mins, 3 secs, 99 ms
*** Truncating staging tables before workflow starts ***
SET
Time: 0 hrs, 0 mins, 0 secs, 10 ms
GRANT
Time: 0 hrs, 0 mins, 13 secs, 477 ms
END
Time: 0 hrs, 0 mins, 14 secs, 858 ms

Wed Jul 6 19:32:59 EDT 2011

Timing is on.

            200 - LOAD_BN_IISLOGS   

BEGIN
Time: 0 hrs, 0 mins, 3 secs, 166 ms
SET
Time: 0 hrs, 0 mins, 0 secs, 9 ms
TRUNCATE
Time: 0 hrs, 0 mins, 5 secs, 422 ms
INSERT 0 73142225
Time: 0 hrs, 13 mins, 20 secs, 330 ms
END
Time: 0 hrs, 2 mins, 58 secs, 759 ms
ALTER TABLE
Time: 0 hrs, 0 mins, 19 secs, 906 ms

Wed Jul 6 19:49:47 EDT 2011

Timing is on.
BEGIN
Time: 0 hrs, 0 mins, 1 secs, 199 ms
SET
Time: 0 hrs, 0 mins, 0 secs, 10 ms

            250 - LOAD_BN_HITS_SP   

TRUNCATE
Time: 0 hrs, 0 mins, 2 secs, 247 ms
INSERT 0 29631089
Time: 0 hrs, 3 mins, 58 secs, 922 ms
ANALYZE
Time: 0 hrs, 0 mins, 3 secs, 824 ms
END
Time: 0 hrs, 0 mins, 6 secs, 608 ms

Wed Jul 6 19:54:00 EDT 2011

Timing is on.
BEGIN
Time: 0 hrs, 0 mins, 1 secs, 13 ms
SET
Time: 0 hrs, 0 mins, 0 secs, 12 ms

           300 - DYNAMIC FILTER

TRUNCATE
Time: 0 hrs, 0 mins, 0 secs, 785 ms
INSERT 0 19707176
Time: 0 hrs, 0 mins, 16 secs, 91 ms
ANALYZE
Time: 0 hrs, 0 mins, 1 secs, 915 ms
 Total records in web_click_cnt 
--------------------------------
                       19707176
(1 row)

Time: 0 hrs, 0 mins, 0 secs, 988 ms
CREATE TABLE
Time: 0 hrs, 0 mins, 10 secs, 285 ms
ANALYZE
Time: 0 hrs, 0 mins, 0 secs, 235 ms
CREATE TABLE
Time: 0 hrs, 0 mins, 1 secs, 728 ms
ANALYZE
Time: 0 hrs, 0 mins, 0 secs, 235 ms
DELETE 1
Time: 0 hrs, 0 mins, 0 secs, 831 ms
INSERT 0 1
Time: 0 hrs, 0 mins, 0 secs, 426 ms
DELETE 1
Time: 0 hrs, 0 mins, 0 secs, 107 ms
INSERT 0 1
Time: 0 hrs, 0 mins, 0 secs, 857 ms
CREATE TABLE
Time: 0 hrs, 0 mins, 3 secs, 705 ms
ANALYZE
Time: 0 hrs, 0 mins, 0 secs, 99 ms
CREATE TABLE
Time: 0 hrs, 0 mins, 3 secs, 268 ms
ANALYZE
Time: 0 hrs, 0 mins, 0 secs, 91 ms
DELETE 1
Time: 0 hrs, 0 mins, 0 secs, 100 ms
INSERT 0 1
Time: 0 hrs, 0 mins, 0 secs, 592 ms
DELETE 1
Time: 0 hrs, 0 mins, 0 secs, 100 ms
INSERT 0 1
Time: 0 hrs, 0 mins, 0 secs, 403 ms
ANALYZE
Time: 0 hrs, 0 mins, 0 secs, 516 ms
    tablename     |    attr_name    | attr_value 
------------------+-----------------+------------
 BN_FILTER_SPIDER | CLK_USER_SD_MPL | 10
 BN_FILTER_SPIDER | IP_USER_SD_MPL  | 1
 BN_FILTER_SPIDER | IP_USER_RATIO   | .955
 BN_FILTER_SPIDER | CLK_USER_MEAN   | 15.104
 BN_FILTER_SPIDER | CLK_USER_SD     | 57.957
 BN_FILTER_SPIDER | IP_USER_MEAN    | 26.107
 BN_FILTER_SPIDER | IP_USER_SD      | 2666.085
(7 rows)

Time: 0 hrs, 0 mins, 0 secs, 683 ms
CREATE TABLE
Time: 0 hrs, 0 mins, 8 secs, 319 ms
CREATE TABLE
Time: 0 hrs, 0 mins, 1 secs, 103 ms
 l_mean_sd_mpl 
---------------
       594.674
(1 row)

Time: 0 hrs, 0 mins, 0 secs, 551 ms
TRUNCATE
Time: 0 hrs, 0 mins, 3 secs, 465 ms
INSERT 0 357
Time: 0 hrs, 0 mins, 9 secs, 503 ms
ANALYZE
Time: 0 hrs, 0 mins, 0 secs, 332 ms
 Total click_user bn_spider_ip records 
---------------------------------------
                                   357
(1 row)

Time: 0 hrs, 0 mins, 0 secs, 198 ms
CREATE TABLE
Time: 0 hrs, 0 mins, 4 secs, 988 ms
ANALYZE
Time: 0 hrs, 0 mins, 0 secs, 201 ms
CREATE TABLE
Time: 0 hrs, 0 mins, 4 secs, 103 ms
ANALYZE
Time: 0 hrs, 0 mins, 0 secs, 71 ms
DROP 
Time: 0 hrs, 0 mins, 0 secs, 316 ms
CREATE TABLE
Time: 0 hrs, 0 mins, 0 secs, 674 ms
 l_mean_sd_mpl | l_ratio 
---------------+---------
      2692.192 |   0.955
(1 row)

Time: 0 hrs, 0 mins, 0 secs, 388 ms
INSERT 0 17456802
Time: 0 hrs, 0 mins, 10 secs, 645 ms
ANALYZE
Time: 0 hrs, 0 mins, 0 secs, 398 ms
 Total ip_user_filter bn_spider_ip records 
-------------------------------------------
                                  17456802
(1 row)

Time: 0 hrs, 0 mins, 0 secs, 607 ms
TRUNCATE
Time: 0 hrs, 0 mins, 1 secs, 600 ms
INSERT 0 16766969
Time: 0 hrs, 0 mins, 34 secs, 939 ms
ANALYZE
Time: 0 hrs, 0 mins, 4 secs, 251 ms
 bn_hits_stage 
---------------
      16766969
(1 row)

Time: 0 hrs, 0 mins, 0 secs, 359 ms
INSERT 0 18249005
Time: 0 hrs, 0 mins, 52 secs, 636 ms
ANALYZE
Time: 0 hrs, 0 mins, 3 secs, 858 ms
 bn_hits_sp_20110703 
---------------------
            47880094
(1 row)

Time: 0 hrs, 0 mins, 6 secs, 981 ms
TRUNCATE
Time: 0 hrs, 0 mins, 2 secs, 547 ms
INSERT 0 8495162
Time: 0 hrs, 0 mins, 8 secs, 938 ms
ANALYZE
Time: 0 hrs, 0 mins, 3 secs, 305 ms
 bn_hits_client_20110703 
-------------------------
                 8495162
(1 row)

Time: 0 hrs, 0 mins, 0 secs, 175 ms
END
Time: 0 hrs, 0 mins, 32 secs, 632 ms

Wed Jul 6 19:58:03 EDT 2011

Timing is on.
BEGIN
Time: 0 hrs, 0 mins, 1 secs, 138 ms

           600 - LOAD RESOURCES

SET
Time: 0 hrs, 0 mins, 0 secs, 11 ms
CREATE TABLE
Time: 0 hrs, 0 mins, 15 secs, 346 ms
ANALYZE
Time: 0 hrs, 0 mins, 0 secs, 741 ms
 tmp_a_count 
-------------
      444553
(1 row)

Time: 0 hrs, 0 mins, 0 secs, 183 ms
UPDATE 0
Time: 0 hrs, 0 mins, 4 secs, 361 ms
ANALYZE
Time: 0 hrs, 0 mins, 0 secs, 730 ms
TRUNCATE
Time: 0 hrs, 0 mins, 0 secs, 946 ms
INSERT 0 172864
Time: 0 hrs, 0 mins, 10 secs, 134 ms
ANALYZE
Time: 0 hrs, 0 mins, 0 secs, 991 ms
 first_resource_id | last_resource_id 
-------------------+------------------
          22449735 |         22622598
(1 row)

Time: 0 hrs, 0 mins, 0 secs, 435 ms
INSERT 0 172864
Time: 0 hrs, 0 mins, 0 secs, 930 ms
 total_resources 
-----------------
        22598202
(1 row)

Time: 0 hrs, 0 mins, 0 secs, 274 ms
ANALYZE
Time: 0 hrs, 0 mins, 0 secs, 596 ms
END
Time: 0 hrs, 0 mins, 40 secs, 478 ms
VACUUM
Time: 0 hrs, 0 mins, 30 secs, 454 ms

Wed Jul 6 19:59:51 EDT 2011

Timing is on.

           650 - LOAD_BN_SESSION_STAGE

BEGIN
Time: 0 hrs, 0 mins, 0 secs, 882 ms
SET
Time: 0 hrs, 0 mins, 0 secs, 11 ms
SET
Time: 0 hrs, 0 mins, 0 secs, 21 ms
CREATE TABLE
Time: 0 hrs, 0 mins, 58 secs, 414 ms
ANALYZE
Time: 0 hrs, 0 mins, 5 secs, 630 ms
 tmp_sessionized_stage 
-----------------------
              16766969
(1 row)

Time: 0 hrs, 0 mins, 0 secs, 485 ms
TRUNCATE
Time: 0 hrs, 0 mins, 1 secs, 111 ms
INSERT 0 1986033
Time: 0 hrs, 1 mins, 53 secs, 728 ms
ANALYZE
Time: 0 hrs, 0 mins, 1 secs, 768 ms
CREATE TABLE
Time: 0 hrs, 3 mins, 5 secs, 931 ms
CREATE INDEX
Time: 0 hrs, 0 mins, 0 secs, 969 ms
 tmp_first_last 
----------------
        1986033
(1 row)

Time: 0 hrs, 0 mins, 1 secs, 194 ms
ANALYZE
Time: 0 hrs, 0 mins, 0 secs, 970 ms
SET
Time: 0 hrs, 0 mins, 0 secs, 21 ms
SET
Time: 0 hrs, 0 mins, 0 secs, 45 ms
TRUNCATE
Time: 0 hrs, 0 mins, 2 secs, 964 ms
DROP
Time: 0 hrs, 0 mins, 0 secs, 702 ms
INSERT 0 1986033
Time: 0 hrs, 0 mins, 11 secs, 561 ms
 bn_session_stage 
------------------
          1986033
(1 row)

Time: 0 hrs, 0 mins, 2 secs, 114 ms
CREATE INDEX
Time: 0 hrs, 0 mins, 2 secs, 897 ms
ANALYZE
Time: 0 hrs, 0 mins, 1 secs, 88 ms
TRUNCATE
Time: 0 hrs, 0 mins, 2 secs, 493 ms
END
Time: 0 hrs, 0 mins, 28 secs, 629 ms

Wed Jul 6 20:06:55 EDT 2011

BEGIN

           660 - LOAD_BN_SESSION_UPDATE_STAGE

SET
TRUNCATE
INSERT 0 0
END

Wed Jul 6 20:07:08 EDT 2011

Timing is on.

           670 - LOAD_BN_SESSION_20110703.UPDATES

BEGIN
Time: 0 hrs, 0 mins, 0 secs, 915 ms
SET
Time: 0 hrs, 0 mins, 0 secs, 9 ms
UPDATE 0
Time: 0 hrs, 0 mins, 0 secs, 385 ms
END
Time: 0 hrs, 0 mins, 6 secs, 825 ms
VACUUM
Time: 0 hrs, 0 mins, 23 secs, 552 ms

Wed Jul 6 20:07:40 EDT 2011

Timing is on.

           700 - LOAD_BN_SESSION

BEGIN
Time: 0 hrs, 0 mins, 1 secs, 5 ms
SET
Time: 0 hrs, 0 mins, 0 secs, 12 ms
INSERT 0 1986033
Time: 0 hrs, 0 mins, 11 secs, 942 ms
ANALYZE
Time: 0 hrs, 0 mins, 0 secs, 928 ms
END
Time: 0 hrs, 0 mins, 15 secs, 256 ms

Wed Jul 6 20:08:09 EDT 2011

Timing is on.

            750 - LOAD_BN_SESSION_SUMMARY   

BEGIN
Time: 0 hrs, 0 mins, 3 secs, 580 ms
SET
Time: 0 hrs, 0 mins, 0 secs, 11 ms
CREATE TABLE
Time: 0 hrs, 0 mins, 12 secs, 320 ms
TRUNCATE
Time: 0 hrs, 0 mins, 5 secs, 610 ms
INSERT 0 285316
Time: 0 hrs, 0 mins, 4 secs, 458 ms
ANALYZE
Time: 0 hrs, 0 mins, 0 secs, 633 ms
 count(1) 
----------
   285316
(1 row)

Time: 0 hrs, 0 mins, 0 secs, 119 ms
END
Time: 0 hrs, 0 mins, 24 secs, 602 ms

Wed Jul 6 20:09:01 EDT 2011

Timing is on.

           800 - LOAD_BN_HITS

BEGIN
Time: 0 hrs, 0 mins, 0 secs, 908 ms
SET
Time: 0 hrs, 0 mins, 0 secs, 13 ms
SET
Time: 0 hrs, 0 mins, 0 secs, 23 ms
SET
Time: 0 hrs, 0 mins, 0 secs, 29 ms
SET
Time: 0 hrs, 0 mins, 0 secs, 12 ms
TRUNCATE
Time: 0 hrs, 0 mins, 1 secs, 370 ms
INSERT 0 16766969
Time: 0 hrs, 0 mins, 8 secs, 126 ms
 count(1) 
----------
 16766969
(1 row)

Time: 0 hrs, 0 mins, 1 secs, 795 ms
ANALYZE
Time: 0 hrs, 0 mins, 5 secs, 335 ms
END
Time: 0 hrs, 0 mins, 59 secs, 778 ms

Wed Jul 6 20:10:19 EDT 2011

Timing is on.

            900 - LOAD_CLICKSTREAM   

BEGIN
Time: 0 hrs, 0 mins, 5 secs, 694 ms
SET
Time: 0 hrs, 0 mins, 0 secs, 14 ms
TRUNCATE
Time: 0 hrs, 0 mins, 7 secs, 456 ms
INSERT 0 16766969
Time: 0 hrs, 1 mins, 36 secs, 663 ms
 count(1) 
----------
 16766969
(1 row)

Time: 0 hrs, 0 mins, 0 secs, 502 ms
ANALYZE
Time: 0 hrs, 0 mins, 1 secs, 650 ms
END
Time: 0 hrs, 0 mins, 31 secs, 334 ms

Wed Jul 6 20:12:42 EDT 2011

Timing is on.

            1000 - PAGE_VIEW_SUMMARY  

BEGIN
Time: 0 hrs, 0 mins, 1 secs, 546 ms
SET
Time: 0 hrs, 0 mins, 0 secs, 11 ms
SET
Time: 0 hrs, 0 mins, 0 secs, 48 ms
TRUNCATE
Time: 0 hrs, 0 mins, 4 secs, 548 ms
INSERT 0 455988
Time: 0 hrs, 0 mins, 49 secs, 958 ms
 count(1) 
----------
   455988
(1 row)

Time: 0 hrs, 0 mins, 0 secs, 219 ms
ANALYZE
Time: 0 hrs, 0 mins, 0 secs, 264 ms
END
Time: 0 hrs, 0 mins, 15 secs, 776 ms

Wed Jul 6 20:13:55 EDT 2011


2000 - WRAP UP 

Timing is on.
BEGIN
Time: 0 hrs, 0 mins, 0 secs, 794 ms
TRUNCATE
Time: 0 hrs, 0 mins, 1 secs, 776 ms
TRUNCATE
Time: 0 hrs, 0 mins, 0 secs, 635 ms
END
Time: 0 hrs, 0 mins, 28 secs, 410 ms
Wed Jul 6 20:14:27 EDT 2011
Removing lock file and waiting for a minute
Checking for lock file /tmp/.iislock
Acquired lock file /tmp/.iislock
-------------------------------------
Processing for 20110703
-------------------------------------

Thu Jul 14 12:25:30 EDT 2011

Timing is on.

           000 - INIT

BEGIN
Time: 0 hrs, 0 mins, 1 secs, 255 ms
*** Truncating staging tables before workflow starts ***
SET
Time: 0 hrs, 0 mins, 0 secs, 12 ms
GRANT
Time: 0 hrs, 0 mins, 5 secs, 778 ms
END
Time: 0 hrs, 0 mins, 4 secs, 209 ms

Thu Jul 14 12:25:42 EDT 2011

Timing is on.

            200 - LOAD_BN_IISLOGS   

BEGIN
Time: 0 hrs, 0 mins, 2 secs, 37 ms
SET
Time: 0 hrs, 0 mins, 0 secs, 13 ms
TRUNCATE
Time: 0 hrs, 0 mins, 0 secs, 871 ms
INSERT 0 73142225
Time: 0 hrs, 12 mins, 35 secs, 579 ms
END
Time: 0 hrs, 4 mins, 13 secs, 646 ms
ALTER TABLE
Time: 0 hrs, 0 mins, 18 secs, 520 ms

Thu Jul 14 12:42:53 EDT 2011

Timing is on.
BEGIN
Time: 0 hrs, 0 mins, 1 secs, 220 ms
SET
Time: 0 hrs, 0 mins, 0 secs, 7 ms

            250 - LOAD_BN_HITS_SP   

TRUNCATE
Time: 0 hrs, 0 mins, 7 secs, 208 ms
INSERT 0 29631089
Time: 0 hrs, 6 mins, 29 secs, 817 ms
ANALYZE
Time: 0 hrs, 0 mins, 31 secs, 126 ms
END
Time: 0 hrs, 0 mins, 31 secs, 580 ms

Thu Jul 14 12:50:34 EDT 2011

Timing is on.
BEGIN
Time: 0 hrs, 0 mins, 2 secs, 491 ms
SET
Time: 0 hrs, 0 mins, 0 secs, 7 ms

           300 - DYNAMIC FILTER

TRUNCATE
Time: 0 hrs, 0 mins, 1 secs, 189 ms
INSERT 0 19707176
Time: 0 hrs, 1 mins, 8 secs, 113 ms
ANALYZE
Time: 0 hrs, 0 mins, 4 secs, 167 ms
 Total records in web_click_cnt 
--------------------------------
                       19707176
(1 row)

Time: 0 hrs, 0 mins, 2 secs, 717 ms
CREATE TABLE
Time: 0 hrs, 0 mins, 21 secs, 422 ms
ANALYZE
Time: 0 hrs, 0 mins, 0 secs, 133 ms
CREATE TABLE
Time: 0 hrs, 0 mins, 5 secs, 693 ms
ANALYZE
Time: 0 hrs, 0 mins, 1 secs, 883 ms
DELETE 1
Time: 0 hrs, 0 mins, 1 secs, 725 ms
INSERT 0 1
Time: 0 hrs, 0 mins, 1 secs, 953 ms
DELETE 1
Time: 0 hrs, 0 mins, 0 secs, 125 ms
INSERT 0 1
Time: 0 hrs, 0 mins, 1 secs, 392 ms
CREATE TABLE
Time: 0 hrs, 0 mins, 17 secs, 886 ms
ANALYZE
Time: 0 hrs, 0 mins, 0 secs, 117 ms
CREATE TABLE
Time: 0 hrs, 0 mins, 4 secs, 891 ms
ANALYZE
Time: 0 hrs, 0 mins, 0 secs, 474 ms
DELETE 1
Time: 0 hrs, 0 mins, 0 secs, 123 ms
INSERT 0 1
Time: 0 hrs, 0 mins, 1 secs, 580 ms
DELETE 1
Time: 0 hrs, 0 mins, 0 secs, 101 ms
INSERT 0 1
Time: 0 hrs, 0 mins, 1 secs, 792 ms
ANALYZE
Time: 0 hrs, 0 mins, 0 secs, 236 ms
    tablename     |    attr_name    | attr_value 
------------------+-----------------+------------
 BN_FILTER_SPIDER | CLK_USER_SD_MPL | 10
 BN_FILTER_SPIDER | IP_USER_SD_MPL  | 1
 BN_FILTER_SPIDER | IP_USER_RATIO   | .955
 BN_FILTER_SPIDER | CLK_USER_MEAN   | 15.104
 BN_FILTER_SPIDER | CLK_USER_SD     | 57.957
 BN_FILTER_SPIDER | IP_USER_MEAN    | 26.107
 BN_FILTER_SPIDER | IP_USER_SD      | 2666.085
(7 rows)

Time: 0 hrs, 0 mins, 1 secs, 167 ms
CREATE TABLE
Time: 0 hrs, 0 mins, 13 secs, 849 ms
CREATE TABLE
Time: 0 hrs, 0 mins, 2 secs, 118 ms
 l_mean_sd_mpl 
---------------
       594.674
(1 row)

Time: 0 hrs, 0 mins, 0 secs, 604 ms
TRUNCATE
Time: 0 hrs, 0 mins, 2 secs, 441 ms
INSERT 0 357
Time: 0 hrs, 0 mins, 14 secs, 100 ms
ANALYZE
Time: 0 hrs, 0 mins, 0 secs, 182 ms
 Total click_user bn_spider_ip records 
---------------------------------------
                                   357
(1 row)

Time: 0 hrs, 0 mins, 0 secs, 213 ms
CREATE TABLE
Time: 0 hrs, 0 mins, 3 secs, 805 ms
ANALYZE
Time: 0 hrs, 0 mins, 0 secs, 56 ms
CREATE TABLE
Time: 0 hrs, 0 mins, 5 secs, 485 ms
ANALYZE
Time: 0 hrs, 0 mins, 0 secs, 104 ms
DROP 
Time: 0 hrs, 0 mins, 0 secs, 354 ms
CREATE TABLE
Time: 0 hrs, 0 mins, 0 secs, 917 ms
 l_mean_sd_mpl | l_ratio 
---------------+---------
      2692.192 |   0.955
(1 row)

Time: 0 hrs, 0 mins, 0 secs, 407 ms
INSERT 0 17456802
Time: 0 hrs, 0 mins, 10 secs, 381 ms
ANALYZE
Time: 0 hrs, 0 mins, 0 secs, 263 ms
 Total ip_user_filter bn_spider_ip records 
-------------------------------------------
                                  17456802
(1 row)

Time: 0 hrs, 0 mins, 0 secs, 772 ms
TRUNCATE
Time: 0 hrs, 0 mins, 2 secs, 339 ms
INSERT 0 16766969
Time: 0 hrs, 0 mins, 34 secs, 429 ms
ANALYZE
Time: 0 hrs, 0 mins, 4 secs, 305 ms
 bn_hits_stage 
---------------
      16766969
(1 row)

Time: 0 hrs, 0 mins, 0 secs, 537 ms
INSERT 0 18249005
Time: 0 hrs, 2 mins, 5 secs, 887 ms
ANALYZE
Time: 0 hrs, 3 mins, 39 secs, 241 ms
 bn_hits_sp_20110703 
---------------------
            47880094
(1 row)

Time: 0 hrs, 0 mins, 30 secs, 456 ms
TRUNCATE
Time: 0 hrs, 0 mins, 3 secs, 226 ms
INSERT 0 8495162
Time: 0 hrs, 1 mins, 22 secs, 480 ms
ANALYZE
Time: 0 hrs, 0 mins, 5 secs, 689 ms
 bn_hits_client_20110703 
-------------------------
                 8495162
(1 row)

Time: 0 hrs, 0 mins, 0 secs, 486 ms
END
Time: 0 hrs, 2 mins, 4 secs, 500 ms

Thu Jul 14 13:04:25 EDT 2011

Timing is on.
BEGIN
Time: 0 hrs, 0 mins, 1 secs, 717 ms

           600 - LOAD RESOURCES

SET
Time: 0 hrs, 0 mins, 0 secs, 10 ms
CREATE TABLE
Time: 0 hrs, 2 mins, 52 secs, 642 ms
ANALYZE
Time: 0 hrs, 0 mins, 3 secs, 290 ms
 tmp_a_count 
-------------
      444553
(1 row)

Time: 0 hrs, 0 mins, 0 secs, 268 ms
UPDATE 0
Time: 0 hrs, 0 mins, 7 secs, 496 ms
ANALYZE
Time: 0 hrs, 0 mins, 2 secs, 515 ms
TRUNCATE
Time: 0 hrs, 0 mins, 11 secs, 516 ms
INSERT 0 0
Time: 0 hrs, 0 mins, 42 secs, 131 ms
ANALYZE
Time: 0 hrs, 0 mins, 0 secs, 298 ms
 first_resource_id | last_resource_id 
-------------------+------------------
                   |                 
(1 row)

Time: 0 hrs, 0 mins, 1 secs, 354 ms
INSERT 0 0
Time: 0 hrs, 0 mins, 2 secs, 534 ms
 total_resources 
-----------------
        24391743
(1 row)

Time: 0 hrs, 0 mins, 8 secs, 961 ms
ANALYZE
Time: 0 hrs, 0 mins, 1 secs, 705 ms
END
Time: 0 hrs, 1 mins, 22 secs, 380 ms
VACUUM
Time: 0 hrs, 2 mins, 23 secs, 944 ms

Thu Jul 14 13:12:28 EDT 2011

Timing is on.

           650 - LOAD_BN_SESSION_STAGE

BEGIN
Time: 0 hrs, 0 mins, 2 secs, 395 ms
SET
Time: 0 hrs, 0 mins, 0 secs, 9 ms
SET
Time: 0 hrs, 0 mins, 0 secs, 57 ms
CREATE TABLE
Time: 0 hrs, 1 mins, 10 secs, 92 ms
ANALYZE
Time: 0 hrs, 0 mins, 6 secs, 783 ms
 tmp_sessionized_stage 
-----------------------
              16766969
(1 row)

Time: 0 hrs, 0 mins, 6 secs, 364 ms
TRUNCATE
Time: 0 hrs, 0 mins, 11 secs, 532 ms
INSERT 0 1986033
Time: 0 hrs, 3 mins, 36 secs, 112 ms
ANALYZE
Time: 0 hrs, 0 mins, 1 secs, 927 ms
CREATE TABLE
Time: 0 hrs, 2 mins, 48 secs, 157 ms
CREATE INDEX
Time: 0 hrs, 0 mins, 1 secs, 730 ms
 tmp_first_last 
----------------
        1986033
(1 row)

Time: 0 hrs, 0 mins, 1 secs, 74 ms
ANALYZE
Time: 0 hrs, 0 mins, 1 secs, 385 ms
SET
Time: 0 hrs, 0 mins, 0 secs, 17 ms
SET
Time: 0 hrs, 0 mins, 0 secs, 14 ms
TRUNCATE
Time: 0 hrs, 0 mins, 5 secs, 935 ms
DROP
Time: 0 hrs, 0 mins, 0 secs, 513 ms
INSERT 0 1986033
Time: 0 hrs, 0 mins, 14 secs, 189 ms
 bn_session_stage 
------------------
          1986033
(1 row)

Time: 0 hrs, 0 mins, 1 secs, 520 ms
CREATE INDEX
Time: 0 hrs, 0 mins, 1 secs, 588 ms
ANALYZE
Time: 0 hrs, 0 mins, 1 secs, 516 ms
TRUNCATE
Time: 0 hrs, 0 mins, 2 secs, 521 ms
END
Time: 0 hrs, 0 mins, 36 secs, 191 ms

Thu Jul 14 13:21:40 EDT 2011

BEGIN

           660 - LOAD_BN_SESSION_UPDATE_STAGE

SET
TRUNCATE
INSERT 0 0
END

Thu Jul 14 13:22:18 EDT 2011

Timing is on.

           670 - LOAD_BN_SESSION_20110703.UPDATES

BEGIN
Time: 0 hrs, 0 mins, 1 secs, 287 ms
SET
Time: 0 hrs, 0 mins, 0 secs, 13 ms
UPDATE 0
Time: 0 hrs, 0 mins, 0 secs, 700 ms
END
Time: 0 hrs, 0 mins, 13 secs, 68 ms
VACUUM
Time: 0 hrs, 1 mins, 57 secs, 158 ms

Thu Jul 14 13:24:31 EDT 2011

Timing is on.

           700 - LOAD_BN_SESSION

BEGIN
Time: 0 hrs, 0 mins, 2 secs, 352 ms
SET
Time: 0 hrs, 0 mins, 0 secs, 13 ms
INSERT 0 1986033
Time: 0 hrs, 0 mins, 18 secs, 671 ms
ANALYZE
Time: 0 hrs, 0 mins, 1 secs, 695 ms
END
Time: 0 hrs, 0 mins, 58 secs, 881 ms

Thu Jul 14 13:25:53 EDT 2011

Timing is on.

            750 - LOAD_BN_SESSION_SUMMARY   

BEGIN
Time: 0 hrs, 0 mins, 1 secs, 366 ms
SET
Time: 0 hrs, 0 mins, 0 secs, 12 ms
CREATE TABLE
Time: 0 hrs, 0 mins, 48 secs, 432 ms
TRUNCATE
Time: 0 hrs, 0 mins, 1 secs, 877 ms
INSERT 0 285309
Time: 0 hrs, 0 mins, 8 secs, 442 ms
ANALYZE
Time: 0 hrs, 0 mins, 1 secs, 309 ms
 count(1) 
----------
   285309
(1 row)

Time: 0 hrs, 0 mins, 0 secs, 881 ms
END
Time: 0 hrs, 0 mins, 15 secs, 312 ms

Thu Jul 14 13:27:11 EDT 2011

Timing is on.

           800 - LOAD_BN_HITS

BEGIN
Time: 0 hrs, 0 mins, 3 secs, 849 ms
SET
Time: 0 hrs, 0 mins, 0 secs, 9 ms
SET
Time: 0 hrs, 0 mins, 0 secs, 50 ms
SET
Time: 0 hrs, 0 mins, 0 secs, 61 ms
SET
Time: 0 hrs, 0 mins, 0 secs, 36 ms
TRUNCATE
Time: 0 hrs, 0 mins, 3 secs, 278 ms
INSERT 0 16766969
Time: 0 hrs, 0 mins, 9 secs, 230 ms
 count(1) 
----------
 16766969
(1 row)

Time: 0 hrs, 0 mins, 2 secs, 117 ms
ANALYZE
Time: 0 hrs, 0 mins, 4 secs, 325 ms
END
Time: 0 hrs, 1 mins, 0 secs, 255 ms

Thu Jul 14 13:28:34 EDT 2011

Timing is on.

            900 - LOAD_CLICKSTREAM   

BEGIN
Time: 0 hrs, 0 mins, 2 secs, 387 ms
SET
Time: 0 hrs, 0 mins, 0 secs, 9 ms
TRUNCATE
Time: 0 hrs, 0 mins, 3 secs, 527 ms
INSERT 0 16766969
Time: 0 hrs, 8 mins, 6 secs, 467 ms
 count(1) 
----------
 16766969
(1 row)

Time: 0 hrs, 0 mins, 2 secs, 385 ms
ANALYZE
Time: 0 hrs, 0 mins, 2 secs, 494 ms
END
Time: 0 hrs, 0 mins, 19 secs, 396 ms

Thu Jul 14 13:37:11 EDT 2011

Timing is on.

            1000 - PAGE_VIEW_SUMMARY  

BEGIN
Time: 0 hrs, 0 mins, 4 secs, 976 ms
SET
Time: 0 hrs, 0 mins, 0 secs, 7 ms
SET
Time: 0 hrs, 0 mins, 0 secs, 222 ms
TRUNCATE
Time: 0 hrs, 0 mins, 3 secs, 240 ms
INSERT 0 455988
Time: 0 hrs, 1 mins, 37 secs, 927 ms
 count(1) 
----------
   455988
(1 row)

Time: 0 hrs, 0 mins, 1 secs, 819 ms
ANALYZE
Time: 0 hrs, 0 mins, 0 secs, 571 ms
END
Time: 0 hrs, 6 mins, 34 secs, 327 ms

Thu Jul 14 13:45:35 EDT 2011


2000 - WRAP UP 

Timing is on.
BEGIN
Time: 0 hrs, 0 mins, 1 secs, 741 ms
TRUNCATE
Time: 0 hrs, 0 mins, 6 secs, 892 ms
TRUNCATE
Time: 0 hrs, 0 mins, 3 secs, 899 ms
END
Time: 0 hrs, 1 mins, 32 secs, 684 ms
Thu Jul 14 13:47:20 EDT 2011
Removing lock file and waiting for a minute
Total time taken:  82  minutes.
