Checking for lock file /tmp/.iislock
Acquired lock file /tmp/.iislock
deleting simple.htm records - these are just server testing...
DELETE 6123860
-------------------------------------
Processing for 20110912
-------------------------------------

Tue Sep 13 08:32:09 EDT 2011

Timing is on.

           000 - INIT

BEGIN
Time: 0 hrs, 0 mins, 18 secs, 207 ms
*** Truncating staging tables before workflow starts ***
SET
Time: 0 hrs, 0 mins, 0 secs, 17 ms
GRANT
Time: 0 hrs, 0 mins, 25 secs, 246 ms
END
Time: 0 hrs, 0 mins, 25 secs, 179 ms

Tue Sep 13 08:33:18 EDT 2011

Timing is on.

            200 - LOAD_BN_IISLOGS   

BEGIN
Time: 0 hrs, 0 mins, 0 secs, 788 ms
SET
Time: 0 hrs, 0 mins, 0 secs, 84 ms
TRUNCATE
Time: 0 hrs, 0 mins, 4 secs, 521 ms
INSERT 0 59797404
Time: 0 hrs, 12 mins, 50 secs, 965 ms
END
Time: 0 hrs, 0 mins, 41 secs, 822 ms
ALTER TABLE
Time: 0 hrs, 9 mins, 24 secs, 600 ms

Tue Sep 13 08:56:21 EDT 2011

Timing is on.
BEGIN
Time: 0 hrs, 0 mins, 4 secs, 447 ms
SET
Time: 0 hrs, 0 mins, 0 secs, 25 ms

            250 - LOAD_BN_HITS_SP   

TRUNCATE
Time: 0 hrs, 0 mins, 4 secs, 503 ms
INSERT 0 20691147
Time: 0 hrs, 3 mins, 0 secs, 603 ms
ANALYZE
Time: 0 hrs, 0 mins, 2 secs, 889 ms
END
Time: 0 hrs, 0 mins, 27 secs, 680 ms

Tue Sep 13 09:00:02 EDT 2011

Timing is on.
BEGIN
Time: 0 hrs, 0 mins, 6 secs, 139 ms
SET
Time: 0 hrs, 0 mins, 0 secs, 37 ms

           300 - DYNAMIC FILTER

TRUNCATE
Time: 0 hrs, 0 mins, 3 secs, 821 ms
INSERT 0 18316772
Time: 0 hrs, 0 mins, 3 secs, 41 ms
ANALYZE
Time: 0 hrs, 0 mins, 3 secs, 730 ms
 Total records in web_click_cnt 
--------------------------------
                       18316772
(1 row)

Time: 0 hrs, 0 mins, 2 secs, 258 ms
CREATE TABLE
Time: 0 hrs, 0 mins, 4 secs, 770 ms
ANALYZE
Time: 0 hrs, 0 mins, 0 secs, 70 ms
CREATE TABLE
Time: 0 hrs, 0 mins, 2 secs, 220 ms
ANALYZE
Time: 0 hrs, 0 mins, 0 secs, 367 ms
DELETE 1
Time: 0 hrs, 0 mins, 2 secs, 696 ms
INSERT 0 1
Time: 0 hrs, 0 mins, 2 secs, 80 ms
DELETE 1
Time: 0 hrs, 0 mins, 0 secs, 158 ms
INSERT 0 1
Time: 0 hrs, 0 mins, 2 secs, 171 ms
CREATE TABLE
Time: 0 hrs, 0 mins, 3 secs, 545 ms
ANALYZE
Time: 0 hrs, 0 mins, 0 secs, 60 ms
CREATE TABLE
Time: 0 hrs, 0 mins, 0 secs, 758 ms
ANALYZE
Time: 0 hrs, 0 mins, 0 secs, 69 ms
DELETE 1
Time: 0 hrs, 0 mins, 0 secs, 123 ms
INSERT 0 1
Time: 0 hrs, 0 mins, 1 secs, 487 ms
DELETE 1
Time: 0 hrs, 0 mins, 0 secs, 206 ms
INSERT 0 1
Time: 0 hrs, 0 mins, 2 secs, 444 ms
ANALYZE
Time: 0 hrs, 0 mins, 1 secs, 356 ms
    tablename     |    attr_name    | attr_value 
------------------+-----------------+------------
 BN_FILTER_SPIDER | CLK_USER_SD_MPL | 10
 BN_FILTER_SPIDER | IP_USER_SD_MPL  | 1
 BN_FILTER_SPIDER | IP_USER_RATIO   | .955
 BN_FILTER_SPIDER | CLK_USER_MEAN   | 13.004
 BN_FILTER_SPIDER | CLK_USER_SD     | 48.935
 BN_FILTER_SPIDER | IP_USER_MEAN    | 20.934
 BN_FILTER_SPIDER | IP_USER_SD      | 1717.441
(7 rows)

Time: 0 hrs, 0 mins, 0 secs, 262 ms
CREATE TABLE
Time: 0 hrs, 0 mins, 9 secs, 40 ms
CREATE TABLE
Time: 0 hrs, 0 mins, 1 secs, 609 ms
 l_mean_sd_mpl 
---------------
       502.354
(1 row)

Time: 0 hrs, 0 mins, 0 secs, 954 ms
TRUNCATE
Time: 0 hrs, 0 mins, 1 secs, 36 ms
INSERT 0 386
Time: 0 hrs, 0 mins, 16 secs, 488 ms
ANALYZE
Time: 0 hrs, 0 mins, 0 secs, 568 ms
 Total click_user bn_spider_ip records 
---------------------------------------
                                   386
(1 row)

Time: 0 hrs, 0 mins, 3 secs, 643 ms
CREATE TABLE
Time: 0 hrs, 0 mins, 7 secs, 307 ms
ANALYZE
Time: 0 hrs, 0 mins, 1 secs, 437 ms
CREATE TABLE
Time: 0 hrs, 0 mins, 8 secs, 324 ms
ANALYZE
Time: 0 hrs, 0 mins, 0 secs, 77 ms
DROP 
Time: 0 hrs, 0 mins, 0 secs, 97 ms
CREATE TABLE
Time: 0 hrs, 0 mins, 0 secs, 837 ms
 l_mean_sd_mpl | l_ratio 
---------------+---------
      1738.375 |   0.955
(1 row)

Time: 0 hrs, 0 mins, 0 secs, 346 ms
INSERT 0 15673324
Time: 0 hrs, 0 mins, 20 secs, 981 ms
ANALYZE
Time: 0 hrs, 0 mins, 0 secs, 234 ms
 Total ip_user_filter bn_spider_ip records 
-------------------------------------------
                                  15673324
(1 row)

Time: 0 hrs, 0 mins, 2 secs, 588 ms
TRUNCATE
Time: 0 hrs, 0 mins, 5 secs, 472 ms
INSERT 0 18543167
Time: 0 hrs, 0 mins, 38 secs, 669 ms
ANALYZE
Time: 0 hrs, 0 mins, 6 secs, 549 ms
 bn_hits_stage 
---------------
      18543167
(1 row)

Time: 0 hrs, 0 mins, 2 secs, 422 ms
INSERT 0 16355423
Time: 0 hrs, 1 mins, 3 secs, 625 ms
ANALYZE
Time: 0 hrs, 0 mins, 30 secs, 759 ms
 bn_hits_sp_20110912 
---------------------
            37046570
(1 row)

Time: 0 hrs, 0 mins, 13 secs, 332 ms
TRUNCATE
Time: 0 hrs, 0 mins, 4 secs, 225 ms
INSERT 0 4207667
Time: 0 hrs, 0 mins, 7 secs, 546 ms
ANALYZE
Time: 0 hrs, 0 mins, 3 secs, 595 ms
 bn_hits_client_20110912 
-------------------------
                 4207667
(1 row)

Time: 0 hrs, 0 mins, 0 secs, 282 ms
END
Time: 0 hrs, 0 mins, 20 secs, 864 ms

Tue Sep 13 09:05:19 EDT 2011

Timing is on.
BEGIN
Time: 0 hrs, 0 mins, 5 secs, 614 ms

           600 - LOAD RESOURCES

SET
Time: 0 hrs, 0 mins, 0 secs, 29 ms
CREATE TABLE
Time: 0 hrs, 2 mins, 22 secs, 0 ms
ANALYZE
Time: 0 hrs, 0 mins, 1 secs, 137 ms
 tmp_a_count 
-------------
      487505
(1 row)

Time: 0 hrs, 0 mins, 2 secs, 749 ms
UPDATE 0
Time: 0 hrs, 0 mins, 10 secs, 212 ms
ANALYZE
Time: 0 hrs, 0 mins, 2 secs, 660 ms
TRUNCATE
Time: 0 hrs, 0 mins, 5 secs, 623 ms
INSERT 0 168559
Time: 0 hrs, 0 mins, 56 secs, 101 ms
ANALYZE
Time: 0 hrs, 0 mins, 3 secs, 628 ms
 first_resource_id | last_resource_id 
-------------------+------------------
          42549447 |         42718005
(1 row)

Time: 0 hrs, 0 mins, 3 secs, 787 ms
INSERT 0 168559
Time: 0 hrs, 0 mins, 5 secs, 335 ms
 total_resources 
-----------------
        42693602
(1 row)

Time: 0 hrs, 0 mins, 1 secs, 46 ms
ANALYZE
Time: 0 hrs, 0 mins, 0 secs, 713 ms
END
Time: 0 hrs, 0 mins, 27 secs, 312 ms
VACUUM
Time: 0 hrs, 0 mins, 7 secs, 226 ms

Tue Sep 13 09:09:54 EDT 2011

Timing is on.

           650 - LOAD_BN_SESSION_STAGE

BEGIN
Time: 0 hrs, 0 mins, 0 secs, 212 ms
SET
Time: 0 hrs, 0 mins, 0 secs, 17 ms
SET
Time: 0 hrs, 0 mins, 0 secs, 27 ms
CREATE TABLE
Time: 0 hrs, 0 mins, 58 secs, 673 ms
ANALYZE
Time: 0 hrs, 0 mins, 4 secs, 415 ms
 tmp_sessionized_stage 
-----------------------
              18543167
(1 row)

Time: 0 hrs, 0 mins, 2 secs, 428 ms
TRUNCATE
Time: 0 hrs, 0 mins, 1 secs, 859 ms
INSERT 0 2225144
Time: 0 hrs, 1 mins, 14 secs, 841 ms
ANALYZE
Time: 0 hrs, 0 mins, 2 secs, 882 ms
CREATE TABLE
Time: 0 hrs, 2 mins, 36 secs, 699 ms
CREATE INDEX
Time: 0 hrs, 0 mins, 0 secs, 588 ms
 tmp_first_last 
----------------
        2225144
(1 row)

Time: 0 hrs, 0 mins, 1 secs, 804 ms
ANALYZE
Time: 0 hrs, 0 mins, 1 secs, 167 ms
SET
Time: 0 hrs, 0 mins, 0 secs, 31 ms
SET
Time: 0 hrs, 0 mins, 0 secs, 29 ms
TRUNCATE
Time: 0 hrs, 0 mins, 5 secs, 461 ms
DROP 
Time: 0 hrs, 0 mins, 0 secs, 261 ms
INSERT 0 2225144
Time: 0 hrs, 0 mins, 7 secs, 68 ms
 bn_session_stage 
------------------
          2225144
(1 row)

Time: 0 hrs, 0 mins, 3 secs, 988 ms
CREATE INDEX
Time: 0 hrs, 0 mins, 4 secs, 522 ms
ANALYZE
Time: 0 hrs, 0 mins, 0 secs, 635 ms
TRUNCATE
Time: 0 hrs, 0 mins, 2 secs, 428 ms
END
Time: 0 hrs, 0 mins, 8 secs, 806 ms

Tue Sep 13 09:15:33 EDT 2011

BEGIN

           660 - LOAD_BN_SESSION_UPDATE_STAGE

SET
TRUNCATE
INSERT 0 0
END

Tue Sep 13 09:16:15 EDT 2011

Timing is on.

           670 - LOAD_BN_SESSION_20110912.UPDATES

BEGIN
Time: 0 hrs, 0 mins, 0 secs, 411 ms
SET
Time: 0 hrs, 0 mins, 0 secs, 20 ms
UPDATE 0
Time: 0 hrs, 0 mins, 0 secs, 187 ms
END
Time: 0 hrs, 0 mins, 6 secs, 856 ms
VACUUM
Time: 0 hrs, 0 mins, 6 secs, 396 ms

Tue Sep 13 09:16:29 EDT 2011

Timing is on.

           700 - LOAD_BN_SESSION

BEGIN
Time: 0 hrs, 0 mins, 0 secs, 201 ms
SET
Time: 0 hrs, 0 mins, 0 secs, 14 ms
INSERT 0 2225144
Time: 0 hrs, 0 mins, 12 secs, 264 ms
ANALYZE
Time: 0 hrs, 0 mins, 1 secs, 714 ms
END
Time: 0 hrs, 0 mins, 11 secs, 267 ms

Tue Sep 13 09:16:55 EDT 2011

Timing is on.

            750 - LOAD_BN_SESSION_SUMMARY   

BEGIN
Time: 0 hrs, 0 mins, 0 secs, 474 ms
SET
Time: 0 hrs, 0 mins, 0 secs, 18 ms
CREATE TABLE
Time: 0 hrs, 0 mins, 13 secs, 674 ms
TRUNCATE
Time: 0 hrs, 0 mins, 4 secs, 411 ms
INSERT 0 298025
Time: 0 hrs, 0 mins, 5 secs, 517 ms
ANALYZE
Time: 0 hrs, 0 mins, 0 secs, 686 ms
 count(1) 
----------
   298025
(1 row)

Time: 0 hrs, 0 mins, 0 secs, 565 ms
END
Time: 0 hrs, 0 mins, 6 secs, 572 ms

Tue Sep 13 09:17:27 EDT 2011

Timing is on.

           800 - LOAD_BN_HITS

BEGIN
Time: 0 hrs, 0 mins, 0 secs, 172 ms
SET
Time: 0 hrs, 0 mins, 0 secs, 14 ms
SET
Time: 0 hrs, 0 mins, 0 secs, 25 ms
SET
Time: 0 hrs, 0 mins, 0 secs, 27 ms
SET
Time: 0 hrs, 0 mins, 0 secs, 30 ms
TRUNCATE
Time: 0 hrs, 0 mins, 3 secs, 868 ms
INSERT 0 18543167
Time: 0 hrs, 0 mins, 12 secs, 96 ms
 count(1) 
----------
 18543167
(1 row)

Time: 0 hrs, 0 mins, 3 secs, 492 ms
ANALYZE
Time: 0 hrs, 0 mins, 4 secs, 355 ms
END
Time: 0 hrs, 0 mins, 27 secs, 598 ms

Tue Sep 13 09:18:19 EDT 2011

Timing is on.

            900 - LOAD_CLICKSTREAM   

BEGIN
Time: 0 hrs, 0 mins, 3 secs, 590 ms
SET
Time: 0 hrs, 0 mins, 0 secs, 21 ms
TRUNCATE
Time: 0 hrs, 0 mins, 3 secs, 491 ms
INSERT 0 18543167
Time: 0 hrs, 2 mins, 26 secs, 642 ms
 count(1) 
----------
 18543167
(1 row)

Time: 0 hrs, 0 mins, 1 secs, 221 ms
ANALYZE
Time: 0 hrs, 0 mins, 2 secs, 248 ms
END
Time: 0 hrs, 0 mins, 15 secs, 161 ms

Tue Sep 13 09:21:12 EDT 2011

Timing is on.

            1000 - PAGE_VIEW_SUMMARY  

BEGIN
Time: 0 hrs, 0 mins, 0 secs, 451 ms
SET
Time: 0 hrs, 0 mins, 0 secs, 43 ms
SET
Time: 0 hrs, 0 mins, 0 secs, 66 ms
TRUNCATE
Time: 0 hrs, 0 mins, 1 secs, 749 ms
INSERT 0 499001
Time: 0 hrs, 0 mins, 5 secs, 665 ms
 count(1) 
----------
   499001
(1 row)

Time: 0 hrs, 0 mins, 1 secs, 341 ms
ANALYZE
Time: 0 hrs, 0 mins, 0 secs, 231 ms
END
Time: 0 hrs, 0 mins, 8 secs, 94 ms

Tue Sep 13 09:21:30 EDT 2011


2000 - WRAP UP 

Timing is on.
BEGIN
Time: 0 hrs, 0 mins, 0 secs, 390 ms
TRUNCATE
Time: 0 hrs, 0 mins, 2 secs, 446 ms
TRUNCATE
Time: 0 hrs, 0 mins, 2 secs, 552 ms
END
Time: 0 hrs, 0 mins, 13 secs, 989 ms
Tue Sep 13 09:21:49 EDT 2011
Removing lock file and waiting for a minute
Total time taken:  53  minutes.
Running time of run.sh 20110912: 3184 seconds
Checking for lock file /tmp/.iislock
Acquired lock file /tmp/.iislock
deleting simple.htm records - these are just server testing...
act: could not connect to server: Connection refused
	Is the server running on host "10.225.78.100" and accepting
	TCP/IP connections on port 2406?
-------------------------------------
Processing for 20110912
-------------------------------------

Wed Sep 14 22:14:26 EDT 2011

act: could not connect to server: Connection refused
	Is the server running on host "10.225.78.100" and accepting
	TCP/IP connections on port 2406?

Wed Sep 14 22:14:26 EDT 2011

act: could not connect to server: Connection refused
	Is the server running on host "10.225.78.100" and accepting
	TCP/IP connections on port 2406?

Wed Sep 14 22:14:27 EDT 2011

act: could not connect to server: Connection refused
	Is the server running on host "10.225.78.100" and accepting
	TCP/IP connections on port 2406?

Wed Sep 14 22:14:27 EDT 2011

act: could not connect to server: Connection refused
	Is the server running on host "10.225.78.100" and accepting
	TCP/IP connections on port 2406?

Wed Sep 14 22:14:27 EDT 2011

act: could not connect to server: Connection refused
	Is the server running on host "10.225.78.100" and accepting
	TCP/IP connections on port 2406?

Wed Sep 14 22:14:27 EDT 2011

act: could not connect to server: Connection refused
	Is the server running on host "10.225.78.100" and accepting
	TCP/IP connections on port 2406?

Wed Sep 14 22:14:27 EDT 2011

act: could not connect to server: Connection refused
	Is the server running on host "10.225.78.100" and accepting
	TCP/IP connections on port 2406?

Wed Sep 14 22:14:28 EDT 2011

act: could not connect to server: Connection refused
	Is the server running on host "10.225.78.100" and accepting
	TCP/IP connections on port 2406?

Wed Sep 14 22:14:28 EDT 2011

act: could not connect to server: Connection refused
	Is the server running on host "10.225.78.100" and accepting
	TCP/IP connections on port 2406?

Wed Sep 14 22:14:28 EDT 2011

act: could not connect to server: Connection refused
	Is the server running on host "10.225.78.100" and accepting
	TCP/IP connections on port 2406?

Wed Sep 14 22:14:28 EDT 2011

act: could not connect to server: Connection refused
	Is the server running on host "10.225.78.100" and accepting
	TCP/IP connections on port 2406?

Wed Sep 14 22:14:28 EDT 2011

act: could not connect to server: Connection refused
	Is the server running on host "10.225.78.100" and accepting
	TCP/IP connections on port 2406?

Wed Sep 14 22:14:28 EDT 2011

act: could not connect to server: Connection refused
	Is the server running on host "10.225.78.100" and accepting
	TCP/IP connections on port 2406?

Wed Sep 14 22:14:29 EDT 2011


2000 - WRAP UP 

act: could not connect to server: Connection refused
	Is the server running on host "10.225.78.100" and accepting
	TCP/IP connections on port 2406?
Wed Sep 14 22:14:29 EDT 2011
Removing lock file and waiting for a minute
Total time taken:  1  minutes.
Running time of run.sh 20110912: 1 minutes
