Checking for lock file /tmp/.iislock
Acquired lock file /tmp/.iislock
deleting simple.htm records - these are just server testing...
DELETE 5516539
-------------------------------------
Processing for 20111228
-------------------------------------

Thu Dec 29 05:15:23 EST 2011

Timing is on.

           000 - INIT

BEGIN
Time: 0 hrs, 0 mins, 0 secs, 167 ms
*** Truncating staging tables before workflow starts ***
SET
Time: 0 hrs, 0 mins, 0 secs, 6 ms
GRANT
Time: 0 hrs, 0 mins, 13 secs, 880 ms
END
Time: 0 hrs, 0 mins, 19 secs, 103 ms

Thu Dec 29 05:15:56 EST 2011

Timing is on.

            200 - LOAD_BN_IISLOGS   

BEGIN
Time: 0 hrs, 0 mins, 0 secs, 877 ms
SET
Time: 0 hrs, 0 mins, 0 secs, 6 ms
TRUNCATE
Time: 0 hrs, 0 mins, 8 secs, 93 ms
INSERT 0 79171056
Time: 0 hrs, 14 mins, 24 secs, 256 ms
END
Time: 0 hrs, 0 mins, 18 secs, 677 ms
ALTER TABLE
Time: 0 hrs, 6 mins, 12 secs, 821 ms

Thu Dec 29 05:37:04 EST 2011

Timing is on.
BEGIN
Time: 0 hrs, 0 mins, 5 secs, 66 ms
SET
Time: 0 hrs, 0 mins, 0 secs, 7 ms

            250 - LOAD_BN_HITS_SP   

TRUNCATE
Time: 0 hrs, 0 mins, 15 secs, 131 ms
INSERT 0 32235727
Time: 0 hrs, 6 mins, 43 secs, 775 ms
ANALYZE
Time: 0 hrs, 0 mins, 5 secs, 687 ms
END
Time: 0 hrs, 0 mins, 32 secs, 745 ms

Thu Dec 29 05:44:46 EST 2011

Timing is on.
BEGIN
Time: 0 hrs, 0 mins, 2 secs, 722 ms
SET
Time: 0 hrs, 0 mins, 0 secs, 6 ms

           300 - DYNAMIC FILTER

TRUNCATE
Time: 0 hrs, 0 mins, 3 secs, 838 ms
INSERT 0 24512425
Time: 0 hrs, 0 mins, 2 secs, 949 ms
ANALYZE
Time: 0 hrs, 0 mins, 2 secs, 769 ms
 Total records in web_click_cnt 
--------------------------------
                       24512425
(1 row)

Time: 0 hrs, 0 mins, 4 secs, 459 ms
CREATE TABLE
Time: 0 hrs, 0 mins, 6 secs, 263 ms
ANALYZE
Time: 0 hrs, 0 mins, 0 secs, 44 ms
CREATE TABLE
Time: 0 hrs, 0 mins, 1 secs, 893 ms
ANALYZE
Time: 0 hrs, 0 mins, 0 secs, 81 ms
DELETE 1
Time: 0 hrs, 0 mins, 1 secs, 341 ms
INSERT 0 1
Time: 0 hrs, 0 mins, 3 secs, 718 ms
DELETE 1
Time: 0 hrs, 0 mins, 0 secs, 98 ms
INSERT 0 1
Time: 0 hrs, 0 mins, 0 secs, 357 ms
CREATE TABLE
Time: 0 hrs, 0 mins, 8 secs, 72 ms
ANALYZE
Time: 0 hrs, 0 mins, 0 secs, 46 ms
CREATE TABLE
Time: 0 hrs, 0 mins, 0 secs, 844 ms
ANALYZE
Time: 0 hrs, 0 mins, 0 secs, 44 ms
DELETE 1
Time: 0 hrs, 0 mins, 0 secs, 56 ms
INSERT 0 1
Time: 0 hrs, 0 mins, 0 secs, 728 ms
DELETE 1
Time: 0 hrs, 0 mins, 0 secs, 85 ms
INSERT 0 1
Time: 0 hrs, 0 mins, 0 secs, 475 ms
ANALYZE
Time: 0 hrs, 0 mins, 0 secs, 924 ms
    tablename     |    attr_name    | attr_value 
------------------+-----------------+------------
 BN_FILTER_SPIDER | CLK_USER_SD_MPL | 10
 BN_FILTER_SPIDER | IP_USER_SD_MPL  | 1
 BN_FILTER_SPIDER | IP_USER_RATIO   | .955
 BN_FILTER_SPIDER | CLK_USER_MEAN   | 9.486
 BN_FILTER_SPIDER | CLK_USER_SD     | 39.309
 BN_FILTER_SPIDER | IP_USER_MEAN    | 19.206
 BN_FILTER_SPIDER | IP_USER_SD      | 4532.766
(7 rows)

Time: 0 hrs, 0 mins, 0 secs, 917 ms
CREATE TABLE
Time: 0 hrs, 0 mins, 10 secs, 38 ms
CREATE TABLE
Time: 0 hrs, 0 mins, 5 secs, 30 ms
 l_mean_sd_mpl 
---------------
       402.576
(1 row)

Time: 0 hrs, 0 mins, 0 secs, 172 ms
TRUNCATE
Time: 0 hrs, 0 mins, 7 secs, 607 ms
INSERT 0 758
Time: 0 hrs, 0 mins, 9 secs, 874 ms
ANALYZE
Time: 0 hrs, 0 mins, 0 secs, 902 ms
 Total click_user bn_spider_ip records 
---------------------------------------
                                   758
(1 row)

Time: 0 hrs, 0 mins, 0 secs, 668 ms
CREATE TABLE
Time: 0 hrs, 0 mins, 4 secs, 240 ms
ANALYZE
Time: 0 hrs, 0 mins, 0 secs, 34 ms
CREATE TABLE
Time: 0 hrs, 0 mins, 2 secs, 489 ms
ANALYZE
Time: 0 hrs, 0 mins, 0 secs, 42 ms
DROP 
Time: 0 hrs, 0 mins, 0 secs, 103 ms
CREATE TABLE
Time: 0 hrs, 0 mins, 0 secs, 578 ms
 l_mean_sd_mpl | l_ratio 
---------------+---------
      4551.972 |   0.955
(1 row)

Time: 0 hrs, 0 mins, 0 secs, 691 ms
INSERT 0 20430462
Time: 0 hrs, 0 mins, 18 secs, 84 ms
ANALYZE
Time: 0 hrs, 0 mins, 0 secs, 386 ms
 Total ip_user_filter bn_spider_ip records 
-------------------------------------------
                                  20430462
(1 row)

Time: 0 hrs, 0 mins, 0 secs, 957 ms
TRUNCATE
Time: 0 hrs, 0 mins, 1 secs, 265 ms
INSERT 0 20316345
Time: 0 hrs, 4 mins, 36 secs, 875 ms
ANALYZE
Time: 0 hrs, 0 mins, 23 secs, 748 ms
 bn_hits_stage 
---------------
      20316345
(1 row)

Time: 0 hrs, 0 mins, 1 secs, 357 ms
INSERT 0 21848320
Time: 0 hrs, 5 mins, 31 secs, 714 ms
ANALYZE
Time: 0 hrs, 0 mins, 9 secs, 550 ms
 bn_hits_sp_20111228 
---------------------
            54084047
(1 row)

Time: 0 hrs, 0 mins, 5 secs, 82 ms
TRUNCATE
Time: 0 hrs, 0 mins, 12 secs, 306 ms
INSERT 0 4770664
Time: 0 hrs, 0 mins, 8 secs, 176 ms
ANALYZE
Time: 0 hrs, 0 mins, 4 secs, 193 ms
 bn_hits_client_20111228 
-------------------------
                 4770664
(1 row)

Time: 0 hrs, 0 mins, 3 secs, 191 ms
END
Time: 0 hrs, 0 mins, 38 secs, 945 ms

Thu Dec 29 05:58:28 EST 2011

Timing is on.
BEGIN
Time: 0 hrs, 0 mins, 1 secs, 383 ms

           600 - LOAD RESOURCES

SET
Time: 0 hrs, 0 mins, 0 secs, 7 ms
CREATE TABLE
Time: 0 hrs, 11 mins, 27 secs, 943 ms
ANALYZE
Time: 0 hrs, 0 mins, 10 secs, 630 ms
 tmp_a_count 
-------------
     1472460
(1 row)

Time: 0 hrs, 0 mins, 3 secs, 504 ms
UPDATE 0
Time: 0 hrs, 0 mins, 14 secs, 633 ms
ANALYZE
Time: 0 hrs, 0 mins, 4 secs, 674 ms
TRUNCATE
Time: 0 hrs, 0 mins, 13 secs, 964 ms
INSERT 0 509030
Time: 0 hrs, 7 mins, 16 secs, 200 ms
ANALYZE
Time: 0 hrs, 0 mins, 3 secs, 847 ms
 first_resource_id | last_resource_id 
-------------------+------------------
          75117951 |         75626980
(1 row)

Time: 0 hrs, 0 mins, 18 secs, 122 ms
INSERT 0 509030
Time: 0 hrs, 0 mins, 16 secs, 619 ms
 total_resources 
-----------------
        75602517
(1 row)

Time: 0 hrs, 0 mins, 7 secs, 776 ms
ANALYZE
Time: 0 hrs, 0 mins, 3 secs, 243 ms
END
Time: 0 hrs, 4 mins, 12 secs, 394 ms
VACUUM
Time: 0 hrs, 8 mins, 2 secs, 150 ms

Thu Dec 29 06:31:05 EST 2011

Timing is on.

           650 - LOAD_BN_SESSION_STAGE

BEGIN
Time: 0 hrs, 1 mins, 33 secs, 704 ms
SET
Time: 0 hrs, 0 mins, 0 secs, 7 ms
SET
Time: 0 hrs, 0 mins, 0 secs, 11 ms
CREATE TABLE
Time: 0 hrs, 37 mins, 37 secs, 436 ms
ANALYZE
Time: 0 hrs, 0 mins, 5 secs, 1 ms
 tmp_sessionized_stage 
-----------------------
              20316345
(1 row)

Time: 0 hrs, 0 mins, 5 secs, 969 ms
TRUNCATE
Time: 0 hrs, 0 mins, 5 secs, 21 ms
INSERT 0 3810394
Time: 0 hrs, 5 mins, 18 secs, 501 ms
ANALYZE
Time: 0 hrs, 0 mins, 7 secs, 103 ms
CREATE TABLE
Time: 0 hrs, 10 mins, 48 secs, 794 ms
CREATE INDEX
Time: 0 hrs, 0 mins, 0 secs, 248 ms
 tmp_first_last 
----------------
        3810394
(1 row)

Time: 0 hrs, 0 mins, 0 secs, 241 ms
ANALYZE
Time: 0 hrs, 0 mins, 1 secs, 72 ms
SET
Time: 0 hrs, 0 mins, 0 secs, 12 ms
SET
Time: 0 hrs, 0 mins, 0 secs, 11 ms
TRUNCATE
Time: 0 hrs, 0 mins, 0 secs, 887 ms
DROP 
Time: 0 hrs, 0 mins, 0 secs, 636 ms
INSERT 0 3810394
Time: 0 hrs, 0 mins, 9 secs, 107 ms
 bn_session_stage 
------------------
          3810394
(1 row)

Time: 0 hrs, 0 mins, 9 secs, 653 ms
CREATE INDEX
Time: 0 hrs, 0 mins, 7 secs, 423 ms
ANALYZE
Time: 0 hrs, 0 mins, 0 secs, 970 ms
TRUNCATE
Time: 0 hrs, 0 mins, 8 secs, 243 ms
END
Time: 0 hrs, 0 mins, 18 secs, 115 ms

Thu Dec 29 07:27:44 EST 2011

BEGIN

           660 - LOAD_BN_SESSION_UPDATE_STAGE

SET
TRUNCATE
INSERT 0 0
END

Thu Dec 29 07:27:54 EST 2011

Timing is on.

           670 - LOAD_BN_SESSION_20111228.UPDATES

BEGIN
Time: 0 hrs, 0 mins, 0 secs, 196 ms
SET
Time: 0 hrs, 0 mins, 0 secs, 7 ms
UPDATE 0
Time: 0 hrs, 0 mins, 0 secs, 388 ms
END
Time: 0 hrs, 0 mins, 30 secs, 697 ms
VACUUM
Time: 0 hrs, 1 mins, 29 secs, 631 ms

Thu Dec 29 07:29:56 EST 2011

Timing is on.

           700 - LOAD_BN_SESSION

BEGIN
Time: 0 hrs, 0 mins, 0 secs, 238 ms
SET
Time: 0 hrs, 0 mins, 0 secs, 7 ms
INSERT 0 3810394
Time: 0 hrs, 0 mins, 58 secs, 326 ms
ANALYZE
Time: 0 hrs, 0 mins, 3 secs, 649 ms
END
Time: 0 hrs, 0 mins, 26 secs, 265 ms

Thu Dec 29 07:31:24 EST 2011

Timing is on.

            750 - LOAD_BN_SESSION_SUMMARY   

BEGIN
Time: 0 hrs, 0 mins, 9 secs, 518 ms
SET
Time: 0 hrs, 0 mins, 0 secs, 7 ms
CREATE TABLE
Time: 0 hrs, 1 mins, 35 secs, 754 ms
TRUNCATE
Time: 0 hrs, 0 mins, 6 secs, 801 ms
INSERT 0 1087739
Time: 0 hrs, 0 mins, 17 secs, 874 ms
ANALYZE
Time: 0 hrs, 0 mins, 3 secs, 379 ms
 count(1) 
----------
  1087739
(1 row)

Time: 0 hrs, 0 mins, 2 secs, 478 ms
END
Time: 0 hrs, 0 mins, 13 secs, 61 ms

Thu Dec 29 07:33:53 EST 2011

Timing is on.

           800 - LOAD_BN_HITS

BEGIN
Time: 0 hrs, 0 mins, 0 secs, 604 ms
SET
Time: 0 hrs, 0 mins, 0 secs, 6 ms
SET
Time: 0 hrs, 0 mins, 0 secs, 11 ms
SET
Time: 0 hrs, 0 mins, 0 secs, 10 ms
SET
Time: 0 hrs, 0 mins, 0 secs, 12 ms
TRUNCATE
Time: 0 hrs, 0 mins, 3 secs, 640 ms
INSERT 0 20316345
Time: 0 hrs, 0 mins, 22 secs, 240 ms
 count(1) 
----------
 20316345
(1 row)

Time: 0 hrs, 0 mins, 2 secs, 258 ms
ANALYZE
Time: 0 hrs, 0 mins, 3 secs, 70 ms
END
Time: 0 hrs, 1 mins, 17 secs, 865 ms

Thu Dec 29 07:35:43 EST 2011

Timing is on.

            900 - LOAD_CLICKSTREAM   

BEGIN
Time: 0 hrs, 0 mins, 8 secs, 357 ms
SET
Time: 0 hrs, 0 mins, 0 secs, 11 ms
TRUNCATE
Time: 0 hrs, 0 mins, 16 secs, 823 ms
INSERT 0 20316345
Time: 0 hrs, 9 mins, 12 secs, 391 ms
 count(1) 
----------
 20316345
(1 row)

Time: 0 hrs, 0 mins, 5 secs, 941 ms
ANALYZE
Time: 0 hrs, 0 mins, 8 secs, 326 ms
END
Time: 0 hrs, 1 mins, 6 secs, 176 ms

Thu Dec 29 07:46:42 EST 2011

Timing is on.

            1000 - PAGE_VIEW_SUMMARY  

BEGIN
Time: 0 hrs, 0 mins, 4 secs, 411 ms
SET
Time: 0 hrs, 0 mins, 0 secs, 6 ms
SET
Time: 0 hrs, 0 mins, 0 secs, 12 ms
TRUNCATE
Time: 0 hrs, 0 mins, 22 secs, 128 ms
INSERT 0 1509138
Time: 0 hrs, 0 mins, 35 secs, 83 ms
 count(1) 
----------
  1509138
(1 row)

Time: 0 hrs, 0 mins, 1 secs, 341 ms
ANALYZE
Time: 0 hrs, 0 mins, 4 secs, 593 ms
END
Time: 0 hrs, 0 mins, 48 secs, 524 ms

Thu Dec 29 07:48:39 EST 2011


2000 - WRAP UP 

Timing is on.
BEGIN
Time: 0 hrs, 0 mins, 14 secs, 687 ms
TRUNCATE
Time: 0 hrs, 0 mins, 7 secs, 191 ms
TRUNCATE
Time: 0 hrs, 0 mins, 16 secs, 381 ms
END
Time: 0 hrs, 0 mins, 41 secs, 688 ms
Thu Dec 29 07:49:59 EST 2011
Removing lock file and waiting for a minute
Total time taken:  157  minutes.
Running time of run.sh 20111228: 9466 seconds
Checking for lock file /tmp/.iislock
Acquired lock file /tmp/.iislock
deleting simple.htm records - these are just server testing...
DELETE 21
-------------------------------------
Processing for 20111228
-------------------------------------

Fri Dec 30 11:58:09 EST 2011

Timing is on.

           000 - INIT

BEGIN
Time: 0 hrs, 0 mins, 18 secs, 223 ms
*** Truncating staging tables before workflow starts ***
SET
Time: 0 hrs, 0 mins, 0 secs, 11 ms
GRANT
Time: 0 hrs, 2 mins, 18 secs, 677 ms
END
Time: 0 hrs, 1 mins, 0 secs, 84 ms

Fri Dec 30 12:01:47 EST 2011

Timing is on.

            200 - LOAD_BN_IISLOGS   

BEGIN
Time: 0 hrs, 0 mins, 37 secs, 985 ms
SET
Time: 0 hrs, 0 mins, 0 secs, 12 ms
TRUNCATE
Time: 0 hrs, 0 mins, 4 secs, 130 ms
ERROR:  The supplied statement could not be completed due to a database node failure. Please attempt to re-issue the statement.
ABORT
Time: 0 hrs, 3 mins, 50 secs, 829 ms
ALTER TABLE
Time: 0 hrs, 0 mins, 24 secs, 294 ms

Fri Dec 30 12:16:12 EST 2011

Timing is on.
BEGIN
Time: 0 hrs, 0 mins, 0 secs, 132 ms
SET
Time: 0 hrs, 0 mins, 0 secs, 7 ms

            250 - LOAD_BN_HITS_SP   

TRUNCATE
Time: 0 hrs, 0 mins, 7 secs, 492 ms
ERROR:  new row for relation "bn_hits_sp_20111228" violates check constraint "bn_hits_sp_20111228_newpart_hit_timestamp_check"
NOTICE:  current transaction is aborted, queries ignored until end of transaction block
ABORT
Time: 0 hrs, 0 mins, 2 secs, 699 ms

Fri Dec 30 12:16:39 EST 2011

Timing is on.
BEGIN
Time: 0 hrs, 0 mins, 0 secs, 128 ms
SET
Time: 0 hrs, 0 mins, 0 secs, 7 ms

           300 - DYNAMIC FILTER

TRUNCATE
Time: 0 hrs, 0 mins, 5 secs, 375 ms
INSERT 0 24804778
Time: 0 hrs, 0 mins, 16 secs, 795 ms
ANALYZE
Time: 0 hrs, 0 mins, 3 secs, 244 ms
 Total records in web_click_cnt 
--------------------------------
                       24804778
(1 row)

Time: 0 hrs, 0 mins, 6 secs, 110 ms
CREATE TABLE
Time: 0 hrs, 0 mins, 22 secs, 133 ms
ANALYZE
Time: 0 hrs, 0 mins, 0 secs, 46 ms
CREATE TABLE
Time: 0 hrs, 0 mins, 5 secs, 142 ms
ANALYZE
Time: 0 hrs, 0 mins, 0 secs, 676 ms
DELETE 1
Time: 0 hrs, 0 mins, 2 secs, 247 ms
INSERT 0 1
Time: 0 hrs, 0 mins, 2 secs, 237 ms
DELETE 1
Time: 0 hrs, 0 mins, 0 secs, 85 ms
INSERT 0 1
Time: 0 hrs, 0 mins, 5 secs, 26 ms
CREATE TABLE
Time: 0 hrs, 0 mins, 7 secs, 715 ms
ANALYZE
Time: 0 hrs, 0 mins, 0 secs, 356 ms
CREATE TABLE
Time: 0 hrs, 0 mins, 1 secs, 72 ms
ANALYZE
Time: 0 hrs, 0 mins, 0 secs, 244 ms
DELETE 1
Time: 0 hrs, 0 mins, 0 secs, 68 ms
INSERT 0 1
Time: 0 hrs, 0 mins, 2 secs, 356 ms
DELETE 1
Time: 0 hrs, 0 mins, 1 secs, 585 ms
INSERT 0 1
Time: 0 hrs, 0 mins, 2 secs, 66 ms
ANALYZE
Time: 0 hrs, 0 mins, 0 secs, 668 ms
    tablename     |    attr_name    | attr_value 
------------------+-----------------+------------
 BN_FILTER_SPIDER | CLK_USER_SD_MPL | 10
 BN_FILTER_SPIDER | IP_USER_SD_MPL  | 1
 BN_FILTER_SPIDER | IP_USER_RATIO   | .955
 BN_FILTER_SPIDER | CLK_USER_MEAN   | 9.318
 BN_FILTER_SPIDER | CLK_USER_SD     | 40.301
 BN_FILTER_SPIDER | IP_USER_MEAN    | 19.510
 BN_FILTER_SPIDER | IP_USER_SD      | 4554.825
(7 rows)

Time: 0 hrs, 0 mins, 2 secs, 277 ms
CREATE TABLE
Time: 0 hrs, 0 mins, 12 secs, 839 ms
CREATE TABLE
Time: 0 hrs, 0 mins, 2 secs, 592 ms
 l_mean_sd_mpl 
---------------
       412.328
(1 row)

Time: 0 hrs, 0 mins, 1 secs, 887 ms
TRUNCATE
Time: 0 hrs, 0 mins, 2 secs, 437 ms
INSERT 0 705
Time: 0 hrs, 0 mins, 19 secs, 371 ms
ANALYZE
Time: 0 hrs, 0 mins, 3 secs, 274 ms
 Total click_user bn_spider_ip records 
---------------------------------------
                                   705
(1 row)

Time: 0 hrs, 0 mins, 0 secs, 680 ms
CREATE TABLE
Time: 0 hrs, 0 mins, 8 secs, 745 ms
ANALYZE
Time: 0 hrs, 0 mins, 0 secs, 77 ms
CREATE TABLE
Time: 0 hrs, 0 mins, 9 secs, 425 ms
ANALYZE
Time: 0 hrs, 0 mins, 0 secs, 98 ms
DROP 
Time: 0 hrs, 0 mins, 0 secs, 961 ms
CREATE TABLE
Time: 0 hrs, 0 mins, 3 secs, 300 ms
 l_mean_sd_mpl | l_ratio 
---------------+---------
      4574.335 |   0.955
(1 row)

Time: 0 hrs, 0 mins, 1 secs, 221 ms
INSERT 0 20903966
Time: 0 hrs, 0 mins, 22 secs, 274 ms
ANALYZE
Time: 0 hrs, 0 mins, 0 secs, 308 ms
 Total ip_user_filter bn_spider_ip records 
-------------------------------------------
                                  20903966
(1 row)

Time: 0 hrs, 0 mins, 1 secs, 75 ms
TRUNCATE
Time: 0 hrs, 0 mins, 6 secs, 316 ms
INSERT 0 19587520
Time: 0 hrs, 1 mins, 5 secs, 620 ms
ANALYZE
Time: 0 hrs, 0 mins, 21 secs, 504 ms
 bn_hits_stage 
---------------
      19587520
(1 row)

Time: 0 hrs, 0 mins, 2 secs, 301 ms
ERROR:  new row for relation "bn_hits_sp_20111228" violates check constraint "bn_hits_sp_20111228_newpart_hit_timestamp_check"
NOTICE:  current transaction is aborted, queries ignored until end of transaction block
NOTICE:  current transaction is aborted, queries ignored until end of transaction block
NOTICE:  current transaction is aborted, queries ignored until end of transaction block
NOTICE:  current transaction is aborted, queries ignored until end of transaction block
NOTICE:  current transaction is aborted, queries ignored until end of transaction block
NOTICE:  current transaction is aborted, queries ignored until end of transaction block
ABORT
Time: 0 hrs, 0 mins, 0 secs, 802 ms

Fri Dec 30 12:21:36 EST 2011

Timing is on.
BEGIN
Time: 0 hrs, 0 mins, 35 secs, 141 ms

           600 - LOAD RESOURCES

SET
Time: 0 hrs, 0 mins, 0 secs, 7 ms
CREATE TABLE
Time: 0 hrs, 1 mins, 30 secs, 714 ms
ANALYZE
Time: 0 hrs, 0 mins, 3 secs, 805 ms
 tmp_a_count 
-------------
     1447385
(1 row)

Time: 0 hrs, 0 mins, 2 secs, 178 ms
UPDATE 0
Time: 0 hrs, 0 mins, 12 secs, 353 ms
ANALYZE
Time: 0 hrs, 0 mins, 1 secs, 126 ms
TRUNCATE
Time: 0 hrs, 0 mins, 6 secs, 821 ms
INSERT 0 0
Time: 0 hrs, 0 mins, 13 secs, 260 ms
ANALYZE
Time: 0 hrs, 0 mins, 0 secs, 14 ms
 first_resource_id | last_resource_id 
-------------------+------------------
                   |                 
(1 row)

Time: 0 hrs, 0 mins, 0 secs, 307 ms
INSERT 0 0
Time: 0 hrs, 0 mins, 0 secs, 339 ms
 total_resources 
-----------------
        76248940
(1 row)

Time: 0 hrs, 0 mins, 0 secs, 652 ms
ANALYZE
Time: 0 hrs, 0 mins, 0 secs, 509 ms
END
Time: 0 hrs, 2 mins, 3 secs, 375 ms
VACUUM
Time: 0 hrs, 1 mins, 45 secs, 671 ms

Fri Dec 30 12:28:12 EST 2011

Timing is on.

           650 - LOAD_BN_SESSION_STAGE

BEGIN
Time: 0 hrs, 0 mins, 0 secs, 158 ms
SET
Time: 0 hrs, 0 mins, 0 secs, 6 ms
SET
Time: 0 hrs, 0 mins, 0 secs, 12 ms
CREATE TABLE
Time: 0 hrs, 0 mins, 57 secs, 101 ms
ANALYZE
Time: 0 hrs, 0 mins, 4 secs, 81 ms
 tmp_sessionized_stage 
-----------------------
              19587520
(1 row)

Time: 0 hrs, 0 mins, 1 secs, 400 ms
TRUNCATE
Time: 0 hrs, 0 mins, 4 secs, 846 ms
INSERT 0 3630195
Time: 0 hrs, 2 mins, 1 secs, 412 ms
ANALYZE
Time: 0 hrs, 0 mins, 4 secs, 558 ms
CREATE TABLE
Time: 0 hrs, 3 mins, 32 secs, 557 ms
CREATE INDEX
Time: 0 hrs, 0 mins, 5 secs, 245 ms
 tmp_first_last 
----------------
        3630195
(1 row)

Time: 0 hrs, 0 mins, 4 secs, 793 ms
ANALYZE
Time: 0 hrs, 0 mins, 1 secs, 809 ms
SET
Time: 0 hrs, 0 mins, 0 secs, 30 ms
SET
Time: 0 hrs, 0 mins, 0 secs, 35 ms
TRUNCATE
Time: 0 hrs, 0 mins, 13 secs, 157 ms
DROP 
Time: 0 hrs, 0 mins, 4 secs, 51 ms
INSERT 0 3630195
Time: 0 hrs, 0 mins, 10 secs, 403 ms
 bn_session_stage 
------------------
          3630195
(1 row)

Time: 0 hrs, 0 mins, 3 secs, 198 ms
CREATE INDEX
Time: 0 hrs, 0 mins, 2 secs, 441 ms
ANALYZE
Time: 0 hrs, 0 mins, 2 secs, 475 ms
TRUNCATE
Time: 0 hrs, 0 mins, 5 secs, 731 ms
END
Time: 0 hrs, 0 mins, 8 secs, 430 ms

Fri Dec 30 12:36:01 EST 2011

BEGIN

           660 - LOAD_BN_SESSION_UPDATE_STAGE

SET
TRUNCATE
INSERT 0 0
END

Fri Dec 30 12:36:20 EST 2011

Timing is on.

           670 - LOAD_BN_SESSION_20111228.UPDATES

BEGIN
Time: 0 hrs, 0 mins, 0 secs, 662 ms
SET
Time: 0 hrs, 0 mins, 0 secs, 6 ms
UPDATE 0
Time: 0 hrs, 0 mins, 0 secs, 994 ms
END
Time: 0 hrs, 0 mins, 21 secs, 202 ms
VACUUM
Time: 0 hrs, 2 mins, 18 secs, 748 ms

Fri Dec 30 12:39:01 EST 2011

Timing is on.

           700 - LOAD_BN_SESSION

BEGIN
Time: 0 hrs, 0 mins, 15 secs, 638 ms
SET
Time: 0 hrs, 0 mins, 0 secs, 13 ms
INSERT 0 0
Time: 0 hrs, 0 mins, 38 secs, 714 ms
ANALYZE
Time: 0 hrs, 0 mins, 0 secs, 646 ms
END
Time: 0 hrs, 0 mins, 15 secs, 970 ms

Fri Dec 30 12:40:13 EST 2011

Timing is on.

            750 - LOAD_BN_SESSION_SUMMARY   

BEGIN
Time: 0 hrs, 0 mins, 0 secs, 200 ms
SET
Time: 0 hrs, 0 mins, 0 secs, 6 ms
CREATE TABLE
Time: 0 hrs, 1 mins, 55 secs, 405 ms
TRUNCATE
Time: 0 hrs, 0 mins, 5 secs, 666 ms
INSERT 0 0
Time: 0 hrs, 0 mins, 0 secs, 934 ms
ANALYZE
Time: 0 hrs, 0 mins, 0 secs, 15 ms
 count(1) 
----------
        0
(1 row)

Time: 0 hrs, 0 mins, 1 secs, 289 ms
END
Time: 0 hrs, 0 mins, 6 secs, 503 ms

Fri Dec 30 12:42:23 EST 2011

Timing is on.

           800 - LOAD_BN_HITS

BEGIN
Time: 0 hrs, 0 mins, 0 secs, 371 ms
SET
Time: 0 hrs, 0 mins, 0 secs, 6 ms
SET
Time: 0 hrs, 0 mins, 0 secs, 53 ms
SET
Time: 0 hrs, 0 mins, 0 secs, 120 ms
SET
Time: 0 hrs, 0 mins, 0 secs, 17 ms
TRUNCATE
Time: 0 hrs, 0 mins, 1 secs, 488 ms
INSERT 0 0
Time: 0 hrs, 0 mins, 2 secs, 694 ms
 count(1) 
----------
        0
(1 row)

Time: 0 hrs, 0 mins, 4 secs, 696 ms
ANALYZE
Time: 0 hrs, 0 mins, 0 secs, 16 ms
END
Time: 0 hrs, 0 mins, 27 secs, 992 ms

Fri Dec 30 12:43:01 EST 2011

Timing is on.

            900 - LOAD_CLICKSTREAM   

BEGIN
Time: 0 hrs, 0 mins, 0 secs, 211 ms
SET
Time: 0 hrs, 0 mins, 0 secs, 6 ms
TRUNCATE
Time: 0 hrs, 0 mins, 6 secs, 423 ms
INSERT 0 0
Time: 0 hrs, 3 mins, 44 secs, 372 ms
 count(1) 
----------
        0
(1 row)

Time: 0 hrs, 0 mins, 3 secs, 273 ms
ANALYZE
Time: 0 hrs, 0 mins, 0 secs, 974 ms
END
Time: 0 hrs, 0 mins, 19 secs, 604 ms

Fri Dec 30 12:47:16 EST 2011

Timing is on.

            1000 - PAGE_VIEW_SUMMARY  

BEGIN
Time: 0 hrs, 0 mins, 3 secs, 360 ms
SET
Time: 0 hrs, 0 mins, 0 secs, 7 ms
SET
Time: 0 hrs, 0 mins, 0 secs, 13 ms
TRUNCATE
Time: 0 hrs, 0 mins, 3 secs, 624 ms
INSERT 0 0
Time: 0 hrs, 0 mins, 13 secs, 661 ms
 count(1) 
----------
        0
(1 row)

Time: 0 hrs, 0 mins, 3 secs, 416 ms
ANALYZE
Time: 0 hrs, 0 mins, 0 secs, 15 ms
END
Time: 0 hrs, 0 mins, 37 secs, 583 ms

Fri Dec 30 12:48:18 EST 2011


2000 - WRAP UP 

Timing is on.
BEGIN
Time: 0 hrs, 0 mins, 8 secs, 175 ms
TRUNCATE
Time: 0 hrs, 0 mins, 4 secs, 57 ms
TRUNCATE
Time: 0 hrs, 0 mins, 2 secs, 847 ms
END
Time: 0 hrs, 0 mins, 28 secs, 323 ms
Fri Dec 30 12:49:01 EST 2011
Removing lock file and waiting for a minute
Total time taken:  53  minutes.
Running time of run.sh 20111228: 53 minutes
Checking for lock file /tmp/.iislock
Acquired lock file /tmp/.iislock
deleting simple.htm records - these are just server testing...
DELETE 0
-------------------------------------
Processing for 20111228
-------------------------------------

Tue Jan 3 23:31:08 EST 2012

Timing is on.

           000 - INIT

BEGIN
Time: 0 hrs, 0 mins, 0 secs, 167 ms
*** Truncating staging tables before workflow starts ***
SET
Time: 0 hrs, 0 mins, 0 secs, 8 ms
GRANT
Time: 0 hrs, 0 mins, 22 secs, 587 ms
END
Time: 0 hrs, 0 mins, 3 secs, 121 ms

Tue Jan 3 23:31:34 EST 2012

Timing is on.

            200 - LOAD_BN_IISLOGS   

BEGIN
Time: 0 hrs, 0 mins, 3 secs, 587 ms
SET
Time: 0 hrs, 0 mins, 0 secs, 8 ms
TRUNCATE
Time: 0 hrs, 0 mins, 0 secs, 831 ms
INSERT 0 104299563
Time: 0 hrs, 14 mins, 22 secs, 341 ms
END
Time: 0 hrs, 0 mins, 25 secs, 254 ms
ALTER TABLE
Time: 0 hrs, 0 mins, 23 secs, 721 ms

Tue Jan 3 23:46:51 EST 2012

Timing is on.
BEGIN
Time: 0 hrs, 0 mins, 0 secs, 343 ms
SET
Time: 0 hrs, 0 mins, 0 secs, 7 ms

            250 - LOAD_BN_HITS_SP   

TRUNCATE
Time: 0 hrs, 0 mins, 2 secs, 469 ms
INSERT 0 42589276
Time: 0 hrs, 6 mins, 0 secs, 536 ms
ANALYZE
Time: 0 hrs, 0 mins, 6 secs, 506 ms
END
Time: 0 hrs, 0 mins, 37 secs, 196 ms

Tue Jan 3 23:53:38 EST 2012

Timing is on.
BEGIN
Time: 0 hrs, 0 mins, 0 secs, 151 ms
SET
Time: 0 hrs, 0 mins, 0 secs, 6 ms

           300 - DYNAMIC FILTER

TRUNCATE
Time: 0 hrs, 0 mins, 13 secs, 34 ms
INSERT 0 30210326
Time: 0 hrs, 0 mins, 5 secs, 143 ms
ANALYZE
Time: 0 hrs, 0 mins, 2 secs, 90 ms
 Total records in web_click_cnt 
--------------------------------
                       30210326
(1 row)

Time: 0 hrs, 0 mins, 1 secs, 761 ms
CREATE TABLE
Time: 0 hrs, 0 mins, 11 secs, 290 ms
ANALYZE
Time: 0 hrs, 0 mins, 0 secs, 51 ms
CREATE TABLE
Time: 0 hrs, 0 mins, 2 secs, 437 ms
ANALYZE
Time: 0 hrs, 0 mins, 0 secs, 54 ms
DELETE 1
Time: 0 hrs, 0 mins, 1 secs, 906 ms
INSERT 0 1
Time: 0 hrs, 0 mins, 4 secs, 860 ms
DELETE 1
Time: 0 hrs, 0 mins, 0 secs, 69 ms
INSERT 0 1
Time: 0 hrs, 0 mins, 0 secs, 727 ms
CREATE TABLE
Time: 0 hrs, 0 mins, 9 secs, 734 ms
ANALYZE
Time: 0 hrs, 0 mins, 0 secs, 104 ms
CREATE TABLE
Time: 0 hrs, 0 mins, 1 secs, 568 ms
ANALYZE
Time: 0 hrs, 0 mins, 0 secs, 52 ms
DELETE 1
Time: 0 hrs, 0 mins, 0 secs, 70 ms
INSERT 0 1
Time: 0 hrs, 0 mins, 2 secs, 743 ms
DELETE 1
Time: 0 hrs, 0 mins, 0 secs, 69 ms
INSERT 0 1
Time: 0 hrs, 0 mins, 1 secs, 102 ms
ANALYZE
Time: 0 hrs, 0 mins, 1 secs, 162 ms
    tablename     |    attr_name    | attr_value 
------------------+-----------------+------------
 BN_FILTER_SPIDER | CLK_USER_SD_MPL | 10
 BN_FILTER_SPIDER | IP_USER_SD_MPL  | 1
 BN_FILTER_SPIDER | IP_USER_RATIO   | .955
 BN_FILTER_SPIDER | CLK_USER_MEAN   | 9.873
 BN_FILTER_SPIDER | CLK_USER_SD     | 40.143
 BN_FILTER_SPIDER | IP_USER_MEAN    | 18.159
 BN_FILTER_SPIDER | IP_USER_SD      | 4687.281
(7 rows)

Time: 0 hrs, 0 mins, 3 secs, 59 ms
CREATE TABLE
Time: 0 hrs, 0 mins, 15 secs, 644 ms
CREATE TABLE
Time: 0 hrs, 0 mins, 2 secs, 705 ms
 l_mean_sd_mpl 
---------------
       411.303
(1 row)

Time: 0 hrs, 0 mins, 1 secs, 470 ms
TRUNCATE
Time: 0 hrs, 0 mins, 8 secs, 630 ms
INSERT 0 1003
Time: 0 hrs, 0 mins, 24 secs, 421 ms
ANALYZE
Time: 0 hrs, 0 mins, 0 secs, 762 ms
 Total click_user bn_spider_ip records 
---------------------------------------
                                  1003
(1 row)

Time: 0 hrs, 0 mins, 1 secs, 733 ms
CREATE TABLE
Time: 0 hrs, 0 mins, 6 secs, 735 ms
ANALYZE
Time: 0 hrs, 0 mins, 0 secs, 40 ms
CREATE TABLE
Time: 0 hrs, 0 mins, 1 secs, 5 ms
ANALYZE
Time: 0 hrs, 0 mins, 0 secs, 47 ms
DROP 
Time: 0 hrs, 0 mins, 0 secs, 108 ms
CREATE TABLE
Time: 0 hrs, 0 mins, 0 secs, 144 ms
 l_mean_sd_mpl | l_ratio 
---------------+---------
      4705.440 |   0.955
(1 row)

Time: 0 hrs, 0 mins, 0 secs, 933 ms
INSERT 0 25211170
Time: 0 hrs, 0 mins, 41 secs, 10 ms
ANALYZE
Time: 0 hrs, 0 mins, 0 secs, 595 ms
 Total ip_user_filter bn_spider_ip records 
-------------------------------------------
                                  25211170
(1 row)

Time: 0 hrs, 0 mins, 4 secs, 552 ms
TRUNCATE
Time: 0 hrs, 0 mins, 7 secs, 338 ms
INSERT 0 27181078
Time: 0 hrs, 1 mins, 4 secs, 11 ms
ANALYZE
Time: 0 hrs, 0 mins, 6 secs, 514 ms
 bn_hits_stage 
---------------
      27181078
(1 row)

Time: 0 hrs, 0 mins, 8 secs, 854 ms
INSERT 0 27017478
Time: 0 hrs, 2 mins, 16 secs, 580 ms
ANALYZE
Time: 0 hrs, 0 mins, 7 secs, 431 ms
 bn_hits_sp_20111228 
---------------------
            69606754
(1 row)

Time: 0 hrs, 0 mins, 4 secs, 504 ms
TRUNCATE
Time: 0 hrs, 0 mins, 7 secs, 643 ms
INSERT 0 7511731
Time: 0 hrs, 0 mins, 10 secs, 364 ms
ANALYZE
Time: 0 hrs, 0 mins, 6 secs, 835 ms
 bn_hits_client_20111228 
-------------------------
                 7511731
(1 row)

Time: 0 hrs, 0 mins, 1 secs, 593 ms
END
Time: 0 hrs, 0 mins, 38 secs, 540 ms

Wed Jan 4 00:01:33 EST 2012

Timing is on.
BEGIN
Time: 0 hrs, 0 mins, 1 secs, 367 ms

           600 - LOAD RESOURCES

SET
Time: 0 hrs, 0 mins, 0 secs, 6 ms
CREATE TABLE
Time: 0 hrs, 5 mins, 5 secs, 619 ms
ANALYZE
Time: 0 hrs, 0 mins, 26 secs, 976 ms
 tmp_a_count 
-------------
     1687664
(1 row)

Time: 0 hrs, 0 mins, 7 secs, 151 ms
UPDATE 0
Time: 0 hrs, 0 mins, 9 secs, 512 ms
ANALYZE
Time: 0 hrs, 0 mins, 4 secs, 253 ms
TRUNCATE
Time: 0 hrs, 0 mins, 6 secs, 350 ms
INSERT 0 123909
Time: 0 hrs, 1 mins, 49 secs, 141 ms
ANALYZE
Time: 0 hrs, 0 mins, 1 secs, 738 ms
 first_resource_id | last_resource_id 
-------------------+------------------
          78536508 |         78660416
(1 row)

Time: 0 hrs, 0 mins, 1 secs, 738 ms
INSERT 0 123909
Time: 0 hrs, 0 mins, 7 secs, 627 ms
 total_resources 
-----------------
        78635953
(1 row)

Time: 0 hrs, 0 mins, 1 secs, 285 ms
ANALYZE
Time: 0 hrs, 0 mins, 0 secs, 544 ms
END
Time: 0 hrs, 0 mins, 40 secs, 70 ms
VACUUM
Time: 0 hrs, 1 mins, 46 secs, 485 ms

Wed Jan 4 00:12:03 EST 2012

Timing is on.

           650 - LOAD_BN_SESSION_STAGE

BEGIN
Time: 0 hrs, 0 mins, 0 secs, 872 ms
SET
Time: 0 hrs, 0 mins, 0 secs, 7 ms
SET
Time: 0 hrs, 0 mins, 0 secs, 12 ms
CREATE TABLE
Time: 0 hrs, 1 mins, 0 secs, 534 ms
ANALYZE
Time: 0 hrs, 0 mins, 4 secs, 480 ms
 tmp_sessionized_stage 
-----------------------
              27181078
(1 row)

Time: 0 hrs, 0 mins, 0 secs, 868 ms
TRUNCATE
Time: 0 hrs, 0 mins, 3 secs, 772 ms
INSERT 0 4715098
Time: 0 hrs, 1 mins, 44 secs, 38 ms
ANALYZE
Time: 0 hrs, 0 mins, 4 secs, 385 ms
CREATE TABLE
Time: 0 hrs, 2 mins, 16 secs, 805 ms
CREATE INDEX
Time: 0 hrs, 0 mins, 0 secs, 376 ms
 tmp_first_last 
----------------
        4715098
(1 row)

Time: 0 hrs, 0 mins, 2 secs, 258 ms
ANALYZE
Time: 0 hrs, 0 mins, 1 secs, 410 ms
SET
Time: 0 hrs, 0 mins, 0 secs, 12 ms
SET
Time: 0 hrs, 0 mins, 0 secs, 12 ms
TRUNCATE
Time: 0 hrs, 0 mins, 10 secs, 126 ms
DROP 
Time: 0 hrs, 0 mins, 0 secs, 890 ms
INSERT 0 4715098
Time: 0 hrs, 0 mins, 9 secs, 342 ms
 bn_session_stage 
------------------
          4715098
(1 row)

Time: 0 hrs, 0 mins, 7 secs, 505 ms
CREATE INDEX
Time: 0 hrs, 0 mins, 4 secs, 390 ms
ANALYZE
Time: 0 hrs, 0 mins, 1 secs, 215 ms
TRUNCATE
Time: 0 hrs, 0 mins, 9 secs, 503 ms
END
Time: 0 hrs, 0 mins, 27 secs, 490 ms

Wed Jan 4 00:18:33 EST 2012

BEGIN

           660 - LOAD_BN_SESSION_UPDATE_STAGE

SET
TRUNCATE
INSERT 0 0
END

Wed Jan 4 00:19:00 EST 2012

Timing is on.

           670 - LOAD_BN_SESSION_20111228.UPDATES

BEGIN
Time: 0 hrs, 0 mins, 1 secs, 197 ms
SET
Time: 0 hrs, 0 mins, 0 secs, 6 ms
UPDATE 0
Time: 0 hrs, 0 mins, 0 secs, 287 ms
END
Time: 0 hrs, 0 mins, 11 secs, 855 ms
VACUUM
Time: 0 hrs, 0 mins, 18 secs, 644 ms

Wed Jan 4 00:19:32 EST 2012

Timing is on.

           700 - LOAD_BN_SESSION

BEGIN
Time: 0 hrs, 0 mins, 1 secs, 342 ms
SET
Time: 0 hrs, 0 mins, 0 secs, 8 ms
INSERT 0 4715098
Time: 0 hrs, 0 mins, 29 secs, 692 ms
ANALYZE
Time: 0 hrs, 0 mins, 1 secs, 188 ms
END
Time: 0 hrs, 0 mins, 10 secs, 736 ms

Wed Jan 4 00:20:16 EST 2012

Timing is on.

            750 - LOAD_BN_SESSION_SUMMARY   

BEGIN
Time: 0 hrs, 0 mins, 0 secs, 148 ms
SET
Time: 0 hrs, 0 mins, 0 secs, 6 ms
CREATE TABLE
Time: 0 hrs, 0 mins, 11 secs, 945 ms
TRUNCATE
Time: 0 hrs, 0 mins, 2 secs, 430 ms
INSERT 0 1147666
Time: 0 hrs, 0 mins, 6 secs, 193 ms
ANALYZE
Time: 0 hrs, 0 mins, 1 secs, 776 ms
 count(1) 
----------
  1147666
(1 row)

Time: 0 hrs, 0 mins, 1 secs, 823 ms
END
Time: 0 hrs, 0 mins, 15 secs, 109 ms

Wed Jan 4 00:20:55 EST 2012

Timing is on.

           800 - LOAD_BN_HITS

BEGIN
Time: 0 hrs, 0 mins, 0 secs, 151 ms
SET
Time: 0 hrs, 0 mins, 0 secs, 5 ms
SET
Time: 0 hrs, 0 mins, 0 secs, 12 ms
SET
Time: 0 hrs, 0 mins, 0 secs, 12 ms
SET
Time: 0 hrs, 0 mins, 0 secs, 12 ms
TRUNCATE
Time: 0 hrs, 0 mins, 4 secs, 193 ms
INSERT 0 27181078
Time: 0 hrs, 0 mins, 11 secs, 6 ms
 count(1) 
----------
 27181078
(1 row)

Time: 0 hrs, 0 mins, 3 secs, 168 ms
ANALYZE
Time: 0 hrs, 0 mins, 4 secs, 391 ms
END
Time: 0 hrs, 0 mins, 29 secs, 97 ms

Wed Jan 4 00:21:48 EST 2012

Timing is on.

            900 - LOAD_CLICKSTREAM   

BEGIN
Time: 0 hrs, 0 mins, 0 secs, 883 ms
SET
Time: 0 hrs, 0 mins, 0 secs, 7 ms
TRUNCATE
Time: 0 hrs, 0 mins, 3 secs, 837 ms
INSERT 0 27181078
Time: 0 hrs, 1 mins, 37 secs, 766 ms
 count(1) 
----------
 27181078
(1 row)

Time: 0 hrs, 0 mins, 2 secs, 772 ms
ANALYZE
Time: 0 hrs, 0 mins, 3 secs, 168 ms
END
Time: 0 hrs, 0 mins, 7 secs, 879 ms

Wed Jan 4 00:23:44 EST 2012

Timing is on.

            1000 - PAGE_VIEW_SUMMARY  

BEGIN
Time: 0 hrs, 0 mins, 0 secs, 163 ms
SET
Time: 0 hrs, 0 mins, 0 secs, 6 ms
SET
Time: 0 hrs, 0 mins, 0 secs, 13 ms
TRUNCATE
Time: 0 hrs, 0 mins, 4 secs, 826 ms
INSERT 0 1733576
Time: 0 hrs, 0 mins, 18 secs, 973 ms
 count(1) 
----------
  1733576
(1 row)

Time: 0 hrs, 0 mins, 0 secs, 759 ms
ANALYZE
Time: 0 hrs, 0 mins, 0 secs, 187 ms
END
Time: 0 hrs, 0 mins, 14 secs, 445 ms

Wed Jan 4 00:24:24 EST 2012


2000 - WRAP UP 

Timing is on.
BEGIN
Time: 0 hrs, 0 mins, 0 secs, 160 ms
TRUNCATE
Time: 0 hrs, 0 mins, 2 secs, 959 ms
TRUNCATE
Time: 0 hrs, 0 mins, 3 secs, 261 ms
END
Time: 0 hrs, 0 mins, 19 secs, 156 ms
Wed Jan 4 00:24:50 EST 2012
Removing lock file and waiting for a minute
Total time taken:  54  minutes.
