Checking for lock file /tmp/.iislock
Acquired lock file /tmp/.iislock
-------------------------------------
Processing for 20110809
-------------------------------------

Wed Aug 10 04:24:49 EDT 2011

Timing is on.

           000 - INIT

BEGIN
Time: 0 hrs, 0 mins, 1 secs, 343 ms
*** Truncating staging tables before workflow starts ***
SET
Time: 0 hrs, 0 mins, 0 secs, 13 ms
GRANT
Time: 0 hrs, 0 mins, 2 secs, 129 ms
END
Time: 0 hrs, 0 mins, 4 secs, 497 ms

Wed Aug 10 04:24:57 EDT 2011

Timing is on.

            200 - LOAD_BN_IISLOGS   

BEGIN
Time: 0 hrs, 0 mins, 1 secs, 33 ms
SET
Time: 0 hrs, 0 mins, 0 secs, 10 ms
TRUNCATE
Time: 0 hrs, 0 mins, 0 secs, 935 ms
INSERT 0 61963565
Time: 0 hrs, 10 mins, 5 secs, 798 ms
END
Time: 0 hrs, 1 mins, 8 secs, 621 ms
ALTER TABLE
Time: 0 hrs, 7 mins, 35 secs, 923 ms

Wed Aug 10 04:43:50 EDT 2011

Timing is on.
BEGIN
Time: 0 hrs, 0 mins, 2 secs, 203 ms
SET
Time: 0 hrs, 0 mins, 0 secs, 9 ms

            250 - LOAD_BN_HITS_SP   

TRUNCATE
Time: 0 hrs, 0 mins, 6 secs, 968 ms
INSERT 0 23168027
Time: 0 hrs, 4 mins, 23 secs, 375 ms
ANALYZE
Time: 0 hrs, 0 mins, 13 secs, 574 ms
END
Time: 0 hrs, 1 mins, 7 secs, 239 ms

Wed Aug 10 04:49:43 EDT 2011

Timing is on.
BEGIN
Time: 0 hrs, 0 mins, 1 secs, 827 ms
SET
Time: 0 hrs, 0 mins, 0 secs, 8 ms

           300 - DYNAMIC FILTER

TRUNCATE
Time: 0 hrs, 0 mins, 1 secs, 131 ms
INSERT 0 17446707
Time: 0 hrs, 0 mins, 50 secs, 905 ms
ANALYZE
Time: 0 hrs, 0 mins, 0 secs, 778 ms
 Total records in web_click_cnt 
--------------------------------
                       17446707
(1 row)

Time: 0 hrs, 0 mins, 0 secs, 628 ms
CREATE TABLE
Time: 0 hrs, 0 mins, 6 secs, 861 ms
ANALYZE
Time: 0 hrs, 0 mins, 0 secs, 101 ms
CREATE TABLE
Time: 0 hrs, 0 mins, 2 secs, 66 ms
ANALYZE
Time: 0 hrs, 0 mins, 0 secs, 90 ms
DELETE 1
Time: 0 hrs, 0 mins, 0 secs, 524 ms
INSERT 0 1
Time: 0 hrs, 0 mins, 1 secs, 27 ms
DELETE 1
Time: 0 hrs, 0 mins, 0 secs, 102 ms
INSERT 0 1
Time: 0 hrs, 0 mins, 0 secs, 868 ms
CREATE TABLE
Time: 0 hrs, 0 mins, 7 secs, 158 ms
ANALYZE
Time: 0 hrs, 0 mins, 0 secs, 83 ms
CREATE TABLE
Time: 0 hrs, 0 mins, 2 secs, 113 ms
ANALYZE
Time: 0 hrs, 0 mins, 1 secs, 200 ms
DELETE 1
Time: 0 hrs, 0 mins, 0 secs, 109 ms
INSERT 0 1
Time: 0 hrs, 0 mins, 1 secs, 996 ms
DELETE 1
Time: 0 hrs, 0 mins, 0 secs, 126 ms
INSERT 0 1
Time: 0 hrs, 0 mins, 2 secs, 10 ms
ANALYZE
Time: 0 hrs, 0 mins, 0 secs, 193 ms
    tablename     |    attr_name    | attr_value 
------------------+-----------------+------------
 BN_FILTER_SPIDER | CLK_USER_SD_MPL | 10
 BN_FILTER_SPIDER | IP_USER_SD_MPL  | 1
 BN_FILTER_SPIDER | IP_USER_RATIO   | .955
 BN_FILTER_SPIDER | CLK_USER_MEAN   | 13.266
 BN_FILTER_SPIDER | CLK_USER_SD     | 52.103
 BN_FILTER_SPIDER | IP_USER_MEAN    | 20.302
 BN_FILTER_SPIDER | IP_USER_SD      | 1646.915
(7 rows)

Time: 0 hrs, 0 mins, 0 secs, 196 ms
CREATE TABLE
Time: 0 hrs, 0 mins, 9 secs, 189 ms
CREATE TABLE
Time: 0 hrs, 0 mins, 1 secs, 493 ms
 l_mean_sd_mpl 
---------------
       534.296
(1 row)

Time: 0 hrs, 0 mins, 0 secs, 694 ms
TRUNCATE
Time: 0 hrs, 0 mins, 2 secs, 161 ms
INSERT 0 452
Time: 0 hrs, 0 mins, 9 secs, 923 ms
ANALYZE
Time: 0 hrs, 0 mins, 0 secs, 584 ms
 Total click_user bn_spider_ip records 
---------------------------------------
                                   452
(1 row)

Time: 0 hrs, 0 mins, 0 secs, 365 ms
CREATE TABLE
Time: 0 hrs, 0 mins, 3 secs, 1 ms
ANALYZE
Time: 0 hrs, 0 mins, 0 secs, 138 ms
CREATE TABLE
Time: 0 hrs, 0 mins, 5 secs, 696 ms
ANALYZE
Time: 0 hrs, 0 mins, 0 secs, 101 ms
DROP 
Time: 0 hrs, 0 mins, 0 secs, 223 ms
CREATE TABLE
Time: 0 hrs, 0 mins, 1 secs, 100 ms
 l_mean_sd_mpl | l_ratio 
---------------+---------
      1667.217 |   0.955
(1 row)

Time: 0 hrs, 0 mins, 0 secs, 519 ms
INSERT 0 15006483
Time: 0 hrs, 0 mins, 10 secs, 289 ms
ANALYZE
Time: 0 hrs, 0 mins, 0 secs, 313 ms
 Total ip_user_filter bn_spider_ip records 
-------------------------------------------
                                  15006483
(1 row)

Time: 0 hrs, 0 mins, 0 secs, 433 ms
TRUNCATE
Time: 0 hrs, 0 mins, 1 secs, 982 ms
INSERT 0 17676537
Time: 0 hrs, 0 mins, 41 secs, 739 ms
ANALYZE
Time: 0 hrs, 0 mins, 5 secs, 645 ms
 bn_hits_stage 
---------------
      17676537
(1 row)

Time: 0 hrs, 0 mins, 0 secs, 721 ms
INSERT 0 15915457
Time: 0 hrs, 0 mins, 46 secs, 293 ms
ANALYZE
Time: 0 hrs, 0 mins, 18 secs, 575 ms
 bn_hits_sp_20110809 
---------------------
            39083484
(1 row)

Time: 0 hrs, 0 mins, 12 secs, 348 ms
TRUNCATE
Time: 0 hrs, 0 mins, 1 secs, 824 ms
INSERT 0 5203544
Time: 0 hrs, 0 mins, 5 secs, 967 ms
ANALYZE
Time: 0 hrs, 0 mins, 3 secs, 7 ms
 bn_hits_client_20110809 
-------------------------
                 5203544
(1 row)

Time: 0 hrs, 0 mins, 0 secs, 282 ms
END
Time: 0 hrs, 0 mins, 33 secs, 831 ms

Wed Aug 10 04:54:44 EDT 2011

Timing is on.
BEGIN
Time: 0 hrs, 0 mins, 1 secs, 408 ms

           600 - LOAD RESOURCES

SET
Time: 0 hrs, 0 mins, 0 secs, 11 ms
CREATE TABLE
Time: 0 hrs, 0 mins, 36 secs, 992 ms
ANALYZE
Time: 0 hrs, 0 mins, 3 secs, 22 ms
 tmp_a_count 
-------------
      737477
(1 row)

Time: 0 hrs, 0 mins, 0 secs, 263 ms
UPDATE 0
Time: 0 hrs, 0 mins, 6 secs, 429 ms
ANALYZE
Time: 0 hrs, 0 mins, 0 secs, 940 ms
TRUNCATE
Time: 0 hrs, 0 mins, 1 secs, 933 ms
INSERT 0 342517
Time: 0 hrs, 0 mins, 27 secs, 901 ms
ANALYZE
Time: 0 hrs, 0 mins, 0 secs, 790 ms
 first_resource_id | last_resource_id 
-------------------+------------------
          35041153 |         35383669
(1 row)

Time: 0 hrs, 0 mins, 0 secs, 382 ms
INSERT 0 342517
Time: 0 hrs, 0 mins, 4 secs, 444 ms
 total_resources 
-----------------
        35359273
(1 row)

Time: 0 hrs, 0 mins, 1 secs, 384 ms
ANALYZE
Time: 0 hrs, 0 mins, 0 secs, 612 ms
END
Time: 0 hrs, 0 mins, 38 secs, 218 ms
VACUUM
Time: 0 hrs, 1 mins, 9 secs, 311 ms

Wed Aug 10 04:57:58 EDT 2011

Timing is on.

           650 - LOAD_BN_SESSION_STAGE

BEGIN
Time: 0 hrs, 0 mins, 1 secs, 238 ms
SET
Time: 0 hrs, 0 mins, 0 secs, 10 ms
SET
Time: 0 hrs, 0 mins, 0 secs, 43 ms
CREATE TABLE
Time: 0 hrs, 0 mins, 43 secs, 937 ms
ANALYZE
Time: 0 hrs, 0 mins, 3 secs, 825 ms
 tmp_sessionized_stage 
-----------------------
              17676537
(1 row)

Time: 0 hrs, 0 mins, 0 secs, 312 ms
TRUNCATE
Time: 0 hrs, 0 mins, 0 secs, 491 ms
INSERT 0 2102328
Time: 0 hrs, 0 mins, 26 secs, 489 ms
ANALYZE
Time: 0 hrs, 0 mins, 0 secs, 625 ms
CREATE TABLE
Time: 0 hrs, 1 mins, 40 secs, 68 ms
CREATE INDEX
Time: 0 hrs, 0 mins, 2 secs, 448 ms
 tmp_first_last 
----------------
        2102328
(1 row)

Time: 0 hrs, 0 mins, 0 secs, 323 ms
ANALYZE
Time: 0 hrs, 0 mins, 1 secs, 72 ms
SET
Time: 0 hrs, 0 mins, 0 secs, 41 ms
SET
Time: 0 hrs, 0 mins, 0 secs, 45 ms
TRUNCATE
Time: 0 hrs, 0 mins, 12 secs, 931 ms
DROP
Time: 0 hrs, 0 mins, 1 secs, 211 ms
INSERT 0 2102328
Time: 0 hrs, 0 mins, 8 secs, 611 ms
 bn_session_stage 
------------------
          2102328
(1 row)

Time: 0 hrs, 0 mins, 3 secs, 161 ms
CREATE INDEX
Time: 0 hrs, 0 mins, 4 secs, 298 ms
ANALYZE
Time: 0 hrs, 0 mins, 1 secs, 358 ms
TRUNCATE
Time: 0 hrs, 0 mins, 8 secs, 21 ms
END
Time: 0 hrs, 2 mins, 19 secs, 29 ms

Wed Aug 10 05:03:58 EDT 2011

BEGIN

           660 - LOAD_BN_SESSION_UPDATE_STAGE

SET
TRUNCATE
INSERT 0 0
END

Wed Aug 10 05:04:07 EDT 2011

Timing is on.

           670 - LOAD_BN_SESSION_20110809.UPDATES

BEGIN
Time: 0 hrs, 0 mins, 0 secs, 959 ms
SET
Time: 0 hrs, 0 mins, 0 secs, 9 ms
UPDATE 0
Time: 0 hrs, 0 mins, 0 secs, 300 ms
END
Time: 0 hrs, 0 mins, 3 secs, 405 ms
VACUUM
Time: 0 hrs, 0 mins, 53 secs, 729 ms

Wed Aug 10 05:05:06 EDT 2011

Timing is on.

           700 - LOAD_BN_SESSION

BEGIN
Time: 0 hrs, 0 mins, 1 secs, 196 ms
SET
Time: 0 hrs, 0 mins, 0 secs, 9 ms
INSERT 0 2102328
Time: 0 hrs, 0 mins, 13 secs, 637 ms
ANALYZE
Time: 0 hrs, 0 mins, 1 secs, 125 ms
END
Time: 0 hrs, 0 mins, 4 secs, 714 ms

Wed Aug 10 05:05:27 EDT 2011

Timing is on.

            750 - LOAD_BN_SESSION_SUMMARY   

BEGIN
Time: 0 hrs, 0 mins, 2 secs, 588 ms
SET
Time: 0 hrs, 0 mins, 0 secs, 10 ms
CREATE TABLE
Time: 0 hrs, 0 mins, 14 secs, 746 ms
TRUNCATE
Time: 0 hrs, 0 mins, 1 secs, 132 ms
INSERT 0 296079
Time: 0 hrs, 0 mins, 4 secs, 776 ms
ANALYZE
Time: 0 hrs, 0 mins, 0 secs, 713 ms
 count(1) 
----------
   296079
(1 row)

Time: 0 hrs, 0 mins, 0 secs, 154 ms
END
Time: 0 hrs, 0 mins, 11 secs, 637 ms

Wed Aug 10 05:06:03 EDT 2011

Timing is on.

           800 - LOAD_BN_HITS

BEGIN
Time: 0 hrs, 0 mins, 8 secs, 510 ms
SET
Time: 0 hrs, 0 mins, 0 secs, 9 ms
SET
Time: 0 hrs, 0 mins, 0 secs, 69 ms
SET
Time: 0 hrs, 0 mins, 0 secs, 20 ms
SET
Time: 0 hrs, 0 mins, 0 secs, 32 ms
TRUNCATE
Time: 0 hrs, 0 mins, 2 secs, 640 ms
INSERT 0 17676537
Time: 0 hrs, 0 mins, 18 secs, 306 ms
 count(1) 
----------
 17676537
(1 row)

Time: 0 hrs, 0 mins, 1 secs, 357 ms
ANALYZE
Time: 0 hrs, 0 mins, 4 secs, 216 ms
END
Time: 0 hrs, 0 mins, 14 secs, 587 ms

Wed Aug 10 05:06:53 EDT 2011

Timing is on.

            900 - LOAD_CLICKSTREAM   

BEGIN
Time: 0 hrs, 0 mins, 2 secs, 423 ms
SET
Time: 0 hrs, 0 mins, 0 secs, 12 ms
TRUNCATE
Time: 0 hrs, 0 mins, 5 secs, 622 ms
INSERT 0 17676537
Time: 0 hrs, 2 mins, 45 secs, 447 ms
 count(1) 
----------
 17676537
(1 row)

Time: 0 hrs, 0 mins, 0 secs, 244 ms
ANALYZE
Time: 0 hrs, 0 mins, 1 secs, 230 ms
END
Time: 0 hrs, 0 mins, 20 secs, 295 ms

Wed Aug 10 05:10:09 EDT 2011

Timing is on.

            1000 - PAGE_VIEW_SUMMARY  

BEGIN
Time: 0 hrs, 0 mins, 1 secs, 315 ms
SET
Time: 0 hrs, 0 mins, 0 secs, 12 ms
SET
Time: 0 hrs, 0 mins, 0 secs, 32 ms
TRUNCATE
Time: 0 hrs, 0 mins, 2 secs, 504 ms
INSERT 0 749917
Time: 0 hrs, 0 mins, 7 secs, 84 ms
 count(1) 
----------
   749917
(1 row)

Time: 0 hrs, 0 mins, 0 secs, 308 ms
ANALYZE
Time: 0 hrs, 0 mins, 0 secs, 500 ms
END
Time: 0 hrs, 0 mins, 45 secs, 686 ms

Wed Aug 10 05:11:07 EDT 2011


2000 - WRAP UP 

Timing is on.
BEGIN
Time: 0 hrs, 0 mins, 0 secs, 871 ms
TRUNCATE
Time: 0 hrs, 0 mins, 2 secs, 437 ms
TRUNCATE
Time: 0 hrs, 0 mins, 1 secs, 155 ms
END
Time: 0 hrs, 0 mins, 4 secs, 561 ms
Wed Aug 10 05:11:16 EDT 2011
Removing lock file and waiting for a minute
Total time taken:  47  minutes.
Running time of run.sh 20110809: 2847 seconds
Checking for lock file /tmp/.iislock
Acquired lock file /tmp/.iislock
deleting simple.htm records - these are just server testing...
DELETE 21
-------------------------------------
Processing for 20110809
-------------------------------------

Thu Aug 11 06:22:08 EDT 2011

Timing is on.

           000 - INIT

BEGIN
Time: 0 hrs, 0 mins, 1 secs, 443 ms
*** Truncating staging tables before workflow starts ***
SET
Time: 0 hrs, 0 mins, 0 secs, 11 ms
GRANT
Time: 0 hrs, 0 mins, 4 secs, 777 ms
END
Time: 0 hrs, 0 mins, 18 secs, 565 ms

Thu Aug 11 06:22:33 EDT 2011

Timing is on.

            200 - LOAD_BN_IISLOGS   

BEGIN
Time: 0 hrs, 0 mins, 1 secs, 300 ms
SET
Time: 0 hrs, 0 mins, 0 secs, 11 ms
TRUNCATE
Time: 0 hrs, 0 mins, 0 secs, 319 ms
INSERT 0 74773162
Time: 0 hrs, 14 mins, 22 secs, 750 ms
END
Time: 0 hrs, 5 mins, 28 secs, 913 ms
ALTER TABLE
Time: 0 hrs, 2 mins, 31 secs, 312 ms

Thu Aug 11 06:44:58 EDT 2011

Timing is on.
BEGIN
Time: 0 hrs, 0 mins, 3 secs, 390 ms
SET
Time: 0 hrs, 0 mins, 0 secs, 9 ms

            250 - LOAD_BN_HITS_SP   

TRUNCATE
Time: 0 hrs, 0 mins, 6 secs, 596 ms
INSERT 0 24536408
Time: 0 hrs, 5 mins, 51 secs, 70 ms
ANALYZE
Time: 0 hrs, 0 mins, 4 secs, 915 ms
END
Time: 0 hrs, 0 mins, 52 secs, 695 ms

Thu Aug 11 06:51:57 EDT 2011

Timing is on.
BEGIN
Time: 0 hrs, 0 mins, 1 secs, 582 ms
SET
Time: 0 hrs, 0 mins, 0 secs, 11 ms

           300 - DYNAMIC FILTER

TRUNCATE
Time: 0 hrs, 0 mins, 0 secs, 538 ms
INSERT 0 21128994
Time: 0 hrs, 0 mins, 12 secs, 41 ms
ANALYZE
Time: 0 hrs, 0 mins, 2 secs, 50 ms
 Total records in web_click_cnt 
--------------------------------
                       21128994
(1 row)

Time: 0 hrs, 0 mins, 0 secs, 694 ms
CREATE TABLE
Time: 0 hrs, 0 mins, 4 secs, 405 ms
ANALYZE
Time: 0 hrs, 0 mins, 0 secs, 111 ms
CREATE TABLE
Time: 0 hrs, 0 mins, 3 secs, 403 ms
ANALYZE
Time: 0 hrs, 0 mins, 0 secs, 533 ms
DELETE 1
Time: 0 hrs, 0 mins, 0 secs, 351 ms
INSERT 0 1
Time: 0 hrs, 0 mins, 1 secs, 346 ms
DELETE 1
Time: 0 hrs, 0 mins, 0 secs, 110 ms
INSERT 0 1
Time: 0 hrs, 0 mins, 1 secs, 539 ms
CREATE TABLE
Time: 0 hrs, 0 mins, 3 secs, 995 ms
ANALYZE
Time: 0 hrs, 0 mins, 0 secs, 213 ms
CREATE TABLE
Time: 0 hrs, 0 mins, 1 secs, 147 ms
ANALYZE
Time: 0 hrs, 0 mins, 0 secs, 638 ms
DELETE 1
Time: 0 hrs, 0 mins, 0 secs, 436 ms
INSERT 0 1
Time: 0 hrs, 0 mins, 1 secs, 479 ms
DELETE 1
Time: 0 hrs, 0 mins, 0 secs, 141 ms
INSERT 0 1
Time: 0 hrs, 0 mins, 2 secs, 303 ms
ANALYZE
Time: 0 hrs, 0 mins, 0 secs, 563 ms
    tablename     |    attr_name    | attr_value 
------------------+-----------------+------------
 BN_FILTER_SPIDER | CLK_USER_SD_MPL | 10
 BN_FILTER_SPIDER | IP_USER_SD_MPL  | 1
 BN_FILTER_SPIDER | IP_USER_RATIO   | .955
 BN_FILTER_SPIDER | CLK_USER_MEAN   | 13.254
 BN_FILTER_SPIDER | CLK_USER_SD     | 53.122
 BN_FILTER_SPIDER | IP_USER_MEAN    | 18.836
 BN_FILTER_SPIDER | IP_USER_SD      | 1596.849
(7 rows)

Time: 0 hrs, 0 mins, 0 secs, 696 ms
CREATE TABLE
Time: 0 hrs, 0 mins, 11 secs, 209 ms
CREATE TABLE
Time: 0 hrs, 0 mins, 0 secs, 704 ms
 l_mean_sd_mpl 
---------------
       544.474
(1 row)

Time: 0 hrs, 0 mins, 0 secs, 515 ms
TRUNCATE
Time: 0 hrs, 0 mins, 5 secs, 301 ms
INSERT 0 529
Time: 0 hrs, 0 mins, 12 secs, 860 ms
ANALYZE
Time: 0 hrs, 0 mins, 0 secs, 830 ms
 Total click_user bn_spider_ip records 
---------------------------------------
                                   529
(1 row)

Time: 0 hrs, 0 mins, 0 secs, 584 ms
CREATE TABLE
Time: 0 hrs, 0 mins, 7 secs, 535 ms
ANALYZE
Time: 0 hrs, 0 mins, 0 secs, 126 ms
CREATE TABLE
Time: 0 hrs, 0 mins, 13 secs, 311 ms
ANALYZE
Time: 0 hrs, 0 mins, 0 secs, 164 ms
DROP 
Time: 0 hrs, 0 mins, 0 secs, 286 ms
CREATE TABLE
Time: 0 hrs, 0 mins, 1 secs, 924 ms
 l_mean_sd_mpl | l_ratio 
---------------+---------
      1615.685 |   0.955
(1 row)

Time: 0 hrs, 0 mins, 0 secs, 776 ms
INSERT 0 18007838
Time: 0 hrs, 0 mins, 16 secs, 467 ms
ANALYZE
Time: 0 hrs, 0 mins, 0 secs, 420 ms
 Total ip_user_filter bn_spider_ip records 
-------------------------------------------
                                  18007838
(1 row)

Time: 0 hrs, 0 mins, 0 secs, 993 ms
TRUNCATE
Time: 0 hrs, 0 mins, 6 secs, 982 ms
INSERT 0 23009933
Time: 0 hrs, 3 mins, 32 secs, 19 ms
ANALYZE
Time: 0 hrs, 0 mins, 19 secs, 478 ms
 bn_hits_stage 
---------------
      23009933
(1 row)

Time: 0 hrs, 0 mins, 22 secs, 437 ms
INSERT 0 19339666
Time: 0 hrs, 5 mins, 23 secs, 411 ms
ANALYZE
Time: 0 hrs, 1 mins, 52 secs, 205 ms
 bn_hits_sp_20110809 
---------------------
            43876074
(1 row)

Time: 0 hrs, 0 mins, 16 secs, 148 ms
TRUNCATE
Time: 0 hrs, 0 mins, 2 secs, 239 ms
INSERT 0 7887155
Time: 0 hrs, 0 mins, 19 secs, 957 ms
ANALYZE
Time: 0 hrs, 0 mins, 3 secs, 143 ms
 bn_hits_client_20110809 
-------------------------
                 7887155
(1 row)

Time: 0 hrs, 0 mins, 1 secs, 863 ms
END
Time: 0 hrs, 0 mins, 18 secs, 288 ms

Thu Aug 11 07:06:29 EDT 2011

Timing is on.
BEGIN
Time: 0 hrs, 0 mins, 3 secs, 930 ms

           600 - LOAD RESOURCES

SET
Time: 0 hrs, 0 mins, 0 secs, 28 ms
CREATE TABLE
Time: 0 hrs, 2 mins, 29 secs, 629 ms
ANALYZE
Time: 0 hrs, 0 mins, 8 secs, 870 ms
 tmp_a_count 
-------------
      766469
(1 row)

Time: 0 hrs, 0 mins, 1 secs, 632 ms
UPDATE 0
Time: 0 hrs, 0 mins, 23 secs, 59 ms
ANALYZE
Time: 0 hrs, 0 mins, 1 secs, 28 ms
TRUNCATE
Time: 0 hrs, 0 mins, 8 secs, 588 ms
INSERT 0 12481
Time: 0 hrs, 2 mins, 14 secs, 102 ms
ANALYZE
Time: 0 hrs, 0 mins, 0 secs, 457 ms
 first_resource_id | last_resource_id 
-------------------+------------------
          35595486 |         35607966
(1 row)

Time: 0 hrs, 0 mins, 0 secs, 360 ms
INSERT 0 12481
Time: 0 hrs, 0 mins, 5 secs, 95 ms
 total_resources 
-----------------
        35583570
(1 row)

Time: 0 hrs, 0 mins, 7 secs, 702 ms
ANALYZE
Time: 0 hrs, 0 mins, 0 secs, 900 ms
END
Time: 0 hrs, 0 mins, 38 secs, 521 ms
VACUUM
Time: 0 hrs, 1 mins, 40 secs, 759 ms

Thu Aug 11 07:14:34 EDT 2011

Timing is on.

           650 - LOAD_BN_SESSION_STAGE

BEGIN
Time: 0 hrs, 0 mins, 1 secs, 8 ms
SET
Time: 0 hrs, 0 mins, 0 secs, 12 ms
SET
Time: 0 hrs, 0 mins, 0 secs, 93 ms
CREATE TABLE
Time: 0 hrs, 2 mins, 55 secs, 199 ms
ANALYZE
Time: 0 hrs, 0 mins, 18 secs, 378 ms
 tmp_sessionized_stage 
-----------------------
              23009933
(1 row)

Time: 0 hrs, 0 mins, 12 secs, 849 ms
TRUNCATE
Time: 0 hrs, 0 mins, 10 secs, 350 ms
INSERT 0 2719975
Time: 0 hrs, 1 mins, 9 secs, 62 ms
ANALYZE
Time: 0 hrs, 0 mins, 1 secs, 785 ms
CREATE TABLE
Time: 0 hrs, 2 mins, 18 secs, 944 ms
CREATE INDEX
Time: 0 hrs, 0 mins, 0 secs, 966 ms
 tmp_first_last 
----------------
        2719975
(1 row)

Time: 0 hrs, 0 mins, 0 secs, 111 ms
ANALYZE
Time: 0 hrs, 0 mins, 1 secs, 103 ms
SET
Time: 0 hrs, 0 mins, 0 secs, 22 ms
SET
Time: 0 hrs, 0 mins, 0 secs, 20 ms
TRUNCATE
Time: 0 hrs, 0 mins, 1 secs, 433 ms
DROP
Time: 0 hrs, 0 mins, 0 secs, 66 ms
INSERT 0 2719975
Time: 0 hrs, 0 mins, 8 secs, 202 ms
 bn_session_stage 
------------------
          2719975
(1 row)

Time: 0 hrs, 0 mins, 0 secs, 614 ms
CREATE INDEX
Time: 0 hrs, 0 mins, 0 secs, 935 ms
ANALYZE
Time: 0 hrs, 0 mins, 1 secs, 422 ms
TRUNCATE
Time: 0 hrs, 0 mins, 0 secs, 801 ms
END
Time: 0 hrs, 0 mins, 16 secs, 219 ms

Thu Aug 11 07:22:14 EDT 2011

BEGIN

           660 - LOAD_BN_SESSION_UPDATE_STAGE

SET
TRUNCATE
INSERT 0 0
END

Thu Aug 11 07:22:21 EDT 2011

Timing is on.

           670 - LOAD_BN_SESSION_20110809.UPDATES

BEGIN
Time: 0 hrs, 0 mins, 1 secs, 297 ms
SET
Time: 0 hrs, 0 mins, 0 secs, 10 ms
UPDATE 0
Time: 0 hrs, 0 mins, 0 secs, 257 ms
END
Time: 0 hrs, 0 mins, 1 secs, 140 ms
VACUUM
Time: 0 hrs, 2 mins, 8 secs, 44 ms

Thu Aug 11 07:24:32 EDT 2011

Timing is on.

           700 - LOAD_BN_SESSION

BEGIN
Time: 0 hrs, 0 mins, 1 secs, 846 ms
SET
Time: 0 hrs, 0 mins, 0 secs, 13 ms
INSERT 0 2719975
Time: 0 hrs, 0 mins, 44 secs, 4 ms
ANALYZE
Time: 0 hrs, 0 mins, 1 secs, 490 ms
END
Time: 0 hrs, 0 mins, 4 secs, 684 ms

Thu Aug 11 07:25:25 EDT 2011

Timing is on.

            750 - LOAD_BN_SESSION_SUMMARY   

BEGIN
Time: 0 hrs, 0 mins, 1 secs, 434 ms
SET
Time: 0 hrs, 0 mins, 0 secs, 7 ms
CREATE TABLE
Time: 0 hrs, 0 mins, 16 secs, 678 ms
TRUNCATE
Time: 0 hrs, 0 mins, 2 secs, 54 ms
INSERT 0 337921
Time: 0 hrs, 0 mins, 5 secs, 816 ms
ANALYZE
Time: 0 hrs, 0 mins, 0 secs, 704 ms
 count(1) 
----------
   337921
(1 row)

Time: 0 hrs, 0 mins, 0 secs, 688 ms
END
Time: 0 hrs, 0 mins, 4 secs, 275 ms

Thu Aug 11 07:25:56 EDT 2011

Timing is on.

           800 - LOAD_BN_HITS

BEGIN
Time: 0 hrs, 0 mins, 2 secs, 257 ms
SET
Time: 0 hrs, 0 mins, 0 secs, 7 ms
SET
Time: 0 hrs, 0 mins, 0 secs, 23 ms
SET
Time: 0 hrs, 0 mins, 0 secs, 26 ms
SET
Time: 0 hrs, 0 mins, 0 secs, 57 ms
TRUNCATE
Time: 0 hrs, 0 mins, 1 secs, 459 ms
INSERT 0 23009933
Time: 0 hrs, 0 mins, 13 secs, 63 ms
 count(1) 
----------
 23009933
(1 row)

Time: 0 hrs, 0 mins, 1 secs, 478 ms
ANALYZE
Time: 0 hrs, 0 mins, 4 secs, 525 ms
END
Time: 0 hrs, 0 mins, 19 secs, 801 ms

Thu Aug 11 07:26:40 EDT 2011

Timing is on.

            900 - LOAD_CLICKSTREAM   

BEGIN
Time: 0 hrs, 0 mins, 1 secs, 389 ms
SET
Time: 0 hrs, 0 mins, 0 secs, 80 ms
TRUNCATE
Time: 0 hrs, 0 mins, 1 secs, 227 ms
INSERT 0 23009933
Time: 0 hrs, 8 mins, 41 secs, 48 ms
 count(1) 
----------
 23009933
(1 row)

Time: 0 hrs, 0 mins, 16 secs, 207 ms
ANALYZE
Time: 0 hrs, 0 mins, 2 secs, 279 ms
END
Time: 0 hrs, 0 mins, 33 secs, 223 ms

Thu Aug 11 07:36:15 EDT 2011

Timing is on.

            1000 - PAGE_VIEW_SUMMARY  

BEGIN
Time: 0 hrs, 0 mins, 1 secs, 835 ms
SET
Time: 0 hrs, 0 mins, 0 secs, 9 ms
SET
Time: 0 hrs, 0 mins, 0 secs, 25 ms
TRUNCATE
Time: 0 hrs, 0 mins, 5 secs, 760 ms
INSERT 0 780401
Time: 0 hrs, 3 mins, 12 secs, 784 ms
 count(1) 
----------
   780401
(1 row)

Time: 0 hrs, 0 mins, 0 secs, 287 ms
ANALYZE
Time: 0 hrs, 0 mins, 1 secs, 203 ms
END
Time: 0 hrs, 0 mins, 46 secs, 126 ms

Thu Aug 11 07:40:24 EDT 2011


2000 - WRAP UP 

Timing is on.
BEGIN
Time: 0 hrs, 0 mins, 1 secs, 945 ms
TRUNCATE
Time: 0 hrs, 0 mins, 1 secs, 139 ms
TRUNCATE
Time: 0 hrs, 0 mins, 0 secs, 939 ms
END
Time: 0 hrs, 1 mins, 31 secs, 349 ms
Thu Aug 11 07:41:59 EDT 2011
Removing lock file and waiting for a minute
Total time taken:  81  minutes.
Running time of run.sh 20110809: 81 minutes
