Checking for lock file /tmp/.iislock
Acquired lock file /tmp/.iislock
deleting simple.htm records - these are just server testing...
DELETE 5500188
-------------------------------------
Processing for 20120105
-------------------------------------

Fri Jan 6 04:29:28 EST 2012

Timing is on.

           000 - INIT

BEGIN
Time: 0 hrs, 0 mins, 0 secs, 360 ms
*** Truncating staging tables before workflow starts ***
SET
Time: 0 hrs, 0 mins, 0 secs, 6 ms
GRANT
Time: 0 hrs, 0 mins, 35 secs, 143 ms
END
Time: 0 hrs, 0 mins, 21 secs, 401 ms

Fri Jan 6 04:30:26 EST 2012

Timing is on.

            200 - LOAD_BN_IISLOGS   

BEGIN
Time: 0 hrs, 0 mins, 0 secs, 134 ms
SET
Time: 0 hrs, 0 mins, 0 secs, 6 ms
TRUNCATE
Time: 0 hrs, 0 mins, 5 secs, 304 ms
INSERT 0 73991020
Time: 0 hrs, 10 mins, 59 secs, 79 ms
END
Time: 0 hrs, 0 mins, 31 secs, 9 ms
ALTER TABLE
Time: 0 hrs, 3 mins, 17 secs, 80 ms

Fri Jan 6 04:45:19 EST 2012

Timing is on.
BEGIN
Time: 0 hrs, 0 mins, 0 secs, 155 ms
SET
Time: 0 hrs, 0 mins, 0 secs, 6 ms

            250 - LOAD_BN_HITS_SP   

TRUNCATE
Time: 0 hrs, 0 mins, 4 secs, 115 ms
INSERT 0 27779308
Time: 0 hrs, 2 mins, 59 secs, 137 ms
ANALYZE
Time: 0 hrs, 0 mins, 2 secs, 735 ms
END
Time: 0 hrs, 0 mins, 7 secs, 914 ms

Fri Jan 6 04:48:33 EST 2012

Timing is on.
BEGIN
Time: 0 hrs, 0 mins, 0 secs, 167 ms
SET
Time: 0 hrs, 0 mins, 0 secs, 8 ms

           300 - DYNAMIC FILTER

TRUNCATE
Time: 0 hrs, 0 mins, 2 secs, 855 ms
INSERT 0 28095079
Time: 0 hrs, 0 mins, 2 secs, 799 ms
ANALYZE
Time: 0 hrs, 0 mins, 1 secs, 530 ms
 Total records in web_click_cnt 
--------------------------------
                       28095079
(1 row)

Time: 0 hrs, 0 mins, 3 secs, 205 ms
CREATE TABLE
Time: 0 hrs, 0 mins, 11 secs, 433 ms
ANALYZE
Time: 0 hrs, 0 mins, 3 secs, 830 ms
CREATE TABLE
Time: 0 hrs, 0 mins, 3 secs, 757 ms
ANALYZE
Time: 0 hrs, 0 mins, 0 secs, 42 ms
DELETE 1
Time: 0 hrs, 0 mins, 1 secs, 136 ms
INSERT 0 1
Time: 0 hrs, 0 mins, 1 secs, 916 ms
DELETE 1
Time: 0 hrs, 0 mins, 0 secs, 60 ms
INSERT 0 1
Time: 0 hrs, 0 mins, 3 secs, 121 ms
CREATE TABLE
Time: 0 hrs, 0 mins, 6 secs, 761 ms
ANALYZE
Time: 0 hrs, 0 mins, 0 secs, 44 ms
CREATE TABLE
Time: 0 hrs, 0 mins, 1 secs, 335 ms
ANALYZE
Time: 0 hrs, 0 mins, 0 secs, 38 ms
DELETE 1
Time: 0 hrs, 0 mins, 0 secs, 96 ms
INSERT 0 1
Time: 0 hrs, 0 mins, 1 secs, 45 ms
DELETE 1
Time: 0 hrs, 0 mins, 0 secs, 66 ms
INSERT 0 1
Time: 0 hrs, 0 mins, 0 secs, 531 ms
ANALYZE
Time: 0 hrs, 0 mins, 0 secs, 420 ms
    tablename     |    attr_name    | attr_value 
------------------+-----------------+------------
 BN_FILTER_SPIDER | CLK_USER_SD_MPL | 10
 BN_FILTER_SPIDER | IP_USER_SD_MPL  | 1
 BN_FILTER_SPIDER | IP_USER_RATIO   | .955
 BN_FILTER_SPIDER | CLK_USER_MEAN   | 9.010
 BN_FILTER_SPIDER | CLK_USER_SD     | 256.207
 BN_FILTER_SPIDER | IP_USER_MEAN    | 25.684
 BN_FILTER_SPIDER | IP_USER_SD      | 1772.577
(7 rows)

Time: 0 hrs, 0 mins, 0 secs, 348 ms
CREATE TABLE
Time: 0 hrs, 0 mins, 5 secs, 568 ms
CREATE TABLE
Time: 0 hrs, 0 mins, 1 secs, 712 ms
 l_mean_sd_mpl 
---------------
      2571.080
(1 row)

Time: 0 hrs, 0 mins, 1 secs, 168 ms
TRUNCATE
Time: 0 hrs, 0 mins, 2 secs, 247 ms
INSERT 0 54
Time: 0 hrs, 0 mins, 37 secs, 314 ms
ANALYZE
Time: 0 hrs, 0 mins, 1 secs, 276 ms
 Total click_user bn_spider_ip records 
---------------------------------------
                                    54
(1 row)

Time: 0 hrs, 0 mins, 2 secs, 176 ms
CREATE TABLE
Time: 0 hrs, 0 mins, 6 secs, 250 ms
ANALYZE
Time: 0 hrs, 0 mins, 0 secs, 25 ms
CREATE TABLE
Time: 0 hrs, 0 mins, 6 secs, 783 ms
ANALYZE
Time: 0 hrs, 0 mins, 0 secs, 38 ms
DROP 
Time: 0 hrs, 0 mins, 0 secs, 103 ms
CREATE TABLE
Time: 0 hrs, 0 mins, 0 secs, 415 ms
 l_mean_sd_mpl | l_ratio 
---------------+---------
      1798.261 |   0.955
(1 row)

Time: 0 hrs, 0 mins, 0 secs, 550 ms
INSERT 0 24379176
Time: 0 hrs, 4 mins, 1 secs, 167 ms
ANALYZE
Time: 0 hrs, 0 mins, 1 secs, 745 ms
 Total ip_user_filter bn_spider_ip records 
-------------------------------------------
                                  24379176
(1 row)

Time: 0 hrs, 0 mins, 1 secs, 286 ms
TRUNCATE
Time: 0 hrs, 0 mins, 1 secs, 396 ms
INSERT 0 17742147
Time: 0 hrs, 0 mins, 52 secs, 422 ms
ANALYZE
Time: 0 hrs, 0 mins, 5 secs, 718 ms
 bn_hits_stage 
---------------
      17742147
(1 row)

Time: 0 hrs, 0 mins, 1 secs, 632 ms
INSERT 0 24970000
Time: 0 hrs, 2 mins, 51 secs, 391 ms
ANALYZE
Time: 0 hrs, 0 mins, 35 secs, 25 ms
 bn_hits_sp_20120105 
---------------------
            52749308
(1 row)

Time: 0 hrs, 0 mins, 8 secs, 245 ms
TRUNCATE
Time: 0 hrs, 0 mins, 18 secs, 615 ms
INSERT 0 3499565
Time: 0 hrs, 0 mins, 28 secs, 955 ms
ANALYZE
Time: 0 hrs, 0 mins, 2 secs, 400 ms
 bn_hits_client_20120105 
-------------------------
                 3499565
(1 row)

Time: 0 hrs, 0 mins, 0 secs, 988 ms
END
Time: 0 hrs, 0 mins, 32 secs, 998 ms

Fri Jan 6 05:00:30 EST 2012

Timing is on.
BEGIN
Time: 0 hrs, 0 mins, 0 secs, 215 ms

           600 - LOAD RESOURCES

SET
Time: 0 hrs, 0 mins, 0 secs, 8 ms
CREATE TABLE
Time: 0 hrs, 1 mins, 39 secs, 872 ms
ANALYZE
Time: 0 hrs, 0 mins, 2 secs, 128 ms
 tmp_a_count 
-------------
     1664005
(1 row)

Time: 0 hrs, 0 mins, 2 secs, 859 ms
UPDATE 0
Time: 0 hrs, 0 mins, 12 secs, 624 ms
ANALYZE
Time: 0 hrs, 0 mins, 4 secs, 298 ms
TRUNCATE
Time: 0 hrs, 0 mins, 6 secs, 280 ms
INSERT 0 655879
Time: 0 hrs, 5 mins, 40 secs, 561 ms
ANALYZE
Time: 0 hrs, 0 mins, 4 secs, 162 ms
 first_resource_id | last_resource_id 
-------------------+------------------
          79912743 |         80568621
(1 row)

Time: 0 hrs, 0 mins, 2 secs, 918 ms
INSERT 0 655879
Time: 0 hrs, 1 mins, 0 secs, 311 ms
 total_resources 
-----------------
        80544158
(1 row)

Time: 0 hrs, 1 mins, 1 secs, 543 ms
ANALYZE
Time: 0 hrs, 0 mins, 5 secs, 230 ms
END
Time: 0 hrs, 1 mins, 31 secs, 969 ms
VACUUM
Time: 0 hrs, 1 mins, 16 secs, 744 ms

Fri Jan 6 05:13:22 EST 2012

Timing is on.

           650 - LOAD_BN_SESSION_STAGE

BEGIN
Time: 0 hrs, 0 mins, 1 secs, 180 ms
SET
Time: 0 hrs, 0 mins, 0 secs, 7 ms
SET
Time: 0 hrs, 0 mins, 0 secs, 456 ms
CREATE TABLE
Time: 0 hrs, 5 mins, 58 secs, 122 ms
ANALYZE
Time: 0 hrs, 0 mins, 5 secs, 481 ms
 tmp_sessionized_stage 
-----------------------
              17742147
(1 row)

Time: 0 hrs, 0 mins, 26 secs, 891 ms
TRUNCATE
Time: 0 hrs, 0 mins, 8 secs, 238 ms
INSERT 0 3327547
Time: 0 hrs, 1 mins, 58 secs, 367 ms
ANALYZE
Time: 0 hrs, 0 mins, 5 secs, 34 ms
CREATE TABLE
Time: 0 hrs, 2 mins, 21 secs, 691 ms
CREATE INDEX
Time: 0 hrs, 0 mins, 1 secs, 200 ms
 tmp_first_last 
----------------
        3327547
(1 row)

Time: 0 hrs, 0 mins, 0 secs, 992 ms
ANALYZE
Time: 0 hrs, 0 mins, 0 secs, 957 ms
SET
Time: 0 hrs, 0 mins, 0 secs, 12 ms
SET
Time: 0 hrs, 0 mins, 0 secs, 11 ms
TRUNCATE
Time: 0 hrs, 0 mins, 2 secs, 707 ms
DROP 
Time: 0 hrs, 0 mins, 0 secs, 959 ms
INSERT 0 3327547
Time: 0 hrs, 0 mins, 6 secs, 190 ms
 bn_session_stage 
------------------
          3327547
(1 row)

Time: 0 hrs, 0 mins, 1 secs, 978 ms
CREATE INDEX
Time: 0 hrs, 0 mins, 2 secs, 889 ms
ANALYZE
Time: 0 hrs, 0 mins, 1 secs, 35 ms
TRUNCATE
Time: 0 hrs, 0 mins, 8 secs, 90 ms
END
Time: 0 hrs, 0 mins, 21 secs, 411 ms

Fri Jan 6 05:25:16 EST 2012

BEGIN

           660 - LOAD_BN_SESSION_UPDATE_STAGE

SET
TRUNCATE
INSERT 0 0
END

Fri Jan 6 05:25:35 EST 2012

Timing is on.

           670 - LOAD_BN_SESSION_20120105.UPDATES

BEGIN
Time: 0 hrs, 0 mins, 0 secs, 194 ms
SET
Time: 0 hrs, 0 mins, 0 secs, 6 ms
UPDATE 0
Time: 0 hrs, 0 mins, 0 secs, 253 ms
END
Time: 0 hrs, 0 mins, 10 secs, 603 ms
VACUUM
Time: 0 hrs, 0 mins, 13 secs, 646 ms

Fri Jan 6 05:26:00 EST 2012

Timing is on.

           700 - LOAD_BN_SESSION

BEGIN
Time: 0 hrs, 0 mins, 0 secs, 188 ms
SET
Time: 0 hrs, 0 mins, 0 secs, 6 ms
INSERT 0 3327547
Time: 0 hrs, 3 mins, 50 secs, 187 ms
ANALYZE
Time: 0 hrs, 0 mins, 1 secs, 673 ms
END
Time: 0 hrs, 0 mins, 28 secs, 804 ms

Fri Jan 6 05:30:21 EST 2012

Timing is on.

            750 - LOAD_BN_SESSION_SUMMARY   

BEGIN
Time: 0 hrs, 0 mins, 12 secs, 928 ms
SET
Time: 0 hrs, 0 mins, 0 secs, 6 ms
CREATE TABLE
Time: 0 hrs, 4 mins, 29 secs, 283 ms
TRUNCATE
Time: 0 hrs, 0 mins, 5 secs, 899 ms
INSERT 0 1133168
Time: 0 hrs, 0 mins, 20 secs, 79 ms
ANALYZE
Time: 0 hrs, 0 mins, 0 secs, 644 ms
 count(1) 
----------
  1133168
(1 row)

Time: 0 hrs, 0 mins, 1 secs, 181 ms
END
Time: 0 hrs, 0 mins, 21 secs, 950 ms

Fri Jan 6 05:35:53 EST 2012

Timing is on.

           800 - LOAD_BN_HITS

BEGIN
Time: 0 hrs, 0 mins, 0 secs, 369 ms
SET
Time: 0 hrs, 0 mins, 0 secs, 5 ms
SET
Time: 0 hrs, 0 mins, 0 secs, 48 ms
SET
Time: 0 hrs, 0 mins, 0 secs, 25 ms
SET
Time: 0 hrs, 0 mins, 0 secs, 13 ms
TRUNCATE
Time: 0 hrs, 0 mins, 3 secs, 558 ms
INSERT 0 17742147
Time: 0 hrs, 0 mins, 5 secs, 999 ms
 count(1) 
----------
 17742147
(1 row)

Time: 0 hrs, 0 mins, 4 secs, 522 ms
ANALYZE
Time: 0 hrs, 0 mins, 3 secs, 641 ms
END
Time: 0 hrs, 0 mins, 11 secs, 55 ms

Fri Jan 6 05:36:23 EST 2012

Timing is on.

            900 - LOAD_CLICKSTREAM   

BEGIN
Time: 0 hrs, 0 mins, 0 secs, 703 ms
SET
Time: 0 hrs, 0 mins, 0 secs, 5 ms
TRUNCATE
Time: 0 hrs, 0 mins, 1 secs, 356 ms
INSERT 0 17742147
Time: 0 hrs, 3 mins, 49 secs, 549 ms
 count(1) 
----------
 17742147
(1 row)

Time: 0 hrs, 0 mins, 1 secs, 323 ms
ANALYZE
Time: 0 hrs, 0 mins, 4 secs, 228 ms
END
Time: 0 hrs, 0 mins, 15 secs, 834 ms

Fri Jan 6 05:40:36 EST 2012

Timing is on.

            1000 - PAGE_VIEW_SUMMARY  

BEGIN
Time: 0 hrs, 0 mins, 3 secs, 854 ms
SET
Time: 0 hrs, 0 mins, 0 secs, 6 ms
SET
Time: 0 hrs, 0 mins, 0 secs, 13 ms
TRUNCATE
Time: 0 hrs, 0 mins, 7 secs, 82 ms
INSERT 0 1700899
Time: 0 hrs, 3 mins, 33 secs, 504 ms
 count(1) 
----------
  1700899
(1 row)

Time: 0 hrs, 0 mins, 0 secs, 74 ms
ANALYZE
Time: 0 hrs, 0 mins, 0 secs, 279 ms
END
Time: 0 hrs, 0 mins, 50 secs, 644 ms

Fri Jan 6 05:45:12 EST 2012


2000 - WRAP UP 

Timing is on.
BEGIN
Time: 0 hrs, 0 mins, 7 secs, 832 ms
TRUNCATE
Time: 0 hrs, 0 mins, 2 secs, 694 ms
TRUNCATE
Time: 0 hrs, 0 mins, 2 secs, 419 ms
END
Time: 0 hrs, 0 mins, 20 secs, 576 ms
Fri Jan 6 05:45:45 EST 2012
Removing lock file and waiting for a minute
Total time taken:  78  minutes.
Running time of run.sh 20120105: 4728 seconds
Checking for lock file /tmp/.iislock
Acquired lock file /tmp/.iislock
deleting simple.htm records - these are just server testing...
DELETE 19
-------------------------------------
Processing for 20120105
-------------------------------------

Sun Jan 8 19:50:28 EST 2012

Timing is on.

           000 - INIT

BEGIN
Time: 0 hrs, 0 mins, 0 secs, 887 ms
*** Truncating staging tables before workflow starts ***
SET
Time: 0 hrs, 0 mins, 0 secs, 8 ms
GRANT
Time: 0 hrs, 1 mins, 17 secs, 787 ms
END
Time: 0 hrs, 1 mins, 38 secs, 125 ms

Sun Jan 8 19:53:25 EST 2012

Timing is on.

            200 - LOAD_BN_IISLOGS   

BEGIN
Time: 0 hrs, 0 mins, 36 secs, 29 ms
SET
Time: 0 hrs, 0 mins, 0 secs, 6 ms
TRUNCATE
Time: 0 hrs, 0 mins, 8 secs, 247 ms
INSERT 0 98288577
Time: 0 hrs, 15 mins, 29 secs, 488 ms
END
Time: 0 hrs, 2 mins, 58 secs, 594 ms
ALTER TABLE
Time: 0 hrs, 0 mins, 33 secs, 682 ms

Sun Jan 8 20:13:11 EST 2012

Timing is on.
BEGIN
Time: 0 hrs, 0 mins, 3 secs, 50 ms
SET
Time: 0 hrs, 0 mins, 0 secs, 9 ms

            250 - LOAD_BN_HITS_SP   

TRUNCATE
Time: 0 hrs, 0 mins, 9 secs, 367 ms
INSERT 0 38712525
Time: 0 hrs, 8 mins, 25 secs, 323 ms
ANALYZE
Time: 0 hrs, 0 mins, 8 secs, 955 ms
END
Time: 0 hrs, 1 mins, 13 secs, 415 ms

Sun Jan 8 20:23:12 EST 2012

Timing is on.
BEGIN
Time: 0 hrs, 0 mins, 4 secs, 840 ms
SET
Time: 0 hrs, 0 mins, 0 secs, 7 ms

           300 - DYNAMIC FILTER

TRUNCATE
Time: 0 hrs, 0 mins, 5 secs, 385 ms
INSERT 0 33631414
Time: 0 hrs, 0 mins, 13 secs, 872 ms
ANALYZE
Time: 0 hrs, 0 mins, 2 secs, 520 ms
 Total records in web_click_cnt 
--------------------------------
                       33631414
(1 row)

Time: 0 hrs, 0 mins, 3 secs, 837 ms
CREATE TABLE
Time: 0 hrs, 0 mins, 36 secs, 625 ms
ANALYZE
Time: 0 hrs, 0 mins, 0 secs, 258 ms
CREATE TABLE
Time: 0 hrs, 0 mins, 1 secs, 274 ms
ANALYZE
Time: 0 hrs, 0 mins, 2 secs, 27 ms
DELETE 1
Time: 0 hrs, 0 mins, 1 secs, 875 ms
INSERT 0 1
Time: 0 hrs, 0 mins, 1 secs, 235 ms
DELETE 1
Time: 0 hrs, 0 mins, 0 secs, 918 ms
INSERT 0 1
Time: 0 hrs, 0 mins, 3 secs, 789 ms
CREATE TABLE
Time: 0 hrs, 0 mins, 56 secs, 363 ms
ANALYZE
Time: 0 hrs, 0 mins, 0 secs, 704 ms
CREATE TABLE
Time: 0 hrs, 0 mins, 9 secs, 105 ms
ANALYZE
Time: 0 hrs, 0 mins, 0 secs, 54 ms
DELETE 1
Time: 0 hrs, 0 mins, 0 secs, 105 ms
INSERT 0 1
Time: 0 hrs, 0 mins, 7 secs, 274 ms
DELETE 1
Time: 0 hrs, 0 mins, 0 secs, 307 ms
INSERT 0 1
Time: 0 hrs, 0 mins, 12 secs, 476 ms
ANALYZE
Time: 0 hrs, 0 mins, 4 secs, 404 ms
    tablename     |    attr_name    | attr_value 
------------------+-----------------+------------
 BN_FILTER_SPIDER | CLK_USER_SD_MPL | 10
 BN_FILTER_SPIDER | IP_USER_SD_MPL  | 1
 BN_FILTER_SPIDER | IP_USER_RATIO   | .955
 BN_FILTER_SPIDER | CLK_USER_MEAN   | 9.287
 BN_FILTER_SPIDER | CLK_USER_SD     | 264.559
 BN_FILTER_SPIDER | IP_USER_MEAN    | 22.898
 BN_FILTER_SPIDER | IP_USER_SD      | 1759.979
(7 rows)

Time: 0 hrs, 0 mins, 16 secs, 876 ms
CREATE TABLE
Time: 0 hrs, 1 mins, 20 secs, 690 ms
CREATE TABLE
Time: 0 hrs, 0 mins, 29 secs, 863 ms
 l_mean_sd_mpl 
---------------
      2654.877
(1 row)

Time: 0 hrs, 0 mins, 34 secs, 843 ms
TRUNCATE
Time: 0 hrs, 0 mins, 12 secs, 239 ms
INSERT 0 70
Time: 0 hrs, 0 mins, 18 secs, 557 ms
ANALYZE
Time: 0 hrs, 0 mins, 1 secs, 263 ms
 Total click_user bn_spider_ip records 
---------------------------------------
                                    70
(1 row)

Time: 0 hrs, 0 mins, 3 secs, 684 ms
CREATE TABLE
Time: 0 hrs, 0 mins, 15 secs, 432 ms
ANALYZE
Time: 0 hrs, 0 mins, 0 secs, 34 ms
CREATE TABLE
Time: 0 hrs, 0 mins, 22 secs, 589 ms
ANALYZE
Time: 0 hrs, 0 mins, 0 secs, 43 ms
DROP 
Time: 0 hrs, 0 mins, 0 secs, 107 ms
CREATE TABLE
Time: 0 hrs, 0 mins, 2 secs, 173 ms
 l_mean_sd_mpl | l_ratio 
---------------+---------
      1782.877 |   0.955
(1 row)

Time: 0 hrs, 0 mins, 2 secs, 141 ms
INSERT 0 28660308
Time: 0 hrs, 0 mins, 10 secs, 12 ms
ANALYZE
Time: 0 hrs, 0 mins, 0 secs, 195 ms
 Total ip_user_filter bn_spider_ip records 
-------------------------------------------
                                  28660308
(1 row)

Time: 0 hrs, 0 mins, 0 secs, 482 ms
TRUNCATE
Time: 0 hrs, 0 mins, 5 secs, 461 ms
INSERT 0 24420724
Time: 0 hrs, 1 mins, 2 secs, 550 ms
ANALYZE
Time: 0 hrs, 0 mins, 21 secs, 498 ms
 bn_hits_stage 
---------------
      24420724
(1 row)

Time: 0 hrs, 0 mins, 2 secs, 183 ms
INSERT 0 29410087
Time: 0 hrs, 1 mins, 59 secs, 474 ms
ANALYZE
Time: 0 hrs, 0 mins, 9 secs, 816 ms
 bn_hits_sp_20120105 
---------------------
            68122612
(1 row)

Time: 0 hrs, 0 mins, 0 secs, 814 ms
TRUNCATE
Time: 0 hrs, 0 mins, 3 secs, 445 ms
INSERT 0 5745241
Time: 0 hrs, 0 mins, 5 secs, 989 ms
ANALYZE
Time: 0 hrs, 0 mins, 5 secs, 761 ms
 bn_hits_client_20120105 
-------------------------
                 5745241
(1 row)

Time: 0 hrs, 0 mins, 3 secs, 102 ms
END
Time: 0 hrs, 1 mins, 56 secs, 24 ms

Sun Jan 8 20:36:09 EST 2012

Timing is on.
BEGIN
Time: 0 hrs, 0 mins, 0 secs, 491 ms

           600 - LOAD RESOURCES

SET
Time: 0 hrs, 0 mins, 0 secs, 6 ms
CREATE TABLE
Time: 0 hrs, 4 mins, 29 secs, 115 ms
ANALYZE
Time: 0 hrs, 0 mins, 8 secs, 826 ms
 tmp_a_count 
-------------
     2088751
(1 row)

Time: 0 hrs, 0 mins, 3 secs, 186 ms
UPDATE 0
Time: 0 hrs, 0 mins, 12 secs, 158 ms
ANALYZE
Time: 0 hrs, 0 mins, 6 secs, 559 ms
TRUNCATE
Time: 0 hrs, 0 mins, 2 secs, 757 ms
INSERT 0 171152
Time: 0 hrs, 0 mins, 31 secs, 984 ms
ANALYZE
Time: 0 hrs, 0 mins, 2 secs, 620 ms
 first_resource_id | last_resource_id 
-------------------+------------------
          81656536 |         81827687
(1 row)

Time: 0 hrs, 0 mins, 1 secs, 181 ms
INSERT 0 171152
Time: 0 hrs, 0 mins, 4 secs, 988 ms
 total_resources 
-----------------
        81803224
(1 row)

Time: 0 hrs, 0 mins, 9 secs, 999 ms
ANALYZE
Time: 0 hrs, 0 mins, 2 secs, 151 ms
END
Time: 0 hrs, 1 mins, 4 secs, 783 ms
VACUUM
Time: 0 hrs, 3 mins, 39 secs, 107 ms

Sun Jan 8 20:46:49 EST 2012

Timing is on.

           650 - LOAD_BN_SESSION_STAGE

BEGIN
Time: 0 hrs, 0 mins, 0 secs, 147 ms
SET
Time: 0 hrs, 0 mins, 0 secs, 8 ms
SET
Time: 0 hrs, 0 mins, 0 secs, 150 ms
CREATE TABLE
Time: 0 hrs, 3 mins, 51 secs, 675 ms
ANALYZE
Time: 0 hrs, 0 mins, 6 secs, 109 ms
 tmp_sessionized_stage 
-----------------------
              24420724
(1 row)

Time: 0 hrs, 0 mins, 2 secs, 721 ms
TRUNCATE
Time: 0 hrs, 0 mins, 10 secs, 163 ms
INSERT 0 4467510
Time: 0 hrs, 2 mins, 9 secs, 224 ms
ANALYZE
Time: 0 hrs, 0 mins, 4 secs, 800 ms
CREATE TABLE
Time: 0 hrs, 7 mins, 12 secs, 827 ms
CREATE INDEX
Time: 0 hrs, 0 mins, 7 secs, 94 ms
 tmp_first_last 
----------------
        4467510
(1 row)

Time: 0 hrs, 0 mins, 3 secs, 26 ms
ANALYZE
Time: 0 hrs, 0 mins, 3 secs, 271 ms
SET
Time: 0 hrs, 0 mins, 0 secs, 33 ms
SET
Time: 0 hrs, 0 mins, 0 secs, 35 ms
TRUNCATE
Time: 0 hrs, 0 mins, 5 secs, 806 ms
DROP 
Time: 0 hrs, 0 mins, 1 secs, 901 ms
INSERT 0 4467510
Time: 0 hrs, 0 mins, 16 secs, 681 ms
 bn_session_stage 
------------------
          4467510
(1 row)

Time: 0 hrs, 0 mins, 20 secs, 710 ms
CREATE INDEX
Time: 0 hrs, 0 mins, 14 secs, 969 ms
ANALYZE
Time: 0 hrs, 0 mins, 2 secs, 467 ms
TRUNCATE
Time: 0 hrs, 0 mins, 12 secs, 520 ms
END
Time: 0 hrs, 0 mins, 46 secs, 89 ms

Sun Jan 8 21:02:41 EST 2012

BEGIN

           660 - LOAD_BN_SESSION_UPDATE_STAGE

SET
TRUNCATE
INSERT 0 0
END

Sun Jan 8 21:03:06 EST 2012

Timing is on.

           670 - LOAD_BN_SESSION_20120105.UPDATES

BEGIN
Time: 0 hrs, 0 mins, 0 secs, 194 ms
SET
Time: 0 hrs, 0 mins, 0 secs, 7 ms
UPDATE 0
Time: 0 hrs, 0 mins, 0 secs, 200 ms
END
Time: 0 hrs, 1 mins, 24 secs, 179 ms
VACUUM
Time: 0 hrs, 1 mins, 12 secs, 84 ms

Sun Jan 8 21:05:43 EST 2012

Timing is on.

           700 - LOAD_BN_SESSION

BEGIN
Time: 0 hrs, 0 mins, 12 secs, 717 ms
SET
Time: 0 hrs, 0 mins, 0 secs, 7 ms
INSERT 0 4467510
Time: 0 hrs, 1 mins, 38 secs, 256 ms
ANALYZE
Time: 0 hrs, 0 mins, 6 secs, 144 ms
END
Time: 0 hrs, 0 mins, 55 secs, 142 ms

Sun Jan 8 21:08:35 EST 2012

Timing is on.

            750 - LOAD_BN_SESSION_SUMMARY   

BEGIN
Time: 0 hrs, 0 mins, 8 secs, 895 ms
SET
Time: 0 hrs, 0 mins, 0 secs, 8 ms
CREATE TABLE
Time: 0 hrs, 0 mins, 41 secs, 325 ms
TRUNCATE
Time: 0 hrs, 0 mins, 12 secs, 127 ms
INSERT 0 1440028
Time: 0 hrs, 0 mins, 9 secs, 167 ms
ANALYZE
Time: 0 hrs, 0 mins, 1 secs, 364 ms
 count(1) 
----------
  1440028
(1 row)

Time: 0 hrs, 0 mins, 0 secs, 738 ms
END
Time: 0 hrs, 1 mins, 35 secs, 365 ms

Sun Jan 8 21:11:25 EST 2012

Timing is on.

           800 - LOAD_BN_HITS

BEGIN
Time: 0 hrs, 0 mins, 33 secs, 877 ms
SET
Time: 0 hrs, 0 mins, 0 secs, 6 ms
SET
Time: 0 hrs, 0 mins, 0 secs, 17 ms
SET
Time: 0 hrs, 0 mins, 0 secs, 11 ms
SET
Time: 0 hrs, 0 mins, 0 secs, 11 ms
TRUNCATE
Time: 0 hrs, 0 mins, 13 secs, 410 ms
INSERT 0 24420724
Time: 0 hrs, 0 mins, 48 secs, 231 ms
 count(1) 
----------
 24420724
(1 row)

Time: 0 hrs, 0 mins, 32 secs, 528 ms
ANALYZE
Time: 0 hrs, 0 mins, 21 secs, 754 ms
END
Time: 0 hrs, 1 mins, 19 secs, 558 ms

Sun Jan 8 21:15:15 EST 2012

Timing is on.

            900 - LOAD_CLICKSTREAM   

BEGIN
Time: 0 hrs, 0 mins, 1 secs, 309 ms
SET
Time: 0 hrs, 0 mins, 0 secs, 5 ms
TRUNCATE
Time: 0 hrs, 0 mins, 3 secs, 978 ms
INSERT 0 24420724
Time: 0 hrs, 10 mins, 39 secs, 619 ms
 count(1) 
----------
 24420724
(1 row)

Time: 0 hrs, 0 mins, 5 secs, 533 ms
ANALYZE
Time: 0 hrs, 0 mins, 7 secs, 451 ms
END
Time: 0 hrs, 0 mins, 41 secs, 817 ms

Sun Jan 8 21:26:55 EST 2012

Timing is on.

            1000 - PAGE_VIEW_SUMMARY  

BEGIN
Time: 0 hrs, 0 mins, 1 secs, 191 ms
SET
Time: 0 hrs, 0 mins, 0 secs, 6 ms
SET
Time: 0 hrs, 0 mins, 0 secs, 206 ms
TRUNCATE
Time: 0 hrs, 0 mins, 8 secs, 268 ms
INSERT 0 2136124
Time: 0 hrs, 0 mins, 32 secs, 540 ms
 count(1) 
----------
  2136124
(1 row)

Time: 0 hrs, 0 mins, 0 secs, 451 ms
ANALYZE
Time: 0 hrs, 0 mins, 0 secs, 267 ms
END
Time: 0 hrs, 0 mins, 35 secs, 168 ms

Sun Jan 8 21:28:14 EST 2012


2000 - WRAP UP 

Timing is on.
BEGIN
Time: 0 hrs, 0 mins, 1 secs, 230 ms
TRUNCATE
Time: 0 hrs, 0 mins, 7 secs, 11 ms
TRUNCATE
Time: 0 hrs, 0 mins, 51 secs, 917 ms
END
Time: 0 hrs, 1 mins, 33 secs, 205 ms
Sun Jan 8 21:30:47 EST 2012
Removing lock file and waiting for a minute
Total time taken:  103  minutes.
