Checking for lock file /tmp/.iislock
Acquired lock file /tmp/.iislock
-------------------------------------
Processing for 20110611
-------------------------------------

Thu Jul 21 13:25:23 EDT 2011

Timing is on.

           000 - INIT

BEGIN
Time: 0 hrs, 0 mins, 1 secs, 745 ms
*** Truncating staging tables before workflow starts ***
SET
Time: 0 hrs, 0 mins, 0 secs, 9 ms
GRANT
Time: 0 hrs, 0 mins, 25 secs, 509 ms
END
Time: 0 hrs, 0 mins, 13 secs, 659 ms

Thu Jul 21 13:26:05 EDT 2011

Timing is on.

            200 - LOAD_BN_IISLOGS   

BEGIN
Time: 0 hrs, 0 mins, 1 secs, 810 ms
SET
Time: 0 hrs, 0 mins, 0 secs, 13 ms
TRUNCATE
Time: 0 hrs, 0 mins, 2 secs, 308 ms
INSERT 0 83691628
Time: 0 hrs, 15 mins, 34 secs, 140 ms
END
Time: 0 hrs, 4 mins, 14 secs, 906 ms
ALTER TABLE
Time: 0 hrs, 5 mins, 53 secs, 445 ms

Thu Jul 21 13:51:52 EDT 2011

Timing is on.
BEGIN
Time: 0 hrs, 0 mins, 1 secs, 867 ms
SET
Time: 0 hrs, 0 mins, 0 secs, 30 ms

            250 - LOAD_BN_HITS_SP   

TRUNCATE
Time: 0 hrs, 0 mins, 2 secs, 75 ms
INSERT 0 27613684
Time: 0 hrs, 4 mins, 45 secs, 335 ms
ANALYZE
Time: 0 hrs, 0 mins, 24 secs, 522 ms
END
Time: 0 hrs, 0 mins, 30 secs, 88 ms

Thu Jul 21 13:57:36 EDT 2011

Timing is on.
BEGIN
Time: 0 hrs, 0 mins, 2 secs, 257 ms
SET
Time: 0 hrs, 0 mins, 0 secs, 14 ms

           300 - DYNAMIC FILTER

TRUNCATE
Time: 0 hrs, 0 mins, 3 secs, 183 ms
INSERT 0 22172556
Time: 0 hrs, 0 mins, 27 secs, 101 ms
ANALYZE
Time: 0 hrs, 0 mins, 0 secs, 822 ms
 Total records in web_click_cnt 
--------------------------------
                       22172556
(1 row)

Time: 0 hrs, 0 mins, 0 secs, 897 ms
CREATE TABLE
Time: 0 hrs, 0 mins, 4 secs, 189 ms
ANALYZE
Time: 0 hrs, 0 mins, 0 secs, 267 ms
CREATE TABLE
Time: 0 hrs, 0 mins, 0 secs, 958 ms
ANALYZE
Time: 0 hrs, 0 mins, 0 secs, 145 ms
DELETE 1
Time: 0 hrs, 0 mins, 0 secs, 918 ms
INSERT 0 1
Time: 0 hrs, 0 mins, 0 secs, 313 ms
DELETE 1
Time: 0 hrs, 0 mins, 0 secs, 97 ms
INSERT 0 1
Time: 0 hrs, 0 mins, 0 secs, 615 ms
CREATE TABLE
Time: 0 hrs, 0 mins, 3 secs, 421 ms
ANALYZE
Time: 0 hrs, 0 mins, 0 secs, 194 ms
CREATE TABLE
Time: 0 hrs, 0 mins, 1 secs, 299 ms
ANALYZE
Time: 0 hrs, 0 mins, 0 secs, 120 ms
DELETE 1
Time: 0 hrs, 0 mins, 0 secs, 95 ms
INSERT 0 1
Time: 0 hrs, 0 mins, 0 secs, 591 ms
DELETE 1
Time: 0 hrs, 0 mins, 0 secs, 429 ms
INSERT 0 1
Time: 0 hrs, 0 mins, 0 secs, 648 ms
ANALYZE
Time: 0 hrs, 0 mins, 0 secs, 430 ms
    tablename     |    attr_name    | attr_value 
------------------+-----------------+------------
 BN_FILTER_SPIDER | CLK_USER_SD_MPL | 10
 BN_FILTER_SPIDER | IP_USER_SD_MPL  | 1
 BN_FILTER_SPIDER | IP_USER_RATIO   | .955
 BN_FILTER_SPIDER | CLK_USER_MEAN   | 15.515
 BN_FILTER_SPIDER | CLK_USER_SD     | 333.792
 BN_FILTER_SPIDER | IP_USER_MEAN    | 26.547
 BN_FILTER_SPIDER | IP_USER_SD      | 4299.430
(7 rows)

Time: 0 hrs, 0 mins, 0 secs, 176 ms
CREATE TABLE
Time: 0 hrs, 0 mins, 8 secs, 531 ms
CREATE TABLE
Time: 0 hrs, 0 mins, 0 secs, 670 ms
 l_mean_sd_mpl 
---------------
      3353.435
(1 row)

Time: 0 hrs, 0 mins, 0 secs, 253 ms
TRUNCATE
Time: 0 hrs, 0 mins, 3 secs, 273 ms
INSERT 0 45
Time: 0 hrs, 0 mins, 17 secs, 502 ms
ANALYZE
Time: 0 hrs, 0 mins, 0 secs, 222 ms
 Total click_user bn_spider_ip records 
---------------------------------------
                                    45
(1 row)

Time: 0 hrs, 0 mins, 1 secs, 53 ms
CREATE TABLE
Time: 0 hrs, 0 mins, 4 secs, 739 ms
ANALYZE
Time: 0 hrs, 0 mins, 0 secs, 51 ms
CREATE TABLE
Time: 0 hrs, 0 mins, 2 secs, 980 ms
ANALYZE
Time: 0 hrs, 0 mins, 0 secs, 122 ms
DROP 
Time: 0 hrs, 0 mins, 0 secs, 234 ms
CREATE TABLE
Time: 0 hrs, 0 mins, 0 secs, 730 ms
 l_mean_sd_mpl | l_ratio 
---------------+---------
      4325.977 |   0.955
(1 row)

Time: 0 hrs, 0 mins, 0 secs, 257 ms
INSERT 0 19261180
Time: 0 hrs, 0 mins, 19 secs, 939 ms
ANALYZE
Time: 0 hrs, 0 mins, 0 secs, 480 ms
 Total ip_user_filter bn_spider_ip records 
-------------------------------------------
                                  19261180
(1 row)

Time: 0 hrs, 0 mins, 0 secs, 881 ms
TRUNCATE
Time: 0 hrs, 0 mins, 2 secs, 706 ms
INSERT 0 19676313
Time: 0 hrs, 2 mins, 19 secs, 202 ms
ANALYZE
Time: 0 hrs, 0 mins, 7 secs, 638 ms
 bn_hits_stage 
---------------
      19676313
(1 row)

Time: 0 hrs, 0 mins, 1 secs, 320 ms
INSERT 0 27536770
Time: 0 hrs, 10 mins, 32 secs, 906 ms
ANALYZE
Time: 0 hrs, 0 mins, 20 secs, 243 ms
 bn_hits_sp_20110611 
---------------------
            55150454
(1 row)

Time: 0 hrs, 0 mins, 9 secs, 970 ms
TRUNCATE
Time: 0 hrs, 0 mins, 1 secs, 437 ms
INSERT 0 8864861
Time: 0 hrs, 0 mins, 24 secs, 930 ms
ANALYZE
Time: 0 hrs, 0 mins, 2 secs, 589 ms
 bn_hits_client_20110611 
-------------------------
                 8864861
(1 row)

Time: 0 hrs, 0 mins, 0 secs, 397 ms
END
Time: 0 hrs, 0 mins, 10 secs, 225 ms

Thu Jul 21 14:13:41 EDT 2011

Timing is on.
BEGIN
Time: 0 hrs, 0 mins, 0 secs, 848 ms

           600 - LOAD RESOURCES

SET
Time: 0 hrs, 0 mins, 0 secs, 11 ms
CREATE TABLE
Time: 0 hrs, 0 mins, 22 secs, 382 ms
ANALYZE
Time: 0 hrs, 0 mins, 0 secs, 929 ms
 tmp_a_count 
-------------
      481904
(1 row)

Time: 0 hrs, 0 mins, 0 secs, 197 ms
UPDATE 0
Time: 0 hrs, 0 mins, 3 secs, 935 ms
ANALYZE
Time: 0 hrs, 0 mins, 0 secs, 561 ms
TRUNCATE
Time: 0 hrs, 0 mins, 1 secs, 64 ms
INSERT 0 156637
Time: 0 hrs, 0 mins, 17 secs, 326 ms
ANALYZE
Time: 0 hrs, 0 mins, 0 secs, 617 ms
 first_resource_id | last_resource_id 
-------------------+------------------
          26209319 |         26365955
(1 row)

Time: 0 hrs, 0 mins, 0 secs, 590 ms
INSERT 0 156637
Time: 0 hrs, 0 mins, 1 secs, 568 ms
 total_resources 
-----------------
        26341559
(1 row)

Time: 0 hrs, 0 mins, 0 secs, 228 ms
ANALYZE
Time: 0 hrs, 0 mins, 0 secs, 615 ms
END
Time: 0 hrs, 0 mins, 5 secs, 192 ms
VACUUM
Time: 0 hrs, 0 mins, 25 secs, 606 ms

Thu Jul 21 14:15:03 EDT 2011

Timing is on.

           650 - LOAD_BN_SESSION_STAGE

BEGIN
Time: 0 hrs, 0 mins, 0 secs, 892 ms
SET
Time: 0 hrs, 0 mins, 0 secs, 9 ms
SET
Time: 0 hrs, 0 mins, 0 secs, 19 ms
CREATE TABLE
Time: 0 hrs, 0 mins, 45 secs, 336 ms
ANALYZE
Time: 0 hrs, 0 mins, 3 secs, 193 ms
 tmp_sessionized_stage 
-----------------------
              19676313
(1 row)

Time: 0 hrs, 0 mins, 0 secs, 293 ms
TRUNCATE
Time: 0 hrs, 0 mins, 0 secs, 600 ms
INSERT 0 2604161
Time: 0 hrs, 0 mins, 31 secs, 249 ms
ANALYZE
Time: 0 hrs, 0 mins, 0 secs, 818 ms
CREATE TABLE
Time: 0 hrs, 1 mins, 19 secs, 760 ms
CREATE INDEX
Time: 0 hrs, 0 mins, 0 secs, 480 ms
 tmp_first_last 
----------------
        2604161
(1 row)

Time: 0 hrs, 0 mins, 0 secs, 141 ms
ANALYZE
Time: 0 hrs, 0 mins, 0 secs, 815 ms
SET
Time: 0 hrs, 0 mins, 0 secs, 25 ms
SET
Time: 0 hrs, 0 mins, 0 secs, 17 ms
TRUNCATE
Time: 0 hrs, 0 mins, 1 secs, 654 ms
DROP
Time: 0 hrs, 0 mins, 0 secs, 69 ms
INSERT 0 2604161
Time: 0 hrs, 0 mins, 7 secs, 156 ms
 bn_session_stage 
------------------
          2604161
(1 row)

Time: 0 hrs, 0 mins, 0 secs, 465 ms
CREATE INDEX
Time: 0 hrs, 0 mins, 0 secs, 955 ms
ANALYZE
Time: 0 hrs, 0 mins, 1 secs, 705 ms
TRUNCATE
Time: 0 hrs, 0 mins, 0 secs, 983 ms
END
Time: 0 hrs, 0 mins, 3 secs, 648 ms

Thu Jul 21 14:18:04 EDT 2011

BEGIN

           660 - LOAD_BN_SESSION_UPDATE_STAGE

SET
TRUNCATE
INSERT 0 0
END

Thu Jul 21 14:18:08 EDT 2011

Timing is on.

           670 - LOAD_BN_SESSION_20110611.UPDATES

BEGIN
Time: 0 hrs, 0 mins, 0 secs, 827 ms
SET
Time: 0 hrs, 0 mins, 0 secs, 9 ms
UPDATE 0
Time: 0 hrs, 0 mins, 0 secs, 272 ms
END
Time: 0 hrs, 0 mins, 1 secs, 10 ms
VACUUM
Time: 0 hrs, 0 mins, 3 secs, 639 ms

Thu Jul 21 14:18:14 EDT 2011

Timing is on.

           700 - LOAD_BN_SESSION

BEGIN
Time: 0 hrs, 0 mins, 0 secs, 779 ms
SET
Time: 0 hrs, 0 mins, 0 secs, 8 ms
INSERT 0 2604161
Time: 0 hrs, 0 mins, 9 secs, 914 ms
ANALYZE
Time: 0 hrs, 0 mins, 1 secs, 52 ms
END
Time: 0 hrs, 0 mins, 3 secs, 794 ms

Thu Jul 21 14:18:30 EDT 2011

Timing is on.

            750 - LOAD_BN_SESSION_SUMMARY   

BEGIN
Time: 0 hrs, 0 mins, 0 secs, 883 ms
SET
Time: 0 hrs, 0 mins, 0 secs, 12 ms
CREATE TABLE
Time: 0 hrs, 0 mins, 9 secs, 302 ms
TRUNCATE
Time: 0 hrs, 0 mins, 0 secs, 640 ms
INSERT 0 395711
Time: 0 hrs, 0 mins, 4 secs, 771 ms
ANALYZE
Time: 0 hrs, 0 mins, 0 secs, 813 ms
 count(1) 
----------
   395711
(1 row)

Time: 0 hrs, 0 mins, 0 secs, 110 ms
END
Time: 0 hrs, 0 mins, 1 secs, 59 ms

Thu Jul 21 14:18:48 EDT 2011

Timing is on.

           800 - LOAD_BN_HITS

BEGIN
Time: 0 hrs, 0 mins, 0 secs, 800 ms
SET
Time: 0 hrs, 0 mins, 0 secs, 6 ms
SET
Time: 0 hrs, 0 mins, 0 secs, 12 ms
SET
Time: 0 hrs, 0 mins, 0 secs, 13 ms
SET
Time: 0 hrs, 0 mins, 0 secs, 12 ms
TRUNCATE
Time: 0 hrs, 0 mins, 0 secs, 683 ms
INSERT 0 19676313
Time: 0 hrs, 0 mins, 4 secs, 819 ms
 count(1) 
----------
 19676313
(1 row)

Time: 0 hrs, 0 mins, 1 secs, 136 ms
ANALYZE
Time: 0 hrs, 0 mins, 3 secs, 432 ms
END
Time: 0 hrs, 0 mins, 15 secs, 476 ms

Thu Jul 21 14:19:14 EDT 2011

Timing is on.

            900 - LOAD_CLICKSTREAM   

BEGIN
Time: 0 hrs, 0 mins, 0 secs, 904 ms
SET
Time: 0 hrs, 0 mins, 0 secs, 10 ms
TRUNCATE
Time: 0 hrs, 0 mins, 0 secs, 777 ms
INSERT 0 19676313
Time: 0 hrs, 1 mins, 31 secs, 3 ms
 count(1) 
----------
 19676313
(1 row)

Time: 0 hrs, 0 mins, 0 secs, 469 ms
ANALYZE
Time: 0 hrs, 0 mins, 1 secs, 383 ms
END
Time: 0 hrs, 0 mins, 4 secs, 687 ms

Thu Jul 21 14:20:54 EDT 2011

Timing is on.

            1000 - PAGE_VIEW_SUMMARY  

BEGIN
Time: 0 hrs, 0 mins, 0 secs, 961 ms
SET
Time: 0 hrs, 0 mins, 0 secs, 8 ms
SET
Time: 0 hrs, 0 mins, 0 secs, 18 ms
TRUNCATE
Time: 0 hrs, 0 mins, 0 secs, 842 ms
INSERT 0 498013
Time: 0 hrs, 0 mins, 5 secs, 514 ms
 count(1) 
----------
   498013
(1 row)

Time: 0 hrs, 0 mins, 0 secs, 289 ms
ANALYZE
Time: 0 hrs, 0 mins, 0 secs, 147 ms
END
Time: 0 hrs, 0 mins, 3 secs, 941 ms

Thu Jul 21 14:21:06 EDT 2011


2000 - WRAP UP 

Timing is on.
BEGIN
Time: 0 hrs, 0 mins, 0 secs, 905 ms
TRUNCATE
Time: 0 hrs, 0 mins, 1 secs, 154 ms
TRUNCATE
Time: 0 hrs, 0 mins, 0 secs, 422 ms
END
Time: 0 hrs, 0 mins, 1 secs, 969 ms
Thu Jul 21 14:21:10 EDT 2011
Removing lock file and waiting for a minute
Total time taken:  56  minutes.
