Checking for lock file /tmp/.iislock
Acquired lock file /tmp/.iislock
-------------------------------------
Processing for 20110711
-------------------------------------

Tue Jul 12 05:32:30 EDT 2011

Timing is on.

           000 - INIT

BEGIN
Time: 0 hrs, 0 mins, 0 secs, 891 ms
*** Truncating staging tables before workflow starts ***
SET
Time: 0 hrs, 0 mins, 0 secs, 14 ms
GRANT
Time: 0 hrs, 0 mins, 3 secs, 39 ms
END
Time: 0 hrs, 0 mins, 0 secs, 962 ms

Tue Jul 12 05:32:36 EDT 2011

Timing is on.

            200 - LOAD_BN_IISLOGS   

BEGIN
Time: 0 hrs, 0 mins, 0 secs, 860 ms
SET
Time: 0 hrs, 0 mins, 0 secs, 12 ms
TRUNCATE
Time: 0 hrs, 0 mins, 0 secs, 373 ms
INSERT 0 64011016
Time: 0 hrs, 9 mins, 43 secs, 977 ms
END
Time: 0 hrs, 0 mins, 7 secs, 541 ms
ALTER TABLE
Time: 0 hrs, 4 mins, 49 secs, 970 ms

Tue Jul 12 05:47:19 EDT 2011

Timing is on.
BEGIN
Time: 0 hrs, 0 mins, 0 secs, 759 ms
SET
Time: 0 hrs, 0 mins, 0 secs, 8 ms

            250 - LOAD_BN_HITS_SP   

TRUNCATE
Time: 0 hrs, 0 mins, 1 secs, 1 ms
INSERT 0 23225282
Time: 0 hrs, 2 mins, 42 secs, 482 ms
ANALYZE
Time: 0 hrs, 0 mins, 3 secs, 990 ms
END
Time: 0 hrs, 0 mins, 2 secs, 798 ms

Tue Jul 12 05:50:10 EDT 2011

Timing is on.
BEGIN
Time: 0 hrs, 0 mins, 0 secs, 990 ms
SET
Time: 0 hrs, 0 mins, 0 secs, 13 ms

           300 - DYNAMIC FILTER

TRUNCATE
Time: 0 hrs, 0 mins, 3 secs, 380 ms
INSERT 0 19822030
Time: 0 hrs, 0 mins, 5 secs, 495 ms
ANALYZE
Time: 0 hrs, 0 mins, 1 secs, 110 ms
 Total records in web_click_cnt 
--------------------------------
                       19822030
(1 row)

Time: 0 hrs, 0 mins, 0 secs, 440 ms
CREATE TABLE
Time: 0 hrs, 0 mins, 2 secs, 599 ms
ANALYZE
Time: 0 hrs, 0 mins, 0 secs, 87 ms
CREATE TABLE
Time: 0 hrs, 0 mins, 0 secs, 404 ms
ANALYZE
Time: 0 hrs, 0 mins, 0 secs, 182 ms
DELETE 1
Time: 0 hrs, 0 mins, 0 secs, 257 ms
INSERT 0 1
Time: 0 hrs, 0 mins, 0 secs, 484 ms
DELETE 1
Time: 0 hrs, 0 mins, 0 secs, 110 ms
INSERT 0 1
Time: 0 hrs, 0 mins, 0 secs, 299 ms
CREATE TABLE
Time: 0 hrs, 0 mins, 1 secs, 720 ms
ANALYZE
Time: 0 hrs, 0 mins, 0 secs, 109 ms
CREATE TABLE
Time: 0 hrs, 0 mins, 0 secs, 269 ms
ANALYZE
Time: 0 hrs, 0 mins, 0 secs, 75 ms
DELETE 1
Time: 0 hrs, 0 mins, 0 secs, 84 ms
INSERT 0 1
Time: 0 hrs, 0 mins, 0 secs, 267 ms
DELETE 1
Time: 0 hrs, 0 mins, 0 secs, 73 ms
INSERT 0 1
Time: 0 hrs, 0 mins, 0 secs, 246 ms
ANALYZE
Time: 0 hrs, 0 mins, 0 secs, 40 ms
    tablename     |    attr_name    | attr_value 
------------------+-----------------+------------
 BN_FILTER_SPIDER | CLK_USER_SD_MPL | 10
 BN_FILTER_SPIDER | IP_USER_SD_MPL  | 1
 BN_FILTER_SPIDER | IP_USER_RATIO   | .955
 BN_FILTER_SPIDER | CLK_USER_MEAN   | 13.613
 BN_FILTER_SPIDER | CLK_USER_SD     | 44.027
 BN_FILTER_SPIDER | IP_USER_MEAN    | 24.834
 BN_FILTER_SPIDER | IP_USER_SD      | 1729.074
(7 rows)

Time: 0 hrs, 0 mins, 0 secs, 202 ms
CREATE TABLE
Time: 0 hrs, 0 mins, 5 secs, 246 ms
CREATE TABLE
Time: 0 hrs, 0 mins, 0 secs, 417 ms
 l_mean_sd_mpl 
---------------
       453.883
(1 row)

Time: 0 hrs, 0 mins, 0 secs, 134 ms
TRUNCATE
Time: 0 hrs, 0 mins, 0 secs, 718 ms
INSERT 0 452
Time: 0 hrs, 0 mins, 6 secs, 971 ms
ANALYZE
Time: 0 hrs, 0 mins, 0 secs, 72 ms
 Total click_user bn_spider_ip records 
---------------------------------------
                                   452
(1 row)

Time: 0 hrs, 0 mins, 0 secs, 122 ms
CREATE TABLE
Time: 0 hrs, 0 mins, 1 secs, 609 ms
ANALYZE
Time: 0 hrs, 0 mins, 0 secs, 56 ms
CREATE TABLE
Time: 0 hrs, 0 mins, 1 secs, 618 ms
ANALYZE
Time: 0 hrs, 0 mins, 0 secs, 77 ms
DROP 
Time: 0 hrs, 0 mins, 0 secs, 200 ms
CREATE TABLE
Time: 0 hrs, 0 mins, 1 secs, 94 ms
 l_mean_sd_mpl | l_ratio 
---------------+---------
      1753.908 |   0.955
(1 row)

Time: 0 hrs, 0 mins, 0 secs, 115 ms
INSERT 0 17365195
Time: 0 hrs, 0 mins, 5 secs, 944 ms
ANALYZE
Time: 0 hrs, 0 mins, 0 secs, 303 ms
 Total ip_user_filter bn_spider_ip records 
-------------------------------------------
                                  17365195
(1 row)

Time: 0 hrs, 0 mins, 0 secs, 375 ms
TRUNCATE
Time: 0 hrs, 0 mins, 0 secs, 542 ms
INSERT 0 17166769
Time: 0 hrs, 0 mins, 21 secs, 16 ms
ANALYZE
Time: 0 hrs, 0 mins, 5 secs, 168 ms
 bn_hits_stage 
---------------
      17166769
(1 row)

Time: 0 hrs, 0 mins, 0 secs, 809 ms
INSERT 0 18026717
Time: 0 hrs, 0 mins, 47 secs, 874 ms
ANALYZE
Time: 0 hrs, 0 mins, 4 secs, 636 ms
 bn_hits_sp_20110711 
---------------------
            41251999
(1 row)

Time: 0 hrs, 0 mins, 5 secs, 15 ms
TRUNCATE
Time: 0 hrs, 0 mins, 3 secs, 829 ms
INSERT 0 5592248
Time: 0 hrs, 0 mins, 4 secs, 772 ms
ANALYZE
Time: 0 hrs, 0 mins, 3 secs, 120 ms
 bn_hits_client_20110711 
-------------------------
                 5592248
(1 row)

Time: 0 hrs, 0 mins, 0 secs, 286 ms
END
Time: 0 hrs, 0 mins, 9 secs, 19 ms

Tue Jul 12 05:52:40 EDT 2011

Timing is on.
BEGIN
Time: 0 hrs, 0 mins, 1 secs, 333 ms

           600 - LOAD RESOURCES

SET
Time: 0 hrs, 0 mins, 0 secs, 12 ms
CREATE TABLE
Time: 0 hrs, 0 mins, 17 secs, 466 ms
ANALYZE
Time: 0 hrs, 0 mins, 1 secs, 80 ms
 tmp_a_count 
-------------
      457193
(1 row)

Time: 0 hrs, 0 mins, 0 secs, 716 ms
UPDATE 0
Time: 0 hrs, 0 mins, 4 secs, 166 ms
ANALYZE
Time: 0 hrs, 0 mins, 1 secs, 339 ms
TRUNCATE
Time: 0 hrs, 0 mins, 0 secs, 557 ms
INSERT 0 178112
Time: 0 hrs, 0 mins, 19 secs, 642 ms
ANALYZE
Time: 0 hrs, 0 mins, 1 secs, 135 ms
 first_resource_id | last_resource_id 
-------------------+------------------
          23737184 |         23915295
(1 row)

Time: 0 hrs, 0 mins, 1 secs, 156 ms
INSERT 0 178112
Time: 0 hrs, 0 mins, 2 secs, 88 ms
 total_resources 
-----------------
        23890899
(1 row)

Time: 0 hrs, 0 mins, 0 secs, 514 ms
ANALYZE
Time: 0 hrs, 0 mins, 0 secs, 626 ms
END
Time: 0 hrs, 0 mins, 23 secs, 904 ms
VACUUM
Time: 0 hrs, 0 mins, 28 secs, 104 ms

Tue Jul 12 05:54:24 EDT 2011

Timing is on.

           650 - LOAD_BN_SESSION_STAGE

BEGIN
Time: 0 hrs, 0 mins, 1 secs, 21 ms
SET
Time: 0 hrs, 0 mins, 0 secs, 8 ms
SET
Time: 0 hrs, 0 mins, 0 secs, 19 ms
CREATE TABLE
Time: 0 hrs, 0 mins, 45 secs, 81 ms
ANALYZE
Time: 0 hrs, 0 mins, 4 secs, 343 ms
 tmp_sessionized_stage 
-----------------------
              17166769
(1 row)

Time: 0 hrs, 0 mins, 0 secs, 395 ms
TRUNCATE
Time: 0 hrs, 0 mins, 0 secs, 807 ms
INSERT 0 2071284
Time: 0 hrs, 0 mins, 24 secs, 690 ms
ANALYZE
Time: 0 hrs, 0 mins, 0 secs, 947 ms
CREATE TABLE
Time: 0 hrs, 1 mins, 19 secs, 593 ms
CREATE INDEX
Time: 0 hrs, 0 mins, 0 secs, 234 ms
 tmp_first_last 
----------------
        2071284
(1 row)

Time: 0 hrs, 0 mins, 0 secs, 104 ms
ANALYZE
Time: 0 hrs, 0 mins, 1 secs, 97 ms
SET
Time: 0 hrs, 0 mins, 0 secs, 25 ms
SET
Time: 0 hrs, 0 mins, 0 secs, 21 ms
TRUNCATE
Time: 0 hrs, 0 mins, 0 secs, 855 ms
DROP
Time: 0 hrs, 0 mins, 0 secs, 110 ms
INSERT 0 2071284
Time: 0 hrs, 0 mins, 6 secs, 849 ms
 bn_session_stage 
------------------
          2071284
(1 row)

Time: 0 hrs, 0 mins, 0 secs, 896 ms
CREATE INDEX
Time: 0 hrs, 0 mins, 0 secs, 779 ms
ANALYZE
Time: 0 hrs, 0 mins, 1 secs, 929 ms
TRUNCATE
Time: 0 hrs, 0 mins, 0 secs, 770 ms
END
Time: 0 hrs, 0 mins, 5 secs, 272 ms

Tue Jul 12 05:57:20 EDT 2011

BEGIN

           660 - LOAD_BN_SESSION_UPDATE_STAGE

SET
TRUNCATE
INSERT 0 0
END

Tue Jul 12 05:57:24 EDT 2011

Timing is on.

           670 - LOAD_BN_SESSION_20110711.UPDATES

BEGIN
Time: 0 hrs, 0 mins, 1 secs, 58 ms
SET
Time: 0 hrs, 0 mins, 0 secs, 13 ms
UPDATE 0
Time: 0 hrs, 0 mins, 0 secs, 390 ms
END
Time: 0 hrs, 0 mins, 2 secs, 852 ms
VACUUM
Time: 0 hrs, 0 mins, 4 secs, 423 ms

Tue Jul 12 05:57:33 EDT 2011

Timing is on.

           700 - LOAD_BN_SESSION

BEGIN
Time: 0 hrs, 0 mins, 1 secs, 52 ms
SET
Time: 0 hrs, 0 mins, 0 secs, 12 ms
INSERT 0 2071284
Time: 0 hrs, 0 mins, 9 secs, 512 ms
ANALYZE
Time: 0 hrs, 0 mins, 1 secs, 276 ms
END
Time: 0 hrs, 0 mins, 5 secs, 140 ms

Tue Jul 12 05:57:51 EDT 2011

Timing is on.

            750 - LOAD_BN_SESSION_SUMMARY   

BEGIN
Time: 0 hrs, 0 mins, 0 secs, 965 ms
SET
Time: 0 hrs, 0 mins, 0 secs, 9 ms
CREATE TABLE
Time: 0 hrs, 0 mins, 8 secs, 363 ms
TRUNCATE
Time: 0 hrs, 0 mins, 1 secs, 650 ms
INSERT 0 296230
Time: 0 hrs, 0 mins, 5 secs, 879 ms
ANALYZE
Time: 0 hrs, 0 mins, 0 secs, 922 ms
 count(1) 
----------
   296230
(1 row)

Time: 0 hrs, 0 mins, 0 secs, 134 ms
END
Time: 0 hrs, 0 mins, 1 secs, 579 ms

Tue Jul 12 05:58:10 EDT 2011

Timing is on.

           800 - LOAD_BN_HITS

BEGIN
Time: 0 hrs, 0 mins, 1 secs, 145 ms
SET
Time: 0 hrs, 0 mins, 0 secs, 13 ms
SET
Time: 0 hrs, 0 mins, 0 secs, 22 ms
SET
Time: 0 hrs, 0 mins, 0 secs, 32 ms
SET
Time: 0 hrs, 0 mins, 0 secs, 24 ms
TRUNCATE
Time: 0 hrs, 0 mins, 0 secs, 956 ms
INSERT 0 17166769
Time: 0 hrs, 0 mins, 4 secs, 844 ms
 count(1) 
----------
 17166769
(1 row)

Time: 0 hrs, 0 mins, 2 secs, 212 ms
ANALYZE
Time: 0 hrs, 0 mins, 4 secs, 615 ms
END
Time: 0 hrs, 0 mins, 9 secs, 441 ms

Tue Jul 12 05:58:34 EDT 2011

Timing is on.

            900 - LOAD_CLICKSTREAM   

BEGIN
Time: 0 hrs, 0 mins, 1 secs, 98 ms
SET
Time: 0 hrs, 0 mins, 0 secs, 9 ms
TRUNCATE
Time: 0 hrs, 0 mins, 0 secs, 620 ms
INSERT 0 17166769
Time: 0 hrs, 1 mins, 36 secs, 590 ms
 count(1) 
----------
 17166769
(1 row)

Time: 0 hrs, 0 mins, 0 secs, 465 ms
ANALYZE
Time: 0 hrs, 0 mins, 1 secs, 452 ms
END
Time: 0 hrs, 0 mins, 4 secs, 565 ms

Tue Jul 12 06:00:19 EDT 2011

Timing is on.

            1000 - PAGE_VIEW_SUMMARY  

BEGIN
Time: 0 hrs, 0 mins, 0 secs, 801 ms
SET
Time: 0 hrs, 0 mins, 0 secs, 14 ms
SET
Time: 0 hrs, 0 mins, 0 secs, 27 ms
TRUNCATE
Time: 0 hrs, 0 mins, 1 secs, 952 ms
INSERT 0 469165
Time: 0 hrs, 0 mins, 6 secs, 386 ms
 count(1) 
----------
   469165
(1 row)

Time: 0 hrs, 0 mins, 0 secs, 386 ms
ANALYZE
Time: 0 hrs, 0 mins, 0 secs, 306 ms
END
Time: 0 hrs, 0 mins, 7 secs, 603 ms

Tue Jul 12 06:00:37 EDT 2011


2000 - WRAP UP 

Timing is on.
BEGIN
Time: 0 hrs, 0 mins, 1 secs, 41 ms
TRUNCATE
Time: 0 hrs, 0 mins, 1 secs, 245 ms
TRUNCATE
Time: 0 hrs, 0 mins, 1 secs, 732 ms
END
Time: 0 hrs, 0 mins, 8 secs, 45 ms
Tue Jul 12 06:00:49 EDT 2011
Removing lock file and waiting for a minute
Running time of run.sh 20110711: 1759 seconds
Checking for lock file /tmp/.iislock
Acquired lock file /tmp/.iislock
-------------------------------------
Processing for 20110711
-------------------------------------

Wed Jul 13 04:58:03 EDT 2011

Timing is on.

           000 - INIT

BEGIN
Time: 0 hrs, 0 mins, 1 secs, 501 ms
*** Truncating staging tables before workflow starts ***
SET
Time: 0 hrs, 0 mins, 0 secs, 17 ms
GRANT
Time: 0 hrs, 0 mins, 10 secs, 97 ms
END
Time: 0 hrs, 0 mins, 5 secs, 267 ms

Wed Jul 13 04:58:21 EDT 2011

Timing is on.

            200 - LOAD_BN_IISLOGS   

BEGIN
Time: 0 hrs, 0 mins, 2 secs, 294 ms
SET
Time: 0 hrs, 0 mins, 0 secs, 11 ms
TRUNCATE
Time: 0 hrs, 0 mins, 1 secs, 324 ms
INSERT 0 84778366
Time: 0 hrs, 13 mins, 23 secs, 981 ms
END
Time: 0 hrs, 0 mins, 50 secs, 356 ms
ALTER TABLE
Time: 0 hrs, 0 mins, 10 secs, 533 ms

Wed Jul 13 05:12:49 EDT 2011

Timing is on.
BEGIN
Time: 0 hrs, 0 mins, 0 secs, 887 ms
SET
Time: 0 hrs, 0 mins, 0 secs, 12 ms

            250 - LOAD_BN_HITS_SP   

TRUNCATE
Time: 0 hrs, 0 mins, 1 secs, 550 ms
ERROR:  column "w"."work_id" does not exist
NOTICE:  current transaction is aborted, queries ignored until end of transaction block
ABORT
Time: 0 hrs, 0 mins, 0 secs, 102 ms

Wed Jul 13 05:12:52 EDT 2011

Timing is on.
BEGIN
Time: 0 hrs, 0 mins, 1 secs, 548 ms
SET
Time: 0 hrs, 0 mins, 0 secs, 10 ms

           300 - DYNAMIC FILTER

TRUNCATE
Time: 0 hrs, 0 mins, 1 secs, 87 ms
INSERT 0 24854182
Time: 0 hrs, 0 mins, 10 secs, 861 ms
ANALYZE
Time: 0 hrs, 0 mins, 0 secs, 612 ms
 Total records in web_click_cnt 
--------------------------------
                       24854182
(1 row)

Time: 0 hrs, 0 mins, 4 secs, 345 ms
CREATE TABLE
Time: 0 hrs, 0 mins, 6 secs, 613 ms
ANALYZE
Time: 0 hrs, 0 mins, 0 secs, 127 ms
CREATE TABLE
Time: 0 hrs, 0 mins, 1 secs, 522 ms
ANALYZE
Time: 0 hrs, 0 mins, 0 secs, 136 ms
DELETE 1
Time: 0 hrs, 0 mins, 0 secs, 761 ms
INSERT 0 1
Time: 0 hrs, 0 mins, 0 secs, 369 ms
DELETE 1
Time: 0 hrs, 0 mins, 0 secs, 95 ms
INSERT 0 1
Time: 0 hrs, 0 mins, 1 secs, 40 ms
CREATE TABLE
Time: 0 hrs, 0 mins, 2 secs, 182 ms
ANALYZE
Time: 0 hrs, 0 mins, 0 secs, 105 ms
CREATE TABLE
Time: 0 hrs, 0 mins, 0 secs, 860 ms
ANALYZE
Time: 0 hrs, 0 mins, 0 secs, 103 ms
DELETE 1
Time: 0 hrs, 0 mins, 0 secs, 109 ms
INSERT 0 1
Time: 0 hrs, 0 mins, 0 secs, 477 ms
DELETE 1
Time: 0 hrs, 0 mins, 0 secs, 108 ms
INSERT 0 1
Time: 0 hrs, 0 mins, 0 secs, 352 ms
ANALYZE
Time: 0 hrs, 0 mins, 0 secs, 47 ms
    tablename     |    attr_name    | attr_value 
------------------+-----------------+------------
 BN_FILTER_SPIDER | CLK_USER_SD_MPL | 10
 BN_FILTER_SPIDER | IP_USER_SD_MPL  | 1
 BN_FILTER_SPIDER | IP_USER_RATIO   | .955
 BN_FILTER_SPIDER | CLK_USER_MEAN   | 14.265
 BN_FILTER_SPIDER | CLK_USER_SD     | 42.767
 BN_FILTER_SPIDER | IP_USER_MEAN    | 23.847
 BN_FILTER_SPIDER | IP_USER_SD      | 1899.118
(7 rows)

Time: 0 hrs, 0 mins, 0 secs, 163 ms
CREATE TABLE
Time: 0 hrs, 0 mins, 6 secs, 708 ms
CREATE TABLE
Time: 0 hrs, 0 mins, 1 secs, 35 ms
 l_mean_sd_mpl 
---------------
       441.935
(1 row)

Time: 0 hrs, 0 mins, 0 secs, 253 ms
TRUNCATE
Time: 0 hrs, 0 mins, 1 secs, 606 ms
INSERT 0 635
Time: 0 hrs, 0 mins, 7 secs, 242 ms
ANALYZE
Time: 0 hrs, 0 mins, 0 secs, 119 ms
 Total click_user bn_spider_ip records 
---------------------------------------
                                   635
(1 row)

Time: 0 hrs, 0 mins, 0 secs, 117 ms
CREATE TABLE
Time: 0 hrs, 0 mins, 2 secs, 171 ms
ANALYZE
Time: 0 hrs, 0 mins, 1 secs, 75 ms
CREATE TABLE
Time: 0 hrs, 0 mins, 2 secs, 261 ms
ANALYZE
Time: 0 hrs, 0 mins, 0 secs, 89 ms
DROP 
Time: 0 hrs, 0 mins, 0 secs, 186 ms
CREATE TABLE
Time: 0 hrs, 0 mins, 0 secs, 263 ms
 l_mean_sd_mpl | l_ratio 
---------------+---------
      1922.965 |   0.955
(1 row)

Time: 0 hrs, 0 mins, 0 secs, 127 ms
INSERT 0 21719423
Time: 0 hrs, 0 mins, 8 secs, 523 ms
ANALYZE
Time: 0 hrs, 0 mins, 0 secs, 353 ms
 Total ip_user_filter bn_spider_ip records 
-------------------------------------------
                                  21719423
(1 row)

Time: 0 hrs, 0 mins, 0 secs, 414 ms
TRUNCATE
Time: 0 hrs, 0 mins, 0 secs, 428 ms
INSERT 0 23139623
Time: 0 hrs, 0 mins, 32 secs, 890 ms
ANALYZE
Time: 0 hrs, 0 mins, 4 secs, 670 ms
 bn_hits_stage 
---------------
      23139623
(1 row)

Time: 0 hrs, 0 mins, 0 secs, 745 ms
INSERT 0 22579492
Time: 0 hrs, 0 mins, 57 secs, 865 ms
ANALYZE
Time: 0 hrs, 0 mins, 54 secs, 989 ms
 bn_hits_sp_20110711 
---------------------
            63831491
(1 row)

Time: 0 hrs, 0 mins, 8 secs, 255 ms
TRUNCATE
Time: 0 hrs, 0 mins, 1 secs, 609 ms
INSERT 0 8518005
Time: 0 hrs, 0 mins, 7 secs, 273 ms
ANALYZE
Time: 0 hrs, 0 mins, 2 secs, 892 ms
 bn_hits_client_20110711 
-------------------------
                 8518005
(1 row)

Time: 0 hrs, 0 mins, 0 secs, 174 ms
END
Time: 0 hrs, 0 mins, 18 secs, 212 ms

Wed Jul 13 05:17:09 EDT 2011

Timing is on.
BEGIN
Time: 0 hrs, 0 mins, 1 secs, 207 ms

           600 - LOAD RESOURCES

SET
Time: 0 hrs, 0 mins, 0 secs, 15 ms
CREATE TABLE
Time: 0 hrs, 0 mins, 24 secs, 917 ms
ANALYZE
Time: 0 hrs, 0 mins, 0 secs, 828 ms
 tmp_a_count 
-------------
      568785
(1 row)

Time: 0 hrs, 0 mins, 0 secs, 239 ms
UPDATE 0
Time: 0 hrs, 0 mins, 5 secs, 589 ms
ANALYZE
Time: 0 hrs, 0 mins, 0 secs, 711 ms
TRUNCATE
Time: 0 hrs, 0 mins, 0 secs, 506 ms
INSERT 0 54428
Time: 0 hrs, 1 mins, 21 secs, 917 ms
ANALYZE
Time: 0 hrs, 0 mins, 0 secs, 821 ms
 first_resource_id | last_resource_id 
-------------------+------------------
          24146582 |         24201009
(1 row)

Time: 0 hrs, 0 mins, 0 secs, 591 ms
INSERT 0 54428
Time: 0 hrs, 0 mins, 0 secs, 998 ms
 total_resources 
-----------------
        24176613
(1 row)

Time: 0 hrs, 0 mins, 0 secs, 247 ms
ANALYZE
Time: 0 hrs, 0 mins, 0 secs, 906 ms
END
Time: 0 hrs, 0 mins, 4 secs, 223 ms
VACUUM
Time: 0 hrs, 0 mins, 21 secs, 448 ms

Wed Jul 13 05:19:34 EDT 2011

Timing is on.

           650 - LOAD_BN_SESSION_STAGE

BEGIN
Time: 0 hrs, 0 mins, 0 secs, 854 ms
SET
Time: 0 hrs, 0 mins, 0 secs, 10 ms
SET
Time: 0 hrs, 0 mins, 0 secs, 22 ms
CREATE TABLE
Time: 0 hrs, 0 mins, 56 secs, 852 ms
ANALYZE
Time: 0 hrs, 0 mins, 5 secs, 382 ms
 tmp_sessionized_stage 
-----------------------
              23139623
(1 row)

Time: 0 hrs, 0 mins, 0 secs, 549 ms
TRUNCATE
Time: 0 hrs, 0 mins, 3 secs, 876 ms
INSERT 0 2674634
Time: 0 hrs, 0 mins, 36 secs, 877 ms
ANALYZE
Time: 0 hrs, 0 mins, 0 secs, 814 ms
CREATE TABLE
Time: 0 hrs, 1 mins, 29 secs, 380 ms
CREATE INDEX
Time: 0 hrs, 0 mins, 0 secs, 732 ms
 tmp_first_last 
----------------
        2674634
(1 row)

Time: 0 hrs, 0 mins, 0 secs, 132 ms
ANALYZE
Time: 0 hrs, 0 mins, 1 secs, 382 ms
SET
Time: 0 hrs, 0 mins, 0 secs, 20 ms
SET
Time: 0 hrs, 0 mins, 0 secs, 20 ms
TRUNCATE
Time: 0 hrs, 0 mins, 2 secs, 613 ms
DROP
Time: 0 hrs, 0 mins, 0 secs, 266 ms
INSERT 0 2674634
Time: 0 hrs, 0 mins, 8 secs, 29 ms
 bn_session_stage 
------------------
          2674634
(1 row)

Time: 0 hrs, 0 mins, 1 secs, 91 ms
CREATE INDEX
Time: 0 hrs, 0 mins, 1 secs, 642 ms
ANALYZE
Time: 0 hrs, 0 mins, 1 secs, 637 ms
TRUNCATE
Time: 0 hrs, 0 mins, 1 secs, 495 ms
END
Time: 0 hrs, 0 mins, 16 secs, 770 ms

Wed Jul 13 05:23:25 EDT 2011

BEGIN

           660 - LOAD_BN_SESSION_UPDATE_STAGE

SET
TRUNCATE
INSERT 0 0
END

Wed Jul 13 05:23:34 EDT 2011

Timing is on.

           670 - LOAD_BN_SESSION_20110711.UPDATES

BEGIN
Time: 0 hrs, 0 mins, 1 secs, 0 ms
SET
Time: 0 hrs, 0 mins, 0 secs, 12 ms
UPDATE 0
Time: 0 hrs, 0 mins, 0 secs, 301 ms
END
Time: 0 hrs, 0 mins, 29 secs, 229 ms
VACUUM
Time: 0 hrs, 0 mins, 26 secs, 338 ms

Wed Jul 13 05:24:31 EDT 2011

Timing is on.

           700 - LOAD_BN_SESSION

BEGIN
Time: 0 hrs, 0 mins, 0 secs, 952 ms
SET
Time: 0 hrs, 0 mins, 0 secs, 13 ms
INSERT 0 2674634
Time: 0 hrs, 0 mins, 19 secs, 441 ms
ANALYZE
Time: 0 hrs, 0 mins, 1 secs, 225 ms
END
Time: 0 hrs, 0 mins, 3 secs, 729 ms

Wed Jul 13 05:24:57 EDT 2011

Timing is on.

            750 - LOAD_BN_SESSION_SUMMARY   

BEGIN
Time: 0 hrs, 0 mins, 1 secs, 568 ms
SET
Time: 0 hrs, 0 mins, 0 secs, 13 ms
CREATE TABLE
Time: 0 hrs, 0 mins, 11 secs, 95 ms
TRUNCATE
Time: 0 hrs, 0 mins, 1 secs, 679 ms
INSERT 0 360440
Time: 0 hrs, 0 mins, 8 secs, 798 ms
ANALYZE
Time: 0 hrs, 0 mins, 0 secs, 732 ms
 count(1) 
----------
   360440
(1 row)

Time: 0 hrs, 0 mins, 0 secs, 216 ms
END
Time: 0 hrs, 0 mins, 16 secs, 774 ms

Wed Jul 13 05:25:38 EDT 2011

Timing is on.

           800 - LOAD_BN_HITS

BEGIN
Time: 0 hrs, 0 mins, 1 secs, 334 ms
SET
Time: 0 hrs, 0 mins, 0 secs, 9 ms
SET
Time: 0 hrs, 0 mins, 0 secs, 18 ms
SET
Time: 0 hrs, 0 mins, 0 secs, 18 ms
SET
Time: 0 hrs, 0 mins, 0 secs, 18 ms
TRUNCATE
Time: 0 hrs, 0 mins, 0 secs, 705 ms
INSERT 0 23139623
Time: 0 hrs, 0 mins, 5 secs, 831 ms
 count(1) 
----------
 23139623
(1 row)

Time: 0 hrs, 0 mins, 2 secs, 58 ms
ANALYZE
Time: 0 hrs, 0 mins, 5 secs, 243 ms
END
Time: 0 hrs, 0 mins, 14 secs, 77 ms

Wed Jul 13 05:26:08 EDT 2011

Timing is on.

            900 - LOAD_CLICKSTREAM   

BEGIN
Time: 0 hrs, 0 mins, 0 secs, 970 ms
SET
Time: 0 hrs, 0 mins, 0 secs, 9 ms
TRUNCATE
Time: 0 hrs, 0 mins, 0 secs, 810 ms
INSERT 0 23139623
Time: 0 hrs, 2 mins, 11 secs, 489 ms
 count(1) 
----------
 23139623
(1 row)

Time: 0 hrs, 0 mins, 1 secs, 848 ms
ANALYZE
Time: 0 hrs, 0 mins, 1 secs, 746 ms
END
Time: 0 hrs, 0 mins, 13 secs, 467 ms

Wed Jul 13 05:28:38 EDT 2011

Timing is on.

            1000 - PAGE_VIEW_SUMMARY  

BEGIN
Time: 0 hrs, 0 mins, 8 secs, 102 ms
SET
Time: 0 hrs, 0 mins, 0 secs, 10 ms
SET
Time: 0 hrs, 0 mins, 0 secs, 109 ms
TRUNCATE
Time: 0 hrs, 0 mins, 3 secs, 920 ms
INSERT 0 583796
Time: 0 hrs, 0 mins, 12 secs, 296 ms
 count(1) 
----------
   583796
(1 row)

Time: 0 hrs, 0 mins, 0 secs, 653 ms
ANALYZE
Time: 0 hrs, 0 mins, 0 secs, 383 ms
END
Time: 0 hrs, 0 mins, 56 secs, 283 ms

Wed Jul 13 05:30:01 EDT 2011


2000 - WRAP UP 

Timing is on.
BEGIN
Time: 0 hrs, 0 mins, 2 secs, 404 ms
TRUNCATE
Time: 0 hrs, 0 mins, 0 secs, 610 ms
TRUNCATE
Time: 0 hrs, 0 mins, 0 secs, 760 ms
END
Time: 0 hrs, 0 mins, 3 secs, 511 ms
Wed Jul 13 05:30:08 EDT 2011
Removing lock file and waiting for a minute
Running time of run.sh 20110711: 33 minutes
Checking for lock file /tmp/.iislock
Acquired lock file /tmp/.iislock
-------------------------------------
Processing for 20110711
-------------------------------------

Thu Jul 14 10:23:46 EDT 2011

Timing is on.

           000 - INIT

BEGIN
Time: 0 hrs, 0 mins, 4 secs, 511 ms
*** Truncating staging tables before workflow starts ***
SET
Time: 0 hrs, 0 mins, 0 secs, 12 ms
GRANT
Time: 0 hrs, 0 mins, 19 secs, 761 ms
END
Time: 0 hrs, 0 mins, 9 secs, 756 ms

Thu Jul 14 10:24:21 EDT 2011

Timing is on.

            200 - LOAD_BN_IISLOGS   

BEGIN
Time: 0 hrs, 0 mins, 1 secs, 862 ms
SET
Time: 0 hrs, 0 mins, 0 secs, 10 ms
TRUNCATE
Time: 0 hrs, 0 mins, 2 secs, 427 ms
INSERT 0 84778366
Time: 0 hrs, 19 mins, 32 secs, 242 ms
END
Time: 0 hrs, 1 mins, 37 secs, 312 ms
ALTER TABLE
Time: 0 hrs, 0 mins, 9 secs, 246 ms

Thu Jul 14 10:45:44 EDT 2011

Timing is on.
BEGIN
Time: 0 hrs, 0 mins, 2 secs, 19 ms
SET
Time: 0 hrs, 0 mins, 0 secs, 15 ms

            250 - LOAD_BN_HITS_SP   

TRUNCATE
Time: 0 hrs, 0 mins, 7 secs, 622 ms
INSERT 0 30541246
Time: 0 hrs, 5 mins, 18 secs, 885 ms
ANALYZE
Time: 0 hrs, 1 mins, 6 secs, 879 ms
END
Time: 0 hrs, 2 mins, 13 secs, 14 ms

Thu Jul 14 10:54:33 EDT 2011

Timing is on.
BEGIN
Time: 0 hrs, 0 mins, 9 secs, 970 ms
SET
Time: 0 hrs, 0 mins, 0 secs, 12 ms

           300 - DYNAMIC FILTER

TRUNCATE
Time: 0 hrs, 0 mins, 7 secs, 202 ms
INSERT 0 24854182
Time: 0 hrs, 1 mins, 0 secs, 889 ms
ANALYZE
Time: 0 hrs, 0 mins, 3 secs, 38 ms
 Total records in web_click_cnt 
--------------------------------
                       24854182
(1 row)

Time: 0 hrs, 0 mins, 3 secs, 649 ms
CREATE TABLE
Time: 0 hrs, 0 mins, 14 secs, 412 ms
ANALYZE
Time: 0 hrs, 0 mins, 0 secs, 479 ms
CREATE TABLE
Time: 0 hrs, 0 mins, 6 secs, 65 ms
ANALYZE
Time: 0 hrs, 0 mins, 0 secs, 169 ms
DELETE 1
Time: 0 hrs, 0 mins, 1 secs, 579 ms
INSERT 0 1
Time: 0 hrs, 0 mins, 5 secs, 406 ms
DELETE 1
Time: 0 hrs, 0 mins, 0 secs, 263 ms
INSERT 0 1
Time: 0 hrs, 0 mins, 1 secs, 115 ms
CREATE TABLE
Time: 0 hrs, 0 mins, 15 secs, 801 ms
ANALYZE
Time: 0 hrs, 0 mins, 0 secs, 119 ms
CREATE TABLE
Time: 0 hrs, 0 mins, 6 secs, 685 ms
ANALYZE
Time: 0 hrs, 0 mins, 0 secs, 128 ms
DELETE 1
Time: 0 hrs, 0 mins, 0 secs, 148 ms
INSERT 0 1
Time: 0 hrs, 0 mins, 2 secs, 780 ms
DELETE 1
Time: 0 hrs, 0 mins, 0 secs, 160 ms
INSERT 0 1
Time: 0 hrs, 0 mins, 1 secs, 855 ms
ANALYZE
Time: 0 hrs, 0 mins, 2 secs, 159 ms
    tablename     |    attr_name    | attr_value 
------------------+-----------------+------------
 BN_FILTER_SPIDER | CLK_USER_SD_MPL | 10
 BN_FILTER_SPIDER | IP_USER_SD_MPL  | 1
 BN_FILTER_SPIDER | IP_USER_RATIO   | .955
 BN_FILTER_SPIDER | CLK_USER_MEAN   | 14.265
 BN_FILTER_SPIDER | CLK_USER_SD     | 42.767
 BN_FILTER_SPIDER | IP_USER_MEAN    | 23.847
 BN_FILTER_SPIDER | IP_USER_SD      | 1899.118
(7 rows)

Time: 0 hrs, 0 mins, 1 secs, 762 ms
CREATE TABLE
Time: 0 hrs, 0 mins, 18 secs, 510 ms
CREATE TABLE
Time: 0 hrs, 0 mins, 8 secs, 113 ms
 l_mean_sd_mpl 
---------------
       441.935
(1 row)

Time: 0 hrs, 0 mins, 1 secs, 371 ms
TRUNCATE
Time: 0 hrs, 0 mins, 3 secs, 622 ms
INSERT 0 635
Time: 0 hrs, 0 mins, 19 secs, 601 ms
ANALYZE
Time: 0 hrs, 0 mins, 0 secs, 708 ms
 Total click_user bn_spider_ip records 
---------------------------------------
                                   635
(1 row)

Time: 0 hrs, 0 mins, 1 secs, 528 ms
CREATE TABLE
Time: 0 hrs, 0 mins, 11 secs, 272 ms
ANALYZE
Time: 0 hrs, 0 mins, 0 secs, 368 ms
CREATE TABLE
Time: 0 hrs, 0 mins, 14 secs, 216 ms
ANALYZE
Time: 0 hrs, 0 mins, 0 secs, 282 ms
DROP 
Time: 0 hrs, 0 mins, 0 secs, 287 ms
CREATE TABLE
Time: 0 hrs, 0 mins, 3 secs, 557 ms
 l_mean_sd_mpl | l_ratio 
---------------+---------
      1922.965 |   0.955
(1 row)

Time: 0 hrs, 0 mins, 1 secs, 962 ms
INSERT 0 21719423
Time: 0 hrs, 0 mins, 15 secs, 88 ms
ANALYZE
Time: 0 hrs, 0 mins, 0 secs, 825 ms
 Total ip_user_filter bn_spider_ip records 
-------------------------------------------
                                  21719423
(1 row)

Time: 0 hrs, 0 mins, 2 secs, 906 ms
TRUNCATE
Time: 0 hrs, 0 mins, 4 secs, 116 ms
INSERT 0 23139623
Time: 0 hrs, 1 mins, 26 secs, 900 ms
ANALYZE
Time: 0 hrs, 0 mins, 16 secs, 123 ms
 bn_hits_stage 
---------------
      23139623
(1 row)

Time: 0 hrs, 0 mins, 13 secs, 190 ms
INSERT 0 22579492
Time: 0 hrs, 4 mins, 2 secs, 622 ms
ANALYZE
Time: 0 hrs, 1 mins, 59 secs, 6 ms
 bn_hits_sp_20110711 
---------------------
            53120738
(1 row)

Time: 0 hrs, 0 mins, 15 secs, 416 ms
TRUNCATE
Time: 0 hrs, 0 mins, 6 secs, 510 ms
INSERT 0 8518005
Time: 0 hrs, 0 mins, 21 secs, 587 ms
ANALYZE
Time: 0 hrs, 0 mins, 4 secs, 191 ms
 bn_hits_client_20110711 
-------------------------
                 8518005
(1 row)

Time: 0 hrs, 0 mins, 0 secs, 484 ms
END
Time: 0 hrs, 1 mins, 8 secs, 44 ms

Thu Jul 14 11:08:41 EDT 2011

Timing is on.
BEGIN
Time: 0 hrs, 0 mins, 2 secs, 740 ms

           600 - LOAD RESOURCES

SET
Time: 0 hrs, 0 mins, 0 secs, 11 ms
CREATE TABLE
Time: 0 hrs, 0 mins, 46 secs, 891 ms
ANALYZE
Time: 0 hrs, 0 mins, 20 secs, 630 ms
 tmp_a_count 
-------------
      568785
(1 row)

Time: 0 hrs, 0 mins, 3 secs, 372 ms
UPDATE 0
Time: 0 hrs, 0 mins, 21 secs, 838 ms
ANALYZE
Time: 0 hrs, 0 mins, 1 secs, 95 ms
TRUNCATE
Time: 0 hrs, 0 mins, 6 secs, 204 ms
INSERT 0 0
Time: 0 hrs, 0 mins, 19 secs, 585 ms
ANALYZE
Time: 0 hrs, 0 mins, 0 secs, 44 ms
 first_resource_id | last_resource_id 
-------------------+------------------
                   |                 
(1 row)

Time: 0 hrs, 0 mins, 0 secs, 413 ms
INSERT 0 0
Time: 0 hrs, 0 mins, 4 secs, 477 ms
 total_resources 
-----------------
        24391743
(1 row)

Time: 0 hrs, 0 mins, 0 secs, 846 ms
ANALYZE
Time: 0 hrs, 0 mins, 0 secs, 906 ms
END
Time: 0 hrs, 0 mins, 41 secs, 660 ms
VACUUM
Time: 0 hrs, 1 mins, 52 secs, 639 ms

Thu Jul 14 11:13:25 EDT 2011

Timing is on.

           650 - LOAD_BN_SESSION_STAGE

BEGIN
Time: 0 hrs, 0 mins, 3 secs, 738 ms
SET
Time: 0 hrs, 0 mins, 0 secs, 10 ms
SET
Time: 0 hrs, 0 mins, 0 secs, 41 ms
CREATE TABLE
Time: 0 hrs, 3 mins, 0 secs, 524 ms
ANALYZE
Time: 0 hrs, 0 mins, 12 secs, 603 ms
 tmp_sessionized_stage 
-----------------------
              23139623
(1 row)

Time: 0 hrs, 0 mins, 17 secs, 346 ms
TRUNCATE
Time: 0 hrs, 0 mins, 4 secs, 701 ms
INSERT 0 2674634
Time: 0 hrs, 1 mins, 22 secs, 31 ms
ANALYZE
Time: 0 hrs, 0 mins, 0 secs, 877 ms
CREATE TABLE
Time: 0 hrs, 2 mins, 11 secs, 580 ms
CREATE INDEX
Time: 0 hrs, 0 mins, 1 secs, 365 ms
 tmp_first_last 
----------------
        2674634
(1 row)

Time: 0 hrs, 0 mins, 0 secs, 235 ms
ANALYZE
Time: 0 hrs, 0 mins, 0 secs, 977 ms
SET
Time: 0 hrs, 0 mins, 0 secs, 14 ms
SET
Time: 0 hrs, 0 mins, 0 secs, 13 ms
TRUNCATE
Time: 0 hrs, 0 mins, 1 secs, 830 ms
DROP
Time: 0 hrs, 0 mins, 0 secs, 159 ms
INSERT 0 2674634
Time: 0 hrs, 0 mins, 8 secs, 682 ms
 bn_session_stage 
------------------
          2674634
(1 row)

Time: 0 hrs, 0 mins, 1 secs, 155 ms
CREATE INDEX
Time: 0 hrs, 0 mins, 3 secs, 21 ms
ANALYZE
Time: 0 hrs, 0 mins, 1 secs, 460 ms
TRUNCATE
Time: 0 hrs, 0 mins, 3 secs, 724 ms
END
Time: 0 hrs, 2 mins, 39 secs, 596 ms

Thu Jul 14 11:23:41 EDT 2011

BEGIN

           660 - LOAD_BN_SESSION_UPDATE_STAGE

SET
TRUNCATE
INSERT 0 0
END

Thu Jul 14 11:23:52 EDT 2011

Timing is on.

           670 - LOAD_BN_SESSION_20110711.UPDATES

BEGIN
Time: 0 hrs, 0 mins, 1 secs, 425 ms
SET
Time: 0 hrs, 0 mins, 0 secs, 8 ms
UPDATE 0
Time: 0 hrs, 0 mins, 0 secs, 327 ms
END
Time: 0 hrs, 0 mins, 7 secs, 839 ms
VACUUM
Time: 0 hrs, 2 mins, 35 secs, 962 ms

Thu Jul 14 11:26:38 EDT 2011

Timing is on.

           700 - LOAD_BN_SESSION

BEGIN
Time: 0 hrs, 0 mins, 2 secs, 722 ms
SET
Time: 0 hrs, 0 mins, 0 secs, 7 ms
INSERT 0 2674634
Time: 0 hrs, 0 mins, 25 secs, 431 ms
ANALYZE
Time: 0 hrs, 0 mins, 1 secs, 645 ms
END
Time: 0 hrs, 1 mins, 2 secs, 26 ms

Thu Jul 14 11:28:10 EDT 2011

Timing is on.

            750 - LOAD_BN_SESSION_SUMMARY   

BEGIN
Time: 0 hrs, 0 mins, 8 secs, 237 ms
SET
Time: 0 hrs, 0 mins, 0 secs, 12 ms
CREATE TABLE
Time: 0 hrs, 0 mins, 56 secs, 730 ms
TRUNCATE
Time: 0 hrs, 0 mins, 3 secs, 0 ms
INSERT 0 360620
Time: 0 hrs, 0 mins, 13 secs, 428 ms
ANALYZE
Time: 0 hrs, 0 mins, 1 secs, 521 ms
 count(1) 
----------
   360620
(1 row)

Time: 0 hrs, 0 mins, 0 secs, 423 ms
END
Time: 0 hrs, 0 mins, 23 secs, 424 ms

Thu Jul 14 11:29:57 EDT 2011

Timing is on.

           800 - LOAD_BN_HITS

BEGIN
Time: 0 hrs, 0 mins, 1 secs, 398 ms
SET
Time: 0 hrs, 0 mins, 0 secs, 10 ms
SET
Time: 0 hrs, 0 mins, 0 secs, 38 ms
SET
Time: 0 hrs, 0 mins, 0 secs, 25 ms
SET
Time: 0 hrs, 0 mins, 0 secs, 20 ms
TRUNCATE
Time: 0 hrs, 0 mins, 2 secs, 944 ms
INSERT 0 23139623
Time: 0 hrs, 0 mins, 19 secs, 992 ms
 count(1) 
----------
 23139623
(1 row)

Time: 0 hrs, 0 mins, 1 secs, 389 ms
ANALYZE
Time: 0 hrs, 0 mins, 3 secs, 456 ms
END
Time: 0 hrs, 1 mins, 13 secs, 757 ms

Thu Jul 14 11:31:41 EDT 2011

Timing is on.

            900 - LOAD_CLICKSTREAM   

BEGIN
Time: 0 hrs, 0 mins, 4 secs, 314 ms
SET
Time: 0 hrs, 0 mins, 0 secs, 12 ms
TRUNCATE
Time: 0 hrs, 0 mins, 4 secs, 274 ms
INSERT 0 23139623
Time: 0 hrs, 6 mins, 9 secs, 475 ms
 count(1) 
----------
 23139623
(1 row)

Time: 0 hrs, 0 mins, 1 secs, 818 ms
ANALYZE
Time: 0 hrs, 0 mins, 3 secs, 412 ms
END
Time: 0 hrs, 1 mins, 8 secs, 81 ms

Thu Jul 14 11:39:12 EDT 2011

Timing is on.

            1000 - PAGE_VIEW_SUMMARY  

BEGIN
Time: 0 hrs, 0 mins, 1 secs, 187 ms
SET
Time: 0 hrs, 0 mins, 0 secs, 20 ms
SET
Time: 0 hrs, 0 mins, 0 secs, 63 ms
TRUNCATE
Time: 0 hrs, 0 mins, 3 secs, 144 ms
INSERT 0 583796
Time: 0 hrs, 2 mins, 21 secs, 816 ms
 count(1) 
----------
   583796
(1 row)

Time: 0 hrs, 0 mins, 0 secs, 385 ms
ANALYZE
Time: 0 hrs, 0 mins, 0 secs, 213 ms
END
Time: 0 hrs, 2 mins, 21 secs, 907 ms

Thu Jul 14 11:44:02 EDT 2011


2000 - WRAP UP 

Timing is on.
BEGIN
Time: 0 hrs, 0 mins, 1 secs, 721 ms
TRUNCATE
Time: 0 hrs, 0 mins, 0 secs, 715 ms
TRUNCATE
Time: 0 hrs, 0 mins, 0 secs, 732 ms
END
Time: 0 hrs, 0 mins, 8 secs, 15 ms
Thu Jul 14 11:44:13 EDT 2011
Removing lock file and waiting for a minute
