Checking for lock file /tmp/.iislock
Acquired lock file /tmp/.iislock
-------------------------------------
Processing for 20110429
-------------------------------------

Sat Apr 30 05:27:49 EDT 2011

Timing is on.

           000 - INIT

BEGIN
Time: 0 hrs, 0 mins, 1 secs, 110 ms
*** Truncating staging tables before workflow starts ***
SET
Time: 0 hrs, 0 mins, 0 secs, 28 ms
GRANT
Time: 0 hrs, 0 mins, 5 secs, 956 ms
END
Time: 0 hrs, 0 mins, 0 secs, 875 ms

Sat Apr 30 05:27:58 EDT 2011

Timing is on.

            200 - LOAD_BN_IISLOGS   

BEGIN
Time: 0 hrs, 0 mins, 0 secs, 926 ms
SET
Time: 0 hrs, 0 mins, 0 secs, 10 ms
TRUNCATE
Time: 0 hrs, 0 mins, 0 secs, 741 ms
INSERT 0 45462932
Time: 0 hrs, 8 mins, 27 secs, 793 ms
END
Time: 0 hrs, 0 mins, 14 secs, 526 ms
ALTER TABLE
Time: 0 hrs, 12 mins, 0 secs, 647 ms

Sat Apr 30 05:48:43 EDT 2011

Timing is on.
BEGIN
Time: 0 hrs, 0 mins, 6 secs, 137 ms
SET
Time: 0 hrs, 0 mins, 0 secs, 10 ms

            250 - LOAD_BN_HITS_SP   

TRUNCATE
Time: 0 hrs, 0 mins, 7 secs, 970 ms
INSERT 0 14576061
Time: 0 hrs, 5 mins, 14 secs, 410 ms
ANALYZE
Time: 0 hrs, 0 mins, 17 secs, 469 ms
END
Time: 0 hrs, 0 mins, 50 secs, 213 ms

Sat Apr 30 05:55:20 EDT 2011

Timing is on.
BEGIN
Time: 0 hrs, 0 mins, 3 secs, 244 ms
SET
Time: 0 hrs, 0 mins, 0 secs, 12 ms

           300 - DYNAMIC FILTER

TRUNCATE
Time: 0 hrs, 0 mins, 2 secs, 728 ms
INSERT 0 10602294
Time: 0 hrs, 0 mins, 18 secs, 664 ms
ANALYZE
Time: 0 hrs, 0 mins, 1 secs, 28 ms
 Total records in web_click_cnt 
--------------------------------
                       10602294
(1 row)

Time: 0 hrs, 0 mins, 1 secs, 791 ms
CREATE TABLE
Time: 0 hrs, 0 mins, 10 secs, 650 ms
ANALYZE
Time: 0 hrs, 0 mins, 0 secs, 136 ms
CREATE TABLE
Time: 0 hrs, 0 mins, 1 secs, 284 ms
ANALYZE
Time: 0 hrs, 0 mins, 0 secs, 452 ms
DELETE 1
Time: 0 hrs, 0 mins, 0 secs, 537 ms
INSERT 0 1
Time: 0 hrs, 0 mins, 2 secs, 527 ms
DELETE 1
Time: 0 hrs, 0 mins, 0 secs, 133 ms
INSERT 0 1
Time: 0 hrs, 0 mins, 1 secs, 156 ms
CREATE TABLE
Time: 0 hrs, 0 mins, 3 secs, 50 ms
ANALYZE
Time: 0 hrs, 0 mins, 0 secs, 100 ms
CREATE TABLE
Time: 0 hrs, 0 mins, 1 secs, 277 ms
ANALYZE
Time: 0 hrs, 0 mins, 0 secs, 91 ms
DELETE 1
Time: 0 hrs, 0 mins, 0 secs, 101 ms
INSERT 0 1
Time: 0 hrs, 0 mins, 4 secs, 596 ms
DELETE 1
Time: 0 hrs, 0 mins, 0 secs, 457 ms
INSERT 0 1
Time: 0 hrs, 0 mins, 0 secs, 843 ms
ANALYZE
Time: 0 hrs, 0 mins, 0 secs, 250 ms
    tablename     |    attr_name    | attr_value 
------------------+-----------------+------------
 BN_FILTER_SPIDER | CLK_USER_SD_MPL | 10
 BN_FILTER_SPIDER | IP_USER_SD_MPL  | 1
 BN_FILTER_SPIDER | IP_USER_RATIO   | .955
 BN_FILTER_SPIDER | CLK_USER_MEAN   | 15.164
 BN_FILTER_SPIDER | CLK_USER_SD     | 97.579
 BN_FILTER_SPIDER | IP_USER_MEAN    | 18.314
 BN_FILTER_SPIDER | IP_USER_SD      | 1777.592
(7 rows)

Time: 0 hrs, 0 mins, 0 secs, 597 ms
CREATE TABLE
Time: 0 hrs, 0 mins, 5 secs, 628 ms
CREATE TABLE
Time: 0 hrs, 0 mins, 2 secs, 303 ms
 l_mean_sd_mpl 
---------------
       990.954
(1 row)

Time: 0 hrs, 0 mins, 0 secs, 670 ms
TRUNCATE
Time: 0 hrs, 0 mins, 1 secs, 950 ms
INSERT 0 169
Time: 0 hrs, 0 mins, 8 secs, 896 ms
ANALYZE
Time: 0 hrs, 0 mins, 0 secs, 537 ms
 Total click_user bn_spider_ip records 
---------------------------------------
                                   169
(1 row)

Time: 0 hrs, 0 mins, 1 secs, 203 ms
CREATE TABLE
Time: 0 hrs, 0 mins, 5 secs, 171 ms
ANALYZE
Time: 0 hrs, 0 mins, 0 secs, 124 ms
CREATE TABLE
Time: 0 hrs, 0 mins, 7 secs, 883 ms
ANALYZE
Time: 0 hrs, 0 mins, 0 secs, 115 ms
DROP 
Time: 0 hrs, 0 mins, 0 secs, 575 ms
CREATE TABLE
Time: 0 hrs, 0 mins, 1 secs, 942 ms
 l_mean_sd_mpl | l_ratio 
---------------+---------
      1795.906 |   0.955
(1 row)

Time: 0 hrs, 0 mins, 1 secs, 242 ms
INSERT 0 8732126
Time: 0 hrs, 0 mins, 8 secs, 33 ms
ANALYZE
Time: 0 hrs, 0 mins, 0 secs, 517 ms
 Total ip_user_filter bn_spider_ip records 
-------------------------------------------
                                   8732126
(1 row)

Time: 0 hrs, 0 mins, 0 secs, 755 ms
TRUNCATE
Time: 0 hrs, 0 mins, 2 secs, 54 ms
INSERT 0 14485387
Time: 0 hrs, 0 mins, 34 secs, 671 ms
ANALYZE
Time: 0 hrs, 0 mins, 11 secs, 929 ms
 bn_hits_stage 
---------------
      14485387
(1 row)

Time: 0 hrs, 0 mins, 1 secs, 84 ms
INSERT 0 10980903
Time: 0 hrs, 0 mins, 54 secs, 389 ms
ANALYZE
Time: 0 hrs, 0 mins, 19 secs, 870 ms
 bn_hits_sp_20110429 
---------------------
            25556964
(1 row)

Time: 0 hrs, 0 mins, 8 secs, 218 ms
TRUNCATE
Time: 0 hrs, 0 mins, 2 secs, 304 ms
INSERT 0 5420581
Time: 0 hrs, 0 mins, 8 secs, 33 ms
ANALYZE
Time: 0 hrs, 0 mins, 4 secs, 132 ms
 bn_hits_client_20110429 
-------------------------
                 5420581
(1 row)

Time: 0 hrs, 0 mins, 1 secs, 0 ms
END
Time: 0 hrs, 0 mins, 26 secs, 884 ms

Sat Apr 30 05:59:58 EDT 2011

Timing is on.
BEGIN
Time: 0 hrs, 0 mins, 1 secs, 833 ms

           600 - LOAD RESOURCES

SET
Time: 0 hrs, 0 mins, 0 secs, 13 ms
CREATE TABLE
Time: 0 hrs, 0 mins, 9 secs, 988 ms
ANALYZE
Time: 0 hrs, 0 mins, 0 secs, 772 ms
 tmp_a_count 
-------------
       30624
(1 row)

Time: 0 hrs, 0 mins, 0 secs, 362 ms
UPDATE 0
Time: 0 hrs, 0 mins, 3 secs, 718 ms
ANALYZE
Time: 0 hrs, 0 mins, 1 secs, 851 ms
TRUNCATE
Time: 0 hrs, 0 mins, 2 secs, 446 ms
INSERT 0 4545
Time: 0 hrs, 0 mins, 11 secs, 639 ms
ANALYZE
Time: 0 hrs, 0 mins, 0 secs, 620 ms
 first_resource_id | last_resource_id 
-------------------+------------------
          13389224 |         13393768
(1 row)

Time: 0 hrs, 0 mins, 0 secs, 476 ms
INSERT 0 4545
Time: 0 hrs, 0 mins, 1 secs, 563 ms
 total_resources 
-----------------
        13369373
(1 row)

Time: 0 hrs, 0 mins, 0 secs, 450 ms
ANALYZE
Time: 0 hrs, 0 mins, 2 secs, 30 ms
END
Time: 0 hrs, 0 mins, 4 secs, 3 ms
VACUUM
Time: 0 hrs, 0 mins, 57 secs, 876 ms

Sat Apr 30 06:01:38 EDT 2011

Timing is on.

           650 - LOAD_BN_SESSION_STAGE

BEGIN
Time: 0 hrs, 0 mins, 1 secs, 329 ms
SET
Time: 0 hrs, 0 mins, 0 secs, 10 ms
SET
Time: 0 hrs, 0 mins, 0 secs, 55 ms
CREATE TABLE
Time: 0 hrs, 0 mins, 40 secs, 578 ms
ANALYZE
Time: 0 hrs, 0 mins, 4 secs, 779 ms
 tmp_sessionized_stage 
-----------------------
              14485387
(1 row)

Time: 0 hrs, 0 mins, 0 secs, 592 ms
TRUNCATE
Time: 0 hrs, 0 mins, 1 secs, 158 ms
INSERT 0 1574166
Time: 0 hrs, 0 mins, 31 secs, 112 ms
ANALYZE
Time: 0 hrs, 0 mins, 1 secs, 47 ms
CREATE TABLE
Time: 0 hrs, 1 mins, 14 secs, 609 ms
CREATE INDEX
Time: 0 hrs, 0 mins, 0 secs, 741 ms
 tmp_first_last 
----------------
        1574166
(1 row)

Time: 0 hrs, 0 mins, 0 secs, 350 ms
ANALYZE
Time: 0 hrs, 0 mins, 1 secs, 299 ms
SET
Time: 0 hrs, 0 mins, 0 secs, 69 ms
SET
Time: 0 hrs, 0 mins, 0 secs, 26 ms
TRUNCATE
Time: 0 hrs, 0 mins, 2 secs, 321 ms
DROP
Time: 0 hrs, 0 mins, 0 secs, 218 ms
INSERT 0 1574166
Time: 0 hrs, 0 mins, 10 secs, 417 ms
 bn_session_stage 
------------------
          1574166
(1 row)

Time: 0 hrs, 0 mins, 2 secs, 482 ms
CREATE INDEX
Time: 0 hrs, 0 mins, 4 secs, 717 ms
ANALYZE
Time: 0 hrs, 0 mins, 2 secs, 214 ms
TRUNCATE
Time: 0 hrs, 0 mins, 2 secs, 75 ms
END
Time: 0 hrs, 0 mins, 28 secs, 485 ms

Sat Apr 30 06:05:09 EDT 2011

BEGIN

           660 - LOAD_BN_SESSION_UPDATE_STAGE

SET
TRUNCATE
INSERT 0 0
END

Sat Apr 30 06:05:25 EDT 2011

Timing is on.

           670 - LOAD_BN_SESSION_20110429.UPDATES

BEGIN
Time: 0 hrs, 0 mins, 3 secs, 62 ms
SET
Time: 0 hrs, 0 mins, 0 secs, 7 ms
UPDATE 0
Time: 0 hrs, 0 mins, 1 secs, 217 ms
END
Time: 0 hrs, 0 mins, 16 secs, 6 ms
VACUUM
Time: 0 hrs, 1 mins, 1 secs, 177 ms

Sat Apr 30 06:06:47 EDT 2011

Timing is on.

           700 - LOAD_BN_SESSION

BEGIN
Time: 0 hrs, 0 mins, 2 secs, 235 ms
SET
Time: 0 hrs, 0 mins, 0 secs, 10 ms
INSERT 0 1574166
Time: 0 hrs, 0 mins, 21 secs, 220 ms
ANALYZE
Time: 0 hrs, 0 mins, 2 secs, 535 ms
END
Time: 0 hrs, 1 mins, 17 secs, 745 ms

Sat Apr 30 06:08:31 EDT 2011

Timing is on.

            750 - LOAD_BN_SESSION_SUMMARY   

BEGIN
Time: 0 hrs, 0 mins, 20 secs, 117 ms
SET
Time: 0 hrs, 0 mins, 0 secs, 7 ms
CREATE TABLE
Time: 0 hrs, 0 mins, 27 secs, 331 ms
TRUNCATE
Time: 0 hrs, 0 mins, 3 secs, 663 ms
INSERT 0 148157
Time: 0 hrs, 0 mins, 11 secs, 386 ms
ANALYZE
Time: 0 hrs, 0 mins, 1 secs, 573 ms
 count(1) 
----------
   148157
(1 row)

Time: 0 hrs, 0 mins, 0 secs, 296 ms
END
Time: 0 hrs, 1 mins, 13 secs, 822 ms

Sat Apr 30 06:10:49 EDT 2011

Timing is on.

           800 - LOAD_BN_HITS

BEGIN
Time: 0 hrs, 0 mins, 3 secs, 430 ms
SET
Time: 0 hrs, 0 mins, 0 secs, 13 ms
SET
Time: 0 hrs, 0 mins, 0 secs, 54 ms
SET
Time: 0 hrs, 0 mins, 0 secs, 73 ms
SET
Time: 0 hrs, 0 mins, 0 secs, 124 ms
TRUNCATE
Time: 0 hrs, 56 mins, 22 secs, 434 ms
INSERT 0 14485387
Time: 0 hrs, 0 mins, 36 secs, 905 ms
 count(1) 
----------
 14485387
(1 row)

Time: 0 hrs, 0 mins, 3 secs, 813 ms
ANALYZE
Time: 0 hrs, 0 mins, 4 secs, 509 ms
END
Time: 0 hrs, 1 mins, 47 secs, 529 ms

Sat Apr 30 07:09:49 EDT 2011

Timing is on.

            900 - LOAD_CLICKSTREAM   

BEGIN
Time: 0 hrs, 0 mins, 1 secs, 112 ms
SET
Time: 0 hrs, 0 mins, 0 secs, 16 ms
TRUNCATE
Time: 0 hrs, 0 mins, 2 secs, 513 ms
INSERT 0 14485387
Time: 0 hrs, 5 mins, 43 secs, 215 ms
 count(1) 
----------
 14485387
(1 row)

Time: 0 hrs, 0 mins, 2 secs, 638 ms
ANALYZE
Time: 0 hrs, 0 mins, 2 secs, 329 ms
END
Time: 0 hrs, 0 mins, 15 secs, 812 ms

Sat Apr 30 07:15:57 EDT 2011

Timing is on.

            1000 - PAGE_VIEW_SUMMARY  

BEGIN
Time: 0 hrs, 0 mins, 2 secs, 504 ms
SET
Time: 0 hrs, 0 mins, 0 secs, 10 ms
SET
Time: 0 hrs, 0 mins, 0 secs, 21 ms
TRUNCATE
Time: 0 hrs, 0 mins, 4 secs, 400 ms
INSERT 0 36177
Time: 0 hrs, 0 mins, 16 secs, 369 ms
 count(1) 
----------
    36177
(1 row)

Time: 0 hrs, 0 mins, 0 secs, 215 ms
ANALYZE
Time: 0 hrs, 0 mins, 0 secs, 159 ms
END
Time: 0 hrs, 0 mins, 20 secs, 119 ms

Sat Apr 30 07:16:41 EDT 2011


2000 - WRAP UP 

Timing is on.
BEGIN
Time: 0 hrs, 0 mins, 3 secs, 842 ms
TRUNCATE
Time: 0 hrs, 0 mins, 2 secs, 644 ms
TRUNCATE
Time: 0 hrs, 0 mins, 4 secs, 83 ms
END
Time: 0 hrs, 1 mins, 6 secs, 888 ms
Sat Apr 30 07:17:59 EDT 2011
Removing lock file and waiting for a minute
Checking for lock file /tmp/.iislock
Acquired lock file /tmp/.iislock
-------------------------------------
Processing for 20110429
-------------------------------------

Sun May 1 06:01:20 EDT 2011

Timing is on.

           000 - INIT

BEGIN
Time: 0 hrs, 0 mins, 1 secs, 370 ms
*** Truncating staging tables before workflow starts ***
SET
Time: 0 hrs, 0 mins, 0 secs, 13 ms
GRANT
Time: 0 hrs, 0 mins, 6 secs, 0 ms
END
Time: 0 hrs, 0 mins, 1 secs, 357 ms

Sun May 1 06:01:29 EDT 2011

Timing is on.

            200 - LOAD_BN_IISLOGS   

BEGIN
Time: 0 hrs, 0 mins, 1 secs, 21 ms
SET
Time: 0 hrs, 0 mins, 0 secs, 10 ms
TRUNCATE
Time: 0 hrs, 0 mins, 1 secs, 285 ms
INSERT 0 60942309
Time: 0 hrs, 10 mins, 32 secs, 311 ms
END
Time: 0 hrs, 0 mins, 4 secs, 322 ms
ALTER TABLE
Time: 0 hrs, 0 mins, 4 secs, 323 ms

Sun May 1 06:12:13 EDT 2011

Timing is on.
BEGIN
Time: 0 hrs, 0 mins, 1 secs, 440 ms
SET
Time: 0 hrs, 0 mins, 0 secs, 6 ms

            250 - LOAD_BN_HITS_SP   

TRUNCATE
Time: 0 hrs, 0 mins, 0 secs, 788 ms
INSERT 0 19584444
Time: 0 hrs, 4 mins, 27 secs, 422 ms
ANALYZE
Time: 0 hrs, 0 mins, 7 secs, 874 ms
END
Time: 0 hrs, 0 mins, 3 secs, 510 ms

Sun May 1 06:16:54 EDT 2011

Timing is on.
BEGIN
Time: 0 hrs, 0 mins, 1 secs, 872 ms
SET
Time: 0 hrs, 0 mins, 0 secs, 19 ms

           300 - DYNAMIC FILTER

TRUNCATE
Time: 0 hrs, 0 mins, 1 secs, 90 ms
INSERT 0 13211499
Time: 0 hrs, 0 mins, 6 secs, 764 ms
ANALYZE
Time: 0 hrs, 0 mins, 0 secs, 465 ms
 Total records in web_click_cnt 
--------------------------------
                       13211499
(1 row)

Time: 0 hrs, 0 mins, 0 secs, 985 ms
CREATE TABLE
Time: 0 hrs, 0 mins, 2 secs, 660 ms
ANALYZE
Time: 0 hrs, 0 mins, 0 secs, 138 ms
CREATE TABLE
Time: 0 hrs, 0 mins, 0 secs, 577 ms
ANALYZE
Time: 0 hrs, 0 mins, 0 secs, 96 ms
DELETE 1
Time: 0 hrs, 0 mins, 0 secs, 219 ms
INSERT 0 1
Time: 0 hrs, 0 mins, 0 secs, 426 ms
DELETE 1
Time: 0 hrs, 0 mins, 0 secs, 112 ms
INSERT 0 1
Time: 0 hrs, 0 mins, 0 secs, 395 ms
CREATE TABLE
Time: 0 hrs, 0 mins, 1 secs, 412 ms
ANALYZE
Time: 0 hrs, 0 mins, 0 secs, 140 ms
CREATE TABLE
Time: 0 hrs, 0 mins, 0 secs, 603 ms
ANALYZE
Time: 0 hrs, 0 mins, 0 secs, 100 ms
DELETE 1
Time: 0 hrs, 0 mins, 0 secs, 154 ms
INSERT 0 1
Time: 0 hrs, 0 mins, 0 secs, 392 ms
DELETE 1
Time: 0 hrs, 0 mins, 0 secs, 155 ms
INSERT 0 1
Time: 0 hrs, 0 mins, 0 secs, 297 ms
ANALYZE
Time: 0 hrs, 0 mins, 0 secs, 228 ms
    tablename     |    attr_name    | attr_value 
------------------+-----------------+------------
 BN_FILTER_SPIDER | CLK_USER_SD_MPL | 10
 BN_FILTER_SPIDER | IP_USER_SD_MPL  | 1
 BN_FILTER_SPIDER | IP_USER_RATIO   | .955
 BN_FILTER_SPIDER | CLK_USER_MEAN   | 15.948
 BN_FILTER_SPIDER | CLK_USER_SD     | 88.018
 BN_FILTER_SPIDER | IP_USER_MEAN    | 17.371
 BN_FILTER_SPIDER | IP_USER_SD      | 1983.933
(7 rows)

Time: 0 hrs, 0 mins, 0 secs, 247 ms
CREATE TABLE
Time: 0 hrs, 0 mins, 3 secs, 469 ms
CREATE TABLE
Time: 0 hrs, 0 mins, 0 secs, 692 ms
 l_mean_sd_mpl 
---------------
       896.128
(1 row)

Time: 0 hrs, 0 mins, 0 secs, 175 ms
TRUNCATE
Time: 0 hrs, 0 mins, 0 secs, 389 ms
INSERT 0 247
Time: 0 hrs, 0 mins, 3 secs, 753 ms
ANALYZE
Time: 0 hrs, 0 mins, 0 secs, 81 ms
 Total click_user bn_spider_ip records 
---------------------------------------
                                   247
(1 row)

Time: 0 hrs, 0 mins, 0 secs, 172 ms
CREATE TABLE
Time: 0 hrs, 0 mins, 1 secs, 848 ms
ANALYZE
Time: 0 hrs, 0 mins, 0 secs, 244 ms
CREATE TABLE
Time: 0 hrs, 0 mins, 2 secs, 300 ms
ANALYZE
Time: 0 hrs, 0 mins, 0 secs, 110 ms
DROP 
Time: 0 hrs, 0 mins, 2 secs, 337 ms
CREATE TABLE
Time: 0 hrs, 0 mins, 0 secs, 613 ms
 l_mean_sd_mpl | l_ratio 
---------------+---------
      2001.304 |   0.955
(1 row)

Time: 0 hrs, 0 mins, 0 secs, 166 ms
INSERT 0 10796092
Time: 0 hrs, 0 mins, 4 secs, 874 ms
ANALYZE
Time: 0 hrs, 0 mins, 0 secs, 313 ms
 Total ip_user_filter bn_spider_ip records 
-------------------------------------------
                                  10796092
(1 row)

Time: 0 hrs, 0 mins, 0 secs, 729 ms
TRUNCATE
Time: 0 hrs, 0 mins, 0 secs, 575 ms
INSERT 0 19609261
Time: 0 hrs, 0 mins, 25 secs, 681 ms
ANALYZE
Time: 0 hrs, 0 mins, 5 secs, 608 ms
 bn_hits_stage 
---------------
      19609261
(1 row)

Time: 0 hrs, 0 mins, 0 secs, 790 ms
INSERT 0 13638596
Time: 0 hrs, 0 mins, 39 secs, 388 ms
ANALYZE
Time: 0 hrs, 0 mins, 11 secs, 925 ms
 bn_hits_sp_20110429 
---------------------
            33223040
(1 row)

Time: 0 hrs, 0 mins, 33 secs, 1 ms
TRUNCATE
Time: 0 hrs, 0 mins, 1 secs, 90 ms
INSERT 0 8110008
Time: 0 hrs, 0 mins, 14 secs, 102 ms
ANALYZE
Time: 0 hrs, 0 mins, 3 secs, 373 ms
 bn_hits_client_20110429 
-------------------------
                 8110008
(1 row)

Time: 0 hrs, 0 mins, 0 secs, 353 ms
END
Time: 0 hrs, 0 mins, 2 secs, 557 ms

Sun May 1 06:19:56 EDT 2011

Timing is on.
BEGIN
Time: 0 hrs, 0 mins, 3 secs, 287 ms

           600 - LOAD RESOURCES

SET
Time: 0 hrs, 0 mins, 0 secs, 61 ms
CREATE TABLE
Time: 0 hrs, 0 mins, 8 secs, 68 ms
ANALYZE
Time: 0 hrs, 0 mins, 1 secs, 228 ms
 tmp_a_count 
-------------
       39539
(1 row)

Time: 0 hrs, 0 mins, 1 secs, 406 ms
UPDATE 0
Time: 0 hrs, 0 mins, 3 secs, 106 ms
ANALYZE
Time: 0 hrs, 0 mins, 0 secs, 945 ms
TRUNCATE
Time: 0 hrs, 0 mins, 1 secs, 396 ms
INSERT 0 1382
Time: 0 hrs, 0 mins, 6 secs, 554 ms
ANALYZE
Time: 0 hrs, 0 mins, 0 secs, 790 ms
 first_resource_id | last_resource_id 
-------------------+------------------
          13399305 |         13400686
(1 row)

Time: 0 hrs, 0 mins, 0 secs, 441 ms
INSERT 0 1382
Time: 0 hrs, 0 mins, 0 secs, 868 ms
 total_resources 
-----------------
        13376291
(1 row)

Time: 0 hrs, 0 mins, 0 secs, 436 ms
ANALYZE
Time: 0 hrs, 0 mins, 1 secs, 211 ms
END
Time: 0 hrs, 0 mins, 1 secs, 668 ms
VACUUM
Time: 0 hrs, 0 mins, 33 secs, 96 ms

Sun May 1 06:21:02 EDT 2011

Timing is on.

           650 - LOAD_BN_SESSION_STAGE

BEGIN
Time: 0 hrs, 0 mins, 3 secs, 256 ms
SET
Time: 0 hrs, 0 mins, 0 secs, 137 ms
SET
Time: 0 hrs, 0 mins, 0 secs, 26 ms
CREATE TABLE
Time: 0 hrs, 0 mins, 48 secs, 835 ms
ANALYZE
Time: 0 hrs, 0 mins, 4 secs, 771 ms
 tmp_sessionized_stage 
-----------------------
              19609261
(1 row)

Time: 0 hrs, 0 mins, 0 secs, 454 ms
TRUNCATE
Time: 0 hrs, 0 mins, 0 secs, 723 ms
INSERT 0 2056375
Time: 0 hrs, 0 mins, 33 secs, 950 ms
ANALYZE
Time: 0 hrs, 0 mins, 1 secs, 276 ms
CREATE TABLE
Time: 0 hrs, 0 mins, 53 secs, 515 ms
CREATE INDEX
Time: 0 hrs, 0 mins, 0 secs, 370 ms
 tmp_first_last 
----------------
        2056375
(1 row)

Time: 0 hrs, 0 mins, 0 secs, 372 ms
ANALYZE
Time: 0 hrs, 0 mins, 1 secs, 97 ms
SET
Time: 0 hrs, 0 mins, 0 secs, 17 ms
SET
Time: 0 hrs, 0 mins, 0 secs, 12 ms
TRUNCATE
Time: 0 hrs, 0 mins, 1 secs, 485 ms
DROP
Time: 0 hrs, 0 mins, 0 secs, 333 ms
INSERT 0 2056375
Time: 0 hrs, 0 mins, 9 secs, 130 ms
 bn_session_stage 
------------------
          2056375
(1 row)

Time: 0 hrs, 0 mins, 1 secs, 639 ms
CREATE INDEX
Time: 0 hrs, 0 mins, 2 secs, 246 ms
ANALYZE
Time: 0 hrs, 0 mins, 1 secs, 986 ms
TRUNCATE
Time: 0 hrs, 0 mins, 2 secs, 217 ms
END
Time: 0 hrs, 0 mins, 5 secs, 903 ms

Sun May 1 06:23:56 EDT 2011

BEGIN

           660 - LOAD_BN_SESSION_UPDATE_STAGE

SET
TRUNCATE
INSERT 0 0
END

Sun May 1 06:24:07 EDT 2011

Timing is on.

           670 - LOAD_BN_SESSION_20110429.UPDATES

BEGIN
Time: 0 hrs, 0 mins, 1 secs, 32 ms
SET
Time: 0 hrs, 0 mins, 0 secs, 7 ms
UPDATE 0
Time: 0 hrs, 0 mins, 0 secs, 581 ms
END
Time: 0 hrs, 0 mins, 14 secs, 407 ms
VACUUM
Time: 0 hrs, 0 mins, 7 secs, 641 ms

Sun May 1 06:24:31 EDT 2011

Timing is on.

           700 - LOAD_BN_SESSION

BEGIN
Time: 0 hrs, 0 mins, 1 secs, 421 ms
SET
Time: 0 hrs, 0 mins, 0 secs, 11 ms
INSERT 0 2056375
Time: 0 hrs, 0 mins, 10 secs, 66 ms
ANALYZE
Time: 0 hrs, 0 mins, 1 secs, 854 ms
END
Time: 0 hrs, 0 mins, 19 secs, 60 ms

Sun May 1 06:25:04 EDT 2011

Timing is on.

            750 - LOAD_BN_SESSION_SUMMARY   

BEGIN
Time: 0 hrs, 0 mins, 1 secs, 619 ms
SET
Time: 0 hrs, 0 mins, 0 secs, 11 ms
CREATE TABLE
Time: 0 hrs, 0 mins, 9 secs, 807 ms
TRUNCATE
Time: 0 hrs, 0 mins, 1 secs, 297 ms
INSERT 0 181091
Time: 0 hrs, 0 mins, 9 secs, 172 ms
ANALYZE
Time: 0 hrs, 0 mins, 0 secs, 867 ms
 count(1) 
----------
   181091
(1 row)

Time: 0 hrs, 0 mins, 0 secs, 259 ms
END
Time: 0 hrs, 0 mins, 23 secs, 907 ms

Sun May 1 06:25:51 EDT 2011

Timing is on.

           800 - LOAD_BN_HITS

BEGIN
Time: 0 hrs, 0 mins, 5 secs, 19 ms
SET
Time: 0 hrs, 0 mins, 0 secs, 40 ms
SET
Time: 0 hrs, 0 mins, 0 secs, 12 ms
SET
Time: 0 hrs, 0 mins, 0 secs, 19 ms
SET
Time: 0 hrs, 0 mins, 0 secs, 20 ms
TRUNCATE
Time: 0 hrs, 0 mins, 1 secs, 324 ms
INSERT 0 19609261
Time: 0 hrs, 0 mins, 11 secs, 788 ms
 count(1) 
----------
 19609261
(1 row)

Time: 0 hrs, 0 mins, 0 secs, 663 ms
ANALYZE
Time: 0 hrs, 0 mins, 5 secs, 561 ms
END
Time: 0 hrs, 0 mins, 12 secs, 527 ms

Sun May 1 06:26:30 EDT 2011

Timing is on.

            900 - LOAD_CLICKSTREAM   

BEGIN
Time: 0 hrs, 0 mins, 4 secs, 871 ms
SET
Time: 0 hrs, 0 mins, 0 secs, 12 ms
TRUNCATE
Time: 0 hrs, 0 mins, 5 secs, 590 ms
INSERT 0 19609261
Time: 0 hrs, 2 mins, 3 secs, 11 ms
 count(1) 
----------
 19609261
(1 row)

Time: 0 hrs, 0 mins, 0 secs, 807 ms
ANALYZE
Time: 0 hrs, 0 mins, 2 secs, 123 ms
END
Time: 0 hrs, 0 mins, 4 secs, 167 ms

Sun May 1 06:28:51 EDT 2011

Timing is on.

            1000 - PAGE_VIEW_SUMMARY  

BEGIN
Time: 0 hrs, 0 mins, 2 secs, 896 ms
SET
Time: 0 hrs, 0 mins, 0 secs, 33 ms
SET
Time: 0 hrs, 0 mins, 0 secs, 13 ms
TRUNCATE
Time: 0 hrs, 0 mins, 0 secs, 805 ms
INSERT 0 46124
Time: 0 hrs, 0 mins, 20 secs, 544 ms
 count(1) 
----------
    46124
(1 row)

Time: 0 hrs, 0 mins, 0 secs, 409 ms
ANALYZE
Time: 0 hrs, 0 mins, 0 secs, 152 ms
END
Time: 0 hrs, 0 mins, 4 secs, 150 ms

Sun May 1 06:29:22 EDT 2011


2000 - WRAP UP 

Timing is on.
BEGIN
Time: 0 hrs, 0 mins, 1 secs, 930 ms
TRUNCATE
Time: 0 hrs, 0 mins, 0 secs, 465 ms
TRUNCATE
Time: 0 hrs, 0 mins, 0 secs, 479 ms
END
Time: 0 hrs, 0 mins, 2 secs, 514 ms
Sun May 1 06:29:27 EDT 2011
Removing lock file and waiting for a minute
