Checking for lock file /tmp/.iislock
Acquired lock file /tmp/.iislock
-------------------------------------
Processing for 20110729
-------------------------------------

Sat Jul 30 07:07:06 EDT 2011

Timing is on.

           000 - INIT

BEGIN
Time: 0 hrs, 0 mins, 0 secs, 930 ms
*** Truncating staging tables before workflow starts ***
SET
Time: 0 hrs, 0 mins, 0 secs, 12 ms
GRANT
Time: 0 hrs, 0 mins, 2 secs, 703 ms
END
Time: 0 hrs, 0 mins, 22 secs, 428 ms

Sat Jul 30 07:07:33 EDT 2011

Timing is on.

            200 - LOAD_BN_IISLOGS   

BEGIN
Time: 0 hrs, 0 mins, 1 secs, 49 ms
SET
Time: 0 hrs, 0 mins, 0 secs, 10 ms
TRUNCATE
Time: 0 hrs, 0 mins, 2 secs, 195 ms
INSERT 0 58559255
Time: 0 hrs, 11 mins, 40 secs, 702 ms
END
Time: 0 hrs, 0 mins, 52 secs, 126 ms
ALTER TABLE
Time: 0 hrs, 8 mins, 13 secs, 961 ms

Sat Jul 30 07:28:23 EDT 2011

Timing is on.
BEGIN
Time: 0 hrs, 0 mins, 1 secs, 611 ms
SET
Time: 0 hrs, 0 mins, 0 secs, 11 ms

            250 - LOAD_BN_HITS_SP   

TRUNCATE
Time: 0 hrs, 0 mins, 2 secs, 586 ms
ERROR:  invalid input syntax for type numeric: "978025206..."
NOTICE:  current transaction is aborted, queries ignored until end of transaction block
ABORT
Time: 0 hrs, 0 mins, 0 secs, 47 ms

Sat Jul 30 07:32:05 EDT 2011

Timing is on.
BEGIN
Time: 0 hrs, 0 mins, 1 secs, 789 ms
SET
Time: 0 hrs, 0 mins, 0 secs, 14 ms

           300 - DYNAMIC FILTER

TRUNCATE
Time: 0 hrs, 0 mins, 2 secs, 664 ms
INSERT 0 16296603
Time: 0 hrs, 2 mins, 2 secs, 102 ms
ANALYZE
Time: 0 hrs, 0 mins, 5 secs, 584 ms
 Total records in web_click_cnt 
--------------------------------
                       16296603
(1 row)

Time: 0 hrs, 0 mins, 6 secs, 206 ms
CREATE TABLE
Time: 0 hrs, 0 mins, 30 secs, 96 ms
ANALYZE
Time: 0 hrs, 0 mins, 0 secs, 128 ms
CREATE TABLE
Time: 0 hrs, 0 mins, 1 secs, 922 ms
ANALYZE
Time: 0 hrs, 0 mins, 0 secs, 291 ms
DELETE 1
Time: 0 hrs, 0 mins, 0 secs, 746 ms
INSERT 0 1
Time: 0 hrs, 0 mins, 1 secs, 95 ms
DELETE 1
Time: 0 hrs, 0 mins, 0 secs, 137 ms
INSERT 0 1
Time: 0 hrs, 0 mins, 0 secs, 910 ms
CREATE TABLE
Time: 0 hrs, 0 mins, 12 secs, 431 ms
ANALYZE
Time: 0 hrs, 0 mins, 0 secs, 204 ms
CREATE TABLE
Time: 0 hrs, 0 mins, 7 secs, 830 ms
ANALYZE
Time: 0 hrs, 0 mins, 0 secs, 84 ms
DELETE 1
Time: 0 hrs, 0 mins, 0 secs, 178 ms
INSERT 0 1
Time: 0 hrs, 0 mins, 0 secs, 714 ms
DELETE 1
Time: 0 hrs, 0 mins, 0 secs, 122 ms
INSERT 0 1
Time: 0 hrs, 0 mins, 0 secs, 761 ms
ANALYZE
Time: 0 hrs, 0 mins, 0 secs, 299 ms
    tablename     |    attr_name    | attr_value 
------------------+-----------------+------------
 BN_FILTER_SPIDER | CLK_USER_SD_MPL | 10
 BN_FILTER_SPIDER | IP_USER_SD_MPL  | 1
 BN_FILTER_SPIDER | IP_USER_RATIO   | .955
 BN_FILTER_SPIDER | CLK_USER_MEAN   | 11.662
 BN_FILTER_SPIDER | CLK_USER_SD     | 62.993
 BN_FILTER_SPIDER | IP_USER_MEAN    | 19.000
 BN_FILTER_SPIDER | IP_USER_SD      | 1510.020
(7 rows)

Time: 0 hrs, 0 mins, 0 secs, 409 ms
CREATE TABLE
Time: 0 hrs, 0 mins, 12 secs, 25 ms
CREATE TABLE
Time: 0 hrs, 0 mins, 4 secs, 133 ms
 l_mean_sd_mpl 
---------------
       641.592
(1 row)

Time: 0 hrs, 0 mins, 0 secs, 900 ms
TRUNCATE
Time: 0 hrs, 0 mins, 1 secs, 921 ms
INSERT 0 237
Time: 0 hrs, 0 mins, 13 secs, 584 ms
ANALYZE
Time: 0 hrs, 0 mins, 0 secs, 491 ms
 Total click_user bn_spider_ip records 
---------------------------------------
                                   237
(1 row)

Time: 0 hrs, 0 mins, 0 secs, 416 ms
CREATE TABLE
Time: 0 hrs, 0 mins, 3 secs, 207 ms
ANALYZE
Time: 0 hrs, 0 mins, 0 secs, 73 ms
CREATE TABLE
Time: 0 hrs, 0 mins, 2 secs, 545 ms
ANALYZE
Time: 0 hrs, 0 mins, 0 secs, 92 ms
DROP 
Time: 0 hrs, 0 mins, 0 secs, 207 ms
CREATE TABLE
Time: 0 hrs, 0 mins, 1 secs, 76 ms
 l_mean_sd_mpl | l_ratio 
---------------+---------
      1529.020 |   0.955
(1 row)

Time: 0 hrs, 0 mins, 0 secs, 397 ms
INSERT 0 14098779
Time: 0 hrs, 0 mins, 7 secs, 663 ms
ANALYZE
Time: 0 hrs, 0 mins, 0 secs, 414 ms
 Total ip_user_filter bn_spider_ip records 
-------------------------------------------
                                  14098779
(1 row)

Time: 0 hrs, 0 mins, 0 secs, 546 ms
TRUNCATE
Time: 0 hrs, 0 mins, 2 secs, 759 ms
ERROR:  invalid input syntax for type numeric: "0870715267.."
NOTICE:  current transaction is aborted, queries ignored until end of transaction block
NOTICE:  current transaction is aborted, queries ignored until end of transaction block
NOTICE:  current transaction is aborted, queries ignored until end of transaction block
NOTICE:  current transaction is aborted, queries ignored until end of transaction block
NOTICE:  current transaction is aborted, queries ignored until end of transaction block
NOTICE:  current transaction is aborted, queries ignored until end of transaction block
NOTICE:  current transaction is aborted, queries ignored until end of transaction block
NOTICE:  current transaction is aborted, queries ignored until end of transaction block
NOTICE:  current transaction is aborted, queries ignored until end of transaction block
ABORT
Time: 0 hrs, 0 mins, 0 secs, 97 ms

Sat Jul 30 07:37:06 EDT 2011

Timing is on.
BEGIN
Time: 0 hrs, 0 mins, 0 secs, 955 ms

           600 - LOAD RESOURCES

SET
Time: 0 hrs, 0 mins, 0 secs, 12 ms
CREATE TABLE
Time: 0 hrs, 2 mins, 50 secs, 197 ms
ANALYZE
Time: 0 hrs, 0 mins, 3 secs, 675 ms
 tmp_a_count 
-------------
      581051
(1 row)

Time: 0 hrs, 0 mins, 0 secs, 601 ms
UPDATE 0
Time: 0 hrs, 0 mins, 8 secs, 350 ms
ANALYZE
Time: 0 hrs, 0 mins, 0 secs, 926 ms
TRUNCATE
Time: 0 hrs, 0 mins, 2 secs, 364 ms
INSERT 0 0
Time: 0 hrs, 0 mins, 25 secs, 625 ms
ANALYZE
Time: 0 hrs, 0 mins, 0 secs, 31 ms
 first_resource_id | last_resource_id 
-------------------+------------------
                   |                 
(1 row)

Time: 0 hrs, 0 mins, 0 secs, 569 ms
INSERT 0 0
Time: 0 hrs, 0 mins, 2 secs, 107 ms
 total_resources 
-----------------
        29744323
(1 row)

Time: 0 hrs, 0 mins, 1 secs, 179 ms
ANALYZE
Time: 0 hrs, 0 mins, 1 secs, 858 ms
END
Time: 0 hrs, 0 mins, 23 secs, 307 ms
VACUUM
Time: 0 hrs, 4 mins, 17 secs, 702 ms

Sat Jul 30 07:45:26 EDT 2011

Timing is on.

           650 - LOAD_BN_SESSION_STAGE

BEGIN
Time: 0 hrs, 0 mins, 2 secs, 375 ms
SET
Time: 0 hrs, 0 mins, 0 secs, 11 ms
SET
Time: 0 hrs, 0 mins, 0 secs, 70 ms
CREATE TABLE
Time: 0 hrs, 2 mins, 14 secs, 772 ms
ANALYZE
Time: 0 hrs, 0 mins, 17 secs, 756 ms
 tmp_sessionized_stage 
-----------------------
              21647557
(1 row)

Time: 0 hrs, 0 mins, 9 secs, 156 ms
TRUNCATE
Time: 0 hrs, 0 mins, 6 secs, 911 ms
INSERT 0 2824904
Time: 0 hrs, 2 mins, 5 secs, 911 ms
ANALYZE
Time: 0 hrs, 0 mins, 0 secs, 741 ms
CREATE TABLE
Time: 0 hrs, 4 mins, 46 secs, 115 ms
CREATE INDEX
Time: 0 hrs, 0 mins, 5 secs, 165 ms
 tmp_first_last 
----------------
        2824904
(1 row)

Time: 0 hrs, 0 mins, 1 secs, 40 ms
ANALYZE
Time: 0 hrs, 0 mins, 1 secs, 218 ms
SET
Time: 0 hrs, 0 mins, 0 secs, 80 ms
SET
Time: 0 hrs, 0 mins, 0 secs, 48 ms
TRUNCATE
Time: 0 hrs, 0 mins, 16 secs, 78 ms
DROP
Time: 0 hrs, 0 mins, 0 secs, 646 ms
INSERT 0 2824904
Time: 0 hrs, 0 mins, 31 secs, 83 ms
 bn_session_stage 
------------------
          2824904
(1 row)

Time: 0 hrs, 0 mins, 2 secs, 725 ms
CREATE INDEX
Time: 0 hrs, 0 mins, 3 secs, 656 ms
ANALYZE
Time: 0 hrs, 0 mins, 2 secs, 887 ms
TRUNCATE
Time: 0 hrs, 0 mins, 4 secs, 48 ms
END
Time: 0 hrs, 0 mins, 21 secs, 858 ms

Sat Jul 30 07:56:40 EDT 2011

BEGIN

           660 - LOAD_BN_SESSION_UPDATE_STAGE

SET
TRUNCATE
INSERT 0 0
END

Sat Jul 30 07:57:30 EDT 2011

Timing is on.

           670 - LOAD_BN_SESSION_20110729.UPDATES

BEGIN
Time: 0 hrs, 0 mins, 1 secs, 938 ms
SET
Time: 0 hrs, 0 mins, 0 secs, 8 ms
UPDATE 0
Time: 0 hrs, 0 mins, 1 secs, 87 ms
END
Time: 0 hrs, 0 mins, 17 secs, 958 ms
VACUUM
Time: 0 hrs, 0 mins, 28 secs, 585 ms

Sat Jul 30 07:58:20 EDT 2011

Timing is on.

           700 - LOAD_BN_SESSION

BEGIN
Time: 0 hrs, 0 mins, 3 secs, 760 ms
SET
Time: 0 hrs, 0 mins, 0 secs, 15 ms
INSERT 0 0
Time: 0 hrs, 3 mins, 15 secs, 281 ms
ANALYZE
Time: 0 hrs, 0 mins, 0 secs, 235 ms
END
Time: 0 hrs, 1 mins, 10 secs, 633 ms

Sat Jul 30 08:02:50 EDT 2011

Timing is on.

            750 - LOAD_BN_SESSION_SUMMARY   

BEGIN
Time: 0 hrs, 0 mins, 4 secs, 281 ms
SET
Time: 0 hrs, 0 mins, 0 secs, 12 ms
CREATE TABLE
Time: 0 hrs, 2 mins, 38 secs, 47 ms
TRUNCATE
Time: 0 hrs, 5 mins, 40 secs, 158 ms
INSERT 0 0
Time: 0 hrs, 2 mins, 23 secs, 996 ms
ANALYZE
Time: 0 hrs, 0 mins, 0 secs, 37 ms
 count(1) 
----------
        0
(1 row)

Time: 0 hrs, 0 mins, 0 secs, 123 ms
END
Time: 0 hrs, 0 mins, 5 secs, 951 ms

Sat Jul 30 08:13:43 EDT 2011

Timing is on.

           800 - LOAD_BN_HITS

BEGIN
Time: 0 hrs, 0 mins, 2 secs, 278 ms
SET
Time: 0 hrs, 0 mins, 0 secs, 12 ms
SET
Time: 0 hrs, 0 mins, 0 secs, 45 ms
SET
Time: 0 hrs, 0 mins, 0 secs, 48 ms
SET
Time: 0 hrs, 0 mins, 0 secs, 31 ms
TRUNCATE
Time: 0 hrs, 0 mins, 1 secs, 430 ms
INSERT 0 0
Time: 0 hrs, 0 mins, 3 secs, 81 ms
 count(1) 
----------
        0
(1 row)

Time: 0 hrs, 0 mins, 1 secs, 61 ms
ANALYZE
Time: 0 hrs, 0 mins, 0 secs, 94 ms
END
Time: 0 hrs, 0 mins, 5 secs, 255 ms

Sat Jul 30 08:13:57 EDT 2011

Timing is on.

            900 - LOAD_CLICKSTREAM   

BEGIN
Time: 0 hrs, 0 mins, 1 secs, 924 ms
SET
Time: 0 hrs, 0 mins, 0 secs, 23 ms
TRUNCATE
Time: 0 hrs, 0 mins, 1 secs, 571 ms
INSERT 0 0
Time: 0 hrs, 3 mins, 41 secs, 89 ms
 count(1) 
----------
        0
(1 row)

Time: 0 hrs, 0 mins, 0 secs, 341 ms
ANALYZE
Time: 0 hrs, 0 mins, 0 secs, 268 ms
END
Time: 0 hrs, 0 mins, 4 secs, 398 ms

Sat Jul 30 08:17:47 EDT 2011

Timing is on.

            1000 - PAGE_VIEW_SUMMARY  

BEGIN
Time: 0 hrs, 0 mins, 2 secs, 491 ms
SET
Time: 0 hrs, 0 mins, 0 secs, 7 ms
SET
Time: 0 hrs, 0 mins, 0 secs, 38 ms
TRUNCATE
Time: 0 hrs, 3 mins, 14 secs, 511 ms
INSERT 0 0
Time: 0 hrs, 0 mins, 1 secs, 697 ms
 count(1) 
----------
        0
(1 row)

Time: 0 hrs, 0 mins, 0 secs, 195 ms
ANALYZE
Time: 0 hrs, 0 mins, 0 secs, 27 ms
END
Time: 0 hrs, 0 mins, 1 secs, 217 ms

Sat Jul 30 08:21:07 EDT 2011


2000 - WRAP UP 

Timing is on.
BEGIN
Time: 0 hrs, 0 mins, 2 secs, 210 ms
TRUNCATE
Time: 0 hrs, 0 mins, 0 secs, 563 ms
TRUNCATE
Time: 0 hrs, 0 mins, 0 secs, 458 ms
END
Time: 0 hrs, 0 mins, 2 secs, 486 ms
Sat Jul 30 08:21:13 EDT 2011
Removing lock file and waiting for a minute
Total time taken:  75  minutes.
Running time of run.sh 20110729: 4507 seconds
Checking for lock file /tmp/.iislock
Acquired lock file /tmp/.iislock
-------------------------------------
Processing for 20110729
-------------------------------------

Sun Jul 31 05:11:31 EDT 2011

Timing is on.

           000 - INIT

BEGIN
Time: 0 hrs, 0 mins, 1 secs, 138 ms
*** Truncating staging tables before workflow starts ***
SET
Time: 0 hrs, 0 mins, 0 secs, 13 ms
GRANT
Time: 0 hrs, 0 mins, 17 secs, 500 ms
END
Time: 0 hrs, 0 mins, 2 secs, 460 ms

Sun Jul 31 05:11:53 EDT 2011

Timing is on.

            200 - LOAD_BN_IISLOGS   

BEGIN
Time: 0 hrs, 0 mins, 1 secs, 868 ms
SET
Time: 0 hrs, 0 mins, 0 secs, 14 ms
TRUNCATE
Time: 0 hrs, 0 mins, 1 secs, 350 ms
INSERT 0 77265584
Time: 0 hrs, 12 mins, 20 secs, 16 ms
END
Time: 0 hrs, 0 mins, 8 secs, 410 ms
ALTER TABLE
Time: 0 hrs, 0 mins, 2 secs, 47 ms

Sun Jul 31 05:24:26 EDT 2011

Timing is on.
BEGIN
Time: 0 hrs, 0 mins, 0 secs, 894 ms
SET
Time: 0 hrs, 0 mins, 0 secs, 10 ms

            250 - LOAD_BN_HITS_SP   

TRUNCATE
Time: 0 hrs, 0 mins, 1 secs, 248 ms
ERROR:  invalid input syntax for type numeric: "978025206..."
NOTICE:  current transaction is aborted, queries ignored until end of transaction block
ABORT
Time: 0 hrs, 0 mins, 0 secs, 24 ms

Sun Jul 31 05:28:28 EDT 2011

Timing is on.
BEGIN
Time: 0 hrs, 0 mins, 1 secs, 106 ms
SET
Time: 0 hrs, 0 mins, 0 secs, 10 ms

           300 - DYNAMIC FILTER

TRUNCATE
Time: 0 hrs, 0 mins, 0 secs, 573 ms
INSERT 0 20493456
Time: 0 hrs, 0 mins, 6 secs, 353 ms
ANALYZE
Time: 0 hrs, 0 mins, 0 secs, 701 ms
 Total records in web_click_cnt 
--------------------------------
                       20493456
(1 row)

Time: 0 hrs, 0 mins, 0 secs, 311 ms
CREATE TABLE
Time: 0 hrs, 0 mins, 2 secs, 410 ms
ANALYZE
Time: 0 hrs, 0 mins, 0 secs, 146 ms
CREATE TABLE
Time: 0 hrs, 0 mins, 0 secs, 687 ms
ANALYZE
Time: 0 hrs, 0 mins, 0 secs, 185 ms
DELETE 1
Time: 0 hrs, 0 mins, 0 secs, 258 ms
INSERT 0 1
Time: 0 hrs, 0 mins, 0 secs, 299 ms
DELETE 1
Time: 0 hrs, 0 mins, 0 secs, 103 ms
INSERT 0 1
Time: 0 hrs, 0 mins, 0 secs, 422 ms
CREATE TABLE
Time: 0 hrs, 0 mins, 2 secs, 847 ms
ANALYZE
Time: 0 hrs, 0 mins, 0 secs, 151 ms
CREATE TABLE
Time: 0 hrs, 0 mins, 1 secs, 82 ms
ANALYZE
Time: 0 hrs, 0 mins, 0 secs, 119 ms
DELETE 1
Time: 0 hrs, 0 mins, 0 secs, 107 ms
INSERT 0 1
Time: 0 hrs, 0 mins, 0 secs, 543 ms
DELETE 1
Time: 0 hrs, 0 mins, 0 secs, 89 ms
INSERT 0 1
Time: 0 hrs, 0 mins, 0 secs, 309 ms
ANALYZE
Time: 0 hrs, 0 mins, 0 secs, 62 ms
    tablename     |    attr_name    | attr_value 
------------------+-----------------+------------
 BN_FILTER_SPIDER | CLK_USER_SD_MPL | 10
 BN_FILTER_SPIDER | IP_USER_SD_MPL  | 1
 BN_FILTER_SPIDER | IP_USER_RATIO   | .955
 BN_FILTER_SPIDER | CLK_USER_MEAN   | 12.175
 BN_FILTER_SPIDER | CLK_USER_SD     | 59.665
 BN_FILTER_SPIDER | IP_USER_MEAN    | 18.641
 BN_FILTER_SPIDER | IP_USER_SD      | 1667.222
(7 rows)

Time: 0 hrs, 0 mins, 0 secs, 120 ms
CREATE TABLE
Time: 0 hrs, 0 mins, 7 secs, 451 ms
CREATE TABLE
Time: 0 hrs, 0 mins, 1 secs, 6 ms
 l_mean_sd_mpl 
---------------
       608.825
(1 row)

Time: 0 hrs, 0 mins, 0 secs, 365 ms
TRUNCATE
Time: 0 hrs, 0 mins, 0 secs, 667 ms
INSERT 0 350
Time: 0 hrs, 0 mins, 6 secs, 19 ms
ANALYZE
Time: 0 hrs, 0 mins, 0 secs, 68 ms
 Total click_user bn_spider_ip records 
---------------------------------------
                                   350
(1 row)

Time: 0 hrs, 0 mins, 0 secs, 652 ms
CREATE TABLE
Time: 0 hrs, 0 mins, 2 secs, 124 ms
ANALYZE
Time: 0 hrs, 0 mins, 0 secs, 70 ms
CREATE TABLE
Time: 0 hrs, 0 mins, 2 secs, 740 ms
ANALYZE
Time: 0 hrs, 0 mins, 0 secs, 623 ms
DROP 
Time: 0 hrs, 0 mins, 0 secs, 243 ms
CREATE TABLE
Time: 0 hrs, 0 mins, 0 secs, 261 ms
 l_mean_sd_mpl | l_ratio 
---------------+---------
      1685.863 |   0.955
(1 row)

Time: 0 hrs, 0 mins, 0 secs, 113 ms
INSERT 0 17693593
Time: 0 hrs, 0 mins, 6 secs, 523 ms
ANALYZE
Time: 0 hrs, 0 mins, 0 secs, 283 ms
 Total ip_user_filter bn_spider_ip records 
-------------------------------------------
                                  17693593
(1 row)

Time: 0 hrs, 0 mins, 0 secs, 439 ms
TRUNCATE
Time: 0 hrs, 0 mins, 2 secs, 362 ms
ERROR:  invalid input syntax for type numeric: "0870715267.."
NOTICE:  current transaction is aborted, queries ignored until end of transaction block
NOTICE:  current transaction is aborted, queries ignored until end of transaction block
NOTICE:  current transaction is aborted, queries ignored until end of transaction block
NOTICE:  current transaction is aborted, queries ignored until end of transaction block
NOTICE:  current transaction is aborted, queries ignored until end of transaction block
NOTICE:  current transaction is aborted, queries ignored until end of transaction block
NOTICE:  current transaction is aborted, queries ignored until end of transaction block
NOTICE:  current transaction is aborted, queries ignored until end of transaction block
NOTICE:  current transaction is aborted, queries ignored until end of transaction block
ABORT
Time: 0 hrs, 0 mins, 0 secs, 255 ms

Sun Jul 31 05:29:50 EDT 2011

Timing is on.
BEGIN
Time: 0 hrs, 0 mins, 1 secs, 537 ms

           600 - LOAD RESOURCES

SET
Time: 0 hrs, 0 mins, 0 secs, 10 ms
CREATE TABLE
Time: 0 hrs, 0 mins, 33 secs, 430 ms
ANALYZE
Time: 0 hrs, 0 mins, 2 secs, 864 ms
 tmp_a_count 
-------------
      383556
(1 row)

Time: 0 hrs, 0 mins, 1 secs, 804 ms
UPDATE 0
Time: 0 hrs, 0 mins, 7 secs, 233 ms
ANALYZE
Time: 0 hrs, 0 mins, 1 secs, 150 ms
TRUNCATE
Time: 0 hrs, 0 mins, 2 secs, 541 ms
INSERT 0 0
Time: 0 hrs, 0 mins, 23 secs, 338 ms
ANALYZE
Time: 0 hrs, 0 mins, 0 secs, 97 ms
 first_resource_id | last_resource_id 
-------------------+------------------
                   |                 
(1 row)

Time: 0 hrs, 0 mins, 1 secs, 243 ms
INSERT 0 0
Time: 0 hrs, 0 mins, 1 secs, 641 ms
 total_resources 
-----------------
        30115722
(1 row)

Time: 0 hrs, 0 mins, 8 secs, 829 ms
ANALYZE
Time: 0 hrs, 0 mins, 3 secs, 702 ms
END
Time: 0 hrs, 0 mins, 5 secs, 888 ms
VACUUM
Time: 0 hrs, 0 mins, 32 secs, 212 ms

Sun Jul 31 05:31:57 EDT 2011

Timing is on.

           650 - LOAD_BN_SESSION_STAGE

BEGIN
Time: 0 hrs, 0 mins, 1 secs, 454 ms
SET
Time: 0 hrs, 0 mins, 0 secs, 11 ms
SET
Time: 0 hrs, 0 mins, 0 secs, 154 ms
CREATE TABLE
Time: 0 hrs, 0 mins, 48 secs, 881 ms
ANALYZE
Time: 0 hrs, 0 mins, 3 secs, 883 ms
 tmp_sessionized_stage 
-----------------------
              14812178
(1 row)

Time: 0 hrs, 0 mins, 0 secs, 298 ms
TRUNCATE
Time: 0 hrs, 0 mins, 1 secs, 862 ms
INSERT 0 2017127
Time: 0 hrs, 0 mins, 24 secs, 576 ms
ANALYZE
Time: 0 hrs, 0 mins, 0 secs, 637 ms
CREATE TABLE
Time: 0 hrs, 1 mins, 24 secs, 94 ms
CREATE INDEX
Time: 0 hrs, 0 mins, 1 secs, 505 ms
 tmp_first_last 
----------------
        2017127
(1 row)

Time: 0 hrs, 0 mins, 0 secs, 131 ms
ANALYZE
Time: 0 hrs, 0 mins, 0 secs, 766 ms
SET
Time: 0 hrs, 0 mins, 0 secs, 21 ms
SET
Time: 0 hrs, 0 mins, 0 secs, 17 ms
TRUNCATE
Time: 0 hrs, 0 mins, 1 secs, 793 ms
DROP
Time: 0 hrs, 0 mins, 0 secs, 316 ms
INSERT 0 2017127
Time: 0 hrs, 0 mins, 5 secs, 883 ms
 bn_session_stage 
------------------
          2017127
(1 row)

Time: 0 hrs, 0 mins, 0 secs, 592 ms
CREATE INDEX
Time: 0 hrs, 0 mins, 0 secs, 585 ms
ANALYZE
Time: 0 hrs, 0 mins, 1 secs, 333 ms
TRUNCATE
Time: 0 hrs, 0 mins, 0 secs, 949 ms
END
Time: 0 hrs, 0 mins, 6 secs, 103 ms

Sun Jul 31 05:35:03 EDT 2011

BEGIN

           660 - LOAD_BN_SESSION_UPDATE_STAGE

SET
TRUNCATE
INSERT 0 0
END

Sun Jul 31 05:35:14 EDT 2011

Timing is on.

           670 - LOAD_BN_SESSION_20110729.UPDATES

BEGIN
Time: 0 hrs, 0 mins, 0 secs, 983 ms
SET
Time: 0 hrs, 0 mins, 0 secs, 10 ms
UPDATE 0
Time: 0 hrs, 0 mins, 0 secs, 499 ms
END
Time: 0 hrs, 0 mins, 9 secs, 914 ms
VACUUM
Time: 0 hrs, 0 mins, 11 secs, 758 ms

Sun Jul 31 05:35:37 EDT 2011

Timing is on.

           700 - LOAD_BN_SESSION

BEGIN
Time: 0 hrs, 0 mins, 1 secs, 280 ms
SET
Time: 0 hrs, 0 mins, 0 secs, 10 ms
INSERT 0 0
Time: 0 hrs, 1 mins, 7 secs, 756 ms
ANALYZE
Time: 0 hrs, 0 mins, 0 secs, 81 ms
END
Time: 0 hrs, 0 mins, 1 secs, 216 ms

Sun Jul 31 05:36:48 EDT 2011

Timing is on.

            750 - LOAD_BN_SESSION_SUMMARY   

BEGIN
Time: 0 hrs, 0 mins, 1 secs, 165 ms
SET
Time: 0 hrs, 0 mins, 0 secs, 10 ms
CREATE TABLE
Time: 0 hrs, 0 mins, 2 secs, 359 ms
TRUNCATE
Time: 0 hrs, 0 mins, 0 secs, 702 ms
INSERT 0 0
Time: 0 hrs, 0 mins, 3 secs, 839 ms
ANALYZE
Time: 0 hrs, 0 mins, 0 secs, 27 ms
 count(1) 
----------
        0
(1 row)

Time: 0 hrs, 0 mins, 0 secs, 528 ms
END
Time: 0 hrs, 0 mins, 4 secs, 478 ms

Sun Jul 31 05:37:01 EDT 2011

Timing is on.

           800 - LOAD_BN_HITS

BEGIN
Time: 0 hrs, 0 mins, 1 secs, 94 ms
SET
Time: 0 hrs, 0 mins, 0 secs, 11 ms
SET
Time: 0 hrs, 0 mins, 0 secs, 32 ms
SET
Time: 0 hrs, 0 mins, 0 secs, 47 ms
SET
Time: 0 hrs, 0 mins, 0 secs, 30 ms
TRUNCATE
Time: 0 hrs, 0 mins, 0 secs, 657 ms
INSERT 0 0
Time: 0 hrs, 0 mins, 0 secs, 786 ms
 count(1) 
----------
        0
(1 row)

Time: 0 hrs, 0 mins, 0 secs, 330 ms
ANALYZE
Time: 0 hrs, 0 mins, 0 secs, 38 ms
END
Time: 0 hrs, 0 mins, 1 secs, 553 ms

Sun Jul 31 05:37:06 EDT 2011

Timing is on.

            900 - LOAD_CLICKSTREAM   

BEGIN
Time: 0 hrs, 0 mins, 1 secs, 39 ms
SET
Time: 0 hrs, 0 mins, 0 secs, 12 ms
TRUNCATE
Time: 0 hrs, 0 mins, 1 secs, 345 ms
INSERT 0 0
Time: 0 hrs, 1 mins, 21 secs, 428 ms
 count(1) 
----------
        0
(1 row)

Time: 0 hrs, 0 mins, 0 secs, 231 ms
ANALYZE
Time: 0 hrs, 0 mins, 0 secs, 54 ms
END
Time: 0 hrs, 0 mins, 1 secs, 395 ms

Sun Jul 31 05:38:32 EDT 2011

Timing is on.

            1000 - PAGE_VIEW_SUMMARY  

BEGIN
Time: 0 hrs, 0 mins, 5 secs, 447 ms
SET
Time: 0 hrs, 0 mins, 0 secs, 11 ms
SET
Time: 0 hrs, 0 mins, 0 secs, 127 ms
TRUNCATE
Time: 0 hrs, 0 mins, 0 secs, 382 ms
INSERT 0 0
Time: 0 hrs, 0 mins, 1 secs, 453 ms
 count(1) 
----------
        0
(1 row)

Time: 0 hrs, 0 mins, 0 secs, 106 ms
ANALYZE
Time: 0 hrs, 0 mins, 0 secs, 24 ms
END
Time: 0 hrs, 0 mins, 0 secs, 992 ms

Sun Jul 31 05:38:41 EDT 2011


2000 - WRAP UP 

Timing is on.
BEGIN
Time: 0 hrs, 0 mins, 1 secs, 814 ms
TRUNCATE
Time: 0 hrs, 0 mins, 0 secs, 727 ms
TRUNCATE
Time: 0 hrs, 0 mins, 0 secs, 256 ms
END
Time: 0 hrs, 0 mins, 1 secs, 489 ms
Sun Jul 31 05:38:45 EDT 2011
Removing lock file and waiting for a minute
Total time taken:  28  minutes.
Running time of run.sh 20110729: 28 minutes
Checking for lock file /tmp/.iislock
Acquired lock file /tmp/.iislock
-------------------------------------
Processing for 20110729
-------------------------------------

Sun Jul 31 19:30:37 EDT 2011

Timing is on.

           000 - INIT

BEGIN
Time: 0 hrs, 0 mins, 2 secs, 704 ms
*** Truncating staging tables before workflow starts ***
SET
Time: 0 hrs, 0 mins, 0 secs, 13 ms
GRANT
Time: 0 hrs, 0 mins, 32 secs, 893 ms
END
Time: 0 hrs, 8 mins, 2 secs, 250 ms

Sun Jul 31 19:39:16 EDT 2011

Timing is on.

            200 - LOAD_BN_IISLOGS   

BEGIN
Time: 0 hrs, 0 mins, 4 secs, 654 ms
SET
Time: 0 hrs, 0 mins, 0 secs, 19 ms
TRUNCATE
Time: 0 hrs, 0 mins, 7 secs, 419 ms
INSERT 0 77265583
Time: 0 hrs, 17 mins, 43 secs, 384 ms
END
Time: 0 hrs, 0 mins, 59 secs, 503 ms
ALTER TABLE
Time: 0 hrs, 0 mins, 15 secs, 25 ms

Sun Jul 31 19:58:26 EDT 2011

Timing is on.
BEGIN
Time: 0 hrs, 0 mins, 1 secs, 889 ms
SET
Time: 0 hrs, 0 mins, 0 secs, 9 ms

            250 - LOAD_BN_HITS_SP   

TRUNCATE
Time: 0 hrs, 0 mins, 8 secs, 639 ms
ERROR:  invalid input syntax for type numeric: "978025206..."
NOTICE:  current transaction is aborted, queries ignored until end of transaction block
ABORT
Time: 0 hrs, 0 mins, 0 secs, 265 ms

Sun Jul 31 20:04:00 EDT 2011

Timing is on.
BEGIN
Time: 0 hrs, 0 mins, 4 secs, 414 ms
SET
Time: 0 hrs, 0 mins, 0 secs, 10 ms

           300 - DYNAMIC FILTER

TRUNCATE
Time: 0 hrs, 0 mins, 2 secs, 567 ms
INSERT 0 20493456
Time: 0 hrs, 0 mins, 41 secs, 780 ms
ANALYZE
Time: 0 hrs, 0 mins, 1 secs, 179 ms
 Total records in web_click_cnt 
--------------------------------
                       20493456
(1 row)

Time: 0 hrs, 0 mins, 1 secs, 659 ms
CREATE TABLE
Time: 0 hrs, 3 mins, 8 secs, 55 ms
ANALYZE
Time: 0 hrs, 0 mins, 0 secs, 107 ms
CREATE TABLE
Time: 0 hrs, 0 mins, 1 secs, 630 ms
ANALYZE
Time: 0 hrs, 0 mins, 0 secs, 296 ms
DELETE 1
Time: 0 hrs, 0 mins, 0 secs, 799 ms
INSERT 0 1
Time: 0 hrs, 0 mins, 2 secs, 762 ms
DELETE 1
Time: 0 hrs, 0 mins, 0 secs, 651 ms
INSERT 0 1
Time: 0 hrs, 0 mins, 4 secs, 315 ms
CREATE TABLE
Time: 0 hrs, 2 mins, 20 secs, 873 ms
ANALYZE
Time: 0 hrs, 0 mins, 1 secs, 57 ms
CREATE TABLE
Time: 0 hrs, 0 mins, 1 secs, 473 ms
ANALYZE
Time: 0 hrs, 0 mins, 0 secs, 156 ms
DELETE 1
Time: 0 hrs, 0 mins, 0 secs, 343 ms
INSERT 0 1
Time: 0 hrs, 0 mins, 2 secs, 688 ms
DELETE 1
Time: 0 hrs, 0 mins, 0 secs, 541 ms
INSERT 0 1
Time: 0 hrs, 0 mins, 2 secs, 542 ms
ANALYZE
Time: 0 hrs, 0 mins, 0 secs, 395 ms
    tablename     |    attr_name    | attr_value 
------------------+-----------------+------------
 BN_FILTER_SPIDER | CLK_USER_SD_MPL | 10
 BN_FILTER_SPIDER | IP_USER_SD_MPL  | 1
 BN_FILTER_SPIDER | IP_USER_RATIO   | .955
 BN_FILTER_SPIDER | CLK_USER_MEAN   | 12.175
 BN_FILTER_SPIDER | CLK_USER_SD     | 59.665
 BN_FILTER_SPIDER | IP_USER_MEAN    | 18.641
 BN_FILTER_SPIDER | IP_USER_SD      | 1667.222
(7 rows)

Time: 0 hrs, 0 mins, 0 secs, 960 ms
CREATE TABLE
Time: 0 hrs, 3 mins, 18 secs, 21 ms
CREATE TABLE
Time: 0 hrs, 0 mins, 1 secs, 211 ms
 l_mean_sd_mpl 
---------------
       608.825
(1 row)

Time: 0 hrs, 0 mins, 0 secs, 356 ms
TRUNCATE
Time: 0 hrs, 0 mins, 0 secs, 907 ms
INSERT 0 350
Time: 0 hrs, 2 mins, 29 secs, 682 ms
ANALYZE
Time: 0 hrs, 0 mins, 0 secs, 309 ms
 Total click_user bn_spider_ip records 
---------------------------------------
                                   350
(1 row)

Time: 0 hrs, 0 mins, 0 secs, 402 ms
CREATE TABLE
Time: 0 hrs, 2 mins, 34 secs, 332 ms
ANALYZE
Time: 0 hrs, 0 mins, 0 secs, 744 ms
CREATE TABLE
Time: 0 hrs, 2 mins, 40 secs, 891 ms
ANALYZE
Time: 0 hrs, 0 mins, 2 secs, 620 ms
DROP 
Time: 0 hrs, 0 mins, 0 secs, 444 ms
CREATE TABLE
Time: 0 hrs, 0 mins, 6 secs, 15 ms
 l_mean_sd_mpl | l_ratio 
---------------+---------
      1685.863 |   0.955
(1 row)

Time: 0 hrs, 0 mins, 1 secs, 305 ms
INSERT 0 17693593
Time: 0 hrs, 3 mins, 12 secs, 502 ms
ANALYZE
Time: 0 hrs, 0 mins, 0 secs, 553 ms
 Total ip_user_filter bn_spider_ip records 
-------------------------------------------
                                  17693593
(1 row)

Time: 0 hrs, 0 mins, 1 secs, 852 ms
TRUNCATE
Time: 0 hrs, 0 mins, 4 secs, 456 ms
INSERT 0 20437595
Time: 0 hrs, 2 mins, 10 secs, 192 ms
ANALYZE
Time: 0 hrs, 0 mins, 4 secs, 796 ms
 bn_hits_stage 
---------------
      20437595
(1 row)

Time: 0 hrs, 0 mins, 0 secs, 613 ms
INSERT 0 18399618
Time: 0 hrs, 3 mins, 45 secs, 32 ms
ANALYZE
Time: 0 hrs, 0 mins, 3 secs, 812 ms
 bn_hits_sp_20110729 
---------------------
            18399618
(1 row)

Time: 0 hrs, 0 mins, 3 secs, 827 ms
TRUNCATE
Time: 0 hrs, 0 mins, 6 secs, 668 ms
INSERT 0 8898396
Time: 0 hrs, 0 mins, 12 secs, 911 ms
ANALYZE
Time: 0 hrs, 0 mins, 3 secs, 271 ms
 bn_hits_client_20110729 
-------------------------
                 8898396
(1 row)

Time: 0 hrs, 0 mins, 1 secs, 294 ms
END
Time: 0 hrs, 0 mins, 26 secs, 239 ms

Sun Jul 31 20:32:17 EDT 2011

Timing is on.
BEGIN
Time: 0 hrs, 0 mins, 1 secs, 233 ms

           600 - LOAD RESOURCES

SET
Time: 0 hrs, 0 mins, 0 secs, 27 ms
CREATE TABLE
Time: 0 hrs, 0 mins, 44 secs, 510 ms
ANALYZE
Time: 0 hrs, 0 mins, 2 secs, 47 ms
 tmp_a_count 
-------------
      522534
(1 row)

Time: 0 hrs, 0 mins, 0 secs, 292 ms
UPDATE 0
Time: 0 hrs, 0 mins, 5 secs, 902 ms
ANALYZE
Time: 0 hrs, 0 mins, 0 secs, 956 ms
TRUNCATE
Time: 0 hrs, 0 mins, 1 secs, 765 ms
INSERT 0 328621
Time: 0 hrs, 1 mins, 29 secs, 670 ms
ANALYZE
Time: 0 hrs, 0 mins, 1 secs, 260 ms
 first_resource_id | last_resource_id 
-------------------+------------------
          30140119 |         30468739
(1 row)

Time: 0 hrs, 0 mins, 0 secs, 755 ms
INSERT 0 328621
Time: 0 hrs, 0 mins, 5 secs, 300 ms
 total_resources 
-----------------
        30444343
(1 row)

Time: 0 hrs, 0 mins, 0 secs, 626 ms
ANALYZE
Time: 0 hrs, 0 mins, 0 secs, 729 ms
END
Time: 0 hrs, 0 mins, 22 secs, 713 ms
VACUUM
Time: 0 hrs, 0 mins, 30 secs, 943 ms

Sun Jul 31 20:35:46 EDT 2011

Timing is on.

           650 - LOAD_BN_SESSION_STAGE

BEGIN
Time: 0 hrs, 0 mins, 1 secs, 409 ms
SET
Time: 0 hrs, 0 mins, 0 secs, 12 ms
SET
Time: 0 hrs, 0 mins, 0 secs, 53 ms
CREATE TABLE
Time: 0 hrs, 0 mins, 51 secs, 529 ms
ANALYZE
Time: 0 hrs, 0 mins, 4 secs, 871 ms
 tmp_sessionized_stage 
-----------------------
              20437595
(1 row)

Time: 0 hrs, 0 mins, 0 secs, 605 ms
TRUNCATE
Time: 0 hrs, 0 mins, 1 secs, 173 ms
INSERT 0 2546728
Time: 0 hrs, 0 mins, 30 secs, 91 ms
ANALYZE
Time: 0 hrs, 0 mins, 1 secs, 24 ms
CREATE TABLE
Time: 0 hrs, 3 mins, 13 secs, 732 ms
CREATE INDEX
Time: 0 hrs, 0 mins, 1 secs, 980 ms
 tmp_first_last 
----------------
        2546728
(1 row)

Time: 0 hrs, 0 mins, 0 secs, 667 ms
ANALYZE
Time: 0 hrs, 0 mins, 1 secs, 899 ms
SET
Time: 0 hrs, 0 mins, 0 secs, 47 ms
SET
Time: 0 hrs, 0 mins, 0 secs, 70 ms
TRUNCATE
Time: 0 hrs, 0 mins, 9 secs, 403 ms
DROP
Time: 0 hrs, 0 mins, 0 secs, 182 ms
INSERT 0 2546728
Time: 0 hrs, 0 mins, 8 secs, 251 ms
 bn_session_stage 
------------------
          2546728
(1 row)

Time: 0 hrs, 0 mins, 1 secs, 820 ms
CREATE INDEX
Time: 0 hrs, 0 mins, 6 secs, 479 ms
ANALYZE
Time: 0 hrs, 0 mins, 1 secs, 566 ms
TRUNCATE
Time: 0 hrs, 0 mins, 5 secs, 594 ms
END
Time: 0 hrs, 3 mins, 25 secs, 436 ms

Sun Jul 31 20:44:34 EDT 2011

BEGIN

           660 - LOAD_BN_SESSION_UPDATE_STAGE

SET
TRUNCATE
INSERT 0 0
END

Sun Jul 31 20:45:20 EDT 2011

Timing is on.

           670 - LOAD_BN_SESSION_20110729.UPDATES

BEGIN
Time: 0 hrs, 0 mins, 6 secs, 540 ms
SET
Time: 0 hrs, 0 mins, 0 secs, 14 ms
UPDATE 0
Time: 0 hrs, 0 mins, 0 secs, 943 ms
END
Time: 0 hrs, 0 mins, 23 secs, 968 ms
VACUUM
Time: 0 hrs, 2 mins, 51 secs, 833 ms

Sun Jul 31 20:48:44 EDT 2011

Timing is on.

           700 - LOAD_BN_SESSION

BEGIN
Time: 0 hrs, 0 mins, 2 secs, 460 ms
SET
Time: 0 hrs, 0 mins, 0 secs, 10 ms
INSERT 0 2546728
Time: 0 hrs, 0 mins, 20 secs, 28 ms
ANALYZE
Time: 0 hrs, 0 mins, 4 secs, 571 ms
END
Time: 0 hrs, 0 mins, 29 secs, 417 ms

Sun Jul 31 20:49:41 EDT 2011

Timing is on.

            750 - LOAD_BN_SESSION_SUMMARY   

BEGIN
Time: 0 hrs, 0 mins, 3 secs, 518 ms
SET
Time: 0 hrs, 0 mins, 0 secs, 30 ms
CREATE TABLE
Time: 0 hrs, 1 mins, 6 secs, 349 ms
TRUNCATE
Time: 0 hrs, 0 mins, 5 secs, 594 ms
INSERT 0 301529
Time: 0 hrs, 0 mins, 20 secs, 876 ms
ANALYZE
Time: 0 hrs, 0 mins, 1 secs, 168 ms
 count(1) 
----------
   301529
(1 row)

Time: 0 hrs, 0 mins, 0 secs, 360 ms
END
Time: 0 hrs, 0 mins, 33 secs, 404 ms

Sun Jul 31 20:51:52 EDT 2011

Timing is on.

           800 - LOAD_BN_HITS

BEGIN
Time: 0 hrs, 0 mins, 1 secs, 262 ms
SET
Time: 0 hrs, 0 mins, 0 secs, 9 ms
SET
Time: 0 hrs, 0 mins, 0 secs, 103 ms
SET
Time: 0 hrs, 0 mins, 0 secs, 71 ms
SET
Time: 0 hrs, 0 mins, 0 secs, 37 ms
TRUNCATE
Time: 0 hrs, 0 mins, 6 secs, 470 ms
INSERT 0 20437595
Time: 0 hrs, 0 mins, 9 secs, 476 ms
 count(1) 
----------
 20437595
(1 row)

Time: 0 hrs, 0 mins, 1 secs, 420 ms
ANALYZE
Time: 0 hrs, 0 mins, 4 secs, 408 ms
END
Time: 0 hrs, 1 mins, 25 secs, 758 ms

Sun Jul 31 20:53:41 EDT 2011

Timing is on.

            900 - LOAD_CLICKSTREAM   

BEGIN
Time: 0 hrs, 0 mins, 2 secs, 790 ms
SET
Time: 0 hrs, 0 mins, 0 secs, 13 ms
TRUNCATE
Time: 0 hrs, 0 mins, 8 secs, 831 ms
INSERT 0 20437595
Time: 0 hrs, 5 mins, 10 secs, 743 ms
 count(1) 
----------
 20437595
(1 row)

Time: 0 hrs, 0 mins, 1 secs, 953 ms
ANALYZE
Time: 0 hrs, 0 mins, 1 secs, 973 ms
END
Time: 0 hrs, 0 mins, 40 secs, 821 ms

Sun Jul 31 20:59:49 EDT 2011

Timing is on.

            1000 - PAGE_VIEW_SUMMARY  

BEGIN
Time: 0 hrs, 0 mins, 6 secs, 911 ms
SET
Time: 0 hrs, 0 mins, 0 secs, 12 ms
SET
Time: 0 hrs, 0 mins, 0 secs, 41 ms
TRUNCATE
Time: 0 hrs, 0 mins, 4 secs, 515 ms
INSERT 0 535272
Time: 0 hrs, 1 mins, 22 secs, 141 ms
 count(1) 
----------
   535272
(1 row)

Time: 0 hrs, 0 mins, 1 secs, 382 ms
ANALYZE
Time: 0 hrs, 0 mins, 0 secs, 816 ms
END
Time: 0 hrs, 3 mins, 48 secs, 456 ms

Sun Jul 31 21:05:13 EDT 2011


2000 - WRAP UP 

Timing is on.
BEGIN
Time: 0 hrs, 0 mins, 1 secs, 384 ms
TRUNCATE
Time: 0 hrs, 0 mins, 2 secs, 383 ms
TRUNCATE
Time: 0 hrs, 0 mins, 2 secs, 218 ms
END
Time: 0 hrs, 2 mins, 1 secs, 747 ms
Sun Jul 31 21:07:21 EDT 2011
Removing lock file and waiting for a minute
Total time taken:  97  minutes.
