Checking for lock file /tmp/.iislock
Acquired lock file /tmp/.iislock
-------------------------------------
Processing for 20110402
-------------------------------------

Sun Apr 3 04:45:29 EDT 2011

Timing is on.

           000 - INIT

BEGIN
Time: 0 hrs, 0 mins, 0 secs, 848 ms
*** Truncating staging tables before workflow starts ***
SET
Time: 0 hrs, 0 mins, 0 secs, 10 ms
GRANT
Time: 0 hrs, 0 mins, 3 secs, 23 ms
END
Time: 0 hrs, 0 mins, 2 secs, 867 ms

Sun Apr 3 04:45:36 EDT 2011

Timing is on.

            200 - LOAD_BN_IISLOGS   

BEGIN
Time: 0 hrs, 0 mins, 0 secs, 829 ms
SET
Time: 0 hrs, 0 mins, 0 secs, 13 ms
TRUNCATE
Time: 0 hrs, 0 mins, 1 secs, 119 ms
INSERT 0 45348927
Time: 0 hrs, 7 mins, 56 secs, 141 ms
END
Time: 0 hrs, 0 mins, 10 secs, 384 ms
ALTER TABLE
Time: 0 hrs, 27 mins, 11 secs, 138 ms

Sun Apr 3 05:20:56 EDT 2011

Timing is on.
BEGIN
Time: 0 hrs, 0 mins, 2 secs, 451 ms
SET
Time: 0 hrs, 0 mins, 0 secs, 10 ms

            250 - LOAD_BN_HITS_SP   

TRUNCATE
Time: 0 hrs, 0 mins, 1 secs, 947 ms
INSERT 0 15304917
Time: 0 hrs, 2 mins, 53 secs, 956 ms
ANALYZE
Time: 0 hrs, 0 mins, 4 secs, 248 ms
END
Time: 0 hrs, 1 mins, 15 secs, 342 ms

Sun Apr 3 05:25:14 EDT 2011

Timing is on.
BEGIN
Time: 0 hrs, 0 mins, 1 secs, 447 ms
SET
Time: 0 hrs, 0 mins, 0 secs, 9 ms

           300 - DYNAMIC FILTER

TRUNCATE
Time: 0 hrs, 0 mins, 1 secs, 725 ms
INSERT 0 8979807
Time: 0 hrs, 0 mins, 3 secs, 513 ms
ANALYZE
Time: 0 hrs, 0 mins, 0 secs, 927 ms
 Total records in web_click_cnt 
--------------------------------
                        8979807
(1 row)

Time: 0 hrs, 0 mins, 1 secs, 194 ms
CREATE TABLE
Time: 0 hrs, 0 mins, 4 secs, 302 ms
ANALYZE
Time: 0 hrs, 0 mins, 0 secs, 123 ms
CREATE TABLE
Time: 0 hrs, 0 mins, 2 secs, 703 ms
ANALYZE
Time: 0 hrs, 0 mins, 0 secs, 91 ms
DELETE 1
Time: 0 hrs, 0 mins, 0 secs, 260 ms
INSERT 0 1
Time: 0 hrs, 0 mins, 0 secs, 783 ms
DELETE 1
Time: 0 hrs, 0 mins, 0 secs, 91 ms
INSERT 0 1
Time: 0 hrs, 0 mins, 0 secs, 632 ms
CREATE TABLE
Time: 0 hrs, 0 mins, 5 secs, 709 ms
ANALYZE
Time: 0 hrs, 0 mins, 0 secs, 87 ms
CREATE TABLE
Time: 0 hrs, 0 mins, 3 secs, 116 ms
ANALYZE
Time: 0 hrs, 0 mins, 0 secs, 93 ms
DELETE 1
Time: 0 hrs, 0 mins, 0 secs, 130 ms
INSERT 0 1
Time: 0 hrs, 0 mins, 1 secs, 28 ms
DELETE 1
Time: 0 hrs, 0 mins, 0 secs, 215 ms
INSERT 0 1
Time: 0 hrs, 0 mins, 0 secs, 810 ms
ANALYZE
Time: 0 hrs, 0 mins, 0 secs, 270 ms
    tablename     |    attr_name    | attr_value 
------------------+-----------------+------------
 BN_FILTER_SPIDER | CLK_USER_SD_MPL | 10
 BN_FILTER_SPIDER | IP_USER_SD_MPL  | 1
 BN_FILTER_SPIDER | IP_USER_RATIO   | .955
 BN_FILTER_SPIDER | CLK_USER_MEAN   | 17.511
 BN_FILTER_SPIDER | CLK_USER_SD     | 338.279
 BN_FILTER_SPIDER | IP_USER_MEAN    | 14.104
 BN_FILTER_SPIDER | IP_USER_SD      | 1689.142
(7 rows)

Time: 0 hrs, 0 mins, 0 secs, 774 ms
CREATE TABLE
Time: 0 hrs, 0 mins, 4 secs, 516 ms
CREATE TABLE
Time: 0 hrs, 0 mins, 1 secs, 542 ms
 l_mean_sd_mpl 
---------------
      3400.301
(1 row)

Time: 0 hrs, 0 mins, 0 secs, 279 ms
TRUNCATE
Time: 0 hrs, 0 mins, 1 secs, 218 ms
INSERT 0 24
Time: 0 hrs, 0 mins, 4 secs, 829 ms
ANALYZE
Time: 0 hrs, 0 mins, 0 secs, 246 ms
 Total click_user bn_spider_ip records 
---------------------------------------
                                    24
(1 row)

Time: 0 hrs, 0 mins, 0 secs, 441 ms
CREATE TABLE
Time: 0 hrs, 0 mins, 2 secs, 972 ms
ANALYZE
Time: 0 hrs, 0 mins, 0 secs, 69 ms
CREATE TABLE
Time: 0 hrs, 0 mins, 2 secs, 863 ms
ANALYZE
Time: 0 hrs, 0 mins, 0 secs, 69 ms
DROP 
Time: 0 hrs, 0 mins, 0 secs, 422 ms
CREATE TABLE
Time: 0 hrs, 0 mins, 0 secs, 711 ms
 l_mean_sd_mpl | l_ratio 
---------------+---------
      1703.246 |   0.955
(1 row)

Time: 0 hrs, 0 mins, 0 secs, 206 ms
INSERT 0 7371191
Time: 0 hrs, 0 mins, 4 secs, 236 ms
ANALYZE
Time: 0 hrs, 0 mins, 0 secs, 869 ms
 Total ip_user_filter bn_spider_ip records 
-------------------------------------------
                                   7371191
(1 row)

Time: 0 hrs, 0 mins, 0 secs, 542 ms
TRUNCATE
Time: 0 hrs, 0 mins, 0 secs, 819 ms
INSERT 0 14880249
Time: 0 hrs, 0 mins, 16 secs, 251 ms
ANALYZE
Time: 0 hrs, 0 mins, 9 secs, 484 ms
 bn_hits_stage 
---------------
      14880249
(1 row)

Time: 0 hrs, 0 mins, 0 secs, 517 ms
INSERT 0 9338575
Time: 0 hrs, 2 mins, 33 secs, 592 ms
ANALYZE
Time: 0 hrs, 0 mins, 23 secs, 791 ms
 bn_hits_sp_20110402 
---------------------
            24643492
(1 row)

Time: 0 hrs, 0 mins, 6 secs, 776 ms
TRUNCATE
Time: 0 hrs, 0 mins, 1 secs, 210 ms
INSERT 0 5825186
Time: 0 hrs, 0 mins, 24 secs, 905 ms
ANALYZE
Time: 0 hrs, 0 mins, 2 secs, 347 ms
 bn_hits_client_20110402 
-------------------------
                 5825186
(1 row)

Time: 0 hrs, 0 mins, 0 secs, 256 ms
END
Time: 0 hrs, 0 mins, 5 secs, 114 ms

Sun Apr 3 05:30:16 EDT 2011

Timing is on.
BEGIN
Time: 0 hrs, 0 mins, 0 secs, 920 ms

           600 - LOAD RESOURCES

SET
Time: 0 hrs, 0 mins, 0 secs, 13 ms
CREATE TABLE
Time: 0 hrs, 0 mins, 20 secs, 984 ms
ANALYZE
Time: 0 hrs, 0 mins, 0 secs, 997 ms
 tmp_a_count 
-------------
       80368
(1 row)

Time: 0 hrs, 0 mins, 0 secs, 226 ms
UPDATE 0
Time: 0 hrs, 0 mins, 6 secs, 13 ms
ANALYZE
Time: 0 hrs, 0 mins, 1 secs, 417 ms
TRUNCATE
Time: 0 hrs, 0 mins, 1 secs, 59 ms
INSERT 0 37843
Time: 0 hrs, 0 mins, 15 secs, 997 ms
ANALYZE
Time: 0 hrs, 0 mins, 1 secs, 584 ms
 first_resource_id | last_resource_id 
-------------------+------------------
          13185880 |         13223722
(1 row)

Time: 0 hrs, 0 mins, 0 secs, 599 ms
INSERT 0 37843
Time: 0 hrs, 0 mins, 1 secs, 569 ms
 total_resources 
-----------------
        13199327
(1 row)

Time: 0 hrs, 0 mins, 0 secs, 806 ms
ANALYZE
Time: 0 hrs, 0 mins, 0 secs, 952 ms
END
Time: 0 hrs, 0 mins, 35 secs, 993 ms
VACUUM
Time: 0 hrs, 3 mins, 0 secs, 915 ms

Sun Apr 3 05:34:46 EDT 2011

Timing is on.

           650 - LOAD_BN_SESSION_STAGE

BEGIN
Time: 0 hrs, 0 mins, 2 secs, 702 ms
SET
Time: 0 hrs, 0 mins, 0 secs, 10 ms
SET
Time: 0 hrs, 0 mins, 0 secs, 26 ms
CREATE TABLE
Time: 0 hrs, 0 mins, 45 secs, 762 ms
ANALYZE
Time: 0 hrs, 0 mins, 4 secs, 534 ms
 tmp_sessionized_stage 
-----------------------
              14880249
(1 row)

Time: 0 hrs, 0 mins, 0 secs, 386 ms
TRUNCATE
Time: 0 hrs, 0 mins, 1 secs, 637 ms
INSERT 0 1392022
Time: 0 hrs, 0 mins, 34 secs, 438 ms
ANALYZE
Time: 0 hrs, 0 mins, 1 secs, 479 ms
CREATE TABLE
Time: 0 hrs, 1 mins, 6 secs, 150 ms
CREATE INDEX
Time: 0 hrs, 0 mins, 0 secs, 493 ms
 tmp_first_last 
----------------
        1392022
(1 row)

Time: 0 hrs, 0 mins, 0 secs, 116 ms
ANALYZE
Time: 0 hrs, 0 mins, 0 secs, 546 ms
SET
Time: 0 hrs, 0 mins, 0 secs, 31 ms
SET
Time: 0 hrs, 0 mins, 0 secs, 20 ms
TRUNCATE
Time: 0 hrs, 0 mins, 1 secs, 64 ms
DROP
Time: 0 hrs, 0 mins, 0 secs, 149 ms
INSERT 0 1392022
Time: 0 hrs, 0 mins, 6 secs, 973 ms
 bn_session_stage 
------------------
          1392022
(1 row)

Time: 0 hrs, 0 mins, 3 secs, 33 ms
CREATE INDEX
Time: 0 hrs, 0 mins, 1 secs, 611 ms
ANALYZE
Time: 0 hrs, 0 mins, 1 secs, 99 ms
TRUNCATE
Time: 0 hrs, 0 mins, 1 secs, 204 ms
END
Time: 0 hrs, 0 mins, 11 secs, 662 ms

Sun Apr 3 05:37:51 EDT 2011

BEGIN

           660 - LOAD_BN_SESSION_UPDATE_STAGE

SET
TRUNCATE
INSERT 0 0
END

Sun Apr 3 05:38:00 EDT 2011

Timing is on.

           670 - LOAD_BN_SESSION_20110402.UPDATES

BEGIN
Time: 0 hrs, 0 mins, 0 secs, 872 ms
SET
Time: 0 hrs, 0 mins, 0 secs, 9 ms
UPDATE 0
Time: 0 hrs, 0 mins, 0 secs, 465 ms
END
Time: 0 hrs, 0 mins, 1 secs, 670 ms
VACUUM
Time: 0 hrs, 1 mins, 12 secs, 37 ms

Sun Apr 3 05:39:15 EDT 2011

Timing is on.

           700 - LOAD_BN_SESSION

BEGIN
Time: 0 hrs, 0 mins, 8 secs, 715 ms
SET
Time: 0 hrs, 0 mins, 0 secs, 7 ms
INSERT 0 1392022
Time: 0 hrs, 0 mins, 42 secs, 730 ms
ANALYZE
Time: 0 hrs, 0 mins, 2 secs, 633 ms
END
Time: 0 hrs, 0 mins, 3 secs, 687 ms

Sun Apr 3 05:40:13 EDT 2011

Timing is on.

            750 - LOAD_BN_SESSION_SUMMARY   

BEGIN
Time: 0 hrs, 0 mins, 4 secs, 899 ms
SET
Time: 0 hrs, 0 mins, 0 secs, 10 ms
CREATE TABLE
Time: 0 hrs, 0 mins, 14 secs, 771 ms
TRUNCATE
Time: 0 hrs, 0 mins, 2 secs, 312 ms
INSERT 0 181069
Time: 0 hrs, 0 mins, 8 secs, 686 ms
ANALYZE
Time: 0 hrs, 0 mins, 0 secs, 755 ms
 count(1) 
----------
   181069
(1 row)

Time: 0 hrs, 0 mins, 0 secs, 124 ms
END
Time: 0 hrs, 0 mins, 2 secs, 944 ms

Sun Apr 3 05:40:48 EDT 2011

Timing is on.

           800 - LOAD_BN_HITS

BEGIN
Time: 0 hrs, 0 mins, 0 secs, 986 ms
SET
Time: 0 hrs, 0 mins, 0 secs, 13 ms
SET
Time: 0 hrs, 0 mins, 0 secs, 25 ms
SET
Time: 0 hrs, 0 mins, 0 secs, 29 ms
SET
Time: 0 hrs, 0 mins, 0 secs, 23 ms
TRUNCATE
Time: 0 hrs, 0 mins, 0 secs, 700 ms
INSERT 0 14880249
Time: 0 hrs, 0 mins, 7 secs, 877 ms
 count(1) 
----------
 14880249
(1 row)

Time: 0 hrs, 0 mins, 0 secs, 627 ms
ANALYZE
Time: 0 hrs, 0 mins, 2 secs, 579 ms
END
Time: 0 hrs, 0 mins, 1 secs, 450 ms

Sun Apr 3 05:41:03 EDT 2011

Timing is on.

            900 - LOAD_CLICKSTREAM   

BEGIN
Time: 0 hrs, 0 mins, 1 secs, 521 ms
SET
Time: 0 hrs, 0 mins, 0 secs, 12 ms
TRUNCATE
Time: 0 hrs, 0 mins, 1 secs, 619 ms
INSERT 0 14880249
Time: 0 hrs, 1 mins, 44 secs, 722 ms
 count(1) 
----------
 14880249
(1 row)

Time: 0 hrs, 0 mins, 0 secs, 867 ms
ANALYZE
Time: 0 hrs, 0 mins, 1 secs, 332 ms
END
Time: 0 hrs, 0 mins, 3 secs, 381 ms

Sun Apr 3 05:42:56 EDT 2011

Timing is on.

            1000 - PAGE_VIEW_SUMMARY  

BEGIN
Time: 0 hrs, 0 mins, 0 secs, 945 ms
SET
Time: 0 hrs, 0 mins, 0 secs, 10 ms
SET
Time: 0 hrs, 0 mins, 0 secs, 29 ms
TRUNCATE
Time: 0 hrs, 0 mins, 0 secs, 824 ms
INSERT 0 86791
Time: 0 hrs, 0 mins, 3 secs, 791 ms
 count(1) 
----------
    86791
(1 row)

Time: 0 hrs, 0 mins, 0 secs, 205 ms
ANALYZE
Time: 0 hrs, 0 mins, 0 secs, 58 ms
END
Time: 0 hrs, 0 mins, 2 secs, 75 ms

Sun Apr 3 05:43:05 EDT 2011


2000 - WRAP UP 

Timing is on.
BEGIN
Time: 0 hrs, 0 mins, 7 secs, 0 ms
TRUNCATE
Time: 0 hrs, 0 mins, 3 secs, 93 ms
TRUNCATE
Time: 0 hrs, 0 mins, 2 secs, 401 ms
END
Time: 0 hrs, 0 mins, 14 secs, 77 ms
Sun Apr 3 05:43:31 EDT 2011
Removing lock file and waiting for a minute
Checking for lock file /tmp/.iislock
Acquired lock file /tmp/.iislock
-------------------------------------
Processing for 20110402
-------------------------------------

Mon Apr 4 04:10:12 EDT 2011

act: ERROR:  An error happened at time 2011-04-04 08:10:15:736493.
Please contact support at Aster Data.

Mon Apr 4 04:10:15 EDT 2011

act: ERROR:  An error happened at time 2011-04-04 08:10:18:944860.
Please contact support at Aster Data.

Mon Apr 4 04:10:18 EDT 2011

act: ERROR:  An error happened at time 2011-04-04 08:10:22:155671.
Please contact support at Aster Data.

Mon Apr 4 04:10:22 EDT 2011

act: ERROR:  An error happened at time 2011-04-04 08:10:25:361909.
Please contact support at Aster Data.

Mon Apr 4 04:10:25 EDT 2011

act: ERROR:  An error happened at time 2011-04-04 08:10:28:394193.
Please contact support at Aster Data.

Mon Apr 4 04:10:28 EDT 2011

act: ERROR:  An error happened at time 2011-04-04 08:10:31:568530.
Please contact support at Aster Data.

Mon Apr 4 04:10:31 EDT 2011

act: ERROR:  An error happened at time 2011-04-04 08:10:34:782988.
Please contact support at Aster Data.

Mon Apr 4 04:10:34 EDT 2011

act: ERROR:  An error happened at time 2011-04-04 08:10:37:990222.
Please contact support at Aster Data.

Mon Apr 4 04:10:37 EDT 2011

act: ERROR:  An error happened at time 2011-04-04 08:10:41:203930.
Please contact support at Aster Data.

Mon Apr 4 04:10:41 EDT 2011

act: ERROR:  An error happened at time 2011-04-04 08:10:44:407137.
Please contact support at Aster Data.

Mon Apr 4 04:10:44 EDT 2011

act: ERROR:  An error happened at time 2011-04-04 08:10:47:615430.
Please contact support at Aster Data.

Mon Apr 4 04:10:47 EDT 2011

act: ERROR:  An error happened at time 2011-04-04 08:10:50:840406.
Please contact support at Aster Data.

Mon Apr 4 04:10:50 EDT 2011

act: ERROR:  An error happened at time 2011-04-04 08:10:54:30292.
Please contact support at Aster Data.

Mon Apr 4 04:10:54 EDT 2011


2000 - WRAP UP 

act: ERROR:  An error happened at time 2011-04-04 08:10:57:69539.
Please contact support at Aster Data.
Mon Apr 4 04:10:57 EDT 2011
Removing lock file and waiting for a minute
Checking for lock file /tmp/.iislock
Acquired lock file /tmp/.iislock
-------------------------------------
Processing for 20110402
-------------------------------------

Mon Apr 4 18:11:46 EDT 2011

Timing is on.

           000 - INIT

BEGIN
Time: 0 hrs, 0 mins, 2 secs, 483 ms
*** Truncating staging tables before workflow starts ***
SET
Time: 0 hrs, 0 mins, 0 secs, 11 ms
GRANT
Time: 0 hrs, 0 mins, 4 secs, 939 ms
END
Time: 0 hrs, 0 mins, 2 secs, 308 ms

Mon Apr 4 18:11:56 EDT 2011

Timing is on.

            200 - LOAD_BN_IISLOGS   

BEGIN
Time: 0 hrs, 0 mins, 1 secs, 814 ms
SET
Time: 0 hrs, 0 mins, 0 secs, 11 ms
TRUNCATE
Time: 0 hrs, 0 mins, 2 secs, 33 ms
INSERT 0 59813730
Time: 0 hrs, 10 mins, 18 secs, 454 ms
END
Time: 0 hrs, 0 mins, 8 secs, 578 ms
ALTER TABLE
Time: 0 hrs, 0 mins, 11 secs, 871 ms

Mon Apr 4 18:22:39 EDT 2011

Timing is on.
BEGIN
Time: 0 hrs, 0 mins, 0 secs, 985 ms
SET
Time: 0 hrs, 0 mins, 0 secs, 9 ms

            250 - LOAD_BN_HITS_SP   

TRUNCATE
Time: 0 hrs, 0 mins, 1 secs, 764 ms
INSERT 0 19733604
Time: 0 hrs, 2 mins, 50 secs, 771 ms
ANALYZE
Time: 0 hrs, 0 mins, 10 secs, 539 ms
END
Time: 0 hrs, 0 mins, 20 secs, 231 ms

Mon Apr 4 18:26:04 EDT 2011

Timing is on.
BEGIN
Time: 0 hrs, 0 mins, 6 secs, 993 ms
SET
Time: 0 hrs, 0 mins, 0 secs, 12 ms

           300 - DYNAMIC FILTER

TRUNCATE
Time: 0 hrs, 0 mins, 3 secs, 782 ms
INSERT 0 11463324
Time: 0 hrs, 0 mins, 7 secs, 13 ms
ANALYZE
Time: 0 hrs, 0 mins, 1 secs, 756 ms
 Total records in web_click_cnt 
--------------------------------
                       11463324
(1 row)

Time: 0 hrs, 0 mins, 0 secs, 631 ms
CREATE TABLE
Time: 0 hrs, 1 mins, 6 secs, 511 ms
ANALYZE
Time: 0 hrs, 0 mins, 0 secs, 107 ms
CREATE TABLE
Time: 0 hrs, 0 mins, 0 secs, 965 ms
ANALYZE
Time: 0 hrs, 0 mins, 0 secs, 120 ms
DELETE 1
Time: 0 hrs, 0 mins, 0 secs, 351 ms
INSERT 0 1
Time: 0 hrs, 0 mins, 0 secs, 293 ms
DELETE 1
Time: 0 hrs, 0 mins, 0 secs, 107 ms
INSERT 0 1
Time: 0 hrs, 0 mins, 0 secs, 565 ms
CREATE TABLE
Time: 0 hrs, 0 mins, 52 secs, 177 ms
ANALYZE
Time: 0 hrs, 0 mins, 0 secs, 110 ms
CREATE TABLE
Time: 0 hrs, 0 mins, 0 secs, 620 ms
ANALYZE
Time: 0 hrs, 0 mins, 0 secs, 108 ms
DELETE 1
Time: 0 hrs, 0 mins, 0 secs, 90 ms
INSERT 0 1
Time: 0 hrs, 0 mins, 0 secs, 262 ms
DELETE 1
Time: 0 hrs, 0 mins, 0 secs, 91 ms
INSERT 0 1
Time: 0 hrs, 0 mins, 0 secs, 313 ms
ANALYZE
Time: 0 hrs, 0 mins, 0 secs, 44 ms
    tablename     |    attr_name    | attr_value 
------------------+-----------------+------------
 BN_FILTER_SPIDER | CLK_USER_SD_MPL | 10
 BN_FILTER_SPIDER | IP_USER_SD_MPL  | 1
 BN_FILTER_SPIDER | IP_USER_RATIO   | .955
 BN_FILTER_SPIDER | CLK_USER_MEAN   | 18.399
 BN_FILTER_SPIDER | CLK_USER_SD     | 364.781
 BN_FILTER_SPIDER | IP_USER_MEAN    | 14.030
 BN_FILTER_SPIDER | IP_USER_SD      | 1958.884
(7 rows)

Time: 0 hrs, 0 mins, 0 secs, 205 ms
CREATE TABLE
Time: 0 hrs, 0 mins, 43 secs, 330 ms
CREATE TABLE
Time: 0 hrs, 0 mins, 0 secs, 531 ms
 l_mean_sd_mpl 
---------------
      3666.209
(1 row)

Time: 0 hrs, 0 mins, 0 secs, 202 ms
TRUNCATE
Time: 0 hrs, 0 mins, 2 secs, 622 ms
INSERT 0 27
Time: 0 hrs, 0 mins, 38 secs, 564 ms
ANALYZE
Time: 0 hrs, 0 mins, 0 secs, 92 ms
 Total click_user bn_spider_ip records 
---------------------------------------
                                    27
(1 row)

Time: 0 hrs, 0 mins, 0 secs, 263 ms
CREATE TABLE
Time: 0 hrs, 0 mins, 41 secs, 889 ms
ANALYZE
Time: 0 hrs, 0 mins, 0 secs, 66 ms
CREATE TABLE
Time: 0 hrs, 0 mins, 45 secs, 184 ms
ANALYZE
Time: 0 hrs, 0 mins, 0 secs, 672 ms
DROP 
Time: 0 hrs, 0 mins, 0 secs, 478 ms
CREATE TABLE
Time: 0 hrs, 0 mins, 1 secs, 15 ms
 l_mean_sd_mpl | l_ratio 
---------------+---------
      1972.914 |   0.955
(1 row)

Time: 0 hrs, 0 mins, 0 secs, 546 ms
INSERT 0 9457226
Time: 0 hrs, 0 mins, 50 secs, 329 ms
ANALYZE
Time: 0 hrs, 0 mins, 0 secs, 854 ms
 Total ip_user_filter bn_spider_ip records 
-------------------------------------------
                                   9457226
(1 row)

Time: 0 hrs, 0 mins, 1 secs, 555 ms
TRUNCATE
Time: 0 hrs, 0 mins, 2 secs, 133 ms
INSERT 0 19978109
Time: 0 hrs, 1 mins, 17 secs, 783 ms
ANALYZE
Time: 0 hrs, 0 mins, 5 secs, 282 ms
 bn_hits_stage 
---------------
      19978109
(1 row)

Time: 0 hrs, 0 mins, 0 secs, 754 ms
INSERT 0 11744097
Time: 0 hrs, 2 mins, 4 secs, 782 ms
ANALYZE
Time: 0 hrs, 0 mins, 6 secs, 742 ms
 bn_hits_sp_20110402 
---------------------
            31477701
(1 row)

Time: 0 hrs, 0 mins, 10 secs, 103 ms
TRUNCATE
Time: 0 hrs, 0 mins, 0 secs, 602 ms
INSERT 0 8357920
Time: 0 hrs, 0 mins, 9 secs, 431 ms
ANALYZE
Time: 0 hrs, 0 mins, 3 secs, 419 ms
 bn_hits_client_20110402 
-------------------------
                 8357920
(1 row)

Time: 0 hrs, 0 mins, 0 secs, 238 ms
END
Time: 0 hrs, 0 mins, 4 secs, 800 ms

Mon Apr 4 18:36:22 EDT 2011

Timing is on.
BEGIN
Time: 0 hrs, 0 mins, 1 secs, 510 ms

           600 - LOAD RESOURCES

SET
Time: 0 hrs, 0 mins, 0 secs, 11 ms
CREATE TABLE
Time: 0 hrs, 2 mins, 29 secs, 323 ms
ANALYZE
Time: 0 hrs, 0 mins, 1 secs, 627 ms
 tmp_a_count 
-------------
      105083
(1 row)

Time: 0 hrs, 0 mins, 0 secs, 388 ms
UPDATE 0
Time: 0 hrs, 0 mins, 7 secs, 137 ms
ANALYZE
Time: 0 hrs, 0 mins, 1 secs, 886 ms
TRUNCATE
Time: 0 hrs, 0 mins, 4 secs, 789 ms
INSERT 0 12925
Time: 0 hrs, 2 mins, 45 secs, 185 ms
ANALYZE
Time: 0 hrs, 0 mins, 0 secs, 675 ms
 first_resource_id | last_resource_id 
-------------------+------------------
          13245676 |         13258600
(1 row)

Time: 0 hrs, 0 mins, 0 secs, 362 ms
INSERT 0 12925
Time: 0 hrs, 0 mins, 41 secs, 784 ms
 total_resources 
-----------------
        13234205
(1 row)

Time: 0 hrs, 0 mins, 0 secs, 703 ms
ANALYZE
Time: 0 hrs, 0 mins, 1 secs, 785 ms
END
Time: 0 hrs, 0 mins, 9 secs, 697 ms
VACUUM
Time: 0 hrs, 1 mins, 16 secs, 168 ms

Mon Apr 4 18:44:05 EDT 2011

Timing is on.

           650 - LOAD_BN_SESSION_STAGE

BEGIN
Time: 0 hrs, 0 mins, 0 secs, 864 ms
SET
Time: 0 hrs, 0 mins, 0 secs, 7 ms
SET
Time: 0 hrs, 0 mins, 0 secs, 21 ms
CREATE TABLE
Time: 0 hrs, 1 mins, 34 secs, 285 ms
ANALYZE
Time: 0 hrs, 0 mins, 4 secs, 766 ms
 tmp_sessionized_stage 
-----------------------
              19978109
(1 row)

Time: 0 hrs, 0 mins, 0 secs, 544 ms
TRUNCATE
Time: 0 hrs, 0 mins, 1 secs, 84 ms
INSERT 0 1825755
Time: 0 hrs, 1 mins, 8 secs, 45 ms
ANALYZE
Time: 0 hrs, 0 mins, 1 secs, 419 ms
CREATE TABLE
Time: 0 hrs, 4 mins, 14 secs, 500 ms
CREATE INDEX
Time: 0 hrs, 0 mins, 0 secs, 428 ms
 tmp_first_last 
----------------
        1825755
(1 row)

Time: 0 hrs, 0 mins, 0 secs, 195 ms
ANALYZE
Time: 0 hrs, 0 mins, 1 secs, 317 ms
SET
Time: 0 hrs, 0 mins, 0 secs, 49 ms
SET
Time: 0 hrs, 0 mins, 0 secs, 19 ms
TRUNCATE
Time: 0 hrs, 0 mins, 0 secs, 810 ms
DROP
Time: 0 hrs, 0 mins, 0 secs, 67 ms
INSERT 0 1825755
Time: 0 hrs, 0 mins, 9 secs, 953 ms
 bn_session_stage 
------------------
          1825755
(1 row)

Time: 0 hrs, 0 mins, 0 secs, 819 ms
CREATE INDEX
Time: 0 hrs, 0 mins, 2 secs, 211 ms
ANALYZE
Time: 0 hrs, 0 mins, 1 secs, 556 ms
TRUNCATE
Time: 0 hrs, 0 mins, 0 secs, 520 ms
END
Time: 0 hrs, 0 mins, 5 secs, 317 ms

Mon Apr 4 18:51:34 EDT 2011

BEGIN

           660 - LOAD_BN_SESSION_UPDATE_STAGE

SET
TRUNCATE
INSERT 0 0
END

Mon Apr 4 18:51:46 EDT 2011

Timing is on.

           670 - LOAD_BN_SESSION_20110402.UPDATES

BEGIN
Time: 0 hrs, 0 mins, 0 secs, 846 ms
SET
Time: 0 hrs, 0 mins, 0 secs, 10 ms
UPDATE 0
Time: 0 hrs, 0 mins, 0 secs, 539 ms
END
Time: 0 hrs, 0 mins, 4 secs, 331 ms
VACUUM
Time: 0 hrs, 0 mins, 14 secs, 506 ms

Mon Apr 4 18:52:07 EDT 2011

Timing is on.

           700 - LOAD_BN_SESSION

BEGIN
Time: 0 hrs, 0 mins, 0 secs, 819 ms
SET
Time: 0 hrs, 0 mins, 0 secs, 10 ms
INSERT 0 1825755
Time: 0 hrs, 2 mins, 18 secs, 589 ms
ANALYZE
Time: 0 hrs, 0 mins, 2 secs, 520 ms
END
Time: 0 hrs, 0 mins, 4 secs, 609 ms

Mon Apr 4 18:54:33 EDT 2011

Timing is on.

            750 - LOAD_BN_SESSION_SUMMARY   

BEGIN
Time: 0 hrs, 0 mins, 1 secs, 149 ms
SET
Time: 0 hrs, 0 mins, 0 secs, 10 ms
CREATE TABLE
Time: 0 hrs, 2 mins, 34 secs, 31 ms
TRUNCATE
Time: 0 hrs, 0 mins, 1 secs, 260 ms
INSERT 0 222202
Time: 0 hrs, 0 mins, 51 secs, 878 ms
ANALYZE
Time: 0 hrs, 0 mins, 0 secs, 731 ms
 count(1) 
----------
   222202
(1 row)

Time: 0 hrs, 0 mins, 0 secs, 260 ms
END
Time: 0 hrs, 0 mins, 3 secs, 700 ms

Mon Apr 4 18:58:07 EDT 2011

Timing is on.

           800 - LOAD_BN_HITS

BEGIN
Time: 0 hrs, 0 mins, 0 secs, 996 ms
SET
Time: 0 hrs, 0 mins, 0 secs, 15 ms
SET
Time: 0 hrs, 0 mins, 0 secs, 48 ms
SET
Time: 0 hrs, 0 mins, 0 secs, 43 ms
SET
Time: 0 hrs, 0 mins, 0 secs, 34 ms
TRUNCATE
Time: 0 hrs, 0 mins, 3 secs, 14 ms
INSERT 0 19978109
Time: 0 hrs, 0 mins, 8 secs, 843 ms
 count(1) 
----------
 19978109
(1 row)

Time: 0 hrs, 0 mins, 1 secs, 742 ms
ANALYZE
Time: 0 hrs, 0 mins, 6 secs, 373 ms
END
Time: 0 hrs, 0 mins, 13 secs, 418 ms

Mon Apr 4 18:58:41 EDT 2011

Timing is on.

            900 - LOAD_CLICKSTREAM   

BEGIN
Time: 0 hrs, 0 mins, 0 secs, 938 ms
SET
Time: 0 hrs, 0 mins, 0 secs, 10 ms
TRUNCATE
Time: 0 hrs, 0 mins, 4 secs, 137 ms
INSERT 0 19978109
Time: 0 hrs, 4 mins, 28 secs, 25 ms
 count(1) 
----------
 19978109
(1 row)

Time: 0 hrs, 0 mins, 0 secs, 398 ms
ANALYZE
Time: 0 hrs, 0 mins, 1 secs, 972 ms
END
Time: 0 hrs, 0 mins, 20 secs, 911 ms

Mon Apr 4 19:03:38 EDT 2011

Timing is on.

            1000 - PAGE_VIEW_SUMMARY  

BEGIN
Time: 0 hrs, 0 mins, 1 secs, 183 ms
SET
Time: 0 hrs, 0 mins, 0 secs, 9 ms
SET
Time: 0 hrs, 0 mins, 0 secs, 139 ms
TRUNCATE
Time: 0 hrs, 0 mins, 0 secs, 987 ms
INSERT 0 112460
Time: 0 hrs, 0 mins, 47 secs, 300 ms
 count(1) 
----------
   112460
(1 row)

Time: 0 hrs, 0 mins, 0 secs, 408 ms
ANALYZE
Time: 0 hrs, 0 mins, 0 secs, 183 ms
END
Time: 0 hrs, 0 mins, 12 secs, 912 ms

Mon Apr 4 19:04:41 EDT 2011


2000 - WRAP UP 

Timing is on.
BEGIN
Time: 0 hrs, 0 mins, 0 secs, 911 ms
TRUNCATE
Time: 0 hrs, 0 mins, 3 secs, 954 ms
TRUNCATE
Time: 0 hrs, 0 mins, 4 secs, 614 ms
END
Time: 0 hrs, 0 mins, 18 secs, 308 ms
Mon Apr 4 19:05:09 EDT 2011
Removing lock file and waiting for a minute
