Checking for lock file /tmp/.iislock
Acquired lock file /tmp/.iislock
deleting simple.htm records - these are just server testing...
DELETE 5984467
-------------------------------------
Processing for 20110921
-------------------------------------

Thu Sep 22 04:06:04 EDT 2011

Timing is on.

           000 - INIT

BEGIN
Time: 0 hrs, 0 mins, 2 secs, 338 ms
*** Truncating staging tables before workflow starts ***
SET
Time: 0 hrs, 0 mins, 0 secs, 7 ms
GRANT
Time: 0 hrs, 1 mins, 5 secs, 578 ms
END
Time: 0 hrs, 1 mins, 22 secs, 149 ms

Thu Sep 22 04:08:34 EDT 2011

Timing is on.

            200 - LOAD_BN_IISLOGS   

BEGIN
Time: 0 hrs, 0 mins, 0 secs, 211 ms
SET
Time: 0 hrs, 0 mins, 0 secs, 6 ms
TRUNCATE
Time: 0 hrs, 0 mins, 3 secs, 496 ms
INSERT 0 54229051
Time: 0 hrs, 10 mins, 7 secs, 386 ms
END
Time: 0 hrs, 0 mins, 34 secs, 28 ms
ALTER TABLE
Time: 0 hrs, 1 mins, 39 secs, 115 ms

Thu Sep 22 04:20:59 EDT 2011

Timing is on.
BEGIN
Time: 0 hrs, 0 mins, 1 secs, 295 ms
SET
Time: 0 hrs, 0 mins, 0 secs, 9 ms

            250 - LOAD_BN_HITS_SP   

TRUNCATE
Time: 0 hrs, 0 mins, 9 secs, 912 ms
INSERT 0 19735941
Time: 0 hrs, 4 mins, 37 secs, 750 ms
ANALYZE
Time: 0 hrs, 0 mins, 3 secs, 15 ms
END
Time: 0 hrs, 1 mins, 7 secs, 652 ms

Thu Sep 22 04:26:59 EDT 2011

Timing is on.
BEGIN
Time: 0 hrs, 0 mins, 7 secs, 879 ms
SET
Time: 0 hrs, 0 mins, 0 secs, 8 ms

           300 - DYNAMIC FILTER

TRUNCATE
Time: 0 hrs, 0 mins, 3 secs, 216 ms
INSERT 0 20028080
Time: 0 hrs, 0 mins, 2 secs, 564 ms
ANALYZE
Time: 0 hrs, 0 mins, 1 secs, 706 ms
 Total records in web_click_cnt 
--------------------------------
                       20028080
(1 row)

Time: 0 hrs, 0 mins, 3 secs, 583 ms
CREATE TABLE
Time: 0 hrs, 0 mins, 16 secs, 827 ms
ANALYZE
Time: 0 hrs, 0 mins, 0 secs, 35 ms
CREATE TABLE
Time: 0 hrs, 0 mins, 0 secs, 259 ms
ANALYZE
Time: 0 hrs, 0 mins, 0 secs, 865 ms
DELETE 1
Time: 0 hrs, 0 mins, 2 secs, 145 ms
INSERT 0 1
Time: 0 hrs, 0 mins, 3 secs, 350 ms
DELETE 1
Time: 0 hrs, 0 mins, 0 secs, 59 ms
INSERT 0 1
Time: 0 hrs, 0 mins, 1 secs, 166 ms
CREATE TABLE
Time: 0 hrs, 0 mins, 11 secs, 61 ms
ANALYZE
Time: 0 hrs, 0 mins, 0 secs, 33 ms
CREATE TABLE
Time: 0 hrs, 0 mins, 0 secs, 84 ms
ANALYZE
Time: 0 hrs, 0 mins, 0 secs, 28 ms
DELETE 1
Time: 0 hrs, 0 mins, 0 secs, 60 ms
INSERT 0 1
Time: 0 hrs, 0 mins, 3 secs, 836 ms
DELETE 1
Time: 0 hrs, 0 mins, 0 secs, 65 ms
INSERT 0 1
Time: 0 hrs, 0 mins, 1 secs, 244 ms
ANALYZE
Time: 0 hrs, 0 mins, 0 secs, 200 ms
    tablename     |    attr_name    | attr_value 
------------------+-----------------+------------
 BN_FILTER_SPIDER | CLK_USER_SD_MPL | 10
 BN_FILTER_SPIDER | IP_USER_SD_MPL  | 1
 BN_FILTER_SPIDER | IP_USER_RATIO   | .955
 BN_FILTER_SPIDER | CLK_USER_MEAN   | 11.230
 BN_FILTER_SPIDER | CLK_USER_SD     | 55.969
 BN_FILTER_SPIDER | IP_USER_MEAN    | 31.765
 BN_FILTER_SPIDER | IP_USER_SD      | 2385.952
(7 rows)

Time: 0 hrs, 0 mins, 0 secs, 674 ms
CREATE TABLE
Time: 0 hrs, 0 mins, 4 secs, 209 ms
CREATE TABLE
Time: 0 hrs, 0 mins, 0 secs, 342 ms
 l_mean_sd_mpl 
---------------
       570.920
(1 row)

Time: 0 hrs, 0 mins, 0 secs, 59 ms
TRUNCATE
Time: 0 hrs, 0 mins, 5 secs, 786 ms
INSERT 0 235
Time: 0 hrs, 0 mins, 6 secs, 994 ms
ANALYZE
Time: 0 hrs, 0 mins, 1 secs, 167 ms
 Total click_user bn_spider_ip records 
---------------------------------------
                                   235
(1 row)

Time: 0 hrs, 0 mins, 0 secs, 504 ms
CREATE TABLE
Time: 0 hrs, 0 mins, 7 secs, 373 ms
ANALYZE
Time: 0 hrs, 0 mins, 0 secs, 24 ms
CREATE TABLE
Time: 0 hrs, 0 mins, 3 secs, 281 ms
ANALYZE
Time: 0 hrs, 0 mins, 0 secs, 28 ms
DROP 
Time: 0 hrs, 0 mins, 0 secs, 70 ms
CREATE TABLE
Time: 0 hrs, 0 mins, 0 secs, 55 ms
 l_mean_sd_mpl | l_ratio 
---------------+---------
      2417.717 |   0.955
(1 row)

Time: 0 hrs, 0 mins, 0 secs, 69 ms
INSERT 0 17803882
Time: 0 hrs, 0 mins, 5 secs, 232 ms
ANALYZE
Time: 0 hrs, 0 mins, 0 secs, 206 ms
 Total ip_user_filter bn_spider_ip records 
-------------------------------------------
                                  17803882
(1 row)

Time: 0 hrs, 0 mins, 1 secs, 710 ms
TRUNCATE
Time: 0 hrs, 0 mins, 4 secs, 4 ms
INSERT 0 12411317
Time: 0 hrs, 0 mins, 22 secs, 11 ms
ANALYZE
Time: 0 hrs, 0 mins, 5 secs, 738 ms
 bn_hits_stage 
---------------
      12411317
(1 row)

Time: 0 hrs, 0 mins, 2 secs, 740 ms
INSERT 0 18325736
Time: 0 hrs, 0 mins, 50 secs, 68 ms
ANALYZE
Time: 0 hrs, 0 mins, 22 secs, 166 ms
 bn_hits_sp_20110921 
---------------------
            38061677
(1 row)

Time: 0 hrs, 0 mins, 7 secs, 999 ms
TRUNCATE
Time: 0 hrs, 0 mins, 5 secs, 180 ms
INSERT 0 3756057
Time: 0 hrs, 0 mins, 6 secs, 284 ms
ANALYZE
Time: 0 hrs, 0 mins, 2 secs, 472 ms
 bn_hits_client_20110921 
-------------------------
                 3756057
(1 row)

Time: 0 hrs, 0 mins, 2 secs, 726 ms
END
Time: 0 hrs, 0 mins, 38 secs, 629 ms

Thu Sep 22 04:31:27 EDT 2011

Timing is on.
BEGIN
Time: 0 hrs, 0 mins, 17 secs, 131 ms

           600 - LOAD RESOURCES

SET
Time: 0 hrs, 0 mins, 0 secs, 8 ms
CREATE TABLE
Time: 0 hrs, 0 mins, 24 secs, 975 ms
ANALYZE
Time: 0 hrs, 0 mins, 0 secs, 615 ms
 tmp_a_count 
-------------
      463433
(1 row)

Time: 0 hrs, 0 mins, 0 secs, 117 ms
UPDATE 0
Time: 0 hrs, 0 mins, 6 secs, 352 ms
ANALYZE
Time: 0 hrs, 0 mins, 1 secs, 255 ms
TRUNCATE
Time: 0 hrs, 0 mins, 3 secs, 185 ms
INSERT 0 180753
Time: 0 hrs, 0 mins, 36 secs, 561 ms
ANALYZE
Time: 0 hrs, 0 mins, 4 secs, 116 ms
 first_resource_id | last_resource_id 
-------------------+------------------
          43608396 |         43789148
(1 row)

Time: 0 hrs, 0 mins, 5 secs, 112 ms
INSERT 0 180753
Time: 0 hrs, 0 mins, 4 secs, 390 ms
 total_resources 
-----------------
        43764745
(1 row)

Time: 0 hrs, 0 mins, 0 secs, 855 ms
ANALYZE
Time: 0 hrs, 0 mins, 0 secs, 578 ms
END
Time: 0 hrs, 0 mins, 36 secs, 150 ms
VACUUM
Time: 0 hrs, 0 mins, 7 secs, 339 ms

Thu Sep 22 04:33:56 EDT 2011

Timing is on.

           650 - LOAD_BN_SESSION_STAGE

BEGIN
Time: 0 hrs, 0 mins, 0 secs, 430 ms
SET
Time: 0 hrs, 0 mins, 0 secs, 6 ms
SET
Time: 0 hrs, 0 mins, 0 secs, 12 ms
CREATE TABLE
Time: 0 hrs, 1 mins, 15 secs, 442 ms
ANALYZE
Time: 0 hrs, 0 mins, 6 secs, 509 ms
 tmp_sessionized_stage 
-----------------------
              12411317
(1 row)

Time: 0 hrs, 0 mins, 3 secs, 216 ms
TRUNCATE
Time: 0 hrs, 0 mins, 8 secs, 481 ms
INSERT 0 1940576
Time: 0 hrs, 1 mins, 34 secs, 53 ms
ANALYZE
Time: 0 hrs, 0 mins, 3 secs, 848 ms
CREATE TABLE
Time: 0 hrs, 1 mins, 25 secs, 80 ms
CREATE INDEX
Time: 0 hrs, 0 mins, 1 secs, 105 ms
 tmp_first_last 
----------------
        1940576
(1 row)

Time: 0 hrs, 0 mins, 0 secs, 50 ms
ANALYZE
Time: 0 hrs, 0 mins, 0 secs, 609 ms
SET
Time: 0 hrs, 0 mins, 0 secs, 12 ms
SET
Time: 0 hrs, 0 mins, 0 secs, 11 ms
TRUNCATE
Time: 0 hrs, 0 mins, 5 secs, 143 ms
DROP 
Time: 0 hrs, 0 mins, 1 secs, 529 ms
INSERT 0 1940576
Time: 0 hrs, 0 mins, 5 secs, 475 ms
 bn_session_stage 
------------------
          1940576
(1 row)

Time: 0 hrs, 0 mins, 7 secs, 4 ms
CREATE INDEX
Time: 0 hrs, 0 mins, 3 secs, 863 ms
ANALYZE
Time: 0 hrs, 0 mins, 1 secs, 750 ms
TRUNCATE
Time: 0 hrs, 0 mins, 7 secs, 80 ms
END
Time: 0 hrs, 0 mins, 26 secs, 971 ms

Thu Sep 22 04:39:34 EDT 2011

BEGIN

           660 - LOAD_BN_SESSION_UPDATE_STAGE

SET
TRUNCATE
INSERT 0 0
END

Thu Sep 22 04:39:41 EDT 2011

Timing is on.

           670 - LOAD_BN_SESSION_20110921.UPDATES

BEGIN
Time: 0 hrs, 0 mins, 0 secs, 113 ms
SET
Time: 0 hrs, 0 mins, 0 secs, 6 ms
UPDATE 0
Time: 0 hrs, 0 mins, 0 secs, 155 ms
END
Time: 0 hrs, 0 mins, 4 secs, 722 ms
VACUUM
Time: 0 hrs, 0 mins, 3 secs, 241 ms

Thu Sep 22 04:39:50 EDT 2011

Timing is on.

           700 - LOAD_BN_SESSION

BEGIN
Time: 0 hrs, 0 mins, 0 secs, 121 ms
SET
Time: 0 hrs, 0 mins, 0 secs, 6 ms
INSERT 0 1940576
Time: 0 hrs, 0 mins, 12 secs, 834 ms
ANALYZE
Time: 0 hrs, 0 mins, 1 secs, 351 ms
END
Time: 0 hrs, 0 mins, 10 secs, 96 ms

Thu Sep 22 04:40:14 EDT 2011

Timing is on.

            750 - LOAD_BN_SESSION_SUMMARY   

BEGIN
Time: 0 hrs, 0 mins, 0 secs, 115 ms
SET
Time: 0 hrs, 0 mins, 0 secs, 6 ms
CREATE TABLE
Time: 0 hrs, 0 mins, 9 secs, 715 ms
TRUNCATE
Time: 0 hrs, 0 mins, 1 secs, 444 ms
INSERT 0 247595
Time: 0 hrs, 0 mins, 5 secs, 434 ms
ANALYZE
Time: 0 hrs, 0 mins, 0 secs, 953 ms
 count(1) 
----------
   247595
(1 row)

Time: 0 hrs, 0 mins, 0 secs, 114 ms
END
Time: 0 hrs, 0 mins, 7 secs, 46 ms

Thu Sep 22 04:40:39 EDT 2011

Timing is on.

           800 - LOAD_BN_HITS

BEGIN
Time: 0 hrs, 0 mins, 1 secs, 394 ms
SET
Time: 0 hrs, 0 mins, 0 secs, 7 ms
SET
Time: 0 hrs, 0 mins, 0 secs, 13 ms
SET
Time: 0 hrs, 0 mins, 0 secs, 13 ms
SET
Time: 0 hrs, 0 mins, 0 secs, 14 ms
TRUNCATE
Time: 0 hrs, 0 mins, 2 secs, 754 ms
INSERT 0 12411317
Time: 0 hrs, 0 mins, 1 secs, 437 ms
 count(1) 
----------
 12411317
(1 row)

Time: 0 hrs, 0 mins, 1 secs, 132 ms
ANALYZE
Time: 0 hrs, 0 mins, 2 secs, 901 ms
END
Time: 0 hrs, 0 mins, 26 secs, 528 ms

Thu Sep 22 04:41:16 EDT 2011

Timing is on.

            900 - LOAD_CLICKSTREAM   

BEGIN
Time: 0 hrs, 0 mins, 0 secs, 120 ms
SET
Time: 0 hrs, 0 mins, 0 secs, 6 ms
TRUNCATE
Time: 0 hrs, 0 mins, 4 secs, 71 ms
INSERT 0 12411317
Time: 0 hrs, 0 mins, 46 secs, 321 ms
 count(1) 
----------
 12411317
(1 row)

Time: 0 hrs, 0 mins, 1 secs, 450 ms
ANALYZE
Time: 0 hrs, 0 mins, 1 secs, 44 ms
END
Time: 0 hrs, 0 mins, 11 secs, 545 ms

Thu Sep 22 04:42:21 EDT 2011

Timing is on.

            1000 - PAGE_VIEW_SUMMARY  

BEGIN
Time: 0 hrs, 0 mins, 0 secs, 118 ms
SET
Time: 0 hrs, 0 mins, 0 secs, 7 ms
SET
Time: 0 hrs, 0 mins, 0 secs, 12 ms
TRUNCATE
Time: 0 hrs, 0 mins, 1 secs, 805 ms
INSERT 0 472328
Time: 0 hrs, 0 mins, 5 secs, 103 ms
 count(1) 
----------
   472328
(1 row)

Time: 0 hrs, 0 mins, 0 secs, 566 ms
ANALYZE
Time: 0 hrs, 0 mins, 0 secs, 70 ms
END
Time: 0 hrs, 0 mins, 7 secs, 481 ms

Thu Sep 22 04:42:36 EDT 2011


2000 - WRAP UP 

Timing is on.
BEGIN
Time: 0 hrs, 0 mins, 0 secs, 128 ms
TRUNCATE
Time: 0 hrs, 0 mins, 1 secs, 155 ms
TRUNCATE
Time: 0 hrs, 0 mins, 3 secs, 143 ms
END
Time: 0 hrs, 0 mins, 4 secs, 592 ms
Thu Sep 22 04:42:45 EDT 2011
Removing lock file and waiting for a minute
Total time taken:  40  minutes.
Running time of run.sh 20110921: 2444 seconds
Checking for lock file /tmp/.iislock
Acquired lock file /tmp/.iislock
deleting simple.htm records - these are just server testing...
DELETE 23
-------------------------------------
Processing for 20110921
-------------------------------------

Fri Sep 23 05:29:10 EDT 2011

Timing is on.

           000 - INIT

BEGIN
Time: 0 hrs, 0 mins, 0 secs, 155 ms
*** Truncating staging tables before workflow starts ***
SET
Time: 0 hrs, 0 mins, 0 secs, 6 ms
GRANT
Time: 0 hrs, 0 mins, 15 secs, 591 ms
END
Time: 0 hrs, 0 mins, 7 secs, 91 ms

Fri Sep 23 05:29:33 EDT 2011

Timing is on.

            200 - LOAD_BN_IISLOGS   

BEGIN
Time: 0 hrs, 0 mins, 0 secs, 963 ms
SET
Time: 0 hrs, 0 mins, 0 secs, 6 ms
TRUNCATE
Time: 0 hrs, 0 mins, 1 secs, 773 ms
INSERT 0 71532520
Time: 0 hrs, 10 mins, 28 secs, 458 ms
END
Time: 0 hrs, 0 mins, 11 secs, 603 ms
ALTER TABLE
Time: 0 hrs, 0 mins, 5 secs, 774 ms

Fri Sep 23 05:40:22 EDT 2011

Timing is on.
BEGIN
Time: 0 hrs, 0 mins, 0 secs, 143 ms
SET
Time: 0 hrs, 0 mins, 0 secs, 6 ms

            250 - LOAD_BN_HITS_SP   

TRUNCATE
Time: 0 hrs, 0 mins, 1 secs, 792 ms
INSERT 0 25914151
Time: 0 hrs, 3 mins, 53 secs, 203 ms
ANALYZE
Time: 0 hrs, 0 mins, 4 secs, 314 ms
END
Time: 0 hrs, 0 mins, 28 secs, 809 ms

Fri Sep 23 05:44:51 EDT 2011

Timing is on.
BEGIN
Time: 0 hrs, 0 mins, 0 secs, 135 ms
SET
Time: 0 hrs, 0 mins, 0 secs, 7 ms

           300 - DYNAMIC FILTER

TRUNCATE
Time: 0 hrs, 0 mins, 5 secs, 760 ms
INSERT 0 25301801
Time: 0 hrs, 0 mins, 3 secs, 351 ms
ANALYZE
Time: 0 hrs, 0 mins, 2 secs, 178 ms
 Total records in web_click_cnt 
--------------------------------
                       25301801
(1 row)

Time: 0 hrs, 0 mins, 0 secs, 559 ms
CREATE TABLE
Time: 0 hrs, 0 mins, 24 secs, 396 ms
ANALYZE
Time: 0 hrs, 0 mins, 0 secs, 41 ms
CREATE TABLE
Time: 0 hrs, 0 mins, 2 secs, 379 ms
ANALYZE
Time: 0 hrs, 0 mins, 0 secs, 725 ms
DELETE 1
Time: 0 hrs, 0 mins, 0 secs, 90 ms
INSERT 0 1
Time: 0 hrs, 0 mins, 0 secs, 647 ms
DELETE 1
Time: 0 hrs, 0 mins, 0 secs, 72 ms
INSERT 0 1
Time: 0 hrs, 0 mins, 0 secs, 769 ms
CREATE TABLE
Time: 0 hrs, 0 mins, 8 secs, 491 ms
ANALYZE
Time: 0 hrs, 0 mins, 0 secs, 33 ms
CREATE TABLE
Time: 0 hrs, 0 mins, 1 secs, 648 ms
ANALYZE
Time: 0 hrs, 0 mins, 0 secs, 33 ms
DELETE 1
Time: 0 hrs, 0 mins, 0 secs, 64 ms
INSERT 0 1
Time: 0 hrs, 0 mins, 4 secs, 279 ms
DELETE 1
Time: 0 hrs, 0 mins, 0 secs, 64 ms
INSERT 0 1
Time: 0 hrs, 0 mins, 0 secs, 128 ms
ANALYZE
Time: 0 hrs, 0 mins, 0 secs, 18 ms
    tablename     |    attr_name    | attr_value 
------------------+-----------------+------------
 BN_FILTER_SPIDER | CLK_USER_SD_MPL | 10
 BN_FILTER_SPIDER | IP_USER_SD_MPL  | 1
 BN_FILTER_SPIDER | IP_USER_RATIO   | .955
 BN_FILTER_SPIDER | CLK_USER_MEAN   | 11.489
 BN_FILTER_SPIDER | CLK_USER_SD     | 45.733
 BN_FILTER_SPIDER | IP_USER_MEAN    | 29.700
 BN_FILTER_SPIDER | IP_USER_SD      | 2567.747
(7 rows)

Time: 0 hrs, 0 mins, 0 secs, 46 ms
CREATE TABLE
Time: 0 hrs, 0 mins, 6 secs, 960 ms
CREATE TABLE
Time: 0 hrs, 0 mins, 3 secs, 429 ms
 l_mean_sd_mpl 
---------------
       468.819
(1 row)

Time: 0 hrs, 0 mins, 0 secs, 334 ms
TRUNCATE
Time: 0 hrs, 0 mins, 1 secs, 451 ms
INSERT 0 464
Time: 0 hrs, 0 mins, 4 secs, 565 ms
ANALYZE
Time: 0 hrs, 0 mins, 0 secs, 35 ms
 Total click_user bn_spider_ip records 
---------------------------------------
                                   464
(1 row)

Time: 0 hrs, 0 mins, 0 secs, 897 ms
CREATE TABLE
Time: 0 hrs, 0 mins, 6 secs, 842 ms
ANALYZE
Time: 0 hrs, 0 mins, 0 secs, 33 ms
CREATE TABLE
Time: 0 hrs, 0 mins, 1 secs, 931 ms
ANALYZE
Time: 0 hrs, 0 mins, 0 secs, 34 ms
DROP 
Time: 0 hrs, 0 mins, 0 secs, 72 ms
CREATE TABLE
Time: 0 hrs, 0 mins, 1 secs, 35 ms
 l_mean_sd_mpl | l_ratio 
---------------+---------
      2597.447 |   0.955
(1 row)

Time: 0 hrs, 0 mins, 0 secs, 538 ms
INSERT 0 22420532
Time: 0 hrs, 0 mins, 6 secs, 465 ms
ANALYZE
Time: 0 hrs, 0 mins, 0 secs, 228 ms
 Total ip_user_filter bn_spider_ip records 
-------------------------------------------
                                  22420532
(1 row)

Time: 0 hrs, 0 mins, 3 secs, 730 ms
TRUNCATE
Time: 0 hrs, 0 mins, 1 secs, 370 ms
INSERT 0 16646365
Time: 0 hrs, 0 mins, 19 secs, 802 ms
ANALYZE
Time: 0 hrs, 0 mins, 6 secs, 904 ms
 bn_hits_stage 
---------------
      16646365
(1 row)

Time: 0 hrs, 0 mins, 1 secs, 353 ms
INSERT 0 23189269
Time: 0 hrs, 0 mins, 51 secs, 680 ms
ANALYZE
Time: 0 hrs, 0 mins, 35 secs, 474 ms
 bn_hits_sp_20110921 
---------------------
            49103420
(1 row)

Time: 0 hrs, 0 mins, 47 secs, 651 ms
TRUNCATE
Time: 0 hrs, 0 mins, 8 secs, 668 ms
INSERT 0 5782735
Time: 0 hrs, 0 mins, 5 secs, 219 ms
ANALYZE
Time: 0 hrs, 0 mins, 2 secs, 729 ms
 bn_hits_client_20110921 
-------------------------
                 5782735
(1 row)

Time: 0 hrs, 0 mins, 0 secs, 630 ms
END
Time: 0 hrs, 0 mins, 6 secs, 983 ms

Fri Sep 23 05:49:34 EDT 2011

Timing is on.
BEGIN
Time: 0 hrs, 0 mins, 0 secs, 228 ms

           600 - LOAD RESOURCES

SET
Time: 0 hrs, 0 mins, 0 secs, 7 ms
CREATE TABLE
Time: 0 hrs, 0 mins, 29 secs, 506 ms
ANALYZE
Time: 0 hrs, 0 mins, 3 secs, 11 ms
 tmp_a_count 
-------------
      574352
(1 row)

Time: 0 hrs, 0 mins, 1 secs, 219 ms
UPDATE 0
Time: 0 hrs, 0 mins, 4 secs, 832 ms
ANALYZE
Time: 0 hrs, 0 mins, 2 secs, 700 ms
TRUNCATE
Time: 0 hrs, 0 mins, 5 secs, 257 ms
INSERT 0 52078
Time: 0 hrs, 0 mins, 43 secs, 892 ms
ANALYZE
Time: 0 hrs, 0 mins, 2 secs, 719 ms
 first_resource_id | last_resource_id 
-------------------+------------------
          44346538 |         44398615
(1 row)

Time: 0 hrs, 0 mins, 0 secs, 60 ms
INSERT 0 52078
Time: 0 hrs, 0 mins, 2 secs, 88 ms
 total_resources 
-----------------
        44374212
(1 row)

Time: 0 hrs, 0 mins, 0 secs, 861 ms
ANALYZE
Time: 0 hrs, 0 mins, 0 secs, 582 ms
END
Time: 0 hrs, 0 mins, 33 secs, 119 ms
VACUUM
Time: 0 hrs, 0 mins, 36 secs, 434 ms

Fri Sep 23 05:52:20 EDT 2011

Timing is on.

           650 - LOAD_BN_SESSION_STAGE

BEGIN
Time: 0 hrs, 0 mins, 0 secs, 140 ms
SET
Time: 0 hrs, 0 mins, 0 secs, 6 ms
SET
Time: 0 hrs, 0 mins, 0 secs, 13 ms
CREATE TABLE
Time: 0 hrs, 0 mins, 54 secs, 674 ms
ANALYZE
Time: 0 hrs, 0 mins, 6 secs, 960 ms
 tmp_sessionized_stage 
-----------------------
              16646365
(1 row)

Time: 0 hrs, 0 mins, 0 secs, 873 ms
TRUNCATE
Time: 0 hrs, 0 mins, 2 secs, 572 ms
INSERT 0 2536926
Time: 0 hrs, 1 mins, 0 secs, 886 ms
ANALYZE
Time: 0 hrs, 0 mins, 15 secs, 357 ms
CREATE TABLE
Time: 0 hrs, 1 mins, 34 secs, 155 ms
CREATE INDEX
Time: 0 hrs, 0 mins, 1 secs, 80 ms
 tmp_first_last 
----------------
        2536926
(1 row)

Time: 0 hrs, 0 mins, 0 secs, 266 ms
ANALYZE
Time: 0 hrs, 0 mins, 0 secs, 696 ms
SET
Time: 0 hrs, 0 mins, 0 secs, 12 ms
SET
Time: 0 hrs, 0 mins, 0 secs, 12 ms
TRUNCATE
Time: 0 hrs, 0 mins, 2 secs, 63 ms
DROP 
Time: 0 hrs, 0 mins, 0 secs, 115 ms
INSERT 0 2536926
Time: 0 hrs, 0 mins, 5 secs, 643 ms
 bn_session_stage 
------------------
          2536926
(1 row)

Time: 0 hrs, 0 mins, 3 secs, 395 ms
CREATE INDEX
Time: 0 hrs, 0 mins, 2 secs, 455 ms
ANALYZE
Time: 0 hrs, 0 mins, 2 secs, 121 ms
TRUNCATE
Time: 0 hrs, 0 mins, 6 secs, 298 ms
END
Time: 0 hrs, 0 mins, 17 secs, 502 ms

Fri Sep 23 05:56:58 EDT 2011

BEGIN

           660 - LOAD_BN_SESSION_UPDATE_STAGE

SET
TRUNCATE
INSERT 0 0
END

Fri Sep 23 05:57:09 EDT 2011

Timing is on.

           670 - LOAD_BN_SESSION_20110921.UPDATES

BEGIN
Time: 0 hrs, 0 mins, 0 secs, 131 ms
SET
Time: 0 hrs, 0 mins, 0 secs, 6 ms
UPDATE 0
Time: 0 hrs, 0 mins, 0 secs, 149 ms
END
Time: 0 hrs, 0 mins, 25 secs, 566 ms
VACUUM
Time: 0 hrs, 0 mins, 9 secs, 596 ms

Fri Sep 23 05:57:45 EDT 2011

Timing is on.

           700 - LOAD_BN_SESSION

BEGIN
Time: 0 hrs, 0 mins, 3 secs, 881 ms
SET
Time: 0 hrs, 0 mins, 0 secs, 7 ms
INSERT 0 2536926
Time: 0 hrs, 0 mins, 10 secs, 668 ms
ANALYZE
Time: 0 hrs, 0 mins, 1 secs, 611 ms
END
Time: 0 hrs, 0 mins, 16 secs, 430 ms

Fri Sep 23 05:58:18 EDT 2011

Timing is on.

            750 - LOAD_BN_SESSION_SUMMARY   

BEGIN
Time: 0 hrs, 0 mins, 0 secs, 402 ms
SET
Time: 0 hrs, 0 mins, 0 secs, 6 ms
CREATE TABLE
Time: 0 hrs, 0 mins, 11 secs, 862 ms
TRUNCATE
Time: 0 hrs, 0 mins, 7 secs, 256 ms
INSERT 0 318300
Time: 0 hrs, 0 mins, 3 secs, 445 ms
ANALYZE
Time: 0 hrs, 0 mins, 1 secs, 123 ms
 count(1) 
----------
   318300
(1 row)

Time: 0 hrs, 0 mins, 1 secs, 284 ms
END
Time: 0 hrs, 0 mins, 27 secs, 271 ms

Fri Sep 23 05:59:11 EDT 2011

Timing is on.

           800 - LOAD_BN_HITS

BEGIN
Time: 0 hrs, 0 mins, 2 secs, 236 ms
SET
Time: 0 hrs, 0 mins, 0 secs, 8 ms
SET
Time: 0 hrs, 0 mins, 0 secs, 13 ms
SET
Time: 0 hrs, 0 mins, 0 secs, 13 ms
SET
Time: 0 hrs, 0 mins, 0 secs, 14 ms
TRUNCATE
Time: 0 hrs, 0 mins, 1 secs, 864 ms
INSERT 0 16646365
Time: 0 hrs, 0 mins, 8 secs, 737 ms
 count(1) 
----------
 16646365
(1 row)

Time: 0 hrs, 0 mins, 2 secs, 937 ms
ANALYZE
Time: 0 hrs, 0 mins, 3 secs, 54 ms
END
Time: 0 hrs, 0 mins, 9 secs, 891 ms

Fri Sep 23 05:59:40 EDT 2011

Timing is on.

            900 - LOAD_CLICKSTREAM   

BEGIN
Time: 0 hrs, 0 mins, 0 secs, 125 ms
SET
Time: 0 hrs, 0 mins, 0 secs, 6 ms
TRUNCATE
Time: 0 hrs, 0 mins, 1 secs, 943 ms
INSERT 0 16646365
Time: 0 hrs, 1 mins, 42 secs, 360 ms
 count(1) 
----------
 16646365
(1 row)

Time: 0 hrs, 0 mins, 4 secs, 464 ms
ANALYZE
Time: 0 hrs, 0 mins, 2 secs, 198 ms
END
Time: 0 hrs, 0 mins, 24 secs, 69 ms

Fri Sep 23 06:01:55 EDT 2011

Timing is on.

            1000 - PAGE_VIEW_SUMMARY  

BEGIN
Time: 0 hrs, 0 mins, 3 secs, 545 ms
SET
Time: 0 hrs, 0 mins, 0 secs, 6 ms
SET
Time: 0 hrs, 0 mins, 0 secs, 11 ms
TRUNCATE
Time: 0 hrs, 0 mins, 4 secs, 915 ms
INSERT 0 585453
Time: 0 hrs, 0 mins, 11 secs, 609 ms
 count(1) 
----------
   585453
(1 row)

Time: 0 hrs, 0 mins, 2 secs, 764 ms
ANALYZE
Time: 0 hrs, 0 mins, 0 secs, 75 ms
END
Time: 0 hrs, 1 mins, 54 secs, 351 ms

Fri Sep 23 06:04:13 EDT 2011


2000 - WRAP UP 

Timing is on.
BEGIN
Time: 0 hrs, 0 mins, 0 secs, 892 ms
TRUNCATE
Time: 0 hrs, 0 mins, 13 secs, 659 ms
TRUNCATE
Time: 0 hrs, 0 mins, 4 secs, 53 ms
END
Time: 0 hrs, 0 mins, 35 secs, 547 ms
Fri Sep 23 06:05:07 EDT 2011
Removing lock file and waiting for a minute
Total time taken:  37  minutes.
Running time of run.sh 20110921: 37 minutes
