Checking for lock file /tmp/.iislock
Acquired lock file /tmp/.iislock
-------------------------------------
Processing for 20110629
-------------------------------------

Thu Jun 30 05:59:44 EDT 2011

Timing is on.

           000 - INIT

BEGIN
Time: 0 hrs, 0 mins, 0 secs, 833 ms
*** Truncating staging tables before workflow starts ***
SET
Time: 0 hrs, 0 mins, 0 secs, 12 ms
GRANT
Time: 0 hrs, 0 mins, 4 secs, 601 ms
END
Time: 0 hrs, 0 mins, 12 secs, 347 ms

Thu Jun 30 06:00:02 EDT 2011

Timing is on.

            200 - LOAD_BN_IISLOGS   

BEGIN
Time: 0 hrs, 0 mins, 1 secs, 393 ms
SET
Time: 0 hrs, 0 mins, 0 secs, 7 ms
TRUNCATE
Time: 0 hrs, 0 mins, 1 secs, 231 ms
INSERT 0 4350948
Time: 0 hrs, 2 mins, 22 secs, 210 ms
END
Time: 0 hrs, 0 mins, 4 secs, 281 ms
ALTER TABLE
Time: 0 hrs, 7 mins, 55 secs, 416 ms

Thu Jun 30 06:10:27 EDT 2011

Timing is on.
BEGIN
Time: 0 hrs, 0 mins, 1 secs, 605 ms
SET
Time: 0 hrs, 0 mins, 0 secs, 10 ms

            250 - LOAD_BN_HITS_SP   

TRUNCATE
Time: 0 hrs, 0 mins, 1 secs, 992 ms
INSERT 0 2212045
Time: 0 hrs, 0 mins, 57 secs, 651 ms
ANALYZE
Time: 0 hrs, 0 mins, 2 secs, 911 ms
END
Time: 0 hrs, 1 mins, 15 secs, 418 ms

Thu Jun 30 06:12:47 EDT 2011

Timing is on.
BEGIN
Time: 0 hrs, 0 mins, 0 secs, 866 ms
SET
Time: 0 hrs, 0 mins, 0 secs, 9 ms

           300 - DYNAMIC FILTER

TRUNCATE
Time: 0 hrs, 0 mins, 0 secs, 621 ms
INSERT 0 1429124
Time: 0 hrs, 0 mins, 3 secs, 47 ms
ANALYZE
Time: 0 hrs, 0 mins, 1 secs, 870 ms
 Total records in web_click_cnt 
--------------------------------
                        1429124
(1 row)

Time: 0 hrs, 0 mins, 0 secs, 184 ms
CREATE TABLE
Time: 0 hrs, 0 mins, 8 secs, 351 ms
ANALYZE
Time: 0 hrs, 0 mins, 0 secs, 42 ms
CREATE TABLE
Time: 0 hrs, 0 mins, 0 secs, 631 ms
ANALYZE
Time: 0 hrs, 0 mins, 0 secs, 210 ms
DELETE 1
Time: 0 hrs, 0 mins, 0 secs, 169 ms
INSERT 0 1
Time: 0 hrs, 0 mins, 0 secs, 182 ms
DELETE 1
Time: 0 hrs, 0 mins, 0 secs, 87 ms
INSERT 0 1
Time: 0 hrs, 0 mins, 0 secs, 163 ms
CREATE TABLE
Time: 0 hrs, 0 mins, 1 secs, 843 ms
ANALYZE
Time: 0 hrs, 0 mins, 0 secs, 41 ms
CREATE TABLE
Time: 0 hrs, 0 mins, 0 secs, 711 ms
ANALYZE
Time: 0 hrs, 0 mins, 0 secs, 39 ms
DELETE 1
Time: 0 hrs, 0 mins, 0 secs, 71 ms
INSERT 0 1
Time: 0 hrs, 0 mins, 0 secs, 171 ms
DELETE 1
Time: 0 hrs, 0 mins, 0 secs, 65 ms
INSERT 0 1
Time: 0 hrs, 0 mins, 0 secs, 260 ms
ANALYZE
Time: 0 hrs, 0 mins, 0 secs, 46 ms
    tablename     |    attr_name    | attr_value 
------------------+-----------------+------------
 BN_FILTER_SPIDER | CLK_USER_SD_MPL | 10
 BN_FILTER_SPIDER | IP_USER_SD_MPL  | 1
 BN_FILTER_SPIDER | IP_USER_RATIO   | .955
 BN_FILTER_SPIDER | CLK_USER_MEAN   | 3.919
 BN_FILTER_SPIDER | CLK_USER_SD     | 38.869
 BN_FILTER_SPIDER | IP_USER_MEAN    | 7.041
 BN_FILTER_SPIDER | IP_USER_SD      | 1235.702
(7 rows)

Time: 0 hrs, 0 mins, 0 secs, 136 ms
CREATE TABLE
Time: 0 hrs, 0 mins, 1 secs, 808 ms
CREATE TABLE
Time: 0 hrs, 0 mins, 2 secs, 106 ms
 l_mean_sd_mpl 
---------------
       392.609
(1 row)

Time: 0 hrs, 0 mins, 0 secs, 153 ms
TRUNCATE
Time: 0 hrs, 0 mins, 0 secs, 261 ms
INSERT 0 28
Time: 0 hrs, 0 mins, 1 secs, 999 ms
ANALYZE
Time: 0 hrs, 0 mins, 0 secs, 62 ms
 Total click_user bn_spider_ip records 
---------------------------------------
                                    28
(1 row)

Time: 0 hrs, 0 mins, 0 secs, 350 ms
CREATE TABLE
Time: 0 hrs, 0 mins, 0 secs, 797 ms
ANALYZE
Time: 0 hrs, 0 mins, 0 secs, 64 ms
CREATE TABLE
Time: 0 hrs, 0 mins, 0 secs, 986 ms
ANALYZE
Time: 0 hrs, 0 mins, 0 secs, 52 ms
DROP 
Time: 0 hrs, 0 mins, 0 secs, 184 ms
CREATE TABLE
Time: 0 hrs, 0 mins, 0 secs, 128 ms
 l_mean_sd_mpl | l_ratio 
---------------+---------
      1242.743 |   0.955
(1 row)

Time: 0 hrs, 0 mins, 0 secs, 132 ms
INSERT 0 1138893
Time: 0 hrs, 0 mins, 3 secs, 51 ms
ANALYZE
Time: 0 hrs, 0 mins, 0 secs, 203 ms
 Total ip_user_filter bn_spider_ip records 
-------------------------------------------
                                   1138893
(1 row)

Time: 0 hrs, 0 mins, 0 secs, 189 ms
TRUNCATE
Time: 0 hrs, 0 mins, 0 secs, 421 ms
INSERT 0 947541
Time: 0 hrs, 0 mins, 2 secs, 766 ms
ANALYZE
Time: 0 hrs, 0 mins, 1 secs, 473 ms
 bn_hits_stage 
---------------
        947541
(1 row)

Time: 0 hrs, 0 mins, 0 secs, 112 ms
INSERT 0 1191208
Time: 0 hrs, 0 mins, 7 secs, 448 ms
ANALYZE
Time: 0 hrs, 0 mins, 2 secs, 140 ms
 bn_hits_sp_20110629 
---------------------
             3403253
(1 row)

Time: 0 hrs, 0 mins, 0 secs, 442 ms
TRUNCATE
Time: 0 hrs, 0 mins, 0 secs, 743 ms
INSERT 0 154
Time: 0 hrs, 0 mins, 1 secs, 247 ms
ANALYZE
Time: 0 hrs, 0 mins, 0 secs, 61 ms
 bn_hits_client_20110629 
-------------------------
                     154
(1 row)

Time: 0 hrs, 0 mins, 0 secs, 96 ms
END
Time: 0 hrs, 0 mins, 8 secs, 128 ms

Thu Jun 30 06:13:45 EDT 2011

Timing is on.
BEGIN
Time: 0 hrs, 0 mins, 0 secs, 779 ms

           600 - LOAD RESOURCES

SET
Time: 0 hrs, 0 mins, 0 secs, 14 ms
CREATE TABLE
Time: 0 hrs, 0 mins, 12 secs, 478 ms
ANALYZE
Time: 0 hrs, 0 mins, 0 secs, 434 ms
 tmp_a_count 
-------------
      231307
(1 row)

Time: 0 hrs, 0 mins, 0 secs, 119 ms
UPDATE 0
Time: 0 hrs, 0 mins, 6 secs, 143 ms
ANALYZE
Time: 0 hrs, 0 mins, 0 secs, 777 ms
TRUNCATE
Time: 0 hrs, 0 mins, 0 secs, 564 ms
INSERT 0 104351
Time: 0 hrs, 0 mins, 7 secs, 821 ms
ANALYZE
Time: 0 hrs, 0 mins, 0 secs, 631 ms
 first_resource_id | last_resource_id 
-------------------+------------------
          20997990 |         21102340
(1 row)

Time: 0 hrs, 0 mins, 0 secs, 646 ms
INSERT 0 104351
Time: 0 hrs, 0 mins, 0 secs, 957 ms
 total_resources 
-----------------
        21077944
(1 row)

Time: 0 hrs, 0 mins, 0 secs, 535 ms
ANALYZE
Time: 0 hrs, 0 mins, 0 secs, 989 ms
END
Time: 0 hrs, 0 mins, 2 secs, 424 ms
VACUUM
Time: 0 hrs, 0 mins, 23 secs, 692 ms

Thu Jun 30 06:14:44 EDT 2011

Timing is on.

           650 - LOAD_BN_SESSION_STAGE

BEGIN
Time: 0 hrs, 0 mins, 0 secs, 911 ms
SET
Time: 0 hrs, 0 mins, 0 secs, 10 ms
SET
Time: 0 hrs, 0 mins, 0 secs, 28 ms
CREATE TABLE
Time: 0 hrs, 1 mins, 14 secs, 120 ms
ANALYZE
Time: 0 hrs, 0 mins, 0 secs, 913 ms
 tmp_sessionized_stage 
-----------------------
                947541
(1 row)

Time: 0 hrs, 0 mins, 0 secs, 102 ms
TRUNCATE
Time: 0 hrs, 0 mins, 1 secs, 387 ms
INSERT 0 306801
Time: 0 hrs, 0 mins, 9 secs, 785 ms
ANALYZE
Time: 0 hrs, 0 mins, 0 secs, 512 ms
CREATE TABLE
Time: 0 hrs, 0 mins, 22 secs, 101 ms
CREATE INDEX
Time: 0 hrs, 0 mins, 2 secs, 218 ms
 tmp_first_last 
----------------
         306801
(1 row)

Time: 0 hrs, 0 mins, 0 secs, 155 ms
ANALYZE
Time: 0 hrs, 0 mins, 0 secs, 205 ms
SET
Time: 0 hrs, 0 mins, 0 secs, 28 ms
SET
Time: 0 hrs, 0 mins, 0 secs, 17 ms
TRUNCATE
Time: 0 hrs, 0 mins, 2 secs, 183 ms
DROP
Time: 0 hrs, 0 mins, 0 secs, 160 ms
INSERT 0 306801
Time: 0 hrs, 0 mins, 0 secs, 812 ms
 bn_session_stage 
------------------
           306801
(1 row)

Time: 0 hrs, 0 mins, 0 secs, 484 ms
CREATE INDEX
Time: 0 hrs, 0 mins, 0 secs, 550 ms
ANALYZE
Time: 0 hrs, 0 mins, 0 secs, 821 ms
TRUNCATE
Time: 0 hrs, 0 mins, 1 secs, 557 ms
END
Time: 0 hrs, 0 mins, 4 secs, 378 ms

Thu Jun 30 06:16:48 EDT 2011

BEGIN

           660 - LOAD_BN_SESSION_UPDATE_STAGE

SET
TRUNCATE
INSERT 0 0
END

Thu Jun 30 06:17:26 EDT 2011

Timing is on.

           670 - LOAD_BN_SESSION_20110629.UPDATES

BEGIN
Time: 0 hrs, 0 mins, 0 secs, 885 ms
SET
Time: 0 hrs, 0 mins, 0 secs, 11 ms
UPDATE 0
Time: 0 hrs, 0 mins, 0 secs, 679 ms
END
Time: 0 hrs, 0 mins, 3 secs, 550 ms
VACUUM
Time: 0 hrs, 0 mins, 13 secs, 133 ms

Thu Jun 30 06:17:45 EDT 2011

Timing is on.

           700 - LOAD_BN_SESSION

BEGIN
Time: 0 hrs, 0 mins, 0 secs, 911 ms
SET
Time: 0 hrs, 0 mins, 0 secs, 15 ms
INSERT 0 306801
Time: 0 hrs, 1 mins, 24 secs, 25 ms
ANALYZE
Time: 0 hrs, 0 mins, 0 secs, 240 ms
END
Time: 0 hrs, 0 mins, 26 secs, 252 ms

Thu Jun 30 06:19:37 EDT 2011

Timing is on.

            750 - LOAD_BN_SESSION_SUMMARY   

BEGIN
Time: 0 hrs, 0 mins, 1 secs, 632 ms
SET
Time: 0 hrs, 0 mins, 0 secs, 11 ms
CREATE TABLE
Time: 0 hrs, 0 mins, 5 secs, 727 ms
TRUNCATE
Time: 0 hrs, 0 mins, 1 secs, 13 ms
INSERT 0 184458
Time: 0 hrs, 0 mins, 3 secs, 389 ms
ANALYZE
Time: 0 hrs, 0 mins, 0 secs, 264 ms
 count(1) 
----------
   184458
(1 row)

Time: 0 hrs, 0 mins, 0 secs, 97 ms
END
Time: 0 hrs, 0 mins, 3 secs, 929 ms

Thu Jun 30 06:19:53 EDT 2011

Timing is on.

           800 - LOAD_BN_HITS

BEGIN
Time: 0 hrs, 0 mins, 0 secs, 794 ms
SET
Time: 0 hrs, 0 mins, 0 secs, 12 ms
SET
Time: 0 hrs, 0 mins, 0 secs, 18 ms
SET
Time: 0 hrs, 0 mins, 0 secs, 16 ms
SET
Time: 0 hrs, 0 mins, 0 secs, 23 ms
TRUNCATE
Time: 0 hrs, 0 mins, 0 secs, 628 ms
INSERT 0 947541
Time: 0 hrs, 0 mins, 0 secs, 532 ms
 count(1) 
----------
   947541
(1 row)

Time: 0 hrs, 0 mins, 0 secs, 600 ms
ANALYZE
Time: 0 hrs, 0 mins, 1 secs, 165 ms
END
Time: 0 hrs, 0 mins, 40 secs, 959 ms

Thu Jun 30 06:20:38 EDT 2011

Timing is on.

            900 - LOAD_CLICKSTREAM   

BEGIN
Time: 0 hrs, 0 mins, 0 secs, 943 ms
SET
Time: 0 hrs, 0 mins, 0 secs, 12 ms
TRUNCATE
Time: 0 hrs, 0 mins, 0 secs, 833 ms
INSERT 0 947541
Time: 0 hrs, 0 mins, 49 secs, 372 ms
 count(1) 
----------
   947541
(1 row)

Time: 0 hrs, 0 mins, 0 secs, 405 ms
ANALYZE
Time: 0 hrs, 0 mins, 0 secs, 798 ms
END
Time: 0 hrs, 0 mins, 29 secs, 948 ms

Thu Jun 30 06:22:01 EDT 2011

Timing is on.

            1000 - PAGE_VIEW_SUMMARY  

BEGIN
Time: 0 hrs, 0 mins, 0 secs, 917 ms
SET
Time: 0 hrs, 0 mins, 0 secs, 15 ms
SET
Time: 0 hrs, 0 mins, 0 secs, 24 ms
TRUNCATE
Time: 0 hrs, 0 mins, 2 secs, 306 ms
INSERT 0 233871
Time: 0 hrs, 0 mins, 5 secs, 404 ms
 count(1) 
----------
   233871
(1 row)

Time: 0 hrs, 0 mins, 0 secs, 518 ms
ANALYZE
Time: 0 hrs, 0 mins, 0 secs, 81 ms
END
Time: 0 hrs, 0 mins, 6 secs, 709 ms

Thu Jun 30 06:22:17 EDT 2011


2000 - WRAP UP 

Timing is on.
BEGIN
Time: 0 hrs, 0 mins, 3 secs, 66 ms
TRUNCATE
Time: 0 hrs, 0 mins, 0 secs, 441 ms
TRUNCATE
Time: 0 hrs, 0 mins, 4 secs, 954 ms
END
Time: 0 hrs, 0 mins, 27 secs, 834 ms
Thu Jun 30 06:22:53 EDT 2011
Removing lock file and waiting for a minute
Running time of run.sh 20110629: 1449 seconds
Checking for lock file /tmp/.iislock
Acquired lock file /tmp/.iislock
-------------------------------------
Processing for 20110629
-------------------------------------

Fri Jul 1 05:26:02 EDT 2011

Timing is on.

           000 - INIT

BEGIN
Time: 0 hrs, 0 mins, 1 secs, 837 ms
*** Truncating staging tables before workflow starts ***
SET
Time: 0 hrs, 0 mins, 0 secs, 9 ms
GRANT
Time: 0 hrs, 0 mins, 4 secs, 433 ms
END
Time: 0 hrs, 0 mins, 0 secs, 980 ms

Fri Jul 1 05:26:09 EDT 2011

Timing is on.

            200 - LOAD_BN_IISLOGS   

BEGIN
Time: 0 hrs, 0 mins, 0 secs, 811 ms
SET
Time: 0 hrs, 0 mins, 0 secs, 11 ms
TRUNCATE
Time: 0 hrs, 0 mins, 0 secs, 755 ms
INSERT 0 61653011
Time: 0 hrs, 8 mins, 30 secs, 864 ms
END
Time: 0 hrs, 0 mins, 3 secs, 326 ms
ALTER TABLE
Time: 0 hrs, 0 mins, 4 secs, 111 ms

Fri Jul 1 05:34:49 EDT 2011

Timing is on.
BEGIN
Time: 0 hrs, 0 mins, 0 secs, 859 ms
SET
Time: 0 hrs, 0 mins, 0 secs, 12 ms

            250 - LOAD_BN_HITS_SP   

TRUNCATE
Time: 0 hrs, 0 mins, 0 secs, 741 ms
INSERT 0 23763321
Time: 0 hrs, 3 mins, 15 secs, 241 ms
ANALYZE
Time: 0 hrs, 0 mins, 54 secs, 365 ms
END
Time: 0 hrs, 0 mins, 5 secs, 663 ms

Fri Jul 1 05:39:06 EDT 2011

Timing is on.
BEGIN
Time: 0 hrs, 0 mins, 0 secs, 814 ms
SET
Time: 0 hrs, 0 mins, 0 secs, 12 ms

           300 - DYNAMIC FILTER

TRUNCATE
Time: 0 hrs, 0 mins, 1 secs, 173 ms
INSERT 0 17271125
Time: 0 hrs, 0 mins, 23 secs, 484 ms
ANALYZE
Time: 0 hrs, 0 mins, 0 secs, 520 ms
 Total records in web_click_cnt 
--------------------------------
                       17271125
(1 row)

Time: 0 hrs, 0 mins, 1 secs, 470 ms
CREATE TABLE
Time: 0 hrs, 0 mins, 49 secs, 751 ms
ANALYZE
Time: 0 hrs, 0 mins, 0 secs, 192 ms
CREATE TABLE
Time: 0 hrs, 0 mins, 0 secs, 804 ms
ANALYZE
Time: 0 hrs, 0 mins, 0 secs, 115 ms
DELETE 1
Time: 0 hrs, 0 mins, 0 secs, 407 ms
INSERT 0 1
Time: 0 hrs, 0 mins, 0 secs, 495 ms
DELETE 1
Time: 0 hrs, 0 mins, 0 secs, 86 ms
INSERT 0 1
Time: 0 hrs, 0 mins, 0 secs, 464 ms
CREATE TABLE
Time: 0 hrs, 0 mins, 1 secs, 746 ms
ANALYZE
Time: 0 hrs, 0 mins, 0 secs, 80 ms
CREATE TABLE
Time: 0 hrs, 0 mins, 0 secs, 488 ms
ANALYZE
Time: 0 hrs, 0 mins, 0 secs, 126 ms
DELETE 1
Time: 0 hrs, 0 mins, 0 secs, 82 ms
INSERT 0 1
Time: 0 hrs, 0 mins, 0 secs, 684 ms
DELETE 1
Time: 0 hrs, 0 mins, 0 secs, 207 ms
INSERT 0 1
Time: 0 hrs, 0 mins, 0 secs, 982 ms
ANALYZE
Time: 0 hrs, 0 mins, 0 secs, 60 ms
    tablename     |    attr_name    | attr_value 
------------------+-----------------+------------
 BN_FILTER_SPIDER | CLK_USER_SD_MPL | 10
 BN_FILTER_SPIDER | IP_USER_SD_MPL  | 1
 BN_FILTER_SPIDER | IP_USER_RATIO   | .955
 BN_FILTER_SPIDER | CLK_USER_MEAN   | 12.883
 BN_FILTER_SPIDER | CLK_USER_SD     | 93.080
 BN_FILTER_SPIDER | IP_USER_MEAN    | 20.601
 BN_FILTER_SPIDER | IP_USER_SD      | 2236.917
(7 rows)

Time: 0 hrs, 0 mins, 1 secs, 421 ms
CREATE TABLE
Time: 0 hrs, 0 mins, 6 secs, 877 ms
CREATE TABLE
Time: 0 hrs, 0 mins, 1 secs, 93 ms
 l_mean_sd_mpl 
---------------
       943.683
(1 row)

Time: 0 hrs, 0 mins, 0 secs, 101 ms
TRUNCATE
Time: 0 hrs, 0 mins, 0 secs, 546 ms
INSERT 0 185
Time: 0 hrs, 0 mins, 6 secs, 830 ms
ANALYZE
Time: 0 hrs, 0 mins, 0 secs, 133 ms
 Total click_user bn_spider_ip records 
---------------------------------------
                                   185
(1 row)

Time: 0 hrs, 0 mins, 0 secs, 205 ms
CREATE TABLE
Time: 0 hrs, 0 mins, 1 secs, 833 ms
ANALYZE
Time: 0 hrs, 0 mins, 0 secs, 75 ms
CREATE TABLE
Time: 0 hrs, 0 mins, 46 secs, 946 ms
ANALYZE
Time: 0 hrs, 0 mins, 0 secs, 99 ms
DROP 
Time: 0 hrs, 0 mins, 0 secs, 180 ms
CREATE TABLE
Time: 0 hrs, 0 mins, 1 secs, 60 ms
 l_mean_sd_mpl | l_ratio 
---------------+---------
      2257.518 |   0.955
(1 row)

Time: 0 hrs, 0 mins, 0 secs, 271 ms
INSERT 0 14987399
Time: 0 hrs, 1 mins, 29 secs, 661 ms
ANALYZE
Time: 0 hrs, 0 mins, 0 secs, 441 ms
 Total ip_user_filter bn_spider_ip records 
-------------------------------------------
                                  14987399
(1 row)

Time: 0 hrs, 0 mins, 0 secs, 697 ms
TRUNCATE
Time: 0 hrs, 0 mins, 1 secs, 482 ms
ERROR:  invalid input syntax for type numeric: "978080279..."
NOTICE:  current transaction is aborted, queries ignored until end of transaction block
NOTICE:  current transaction is aborted, queries ignored until end of transaction block
NOTICE:  current transaction is aborted, queries ignored until end of transaction block
NOTICE:  current transaction is aborted, queries ignored until end of transaction block
NOTICE:  current transaction is aborted, queries ignored until end of transaction block
NOTICE:  current transaction is aborted, queries ignored until end of transaction block
NOTICE:  current transaction is aborted, queries ignored until end of transaction block
NOTICE:  current transaction is aborted, queries ignored until end of transaction block
NOTICE:  current transaction is aborted, queries ignored until end of transaction block
ABORT
Time: 0 hrs, 0 mins, 0 secs, 79 ms

Fri Jul 1 05:43:48 EDT 2011

Timing is on.
BEGIN
Time: 0 hrs, 0 mins, 0 secs, 902 ms

           600 - LOAD RESOURCES

SET
Time: 0 hrs, 0 mins, 0 secs, 8 ms
CREATE TABLE
Time: 0 hrs, 0 mins, 10 secs, 230 ms
ANALYZE
Time: 0 hrs, 0 mins, 0 secs, 575 ms
 tmp_a_count 
-------------
       24414
(1 row)

Time: 0 hrs, 0 mins, 0 secs, 267 ms
UPDATE 0
Time: 0 hrs, 0 mins, 2 secs, 422 ms
ANALYZE
Time: 0 hrs, 0 mins, 0 secs, 924 ms
TRUNCATE
Time: 0 hrs, 0 mins, 0 secs, 683 ms
INSERT 0 0
Time: 0 hrs, 2 mins, 52 secs, 807 ms
ANALYZE
Time: 0 hrs, 0 mins, 0 secs, 38 ms
 first_resource_id | last_resource_id 
-------------------+------------------
                   |                 
(1 row)

Time: 0 hrs, 0 mins, 0 secs, 460 ms
INSERT 0 0
Time: 0 hrs, 0 mins, 0 secs, 888 ms
 total_resources 
-----------------
        21129198
(1 row)

Time: 0 hrs, 0 mins, 0 secs, 571 ms
ANALYZE
Time: 0 hrs, 0 mins, 0 secs, 699 ms
END
Time: 0 hrs, 0 mins, 26 secs, 101 ms
VACUUM
Time: 0 hrs, 1 mins, 0 secs, 708 ms

Fri Jul 1 05:48:26 EDT 2011

Timing is on.

           650 - LOAD_BN_SESSION_STAGE

BEGIN
Time: 0 hrs, 0 mins, 1 secs, 302 ms
SET
Time: 0 hrs, 0 mins, 0 secs, 10 ms
SET
Time: 0 hrs, 0 mins, 0 secs, 19 ms
CREATE TABLE
Time: 0 hrs, 0 mins, 17 secs, 715 ms
ANALYZE
Time: 0 hrs, 0 mins, 1 secs, 498 ms
 tmp_sessionized_stage 
-----------------------
               1504578
(1 row)

Time: 0 hrs, 0 mins, 0 secs, 239 ms
TRUNCATE
Time: 0 hrs, 0 mins, 2 secs, 232 ms
INSERT 0 495777
Time: 0 hrs, 0 mins, 16 secs, 244 ms
ANALYZE
Time: 0 hrs, 0 mins, 0 secs, 843 ms
CREATE TABLE
Time: 0 hrs, 0 mins, 52 secs, 738 ms
CREATE INDEX
Time: 0 hrs, 0 mins, 0 secs, 807 ms
 tmp_first_last 
----------------
         495777
(1 row)

Time: 0 hrs, 0 mins, 0 secs, 113 ms
ANALYZE
Time: 0 hrs, 0 mins, 0 secs, 556 ms
SET
Time: 0 hrs, 0 mins, 0 secs, 31 ms
SET
Time: 0 hrs, 0 mins, 0 secs, 30 ms
TRUNCATE
Time: 0 hrs, 0 mins, 4 secs, 25 ms
DROP
Time: 0 hrs, 0 mins, 0 secs, 365 ms
INSERT 0 495777
Time: 0 hrs, 0 mins, 2 secs, 68 ms
 bn_session_stage 
------------------
           495777
(1 row)

Time: 0 hrs, 0 mins, 1 secs, 598 ms
CREATE INDEX
Time: 0 hrs, 0 mins, 0 secs, 656 ms
ANALYZE
Time: 0 hrs, 0 mins, 0 secs, 478 ms
TRUNCATE
Time: 0 hrs, 0 mins, 2 secs, 18 ms
END
Time: 0 hrs, 0 mins, 31 secs, 96 ms

Fri Jul 1 05:50:43 EDT 2011

BEGIN

           660 - LOAD_BN_SESSION_UPDATE_STAGE

SET
TRUNCATE
INSERT 0 0
END

Fri Jul 1 05:50:46 EDT 2011

Timing is on.

           670 - LOAD_BN_SESSION_20110629.UPDATES

BEGIN
Time: 0 hrs, 0 mins, 1 secs, 164 ms
SET
Time: 0 hrs, 0 mins, 0 secs, 9 ms
UPDATE 0
Time: 0 hrs, 0 mins, 0 secs, 250 ms
END
Time: 0 hrs, 0 mins, 0 secs, 728 ms
VACUUM
Time: 0 hrs, 0 mins, 15 secs, 404 ms

Fri Jul 1 05:51:04 EDT 2011

Timing is on.

           700 - LOAD_BN_SESSION

BEGIN
Time: 0 hrs, 0 mins, 1 secs, 150 ms
SET
Time: 0 hrs, 0 mins, 0 secs, 9 ms
INSERT 0 0
Time: 0 hrs, 0 mins, 2 secs, 521 ms
ANALYZE
Time: 0 hrs, 0 mins, 0 secs, 22 ms
END
Time: 0 hrs, 0 mins, 0 secs, 587 ms

Fri Jul 1 05:51:09 EDT 2011

Timing is on.

            750 - LOAD_BN_SESSION_SUMMARY   

BEGIN
Time: 0 hrs, 0 mins, 4 secs, 737 ms
SET
Time: 0 hrs, 0 mins, 0 secs, 10 ms
CREATE TABLE
Time: 0 hrs, 0 mins, 2 secs, 327 ms
TRUNCATE
Time: 0 hrs, 0 mins, 1 secs, 278 ms
INSERT 0 0
Time: 0 hrs, 0 mins, 1 secs, 521 ms
ANALYZE
Time: 0 hrs, 0 mins, 0 secs, 24 ms
 count(1) 
----------
        0
(1 row)

Time: 0 hrs, 0 mins, 0 secs, 208 ms
END
Time: 0 hrs, 0 mins, 2 secs, 48 ms

Fri Jul 1 05:51:21 EDT 2011

Timing is on.

           800 - LOAD_BN_HITS

BEGIN
Time: 0 hrs, 0 mins, 1 secs, 95 ms
SET
Time: 0 hrs, 0 mins, 0 secs, 11 ms
SET
Time: 0 hrs, 0 mins, 0 secs, 25 ms
SET
Time: 0 hrs, 0 mins, 0 secs, 42 ms
SET
Time: 0 hrs, 0 mins, 0 secs, 16 ms
TRUNCATE
Time: 0 hrs, 0 mins, 1 secs, 705 ms
INSERT 0 0
Time: 0 hrs, 0 mins, 0 secs, 311 ms
 count(1) 
----------
        0
(1 row)

Time: 0 hrs, 0 mins, 1 secs, 55 ms
ANALYZE
Time: 0 hrs, 0 mins, 0 secs, 36 ms
END
Time: 0 hrs, 0 mins, 3 secs, 604 ms

Fri Jul 1 05:51:30 EDT 2011

Timing is on.

            900 - LOAD_CLICKSTREAM   

BEGIN
Time: 0 hrs, 0 mins, 0 secs, 977 ms
SET
Time: 0 hrs, 0 mins, 0 secs, 7 ms
TRUNCATE
Time: 0 hrs, 0 mins, 1 secs, 192 ms
INSERT 0 0
Time: 0 hrs, 1 mins, 19 secs, 189 ms
 count(1) 
----------
        0
(1 row)

Time: 0 hrs, 0 mins, 0 secs, 299 ms
ANALYZE
Time: 0 hrs, 0 mins, 0 secs, 51 ms
END
Time: 0 hrs, 0 mins, 7 secs, 417 ms

Fri Jul 1 05:52:59 EDT 2011

Timing is on.

            1000 - PAGE_VIEW_SUMMARY  

BEGIN
Time: 0 hrs, 0 mins, 1 secs, 91 ms
SET
Time: 0 hrs, 0 mins, 0 secs, 10 ms
SET
Time: 0 hrs, 0 mins, 0 secs, 19 ms
TRUNCATE
Time: 0 hrs, 0 mins, 1 secs, 288 ms
INSERT 0 0
Time: 0 hrs, 0 mins, 17 secs, 341 ms
 count(1) 
----------
        0
(1 row)

Time: 0 hrs, 0 mins, 0 secs, 117 ms
ANALYZE
Time: 0 hrs, 0 mins, 0 secs, 30 ms
END
Time: 0 hrs, 0 mins, 3 secs, 740 ms

Fri Jul 1 05:53:23 EDT 2011


2000 - WRAP UP 

Timing is on.
BEGIN
Time: 0 hrs, 0 mins, 4 secs, 991 ms
TRUNCATE
Time: 0 hrs, 0 mins, 0 secs, 368 ms
TRUNCATE
Time: 0 hrs, 0 mins, 0 secs, 147 ms
END
Time: 0 hrs, 0 mins, 3 secs, 870 ms
Fri Jul 1 05:53:32 EDT 2011
Removing lock file and waiting for a minute
Running time of run.sh 20110629: 28 minutes
Checking for lock file /tmp/.iislock
Acquired lock file /tmp/.iislock
-------------------------------------
Processing for 20110629
-------------------------------------

Fri Jul 1 17:05:06 EDT 2011

Timing is on.

           000 - INIT

BEGIN
Time: 0 hrs, 0 mins, 0 secs, 935 ms
*** Truncating staging tables before workflow starts ***
SET
Time: 0 hrs, 0 mins, 0 secs, 11 ms
GRANT
Time: 0 hrs, 0 mins, 4 secs, 961 ms
END
Time: 0 hrs, 0 mins, 0 secs, 749 ms

Fri Jul 1 17:05:15 EDT 2011

Timing is on.

            200 - LOAD_BN_IISLOGS   

BEGIN
Time: 0 hrs, 0 mins, 1 secs, 57 ms
SET
Time: 0 hrs, 0 mins, 0 secs, 12 ms
TRUNCATE
Time: 0 hrs, 0 mins, 0 secs, 843 ms
INSERT 0 59565488
Time: 0 hrs, 9 mins, 0 secs, 580 ms
END
Time: 0 hrs, 0 mins, 4 secs, 866 ms
ALTER TABLE
Time: 0 hrs, 0 mins, 7 secs, 453 ms

Fri Jul 1 17:14:30 EDT 2011

Timing is on.
BEGIN
Time: 0 hrs, 0 mins, 0 secs, 939 ms
SET
Time: 0 hrs, 0 mins, 0 secs, 11 ms

            250 - LOAD_BN_HITS_SP   

TRUNCATE
Time: 0 hrs, 0 mins, 3 secs, 550 ms
INSERT 0 23075762
Time: 0 hrs, 2 mins, 30 secs, 121 ms
ANALYZE
Time: 0 hrs, 0 mins, 2 secs, 861 ms
END
Time: 0 hrs, 0 mins, 5 secs, 522 ms

Fri Jul 1 17:17:14 EDT 2011

Timing is on.
BEGIN
Time: 0 hrs, 0 mins, 3 secs, 277 ms
SET
Time: 0 hrs, 0 mins, 0 secs, 9 ms

           300 - DYNAMIC FILTER

TRUNCATE
Time: 0 hrs, 0 mins, 6 secs, 892 ms
INSERT 0 16188549
Time: 0 hrs, 0 mins, 45 secs, 476 ms
ANALYZE
Time: 0 hrs, 0 mins, 1 secs, 598 ms
 Total records in web_click_cnt 
--------------------------------
                       16188549
(1 row)

Time: 0 hrs, 0 mins, 1 secs, 605 ms
CREATE TABLE
Time: 0 hrs, 0 mins, 11 secs, 65 ms
ANALYZE
Time: 0 hrs, 0 mins, 0 secs, 367 ms
CREATE TABLE
Time: 0 hrs, 0 mins, 1 secs, 385 ms
ANALYZE
Time: 0 hrs, 0 mins, 0 secs, 150 ms
DELETE 1
Time: 0 hrs, 0 mins, 0 secs, 552 ms
INSERT 0 1
Time: 0 hrs, 0 mins, 0 secs, 403 ms
DELETE 1
Time: 0 hrs, 0 mins, 0 secs, 94 ms
INSERT 0 1
Time: 0 hrs, 0 mins, 0 secs, 746 ms
CREATE TABLE
Time: 0 hrs, 0 mins, 2 secs, 340 ms
ANALYZE
Time: 0 hrs, 0 mins, 0 secs, 92 ms
CREATE TABLE
Time: 0 hrs, 0 mins, 0 secs, 605 ms
ANALYZE
Time: 0 hrs, 0 mins, 0 secs, 706 ms
DELETE 1
Time: 0 hrs, 0 mins, 0 secs, 87 ms
INSERT 0 1
Time: 0 hrs, 0 mins, 1 secs, 814 ms
DELETE 1
Time: 0 hrs, 0 mins, 0 secs, 94 ms
INSERT 0 1
Time: 0 hrs, 0 mins, 0 secs, 361 ms
ANALYZE
Time: 0 hrs, 0 mins, 0 secs, 256 ms
    tablename     |    attr_name    | attr_value 
------------------+-----------------+------------
 BN_FILTER_SPIDER | CLK_USER_SD_MPL | 10
 BN_FILTER_SPIDER | IP_USER_SD_MPL  | 1
 BN_FILTER_SPIDER | IP_USER_RATIO   | .955
 BN_FILTER_SPIDER | CLK_USER_MEAN   | 13.777
 BN_FILTER_SPIDER | CLK_USER_SD     | 95.214
 BN_FILTER_SPIDER | IP_USER_MEAN    | 21.223
 BN_FILTER_SPIDER | IP_USER_SD      | 2204.324
(7 rows)

Time: 0 hrs, 0 mins, 0 secs, 233 ms
CREATE TABLE
Time: 0 hrs, 0 mins, 6 secs, 312 ms
CREATE TABLE
Time: 0 hrs, 0 mins, 0 secs, 597 ms
 l_mean_sd_mpl 
---------------
       965.917
(1 row)

Time: 0 hrs, 0 mins, 1 secs, 107 ms
TRUNCATE
Time: 0 hrs, 0 mins, 0 secs, 664 ms
INSERT 0 177
Time: 0 hrs, 0 mins, 6 secs, 476 ms
ANALYZE
Time: 0 hrs, 0 mins, 0 secs, 603 ms
 Total click_user bn_spider_ip records 
---------------------------------------
                                   177
(1 row)

Time: 0 hrs, 0 mins, 0 secs, 242 ms
CREATE TABLE
Time: 0 hrs, 0 mins, 2 secs, 411 ms
ANALYZE
Time: 0 hrs, 0 mins, 0 secs, 57 ms
CREATE TABLE
Time: 0 hrs, 0 mins, 3 secs, 724 ms
ANALYZE
Time: 0 hrs, 0 mins, 0 secs, 105 ms
DROP 
Time: 0 hrs, 0 mins, 0 secs, 190 ms
CREATE TABLE
Time: 0 hrs, 0 mins, 0 secs, 740 ms
 l_mean_sd_mpl | l_ratio 
---------------+---------
      2225.547 |   0.955
(1 row)

Time: 0 hrs, 0 mins, 0 secs, 312 ms
INSERT 0 14032822
Time: 0 hrs, 0 mins, 9 secs, 356 ms
ANALYZE
Time: 0 hrs, 0 mins, 0 secs, 368 ms
 Total ip_user_filter bn_spider_ip records 
-------------------------------------------
                                  14032822
(1 row)

Time: 0 hrs, 0 mins, 1 secs, 197 ms
TRUNCATE
Time: 0 hrs, 0 mins, 1 secs, 39 ms
ERROR:  invalid input syntax for type numeric: "978080279..."
NOTICE:  current transaction is aborted, queries ignored until end of transaction block
NOTICE:  current transaction is aborted, queries ignored until end of transaction block
NOTICE:  current transaction is aborted, queries ignored until end of transaction block
NOTICE:  current transaction is aborted, queries ignored until end of transaction block
NOTICE:  current transaction is aborted, queries ignored until end of transaction block
NOTICE:  current transaction is aborted, queries ignored until end of transaction block
NOTICE:  current transaction is aborted, queries ignored until end of transaction block
NOTICE:  current transaction is aborted, queries ignored until end of transaction block
NOTICE:  current transaction is aborted, queries ignored until end of transaction block
ABORT
Time: 0 hrs, 0 mins, 0 secs, 229 ms

Fri Jul 1 17:19:38 EDT 2011

Timing is on.
BEGIN
Time: 0 hrs, 0 mins, 3 secs, 407 ms

           600 - LOAD RESOURCES

SET
Time: 0 hrs, 0 mins, 0 secs, 10 ms
CREATE TABLE
Time: 0 hrs, 0 mins, 11 secs, 702 ms
ANALYZE
Time: 0 hrs, 0 mins, 1 secs, 203 ms
 tmp_a_count 
-------------
       24414
(1 row)

Time: 0 hrs, 0 mins, 0 secs, 471 ms
UPDATE 0
Time: 0 hrs, 0 mins, 3 secs, 248 ms
ANALYZE
Time: 0 hrs, 0 mins, 0 secs, 905 ms
TRUNCATE
Time: 0 hrs, 0 mins, 5 secs, 907 ms
INSERT 0 0
Time: 0 hrs, 0 mins, 13 secs, 718 ms
ANALYZE
Time: 0 hrs, 0 mins, 0 secs, 24 ms
 first_resource_id | last_resource_id 
-------------------+------------------
                   |                 
(1 row)

Time: 0 hrs, 0 mins, 3 secs, 546 ms
INSERT 0 0
Time: 0 hrs, 0 mins, 0 secs, 598 ms
 total_resources 
-----------------
        21129198
(1 row)

Time: 0 hrs, 0 mins, 0 secs, 250 ms
ANALYZE
Time: 0 hrs, 0 mins, 0 secs, 751 ms
END
Time: 0 hrs, 0 mins, 24 secs, 891 ms
VACUUM
Time: 0 hrs, 0 mins, 52 secs, 886 ms

Fri Jul 1 17:21:41 EDT 2011

Timing is on.

           650 - LOAD_BN_SESSION_STAGE

BEGIN
Time: 0 hrs, 0 mins, 1 secs, 849 ms
SET
Time: 0 hrs, 0 mins, 0 secs, 13 ms
SET
Time: 0 hrs, 0 mins, 0 secs, 22 ms
CREATE TABLE
Time: 0 hrs, 0 mins, 34 secs, 303 ms
ANALYZE
Time: 0 hrs, 0 mins, 2 secs, 202 ms
 tmp_sessionized_stage 
-----------------------
               1504578
(1 row)

Time: 0 hrs, 0 mins, 0 secs, 261 ms
TRUNCATE
Time: 0 hrs, 0 mins, 2 secs, 256 ms
INSERT 0 495777
Time: 0 hrs, 0 mins, 21 secs, 0 ms
ANALYZE
Time: 0 hrs, 0 mins, 0 secs, 751 ms
CREATE TABLE
Time: 0 hrs, 1 mins, 23 secs, 514 ms
CREATE INDEX
Time: 0 hrs, 0 mins, 4 secs, 623 ms
 tmp_first_last 
----------------
         495777
(1 row)

Time: 0 hrs, 0 mins, 1 secs, 75 ms
ANALYZE
Time: 0 hrs, 0 mins, 0 secs, 569 ms
SET
Time: 0 hrs, 0 mins, 0 secs, 35 ms
SET
Time: 0 hrs, 0 mins, 0 secs, 50 ms
TRUNCATE
Time: 0 hrs, 0 mins, 3 secs, 48 ms
DROP
Time: 0 hrs, 0 mins, 0 secs, 291 ms
INSERT 0 495777
Time: 0 hrs, 0 mins, 2 secs, 636 ms
 bn_session_stage 
------------------
           495777
(1 row)

Time: 0 hrs, 0 mins, 3 secs, 66 ms
CREATE INDEX
Time: 0 hrs, 0 mins, 0 secs, 976 ms
ANALYZE
Time: 0 hrs, 0 mins, 1 secs, 173 ms
TRUNCATE
Time: 0 hrs, 0 mins, 0 secs, 982 ms
END
Time: 0 hrs, 0 mins, 6 secs, 403 ms

Fri Jul 1 17:24:33 EDT 2011

BEGIN

           660 - LOAD_BN_SESSION_UPDATE_STAGE

SET
TRUNCATE
INSERT 0 0
END

Fri Jul 1 17:24:40 EDT 2011

Timing is on.

           670 - LOAD_BN_SESSION_20110629.UPDATES

BEGIN
Time: 0 hrs, 0 mins, 1 secs, 461 ms
SET
Time: 0 hrs, 0 mins, 0 secs, 12 ms
UPDATE 0
Time: 0 hrs, 0 mins, 0 secs, 314 ms
END
Time: 0 hrs, 0 mins, 2 secs, 838 ms
VACUUM
Time: 0 hrs, 0 mins, 41 secs, 571 ms

Fri Jul 1 17:25:27 EDT 2011

Timing is on.

           700 - LOAD_BN_SESSION

BEGIN
Time: 0 hrs, 0 mins, 1 secs, 970 ms
SET
Time: 0 hrs, 0 mins, 0 secs, 11 ms
INSERT 0 0
Time: 0 hrs, 0 mins, 8 secs, 245 ms
ANALYZE
Time: 0 hrs, 0 mins, 0 secs, 32 ms
END
Time: 0 hrs, 0 mins, 3 secs, 239 ms

Fri Jul 1 17:25:41 EDT 2011

Timing is on.

            750 - LOAD_BN_SESSION_SUMMARY   

BEGIN
Time: 0 hrs, 0 mins, 2 secs, 504 ms
SET
Time: 0 hrs, 0 mins, 0 secs, 9 ms
CREATE TABLE
Time: 0 hrs, 0 mins, 4 secs, 19 ms
TRUNCATE
Time: 0 hrs, 0 mins, 0 secs, 875 ms
INSERT 0 0
Time: 0 hrs, 0 mins, 0 secs, 850 ms
ANALYZE
Time: 0 hrs, 0 mins, 0 secs, 22 ms
 count(1) 
----------
        0
(1 row)

Time: 0 hrs, 0 mins, 0 secs, 188 ms
END
Time: 0 hrs, 0 mins, 3 secs, 343 ms

Fri Jul 1 17:25:53 EDT 2011

Timing is on.

           800 - LOAD_BN_HITS

BEGIN
Time: 0 hrs, 0 mins, 1 secs, 98 ms
SET
Time: 0 hrs, 0 mins, 0 secs, 11 ms
SET
Time: 0 hrs, 0 mins, 0 secs, 23 ms
SET
Time: 0 hrs, 0 mins, 0 secs, 17 ms
SET
Time: 0 hrs, 0 mins, 0 secs, 17 ms
TRUNCATE
Time: 0 hrs, 0 mins, 1 secs, 149 ms
INSERT 0 0
Time: 0 hrs, 0 mins, 1 secs, 841 ms
 count(1) 
----------
        0
(1 row)

Time: 0 hrs, 0 mins, 2 secs, 856 ms
ANALYZE
Time: 0 hrs, 0 mins, 0 secs, 24 ms
END
Time: 0 hrs, 0 mins, 1 secs, 817 ms

Fri Jul 1 17:26:02 EDT 2011

Timing is on.

            900 - LOAD_CLICKSTREAM   

BEGIN
Time: 0 hrs, 0 mins, 0 secs, 885 ms
SET
Time: 0 hrs, 0 mins, 0 secs, 11 ms
TRUNCATE
Time: 0 hrs, 0 mins, 0 secs, 838 ms
INSERT 0 0
Time: 0 hrs, 0 mins, 8 secs, 387 ms
 count(1) 
----------
        0
(1 row)

Time: 0 hrs, 0 mins, 0 secs, 136 ms
ANALYZE
Time: 0 hrs, 0 mins, 0 secs, 25 ms
END
Time: 0 hrs, 0 mins, 1 secs, 766 ms

Fri Jul 1 17:26:15 EDT 2011

Timing is on.

            1000 - PAGE_VIEW_SUMMARY  

BEGIN
Time: 0 hrs, 0 mins, 0 secs, 822 ms
SET
Time: 0 hrs, 0 mins, 0 secs, 9 ms
SET
Time: 0 hrs, 0 mins, 0 secs, 17 ms
TRUNCATE
Time: 0 hrs, 0 mins, 0 secs, 340 ms
INSERT 0 0
Time: 0 hrs, 0 mins, 1 secs, 280 ms
 count(1) 
----------
        0
(1 row)

Time: 0 hrs, 0 mins, 0 secs, 93 ms
ANALYZE
Time: 0 hrs, 0 mins, 0 secs, 24 ms
END
Time: 0 hrs, 0 mins, 3 secs, 318 ms

Fri Jul 1 17:26:21 EDT 2011


2000 - WRAP UP 

Timing is on.
BEGIN
Time: 0 hrs, 0 mins, 0 secs, 797 ms
TRUNCATE
Time: 0 hrs, 0 mins, 0 secs, 466 ms
TRUNCATE
Time: 0 hrs, 0 mins, 0 secs, 365 ms
END
Time: 0 hrs, 0 mins, 1 secs, 572 ms
Fri Jul 1 17:26:24 EDT 2011
Removing lock file and waiting for a minute
Checking for lock file /tmp/.iislock
Acquired lock file /tmp/.iislock
-------------------------------------
Processing for 20110629
-------------------------------------

Fri Jul 1 17:31:36 EDT 2011

Timing is on.

           000 - INIT

BEGIN
Time: 0 hrs, 0 mins, 1 secs, 520 ms
*** Truncating staging tables before workflow starts ***
SET
Time: 0 hrs, 0 mins, 0 secs, 15 ms
GRANT
Time: 0 hrs, 0 mins, 11 secs, 652 ms
END
Time: 0 hrs, 0 mins, 13 secs, 886 ms

Fri Jul 1 17:32:04 EDT 2011

Timing is on.

            200 - LOAD_BN_IISLOGS   

BEGIN
Time: 0 hrs, 0 mins, 1 secs, 355 ms
SET
Time: 0 hrs, 0 mins, 0 secs, 9 ms
TRUNCATE
Time: 0 hrs, 0 mins, 5 secs, 713 ms
INSERT 0 59565487
Time: 0 hrs, 15 mins, 30 secs, 39 ms
END
Time: 0 hrs, 0 mins, 14 secs, 773 ms
ALTER TABLE
Time: 0 hrs, 0 mins, 6 secs, 994 ms

Fri Jul 1 17:48:03 EDT 2011

Timing is on.
BEGIN
Time: 0 hrs, 0 mins, 1 secs, 838 ms
SET
Time: 0 hrs, 0 mins, 0 secs, 9 ms

            250 - LOAD_BN_HITS_SP   

TRUNCATE
Time: 0 hrs, 0 mins, 1 secs, 957 ms
INSERT 0 23075762
Time: 0 hrs, 2 mins, 56 secs, 10 ms
ANALYZE
Time: 0 hrs, 0 mins, 10 secs, 594 ms
END
Time: 0 hrs, 0 mins, 22 secs, 442 ms

Fri Jul 1 17:51:36 EDT 2011

Timing is on.
BEGIN
Time: 0 hrs, 0 mins, 3 secs, 746 ms
SET
Time: 0 hrs, 0 mins, 0 secs, 10 ms

           300 - DYNAMIC FILTER

TRUNCATE
Time: 0 hrs, 0 mins, 1 secs, 199 ms
INSERT 0 16188549
Time: 0 hrs, 0 mins, 30 secs, 654 ms
ANALYZE
Time: 0 hrs, 0 mins, 0 secs, 524 ms
 Total records in web_click_cnt 
--------------------------------
                       16188549
(1 row)

Time: 0 hrs, 0 mins, 0 secs, 560 ms
CREATE TABLE
Time: 0 hrs, 0 mins, 20 secs, 674 ms
ANALYZE
Time: 0 hrs, 0 mins, 0 secs, 205 ms
CREATE TABLE
Time: 0 hrs, 0 mins, 0 secs, 735 ms
ANALYZE
Time: 0 hrs, 0 mins, 0 secs, 176 ms
DELETE 1
Time: 0 hrs, 0 mins, 0 secs, 226 ms
INSERT 0 1
Time: 0 hrs, 0 mins, 0 secs, 705 ms
DELETE 1
Time: 0 hrs, 0 mins, 0 secs, 351 ms
INSERT 0 1
Time: 0 hrs, 0 mins, 0 secs, 537 ms
CREATE TABLE
Time: 0 hrs, 0 mins, 2 secs, 662 ms
ANALYZE
Time: 0 hrs, 0 mins, 0 secs, 109 ms
CREATE TABLE
Time: 0 hrs, 0 mins, 0 secs, 514 ms
ANALYZE
Time: 0 hrs, 0 mins, 0 secs, 87 ms
DELETE 1
Time: 0 hrs, 0 mins, 0 secs, 151 ms
INSERT 0 1
Time: 0 hrs, 0 mins, 0 secs, 427 ms
DELETE 1
Time: 0 hrs, 0 mins, 0 secs, 100 ms
INSERT 0 1
Time: 0 hrs, 0 mins, 0 secs, 314 ms
ANALYZE
Time: 0 hrs, 0 mins, 0 secs, 71 ms
    tablename     |    attr_name    | attr_value 
------------------+-----------------+------------
 BN_FILTER_SPIDER | CLK_USER_SD_MPL | 10
 BN_FILTER_SPIDER | IP_USER_SD_MPL  | 1
 BN_FILTER_SPIDER | IP_USER_RATIO   | .955
 BN_FILTER_SPIDER | CLK_USER_MEAN   | 13.777
 BN_FILTER_SPIDER | CLK_USER_SD     | 95.214
 BN_FILTER_SPIDER | IP_USER_MEAN    | 21.223
 BN_FILTER_SPIDER | IP_USER_SD      | 2204.324
(7 rows)

Time: 0 hrs, 0 mins, 0 secs, 138 ms
CREATE TABLE
Time: 0 hrs, 0 mins, 6 secs, 97 ms
CREATE TABLE
Time: 0 hrs, 0 mins, 8 secs, 469 ms
 l_mean_sd_mpl 
---------------
       965.917
(1 row)

Time: 0 hrs, 0 mins, 1 secs, 994 ms
TRUNCATE
Time: 0 hrs, 0 mins, 3 secs, 2 ms
INSERT 0 177
Time: 0 hrs, 0 mins, 21 secs, 975 ms
ANALYZE
Time: 0 hrs, 0 mins, 0 secs, 372 ms
 Total click_user bn_spider_ip records 
---------------------------------------
                                   177
(1 row)

Time: 0 hrs, 0 mins, 0 secs, 464 ms
CREATE TABLE
Time: 0 hrs, 0 mins, 21 secs, 201 ms
ANALYZE
Time: 0 hrs, 0 mins, 0 secs, 288 ms
CREATE TABLE
Time: 0 hrs, 0 mins, 7 secs, 708 ms
ANALYZE
Time: 0 hrs, 0 mins, 0 secs, 374 ms
DROP 
Time: 0 hrs, 0 mins, 0 secs, 286 ms
CREATE TABLE
Time: 0 hrs, 0 mins, 3 secs, 398 ms
 l_mean_sd_mpl | l_ratio 
---------------+---------
      2225.547 |   0.955
(1 row)

Time: 0 hrs, 0 mins, 0 secs, 525 ms
INSERT 0 14032822
Time: 0 hrs, 0 mins, 13 secs, 361 ms
ANALYZE
Time: 0 hrs, 0 mins, 0 secs, 366 ms
 Total ip_user_filter bn_spider_ip records 
-------------------------------------------
                                  14032822
(1 row)

Time: 0 hrs, 0 mins, 0 secs, 763 ms
TRUNCATE
Time: 0 hrs, 0 mins, 2 secs, 101 ms
INSERT 0 16248606
Time: 0 hrs, 1 mins, 3 secs, 943 ms
ANALYZE
Time: 0 hrs, 0 mins, 4 secs, 286 ms
 bn_hits_stage 
---------------
      16248606
(1 row)

Time: 0 hrs, 0 mins, 0 secs, 318 ms
INSERT 0 14653180
Time: 0 hrs, 1 mins, 55 secs, 474 ms
ANALYZE
Time: 0 hrs, 0 mins, 14 secs, 239 ms
 bn_hits_sp_20110629 
---------------------
            37728942
(1 row)

Time: 0 hrs, 0 mins, 6 secs, 572 ms
TRUNCATE
Time: 0 hrs, 0 mins, 0 secs, 807 ms
INSERT 0 5587939
Time: 0 hrs, 0 mins, 7 secs, 477 ms
ANALYZE
Time: 0 hrs, 0 mins, 3 secs, 780 ms
 bn_hits_client_20110629 
-------------------------
                 5587939
(1 row)

Time: 0 hrs, 0 mins, 0 secs, 180 ms
END
Time: 0 hrs, 0 mins, 6 secs, 337 ms

Fri Jul 1 17:57:57 EDT 2011

Timing is on.
BEGIN
Time: 0 hrs, 0 mins, 1 secs, 48 ms

           600 - LOAD RESOURCES

SET
Time: 0 hrs, 0 mins, 0 secs, 12 ms
CREATE TABLE
Time: 0 hrs, 0 mins, 18 secs, 516 ms
ANALYZE
Time: 0 hrs, 0 mins, 0 secs, 572 ms
 tmp_a_count 
-------------
      445058
(1 row)

Time: 0 hrs, 0 mins, 0 secs, 218 ms
UPDATE 0
Time: 0 hrs, 0 mins, 4 secs, 988 ms
ANALYZE
Time: 0 hrs, 0 mins, 1 secs, 597 ms
TRUNCATE
Time: 0 hrs, 0 mins, 1 secs, 314 ms
INSERT 0 90209
Time: 0 hrs, 0 mins, 25 secs, 210 ms
ANALYZE
Time: 0 hrs, 0 mins, 0 secs, 457 ms
 first_resource_id | last_resource_id 
-------------------+------------------
          21153595 |         21243803
(1 row)

Time: 0 hrs, 0 mins, 0 secs, 565 ms
INSERT 0 90209
Time: 0 hrs, 0 mins, 0 secs, 947 ms
 total_resources 
-----------------
        21219407
(1 row)

Time: 0 hrs, 0 mins, 0 secs, 175 ms
ANALYZE
Time: 0 hrs, 0 mins, 0 secs, 556 ms
END
Time: 0 hrs, 0 mins, 2 secs, 563 ms
VACUUM
Time: 0 hrs, 0 mins, 41 secs, 355 ms

Fri Jul 1 17:59:37 EDT 2011

Timing is on.

           650 - LOAD_BN_SESSION_STAGE

BEGIN
Time: 0 hrs, 0 mins, 1 secs, 24 ms
SET
Time: 0 hrs, 0 mins, 0 secs, 11 ms
SET
Time: 0 hrs, 0 mins, 0 secs, 24 ms
CREATE TABLE
Time: 0 hrs, 2 mins, 9 secs, 781 ms
ANALYZE
Time: 0 hrs, 0 mins, 10 secs, 651 ms
 tmp_sessionized_stage 
-----------------------
              16248606
(1 row)

Time: 0 hrs, 0 mins, 2 secs, 310 ms
TRUNCATE
Time: 0 hrs, 0 mins, 0 secs, 865 ms
INSERT 0 1834162
Time: 0 hrs, 0 mins, 53 secs, 917 ms
ANALYZE
Time: 0 hrs, 0 mins, 1 secs, 96 ms
CREATE TABLE
Time: 0 hrs, 3 mins, 13 secs, 604 ms
CREATE INDEX
Time: 0 hrs, 0 mins, 0 secs, 458 ms
 tmp_first_last 
----------------
        1834162
(1 row)

Time: 0 hrs, 0 mins, 0 secs, 397 ms
ANALYZE
Time: 0 hrs, 0 mins, 2 secs, 102 ms
SET
Time: 0 hrs, 0 mins, 0 secs, 20 ms
SET
Time: 0 hrs, 0 mins, 0 secs, 18 ms
TRUNCATE
Time: 0 hrs, 0 mins, 1 secs, 197 ms
DROP
Time: 0 hrs, 0 mins, 0 secs, 258 ms
INSERT 0 1834162
Time: 0 hrs, 0 mins, 6 secs, 209 ms
 bn_session_stage 
------------------
          1834162
(1 row)

Time: 0 hrs, 0 mins, 0 secs, 440 ms
CREATE INDEX
Time: 0 hrs, 0 mins, 1 secs, 204 ms
ANALYZE
Time: 0 hrs, 0 mins, 1 secs, 142 ms
TRUNCATE
Time: 0 hrs, 0 mins, 1 secs, 93 ms
END
Time: 0 hrs, 0 mins, 14 secs, 545 ms

Fri Jul 1 18:06:40 EDT 2011

BEGIN

           660 - LOAD_BN_SESSION_UPDATE_STAGE

SET
TRUNCATE
INSERT 0 0
END

Fri Jul 1 18:06:46 EDT 2011

Timing is on.

           670 - LOAD_BN_SESSION_20110629.UPDATES

BEGIN
Time: 0 hrs, 0 mins, 1 secs, 22 ms
SET
Time: 0 hrs, 0 mins, 0 secs, 12 ms
UPDATE 0
Time: 0 hrs, 0 mins, 0 secs, 426 ms
END
Time: 0 hrs, 0 mins, 2 secs, 800 ms
VACUUM
Time: 0 hrs, 0 mins, 43 secs, 253 ms

Fri Jul 1 18:07:34 EDT 2011

Timing is on.

           700 - LOAD_BN_SESSION

BEGIN
Time: 0 hrs, 0 mins, 2 secs, 430 ms
SET
Time: 0 hrs, 0 mins, 0 secs, 10 ms
INSERT 0 1834162
Time: 0 hrs, 0 mins, 8 secs, 616 ms
ANALYZE
Time: 0 hrs, 0 mins, 0 secs, 870 ms
END
Time: 0 hrs, 0 mins, 0 secs, 982 ms

Fri Jul 1 18:07:47 EDT 2011

Timing is on.

            750 - LOAD_BN_SESSION_SUMMARY   

BEGIN
Time: 0 hrs, 0 mins, 0 secs, 959 ms
SET
Time: 0 hrs, 0 mins, 0 secs, 8 ms
CREATE TABLE
Time: 0 hrs, 0 mins, 12 secs, 57 ms
TRUNCATE
Time: 0 hrs, 0 mins, 1 secs, 363 ms
INSERT 0 278816
Time: 0 hrs, 0 mins, 5 secs, 577 ms
ANALYZE
Time: 0 hrs, 0 mins, 0 secs, 728 ms
 count(1) 
----------
   278816
(1 row)

Time: 0 hrs, 0 mins, 0 secs, 257 ms
END
Time: 0 hrs, 0 mins, 4 secs, 140 ms

Fri Jul 1 18:08:13 EDT 2011

Timing is on.

           800 - LOAD_BN_HITS

BEGIN
Time: 0 hrs, 0 mins, 0 secs, 887 ms
SET
Time: 0 hrs, 0 mins, 0 secs, 8 ms
SET
Time: 0 hrs, 0 mins, 0 secs, 31 ms
SET
Time: 0 hrs, 0 mins, 0 secs, 16 ms
SET
Time: 0 hrs, 0 mins, 0 secs, 26 ms
TRUNCATE
Time: 0 hrs, 0 mins, 1 secs, 387 ms
INSERT 0 16248606
Time: 0 hrs, 0 mins, 8 secs, 718 ms
 count(1) 
----------
 16248606
(1 row)

Time: 0 hrs, 0 mins, 2 secs, 425 ms
ANALYZE
Time: 0 hrs, 0 mins, 3 secs, 205 ms
END
Time: 0 hrs, 0 mins, 16 secs, 39 ms

Fri Jul 1 18:08:46 EDT 2011

Timing is on.

            900 - LOAD_CLICKSTREAM   

BEGIN
Time: 0 hrs, 0 mins, 0 secs, 909 ms
SET
Time: 0 hrs, 0 mins, 0 secs, 12 ms
TRUNCATE
Time: 0 hrs, 0 mins, 0 secs, 903 ms
INSERT 0 16248606
Time: 0 hrs, 2 mins, 46 secs, 769 ms
 count(1) 
----------
 16248606
(1 row)

Time: 0 hrs, 0 mins, 0 secs, 690 ms
ANALYZE
Time: 0 hrs, 0 mins, 1 secs, 219 ms
END
Time: 0 hrs, 0 mins, 4 secs, 206 ms

Fri Jul 1 18:11:41 EDT 2011

Timing is on.

            1000 - PAGE_VIEW_SUMMARY  

BEGIN
Time: 0 hrs, 0 mins, 0 secs, 895 ms
SET
Time: 0 hrs, 0 mins, 0 secs, 10 ms
SET
Time: 0 hrs, 0 mins, 0 secs, 26 ms
TRUNCATE
Time: 0 hrs, 0 mins, 0 secs, 883 ms
INSERT 0 463611
Time: 0 hrs, 0 mins, 4 secs, 201 ms
 count(1) 
----------
   463611
(1 row)

Time: 0 hrs, 0 mins, 0 secs, 583 ms
ANALYZE
Time: 0 hrs, 0 mins, 0 secs, 191 ms
END
Time: 0 hrs, 0 mins, 4 secs, 189 ms

Fri Jul 1 18:11:52 EDT 2011


2000 - WRAP UP 

Timing is on.
BEGIN
Time: 0 hrs, 0 mins, 1 secs, 125 ms
TRUNCATE
Time: 0 hrs, 0 mins, 1 secs, 811 ms
TRUNCATE
Time: 0 hrs, 0 mins, 1 secs, 345 ms
END
Time: 0 hrs, 0 mins, 9 secs, 287 ms
Fri Jul 1 18:12:06 EDT 2011
Removing lock file and waiting for a minute
Checking for lock file /tmp/.iislock
Acquired lock file /tmp/.iislock
-------------------------------------
Processing for 20110629
-------------------------------------

Mon Jul 18 10:55:13 EDT 2011

Timing is on.

           000 - INIT

BEGIN
Time: 0 hrs, 0 mins, 7 secs, 121 ms
*** Truncating staging tables before workflow starts ***
SET
Time: 0 hrs, 0 mins, 0 secs, 11 ms
GRANT
Time: 0 hrs, 0 mins, 24 secs, 657 ms
END
Time: 0 hrs, 0 mins, 7 secs, 284 ms

Mon Jul 18 10:55:54 EDT 2011

Timing is on.

            200 - LOAD_BN_IISLOGS   

BEGIN
Time: 0 hrs, 0 mins, 3 secs, 130 ms
SET
Time: 0 hrs, 0 mins, 0 secs, 17 ms
TRUNCATE
Time: 0 hrs, 0 mins, 2 secs, 729 ms
INSERT 0 138892056
Time: 0 hrs, 23 mins, 34 secs, 269 ms
END
Time: 0 hrs, 0 mins, 48 secs, 704 ms
ALTER TABLE
Time: 0 hrs, 0 mins, 22 secs, 978 ms

Mon Jul 18 11:20:46 EDT 2011

Timing is on.
BEGIN
Time: 0 hrs, 0 mins, 3 secs, 427 ms
SET
Time: 0 hrs, 0 mins, 0 secs, 11 ms

            250 - LOAD_BN_HITS_SP   

TRUNCATE
Time: 0 hrs, 0 mins, 7 secs, 649 ms
INSERT 0 53513856
Time: 0 hrs, 8 mins, 0 secs, 668 ms
ANALYZE
Time: 0 hrs, 0 mins, 42 secs, 323 ms
END
Time: 0 hrs, 0 mins, 7 secs, 128 ms

Mon Jul 18 11:29:47 EDT 2011

Timing is on.
BEGIN
Time: 0 hrs, 0 mins, 1 secs, 118 ms
SET
Time: 0 hrs, 0 mins, 0 secs, 11 ms

           300 - DYNAMIC FILTER

TRUNCATE
Time: 0 hrs, 0 mins, 1 secs, 25 ms
INSERT 0 20384921
Time: 0 hrs, 0 mins, 29 secs, 150 ms
ANALYZE
Time: 0 hrs, 0 mins, 1 secs, 61 ms
 Total records in web_click_cnt 
--------------------------------
                       20384921
(1 row)

Time: 0 hrs, 0 mins, 2 secs, 149 ms
CREATE TABLE
Time: 0 hrs, 0 mins, 8 secs, 959 ms
ANALYZE
Time: 0 hrs, 0 mins, 0 secs, 214 ms
CREATE TABLE
Time: 0 hrs, 0 mins, 1 secs, 140 ms
ANALYZE
Time: 0 hrs, 0 mins, 0 secs, 201 ms
DELETE 1
Time: 0 hrs, 0 mins, 0 secs, 387 ms
INSERT 0 1
Time: 0 hrs, 0 mins, 1 secs, 804 ms
DELETE 1
Time: 0 hrs, 0 mins, 0 secs, 100 ms
INSERT 0 1
Time: 0 hrs, 0 mins, 1 secs, 208 ms
CREATE TABLE
Time: 0 hrs, 0 mins, 2 secs, 928 ms
ANALYZE
Time: 0 hrs, 0 mins, 0 secs, 132 ms
CREATE TABLE
Time: 0 hrs, 0 mins, 0 secs, 770 ms
ANALYZE
Time: 0 hrs, 0 mins, 0 secs, 133 ms
DELETE 1
Time: 0 hrs, 0 mins, 0 secs, 98 ms
INSERT 0 1
Time: 0 hrs, 0 mins, 0 secs, 336 ms
DELETE 1
Time: 0 hrs, 0 mins, 0 secs, 98 ms
INSERT 0 1
Time: 0 hrs, 0 mins, 0 secs, 561 ms
ANALYZE
Time: 0 hrs, 0 mins, 0 secs, 251 ms
    tablename     |    attr_name    | attr_value 
------------------+-----------------+------------
 BN_FILTER_SPIDER | CLK_USER_SD_MPL | 10
 BN_FILTER_SPIDER | IP_USER_SD_MPL  | 1
 BN_FILTER_SPIDER | IP_USER_RATIO   | .955
 BN_FILTER_SPIDER | CLK_USER_MEAN   | 24.838
 BN_FILTER_SPIDER | CLK_USER_SD     | 182.789
 BN_FILTER_SPIDER | IP_USER_MEAN    | 20.560
 BN_FILTER_SPIDER | IP_USER_SD      | 2409.871
(7 rows)

Time: 0 hrs, 0 mins, 0 secs, 554 ms
CREATE TABLE
Time: 0 hrs, 0 mins, 8 secs, 340 ms
CREATE TABLE
Time: 0 hrs, 0 mins, 0 secs, 679 ms
 l_mean_sd_mpl 
---------------
      1852.728
(1 row)

Time: 0 hrs, 0 mins, 0 secs, 129 ms
TRUNCATE
Time: 0 hrs, 0 mins, 1 secs, 185 ms
INSERT 0 208
Time: 0 hrs, 0 mins, 21 secs, 43 ms
ANALYZE
Time: 0 hrs, 0 mins, 0 secs, 114 ms
 Total click_user bn_spider_ip records 
---------------------------------------
                                   208
(1 row)

Time: 0 hrs, 0 mins, 0 secs, 926 ms
CREATE TABLE
Time: 0 hrs, 1 mins, 2 secs, 821 ms
ANALYZE
Time: 0 hrs, 0 mins, 0 secs, 75 ms
CREATE TABLE
Time: 0 hrs, 0 mins, 2 secs, 748 ms
ANALYZE
Time: 0 hrs, 0 mins, 0 secs, 106 ms
DROP 
Time: 0 hrs, 0 mins, 0 secs, 205 ms
CREATE TABLE
Time: 0 hrs, 0 mins, 1 secs, 136 ms
 l_mean_sd_mpl | l_ratio 
---------------+---------
      2430.431 |   0.955
(1 row)

Time: 0 hrs, 0 mins, 0 secs, 478 ms
INSERT 0 17254966
Time: 0 hrs, 0 mins, 16 secs, 751 ms
ANALYZE
Time: 0 hrs, 0 mins, 0 secs, 326 ms
 Total ip_user_filter bn_spider_ip records 
-------------------------------------------
                                  17254966
(1 row)

Time: 0 hrs, 0 mins, 3 secs, 875 ms
TRUNCATE
Time: 0 hrs, 0 mins, 1 secs, 98 ms
ERROR:  invalid input syntax for type numeric: "978080279..."
NOTICE:  current transaction is aborted, queries ignored until end of transaction block
NOTICE:  current transaction is aborted, queries ignored until end of transaction block
NOTICE:  current transaction is aborted, queries ignored until end of transaction block
NOTICE:  current transaction is aborted, queries ignored until end of transaction block
NOTICE:  current transaction is aborted, queries ignored until end of transaction block
NOTICE:  current transaction is aborted, queries ignored until end of transaction block
NOTICE:  current transaction is aborted, queries ignored until end of transaction block
NOTICE:  current transaction is aborted, queries ignored until end of transaction block
NOTICE:  current transaction is aborted, queries ignored until end of transaction block
ABORT
Time: 0 hrs, 0 mins, 0 secs, 32 ms

Mon Jul 18 11:34:08 EDT 2011

Timing is on.
BEGIN
Time: 0 hrs, 0 mins, 2 secs, 513 ms

           600 - LOAD RESOURCES

SET
Time: 0 hrs, 0 mins, 0 secs, 12 ms
CREATE TABLE
Time: 0 hrs, 0 mins, 23 secs, 84 ms
ANALYZE
Time: 0 hrs, 0 mins, 3 secs, 581 ms
 tmp_a_count 
-------------
      476071
(1 row)

Time: 0 hrs, 0 mins, 0 secs, 557 ms
UPDATE 0
Time: 0 hrs, 0 mins, 4 secs, 176 ms
ANALYZE
Time: 0 hrs, 0 mins, 1 secs, 128 ms
TRUNCATE
Time: 0 hrs, 0 mins, 0 secs, 949 ms
INSERT 0 0
Time: 0 hrs, 0 mins, 13 secs, 282 ms
ANALYZE
Time: 0 hrs, 0 mins, 0 secs, 30 ms
 first_resource_id | last_resource_id 
-------------------+------------------
                   |                 
(1 row)

Time: 0 hrs, 0 mins, 0 secs, 629 ms
INSERT 0 0
Time: 0 hrs, 0 mins, 1 secs, 165 ms
 total_resources 
-----------------
        25203472
(1 row)

Time: 0 hrs, 0 mins, 1 secs, 207 ms
ANALYZE
Time: 0 hrs, 0 mins, 1 secs, 20 ms
END
Time: 0 hrs, 0 mins, 4 secs, 690 ms
VACUUM
Time: 0 hrs, 0 mins, 25 secs, 354 ms

Mon Jul 18 11:35:31 EDT 2011

Timing is on.

           650 - LOAD_BN_SESSION_STAGE

BEGIN
Time: 0 hrs, 0 mins, 3 secs, 977 ms
SET
Time: 0 hrs, 0 mins, 0 secs, 8 ms
SET
Time: 0 hrs, 0 mins, 0 secs, 17 ms
CREATE TABLE
Time: 0 hrs, 0 mins, 50 secs, 868 ms
ANALYZE
Time: 0 hrs, 0 mins, 5 secs, 613 ms
 tmp_sessionized_stage 
-----------------------
              20460924
(1 row)

Time: 0 hrs, 0 mins, 0 secs, 603 ms
TRUNCATE
Time: 0 hrs, 0 mins, 1 secs, 100 ms
INSERT 0 2553622
Time: 0 hrs, 0 mins, 31 secs, 792 ms
ANALYZE
Time: 0 hrs, 0 mins, 0 secs, 830 ms
CREATE TABLE
Time: 0 hrs, 3 mins, 37 secs, 624 ms
CREATE INDEX
Time: 0 hrs, 0 mins, 0 secs, 327 ms
 tmp_first_last 
----------------
        2553622
(1 row)

Time: 0 hrs, 0 mins, 0 secs, 127 ms
ANALYZE
Time: 0 hrs, 0 mins, 0 secs, 986 ms
SET
Time: 0 hrs, 0 mins, 0 secs, 23 ms
SET
Time: 0 hrs, 0 mins, 0 secs, 25 ms
TRUNCATE
Time: 0 hrs, 0 mins, 1 secs, 301 ms
DROP
Time: 0 hrs, 0 mins, 0 secs, 68 ms
INSERT 0 2553622
Time: 0 hrs, 0 mins, 6 secs, 476 ms
 bn_session_stage 
------------------
          2553622
(1 row)

Time: 0 hrs, 0 mins, 1 secs, 965 ms
CREATE INDEX
Time: 0 hrs, 0 mins, 0 secs, 839 ms
ANALYZE
Time: 0 hrs, 0 mins, 1 secs, 372 ms
TRUNCATE
Time: 0 hrs, 0 mins, 1 secs, 276 ms
END
Time: 0 hrs, 0 mins, 9 secs, 73 ms

Mon Jul 18 11:41:08 EDT 2011

BEGIN

           660 - LOAD_BN_SESSION_UPDATE_STAGE

SET
TRUNCATE
INSERT 0 0
END

Mon Jul 18 11:41:16 EDT 2011

Timing is on.

           670 - LOAD_BN_SESSION_20110629.UPDATES

BEGIN
Time: 0 hrs, 0 mins, 1 secs, 712 ms
SET
Time: 0 hrs, 0 mins, 0 secs, 13 ms
UPDATE 0
Time: 0 hrs, 0 mins, 1 secs, 263 ms
END
Time: 0 hrs, 0 mins, 1 secs, 295 ms
VACUUM
Time: 0 hrs, 0 mins, 12 secs, 248 ms

Mon Jul 18 11:41:33 EDT 2011

Timing is on.

           700 - LOAD_BN_SESSION

BEGIN
Time: 0 hrs, 0 mins, 1 secs, 332 ms
SET
Time: 0 hrs, 0 mins, 0 secs, 18 ms
INSERT 0 0
Time: 0 hrs, 0 mins, 49 secs, 874 ms
ANALYZE
Time: 0 hrs, 0 mins, 0 secs, 24 ms
END
Time: 0 hrs, 0 mins, 6 secs, 677 ms

Mon Jul 18 11:42:31 EDT 2011

Timing is on.

            750 - LOAD_BN_SESSION_SUMMARY   

BEGIN
Time: 0 hrs, 0 mins, 1 secs, 3 ms
SET
Time: 0 hrs, 0 mins, 0 secs, 14 ms
CREATE TABLE
Time: 0 hrs, 0 mins, 5 secs, 897 ms
TRUNCATE
Time: 0 hrs, 0 mins, 1 secs, 575 ms
INSERT 0 0
Time: 0 hrs, 0 mins, 1 secs, 323 ms
ANALYZE
Time: 0 hrs, 0 mins, 0 secs, 110 ms
 count(1) 
----------
        0
(1 row)

Time: 0 hrs, 0 mins, 1 secs, 452 ms
END
Time: 0 hrs, 0 mins, 8 secs, 736 ms

Mon Jul 18 11:42:52 EDT 2011

Timing is on.

           800 - LOAD_BN_HITS

BEGIN
Time: 0 hrs, 0 mins, 1 secs, 187 ms
SET
Time: 0 hrs, 0 mins, 0 secs, 8 ms
SET
Time: 0 hrs, 0 mins, 0 secs, 84 ms
SET
Time: 0 hrs, 0 mins, 0 secs, 258 ms
SET
Time: 0 hrs, 0 mins, 0 secs, 241 ms
TRUNCATE
Time: 0 hrs, 0 mins, 1 secs, 896 ms
INSERT 0 0
Time: 0 hrs, 0 mins, 2 secs, 945 ms
 count(1) 
----------
        0
(1 row)

Time: 0 hrs, 0 mins, 0 secs, 574 ms
ANALYZE
Time: 0 hrs, 0 mins, 0 secs, 28 ms
END
Time: 0 hrs, 0 mins, 12 secs, 981 ms

Mon Jul 18 11:43:12 EDT 2011

Timing is on.

            900 - LOAD_CLICKSTREAM   

BEGIN
Time: 0 hrs, 0 mins, 0 secs, 916 ms
SET
Time: 0 hrs, 0 mins, 0 secs, 9 ms
TRUNCATE
Time: 0 hrs, 0 mins, 2 secs, 926 ms
INSERT 0 0
Time: 0 hrs, 2 mins, 0 secs, 335 ms
 count(1) 
----------
        0
(1 row)

Time: 0 hrs, 0 mins, 0 secs, 595 ms
ANALYZE
Time: 0 hrs, 0 mins, 0 secs, 75 ms
END
Time: 0 hrs, 0 mins, 23 secs, 224 ms

Mon Jul 18 11:45:41 EDT 2011

Timing is on.

            1000 - PAGE_VIEW_SUMMARY  

BEGIN
Time: 0 hrs, 0 mins, 1 secs, 742 ms
SET
Time: 0 hrs, 0 mins, 0 secs, 10 ms
SET
Time: 0 hrs, 0 mins, 0 secs, 22 ms
TRUNCATE
Time: 0 hrs, 0 mins, 1 secs, 159 ms
INSERT 0 0
Time: 0 hrs, 0 mins, 2 secs, 402 ms
 count(1) 
----------
        0
(1 row)

Time: 0 hrs, 0 mins, 0 secs, 727 ms
ANALYZE
Time: 0 hrs, 0 mins, 0 secs, 26 ms
END
Time: 0 hrs, 1 mins, 18 secs, 309 ms

Mon Jul 18 11:47:06 EDT 2011


2000 - WRAP UP 

Timing is on.
BEGIN
Time: 0 hrs, 0 mins, 0 secs, 901 ms
TRUNCATE
Time: 0 hrs, 0 mins, 3 secs, 726 ms
TRUNCATE
Time: 0 hrs, 0 mins, 5 secs, 854 ms
END
Time: 0 hrs, 0 mins, 45 secs, 665 ms
Mon Jul 18 11:48:02 EDT 2011
Removing lock file and waiting for a minute
Total time taken:  53  minutes.
Checking for lock file /tmp/.iislock
Acquired lock file /tmp/.iislock
-------------------------------------
Processing for 20110629
-------------------------------------

Mon Jul 18 12:36:05 EDT 2011

Timing is on.

           000 - INIT

BEGIN
Time: 0 hrs, 0 mins, 0 secs, 996 ms
*** Truncating staging tables before workflow starts ***
SET
Time: 0 hrs, 0 mins, 0 secs, 9 ms
GRANT
Time: 0 hrs, 0 mins, 26 secs, 771 ms
END
Time: 0 hrs, 0 mins, 53 secs, 971 ms

Mon Jul 18 12:37:27 EDT 2011

Timing is on.

            200 - LOAD_BN_IISLOGS   

BEGIN
Time: 0 hrs, 0 mins, 0 secs, 968 ms
SET
Time: 0 hrs, 0 mins, 0 secs, 9 ms
TRUNCATE
Time: 0 hrs, 0 mins, 2 secs, 136 ms
INSERT 0 138892056
Time: 0 hrs, 25 mins, 41 secs, 188 ms
END
Time: 0 hrs, 0 mins, 50 secs, 969 ms
ALTER TABLE
Time: 0 hrs, 0 mins, 17 secs, 206 ms

Mon Jul 18 13:04:20 EDT 2011

Timing is on.
BEGIN
Time: 0 hrs, 0 mins, 1 secs, 671 ms
SET
Time: 0 hrs, 0 mins, 0 secs, 11 ms

            250 - LOAD_BN_HITS_SP   

TRUNCATE
Time: 0 hrs, 0 mins, 6 secs, 233 ms
INSERT 0 53513856
Time: 0 hrs, 9 mins, 34 secs, 426 ms
ANALYZE
Time: 0 hrs, 2 mins, 47 secs, 998 ms
END
Time: 0 hrs, 2 mins, 11 secs, 624 ms

Mon Jul 18 13:19:02 EDT 2011

Timing is on.
BEGIN
Time: 0 hrs, 0 mins, 2 secs, 558 ms
SET
Time: 0 hrs, 0 mins, 0 secs, 9 ms

           300 - DYNAMIC FILTER

TRUNCATE
Time: 0 hrs, 0 mins, 3 secs, 985 ms
INSERT 0 20384921
Time: 0 hrs, 0 mins, 45 secs, 126 ms
ANALYZE
Time: 0 hrs, 0 mins, 2 secs, 94 ms
 Total records in web_click_cnt 
--------------------------------
                       20384921
(1 row)

Time: 0 hrs, 0 mins, 0 secs, 896 ms
CREATE TABLE
Time: 0 hrs, 2 mins, 38 secs, 759 ms
ANALYZE
Time: 0 hrs, 0 mins, 0 secs, 973 ms
CREATE TABLE
Time: 0 hrs, 0 mins, 4 secs, 751 ms
ANALYZE
Time: 0 hrs, 0 mins, 0 secs, 214 ms
DELETE 1
Time: 0 hrs, 0 mins, 2 secs, 61 ms
INSERT 0 1
Time: 0 hrs, 0 mins, 1 secs, 881 ms
DELETE 1
Time: 0 hrs, 0 mins, 0 secs, 108 ms
INSERT 0 1
Time: 0 hrs, 0 mins, 1 secs, 387 ms
CREATE TABLE
Time: 0 hrs, 0 mins, 16 secs, 433 ms
ANALYZE
Time: 0 hrs, 0 mins, 0 secs, 134 ms
CREATE TABLE
Time: 0 hrs, 0 mins, 9 secs, 609 ms
ANALYZE
Time: 0 hrs, 0 mins, 0 secs, 108 ms
DELETE 1
Time: 0 hrs, 0 mins, 0 secs, 100 ms
INSERT 0 1
Time: 0 hrs, 0 mins, 0 secs, 552 ms
DELETE 1
Time: 0 hrs, 0 mins, 0 secs, 130 ms
INSERT 0 1
Time: 0 hrs, 0 mins, 0 secs, 743 ms
ANALYZE
Time: 0 hrs, 0 mins, 1 secs, 525 ms
    tablename     |    attr_name    | attr_value 
------------------+-----------------+------------
 BN_FILTER_SPIDER | CLK_USER_SD_MPL | 10
 BN_FILTER_SPIDER | IP_USER_SD_MPL  | 1
 BN_FILTER_SPIDER | IP_USER_RATIO   | .955
 BN_FILTER_SPIDER | CLK_USER_MEAN   | 24.838
 BN_FILTER_SPIDER | CLK_USER_SD     | 182.789
 BN_FILTER_SPIDER | IP_USER_MEAN    | 20.560
 BN_FILTER_SPIDER | IP_USER_SD      | 2409.871
(7 rows)

Time: 0 hrs, 0 mins, 0 secs, 322 ms
CREATE TABLE
Time: 0 hrs, 0 mins, 15 secs, 386 ms
CREATE TABLE
Time: 0 hrs, 0 mins, 2 secs, 912 ms
 l_mean_sd_mpl 
---------------
      1852.728
(1 row)

Time: 0 hrs, 0 mins, 1 secs, 945 ms
TRUNCATE
Time: 0 hrs, 0 mins, 4 secs, 685 ms
INSERT 0 208
Time: 0 hrs, 0 mins, 27 secs, 458 ms
ANALYZE
Time: 0 hrs, 0 mins, 0 secs, 771 ms
 Total click_user bn_spider_ip records 
---------------------------------------
                                   208
(1 row)

Time: 0 hrs, 0 mins, 1 secs, 548 ms
CREATE TABLE
Time: 0 hrs, 0 mins, 20 secs, 589 ms
ANALYZE
Time: 0 hrs, 0 mins, 0 secs, 115 ms
CREATE TABLE
Time: 0 hrs, 0 mins, 10 secs, 685 ms
ANALYZE
Time: 0 hrs, 0 mins, 0 secs, 168 ms
DROP 
Time: 0 hrs, 0 mins, 0 secs, 217 ms
CREATE TABLE
Time: 0 hrs, 0 mins, 3 secs, 855 ms
 l_mean_sd_mpl | l_ratio 
---------------+---------
      2430.431 |   0.955
(1 row)

Time: 0 hrs, 0 mins, 1 secs, 501 ms
INSERT 0 17254966
Time: 0 hrs, 0 mins, 39 secs, 487 ms
ANALYZE
Time: 0 hrs, 0 mins, 1 secs, 161 ms
 Total ip_user_filter bn_spider_ip records 
-------------------------------------------
                                  17254966
(1 row)

Time: 0 hrs, 0 mins, 2 secs, 214 ms
TRUNCATE
Time: 0 hrs, 0 mins, 9 secs, 911 ms
INSERT 0 39151656
Time: 0 hrs, 1 mins, 54 secs, 763 ms
ANALYZE
Time: 0 hrs, 0 mins, 10 secs, 951 ms
 bn_hits_stage 
---------------
      39151656
(1 row)

Time: 0 hrs, 0 mins, 3 secs, 365 ms
INSERT 0 32135354
Time: 0 hrs, 3 mins, 48 secs, 656 ms
ANALYZE
Time: 0 hrs, 2 mins, 54 secs, 952 ms
 bn_hits_sp_20110629 
---------------------
            85649210
(1 row)

Time: 0 hrs, 0 mins, 31 secs, 654 ms
TRUNCATE
Time: 0 hrs, 0 mins, 2 secs, 316 ms
INSERT 0 14091190
Time: 0 hrs, 4 mins, 43 secs, 949 ms
ANALYZE
Time: 0 hrs, 0 mins, 6 secs, 968 ms
 bn_hits_client_20110629 
-------------------------
                14091190
(1 row)

Time: 0 hrs, 0 mins, 10 secs, 475 ms
END
Time: 0 hrs, 0 mins, 17 secs, 281 ms

Mon Jul 18 13:40:27 EDT 2011

Timing is on.
BEGIN
Time: 0 hrs, 0 mins, 1 secs, 7 ms

           600 - LOAD RESOURCES

SET
Time: 0 hrs, 0 mins, 0 secs, 10 ms
CREATE TABLE
Time: 0 hrs, 1 mins, 17 secs, 377 ms
ANALYZE
Time: 0 hrs, 0 mins, 6 secs, 349 ms
 tmp_a_count 
-------------
      570339
(1 row)

Time: 0 hrs, 0 mins, 1 secs, 544 ms
UPDATE 0
Time: 0 hrs, 0 mins, 6 secs, 450 ms
ANALYZE
Time: 0 hrs, 0 mins, 2 secs, 962 ms
TRUNCATE
Time: 0 hrs, 0 mins, 2 secs, 202 ms
INSERT 0 61461
Time: 0 hrs, 0 mins, 22 secs, 253 ms
ANALYZE
Time: 0 hrs, 0 mins, 1 secs, 47 ms
 first_resource_id | last_resource_id 
-------------------+------------------
          25227869 |         25289329
(1 row)

Time: 0 hrs, 0 mins, 1 secs, 340 ms
INSERT 0 61461
Time: 0 hrs, 0 mins, 4 secs, 186 ms
 total_resources 
-----------------
        25264933
(1 row)

Time: 0 hrs, 0 mins, 1 secs, 82 ms
ANALYZE
Time: 0 hrs, 0 mins, 0 secs, 711 ms
END
Time: 0 hrs, 0 mins, 9 secs, 280 ms
VACUUM
Time: 0 hrs, 0 mins, 26 secs, 907 ms

Mon Jul 18 13:43:12 EDT 2011

Timing is on.

           650 - LOAD_BN_SESSION_STAGE

BEGIN
Time: 0 hrs, 0 mins, 2 secs, 163 ms
SET
Time: 0 hrs, 0 mins, 0 secs, 10 ms
SET
Time: 0 hrs, 0 mins, 0 secs, 42 ms
CREATE TABLE
Time: 0 hrs, 1 mins, 43 secs, 684 ms
ANALYZE
Time: 0 hrs, 0 mins, 38 secs, 485 ms
 tmp_sessionized_stage 
-----------------------
              39151656
(1 row)

Time: 0 hrs, 0 mins, 47 secs, 667 ms
TRUNCATE
Time: 0 hrs, 0 mins, 2 secs, 143 ms
INSERT 0 2746285
Time: 0 hrs, 0 mins, 55 secs, 61 ms
ANALYZE
Time: 0 hrs, 0 mins, 0 secs, 612 ms
CREATE TABLE
Time: 0 hrs, 4 mins, 27 secs, 262 ms
CREATE INDEX
Time: 0 hrs, 0 mins, 2 secs, 459 ms
 tmp_first_last 
----------------
        2746285
(1 row)

Time: 0 hrs, 0 mins, 0 secs, 842 ms
ANALYZE
Time: 0 hrs, 0 mins, 1 secs, 464 ms
SET
Time: 0 hrs, 0 mins, 0 secs, 54 ms
SET
Time: 0 hrs, 0 mins, 0 secs, 260 ms
TRUNCATE
Time: 0 hrs, 0 mins, 7 secs, 556 ms
DROP
Time: 0 hrs, 0 mins, 0 secs, 340 ms
INSERT 0 2746285
Time: 0 hrs, 0 mins, 41 secs, 366 ms
 bn_session_stage 
------------------
          2746285
(1 row)

Time: 0 hrs, 0 mins, 2 secs, 80 ms
CREATE INDEX
Time: 0 hrs, 0 mins, 2 secs, 739 ms
ANALYZE
Time: 0 hrs, 0 mins, 3 secs, 330 ms
TRUNCATE
Time: 0 hrs, 0 mins, 1 secs, 568 ms
END
Time: 0 hrs, 0 mins, 22 secs, 732 ms

Mon Jul 18 13:53:16 EDT 2011

BEGIN

           660 - LOAD_BN_SESSION_UPDATE_STAGE

SET
TRUNCATE
INSERT 0 0
END

Mon Jul 18 13:55:45 EDT 2011

Timing is on.

           670 - LOAD_BN_SESSION_20110629.UPDATES

BEGIN
Time: 0 hrs, 0 mins, 2 secs, 663 ms
SET
Time: 0 hrs, 0 mins, 0 secs, 21 ms
UPDATE 0
Time: 0 hrs, 0 mins, 0 secs, 515 ms
END
Time: 0 hrs, 0 mins, 40 secs, 612 ms
VACUUM
Time: 0 hrs, 8 mins, 8 secs, 468 ms

Mon Jul 18 14:04:37 EDT 2011

Timing is on.

           700 - LOAD_BN_SESSION

BEGIN
Time: 0 hrs, 0 mins, 6 secs, 226 ms
SET
Time: 0 hrs, 0 mins, 0 secs, 18 ms
INSERT 0 2746285
Time: 0 hrs, 0 mins, 33 secs, 746 ms
ANALYZE
Time: 0 hrs, 0 mins, 3 secs, 675 ms
END
Time: 0 hrs, 4 mins, 21 secs, 502 ms

Mon Jul 18 14:09:43 EDT 2011

Timing is on.

            750 - LOAD_BN_SESSION_SUMMARY   

BEGIN
Time: 0 hrs, 0 mins, 4 secs, 839 ms
SET
Time: 0 hrs, 0 mins, 0 secs, 7 ms
CREATE TABLE
Time: 0 hrs, 0 mins, 36 secs, 289 ms
TRUNCATE
Time: 0 hrs, 0 mins, 3 secs, 288 ms
INSERT 0 353844
Time: 0 hrs, 0 mins, 6 secs, 728 ms
ANALYZE
Time: 0 hrs, 0 mins, 0 secs, 774 ms
 count(1) 
----------
   353844
(1 row)

Time: 0 hrs, 0 mins, 0 secs, 485 ms
END
Time: 0 hrs, 0 mins, 38 secs, 395 ms

Mon Jul 18 14:11:14 EDT 2011

Timing is on.

           800 - LOAD_BN_HITS

BEGIN
Time: 0 hrs, 0 mins, 3 secs, 417 ms
SET
Time: 0 hrs, 0 mins, 0 secs, 11 ms
SET
Time: 0 hrs, 0 mins, 0 secs, 47 ms
SET
Time: 0 hrs, 0 mins, 0 secs, 21 ms
SET
Time: 0 hrs, 0 mins, 0 secs, 23 ms
TRUNCATE
Time: 0 hrs, 0 mins, 2 secs, 646 ms
INSERT 0 39151656
Time: 0 hrs, 0 mins, 20 secs, 30 ms
 count(1) 
----------
 39151656
(1 row)

Time: 0 hrs, 0 mins, 1 secs, 109 ms
ANALYZE
Time: 0 hrs, 0 mins, 4 secs, 495 ms
END
Time: 0 hrs, 0 mins, 34 secs, 317 ms

Mon Jul 18 14:12:21 EDT 2011

Timing is on.

            900 - LOAD_CLICKSTREAM   

BEGIN
Time: 0 hrs, 0 mins, 1 secs, 378 ms
SET
Time: 0 hrs, 0 mins, 0 secs, 10 ms
TRUNCATE
Time: 0 hrs, 0 mins, 1 secs, 909 ms
INSERT 0 39151656
Time: 0 hrs, 6 mins, 6 secs, 352 ms
 count(1) 
----------
 39151656
(1 row)

Time: 0 hrs, 0 mins, 1 secs, 51 ms
ANALYZE
Time: 0 hrs, 0 mins, 1 secs, 555 ms
END
Time: 0 hrs, 0 mins, 5 secs, 406 ms

Mon Jul 18 14:18:39 EDT 2011

Timing is on.

            1000 - PAGE_VIEW_SUMMARY  

BEGIN
Time: 0 hrs, 0 mins, 1 secs, 365 ms
SET
Time: 0 hrs, 0 mins, 0 secs, 10 ms
SET
Time: 0 hrs, 0 mins, 0 secs, 227 ms
TRUNCATE
Time: 0 hrs, 0 mins, 2 secs, 519 ms
INSERT 0 593334
Time: 0 hrs, 0 mins, 11 secs, 735 ms
 count(1) 
----------
   593334
(1 row)

Time: 0 hrs, 0 mins, 1 secs, 423 ms
ANALYZE
Time: 0 hrs, 0 mins, 0 secs, 529 ms
END
Time: 0 hrs, 0 mins, 11 secs, 844 ms

Mon Jul 18 14:19:08 EDT 2011


2000 - WRAP UP 

Timing is on.
BEGIN
Time: 0 hrs, 0 mins, 1 secs, 70 ms
TRUNCATE
Time: 0 hrs, 0 mins, 1 secs, 523 ms
TRUNCATE
Time: 0 hrs, 0 mins, 1 secs, 106 ms
END
Time: 0 hrs, 0 mins, 8 secs, 954 ms
Mon Jul 18 14:19:21 EDT 2011
Removing lock file and waiting for a minute
Total time taken:  104  minutes.
