Checking for lock file /tmp/.iislock
Acquired lock file /tmp/.iislock
-------------------------------------
Processing for 20110605
-------------------------------------

Thu Jul 21 20:14:18 EDT 2011

Timing is on.

           000 - INIT

BEGIN
Time: 0 hrs, 0 mins, 3 secs, 968 ms
*** Truncating staging tables before workflow starts ***
SET
Time: 0 hrs, 0 mins, 0 secs, 9 ms
GRANT
Time: 0 hrs, 0 mins, 4 secs, 159 ms
END
Time: 0 hrs, 0 mins, 30 secs, 783 ms

Thu Jul 21 20:14:57 EDT 2011

Timing is on.

            200 - LOAD_BN_IISLOGS   

BEGIN
Time: 0 hrs, 0 mins, 0 secs, 903 ms
SET
Time: 0 hrs, 0 mins, 0 secs, 10 ms
TRUNCATE
Time: 0 hrs, 0 mins, 4 secs, 763 ms
INSERT 0 89894519
Time: 0 hrs, 14 mins, 25 secs, 641 ms
END
Time: 0 hrs, 0 mins, 47 secs, 698 ms
ALTER TABLE
Time: 0 hrs, 0 mins, 47 secs, 531 ms

Thu Jul 21 20:31:04 EDT 2011

Timing is on.
BEGIN
Time: 0 hrs, 0 mins, 1 secs, 883 ms
SET
Time: 0 hrs, 0 mins, 0 secs, 15 ms

            250 - LOAD_BN_HITS_SP   

TRUNCATE
Time: 0 hrs, 0 mins, 0 secs, 865 ms
INSERT 0 29122109
Time: 0 hrs, 5 mins, 22 secs, 798 ms
ANALYZE
Time: 0 hrs, 0 mins, 4 secs, 297 ms
END
Time: 0 hrs, 0 mins, 20 secs, 86 ms

Thu Jul 21 20:36:54 EDT 2011

Timing is on.
BEGIN
Time: 0 hrs, 0 mins, 1 secs, 138 ms
SET
Time: 0 hrs, 0 mins, 0 secs, 11 ms

           300 - DYNAMIC FILTER

TRUNCATE
Time: 0 hrs, 0 mins, 0 secs, 717 ms
INSERT 0 25748845
Time: 0 hrs, 0 mins, 15 secs, 90 ms
ANALYZE
Time: 0 hrs, 0 mins, 0 secs, 589 ms
 Total records in web_click_cnt 
--------------------------------
                       25748845
(1 row)

Time: 0 hrs, 0 mins, 1 secs, 794 ms
CREATE TABLE
Time: 0 hrs, 0 mins, 50 secs, 995 ms
ANALYZE
Time: 0 hrs, 0 mins, 0 secs, 114 ms
CREATE TABLE
Time: 0 hrs, 0 mins, 0 secs, 986 ms
ANALYZE
Time: 0 hrs, 0 mins, 0 secs, 267 ms
DELETE 1
Time: 0 hrs, 0 mins, 0 secs, 167 ms
INSERT 0 1
Time: 0 hrs, 0 mins, 0 secs, 787 ms
DELETE 1
Time: 0 hrs, 0 mins, 0 secs, 99 ms
INSERT 0 1
Time: 0 hrs, 0 mins, 1 secs, 694 ms
CREATE TABLE
Time: 0 hrs, 0 mins, 5 secs, 200 ms
ANALYZE
Time: 0 hrs, 0 mins, 0 secs, 85 ms
CREATE TABLE
Time: 0 hrs, 0 mins, 0 secs, 426 ms
ANALYZE
Time: 0 hrs, 0 mins, 0 secs, 296 ms
DELETE 1
Time: 0 hrs, 0 mins, 0 secs, 130 ms
INSERT 0 1
Time: 0 hrs, 0 mins, 1 secs, 30 ms
DELETE 1
Time: 0 hrs, 0 mins, 0 secs, 84 ms
INSERT 0 1
Time: 0 hrs, 0 mins, 3 secs, 47 ms
ANALYZE
Time: 0 hrs, 0 mins, 0 secs, 51 ms
    tablename     |    attr_name    | attr_value 
------------------+-----------------+------------
 BN_FILTER_SPIDER | CLK_USER_SD_MPL | 10
 BN_FILTER_SPIDER | IP_USER_SD_MPL  | 1
 BN_FILTER_SPIDER | IP_USER_RATIO   | .955
 BN_FILTER_SPIDER | CLK_USER_MEAN   | 15.653
 BN_FILTER_SPIDER | CLK_USER_SD     | 360.905
 BN_FILTER_SPIDER | IP_USER_MEAN    | 29.809
 BN_FILTER_SPIDER | IP_USER_SD      | 5649.519
(7 rows)

Time: 0 hrs, 0 mins, 0 secs, 366 ms
CREATE TABLE
Time: 0 hrs, 0 mins, 12 secs, 630 ms
CREATE TABLE
Time: 0 hrs, 0 mins, 0 secs, 601 ms
 l_mean_sd_mpl 
---------------
      3624.703
(1 row)

Time: 0 hrs, 0 mins, 0 secs, 345 ms
TRUNCATE
Time: 0 hrs, 0 mins, 0 secs, 598 ms
INSERT 0 57
Time: 0 hrs, 0 mins, 17 secs, 296 ms
ANALYZE
Time: 0 hrs, 0 mins, 0 secs, 63 ms
 Total click_user bn_spider_ip records 
---------------------------------------
                                    57
(1 row)

Time: 0 hrs, 0 mins, 0 secs, 137 ms
CREATE TABLE
Time: 0 hrs, 0 mins, 2 secs, 700 ms
ANALYZE
Time: 0 hrs, 0 mins, 0 secs, 252 ms
CREATE TABLE
Time: 0 hrs, 0 mins, 2 secs, 692 ms
ANALYZE
Time: 0 hrs, 0 mins, 0 secs, 80 ms
DROP 
Time: 0 hrs, 0 mins, 0 secs, 188 ms
CREATE TABLE
Time: 0 hrs, 0 mins, 0 secs, 769 ms
 l_mean_sd_mpl | l_ratio 
---------------+---------
      5679.328 |   0.955
(1 row)

Time: 0 hrs, 0 mins, 1 secs, 143 ms
INSERT 0 22706584
Time: 0 hrs, 0 mins, 51 secs, 58 ms
ANALYZE
Time: 0 hrs, 0 mins, 0 secs, 423 ms
 Total ip_user_filter bn_spider_ip records 
-------------------------------------------
                                  22706584
(1 row)

Time: 0 hrs, 0 mins, 2 secs, 97 ms
TRUNCATE
Time: 0 hrs, 0 mins, 1 secs, 9 ms
INSERT 0 20273846
Time: 0 hrs, 0 mins, 50 secs, 202 ms
ANALYZE
Time: 0 hrs, 0 mins, 4 secs, 404 ms
 bn_hits_stage 
---------------
      20273846
(1 row)

Time: 0 hrs, 0 mins, 0 secs, 643 ms
INSERT 0 31127242
Time: 0 hrs, 2 mins, 17 secs, 233 ms
ANALYZE
Time: 0 hrs, 0 mins, 25 secs, 966 ms
 bn_hits_sp_20110605 
---------------------
            60249351
(1 row)

Time: 0 hrs, 0 mins, 23 secs, 501 ms
TRUNCATE
Time: 0 hrs, 0 mins, 1 secs, 233 ms
INSERT 0 9371322
Time: 0 hrs, 0 mins, 16 secs, 70 ms
ANALYZE
Time: 0 hrs, 0 mins, 3 secs, 29 ms
 bn_hits_client_20110605 
-------------------------
                 9371322
(1 row)

Time: 0 hrs, 0 mins, 0 secs, 274 ms
END
Time: 0 hrs, 0 mins, 10 secs, 180 ms

Thu Jul 21 20:44:26 EDT 2011

Timing is on.
BEGIN
Time: 0 hrs, 0 mins, 1 secs, 113 ms

           600 - LOAD RESOURCES

SET
Time: 0 hrs, 0 mins, 0 secs, 9 ms
CREATE TABLE
Time: 0 hrs, 0 mins, 28 secs, 451 ms
ANALYZE
Time: 0 hrs, 0 mins, 0 secs, 512 ms
 tmp_a_count 
-------------
      481467
(1 row)

Time: 0 hrs, 0 mins, 0 secs, 415 ms
UPDATE 0
Time: 0 hrs, 0 mins, 4 secs, 855 ms
ANALYZE
Time: 0 hrs, 0 mins, 0 secs, 670 ms
TRUNCATE
Time: 0 hrs, 0 mins, 0 secs, 952 ms
INSERT 0 159413
Time: 0 hrs, 0 mins, 27 secs, 400 ms
ANALYZE
Time: 0 hrs, 0 mins, 0 secs, 918 ms
 first_resource_id | last_resource_id 
-------------------+------------------
          27349323 |         27508735
(1 row)

Time: 0 hrs, 0 mins, 0 secs, 924 ms
INSERT 0 159413
Time: 0 hrs, 0 mins, 3 secs, 35 ms
 total_resources 
-----------------
        27484339
(1 row)

Time: 0 hrs, 0 mins, 0 secs, 932 ms
ANALYZE
Time: 0 hrs, 0 mins, 0 secs, 632 ms
END
Time: 0 hrs, 0 mins, 14 secs, 415 ms
VACUUM
Time: 0 hrs, 0 mins, 27 secs, 691 ms

Thu Jul 21 20:46:19 EDT 2011

Timing is on.

           650 - LOAD_BN_SESSION_STAGE

BEGIN
Time: 0 hrs, 0 mins, 2 secs, 450 ms
SET
Time: 0 hrs, 0 mins, 0 secs, 9 ms
SET
Time: 0 hrs, 0 mins, 0 secs, 25 ms
CREATE TABLE
Time: 0 hrs, 0 mins, 44 secs, 759 ms
ANALYZE
Time: 0 hrs, 0 mins, 3 secs, 368 ms
 tmp_sessionized_stage 
-----------------------
              20273846
(1 row)

Time: 0 hrs, 0 mins, 0 secs, 803 ms
TRUNCATE
Time: 0 hrs, 0 mins, 0 secs, 563 ms
INSERT 0 2675125
Time: 0 hrs, 0 mins, 39 secs, 657 ms
ANALYZE
Time: 0 hrs, 0 mins, 0 secs, 536 ms
CREATE TABLE
Time: 0 hrs, 1 mins, 42 secs, 866 ms
CREATE INDEX
Time: 0 hrs, 0 mins, 0 secs, 517 ms
 tmp_first_last 
----------------
        2675125
(1 row)

Time: 0 hrs, 0 mins, 1 secs, 64 ms
ANALYZE
Time: 0 hrs, 0 mins, 1 secs, 77 ms
SET
Time: 0 hrs, 0 mins, 0 secs, 20 ms
SET
Time: 0 hrs, 0 mins, 0 secs, 227 ms
TRUNCATE
Time: 0 hrs, 0 mins, 1 secs, 519 ms
DROP
Time: 0 hrs, 0 mins, 0 secs, 94 ms
INSERT 0 2675125
Time: 0 hrs, 0 mins, 7 secs, 778 ms
 bn_session_stage 
------------------
          2675125
(1 row)

Time: 0 hrs, 0 mins, 1 secs, 346 ms
CREATE INDEX
Time: 0 hrs, 0 mins, 1 secs, 353 ms
ANALYZE
Time: 0 hrs, 0 mins, 1 secs, 659 ms
TRUNCATE
Time: 0 hrs, 0 mins, 2 secs, 66 ms
END
Time: 0 hrs, 0 mins, 6 secs, 667 ms

Thu Jul 21 20:50:00 EDT 2011

BEGIN

           660 - LOAD_BN_SESSION_UPDATE_STAGE

SET
TRUNCATE
INSERT 0 0
END

Thu Jul 21 20:50:41 EDT 2011

Timing is on.

           670 - LOAD_BN_SESSION_20110605.UPDATES

BEGIN
Time: 0 hrs, 0 mins, 0 secs, 823 ms
SET
Time: 0 hrs, 0 mins, 0 secs, 10 ms
UPDATE 0
Time: 0 hrs, 0 mins, 0 secs, 505 ms
END
Time: 0 hrs, 0 mins, 3 secs, 632 ms
VACUUM
Time: 0 hrs, 0 mins, 4 secs, 496 ms

Thu Jul 21 20:50:51 EDT 2011

Timing is on.

           700 - LOAD_BN_SESSION

BEGIN
Time: 0 hrs, 0 mins, 1 secs, 84 ms
SET
Time: 0 hrs, 0 mins, 0 secs, 16 ms
INSERT 0 2675125
Time: 0 hrs, 0 mins, 16 secs, 546 ms
ANALYZE
Time: 0 hrs, 0 mins, 1 secs, 395 ms
END
Time: 0 hrs, 0 mins, 14 secs, 178 ms

Thu Jul 21 20:51:24 EDT 2011

Timing is on.

            750 - LOAD_BN_SESSION_SUMMARY   

BEGIN
Time: 0 hrs, 0 mins, 1 secs, 977 ms
SET
Time: 0 hrs, 0 mins, 0 secs, 12 ms
CREATE TABLE
Time: 0 hrs, 0 mins, 14 secs, 206 ms
TRUNCATE
Time: 0 hrs, 0 mins, 0 secs, 724 ms
INSERT 0 348989
Time: 0 hrs, 0 mins, 5 secs, 399 ms
ANALYZE
Time: 0 hrs, 0 mins, 1 secs, 350 ms
 count(1) 
----------
   348989
(1 row)

Time: 0 hrs, 0 mins, 0 secs, 334 ms
END
Time: 0 hrs, 0 mins, 4 secs, 504 ms

Thu Jul 21 20:51:53 EDT 2011

Timing is on.

           800 - LOAD_BN_HITS

BEGIN
Time: 0 hrs, 0 mins, 0 secs, 945 ms
SET
Time: 0 hrs, 0 mins, 0 secs, 11 ms
SET
Time: 0 hrs, 0 mins, 0 secs, 31 ms
SET
Time: 0 hrs, 0 mins, 0 secs, 22 ms
SET
Time: 0 hrs, 0 mins, 0 secs, 18 ms
TRUNCATE
Time: 0 hrs, 0 mins, 2 secs, 181 ms
INSERT 0 20273846
Time: 0 hrs, 0 mins, 9 secs, 125 ms
 count(1) 
----------
 20273846
(1 row)

Time: 0 hrs, 0 mins, 1 secs, 702 ms
ANALYZE
Time: 0 hrs, 0 mins, 4 secs, 567 ms
END
Time: 0 hrs, 0 mins, 16 secs, 203 ms

Thu Jul 21 20:52:28 EDT 2011

Timing is on.

            900 - LOAD_CLICKSTREAM   

BEGIN
Time: 0 hrs, 0 mins, 1 secs, 120 ms
SET
Time: 0 hrs, 0 mins, 0 secs, 10 ms
TRUNCATE
Time: 0 hrs, 0 mins, 0 secs, 618 ms
INSERT 0 20273846
Time: 0 hrs, 2 mins, 3 secs, 971 ms
 count(1) 
----------
 20273846
(1 row)

Time: 0 hrs, 0 mins, 0 secs, 365 ms
ANALYZE
Time: 0 hrs, 0 mins, 1 secs, 671 ms
END
Time: 0 hrs, 0 mins, 8 secs, 831 ms

Thu Jul 21 20:54:45 EDT 2011

Timing is on.

            1000 - PAGE_VIEW_SUMMARY  

BEGIN
Time: 0 hrs, 0 mins, 0 secs, 856 ms
SET
Time: 0 hrs, 0 mins, 0 secs, 11 ms
SET
Time: 0 hrs, 0 mins, 0 secs, 19 ms
TRUNCATE
Time: 0 hrs, 0 mins, 0 secs, 324 ms
INSERT 0 501659
Time: 0 hrs, 0 mins, 5 secs, 184 ms
 count(1) 
----------
   501659
(1 row)

Time: 0 hrs, 0 mins, 0 secs, 263 ms
ANALYZE
Time: 0 hrs, 0 mins, 0 secs, 359 ms
END
Time: 0 hrs, 0 mins, 5 secs, 198 ms

Thu Jul 21 20:54:57 EDT 2011


2000 - WRAP UP 

Timing is on.
BEGIN
Time: 0 hrs, 0 mins, 0 secs, 951 ms
TRUNCATE
Time: 0 hrs, 0 mins, 0 secs, 232 ms
TRUNCATE
Time: 0 hrs, 0 mins, 0 secs, 107 ms
END
Time: 0 hrs, 0 mins, 3 secs, 963 ms
Thu Jul 21 20:55:03 EDT 2011
Removing lock file and waiting for a minute
Total time taken:  41  minutes.
