Checking for lock file /tmp/.iislock
Acquired lock file /tmp/.iislock
-------------------------------------
Processing for 110208
-------------------------------------

Fri Feb 11 17:43:54 EST 2011

Timing is on.

           000 - INIT

BEGIN
Time: 0 hrs, 0 mins, 0 secs, 654 ms
*** Truncating staging tables before workflow starts ***
SET
Time: 0 hrs, 0 mins, 0 secs, 14 ms
GRANT
Time: 0 hrs, 0 mins, 2 secs, 452 ms
END
Time: 0 hrs, 0 mins, 1 secs, 107 ms

Fri Feb 11 17:43:59 EST 2011

Timing is on.

            200 - LOAD_BN_IISLOGS   

BEGIN
Time: 0 hrs, 0 mins, 0 secs, 687 ms
SET
Time: 0 hrs, 0 mins, 0 secs, 9 ms
TRUNCATE
Time: 0 hrs, 0 mins, 0 secs, 785 ms
INSERT 0 52976494
Time: 0 hrs, 8 mins, 27 secs, 635 ms
END
Time: 0 hrs, 0 mins, 3 secs, 207 ms
ALTER TABLE
Time: 0 hrs, 0 mins, 2 secs, 7 ms

Fri Feb 11 17:52:34 EST 2011

Timing is on.
BEGIN
Time: 0 hrs, 0 mins, 0 secs, 591 ms
SET
Time: 0 hrs, 0 mins, 0 secs, 9 ms

            250 - LOAD_BN_HITS_SP   

TRUNCATE
Time: 0 hrs, 0 mins, 0 secs, 798 ms
INSERT 0 14288578
Time: 0 hrs, 2 mins, 20 secs, 487 ms
ANALYZE
Time: 0 hrs, 0 mins, 3 secs, 93 ms
END
Time: 0 hrs, 0 mins, 15 secs, 63 ms

Fri Feb 11 17:55:14 EST 2011

Timing is on.
BEGIN
Time: 0 hrs, 0 mins, 0 secs, 860 ms
SET
Time: 0 hrs, 0 mins, 0 secs, 14 ms

           300 - DYNAMIC FILTER

TRUNCATE
Time: 0 hrs, 0 mins, 0 secs, 382 ms
INSERT 0 9212056
Time: 0 hrs, 0 mins, 3 secs, 136 ms
ANALYZE
Time: 0 hrs, 0 mins, 0 secs, 364 ms
 Total records in web_click_cnt 
--------------------------------
                        9212056
(1 row)

Time: 0 hrs, 0 mins, 0 secs, 220 ms
CREATE TABLE
Time: 0 hrs, 0 mins, 2 secs, 451 ms
ANALYZE
Time: 0 hrs, 0 mins, 0 secs, 157 ms
CREATE TABLE
Time: 0 hrs, 0 mins, 1 secs, 127 ms
ANALYZE
Time: 0 hrs, 0 mins, 0 secs, 135 ms
DELETE 1
Time: 0 hrs, 0 mins, 0 secs, 236 ms
INSERT 0 1
Time: 0 hrs, 0 mins, 0 secs, 311 ms
DELETE 1
Time: 0 hrs, 0 mins, 0 secs, 178 ms
INSERT 0 1
Time: 0 hrs, 0 mins, 0 secs, 410 ms
CREATE TABLE
Time: 0 hrs, 0 mins, 1 secs, 404 ms
ANALYZE
Time: 0 hrs, 0 mins, 0 secs, 137 ms
CREATE TABLE
Time: 0 hrs, 0 mins, 0 secs, 535 ms
ANALYZE
Time: 0 hrs, 0 mins, 0 secs, 97 ms
DELETE 1
Time: 0 hrs, 0 mins, 0 secs, 149 ms
INSERT 0 1
Time: 0 hrs, 0 mins, 0 secs, 212 ms
DELETE 1
Time: 0 hrs, 0 mins, 0 secs, 70 ms
INSERT 0 1
Time: 0 hrs, 0 mins, 0 secs, 193 ms
ANALYZE
Time: 0 hrs, 0 mins, 0 secs, 35 ms
    tablename     |    attr_name    | attr_value 
------------------+-----------------+------------
 BN_FILTER_SPIDER | CLK_USER_SD_MPL | 10
 BN_FILTER_SPIDER | IP_USER_SD_MPL  | 1
 BN_FILTER_SPIDER | IP_USER_RATIO   | .955
 BN_FILTER_SPIDER | CLK_USER_MEAN   | 15.727
 BN_FILTER_SPIDER | CLK_USER_SD     | 135.882
 BN_FILTER_SPIDER | IP_USER_MEAN    | 8.504
 BN_FILTER_SPIDER | IP_USER_SD      | 1271.236
(7 rows)

Time: 0 hrs, 0 mins, 0 secs, 157 ms
CREATE TABLE
Time: 0 hrs, 0 mins, 3 secs, 374 ms
CREATE TABLE
Time: 0 hrs, 0 mins, 0 secs, 332 ms
 l_mean_sd_mpl 
---------------
      1374.547
(1 row)

Time: 0 hrs, 0 mins, 0 secs, 105 ms
TRUNCATE
Time: 0 hrs, 0 mins, 0 secs, 308 ms
INSERT 0 84
Time: 0 hrs, 0 mins, 3 secs, 719 ms
ANALYZE
Time: 0 hrs, 0 mins, 0 secs, 189 ms
 Total click_user bn_spider_ip records 
---------------------------------------
                                    84
(1 row)

Time: 0 hrs, 0 mins, 0 secs, 345 ms
CREATE TABLE
Time: 0 hrs, 0 mins, 1 secs, 398 ms
ANALYZE
Time: 0 hrs, 0 mins, 0 secs, 96 ms
CREATE TABLE
Time: 0 hrs, 0 mins, 1 secs, 234 ms
ANALYZE
Time: 0 hrs, 0 mins, 0 secs, 98 ms
DROP 
Time: 0 hrs, 0 mins, 0 secs, 424 ms
CREATE TABLE
Time: 0 hrs, 0 mins, 0 secs, 332 ms
 l_mean_sd_mpl | l_ratio 
---------------+---------
      1279.740 |   0.955
(1 row)

Time: 0 hrs, 0 mins, 0 secs, 226 ms
INSERT 0 6983600
Time: 0 hrs, 0 mins, 4 secs, 507 ms
ANALYZE
Time: 0 hrs, 0 mins, 0 secs, 515 ms
 Total ip_user_filter bn_spider_ip records 
-------------------------------------------
                                   6983600
(1 row)

Time: 0 hrs, 0 mins, 0 secs, 288 ms
TRUNCATE
Time: 0 hrs, 0 mins, 1 secs, 431 ms
INSERT 0 23579918
Time: 0 hrs, 0 mins, 24 secs, 120 ms
ANALYZE
Time: 0 hrs, 0 mins, 6 secs, 853 ms
 bn_hits_stage 
---------------
      23579918
(1 row)

Time: 0 hrs, 0 mins, 0 secs, 430 ms
INSERT 0 7522953
Time: 0 hrs, 0 mins, 39 secs, 442 ms
ANALYZE
Time: 0 hrs, 0 mins, 6 secs, 257 ms
 bn_hits_sp_20110208 
---------------------
            21811531
(1 row)

Time: 0 hrs, 0 mins, 7 secs, 294 ms
TRUNCATE
Time: 0 hrs, 0 mins, 0 secs, 587 ms
INSERT 0 7585045
Time: 0 hrs, 0 mins, 8 secs, 643 ms
ANALYZE
Time: 0 hrs, 0 mins, 2 secs, 590 ms
 bn_hits_client_20110208 
-------------------------
                 7585045
(1 row)

Time: 0 hrs, 0 mins, 0 secs, 128 ms
END
Time: 0 hrs, 0 mins, 10 secs, 107 ms

Fri Feb 11 17:57:33 EST 2011

Timing is on.
BEGIN
Time: 0 hrs, 0 mins, 0 secs, 657 ms

           600 - LOAD RESOURCES

SET
Time: 0 hrs, 0 mins, 0 secs, 11 ms
CREATE TABLE
Time: 0 hrs, 0 mins, 7 secs, 8 ms
ANALYZE
Time: 0 hrs, 0 mins, 0 secs, 554 ms
 tmp_a_count 
-------------
       39725
(1 row)

Time: 0 hrs, 0 mins, 0 secs, 92 ms
UPDATE 0
Time: 0 hrs, 0 mins, 2 secs, 458 ms
ANALYZE
Time: 0 hrs, 0 mins, 0 secs, 739 ms
TRUNCATE
Time: 0 hrs, 0 mins, 3 secs, 357 ms
INSERT 0 2934
Time: 0 hrs, 0 mins, 5 secs, 411 ms
ANALYZE
Time: 0 hrs, 0 mins, 0 secs, 510 ms
 first_resource_id | last_resource_id 
-------------------+------------------
          12886697 |         12889630
(1 row)

Time: 0 hrs, 0 mins, 0 secs, 271 ms
INSERT 0 2934
Time: 0 hrs, 0 mins, 1 secs, 421 ms
 total_resources 
-----------------
        12865235
(1 row)

Time: 0 hrs, 0 mins, 0 secs, 140 ms
ANALYZE
Time: 0 hrs, 0 mins, 0 secs, 723 ms
END
Time: 0 hrs, 0 mins, 2 secs, 464 ms
VACUUM
Time: 0 hrs, 0 mins, 27 secs, 580 ms

Fri Feb 11 17:58:26 EST 2011

Timing is on.

           650 - LOAD_BN_SESSION_STAGE

BEGIN
Time: 0 hrs, 0 mins, 0 secs, 563 ms
SET
Time: 0 hrs, 0 mins, 0 secs, 11 ms
SET
Time: 0 hrs, 0 mins, 0 secs, 22 ms
CREATE TABLE
Time: 0 hrs, 0 mins, 42 secs, 534 ms
ANALYZE
Time: 0 hrs, 0 mins, 2 secs, 598 ms
 tmp_sessionized_stage 
-----------------------
              23579918
(1 row)

Time: 0 hrs, 0 mins, 0 secs, 380 ms
TRUNCATE
Time: 0 hrs, 0 mins, 0 secs, 361 ms
INSERT 0 2128653
Time: 0 hrs, 0 mins, 24 secs, 414 ms
ANALYZE
Time: 0 hrs, 0 mins, 0 secs, 653 ms
CREATE TABLE
Time: 0 hrs, 0 mins, 51 secs, 46 ms
CREATE INDEX
Time: 0 hrs, 0 mins, 0 secs, 300 ms
 tmp_first_last 
----------------
        2128653
(1 row)

Time: 0 hrs, 0 mins, 0 secs, 154 ms
ANALYZE
Time: 0 hrs, 0 mins, 0 secs, 817 ms
SET
Time: 0 hrs, 0 mins, 0 secs, 37 ms
SET
Time: 0 hrs, 0 mins, 0 secs, 24 ms
TRUNCATE
Time: 0 hrs, 0 mins, 2 secs, 849 ms
DROP
Time: 0 hrs, 0 mins, 0 secs, 301 ms
INSERT 0 2128653
Time: 0 hrs, 0 mins, 8 secs, 474 ms
 bn_session_stage 
------------------
          2128653
(1 row)

Time: 0 hrs, 0 mins, 1 secs, 556 ms
CREATE INDEX
Time: 0 hrs, 0 mins, 1 secs, 645 ms
ANALYZE
Time: 0 hrs, 0 mins, 0 secs, 977 ms
TRUNCATE
Time: 0 hrs, 0 mins, 0 secs, 976 ms
END
Time: 0 hrs, 0 mins, 4 secs, 329 ms

Fri Feb 11 18:00:52 EST 2011

BEGIN

           660 - LOAD_BN_SESSION_UPDATE_STAGE

SET
TRUNCATE
INSERT 0 0
END

Fri Feb 11 18:01:06 EST 2011

Timing is on.

           670 - LOAD_BN_SESSION_20110208.UPDATES

BEGIN
Time: 0 hrs, 0 mins, 0 secs, 653 ms
SET
Time: 0 hrs, 0 mins, 0 secs, 11 ms
UPDATE 0
Time: 0 hrs, 0 mins, 0 secs, 712 ms
END
Time: 0 hrs, 0 mins, 4 secs, 598 ms
VACUUM
Time: 0 hrs, 0 mins, 3 secs, 827 ms

Fri Feb 11 18:01:16 EST 2011

Timing is on.

           700 - LOAD_BN_SESSION

BEGIN
Time: 0 hrs, 0 mins, 0 secs, 649 ms
SET
Time: 0 hrs, 0 mins, 0 secs, 13 ms
INSERT 0 2128653
Time: 0 hrs, 0 mins, 11 secs, 684 ms
ANALYZE
Time: 0 hrs, 0 mins, 0 secs, 825 ms
END
Time: 0 hrs, 0 mins, 1 secs, 916 ms

Fri Feb 11 18:01:32 EST 2011

Timing is on.

            750 - LOAD_BN_SESSION_SUMMARY   

BEGIN
Time: 0 hrs, 0 mins, 3 secs, 20 ms
SET
Time: 0 hrs, 0 mins, 0 secs, 11 ms
CREATE TABLE
Time: 0 hrs, 0 mins, 8 secs, 399 ms
TRUNCATE
Time: 0 hrs, 0 mins, 1 secs, 397 ms
INSERT 0 288202
Time: 0 hrs, 0 mins, 5 secs, 844 ms
ANALYZE
Time: 0 hrs, 0 mins, 0 secs, 772 ms
 count(1) 
----------
   288202
(1 row)

Time: 0 hrs, 0 mins, 0 secs, 541 ms
END
Time: 0 hrs, 0 mins, 2 secs, 694 ms

Fri Feb 11 18:01:54 EST 2011

Timing is on.

           800 - LOAD_BN_HITS

BEGIN
Time: 0 hrs, 0 mins, 2 secs, 843 ms
SET
Time: 0 hrs, 0 mins, 0 secs, 7 ms
SET
Time: 0 hrs, 0 mins, 0 secs, 20 ms
SET
Time: 0 hrs, 0 mins, 0 secs, 15 ms
SET
Time: 0 hrs, 0 mins, 0 secs, 16 ms
TRUNCATE
Time: 0 hrs, 0 mins, 1 secs, 625 ms
INSERT 0 23579918
Time: 0 hrs, 0 mins, 17 secs, 273 ms
 count(1) 
----------
 23579918
(1 row)

Time: 0 hrs, 0 mins, 11 secs, 191 ms
ANALYZE
Time: 0 hrs, 0 mins, 3 secs, 563 ms
END
Time: 0 hrs, 0 mins, 6 secs, 148 ms

Fri Feb 11 18:02:37 EST 2011

Timing is on.

            900 - LOAD_CLICKSTREAM   

BEGIN
Time: 0 hrs, 0 mins, 2 secs, 33 ms
SET
Time: 0 hrs, 0 mins, 0 secs, 10 ms
TRUNCATE
Time: 0 hrs, 0 mins, 5 secs, 532 ms
INSERT 0 23579918
Time: 0 hrs, 1 mins, 46 secs, 419 ms
 count(1) 
----------
 23579918
(1 row)

Time: 0 hrs, 0 mins, 0 secs, 223 ms
ANALYZE
Time: 0 hrs, 0 mins, 0 secs, 989 ms
END
Time: 0 hrs, 0 mins, 2 secs, 34 ms

Fri Feb 11 18:04:35 EST 2011

Timing is on.

            1000 - PAGE_VIEW_SUMMARY  

BEGIN
Time: 0 hrs, 0 mins, 0 secs, 590 ms
SET
Time: 0 hrs, 0 mins, 0 secs, 13 ms
SET
Time: 0 hrs, 0 mins, 0 secs, 23 ms
TRUNCATE
Time: 0 hrs, 0 mins, 1 secs, 147 ms
INSERT 0 46710
Time: 0 hrs, 0 mins, 2 secs, 658 ms
 count(1) 
----------
    46710
(1 row)

Time: 0 hrs, 0 mins, 0 secs, 85 ms
ANALYZE
Time: 0 hrs, 0 mins, 0 secs, 43 ms
END
Time: 0 hrs, 0 mins, 1 secs, 96 ms

Fri Feb 11 18:04:41 EST 2011


2000 - WRAP UP 

Timing is on.
BEGIN
Time: 0 hrs, 0 mins, 0 secs, 740 ms
TRUNCATE
Time: 0 hrs, 0 mins, 0 secs, 417 ms
TRUNCATE
Time: 0 hrs, 0 mins, 0 secs, 216 ms
END
Time: 0 hrs, 0 mins, 1 secs, 176 ms
Fri Feb 11 18:04:44 EST 2011
Removing lock file and waiting for a minute
