Checking for lock file /tmp/.iislock
Acquired lock file /tmp/.iislock
-------------------------------------
Processing for 20110416
-------------------------------------

Sun Apr 17 05:30:37 EDT 2011

Timing is on.

           000 - INIT

BEGIN
Time: 0 hrs, 0 mins, 12 secs, 115 ms
*** Truncating staging tables before workflow starts ***
SET
Time: 0 hrs, 0 mins, 0 secs, 17 ms
GRANT
Time: 0 hrs, 2 mins, 1 secs, 70 ms
END
Time: 0 hrs, 1 mins, 40 secs, 583 ms

Sun Apr 17 05:34:31 EDT 2011

Timing is on.

            200 - LOAD_BN_IISLOGS   

BEGIN
Time: 0 hrs, 0 mins, 2 secs, 699 ms
SET
Time: 0 hrs, 0 mins, 0 secs, 13 ms
TRUNCATE
Time: 0 hrs, 0 mins, 1 secs, 397 ms
INSERT 0 42983119
Time: 0 hrs, 7 mins, 33 secs, 3 ms
END
Time: 0 hrs, 0 mins, 10 secs, 165 ms
ALTER TABLE
Time: 0 hrs, 15 mins, 0 secs, 581 ms

Sun Apr 17 05:57:19 EDT 2011

Timing is on.
BEGIN
Time: 0 hrs, 0 mins, 1 secs, 733 ms
SET
Time: 0 hrs, 0 mins, 0 secs, 14 ms

            250 - LOAD_BN_HITS_SP   

TRUNCATE
Time: 0 hrs, 0 mins, 4 secs, 666 ms
INSERT 0 13230878
Time: 0 hrs, 2 mins, 40 secs, 912 ms
ANALYZE
Time: 0 hrs, 0 mins, 7 secs, 417 ms
END
Time: 0 hrs, 0 mins, 42 secs, 745 ms

Sun Apr 17 06:00:57 EDT 2011

Timing is on.
BEGIN
Time: 0 hrs, 0 mins, 1 secs, 900 ms
SET
Time: 0 hrs, 0 mins, 0 secs, 12 ms

           300 - DYNAMIC FILTER

TRUNCATE
Time: 0 hrs, 0 mins, 1 secs, 303 ms
INSERT 0 9950972
Time: 0 hrs, 0 mins, 14 secs, 750 ms
ANALYZE
Time: 0 hrs, 0 mins, 1 secs, 785 ms
 Total records in web_click_cnt 
--------------------------------
                        9950972
(1 row)

Time: 0 hrs, 0 mins, 1 secs, 731 ms
CREATE TABLE
Time: 0 hrs, 0 mins, 7 secs, 476 ms
ANALYZE
Time: 0 hrs, 0 mins, 0 secs, 223 ms
CREATE TABLE
Time: 0 hrs, 0 mins, 3 secs, 87 ms
ANALYZE
Time: 0 hrs, 0 mins, 0 secs, 105 ms
DELETE 1
Time: 0 hrs, 0 mins, 1 secs, 820 ms
INSERT 0 1
Time: 0 hrs, 0 mins, 0 secs, 602 ms
DELETE 1
Time: 0 hrs, 0 mins, 0 secs, 233 ms
INSERT 0 1
Time: 0 hrs, 0 mins, 1 secs, 337 ms
CREATE TABLE
Time: 0 hrs, 0 mins, 4 secs, 370 ms
ANALYZE
Time: 0 hrs, 0 mins, 0 secs, 260 ms
CREATE TABLE
Time: 0 hrs, 0 mins, 1 secs, 110 ms
ANALYZE
Time: 0 hrs, 0 mins, 0 secs, 625 ms
DELETE 1
Time: 0 hrs, 0 mins, 0 secs, 213 ms
INSERT 0 1
Time: 0 hrs, 0 mins, 1 secs, 291 ms
DELETE 1
Time: 0 hrs, 0 mins, 0 secs, 102 ms
INSERT 0 1
Time: 0 hrs, 0 mins, 1 secs, 231 ms
ANALYZE
Time: 0 hrs, 0 mins, 0 secs, 501 ms
    tablename     |    attr_name    | attr_value 
------------------+-----------------+------------
 BN_FILTER_SPIDER | CLK_USER_SD_MPL | 10
 BN_FILTER_SPIDER | IP_USER_SD_MPL  | 1
 BN_FILTER_SPIDER | IP_USER_RATIO   | .955
 BN_FILTER_SPIDER | CLK_USER_MEAN   | 16.435
 BN_FILTER_SPIDER | CLK_USER_SD     | 219.133
 BN_FILTER_SPIDER | IP_USER_MEAN    | 16.116
 BN_FILTER_SPIDER | IP_USER_SD      | 2026.413
(7 rows)

Time: 0 hrs, 0 mins, 0 secs, 908 ms
CREATE TABLE
Time: 0 hrs, 0 mins, 6 secs, 774 ms
CREATE TABLE
Time: 0 hrs, 0 mins, 1 secs, 168 ms
 l_mean_sd_mpl 
---------------
      2207.765
(1 row)

Time: 0 hrs, 0 mins, 0 secs, 236 ms
TRUNCATE
Time: 0 hrs, 0 mins, 1 secs, 646 ms
INSERT 0 21
Time: 0 hrs, 0 mins, 6 secs, 500 ms
ANALYZE
Time: 0 hrs, 0 mins, 0 secs, 515 ms
 Total click_user bn_spider_ip records 
---------------------------------------
                                    21
(1 row)

Time: 0 hrs, 0 mins, 1 secs, 169 ms
CREATE TABLE
Time: 0 hrs, 0 mins, 3 secs, 184 ms
ANALYZE
Time: 0 hrs, 0 mins, 0 secs, 917 ms
CREATE TABLE
Time: 0 hrs, 0 mins, 3 secs, 82 ms
ANALYZE
Time: 0 hrs, 0 mins, 0 secs, 154 ms
DROP 
Time: 0 hrs, 0 mins, 0 secs, 487 ms
CREATE TABLE
Time: 0 hrs, 0 mins, 1 secs, 872 ms
 l_mean_sd_mpl | l_ratio 
---------------+---------
      2042.529 |   0.955
(1 row)

Time: 0 hrs, 0 mins, 0 secs, 345 ms
INSERT 0 8353967
Time: 0 hrs, 0 mins, 7 secs, 914 ms
ANALYZE
Time: 0 hrs, 0 mins, 0 secs, 406 ms
 Total ip_user_filter bn_spider_ip records 
-------------------------------------------
                                   8353967
(1 row)

Time: 0 hrs, 0 mins, 0 secs, 694 ms
TRUNCATE
Time: 0 hrs, 0 mins, 2 secs, 585 ms
INSERT 0 14095487
Time: 0 hrs, 0 mins, 33 secs, 263 ms
ANALYZE
Time: 0 hrs, 0 mins, 19 secs, 659 ms
 bn_hits_stage 
---------------
      14095487
(1 row)

Time: 0 hrs, 0 mins, 0 secs, 803 ms
INSERT 0 10316813
Time: 0 hrs, 0 mins, 57 secs, 107 ms
ANALYZE
Time: 0 hrs, 0 mins, 29 secs, 380 ms
 bn_hits_sp_20110416 
---------------------
            23547691
(1 row)

Time: 0 hrs, 0 mins, 7 secs, 981 ms
TRUNCATE
Time: 0 hrs, 0 mins, 4 secs, 201 ms
INSERT 0 5339941
Time: 0 hrs, 0 mins, 39 secs, 309 ms
ANALYZE
Time: 0 hrs, 0 mins, 3 secs, 916 ms
 bn_hits_client_20110416 
-------------------------
                 5339941
(1 row)

Time: 0 hrs, 0 mins, 0 secs, 456 ms
END
Time: 0 hrs, 1 mins, 58 secs, 531 ms

Sun Apr 17 06:07:39 EDT 2011

Timing is on.
BEGIN
Time: 0 hrs, 0 mins, 2 secs, 40 ms

           600 - LOAD RESOURCES

SET
Time: 0 hrs, 0 mins, 0 secs, 15 ms
CREATE TABLE
Time: 0 hrs, 0 mins, 23 secs, 156 ms
ANALYZE
Time: 0 hrs, 0 mins, 1 secs, 26 ms
 tmp_a_count 
-------------
       29401
(1 row)

Time: 0 hrs, 0 mins, 0 secs, 411 ms
UPDATE 0
Time: 0 hrs, 0 mins, 5 secs, 842 ms
ANALYZE
Time: 0 hrs, 0 mins, 1 secs, 857 ms
TRUNCATE
Time: 0 hrs, 0 mins, 3 secs, 655 ms
INSERT 0 2875
Time: 0 hrs, 0 mins, 27 secs, 669 ms
ANALYZE
Time: 0 hrs, 0 mins, 0 secs, 743 ms
 first_resource_id | last_resource_id 
-------------------+------------------
          13318413 |         13321287
(1 row)

Time: 0 hrs, 0 mins, 1 secs, 358 ms
INSERT 0 2875
Time: 0 hrs, 0 mins, 1 secs, 315 ms
 total_resources 
-----------------
        13296892
(1 row)

Time: 0 hrs, 0 mins, 0 secs, 667 ms
ANALYZE
Time: 0 hrs, 0 mins, 1 secs, 400 ms
END
Time: 0 hrs, 2 mins, 36 secs, 434 ms
VACUUM
Time: 0 hrs, 2 mins, 42 secs, 225 ms

Sun Apr 17 06:14:08 EDT 2011

Timing is on.

           650 - LOAD_BN_SESSION_STAGE

BEGIN
Time: 0 hrs, 0 mins, 7 secs, 352 ms
SET
Time: 0 hrs, 0 mins, 0 secs, 10 ms
SET
Time: 0 hrs, 0 mins, 0 secs, 20 ms
CREATE TABLE
Time: 0 hrs, 1 mins, 1 secs, 194 ms
ANALYZE
Time: 0 hrs, 0 mins, 5 secs, 709 ms
 tmp_sessionized_stage 
-----------------------
              14095487
(1 row)

Time: 0 hrs, 0 mins, 0 secs, 893 ms
TRUNCATE
Time: 0 hrs, 0 mins, 3 secs, 42 ms
INSERT 0 1275330
Time: 0 hrs, 0 mins, 31 secs, 877 ms
ANALYZE
Time: 0 hrs, 0 mins, 0 secs, 906 ms
CREATE TABLE
Time: 0 hrs, 0 mins, 42 secs, 169 ms
CREATE INDEX
Time: 0 hrs, 0 mins, 1 secs, 58 ms
 tmp_first_last 
----------------
        1275330
(1 row)

Time: 0 hrs, 0 mins, 0 secs, 330 ms
ANALYZE
Time: 0 hrs, 0 mins, 0 secs, 606 ms
SET
Time: 0 hrs, 0 mins, 0 secs, 88 ms
SET
Time: 0 hrs, 0 mins, 0 secs, 27 ms
TRUNCATE
Time: 0 hrs, 0 mins, 1 secs, 747 ms
DROP
Time: 0 hrs, 0 mins, 0 secs, 310 ms
INSERT 0 1275330
Time: 0 hrs, 0 mins, 6 secs, 621 ms
 bn_session_stage 
------------------
          1275330
(1 row)

Time: 0 hrs, 0 mins, 2 secs, 250 ms
CREATE INDEX
Time: 0 hrs, 0 mins, 0 secs, 957 ms
ANALYZE
Time: 0 hrs, 0 mins, 1 secs, 605 ms
TRUNCATE
Time: 0 hrs, 0 mins, 1 secs, 298 ms
END
Time: 0 hrs, 0 mins, 56 secs, 863 ms

Sun Apr 17 06:17:56 EDT 2011

BEGIN

           660 - LOAD_BN_SESSION_UPDATE_STAGE

SET
TRUNCATE
INSERT 0 0
END

Sun Apr 17 06:18:08 EDT 2011

Timing is on.

           670 - LOAD_BN_SESSION_20110416.UPDATES

BEGIN
Time: 0 hrs, 0 mins, 3 secs, 290 ms
SET
Time: 0 hrs, 0 mins, 0 secs, 11 ms
UPDATE 0
Time: 0 hrs, 0 mins, 0 secs, 745 ms
END
Time: 0 hrs, 0 mins, 3 secs, 437 ms
VACUUM
Time: 0 hrs, 0 mins, 16 secs, 139 ms

Sun Apr 17 06:18:32 EDT 2011

Timing is on.

           700 - LOAD_BN_SESSION

BEGIN
Time: 0 hrs, 0 mins, 1 secs, 669 ms
SET
Time: 0 hrs, 0 mins, 0 secs, 15 ms
INSERT 0 1275330
Time: 0 hrs, 0 mins, 17 secs, 116 ms
ANALYZE
Time: 0 hrs, 0 mins, 1 secs, 134 ms
END
Time: 0 hrs, 0 mins, 3 secs, 290 ms

Sun Apr 17 06:18:55 EDT 2011

Timing is on.

            750 - LOAD_BN_SESSION_SUMMARY   

BEGIN
Time: 0 hrs, 0 mins, 1 secs, 354 ms
SET
Time: 0 hrs, 0 mins, 0 secs, 10 ms
CREATE TABLE
Time: 0 hrs, 0 mins, 5 secs, 974 ms
TRUNCATE
Time: 0 hrs, 0 mins, 1 secs, 106 ms
INSERT 0 162731
Time: 0 hrs, 0 mins, 4 secs, 50 ms
ANALYZE
Time: 0 hrs, 0 mins, 0 secs, 697 ms
 count(1) 
----------
   162731
(1 row)

Time: 0 hrs, 0 mins, 0 secs, 403 ms
END
Time: 0 hrs, 0 mins, 1 secs, 844 ms

Sun Apr 17 06:19:11 EDT 2011

Timing is on.

           800 - LOAD_BN_HITS

BEGIN
Time: 0 hrs, 0 mins, 0 secs, 773 ms
SET
Time: 0 hrs, 0 mins, 0 secs, 8 ms
SET
Time: 0 hrs, 0 mins, 0 secs, 29 ms
SET
Time: 0 hrs, 0 mins, 0 secs, 55 ms
SET
Time: 0 hrs, 0 mins, 0 secs, 72 ms
TRUNCATE
Time: 0 hrs, 0 mins, 1 secs, 130 ms
INSERT 0 14095487
Time: 0 hrs, 0 mins, 11 secs, 978 ms
 count(1) 
----------
 14095487
(1 row)

Time: 0 hrs, 0 mins, 0 secs, 465 ms
ANALYZE
Time: 0 hrs, 0 mins, 3 secs, 622 ms
END
Time: 0 hrs, 0 mins, 2 secs, 73 ms

Sun Apr 17 06:19:32 EDT 2011

Timing is on.

            900 - LOAD_CLICKSTREAM   

BEGIN
Time: 0 hrs, 0 mins, 0 secs, 770 ms
SET
Time: 0 hrs, 0 mins, 0 secs, 8 ms
TRUNCATE
Time: 0 hrs, 0 mins, 0 secs, 932 ms
INSERT 0 14095487
Time: 0 hrs, 1 mins, 11 secs, 595 ms
 count(1) 
----------
 14095487
(1 row)

Time: 0 hrs, 0 mins, 0 secs, 571 ms
ANALYZE
Time: 0 hrs, 0 mins, 1 secs, 786 ms
END
Time: 0 hrs, 0 mins, 26 secs, 650 ms

Sun Apr 17 06:21:14 EDT 2011

Timing is on.

            1000 - PAGE_VIEW_SUMMARY  

BEGIN
Time: 0 hrs, 0 mins, 1 secs, 176 ms
SET
Time: 0 hrs, 0 mins, 0 secs, 13 ms
SET
Time: 0 hrs, 0 mins, 0 secs, 26 ms
TRUNCATE
Time: 0 hrs, 0 mins, 1 secs, 457 ms
INSERT 0 35374
Time: 0 hrs, 0 mins, 7 secs, 938 ms
 count(1) 
----------
    35374
(1 row)

Time: 0 hrs, 0 mins, 0 secs, 391 ms
ANALYZE
Time: 0 hrs, 0 mins, 0 secs, 60 ms
END
Time: 0 hrs, 0 mins, 5 secs, 388 ms

Sun Apr 17 06:21:31 EDT 2011


2000 - WRAP UP 

Timing is on.
BEGIN
Time: 0 hrs, 0 mins, 1 secs, 237 ms
TRUNCATE
Time: 0 hrs, 0 mins, 1 secs, 19 ms
TRUNCATE
Time: 0 hrs, 0 mins, 1 secs, 3 ms
END
Time: 0 hrs, 0 mins, 10 secs, 670 ms
Sun Apr 17 06:21:45 EDT 2011
Removing lock file and waiting for a minute
Checking for lock file /tmp/.iislock
Acquired lock file /tmp/.iislock
-------------------------------------
Processing for 20110416
-------------------------------------

Mon Apr 18 06:15:33 EDT 2011

Timing is on.

           000 - INIT

BEGIN
Time: 0 hrs, 0 mins, 0 secs, 882 ms
*** Truncating staging tables before workflow starts ***
SET
Time: 0 hrs, 0 mins, 0 secs, 7 ms
GRANT
Time: 0 hrs, 0 mins, 4 secs, 478 ms
END
Time: 0 hrs, 0 mins, 0 secs, 786 ms

Mon Apr 18 06:15:40 EDT 2011

Timing is on.

            200 - LOAD_BN_IISLOGS   

BEGIN
Time: 0 hrs, 0 mins, 0 secs, 707 ms
SET
Time: 0 hrs, 0 mins, 0 secs, 9 ms
TRUNCATE
Time: 0 hrs, 0 mins, 1 secs, 247 ms
INSERT 0 57104900
Time: 0 hrs, 8 mins, 15 secs, 725 ms
END
Time: 0 hrs, 0 mins, 18 secs, 530 ms
ALTER TABLE
Time: 0 hrs, 0 mins, 35 secs, 997 ms

Mon Apr 18 06:24:52 EDT 2011

Timing is on.
BEGIN
Time: 0 hrs, 0 mins, 1 secs, 135 ms
SET
Time: 0 hrs, 0 mins, 0 secs, 12 ms

            250 - LOAD_BN_HITS_SP   

TRUNCATE
Time: 0 hrs, 0 mins, 2 secs, 696 ms
INSERT 0 17209115
Time: 0 hrs, 2 mins, 55 secs, 420 ms
ANALYZE
Time: 0 hrs, 0 mins, 6 secs, 602 ms
END
Time: 0 hrs, 0 mins, 11 secs, 204 ms

Mon Apr 18 06:28:09 EDT 2011

Timing is on.
BEGIN
Time: 0 hrs, 0 mins, 1 secs, 665 ms
SET
Time: 0 hrs, 0 mins, 0 secs, 11 ms

           300 - DYNAMIC FILTER

TRUNCATE
Time: 0 hrs, 0 mins, 2 secs, 164 ms
INSERT 0 12505904
Time: 0 hrs, 0 mins, 5 secs, 753 ms
ANALYZE
Time: 0 hrs, 0 mins, 1 secs, 207 ms
 Total records in web_click_cnt 
--------------------------------
                       12505904
(1 row)

Time: 0 hrs, 0 mins, 7 secs, 36 ms
CREATE TABLE
Time: 0 hrs, 0 mins, 19 secs, 807 ms
ANALYZE
Time: 0 hrs, 0 mins, 0 secs, 84 ms
CREATE TABLE
Time: 0 hrs, 0 mins, 1 secs, 55 ms
ANALYZE
Time: 0 hrs, 0 mins, 0 secs, 83 ms
DELETE 1
Time: 0 hrs, 0 mins, 0 secs, 538 ms
INSERT 0 1
Time: 0 hrs, 0 mins, 0 secs, 349 ms
DELETE 1
Time: 0 hrs, 0 mins, 0 secs, 84 ms
INSERT 0 1
Time: 0 hrs, 0 mins, 0 secs, 520 ms
CREATE TABLE
Time: 0 hrs, 0 mins, 3 secs, 912 ms
ANALYZE
Time: 0 hrs, 0 mins, 0 secs, 98 ms
CREATE TABLE
Time: 0 hrs, 0 mins, 1 secs, 686 ms
ANALYZE
Time: 0 hrs, 0 mins, 0 secs, 74 ms
DELETE 1
Time: 0 hrs, 0 mins, 0 secs, 97 ms
INSERT 0 1
Time: 0 hrs, 0 mins, 0 secs, 451 ms
DELETE 1
Time: 0 hrs, 0 mins, 0 secs, 121 ms
INSERT 0 1
Time: 0 hrs, 0 mins, 0 secs, 738 ms
ANALYZE
Time: 0 hrs, 0 mins, 0 secs, 66 ms
    tablename     |    attr_name    | attr_value 
------------------+-----------------+------------
 BN_FILTER_SPIDER | CLK_USER_SD_MPL | 10
 BN_FILTER_SPIDER | IP_USER_SD_MPL  | 1
 BN_FILTER_SPIDER | IP_USER_RATIO   | .955
 BN_FILTER_SPIDER | CLK_USER_MEAN   | 17.310
 BN_FILTER_SPIDER | CLK_USER_SD     | 239.796
 BN_FILTER_SPIDER | IP_USER_MEAN    | 15.809
 BN_FILTER_SPIDER | IP_USER_SD      | 2174.516
(7 rows)

Time: 0 hrs, 0 mins, 0 secs, 187 ms
CREATE TABLE
Time: 0 hrs, 0 mins, 38 secs, 345 ms
CREATE TABLE
Time: 0 hrs, 0 mins, 1 secs, 856 ms
 l_mean_sd_mpl 
---------------
      2415.270
(1 row)

Time: 0 hrs, 0 mins, 0 secs, 226 ms
TRUNCATE
Time: 0 hrs, 0 mins, 0 secs, 965 ms
INSERT 0 27
Time: 0 hrs, 0 mins, 11 secs, 491 ms
ANALYZE
Time: 0 hrs, 0 mins, 0 secs, 457 ms
 Total click_user bn_spider_ip records 
---------------------------------------
                                    27
(1 row)

Time: 0 hrs, 0 mins, 0 secs, 464 ms
CREATE TABLE
Time: 0 hrs, 0 mins, 4 secs, 554 ms
ANALYZE
Time: 0 hrs, 0 mins, 0 secs, 53 ms
CREATE TABLE
Time: 0 hrs, 0 mins, 10 secs, 894 ms
ANALYZE
Time: 0 hrs, 0 mins, 0 secs, 110 ms
DROP 
Time: 0 hrs, 0 mins, 0 secs, 467 ms
CREATE TABLE
Time: 0 hrs, 0 mins, 2 secs, 219 ms
 l_mean_sd_mpl | l_ratio 
---------------+---------
      2190.325 |   0.955
(1 row)

Time: 0 hrs, 0 mins, 0 secs, 517 ms
INSERT 0 10490442
Time: 0 hrs, 0 mins, 17 secs, 289 ms
ANALYZE
Time: 0 hrs, 0 mins, 0 secs, 556 ms
 Total ip_user_filter bn_spider_ip records 
-------------------------------------------
                                  10490442
(1 row)

Time: 0 hrs, 0 mins, 0 secs, 633 ms
TRUNCATE
Time: 0 hrs, 0 mins, 1 secs, 147 ms
INSERT 0 19100911
Time: 0 hrs, 0 mins, 35 secs, 537 ms
ANALYZE
Time: 0 hrs, 0 mins, 14 secs, 537 ms
 bn_hits_stage 
---------------
      19100911
(1 row)

Time: 0 hrs, 0 mins, 17 secs, 999 ms
INSERT 0 13008274
Time: 0 hrs, 1 mins, 26 secs, 291 ms
ANALYZE
Time: 0 hrs, 0 mins, 25 secs, 595 ms
 bn_hits_sp_20110416 
---------------------
            30217389
(1 row)

Time: 0 hrs, 0 mins, 10 secs, 70 ms
TRUNCATE
Time: 0 hrs, 0 mins, 2 secs, 19 ms
INSERT 0 7786600
Time: 0 hrs, 0 mins, 6 secs, 521 ms
ANALYZE
Time: 0 hrs, 0 mins, 2 secs, 266 ms
 bn_hits_client_20110416 
-------------------------
                 7786600
(1 row)

Time: 0 hrs, 0 mins, 0 secs, 148 ms
END
Time: 0 hrs, 0 mins, 13 secs, 726 ms

Mon Apr 18 06:34:04 EDT 2011

Timing is on.
BEGIN
Time: 0 hrs, 0 mins, 2 secs, 563 ms

           600 - LOAD RESOURCES

SET
Time: 0 hrs, 0 mins, 0 secs, 10 ms
CREATE TABLE
Time: 0 hrs, 0 mins, 20 secs, 794 ms
ANALYZE
Time: 0 hrs, 0 mins, 0 secs, 677 ms
 tmp_a_count 
-------------
       38024
(1 row)

Time: 0 hrs, 0 mins, 0 secs, 180 ms
UPDATE 0
Time: 0 hrs, 0 mins, 4 secs, 239 ms
ANALYZE
Time: 0 hrs, 0 mins, 0 secs, 650 ms
TRUNCATE
Time: 0 hrs, 0 mins, 1 secs, 790 ms
INSERT 0 1045
Time: 0 hrs, 0 mins, 7 secs, 461 ms
ANALYZE
Time: 0 hrs, 0 mins, 0 secs, 994 ms
 first_resource_id | last_resource_id 
-------------------+------------------
          13325096 |         13326140
(1 row)

Time: 0 hrs, 0 mins, 0 secs, 444 ms
INSERT 0 1045
Time: 0 hrs, 0 mins, 35 secs, 901 ms
 total_resources 
-----------------
        13301745
(1 row)

Time: 0 hrs, 0 mins, 1 secs, 984 ms
ANALYZE
Time: 0 hrs, 0 mins, 0 secs, 885 ms
END
Time: 0 hrs, 0 mins, 8 secs, 849 ms
VACUUM
Time: 0 hrs, 2 mins, 1 secs, 45 ms

Mon Apr 18 06:37:33 EDT 2011

Timing is on.

           650 - LOAD_BN_SESSION_STAGE

BEGIN
Time: 0 hrs, 0 mins, 1 secs, 276 ms
SET
Time: 0 hrs, 0 mins, 0 secs, 10 ms
SET
Time: 0 hrs, 0 mins, 0 secs, 18 ms
CREATE TABLE
Time: 0 hrs, 7 mins, 24 secs, 102 ms
ANALYZE
Time: 0 hrs, 0 mins, 31 secs, 817 ms
 tmp_sessionized_stage 
-----------------------
              19100911
(1 row)

Time: 0 hrs, 0 mins, 6 secs, 429 ms
TRUNCATE
Time: 0 hrs, 0 mins, 3 secs, 294 ms
INSERT 0 1621674
Time: 0 hrs, 0 mins, 37 secs, 930 ms
ANALYZE
Time: 0 hrs, 0 mins, 1 secs, 625 ms
CREATE TABLE
Time: 0 hrs, 1 mins, 41 secs, 592 ms
CREATE INDEX
Time: 0 hrs, 0 mins, 3 secs, 216 ms
 tmp_first_last 
----------------
        1621674
(1 row)

Time: 0 hrs, 0 mins, 0 secs, 435 ms
ANALYZE
Time: 0 hrs, 0 mins, 1 secs, 470 ms
SET
Time: 0 hrs, 0 mins, 0 secs, 22 ms
SET
Time: 0 hrs, 0 mins, 0 secs, 19 ms
TRUNCATE
Time: 0 hrs, 0 mins, 6 secs, 780 ms
DROP
Time: 0 hrs, 0 mins, 0 secs, 590 ms
INSERT 0 1621674
Time: 0 hrs, 0 mins, 9 secs, 512 ms
 bn_session_stage 
------------------
          1621674
(1 row)

Time: 0 hrs, 0 mins, 2 secs, 997 ms
CREATE INDEX
Time: 0 hrs, 0 mins, 4 secs, 641 ms
ANALYZE
Time: 0 hrs, 0 mins, 1 secs, 477 ms
TRUNCATE
Time: 0 hrs, 0 mins, 2 secs, 479 ms
END
Time: 0 hrs, 4 mins, 33 secs, 131 ms

Mon Apr 18 06:53:08 EDT 2011

BEGIN

           660 - LOAD_BN_SESSION_UPDATE_STAGE

SET
TRUNCATE
INSERT 0 0
END

Mon Apr 18 06:54:27 EDT 2011

Timing is on.

           670 - LOAD_BN_SESSION_20110416.UPDATES

BEGIN
Time: 0 hrs, 0 mins, 1 secs, 271 ms
SET
Time: 0 hrs, 0 mins, 0 secs, 10 ms
UPDATE 0
Time: 0 hrs, 0 mins, 0 secs, 671 ms
END
Time: 0 hrs, 1 mins, 8 secs, 946 ms
VACUUM
Time: 0 hrs, 3 mins, 18 secs, 687 ms

Mon Apr 18 06:58:57 EDT 2011

Timing is on.

           700 - LOAD_BN_SESSION

BEGIN
Time: 0 hrs, 0 mins, 8 secs, 944 ms
SET
Time: 0 hrs, 0 mins, 0 secs, 10 ms
INSERT 0 1621674
Time: 0 hrs, 20 mins, 26 secs, 7 ms
ANALYZE
Time: 0 hrs, 0 mins, 3 secs, 160 ms
END
Time: 0 hrs, 0 mins, 7 secs, 253 ms

Mon Apr 18 07:19:42 EDT 2011

Timing is on.

            750 - LOAD_BN_SESSION_SUMMARY   

BEGIN
Time: 0 hrs, 0 mins, 2 secs, 260 ms
SET
Time: 0 hrs, 0 mins, 0 secs, 10 ms
CREATE TABLE
Time: 0 hrs, 30 mins, 42 secs, 99 ms
TRUNCATE
Time: 0 hrs, 0 mins, 53 secs, 265 ms
INSERT 0 199227
Time: 0 hrs, 2 mins, 29 secs, 882 ms
ANALYZE
Time: 0 hrs, 0 mins, 0 secs, 737 ms
 count(1) 
----------
   199227
(1 row)

Time: 0 hrs, 0 mins, 0 secs, 606 ms
END
Time: 0 hrs, 0 mins, 29 secs, 805 ms

Mon Apr 18 07:54:21 EDT 2011

Timing is on.

           800 - LOAD_BN_HITS

BEGIN
Time: 0 hrs, 0 mins, 1 secs, 331 ms
SET
Time: 0 hrs, 0 mins, 0 secs, 10 ms
SET
Time: 0 hrs, 0 mins, 0 secs, 30 ms
SET
Time: 0 hrs, 0 mins, 0 secs, 34 ms
SET
Time: 0 hrs, 0 mins, 0 secs, 20 ms
TRUNCATE
Time: 0 hrs, 0 mins, 2 secs, 614 ms
INSERT 0 19100911
Time: 0 hrs, 0 mins, 15 secs, 352 ms
 count(1) 
----------
 19100911
(1 row)

Time: 0 hrs, 0 mins, 1 secs, 828 ms
ANALYZE
Time: 0 hrs, 0 mins, 5 secs, 84 ms
END
Time: 0 hrs, 0 mins, 27 secs, 739 ms

Mon Apr 18 07:55:17 EDT 2011

Timing is on.

            900 - LOAD_CLICKSTREAM   

BEGIN
Time: 0 hrs, 0 mins, 0 secs, 742 ms
SET
Time: 0 hrs, 0 mins, 0 secs, 9 ms
TRUNCATE
Time: 0 hrs, 0 mins, 2 secs, 232 ms
INSERT 0 19100911
Time: 0 hrs, 4 mins, 0 secs, 790 ms
 count(1) 
----------
 19100911
(1 row)

Time: 0 hrs, 0 mins, 1 secs, 559 ms
ANALYZE
Time: 0 hrs, 0 mins, 2 secs, 219 ms
END
Time: 0 hrs, 0 mins, 30 secs, 914 ms

Mon Apr 18 07:59:56 EDT 2011

Timing is on.

            1000 - PAGE_VIEW_SUMMARY  

BEGIN
Time: 0 hrs, 0 mins, 1 secs, 24 ms
SET
Time: 0 hrs, 0 mins, 0 secs, 11 ms
SET
Time: 0 hrs, 0 mins, 0 secs, 108 ms
TRUNCATE
Time: 0 hrs, 0 mins, 3 secs, 358 ms
INSERT 0 44902
Time: 0 hrs, 0 mins, 15 secs, 294 ms
 count(1) 
----------
    44902
(1 row)

Time: 0 hrs, 0 mins, 1 secs, 241 ms
ANALYZE
Time: 0 hrs, 0 mins, 0 secs, 418 ms
END
Time: 0 hrs, 0 mins, 52 secs, 378 ms

Mon Apr 18 08:01:10 EDT 2011


2000 - WRAP UP 

Timing is on.
BEGIN
Time: 0 hrs, 0 mins, 4 secs, 83 ms
TRUNCATE
Time: 0 hrs, 0 mins, 6 secs, 185 ms
TRUNCATE
Time: 0 hrs, 0 mins, 3 secs, 227 ms
END
Time: 0 hrs, 1 mins, 10 secs, 202 ms
Mon Apr 18 08:02:34 EDT 2011
Removing lock file and waiting for a minute
