Checking for lock file /tmp/.iislock
Acquired lock file /tmp/.iislock
-------------------------------------
Processing for 20110322
-------------------------------------

Wed Mar 23 03:49:58 EDT 2011

Timing is on.

           000 - INIT

BEGIN
Time: 0 hrs, 0 mins, 2 secs, 527 ms
*** Truncating staging tables before workflow starts ***
SET
Time: 0 hrs, 0 mins, 0 secs, 19 ms
GRANT
Time: 0 hrs, 0 mins, 5 secs, 938 ms
END
Time: 0 hrs, 0 mins, 16 secs, 550 ms

Wed Mar 23 03:50:24 EDT 2011

Timing is on.

            200 - LOAD_BN_IISLOGS   

BEGIN
Time: 0 hrs, 0 mins, 7 secs, 28 ms
SET
Time: 0 hrs, 0 mins, 0 secs, 12 ms
TRUNCATE
Time: 0 hrs, 0 mins, 7 secs, 375 ms
INSERT 0 18581626
Time: 0 hrs, 4 mins, 9 secs, 165 ms
END
Time: 0 hrs, 0 mins, 7 secs, 385 ms
ALTER TABLE
Time: 0 hrs, 13 mins, 59 secs, 140 ms

Wed Mar 23 04:08:54 EDT 2011

Timing is on.
BEGIN
Time: 0 hrs, 0 mins, 1 secs, 680 ms
SET
Time: 0 hrs, 0 mins, 0 secs, 13 ms

            250 - LOAD_BN_HITS_SP   

TRUNCATE
Time: 0 hrs, 0 mins, 7 secs, 2 ms
INSERT 0 5486753
Time: 0 hrs, 1 mins, 22 secs, 348 ms
ANALYZE
Time: 0 hrs, 0 mins, 4 secs, 722 ms
END
Time: 0 hrs, 0 mins, 6 secs, 1 ms

Wed Mar 23 04:10:36 EDT 2011

Timing is on.
BEGIN
Time: 0 hrs, 0 mins, 0 secs, 748 ms
SET
Time: 0 hrs, 0 mins, 0 secs, 11 ms

           300 - DYNAMIC FILTER

TRUNCATE
Time: 0 hrs, 0 mins, 0 secs, 831 ms
INSERT 0 1012052
Time: 0 hrs, 0 mins, 2 secs, 492 ms
ANALYZE
Time: 0 hrs, 0 mins, 0 secs, 279 ms
 Total records in web_click_cnt 
--------------------------------
                        1012052
(1 row)

Time: 0 hrs, 0 mins, 0 secs, 358 ms
CREATE TABLE
Time: 0 hrs, 0 mins, 6 secs, 569 ms
ANALYZE
Time: 0 hrs, 0 mins, 0 secs, 182 ms
CREATE TABLE
Time: 0 hrs, 0 mins, 2 secs, 358 ms
ANALYZE
Time: 0 hrs, 0 mins, 0 secs, 94 ms
DELETE 1
Time: 0 hrs, 0 mins, 0 secs, 545 ms
INSERT 0 1
Time: 0 hrs, 0 mins, 0 secs, 377 ms
DELETE 1
Time: 0 hrs, 0 mins, 0 secs, 103 ms
INSERT 0 1
Time: 0 hrs, 0 mins, 0 secs, 405 ms
CREATE TABLE
Time: 0 hrs, 0 mins, 6 secs, 233 ms
ANALYZE
Time: 0 hrs, 0 mins, 0 secs, 53 ms
CREATE TABLE
Time: 0 hrs, 0 mins, 8 secs, 341 ms
ANALYZE
Time: 0 hrs, 0 mins, 0 secs, 54 ms
DELETE 1
Time: 0 hrs, 0 mins, 0 secs, 99 ms
INSERT 0 1
Time: 0 hrs, 0 mins, 0 secs, 289 ms
DELETE 1
Time: 0 hrs, 0 mins, 0 secs, 91 ms
INSERT 0 1
Time: 0 hrs, 0 mins, 0 secs, 260 ms
ANALYZE
Time: 0 hrs, 0 mins, 0 secs, 131 ms
    tablename     |    attr_name    | attr_value 
------------------+-----------------+------------
 BN_FILTER_SPIDER | CLK_USER_SD_MPL | 10
 BN_FILTER_SPIDER | IP_USER_SD_MPL  | 1
 BN_FILTER_SPIDER | IP_USER_RATIO   | .955
 BN_FILTER_SPIDER | CLK_USER_MEAN   | 17.030
 BN_FILTER_SPIDER | CLK_USER_SD     | 429.323
 BN_FILTER_SPIDER | IP_USER_MEAN    | 3.270
 BN_FILTER_SPIDER | IP_USER_SD      | 742.630
(7 rows)

Time: 0 hrs, 0 mins, 0 secs, 379 ms
CREATE TABLE
Time: 0 hrs, 0 mins, 2 secs, 685 ms
CREATE TABLE
Time: 0 hrs, 0 mins, 0 secs, 386 ms
 l_mean_sd_mpl 
---------------
      4310.260
(1 row)

Time: 0 hrs, 0 mins, 0 secs, 114 ms
TRUNCATE
Time: 0 hrs, 0 mins, 1 secs, 20 ms
INSERT 0 6
Time: 0 hrs, 0 mins, 2 secs, 372 ms
ANALYZE
Time: 0 hrs, 0 mins, 0 secs, 125 ms
 Total click_user bn_spider_ip records 
---------------------------------------
                                     6
(1 row)

Time: 0 hrs, 0 mins, 0 secs, 245 ms
CREATE TABLE
Time: 0 hrs, 0 mins, 2 secs, 238 ms
ANALYZE
Time: 0 hrs, 0 mins, 0 secs, 69 ms
CREATE TABLE
Time: 0 hrs, 0 mins, 9 secs, 166 ms
ANALYZE
Time: 0 hrs, 0 mins, 0 secs, 66 ms
DROP 
Time: 0 hrs, 0 mins, 0 secs, 393 ms
CREATE TABLE
Time: 0 hrs, 0 mins, 0 secs, 674 ms
 l_mean_sd_mpl | l_ratio 
---------------+---------
       745.900 |   0.955
(1 row)

Time: 0 hrs, 0 mins, 0 secs, 248 ms
INSERT 0 72539
Time: 0 hrs, 0 mins, 2 secs, 45 ms
ANALYZE
Time: 0 hrs, 0 mins, 0 secs, 71 ms
 Total ip_user_filter bn_spider_ip records 
-------------------------------------------
                                     72539
(1 row)

Time: 0 hrs, 0 mins, 0 secs, 216 ms
TRUNCATE
Time: 0 hrs, 0 mins, 0 secs, 592 ms
INSERT 0 8053422
Time: 0 hrs, 0 mins, 11 secs, 977 ms
ANALYZE
Time: 0 hrs, 0 mins, 7 secs, 262 ms
 bn_hits_stage 
---------------
       8053422
(1 row)

Time: 0 hrs, 0 mins, 0 secs, 736 ms
INSERT 0 338999
Time: 0 hrs, 0 mins, 42 secs, 636 ms
ANALYZE
Time: 0 hrs, 0 mins, 3 secs, 67 ms
 bn_hits_sp_20110322 
---------------------
             5825752
(1 row)

Time: 0 hrs, 0 mins, 2 secs, 30 ms
TRUNCATE
Time: 0 hrs, 0 mins, 7 secs, 157 ms
INSERT 0 4702452
Time: 0 hrs, 0 mins, 5 secs, 751 ms
ANALYZE
Time: 0 hrs, 0 mins, 7 secs, 234 ms
 bn_hits_client_20110322 
-------------------------
                 4702452
(1 row)

Time: 0 hrs, 0 mins, 1 secs, 256 ms
END
Time: 0 hrs, 0 mins, 32 secs, 282 ms

Wed Mar 23 04:13:32 EDT 2011

Timing is on.
BEGIN
Time: 0 hrs, 0 mins, 2 secs, 436 ms

           600 - LOAD RESOURCES

SET
Time: 0 hrs, 0 mins, 0 secs, 10 ms
CREATE TABLE
Time: 0 hrs, 0 mins, 9 secs, 102 ms
ANALYZE
Time: 0 hrs, 0 mins, 0 secs, 743 ms
 tmp_a_count 
-------------
       26562
(1 row)

Time: 0 hrs, 0 mins, 0 secs, 331 ms
UPDATE 0
Time: 0 hrs, 0 mins, 2 secs, 966 ms
ANALYZE
Time: 0 hrs, 0 mins, 1 secs, 474 ms
TRUNCATE
Time: 0 hrs, 0 mins, 4 secs, 362 ms
INSERT 0 2906
Time: 0 hrs, 0 mins, 17 secs, 418 ms
ANALYZE
Time: 0 hrs, 0 mins, 0 secs, 389 ms
 first_resource_id | last_resource_id 
-------------------+------------------
          13049440 |         13052345
(1 row)

Time: 0 hrs, 0 mins, 0 secs, 376 ms
INSERT 0 2906
Time: 0 hrs, 0 mins, 0 secs, 641 ms
 total_resources 
-----------------
        13027950
(1 row)

Time: 0 hrs, 0 mins, 0 secs, 547 ms
ANALYZE
Time: 0 hrs, 0 mins, 1 secs, 76 ms
END
Time: 0 hrs, 0 mins, 7 secs, 295 ms
VACUUM
Time: 0 hrs, 0 mins, 21 secs, 237 ms

Wed Mar 23 04:14:42 EDT 2011

Timing is on.

           650 - LOAD_BN_SESSION_STAGE

BEGIN
Time: 0 hrs, 0 mins, 2 secs, 321 ms
SET
Time: 0 hrs, 0 mins, 0 secs, 10 ms
SET
Time: 0 hrs, 0 mins, 0 secs, 49 ms
CREATE TABLE
Time: 0 hrs, 0 mins, 30 secs, 525 ms
ANALYZE
Time: 0 hrs, 0 mins, 4 secs, 237 ms
 tmp_sessionized_stage 
-----------------------
               8053422
(1 row)

Time: 0 hrs, 0 mins, 1 secs, 288 ms
TRUNCATE
Time: 0 hrs, 0 mins, 4 secs, 173 ms
INSERT 0 789638
Time: 0 hrs, 1 mins, 7 secs, 959 ms
ANALYZE
Time: 0 hrs, 0 mins, 3 secs, 489 ms
CREATE TABLE
Time: 0 hrs, 36 mins, 7 secs, 427 ms
CREATE INDEX
Time: 0 hrs, 0 mins, 0 secs, 124 ms
 tmp_first_last 
----------------
         789638
(1 row)

Time: 0 hrs, 0 mins, 0 secs, 151 ms
ANALYZE
Time: 0 hrs, 0 mins, 0 secs, 383 ms
SET
Time: 0 hrs, 0 mins, 0 secs, 22 ms
SET
Time: 0 hrs, 0 mins, 0 secs, 20 ms
TRUNCATE
Time: 0 hrs, 0 mins, 1 secs, 230 ms
DROP
Time: 0 hrs, 0 mins, 0 secs, 83 ms
INSERT 0 789638
Time: 0 hrs, 0 mins, 3 secs, 226 ms
 bn_session_stage 
------------------
           789638
(1 row)

Time: 0 hrs, 0 mins, 0 secs, 635 ms
CREATE INDEX
Time: 0 hrs, 0 mins, 1 secs, 380 ms
ANALYZE
Time: 0 hrs, 0 mins, 0 secs, 644 ms
TRUNCATE
Time: 0 hrs, 0 mins, 2 secs, 377 ms
END
Time: 0 hrs, 0 mins, 5 secs, 184 ms

Wed Mar 23 04:53:00 EDT 2011

BEGIN

           660 - LOAD_BN_SESSION_UPDATE_STAGE

SET
TRUNCATE
INSERT 0 0
END

Wed Mar 23 04:53:23 EDT 2011

Timing is on.

           670 - LOAD_BN_SESSION_20110322.UPDATES

BEGIN
Time: 0 hrs, 0 mins, 0 secs, 715 ms
SET
Time: 0 hrs, 0 mins, 0 secs, 9 ms
UPDATE 0
Time: 0 hrs, 0 mins, 0 secs, 458 ms
END
Time: 0 hrs, 0 mins, 9 secs, 825 ms
VACUUM
Time: 0 hrs, 0 mins, 10 secs, 483 ms

Wed Mar 23 04:53:44 EDT 2011

Timing is on.

           700 - LOAD_BN_SESSION

BEGIN
Time: 0 hrs, 0 mins, 0 secs, 741 ms
SET
Time: 0 hrs, 0 mins, 0 secs, 12 ms
INSERT 0 789638
Time: 0 hrs, 10 mins, 23 secs, 302 ms
ANALYZE
Time: 0 hrs, 0 mins, 0 secs, 595 ms
END
Time: 0 hrs, 0 mins, 2 secs, 109 ms

Wed Mar 23 05:04:11 EDT 2011

Timing is on.

            750 - LOAD_BN_SESSION_SUMMARY   

BEGIN
Time: 0 hrs, 0 mins, 0 secs, 718 ms
SET
Time: 0 hrs, 0 mins, 0 secs, 9 ms
CREATE TABLE
Time: 0 hrs, 0 mins, 3 secs, 170 ms
TRUNCATE
Time: 0 hrs, 0 mins, 0 secs, 558 ms
INSERT 0 77741
Time: 0 hrs, 0 mins, 2 secs, 991 ms
ANALYZE
Time: 0 hrs, 0 mins, 0 secs, 306 ms
 count(1) 
----------
    77741
(1 row)

Time: 0 hrs, 0 mins, 0 secs, 102 ms
END
Time: 0 hrs, 0 mins, 0 secs, 966 ms

Wed Mar 23 05:04:21 EDT 2011

Timing is on.

           800 - LOAD_BN_HITS

BEGIN
Time: 0 hrs, 0 mins, 0 secs, 874 ms
SET
Time: 0 hrs, 0 mins, 0 secs, 10 ms
SET
Time: 0 hrs, 0 mins, 0 secs, 18 ms
SET
Time: 0 hrs, 0 mins, 0 secs, 18 ms
SET
Time: 0 hrs, 0 mins, 0 secs, 13 ms
TRUNCATE
Time: 0 hrs, 0 mins, 0 secs, 474 ms
INSERT 0 8053422
Time: 0 hrs, 0 mins, 4 secs, 555 ms
 count(1) 
----------
  8053422
(1 row)

Time: 0 hrs, 0 mins, 1 secs, 970 ms
ANALYZE
Time: 0 hrs, 0 mins, 2 secs, 875 ms
END
Time: 0 hrs, 0 mins, 1 secs, 184 ms

Wed Mar 23 05:04:33 EDT 2011

Timing is on.

            900 - LOAD_CLICKSTREAM   

BEGIN
Time: 0 hrs, 0 mins, 1 secs, 524 ms
SET
Time: 0 hrs, 0 mins, 0 secs, 9 ms
TRUNCATE
Time: 0 hrs, 0 mins, 0 secs, 473 ms
INSERT 0 8053422
Time: 0 hrs, 1 mins, 21 secs, 601 ms
 count(1) 
----------
  8053422
(1 row)

Time: 0 hrs, 0 mins, 0 secs, 208 ms
ANALYZE
Time: 0 hrs, 0 mins, 1 secs, 160 ms
END
Time: 0 hrs, 0 mins, 2 secs, 949 ms

Wed Mar 23 05:06:01 EDT 2011

Timing is on.

            1000 - PAGE_VIEW_SUMMARY  

BEGIN
Time: 0 hrs, 0 mins, 1 secs, 274 ms
SET
Time: 0 hrs, 0 mins, 0 secs, 10 ms
SET
Time: 0 hrs, 0 mins, 0 secs, 21 ms
TRUNCATE
Time: 0 hrs, 0 mins, 1 secs, 262 ms
INSERT 0 30872
Time: 0 hrs, 0 mins, 2 secs, 712 ms
 count(1) 
----------
    30872
(1 row)

Time: 0 hrs, 0 mins, 0 secs, 132 ms
ANALYZE
Time: 0 hrs, 0 mins, 0 secs, 47 ms
END
Time: 0 hrs, 0 mins, 8 secs, 621 ms

Wed Mar 23 05:06:16 EDT 2011


2000 - WRAP UP 

Timing is on.
BEGIN
Time: 0 hrs, 0 mins, 0 secs, 760 ms
TRUNCATE
Time: 0 hrs, 0 mins, 1 secs, 153 ms
TRUNCATE
Time: 0 hrs, 0 mins, 0 secs, 823 ms
END
Time: 0 hrs, 0 mins, 5 secs, 205 ms
Wed Mar 23 05:06:24 EDT 2011
Removing lock file and waiting for a minute
Checking for lock file /tmp/.iislock
Acquired lock file /tmp/.iislock
-------------------------------------
Processing for 20110322
-------------------------------------

Thu Mar 24 05:30:45 EDT 2011

Timing is on.

           000 - INIT

BEGIN
Time: 0 hrs, 0 mins, 2 secs, 193 ms
*** Truncating staging tables before workflow starts ***
SET
Time: 0 hrs, 0 mins, 0 secs, 19 ms
GRANT
Time: 0 hrs, 0 mins, 5 secs, 915 ms
END
Time: 0 hrs, 0 mins, 11 secs, 569 ms

Thu Mar 24 05:31:05 EDT 2011

Timing is on.

            200 - LOAD_BN_IISLOGS   

BEGIN
Time: 0 hrs, 0 mins, 1 secs, 83 ms
SET
Time: 0 hrs, 0 mins, 0 secs, 14 ms
TRUNCATE
Time: 0 hrs, 0 mins, 3 secs, 263 ms
INSERT 0 26599951
Time: 0 hrs, 6 mins, 57 secs, 227 ms
END
Time: 0 hrs, 0 mins, 35 secs, 252 ms
ALTER TABLE
Time: 0 hrs, 0 mins, 6 secs, 30 ms

Thu Mar 24 05:38:48 EDT 2011

Timing is on.
BEGIN
Time: 0 hrs, 0 mins, 2 secs, 301 ms
SET
Time: 0 hrs, 0 mins, 0 secs, 10 ms

            250 - LOAD_BN_HITS_SP   

TRUNCATE
Time: 0 hrs, 0 mins, 2 secs, 128 ms
INSERT 0 7504968
Time: 0 hrs, 2 mins, 21 secs, 627 ms
ANALYZE
Time: 0 hrs, 0 mins, 2 secs, 108 ms
END
Time: 0 hrs, 0 mins, 16 secs, 631 ms

Thu Mar 24 05:41:33 EDT 2011

Timing is on.
BEGIN
Time: 0 hrs, 0 mins, 0 secs, 692 ms
SET
Time: 0 hrs, 0 mins, 0 secs, 12 ms

           300 - DYNAMIC FILTER

TRUNCATE
Time: 0 hrs, 0 mins, 0 secs, 576 ms
INSERT 0 1339991
Time: 0 hrs, 0 mins, 3 secs, 565 ms
ANALYZE
Time: 0 hrs, 0 mins, 0 secs, 244 ms
 Total records in web_click_cnt 
--------------------------------
                        1339991
(1 row)

Time: 0 hrs, 0 mins, 0 secs, 242 ms
CREATE TABLE
Time: 0 hrs, 20 mins, 57 secs, 83 ms
ANALYZE
Time: 0 hrs, 0 mins, 0 secs, 57 ms
CREATE TABLE
Time: 0 hrs, 0 mins, 0 secs, 290 ms
ANALYZE
Time: 0 hrs, 0 mins, 0 secs, 58 ms
DELETE 1
Time: 0 hrs, 0 mins, 0 secs, 134 ms
INSERT 0 1
Time: 0 hrs, 0 mins, 0 secs, 209 ms
DELETE 1
Time: 0 hrs, 0 mins, 0 secs, 70 ms
INSERT 0 1
Time: 0 hrs, 0 mins, 0 secs, 286 ms
CREATE TABLE
Time: 0 hrs, 8 mins, 49 secs, 734 ms
ANALYZE
Time: 0 hrs, 0 mins, 0 secs, 61 ms
CREATE TABLE
Time: 0 hrs, 0 mins, 0 secs, 202 ms
ANALYZE
Time: 0 hrs, 0 mins, 0 secs, 70 ms
DELETE 1
Time: 0 hrs, 0 mins, 0 secs, 91 ms
INSERT 0 1
Time: 0 hrs, 0 mins, 0 secs, 254 ms
DELETE 1
Time: 0 hrs, 0 mins, 0 secs, 87 ms
INSERT 0 1
Time: 0 hrs, 0 mins, 0 secs, 233 ms
ANALYZE
Time: 0 hrs, 0 mins, 0 secs, 280 ms
    tablename     |    attr_name    | attr_value 
------------------+-----------------+------------
 BN_FILTER_SPIDER | CLK_USER_SD_MPL | 10
 BN_FILTER_SPIDER | IP_USER_SD_MPL  | 1
 BN_FILTER_SPIDER | IP_USER_RATIO   | .955
 BN_FILTER_SPIDER | CLK_USER_MEAN   | 17.777
 BN_FILTER_SPIDER | CLK_USER_SD     | 447.204
 BN_FILTER_SPIDER | IP_USER_MEAN    | 3.159
 BN_FILTER_SPIDER | IP_USER_SD      | 824.549
(7 rows)

Time: 0 hrs, 0 mins, 0 secs, 87 ms
CREATE TABLE
Time: 0 hrs, 7 mins, 42 secs, 849 ms
CREATE TABLE
Time: 0 hrs, 0 mins, 0 secs, 260 ms
 l_mean_sd_mpl 
---------------
      4489.817
(1 row)

Time: 0 hrs, 0 mins, 0 secs, 85 ms
TRUNCATE
Time: 0 hrs, 0 mins, 0 secs, 248 ms
INSERT 0 6
Time: 0 hrs, 4 mins, 21 secs, 153 ms
ANALYZE
Time: 0 hrs, 0 mins, 0 secs, 62 ms
 Total click_user bn_spider_ip records 
---------------------------------------
                                     6
(1 row)

Time: 0 hrs, 0 mins, 0 secs, 152 ms
CREATE TABLE
Time: 0 hrs, 3 mins, 29 secs, 538 ms
ANALYZE
Time: 0 hrs, 0 mins, 0 secs, 34 ms
CREATE TABLE
Time: 0 hrs, 0 mins, 38 secs, 343 ms
ANALYZE
Time: 0 hrs, 0 mins, 0 secs, 83 ms
DROP 
Time: 0 hrs, 0 mins, 0 secs, 422 ms
CREATE TABLE
Time: 0 hrs, 0 mins, 0 secs, 866 ms
 l_mean_sd_mpl | l_ratio 
---------------+---------
       827.708 |   0.955
(1 row)

Time: 0 hrs, 0 mins, 0 secs, 195 ms
INSERT 0 100848
Time: 0 hrs, 0 mins, 1 secs, 434 ms
ANALYZE
Time: 0 hrs, 0 mins, 0 secs, 98 ms
 Total ip_user_filter bn_spider_ip records 
-------------------------------------------
                                    100848
(1 row)

Time: 0 hrs, 0 mins, 0 secs, 109 ms
TRUNCATE
Time: 0 hrs, 0 mins, 0 secs, 632 ms
INSERT 0 11326931
Time: 0 hrs, 0 mins, 9 secs, 879 ms
ANALYZE
Time: 0 hrs, 0 mins, 11 secs, 705 ms
 bn_hits_stage 
---------------
      11326931
(1 row)

Time: 0 hrs, 0 mins, 0 secs, 160 ms
INSERT 0 424007
Time: 0 hrs, 0 mins, 30 secs, 372 ms
ANALYZE
Time: 0 hrs, 0 mins, 4 secs, 693 ms
 bn_hits_sp_20110322 
---------------------
             7928975
(1 row)

Time: 0 hrs, 0 mins, 5 secs, 492 ms
TRUNCATE
Time: 0 hrs, 0 mins, 2 secs, 827 ms
INSERT 0 7344045
Time: 0 hrs, 0 mins, 5 secs, 709 ms
ANALYZE
Time: 0 hrs, 0 mins, 2 secs, 708 ms
 bn_hits_client_20110322 
-------------------------
                 7344045
(1 row)

Time: 0 hrs, 0 mins, 0 secs, 174 ms
END
Time: 0 hrs, 0 mins, 4 secs, 793 ms

Thu Mar 24 06:29:03 EDT 2011

Timing is on.
BEGIN
Time: 0 hrs, 0 mins, 0 secs, 906 ms

           600 - LOAD RESOURCES

SET
Time: 0 hrs, 0 mins, 0 secs, 10 ms
CREATE TABLE
Time: 0 hrs, 0 mins, 5 secs, 602 ms
ANALYZE
Time: 0 hrs, 0 mins, 0 secs, 390 ms
 tmp_a_count 
-------------
       35421
(1 row)

Time: 0 hrs, 0 mins, 0 secs, 111 ms
UPDATE 0
Time: 0 hrs, 0 mins, 1 secs, 723 ms
ANALYZE
Time: 0 hrs, 0 mins, 0 secs, 624 ms
TRUNCATE
Time: 0 hrs, 0 mins, 1 secs, 325 ms
INSERT 0 1284
Time: 0 hrs, 0 mins, 4 secs, 989 ms
ANALYZE
Time: 0 hrs, 0 mins, 0 secs, 408 ms
 first_resource_id | last_resource_id 
-------------------+------------------
          13055494 |         13056777
(1 row)

Time: 0 hrs, 0 mins, 0 secs, 85 ms
INSERT 0 1284
Time: 0 hrs, 0 mins, 1 secs, 129 ms
 total_resources 
-----------------
        13032382
(1 row)

Time: 0 hrs, 0 mins, 0 secs, 147 ms
ANALYZE
Time: 0 hrs, 0 mins, 0 secs, 703 ms
END
Time: 0 hrs, 0 mins, 2 secs, 874 ms
VACUUM
Time: 0 hrs, 0 mins, 52 secs, 427 ms

Thu Mar 24 06:30:17 EDT 2011

Timing is on.

           650 - LOAD_BN_SESSION_STAGE

BEGIN
Time: 0 hrs, 0 mins, 0 secs, 659 ms
SET
Time: 0 hrs, 0 mins, 0 secs, 11 ms
SET
Time: 0 hrs, 0 mins, 0 secs, 19 ms
CREATE TABLE
Time: 0 hrs, 0 mins, 25 secs, 995 ms
ANALYZE
Time: 0 hrs, 0 mins, 3 secs, 414 ms
 tmp_sessionized_stage 
-----------------------
              11326931
(1 row)

Time: 0 hrs, 0 mins, 0 secs, 236 ms
TRUNCATE
Time: 0 hrs, 0 mins, 1 secs, 12 ms
INSERT 0 1046933
Time: 0 hrs, 0 mins, 14 secs, 974 ms
ANALYZE
Time: 0 hrs, 0 mins, 0 secs, 936 ms
CREATE TABLE
Time: 0 hrs, 0 mins, 42 secs, 49 ms
CREATE INDEX
Time: 0 hrs, 0 mins, 0 secs, 324 ms
 tmp_first_last 
----------------
        1046933
(1 row)

Time: 0 hrs, 0 mins, 0 secs, 104 ms
ANALYZE
Time: 0 hrs, 0 mins, 0 secs, 438 ms
SET
Time: 0 hrs, 0 mins, 0 secs, 21 ms
SET
Time: 0 hrs, 0 mins, 0 secs, 17 ms
TRUNCATE
Time: 0 hrs, 0 mins, 1 secs, 629 ms
DROP
Time: 0 hrs, 0 mins, 0 secs, 74 ms
INSERT 0 1046933
Time: 0 hrs, 0 mins, 3 secs, 619 ms
 bn_session_stage 
------------------
          1046933
(1 row)

Time: 0 hrs, 0 mins, 0 secs, 710 ms
CREATE INDEX
Time: 0 hrs, 0 mins, 2 secs, 475 ms
ANALYZE
Time: 0 hrs, 0 mins, 1 secs, 86 ms
TRUNCATE
Time: 0 hrs, 0 mins, 2 secs, 798 ms
END
Time: 0 hrs, 0 mins, 5 secs, 243 ms

Thu Mar 24 06:32:05 EDT 2011

BEGIN

           660 - LOAD_BN_SESSION_UPDATE_STAGE

SET
TRUNCATE
INSERT 0 0
END

Thu Mar 24 06:32:10 EDT 2011

Timing is on.

           670 - LOAD_BN_SESSION_20110322.UPDATES

BEGIN
Time: 0 hrs, 0 mins, 0 secs, 831 ms
SET
Time: 0 hrs, 0 mins, 0 secs, 10 ms
UPDATE 0
Time: 0 hrs, 0 mins, 0 secs, 463 ms
END
Time: 0 hrs, 0 mins, 4 secs, 272 ms
VACUUM
Time: 0 hrs, 0 mins, 4 secs, 729 ms

Thu Mar 24 06:32:21 EDT 2011

Timing is on.

           700 - LOAD_BN_SESSION

BEGIN
Time: 0 hrs, 0 mins, 0 secs, 702 ms
SET
Time: 0 hrs, 0 mins, 0 secs, 11 ms
INSERT 0 1046933
Time: 0 hrs, 0 mins, 3 secs, 401 ms
ANALYZE
Time: 0 hrs, 0 mins, 0 secs, 766 ms
END
Time: 0 hrs, 0 mins, 1 secs, 617 ms

Thu Mar 24 06:32:28 EDT 2011

Timing is on.

            750 - LOAD_BN_SESSION_SUMMARY   

BEGIN
Time: 0 hrs, 0 mins, 0 secs, 635 ms
SET
Time: 0 hrs, 0 mins, 0 secs, 10 ms
CREATE TABLE
Time: 0 hrs, 0 mins, 2 secs, 950 ms
TRUNCATE
Time: 0 hrs, 0 mins, 1 secs, 415 ms
INSERT 0 96836
Time: 0 hrs, 0 mins, 3 secs, 550 ms
ANALYZE
Time: 0 hrs, 0 mins, 0 secs, 407 ms
 count(1) 
----------
    96836
(1 row)

Time: 0 hrs, 0 mins, 0 secs, 89 ms
END
Time: 0 hrs, 0 mins, 2 secs, 712 ms

Thu Mar 24 06:32:40 EDT 2011

Timing is on.

           800 - LOAD_BN_HITS

BEGIN
Time: 0 hrs, 0 mins, 0 secs, 626 ms
SET
Time: 0 hrs, 0 mins, 0 secs, 9 ms
SET
Time: 0 hrs, 0 mins, 0 secs, 17 ms
SET
Time: 0 hrs, 0 mins, 0 secs, 17 ms
SET
Time: 0 hrs, 0 mins, 0 secs, 17 ms
TRUNCATE
Time: 0 hrs, 0 mins, 0 secs, 911 ms
INSERT 0 11326931
Time: 0 hrs, 0 mins, 2 secs, 103 ms
 count(1) 
----------
 11326931
(1 row)

Time: 0 hrs, 0 mins, 0 secs, 923 ms
ANALYZE
Time: 0 hrs, 0 mins, 2 secs, 952 ms
END
Time: 0 hrs, 0 mins, 2 secs, 603 ms

Thu Mar 24 06:32:50 EDT 2011

Timing is on.

            900 - LOAD_CLICKSTREAM   

BEGIN
Time: 0 hrs, 0 mins, 2 secs, 325 ms
SET
Time: 0 hrs, 0 mins, 0 secs, 13 ms
TRUNCATE
Time: 0 hrs, 0 mins, 1 secs, 132 ms
INSERT 0 11326931
Time: 0 hrs, 1 mins, 7 secs, 599 ms
 count(1) 
----------
 11326931
(1 row)

Time: 0 hrs, 0 mins, 0 secs, 288 ms
ANALYZE
Time: 0 hrs, 0 mins, 1 secs, 208 ms
END
Time: 0 hrs, 0 mins, 13 secs, 198 ms

Thu Mar 24 06:34:16 EDT 2011

Timing is on.

            1000 - PAGE_VIEW_SUMMARY  

BEGIN
Time: 0 hrs, 0 mins, 8 secs, 949 ms
SET
Time: 0 hrs, 0 mins, 0 secs, 12 ms
SET
Time: 0 hrs, 0 mins, 0 secs, 22 ms
TRUNCATE
Time: 0 hrs, 0 mins, 1 secs, 448 ms
INSERT 0 40709
Time: 0 hrs, 0 mins, 3 secs, 882 ms
 count(1) 
----------
    40709
(1 row)

Time: 0 hrs, 0 mins, 1 secs, 171 ms
ANALYZE
Time: 0 hrs, 0 mins, 0 secs, 42 ms
END
Time: 0 hrs, 0 mins, 17 secs, 842 ms

Thu Mar 24 06:34:50 EDT 2011


2000 - WRAP UP 

Timing is on.
BEGIN
Time: 0 hrs, 0 mins, 1 secs, 696 ms
TRUNCATE
Time: 0 hrs, 0 mins, 2 secs, 167 ms
TRUNCATE
Time: 0 hrs, 0 mins, 1 secs, 101 ms
END
Time: 0 hrs, 0 mins, 16 secs, 903 ms
Thu Mar 24 06:35:12 EDT 2011
Removing lock file and waiting for a minute
