Checking for lock file /tmp/.iislock
Acquired lock file /tmp/.iislock
deleting simple.htm records - these are just server testing...
DELETE 6476033
-------------------------------------
Processing for 20111012
-------------------------------------

Thu Oct 13 20:34:52 EDT 2011

Timing is on.

           000 - INIT

BEGIN
Time: 0 hrs, 0 mins, 23 secs, 260 ms
*** Truncating staging tables before workflow starts ***
SET
Time: 0 hrs, 0 mins, 0 secs, 8 ms
GRANT
Time: 0 hrs, 0 mins, 58 secs, 315 ms
END
Time: 0 hrs, 0 mins, 28 secs, 72 ms

Thu Oct 13 20:36:42 EDT 2011

Timing is on.

            200 - LOAD_BN_IISLOGS   

BEGIN
Time: 0 hrs, 0 mins, 0 secs, 251 ms
SET
Time: 0 hrs, 0 mins, 0 secs, 6 ms
TRUNCATE
Time: 0 hrs, 0 mins, 13 secs, 302 ms
INSERT 0 47293951
Time: 0 hrs, 8 mins, 10 secs, 212 ms
END
Time: 0 hrs, 0 mins, 58 secs, 693 ms
ALTER TABLE
Time: 0 hrs, 7 mins, 30 secs, 873 ms

Thu Oct 13 20:53:35 EDT 2011

Timing is on.
BEGIN
Time: 0 hrs, 0 mins, 0 secs, 145 ms
SET
Time: 0 hrs, 0 mins, 0 secs, 6 ms

            250 - LOAD_BN_HITS_SP   

TRUNCATE
Time: 0 hrs, 0 mins, 11 secs, 435 ms
INSERT 0 17481240
Time: 0 hrs, 8 mins, 9 secs, 115 ms
ANALYZE
Time: 0 hrs, 0 mins, 3 secs, 772 ms
END
Time: 0 hrs, 0 mins, 58 secs, 110 ms

Thu Oct 13 21:02:58 EDT 2011

Timing is on.
BEGIN
Time: 0 hrs, 0 mins, 0 secs, 141 ms
SET
Time: 0 hrs, 0 mins, 0 secs, 8 ms

           300 - DYNAMIC FILTER

TRUNCATE
Time: 0 hrs, 0 mins, 1 secs, 308 ms
INSERT 0 15110077
Time: 0 hrs, 0 mins, 2 secs, 735 ms
ANALYZE
Time: 0 hrs, 0 mins, 0 secs, 681 ms
 Total records in web_click_cnt 
--------------------------------
                       15110077
(1 row)

Time: 0 hrs, 0 mins, 0 secs, 723 ms
CREATE TABLE
Time: 0 hrs, 0 mins, 5 secs, 656 ms
ANALYZE
Time: 0 hrs, 0 mins, 0 secs, 128 ms
CREATE TABLE
Time: 0 hrs, 0 mins, 1 secs, 427 ms
ANALYZE
Time: 0 hrs, 0 mins, 0 secs, 32 ms
DELETE 1
Time: 0 hrs, 0 mins, 2 secs, 469 ms
INSERT 0 1
Time: 0 hrs, 0 mins, 1 secs, 91 ms
DELETE 1
Time: 0 hrs, 0 mins, 0 secs, 69 ms
INSERT 0 1
Time: 0 hrs, 0 mins, 0 secs, 198 ms
CREATE TABLE
Time: 0 hrs, 0 mins, 1 secs, 537 ms
ANALYZE
Time: 0 hrs, 0 mins, 0 secs, 277 ms
CREATE TABLE
Time: 0 hrs, 0 mins, 0 secs, 614 ms
ANALYZE
Time: 0 hrs, 0 mins, 0 secs, 114 ms
DELETE 1
Time: 0 hrs, 0 mins, 0 secs, 64 ms
INSERT 0 1
Time: 0 hrs, 0 mins, 1 secs, 974 ms
DELETE 1
Time: 0 hrs, 0 mins, 0 secs, 67 ms
INSERT 0 1
Time: 0 hrs, 0 mins, 0 secs, 435 ms
ANALYZE
Time: 0 hrs, 0 mins, 1 secs, 266 ms
    tablename     |    attr_name    | attr_value 
------------------+-----------------+------------
 BN_FILTER_SPIDER | CLK_USER_SD_MPL | 10
 BN_FILTER_SPIDER | IP_USER_SD_MPL  | 1
 BN_FILTER_SPIDER | IP_USER_RATIO   | .955
 BN_FILTER_SPIDER | CLK_USER_MEAN   | 11.555
 BN_FILTER_SPIDER | CLK_USER_SD     | 40.748
 BN_FILTER_SPIDER | IP_USER_MEAN    | 22.880
 BN_FILTER_SPIDER | IP_USER_SD      | 1477.230
(7 rows)

Time: 0 hrs, 0 mins, 2 secs, 187 ms
CREATE TABLE
Time: 0 hrs, 0 mins, 9 secs, 178 ms
CREATE TABLE
Time: 0 hrs, 0 mins, 3 secs, 619 ms
 l_mean_sd_mpl 
---------------
       419.035
(1 row)

Time: 0 hrs, 0 mins, 1 secs, 375 ms
TRUNCATE
Time: 0 hrs, 0 mins, 10 secs, 111 ms
INSERT 0 508
Time: 0 hrs, 0 mins, 9 secs, 726 ms
ANALYZE
Time: 0 hrs, 0 mins, 1 secs, 530 ms
 Total click_user bn_spider_ip records 
---------------------------------------
                                   508
(1 row)

Time: 0 hrs, 0 mins, 1 secs, 731 ms
CREATE TABLE
Time: 0 hrs, 0 mins, 7 secs, 966 ms
ANALYZE
Time: 0 hrs, 0 mins, 0 secs, 32 ms
CREATE TABLE
Time: 0 hrs, 0 mins, 2 secs, 405 ms
ANALYZE
Time: 0 hrs, 0 mins, 1 secs, 73 ms
DROP 
Time: 0 hrs, 0 mins, 0 secs, 77 ms
CREATE TABLE
Time: 0 hrs, 0 mins, 0 secs, 792 ms
 l_mean_sd_mpl | l_ratio 
---------------+---------
      1500.110 |   0.955
(1 row)

Time: 0 hrs, 0 mins, 0 secs, 754 ms
INSERT 0 13005930
Time: 0 hrs, 0 mins, 10 secs, 531 ms
ANALYZE
Time: 0 hrs, 0 mins, 0 secs, 192 ms
 Total ip_user_filter bn_spider_ip records 
-------------------------------------------
                                  13005930
(1 row)

Time: 0 hrs, 0 mins, 1 secs, 591 ms
TRUNCATE
Time: 0 hrs, 0 mins, 2 secs, 557 ms
INSERT 0 12545503
Time: 0 hrs, 0 mins, 19 secs, 27 ms
ANALYZE
Time: 0 hrs, 0 mins, 4 secs, 953 ms
 bn_hits_stage 
---------------
      12545503
(1 row)

Time: 0 hrs, 0 mins, 0 secs, 104 ms
INSERT 0 13714242
Time: 0 hrs, 0 mins, 40 secs, 409 ms
ANALYZE
Time: 0 hrs, 2 mins, 21 secs, 662 ms
 bn_hits_sp_20111012 
---------------------
            31195482
(1 row)

Time: 0 hrs, 0 mins, 54 secs, 913 ms
TRUNCATE
Time: 0 hrs, 0 mins, 26 secs, 269 ms
INSERT 0 3552966
Time: 0 hrs, 0 mins, 26 secs, 103 ms
ANALYZE
Time: 0 hrs, 0 mins, 8 secs, 577 ms
 bn_hits_client_20111012 
-------------------------
                 3552966
(1 row)

Time: 0 hrs, 0 mins, 9 secs, 868 ms
END
Time: 0 hrs, 0 mins, 16 secs, 27 ms

Thu Oct 13 21:10:17 EDT 2011

Timing is on.
BEGIN
Time: 0 hrs, 0 mins, 0 secs, 174 ms

           600 - LOAD RESOURCES

SET
Time: 0 hrs, 0 mins, 0 secs, 6 ms
CREATE TABLE
Time: 0 hrs, 0 mins, 24 secs, 46 ms
ANALYZE
Time: 0 hrs, 0 mins, 2 secs, 935 ms
 tmp_a_count 
-------------
      632075
(1 row)

Time: 0 hrs, 0 mins, 0 secs, 396 ms
UPDATE 0
Time: 0 hrs, 0 mins, 5 secs, 517 ms
ANALYZE
Time: 0 hrs, 0 mins, 1 secs, 496 ms
TRUNCATE
Time: 0 hrs, 0 mins, 3 secs, 325 ms
INSERT 0 239635
Time: 0 hrs, 0 mins, 21 secs, 695 ms
ANALYZE
Time: 0 hrs, 0 mins, 3 secs, 878 ms
 first_resource_id | last_resource_id 
-------------------+------------------
          48766507 |         49006141
(1 row)

Time: 0 hrs, 0 mins, 1 secs, 240 ms
INSERT 0 239635
Time: 0 hrs, 0 mins, 6 secs, 124 ms
 total_resources 
-----------------
        48981737
(1 row)

Time: 0 hrs, 0 mins, 1 secs, 176 ms
ANALYZE
Time: 0 hrs, 0 mins, 1 secs, 381 ms
END
Time: 0 hrs, 0 mins, 13 secs, 105 ms
VACUUM
Time: 0 hrs, 0 mins, 24 secs, 949 ms

Thu Oct 13 21:12:08 EDT 2011

Timing is on.

           650 - LOAD_BN_SESSION_STAGE

BEGIN
Time: 0 hrs, 0 mins, 0 secs, 211 ms
SET
Time: 0 hrs, 0 mins, 0 secs, 6 ms
SET
Time: 0 hrs, 0 mins, 0 secs, 11 ms
CREATE TABLE
Time: 0 hrs, 0 mins, 33 secs, 435 ms
ANALYZE
Time: 0 hrs, 0 mins, 3 secs, 46 ms
 tmp_sessionized_stage 
-----------------------
              12545503
(1 row)

Time: 0 hrs, 0 mins, 0 secs, 548 ms
TRUNCATE
Time: 0 hrs, 0 mins, 1 secs, 256 ms
INSERT 0 1789262
Time: 0 hrs, 0 mins, 27 secs, 879 ms
ANALYZE
Time: 0 hrs, 0 mins, 4 secs, 304 ms
CREATE TABLE
Time: 0 hrs, 1 mins, 37 secs, 164 ms
CREATE INDEX
Time: 0 hrs, 0 mins, 1 secs, 673 ms
 tmp_first_last 
----------------
        1789262
(1 row)

Time: 0 hrs, 0 mins, 0 secs, 54 ms
ANALYZE
Time: 0 hrs, 0 mins, 0 secs, 503 ms
SET
Time: 0 hrs, 0 mins, 0 secs, 12 ms
SET
Time: 0 hrs, 0 mins, 0 secs, 11 ms
TRUNCATE
Time: 0 hrs, 0 mins, 1 secs, 761 ms
DROP 
Time: 0 hrs, 0 mins, 1 secs, 81 ms
INSERT 0 1789262
Time: 0 hrs, 0 mins, 4 secs, 366 ms
 bn_session_stage 
------------------
          1789262
(1 row)

Time: 0 hrs, 0 mins, 0 secs, 485 ms
CREATE INDEX
Time: 0 hrs, 0 mins, 0 secs, 946 ms
ANALYZE
Time: 0 hrs, 0 mins, 0 secs, 690 ms
TRUNCATE
Time: 0 hrs, 0 mins, 1 secs, 661 ms
END
Time: 0 hrs, 0 mins, 13 secs, 424 ms

Thu Oct 13 21:15:23 EDT 2011

BEGIN

           660 - LOAD_BN_SESSION_UPDATE_STAGE

SET
TRUNCATE
INSERT 0 0
END

Thu Oct 13 21:15:31 EDT 2011

Timing is on.

           670 - LOAD_BN_SESSION_20111012.UPDATES

BEGIN
Time: 0 hrs, 0 mins, 0 secs, 118 ms
SET
Time: 0 hrs, 0 mins, 0 secs, 6 ms
UPDATE 0
Time: 0 hrs, 0 mins, 0 secs, 156 ms
END
Time: 0 hrs, 0 mins, 6 secs, 75 ms
VACUUM
Time: 0 hrs, 0 mins, 3 secs, 360 ms

Thu Oct 13 21:15:41 EDT 2011

Timing is on.

           700 - LOAD_BN_SESSION

BEGIN
Time: 0 hrs, 0 mins, 0 secs, 188 ms
SET
Time: 0 hrs, 0 mins, 0 secs, 5 ms
INSERT 0 1789262
Time: 0 hrs, 0 mins, 8 secs, 277 ms
ANALYZE
Time: 0 hrs, 0 mins, 0 secs, 528 ms
END
Time: 0 hrs, 0 mins, 9 secs, 832 ms

Thu Oct 13 21:16:00 EDT 2011

Timing is on.

            750 - LOAD_BN_SESSION_SUMMARY   

BEGIN
Time: 0 hrs, 0 mins, 0 secs, 134 ms
SET
Time: 0 hrs, 0 mins, 0 secs, 9 ms
CREATE TABLE
Time: 0 hrs, 0 mins, 11 secs, 327 ms
TRUNCATE
Time: 0 hrs, 0 mins, 1 secs, 176 ms
INSERT 0 292600
Time: 0 hrs, 0 mins, 3 secs, 872 ms
ANALYZE
Time: 0 hrs, 0 mins, 0 secs, 718 ms
 count(1) 
----------
   292600
(1 row)

Time: 0 hrs, 0 mins, 0 secs, 107 ms
END
Time: 0 hrs, 0 mins, 4 secs, 619 ms

Thu Oct 13 21:16:23 EDT 2011

Timing is on.

           800 - LOAD_BN_HITS

BEGIN
Time: 0 hrs, 0 mins, 0 secs, 175 ms
SET
Time: 0 hrs, 0 mins, 0 secs, 6 ms
SET
Time: 0 hrs, 0 mins, 0 secs, 11 ms
SET
Time: 0 hrs, 0 mins, 0 secs, 10 ms
SET
Time: 0 hrs, 0 mins, 0 secs, 10 ms
TRUNCATE
Time: 0 hrs, 0 mins, 1 secs, 611 ms
INSERT 0 12545503
Time: 0 hrs, 0 mins, 1 secs, 607 ms
 count(1) 
----------
 12545503
(1 row)

Time: 0 hrs, 0 mins, 0 secs, 757 ms
ANALYZE
Time: 0 hrs, 0 mins, 4 secs, 668 ms
END
Time: 0 hrs, 0 mins, 10 secs, 393 ms

Thu Oct 13 21:16:42 EDT 2011

Timing is on.

            900 - LOAD_CLICKSTREAM   

BEGIN
Time: 0 hrs, 0 mins, 0 secs, 121 ms
SET
Time: 0 hrs, 0 mins, 0 secs, 6 ms
TRUNCATE
Time: 0 hrs, 0 mins, 1 secs, 509 ms
INSERT 0 12545503
Time: 0 hrs, 0 mins, 48 secs, 542 ms
 count(1) 
----------
 12545503
(1 row)

Time: 0 hrs, 0 mins, 3 secs, 821 ms
ANALYZE
Time: 0 hrs, 0 mins, 3 secs, 253 ms
END
Time: 0 hrs, 0 mins, 26 secs, 507 ms

Thu Oct 13 21:18:06 EDT 2011

Timing is on.

            1000 - PAGE_VIEW_SUMMARY  

BEGIN
Time: 0 hrs, 0 mins, 0 secs, 132 ms
SET
Time: 0 hrs, 0 mins, 0 secs, 5 ms
SET
Time: 0 hrs, 0 mins, 0 secs, 12 ms
TRUNCATE
Time: 0 hrs, 0 mins, 3 secs, 836 ms
INSERT 0 641589
Time: 0 hrs, 0 mins, 3 secs, 717 ms
 count(1) 
----------
   641589
(1 row)

Time: 0 hrs, 0 mins, 0 secs, 241 ms
ANALYZE
Time: 0 hrs, 0 mins, 0 secs, 105 ms
END
Time: 0 hrs, 0 mins, 14 secs, 748 ms

Thu Oct 13 21:18:29 EDT 2011


2000 - WRAP UP 

Timing is on.
BEGIN
Time: 0 hrs, 0 mins, 0 secs, 149 ms
TRUNCATE
Time: 0 hrs, 0 mins, 0 secs, 824 ms
TRUNCATE
Time: 0 hrs, 0 mins, 1 secs, 55 ms
END
Time: 0 hrs, 0 mins, 6 secs, 320 ms
Thu Oct 13 21:18:38 EDT 2011
Removing lock file and waiting for a minute
Total time taken:  46  minutes.
Running time of run.sh 20111012: 2805 seconds
Checking for lock file /tmp/.iislock
Acquired lock file /tmp/.iislock
deleting simple.htm records - these are just server testing...
DELETE 18
-------------------------------------
Processing for 20111012
-------------------------------------

Fri Oct 14 05:29:04 EDT 2011

Timing is on.

           000 - INIT

BEGIN
Time: 0 hrs, 0 mins, 0 secs, 363 ms
*** Truncating staging tables before workflow starts ***
SET
Time: 0 hrs, 0 mins, 0 secs, 6 ms
GRANT
Time: 0 hrs, 0 mins, 49 secs, 149 ms
END
Time: 0 hrs, 0 mins, 18 secs, 319 ms

Fri Oct 14 05:30:12 EDT 2011

Timing is on.

            200 - LOAD_BN_IISLOGS   

BEGIN
Time: 0 hrs, 0 mins, 0 secs, 124 ms
SET
Time: 0 hrs, 0 mins, 0 secs, 7 ms
TRUNCATE
Time: 0 hrs, 0 mins, 6 secs, 100 ms
INSERT 0 62862537
Time: 0 hrs, 14 mins, 11 secs, 158 ms
END
Time: 0 hrs, 2 mins, 2 secs, 71 ms
ALTER TABLE
Time: 0 hrs, 1 mins, 4 secs, 542 ms

Fri Oct 14 05:47:36 EDT 2011

Timing is on.
BEGIN
Time: 0 hrs, 0 mins, 0 secs, 336 ms
SET
Time: 0 hrs, 0 mins, 0 secs, 7 ms

            250 - LOAD_BN_HITS_SP   

TRUNCATE
Time: 0 hrs, 0 mins, 2 secs, 220 ms
INSERT 0 23149352
Time: 0 hrs, 7 mins, 20 secs, 415 ms
ANALYZE
Time: 0 hrs, 0 mins, 25 secs, 993 ms
END
Time: 0 hrs, 0 mins, 46 secs, 96 ms

Fri Oct 14 05:56:12 EDT 2011

Timing is on.
BEGIN
Time: 0 hrs, 0 mins, 0 secs, 145 ms
SET
Time: 0 hrs, 0 mins, 0 secs, 6 ms

           300 - DYNAMIC FILTER

TRUNCATE
Time: 0 hrs, 0 mins, 1 secs, 72 ms
INSERT 0 18976554
Time: 0 hrs, 0 mins, 15 secs, 234 ms
ANALYZE
Time: 0 hrs, 0 mins, 0 secs, 714 ms
 Total records in web_click_cnt 
--------------------------------
                       18976554
(1 row)

Time: 0 hrs, 0 mins, 0 secs, 538 ms
CREATE TABLE
Time: 0 hrs, 2 mins, 13 secs, 444 ms
ANALYZE
Time: 0 hrs, 0 mins, 0 secs, 205 ms
CREATE TABLE
Time: 0 hrs, 0 mins, 3 secs, 393 ms
ANALYZE
Time: 0 hrs, 0 mins, 0 secs, 50 ms
DELETE 1
Time: 0 hrs, 0 mins, 1 secs, 777 ms
INSERT 0 1
Time: 0 hrs, 0 mins, 1 secs, 937 ms
DELETE 1
Time: 0 hrs, 0 mins, 0 secs, 69 ms
INSERT 0 1
Time: 0 hrs, 0 mins, 0 secs, 784 ms
CREATE TABLE
Time: 0 hrs, 0 mins, 43 secs, 526 ms
ANALYZE
Time: 0 hrs, 0 mins, 1 secs, 812 ms
CREATE TABLE
Time: 0 hrs, 0 mins, 7 secs, 527 ms
ANALYZE
Time: 0 hrs, 0 mins, 0 secs, 41 ms
DELETE 1
Time: 0 hrs, 0 mins, 0 secs, 62 ms
INSERT 0 1
Time: 0 hrs, 0 mins, 9 secs, 131 ms
DELETE 1
Time: 0 hrs, 0 mins, 0 secs, 62 ms
INSERT 0 1
Time: 0 hrs, 0 mins, 2 secs, 851 ms
ANALYZE
Time: 0 hrs, 0 mins, 0 secs, 490 ms
    tablename     |    attr_name    | attr_value 
------------------+-----------------+------------
 BN_FILTER_SPIDER | CLK_USER_SD_MPL | 10
 BN_FILTER_SPIDER | IP_USER_SD_MPL  | 1
 BN_FILTER_SPIDER | IP_USER_RATIO   | .955
 BN_FILTER_SPIDER | CLK_USER_MEAN   | 11.739
 BN_FILTER_SPIDER | CLK_USER_SD     | 45.277
 BN_FILTER_SPIDER | IP_USER_MEAN    | 21.213
 BN_FILTER_SPIDER | IP_USER_SD      | 1588.384
(7 rows)

Time: 0 hrs, 0 mins, 2 secs, 350 ms
CREATE TABLE
Time: 0 hrs, 2 mins, 38 secs, 701 ms
CREATE TABLE
Time: 0 hrs, 0 mins, 1 secs, 118 ms
 l_mean_sd_mpl 
---------------
       464.509
(1 row)

Time: 0 hrs, 0 mins, 0 secs, 622 ms
TRUNCATE
Time: 0 hrs, 0 mins, 3 secs, 213 ms
INSERT 0 612
Time: 0 hrs, 2 mins, 33 secs, 445 ms
ANALYZE
Time: 0 hrs, 0 mins, 1 secs, 462 ms
 Total click_user bn_spider_ip records 
---------------------------------------
                                   612
(1 row)

Time: 0 hrs, 0 mins, 1 secs, 37 ms
CREATE TABLE
Time: 0 hrs, 2 mins, 56 secs, 448 ms
ANALYZE
Time: 0 hrs, 0 mins, 0 secs, 21 ms
CREATE TABLE
Time: 0 hrs, 0 mins, 59 secs, 870 ms
ANALYZE
Time: 0 hrs, 0 mins, 0 secs, 33 ms
DROP 
Time: 0 hrs, 0 mins, 0 secs, 78 ms
CREATE TABLE
Time: 0 hrs, 0 mins, 3 secs, 913 ms
 l_mean_sd_mpl | l_ratio 
---------------+---------
      1609.597 |   0.955
(1 row)

Time: 0 hrs, 0 mins, 1 secs, 691 ms
INSERT 0 16241043
Time: 0 hrs, 2 mins, 31 secs, 886 ms
ANALYZE
Time: 0 hrs, 0 mins, 2 secs, 391 ms
 Total ip_user_filter bn_spider_ip records 
-------------------------------------------
                                  16241043
(1 row)

Time: 0 hrs, 0 mins, 1 secs, 715 ms
TRUNCATE
Time: 0 hrs, 0 mins, 9 secs, 39 ms
INSERT 0 16832252
Time: 0 hrs, 1 mins, 1 secs, 113 ms
ANALYZE
Time: 0 hrs, 0 mins, 15 secs, 906 ms
 bn_hits_stage 
---------------
      16832252
(1 row)

Time: 0 hrs, 0 mins, 1 secs, 876 ms
INSERT 0 17226165
Time: 0 hrs, 4 mins, 1 secs, 153 ms
ANALYZE
Time: 0 hrs, 0 mins, 54 secs, 739 ms
 bn_hits_sp_20111012 
---------------------
            40375517
(1 row)

Time: 0 hrs, 0 mins, 52 secs, 956 ms
TRUNCATE
Time: 0 hrs, 0 mins, 26 secs, 328 ms
INSERT 0 5654768
Time: 0 hrs, 0 mins, 15 secs, 57 ms
ANALYZE
Time: 0 hrs, 0 mins, 4 secs, 332 ms
 bn_hits_client_20111012 
-------------------------
                 5654768
(1 row)

Time: 0 hrs, 0 mins, 13 secs, 540 ms
END
Time: 0 hrs, 1 mins, 5 secs, 553 ms

Fri Oct 14 06:21:18 EDT 2011

Timing is on.
BEGIN
Time: 0 hrs, 0 mins, 0 secs, 159 ms

           600 - LOAD RESOURCES

SET
Time: 0 hrs, 0 mins, 0 secs, 6 ms
CREATE TABLE
Time: 0 hrs, 2 mins, 9 secs, 714 ms
ANALYZE
Time: 0 hrs, 0 mins, 2 secs, 741 ms
 tmp_a_count 
-------------
      724373
(1 row)

Time: 0 hrs, 0 mins, 3 secs, 752 ms
UPDATE 0
Time: 0 hrs, 0 mins, 11 secs, 258 ms
ANALYZE
Time: 0 hrs, 0 mins, 4 secs, 153 ms
TRUNCATE
Time: 0 hrs, 0 mins, 17 secs, 788 ms
INSERT 0 37030
Time: 0 hrs, 2 mins, 48 secs, 433 ms
ANALYZE
Time: 0 hrs, 0 mins, 3 secs, 182 ms
 first_resource_id | last_resource_id 
-------------------+------------------
          49212816 |         49249845
(1 row)

Time: 0 hrs, 0 mins, 0 secs, 115 ms
INSERT 0 37030
Time: 0 hrs, 0 mins, 11 secs, 403 ms
 total_resources 
-----------------
        49225441
(1 row)

Time: 0 hrs, 0 mins, 3 secs, 813 ms
ANALYZE
Time: 0 hrs, 0 mins, 1 secs, 511 ms
END
Time: 0 hrs, 0 mins, 36 secs, 358 ms
VACUUM
Time: 0 hrs, 0 mins, 44 secs, 209 ms

Fri Oct 14 06:28:37 EDT 2011

Timing is on.

           650 - LOAD_BN_SESSION_STAGE

BEGIN
Time: 0 hrs, 0 mins, 6 secs, 134 ms
SET
Time: 0 hrs, 0 mins, 0 secs, 7 ms
SET
Time: 0 hrs, 0 mins, 0 secs, 13 ms
CREATE TABLE
Time: 0 hrs, 3 mins, 47 secs, 417 ms
ANALYZE
Time: 0 hrs, 0 mins, 16 secs, 301 ms
 tmp_sessionized_stage 
-----------------------
              16832252
(1 row)

Time: 0 hrs, 0 mins, 15 secs, 310 ms
TRUNCATE
Time: 0 hrs, 0 mins, 18 secs, 155 ms
INSERT 0 2358289
Time: 0 hrs, 2 mins, 5 secs, 409 ms
ANALYZE
Time: 0 hrs, 0 mins, 18 secs, 659 ms
CREATE TABLE
Time: 0 hrs, 3 mins, 46 secs, 941 ms
CREATE INDEX
Time: 0 hrs, 0 mins, 1 secs, 570 ms
 tmp_first_last 
----------------
        2358289
(1 row)

Time: 0 hrs, 0 mins, 1 secs, 127 ms
ANALYZE
Time: 0 hrs, 0 mins, 0 secs, 672 ms
SET
Time: 0 hrs, 0 mins, 0 secs, 18 ms
SET
Time: 0 hrs, 0 mins, 0 secs, 18 ms
TRUNCATE
Time: 0 hrs, 0 mins, 8 secs, 257 ms
DROP 
Time: 0 hrs, 0 mins, 1 secs, 440 ms
INSERT 0 2358289
Time: 0 hrs, 0 mins, 6 secs, 243 ms
 bn_session_stage 
------------------
          2358289
(1 row)

Time: 0 hrs, 0 mins, 10 secs, 499 ms
CREATE INDEX
Time: 0 hrs, 0 mins, 3 secs, 444 ms
ANALYZE
Time: 0 hrs, 0 mins, 0 secs, 812 ms
TRUNCATE
Time: 0 hrs, 0 mins, 9 secs, 322 ms
END
Time: 0 hrs, 0 mins, 33 secs, 455 ms

Fri Oct 14 06:40:49 EDT 2011

BEGIN

           660 - LOAD_BN_SESSION_UPDATE_STAGE

SET
TRUNCATE
INSERT 0 0
END

Fri Oct 14 06:41:18 EDT 2011

Timing is on.

           670 - LOAD_BN_SESSION_20111012.UPDATES

BEGIN
Time: 0 hrs, 0 mins, 5 secs, 573 ms
SET
Time: 0 hrs, 0 mins, 0 secs, 7 ms
UPDATE 0
Time: 0 hrs, 0 mins, 0 secs, 197 ms
END
Time: 0 hrs, 0 mins, 29 secs, 654 ms
VACUUM
Time: 0 hrs, 0 mins, 7 secs, 317 ms

Fri Oct 14 06:42:01 EDT 2011

Timing is on.

           700 - LOAD_BN_SESSION

BEGIN
Time: 0 hrs, 0 mins, 2 secs, 90 ms
SET
Time: 0 hrs, 0 mins, 0 secs, 6 ms
INSERT 0 2358289
Time: 0 hrs, 0 mins, 29 secs, 135 ms
ANALYZE
Time: 0 hrs, 0 mins, 3 secs, 742 ms
END
Time: 0 hrs, 0 mins, 12 secs, 196 ms

Fri Oct 14 06:42:49 EDT 2011

Timing is on.

            750 - LOAD_BN_SESSION_SUMMARY   

BEGIN
Time: 0 hrs, 0 mins, 12 secs, 678 ms
SET
Time: 0 hrs, 0 mins, 0 secs, 7 ms
CREATE TABLE
Time: 0 hrs, 0 mins, 19 secs, 973 ms
TRUNCATE
Time: 0 hrs, 0 mins, 2 secs, 779 ms
INSERT 0 356105
Time: 0 hrs, 0 mins, 5 secs, 503 ms
ANALYZE
Time: 0 hrs, 0 mins, 0 secs, 700 ms
 count(1) 
----------
   356105
(1 row)

Time: 0 hrs, 0 mins, 0 secs, 671 ms
END
Time: 0 hrs, 0 mins, 5 secs, 574 ms

Fri Oct 14 06:43:37 EDT 2011

Timing is on.

           800 - LOAD_BN_HITS

BEGIN
Time: 0 hrs, 0 mins, 1 secs, 48 ms
SET
Time: 0 hrs, 0 mins, 0 secs, 7 ms
SET
Time: 0 hrs, 0 mins, 0 secs, 11 ms
SET
Time: 0 hrs, 0 mins, 0 secs, 10 ms
SET
Time: 0 hrs, 0 mins, 0 secs, 10 ms
TRUNCATE
Time: 0 hrs, 0 mins, 3 secs, 983 ms
INSERT 0 16832252
Time: 0 hrs, 0 mins, 11 secs, 75 ms
 count(1) 
----------
 16832252
(1 row)

Time: 0 hrs, 0 mins, 7 secs, 481 ms
ANALYZE
Time: 0 hrs, 0 mins, 4 secs, 950 ms
END
Time: 0 hrs, 0 mins, 16 secs, 835 ms

Fri Oct 14 06:44:23 EDT 2011

Timing is on.

            900 - LOAD_CLICKSTREAM   

BEGIN
Time: 0 hrs, 0 mins, 1 secs, 460 ms
SET
Time: 0 hrs, 0 mins, 0 secs, 6 ms
TRUNCATE
Time: 0 hrs, 0 mins, 0 secs, 906 ms
INSERT 0 16832252
Time: 0 hrs, 1 mins, 38 secs, 349 ms
 count(1) 
----------
 16832252
(1 row)

Time: 0 hrs, 0 mins, 0 secs, 717 ms
ANALYZE
Time: 0 hrs, 0 mins, 2 secs, 474 ms
END
Time: 0 hrs, 0 mins, 8 secs, 599 ms

Fri Oct 14 06:46:16 EDT 2011

Timing is on.

            1000 - PAGE_VIEW_SUMMARY  

BEGIN
Time: 0 hrs, 0 mins, 1 secs, 239 ms
SET
Time: 0 hrs, 0 mins, 0 secs, 7 ms
SET
Time: 0 hrs, 0 mins, 0 secs, 12 ms
TRUNCATE
Time: 0 hrs, 0 mins, 1 secs, 867 ms
INSERT 0 735895
Time: 0 hrs, 0 mins, 4 secs, 486 ms
 count(1) 
----------
   735895
(1 row)

Time: 0 hrs, 0 mins, 0 secs, 194 ms
ANALYZE
Time: 0 hrs, 0 mins, 0 secs, 83 ms
END
Time: 0 hrs, 0 mins, 16 secs, 440 ms

Fri Oct 14 06:46:40 EDT 2011


2000 - WRAP UP 

Timing is on.
BEGIN
Time: 0 hrs, 0 mins, 0 secs, 121 ms
TRUNCATE
Time: 0 hrs, 0 mins, 1 secs, 94 ms
TRUNCATE
Time: 0 hrs, 0 mins, 0 secs, 855 ms
END
Time: 0 hrs, 0 mins, 3 secs, 406 ms
Fri Oct 14 06:46:46 EDT 2011
Removing lock file and waiting for a minute
Total time taken:  79  minutes.
Running time of run.sh 20111012: 79 minutes
