Checking for lock file /tmp/.iislock
Acquired lock file /tmp/.iislock
-------------------------------------
Processing for 20110329
-------------------------------------

Thu Mar 31 04:45:39 EDT 2011

Timing is on.

           000 - INIT

BEGIN
Time: 0 hrs, 0 mins, 0 secs, 714 ms
*** Truncating staging tables before workflow starts ***
SET
Time: 0 hrs, 0 mins, 0 secs, 10 ms
GRANT
Time: 0 hrs, 0 mins, 3 secs, 21 ms
END
Time: 0 hrs, 0 mins, 7 secs, 705 ms

Thu Mar 31 04:45:50 EDT 2011

Timing is on.

            200 - LOAD_BN_IISLOGS   

BEGIN
Time: 0 hrs, 0 mins, 0 secs, 594 ms
SET
Time: 0 hrs, 0 mins, 0 secs, 7 ms
TRUNCATE
Time: 0 hrs, 0 mins, 0 secs, 312 ms
INSERT 0 58219707
Time: 0 hrs, 8 mins, 27 secs, 893 ms
END
Time: 0 hrs, 0 mins, 32 secs, 435 ms
ALTER TABLE
Time: 0 hrs, 0 mins, 16 secs, 38 ms

Thu Mar 31 04:55:08 EDT 2011

Timing is on.
BEGIN
Time: 0 hrs, 0 mins, 1 secs, 88 ms
SET
Time: 0 hrs, 0 mins, 0 secs, 8 ms

            250 - LOAD_BN_HITS_SP   

TRUNCATE
Time: 0 hrs, 0 mins, 2 secs, 849 ms
INSERT 0 17115089
Time: 0 hrs, 3 mins, 28 secs, 958 ms
ANALYZE
Time: 0 hrs, 0 mins, 8 secs, 739 ms
END
Time: 0 hrs, 0 mins, 46 secs, 410 ms

Thu Mar 31 04:59:36 EDT 2011

Timing is on.
BEGIN
Time: 0 hrs, 0 mins, 0 secs, 658 ms
SET
Time: 0 hrs, 0 mins, 0 secs, 9 ms

           300 - DYNAMIC FILTER

TRUNCATE
Time: 0 hrs, 0 mins, 2 secs, 392 ms
INSERT 0 11396529
Time: 0 hrs, 0 mins, 12 secs, 348 ms
ANALYZE
Time: 0 hrs, 0 mins, 0 secs, 481 ms
 Total records in web_click_cnt 
--------------------------------
                       11396529
(1 row)

Time: 0 hrs, 0 mins, 1 secs, 304 ms
CREATE TABLE
Time: 0 hrs, 0 mins, 2 secs, 718 ms
ANALYZE
Time: 0 hrs, 0 mins, 0 secs, 145 ms
CREATE TABLE
Time: 0 hrs, 0 mins, 0 secs, 481 ms
ANALYZE
Time: 0 hrs, 0 mins, 0 secs, 104 ms
DELETE 1
Time: 0 hrs, 0 mins, 0 secs, 178 ms
INSERT 0 1
Time: 0 hrs, 0 mins, 0 secs, 208 ms
DELETE 1
Time: 0 hrs, 0 mins, 0 secs, 74 ms
INSERT 0 1
Time: 0 hrs, 0 mins, 0 secs, 346 ms
CREATE TABLE
Time: 0 hrs, 0 mins, 3 secs, 235 ms
ANALYZE
Time: 0 hrs, 0 mins, 0 secs, 101 ms
CREATE TABLE
Time: 0 hrs, 0 mins, 0 secs, 983 ms
ANALYZE
Time: 0 hrs, 0 mins, 0 secs, 137 ms
DELETE 1
Time: 0 hrs, 0 mins, 0 secs, 101 ms
INSERT 0 1
Time: 0 hrs, 0 mins, 0 secs, 638 ms
DELETE 1
Time: 0 hrs, 0 mins, 0 secs, 88 ms
INSERT 0 1
Time: 0 hrs, 0 mins, 0 secs, 355 ms
ANALYZE
Time: 0 hrs, 0 mins, 0 secs, 126 ms
    tablename     |    attr_name    | attr_value 
------------------+-----------------+------------
 BN_FILTER_SPIDER | CLK_USER_SD_MPL | 10
 BN_FILTER_SPIDER | IP_USER_SD_MPL  | 1
 BN_FILTER_SPIDER | IP_USER_RATIO   | .955
 BN_FILTER_SPIDER | CLK_USER_MEAN   | 15.996
 BN_FILTER_SPIDER | CLK_USER_SD     | 183.538
 BN_FILTER_SPIDER | IP_USER_MEAN    | 12.254
 BN_FILTER_SPIDER | IP_USER_SD      | 1832.612
(7 rows)

Time: 0 hrs, 0 mins, 0 secs, 609 ms
CREATE TABLE
Time: 0 hrs, 0 mins, 4 secs, 998 ms
CREATE TABLE
Time: 0 hrs, 0 mins, 0 secs, 660 ms
 l_mean_sd_mpl 
---------------
      1851.376
(1 row)

Time: 0 hrs, 0 mins, 0 secs, 127 ms
TRUNCATE
Time: 0 hrs, 0 mins, 1 secs, 153 ms
INSERT 0 85
Time: 0 hrs, 0 mins, 3 secs, 952 ms
ANALYZE
Time: 0 hrs, 0 mins, 0 secs, 266 ms
 Total click_user bn_spider_ip records 
---------------------------------------
                                    85
(1 row)

Time: 0 hrs, 0 mins, 0 secs, 622 ms
CREATE TABLE
Time: 0 hrs, 0 mins, 2 secs, 269 ms
ANALYZE
Time: 0 hrs, 0 mins, 0 secs, 61 ms
CREATE TABLE
Time: 0 hrs, 0 mins, 2 secs, 859 ms
ANALYZE
Time: 0 hrs, 0 mins, 0 secs, 81 ms
DROP 
Time: 0 hrs, 0 mins, 0 secs, 431 ms
CREATE TABLE
Time: 0 hrs, 0 mins, 3 secs, 161 ms
 l_mean_sd_mpl | l_ratio 
---------------+---------
      1844.866 |   0.955
(1 row)

Time: 0 hrs, 0 mins, 0 secs, 148 ms
INSERT 0 9109466
Time: 0 hrs, 0 mins, 5 secs, 85 ms
ANALYZE
Time: 0 hrs, 0 mins, 0 secs, 259 ms
 Total ip_user_filter bn_spider_ip records 
-------------------------------------------
                                   9109466
(1 row)

Time: 0 hrs, 0 mins, 0 secs, 367 ms
TRUNCATE
Time: 0 hrs, 0 mins, 0 secs, 587 ms
INSERT 0 21707569
Time: 0 hrs, 0 mins, 19 secs, 549 ms
ANALYZE
Time: 0 hrs, 0 mins, 3 secs, 684 ms
 bn_hits_stage 
---------------
      21707569
(1 row)

Time: 0 hrs, 0 mins, 0 secs, 723 ms
INSERT 0 11516981
Time: 0 hrs, 0 mins, 40 secs, 976 ms
ANALYZE
Time: 0 hrs, 0 mins, 7 secs, 181 ms
 bn_hits_sp_20110329 
---------------------
            28632070
(1 row)

Time: 0 hrs, 0 mins, 4 secs, 974 ms
TRUNCATE
Time: 0 hrs, 0 mins, 1 secs, 270 ms
INSERT 0 7880068
Time: 0 hrs, 0 mins, 7 secs, 241 ms
ANALYZE
Time: 0 hrs, 0 mins, 2 secs, 29 ms
 bn_hits_client_20110329 
-------------------------
                 7880068
(1 row)

Time: 0 hrs, 0 mins, 0 secs, 124 ms
END
Time: 0 hrs, 0 mins, 1 secs, 662 ms

Thu Mar 31 05:02:01 EDT 2011

Timing is on.
BEGIN
Time: 0 hrs, 0 mins, 0 secs, 927 ms

           600 - LOAD RESOURCES

SET
Time: 0 hrs, 0 mins, 0 secs, 10 ms
CREATE TABLE
Time: 0 hrs, 0 mins, 4 secs, 706 ms
ANALYZE
Time: 0 hrs, 0 mins, 0 secs, 424 ms
 tmp_a_count 
-------------
       41548
(1 row)

Time: 0 hrs, 0 mins, 0 secs, 97 ms
UPDATE 0
Time: 0 hrs, 0 mins, 1 secs, 694 ms
ANALYZE
Time: 0 hrs, 0 mins, 0 secs, 551 ms
TRUNCATE
Time: 0 hrs, 0 mins, 0 secs, 870 ms
INSERT 0 1352
Time: 0 hrs, 0 mins, 3 secs, 358 ms
ANALYZE
Time: 0 hrs, 0 mins, 0 secs, 149 ms
 first_resource_id | last_resource_id 
-------------------+------------------
          13087436 |         13088787
(1 row)

Time: 0 hrs, 0 mins, 0 secs, 76 ms
INSERT 0 1352
Time: 0 hrs, 0 mins, 0 secs, 596 ms
 total_resources 
-----------------
        13064392
(1 row)

Time: 0 hrs, 0 mins, 0 secs, 121 ms
ANALYZE
Time: 0 hrs, 0 mins, 0 secs, 765 ms
END
Time: 0 hrs, 0 mins, 1 secs, 391 ms
VACUUM
Time: 0 hrs, 0 mins, 16 secs, 539 ms

Thu Mar 31 05:02:33 EDT 2011

Timing is on.

           650 - LOAD_BN_SESSION_STAGE

BEGIN
Time: 0 hrs, 0 mins, 0 secs, 680 ms
SET
Time: 0 hrs, 0 mins, 0 secs, 8 ms
SET
Time: 0 hrs, 0 mins, 0 secs, 21 ms
CREATE TABLE
Time: 0 hrs, 0 mins, 38 secs, 362 ms
ANALYZE
Time: 0 hrs, 0 mins, 3 secs, 486 ms
 tmp_sessionized_stage 
-----------------------
              21707569
(1 row)

Time: 0 hrs, 0 mins, 0 secs, 643 ms
TRUNCATE
Time: 0 hrs, 0 mins, 0 secs, 423 ms
INSERT 0 1960398
Time: 0 hrs, 0 mins, 24 secs, 899 ms
ANALYZE
Time: 0 hrs, 0 mins, 1 secs, 113 ms
CREATE TABLE
Time: 0 hrs, 0 mins, 48 secs, 210 ms
CREATE INDEX
Time: 0 hrs, 0 mins, 0 secs, 194 ms
 tmp_first_last 
----------------
        1960398
(1 row)

Time: 0 hrs, 0 mins, 0 secs, 82 ms
ANALYZE
Time: 0 hrs, 0 mins, 0 secs, 707 ms
SET
Time: 0 hrs, 0 mins, 0 secs, 17 ms
SET
Time: 0 hrs, 0 mins, 0 secs, 15 ms
TRUNCATE
Time: 0 hrs, 0 mins, 0 secs, 709 ms
DROP
Time: 0 hrs, 0 mins, 0 secs, 56 ms
INSERT 0 1960398
Time: 0 hrs, 0 mins, 7 secs, 681 ms
 bn_session_stage 
------------------
          1960398
(1 row)

Time: 0 hrs, 0 mins, 0 secs, 509 ms
CREATE INDEX
Time: 0 hrs, 0 mins, 0 secs, 510 ms
ANALYZE
Time: 0 hrs, 0 mins, 0 secs, 940 ms
TRUNCATE
Time: 0 hrs, 0 mins, 0 secs, 462 ms
END
Time: 0 hrs, 0 mins, 1 secs, 522 ms

Thu Mar 31 05:04:45 EDT 2011

BEGIN

           660 - LOAD_BN_SESSION_UPDATE_STAGE

SET
TRUNCATE
INSERT 0 0
END

Thu Mar 31 05:04:49 EDT 2011

Timing is on.

           670 - LOAD_BN_SESSION_20110329.UPDATES

BEGIN
Time: 0 hrs, 0 mins, 0 secs, 616 ms
SET
Time: 0 hrs, 0 mins, 0 secs, 7 ms
UPDATE 0
Time: 0 hrs, 0 mins, 0 secs, 430 ms
END
Time: 0 hrs, 0 mins, 0 secs, 641 ms
VACUUM
Time: 0 hrs, 0 mins, 5 secs, 884 ms

Thu Mar 31 05:04:57 EDT 2011

Timing is on.

           700 - LOAD_BN_SESSION

BEGIN
Time: 0 hrs, 0 mins, 0 secs, 712 ms
SET
Time: 0 hrs, 0 mins, 0 secs, 10 ms
INSERT 0 1960398
Time: 0 hrs, 0 mins, 6 secs, 228 ms
ANALYZE
Time: 0 hrs, 0 mins, 1 secs, 85 ms
END
Time: 0 hrs, 0 mins, 1 secs, 145 ms

Thu Mar 31 05:05:06 EDT 2011

Timing is on.

            750 - LOAD_BN_SESSION_SUMMARY   

BEGIN
Time: 0 hrs, 0 mins, 0 secs, 752 ms
SET
Time: 0 hrs, 0 mins, 0 secs, 8 ms
CREATE TABLE
Time: 0 hrs, 0 mins, 4 secs, 615 ms
TRUNCATE
Time: 0 hrs, 0 mins, 0 secs, 498 ms
INSERT 0 236122
Time: 0 hrs, 0 mins, 4 secs, 302 ms
ANALYZE
Time: 0 hrs, 0 mins, 0 secs, 609 ms
 count(1) 
----------
   236122
(1 row)

Time: 0 hrs, 0 mins, 0 secs, 75 ms
END
Time: 0 hrs, 0 mins, 1 secs, 187 ms

Thu Mar 31 05:05:18 EDT 2011

Timing is on.

           800 - LOAD_BN_HITS

BEGIN
Time: 0 hrs, 0 mins, 0 secs, 827 ms
SET
Time: 0 hrs, 0 mins, 0 secs, 13 ms
SET
Time: 0 hrs, 0 mins, 0 secs, 19 ms
SET
Time: 0 hrs, 0 mins, 0 secs, 27 ms
SET
Time: 0 hrs, 0 mins, 0 secs, 19 ms
TRUNCATE
Time: 0 hrs, 0 mins, 0 secs, 465 ms
INSERT 0 21707569
Time: 0 hrs, 0 mins, 4 secs, 749 ms
 count(1) 
----------
 21707569
(1 row)

Time: 0 hrs, 0 mins, 2 secs, 516 ms
ANALYZE
Time: 0 hrs, 0 mins, 4 secs, 460 ms
END
Time: 0 hrs, 0 mins, 4 secs, 872 ms

Thu Mar 31 05:05:36 EDT 2011

Timing is on.

            900 - LOAD_CLICKSTREAM   

BEGIN
Time: 0 hrs, 0 mins, 0 secs, 808 ms
SET
Time: 0 hrs, 0 mins, 0 secs, 9 ms
TRUNCATE
Time: 0 hrs, 0 mins, 1 secs, 459 ms
INSERT 0 21707569
Time: 0 hrs, 1 mins, 23 secs, 45 ms
 count(1) 
----------
 21707569
(1 row)

Time: 0 hrs, 0 mins, 0 secs, 437 ms
ANALYZE
Time: 0 hrs, 0 mins, 1 secs, 340 ms
END
Time: 0 hrs, 0 mins, 3 secs, 822 ms

Thu Mar 31 05:07:07 EDT 2011

Timing is on.

            1000 - PAGE_VIEW_SUMMARY  

BEGIN
Time: 0 hrs, 0 mins, 0 secs, 736 ms
SET
Time: 0 hrs, 0 mins, 0 secs, 12 ms
SET
Time: 0 hrs, 0 mins, 0 secs, 14 ms
TRUNCATE
Time: 0 hrs, 0 mins, 0 secs, 680 ms
INSERT 0 48746
Time: 0 hrs, 0 mins, 3 secs, 804 ms
 count(1) 
----------
    48746
(1 row)

Time: 0 hrs, 0 mins, 0 secs, 114 ms
ANALYZE
Time: 0 hrs, 0 mins, 0 secs, 70 ms
END
Time: 0 hrs, 0 mins, 3 secs, 598 ms

Thu Mar 31 05:07:17 EDT 2011


2000 - WRAP UP 

Timing is on.
BEGIN
Time: 0 hrs, 0 mins, 0 secs, 681 ms
TRUNCATE
Time: 0 hrs, 0 mins, 0 secs, 442 ms
TRUNCATE
Time: 0 hrs, 0 mins, 0 secs, 345 ms
END
Time: 0 hrs, 0 mins, 1 secs, 698 ms
Thu Mar 31 05:07:20 EDT 2011
Removing lock file and waiting for a minute
