Acquired lock file 
deleting simple.htm records - these are just server testing...
DELETE 5898365
-------------------------------------
Processing for 20110821
-------------------------------------

Mon Aug 22 04:46:18 EDT 2011

Timing is on.

           000 - INIT

BEGIN
Time: 0 hrs, 0 mins, 0 secs, 920 ms
*** Truncating staging tables before workflow starts ***
SET
Time: 0 hrs, 0 mins, 0 secs, 11 ms
GRANT
Time: 0 hrs, 0 mins, 1 secs, 825 ms
END
Time: 0 hrs, 0 mins, 3 secs, 703 ms

Mon Aug 22 04:46:26 EDT 2011

Timing is on.

            200 - LOAD_BN_IISLOGS   

BEGIN
Time: 0 hrs, 0 mins, 1 secs, 200 ms
SET
Time: 0 hrs, 0 mins, 0 secs, 9 ms
TRUNCATE
Time: 0 hrs, 0 mins, 1 secs, 348 ms
INSERT 0 56353498
Time: 0 hrs, 9 mins, 17 secs, 625 ms
END
Time: 0 hrs, 0 mins, 19 secs, 214 ms
ALTER TABLE
Time: 0 hrs, 9 mins, 47 secs, 714 ms

Mon Aug 22 05:05:53 EDT 2011

Timing is on.
BEGIN
Time: 0 hrs, 0 mins, 3 secs, 596 ms
SET
Time: 0 hrs, 0 mins, 0 secs, 40 ms

            250 - LOAD_BN_HITS_SP   

TRUNCATE
Time: 0 hrs, 0 mins, 3 secs, 377 ms
INSERT 0 20751148
Time: 0 hrs, 4 mins, 37 secs, 183 ms
ANALYZE
Time: 0 hrs, 5 mins, 3 secs, 143 ms
END
Time: 0 hrs, 4 mins, 46 secs, 709 ms

Mon Aug 22 05:20:28 EDT 2011

Timing is on.
BEGIN
Time: 0 hrs, 0 mins, 8 secs, 380 ms
SET
Time: 0 hrs, 0 mins, 0 secs, 12 ms

           300 - DYNAMIC FILTER

TRUNCATE
Time: 0 hrs, 0 mins, 13 secs, 82 ms
INSERT 0 16333978
Time: 0 hrs, 0 mins, 41 secs, 998 ms
ANALYZE
Time: 0 hrs, 0 mins, 2 secs, 295 ms
 Total records in web_click_cnt 
--------------------------------
                       16333978
(1 row)

Time: 0 hrs, 0 mins, 6 secs, 460 ms
CREATE TABLE
Time: 0 hrs, 0 mins, 24 secs, 598 ms
ANALYZE
Time: 0 hrs, 0 mins, 0 secs, 372 ms
CREATE TABLE
Time: 0 hrs, 0 mins, 3 secs, 804 ms
ANALYZE
Time: 0 hrs, 0 mins, 0 secs, 272 ms
DELETE 1
Time: 0 hrs, 0 mins, 2 secs, 619 ms
INSERT 0 1
Time: 0 hrs, 0 mins, 0 secs, 869 ms
DELETE 1
Time: 0 hrs, 0 mins, 0 secs, 89 ms
INSERT 0 1
Time: 0 hrs, 0 mins, 2 secs, 581 ms
CREATE TABLE
Time: 0 hrs, 0 mins, 6 secs, 819 ms
ANALYZE
Time: 0 hrs, 0 mins, 0 secs, 103 ms
CREATE TABLE
Time: 0 hrs, 0 mins, 4 secs, 395 ms
ANALYZE
Time: 0 hrs, 0 mins, 0 secs, 819 ms
DELETE 1
Time: 0 hrs, 0 mins, 0 secs, 88 ms
INSERT 0 1
Time: 0 hrs, 0 mins, 1 secs, 23 ms
DELETE 1
Time: 0 hrs, 0 mins, 0 secs, 96 ms
INSERT 0 1
Time: 0 hrs, 0 mins, 0 secs, 620 ms
ANALYZE
Time: 0 hrs, 0 mins, 0 secs, 681 ms
    tablename     |    attr_name    | attr_value 
------------------+-----------------+------------
 BN_FILTER_SPIDER | CLK_USER_SD_MPL | 10
 BN_FILTER_SPIDER | IP_USER_SD_MPL  | 1
 BN_FILTER_SPIDER | IP_USER_RATIO   | .955
 BN_FILTER_SPIDER | CLK_USER_MEAN   | 13.114
 BN_FILTER_SPIDER | CLK_USER_SD     | 73.886
 BN_FILTER_SPIDER | IP_USER_MEAN    | 21.512
 BN_FILTER_SPIDER | IP_USER_SD      | 1690.174
(7 rows)

Time: 0 hrs, 0 mins, 1 secs, 7 ms
CREATE TABLE
Time: 0 hrs, 0 mins, 11 secs, 221 ms
CREATE TABLE
Time: 0 hrs, 0 mins, 3 secs, 775 ms
 l_mean_sd_mpl 
---------------
       751.974
(1 row)

Time: 0 hrs, 0 mins, 2 secs, 358 ms
TRUNCATE
Time: 0 hrs, 0 mins, 3 secs, 656 ms
INSERT 0 290
Time: 0 hrs, 0 mins, 19 secs, 349 ms
ANALYZE
Time: 0 hrs, 0 mins, 0 secs, 372 ms
 Total click_user bn_spider_ip records 
---------------------------------------
                                   290
(1 row)

Time: 0 hrs, 0 mins, 0 secs, 377 ms
CREATE TABLE
Time: 0 hrs, 0 mins, 10 secs, 704 ms
ANALYZE
Time: 0 hrs, 0 mins, 0 secs, 252 ms
CREATE TABLE
Time: 0 hrs, 0 mins, 13 secs, 637 ms
ANALYZE
Time: 0 hrs, 0 mins, 0 secs, 162 ms
DROP 
Time: 0 hrs, 0 mins, 0 secs, 247 ms
CREATE TABLE
Time: 0 hrs, 0 mins, 6 secs, 329 ms
 l_mean_sd_mpl | l_ratio 
---------------+---------
      1711.686 |   0.955
(1 row)

Time: 0 hrs, 0 mins, 0 secs, 634 ms
INSERT 0 14177132
Time: 0 hrs, 0 mins, 15 secs, 74 ms
ANALYZE
Time: 0 hrs, 0 mins, 0 secs, 815 ms
 Total ip_user_filter bn_spider_ip records 
-------------------------------------------
                                  14177132
(1 row)

Time: 0 hrs, 0 mins, 0 secs, 486 ms
TRUNCATE
Time: 0 hrs, 0 mins, 3 secs, 689 ms
INSERT 0 15034572
Time: 0 hrs, 1 mins, 18 secs, 307 ms
ANALYZE
Time: 0 hrs, 0 mins, 7 secs, 559 ms
 bn_hits_stage 
---------------
      15034572
(1 row)

Time: 0 hrs, 0 mins, 0 secs, 359 ms
INSERT 0 14868413
Time: 0 hrs, 0 mins, 52 secs, 184 ms
ANALYZE
Time: 0 hrs, 1 mins, 5 secs, 560 ms
 bn_hits_sp_20110821 
---------------------
            35619561
(1 row)

Time: 0 hrs, 0 mins, 21 secs, 245 ms
TRUNCATE
Time: 0 hrs, 0 mins, 7 secs, 378 ms
INSERT 0 5699365
Time: 0 hrs, 0 mins, 19 secs, 179 ms
ANALYZE
Time: 0 hrs, 0 mins, 4 secs, 183 ms
 bn_hits_client_20110821 
-------------------------
                 5699365
(1 row)

Time: 0 hrs, 0 mins, 0 secs, 245 ms
END
Time: 0 hrs, 2 mins, 9 secs, 609 ms

Mon Aug 22 05:30:31 EDT 2011

Timing is on.
BEGIN
Time: 0 hrs, 0 mins, 3 secs, 695 ms

           600 - LOAD RESOURCES

SET
Time: 0 hrs, 0 mins, 0 secs, 15 ms
CREATE TABLE
Time: 0 hrs, 2 mins, 58 secs, 800 ms
ANALYZE
Time: 0 hrs, 0 mins, 2 secs, 523 ms
 tmp_a_count 
-------------
      421231
(1 row)

Time: 0 hrs, 0 mins, 0 secs, 771 ms
UPDATE 0
Time: 0 hrs, 0 mins, 5 secs, 631 ms
ANALYZE
Time: 0 hrs, 0 mins, 1 secs, 168 ms
TRUNCATE
Time: 0 hrs, 0 mins, 2 secs, 47 ms
INSERT 0 159744
Time: 0 hrs, 0 mins, 34 secs, 968 ms
ANALYZE
Time: 0 hrs, 0 mins, 0 secs, 879 ms
 first_resource_id | last_resource_id 
-------------------+------------------
          38051007 |         38210750
(1 row)

Time: 0 hrs, 0 mins, 2 secs, 286 ms
INSERT 0 159744
Time: 0 hrs, 0 mins, 3 secs, 261 ms
 total_resources 
-----------------
        38186347
(1 row)

Time: 0 hrs, 0 mins, 2 secs, 192 ms
ANALYZE
Time: 0 hrs, 0 mins, 0 secs, 667 ms
END
Time: 0 hrs, 1 mins, 56 secs, 740 ms
VACUUM
Time: 0 hrs, 5 mins, 0 secs, 944 ms

Mon Aug 22 05:41:27 EDT 2011

Timing is on.

           650 - LOAD_BN_SESSION_STAGE

BEGIN
Time: 0 hrs, 0 mins, 15 secs, 647 ms
SET
Time: 0 hrs, 0 mins, 0 secs, 18 ms
SET
Time: 0 hrs, 0 mins, 0 secs, 36 ms
CREATE TABLE
Time: 0 hrs, 0 mins, 52 secs, 774 ms
ANALYZE
Time: 0 hrs, 0 mins, 3 secs, 982 ms
 tmp_sessionized_stage 
-----------------------
              15034572
(1 row)

Time: 0 hrs, 0 mins, 0 secs, 725 ms
TRUNCATE
Time: 0 hrs, 0 mins, 0 secs, 816 ms
INSERT 0 1860442
Time: 0 hrs, 0 mins, 35 secs, 180 ms
ANALYZE
Time: 0 hrs, 0 mins, 1 secs, 574 ms
CREATE TABLE
Time: 0 hrs, 6 mins, 12 secs, 261 ms
CREATE INDEX
Time: 0 hrs, 0 mins, 4 secs, 59 ms
 tmp_first_last 
----------------
        1860442
(1 row)

Time: 0 hrs, 0 mins, 0 secs, 656 ms
ANALYZE
Time: 0 hrs, 0 mins, 1 secs, 12 ms
SET
Time: 0 hrs, 0 mins, 0 secs, 48 ms
SET
Time: 0 hrs, 0 mins, 0 secs, 266 ms
TRUNCATE
Time: 0 hrs, 0 mins, 2 secs, 586 ms
DROP
Time: 0 hrs, 0 mins, 0 secs, 334 ms
INSERT 0 1860442
Time: 0 hrs, 0 mins, 9 secs, 593 ms
 bn_session_stage 
------------------
          1860442
(1 row)

Time: 0 hrs, 0 mins, 1 secs, 809 ms
CREATE INDEX
Time: 0 hrs, 0 mins, 2 secs, 313 ms
ANALYZE
Time: 0 hrs, 0 mins, 1 secs, 436 ms
TRUNCATE
Time: 0 hrs, 0 mins, 1 secs, 216 ms
END
Time: 0 hrs, 1 mins, 44 secs, 366 ms

Mon Aug 22 05:51:41 EDT 2011

BEGIN

           660 - LOAD_BN_SESSION_UPDATE_STAGE

SET
TRUNCATE
INSERT 0 0
END

Mon Aug 22 05:52:46 EDT 2011

Timing is on.

           670 - LOAD_BN_SESSION_20110821.UPDATES

BEGIN
Time: 0 hrs, 0 mins, 4 secs, 537 ms
SET
Time: 0 hrs, 0 mins, 0 secs, 26 ms
UPDATE 0
Time: 0 hrs, 0 mins, 1 secs, 5 ms
END
Time: 0 hrs, 1 mins, 32 secs, 651 ms
VACUUM
Time: 0 hrs, 1 mins, 11 secs, 11 ms

Mon Aug 22 05:55:35 EDT 2011

Timing is on.

           700 - LOAD_BN_SESSION

BEGIN
Time: 0 hrs, 0 mins, 15 secs, 868 ms
SET
Time: 0 hrs, 0 mins, 0 secs, 16 ms
INSERT 0 1860442
Time: 0 hrs, 3 mins, 39 secs, 102 ms
ANALYZE
Time: 0 hrs, 0 mins, 1 secs, 183 ms
END
Time: 0 hrs, 0 mins, 42 secs, 665 ms

Mon Aug 22 06:00:15 EDT 2011

Timing is on.

            750 - LOAD_BN_SESSION_SUMMARY   

BEGIN
Time: 0 hrs, 0 mins, 1 secs, 315 ms
SET
Time: 0 hrs, 0 mins, 0 secs, 15 ms
CREATE TABLE
Time: 0 hrs, 0 mins, 20 secs, 356 ms
TRUNCATE
Time: 0 hrs, 0 mins, 1 secs, 629 ms
INSERT 0 249375
Time: 0 hrs, 0 mins, 6 secs, 830 ms
ANALYZE
Time: 0 hrs, 0 mins, 0 secs, 834 ms
 count(1) 
----------
   249375
(1 row)

Time: 0 hrs, 0 mins, 0 secs, 512 ms
END
Time: 0 hrs, 0 mins, 34 secs, 634 ms

Mon Aug 22 06:01:21 EDT 2011

Timing is on.

           800 - LOAD_BN_HITS

BEGIN
Time: 0 hrs, 0 mins, 2 secs, 397 ms
SET
Time: 0 hrs, 0 mins, 0 secs, 22 ms
SET
Time: 0 hrs, 0 mins, 0 secs, 33 ms
SET
Time: 0 hrs, 0 mins, 0 secs, 27 ms
SET
Time: 0 hrs, 0 mins, 0 secs, 229 ms
TRUNCATE
Time: 0 hrs, 0 mins, 2 secs, 433 ms
INSERT 0 15034572
Time: 0 hrs, 0 mins, 47 secs, 351 ms
 count(1) 
----------
 15034572
(1 row)

Time: 0 hrs, 0 mins, 10 secs, 674 ms
ANALYZE
Time: 0 hrs, 0 mins, 4 secs, 21 ms
END
Time: 0 hrs, 3 mins, 21 secs, 228 ms

Mon Aug 22 06:05:50 EDT 2011

Timing is on.

            900 - LOAD_CLICKSTREAM   

BEGIN
Time: 0 hrs, 0 mins, 2 secs, 597 ms
SET
Time: 0 hrs, 0 mins, 0 secs, 17 ms
TRUNCATE
Time: 0 hrs, 0 mins, 3 secs, 161 ms
INSERT 0 15034572
Time: 0 hrs, 6 mins, 38 secs, 188 ms
 count(1) 
----------
 15034572
(1 row)

Time: 0 hrs, 0 mins, 0 secs, 251 ms
ANALYZE
Time: 0 hrs, 0 mins, 1 secs, 214 ms
END
Time: 0 hrs, 0 mins, 24 secs, 855 ms

Mon Aug 22 06:13:01 EDT 2011

Timing is on.

            1000 - PAGE_VIEW_SUMMARY  

BEGIN
Time: 0 hrs, 0 mins, 1 secs, 643 ms
SET
Time: 0 hrs, 0 mins, 0 secs, 15 ms
SET
Time: 0 hrs, 0 mins, 0 secs, 12 ms
TRUNCATE
Time: 0 hrs, 0 mins, 1 secs, 556 ms
INSERT 0 431582
Time: 0 hrs, 0 mins, 11 secs, 760 ms
 count(1) 
----------
   431582
(1 row)

Time: 0 hrs, 0 mins, 0 secs, 118 ms
ANALYZE
Time: 0 hrs, 0 mins, 0 secs, 519 ms
END
Time: 0 hrs, 0 mins, 51 secs, 687 ms

Mon Aug 22 06:14:09 EDT 2011


2000 - WRAP UP 

Timing is on.
BEGIN
Time: 0 hrs, 0 mins, 2 secs, 85 ms
TRUNCATE
Time: 0 hrs, 0 mins, 0 secs, 682 ms
TRUNCATE
Time: 0 hrs, 0 mins, 1 secs, 142 ms
END
Time: 0 hrs, 0 mins, 14 secs, 860 ms
Mon Aug 22 06:14:27 EDT 2011
Removing lock file and waiting for a minute
rm: missing operand
Try `rm --help' for more information.
Total time taken:  89  minutes.
Running time of run.sh 20110821: 5394 seconds
Acquired lock file 
deleting simple.htm records - these are just server testing...
DELETE 30
-------------------------------------
Processing for 20110821
-------------------------------------

Tue Aug 23 07:19:21 EDT 2011

Timing is on.

           000 - INIT

BEGIN
Time: 0 hrs, 0 mins, 0 secs, 917 ms
*** Truncating staging tables before workflow starts ***
SET
Time: 0 hrs, 0 mins, 0 secs, 10 ms
GRANT
Time: 0 hrs, 0 mins, 5 secs, 268 ms
END
Time: 0 hrs, 0 mins, 1 secs, 477 ms

Tue Aug 23 07:19:29 EDT 2011

Timing is on.

            200 - LOAD_BN_IISLOGS   

BEGIN
Time: 0 hrs, 0 mins, 0 secs, 832 ms
SET
Time: 0 hrs, 0 mins, 0 secs, 11 ms
TRUNCATE
Time: 0 hrs, 0 mins, 0 secs, 578 ms
INSERT 0 77687821
Time: 0 hrs, 12 mins, 12 secs, 376 ms
END
Time: 0 hrs, 4 mins, 13 secs, 535 ms
ALTER TABLE
Time: 0 hrs, 0 mins, 6 secs, 609 ms

Tue Aug 23 07:36:04 EDT 2011

Timing is on.
BEGIN
Time: 0 hrs, 0 mins, 2 secs, 498 ms
SET
Time: 0 hrs, 0 mins, 0 secs, 15 ms

            250 - LOAD_BN_HITS_SP   

TRUNCATE
Time: 0 hrs, 0 mins, 2 secs, 595 ms
INSERT 0 28022938
Time: 0 hrs, 5 mins, 14 secs, 594 ms
ANALYZE
Time: 0 hrs, 5 mins, 42 secs, 818 ms
END
Time: 0 hrs, 0 mins, 33 secs, 629 ms

Tue Aug 23 07:47:40 EDT 2011

Timing is on.
BEGIN
Time: 0 hrs, 0 mins, 5 secs, 382 ms
SET
Time: 0 hrs, 0 mins, 0 secs, 23 ms

           300 - DYNAMIC FILTER

TRUNCATE
Time: 0 hrs, 0 mins, 2 secs, 908 ms
INSERT 0 21147874
Time: 0 hrs, 0 mins, 35 secs, 32 ms
ANALYZE
Time: 0 hrs, 0 mins, 2 secs, 71 ms
 Total records in web_click_cnt 
--------------------------------
                       21147874
(1 row)

Time: 0 hrs, 0 mins, 1 secs, 170 ms
CREATE TABLE
Time: 0 hrs, 0 mins, 13 secs, 80 ms
ANALYZE
Time: 0 hrs, 0 mins, 0 secs, 287 ms
CREATE TABLE
Time: 0 hrs, 0 mins, 8 secs, 320 ms
ANALYZE
Time: 0 hrs, 0 mins, 0 secs, 729 ms
DELETE 1
Time: 0 hrs, 0 mins, 0 secs, 628 ms
INSERT 0 1
Time: 0 hrs, 0 mins, 1 secs, 586 ms
DELETE 1
Time: 0 hrs, 0 mins, 0 secs, 136 ms
INSERT 0 1
Time: 0 hrs, 0 mins, 1 secs, 282 ms
CREATE TABLE
Time: 0 hrs, 0 mins, 8 secs, 14 ms
ANALYZE
Time: 0 hrs, 0 mins, 0 secs, 141 ms
CREATE TABLE
Time: 0 hrs, 0 mins, 3 secs, 435 ms
ANALYZE
Time: 0 hrs, 0 mins, 0 secs, 168 ms
DELETE 1
Time: 0 hrs, 0 mins, 0 secs, 146 ms
INSERT 0 1
Time: 0 hrs, 0 mins, 2 secs, 64 ms
DELETE 1
Time: 0 hrs, 0 mins, 0 secs, 142 ms
INSERT 0 1
Time: 0 hrs, 0 mins, 0 secs, 866 ms
ANALYZE
Time: 0 hrs, 0 mins, 0 secs, 261 ms
    tablename     |    attr_name    | attr_value 
------------------+-----------------+------------
 BN_FILTER_SPIDER | CLK_USER_SD_MPL | 10
 BN_FILTER_SPIDER | IP_USER_SD_MPL  | 1
 BN_FILTER_SPIDER | IP_USER_RATIO   | .955
 BN_FILTER_SPIDER | CLK_USER_MEAN   | 13.963
 BN_FILTER_SPIDER | CLK_USER_SD     | 77.251
 BN_FILTER_SPIDER | IP_USER_MEAN    | 20.164
 BN_FILTER_SPIDER | IP_USER_SD      | 1867.647
(7 rows)

Time: 0 hrs, 0 mins, 0 secs, 432 ms
CREATE TABLE
Time: 0 hrs, 0 mins, 13 secs, 644 ms
CREATE TABLE
Time: 0 hrs, 0 mins, 3 secs, 697 ms
 l_mean_sd_mpl 
---------------
       786.473
(1 row)

Time: 0 hrs, 0 mins, 0 secs, 162 ms
TRUNCATE
Time: 0 hrs, 0 mins, 2 secs, 487 ms
INSERT 0 343
Time: 0 hrs, 0 mins, 16 secs, 204 ms
ANALYZE
Time: 0 hrs, 0 mins, 0 secs, 201 ms
 Total click_user bn_spider_ip records 
---------------------------------------
                                   343
(1 row)

Time: 0 hrs, 0 mins, 0 secs, 218 ms
CREATE TABLE
Time: 0 hrs, 0 mins, 3 secs, 575 ms
ANALYZE
Time: 0 hrs, 0 mins, 0 secs, 105 ms
CREATE TABLE
Time: 0 hrs, 0 mins, 4 secs, 543 ms
ANALYZE
Time: 0 hrs, 0 mins, 0 secs, 318 ms
DROP 
Time: 0 hrs, 0 mins, 0 secs, 256 ms
CREATE TABLE
Time: 0 hrs, 0 mins, 2 secs, 472 ms
 l_mean_sd_mpl | l_ratio 
---------------+---------
      1887.811 |   0.955
(1 row)

Time: 0 hrs, 0 mins, 1 secs, 114 ms
INSERT 0 18275514
Time: 0 hrs, 0 mins, 19 secs, 906 ms
ANALYZE
Time: 0 hrs, 0 mins, 0 secs, 529 ms
 Total ip_user_filter bn_spider_ip records 
-------------------------------------------
                                  18275514
(1 row)

Time: 0 hrs, 0 mins, 1 secs, 162 ms
TRUNCATE
Time: 0 hrs, 0 mins, 7 secs, 336 ms
INSERT 0 22082491
Time: 0 hrs, 1 mins, 20 secs, 639 ms
ANALYZE
Time: 0 hrs, 0 mins, 5 secs, 35 ms
 bn_hits_stage 
---------------
      22082491
(1 row)

Time: 0 hrs, 0 mins, 0 secs, 750 ms
INSERT 0 19158794
Time: 0 hrs, 0 mins, 56 secs, 471 ms
ANALYZE
Time: 0 hrs, 1 mins, 46 secs, 127 ms
 bn_hits_sp_20110821 
---------------------
            47181732
(1 row)

Time: 0 hrs, 0 mins, 15 secs, 825 ms
TRUNCATE
Time: 0 hrs, 0 mins, 1 secs, 587 ms
INSERT 0 8423598
Time: 0 hrs, 0 mins, 10 secs, 99 ms
ANALYZE
Time: 0 hrs, 0 mins, 3 secs, 379 ms
 bn_hits_client_20110821 
-------------------------
                 8423598
(1 row)

Time: 0 hrs, 0 mins, 1 secs, 193 ms
END
Time: 0 hrs, 0 mins, 37 secs, 174 ms

Tue Aug 23 07:55:45 EDT 2011

Timing is on.
BEGIN
Time: 0 hrs, 0 mins, 9 secs, 673 ms

           600 - LOAD RESOURCES

SET
Time: 0 hrs, 0 mins, 0 secs, 21 ms
CREATE TABLE
Time: 0 hrs, 0 mins, 41 secs, 103 ms
ANALYZE
Time: 0 hrs, 0 mins, 2 secs, 243 ms
 tmp_a_count 
-------------
      549034
(1 row)

Time: 0 hrs, 0 mins, 1 secs, 145 ms
UPDATE 0
Time: 0 hrs, 0 mins, 5 secs, 8 ms
ANALYZE
Time: 0 hrs, 0 mins, 0 secs, 693 ms
TRUNCATE
Time: 0 hrs, 0 mins, 1 secs, 43 ms
INSERT 0 59820
Time: 0 hrs, 0 mins, 28 secs, 457 ms
ANALYZE
Time: 0 hrs, 0 mins, 0 secs, 513 ms
 first_resource_id | last_resource_id 
-------------------+------------------
          38479416 |         38539235
(1 row)

Time: 0 hrs, 0 mins, 0 secs, 456 ms
INSERT 0 59820
Time: 0 hrs, 0 mins, 1 secs, 201 ms
 total_resources 
-----------------
        38514832
(1 row)

Time: 0 hrs, 0 mins, 0 secs, 507 ms
ANALYZE
Time: 0 hrs, 0 mins, 0 secs, 693 ms
END
Time: 0 hrs, 0 mins, 9 secs, 739 ms
VACUUM
Time: 0 hrs, 0 mins, 45 secs, 236 ms

Tue Aug 23 07:58:13 EDT 2011

Timing is on.

           650 - LOAD_BN_SESSION_STAGE

BEGIN
Time: 0 hrs, 0 mins, 0 secs, 864 ms
SET
Time: 0 hrs, 0 mins, 0 secs, 15 ms
SET
Time: 0 hrs, 0 mins, 0 secs, 24 ms
CREATE TABLE
Time: 0 hrs, 0 mins, 50 secs, 172 ms
ANALYZE
Time: 0 hrs, 0 mins, 4 secs, 204 ms
 tmp_sessionized_stage 
-----------------------
              22082491
(1 row)

Time: 0 hrs, 0 mins, 0 secs, 900 ms
TRUNCATE
Time: 0 hrs, 0 mins, 1 secs, 849 ms
INSERT 0 2473630
Time: 0 hrs, 0 mins, 32 secs, 247 ms
ANALYZE
Time: 0 hrs, 0 mins, 0 secs, 786 ms
CREATE TABLE
Time: 0 hrs, 2 mins, 0 secs, 3 ms
CREATE INDEX
Time: 0 hrs, 0 mins, 0 secs, 320 ms
 tmp_first_last 
----------------
        2473630
(1 row)

Time: 0 hrs, 0 mins, 0 secs, 117 ms
ANALYZE
Time: 0 hrs, 0 mins, 1 secs, 72 ms
SET
Time: 0 hrs, 0 mins, 0 secs, 29 ms
SET
Time: 0 hrs, 0 mins, 0 secs, 28 ms
TRUNCATE
Time: 0 hrs, 0 mins, 1 secs, 14 ms
DROP
Time: 0 hrs, 0 mins, 0 secs, 74 ms
INSERT 0 2473630
Time: 0 hrs, 0 mins, 7 secs, 881 ms
 bn_session_stage 
------------------
          2473630
(1 row)

Time: 0 hrs, 0 mins, 1 secs, 155 ms
CREATE INDEX
Time: 0 hrs, 0 mins, 1 secs, 450 ms
ANALYZE
Time: 0 hrs, 0 mins, 1 secs, 528 ms
TRUNCATE
Time: 0 hrs, 0 mins, 1 secs, 200 ms
END
Time: 0 hrs, 0 mins, 9 secs, 299 ms

Tue Aug 23 08:02:10 EDT 2011

BEGIN

           660 - LOAD_BN_SESSION_UPDATE_STAGE

SET
TRUNCATE
INSERT 0 0
END

Tue Aug 23 08:02:26 EDT 2011

Timing is on.

           670 - LOAD_BN_SESSION_20110821.UPDATES

BEGIN
Time: 0 hrs, 0 mins, 1 secs, 820 ms
SET
Time: 0 hrs, 0 mins, 0 secs, 17 ms
UPDATE 0
Time: 0 hrs, 0 mins, 0 secs, 889 ms
END
Time: 0 hrs, 0 mins, 7 secs, 37 ms
VACUUM
Time: 0 hrs, 0 mins, 30 secs, 923 ms

Tue Aug 23 08:03:07 EDT 2011

Timing is on.

           700 - LOAD_BN_SESSION

BEGIN
Time: 0 hrs, 0 mins, 24 secs, 505 ms
SET
Time: 0 hrs, 0 mins, 0 secs, 15 ms
INSERT 0 2473630
Time: 0 hrs, 1 mins, 35 secs, 288 ms
ANALYZE
Time: 0 hrs, 0 mins, 1 secs, 881 ms
END
Time: 0 hrs, 0 mins, 27 secs, 901 ms

Tue Aug 23 08:05:37 EDT 2011

Timing is on.

            750 - LOAD_BN_SESSION_SUMMARY   

BEGIN
Time: 0 hrs, 0 mins, 8 secs, 854 ms
SET
Time: 0 hrs, 0 mins, 0 secs, 36 ms
CREATE TABLE
Time: 0 hrs, 2 mins, 34 secs, 840 ms
TRUNCATE
Time: 0 hrs, 0 mins, 1 secs, 277 ms
INSERT 0 314250
Time: 0 hrs, 2 mins, 55 secs, 928 ms
ANALYZE
Time: 0 hrs, 0 mins, 0 secs, 711 ms
 count(1) 
----------
   314250
(1 row)

Time: 0 hrs, 0 mins, 1 secs, 12 ms
END
Time: 0 hrs, 0 mins, 9 secs, 239 ms

Tue Aug 23 08:11:30 EDT 2011

Timing is on.

           800 - LOAD_BN_HITS

BEGIN
Time: 0 hrs, 0 mins, 1 secs, 659 ms
SET
Time: 0 hrs, 0 mins, 0 secs, 17 ms
SET
Time: 0 hrs, 0 mins, 0 secs, 69 ms
SET
Time: 0 hrs, 0 mins, 0 secs, 31 ms
SET
Time: 0 hrs, 0 mins, 0 secs, 84 ms
TRUNCATE
Time: 0 hrs, 0 mins, 1 secs, 599 ms
INSERT 0 22082491
Time: 0 hrs, 0 mins, 11 secs, 404 ms
 count(1) 
----------
 22082491
(1 row)

Time: 0 hrs, 0 mins, 1 secs, 139 ms
ANALYZE
Time: 0 hrs, 0 mins, 4 secs, 421 ms
END
Time: 0 hrs, 0 mins, 22 secs, 613 ms

Tue Aug 23 08:12:13 EDT 2011

Timing is on.

            900 - LOAD_CLICKSTREAM   

BEGIN
Time: 0 hrs, 0 mins, 1 secs, 575 ms
SET
Time: 0 hrs, 0 mins, 0 secs, 27 ms
TRUNCATE
Time: 0 hrs, 0 mins, 0 secs, 572 ms
INSERT 0 22082491
Time: 0 hrs, 2 mins, 1 secs, 923 ms
 count(1) 
----------
 22082491
(1 row)

Time: 0 hrs, 0 mins, 0 secs, 963 ms
ANALYZE
Time: 0 hrs, 0 mins, 1 secs, 147 ms
END
Time: 0 hrs, 0 mins, 6 secs, 80 ms

Tue Aug 23 08:14:26 EDT 2011

Timing is on.

            1000 - PAGE_VIEW_SUMMARY  

BEGIN
Time: 0 hrs, 0 mins, 0 secs, 922 ms
SET
Time: 0 hrs, 0 mins, 0 secs, 12 ms
SET
Time: 0 hrs, 0 mins, 0 secs, 29 ms
TRUNCATE
Time: 0 hrs, 0 mins, 7 secs, 213 ms
INSERT 0 561801
Time: 0 hrs, 0 mins, 4 secs, 941 ms
 count(1) 
----------
   561801
(1 row)

Time: 0 hrs, 0 mins, 0 secs, 711 ms
ANALYZE
Time: 0 hrs, 0 mins, 0 secs, 150 ms
END
Time: 0 hrs, 0 mins, 3 secs, 781 ms

Tue Aug 23 08:14:44 EDT 2011


2000 - WRAP UP 

Timing is on.
BEGIN
Time: 0 hrs, 0 mins, 1 secs, 43 ms
TRUNCATE
Time: 0 hrs, 0 mins, 0 secs, 705 ms
TRUNCATE
Time: 0 hrs, 0 mins, 0 secs, 598 ms
END
Time: 0 hrs, 0 mins, 1 secs, 79 ms
Tue Aug 23 08:14:47 EDT 2011
Removing lock file and waiting for a minute
rm: missing operand
Try `rm --help' for more information.
Total time taken:  57  minutes.
Running time of run.sh 20110821: 57 minutes
