Checking for lock file /tmp/.iislock
Acquired lock file /tmp/.iislock
deleting simple.htm records - these are just server testing...
DELETE 5396579
-------------------------------------
Processing for 20111217
-------------------------------------

Sun Dec 18 09:45:10 EST 2011

Timing is on.

           000 - INIT

BEGIN
Time: 0 hrs, 0 mins, 3 secs, 768 ms
*** Truncating staging tables before workflow starts ***
SET
Time: 0 hrs, 0 mins, 0 secs, 5 ms
GRANT
Time: 0 hrs, 0 mins, 31 secs, 297 ms
END
Time: 0 hrs, 0 mins, 18 secs, 487 ms

Sun Dec 18 09:46:04 EST 2011

Timing is on.

            200 - LOAD_BN_IISLOGS   

BEGIN
Time: 0 hrs, 0 mins, 7 secs, 154 ms
SET
Time: 0 hrs, 0 mins, 0 secs, 7 ms
TRUNCATE
Time: 0 hrs, 0 mins, 11 secs, 444 ms
INSERT 0 67978284
Time: 0 hrs, 9 mins, 15 secs, 344 ms
END
Time: 0 hrs, 0 mins, 29 secs, 247 ms
ALTER TABLE
Time: 0 hrs, 11 mins, 35 secs, 341 ms

Sun Dec 18 10:07:43 EST 2011

Timing is on.
BEGIN
Time: 0 hrs, 3 mins, 3 secs, 70 ms
SET
Time: 0 hrs, 0 mins, 0 secs, 13 ms

            250 - LOAD_BN_HITS_SP   

TRUNCATE
Time: 0 hrs, 0 mins, 33 secs, 102 ms
INSERT 0 25760372
Time: 0 hrs, 9 mins, 5 secs, 422 ms
ANALYZE
Time: 0 hrs, 0 mins, 25 secs, 148 ms
END
Time: 0 hrs, 2 mins, 53 secs, 589 ms

Sun Dec 18 10:23:44 EST 2011

Timing is on.
BEGIN
Time: 0 hrs, 0 mins, 13 secs, 564 ms
SET
Time: 0 hrs, 0 mins, 0 secs, 6 ms

           300 - DYNAMIC FILTER

TRUNCATE
Time: 0 hrs, 0 mins, 51 secs, 189 ms
INSERT 0 23964715
Time: 0 hrs, 0 mins, 40 secs, 609 ms
ANALYZE
Time: 0 hrs, 0 mins, 3 secs, 698 ms
 Total records in web_click_cnt 
--------------------------------
                       23964715
(1 row)

Time: 0 hrs, 0 mins, 10 secs, 882 ms
CREATE TABLE
Time: 0 hrs, 6 mins, 54 secs, 29 ms
ANALYZE
Time: 0 hrs, 0 mins, 0 secs, 769 ms
CREATE TABLE
Time: 0 hrs, 0 mins, 8 secs, 59 ms
ANALYZE
Time: 0 hrs, 0 mins, 0 secs, 46 ms
DELETE 1
Time: 0 hrs, 0 mins, 1 secs, 697 ms
INSERT 0 1
Time: 0 hrs, 0 mins, 18 secs, 549 ms
DELETE 1
Time: 0 hrs, 0 mins, 0 secs, 64 ms
INSERT 0 1
Time: 0 hrs, 0 mins, 14 secs, 400 ms
CREATE TABLE
Time: 0 hrs, 0 mins, 44 secs, 743 ms
ANALYZE
Time: 0 hrs, 0 mins, 0 secs, 48 ms
CREATE TABLE
Time: 0 hrs, 0 mins, 2 secs, 966 ms
ANALYZE
Time: 0 hrs, 0 mins, 1 secs, 622 ms
DELETE 1
Time: 0 hrs, 0 mins, 0 secs, 90 ms
INSERT 0 1
Time: 0 hrs, 0 mins, 4 secs, 188 ms
DELETE 1
Time: 0 hrs, 0 mins, 0 secs, 67 ms
INSERT 0 1
Time: 0 hrs, 0 mins, 32 secs, 533 ms
ANALYZE
Time: 0 hrs, 0 mins, 1 secs, 119 ms
    tablename     |    attr_name    | attr_value 
------------------+-----------------+------------
 BN_FILTER_SPIDER | CLK_USER_SD_MPL | 10
 BN_FILTER_SPIDER | IP_USER_SD_MPL  | 1
 BN_FILTER_SPIDER | IP_USER_RATIO   | .955
 BN_FILTER_SPIDER | CLK_USER_MEAN   | 9.488
 BN_FILTER_SPIDER | CLK_USER_SD     | 154.820
 BN_FILTER_SPIDER | IP_USER_MEAN    | 20.748
 BN_FILTER_SPIDER | IP_USER_SD      | 4879.843
(7 rows)

Time: 0 hrs, 0 mins, 0 secs, 885 ms
CREATE TABLE
Time: 0 hrs, 0 mins, 17 secs, 955 ms
CREATE TABLE
Time: 0 hrs, 0 mins, 2 secs, 975 ms
 l_mean_sd_mpl 
---------------
      1557.688
(1 row)

Time: 0 hrs, 0 mins, 1 secs, 822 ms
TRUNCATE
Time: 0 hrs, 0 mins, 2 secs, 643 ms
INSERT 0 122
Time: 0 hrs, 0 mins, 21 secs, 911 ms
ANALYZE
Time: 0 hrs, 0 mins, 0 secs, 668 ms
 Total click_user bn_spider_ip records 
---------------------------------------
                                   122
(1 row)

Time: 0 hrs, 0 mins, 4 secs, 264 ms
CREATE TABLE
Time: 0 hrs, 1 mins, 20 secs, 314 ms
ANALYZE
Time: 0 hrs, 0 mins, 0 secs, 27 ms
CREATE TABLE
Time: 0 hrs, 1 mins, 21 secs, 734 ms
ANALYZE
Time: 0 hrs, 0 mins, 9 secs, 205 ms
DROP 
Time: 0 hrs, 0 mins, 0 secs, 108 ms
CREATE TABLE
Time: 0 hrs, 0 mins, 19 secs, 674 ms
 l_mean_sd_mpl | l_ratio 
---------------+---------
      4900.591 |   0.955
(1 row)

Time: 0 hrs, 0 mins, 7 secs, 510 ms
INSERT 0 20504275
Time: 0 hrs, 1 mins, 12 secs, 896 ms
ANALYZE
Time: 0 hrs, 0 mins, 0 secs, 903 ms
 Total ip_user_filter bn_spider_ip records 
-------------------------------------------
                                  20504275
(1 row)

Time: 0 hrs, 0 mins, 7 secs, 478 ms
TRUNCATE
Time: 0 hrs, 0 mins, 9 secs, 847 ms
INSERT 0 17478345
Time: 0 hrs, 1 mins, 41 secs, 899 ms
ANALYZE
Time: 0 hrs, 0 mins, 21 secs, 449 ms
 bn_hits_stage 
---------------
      17478345
(1 row)

Time: 0 hrs, 0 mins, 48 secs, 637 ms
INSERT 0 21380025
Time: 0 hrs, 2 mins, 42 secs, 126 ms
ANALYZE
Time: 0 hrs, 0 mins, 34 secs, 587 ms
 bn_hits_sp_20111217 
---------------------
            47140397
(1 row)

Time: 0 hrs, 0 mins, 14 secs, 965 ms
TRUNCATE
Time: 0 hrs, 0 mins, 17 secs, 258 ms
INSERT 0 3359542
Time: 0 hrs, 0 mins, 17 secs, 454 ms
ANALYZE
Time: 0 hrs, 0 mins, 28 secs, 409 ms
 bn_hits_client_20111217 
-------------------------
                 3359542
(1 row)

Time: 0 hrs, 0 mins, 8 secs, 305 ms
END
Time: 0 hrs, 1 mins, 16 secs, 461 ms

Sun Dec 18 10:49:24 EST 2011

Timing is on.
BEGIN
Time: 0 hrs, 1 mins, 8 secs, 787 ms

           600 - LOAD RESOURCES

SET
Time: 0 hrs, 0 mins, 0 secs, 16 ms
CREATE TABLE
Time: 0 hrs, 4 mins, 6 secs, 927 ms
ANALYZE
Time: 0 hrs, 0 mins, 31 secs, 670 ms
 tmp_a_count 
-------------
     1296766
(1 row)

Time: 0 hrs, 0 mins, 9 secs, 551 ms
UPDATE 0
Time: 0 hrs, 0 mins, 13 secs, 759 ms
ANALYZE
Time: 0 hrs, 0 mins, 3 secs, 215 ms
TRUNCATE
Time: 0 hrs, 0 mins, 6 secs, 336 ms
INSERT 0 469558
Time: 0 hrs, 1 mins, 58 secs, 894 ms
ANALYZE
Time: 0 hrs, 0 mins, 3 secs, 343 ms
 first_resource_id | last_resource_id 
-------------------+------------------
          68202264 |         68671821
(1 row)

Time: 0 hrs, 0 mins, 2 secs, 729 ms
INSERT 0 469558
Time: 0 hrs, 0 mins, 10 secs, 738 ms
 total_resources 
-----------------
        68647358
(1 row)

Time: 0 hrs, 0 mins, 5 secs, 708 ms
ANALYZE
Time: 0 hrs, 0 mins, 3 secs, 66 ms
END
Time: 0 hrs, 1 mins, 11 secs, 345 ms
VACUUM
Time: 0 hrs, 3 mins, 25 secs, 188 ms

Sun Dec 18 11:02:45 EST 2011

Timing is on.

           650 - LOAD_BN_SESSION_STAGE

BEGIN
Time: 0 hrs, 0 mins, 27 secs, 894 ms
SET
Time: 0 hrs, 0 mins, 0 secs, 6 ms
SET
Time: 0 hrs, 0 mins, 0 secs, 11 ms
CREATE TABLE
Time: 0 hrs, 2 mins, 40 secs, 282 ms
ANALYZE
Time: 0 hrs, 0 mins, 7 secs, 286 ms
 tmp_sessionized_stage 
-----------------------
              17478345
(1 row)

Time: 0 hrs, 0 mins, 10 secs, 486 ms
TRUNCATE
Time: 0 hrs, 0 mins, 17 secs, 702 ms
INSERT 0 3166968
Time: 0 hrs, 5 mins, 14 secs, 671 ms
ANALYZE
Time: 0 hrs, 0 mins, 8 secs, 128 ms
CREATE TABLE
Time: 0 hrs, 11 mins, 49 secs, 827 ms
CREATE INDEX
Time: 0 hrs, 0 mins, 32 secs, 423 ms
 tmp_first_last 
----------------
        3166968
(1 row)

Time: 0 hrs, 0 mins, 9 secs, 881 ms
ANALYZE
Time: 0 hrs, 0 mins, 23 secs, 933 ms
SET
Time: 0 hrs, 0 mins, 0 secs, 29 ms
SET
Time: 0 hrs, 0 mins, 0 secs, 30 ms
TRUNCATE
Time: 0 hrs, 0 mins, 20 secs, 297 ms
DROP 
Time: 0 hrs, 0 mins, 13 secs, 322 ms
INSERT 0 3166968
Time: 0 hrs, 0 mins, 22 secs, 885 ms
 bn_session_stage 
------------------
          3166968
(1 row)

Time: 0 hrs, 0 mins, 28 secs, 53 ms
CREATE INDEX
Time: 0 hrs, 0 mins, 12 secs, 855 ms
ANALYZE
Time: 0 hrs, 0 mins, 0 secs, 933 ms
TRUNCATE
Time: 0 hrs, 0 mins, 17 secs, 104 ms
END
Time: 0 hrs, 1 mins, 42 secs, 251 ms

Sun Dec 18 11:28:25 EST 2011

BEGIN

           660 - LOAD_BN_SESSION_UPDATE_STAGE

SET
TRUNCATE
INSERT 0 0
END

Sun Dec 18 11:28:48 EST 2011

Timing is on.

           670 - LOAD_BN_SESSION_20111217.UPDATES

BEGIN
Time: 0 hrs, 0 mins, 0 secs, 362 ms
SET
Time: 0 hrs, 0 mins, 0 secs, 6 ms
UPDATE 0
Time: 0 hrs, 0 mins, 0 secs, 408 ms
END
Time: 0 hrs, 2 mins, 26 secs, 393 ms
VACUUM
Time: 0 hrs, 1 mins, 52 secs, 686 ms

Sun Dec 18 11:33:08 EST 2011

Timing is on.

           700 - LOAD_BN_SESSION

BEGIN
Time: 0 hrs, 0 mins, 10 secs, 53 ms
SET
Time: 0 hrs, 0 mins, 0 secs, 6 ms
INSERT 0 3166968
Time: 0 hrs, 13 mins, 57 secs, 327 ms
ANALYZE
Time: 0 hrs, 0 mins, 2 secs, 779 ms
END
Time: 0 hrs, 0 mins, 30 secs, 493 ms

Sun Dec 18 11:47:49 EST 2011

Timing is on.

            750 - LOAD_BN_SESSION_SUMMARY   

BEGIN
Time: 0 hrs, 0 mins, 1 secs, 57 ms
SET
Time: 0 hrs, 0 mins, 0 secs, 9 ms
CREATE TABLE
Time: 0 hrs, 1 mins, 19 secs, 886 ms
TRUNCATE
Time: 0 hrs, 0 mins, 58 secs, 455 ms
INSERT 0 949524
Time: 0 hrs, 3 mins, 29 secs, 306 ms
ANALYZE
Time: 0 hrs, 0 mins, 27 secs, 918 ms
 count(1) 
----------
   949524
(1 row)

Time: 0 hrs, 0 mins, 9 secs, 80 ms
END
Time: 0 hrs, 1 mins, 39 secs, 194 ms

Sun Dec 18 11:55:54 EST 2011

Timing is on.

           800 - LOAD_BN_HITS

BEGIN
Time: 0 hrs, 0 mins, 1 secs, 798 ms
SET
Time: 0 hrs, 0 mins, 0 secs, 7 ms
SET
Time: 0 hrs, 0 mins, 0 secs, 12 ms
SET
Time: 0 hrs, 0 mins, 0 secs, 10 ms
SET
Time: 0 hrs, 0 mins, 0 secs, 11 ms
TRUNCATE
Time: 0 hrs, 0 mins, 13 secs, 717 ms
INSERT 0 17478345
Time: 0 hrs, 0 mins, 8 secs, 292 ms
 count(1) 
----------
 17478345
(1 row)

Time: 0 hrs, 0 mins, 3 secs, 904 ms
ANALYZE
Time: 0 hrs, 0 mins, 3 secs, 557 ms
END
Time: 0 hrs, 0 mins, 49 secs, 908 ms

Sun Dec 18 11:57:16 EST 2011

Timing is on.

            900 - LOAD_CLICKSTREAM   

BEGIN
Time: 0 hrs, 0 mins, 0 secs, 552 ms
SET
Time: 0 hrs, 0 mins, 0 secs, 7 ms
TRUNCATE
Time: 0 hrs, 0 mins, 10 secs, 352 ms
INSERT 0 17478345
Time: 0 hrs, 37 mins, 55 secs, 950 ms
 count(1) 
----------
 17478345
(1 row)

Time: 0 hrs, 0 mins, 3 secs, 171 ms
ANALYZE
Time: 0 hrs, 0 mins, 6 secs, 752 ms
END
Time: 0 hrs, 2 mins, 2 secs, 937 ms

Sun Dec 18 12:37:36 EST 2011

Timing is on.

            1000 - PAGE_VIEW_SUMMARY  

BEGIN
Time: 0 hrs, 0 mins, 8 secs, 887 ms
SET
Time: 0 hrs, 0 mins, 0 secs, 6 ms
SET
Time: 0 hrs, 0 mins, 0 secs, 20 ms
TRUNCATE
Time: 0 hrs, 0 mins, 9 secs, 607 ms
INSERT 0 1330266
Time: 0 hrs, 5 mins, 24 secs, 54 ms
 count(1) 
----------
  1330266
(1 row)

Time: 0 hrs, 0 mins, 8 secs, 234 ms
ANALYZE
Time: 0 hrs, 0 mins, 2 secs, 755 ms
END
Time: 0 hrs, 4 mins, 41 secs, 691 ms

Sun Dec 18 12:48:11 EST 2011


2000 - WRAP UP 

Timing is on.
BEGIN
Time: 0 hrs, 1 mins, 37 secs, 8 ms
TRUNCATE
Time: 0 hrs, 0 mins, 12 secs, 591 ms
TRUNCATE
Time: 0 hrs, 0 mins, 28 secs, 896 ms
END
Time: 0 hrs, 6 mins, 6 secs, 272 ms
Sun Dec 18 12:56:36 EST 2011
Removing lock file and waiting for a minute
Total time taken:  194  minutes.
Running time of run.sh 20111217: 11674 seconds
Checking for lock file /tmp/.iislock
Acquired lock file /tmp/.iislock
deleting simple.htm records - these are just server testing...
DELETE 2483
-------------------------------------
Processing for 20111217
-------------------------------------

Mon Dec 19 08:20:56 EST 2011

Timing is on.

           000 - INIT

BEGIN
Time: 0 hrs, 0 mins, 0 secs, 143 ms
*** Truncating staging tables before workflow starts ***
SET
Time: 0 hrs, 0 mins, 0 secs, 6 ms
GRANT
Time: 0 hrs, 1 mins, 27 secs, 745 ms
END
Time: 0 hrs, 0 mins, 36 secs, 317 ms

Mon Dec 19 08:23:01 EST 2011

Timing is on.

            200 - LOAD_BN_IISLOGS   

BEGIN
Time: 0 hrs, 0 mins, 1 secs, 401 ms
SET
Time: 0 hrs, 0 mins, 0 secs, 14 ms
TRUNCATE
Time: 0 hrs, 0 mins, 1 secs, 11 ms
INSERT 0 87486608
Time: 0 hrs, 15 mins, 26 secs, 53 ms
END
Time: 0 hrs, 0 mins, 45 secs, 154 ms
ALTER TABLE
Time: 0 hrs, 1 mins, 22 secs, 102 ms

Mon Dec 19 08:40:37 EST 2011

Timing is on.
BEGIN
Time: 0 hrs, 0 mins, 43 secs, 571 ms
SET
Time: 0 hrs, 0 mins, 0 secs, 10 ms

            250 - LOAD_BN_HITS_SP   

TRUNCATE
Time: 0 hrs, 0 mins, 11 secs, 264 ms
INSERT 0 33348731
Time: 0 hrs, 3 mins, 48 secs, 86 ms
ANALYZE
Time: 0 hrs, 0 mins, 6 secs, 979 ms
END
Time: 0 hrs, 2 mins, 44 secs, 108 ms

Mon Dec 19 08:48:11 EST 2011

Timing is on.
BEGIN
Time: 0 hrs, 0 mins, 43 secs, 439 ms
SET
Time: 0 hrs, 0 mins, 0 secs, 8 ms

           300 - DYNAMIC FILTER

TRUNCATE
Time: 0 hrs, 0 mins, 1 secs, 668 ms
INSERT 0 29583383
Time: 0 hrs, 0 mins, 6 secs, 409 ms
ANALYZE
Time: 0 hrs, 0 mins, 1 secs, 977 ms
 Total records in web_click_cnt 
--------------------------------
                       29583383
(1 row)

Time: 0 hrs, 0 mins, 6 secs, 241 ms
CREATE TABLE
Time: 0 hrs, 1 mins, 13 secs, 596 ms
ANALYZE
Time: 0 hrs, 0 mins, 3 secs, 736 ms
CREATE TABLE
Time: 0 hrs, 0 mins, 10 secs, 347 ms
ANALYZE
Time: 0 hrs, 0 mins, 2 secs, 551 ms
DELETE 1
Time: 0 hrs, 0 mins, 3 secs, 905 ms
INSERT 0 1
Time: 0 hrs, 0 mins, 9 secs, 43 ms
DELETE 1
Time: 0 hrs, 0 mins, 1 secs, 38 ms
INSERT 0 1
Time: 0 hrs, 0 mins, 16 secs, 275 ms
CREATE TABLE
Time: 0 hrs, 1 mins, 28 secs, 229 ms
ANALYZE
Time: 0 hrs, 0 mins, 0 secs, 54 ms
CREATE TABLE
Time: 0 hrs, 0 mins, 6 secs, 316 ms
ANALYZE
Time: 0 hrs, 0 mins, 6 secs, 754 ms
DELETE 1
Time: 0 hrs, 0 mins, 0 secs, 96 ms
INSERT 0 1
Time: 0 hrs, 0 mins, 0 secs, 634 ms
DELETE 1
Time: 0 hrs, 0 mins, 0 secs, 80 ms
INSERT 0 1
Time: 0 hrs, 0 mins, 3 secs, 855 ms
ANALYZE
Time: 0 hrs, 0 mins, 2 secs, 185 ms
    tablename     |    attr_name    | attr_value 
------------------+-----------------+------------
 BN_FILTER_SPIDER | CLK_USER_SD_MPL | 10
 BN_FILTER_SPIDER | IP_USER_SD_MPL  | 1
 BN_FILTER_SPIDER | IP_USER_RATIO   | .955
 BN_FILTER_SPIDER | CLK_USER_MEAN   | 9.838
 BN_FILTER_SPIDER | CLK_USER_SD     | 108.379
 BN_FILTER_SPIDER | IP_USER_MEAN    | 20.596
 BN_FILTER_SPIDER | IP_USER_SD      | 5246.626
(7 rows)

Time: 0 hrs, 0 mins, 14 secs, 746 ms
CREATE TABLE
Time: 0 hrs, 0 mins, 33 secs, 874 ms
CREATE TABLE
Time: 0 hrs, 0 mins, 4 secs, 231 ms
 l_mean_sd_mpl 
---------------
      1093.628
(1 row)

Time: 0 hrs, 0 mins, 2 secs, 689 ms
TRUNCATE
Time: 0 hrs, 0 mins, 3 secs, 421 ms
INSERT 0 210
Time: 0 hrs, 0 mins, 27 secs, 745 ms
ANALYZE
Time: 0 hrs, 0 mins, 3 secs, 55 ms
 Total click_user bn_spider_ip records 
---------------------------------------
                                   210
(1 row)

Time: 0 hrs, 0 mins, 3 secs, 427 ms
CREATE TABLE
Time: 0 hrs, 0 mins, 21 secs, 606 ms
ANALYZE
Time: 0 hrs, 0 mins, 0 secs, 30 ms
CREATE TABLE
Time: 0 hrs, 0 mins, 28 secs, 57 ms
ANALYZE
Time: 0 hrs, 0 mins, 0 secs, 45 ms
DROP 
Time: 0 hrs, 0 mins, 0 secs, 108 ms
CREATE TABLE
Time: 0 hrs, 0 mins, 2 secs, 766 ms
 l_mean_sd_mpl | l_ratio 
---------------+---------
      5267.222 |   0.955
(1 row)

Time: 0 hrs, 0 mins, 1 secs, 119 ms
INSERT 0 25205919
Time: 0 hrs, 0 mins, 38 secs, 391 ms
ANALYZE
Time: 0 hrs, 0 mins, 0 secs, 394 ms
 Total ip_user_filter bn_spider_ip records 
-------------------------------------------
                                  25205919
(1 row)

Time: 0 hrs, 0 mins, 2 secs, 424 ms
TRUNCATE
Time: 0 hrs, 0 mins, 7 secs, 816 ms
INSERT 0 22818121
Time: 0 hrs, 0 mins, 51 secs, 925 ms
ANALYZE
Time: 0 hrs, 0 mins, 15 secs, 751 ms
 bn_hits_stage 
---------------
      22818121
(1 row)

Time: 0 hrs, 0 mins, 3 secs, 811 ms
INSERT 0 26386327
Time: 0 hrs, 1 mins, 29 secs, 722 ms
ANALYZE
Time: 0 hrs, 0 mins, 12 secs, 46 ms
 bn_hits_sp_20111217 
---------------------
            59735058
(1 row)

Time: 0 hrs, 0 mins, 7 secs, 69 ms
TRUNCATE
Time: 0 hrs, 0 mins, 9 secs, 615 ms
INSERT 0 4933429
Time: 0 hrs, 0 mins, 4 secs, 762 ms
ANALYZE
Time: 0 hrs, 0 mins, 3 secs, 776 ms
 bn_hits_client_20111217 
-------------------------
                 4933429
(1 row)

Time: 0 hrs, 0 mins, 0 secs, 644 ms
END
Time: 0 hrs, 0 mins, 40 secs, 808 ms

Mon Dec 19 09:00:16 EST 2011

Timing is on.
BEGIN
Time: 0 hrs, 0 mins, 0 secs, 962 ms

           600 - LOAD RESOURCES

SET
Time: 0 hrs, 0 mins, 0 secs, 6 ms
CREATE TABLE
Time: 0 hrs, 2 mins, 9 secs, 618 ms
ANALYZE
Time: 0 hrs, 0 mins, 4 secs, 745 ms
 tmp_a_count 
-------------
     1547832
(1 row)

Time: 0 hrs, 0 mins, 3 secs, 452 ms
UPDATE 0
Time: 0 hrs, 0 mins, 8 secs, 406 ms
ANALYZE
Time: 0 hrs, 0 mins, 1 secs, 463 ms
TRUNCATE
Time: 0 hrs, 0 mins, 3 secs, 133 ms
INSERT 0 116576
Time: 0 hrs, 1 mins, 53 secs, 934 ms
ANALYZE
Time: 0 hrs, 0 mins, 3 secs, 632 ms
 first_resource_id | last_resource_id 
-------------------+------------------
          69273052 |         69389627
(1 row)

Time: 0 hrs, 0 mins, 1 secs, 971 ms
INSERT 0 116576
Time: 0 hrs, 0 mins, 30 secs, 934 ms
 total_resources 
-----------------
        69365164
(1 row)

Time: 0 hrs, 0 mins, 2 secs, 765 ms
ANALYZE
Time: 0 hrs, 0 mins, 0 secs, 941 ms
END
Time: 0 hrs, 0 mins, 52 secs, 630 ms
VACUUM
Time: 0 hrs, 1 mins, 15 secs, 620 ms

Mon Dec 19 09:07:30 EST 2011

Timing is on.

           650 - LOAD_BN_SESSION_STAGE

BEGIN
Time: 0 hrs, 0 mins, 19 secs, 661 ms
SET
Time: 0 hrs, 0 mins, 0 secs, 10 ms
SET
Time: 0 hrs, 0 mins, 0 secs, 19 ms
CREATE TABLE
Time: 0 hrs, 2 mins, 0 secs, 870 ms
ANALYZE
Time: 0 hrs, 0 mins, 6 secs, 154 ms
 tmp_sessionized_stage 
-----------------------
              22818121
(1 row)

Time: 0 hrs, 0 mins, 3 secs, 671 ms
TRUNCATE
Time: 0 hrs, 0 mins, 2 secs, 725 ms
INSERT 0 4028280
Time: 0 hrs, 13 mins, 6 secs, 103 ms
ANALYZE
Time: 0 hrs, 0 mins, 7 secs, 853 ms
CREATE TABLE
Time: 0 hrs, 4 mins, 56 secs, 318 ms
CREATE INDEX
Time: 0 hrs, 0 mins, 4 secs, 597 ms
 tmp_first_last 
----------------
        4028280
(1 row)

Time: 0 hrs, 0 mins, 0 secs, 478 ms
ANALYZE
Time: 0 hrs, 0 mins, 1 secs, 156 ms
SET
Time: 0 hrs, 0 mins, 0 secs, 11 ms
SET
Time: 0 hrs, 0 mins, 0 secs, 12 ms
TRUNCATE
Time: 0 hrs, 0 mins, 11 secs, 84 ms
DROP 
Time: 0 hrs, 0 mins, 1 secs, 869 ms
INSERT 0 4028280
Time: 0 hrs, 0 mins, 9 secs, 336 ms
 bn_session_stage 
------------------
          4028280
(1 row)

Time: 0 hrs, 0 mins, 6 secs, 307 ms
CREATE INDEX
Time: 0 hrs, 0 mins, 2 secs, 802 ms
ANALYZE
Time: 0 hrs, 0 mins, 1 secs, 410 ms
TRUNCATE
Time: 0 hrs, 0 mins, 4 secs, 41 ms
END
Time: 0 hrs, 0 mins, 31 secs, 812 ms

Mon Dec 19 09:29:29 EST 2011

BEGIN

           660 - LOAD_BN_SESSION_UPDATE_STAGE

SET
TRUNCATE
INSERT 0 0
END

Mon Dec 19 09:30:07 EST 2011

Timing is on.

           670 - LOAD_BN_SESSION_20111217.UPDATES

BEGIN
Time: 0 hrs, 0 mins, 0 secs, 294 ms
SET
Time: 0 hrs, 0 mins, 0 secs, 6 ms
UPDATE 0
Time: 0 hrs, 0 mins, 0 secs, 217 ms
END
Time: 0 hrs, 0 mins, 23 secs, 174 ms
VACUUM
Time: 0 hrs, 1 mins, 11 secs, 90 ms

Mon Dec 19 09:31:42 EST 2011

Timing is on.

           700 - LOAD_BN_SESSION

BEGIN
Time: 0 hrs, 0 mins, 5 secs, 623 ms
SET
Time: 0 hrs, 0 mins, 0 secs, 10 ms
INSERT 0 4028280
Time: 0 hrs, 0 mins, 25 secs, 787 ms
ANALYZE
Time: 0 hrs, 0 mins, 1 secs, 960 ms
END
Time: 0 hrs, 0 mins, 15 secs, 961 ms

Mon Dec 19 09:32:32 EST 2011

Timing is on.

            750 - LOAD_BN_SESSION_SUMMARY   

BEGIN
Time: 0 hrs, 0 mins, 0 secs, 163 ms
SET
Time: 0 hrs, 0 mins, 0 secs, 6 ms
CREATE TABLE
Time: 0 hrs, 0 mins, 29 secs, 508 ms
TRUNCATE
Time: 0 hrs, 0 mins, 2 secs, 697 ms
INSERT 0 1142905
Time: 0 hrs, 0 mins, 8 secs, 899 ms
ANALYZE
Time: 0 hrs, 0 mins, 1 secs, 338 ms
 count(1) 
----------
  1142905
(1 row)

Time: 0 hrs, 0 mins, 0 secs, 704 ms
END
Time: 0 hrs, 0 mins, 16 secs, 840 ms

Mon Dec 19 09:33:32 EST 2011

Timing is on.

           800 - LOAD_BN_HITS

BEGIN
Time: 0 hrs, 0 mins, 2 secs, 899 ms
SET
Time: 0 hrs, 0 mins, 0 secs, 9 ms
SET
Time: 0 hrs, 0 mins, 0 secs, 13 ms
SET
Time: 0 hrs, 0 mins, 0 secs, 16 ms
SET
Time: 0 hrs, 0 mins, 0 secs, 25 ms
TRUNCATE
Time: 0 hrs, 0 mins, 7 secs, 992 ms
INSERT 0 22818121
Time: 0 hrs, 0 mins, 11 secs, 944 ms
 count(1) 
----------
 22818121
(1 row)

Time: 0 hrs, 0 mins, 9 secs, 314 ms
ANALYZE
Time: 0 hrs, 0 mins, 5 secs, 317 ms
END
Time: 0 hrs, 0 mins, 27 secs, 861 ms

Mon Dec 19 09:34:38 EST 2011

Timing is on.

            900 - LOAD_CLICKSTREAM   

BEGIN
Time: 0 hrs, 0 mins, 0 secs, 215 ms
SET
Time: 0 hrs, 0 mins, 0 secs, 9 ms
TRUNCATE
Time: 0 hrs, 0 mins, 6 secs, 205 ms
INSERT 0 22818121
Time: 0 hrs, 1 mins, 49 secs, 713 ms
 count(1) 
----------
 22818121
(1 row)

Time: 0 hrs, 0 mins, 2 secs, 192 ms
ANALYZE
Time: 0 hrs, 0 mins, 1 secs, 807 ms
END
Time: 0 hrs, 0 mins, 14 secs, 831 ms

Mon Dec 19 09:36:53 EST 2011

Timing is on.

            1000 - PAGE_VIEW_SUMMARY  

BEGIN
Time: 0 hrs, 0 mins, 1 secs, 588 ms
SET
Time: 0 hrs, 0 mins, 0 secs, 8 ms
SET
Time: 0 hrs, 0 mins, 0 secs, 37 ms
TRUNCATE
Time: 0 hrs, 0 mins, 4 secs, 262 ms
INSERT 0 1588491
Time: 0 hrs, 0 mins, 18 secs, 459 ms
 count(1) 
----------
  1588491
(1 row)

Time: 0 hrs, 0 mins, 5 secs, 206 ms
ANALYZE
Time: 0 hrs, 0 mins, 0 secs, 192 ms
END
Time: 0 hrs, 0 mins, 16 secs, 164 ms

Mon Dec 19 09:37:39 EST 2011


2000 - WRAP UP 

Timing is on.
BEGIN
Time: 0 hrs, 0 mins, 2 secs, 908 ms
TRUNCATE
Time: 0 hrs, 0 mins, 2 secs, 705 ms
TRUNCATE
Time: 0 hrs, 0 mins, 1 secs, 950 ms
END
Time: 0 hrs, 0 mins, 13 secs, 683 ms
Mon Dec 19 09:38:00 EST 2011
Removing lock file and waiting for a minute
Total time taken:  79  minutes.
Running time of run.sh 20111217: 79 minutes
