Checking for lock file /tmp/.iislock
Acquired lock file /tmp/.iislock
-------------------------------------
Processing for 20110719
-------------------------------------

Wed Jul 20 04:42:36 EDT 2011

Timing is on.

           000 - INIT

BEGIN
Time: 0 hrs, 0 mins, 1 secs, 230 ms
*** Truncating staging tables before workflow starts ***
SET
Time: 0 hrs, 0 mins, 0 secs, 13 ms
GRANT
Time: 0 hrs, 0 mins, 2 secs, 833 ms
END
Time: 0 hrs, 0 mins, 5 secs, 875 ms

Wed Jul 20 04:42:46 EDT 2011

Timing is on.

            200 - LOAD_BN_IISLOGS   

BEGIN
Time: 0 hrs, 0 mins, 1 secs, 39 ms
SET
Time: 0 hrs, 0 mins, 0 secs, 10 ms
TRUNCATE
Time: 0 hrs, 0 mins, 1 secs, 990 ms
INSERT 0 65145582
Time: 0 hrs, 10 mins, 26 secs, 629 ms
END
Time: 0 hrs, 0 mins, 7 secs, 666 ms
ALTER TABLE
Time: 0 hrs, 5 mins, 42 secs, 987 ms

Wed Jul 20 04:59:07 EDT 2011

Timing is on.
BEGIN
Time: 0 hrs, 0 mins, 1 secs, 204 ms
SET
Time: 0 hrs, 0 mins, 0 secs, 23 ms

            250 - LOAD_BN_HITS_SP   

TRUNCATE
Time: 0 hrs, 0 mins, 3 secs, 434 ms
INSERT 0 24369826
Time: 0 hrs, 3 mins, 46 secs, 269 ms
ANALYZE
Time: 0 hrs, 1 mins, 51 secs, 273 ms
END
Time: 0 hrs, 2 mins, 18 secs, 588 ms

Wed Jul 20 05:07:08 EDT 2011

Timing is on.
BEGIN
Time: 0 hrs, 0 mins, 5 secs, 427 ms
SET
Time: 0 hrs, 0 mins, 0 secs, 62 ms

           300 - DYNAMIC FILTER

TRUNCATE
Time: 0 hrs, 0 mins, 0 secs, 342 ms
INSERT 0 19723812
Time: 0 hrs, 0 mins, 14 secs, 914 ms
ANALYZE
Time: 0 hrs, 0 mins, 0 secs, 446 ms
 Total records in web_click_cnt 
--------------------------------
                       19723812
(1 row)

Time: 0 hrs, 0 mins, 0 secs, 937 ms
CREATE TABLE
Time: 0 hrs, 0 mins, 41 secs, 49 ms
ANALYZE
Time: 0 hrs, 0 mins, 0 secs, 108 ms
CREATE TABLE
Time: 0 hrs, 0 mins, 1 secs, 286 ms
ANALYZE
Time: 0 hrs, 0 mins, 0 secs, 153 ms
DELETE 1
Time: 0 hrs, 0 mins, 0 secs, 719 ms
INSERT 0 1
Time: 0 hrs, 0 mins, 2 secs, 48 ms
DELETE 1
Time: 0 hrs, 0 mins, 0 secs, 314 ms
INSERT 0 1
Time: 0 hrs, 0 mins, 2 secs, 502 ms
CREATE TABLE
Time: 0 hrs, 0 mins, 29 secs, 400 ms
ANALYZE
Time: 0 hrs, 0 mins, 0 secs, 108 ms
CREATE TABLE
Time: 0 hrs, 0 mins, 0 secs, 725 ms
ANALYZE
Time: 0 hrs, 0 mins, 0 secs, 218 ms
DELETE 1
Time: 0 hrs, 0 mins, 0 secs, 116 ms
INSERT 0 1
Time: 0 hrs, 0 mins, 0 secs, 540 ms
DELETE 1
Time: 0 hrs, 0 mins, 0 secs, 106 ms
INSERT 0 1
Time: 0 hrs, 0 mins, 2 secs, 406 ms
ANALYZE
Time: 0 hrs, 0 mins, 0 secs, 421 ms
    tablename     |    attr_name    | attr_value 
------------------+-----------------+------------
 BN_FILTER_SPIDER | CLK_USER_SD_MPL | 10
 BN_FILTER_SPIDER | IP_USER_SD_MPL  | 1
 BN_FILTER_SPIDER | IP_USER_RATIO   | .955
 BN_FILTER_SPIDER | CLK_USER_MEAN   | 12.283
 BN_FILTER_SPIDER | CLK_USER_SD     | 38.412
 BN_FILTER_SPIDER | IP_USER_MEAN    | 21.589
 BN_FILTER_SPIDER | IP_USER_SD      | 1940.650
(7 rows)

Time: 0 hrs, 0 mins, 1 secs, 178 ms
CREATE TABLE
Time: 0 hrs, 0 mins, 7 secs, 725 ms
CREATE TABLE
Time: 0 hrs, 0 mins, 0 secs, 802 ms
 l_mean_sd_mpl 
---------------
       396.403
(1 row)

Time: 0 hrs, 0 mins, 0 secs, 642 ms
TRUNCATE
Time: 0 hrs, 0 mins, 2 secs, 4 ms
INSERT 0 565
Time: 0 hrs, 0 mins, 16 secs, 637 ms
ANALYZE
Time: 0 hrs, 0 mins, 1 secs, 94 ms
 Total click_user bn_spider_ip records 
---------------------------------------
                                   565
(1 row)

Time: 0 hrs, 0 mins, 0 secs, 236 ms
CREATE TABLE
Time: 0 hrs, 0 mins, 3 secs, 347 ms
ANALYZE
Time: 0 hrs, 0 mins, 0 secs, 59 ms
CREATE TABLE
Time: 0 hrs, 0 mins, 3 secs, 404 ms
ANALYZE
Time: 0 hrs, 0 mins, 0 secs, 574 ms
DROP 
Time: 0 hrs, 0 mins, 0 secs, 395 ms
CREATE TABLE
Time: 0 hrs, 0 mins, 1 secs, 1 ms
 l_mean_sd_mpl | l_ratio 
---------------+---------
      1962.239 |   0.955
(1 row)

Time: 0 hrs, 0 mins, 0 secs, 166 ms
INSERT 0 17299105
Time: 0 hrs, 0 mins, 8 secs, 909 ms
ANALYZE
Time: 0 hrs, 0 mins, 0 secs, 494 ms
 Total ip_user_filter bn_spider_ip records 
-------------------------------------------
                                  17299105
(1 row)

Time: 0 hrs, 0 mins, 1 secs, 104 ms
TRUNCATE
Time: 0 hrs, 0 mins, 1 secs, 278 ms
INSERT 0 17174546
Time: 0 hrs, 0 mins, 41 secs, 331 ms
ANALYZE
Time: 0 hrs, 0 mins, 4 secs, 598 ms
 bn_hits_stage 
---------------
      17174546
(1 row)

Time: 0 hrs, 0 mins, 1 secs, 662 ms
INSERT 0 18019719
Time: 0 hrs, 0 mins, 50 secs, 614 ms
ANALYZE
Time: 0 hrs, 0 mins, 10 secs, 441 ms
 bn_hits_sp_20110719 
---------------------
            42389545
(1 row)

Time: 0 hrs, 0 mins, 6 secs, 946 ms
TRUNCATE
Time: 0 hrs, 0 mins, 0 secs, 748 ms
INSERT 0 5581491
Time: 0 hrs, 0 mins, 5 secs, 390 ms
ANALYZE
Time: 0 hrs, 0 mins, 2 secs, 917 ms
 bn_hits_client_20110719 
-------------------------
                 5581491
(1 row)

Time: 0 hrs, 0 mins, 0 secs, 141 ms
END
Time: 0 hrs, 0 mins, 8 secs, 768 ms

Wed Jul 20 05:11:57 EDT 2011

Timing is on.
BEGIN
Time: 0 hrs, 0 mins, 3 secs, 660 ms

           600 - LOAD RESOURCES

SET
Time: 0 hrs, 0 mins, 0 secs, 13 ms
CREATE TABLE
Time: 0 hrs, 0 mins, 29 secs, 661 ms
ANALYZE
Time: 0 hrs, 0 mins, 0 secs, 618 ms
 tmp_a_count 
-------------
      454600
(1 row)

Time: 0 hrs, 0 mins, 0 secs, 401 ms
UPDATE 0
Time: 0 hrs, 0 mins, 4 secs, 138 ms
ANALYZE
Time: 0 hrs, 0 mins, 0 secs, 847 ms
TRUNCATE
Time: 0 hrs, 0 mins, 4 secs, 246 ms
INSERT 0 169523
Time: 0 hrs, 0 mins, 19 secs, 717 ms
ANALYZE
Time: 0 hrs, 0 mins, 0 secs, 981 ms
 first_resource_id | last_resource_id 
-------------------+------------------
          25634284 |         25803806
(1 row)

Time: 0 hrs, 0 mins, 0 secs, 339 ms
INSERT 0 169523
Time: 0 hrs, 0 mins, 1 secs, 690 ms
 total_resources 
-----------------
        25779410
(1 row)

Time: 0 hrs, 0 mins, 0 secs, 672 ms
ANALYZE
Time: 0 hrs, 0 mins, 1 secs, 10 ms
END
Time: 0 hrs, 0 mins, 4 secs, 170 ms
VACUUM
Time: 0 hrs, 0 mins, 27 secs, 42 ms

Wed Jul 20 05:13:36 EDT 2011

Timing is on.

           650 - LOAD_BN_SESSION_STAGE

BEGIN
Time: 0 hrs, 0 mins, 2 secs, 617 ms
SET
Time: 0 hrs, 0 mins, 0 secs, 11 ms
SET
Time: 0 hrs, 0 mins, 0 secs, 34 ms
CREATE TABLE
Time: 0 hrs, 0 mins, 38 secs, 962 ms
ANALYZE
Time: 0 hrs, 0 mins, 3 secs, 753 ms
 tmp_sessionized_stage 
-----------------------
              17174546
(1 row)

Time: 0 hrs, 0 mins, 0 secs, 486 ms
TRUNCATE
Time: 0 hrs, 0 mins, 1 secs, 228 ms
INSERT 0 2127734
Time: 0 hrs, 0 mins, 28 secs, 957 ms
ANALYZE
Time: 0 hrs, 0 mins, 0 secs, 673 ms
CREATE TABLE
Time: 0 hrs, 1 mins, 32 secs, 356 ms
CREATE INDEX
Time: 0 hrs, 0 mins, 1 secs, 66 ms
 tmp_first_last 
----------------
        2127734
(1 row)

Time: 0 hrs, 0 mins, 0 secs, 120 ms
ANALYZE
Time: 0 hrs, 0 mins, 1 secs, 349 ms
SET
Time: 0 hrs, 0 mins, 0 secs, 21 ms
SET
Time: 0 hrs, 0 mins, 0 secs, 42 ms
TRUNCATE
Time: 0 hrs, 0 mins, 1 secs, 941 ms
DROP
Time: 0 hrs, 0 mins, 0 secs, 220 ms
INSERT 0 2127734
Time: 0 hrs, 0 mins, 6 secs, 847 ms
 bn_session_stage 
------------------
          2127734
(1 row)

Time: 0 hrs, 0 mins, 2 secs, 752 ms
CREATE INDEX
Time: 0 hrs, 0 mins, 5 secs, 210 ms
ANALYZE
Time: 0 hrs, 0 mins, 2 secs, 31 ms
TRUNCATE
Time: 0 hrs, 0 mins, 4 secs, 349 ms
END
Time: 0 hrs, 0 mins, 10 secs, 792 ms

Wed Jul 20 05:17:03 EDT 2011

BEGIN

           660 - LOAD_BN_SESSION_UPDATE_STAGE

SET
TRUNCATE
INSERT 0 0
END

Wed Jul 20 05:17:14 EDT 2011

Timing is on.

           670 - LOAD_BN_SESSION_20110719.UPDATES

BEGIN
Time: 0 hrs, 0 mins, 1 secs, 110 ms
SET
Time: 0 hrs, 0 mins, 0 secs, 11 ms
UPDATE 0
Time: 0 hrs, 0 mins, 0 secs, 496 ms
END
Time: 0 hrs, 0 mins, 26 secs, 653 ms
VACUUM
Time: 0 hrs, 1 mins, 11 secs, 479 ms

Wed Jul 20 05:18:54 EDT 2011

Timing is on.

           700 - LOAD_BN_SESSION

BEGIN
Time: 0 hrs, 0 mins, 0 secs, 892 ms
SET
Time: 0 hrs, 0 mins, 0 secs, 10 ms
INSERT 0 2127734
Time: 0 hrs, 0 mins, 9 secs, 792 ms
ANALYZE
Time: 0 hrs, 0 mins, 1 secs, 15 ms
END
Time: 0 hrs, 0 mins, 17 secs, 920 ms

Wed Jul 20 05:19:24 EDT 2011

Timing is on.

            750 - LOAD_BN_SESSION_SUMMARY   

BEGIN
Time: 0 hrs, 0 mins, 1 secs, 47 ms
SET
Time: 0 hrs, 0 mins, 0 secs, 10 ms
CREATE TABLE
Time: 0 hrs, 0 mins, 8 secs, 805 ms
TRUNCATE
Time: 0 hrs, 0 mins, 0 secs, 523 ms
INSERT 0 284772
Time: 0 hrs, 0 mins, 5 secs, 627 ms
ANALYZE
Time: 0 hrs, 0 mins, 0 secs, 728 ms
 count(1) 
----------
   284772
(1 row)

Time: 0 hrs, 0 mins, 0 secs, 537 ms
END
Time: 0 hrs, 0 mins, 0 secs, 976 ms

Wed Jul 20 05:19:42 EDT 2011

Timing is on.

           800 - LOAD_BN_HITS

BEGIN
Time: 0 hrs, 0 mins, 0 secs, 905 ms
SET
Time: 0 hrs, 0 mins, 0 secs, 14 ms
SET
Time: 0 hrs, 0 mins, 0 secs, 18 ms
SET
Time: 0 hrs, 0 mins, 0 secs, 18 ms
SET
Time: 0 hrs, 0 mins, 0 secs, 25 ms
TRUNCATE
Time: 0 hrs, 0 mins, 0 secs, 505 ms
INSERT 0 17174546
Time: 0 hrs, 0 mins, 4 secs, 564 ms
 count(1) 
----------
 17174546
(1 row)

Time: 0 hrs, 0 mins, 1 secs, 522 ms
ANALYZE
Time: 0 hrs, 0 mins, 4 secs, 758 ms
END
Time: 0 hrs, 0 mins, 14 secs, 478 ms

Wed Jul 20 05:20:10 EDT 2011

Timing is on.

            900 - LOAD_CLICKSTREAM   

BEGIN
Time: 0 hrs, 0 mins, 0 secs, 967 ms
SET
Time: 0 hrs, 0 mins, 0 secs, 13 ms
TRUNCATE
Time: 0 hrs, 0 mins, 0 secs, 571 ms
INSERT 0 17174546
Time: 0 hrs, 3 mins, 12 secs, 551 ms
 count(1) 
----------
 17174546
(1 row)

Time: 0 hrs, 0 mins, 0 secs, 712 ms
ANALYZE
Time: 0 hrs, 0 mins, 1 secs, 218 ms
END
Time: 0 hrs, 0 mins, 4 secs, 923 ms

Wed Jul 20 05:23:31 EDT 2011

Timing is on.

            1000 - PAGE_VIEW_SUMMARY  

BEGIN
Time: 0 hrs, 0 mins, 0 secs, 885 ms
SET
Time: 0 hrs, 0 mins, 0 secs, 13 ms
SET
Time: 0 hrs, 0 mins, 0 secs, 19 ms
TRUNCATE
Time: 0 hrs, 0 mins, 0 secs, 624 ms
INSERT 0 466794
Time: 0 hrs, 0 mins, 35 secs, 419 ms
 count(1) 
----------
   466794
(1 row)

Time: 0 hrs, 0 mins, 0 secs, 731 ms
ANALYZE
Time: 0 hrs, 0 mins, 0 secs, 233 ms
END
Time: 0 hrs, 0 mins, 2 secs, 173 ms

Wed Jul 20 05:24:11 EDT 2011


2000 - WRAP UP 

Timing is on.
BEGIN
Time: 0 hrs, 0 mins, 0 secs, 964 ms
TRUNCATE
Time: 0 hrs, 0 mins, 1 secs, 648 ms
TRUNCATE
Time: 0 hrs, 0 mins, 0 secs, 495 ms
END
Time: 0 hrs, 0 mins, 6 secs, 678 ms
Wed Jul 20 05:24:21 EDT 2011
Removing lock file and waiting for a minute
Total time taken:  42  minutes.
Running time of run.sh 20110719: 2565 seconds
Checking for lock file /tmp/.iislock
Acquired lock file /tmp/.iislock
-------------------------------------
Processing for 20110719
-------------------------------------

Thu Jul 21 05:38:01 EDT 2011

Timing is on.

           000 - INIT

BEGIN
Time: 0 hrs, 0 mins, 1 secs, 56 ms
*** Truncating staging tables before workflow starts ***
SET
Time: 0 hrs, 0 mins, 0 secs, 12 ms
GRANT
Time: 0 hrs, 0 mins, 4 secs, 601 ms
END
Time: 0 hrs, 0 mins, 1 secs, 768 ms

Thu Jul 21 05:38:09 EDT 2011

Timing is on.

            200 - LOAD_BN_IISLOGS   

BEGIN
Time: 0 hrs, 0 mins, 1 secs, 451 ms
SET
Time: 0 hrs, 0 mins, 0 secs, 19 ms
TRUNCATE
Time: 0 hrs, 0 mins, 0 secs, 710 ms
INSERT 0 85441855
Time: 0 hrs, 13 mins, 38 secs, 513 ms
END
Time: 0 hrs, 0 mins, 9 secs, 209 ms
ALTER TABLE
Time: 0 hrs, 0 mins, 11 secs, 133 ms

Thu Jul 21 05:52:10 EDT 2011

Timing is on.
BEGIN
Time: 0 hrs, 0 mins, 1 secs, 16 ms
SET
Time: 0 hrs, 0 mins, 0 secs, 9 ms

            250 - LOAD_BN_HITS_SP   

TRUNCATE
Time: 0 hrs, 0 mins, 1 secs, 949 ms
INSERT 0 31766341
Time: 0 hrs, 5 mins, 4 secs, 642 ms
ANALYZE
Time: 0 hrs, 0 mins, 51 secs, 408 ms
END
Time: 0 hrs, 0 mins, 4 secs, 737 ms

Thu Jul 21 05:58:15 EDT 2011

Timing is on.
BEGIN
Time: 0 hrs, 0 mins, 0 secs, 843 ms
SET
Time: 0 hrs, 0 mins, 0 secs, 11 ms

           300 - DYNAMIC FILTER

TRUNCATE
Time: 0 hrs, 0 mins, 0 secs, 509 ms
INSERT 0 24544666
Time: 0 hrs, 0 mins, 17 secs, 475 ms
ANALYZE
Time: 0 hrs, 0 mins, 0 secs, 579 ms
 Total records in web_click_cnt 
--------------------------------
                       24544666
(1 row)

Time: 0 hrs, 0 mins, 0 secs, 411 ms
CREATE TABLE
Time: 0 hrs, 0 mins, 3 secs, 86 ms
ANALYZE
Time: 0 hrs, 0 mins, 0 secs, 247 ms
CREATE TABLE
Time: 0 hrs, 0 mins, 0 secs, 956 ms
ANALYZE
Time: 0 hrs, 0 mins, 0 secs, 337 ms
DELETE 1
Time: 0 hrs, 0 mins, 0 secs, 341 ms
INSERT 0 1
Time: 0 hrs, 0 mins, 1 secs, 325 ms
DELETE 1
Time: 0 hrs, 0 mins, 0 secs, 106 ms
INSERT 0 1
Time: 0 hrs, 0 mins, 0 secs, 496 ms
CREATE TABLE
Time: 0 hrs, 0 mins, 4 secs, 37 ms
ANALYZE
Time: 0 hrs, 0 mins, 0 secs, 654 ms
CREATE TABLE
Time: 0 hrs, 0 mins, 2 secs, 147 ms
ANALYZE
Time: 0 hrs, 0 mins, 0 secs, 181 ms
DELETE 1
Time: 0 hrs, 0 mins, 0 secs, 105 ms
INSERT 0 1
Time: 0 hrs, 0 mins, 0 secs, 820 ms
DELETE 1
Time: 0 hrs, 0 mins, 0 secs, 312 ms
INSERT 0 1
Time: 0 hrs, 0 mins, 0 secs, 666 ms
ANALYZE
Time: 0 hrs, 0 mins, 0 secs, 537 ms
    tablename     |    attr_name    | attr_value 
------------------+-----------------+------------
 BN_FILTER_SPIDER | CLK_USER_SD_MPL | 10
 BN_FILTER_SPIDER | IP_USER_SD_MPL  | 1
 BN_FILTER_SPIDER | IP_USER_RATIO   | .955
 BN_FILTER_SPIDER | CLK_USER_MEAN   | 13.080
 BN_FILTER_SPIDER | CLK_USER_SD     | 41.102
 BN_FILTER_SPIDER | IP_USER_MEAN    | 21.363
 BN_FILTER_SPIDER | IP_USER_SD      | 2115.194
(7 rows)

Time: 0 hrs, 0 mins, 0 secs, 483 ms
CREATE TABLE
Time: 0 hrs, 9 mins, 18 secs, 929 ms
CREATE TABLE
Time: 0 hrs, 0 mins, 0 secs, 443 ms
 l_mean_sd_mpl 
---------------
       424.100
(1 row)

Time: 0 hrs, 0 mins, 0 secs, 309 ms
TRUNCATE
Time: 0 hrs, 0 mins, 1 secs, 926 ms
INSERT 0 700
Time: 0 hrs, 0 mins, 25 secs, 801 ms
ANALYZE
Time: 0 hrs, 0 mins, 0 secs, 656 ms
 Total click_user bn_spider_ip records 
---------------------------------------
                                   700
(1 row)

Time: 0 hrs, 0 mins, 1 secs, 136 ms
CREATE TABLE
Time: 0 hrs, 0 mins, 38 secs, 584 ms
ANALYZE
Time: 0 hrs, 0 mins, 0 secs, 96 ms
CREATE TABLE
Time: 0 hrs, 0 mins, 3 secs, 852 ms
ANALYZE
Time: 0 hrs, 0 mins, 0 secs, 286 ms
DROP 
Time: 0 hrs, 0 mins, 0 secs, 194 ms
CREATE TABLE
Time: 0 hrs, 0 mins, 1 secs, 213 ms
 l_mean_sd_mpl | l_ratio 
---------------+---------
      2136.557 |   0.955
(1 row)

Time: 0 hrs, 0 mins, 1 secs, 247 ms
INSERT 0 21479339
Time: 0 hrs, 0 mins, 19 secs, 294 ms
ANALYZE
Time: 0 hrs, 0 mins, 0 secs, 733 ms
 Total ip_user_filter bn_spider_ip records 
-------------------------------------------
                                  21479339
(1 row)

Time: 0 hrs, 0 mins, 1 secs, 297 ms
TRUNCATE
Time: 0 hrs, 0 mins, 1 secs, 46 ms
INSERT 0 22806982
Time: 0 hrs, 0 mins, 55 secs, 359 ms
ANALYZE
Time: 0 hrs, 0 mins, 4 secs, 811 ms
 bn_hits_stage 
---------------
      22806982
(1 row)

Time: 0 hrs, 0 mins, 0 secs, 688 ms
INSERT 0 22415288
Time: 0 hrs, 1 mins, 6 secs, 355 ms
ANALYZE
Time: 0 hrs, 0 mins, 32 secs, 871 ms
 bn_hits_sp_20110719 
---------------------
            54181629
(1 row)

Time: 0 hrs, 0 mins, 8 secs, 47 ms
TRUNCATE
Time: 0 hrs, 0 mins, 1 secs, 990 ms
INSERT 0 8453244
Time: 0 hrs, 0 mins, 8 secs, 837 ms
ANALYZE
Time: 0 hrs, 0 mins, 3 secs, 62 ms
 bn_hits_client_20110719 
-------------------------
                 8453244
(1 row)

Time: 0 hrs, 0 mins, 0 secs, 196 ms
END
Time: 0 hrs, 0 mins, 5 secs, 222 ms

Thu Jul 21 06:12:56 EDT 2011

Timing is on.
BEGIN
Time: 0 hrs, 0 mins, 0 secs, 962 ms

           600 - LOAD RESOURCES

SET
Time: 0 hrs, 0 mins, 0 secs, 13 ms
CREATE TABLE
Time: 0 hrs, 0 mins, 22 secs, 123 ms
ANALYZE
Time: 0 hrs, 0 mins, 0 secs, 774 ms
 tmp_a_count 
-------------
      565082
(1 row)

Time: 0 hrs, 0 mins, 0 secs, 280 ms
UPDATE 0
Time: 0 hrs, 0 mins, 6 secs, 165 ms
ANALYZE
Time: 0 hrs, 0 mins, 0 secs, 709 ms
TRUNCATE
Time: 0 hrs, 0 mins, 1 secs, 64 ms
INSERT 0 50547
Time: 0 hrs, 1 mins, 27 secs, 416 ms
ANALYZE
Time: 0 hrs, 0 mins, 0 secs, 598 ms
 first_resource_id | last_resource_id 
-------------------+------------------
          26021160 |         26071706
(1 row)

Time: 0 hrs, 0 mins, 0 secs, 164 ms
INSERT 0 50547
Time: 0 hrs, 0 mins, 0 secs, 752 ms
 total_resources 
-----------------
        26047310
(1 row)

Time: 0 hrs, 0 mins, 0 secs, 245 ms
ANALYZE
Time: 0 hrs, 0 mins, 1 secs, 310 ms
END
Time: 0 hrs, 0 mins, 10 secs, 19 ms
VACUUM
Time: 0 hrs, 0 mins, 24 secs, 204 ms

Thu Jul 21 06:15:33 EDT 2011

Timing is on.

           650 - LOAD_BN_SESSION_STAGE

BEGIN
Time: 0 hrs, 0 mins, 1 secs, 718 ms
SET
Time: 0 hrs, 0 mins, 0 secs, 9 ms
SET
Time: 0 hrs, 0 mins, 0 secs, 17 ms
CREATE TABLE
Time: 0 hrs, 1 mins, 15 secs, 296 ms
ANALYZE
Time: 0 hrs, 0 mins, 4 secs, 71 ms
 tmp_sessionized_stage 
-----------------------
              22806982
(1 row)

Time: 0 hrs, 0 mins, 0 secs, 591 ms
TRUNCATE
Time: 0 hrs, 0 mins, 1 secs, 72 ms
INSERT 0 2700801
Time: 0 hrs, 0 mins, 35 secs, 963 ms
ANALYZE
Time: 0 hrs, 0 mins, 0 secs, 677 ms
CREATE TABLE
Time: 0 hrs, 1 mins, 59 secs, 339 ms
CREATE INDEX
Time: 0 hrs, 0 mins, 2 secs, 192 ms
 tmp_first_last 
----------------
        2700801
(1 row)

Time: 0 hrs, 0 mins, 2 secs, 188 ms
ANALYZE
Time: 0 hrs, 0 mins, 1 secs, 534 ms
SET
Time: 0 hrs, 0 mins, 0 secs, 26 ms
SET
Time: 0 hrs, 0 mins, 0 secs, 46 ms
TRUNCATE
Time: 0 hrs, 0 mins, 8 secs, 419 ms
DROP
Time: 0 hrs, 0 mins, 0 secs, 967 ms
INSERT 0 2700801
Time: 0 hrs, 0 mins, 9 secs, 785 ms
 bn_session_stage 
------------------
          2700801
(1 row)

Time: 0 hrs, 0 mins, 2 secs, 637 ms
CREATE INDEX
Time: 0 hrs, 0 mins, 3 secs, 700 ms
ANALYZE
Time: 0 hrs, 0 mins, 2 secs, 664 ms
TRUNCATE
Time: 0 hrs, 0 mins, 4 secs, 702 ms
END
Time: 0 hrs, 0 mins, 36 secs, 119 ms

Thu Jul 21 06:20:47 EDT 2011

BEGIN

           660 - LOAD_BN_SESSION_UPDATE_STAGE

SET
TRUNCATE
INSERT 0 0
END

Thu Jul 21 06:22:15 EDT 2011

Timing is on.

           670 - LOAD_BN_SESSION_20110719.UPDATES

BEGIN
Time: 0 hrs, 0 mins, 3 secs, 406 ms
SET
Time: 0 hrs, 0 mins, 0 secs, 17 ms
UPDATE 0
Time: 0 hrs, 0 mins, 0 secs, 534 ms
END
Time: 0 hrs, 0 mins, 0 secs, 899 ms
VACUUM
Time: 0 hrs, 0 mins, 26 secs, 29 ms

Thu Jul 21 06:22:46 EDT 2011

Timing is on.

           700 - LOAD_BN_SESSION

BEGIN
Time: 0 hrs, 0 mins, 1 secs, 690 ms
SET
Time: 0 hrs, 0 mins, 0 secs, 9 ms
INSERT 0 2700801
Time: 0 hrs, 0 mins, 11 secs, 3 ms
ANALYZE
Time: 0 hrs, 0 mins, 1 secs, 610 ms
END
Time: 0 hrs, 0 mins, 4 secs, 359 ms

Thu Jul 21 06:23:05 EDT 2011

Timing is on.

            750 - LOAD_BN_SESSION_SUMMARY   

BEGIN
Time: 0 hrs, 0 mins, 2 secs, 194 ms
SET
Time: 0 hrs, 0 mins, 0 secs, 10 ms
CREATE TABLE
Time: 0 hrs, 0 mins, 10 secs, 732 ms
TRUNCATE
Time: 0 hrs, 0 mins, 0 secs, 578 ms
INSERT 0 349791
Time: 0 hrs, 0 mins, 5 secs, 202 ms
ANALYZE
Time: 0 hrs, 0 mins, 1 secs, 32 ms
 count(1) 
----------
   349791
(1 row)

Time: 0 hrs, 0 mins, 0 secs, 112 ms
END
Time: 0 hrs, 0 mins, 3 secs, 520 ms

Thu Jul 21 06:23:29 EDT 2011

Timing is on.

           800 - LOAD_BN_HITS

BEGIN
Time: 0 hrs, 0 mins, 2 secs, 102 ms
SET
Time: 0 hrs, 0 mins, 0 secs, 13 ms
SET
Time: 0 hrs, 0 mins, 0 secs, 36 ms
SET
Time: 0 hrs, 0 mins, 0 secs, 23 ms
SET
Time: 0 hrs, 0 mins, 0 secs, 25 ms
TRUNCATE
Time: 0 hrs, 0 mins, 0 secs, 876 ms
INSERT 0 22806982
Time: 0 hrs, 0 mins, 12 secs, 340 ms
 count(1) 
----------
 22806982
(1 row)

Time: 0 hrs, 0 mins, 0 secs, 961 ms
ANALYZE
Time: 0 hrs, 0 mins, 4 secs, 538 ms
END
Time: 0 hrs, 0 mins, 18 secs, 659 ms

Thu Jul 21 06:24:08 EDT 2011

Timing is on.

            900 - LOAD_CLICKSTREAM   

BEGIN
Time: 0 hrs, 0 mins, 1 secs, 207 ms
SET
Time: 0 hrs, 0 mins, 0 secs, 11 ms
TRUNCATE
Time: 0 hrs, 0 mins, 0 secs, 697 ms
INSERT 0 22806982
Time: 0 hrs, 2 mins, 9 secs, 738 ms
 count(1) 
----------
 22806982
(1 row)

Time: 0 hrs, 0 mins, 0 secs, 530 ms
ANALYZE
Time: 0 hrs, 0 mins, 1 secs, 591 ms
END
Time: 0 hrs, 0 mins, 5 secs, 82 ms

Thu Jul 21 06:26:28 EDT 2011

Timing is on.

            1000 - PAGE_VIEW_SUMMARY  

BEGIN
Time: 0 hrs, 0 mins, 3 secs, 718 ms
SET
Time: 0 hrs, 0 mins, 0 secs, 12 ms
SET
Time: 0 hrs, 0 mins, 0 secs, 105 ms
TRUNCATE
Time: 0 hrs, 0 mins, 1 secs, 469 ms
INSERT 0 579954
Time: 0 hrs, 0 mins, 6 secs, 256 ms
 count(1) 
----------
   579954
(1 row)

Time: 0 hrs, 0 mins, 0 secs, 251 ms
ANALYZE
Time: 0 hrs, 0 mins, 0 secs, 233 ms
END
Time: 0 hrs, 0 mins, 1 secs, 596 ms

Thu Jul 21 06:26:41 EDT 2011


2000 - WRAP UP 

Timing is on.
BEGIN
Time: 0 hrs, 0 mins, 2 secs, 278 ms
TRUNCATE
Time: 0 hrs, 0 mins, 0 secs, 479 ms
TRUNCATE
Time: 0 hrs, 0 mins, 0 secs, 371 ms
END
Time: 0 hrs, 0 mins, 1 secs, 627 ms
Thu Jul 21 06:26:46 EDT 2011
Removing lock file and waiting for a minute
Total time taken:  49  minutes.
Running time of run.sh 20110719: 49 minutes
