Checking for lock file /tmp/.iislock
Acquired lock file /tmp/.iislock
deleting simple.htm records - these are just server testing...
DELETE 6124054
-------------------------------------
Processing for 20110911
-------------------------------------

Mon Sep 12 06:35:47 EDT 2011

Timing is on.

           000 - INIT

BEGIN
Time: 0 hrs, 0 mins, 9 secs, 387 ms
*** Truncating staging tables before workflow starts ***
SET
Time: 0 hrs, 0 mins, 0 secs, 15 ms
GRANT
Time: 0 hrs, 0 mins, 30 secs, 837 ms
END
Time: 0 hrs, 0 mins, 26 secs, 924 ms

Mon Sep 12 06:36:55 EDT 2011

Timing is on.

            200 - LOAD_BN_IISLOGS   

BEGIN
Time: 0 hrs, 0 mins, 4 secs, 734 ms
SET
Time: 0 hrs, 0 mins, 0 secs, 16 ms
TRUNCATE
Time: 0 hrs, 0 mins, 4 secs, 55 ms
INSERT 0 55289917
Time: 0 hrs, 9 mins, 37 secs, 141 ms
END
Time: 0 hrs, 0 mins, 25 secs, 947 ms
ALTER TABLE
Time: 0 hrs, 8 mins, 15 secs, 981 ms

Mon Sep 12 06:55:23 EDT 2011

Timing is on.
BEGIN
Time: 0 hrs, 0 mins, 0 secs, 175 ms
SET
Time: 0 hrs, 0 mins, 0 secs, 12 ms

            250 - LOAD_BN_HITS_SP   

TRUNCATE
Time: 0 hrs, 0 mins, 2 secs, 799 ms
INSERT 0 22091664
Time: 0 hrs, 3 mins, 15 secs, 677 ms
ANALYZE
Time: 0 hrs, 0 mins, 3 secs, 76 ms
END
Time: 0 hrs, 0 mins, 5 secs, 381 ms

Mon Sep 12 06:58:51 EDT 2011

Timing is on.
BEGIN
Time: 0 hrs, 0 mins, 0 secs, 687 ms
SET
Time: 0 hrs, 0 mins, 0 secs, 33 ms

           300 - DYNAMIC FILTER

TRUNCATE
Time: 0 hrs, 0 mins, 5 secs, 683 ms
INSERT 0 16361488
Time: 0 hrs, 0 mins, 2 secs, 857 ms
ANALYZE
Time: 0 hrs, 0 mins, 3 secs, 55 ms
 Total records in web_click_cnt 
--------------------------------
                       16361488
(1 row)

Time: 0 hrs, 0 mins, 3 secs, 208 ms
CREATE TABLE
Time: 0 hrs, 2 mins, 33 secs, 851 ms
ANALYZE
Time: 0 hrs, 0 mins, 0 secs, 936 ms
CREATE TABLE
Time: 0 hrs, 0 mins, 1 secs, 255 ms
ANALYZE
Time: 0 hrs, 0 mins, 0 secs, 79 ms
DELETE 1
Time: 0 hrs, 0 mins, 1 secs, 401 ms
INSERT 0 1
Time: 0 hrs, 0 mins, 2 secs, 567 ms
DELETE 1
Time: 0 hrs, 0 mins, 0 secs, 267 ms
INSERT 0 1
Time: 0 hrs, 0 mins, 1 secs, 399 ms
CREATE TABLE
Time: 0 hrs, 0 mins, 7 secs, 118 ms
ANALYZE
Time: 0 hrs, 0 mins, 0 secs, 54 ms
CREATE TABLE
Time: 0 hrs, 0 mins, 1 secs, 147 ms
ANALYZE
Time: 0 hrs, 0 mins, 0 secs, 40 ms
DELETE 1
Time: 0 hrs, 0 mins, 0 secs, 79 ms
INSERT 0 1
Time: 0 hrs, 0 mins, 1 secs, 346 ms
DELETE 1
Time: 0 hrs, 0 mins, 0 secs, 79 ms
INSERT 0 1
Time: 0 hrs, 0 mins, 2 secs, 589 ms
ANALYZE
Time: 0 hrs, 0 mins, 1 secs, 557 ms
    tablename     |    attr_name    | attr_value 
------------------+-----------------+------------
 BN_FILTER_SPIDER | CLK_USER_SD_MPL | 10
 BN_FILTER_SPIDER | IP_USER_SD_MPL  | 1
 BN_FILTER_SPIDER | IP_USER_RATIO   | .955
 BN_FILTER_SPIDER | CLK_USER_MEAN   | 12.999
 BN_FILTER_SPIDER | CLK_USER_SD     | 61.121
 BN_FILTER_SPIDER | IP_USER_MEAN    | 23.885
 BN_FILTER_SPIDER | IP_USER_SD      | 1800.925
(7 rows)

Time: 0 hrs, 0 mins, 0 secs, 512 ms
CREATE TABLE
Time: 0 hrs, 0 mins, 9 secs, 467 ms
CREATE TABLE
Time: 0 hrs, 0 mins, 2 secs, 51 ms
 l_mean_sd_mpl 
---------------
       624.209
(1 row)

Time: 0 hrs, 0 mins, 1 secs, 433 ms
TRUNCATE
Time: 0 hrs, 0 mins, 6 secs, 592 ms
INSERT 0 275
Time: 0 hrs, 0 mins, 12 secs, 59 ms
ANALYZE
Time: 0 hrs, 0 mins, 1 secs, 262 ms
 Total click_user bn_spider_ip records 
---------------------------------------
                                   275
(1 row)

Time: 0 hrs, 0 mins, 2 secs, 317 ms
CREATE TABLE
Time: 0 hrs, 0 mins, 4 secs, 904 ms
ANALYZE
Time: 0 hrs, 0 mins, 0 secs, 248 ms
CREATE TABLE
Time: 0 hrs, 0 mins, 2 secs, 277 ms
ANALYZE
Time: 0 hrs, 0 mins, 0 secs, 46 ms
DROP 
Time: 0 hrs, 0 mins, 0 secs, 101 ms
CREATE TABLE
Time: 0 hrs, 0 mins, 0 secs, 302 ms
 l_mean_sd_mpl | l_ratio 
---------------+---------
      1824.810 |   0.955
(1 row)

Time: 0 hrs, 0 mins, 0 secs, 744 ms
INSERT 0 14352903
Time: 0 hrs, 0 mins, 13 secs, 430 ms
ANALYZE
Time: 0 hrs, 0 mins, 0 secs, 231 ms
 Total ip_user_filter bn_spider_ip records 
-------------------------------------------
                                  14352903
(1 row)

Time: 0 hrs, 0 mins, 1 secs, 256 ms
TRUNCATE
Time: 0 hrs, 0 mins, 5 secs, 213 ms
INSERT 0 13331402
Time: 0 hrs, 0 mins, 19 secs, 902 ms
ANALYZE
Time: 0 hrs, 0 mins, 8 secs, 150 ms
 bn_hits_stage 
---------------
      13331402
(1 row)

Time: 0 hrs, 0 mins, 1 secs, 321 ms
INSERT 0 14996815
Time: 0 hrs, 0 mins, 41 secs, 970 ms
ANALYZE
Time: 0 hrs, 0 mins, 32 secs, 818 ms
 bn_hits_sp_20110911 
---------------------
            37088479
(1 row)

Time: 0 hrs, 0 mins, 14 secs, 832 ms
TRUNCATE
Time: 0 hrs, 0 mins, 2 secs, 141 ms
INSERT 0 4870036
Time: 0 hrs, 0 mins, 4 secs, 2 ms
ANALYZE
Time: 0 hrs, 0 mins, 3 secs, 226 ms
 bn_hits_client_20110911 
-------------------------
                 4870036
(1 row)

Time: 0 hrs, 0 mins, 0 secs, 632 ms
END
Time: 0 hrs, 0 mins, 23 secs, 856 ms

Mon Sep 12 07:05:40 EDT 2011

Timing is on.
BEGIN
Time: 0 hrs, 0 mins, 3 secs, 93 ms

           600 - LOAD RESOURCES

SET
Time: 0 hrs, 0 mins, 0 secs, 14 ms
CREATE TABLE
Time: 0 hrs, 1 mins, 13 secs, 170 ms
ANALYZE
Time: 0 hrs, 0 mins, 0 secs, 518 ms
 tmp_a_count 
-------------
      393554
(1 row)

Time: 0 hrs, 0 mins, 0 secs, 143 ms
UPDATE 0
Time: 0 hrs, 0 mins, 12 secs, 875 ms
ANALYZE
Time: 0 hrs, 0 mins, 2 secs, 755 ms
TRUNCATE
Time: 0 hrs, 0 mins, 3 secs, 649 ms
INSERT 0 130391
Time: 0 hrs, 0 mins, 39 secs, 764 ms
ANALYZE
Time: 0 hrs, 0 mins, 1 secs, 591 ms
 first_resource_id | last_resource_id 
-------------------+------------------
          42363304 |         42493694
(1 row)

Time: 0 hrs, 0 mins, 1 secs, 242 ms
INSERT 0 130391
Time: 0 hrs, 0 mins, 5 secs, 647 ms
 total_resources 
-----------------
        42469291
(1 row)

Time: 0 hrs, 0 mins, 0 secs, 424 ms
ANALYZE
Time: 0 hrs, 0 mins, 0 secs, 690 ms
END
Time: 0 hrs, 0 mins, 34 secs, 264 ms
VACUUM
Time: 0 hrs, 0 mins, 13 secs, 696 ms

Mon Sep 12 07:08:53 EDT 2011

Timing is on.

           650 - LOAD_BN_SESSION_STAGE

BEGIN
Time: 0 hrs, 0 mins, 1 secs, 474 ms
SET
Time: 0 hrs, 0 mins, 0 secs, 29 ms
SET
Time: 0 hrs, 0 mins, 0 secs, 54 ms
CREATE TABLE
Time: 0 hrs, 0 mins, 41 secs, 295 ms
ANALYZE
Time: 0 hrs, 0 mins, 3 secs, 888 ms
 tmp_sessionized_stage 
-----------------------
              13331402
(1 row)

Time: 0 hrs, 0 mins, 5 secs, 530 ms
TRUNCATE
Time: 0 hrs, 0 mins, 1 secs, 867 ms
INSERT 0 1764219
Time: 0 hrs, 0 mins, 53 secs, 172 ms
ANALYZE
Time: 0 hrs, 0 mins, 5 secs, 363 ms
CREATE TABLE
Time: 0 hrs, 1 mins, 26 secs, 863 ms
CREATE INDEX
Time: 0 hrs, 0 mins, 0 secs, 573 ms
 tmp_first_last 
----------------
        1764219
(1 row)

Time: 0 hrs, 0 mins, 1 secs, 825 ms
ANALYZE
Time: 0 hrs, 0 mins, 0 secs, 927 ms
SET
Time: 0 hrs, 0 mins, 0 secs, 259 ms
SET
Time: 0 hrs, 0 mins, 0 secs, 33 ms
TRUNCATE
Time: 0 hrs, 0 mins, 1 secs, 552 ms
DROP 
Time: 0 hrs, 0 mins, 2 secs, 294 ms
INSERT 0 1764219
Time: 0 hrs, 0 mins, 5 secs, 946 ms
 bn_session_stage 
------------------
          1764219
(1 row)

Time: 0 hrs, 0 mins, 3 secs, 397 ms
CREATE INDEX
Time: 0 hrs, 0 mins, 1 secs, 153 ms
ANALYZE
Time: 0 hrs, 0 mins, 0 secs, 693 ms
TRUNCATE
Time: 0 hrs, 0 mins, 3 secs, 675 ms
END
Time: 0 hrs, 0 mins, 7 secs, 320 ms

Mon Sep 12 07:12:43 EDT 2011

BEGIN

           660 - LOAD_BN_SESSION_UPDATE_STAGE

SET
TRUNCATE
INSERT 0 0
END

Mon Sep 12 07:12:54 EDT 2011

Timing is on.

           670 - LOAD_BN_SESSION_20110911.UPDATES

BEGIN
Time: 0 hrs, 0 mins, 0 secs, 379 ms
SET
Time: 0 hrs, 0 mins, 0 secs, 35 ms
UPDATE 0
Time: 0 hrs, 0 mins, 0 secs, 712 ms
END
Time: 0 hrs, 0 mins, 8 secs, 309 ms
VACUUM
Time: 0 hrs, 0 mins, 5 secs, 5 ms

Mon Sep 12 07:13:09 EDT 2011

Timing is on.

           700 - LOAD_BN_SESSION

BEGIN
Time: 0 hrs, 0 mins, 0 secs, 431 ms
SET
Time: 0 hrs, 0 mins, 0 secs, 17 ms
INSERT 0 1764219
Time: 0 hrs, 0 mins, 10 secs, 350 ms
ANALYZE
Time: 0 hrs, 0 mins, 0 secs, 612 ms
END
Time: 0 hrs, 0 mins, 13 secs, 200 ms

Mon Sep 12 07:13:34 EDT 2011

Timing is on.

            750 - LOAD_BN_SESSION_SUMMARY   

BEGIN
Time: 0 hrs, 0 mins, 0 secs, 183 ms
SET
Time: 0 hrs, 0 mins, 0 secs, 18 ms
CREATE TABLE
Time: 0 hrs, 0 mins, 11 secs, 933 ms
TRUNCATE
Time: 0 hrs, 0 mins, 3 secs, 253 ms
INSERT 0 214497
Time: 0 hrs, 0 mins, 49 secs, 184 ms
ANALYZE
Time: 0 hrs, 0 mins, 1 secs, 238 ms
 count(1) 
----------
   214497
(1 row)

Time: 0 hrs, 0 mins, 3 secs, 883 ms
END
Time: 0 hrs, 0 mins, 8 secs, 980 ms

Mon Sep 12 07:14:53 EDT 2011

Timing is on.

           800 - LOAD_BN_HITS

BEGIN
Time: 0 hrs, 0 mins, 0 secs, 246 ms
SET
Time: 0 hrs, 0 mins, 0 secs, 19 ms
SET
Time: 0 hrs, 0 mins, 0 secs, 37 ms
SET
Time: 0 hrs, 0 mins, 0 secs, 27 ms
SET
Time: 0 hrs, 0 mins, 0 secs, 27 ms
TRUNCATE
Time: 0 hrs, 0 mins, 2 secs, 169 ms
INSERT 0 13331402
Time: 0 hrs, 0 mins, 1 secs, 567 ms
 count(1) 
----------
 13331402
(1 row)

Time: 0 hrs, 0 mins, 3 secs, 795 ms
ANALYZE
Time: 0 hrs, 0 mins, 2 secs, 961 ms
END
Time: 0 hrs, 1 mins, 10 secs, 389 ms

Mon Sep 12 07:16:14 EDT 2011

Timing is on.

            900 - LOAD_CLICKSTREAM   

BEGIN
Time: 0 hrs, 0 mins, 0 secs, 255 ms
SET
Time: 0 hrs, 0 mins, 0 secs, 71 ms
TRUNCATE
Time: 0 hrs, 0 mins, 7 secs, 965 ms
INSERT 0 13331402
Time: 0 hrs, 2 mins, 40 secs, 366 ms
 count(1) 
----------
 13331402
(1 row)

Time: 0 hrs, 0 mins, 5 secs, 584 ms
ANALYZE
Time: 0 hrs, 0 mins, 1 secs, 559 ms
END
Time: 0 hrs, 0 mins, 44 secs, 385 ms

Mon Sep 12 07:19:55 EDT 2011

Timing is on.

            1000 - PAGE_VIEW_SUMMARY  

BEGIN
Time: 0 hrs, 0 mins, 0 secs, 533 ms
SET
Time: 0 hrs, 0 mins, 0 secs, 22 ms
SET
Time: 0 hrs, 0 mins, 0 secs, 40 ms
TRUNCATE
Time: 0 hrs, 0 mins, 9 secs, 667 ms
INSERT 0 403896
Time: 0 hrs, 0 mins, 14 secs, 778 ms
 count(1) 
----------
   403896
(1 row)

Time: 0 hrs, 0 mins, 2 secs, 468 ms
ANALYZE
Time: 0 hrs, 0 mins, 0 secs, 256 ms
END
Time: 0 hrs, 0 mins, 11 secs, 488 ms

Mon Sep 12 07:20:34 EDT 2011


2000 - WRAP UP 

Timing is on.
BEGIN
Time: 0 hrs, 0 mins, 4 secs, 28 ms
TRUNCATE
Time: 0 hrs, 0 mins, 2 secs, 817 ms
TRUNCATE
Time: 0 hrs, 0 mins, 5 secs, 126 ms
END
Time: 0 hrs, 0 mins, 6 secs, 730 ms
Mon Sep 12 07:20:53 EDT 2011
Removing lock file and waiting for a minute
Total time taken:  48  minutes.
Running time of run.sh 20110911: 2916 seconds
Checking for lock file /tmp/.iislock
Acquired lock file /tmp/.iislock
deleting simple.htm records - these are just server testing...
DELETE 25
-------------------------------------
Processing for 20110911
-------------------------------------

Tue Sep 13 09:23:23 EDT 2011

Timing is on.

           000 - INIT

BEGIN
Time: 0 hrs, 0 mins, 0 secs, 227 ms
*** Truncating staging tables before workflow starts ***
SET
Time: 0 hrs, 0 mins, 0 secs, 19 ms
GRANT
Time: 0 hrs, 0 mins, 17 secs, 667 ms
END
Time: 0 hrs, 0 mins, 18 secs, 643 ms

Tue Sep 13 09:24:00 EDT 2011

Timing is on.

            200 - LOAD_BN_IISLOGS   

BEGIN
Time: 0 hrs, 0 mins, 0 secs, 234 ms
SET
Time: 0 hrs, 0 mins, 0 secs, 34 ms
TRUNCATE
Time: 0 hrs, 0 mins, 2 secs, 339 ms
INSERT 0 73485127
Time: 0 hrs, 14 mins, 21 secs, 75 ms
END
Time: 0 hrs, 1 mins, 38 secs, 242 ms
ALTER TABLE
Time: 0 hrs, 0 mins, 26 secs, 629 ms

Tue Sep 13 09:40:28 EDT 2011

Timing is on.
BEGIN
Time: 0 hrs, 0 mins, 4 secs, 461 ms
SET
Time: 0 hrs, 0 mins, 0 secs, 25 ms

            250 - LOAD_BN_HITS_SP   

TRUNCATE
Time: 0 hrs, 0 mins, 8 secs, 257 ms
INSERT 0 28747733
Time: 0 hrs, 6 mins, 28 secs, 377 ms
ANALYZE
Time: 0 hrs, 0 mins, 13 secs, 444 ms
END
Time: 0 hrs, 5 mins, 19 secs, 490 ms

Tue Sep 13 09:52:43 EDT 2011

Timing is on.
BEGIN
Time: 0 hrs, 0 mins, 46 secs, 82 ms
SET
Time: 0 hrs, 0 mins, 0 secs, 42 ms

           300 - DYNAMIC FILTER

TRUNCATE
Time: 0 hrs, 0 mins, 14 secs, 284 ms
INSERT 0 20918958
Time: 0 hrs, 0 mins, 8 secs, 569 ms
ANALYZE
Time: 0 hrs, 0 mins, 3 secs, 56 ms
 Total records in web_click_cnt 
--------------------------------
                       20918958
(1 row)

Time: 0 hrs, 0 mins, 1 secs, 860 ms
CREATE TABLE
Time: 0 hrs, 0 mins, 10 secs, 101 ms
ANALYZE
Time: 0 hrs, 0 mins, 0 secs, 66 ms
CREATE TABLE
Time: 0 hrs, 0 mins, 2 secs, 7 ms
ANALYZE
Time: 0 hrs, 0 mins, 0 secs, 70 ms
DELETE 1
Time: 0 hrs, 0 mins, 1 secs, 325 ms
INSERT 0 1
Time: 0 hrs, 0 mins, 3 secs, 592 ms
DELETE 1
Time: 0 hrs, 0 mins, 0 secs, 98 ms
INSERT 0 1
Time: 0 hrs, 0 mins, 5 secs, 612 ms
CREATE TABLE
Time: 0 hrs, 0 mins, 3 secs, 458 ms
ANALYZE
Time: 0 hrs, 0 mins, 0 secs, 147 ms
CREATE TABLE
Time: 0 hrs, 0 mins, 0 secs, 109 ms
ANALYZE
Time: 0 hrs, 0 mins, 0 secs, 46 ms
DELETE 1
Time: 0 hrs, 0 mins, 0 secs, 93 ms
INSERT 0 1
Time: 0 hrs, 0 mins, 0 secs, 743 ms
DELETE 1
Time: 0 hrs, 0 mins, 0 secs, 85 ms
INSERT 0 1
Time: 0 hrs, 0 mins, 0 secs, 815 ms
ANALYZE
Time: 0 hrs, 0 mins, 1 secs, 432 ms
    tablename     |    attr_name    | attr_value 
------------------+-----------------+------------
 BN_FILTER_SPIDER | CLK_USER_SD_MPL | 10
 BN_FILTER_SPIDER | IP_USER_SD_MPL  | 1
 BN_FILTER_SPIDER | IP_USER_RATIO   | .955
 BN_FILTER_SPIDER | CLK_USER_MEAN   | 13.388
 BN_FILTER_SPIDER | CLK_USER_SD     | 60.027
 BN_FILTER_SPIDER | IP_USER_MEAN    | 22.785
 BN_FILTER_SPIDER | IP_USER_SD      | 1987.366
(7 rows)

Time: 0 hrs, 0 mins, 3 secs, 224 ms
CREATE TABLE
Time: 0 hrs, 0 mins, 5 secs, 890 ms
CREATE TABLE
Time: 0 hrs, 0 mins, 1 secs, 614 ms
 l_mean_sd_mpl 
---------------
       613.658
(1 row)

Time: 0 hrs, 0 mins, 3 secs, 333 ms
TRUNCATE
Time: 0 hrs, 0 mins, 2 secs, 903 ms
INSERT 0 373
Time: 0 hrs, 0 mins, 7 secs, 267 ms
ANALYZE
Time: 0 hrs, 0 mins, 1 secs, 315 ms
 Total click_user bn_spider_ip records 
---------------------------------------
                                   373
(1 row)

Time: 0 hrs, 0 mins, 1 secs, 11 ms
CREATE TABLE
Time: 0 hrs, 0 mins, 15 secs, 74 ms
ANALYZE
Time: 0 hrs, 0 mins, 0 secs, 54 ms
CREATE TABLE
Time: 0 hrs, 0 mins, 2 secs, 473 ms
ANALYZE
Time: 0 hrs, 0 mins, 0 secs, 158 ms
DROP 
Time: 0 hrs, 0 mins, 0 secs, 284 ms
CREATE TABLE
Time: 0 hrs, 0 mins, 1 secs, 470 ms
 l_mean_sd_mpl | l_ratio 
---------------+---------
      2010.151 |   0.955
(1 row)

Time: 0 hrs, 0 mins, 5 secs, 619 ms
INSERT 0 18318220
Time: 0 hrs, 0 mins, 19 secs, 428 ms
ANALYZE
Time: 0 hrs, 0 mins, 0 secs, 413 ms
 Total ip_user_filter bn_spider_ip records 
-------------------------------------------
                                  18318220
(1 row)

Time: 0 hrs, 0 mins, 2 secs, 579 ms
TRUNCATE
Time: 0 hrs, 0 mins, 3 secs, 789 ms
INSERT 0 18328959
Time: 0 hrs, 0 mins, 29 secs, 236 ms
ANALYZE
Time: 0 hrs, 0 mins, 16 secs, 175 ms
 bn_hits_stage 
---------------
      18328959
(1 row)

Time: 0 hrs, 0 mins, 1 secs, 342 ms
INSERT 0 19159827
Time: 0 hrs, 1 mins, 5 secs, 100 ms
ANALYZE
Time: 0 hrs, 0 mins, 40 secs, 115 ms
 bn_hits_sp_20110911 
---------------------
            47907560
(1 row)

Time: 0 hrs, 0 mins, 32 secs, 593 ms
TRUNCATE
Time: 0 hrs, 0 mins, 5 secs, 821 ms
INSERT 0 7248608
Time: 0 hrs, 0 mins, 8 secs, 810 ms
ANALYZE
Time: 0 hrs, 0 mins, 3 secs, 911 ms
 bn_hits_client_20110911 
-------------------------
                 7248608
(1 row)

Time: 0 hrs, 0 mins, 0 secs, 450 ms
END
Time: 0 hrs, 1 mins, 53 secs, 230 ms

Tue Sep 13 10:01:02 EDT 2011

Timing is on.
BEGIN
Time: 0 hrs, 0 mins, 35 secs, 854 ms

           600 - LOAD RESOURCES

SET
Time: 0 hrs, 0 mins, 0 secs, 26 ms
CREATE TABLE
Time: 0 hrs, 2 mins, 25 secs, 552 ms
ANALYZE
Time: 0 hrs, 0 mins, 1 secs, 232 ms
 tmp_a_count 
-------------
      508060
(1 row)

Time: 0 hrs, 0 mins, 2 secs, 759 ms
UPDATE 0
Time: 0 hrs, 0 mins, 4 secs, 259 ms
ANALYZE
Time: 0 hrs, 0 mins, 1 secs, 916 ms
TRUNCATE
Time: 0 hrs, 0 mins, 2 secs, 109 ms
INSERT 0 47462
Time: 0 hrs, 2 mins, 23 secs, 862 ms
ANALYZE
Time: 0 hrs, 0 mins, 3 secs, 113 ms
 first_resource_id | last_resource_id 
-------------------+------------------
          42718006 |         42765467
(1 row)

Time: 0 hrs, 0 mins, 2 secs, 729 ms
INSERT 0 47462
Time: 0 hrs, 0 mins, 30 secs, 52 ms
 total_resources 
-----------------
        42741064
(1 row)

Time: 0 hrs, 0 mins, 1 secs, 954 ms
ANALYZE
Time: 0 hrs, 0 mins, 1 secs, 78 ms
END
Time: 0 hrs, 0 mins, 53 secs, 238 ms
VACUUM
Time: 0 hrs, 1 mins, 6 secs, 644 ms

Tue Sep 13 10:09:19 EDT 2011

Timing is on.

           650 - LOAD_BN_SESSION_STAGE

BEGIN
Time: 0 hrs, 0 mins, 55 secs, 699 ms
SET
Time: 0 hrs, 0 mins, 0 secs, 43 ms
SET
Time: 0 hrs, 0 mins, 0 secs, 43 ms
CREATE TABLE
Time: 0 hrs, 3 mins, 19 secs, 869 ms
ANALYZE
Time: 0 hrs, 0 mins, 5 secs, 277 ms
 tmp_sessionized_stage 
-----------------------
              18328959
(1 row)

Time: 0 hrs, 0 mins, 7 secs, 70 ms
TRUNCATE
Time: 0 hrs, 0 mins, 3 secs, 846 ms
INSERT 0 2297916
Time: 0 hrs, 1 mins, 20 secs, 411 ms
ANALYZE
Time: 0 hrs, 0 mins, 5 secs, 324 ms
CREATE TABLE
Time: 0 hrs, 2 mins, 31 secs, 581 ms
CREATE INDEX
Time: 0 hrs, 0 mins, 0 secs, 401 ms
 tmp_first_last 
----------------
        2297916
(1 row)

Time: 0 hrs, 0 mins, 0 secs, 992 ms
ANALYZE
Time: 0 hrs, 0 mins, 3 secs, 71 ms
SET
Time: 0 hrs, 0 mins, 0 secs, 43 ms
SET
Time: 0 hrs, 0 mins, 0 secs, 42 ms
TRUNCATE
Time: 0 hrs, 0 mins, 4 secs, 522 ms
DROP 
Time: 0 hrs, 0 mins, 1 secs, 353 ms
INSERT 0 2297916
Time: 0 hrs, 0 mins, 8 secs, 578 ms
 bn_session_stage 
------------------
          2297916
(1 row)

Time: 0 hrs, 0 mins, 8 secs, 271 ms
CREATE INDEX
Time: 0 hrs, 0 mins, 5 secs, 690 ms
ANALYZE
Time: 0 hrs, 0 mins, 1 secs, 351 ms
TRUNCATE
Time: 0 hrs, 0 mins, 9 secs, 727 ms
END
Time: 0 hrs, 0 mins, 30 secs, 880 ms

Tue Sep 13 10:19:04 EDT 2011

BEGIN

           660 - LOAD_BN_SESSION_UPDATE_STAGE

SET
TRUNCATE
INSERT 0 0
END

Tue Sep 13 10:19:42 EDT 2011

Timing is on.

           670 - LOAD_BN_SESSION_20110911.UPDATES

BEGIN
Time: 0 hrs, 0 mins, 0 secs, 231 ms
SET
Time: 0 hrs, 0 mins, 0 secs, 16 ms
UPDATE 0
Time: 0 hrs, 0 mins, 1 secs, 75 ms
END
Time: 0 hrs, 1 mins, 1 secs, 102 ms
VACUUM
Time: 0 hrs, 0 mins, 28 secs, 809 ms

Tue Sep 13 10:21:13 EDT 2011

Timing is on.

           700 - LOAD_BN_SESSION

BEGIN
Time: 0 hrs, 0 mins, 13 secs, 122 ms
SET
Time: 0 hrs, 0 mins, 0 secs, 22 ms
INSERT 0 2297916
Time: 0 hrs, 3 mins, 2 secs, 113 ms
ANALYZE
Time: 0 hrs, 0 mins, 3 secs, 264 ms
END
Time: 0 hrs, 0 mins, 32 secs, 698 ms

Tue Sep 13 10:25:05 EDT 2011

Timing is on.

            750 - LOAD_BN_SESSION_SUMMARY   

BEGIN
Time: 0 hrs, 0 mins, 0 secs, 330 ms
SET
Time: 0 hrs, 0 mins, 0 secs, 29 ms
CREATE TABLE
Time: 0 hrs, 0 mins, 48 secs, 421 ms
TRUNCATE
Time: 0 hrs, 7 mins, 49 secs, 351 ms
INSERT 0 270917
Time: 0 hrs, 0 mins, 6 secs, 236 ms
ANALYZE
Time: 0 hrs, 0 mins, 1 secs, 681 ms
 count(1) 
----------
   270917
(1 row)

Time: 0 hrs, 0 mins, 1 secs, 449 ms
END
Time: 0 hrs, 0 mins, 10 secs, 689 ms

Tue Sep 13 10:34:04 EDT 2011

Timing is on.

           800 - LOAD_BN_HITS

BEGIN
Time: 0 hrs, 0 mins, 0 secs, 271 ms
SET
Time: 0 hrs, 0 mins, 0 secs, 24 ms
SET
Time: 0 hrs, 0 mins, 0 secs, 856 ms
SET
Time: 0 hrs, 0 mins, 0 secs, 96 ms
SET
Time: 0 hrs, 0 mins, 0 secs, 101 ms
TRUNCATE
Time: 0 hrs, 0 mins, 6 secs, 634 ms
INSERT 0 18328959
Time: 0 hrs, 0 mins, 30 secs, 332 ms
 count(1) 
----------
 18328959
(1 row)

Time: 0 hrs, 0 mins, 7 secs, 689 ms
ANALYZE
Time: 0 hrs, 0 mins, 5 secs, 590 ms
END
Time: 0 hrs, 0 mins, 22 secs, 307 ms

Tue Sep 13 10:35:18 EDT 2011

Timing is on.

            900 - LOAD_CLICKSTREAM   

BEGIN
Time: 0 hrs, 0 mins, 0 secs, 372 ms
SET
Time: 0 hrs, 0 mins, 0 secs, 30 ms
TRUNCATE
Time: 0 hrs, 0 mins, 2 secs, 21 ms
INSERT 0 18328959
Time: 0 hrs, 2 mins, 37 secs, 114 ms
 count(1) 
----------
 18328959
(1 row)

Time: 0 hrs, 0 mins, 3 secs, 382 ms
ANALYZE
Time: 0 hrs, 0 mins, 3 secs, 758 ms
END
Time: 0 hrs, 0 mins, 20 secs, 234 ms

Tue Sep 13 10:38:25 EDT 2011

Timing is on.

            1000 - PAGE_VIEW_SUMMARY  

BEGIN
Time: 0 hrs, 0 mins, 8 secs, 965 ms
SET
Time: 0 hrs, 0 mins, 0 secs, 20 ms
SET
Time: 0 hrs, 0 mins, 0 secs, 31 ms
TRUNCATE
Time: 0 hrs, 0 mins, 6 secs, 514 ms
INSERT 0 521077
Time: 0 hrs, 0 mins, 24 secs, 253 ms
 count(1) 
----------
   521077
(1 row)

Time: 0 hrs, 0 mins, 1 secs, 170 ms
ANALYZE
Time: 0 hrs, 0 mins, 0 secs, 113 ms
END
Time: 0 hrs, 0 mins, 11 secs, 185 ms

Tue Sep 13 10:39:18 EDT 2011


2000 - WRAP UP 

Timing is on.
BEGIN
Time: 0 hrs, 0 mins, 0 secs, 419 ms
TRUNCATE
Time: 0 hrs, 0 mins, 3 secs, 944 ms
TRUNCATE
Time: 0 hrs, 0 mins, 0 secs, 876 ms
END
Time: 0 hrs, 0 mins, 31 secs, 82 ms
Tue Sep 13 10:39:54 EDT 2011
Removing lock file and waiting for a minute
Total time taken:  78  minutes.
Running time of run.sh 20110911: 78 minutes
