Checking for lock file /tmp/.iislock
Acquired lock file /tmp/.iislock
-------------------------------------
Processing for 20110507
-------------------------------------

Sun May 8 19:23:35 EDT 2011

Timing is on.

           000 - INIT

BEGIN
Time: 0 hrs, 0 mins, 1 secs, 276 ms
*** Truncating staging tables before workflow starts ***
SET
Time: 0 hrs, 0 mins, 0 secs, 10 ms
GRANT
Time: 0 hrs, 0 mins, 2 secs, 306 ms
END
Time: 0 hrs, 0 mins, 1 secs, 768 ms

Sun May 8 19:23:40 EDT 2011

Timing is on.

            200 - LOAD_BN_IISLOGS   

BEGIN
Time: 0 hrs, 0 mins, 0 secs, 963 ms
SET
Time: 0 hrs, 0 mins, 0 secs, 12 ms
TRUNCATE
Time: 0 hrs, 0 mins, 6 secs, 74 ms
INSERT 0 49494979
Time: 0 hrs, 9 mins, 13 secs, 146 ms
END
Time: 0 hrs, 0 mins, 10 secs, 361 ms
ALTER TABLE
Time: 0 hrs, 13 mins, 44 secs, 123 ms

Sun May 8 19:46:55 EDT 2011

Timing is on.
BEGIN
Time: 0 hrs, 0 mins, 15 secs, 440 ms
SET
Time: 0 hrs, 0 mins, 0 secs, 11 ms

            250 - LOAD_BN_HITS_SP   

TRUNCATE
Time: 0 hrs, 0 mins, 5 secs, 59 ms
INSERT 0 14550256
Time: 0 hrs, 4 mins, 5 secs, 62 ms
ANALYZE
Time: 0 hrs, 0 mins, 5 secs, 263 ms
END
Time: 0 hrs, 0 mins, 24 secs, 571 ms

Sun May 8 19:51:51 EDT 2011

Timing is on.
BEGIN
Time: 0 hrs, 0 mins, 1 secs, 8 ms
SET
Time: 0 hrs, 0 mins, 0 secs, 11 ms

           300 - DYNAMIC FILTER

TRUNCATE
Time: 0 hrs, 0 mins, 1 secs, 494 ms
INSERT 0 11308351
Time: 0 hrs, 0 mins, 8 secs, 159 ms
ANALYZE
Time: 0 hrs, 0 mins, 0 secs, 495 ms
 Total records in web_click_cnt 
--------------------------------
                       11308351
(1 row)

Time: 0 hrs, 0 mins, 0 secs, 356 ms
CREATE TABLE
Time: 0 hrs, 0 mins, 2 secs, 647 ms
ANALYZE
Time: 0 hrs, 0 mins, 0 secs, 78 ms
CREATE TABLE
Time: 0 hrs, 0 mins, 0 secs, 543 ms
ANALYZE
Time: 0 hrs, 0 mins, 0 secs, 99 ms
DELETE 1
Time: 0 hrs, 0 mins, 0 secs, 253 ms
INSERT 0 1
Time: 0 hrs, 0 mins, 0 secs, 532 ms
DELETE 1
Time: 0 hrs, 0 mins, 0 secs, 95 ms
INSERT 0 1
Time: 0 hrs, 0 mins, 0 secs, 324 ms
CREATE TABLE
Time: 0 hrs, 0 mins, 1 secs, 580 ms
ANALYZE
Time: 0 hrs, 0 mins, 0 secs, 86 ms
CREATE TABLE
Time: 0 hrs, 0 mins, 0 secs, 848 ms
ANALYZE
Time: 0 hrs, 0 mins, 0 secs, 487 ms
DELETE 1
Time: 0 hrs, 0 mins, 0 secs, 101 ms
INSERT 0 1
Time: 0 hrs, 0 mins, 0 secs, 540 ms
DELETE 1
Time: 0 hrs, 0 mins, 0 secs, 92 ms
INSERT 0 1
Time: 0 hrs, 0 mins, 0 secs, 364 ms
ANALYZE
Time: 0 hrs, 0 mins, 0 secs, 59 ms
    tablename     |    attr_name    | attr_value 
------------------+-----------------+------------
 BN_FILTER_SPIDER | CLK_USER_SD_MPL | 10
 BN_FILTER_SPIDER | IP_USER_SD_MPL  | 1
 BN_FILTER_SPIDER | IP_USER_RATIO   | .955
 BN_FILTER_SPIDER | CLK_USER_MEAN   | 18.161
 BN_FILTER_SPIDER | CLK_USER_SD     | 363.062
 BN_FILTER_SPIDER | IP_USER_MEAN    | 18.481
 BN_FILTER_SPIDER | IP_USER_SD      | 2097.799
(7 rows)

Time: 0 hrs, 0 mins, 0 secs, 215 ms
CREATE TABLE
Time: 0 hrs, 0 mins, 3 secs, 706 ms
CREATE TABLE
Time: 0 hrs, 0 mins, 1 secs, 48 ms
 l_mean_sd_mpl 
---------------
      3648.781
(1 row)

Time: 0 hrs, 0 mins, 0 secs, 102 ms
TRUNCATE
Time: 0 hrs, 0 mins, 0 secs, 885 ms
INSERT 0 26
Time: 0 hrs, 0 mins, 3 secs, 711 ms
ANALYZE
Time: 0 hrs, 0 mins, 0 secs, 115 ms
 Total click_user bn_spider_ip records 
---------------------------------------
                                    26
(1 row)

Time: 0 hrs, 0 mins, 0 secs, 217 ms
CREATE TABLE
Time: 0 hrs, 0 mins, 1 secs, 630 ms
ANALYZE
Time: 0 hrs, 0 mins, 0 secs, 94 ms
CREATE TABLE
Time: 0 hrs, 0 mins, 1 secs, 631 ms
ANALYZE
Time: 0 hrs, 0 mins, 0 secs, 75 ms
DROP 
Time: 0 hrs, 0 mins, 0 secs, 162 ms
CREATE TABLE
Time: 0 hrs, 0 mins, 0 secs, 403 ms
 l_mean_sd_mpl | l_ratio 
---------------+---------
      2116.280 |   0.955
(1 row)

Time: 0 hrs, 0 mins, 0 secs, 354 ms
INSERT 0 9531115
Time: 0 hrs, 0 mins, 4 secs, 656 ms
ANALYZE
Time: 0 hrs, 0 mins, 0 secs, 246 ms
 Total ip_user_filter bn_spider_ip records 
-------------------------------------------
                                   9531115
(1 row)

Time: 0 hrs, 0 mins, 0 secs, 398 ms
TRUNCATE
Time: 0 hrs, 0 mins, 2 secs, 319 ms
INSERT 0 15440803
Time: 0 hrs, 0 mins, 23 secs, 290 ms
ANALYZE
Time: 0 hrs, 0 mins, 3 secs, 230 ms
 bn_hits_stage 
---------------
      15440803
(1 row)

Time: 0 hrs, 0 mins, 0 secs, 218 ms
INSERT 0 13574573
Time: 0 hrs, 1 mins, 1 secs, 854 ms
ANALYZE
Time: 0 hrs, 0 mins, 3 secs, 734 ms
 bn_hits_sp_20110507 
---------------------
            28124829
(1 row)

Time: 0 hrs, 0 mins, 8 secs, 210 ms
TRUNCATE
Time: 0 hrs, 0 mins, 0 secs, 643 ms
INSERT 0 5929347
Time: 0 hrs, 0 mins, 5 secs, 990 ms
ANALYZE
Time: 0 hrs, 0 mins, 2 secs, 917 ms
 bn_hits_client_20110507 
-------------------------
                 5929347
(1 row)

Time: 0 hrs, 0 mins, 0 secs, 277 ms
END
Time: 0 hrs, 0 mins, 13 secs, 392 ms

Sun May 8 19:54:38 EDT 2011

Timing is on.
BEGIN
Time: 0 hrs, 0 mins, 1 secs, 520 ms

           600 - LOAD RESOURCES

SET
Time: 0 hrs, 0 mins, 0 secs, 10 ms
CREATE TABLE
Time: 0 hrs, 0 mins, 17 secs, 603 ms
ANALYZE
Time: 0 hrs, 0 mins, 0 secs, 716 ms
 tmp_a_count 
-------------
       30801
(1 row)

Time: 0 hrs, 0 mins, 0 secs, 197 ms
UPDATE 0
Time: 0 hrs, 0 mins, 3 secs, 313 ms
ANALYZE
Time: 0 hrs, 0 mins, 0 secs, 881 ms
TRUNCATE
Time: 0 hrs, 0 mins, 1 secs, 989 ms
INSERT 0 3891
Time: 0 hrs, 0 mins, 6 secs, 371 ms
ANALYZE
Time: 0 hrs, 0 mins, 0 secs, 392 ms
 first_resource_id | last_resource_id 
-------------------+------------------
          13428953 |         13432843
(1 row)

Time: 0 hrs, 0 mins, 0 secs, 262 ms
INSERT 0 3891
Time: 0 hrs, 0 mins, 0 secs, 434 ms
 total_resources 
-----------------
        13408448
(1 row)

Time: 0 hrs, 0 mins, 0 secs, 252 ms
ANALYZE
Time: 0 hrs, 0 mins, 0 secs, 770 ms
END
Time: 0 hrs, 0 mins, 11 secs, 547 ms
VACUUM
Time: 0 hrs, 0 mins, 36 secs, 432 ms

Sun May 8 19:56:00 EDT 2011

Timing is on.

           650 - LOAD_BN_SESSION_STAGE

BEGIN
Time: 0 hrs, 0 mins, 1 secs, 17 ms
SET
Time: 0 hrs, 0 mins, 0 secs, 13 ms
SET
Time: 0 hrs, 0 mins, 0 secs, 30 ms
CREATE TABLE
Time: 0 hrs, 6 mins, 37 secs, 940 ms
ANALYZE
Time: 0 hrs, 0 mins, 12 secs, 366 ms
 tmp_sessionized_stage 
-----------------------
              15440803
(1 row)

Time: 0 hrs, 0 mins, 5 secs, 488 ms
TRUNCATE
Time: 0 hrs, 0 mins, 2 secs, 122 ms
INSERT 0 1515879
Time: 0 hrs, 0 mins, 41 secs, 894 ms
ANALYZE
Time: 0 hrs, 0 mins, 0 secs, 986 ms
CREATE TABLE
Time: 0 hrs, 1 mins, 5 secs, 28 ms
CREATE INDEX
Time: 0 hrs, 0 mins, 0 secs, 367 ms
 tmp_first_last 
----------------
        1515879
(1 row)

Time: 0 hrs, 0 mins, 0 secs, 304 ms
ANALYZE
Time: 0 hrs, 0 mins, 1 secs, 347 ms
SET
Time: 0 hrs, 0 mins, 0 secs, 33 ms
SET
Time: 0 hrs, 0 mins, 0 secs, 26 ms
TRUNCATE
Time: 0 hrs, 0 mins, 2 secs, 45 ms
DROP
Time: 0 hrs, 0 mins, 0 secs, 309 ms
INSERT 0 1515879
Time: 0 hrs, 0 mins, 10 secs, 99 ms
 bn_session_stage 
------------------
          1515879
(1 row)

Time: 0 hrs, 0 mins, 1 secs, 95 ms
CREATE INDEX
Time: 0 hrs, 0 mins, 0 secs, 990 ms
ANALYZE
Time: 0 hrs, 0 mins, 1 secs, 12 ms
TRUNCATE
Time: 0 hrs, 0 mins, 1 secs, 420 ms
END
Time: 0 hrs, 0 mins, 35 secs, 61 ms

Sun May 8 20:05:42 EDT 2011

BEGIN

           660 - LOAD_BN_SESSION_UPDATE_STAGE

SET
TRUNCATE
INSERT 0 0
END

Sun May 8 20:06:25 EDT 2011

Timing is on.

           670 - LOAD_BN_SESSION_20110507.UPDATES

BEGIN
Time: 0 hrs, 0 mins, 4 secs, 31 ms
SET
Time: 0 hrs, 0 mins, 0 secs, 10 ms
UPDATE 0
Time: 0 hrs, 0 mins, 0 secs, 420 ms
END
Time: 0 hrs, 1 mins, 21 secs, 683 ms
VACUUM
Time: 0 hrs, 1 mins, 7 secs, 591 ms

Sun May 8 20:08:59 EDT 2011

Timing is on.

           700 - LOAD_BN_SESSION

BEGIN
Time: 0 hrs, 0 mins, 0 secs, 996 ms
SET
Time: 0 hrs, 0 mins, 0 secs, 11 ms
INSERT 0 1515879
Time: 0 hrs, 0 mins, 10 secs, 499 ms
ANALYZE
Time: 0 hrs, 0 mins, 1 secs, 204 ms
END
Time: 0 hrs, 0 mins, 47 secs, 68 ms

Sun May 8 20:09:59 EDT 2011

Timing is on.

            750 - LOAD_BN_SESSION_SUMMARY   

BEGIN
Time: 0 hrs, 0 mins, 1 secs, 213 ms
SET
Time: 0 hrs, 0 mins, 0 secs, 13 ms
CREATE TABLE
Time: 0 hrs, 0 mins, 4 secs, 879 ms
TRUNCATE
Time: 0 hrs, 0 mins, 1 secs, 61 ms
INSERT 0 155759
Time: 0 hrs, 0 mins, 3 secs, 81 ms
ANALYZE
Time: 0 hrs, 0 mins, 0 secs, 585 ms
 count(1) 
----------
   155759
(1 row)

Time: 0 hrs, 0 mins, 0 secs, 98 ms
END
Time: 0 hrs, 0 mins, 42 secs, 790 ms

Sun May 8 20:10:53 EDT 2011

Timing is on.

           800 - LOAD_BN_HITS

BEGIN
Time: 0 hrs, 0 mins, 1 secs, 315 ms
SET
Time: 0 hrs, 0 mins, 0 secs, 9 ms
SET
Time: 0 hrs, 0 mins, 0 secs, 30 ms
SET
Time: 0 hrs, 0 mins, 0 secs, 52 ms
SET
Time: 0 hrs, 0 mins, 0 secs, 17 ms
TRUNCATE
Time: 0 hrs, 0 mins, 1 secs, 633 ms
INSERT 0 15440803
Time: 0 hrs, 0 mins, 11 secs, 279 ms
 count(1) 
----------
 15440803
(1 row)

Time: 0 hrs, 0 mins, 0 secs, 492 ms
ANALYZE
Time: 0 hrs, 0 mins, 3 secs, 547 ms
END
Time: 0 hrs, 1 mins, 9 secs, 408 ms

Sun May 8 20:12:22 EDT 2011

Timing is on.

            900 - LOAD_CLICKSTREAM   

BEGIN
Time: 0 hrs, 0 mins, 2 secs, 245 ms
SET
Time: 0 hrs, 0 mins, 0 secs, 11 ms
TRUNCATE
Time: 0 hrs, 0 mins, 4 secs, 993 ms
INSERT 0 15440803
Time: 0 hrs, 2 mins, 1 secs, 321 ms
 count(1) 
----------
 15440803
(1 row)

Time: 0 hrs, 0 mins, 0 secs, 652 ms
ANALYZE
Time: 0 hrs, 0 mins, 1 secs, 451 ms
END
Time: 0 hrs, 1 mins, 15 secs, 334 ms

Sun May 8 20:15:48 EDT 2011

Timing is on.

            1000 - PAGE_VIEW_SUMMARY  

BEGIN
Time: 0 hrs, 0 mins, 1 secs, 378 ms
SET
Time: 0 hrs, 0 mins, 0 secs, 11 ms
SET
Time: 0 hrs, 0 mins, 0 secs, 21 ms
TRUNCATE
Time: 0 hrs, 0 mins, 1 secs, 439 ms
INSERT 0 37051
Time: 0 hrs, 0 mins, 4 secs, 643 ms
 count(1) 
----------
    37051
(1 row)

Time: 0 hrs, 0 mins, 0 secs, 402 ms
ANALYZE
Time: 0 hrs, 0 mins, 1 secs, 221 ms
END
Time: 0 hrs, 1 mins, 18 secs, 564 ms

Sun May 8 20:17:16 EDT 2011


2000 - WRAP UP 

Timing is on.
BEGIN
Time: 0 hrs, 0 mins, 1 secs, 299 ms
TRUNCATE
Time: 0 hrs, 0 mins, 4 secs, 363 ms
TRUNCATE
Time: 0 hrs, 0 mins, 1 secs, 114 ms
END
Time: 0 hrs, 1 mins, 40 secs, 740 ms
Sun May 8 20:19:03 EDT 2011
Removing lock file and waiting for a minute
Checking for lock file /tmp/.iislock
Acquired lock file /tmp/.iislock
-------------------------------------
Processing for 20110507
-------------------------------------

Mon May 9 04:52:00 EDT 2011

Timing is on.

           000 - INIT

BEGIN
Time: 0 hrs, 0 mins, 0 secs, 714 ms
*** Truncating staging tables before workflow starts ***
SET
Time: 0 hrs, 0 mins, 0 secs, 11 ms
GRANT
Time: 0 hrs, 0 mins, 1 secs, 62 ms
END
Time: 0 hrs, 0 mins, 10 secs, 107 ms

Mon May 9 04:52:12 EDT 2011

Timing is on.

            200 - LOAD_BN_IISLOGS   

BEGIN
Time: 0 hrs, 0 mins, 0 secs, 929 ms
SET
Time: 0 hrs, 0 mins, 0 secs, 10 ms
TRUNCATE
Time: 0 hrs, 0 mins, 1 secs, 254 ms
INSERT 0 66062508
Time: 0 hrs, 12 mins, 11 secs, 759 ms
END
Time: 0 hrs, 8 mins, 36 secs, 678 ms
ALTER TABLE
Time: 0 hrs, 4 mins, 52 secs, 795 ms

Mon May 9 05:17:55 EDT 2011

Timing is on.
BEGIN
Time: 0 hrs, 0 mins, 13 secs, 334 ms
SET
Time: 0 hrs, 0 mins, 0 secs, 13 ms

            250 - LOAD_BN_HITS_SP   

TRUNCATE
Time: 0 hrs, 0 mins, 5 secs, 136 ms
INSERT 0 19267953
Time: 0 hrs, 6 mins, 13 secs, 178 ms
ANALYZE
Time: 0 hrs, 5 mins, 7 secs, 199 ms
END
Time: 0 hrs, 0 mins, 36 secs, 972 ms

Mon May 9 05:30:12 EDT 2011

Timing is on.
BEGIN
Time: 0 hrs, 0 mins, 11 secs, 377 ms
SET
Time: 0 hrs, 0 mins, 0 secs, 18 ms

           300 - DYNAMIC FILTER

TRUNCATE
Time: 0 hrs, 0 mins, 5 secs, 668 ms
INSERT 0 14414931
Time: 0 hrs, 0 mins, 49 secs, 758 ms
ANALYZE
Time: 0 hrs, 0 mins, 4 secs, 720 ms
 Total records in web_click_cnt 
--------------------------------
                       14414931
(1 row)

Time: 0 hrs, 0 mins, 7 secs, 983 ms
CREATE TABLE
Time: 0 hrs, 0 mins, 21 secs, 74 ms
ANALYZE
Time: 0 hrs, 0 mins, 0 secs, 741 ms
CREATE TABLE
Time: 0 hrs, 0 mins, 2 secs, 644 ms
ANALYZE
Time: 0 hrs, 0 mins, 0 secs, 408 ms
DELETE 1
Time: 0 hrs, 0 mins, 1 secs, 4 ms
INSERT 0 1
Time: 0 hrs, 0 mins, 2 secs, 206 ms
DELETE 1
Time: 0 hrs, 0 mins, 0 secs, 183 ms
INSERT 0 1
Time: 0 hrs, 0 mins, 2 secs, 42 ms
CREATE TABLE
Time: 0 hrs, 0 mins, 9 secs, 153 ms
ANALYZE
Time: 0 hrs, 0 mins, 0 secs, 211 ms
CREATE TABLE
Time: 0 hrs, 0 mins, 4 secs, 638 ms
ANALYZE
Time: 0 hrs, 0 mins, 0 secs, 131 ms
DELETE 1
Time: 0 hrs, 0 mins, 0 secs, 97 ms
INSERT 0 1
Time: 0 hrs, 0 mins, 2 secs, 685 ms
DELETE 1
Time: 0 hrs, 0 mins, 0 secs, 123 ms
INSERT 0 1
Time: 0 hrs, 0 mins, 1 secs, 506 ms
ANALYZE
Time: 0 hrs, 0 mins, 0 secs, 794 ms
    tablename     |    attr_name    | attr_value 
------------------+-----------------+------------
 BN_FILTER_SPIDER | CLK_USER_SD_MPL | 10
 BN_FILTER_SPIDER | IP_USER_SD_MPL  | 1
 BN_FILTER_SPIDER | IP_USER_RATIO   | .955
 BN_FILTER_SPIDER | CLK_USER_MEAN   | 19.062
 BN_FILTER_SPIDER | CLK_USER_SD     | 389.610
 BN_FILTER_SPIDER | IP_USER_MEAN    | 18.126
 BN_FILTER_SPIDER | IP_USER_SD      | 2411.515
(7 rows)

Time: 0 hrs, 0 mins, 1 secs, 383 ms
CREATE TABLE
Time: 0 hrs, 0 mins, 9 secs, 184 ms
CREATE TABLE
Time: 0 hrs, 0 mins, 3 secs, 17 ms
 l_mean_sd_mpl 
---------------
      3915.162
(1 row)

Time: 0 hrs, 0 mins, 1 secs, 344 ms
TRUNCATE
Time: 0 hrs, 0 mins, 6 secs, 481 ms
INSERT 0 31
Time: 0 hrs, 0 mins, 25 secs, 501 ms
ANALYZE
Time: 0 hrs, 0 mins, 0 secs, 715 ms
 Total click_user bn_spider_ip records 
---------------------------------------
                                    31
(1 row)

Time: 0 hrs, 0 mins, 1 secs, 481 ms
CREATE TABLE
Time: 0 hrs, 0 mins, 4 secs, 874 ms
ANALYZE
Time: 0 hrs, 0 mins, 0 secs, 211 ms
CREATE TABLE
Time: 0 hrs, 0 mins, 3 secs, 803 ms
ANALYZE
Time: 0 hrs, 0 mins, 0 secs, 307 ms
DROP 
Time: 0 hrs, 0 mins, 0 secs, 222 ms
CREATE TABLE
Time: 0 hrs, 0 mins, 3 secs, 989 ms
 l_mean_sd_mpl | l_ratio 
---------------+---------
      2429.641 |   0.955
(1 row)

Time: 0 hrs, 0 mins, 0 secs, 549 ms
INSERT 0 12108271
Time: 0 hrs, 0 mins, 10 secs, 666 ms
ANALYZE
Time: 0 hrs, 0 mins, 0 secs, 376 ms
 Total ip_user_filter bn_spider_ip records 
-------------------------------------------
                                  12108271
(1 row)

Time: 0 hrs, 0 mins, 0 secs, 641 ms
TRUNCATE
Time: 0 hrs, 0 mins, 5 secs, 785 ms
INSERT 0 21372441
Time: 0 hrs, 0 mins, 32 secs, 816 ms
ANALYZE
Time: 0 hrs, 0 mins, 4 secs, 338 ms
 bn_hits_stage 
---------------
      21372441
(1 row)

Time: 0 hrs, 0 mins, 0 secs, 674 ms
INSERT 0 17130252
Time: 0 hrs, 1 mins, 33 secs, 256 ms
ANALYZE
Time: 0 hrs, 8 mins, 14 secs, 629 ms
 bn_hits_sp_20110507 
---------------------
            36398205
(1 row)

Time: 0 hrs, 1 mins, 32 secs, 940 ms
TRUNCATE
Time: 0 hrs, 0 mins, 13 secs, 217 ms
INSERT 0 8291862
Time: 0 hrs, 1 mins, 4 secs, 445 ms
ANALYZE
Time: 0 hrs, 0 mins, 10 secs, 842 ms
 bn_hits_client_20110507 
-------------------------
                 8291862
(1 row)

Time: 0 hrs, 0 mins, 7 secs, 765 ms
END
Time: 0 hrs, 1 mins, 7 secs, 316 ms

Mon May 9 05:48:24 EDT 2011

Timing is on.
BEGIN
Time: 0 hrs, 0 mins, 4 secs, 197 ms

           600 - LOAD RESOURCES

SET
Time: 0 hrs, 0 mins, 0 secs, 12 ms
CREATE TABLE
Time: 0 hrs, 0 mins, 17 secs, 822 ms
ANALYZE
Time: 0 hrs, 0 mins, 0 secs, 889 ms
 tmp_a_count 
-------------
       51795
(1 row)

Time: 0 hrs, 0 mins, 0 secs, 275 ms
UPDATE 0
Time: 0 hrs, 0 mins, 1 secs, 910 ms
ANALYZE
Time: 0 hrs, 0 mins, 0 secs, 879 ms
TRUNCATE
Time: 0 hrs, 0 mins, 3 secs, 293 ms
INSERT 0 8217
Time: 0 hrs, 0 mins, 9 secs, 762 ms
ANALYZE
Time: 0 hrs, 0 mins, 0 secs, 235 ms
 first_resource_id | last_resource_id 
-------------------+------------------
          13451890 |         13460106
(1 row)

Time: 0 hrs, 0 mins, 0 secs, 140 ms
INSERT 0 8217
Time: 0 hrs, 0 mins, 0 secs, 569 ms
 total_resources 
-----------------
        13435711
(1 row)

Time: 0 hrs, 0 mins, 0 secs, 407 ms
ANALYZE
Time: 0 hrs, 0 mins, 0 secs, 712 ms
END
Time: 0 hrs, 0 mins, 9 secs, 300 ms
VACUUM
Time: 0 hrs, 0 mins, 7 secs, 62 ms

Mon May 9 05:49:21 EDT 2011

Timing is on.

           650 - LOAD_BN_SESSION_STAGE

BEGIN
Time: 0 hrs, 0 mins, 1 secs, 6 ms
SET
Time: 0 hrs, 0 mins, 0 secs, 13 ms
SET
Time: 0 hrs, 0 mins, 0 secs, 174 ms
CREATE TABLE
Time: 0 hrs, 1 mins, 22 secs, 570 ms
ANALYZE
Time: 0 hrs, 0 mins, 10 secs, 100 ms
 tmp_sessionized_stage 
-----------------------
              21372441
(1 row)

Time: 0 hrs, 0 mins, 2 secs, 212 ms
TRUNCATE
Time: 0 hrs, 0 mins, 1 secs, 200 ms
INSERT 0 1984145
Time: 0 hrs, 0 mins, 36 secs, 115 ms
ANALYZE
Time: 0 hrs, 0 mins, 2 secs, 519 ms
CREATE TABLE
Time: 0 hrs, 1 mins, 16 secs, 858 ms
CREATE INDEX
Time: 0 hrs, 0 mins, 0 secs, 733 ms
 tmp_first_last 
----------------
        1984145
(1 row)

Time: 0 hrs, 0 mins, 0 secs, 276 ms
ANALYZE
Time: 0 hrs, 0 mins, 1 secs, 75 ms
SET
Time: 0 hrs, 0 mins, 0 secs, 27 ms
SET
Time: 0 hrs, 0 mins, 0 secs, 23 ms
TRUNCATE
Time: 0 hrs, 0 mins, 1 secs, 35 ms
DROP
Time: 0 hrs, 0 mins, 0 secs, 288 ms
INSERT 0 1984145
Time: 0 hrs, 0 mins, 10 secs, 134 ms
 bn_session_stage 
------------------
          1984145
(1 row)

Time: 0 hrs, 0 mins, 0 secs, 686 ms
CREATE INDEX
Time: 0 hrs, 0 mins, 0 secs, 960 ms
ANALYZE
Time: 0 hrs, 0 mins, 1 secs, 836 ms
TRUNCATE
Time: 0 hrs, 0 mins, 0 secs, 431 ms
END
Time: 0 hrs, 0 mins, 18 secs, 240 ms

Mon May 9 05:53:30 EDT 2011

BEGIN

           660 - LOAD_BN_SESSION_UPDATE_STAGE

SET
TRUNCATE
INSERT 0 0
END

Mon May 9 05:53:39 EDT 2011

Timing is on.

           670 - LOAD_BN_SESSION_20110507.UPDATES

BEGIN
Time: 0 hrs, 0 mins, 0 secs, 993 ms
SET
Time: 0 hrs, 0 mins, 0 secs, 10 ms
UPDATE 0
Time: 0 hrs, 0 mins, 0 secs, 322 ms
END
Time: 0 hrs, 0 mins, 1 secs, 651 ms
VACUUM
Time: 0 hrs, 0 mins, 14 secs, 413 ms

Mon May 9 05:53:57 EDT 2011

Timing is on.

           700 - LOAD_BN_SESSION

BEGIN
Time: 0 hrs, 0 mins, 1 secs, 822 ms
SET
Time: 0 hrs, 0 mins, 0 secs, 12 ms
INSERT 0 1984145
Time: 0 hrs, 0 mins, 10 secs, 31 ms
ANALYZE
Time: 0 hrs, 0 mins, 1 secs, 867 ms
END
Time: 0 hrs, 0 mins, 13 secs, 505 ms

Mon May 9 05:54:25 EDT 2011

Timing is on.

            750 - LOAD_BN_SESSION_SUMMARY   

BEGIN
Time: 0 hrs, 0 mins, 1 secs, 33 ms
SET
Time: 0 hrs, 0 mins, 0 secs, 10 ms
CREATE TABLE
Time: 0 hrs, 0 mins, 6 secs, 905 ms
TRUNCATE
Time: 0 hrs, 0 mins, 0 secs, 906 ms
INSERT 0 191740
Time: 0 hrs, 0 mins, 4 secs, 309 ms
ANALYZE
Time: 0 hrs, 0 mins, 0 secs, 822 ms
 count(1) 
----------
   191740
(1 row)

Time: 0 hrs, 0 mins, 0 secs, 94 ms
END
Time: 0 hrs, 0 mins, 2 secs, 629 ms

Mon May 9 05:54:41 EDT 2011

Timing is on.

           800 - LOAD_BN_HITS

BEGIN
Time: 0 hrs, 0 mins, 0 secs, 793 ms
SET
Time: 0 hrs, 0 mins, 0 secs, 9 ms
SET
Time: 0 hrs, 0 mins, 0 secs, 75 ms
SET
Time: 0 hrs, 0 mins, 0 secs, 26 ms
SET
Time: 0 hrs, 0 mins, 0 secs, 21 ms
TRUNCATE
Time: 0 hrs, 0 mins, 0 secs, 645 ms
INSERT 0 21372441
Time: 0 hrs, 0 mins, 6 secs, 720 ms
 count(1) 
----------
 21372441
(1 row)

Time: 0 hrs, 0 mins, 1 secs, 608 ms
ANALYZE
Time: 0 hrs, 0 mins, 3 secs, 477 ms
END
Time: 0 hrs, 0 mins, 4 secs, 248 ms

Mon May 9 05:54:59 EDT 2011

Timing is on.

            900 - LOAD_CLICKSTREAM   

BEGIN
Time: 0 hrs, 0 mins, 2 secs, 26 ms
SET
Time: 0 hrs, 0 mins, 0 secs, 12 ms
TRUNCATE
Time: 0 hrs, 0 mins, 1 secs, 855 ms
INSERT 0 21372441
Time: 0 hrs, 1 mins, 26 secs, 145 ms
 count(1) 
----------
 21372441
(1 row)

Time: 0 hrs, 0 mins, 0 secs, 579 ms
ANALYZE
Time: 0 hrs, 0 mins, 1 secs, 443 ms
END
Time: 0 hrs, 0 mins, 4 secs, 851 ms

Mon May 9 05:56:37 EDT 2011

Timing is on.

            1000 - PAGE_VIEW_SUMMARY  

BEGIN
Time: 0 hrs, 0 mins, 0 secs, 978 ms
SET
Time: 0 hrs, 0 mins, 0 secs, 20 ms
SET
Time: 0 hrs, 0 mins, 0 secs, 24 ms
TRUNCATE
Time: 0 hrs, 0 mins, 1 secs, 942 ms
INSERT 0 59076
Time: 0 hrs, 0 mins, 4 secs, 703 ms
 count(1) 
----------
    59076
(1 row)

Time: 0 hrs, 0 mins, 0 secs, 653 ms
ANALYZE
Time: 0 hrs, 0 mins, 0 secs, 42 ms
END
Time: 0 hrs, 0 mins, 8 secs, 465 ms

Mon May 9 05:56:54 EDT 2011


2000 - WRAP UP 

Timing is on.
BEGIN
Time: 0 hrs, 0 mins, 0 secs, 824 ms
TRUNCATE
Time: 0 hrs, 0 mins, 0 secs, 373 ms
TRUNCATE
Time: 0 hrs, 0 mins, 0 secs, 580 ms
END
Time: 0 hrs, 0 mins, 5 secs, 327 ms
Mon May 9 05:57:01 EDT 2011
Removing lock file and waiting for a minute
