Checking for lock file /tmp/.iislock
Acquired lock file /tmp/.iislock
deleting simple.htm records - these are just server testing...
DELETE 5450800
-------------------------------------
Processing for 20111226
-------------------------------------

Tue Dec 27 05:34:07 EST 2011

Timing is on.

           000 - INIT

BEGIN
Time: 0 hrs, 0 mins, 1 secs, 33 ms
*** Truncating staging tables before workflow starts ***
SET
Time: 0 hrs, 0 mins, 0 secs, 6 ms
GRANT
Time: 0 hrs, 0 mins, 9 secs, 84 ms
END
Time: 0 hrs, 0 mins, 3 secs, 803 ms

Tue Dec 27 05:34:22 EST 2011

Timing is on.

            200 - LOAD_BN_IISLOGS   

BEGIN
Time: 0 hrs, 0 mins, 6 secs, 444 ms
SET
Time: 0 hrs, 0 mins, 0 secs, 7 ms
TRUNCATE
Time: 0 hrs, 0 mins, 1 secs, 861 ms
INSERT 0 92722573
Time: 0 hrs, 12 mins, 54 secs, 405 ms
END
Time: 0 hrs, 0 mins, 6 secs, 342 ms
ALTER TABLE
Time: 0 hrs, 2 mins, 20 secs, 578 ms

Tue Dec 27 05:49:52 EST 2011

Timing is on.
BEGIN
Time: 0 hrs, 0 mins, 0 secs, 506 ms
SET
Time: 0 hrs, 0 mins, 0 secs, 7 ms

            250 - LOAD_BN_HITS_SP   

TRUNCATE
Time: 0 hrs, 0 mins, 2 secs, 668 ms
INSERT 0 35755719
Time: 0 hrs, 8 mins, 9 secs, 198 ms
ANALYZE
Time: 0 hrs, 0 mins, 16 secs, 417 ms
END
Time: 0 hrs, 0 mins, 44 secs, 39 ms

Tue Dec 27 05:59:05 EST 2011

Timing is on.
BEGIN
Time: 0 hrs, 0 mins, 10 secs, 865 ms
SET
Time: 0 hrs, 0 mins, 0 secs, 6 ms

           300 - DYNAMIC FILTER

TRUNCATE
Time: 0 hrs, 0 mins, 16 secs, 184 ms
INSERT 0 25325720
Time: 0 hrs, 0 mins, 19 secs, 697 ms
ANALYZE
Time: 0 hrs, 0 mins, 3 secs, 360 ms
 Total records in web_click_cnt 
--------------------------------
                       25325720
(1 row)

Time: 0 hrs, 0 mins, 7 secs, 788 ms
CREATE TABLE
Time: 0 hrs, 0 mins, 43 secs, 800 ms
ANALYZE
Time: 0 hrs, 0 mins, 0 secs, 54 ms
CREATE TABLE
Time: 0 hrs, 0 mins, 5 secs, 391 ms
ANALYZE
Time: 0 hrs, 0 mins, 0 secs, 54 ms
DELETE 1
Time: 0 hrs, 0 mins, 5 secs, 533 ms
INSERT 0 1
Time: 0 hrs, 0 mins, 4 secs, 262 ms
DELETE 1
Time: 0 hrs, 0 mins, 0 secs, 86 ms
INSERT 0 1
Time: 0 hrs, 0 mins, 6 secs, 469 ms
CREATE TABLE
Time: 0 hrs, 0 mins, 20 secs, 260 ms
ANALYZE
Time: 0 hrs, 0 mins, 0 secs, 59 ms
CREATE TABLE
Time: 0 hrs, 0 mins, 5 secs, 217 ms
ANALYZE
Time: 0 hrs, 0 mins, 0 secs, 66 ms
DELETE 1
Time: 0 hrs, 0 mins, 0 secs, 93 ms
INSERT 0 1
Time: 0 hrs, 0 mins, 1 secs, 644 ms
DELETE 1
Time: 0 hrs, 0 mins, 0 secs, 338 ms
INSERT 0 1
Time: 0 hrs, 0 mins, 6 secs, 264 ms
ANALYZE
Time: 0 hrs, 0 mins, 1 secs, 193 ms
    tablename     |    attr_name    | attr_value 
------------------+-----------------+------------
 BN_FILTER_SPIDER | CLK_USER_SD_MPL | 10
 BN_FILTER_SPIDER | IP_USER_SD_MPL  | 1
 BN_FILTER_SPIDER | IP_USER_RATIO   | .955
 BN_FILTER_SPIDER | CLK_USER_MEAN   | 9.811
 BN_FILTER_SPIDER | CLK_USER_SD     | 45.368
 BN_FILTER_SPIDER | IP_USER_MEAN    | 14.061
 BN_FILTER_SPIDER | IP_USER_SD      | 3667.554
(7 rows)

Time: 0 hrs, 0 mins, 9 secs, 853 ms
CREATE TABLE
Time: 0 hrs, 3 mins, 39 secs, 321 ms
CREATE TABLE
Time: 0 hrs, 0 mins, 7 secs, 196 ms
 l_mean_sd_mpl 
---------------
       463.491
(1 row)

Time: 0 hrs, 0 mins, 0 secs, 984 ms
TRUNCATE
Time: 0 hrs, 0 mins, 15 secs, 463 ms
INSERT 0 615
Time: 0 hrs, 0 mins, 22 secs, 384 ms
ANALYZE
Time: 0 hrs, 0 mins, 1 secs, 376 ms
 Total click_user bn_spider_ip records 
---------------------------------------
                                   615
(1 row)

Time: 0 hrs, 0 mins, 2 secs, 521 ms
CREATE TABLE
Time: 0 hrs, 0 mins, 34 secs, 787 ms
ANALYZE
Time: 0 hrs, 0 mins, 0 secs, 35 ms
CREATE TABLE
Time: 0 hrs, 33 mins, 35 secs, 890 ms
ANALYZE
Time: 0 hrs, 0 mins, 0 secs, 224 ms
DROP 
Time: 0 hrs, 0 mins, 0 secs, 790 ms
CREATE TABLE
Time: 0 hrs, 0 mins, 2 secs, 750 ms
 l_mean_sd_mpl | l_ratio 
---------------+---------
      3681.615 |   0.955
(1 row)

Time: 0 hrs, 0 mins, 1 secs, 225 ms
INSERT 0 20138421
Time: 0 hrs, 2 mins, 22 secs, 572 ms
ANALYZE
Time: 0 hrs, 0 mins, 0 secs, 721 ms
 Total ip_user_filter bn_spider_ip records 
-------------------------------------------
                                  20138421
(1 row)

Time: 0 hrs, 0 mins, 7 secs, 974 ms
TRUNCATE
Time: 0 hrs, 0 mins, 4 secs, 914 ms
INSERT 0 29391710
Time: 0 hrs, 1 mins, 51 secs, 508 ms
ANALYZE
Time: 0 hrs, 0 mins, 22 secs, 806 ms
 bn_hits_stage 
---------------
      29391710
(1 row)

Time: 0 hrs, 0 mins, 6 secs, 34 ms
INSERT 0 21116806
Time: 0 hrs, 3 mins, 25 secs, 292 ms
ANALYZE
Time: 0 hrs, 0 mins, 12 secs, 669 ms
 bn_hits_sp_20111226 
---------------------
            56872525
(1 row)

Time: 0 hrs, 0 mins, 3 secs, 725 ms
TRUNCATE
Time: 0 hrs, 0 mins, 8 secs, 961 ms
INSERT 0 6458338
Time: 0 hrs, 0 mins, 7 secs, 985 ms
ANALYZE
Time: 0 hrs, 0 mins, 6 secs, 959 ms
 bn_hits_client_20111226 
-------------------------
                 6458338
(1 row)

Time: 0 hrs, 0 mins, 0 secs, 189 ms
END
Time: 0 hrs, 1 mins, 21 secs, 754 ms

Tue Dec 27 06:51:03 EST 2011

Timing is on.
BEGIN
Time: 0 hrs, 0 mins, 18 secs, 647 ms

           600 - LOAD RESOURCES

SET
Time: 0 hrs, 0 mins, 0 secs, 10 ms
CREATE TABLE
Time: 0 hrs, 2 mins, 56 secs, 466 ms
ANALYZE
Time: 0 hrs, 0 mins, 3 secs, 401 ms
 tmp_a_count 
-------------
     1612348
(1 row)

Time: 0 hrs, 0 mins, 3 secs, 150 ms
UPDATE 0
Time: 0 hrs, 0 mins, 14 secs, 90 ms
ANALYZE
Time: 0 hrs, 0 mins, 1 secs, 883 ms
TRUNCATE
Time: 0 hrs, 0 mins, 5 secs, 602 ms
INSERT 0 599866
Time: 0 hrs, 2 mins, 47 secs, 758 ms
ANALYZE
Time: 0 hrs, 0 mins, 6 secs, 453 ms
 first_resource_id | last_resource_id 
-------------------+------------------
          73626420 |         74226285
(1 row)

Time: 0 hrs, 0 mins, 5 secs, 563 ms
INSERT 0 599866
Time: 0 hrs, 2 mins, 43 secs, 136 ms
 total_resources 
-----------------
        74201822
(1 row)

Time: 0 hrs, 0 mins, 5 secs, 906 ms
ANALYZE
Time: 0 hrs, 0 mins, 4 secs, 247 ms
END
Time: 0 hrs, 0 mins, 31 secs, 358 ms
VACUUM
Time: 0 hrs, 2 mins, 4 secs, 347 ms

Tue Dec 27 07:03:15 EST 2011

Timing is on.

           650 - LOAD_BN_SESSION_STAGE

BEGIN
Time: 0 hrs, 0 mins, 12 secs, 175 ms
SET
Time: 0 hrs, 0 mins, 0 secs, 9 ms
SET
Time: 0 hrs, 0 mins, 0 secs, 15 ms
CREATE TABLE
Time: 0 hrs, 2 mins, 21 secs, 964 ms
ANALYZE
Time: 0 hrs, 0 mins, 8 secs, 787 ms
 tmp_sessionized_stage 
-----------------------
              29391710
(1 row)

Time: 0 hrs, 0 mins, 3 secs, 80 ms
TRUNCATE
Time: 0 hrs, 0 mins, 3 secs, 733 ms
INSERT 0 4959251
Time: 0 hrs, 2 mins, 40 secs, 230 ms
ANALYZE
Time: 0 hrs, 0 mins, 3 secs, 866 ms
CREATE TABLE
Time: 0 hrs, 3 mins, 50 secs, 69 ms
CREATE INDEX
Time: 0 hrs, 0 mins, 0 secs, 720 ms
 tmp_first_last 
----------------
        4959251
(1 row)

Time: 0 hrs, 0 mins, 1 secs, 237 ms
ANALYZE
Time: 0 hrs, 0 mins, 1 secs, 720 ms
SET
Time: 0 hrs, 0 mins, 0 secs, 16 ms
SET
Time: 0 hrs, 0 mins, 0 secs, 11 ms
TRUNCATE
Time: 0 hrs, 0 mins, 8 secs, 757 ms
DROP 
Time: 0 hrs, 0 mins, 3 secs, 172 ms
INSERT 0 4959251
Time: 0 hrs, 0 mins, 16 secs, 143 ms
 bn_session_stage 
------------------
          4959251
(1 row)

Time: 0 hrs, 0 mins, 17 secs, 46 ms
CREATE INDEX
Time: 0 hrs, 0 mins, 13 secs, 441 ms
ANALYZE
Time: 0 hrs, 0 mins, 1 secs, 176 ms
TRUNCATE
Time: 0 hrs, 0 mins, 8 secs, 143 ms
END
Time: 0 hrs, 0 mins, 57 secs, 284 ms

Tue Dec 27 07:14:48 EST 2011

BEGIN

           660 - LOAD_BN_SESSION_UPDATE_STAGE

SET
TRUNCATE
INSERT 0 0
END

Tue Dec 27 07:15:53 EST 2011

Timing is on.

           670 - LOAD_BN_SESSION_20111226.UPDATES

BEGIN
Time: 0 hrs, 0 mins, 0 secs, 175 ms
SET
Time: 0 hrs, 0 mins, 0 secs, 5 ms
UPDATE 0
Time: 0 hrs, 0 mins, 1 secs, 584 ms
END
Time: 0 hrs, 0 mins, 56 secs, 973 ms
VACUUM
Time: 0 hrs, 0 mins, 40 secs, 611 ms

Tue Dec 27 07:17:33 EST 2011

Timing is on.

           700 - LOAD_BN_SESSION

BEGIN
Time: 0 hrs, 0 mins, 1 secs, 945 ms
SET
Time: 0 hrs, 0 mins, 0 secs, 6 ms
INSERT 0 4959251
Time: 0 hrs, 0 mins, 27 secs, 140 ms
ANALYZE
Time: 0 hrs, 0 mins, 1 secs, 293 ms
END
Time: 0 hrs, 0 mins, 46 secs, 989 ms

Tue Dec 27 07:18:51 EST 2011

Timing is on.

            750 - LOAD_BN_SESSION_SUMMARY   

BEGIN
Time: 0 hrs, 0 mins, 1 secs, 514 ms
SET
Time: 0 hrs, 0 mins, 0 secs, 9 ms
CREATE TABLE
Time: 0 hrs, 0 mins, 39 secs, 653 ms
TRUNCATE
Time: 0 hrs, 0 mins, 10 secs, 297 ms
INSERT 0 1208298
Time: 0 hrs, 0 mins, 7 secs, 17 ms
ANALYZE
Time: 0 hrs, 0 mins, 0 secs, 868 ms
 count(1) 
----------
  1208298
(1 row)

Time: 0 hrs, 0 mins, 0 secs, 363 ms
END
Time: 0 hrs, 0 mins, 22 secs, 137 ms

Tue Dec 27 07:20:13 EST 2011

Timing is on.

           800 - LOAD_BN_HITS

BEGIN
Time: 0 hrs, 0 mins, 0 secs, 178 ms
SET
Time: 0 hrs, 0 mins, 0 secs, 7 ms
SET
Time: 0 hrs, 0 mins, 0 secs, 19 ms
SET
Time: 0 hrs, 0 mins, 0 secs, 20 ms
SET
Time: 0 hrs, 0 mins, 0 secs, 23 ms
TRUNCATE
Time: 0 hrs, 0 mins, 7 secs, 986 ms
INSERT 0 29391710
Time: 0 hrs, 0 mins, 25 secs, 514 ms
 count(1) 
----------
 29391710
(1 row)

Time: 0 hrs, 0 mins, 4 secs, 475 ms
ANALYZE
Time: 0 hrs, 0 mins, 3 secs, 841 ms
END
Time: 0 hrs, 0 mins, 34 secs, 822 ms

Tue Dec 27 07:21:30 EST 2011

Timing is on.

            900 - LOAD_CLICKSTREAM   

BEGIN
Time: 0 hrs, 0 mins, 0 secs, 211 ms
SET
Time: 0 hrs, 0 mins, 0 secs, 7 ms
TRUNCATE
Time: 0 hrs, 0 mins, 2 secs, 355 ms
INSERT 0 29391710
Time: 0 hrs, 1 mins, 58 secs, 42 ms
 count(1) 
----------
 29391710
(1 row)

Time: 0 hrs, 0 mins, 1 secs, 769 ms
ANALYZE
Time: 0 hrs, 0 mins, 4 secs, 997 ms
END
Time: 0 hrs, 0 mins, 39 secs, 467 ms

Tue Dec 27 07:24:17 EST 2011

Timing is on.

            1000 - PAGE_VIEW_SUMMARY  

BEGIN
Time: 0 hrs, 0 mins, 0 secs, 190 ms
SET
Time: 0 hrs, 0 mins, 0 secs, 9 ms
SET
Time: 0 hrs, 0 mins, 0 secs, 12 ms
TRUNCATE
Time: 0 hrs, 0 mins, 1 secs, 357 ms
INSERT 0 1655560
Time: 0 hrs, 0 mins, 8 secs, 231 ms
 count(1) 
----------
  1655560
(1 row)

Time: 0 hrs, 0 mins, 1 secs, 660 ms
ANALYZE
Time: 0 hrs, 0 mins, 0 secs, 198 ms
END
Time: 0 hrs, 0 mins, 5 secs, 766 ms

Tue Dec 27 07:24:35 EST 2011


2000 - WRAP UP 

Timing is on.
BEGIN
Time: 0 hrs, 0 mins, 0 secs, 242 ms
TRUNCATE
Time: 0 hrs, 0 mins, 1 secs, 734 ms
TRUNCATE
Time: 0 hrs, 0 mins, 1 secs, 497 ms
END
Time: 0 hrs, 0 mins, 10 secs, 400 ms
Tue Dec 27 07:24:49 EST 2011
Removing lock file and waiting for a minute
Total time taken:  113  minutes.
Running time of run.sh 20111226: 6822 seconds
Checking for lock file /tmp/.iislock
Acquired lock file /tmp/.iislock
deleting simple.htm records - these are just server testing...
DELETE 19
-------------------------------------
Processing for 20111226
-------------------------------------

Wed Dec 28 19:52:07 EST 2011

Timing is on.

           000 - INIT

BEGIN
Time: 0 hrs, 0 mins, 5 secs, 925 ms
*** Truncating staging tables before workflow starts ***
SET
Time: 0 hrs, 0 mins, 0 secs, 7 ms
GRANT
Time: 0 hrs, 2 mins, 18 secs, 558 ms
END
Time: 0 hrs, 0 mins, 44 secs, 630 ms

Wed Dec 28 19:55:16 EST 2011

Timing is on.

            200 - LOAD_BN_IISLOGS   

BEGIN
Time: 0 hrs, 0 mins, 14 secs, 788 ms
SET
Time: 0 hrs, 0 mins, 0 secs, 8 ms
TRUNCATE
Time: 0 hrs, 1 mins, 16 secs, 527 ms
INSERT 0 123073638
Time: 0 hrs, 40 mins, 26 secs, 571 ms
END
Time: 0 hrs, 4 mins, 57 secs, 814 ms
ALTER TABLE
Time: 0 hrs, 3 mins, 49 secs, 954 ms

Wed Dec 28 20:46:02 EST 2011

Timing is on.
BEGIN
Time: 0 hrs, 0 mins, 10 secs, 279 ms
SET
Time: 0 hrs, 0 mins, 0 secs, 8 ms

            250 - LOAD_BN_HITS_SP   

TRUNCATE
Time: 0 hrs, 0 mins, 23 secs, 522 ms
INSERT 0 47684485
Time: 0 hrs, 12 mins, 26 secs, 904 ms
ANALYZE
Time: 0 hrs, 0 mins, 15 secs, 86 ms
END
Time: 0 hrs, 0 mins, 30 secs, 819 ms

Wed Dec 28 20:59:49 EST 2011

Timing is on.
BEGIN
Time: 0 hrs, 0 mins, 3 secs, 543 ms
SET
Time: 0 hrs, 0 mins, 0 secs, 9 ms

           300 - DYNAMIC FILTER

TRUNCATE
Time: 0 hrs, 0 mins, 9 secs, 136 ms
INSERT 0 31462525
Time: 0 hrs, 0 mins, 22 secs, 212 ms
ANALYZE
Time: 0 hrs, 0 mins, 3 secs, 28 ms
 Total records in web_click_cnt 
--------------------------------
                       31462525
(1 row)

Time: 0 hrs, 0 mins, 2 secs, 403 ms
CREATE TABLE
Time: 0 hrs, 0 mins, 40 secs, 206 ms
ANALYZE
Time: 0 hrs, 0 mins, 0 secs, 67 ms
CREATE TABLE
Time: 0 hrs, 0 mins, 2 secs, 508 ms
ANALYZE
Time: 0 hrs, 0 mins, 0 secs, 63 ms
DELETE 1
Time: 0 hrs, 0 mins, 2 secs, 423 ms
INSERT 0 1
Time: 0 hrs, 0 mins, 1 secs, 528 ms
DELETE 1
Time: 0 hrs, 0 mins, 0 secs, 76 ms
INSERT 0 1
Time: 0 hrs, 0 mins, 2 secs, 419 ms
CREATE TABLE
Time: 0 hrs, 0 mins, 11 secs, 925 ms
ANALYZE
Time: 0 hrs, 0 mins, 0 secs, 375 ms
CREATE TABLE
Time: 0 hrs, 0 mins, 3 secs, 963 ms
ANALYZE
Time: 0 hrs, 0 mins, 2 secs, 793 ms
DELETE 1
Time: 0 hrs, 0 mins, 0 secs, 624 ms
INSERT 0 1
Time: 0 hrs, 0 mins, 3 secs, 389 ms
DELETE 1
Time: 0 hrs, 0 mins, 0 secs, 69 ms
INSERT 0 1
Time: 0 hrs, 0 mins, 1 secs, 813 ms
ANALYZE
Time: 0 hrs, 0 mins, 1 secs, 124 ms
    tablename     |    attr_name    | attr_value 
------------------+-----------------+------------
 BN_FILTER_SPIDER | CLK_USER_SD_MPL | 10
 BN_FILTER_SPIDER | IP_USER_SD_MPL  | 1
 BN_FILTER_SPIDER | IP_USER_RATIO   | .955
 BN_FILTER_SPIDER | CLK_USER_MEAN   | 10.350
 BN_FILTER_SPIDER | CLK_USER_SD     | 56.141
 BN_FILTER_SPIDER | IP_USER_MEAN    | 14.088
 BN_FILTER_SPIDER | IP_USER_SD      | 3940.197
(7 rows)

Time: 0 hrs, 0 mins, 2 secs, 972 ms
CREATE TABLE
Time: 0 hrs, 0 mins, 35 secs, 763 ms
CREATE TABLE
Time: 0 hrs, 0 mins, 5 secs, 668 ms
 l_mean_sd_mpl 
---------------
       571.760
(1 row)

Time: 0 hrs, 0 mins, 4 secs, 498 ms
TRUNCATE
Time: 0 hrs, 0 mins, 22 secs, 673 ms
INSERT 0 587
Time: 0 hrs, 1 mins, 21 secs, 917 ms
ANALYZE
Time: 0 hrs, 0 mins, 2 secs, 635 ms
 Total click_user bn_spider_ip records 
---------------------------------------
                                   587
(1 row)

Time: 0 hrs, 0 mins, 2 secs, 23 ms
CREATE TABLE
Time: 0 hrs, 1 mins, 37 secs, 15 ms
ANALYZE
Time: 0 hrs, 0 mins, 0 secs, 785 ms
CREATE TABLE
Time: 0 hrs, 0 mins, 28 secs, 104 ms
ANALYZE
Time: 0 hrs, 0 mins, 0 secs, 563 ms
DROP 
Time: 0 hrs, 0 mins, 1 secs, 782 ms
CREATE TABLE
Time: 0 hrs, 0 mins, 4 secs, 700 ms
 l_mean_sd_mpl | l_ratio 
---------------+---------
      3954.285 |   0.955
(1 row)

Time: 0 hrs, 0 mins, 7 secs, 547 ms
INSERT 0 24855113
Time: 0 hrs, 1 mins, 26 secs, 974 ms
ANALYZE
Time: 0 hrs, 0 mins, 8 secs, 66 ms
 Total ip_user_filter bn_spider_ip records 
-------------------------------------------
                                  24855113
(1 row)

Time: 0 hrs, 4 mins, 8 secs, 872 ms
TRUNCATE
Time: 0 hrs, 4 mins, 23 secs, 191 ms
INSERT 0 39469020
Time: 0 hrs, 10 mins, 48 secs, 929 ms
ANALYZE
Time: 0 hrs, 0 mins, 13 secs, 268 ms
 bn_hits_stage 
---------------
      39469020
(1 row)

Time: 0 hrs, 0 mins, 0 secs, 390 ms
INSERT 0 26057830
Time: 0 hrs, 4 mins, 33 secs, 558 ms
ANALYZE
Time: 0 hrs, 0 mins, 36 secs, 593 ms
 bn_hits_sp_20111226 
---------------------
            73742315
(1 row)

Time: 0 hrs, 0 mins, 34 secs, 363 ms
TRUNCATE
Time: 0 hrs, 0 mins, 19 secs, 990 ms
INSERT 0 9862303
Time: 0 hrs, 0 mins, 40 secs, 498 ms
ANALYZE
Time: 0 hrs, 0 mins, 15 secs, 854 ms
 bn_hits_client_20111226 
-------------------------
                 9862303
(1 row)

Time: 0 hrs, 0 mins, 28 secs, 844 ms
END
Time: 0 hrs, 2 mins, 29 secs, 603 ms

Wed Dec 28 21:37:53 EST 2011

Timing is on.
BEGIN
Time: 0 hrs, 1 mins, 49 secs, 404 ms

           600 - LOAD RESOURCES

SET
Time: 0 hrs, 0 mins, 0 secs, 6 ms
CREATE TABLE
Time: 0 hrs, 11 mins, 26 secs, 450 ms
ANALYZE
Time: 0 hrs, 0 mins, 23 secs, 674 ms
 tmp_a_count 
-------------
     1969010
(1 row)

Time: 0 hrs, 0 mins, 49 secs, 420 ms
UPDATE 0
Time: 0 hrs, 0 mins, 43 secs, 808 ms
ANALYZE
Time: 0 hrs, 0 mins, 42 secs, 690 ms
TRUNCATE
Time: 0 hrs, 0 mins, 46 secs, 951 ms
INSERT 0 176522
Time: 0 hrs, 14 mins, 5 secs, 107 ms
ANALYZE
Time: 0 hrs, 0 mins, 40 secs, 116 ms
 first_resource_id | last_resource_id 
-------------------+------------------
          74941429 |         75117950
(1 row)

Time: 0 hrs, 0 mins, 11 secs, 793 ms
INSERT 0 176522
Time: 0 hrs, 0 mins, 22 secs, 724 ms
 total_resources 
-----------------
        75093487
(1 row)

Time: 0 hrs, 0 mins, 17 secs, 331 ms
ANALYZE
Time: 0 hrs, 0 mins, 4 secs, 445 ms
END
Time: 0 hrs, 1 mins, 33 secs, 649 ms
VACUUM
Time: 0 hrs, 2 mins, 55 secs, 282 ms

Wed Dec 28 22:14:46 EST 2011

Timing is on.

           650 - LOAD_BN_SESSION_STAGE

BEGIN
Time: 0 hrs, 0 mins, 0 secs, 716 ms
SET
Time: 0 hrs, 0 mins, 0 secs, 10 ms
SET
Time: 0 hrs, 0 mins, 0 secs, 15 ms
CREATE TABLE
Time: 0 hrs, 2 mins, 42 secs, 70 ms
ANALYZE
Time: 0 hrs, 0 mins, 22 secs, 695 ms
 tmp_sessionized_stage 
-----------------------
              39469020
(1 row)

Time: 0 hrs, 0 mins, 8 secs, 44 ms
TRUNCATE
Time: 0 hrs, 0 mins, 9 secs, 864 ms
INSERT 0 6410140
Time: 0 hrs, 5 mins, 28 secs, 97 ms
ANALYZE
Time: 0 hrs, 0 mins, 3 secs, 843 ms
CREATE TABLE
Time: 0 hrs, 3 mins, 48 secs, 954 ms
CREATE INDEX
Time: 0 hrs, 0 mins, 3 secs, 253 ms
 tmp_first_last 
----------------
        6410140
(1 row)

Time: 0 hrs, 0 mins, 3 secs, 862 ms
ANALYZE
Time: 0 hrs, 0 mins, 1 secs, 84 ms
SET
Time: 0 hrs, 0 mins, 0 secs, 12 ms
SET
Time: 0 hrs, 0 mins, 0 secs, 12 ms
TRUNCATE
Time: 0 hrs, 0 mins, 19 secs, 656 ms
DROP 
Time: 0 hrs, 0 mins, 3 secs, 618 ms
INSERT 0 6410140
Time: 0 hrs, 0 mins, 13 secs, 809 ms
 bn_session_stage 
------------------
          6410140
(1 row)

Time: 0 hrs, 0 mins, 23 secs, 990 ms
CREATE INDEX
Time: 0 hrs, 0 mins, 5 secs, 123 ms
ANALYZE
Time: 0 hrs, 0 mins, 1 secs, 181 ms
TRUNCATE
Time: 0 hrs, 0 mins, 3 secs, 160 ms
END
Time: 0 hrs, 1 mins, 53 secs, 868 ms

Wed Dec 28 22:30:43 EST 2011

BEGIN

           660 - LOAD_BN_SESSION_UPDATE_STAGE

SET
TRUNCATE
INSERT 0 0
END

Wed Dec 28 22:31:49 EST 2011

Timing is on.

           670 - LOAD_BN_SESSION_20111226.UPDATES

BEGIN
Time: 0 hrs, 0 mins, 11 secs, 814 ms
SET
Time: 0 hrs, 0 mins, 0 secs, 8 ms
UPDATE 0
Time: 0 hrs, 0 mins, 0 secs, 232 ms
END
Time: 0 hrs, 0 mins, 27 secs, 816 ms
VACUUM
Time: 0 hrs, 0 mins, 30 secs, 976 ms

Wed Dec 28 22:33:01 EST 2011

Timing is on.

           700 - LOAD_BN_SESSION

BEGIN
Time: 0 hrs, 0 mins, 4 secs, 446 ms
SET
Time: 0 hrs, 0 mins, 0 secs, 6 ms
INSERT 0 6410140
Time: 0 hrs, 1 mins, 41 secs, 6 ms
ANALYZE
Time: 0 hrs, 0 mins, 3 secs, 412 ms
END
Time: 0 hrs, 0 mins, 18 secs, 104 ms

Wed Dec 28 22:35:08 EST 2011

Timing is on.

            750 - LOAD_BN_SESSION_SUMMARY   

BEGIN
Time: 0 hrs, 1 mins, 34 secs, 831 ms
SET
Time: 0 hrs, 0 mins, 0 secs, 9 ms
CREATE TABLE
Time: 0 hrs, 5 mins, 33 secs, 212 ms
TRUNCATE
Time: 0 hrs, 0 mins, 13 secs, 989 ms
INSERT 0 1454220
Time: 0 hrs, 1 mins, 39 secs, 894 ms
ANALYZE
Time: 0 hrs, 0 mins, 23 secs, 394 ms
 count(1) 
----------
  1454220
(1 row)

Time: 0 hrs, 0 mins, 37 secs, 803 ms
END
Time: 0 hrs, 8 mins, 42 secs, 57 ms

Wed Dec 28 22:53:53 EST 2011

Timing is on.

           800 - LOAD_BN_HITS

BEGIN
Time: 0 hrs, 0 mins, 47 secs, 656 ms
SET
Time: 0 hrs, 0 mins, 0 secs, 6 ms
SET
Time: 0 hrs, 0 mins, 0 secs, 15 ms
SET
Time: 0 hrs, 0 mins, 0 secs, 12 ms
SET
Time: 0 hrs, 0 mins, 0 secs, 12 ms
TRUNCATE
Time: 0 hrs, 0 mins, 47 secs, 742 ms
INSERT 0 39469020
Time: 0 hrs, 2 mins, 0 secs, 784 ms
 count(1) 
----------
 39469020
(1 row)

Time: 0 hrs, 1 mins, 5 secs, 754 ms
ANALYZE
Time: 0 hrs, 0 mins, 29 secs, 12 ms
END
Time: 0 hrs, 2 mins, 45 secs, 975 ms

Wed Dec 28 23:01:50 EST 2011

Timing is on.

            900 - LOAD_CLICKSTREAM   

BEGIN
Time: 0 hrs, 1 mins, 38 secs, 423 ms
SET
Time: 0 hrs, 0 mins, 0 secs, 6 ms
TRUNCATE
Time: 0 hrs, 0 mins, 51 secs, 269 ms
INSERT 0 39469020
Time: 0 hrs, 8 mins, 17 secs, 776 ms
 count(1) 
----------
 39469020
(1 row)

Time: 0 hrs, 0 mins, 10 secs, 631 ms
ANALYZE
Time: 0 hrs, 0 mins, 5 secs, 502 ms
END
Time: 0 hrs, 0 mins, 42 secs, 679 ms

Wed Dec 28 23:13:37 EST 2011

Timing is on.

            1000 - PAGE_VIEW_SUMMARY  

BEGIN
Time: 0 hrs, 0 mins, 10 secs, 246 ms
SET
Time: 0 hrs, 0 mins, 0 secs, 9 ms
SET
Time: 0 hrs, 0 mins, 0 secs, 13 ms
TRUNCATE
Time: 0 hrs, 0 mins, 35 secs, 893 ms
INSERT 0 2024105
Time: 0 hrs, 0 mins, 23 secs, 777 ms
 count(1) 
----------
  2024105
(1 row)

Time: 0 hrs, 0 mins, 1 secs, 775 ms
ANALYZE
Time: 0 hrs, 0 mins, 0 secs, 412 ms
END
Time: 0 hrs, 0 mins, 9 secs, 680 ms

Wed Dec 28 23:14:59 EST 2011


2000 - WRAP UP 

Timing is on.
BEGIN
Time: 0 hrs, 0 mins, 0 secs, 781 ms
TRUNCATE
Time: 0 hrs, 0 mins, 10 secs, 305 ms
TRUNCATE
Time: 0 hrs, 0 mins, 4 secs, 797 ms
END
Time: 0 hrs, 2 mins, 42 secs, 387 ms
Wed Dec 28 23:17:58 EST 2011
Removing lock file and waiting for a minute
Total time taken:  209  minutes.
Running time of run.sh 20111226: 209 minutes
