Checking for lock file /tmp/.iislock
Acquired lock file /tmp/.iislock
-------------------------------------
Processing for 20110102
-------------------------------------

Mon Jan 3 08:30:09 EST 2011

Timing is on.

           000 - INIT

BEGIN
Time: 0 hrs, 0 mins, 0 secs, 620 ms
*** Truncating staging tables before workflow starts ***
SET
Time: 0 hrs, 0 mins, 0 secs, 13 ms
TRUNCATE
Time: 0 hrs, 0 mins, 1 secs, 313 ms
TRUNCATE
Time: 0 hrs, 0 mins, 0 secs, 631 ms
TRUNCATE
Time: 0 hrs, 0 mins, 0 secs, 471 ms
TRUNCATE
Time: 0 hrs, 0 mins, 0 secs, 165 ms
TRUNCATE
Time: 0 hrs, 0 mins, 0 secs, 173 ms
TRUNCATE
Time: 0 hrs, 0 mins, 0 secs, 237 ms
TRUNCATE
Time: 0 hrs, 0 mins, 0 secs, 262 ms
END
Time: 0 hrs, 0 mins, 4 secs, 545 ms

Mon Jan 3 08:30:18 EST 2011

Timing is on.

            200 - LOAD_BN_IISLOGS   

BEGIN
Time: 0 hrs, 0 mins, 1 secs, 215 ms
SET
Time: 0 hrs, 0 mins, 0 secs, 16 ms
TRUNCATE
Time: 0 hrs, 0 mins, 0 secs, 293 ms
INSERT 0 31838578
Time: 0 hrs, 7 mins, 41 secs, 276 ms
END
Time: 0 hrs, 0 mins, 2 secs, 183 ms
ALTER TABLE
Time: 0 hrs, 6 mins, 21 secs, 511 ms

Mon Jan 3 08:44:25 EST 2011

Timing is on.
BEGIN
Time: 0 hrs, 0 mins, 0 secs, 646 ms
SET
Time: 0 hrs, 0 mins, 0 secs, 10 ms

            250 - LOAD_BN_HITS_SP   

TRUNCATE
Time: 0 hrs, 0 mins, 0 secs, 427 ms
INSERT 0 10257782
Time: 0 hrs, 2 mins, 25 secs, 59 ms
ANALYZE
Time: 0 hrs, 0 mins, 1 secs, 935 ms
END
Time: 0 hrs, 0 mins, 4 secs, 232 ms

Mon Jan 3 08:46:58 EST 2011

Timing is on.
BEGIN
Time: 0 hrs, 0 mins, 0 secs, 694 ms
SET
Time: 0 hrs, 0 mins, 0 secs, 10 ms

           300 - DYNAMIC FILTER

INSERT 0 6138662
Time: 0 hrs, 0 mins, 1 secs, 989 ms
ANALYZE
Time: 0 hrs, 0 mins, 0 secs, 406 ms
 Total records in web_click_cnt 
--------------------------------
                        6138662
(1 row)

Time: 0 hrs, 0 mins, 0 secs, 184 ms
CREATE TABLE
Time: 0 hrs, 0 mins, 1 secs, 405 ms
ANALYZE
Time: 0 hrs, 0 mins, 0 secs, 94 ms
CREATE TABLE
Time: 0 hrs, 0 mins, 0 secs, 318 ms
ANALYZE
Time: 0 hrs, 0 mins, 0 secs, 94 ms
DELETE 1
Time: 0 hrs, 0 mins, 0 secs, 138 ms
INSERT 0 1
Time: 0 hrs, 0 mins, 0 secs, 230 ms
DELETE 1
Time: 0 hrs, 0 mins, 0 secs, 96 ms
INSERT 0 1
Time: 0 hrs, 0 mins, 0 secs, 245 ms
CREATE TABLE
Time: 0 hrs, 0 mins, 1 secs, 351 ms
ANALYZE
Time: 0 hrs, 0 mins, 0 secs, 96 ms
CREATE TABLE
Time: 0 hrs, 0 mins, 0 secs, 245 ms
ANALYZE
Time: 0 hrs, 0 mins, 0 secs, 91 ms
DELETE 1
Time: 0 hrs, 0 mins, 0 secs, 73 ms
INSERT 0 1
Time: 0 hrs, 0 mins, 0 secs, 335 ms
DELETE 1
Time: 0 hrs, 0 mins, 0 secs, 114 ms
INSERT 0 1
Time: 0 hrs, 0 mins, 0 secs, 253 ms
ANALYZE
Time: 0 hrs, 0 mins, 0 secs, 47 ms
    tablename     |    attr_name    | attr_value 
------------------+-----------------+------------
 BN_FILTER_SPIDER | CLK_USER_SD_MPL | 10
 BN_FILTER_SPIDER | IP_USER_SD_MPL  | 1
 BN_FILTER_SPIDER | IP_USER_RATIO   | .955
 BN_FILTER_SPIDER | CLK_USER_MEAN   | 9.387
 BN_FILTER_SPIDER | CLK_USER_SD     | 214.479
 BN_FILTER_SPIDER | IP_USER_MEAN    | 5.145
 BN_FILTER_SPIDER | IP_USER_SD      | 786.628
(7 rows)

Time: 0 hrs, 0 mins, 0 secs, 103 ms
CREATE TABLE
Time: 0 hrs, 0 mins, 2 secs, 296 ms
CREATE TABLE
Time: 0 hrs, 0 mins, 0 secs, 214 ms
 l_mean_sd_mpl 
---------------
      2154.177
(1 row)

Time: 0 hrs, 0 mins, 0 secs, 254 ms
INSERT 0 82
Time: 0 hrs, 0 mins, 4 secs, 877 ms
ANALYZE
Time: 0 hrs, 0 mins, 0 secs, 145 ms
 Total click_user bn_spider_ip records 
---------------------------------------
                                    82
(1 row)

Time: 0 hrs, 0 mins, 0 secs, 269 ms
CREATE TABLE
Time: 0 hrs, 0 mins, 0 secs, 867 ms
ANALYZE
Time: 0 hrs, 0 mins, 0 secs, 64 ms
CREATE TABLE
Time: 0 hrs, 0 mins, 1 secs, 326 ms
ANALYZE
Time: 0 hrs, 0 mins, 0 secs, 141 ms
DROP 
Time: 0 hrs, 0 mins, 0 secs, 306 ms
CREATE TABLE
Time: 0 hrs, 0 mins, 0 secs, 136 ms
 l_mean_sd_mpl | l_ratio 
---------------+---------
       791.773 |   0.955
(1 row)

Time: 0 hrs, 0 mins, 0 secs, 136 ms
INSERT 0 3627739
Time: 0 hrs, 0 mins, 3 secs, 139 ms
ANALYZE
Time: 0 hrs, 0 mins, 0 secs, 188 ms
 Total ip_user_filter bn_spider_ip records 
-------------------------------------------
                                   3627739
(1 row)

Time: 0 hrs, 0 mins, 0 secs, 267 ms
INSERT 0 17344954
Time: 0 hrs, 0 mins, 25 secs, 636 ms
ANALYZE
Time: 0 hrs, 0 mins, 4 secs, 456 ms
 bn_hits_stage 
---------------
      17344954
(1 row)

Time: 0 hrs, 0 mins, 0 secs, 476 ms
INSERT 0 4235842
Time: 0 hrs, 0 mins, 20 secs, 945 ms
ANALYZE
Time: 0 hrs, 0 mins, 2 secs, 308 ms
 bn_hits_sp_20110102 
---------------------
            14493624
(1 row)

Time: 0 hrs, 0 mins, 3 secs, 872 ms
END
Time: 0 hrs, 0 mins, 1 secs, 527 ms

Mon Jan 3 08:48:21 EST 2011

Timing is on.
BEGIN
Time: 0 hrs, 0 mins, 1 secs, 38 ms

           600 - LOAD RESOURCES

SET
Time: 0 hrs, 0 mins, 0 secs, 13 ms
CREATE TABLE
Time: 0 hrs, 0 mins, 7 secs, 644 ms
ANALYZE
Time: 0 hrs, 0 mins, 0 secs, 467 ms
 tmp_a_count 
-------------
      152578
(1 row)

Time: 0 hrs, 0 mins, 0 secs, 108 ms
UPDATE 0
Time: 0 hrs, 1 mins, 34 secs, 314 ms
ANALYZE
Time: 0 hrs, 0 mins, 6 secs, 434 ms
INSERT 0 108013
Time: 0 hrs, 1 mins, 41 secs, 734 ms

Time: 0 hrs, 0 mins, 0 secs, 12 ms
ANALYZE
Time: 0 hrs, 0 mins, 1 secs, 315 ms
END
Time: 0 hrs, 1 mins, 4 secs, 479 ms
VACUUM
Time: 0 hrs, 0 mins, 58 secs, 674 ms

Mon Jan 3 08:53:57 EST 2011

Timing is on.

           650 - LOAD_BN_SESSION_STAGE

BEGIN
Time: 0 hrs, 0 mins, 1 secs, 146 ms
SET
Time: 0 hrs, 0 mins, 0 secs, 12 ms
CREATE TABLE
Time: 0 hrs, 0 mins, 58 secs, 642 ms
ANALYZE
Time: 0 hrs, 0 mins, 3 secs, 149 ms
INSERT 0 2744084
Time: 0 hrs, 0 mins, 41 secs, 276 ms
ANALYZE
Time: 0 hrs, 0 mins, 0 secs, 699 ms
CREATE TABLE
Time: 0 hrs, 0 mins, 28 secs, 487 ms
ANALYZE
Time: 0 hrs, 0 mins, 0 secs, 266 ms
CREATE TABLE
Time: 0 hrs, 0 mins, 40 secs, 103 ms
ANALYZE
Time: 0 hrs, 0 mins, 0 secs, 870 ms
INSERT 0 2744084
Time: 0 hrs, 3 mins, 53 secs, 774 ms
 bn_session_stage 
------------------
          2744084
(1 row)

Time: 0 hrs, 0 mins, 2 secs, 22 ms
ANALYZE
Time: 0 hrs, 0 mins, 1 secs, 818 ms
TRUNCATE
Time: 0 hrs, 0 mins, 8 secs, 24 ms
END
Time: 0 hrs, 0 mins, 45 secs, 769 ms

Mon Jan 3 09:01:43 EST 2011

BEGIN

           660 - LOAD_BN_SESSION_UPDATE_STAGE

SET
INSERT 0 0
END

Mon Jan 3 09:02:15 EST 2011

Timing is on.

           670 - LOAD_BN_SESSION_20110102.UPDATES

BEGIN
Time: 0 hrs, 0 mins, 0 secs, 720 ms
SET
Time: 0 hrs, 0 mins, 0 secs, 14 ms
UPDATE 0
Time: 0 hrs, 0 mins, 0 secs, 647 ms
END
Time: 0 hrs, 0 mins, 22 secs, 906 ms
VACUUM
Time: 0 hrs, 0 mins, 19 secs, 879 ms

Mon Jan 3 09:02:59 EST 2011

Timing is on.

           700 - LOAD_BN_SESSION

BEGIN
Time: 0 hrs, 0 mins, 1 secs, 179 ms
SET
Time: 0 hrs, 0 mins, 0 secs, 11 ms
INSERT 0 2744084
Time: 0 hrs, 0 mins, 9 secs, 932 ms
ANALYZE
Time: 0 hrs, 0 mins, 0 secs, 983 ms
END
Time: 0 hrs, 0 mins, 3 secs, 115 ms

Mon Jan 3 09:03:15 EST 2011

Timing is on.

            750 - LOAD_BN_SESSION_SUMMARY   

BEGIN
Time: 0 hrs, 0 mins, 0 secs, 645 ms
SET
Time: 0 hrs, 0 mins, 0 secs, 11 ms
CREATE TABLE
Time: 0 hrs, 0 mins, 10 secs, 173 ms
TRUNCATE
Time: 0 hrs, 0 mins, 0 secs, 963 ms
INSERT 0 254587
Time: 0 hrs, 0 mins, 4 secs, 655 ms
ANALYZE
Time: 0 hrs, 0 mins, 0 secs, 889 ms
 count(1) 
----------
   254587
(1 row)

Time: 0 hrs, 0 mins, 0 secs, 85 ms
END
Time: 0 hrs, 0 mins, 13 secs, 596 ms

Mon Jan 3 09:03:46 EST 2011

Timing is on.

           800 - LOAD_BN_HITS

BEGIN
Time: 0 hrs, 0 mins, 1 secs, 488 ms
SET
Time: 0 hrs, 0 mins, 0 secs, 13 ms
TRUNCATE
Time: 0 hrs, 0 mins, 1 secs, 917 ms
INSERT 0 17344954
Time: 0 hrs, 1 mins, 26 secs, 447 ms
 count(1) 
----------
 17344954
(1 row)

Time: 0 hrs, 0 mins, 0 secs, 330 ms
ANALYZE
Time: 0 hrs, 0 mins, 2 secs, 95 ms
END
Time: 0 hrs, 0 mins, 0 secs, 964 ms

Mon Jan 3 09:05:20 EST 2011

Timing is on.

            900 - LOAD_CLICKSTREAM   

BEGIN
Time: 0 hrs, 0 mins, 0 secs, 704 ms
SET
Time: 0 hrs, 0 mins, 0 secs, 12 ms
TRUNCATE
Time: 0 hrs, 0 mins, 0 secs, 586 ms
INSERT 0 17344954
Time: 0 hrs, 2 mins, 20 secs, 988 ms
 count(1) 
----------
 17344954
(1 row)

Time: 0 hrs, 0 mins, 0 secs, 220 ms
ANALYZE
Time: 0 hrs, 0 mins, 0 secs, 857 ms
END
Time: 0 hrs, 0 mins, 1 secs, 70 ms

Mon Jan 3 09:07:44 EST 2011

Timing is on.

            1000 - PAGE_VIEW_SUMMARY  

BEGIN
Time: 0 hrs, 0 mins, 0 secs, 746 ms
SET
Time: 0 hrs, 0 mins, 0 secs, 10 ms
TRUNCATE
Time: 0 hrs, 0 mins, 0 secs, 356 ms
INSERT 0 158122
Time: 0 hrs, 0 mins, 3 secs, 978 ms
 count(1) 
----------
   158122
(1 row)

Time: 0 hrs, 0 mins, 0 secs, 117 ms
ANALYZE
Time: 0 hrs, 0 mins, 0 secs, 72 ms
END
Time: 0 hrs, 0 mins, 1 secs, 185 ms
Removing lock file and waiting for a minute
Checking for lock file /tmp/.iislock
Acquired lock file /tmp/.iislock
-------------------------------------
Processing for 20110102
-------------------------------------

Tue Jan 4 09:50:18 EST 2011

Timing is on.

           000 - INIT

BEGIN
Time: 0 hrs, 0 mins, 0 secs, 729 ms
*** Truncating staging tables before workflow starts ***
SET
Time: 0 hrs, 0 mins, 0 secs, 18 ms
TRUNCATE
Time: 0 hrs, 0 mins, 0 secs, 544 ms
TRUNCATE
Time: 0 hrs, 0 mins, 0 secs, 194 ms
TRUNCATE
Time: 0 hrs, 0 mins, 0 secs, 230 ms
TRUNCATE
Time: 0 hrs, 0 mins, 0 secs, 255 ms
TRUNCATE
Time: 0 hrs, 0 mins, 0 secs, 156 ms
TRUNCATE
Time: 0 hrs, 0 mins, 0 secs, 134 ms
TRUNCATE
Time: 0 hrs, 0 mins, 0 secs, 350 ms
END
Time: 0 hrs, 0 mins, 5 secs, 383 ms

Tue Jan 4 09:50:26 EST 2011

Timing is on.

            200 - LOAD_BN_IISLOGS   

BEGIN
Time: 0 hrs, 0 mins, 0 secs, 716 ms
SET
Time: 0 hrs, 0 mins, 0 secs, 11 ms
TRUNCATE
Time: 0 hrs, 0 mins, 0 secs, 533 ms
INSERT 0 44210188
Time: 0 hrs, 12 mins, 3 secs, 954 ms
END
Time: 0 hrs, 0 mins, 2 secs, 520 ms
ALTER TABLE
Time: 0 hrs, 0 mins, 2 secs, 833 ms

Tue Jan 4 10:02:37 EST 2011

Timing is on.
BEGIN
Time: 0 hrs, 0 mins, 1 secs, 104 ms
SET
Time: 0 hrs, 0 mins, 0 secs, 34 ms

            250 - LOAD_BN_HITS_SP   

TRUNCATE
Time: 0 hrs, 0 mins, 0 secs, 467 ms
INSERT 0 13507158
Time: 0 hrs, 3 mins, 22 secs, 69 ms
ANALYZE
Time: 0 hrs, 0 mins, 2 secs, 11 ms
END
Time: 0 hrs, 0 mins, 11 secs, 649 ms

Tue Jan 4 10:06:15 EST 2011

Timing is on.
BEGIN
Time: 0 hrs, 0 mins, 1 secs, 470 ms
SET
Time: 0 hrs, 0 mins, 0 secs, 11 ms

           300 - DYNAMIC FILTER

INSERT 0 8209614
Time: 0 hrs, 0 mins, 2 secs, 698 ms
ANALYZE
Time: 0 hrs, 0 mins, 0 secs, 570 ms
 Total records in web_click_cnt 
--------------------------------
                        8209614
(1 row)

Time: 0 hrs, 0 mins, 0 secs, 477 ms
CREATE TABLE
Time: 0 hrs, 0 mins, 1 secs, 720 ms
ANALYZE
Time: 0 hrs, 0 mins, 0 secs, 110 ms
CREATE TABLE
Time: 0 hrs, 0 mins, 0 secs, 437 ms
ANALYZE
Time: 0 hrs, 0 mins, 0 secs, 130 ms
DELETE 1
Time: 0 hrs, 0 mins, 0 secs, 617 ms
INSERT 0 1
Time: 0 hrs, 0 mins, 0 secs, 417 ms
DELETE 1
Time: 0 hrs, 0 mins, 0 secs, 92 ms
INSERT 0 1
Time: 0 hrs, 0 mins, 0 secs, 293 ms
CREATE TABLE
Time: 0 hrs, 0 mins, 1 secs, 435 ms
ANALYZE
Time: 0 hrs, 0 mins, 0 secs, 111 ms
CREATE TABLE
Time: 0 hrs, 0 mins, 0 secs, 258 ms
ANALYZE
Time: 0 hrs, 0 mins, 0 secs, 244 ms
DELETE 1
Time: 0 hrs, 0 mins, 0 secs, 93 ms
INSERT 0 1
Time: 0 hrs, 0 mins, 0 secs, 232 ms
DELETE 1
Time: 0 hrs, 0 mins, 0 secs, 86 ms
INSERT 0 1
Time: 0 hrs, 0 mins, 0 secs, 231 ms
ANALYZE
Time: 0 hrs, 0 mins, 0 secs, 38 ms
    tablename     |    attr_name    | attr_value 
------------------+-----------------+------------
 BN_FILTER_SPIDER | CLK_USER_SD_MPL | 10
 BN_FILTER_SPIDER | IP_USER_SD_MPL  | 1
 BN_FILTER_SPIDER | IP_USER_RATIO   | .955
 BN_FILTER_SPIDER | CLK_USER_MEAN   | 9.883
 BN_FILTER_SPIDER | CLK_USER_SD     | 228.696
 BN_FILTER_SPIDER | IP_USER_MEAN    | 5.229
 BN_FILTER_SPIDER | IP_USER_SD      | 857.960
(7 rows)

Time: 0 hrs, 0 mins, 0 secs, 109 ms
CREATE TABLE
Time: 0 hrs, 0 mins, 2 secs, 699 ms
CREATE TABLE
Time: 0 hrs, 0 mins, 0 secs, 197 ms
 l_mean_sd_mpl 
---------------
      2296.843
(1 row)

Time: 0 hrs, 0 mins, 0 secs, 215 ms
INSERT 0 92
Time: 0 hrs, 0 mins, 6 secs, 418 ms
ANALYZE
Time: 0 hrs, 0 mins, 0 secs, 62 ms
 Total click_user bn_spider_ip records 
---------------------------------------
                                    92
(1 row)

Time: 0 hrs, 0 mins, 0 secs, 121 ms
CREATE TABLE
Time: 0 hrs, 0 mins, 1 secs, 90 ms
ANALYZE
Time: 0 hrs, 0 mins, 0 secs, 84 ms
CREATE TABLE
Time: 0 hrs, 0 mins, 1 secs, 627 ms
ANALYZE
Time: 0 hrs, 0 mins, 0 secs, 114 ms
DROP 
Time: 0 hrs, 0 mins, 0 secs, 307 ms
CREATE TABLE
Time: 0 hrs, 0 mins, 0 secs, 193 ms
 l_mean_sd_mpl | l_ratio 
---------------+---------
       863.189 |   0.955
(1 row)

Time: 0 hrs, 0 mins, 0 secs, 177 ms
INSERT 0 4656506
Time: 0 hrs, 0 mins, 3 secs, 614 ms
ANALYZE
Time: 0 hrs, 0 mins, 0 secs, 200 ms
 Total ip_user_filter bn_spider_ip records 
-------------------------------------------
                                   4656506
(1 row)

Time: 0 hrs, 0 mins, 0 secs, 577 ms
INSERT 0 25253401
Time: 0 hrs, 0 mins, 35 secs, 898 ms
ANALYZE
Time: 0 hrs, 0 mins, 2 secs, 531 ms
 bn_hits_stage 
---------------
      25253401
(1 row)

Time: 0 hrs, 0 mins, 0 secs, 222 ms
INSERT 0 5449629
Time: 0 hrs, 0 mins, 23 secs, 861 ms
ANALYZE
Time: 0 hrs, 0 mins, 1 secs, 538 ms
 bn_hits_sp_20110102 
---------------------
            18956787
(1 row)

Time: 0 hrs, 0 mins, 7 secs, 902 ms
END
Time: 0 hrs, 0 mins, 1 secs, 413 ms

Tue Jan 4 10:07:58 EST 2011

Timing is on.
BEGIN
Time: 0 hrs, 0 mins, 0 secs, 621 ms

           600 - LOAD RESOURCES

SET
Time: 0 hrs, 0 mins, 0 secs, 12 ms
CREATE TABLE
Time: 0 hrs, 0 mins, 10 secs, 285 ms
ANALYZE
Time: 0 hrs, 0 mins, 0 secs, 462 ms
 tmp_a_count 
-------------
      215198
(1 row)

Time: 0 hrs, 0 mins, 0 secs, 261 ms
UPDATE 0
Time: 0 hrs, 2 mins, 23 secs, 233 ms
ANALYZE
Time: 0 hrs, 1 mins, 1 secs, 536 ms
INSERT 0 46656
Time: 0 hrs, 2 mins, 29 secs, 128 ms

Time: 0 hrs, 0 mins, 0 secs, 11 ms
ANALYZE
Time: 0 hrs, 0 mins, 29 secs, 686 ms
END
Time: 0 hrs, 0 mins, 0 secs, 731 ms
VACUUM
Time: 0 hrs, 0 mins, 10 secs, 226 ms

Tue Jan 4 10:14:44 EST 2011

Timing is on.

           650 - LOAD_BN_SESSION_STAGE

BEGIN
Time: 0 hrs, 0 mins, 3 secs, 770 ms
SET
Time: 0 hrs, 0 mins, 0 secs, 9 ms
CREATE TABLE
Time: 0 hrs, 1 mins, 19 secs, 124 ms
ANALYZE
Time: 0 hrs, 0 mins, 2 secs, 155 ms
INSERT 0 3993485
Time: 0 hrs, 0 mins, 51 secs, 700 ms
ANALYZE
Time: 0 hrs, 0 mins, 1 secs, 741 ms
CREATE TABLE
Time: 0 hrs, 0 mins, 28 secs, 509 ms
ANALYZE
Time: 0 hrs, 0 mins, 0 secs, 302 ms
CREATE TABLE
Time: 0 hrs, 1 mins, 20 secs, 301 ms
ANALYZE
Time: 0 hrs, 0 mins, 0 secs, 824 ms
INSERT 0 3993485
Time: 0 hrs, 4 mins, 44 secs, 299 ms
 bn_session_stage 
------------------
          3993485
(1 row)

Time: 0 hrs, 0 mins, 1 secs, 685 ms
ANALYZE
Time: 0 hrs, 0 mins, 1 secs, 661 ms
TRUNCATE
Time: 0 hrs, 0 mins, 1 secs, 48 ms
END
Time: 0 hrs, 0 mins, 5 secs, 610 ms

Tue Jan 4 10:23:47 EST 2011

BEGIN

           660 - LOAD_BN_SESSION_UPDATE_STAGE

SET
INSERT 0 0
END

Tue Jan 4 10:23:54 EST 2011

Timing is on.

           670 - LOAD_BN_SESSION_20110102.UPDATES

BEGIN
Time: 0 hrs, 0 mins, 0 secs, 900 ms
SET
Time: 0 hrs, 0 mins, 0 secs, 11 ms
UPDATE 0
Time: 0 hrs, 0 mins, 3 secs, 686 ms
END
Time: 0 hrs, 0 mins, 2 secs, 703 ms
VACUUM
Time: 0 hrs, 0 mins, 7 secs, 149 ms

Tue Jan 4 10:24:09 EST 2011

Timing is on.

           700 - LOAD_BN_SESSION

BEGIN
Time: 0 hrs, 0 mins, 0 secs, 640 ms
SET
Time: 0 hrs, 0 mins, 0 secs, 9 ms
INSERT 0 3993485
Time: 0 hrs, 0 mins, 10 secs, 893 ms
ANALYZE
Time: 0 hrs, 0 mins, 1 secs, 503 ms
END
Time: 0 hrs, 0 mins, 1 secs, 152 ms

Tue Jan 4 10:24:23 EST 2011

Timing is on.

            750 - LOAD_BN_SESSION_SUMMARY   

BEGIN
Time: 0 hrs, 0 mins, 0 secs, 611 ms
SET
Time: 0 hrs, 0 mins, 0 secs, 10 ms
CREATE TABLE
Time: 0 hrs, 0 mins, 8 secs, 517 ms
TRUNCATE
Time: 0 hrs, 0 mins, 0 secs, 740 ms
INSERT 0 342519
Time: 0 hrs, 0 mins, 4 secs, 298 ms
ANALYZE
Time: 0 hrs, 0 mins, 0 secs, 718 ms
 count(1) 
----------
   342519
(1 row)

Time: 0 hrs, 0 mins, 0 secs, 276 ms
END
Time: 0 hrs, 0 mins, 1 secs, 560 ms

Tue Jan 4 10:24:40 EST 2011

Timing is on.

           800 - LOAD_BN_HITS

BEGIN
Time: 0 hrs, 0 mins, 0 secs, 663 ms
SET
Time: 0 hrs, 0 mins, 0 secs, 12 ms
TRUNCATE
Time: 0 hrs, 0 mins, 0 secs, 606 ms
INSERT 0 25253401
Time: 0 hrs, 1 mins, 26 secs, 156 ms
 count(1) 
----------
 25253401
(1 row)

Time: 0 hrs, 0 mins, 1 secs, 645 ms
ANALYZE
Time: 0 hrs, 0 mins, 3 secs, 237 ms
END
Time: 0 hrs, 0 mins, 3 secs, 385 ms

Tue Jan 4 10:26:16 EST 2011

Timing is on.

            900 - LOAD_CLICKSTREAM   

BEGIN
Time: 0 hrs, 0 mins, 0 secs, 969 ms
SET
Time: 0 hrs, 0 mins, 0 secs, 15 ms
TRUNCATE
Time: 0 hrs, 0 mins, 0 secs, 940 ms
INSERT 0 25253401
Time: 0 hrs, 1 mins, 58 secs, 912 ms
 count(1) 
----------
 25253401
(1 row)

Time: 0 hrs, 0 mins, 0 secs, 401 ms
ANALYZE
Time: 0 hrs, 0 mins, 1 secs, 134 ms
END
Time: 0 hrs, 0 mins, 4 secs, 877 ms

Tue Jan 4 10:28:23 EST 2011

Timing is on.

            1000 - PAGE_VIEW_SUMMARY  

BEGIN
Time: 0 hrs, 0 mins, 1 secs, 326 ms
SET
Time: 0 hrs, 0 mins, 0 secs, 9 ms
TRUNCATE
Time: 0 hrs, 0 mins, 2 secs, 636 ms
INSERT 0 222886
Time: 0 hrs, 0 mins, 6 secs, 330 ms
 count(1) 
----------
   222886
(1 row)

Time: 0 hrs, 0 mins, 0 secs, 599 ms
ANALYZE
Time: 0 hrs, 0 mins, 0 secs, 210 ms
END
Time: 0 hrs, 0 mins, 2 secs, 856 ms
Removing lock file and waiting for a minute
