Checking for lock file /tmp/.iislock
Acquired lock file /tmp/.iislock
deleting simple.htm records - these are just server testing...
DELETE 6418034
-------------------------------------
Processing for 20110929
-------------------------------------

Fri Sep 30 04:47:45 EDT 2011

Timing is on.

           000 - INIT

BEGIN
Time: 0 hrs, 0 mins, 12 secs, 563 ms
*** Truncating staging tables before workflow starts ***
SET
Time: 0 hrs, 0 mins, 0 secs, 6 ms
GRANT
Time: 0 hrs, 0 mins, 30 secs, 340 ms
END
Time: 0 hrs, 0 mins, 5 secs, 111 ms

Fri Sep 30 04:48:33 EDT 2011

Timing is on.

            200 - LOAD_BN_IISLOGS   

BEGIN
Time: 0 hrs, 0 mins, 0 secs, 101 ms
SET
Time: 0 hrs, 0 mins, 0 secs, 6 ms
TRUNCATE
Time: 0 hrs, 0 mins, 7 secs, 786 ms
INSERT 0 47532932
Time: 0 hrs, 11 mins, 49 secs, 191 ms
END
Time: 0 hrs, 2 mins, 2 secs, 514 ms
ALTER TABLE
Time: 0 hrs, 7 mins, 57 secs, 766 ms

Fri Sep 30 05:10:31 EDT 2011

Timing is on.
BEGIN
Time: 0 hrs, 0 mins, 3 secs, 922 ms
SET
Time: 0 hrs, 0 mins, 0 secs, 9 ms

            250 - LOAD_BN_HITS_SP   

TRUNCATE
Time: 0 hrs, 0 mins, 15 secs, 580 ms
INSERT 0 18088727
Time: 0 hrs, 4 mins, 21 secs, 901 ms
ANALYZE
Time: 0 hrs, 0 mins, 7 secs, 199 ms
END
Time: 0 hrs, 0 mins, 46 secs, 940 ms

Fri Sep 30 05:16:07 EDT 2011

Timing is on.
BEGIN
Time: 0 hrs, 0 mins, 0 secs, 853 ms
SET
Time: 0 hrs, 0 mins, 0 secs, 6 ms

           300 - DYNAMIC FILTER

TRUNCATE
Time: 0 hrs, 0 mins, 6 secs, 378 ms
INSERT 0 15385297
Time: 0 hrs, 0 mins, 10 secs, 772 ms
ANALYZE
Time: 0 hrs, 0 mins, 3 secs, 51 ms
 Total records in web_click_cnt 
--------------------------------
                       15385297
(1 row)

Time: 0 hrs, 0 mins, 3 secs, 431 ms
CREATE TABLE
Time: 0 hrs, 1 mins, 9 secs, 839 ms
ANALYZE
Time: 0 hrs, 0 mins, 0 secs, 36 ms
CREATE TABLE
Time: 0 hrs, 0 mins, 4 secs, 763 ms
ANALYZE
Time: 0 hrs, 0 mins, 0 secs, 35 ms
DELETE 1
Time: 0 hrs, 0 mins, 3 secs, 30 ms
INSERT 0 1
Time: 0 hrs, 0 mins, 1 secs, 687 ms
DELETE 1
Time: 0 hrs, 0 mins, 0 secs, 57 ms
INSERT 0 1
Time: 0 hrs, 0 mins, 2 secs, 619 ms
CREATE TABLE
Time: 0 hrs, 0 mins, 48 secs, 482 ms
ANALYZE
Time: 0 hrs, 0 mins, 0 secs, 32 ms
CREATE TABLE
Time: 0 hrs, 0 mins, 0 secs, 758 ms
ANALYZE
Time: 0 hrs, 0 mins, 0 secs, 32 ms
DELETE 1
Time: 0 hrs, 0 mins, 0 secs, 61 ms
INSERT 0 1
Time: 0 hrs, 0 mins, 0 secs, 139 ms
DELETE 1
Time: 0 hrs, 0 mins, 0 secs, 62 ms
INSERT 0 1
Time: 0 hrs, 0 mins, 0 secs, 917 ms
ANALYZE
Time: 0 hrs, 0 mins, 0 secs, 717 ms
    tablename     |    attr_name    | attr_value 
------------------+-----------------+------------
 BN_FILTER_SPIDER | CLK_USER_SD_MPL | 10
 BN_FILTER_SPIDER | IP_USER_SD_MPL  | 1
 BN_FILTER_SPIDER | IP_USER_RATIO   | .955
 BN_FILTER_SPIDER | CLK_USER_MEAN   | 9.196
 BN_FILTER_SPIDER | CLK_USER_SD     | 40.278
 BN_FILTER_SPIDER | IP_USER_MEAN    | 20.286
 BN_FILTER_SPIDER | IP_USER_SD      | 923.779
(7 rows)

Time: 0 hrs, 0 mins, 2 secs, 704 ms
CREATE TABLE
Time: 0 hrs, 0 mins, 25 secs, 379 ms
CREATE TABLE
Time: 0 hrs, 0 mins, 1 secs, 702 ms
 l_mean_sd_mpl 
---------------
       411.976
(1 row)

Time: 0 hrs, 0 mins, 0 secs, 407 ms
TRUNCATE
Time: 0 hrs, 0 mins, 7 secs, 688 ms
INSERT 0 422
Time: 0 hrs, 0 mins, 18 secs, 762 ms
ANALYZE
Time: 0 hrs, 0 mins, 2 secs, 930 ms
 Total click_user bn_spider_ip records 
---------------------------------------
                                   422
(1 row)

Time: 0 hrs, 0 mins, 3 secs, 980 ms
CREATE TABLE
Time: 0 hrs, 0 mins, 27 secs, 818 ms
ANALYZE
Time: 0 hrs, 0 mins, 0 secs, 38 ms
CREATE TABLE
Time: 0 hrs, 0 mins, 40 secs, 787 ms
ANALYZE
Time: 0 hrs, 0 mins, 9 secs, 115 ms
DROP 
Time: 0 hrs, 0 mins, 0 secs, 70 ms
CREATE TABLE
Time: 0 hrs, 0 mins, 0 secs, 992 ms
 l_mean_sd_mpl | l_ratio 
---------------+---------
       944.065 |   0.955
(1 row)

Time: 0 hrs, 0 mins, 1 secs, 448 ms
INSERT 0 13095720
Time: 0 hrs, 0 mins, 43 secs, 789 ms
ANALYZE
Time: 0 hrs, 0 mins, 0 secs, 168 ms
 Total ip_user_filter bn_spider_ip records 
-------------------------------------------
                                  13095720
(1 row)

Time: 0 hrs, 0 mins, 3 secs, 179 ms
TRUNCATE
Time: 0 hrs, 0 mins, 14 secs, 984 ms
INSERT 0 11884170
Time: 0 hrs, 1 mins, 17 secs, 392 ms
ANALYZE
Time: 0 hrs, 0 mins, 30 secs, 47 ms
 bn_hits_stage 
---------------
      11884170
(1 row)

Time: 0 hrs, 0 mins, 0 secs, 761 ms
INSERT 0 13780922
Time: 0 hrs, 1 mins, 27 secs, 941 ms
ANALYZE
Time: 0 hrs, 0 mins, 30 secs, 831 ms
 bn_hits_sp_20110929 
---------------------
            31869649
(1 row)

Time: 0 hrs, 0 mins, 20 secs, 839 ms
TRUNCATE
Time: 0 hrs, 0 mins, 18 secs, 444 ms
INSERT 0 3779113
Time: 0 hrs, 0 mins, 13 secs, 615 ms
ANALYZE
Time: 0 hrs, 0 mins, 4 secs, 180 ms
 bn_hits_client_20110929 
-------------------------
                 3779113
(1 row)

Time: 0 hrs, 0 mins, 5 secs, 76 ms
END
Time: 0 hrs, 1 mins, 22 secs, 461 ms

Fri Sep 30 05:28:22 EDT 2011

Timing is on.
BEGIN
Time: 0 hrs, 0 mins, 3 secs, 583 ms

           600 - LOAD RESOURCES

SET
Time: 0 hrs, 0 mins, 0 secs, 6 ms
CREATE TABLE
Time: 0 hrs, 0 mins, 41 secs, 688 ms
ANALYZE
Time: 0 hrs, 0 mins, 0 secs, 480 ms
 tmp_a_count 
-------------
      142930
(1 row)

Time: 0 hrs, 0 mins, 2 secs, 615 ms
UPDATE 0
Time: 0 hrs, 0 mins, 16 secs, 93 ms
ANALYZE
Time: 0 hrs, 0 mins, 2 secs, 391 ms
TRUNCATE
Time: 0 hrs, 0 mins, 23 secs, 74 ms
INSERT 0 38689
Time: 0 hrs, 1 mins, 13 secs, 944 ms
ANALYZE
Time: 0 hrs, 0 mins, 5 secs, 754 ms
 first_resource_id | last_resource_id 
-------------------+------------------
          45790122 |         45828810
(1 row)

Time: 0 hrs, 0 mins, 2 secs, 100 ms
INSERT 0 38689
Time: 0 hrs, 0 mins, 5 secs, 427 ms
 total_resources 
-----------------
        45804407
(1 row)

Time: 0 hrs, 0 mins, 0 secs, 640 ms
ANALYZE
Time: 0 hrs, 0 mins, 0 secs, 578 ms
END
Time: 0 hrs, 1 mins, 2 secs, 258 ms
VACUUM
Time: 0 hrs, 1 mins, 38 secs, 647 ms

Fri Sep 30 05:34:02 EDT 2011

Timing is on.

           650 - LOAD_BN_SESSION_STAGE

BEGIN
Time: 0 hrs, 0 mins, 5 secs, 8 ms
SET
Time: 0 hrs, 0 mins, 0 secs, 7 ms
SET
Time: 0 hrs, 0 mins, 0 secs, 14 ms
CREATE TABLE
Time: 0 hrs, 0 mins, 49 secs, 638 ms
ANALYZE
Time: 0 hrs, 0 mins, 4 secs, 749 ms
 tmp_sessionized_stage 
-----------------------
              11884170
(1 row)

Time: 0 hrs, 0 mins, 5 secs, 693 ms
TRUNCATE
Time: 0 hrs, 0 mins, 11 secs, 807 ms
INSERT 0 1990407
Time: 0 hrs, 1 mins, 11 secs, 89 ms
ANALYZE
Time: 0 hrs, 0 mins, 8 secs, 402 ms
CREATE TABLE
Time: 0 hrs, 2 mins, 6 secs, 837 ms
CREATE INDEX
Time: 0 hrs, 0 mins, 4 secs, 713 ms
 tmp_first_last 
----------------
        1990407
(1 row)

Time: 0 hrs, 0 mins, 2 secs, 761 ms
ANALYZE
Time: 0 hrs, 0 mins, 3 secs, 251 ms
SET
Time: 0 hrs, 0 mins, 0 secs, 12 ms
SET
Time: 0 hrs, 0 mins, 0 secs, 12 ms
TRUNCATE
Time: 0 hrs, 0 mins, 29 secs, 713 ms
DROP 
Time: 0 hrs, 0 mins, 5 secs, 191 ms
INSERT 0 1990407
Time: 0 hrs, 0 mins, 6 secs, 972 ms
 bn_session_stage 
------------------
          1990407
(1 row)

Time: 0 hrs, 0 mins, 5 secs, 963 ms
CREATE INDEX
Time: 0 hrs, 0 mins, 6 secs, 417 ms
ANALYZE
Time: 0 hrs, 0 mins, 1 secs, 128 ms
TRUNCATE
Time: 0 hrs, 0 mins, 3 secs, 260 ms
END
Time: 0 hrs, 0 mins, 4 secs, 296 ms

Fri Sep 30 05:39:59 EDT 2011

BEGIN

           660 - LOAD_BN_SESSION_UPDATE_STAGE

SET
TRUNCATE
INSERT 0 0
END

Fri Sep 30 05:40:04 EDT 2011

Timing is on.

           670 - LOAD_BN_SESSION_20110929.UPDATES

BEGIN
Time: 0 hrs, 0 mins, 0 secs, 104 ms
SET
Time: 0 hrs, 0 mins, 0 secs, 7 ms
UPDATE 0
Time: 0 hrs, 0 mins, 0 secs, 158 ms
END
Time: 0 hrs, 0 mins, 5 secs, 249 ms
VACUUM
Time: 0 hrs, 0 mins, 5 secs, 809 ms

Fri Sep 30 05:40:15 EDT 2011

Timing is on.

           700 - LOAD_BN_SESSION

BEGIN
Time: 0 hrs, 0 mins, 0 secs, 113 ms
SET
Time: 0 hrs, 0 mins, 0 secs, 6 ms
INSERT 0 1990407
Time: 0 hrs, 0 mins, 11 secs, 18 ms
ANALYZE
Time: 0 hrs, 0 mins, 0 secs, 719 ms
END
Time: 0 hrs, 0 mins, 18 secs, 415 ms

Fri Sep 30 05:40:46 EDT 2011

Timing is on.

            750 - LOAD_BN_SESSION_SUMMARY   

BEGIN
Time: 0 hrs, 0 mins, 0 secs, 120 ms
SET
Time: 0 hrs, 0 mins, 0 secs, 6 ms
CREATE TABLE
Time: 0 hrs, 0 mins, 26 secs, 767 ms
TRUNCATE
Time: 0 hrs, 0 mins, 19 secs, 856 ms
INSERT 0 149471
Time: 0 hrs, 0 mins, 19 secs, 137 ms
ANALYZE
Time: 0 hrs, 0 mins, 2 secs, 224 ms
 count(1) 
----------
   149471
(1 row)

Time: 0 hrs, 0 mins, 2 secs, 819 ms
END
Time: 0 hrs, 0 mins, 33 secs, 895 ms

Fri Sep 30 05:42:31 EDT 2011

Timing is on.

           800 - LOAD_BN_HITS

BEGIN
Time: 0 hrs, 0 mins, 0 secs, 150 ms
SET
Time: 0 hrs, 0 mins, 0 secs, 8 ms
SET
Time: 0 hrs, 0 mins, 0 secs, 88 ms
SET
Time: 0 hrs, 0 mins, 0 secs, 33 ms
SET
Time: 0 hrs, 0 mins, 0 secs, 12 ms
TRUNCATE
Time: 0 hrs, 0 mins, 13 secs, 693 ms
INSERT 0 11884170
Time: 0 hrs, 0 mins, 4 secs, 539 ms
 count(1) 
----------
 11884170
(1 row)

Time: 0 hrs, 0 mins, 11 secs, 517 ms
ANALYZE
Time: 0 hrs, 0 mins, 4 secs, 732 ms
END
Time: 0 hrs, 0 mins, 36 secs, 185 ms

Fri Sep 30 05:43:42 EDT 2011

Timing is on.

            900 - LOAD_CLICKSTREAM   

BEGIN
Time: 0 hrs, 0 mins, 0 secs, 122 ms
SET
Time: 0 hrs, 0 mins, 0 secs, 6 ms
TRUNCATE
Time: 0 hrs, 0 mins, 4 secs, 379 ms
INSERT 0 11884170
Time: 0 hrs, 1 mins, 39 secs, 849 ms
 count(1) 
----------
 11884170
(1 row)

Time: 0 hrs, 0 mins, 1 secs, 723 ms
ANALYZE
Time: 0 hrs, 0 mins, 4 secs, 41 ms
END
Time: 0 hrs, 0 mins, 9 secs, 938 ms

Fri Sep 30 05:45:43 EDT 2011

Timing is on.

            1000 - PAGE_VIEW_SUMMARY  

BEGIN
Time: 0 hrs, 0 mins, 0 secs, 118 ms
SET
Time: 0 hrs, 0 mins, 0 secs, 6 ms
SET
Time: 0 hrs, 0 mins, 0 secs, 12 ms
TRUNCATE
Time: 0 hrs, 0 mins, 1 secs, 550 ms
INSERT 0 148228
Time: 0 hrs, 0 mins, 3 secs, 992 ms
 count(1) 
----------
   148228
(1 row)

Time: 0 hrs, 0 mins, 1 secs, 32 ms
ANALYZE
Time: 0 hrs, 0 mins, 0 secs, 40 ms
END
Time: 0 hrs, 0 mins, 8 secs, 715 ms

Fri Sep 30 05:45:58 EDT 2011


2000 - WRAP UP 

Timing is on.
BEGIN
Time: 0 hrs, 0 mins, 0 secs, 203 ms
TRUNCATE
Time: 0 hrs, 0 mins, 4 secs, 768 ms
TRUNCATE
Time: 0 hrs, 0 mins, 6 secs, 511 ms
END
Time: 0 hrs, 0 mins, 15 secs, 527 ms
Fri Sep 30 05:46:26 EDT 2011
Removing lock file and waiting for a minute
Total time taken:  61  minutes.
Running time of run.sh 20110929: 3681 seconds
Checking for lock file /tmp/.iislock
Acquired lock file /tmp/.iislock
deleting simple.htm records - these are just server testing...
DELETE 25
-------------------------------------
Processing for 20110929
-------------------------------------

Sat Oct 1 06:16:38 EDT 2011

Timing is on.

           000 - INIT

BEGIN
Time: 0 hrs, 0 mins, 0 secs, 112 ms
*** Truncating staging tables before workflow starts ***
SET
Time: 0 hrs, 0 mins, 0 secs, 6 ms
GRANT
Time: 0 hrs, 0 mins, 19 secs, 855 ms
END
Time: 0 hrs, 0 mins, 9 secs, 340 ms

Sat Oct 1 06:17:07 EDT 2011

Timing is on.

            200 - LOAD_BN_IISLOGS   

BEGIN
Time: 0 hrs, 0 mins, 0 secs, 961 ms
SET
Time: 0 hrs, 0 mins, 0 secs, 7 ms
TRUNCATE
Time: 0 hrs, 0 mins, 1 secs, 253 ms
INSERT 0 64724820
Time: 0 hrs, 8 mins, 34 secs, 831 ms
END
Time: 0 hrs, 0 mins, 17 secs, 757 ms
ALTER TABLE
Time: 0 hrs, 0 mins, 13 secs, 795 ms

Sat Oct 1 06:26:16 EDT 2011

Timing is on.
BEGIN
Time: 0 hrs, 0 mins, 0 secs, 255 ms
SET
Time: 0 hrs, 0 mins, 0 secs, 7 ms

            250 - LOAD_BN_HITS_SP   

TRUNCATE
Time: 0 hrs, 0 mins, 4 secs, 967 ms
INSERT 0 24633188
Time: 0 hrs, 4 mins, 30 secs, 972 ms
ANALYZE
Time: 0 hrs, 0 mins, 16 secs, 118 ms
END
Time: 0 hrs, 1 mins, 31 secs, 976 ms

Sat Oct 1 06:32:41 EDT 2011

Timing is on.
BEGIN
Time: 0 hrs, 0 mins, 0 secs, 541 ms
SET
Time: 0 hrs, 0 mins, 0 secs, 6 ms

           300 - DYNAMIC FILTER

TRUNCATE
Time: 0 hrs, 0 mins, 0 secs, 824 ms
INSERT 0 20161944
Time: 0 hrs, 0 mins, 3 secs, 5 ms
ANALYZE
Time: 0 hrs, 0 mins, 1 secs, 296 ms
 Total records in web_click_cnt 
--------------------------------
                       20161944
(1 row)

Time: 0 hrs, 0 mins, 1 secs, 901 ms
CREATE TABLE
Time: 0 hrs, 0 mins, 23 secs, 591 ms
ANALYZE
Time: 0 hrs, 0 mins, 2 secs, 725 ms
CREATE TABLE
Time: 0 hrs, 0 mins, 1 secs, 75 ms
ANALYZE
Time: 0 hrs, 0 mins, 1 secs, 494 ms
DELETE 1
Time: 0 hrs, 0 mins, 0 secs, 934 ms
INSERT 0 1
Time: 0 hrs, 0 mins, 13 secs, 832 ms
DELETE 1
Time: 0 hrs, 0 mins, 13 secs, 582 ms
INSERT 0 1
Time: 0 hrs, 0 mins, 4 secs, 772 ms
CREATE TABLE
Time: 0 hrs, 0 mins, 21 secs, 720 ms
ANALYZE
Time: 0 hrs, 0 mins, 0 secs, 36 ms
CREATE TABLE
Time: 0 hrs, 0 mins, 6 secs, 202 ms
ANALYZE
Time: 0 hrs, 0 mins, 1 secs, 671 ms
DELETE 1
Time: 0 hrs, 0 mins, 0 secs, 64 ms
INSERT 0 1
Time: 0 hrs, 0 mins, 3 secs, 177 ms
DELETE 1
Time: 0 hrs, 0 mins, 0 secs, 62 ms
INSERT 0 1
Time: 0 hrs, 0 mins, 3 secs, 12 ms
ANALYZE
Time: 0 hrs, 0 mins, 0 secs, 477 ms
    tablename     |    attr_name    | attr_value 
------------------+-----------------+------------
 BN_FILTER_SPIDER | CLK_USER_SD_MPL | 10
 BN_FILTER_SPIDER | IP_USER_SD_MPL  | 1
 BN_FILTER_SPIDER | IP_USER_RATIO   | .955
 BN_FILTER_SPIDER | CLK_USER_MEAN   | 9.835
 BN_FILTER_SPIDER | CLK_USER_SD     | 37.444
 BN_FILTER_SPIDER | IP_USER_MEAN    | 20.365
 BN_FILTER_SPIDER | IP_USER_SD      | 1083.194
(7 rows)

Time: 0 hrs, 0 mins, 2 secs, 121 ms
CREATE TABLE
Time: 0 hrs, 1 mins, 35 secs, 63 ms
CREATE TABLE
Time: 0 hrs, 0 mins, 12 secs, 618 ms
 l_mean_sd_mpl 
---------------
       384.275
(1 row)

Time: 0 hrs, 0 mins, 3 secs, 974 ms
TRUNCATE
Time: 0 hrs, 0 mins, 1 secs, 640 ms
INSERT 0 652
Time: 0 hrs, 0 mins, 8 secs, 380 ms
ANALYZE
Time: 0 hrs, 0 mins, 0 secs, 458 ms
 Total click_user bn_spider_ip records 
---------------------------------------
                                   652
(1 row)

Time: 0 hrs, 0 mins, 5 secs, 86 ms
CREATE TABLE
Time: 0 hrs, 0 mins, 33 secs, 350 ms
ANALYZE
Time: 0 hrs, 0 mins, 0 secs, 27 ms
CREATE TABLE
Time: 0 hrs, 0 mins, 22 secs, 335 ms
ANALYZE
Time: 0 hrs, 0 mins, 0 secs, 36 ms
DROP 
Time: 0 hrs, 0 mins, 0 secs, 70 ms
CREATE TABLE
Time: 0 hrs, 0 mins, 0 secs, 719 ms
 l_mean_sd_mpl | l_ratio 
---------------+---------
      1103.559 |   0.955
(1 row)

Time: 0 hrs, 0 mins, 0 secs, 741 ms
INSERT 0 17225640
Time: 0 hrs, 0 mins, 6 secs, 829 ms
ANALYZE
Time: 0 hrs, 0 mins, 0 secs, 189 ms
 Total ip_user_filter bn_spider_ip records 
-------------------------------------------
                                  17225640
(1 row)

Time: 0 hrs, 0 mins, 2 secs, 510 ms
TRUNCATE
Time: 0 hrs, 0 mins, 5 secs, 341 ms
INSERT 0 16132322
Time: 0 hrs, 0 mins, 39 secs, 601 ms
ANALYZE
Time: 0 hrs, 0 mins, 8 secs, 350 ms
 bn_hits_stage 
---------------
      16132322
(1 row)

Time: 0 hrs, 0 mins, 0 secs, 358 ms
INSERT 0 18172488
Time: 0 hrs, 0 mins, 53 secs, 884 ms
ANALYZE
Time: 0 hrs, 0 mins, 33 secs, 975 ms
 bn_hits_sp_20110929 
---------------------
            42805676
(1 row)

Time: 0 hrs, 0 mins, 27 secs, 648 ms
TRUNCATE
Time: 0 hrs, 0 mins, 13 secs, 156 ms
INSERT 0 5786822
Time: 0 hrs, 0 mins, 4 secs, 779 ms
ANALYZE
Time: 0 hrs, 0 mins, 5 secs, 218 ms
 bn_hits_client_20110929 
-------------------------
                 5786822
(1 row)

Time: 0 hrs, 0 mins, 4 secs, 398 ms
END
Time: 0 hrs, 1 mins, 19 secs, 736 ms

Sat Oct 1 06:42:20 EDT 2011

Timing is on.
BEGIN
Time: 0 hrs, 0 mins, 0 secs, 573 ms

           600 - LOAD RESOURCES

SET
Time: 0 hrs, 0 mins, 0 secs, 7 ms
CREATE TABLE
Time: 0 hrs, 0 mins, 26 secs, 871 ms
ANALYZE
Time: 0 hrs, 0 mins, 0 secs, 443 ms
 tmp_a_count 
-------------
      300342
(1 row)

Time: 0 hrs, 0 mins, 0 secs, 114 ms
UPDATE 0
Time: 0 hrs, 0 mins, 4 secs, 116 ms
ANALYZE
Time: 0 hrs, 0 mins, 0 secs, 641 ms
TRUNCATE
Time: 0 hrs, 0 mins, 3 secs, 855 ms
INSERT 0 54748
Time: 0 hrs, 0 mins, 14 secs, 901 ms
ANALYZE
Time: 0 hrs, 0 mins, 1 secs, 947 ms
 first_resource_id | last_resource_id 
-------------------+------------------
          46023086 |         46077833
(1 row)

Time: 0 hrs, 0 mins, 0 secs, 500 ms
INSERT 0 54748
Time: 0 hrs, 0 mins, 8 secs, 111 ms
 total_resources 
-----------------
        46053430
(1 row)

Time: 0 hrs, 0 mins, 0 secs, 685 ms
ANALYZE
Time: 0 hrs, 0 mins, 0 secs, 540 ms
END
Time: 0 hrs, 1 mins, 40 secs, 896 ms
VACUUM
Time: 0 hrs, 0 mins, 43 secs, 996 ms

Sat Oct 1 06:45:48 EDT 2011

Timing is on.

           650 - LOAD_BN_SESSION_STAGE

BEGIN
Time: 0 hrs, 0 mins, 6 secs, 376 ms
SET
Time: 0 hrs, 0 mins, 0 secs, 9 ms
SET
Time: 0 hrs, 0 mins, 0 secs, 20 ms
CREATE TABLE
Time: 0 hrs, 1 mins, 54 secs, 881 ms
ANALYZE
Time: 0 hrs, 0 mins, 4 secs, 832 ms
 tmp_sessionized_stage 
-----------------------
              16132322
(1 row)

Time: 0 hrs, 0 mins, 7 secs, 902 ms
TRUNCATE
Time: 0 hrs, 0 mins, 2 secs, 267 ms
INSERT 0 2579385
Time: 0 hrs, 1 mins, 35 secs, 505 ms
ANALYZE
Time: 0 hrs, 0 mins, 3 secs, 511 ms
CREATE TABLE
Time: 0 hrs, 2 mins, 4 secs, 591 ms
CREATE INDEX
Time: 0 hrs, 0 mins, 0 secs, 573 ms
 tmp_first_last 
----------------
        2579385
(1 row)

Time: 0 hrs, 0 mins, 0 secs, 152 ms
ANALYZE
Time: 0 hrs, 0 mins, 0 secs, 571 ms
SET
Time: 0 hrs, 0 mins, 0 secs, 13 ms
SET
Time: 0 hrs, 0 mins, 0 secs, 12 ms
TRUNCATE
Time: 0 hrs, 0 mins, 3 secs, 761 ms
DROP 
Time: 0 hrs, 0 mins, 0 secs, 285 ms
INSERT 0 2579385
Time: 0 hrs, 0 mins, 11 secs, 766 ms
 bn_session_stage 
------------------
          2579385
(1 row)

Time: 0 hrs, 0 mins, 7 secs, 203 ms
CREATE INDEX
Time: 0 hrs, 0 mins, 6 secs, 667 ms
ANALYZE
Time: 0 hrs, 0 mins, 1 secs, 529 ms
TRUNCATE
Time: 0 hrs, 0 mins, 3 secs, 921 ms
END
Time: 0 hrs, 0 mins, 25 secs, 972 ms

Sat Oct 1 06:52:50 EDT 2011

BEGIN

           660 - LOAD_BN_SESSION_UPDATE_STAGE

SET
TRUNCATE
INSERT 0 0
END

Sat Oct 1 06:53:34 EDT 2011

Timing is on.

           670 - LOAD_BN_SESSION_20110929.UPDATES

BEGIN
Time: 0 hrs, 0 mins, 1 secs, 51 ms
SET
Time: 0 hrs, 0 mins, 0 secs, 6 ms
UPDATE 0
Time: 0 hrs, 0 mins, 0 secs, 321 ms
END
Time: 0 hrs, 1 mins, 42 secs, 455 ms
VACUUM
Time: 0 hrs, 0 mins, 25 secs, 564 ms

Sat Oct 1 06:55:43 EDT 2011

Timing is on.

           700 - LOAD_BN_SESSION

BEGIN
Time: 0 hrs, 0 mins, 0 secs, 159 ms
SET
Time: 0 hrs, 0 mins, 0 secs, 7 ms
INSERT 0 2579385
Time: 0 hrs, 0 mins, 19 secs, 310 ms
ANALYZE
Time: 0 hrs, 0 mins, 0 secs, 832 ms
END
Time: 0 hrs, 0 mins, 25 secs, 188 ms

Sat Oct 1 06:56:29 EDT 2011

Timing is on.

            750 - LOAD_BN_SESSION_SUMMARY   

BEGIN
Time: 0 hrs, 0 mins, 7 secs, 882 ms
SET
Time: 0 hrs, 0 mins, 0 secs, 7 ms
CREATE TABLE
Time: 0 hrs, 1 mins, 10 secs, 158 ms
TRUNCATE
Time: 0 hrs, 0 mins, 3 secs, 605 ms
INSERT 0 227271
Time: 0 hrs, 0 mins, 8 secs, 371 ms
ANALYZE
Time: 0 hrs, 0 mins, 0 secs, 942 ms
 count(1) 
----------
   227271
(1 row)

Time: 0 hrs, 0 mins, 0 secs, 51 ms
END
Time: 0 hrs, 0 mins, 10 secs, 833 ms

Sat Oct 1 06:58:11 EDT 2011

Timing is on.

           800 - LOAD_BN_HITS

BEGIN
Time: 0 hrs, 0 mins, 0 secs, 758 ms
SET
Time: 0 hrs, 0 mins, 0 secs, 15 ms
SET
Time: 0 hrs, 0 mins, 0 secs, 31 ms
SET
Time: 0 hrs, 0 mins, 0 secs, 23 ms
SET
Time: 0 hrs, 0 mins, 0 secs, 24 ms
TRUNCATE
Time: 0 hrs, 0 mins, 2 secs, 754 ms
INSERT 0 16132322
Time: 0 hrs, 0 mins, 3 secs, 954 ms
 count(1) 
----------
 16132322
(1 row)

Time: 0 hrs, 0 mins, 6 secs, 753 ms
ANALYZE
Time: 0 hrs, 0 mins, 4 secs, 658 ms
END
Time: 0 hrs, 0 mins, 8 secs, 979 ms

Sat Oct 1 06:58:39 EDT 2011

Timing is on.

            900 - LOAD_CLICKSTREAM   

BEGIN
Time: 0 hrs, 0 mins, 2 secs, 109 ms
SET
Time: 0 hrs, 0 mins, 0 secs, 8 ms
TRUNCATE
Time: 0 hrs, 0 mins, 9 secs, 271 ms
INSERT 0 16132322
Time: 0 hrs, 2 mins, 18 secs, 586 ms
 count(1) 
----------
 16132322
(1 row)

Time: 0 hrs, 0 mins, 8 secs, 617 ms
ANALYZE
Time: 0 hrs, 0 mins, 3 secs, 981 ms
END
Time: 0 hrs, 0 mins, 14 secs, 257 ms

Sat Oct 1 07:01:36 EDT 2011

Timing is on.

            1000 - PAGE_VIEW_SUMMARY  

BEGIN
Time: 0 hrs, 0 mins, 1 secs, 677 ms
SET
Time: 0 hrs, 0 mins, 0 secs, 9 ms
SET
Time: 0 hrs, 0 mins, 0 secs, 22 ms
TRUNCATE
Time: 0 hrs, 0 mins, 6 secs, 172 ms
INSERT 0 308624
Time: 0 hrs, 0 mins, 6 secs, 488 ms
 count(1) 
----------
   308624
(1 row)

Time: 0 hrs, 0 mins, 0 secs, 835 ms
ANALYZE
Time: 0 hrs, 0 mins, 0 secs, 43 ms
END
Time: 0 hrs, 0 mins, 14 secs, 154 ms

Sat Oct 1 07:02:06 EDT 2011


2000 - WRAP UP 

Timing is on.
BEGIN
Time: 0 hrs, 0 mins, 0 secs, 337 ms
TRUNCATE
Time: 0 hrs, 0 mins, 2 secs, 111 ms
TRUNCATE
Time: 0 hrs, 0 mins, 1 secs, 326 ms
END
Time: 0 hrs, 0 mins, 16 secs, 745 ms
Sat Oct 1 07:02:26 EDT 2011
Removing lock file and waiting for a minute
Total time taken:  47  minutes.
Running time of run.sh 20110929: 47 minutes
