Checking for lock file /tmp/.iislock
Acquired lock file /tmp/.iislock
-------------------------------------
Processing for 20110404
-------------------------------------

Tue Apr 5 03:50:07 EDT 2011

Timing is on.

           000 - INIT

BEGIN
Time: 0 hrs, 0 mins, 0 secs, 771 ms
*** Truncating staging tables before workflow starts ***
SET
Time: 0 hrs, 0 mins, 0 secs, 19 ms
GRANT
Time: 0 hrs, 0 mins, 3 secs, 111 ms
END
Time: 0 hrs, 0 mins, 0 secs, 785 ms

Tue Apr 5 03:50:13 EDT 2011

Timing is on.

            200 - LOAD_BN_IISLOGS   

BEGIN
Time: 0 hrs, 0 mins, 3 secs, 956 ms
SET
Time: 0 hrs, 0 mins, 0 secs, 10 ms
TRUNCATE
Time: 0 hrs, 0 mins, 0 secs, 418 ms
INSERT 0 42861971
Time: 0 hrs, 5 mins, 34 secs, 277 ms
END
Time: 0 hrs, 0 mins, 5 secs, 189 ms
ALTER TABLE
Time: 0 hrs, 11 mins, 11 secs, 806 ms

Tue Apr 5 04:07:09 EDT 2011

Timing is on.
BEGIN
Time: 0 hrs, 0 mins, 0 secs, 809 ms
SET
Time: 0 hrs, 0 mins, 0 secs, 14 ms

            250 - LOAD_BN_HITS_SP   

TRUNCATE
Time: 0 hrs, 0 mins, 3 secs, 926 ms
INSERT 0 13932261
Time: 0 hrs, 1 mins, 39 secs, 410 ms
ANALYZE
Time: 0 hrs, 0 mins, 2 secs, 782 ms
END
Time: 0 hrs, 0 mins, 2 secs, 592 ms

Tue Apr 5 04:08:58 EDT 2011

Timing is on.
BEGIN
Time: 0 hrs, 0 mins, 0 secs, 986 ms
SET
Time: 0 hrs, 0 mins, 0 secs, 11 ms

           300 - DYNAMIC FILTER

TRUNCATE
Time: 0 hrs, 0 mins, 0 secs, 988 ms
INSERT 0 8681607
Time: 0 hrs, 0 mins, 2 secs, 30 ms
ANALYZE
Time: 0 hrs, 0 mins, 0 secs, 437 ms
 Total records in web_click_cnt 
--------------------------------
                        8681607
(1 row)

Time: 0 hrs, 0 mins, 0 secs, 670 ms
CREATE TABLE
Time: 0 hrs, 0 mins, 2 secs, 715 ms
ANALYZE
Time: 0 hrs, 0 mins, 0 secs, 113 ms
CREATE TABLE
Time: 0 hrs, 0 mins, 0 secs, 487 ms
ANALYZE
Time: 0 hrs, 0 mins, 0 secs, 88 ms
DELETE 1
Time: 0 hrs, 0 mins, 0 secs, 201 ms
INSERT 0 1
Time: 0 hrs, 0 mins, 0 secs, 354 ms
DELETE 1
Time: 0 hrs, 0 mins, 0 secs, 101 ms
INSERT 0 1
Time: 0 hrs, 0 mins, 0 secs, 409 ms
CREATE TABLE
Time: 0 hrs, 0 mins, 1 secs, 10 ms
ANALYZE
Time: 0 hrs, 0 mins, 0 secs, 74 ms
CREATE TABLE
Time: 0 hrs, 0 mins, 0 secs, 417 ms
ANALYZE
Time: 0 hrs, 0 mins, 0 secs, 73 ms
DELETE 1
Time: 0 hrs, 0 mins, 0 secs, 104 ms
INSERT 0 1
Time: 0 hrs, 0 mins, 0 secs, 202 ms
DELETE 1
Time: 0 hrs, 0 mins, 0 secs, 114 ms
INSERT 0 1
Time: 0 hrs, 0 mins, 0 secs, 441 ms
ANALYZE
Time: 0 hrs, 0 mins, 0 secs, 57 ms
    tablename     |    attr_name    | attr_value 
------------------+-----------------+------------
 BN_FILTER_SPIDER | CLK_USER_SD_MPL | 10
 BN_FILTER_SPIDER | IP_USER_SD_MPL  | 1
 BN_FILTER_SPIDER | IP_USER_RATIO   | .955
 BN_FILTER_SPIDER | CLK_USER_MEAN   | 16.497
 BN_FILTER_SPIDER | CLK_USER_SD     | 324.778
 BN_FILTER_SPIDER | IP_USER_MEAN    | 13.768
 BN_FILTER_SPIDER | IP_USER_SD      | 1629.043
(7 rows)

Time: 0 hrs, 0 mins, 0 secs, 160 ms
CREATE TABLE
Time: 0 hrs, 0 mins, 2 secs, 449 ms
CREATE TABLE
Time: 0 hrs, 0 mins, 1 secs, 88 ms
 l_mean_sd_mpl 
---------------
      3264.277
(1 row)

Time: 0 hrs, 0 mins, 0 secs, 325 ms
TRUNCATE
Time: 0 hrs, 0 mins, 0 secs, 620 ms
INSERT 0 23
Time: 0 hrs, 0 mins, 3 secs, 252 ms
ANALYZE
Time: 0 hrs, 0 mins, 0 secs, 71 ms
 Total click_user bn_spider_ip records 
---------------------------------------
                                    23
(1 row)

Time: 0 hrs, 0 mins, 0 secs, 153 ms
CREATE TABLE
Time: 0 hrs, 0 mins, 2 secs, 205 ms
ANALYZE
Time: 0 hrs, 0 mins, 0 secs, 207 ms
CREATE TABLE
Time: 0 hrs, 0 mins, 3 secs, 211 ms
ANALYZE
Time: 0 hrs, 0 mins, 0 secs, 72 ms
DROP 
Time: 0 hrs, 0 mins, 0 secs, 410 ms
CREATE TABLE
Time: 0 hrs, 0 mins, 1 secs, 470 ms
 l_mean_sd_mpl | l_ratio 
---------------+---------
      1642.811 |   0.955
(1 row)

Time: 0 hrs, 0 mins, 0 secs, 249 ms
INSERT 0 6539582
Time: 0 hrs, 0 mins, 3 secs, 810 ms
ANALYZE
Time: 0 hrs, 0 mins, 0 secs, 241 ms
 Total ip_user_filter bn_spider_ip records 
-------------------------------------------
                                   6539582
(1 row)

Time: 0 hrs, 0 mins, 0 secs, 323 ms
TRUNCATE
Time: 0 hrs, 0 mins, 0 secs, 914 ms
INSERT 0 16470194
Time: 0 hrs, 0 mins, 14 secs, 252 ms
ANALYZE
Time: 0 hrs, 0 mins, 4 secs, 4 ms
 bn_hits_stage 
---------------
      16470194
(1 row)

Time: 0 hrs, 0 mins, 0 secs, 279 ms
INSERT 0 7581569
Time: 0 hrs, 0 mins, 34 secs, 581 ms
ANALYZE
Time: 0 hrs, 0 mins, 7 secs, 110 ms
 bn_hits_sp_20110404 
---------------------
            21513830
(1 row)

Time: 0 hrs, 0 mins, 5 secs, 384 ms
TRUNCATE
Time: 0 hrs, 0 mins, 0 secs, 677 ms
INSERT 0 4877947
Time: 0 hrs, 0 mins, 7 secs, 317 ms
ANALYZE
Time: 0 hrs, 0 mins, 2 secs, 961 ms
 bn_hits_client_20110404 
-------------------------
                 4877947
(1 row)

Time: 0 hrs, 0 mins, 0 secs, 119 ms
END
Time: 0 hrs, 0 mins, 6 secs, 248 ms

Tue Apr 5 04:10:55 EDT 2011

Timing is on.
BEGIN
Time: 0 hrs, 0 mins, 0 secs, 644 ms

           600 - LOAD RESOURCES

SET
Time: 0 hrs, 0 mins, 0 secs, 10 ms
CREATE TABLE
Time: 0 hrs, 0 mins, 5 secs, 0 ms
ANALYZE
Time: 0 hrs, 0 mins, 0 secs, 489 ms
 tmp_a_count 
-------------
       28811
(1 row)

Time: 0 hrs, 0 mins, 0 secs, 455 ms
UPDATE 0
Time: 0 hrs, 0 mins, 2 secs, 567 ms
ANALYZE
Time: 0 hrs, 0 mins, 0 secs, 943 ms
TRUNCATE
Time: 0 hrs, 0 mins, 0 secs, 343 ms
INSERT 0 2949
Time: 0 hrs, 0 mins, 4 secs, 336 ms
ANALYZE
Time: 0 hrs, 0 mins, 0 secs, 716 ms
 first_resource_id | last_resource_id 
-------------------+------------------
          13258601 |         13261549
(1 row)

Time: 0 hrs, 0 mins, 0 secs, 113 ms
INSERT 0 2949
Time: 0 hrs, 0 mins, 1 secs, 830 ms
 total_resources 
-----------------
        13237154
(1 row)

Time: 0 hrs, 0 mins, 0 secs, 307 ms
ANALYZE
Time: 0 hrs, 0 mins, 0 secs, 641 ms
END
Time: 0 hrs, 0 mins, 2 secs, 246 ms
VACUUM
Time: 0 hrs, 0 mins, 19 secs, 154 ms

Tue Apr 5 04:11:35 EDT 2011

Timing is on.

           650 - LOAD_BN_SESSION_STAGE

BEGIN
Time: 0 hrs, 0 mins, 0 secs, 862 ms
SET
Time: 0 hrs, 0 mins, 0 secs, 12 ms
SET
Time: 0 hrs, 0 mins, 0 secs, 22 ms
CREATE TABLE
Time: 0 hrs, 0 mins, 38 secs, 93 ms
ANALYZE
Time: 0 hrs, 0 mins, 4 secs, 669 ms
 tmp_sessionized_stage 
-----------------------
              16470194
(1 row)

Time: 0 hrs, 0 mins, 0 secs, 313 ms
TRUNCATE
Time: 0 hrs, 0 mins, 0 secs, 700 ms
INSERT 0 1888290
Time: 0 hrs, 0 mins, 30 secs, 37 ms
ANALYZE
Time: 0 hrs, 0 mins, 1 secs, 476 ms
CREATE TABLE
Time: 0 hrs, 0 mins, 56 secs, 544 ms
CREATE INDEX
Time: 0 hrs, 0 mins, 0 secs, 175 ms
 tmp_first_last 
----------------
        1888290
(1 row)

Time: 0 hrs, 0 mins, 0 secs, 96 ms
ANALYZE
Time: 0 hrs, 0 mins, 1 secs, 366 ms
SET
Time: 0 hrs, 0 mins, 0 secs, 27 ms
SET
Time: 0 hrs, 0 mins, 0 secs, 20 ms
TRUNCATE
Time: 0 hrs, 0 mins, 1 secs, 433 ms
DROP
Time: 0 hrs, 0 mins, 0 secs, 94 ms
INSERT 0 1888290
Time: 0 hrs, 0 mins, 5 secs, 182 ms
 bn_session_stage 
------------------
          1888290
(1 row)

Time: 0 hrs, 0 mins, 0 secs, 790 ms
CREATE INDEX
Time: 0 hrs, 0 mins, 0 secs, 735 ms
ANALYZE
Time: 0 hrs, 0 mins, 0 secs, 887 ms
TRUNCATE
Time: 0 hrs, 0 mins, 0 secs, 885 ms
END
Time: 0 hrs, 0 mins, 22 secs, 987 ms

Tue Apr 5 04:14:23 EDT 2011

BEGIN

           660 - LOAD_BN_SESSION_UPDATE_STAGE

SET
TRUNCATE
INSERT 0 0
END

Tue Apr 5 04:14:49 EDT 2011

Timing is on.

           670 - LOAD_BN_SESSION_20110404.UPDATES

BEGIN
Time: 0 hrs, 0 mins, 0 secs, 764 ms
SET
Time: 0 hrs, 0 mins, 0 secs, 11 ms
UPDATE 0
Time: 0 hrs, 0 mins, 0 secs, 498 ms
END
Time: 0 hrs, 0 mins, 3 secs, 447 ms
VACUUM
Time: 0 hrs, 0 mins, 9 secs, 388 ms

Tue Apr 5 04:15:03 EDT 2011

Timing is on.

           700 - LOAD_BN_SESSION

BEGIN
Time: 0 hrs, 0 mins, 0 secs, 828 ms
SET
Time: 0 hrs, 0 mins, 0 secs, 7 ms
INSERT 0 1888290
Time: 0 hrs, 0 mins, 5 secs, 206 ms
ANALYZE
Time: 0 hrs, 0 mins, 0 secs, 720 ms
END
Time: 0 hrs, 0 mins, 7 secs, 137 ms

Tue Apr 5 04:15:17 EDT 2011

Timing is on.

            750 - LOAD_BN_SESSION_SUMMARY   

BEGIN
Time: 0 hrs, 0 mins, 0 secs, 660 ms
SET
Time: 0 hrs, 0 mins, 0 secs, 7 ms
CREATE TABLE
Time: 0 hrs, 0 mins, 4 secs, 430 ms
TRUNCATE
Time: 0 hrs, 0 mins, 0 secs, 839 ms
INSERT 0 168562
Time: 0 hrs, 0 mins, 3 secs, 656 ms
ANALYZE
Time: 0 hrs, 0 mins, 0 secs, 638 ms
 count(1) 
----------
   168562
(1 row)

Time: 0 hrs, 0 mins, 0 secs, 206 ms
END
Time: 0 hrs, 0 mins, 1 secs, 129 ms

Tue Apr 5 04:15:29 EDT 2011

Timing is on.

           800 - LOAD_BN_HITS

BEGIN
Time: 0 hrs, 0 mins, 0 secs, 913 ms
SET
Time: 0 hrs, 0 mins, 0 secs, 14 ms
SET
Time: 0 hrs, 0 mins, 0 secs, 20 ms
SET
Time: 0 hrs, 0 mins, 0 secs, 18 ms
SET
Time: 0 hrs, 0 mins, 0 secs, 19 ms
TRUNCATE
Time: 0 hrs, 0 mins, 1 secs, 428 ms
INSERT 0 16470194
Time: 0 hrs, 0 mins, 8 secs, 115 ms
 count(1) 
----------
 16470194
(1 row)

Time: 0 hrs, 0 mins, 0 secs, 789 ms
ANALYZE
Time: 0 hrs, 0 mins, 3 secs, 134 ms
END
Time: 0 hrs, 0 mins, 3 secs, 152 ms

Tue Apr 5 04:15:47 EDT 2011

Timing is on.

            900 - LOAD_CLICKSTREAM   

BEGIN
Time: 0 hrs, 0 mins, 0 secs, 839 ms
SET
Time: 0 hrs, 0 mins, 0 secs, 13 ms
TRUNCATE
Time: 0 hrs, 0 mins, 4 secs, 3 ms
INSERT 0 16470194
Time: 0 hrs, 1 mins, 24 secs, 299 ms
 count(1) 
----------
 16470194
(1 row)

Time: 0 hrs, 0 mins, 0 secs, 575 ms
ANALYZE
Time: 0 hrs, 0 mins, 2 secs, 713 ms
END
Time: 0 hrs, 0 mins, 7 secs, 622 ms

Tue Apr 5 04:17:27 EDT 2011

Timing is on.

            1000 - PAGE_VIEW_SUMMARY  

BEGIN
Time: 0 hrs, 0 mins, 0 secs, 663 ms
SET
Time: 0 hrs, 0 mins, 0 secs, 15 ms
SET
Time: 0 hrs, 0 mins, 0 secs, 27 ms
TRUNCATE
Time: 0 hrs, 0 mins, 0 secs, 706 ms
INSERT 0 34419
Time: 0 hrs, 0 mins, 3 secs, 477 ms
 count(1) 
----------
    34419
(1 row)

Time: 0 hrs, 0 mins, 0 secs, 105 ms
ANALYZE
Time: 0 hrs, 0 mins, 0 secs, 42 ms
END
Time: 0 hrs, 0 mins, 2 secs, 943 ms

Tue Apr 5 04:17:35 EDT 2011


2000 - WRAP UP 

Timing is on.
BEGIN
Time: 0 hrs, 0 mins, 0 secs, 782 ms
TRUNCATE
Time: 0 hrs, 0 mins, 0 secs, 566 ms
TRUNCATE
Time: 0 hrs, 0 mins, 0 secs, 733 ms
END
Time: 0 hrs, 0 mins, 4 secs, 796 ms
Tue Apr 5 04:17:42 EDT 2011
Removing lock file and waiting for a minute
Checking for lock file /tmp/.iislock
Acquired lock file /tmp/.iislock
-------------------------------------
Processing for 20110404
-------------------------------------

Wed Apr 6 09:15:15 EDT 2011

Timing is on.

           000 - INIT

BEGIN
Time: 0 hrs, 0 mins, 1 secs, 158 ms
*** Truncating staging tables before workflow starts ***
SET
Time: 0 hrs, 0 mins, 0 secs, 10 ms
GRANT
Time: 0 hrs, 0 mins, 12 secs, 130 ms
END
Time: 0 hrs, 0 mins, 17 secs, 388 ms

Wed Apr 6 09:15:46 EDT 2011

Timing is on.

            200 - LOAD_BN_IISLOGS   

BEGIN
Time: 0 hrs, 0 mins, 1 secs, 7 ms
SET
Time: 0 hrs, 0 mins, 0 secs, 14 ms
TRUNCATE
Time: 0 hrs, 0 mins, 0 secs, 630 ms
INSERT 0 58097080
Time: 0 hrs, 12 mins, 1 secs, 703 ms
END
Time: 0 hrs, 1 mins, 14 secs, 62 ms
ALTER TABLE
Time: 0 hrs, 0 mins, 57 secs, 879 ms

Wed Apr 6 09:30:02 EDT 2011

Timing is on.
BEGIN
Time: 0 hrs, 0 mins, 1 secs, 860 ms
SET
Time: 0 hrs, 0 mins, 0 secs, 13 ms

            250 - LOAD_BN_HITS_SP   

TRUNCATE
Time: 0 hrs, 0 mins, 5 secs, 594 ms
INSERT 0 18129774
Time: 0 hrs, 2 mins, 58 secs, 376 ms
ANALYZE
Time: 0 hrs, 0 mins, 20 secs, 184 ms
END
Time: 0 hrs, 1 mins, 0 secs, 455 ms

Wed Apr 6 09:34:29 EDT 2011

Timing is on.
BEGIN
Time: 0 hrs, 0 mins, 2 secs, 611 ms
SET
Time: 0 hrs, 0 mins, 0 secs, 11 ms

           300 - DYNAMIC FILTER

TRUNCATE
Time: 0 hrs, 0 mins, 4 secs, 596 ms
INSERT 0 11133144
Time: 0 hrs, 0 mins, 38 secs, 133 ms
ANALYZE
Time: 0 hrs, 0 mins, 3 secs, 304 ms
 Total records in web_click_cnt 
--------------------------------
                       11133144
(1 row)

Time: 0 hrs, 0 mins, 15 secs, 964 ms
CREATE TABLE
Time: 0 hrs, 4 mins, 3 secs, 46 ms
ANALYZE
Time: 0 hrs, 0 mins, 0 secs, 946 ms
CREATE TABLE
Time: 0 hrs, 0 mins, 6 secs, 503 ms
ANALYZE
Time: 0 hrs, 0 mins, 0 secs, 156 ms
DELETE 1
Time: 0 hrs, 0 mins, 0 secs, 909 ms
INSERT 0 1
Time: 0 hrs, 0 mins, 0 secs, 810 ms
DELETE 1
Time: 0 hrs, 0 mins, 0 secs, 111 ms
INSERT 0 1
Time: 0 hrs, 0 mins, 0 secs, 926 ms
CREATE TABLE
Time: 0 hrs, 0 mins, 14 secs, 198 ms
ANALYZE
Time: 0 hrs, 0 mins, 0 secs, 102 ms
CREATE TABLE
Time: 0 hrs, 0 mins, 1 secs, 51 ms
ANALYZE
Time: 0 hrs, 0 mins, 0 secs, 241 ms
DELETE 1
Time: 0 hrs, 0 mins, 0 secs, 117 ms
INSERT 0 1
Time: 0 hrs, 0 mins, 0 secs, 725 ms
DELETE 1
Time: 0 hrs, 0 mins, 0 secs, 108 ms
INSERT 0 1
Time: 0 hrs, 0 mins, 0 secs, 563 ms
ANALYZE
Time: 0 hrs, 0 mins, 0 secs, 340 ms
    tablename     |    attr_name    | attr_value 
------------------+-----------------+------------
 BN_FILTER_SPIDER | CLK_USER_SD_MPL | 10
 BN_FILTER_SPIDER | IP_USER_SD_MPL  | 1
 BN_FILTER_SPIDER | IP_USER_RATIO   | .955
 BN_FILTER_SPIDER | CLK_USER_MEAN   | 17.159
 BN_FILTER_SPIDER | CLK_USER_SD     | 279.908
 BN_FILTER_SPIDER | IP_USER_MEAN    | 13.093
 BN_FILTER_SPIDER | IP_USER_SD      | 1857.447
(7 rows)

Time: 0 hrs, 0 mins, 0 secs, 276 ms
CREATE TABLE
Time: 0 hrs, 0 mins, 7 secs, 30 ms
CREATE TABLE
Time: 0 hrs, 0 mins, 1 secs, 186 ms
 l_mean_sd_mpl 
---------------
      2816.239
(1 row)

Time: 0 hrs, 0 mins, 0 secs, 412 ms
TRUNCATE
Time: 0 hrs, 0 mins, 2 secs, 947 ms
INSERT 0 30
Time: 0 hrs, 0 mins, 6 secs, 344 ms
ANALYZE
Time: 0 hrs, 0 mins, 0 secs, 220 ms
 Total click_user bn_spider_ip records 
---------------------------------------
                                    30
(1 row)

Time: 0 hrs, 0 mins, 0 secs, 443 ms
CREATE TABLE
Time: 0 hrs, 0 mins, 3 secs, 567 ms
ANALYZE
Time: 0 hrs, 0 mins, 0 secs, 95 ms
CREATE TABLE
Time: 0 hrs, 0 mins, 2 secs, 95 ms
ANALYZE
Time: 0 hrs, 0 mins, 0 secs, 101 ms
DROP 
Time: 0 hrs, 0 mins, 0 secs, 381 ms
CREATE TABLE
Time: 0 hrs, 0 mins, 1 secs, 687 ms
 l_mean_sd_mpl | l_ratio 
---------------+---------
      1870.540 |   0.955
(1 row)

Time: 0 hrs, 0 mins, 0 secs, 241 ms
INSERT 0 8325661
Time: 0 hrs, 0 mins, 4 secs, 940 ms
ANALYZE
Time: 0 hrs, 0 mins, 0 secs, 226 ms
 Total ip_user_filter bn_spider_ip records 
-------------------------------------------
                                   8325661
(1 row)

Time: 0 hrs, 0 mins, 0 secs, 665 ms
TRUNCATE
Time: 0 hrs, 0 mins, 1 secs, 690 ms
INSERT 0 22721874
Time: 0 hrs, 0 mins, 31 secs, 859 ms
ANALYZE
Time: 0 hrs, 0 mins, 8 secs, 603 ms
 bn_hits_stage 
---------------
      22721874
(1 row)

Time: 0 hrs, 0 mins, 0 secs, 691 ms
INSERT 0 9650733
Time: 0 hrs, 4 mins, 10 secs, 426 ms
ANALYZE
Time: 0 hrs, 0 mins, 50 secs, 336 ms
 bn_hits_sp_20110404 
---------------------
            27780507
(1 row)

Time: 0 hrs, 0 mins, 34 secs, 159 ms
TRUNCATE
Time: 0 hrs, 0 mins, 9 secs, 755 ms
INSERT 0 7594699
Time: 0 hrs, 0 mins, 38 secs, 55 ms
ANALYZE
Time: 0 hrs, 0 mins, 5 secs, 152 ms
 bn_hits_client_20110404 
-------------------------
                 7594699
(1 row)

Time: 0 hrs, 0 mins, 1 secs, 79 ms
END
Time: 0 hrs, 1 mins, 48 secs, 813 ms

Wed Apr 6 09:49:38 EDT 2011

Timing is on.
BEGIN
Time: 0 hrs, 0 mins, 7 secs, 42 ms

           600 - LOAD RESOURCES

SET
Time: 0 hrs, 0 mins, 0 secs, 9 ms
CREATE TABLE
Time: 0 hrs, 0 mins, 33 secs, 76 ms
ANALYZE
Time: 0 hrs, 0 mins, 1 secs, 44 ms
 tmp_a_count 
-------------
       38210
(1 row)

Time: 0 hrs, 0 mins, 0 secs, 187 ms
UPDATE 0
Time: 0 hrs, 0 mins, 3 secs, 45 ms
ANALYZE
Time: 0 hrs, 0 mins, 0 secs, 667 ms
TRUNCATE
Time: 0 hrs, 0 mins, 2 secs, 114 ms
INSERT 0 1168
Time: 0 hrs, 0 mins, 9 secs, 289 ms
ANALYZE
Time: 0 hrs, 0 mins, 0 secs, 791 ms
 first_resource_id | last_resource_id 
-------------------+------------------
          13266032 |         13267199
(1 row)

Time: 0 hrs, 0 mins, 0 secs, 303 ms
INSERT 0 1168
Time: 0 hrs, 0 mins, 1 secs, 457 ms
 total_resources 
-----------------
        13242804
(1 row)

Time: 0 hrs, 0 mins, 0 secs, 267 ms
ANALYZE
Time: 0 hrs, 0 mins, 0 secs, 759 ms
END
Time: 0 hrs, 1 mins, 45 secs, 788 ms
VACUUM
Time: 0 hrs, 0 mins, 49 secs, 463 ms

Wed Apr 6 09:53:13 EDT 2011

Timing is on.

           650 - LOAD_BN_SESSION_STAGE

BEGIN
Time: 0 hrs, 0 mins, 6 secs, 146 ms
SET
Time: 0 hrs, 0 mins, 0 secs, 17 ms
SET
Time: 0 hrs, 0 mins, 0 secs, 88 ms
CREATE TABLE
Time: 0 hrs, 12 mins, 1 secs, 797 ms
ANALYZE
Time: 0 hrs, 0 mins, 9 secs, 180 ms
 tmp_sessionized_stage 
-----------------------
              22721874
(1 row)

Time: 0 hrs, 0 mins, 27 secs, 571 ms
TRUNCATE
Time: 0 hrs, 0 mins, 6 secs, 778 ms
INSERT 0 2463972
Time: 0 hrs, 2 mins, 58 secs, 141 ms
ANALYZE
Time: 0 hrs, 0 mins, 3 secs, 899 ms
CREATE TABLE
Time: 0 hrs, 2 mins, 36 secs, 432 ms
CREATE INDEX
Time: 0 hrs, 0 mins, 7 secs, 490 ms
 tmp_first_last 
----------------
        2463972
(1 row)

Time: 0 hrs, 0 mins, 0 secs, 619 ms
ANALYZE
Time: 0 hrs, 0 mins, 1 secs, 335 ms
SET
Time: 0 hrs, 0 mins, 0 secs, 54 ms
SET
Time: 0 hrs, 0 mins, 0 secs, 37 ms
TRUNCATE
Time: 0 hrs, 0 mins, 11 secs, 790 ms
DROP
Time: 0 hrs, 0 mins, 2 secs, 975 ms
INSERT 0 2463972
Time: 0 hrs, 0 mins, 17 secs, 454 ms
 bn_session_stage 
------------------
          2463972
(1 row)

Time: 0 hrs, 0 mins, 4 secs, 867 ms
CREATE INDEX
Time: 0 hrs, 0 mins, 4 secs, 968 ms
ANALYZE
Time: 0 hrs, 0 mins, 2 secs, 249 ms
TRUNCATE
Time: 0 hrs, 0 mins, 6 secs, 85 ms
END
Time: 0 hrs, 2 mins, 58 secs, 760 ms

Wed Apr 6 10:15:42 EDT 2011

BEGIN

           660 - LOAD_BN_SESSION_UPDATE_STAGE

SET
TRUNCATE
INSERT 0 0
END

Wed Apr 6 10:19:16 EDT 2011

Timing is on.

           670 - LOAD_BN_SESSION_20110404.UPDATES

BEGIN
Time: 0 hrs, 0 mins, 2 secs, 738 ms
SET
Time: 0 hrs, 0 mins, 0 secs, 10 ms
UPDATE 0
Time: 0 hrs, 0 mins, 9 secs, 794 ms
END
Time: 0 hrs, 3 mins, 25 secs, 805 ms
VACUUM
Time: 0 hrs, 2 mins, 38 secs, 799 ms

Wed Apr 6 10:25:33 EDT 2011

Timing is on.

           700 - LOAD_BN_SESSION

BEGIN
Time: 0 hrs, 0 mins, 2 secs, 290 ms
SET
Time: 0 hrs, 0 mins, 0 secs, 10 ms
INSERT 0 2463972
Time: 0 hrs, 3 mins, 1 secs, 412 ms
ANALYZE
Time: 0 hrs, 0 mins, 4 secs, 507 ms
END
Time: 0 hrs, 10 mins, 30 secs, 973 ms

Wed Apr 6 10:39:13 EDT 2011

Timing is on.

            750 - LOAD_BN_SESSION_SUMMARY   

BEGIN
Time: 0 hrs, 0 mins, 1 secs, 763 ms
SET
Time: 0 hrs, 0 mins, 0 secs, 10 ms
CREATE TABLE
Time: 0 hrs, 4 mins, 5 secs, 686 ms
TRUNCATE
Time: 2 hrs, 20 mins, 59 secs, 213 ms
INSERT 0 208645
Time: 0 hrs, 1 mins, 9 secs, 901 ms
ANALYZE
Time: 0 hrs, 0 mins, 0 secs, 673 ms
 count(1) 
----------
   208645
(1 row)

Time: 0 hrs, 0 mins, 0 secs, 570 ms
END
Time: 0 hrs, 0 mins, 4 secs, 871 ms

Wed Apr 6 13:05:36 EDT 2011

Timing is on.

           800 - LOAD_BN_HITS

BEGIN
Time: 0 hrs, 0 mins, 1 secs, 303 ms
SET
Time: 0 hrs, 0 mins, 0 secs, 10 ms
SET
Time: 0 hrs, 0 mins, 0 secs, 87 ms
SET
Time: 0 hrs, 0 mins, 0 secs, 50 ms
SET
Time: 0 hrs, 0 mins, 0 secs, 21 ms
TRUNCATE
Time: 0 hrs, 0 mins, 1 secs, 965 ms
INSERT 0 22721874
Time: 0 hrs, 0 mins, 18 secs, 130 ms
 count(1) 
----------
 22721874
(1 row)

Time: 0 hrs, 0 mins, 1 secs, 364 ms
ANALYZE
Time: 0 hrs, 0 mins, 4 secs, 278 ms
END
Time: 0 hrs, 0 mins, 14 secs, 177 ms

Wed Apr 6 13:06:17 EDT 2011

Timing is on.

            900 - LOAD_CLICKSTREAM   

BEGIN
Time: 0 hrs, 0 mins, 0 secs, 796 ms
SET
Time: 0 hrs, 0 mins, 0 secs, 12 ms
TRUNCATE
Time: 0 hrs, 0 mins, 1 secs, 650 ms
INSERT 0 22721874
Time: 0 hrs, 5 mins, 7 secs, 833 ms
 count(1) 
----------
 22721874
(1 row)

Time: 0 hrs, 0 mins, 0 secs, 957 ms
ANALYZE
Time: 0 hrs, 0 mins, 1 secs, 660 ms
END
Time: 0 hrs, 0 mins, 28 secs, 712 ms

Wed Apr 6 13:11:59 EDT 2011

Timing is on.

            1000 - PAGE_VIEW_SUMMARY  

BEGIN
Time: 0 hrs, 0 mins, 3 secs, 659 ms
SET
Time: 0 hrs, 0 mins, 0 secs, 27 ms
SET
Time: 0 hrs, 0 mins, 0 secs, 123 ms
TRUNCATE
Time: 0 hrs, 0 mins, 8 secs, 253 ms
INSERT 0 44915
Time: 0 hrs, 0 mins, 33 secs, 307 ms
 count(1) 
----------
    44915
(1 row)

Time: 0 hrs, 0 mins, 1 secs, 913 ms
ANALYZE
Time: 0 hrs, 0 mins, 0 secs, 875 ms
END
Time: 0 hrs, 0 mins, 20 secs, 290 ms

Wed Apr 6 13:13:08 EDT 2011


2000 - WRAP UP 

Timing is on.
BEGIN
Time: 0 hrs, 0 mins, 5 secs, 188 ms
TRUNCATE
Time: 0 hrs, 0 mins, 6 secs, 438 ms
TRUNCATE
Time: 0 hrs, 0 mins, 3 secs, 781 ms
END
Time: 0 hrs, 0 mins, 11 secs, 664 ms
Wed Apr 6 13:13:35 EDT 2011
Removing lock file and waiting for a minute
