Checking for lock file /tmp/.iislock
Acquired lock file /tmp/.iislock
deleting simple.htm records - these are just server testing...
DELETE 5606657
-------------------------------------
Processing for 20111126
-------------------------------------

Sun Nov 27 03:57:25 EST 2011

Timing is on.

           000 - INIT

BEGIN
Time: 0 hrs, 0 mins, 0 secs, 255 ms
*** Truncating staging tables before workflow starts ***
SET
Time: 0 hrs, 0 mins, 0 secs, 6 ms
GRANT
Time: 0 hrs, 0 mins, 23 secs, 513 ms
END
Time: 0 hrs, 0 mins, 14 secs, 491 ms

Sun Nov 27 03:58:04 EST 2011

Timing is on.

            200 - LOAD_BN_IISLOGS   

BEGIN
Time: 0 hrs, 0 mins, 0 secs, 200 ms
SET
Time: 0 hrs, 0 mins, 0 secs, 5 ms
TRUNCATE
Time: 0 hrs, 0 mins, 14 secs, 988 ms
INSERT 0 64492171
Time: 0 hrs, 9 mins, 7 secs, 935 ms
END
Time: 0 hrs, 0 mins, 24 secs, 770 ms
ALTER TABLE
Time: 0 hrs, 3 mins, 8 secs, 555 ms

Sun Nov 27 04:11:01 EST 2011

Timing is on.
BEGIN
Time: 0 hrs, 0 mins, 0 secs, 205 ms
SET
Time: 0 hrs, 0 mins, 0 secs, 6 ms

            250 - LOAD_BN_HITS_SP   

TRUNCATE
Time: 0 hrs, 0 mins, 6 secs, 194 ms
INSERT 0 20920233
Time: 0 hrs, 10 mins, 13 secs, 348 ms
ANALYZE
Time: 0 hrs, 0 mins, 26 secs, 118 ms
END
Time: 0 hrs, 0 mins, 54 secs, 9 ms

Sun Nov 27 04:22:41 EST 2011

Timing is on.
BEGIN
Time: 0 hrs, 0 mins, 2 secs, 407 ms
SET
Time: 0 hrs, 0 mins, 0 secs, 6 ms

           300 - DYNAMIC FILTER

TRUNCATE
Time: 0 hrs, 0 mins, 14 secs, 31 ms
INSERT 0 21251379
Time: 0 hrs, 0 mins, 3 secs, 521 ms
ANALYZE
Time: 0 hrs, 0 mins, 3 secs, 379 ms
 Total records in web_click_cnt 
--------------------------------
                       21251379
(1 row)

Time: 0 hrs, 0 mins, 3 secs, 209 ms
CREATE TABLE
Time: 0 hrs, 0 mins, 14 secs, 572 ms
ANALYZE
Time: 0 hrs, 0 mins, 0 secs, 42 ms
CREATE TABLE
Time: 0 hrs, 0 mins, 1 secs, 866 ms
ANALYZE
Time: 0 hrs, 0 mins, 0 secs, 39 ms
DELETE 1
Time: 0 hrs, 0 mins, 1 secs, 985 ms
INSERT 0 1
Time: 0 hrs, 0 mins, 0 secs, 797 ms
DELETE 1
Time: 0 hrs, 0 mins, 0 secs, 61 ms
INSERT 0 1
Time: 0 hrs, 0 mins, 0 secs, 129 ms
CREATE TABLE
Time: 0 hrs, 0 mins, 12 secs, 312 ms
ANALYZE
Time: 0 hrs, 0 mins, 0 secs, 37 ms
CREATE TABLE
Time: 0 hrs, 0 mins, 1 secs, 419 ms
ANALYZE
Time: 0 hrs, 0 mins, 0 secs, 50 ms
DELETE 1
Time: 0 hrs, 0 mins, 0 secs, 264 ms
INSERT 0 1
Time: 0 hrs, 0 mins, 2 secs, 862 ms
DELETE 1
Time: 0 hrs, 0 mins, 0 secs, 61 ms
INSERT 0 1
Time: 0 hrs, 0 mins, 0 secs, 710 ms
ANALYZE
Time: 0 hrs, 0 mins, 0 secs, 38 ms
    tablename     |    attr_name    | attr_value 
------------------+-----------------+------------
 BN_FILTER_SPIDER | CLK_USER_SD_MPL | 10
 BN_FILTER_SPIDER | IP_USER_SD_MPL  | 1
 BN_FILTER_SPIDER | IP_USER_RATIO   | .955
 BN_FILTER_SPIDER | CLK_USER_MEAN   | 11.203
 BN_FILTER_SPIDER | CLK_USER_SD     | 154.815
 BN_FILTER_SPIDER | IP_USER_MEAN    | 17.972
 BN_FILTER_SPIDER | IP_USER_SD      | 1831.031
(7 rows)

Time: 0 hrs, 0 mins, 1 secs, 871 ms
CREATE TABLE
Time: 0 hrs, 0 mins, 6 secs, 591 ms
CREATE TABLE
Time: 0 hrs, 0 mins, 1 secs, 990 ms
 l_mean_sd_mpl 
---------------
      1559.353
(1 row)

Time: 0 hrs, 0 mins, 0 secs, 628 ms
TRUNCATE
Time: 0 hrs, 0 mins, 1 secs, 429 ms
INSERT 0 200
Time: 0 hrs, 0 mins, 3 secs, 764 ms
ANALYZE
Time: 0 hrs, 0 mins, 0 secs, 585 ms
 Total click_user bn_spider_ip records 
---------------------------------------
                                   200
(1 row)

Time: 0 hrs, 0 mins, 2 secs, 11 ms
CREATE TABLE
Time: 0 hrs, 0 mins, 1 secs, 973 ms
ANALYZE
Time: 0 hrs, 0 mins, 0 secs, 40 ms
CREATE TABLE
Time: 0 hrs, 0 mins, 6 secs, 162 ms
ANALYZE
Time: 0 hrs, 0 mins, 0 secs, 46 ms
DROP 
Time: 0 hrs, 0 mins, 0 secs, 107 ms
CREATE TABLE
Time: 0 hrs, 0 mins, 0 secs, 76 ms
 l_mean_sd_mpl | l_ratio 
---------------+---------
      1849.003 |   0.955
(1 row)

Time: 0 hrs, 0 mins, 1 secs, 237 ms
INSERT 0 17689247
Time: 0 hrs, 0 mins, 4 secs, 964 ms
ANALYZE
Time: 0 hrs, 0 mins, 0 secs, 190 ms
 Total ip_user_filter bn_spider_ip records 
-------------------------------------------
                                  17689247
(1 row)

Time: 0 hrs, 0 mins, 6 secs, 156 ms
TRUNCATE
Time: 0 hrs, 0 mins, 4 secs, 630 ms
INSERT 0 20679361
Time: 0 hrs, 0 mins, 29 secs, 254 ms
ANALYZE
Time: 0 hrs, 0 mins, 18 secs, 672 ms
 bn_hits_stage 
---------------
      20679361
(1 row)

Time: 0 hrs, 0 mins, 25 secs, 761 ms
INSERT 0 18692926
Time: 0 hrs, 0 mins, 29 secs, 841 ms
ANALYZE
Time: 0 hrs, 0 mins, 3 secs, 615 ms
 bn_hits_sp_20111126 
---------------------
            39613159
(1 row)

Time: 0 hrs, 0 mins, 0 secs, 414 ms
TRUNCATE
Time: 0 hrs, 0 mins, 8 secs, 321 ms
INSERT 0 4199651
Time: 0 hrs, 0 mins, 5 secs, 182 ms
ANALYZE
Time: 0 hrs, 0 mins, 6 secs, 72 ms
 bn_hits_client_20111126 
-------------------------
                 4199651
(1 row)

Time: 0 hrs, 0 mins, 1 secs, 40 ms
END
Time: 0 hrs, 0 mins, 12 secs, 625 ms

Sun Nov 27 04:26:51 EST 2011

Timing is on.
BEGIN
Time: 0 hrs, 0 mins, 0 secs, 309 ms

           600 - LOAD RESOURCES

SET
Time: 0 hrs, 0 mins, 0 secs, 6 ms
CREATE TABLE
Time: 0 hrs, 4 mins, 23 secs, 998 ms
ANALYZE
Time: 0 hrs, 0 mins, 2 secs, 85 ms
 tmp_a_count 
-------------
      807271
(1 row)

Time: 0 hrs, 0 mins, 1 secs, 362 ms
UPDATE 0
Time: 0 hrs, 0 mins, 6 secs, 643 ms
ANALYZE
Time: 0 hrs, 0 mins, 2 secs, 873 ms
TRUNCATE
Time: 0 hrs, 0 mins, 4 secs, 531 ms
INSERT 0 279128
Time: 0 hrs, 0 mins, 37 secs, 715 ms
ANALYZE
Time: 0 hrs, 0 mins, 6 secs, 651 ms
 first_resource_id | last_resource_id 
-------------------+------------------
          57879120 |         58158247
(1 row)

Time: 0 hrs, 0 mins, 1 secs, 736 ms
INSERT 0 279128
Time: 0 hrs, 0 mins, 11 secs, 683 ms
 total_resources 
-----------------
        58133784
(1 row)

Time: 0 hrs, 0 mins, 6 secs, 669 ms
ANALYZE
Time: 0 hrs, 0 mins, 1 secs, 631 ms
END
Time: 0 hrs, 0 mins, 22 secs, 468 ms
VACUUM
Time: 0 hrs, 0 mins, 42 secs, 885 ms

Sun Nov 27 04:33:44 EST 2011

Timing is on.

           650 - LOAD_BN_SESSION_STAGE

BEGIN
Time: 0 hrs, 0 mins, 1 secs, 776 ms
SET
Time: 0 hrs, 0 mins, 0 secs, 9 ms
SET
Time: 0 hrs, 0 mins, 0 secs, 53 ms
CREATE TABLE
Time: 0 hrs, 4 mins, 42 secs, 553 ms
ANALYZE
Time: 0 hrs, 0 mins, 7 secs, 405 ms
 tmp_sessionized_stage 
-----------------------
              20679361
(1 row)

Time: 0 hrs, 0 mins, 1 secs, 319 ms
TRUNCATE
Time: 0 hrs, 0 mins, 12 secs, 479 ms
INSERT 0 3139391
Time: 0 hrs, 1 mins, 15 secs, 435 ms
ANALYZE
Time: 0 hrs, 0 mins, 3 secs, 821 ms
CREATE TABLE
Time: 0 hrs, 5 mins, 2 secs, 475 ms
CREATE INDEX
Time: 0 hrs, 0 mins, 1 secs, 89 ms
 tmp_first_last 
----------------
        3139391
(1 row)

Time: 0 hrs, 0 mins, 0 secs, 63 ms
ANALYZE
Time: 0 hrs, 0 mins, 0 secs, 954 ms
SET
Time: 0 hrs, 0 mins, 0 secs, 11 ms
SET
Time: 0 hrs, 0 mins, 0 secs, 10 ms
TRUNCATE
Time: 0 hrs, 0 mins, 2 secs, 831 ms
DROP 
Time: 0 hrs, 0 mins, 1 secs, 786 ms
INSERT 0 3139391
Time: 0 hrs, 0 mins, 6 secs, 948 ms
 bn_session_stage 
------------------
          3139391
(1 row)

Time: 0 hrs, 0 mins, 0 secs, 780 ms
CREATE INDEX
Time: 0 hrs, 0 mins, 1 secs, 311 ms
ANALYZE
Time: 0 hrs, 0 mins, 0 secs, 989 ms
TRUNCATE
Time: 0 hrs, 0 mins, 2 secs, 325 ms
END
Time: 0 hrs, 0 mins, 13 secs, 259 ms

Sun Nov 27 04:45:44 EST 2011

BEGIN

           660 - LOAD_BN_SESSION_UPDATE_STAGE

SET
TRUNCATE
INSERT 0 0
END

Sun Nov 27 04:45:53 EST 2011

Timing is on.

           670 - LOAD_BN_SESSION_20111126.UPDATES

BEGIN
Time: 0 hrs, 0 mins, 0 secs, 918 ms
SET
Time: 0 hrs, 0 mins, 0 secs, 7 ms
UPDATE 0
Time: 0 hrs, 0 mins, 0 secs, 183 ms
END
Time: 0 hrs, 0 mins, 11 secs, 77 ms
VACUUM
Time: 0 hrs, 0 mins, 13 secs, 978 ms

Sun Nov 27 04:46:19 EST 2011

Timing is on.

           700 - LOAD_BN_SESSION

BEGIN
Time: 0 hrs, 0 mins, 0 secs, 123 ms
SET
Time: 0 hrs, 0 mins, 0 secs, 6 ms
INSERT 0 3139391
Time: 0 hrs, 4 mins, 42 secs, 585 ms
ANALYZE
Time: 0 hrs, 0 mins, 4 secs, 517 ms
END
Time: 0 hrs, 0 mins, 21 secs, 424 ms

Sun Nov 27 04:51:28 EST 2011

Timing is on.

            750 - LOAD_BN_SESSION_SUMMARY   

BEGIN
Time: 0 hrs, 0 mins, 6 secs, 347 ms
SET
Time: 0 hrs, 0 mins, 0 secs, 5 ms
CREATE TABLE
Time: 0 hrs, 0 mins, 58 secs, 745 ms
TRUNCATE
Time: 0 hrs, 0 mins, 9 secs, 482 ms
INSERT 0 500683
Time: 0 hrs, 0 mins, 36 secs, 7 ms
ANALYZE
Time: 0 hrs, 0 mins, 6 secs, 432 ms
 count(1) 
----------
   500683
(1 row)

Time: 0 hrs, 0 mins, 3 secs, 329 ms
END
Time: 0 hrs, 0 mins, 17 secs, 725 ms

Sun Nov 27 04:53:47 EST 2011

Timing is on.

           800 - LOAD_BN_HITS

BEGIN
Time: 0 hrs, 0 mins, 3 secs, 755 ms
SET
Time: 0 hrs, 0 mins, 0 secs, 6 ms
SET
Time: 0 hrs, 0 mins, 0 secs, 11 ms
SET
Time: 0 hrs, 0 mins, 0 secs, 10 ms
SET
Time: 0 hrs, 0 mins, 0 secs, 11 ms
TRUNCATE
Time: 0 hrs, 0 mins, 6 secs, 72 ms
INSERT 0 20679361
Time: 0 hrs, 0 mins, 5 secs, 298 ms
 count(1) 
----------
 20679361
(1 row)

Time: 0 hrs, 0 mins, 6 secs, 262 ms
ANALYZE
Time: 0 hrs, 0 mins, 3 secs, 379 ms
END
Time: 0 hrs, 0 mins, 18 secs, 571 ms

Sun Nov 27 04:54:30 EST 2011

Timing is on.

            900 - LOAD_CLICKSTREAM   

BEGIN
Time: 0 hrs, 0 mins, 1 secs, 198 ms
SET
Time: 0 hrs, 0 mins, 0 secs, 5 ms
TRUNCATE
Time: 0 hrs, 0 mins, 7 secs, 629 ms
INSERT 0 20679361
Time: 0 hrs, 8 mins, 39 secs, 650 ms
 count(1) 
----------
 20679361
(1 row)

Time: 0 hrs, 0 mins, 2 secs, 812 ms
ANALYZE
Time: 0 hrs, 0 mins, 2 secs, 927 ms
END
Time: 0 hrs, 3 mins, 10 secs, 107 ms

Sun Nov 27 05:06:35 EST 2011

Timing is on.

            1000 - PAGE_VIEW_SUMMARY  

BEGIN
Time: 0 hrs, 0 mins, 19 secs, 229 ms
SET
Time: 0 hrs, 0 mins, 0 secs, 7 ms
SET
Time: 0 hrs, 0 mins, 0 secs, 30 ms
TRUNCATE
Time: 0 hrs, 0 mins, 2 secs, 473 ms
INSERT 0 821532
Time: 0 hrs, 0 mins, 26 secs, 141 ms
 count(1) 
----------
   821532
(1 row)

Time: 0 hrs, 0 mins, 2 secs, 481 ms
ANALYZE
Time: 0 hrs, 0 mins, 0 secs, 654 ms
END
Time: 0 hrs, 0 mins, 18 secs, 396 ms

Sun Nov 27 05:07:45 EST 2011


2000 - WRAP UP 

Timing is on.
BEGIN
Time: 0 hrs, 0 mins, 0 secs, 748 ms
TRUNCATE
Time: 0 hrs, 0 mins, 7 secs, 541 ms
TRUNCATE
Time: 0 hrs, 0 mins, 10 secs, 946 ms
END
Time: 0 hrs, 1 mins, 40 secs, 67 ms
Sun Nov 27 05:09:44 EST 2011
Removing lock file and waiting for a minute
Total time taken:  75  minutes.
Running time of run.sh 20111126: 4547 seconds
Checking for lock file /tmp/.iislock
Acquired lock file /tmp/.iislock
deleting simple.htm records - these are just server testing...
DELETE 12
-------------------------------------
Processing for 20111126
-------------------------------------

Mon Nov 28 04:58:52 EST 2011

Timing is on.

           000 - INIT

BEGIN
Time: 0 hrs, 0 mins, 0 secs, 141 ms
*** Truncating staging tables before workflow starts ***
SET
Time: 0 hrs, 0 mins, 0 secs, 6 ms
GRANT
Time: 0 hrs, 0 mins, 24 secs, 719 ms
END
Time: 0 hrs, 0 mins, 29 secs, 884 ms

Mon Nov 28 04:59:47 EST 2011

Timing is on.

            200 - LOAD_BN_IISLOGS   

BEGIN
Time: 0 hrs, 0 mins, 0 secs, 143 ms
SET
Time: 0 hrs, 0 mins, 0 secs, 7 ms
TRUNCATE
Time: 0 hrs, 0 mins, 7 secs, 128 ms
INSERT 0 84473715
Time: 0 hrs, 14 mins, 23 secs, 870 ms
END
Time: 0 hrs, 5 mins, 50 secs, 809 ms
ALTER TABLE
Time: 0 hrs, 0 mins, 30 secs, 698 ms

Mon Nov 28 05:20:40 EST 2011

Timing is on.
BEGIN
Time: 0 hrs, 0 mins, 0 secs, 226 ms
SET
Time: 0 hrs, 0 mins, 0 secs, 6 ms

            250 - LOAD_BN_HITS_SP   

TRUNCATE
Time: 0 hrs, 0 mins, 5 secs, 154 ms
INSERT 0 27299226
Time: 0 hrs, 7 mins, 5 secs, 45 ms
ANALYZE
Time: 0 hrs, 0 mins, 10 secs, 439 ms
END
Time: 0 hrs, 0 mins, 15 secs, 718 ms

Mon Nov 28 05:28:17 EST 2011

Timing is on.
BEGIN
Time: 0 hrs, 0 mins, 0 secs, 230 ms
SET
Time: 0 hrs, 0 mins, 0 secs, 7 ms

           300 - DYNAMIC FILTER

TRUNCATE
Time: 0 hrs, 0 mins, 8 secs, 573 ms
INSERT 0 26675070
Time: 0 hrs, 0 mins, 5 secs, 306 ms
ANALYZE
Time: 0 hrs, 0 mins, 2 secs, 648 ms
 Total records in web_click_cnt 
--------------------------------
                       26675070
(1 row)

Time: 0 hrs, 0 mins, 7 secs, 599 ms
CREATE TABLE
Time: 0 hrs, 2 mins, 8 secs, 510 ms
ANALYZE
Time: 0 hrs, 0 mins, 0 secs, 56 ms
CREATE TABLE
Time: 0 hrs, 0 mins, 4 secs, 896 ms
ANALYZE
Time: 0 hrs, 0 mins, 0 secs, 49 ms
DELETE 1
Time: 0 hrs, 0 mins, 1 secs, 658 ms
INSERT 0 1
Time: 0 hrs, 0 mins, 1 secs, 177 ms
DELETE 1
Time: 0 hrs, 0 mins, 0 secs, 58 ms
INSERT 0 1
Time: 0 hrs, 0 mins, 0 secs, 759 ms
CREATE TABLE
Time: 0 hrs, 0 mins, 1 secs, 876 ms
ANALYZE
Time: 0 hrs, 0 mins, 0 secs, 44 ms
CREATE TABLE
Time: 0 hrs, 0 mins, 0 secs, 168 ms
ANALYZE
Time: 0 hrs, 0 mins, 0 secs, 43 ms
DELETE 1
Time: 0 hrs, 0 mins, 0 secs, 67 ms
INSERT 0 1
Time: 0 hrs, 0 mins, 0 secs, 152 ms
DELETE 1
Time: 0 hrs, 0 mins, 0 secs, 54 ms
INSERT 0 1
Time: 0 hrs, 0 mins, 0 secs, 793 ms
ANALYZE
Time: 0 hrs, 0 mins, 0 secs, 589 ms
    tablename     |    attr_name    | attr_value 
------------------+-----------------+------------
 BN_FILTER_SPIDER | CLK_USER_SD_MPL | 10
 BN_FILTER_SPIDER | IP_USER_SD_MPL  | 1
 BN_FILTER_SPIDER | IP_USER_RATIO   | .955
 BN_FILTER_SPIDER | CLK_USER_MEAN   | 11.752
 BN_FILTER_SPIDER | CLK_USER_SD     | 145.608
 BN_FILTER_SPIDER | IP_USER_MEAN    | 18.006
 BN_FILTER_SPIDER | IP_USER_SD      | 2033.397
(7 rows)

Time: 0 hrs, 0 mins, 0 secs, 387 ms
CREATE TABLE
Time: 0 hrs, 0 mins, 4 secs, 834 ms
CREATE TABLE
Time: 0 hrs, 0 mins, 1 secs, 24 ms
 l_mean_sd_mpl 
---------------
      1467.832
(1 row)

Time: 0 hrs, 0 mins, 0 secs, 546 ms
TRUNCATE
Time: 0 hrs, 0 mins, 3 secs, 690 ms
INSERT 0 254
Time: 0 hrs, 0 mins, 8 secs, 787 ms
ANALYZE
Time: 0 hrs, 0 mins, 1 secs, 893 ms
 Total click_user bn_spider_ip records 
---------------------------------------
                                   254
(1 row)

Time: 0 hrs, 0 mins, 1 secs, 55 ms
CREATE TABLE
Time: 0 hrs, 0 mins, 12 secs, 273 ms
ANALYZE
Time: 0 hrs, 0 mins, 0 secs, 31 ms
CREATE TABLE
Time: 0 hrs, 0 mins, 9 secs, 649 ms
ANALYZE
Time: 0 hrs, 0 mins, 0 secs, 45 ms
DROP 
Time: 0 hrs, 0 mins, 0 secs, 108 ms
CREATE TABLE
Time: 0 hrs, 0 mins, 0 secs, 288 ms
 l_mean_sd_mpl | l_ratio 
---------------+---------
      2051.403 |   0.955
(1 row)

Time: 0 hrs, 0 mins, 0 secs, 137 ms
INSERT 0 22163532
Time: 0 hrs, 0 mins, 7 secs, 758 ms
ANALYZE
Time: 0 hrs, 0 mins, 0 secs, 209 ms
 Total ip_user_filter bn_spider_ip records 
-------------------------------------------
                                  22163532
(1 row)

Time: 0 hrs, 0 mins, 1 secs, 944 ms
TRUNCATE
Time: 0 hrs, 0 mins, 1 secs, 508 ms
INSERT 0 27560673
Time: 0 hrs, 0 mins, 27 secs, 10 ms
ANALYZE
Time: 0 hrs, 0 mins, 11 secs, 567 ms
 bn_hits_stage 
---------------
      27560673
(1 row)

Time: 0 hrs, 0 mins, 1 secs, 177 ms
INSERT 0 23374712
Time: 0 hrs, 0 mins, 54 secs, 735 ms
ANALYZE
Time: 0 hrs, 0 mins, 6 secs, 706 ms
 bn_hits_sp_20111126 
---------------------
            50673938
(1 row)

Time: 0 hrs, 0 mins, 1 secs, 39 ms
TRUNCATE
Time: 0 hrs, 0 mins, 13 secs, 125 ms
INSERT 0 6239104
Time: 0 hrs, 0 mins, 4 secs, 337 ms
ANALYZE
Time: 0 hrs, 0 mins, 5 secs, 830 ms
 bn_hits_client_20111126 
-------------------------
                 6239104
(1 row)

Time: 0 hrs, 0 mins, 2 secs, 723 ms
END
Time: 0 hrs, 0 mins, 17 secs, 715 ms

Mon Nov 28 05:34:24 EST 2011

Timing is on.
BEGIN
Time: 0 hrs, 0 mins, 1 secs, 790 ms

           600 - LOAD RESOURCES

SET
Time: 0 hrs, 0 mins, 0 secs, 8 ms
CREATE TABLE
Time: 0 hrs, 3 mins, 42 secs, 866 ms
ANALYZE
Time: 0 hrs, 0 mins, 0 secs, 538 ms
 tmp_a_count 
-------------
      977746
(1 row)

Time: 0 hrs, 0 mins, 3 secs, 783 ms
UPDATE 0
Time: 0 hrs, 0 mins, 16 secs, 345 ms
ANALYZE
Time: 0 hrs, 0 mins, 2 secs, 103 ms
TRUNCATE
Time: 0 hrs, 0 mins, 5 secs, 231 ms
INSERT 0 73057
Time: 0 hrs, 0 mins, 19 secs, 916 ms
ANALYZE
Time: 0 hrs, 0 mins, 3 secs, 957 ms
 first_resource_id | last_resource_id 
-------------------+------------------
          58497052 |         58570108
(1 row)

Time: 0 hrs, 0 mins, 4 secs, 944 ms
INSERT 0 73057
Time: 0 hrs, 0 mins, 1 secs, 415 ms
 total_resources 
-----------------
        58545645
(1 row)

Time: 0 hrs, 0 mins, 0 secs, 493 ms
ANALYZE
Time: 0 hrs, 0 mins, 0 secs, 510 ms
END
Time: 0 hrs, 0 mins, 29 secs, 385 ms
VACUUM
Time: 0 hrs, 1 mins, 30 secs, 943 ms

Mon Nov 28 05:41:09 EST 2011

Timing is on.

           650 - LOAD_BN_SESSION_STAGE

BEGIN
Time: 0 hrs, 0 mins, 1 secs, 297 ms
SET
Time: 0 hrs, 0 mins, 0 secs, 6 ms
SET
Time: 0 hrs, 0 mins, 0 secs, 11 ms
CREATE TABLE
Time: 0 hrs, 3 mins, 43 secs, 760 ms
ANALYZE
Time: 0 hrs, 0 mins, 2 secs, 760 ms
 tmp_sessionized_stage 
-----------------------
              27560673
(1 row)

Time: 0 hrs, 0 mins, 1 secs, 644 ms
TRUNCATE
Time: 0 hrs, 0 mins, 11 secs, 705 ms
INSERT 0 3990859
Time: 0 hrs, 1 mins, 43 secs, 173 ms
ANALYZE
Time: 0 hrs, 0 mins, 7 secs, 241 ms
CREATE TABLE
Time: 0 hrs, 7 mins, 5 secs, 753 ms
CREATE INDEX
Time: 0 hrs, 0 mins, 0 secs, 410 ms
 tmp_first_last 
----------------
        3990859
(1 row)

Time: 0 hrs, 0 mins, 0 secs, 152 ms
ANALYZE
Time: 0 hrs, 0 mins, 0 secs, 951 ms
SET
Time: 0 hrs, 0 mins, 0 secs, 10 ms
SET
Time: 0 hrs, 0 mins, 0 secs, 10 ms
TRUNCATE
Time: 0 hrs, 0 mins, 1 secs, 576 ms
DROP 
Time: 0 hrs, 0 mins, 0 secs, 716 ms
INSERT 0 3990859
Time: 0 hrs, 0 mins, 10 secs, 466 ms
 bn_session_stage 
------------------
          3990859
(1 row)

Time: 0 hrs, 0 mins, 2 secs, 393 ms
CREATE INDEX
Time: 0 hrs, 0 mins, 2 secs, 262 ms
ANALYZE
Time: 0 hrs, 0 mins, 1 secs, 223 ms
TRUNCATE
Time: 0 hrs, 0 mins, 3 secs, 434 ms
END
Time: 0 hrs, 0 mins, 20 secs, 467 ms

Mon Nov 28 05:54:50 EST 2011

BEGIN

           660 - LOAD_BN_SESSION_UPDATE_STAGE

SET
TRUNCATE
INSERT 0 0
END

Mon Nov 28 05:55:34 EST 2011

Timing is on.

           670 - LOAD_BN_SESSION_20111126.UPDATES

BEGIN
Time: 0 hrs, 0 mins, 0 secs, 301 ms
SET
Time: 0 hrs, 0 mins, 0 secs, 7 ms
UPDATE 0
Time: 0 hrs, 0 mins, 0 secs, 319 ms
END
Time: 0 hrs, 0 mins, 45 secs, 696 ms
VACUUM
Time: 0 hrs, 0 mins, 44 secs, 959 ms

Mon Nov 28 05:57:05 EST 2011

Timing is on.

           700 - LOAD_BN_SESSION

BEGIN
Time: 0 hrs, 0 mins, 0 secs, 124 ms
SET
Time: 0 hrs, 0 mins, 0 secs, 5 ms
INSERT 0 3990859
Time: 0 hrs, 1 mins, 21 secs, 727 ms
ANALYZE
Time: 0 hrs, 0 mins, 1 secs, 293 ms
END
Time: 0 hrs, 0 mins, 54 secs, 951 ms

Mon Nov 28 05:59:24 EST 2011

Timing is on.

            750 - LOAD_BN_SESSION_SUMMARY   

BEGIN
Time: 0 hrs, 0 mins, 0 secs, 238 ms
SET
Time: 0 hrs, 0 mins, 0 secs, 6 ms
CREATE TABLE
Time: 0 hrs, 0 mins, 30 secs, 362 ms
TRUNCATE
Time: 0 hrs, 0 mins, 15 secs, 592 ms
INSERT 0 598601
Time: 0 hrs, 0 mins, 8 secs, 752 ms
ANALYZE
Time: 0 hrs, 0 mins, 3 secs, 974 ms
 count(1) 
----------
   598601
(1 row)

Time: 0 hrs, 0 mins, 2 secs, 14 ms
END
Time: 0 hrs, 0 mins, 20 secs, 223 ms

Mon Nov 28 06:00:45 EST 2011

Timing is on.

           800 - LOAD_BN_HITS

BEGIN
Time: 0 hrs, 0 mins, 25 secs, 885 ms
SET
Time: 0 hrs, 0 mins, 0 secs, 9 ms
SET
Time: 0 hrs, 0 mins, 0 secs, 29 ms
SET
Time: 0 hrs, 0 mins, 0 secs, 24 ms
SET
Time: 0 hrs, 0 mins, 0 secs, 16 ms
TRUNCATE
Time: 0 hrs, 0 mins, 15 secs, 424 ms
INSERT 0 27560673
Time: 0 hrs, 0 mins, 17 secs, 596 ms
 count(1) 
----------
 27560673
(1 row)

Time: 0 hrs, 0 mins, 10 secs, 583 ms
ANALYZE
Time: 0 hrs, 0 mins, 3 secs, 933 ms
END
Time: 0 hrs, 1 mins, 14 secs, 566 ms

Mon Nov 28 06:03:14 EST 2011

Timing is on.

            900 - LOAD_CLICKSTREAM   

BEGIN
Time: 0 hrs, 0 mins, 12 secs, 576 ms
SET
Time: 0 hrs, 0 mins, 0 secs, 8 ms
TRUNCATE
Time: 0 hrs, 0 mins, 4 secs, 162 ms
INSERT 0 27560673
Time: 0 hrs, 12 mins, 55 secs, 492 ms
 count(1) 
----------
 27560673
(1 row)

Time: 0 hrs, 0 mins, 2 secs, 86 ms
ANALYZE
Time: 0 hrs, 0 mins, 2 secs, 729 ms
END
Time: 0 hrs, 0 mins, 30 secs, 603 ms

Mon Nov 28 06:17:02 EST 2011

Timing is on.

            1000 - PAGE_VIEW_SUMMARY  

BEGIN
Time: 0 hrs, 0 mins, 0 secs, 339 ms
SET
Time: 0 hrs, 0 mins, 0 secs, 7 ms
SET
Time: 0 hrs, 0 mins, 0 secs, 20 ms
TRUNCATE
Time: 0 hrs, 0 mins, 4 secs, 71 ms
INSERT 0 995246
Time: 0 hrs, 1 mins, 2 secs, 376 ms
 count(1) 
----------
   995246
(1 row)

Time: 0 hrs, 0 mins, 5 secs, 272 ms
ANALYZE
Time: 0 hrs, 0 mins, 8 secs, 880 ms
END
Time: 0 hrs, 0 mins, 53 secs, 730 ms

Mon Nov 28 06:19:17 EST 2011


2000 - WRAP UP 

Timing is on.
BEGIN
Time: 0 hrs, 0 mins, 26 secs, 675 ms
TRUNCATE
Time: 0 hrs, 0 mins, 8 secs, 365 ms
TRUNCATE
Time: 0 hrs, 0 mins, 9 secs, 785 ms
END
Time: 0 hrs, 0 mins, 58 secs, 21 ms
Mon Nov 28 06:20:59 EST 2011
Removing lock file and waiting for a minute
Total time taken:  84  minutes.
Running time of run.sh 20111126: 84 minutes
