Checking for lock file /tmp/.iislock
Acquired lock file /tmp/.iislock
-------------------------------------
Processing for 20110408
-------------------------------------

Sat Apr 9 05:52:00 EDT 2011

Timing is on.

           000 - INIT

BEGIN
Time: 0 hrs, 0 mins, 0 secs, 716 ms
*** Truncating staging tables before workflow starts ***
SET
Time: 0 hrs, 0 mins, 0 secs, 16 ms
GRANT
Time: 0 hrs, 0 mins, 2 secs, 949 ms
END
Time: 0 hrs, 0 mins, 0 secs, 775 ms

Sat Apr 9 05:52:05 EDT 2011

Timing is on.

            200 - LOAD_BN_IISLOGS   

BEGIN
Time: 0 hrs, 0 mins, 0 secs, 686 ms
SET
Time: 0 hrs, 0 mins, 0 secs, 8 ms
TRUNCATE
Time: 0 hrs, 0 mins, 0 secs, 774 ms
INSERT 0 44062387
Time: 0 hrs, 31 mins, 10 secs, 604 ms
END
Time: 0 hrs, 0 mins, 9 secs, 668 ms
ALTER TABLE
Time: 0 hrs, 26 mins, 32 secs, 402 ms

Sat Apr 9 06:49:59 EDT 2011

Timing is on.
BEGIN
Time: 0 hrs, 0 mins, 4 secs, 163 ms
SET
Time: 0 hrs, 0 mins, 0 secs, 14 ms

            250 - LOAD_BN_HITS_SP   

TRUNCATE
Time: 0 hrs, 0 mins, 5 secs, 608 ms
INSERT 0 14644940
Time: 0 hrs, 2 mins, 20 secs, 427 ms
ANALYZE
Time: 0 hrs, 0 mins, 51 secs, 552 ms
END
Time: 0 hrs, 1 mins, 29 secs, 249 ms

Sat Apr 9 06:54:50 EDT 2011

Timing is on.
BEGIN
Time: 0 hrs, 0 mins, 2 secs, 727 ms
SET
Time: 0 hrs, 0 mins, 0 secs, 10 ms

           300 - DYNAMIC FILTER

TRUNCATE
Time: 0 hrs, 0 mins, 1 secs, 644 ms
INSERT 0 8557953
Time: 0 hrs, 0 mins, 7 secs, 964 ms
ANALYZE
Time: 0 hrs, 0 mins, 2 secs, 643 ms
 Total records in web_click_cnt 
--------------------------------
                        8557953
(1 row)

Time: 0 hrs, 0 mins, 2 secs, 278 ms
CREATE TABLE
Time: 0 hrs, 0 mins, 6 secs, 18 ms
ANALYZE
Time: 0 hrs, 0 mins, 0 secs, 146 ms
CREATE TABLE
Time: 0 hrs, 0 mins, 0 secs, 837 ms
ANALYZE
Time: 0 hrs, 0 mins, 0 secs, 109 ms
DELETE 1
Time: 0 hrs, 0 mins, 0 secs, 200 ms
INSERT 0 1
Time: 0 hrs, 0 mins, 0 secs, 344 ms
DELETE 1
Time: 0 hrs, 0 mins, 0 secs, 96 ms
INSERT 0 1
Time: 0 hrs, 0 mins, 0 secs, 409 ms
CREATE TABLE
Time: 0 hrs, 0 mins, 3 secs, 768 ms
ANALYZE
Time: 0 hrs, 0 mins, 0 secs, 152 ms
CREATE TABLE
Time: 0 hrs, 0 mins, 1 secs, 162 ms
ANALYZE
Time: 0 hrs, 0 mins, 0 secs, 99 ms
DELETE 1
Time: 0 hrs, 0 mins, 0 secs, 107 ms
INSERT 0 1
Time: 0 hrs, 0 mins, 0 secs, 387 ms
DELETE 1
Time: 0 hrs, 0 mins, 0 secs, 320 ms
INSERT 0 1
Time: 0 hrs, 0 mins, 0 secs, 734 ms
ANALYZE
Time: 0 hrs, 0 mins, 0 secs, 126 ms
    tablename     |    attr_name    | attr_value 
------------------+-----------------+------------
 BN_FILTER_SPIDER | CLK_USER_SD_MPL | 10
 BN_FILTER_SPIDER | IP_USER_SD_MPL  | 1
 BN_FILTER_SPIDER | IP_USER_RATIO   | .955
 BN_FILTER_SPIDER | CLK_USER_MEAN   | 16.948
 BN_FILTER_SPIDER | CLK_USER_SD     | 365.103
 BN_FILTER_SPIDER | IP_USER_MEAN    | 14.962
 BN_FILTER_SPIDER | IP_USER_SD      | 1761.236
(7 rows)

Time: 0 hrs, 0 mins, 0 secs, 824 ms
CREATE TABLE
Time: 0 hrs, 0 mins, 3 secs, 802 ms
CREATE TABLE
Time: 0 hrs, 0 mins, 0 secs, 762 ms
 l_mean_sd_mpl 
---------------
      3667.978
(1 row)

Time: 0 hrs, 0 mins, 0 secs, 365 ms
TRUNCATE
Time: 0 hrs, 0 mins, 2 secs, 39 ms
INSERT 0 25
Time: 0 hrs, 0 mins, 4 secs, 676 ms
ANALYZE
Time: 0 hrs, 0 mins, 0 secs, 213 ms
 Total click_user bn_spider_ip records 
---------------------------------------
                                    25
(1 row)

Time: 0 hrs, 0 mins, 0 secs, 265 ms
CREATE TABLE
Time: 0 hrs, 0 mins, 2 secs, 901 ms
ANALYZE
Time: 0 hrs, 0 mins, 0 secs, 43 ms
CREATE TABLE
Time: 0 hrs, 0 mins, 1 secs, 941 ms
ANALYZE
Time: 0 hrs, 0 mins, 0 secs, 376 ms
DROP 
Time: 0 hrs, 0 mins, 0 secs, 375 ms
CREATE TABLE
Time: 0 hrs, 0 mins, 1 secs, 390 ms
 l_mean_sd_mpl | l_ratio 
---------------+---------
      1776.198 |   0.955
(1 row)

Time: 0 hrs, 0 mins, 0 secs, 241 ms
INSERT 0 6956849
Time: 0 hrs, 0 mins, 5 secs, 466 ms
ANALYZE
Time: 0 hrs, 0 mins, 0 secs, 409 ms
 Total ip_user_filter bn_spider_ip records 
-------------------------------------------
                                   6956849
(1 row)

Time: 0 hrs, 0 mins, 0 secs, 442 ms
TRUNCATE
Time: 0 hrs, 0 mins, 1 secs, 332 ms
INSERT 0 14595393
Time: 0 hrs, 0 mins, 25 secs, 908 ms
ANALYZE
Time: 0 hrs, 0 mins, 5 secs, 52 ms
 bn_hits_stage 
---------------
      14595393
(1 row)

Time: 0 hrs, 0 mins, 0 secs, 303 ms
INSERT 0 9421362
Time: 0 hrs, 0 mins, 59 secs, 261 ms
ANALYZE
Time: 0 hrs, 0 mins, 15 secs, 108 ms
 bn_hits_sp_20110408 
---------------------
            24066302
(1 row)

Time: 0 hrs, 0 mins, 2 secs, 420 ms
TRUNCATE
Time: 0 hrs, 0 mins, 2 secs, 684 ms
INSERT 0 5400692
Time: 0 hrs, 0 mins, 8 secs, 600 ms
ANALYZE
Time: 0 hrs, 0 mins, 2 secs, 366 ms
 bn_hits_client_20110408 
-------------------------
                 5400692
(1 row)

Time: 0 hrs, 0 mins, 0 secs, 123 ms
END
Time: 0 hrs, 0 mins, 19 secs, 921 ms

Sat Apr 9 06:58:13 EDT 2011

Timing is on.
BEGIN
Time: 0 hrs, 0 mins, 2 secs, 407 ms

           600 - LOAD RESOURCES

SET
Time: 0 hrs, 0 mins, 0 secs, 10 ms
CREATE TABLE
Time: 0 hrs, 0 mins, 14 secs, 155 ms
ANALYZE
Time: 0 hrs, 0 mins, 0 secs, 496 ms
 tmp_a_count 
-------------
       28820
(1 row)

Time: 0 hrs, 0 mins, 0 secs, 94 ms
UPDATE 0
Time: 0 hrs, 0 mins, 1 secs, 833 ms
ANALYZE
Time: 0 hrs, 0 mins, 0 secs, 659 ms
TRUNCATE
Time: 0 hrs, 0 mins, 1 secs, 125 ms
INSERT 0 2857
Time: 0 hrs, 0 mins, 8 secs, 210 ms
ANALYZE
Time: 0 hrs, 0 mins, 0 secs, 429 ms
 first_resource_id | last_resource_id 
-------------------+------------------
          13285343 |         13288199
(1 row)

Time: 0 hrs, 0 mins, 0 secs, 363 ms
INSERT 0 2857
Time: 0 hrs, 0 mins, 1 secs, 271 ms
 total_resources 
-----------------
        13263804
(1 row)

Time: 0 hrs, 0 mins, 0 secs, 133 ms
ANALYZE
Time: 0 hrs, 0 mins, 0 secs, 631 ms
END
Time: 0 hrs, 0 mins, 3 secs, 472 ms
VACUUM
Time: 0 hrs, 0 mins, 26 secs, 934 ms

Sat Apr 9 06:59:15 EDT 2011

Timing is on.

           650 - LOAD_BN_SESSION_STAGE

BEGIN
Time: 0 hrs, 0 mins, 0 secs, 716 ms
SET
Time: 0 hrs, 0 mins, 0 secs, 8 ms
SET
Time: 0 hrs, 0 mins, 0 secs, 14 ms
CREATE TABLE
Time: 0 hrs, 0 mins, 39 secs, 691 ms
ANALYZE
Time: 0 hrs, 0 mins, 3 secs, 341 ms
 tmp_sessionized_stage 
-----------------------
              14595393
(1 row)

Time: 0 hrs, 0 mins, 0 secs, 278 ms
TRUNCATE
Time: 0 hrs, 0 mins, 0 secs, 973 ms
INSERT 0 1247291
Time: 0 hrs, 0 mins, 22 secs, 496 ms
ANALYZE
Time: 0 hrs, 0 mins, 2 secs, 691 ms
CREATE TABLE
Time: 0 hrs, 4 mins, 25 secs, 220 ms
CREATE INDEX
Time: 0 hrs, 0 mins, 1 secs, 749 ms
 tmp_first_last 
----------------
        1247291
(1 row)

Time: 0 hrs, 0 mins, 2 secs, 332 ms
ANALYZE
Time: 0 hrs, 0 mins, 1 secs, 85 ms
SET
Time: 0 hrs, 0 mins, 0 secs, 26 ms
SET
Time: 0 hrs, 0 mins, 0 secs, 16 ms
TRUNCATE
Time: 0 hrs, 0 mins, 5 secs, 819 ms
DROP
Time: 0 hrs, 0 mins, 0 secs, 708 ms
INSERT 0 1247291
Time: 0 hrs, 0 mins, 9 secs, 356 ms
 bn_session_stage 
------------------
          1247291
(1 row)

Time: 0 hrs, 0 mins, 2 secs, 664 ms
CREATE INDEX
Time: 0 hrs, 0 mins, 2 secs, 363 ms
ANALYZE
Time: 0 hrs, 0 mins, 1 secs, 120 ms
TRUNCATE
Time: 0 hrs, 0 mins, 4 secs, 178 ms
END
Time: 0 hrs, 2 mins, 29 secs, 541 ms

Sat Apr 9 07:07:52 EDT 2011

BEGIN

           660 - LOAD_BN_SESSION_UPDATE_STAGE

SET
TRUNCATE
INSERT 0 0
END

Sat Apr 9 07:10:51 EDT 2011

Timing is on.

           670 - LOAD_BN_SESSION_20110408.UPDATES

BEGIN
Time: 0 hrs, 0 mins, 5 secs, 185 ms
SET
Time: 0 hrs, 0 mins, 0 secs, 20 ms
UPDATE 0
Time: 0 hrs, 0 mins, 1 secs, 947 ms
END
Time: 0 hrs, 4 mins, 41 secs, 393 ms
VACUUM
Time: 0 hrs, 1 mins, 47 secs, 510 ms

Sat Apr 9 07:17:27 EDT 2011

Timing is on.

           700 - LOAD_BN_SESSION

BEGIN
Time: 0 hrs, 0 mins, 3 secs, 504 ms
SET
Time: 0 hrs, 0 mins, 0 secs, 9 ms
INSERT 0 1247291
Time: 0 hrs, 0 mins, 19 secs, 729 ms
ANALYZE
Time: 0 hrs, 0 mins, 1 secs, 25 ms
END
Time: 0 hrs, 0 mins, 42 secs, 832 ms

Sat Apr 9 07:18:35 EDT 2011

Timing is on.

            750 - LOAD_BN_SESSION_SUMMARY   

BEGIN
Time: 0 hrs, 0 mins, 0 secs, 953 ms
SET
Time: 0 hrs, 0 mins, 0 secs, 10 ms
CREATE TABLE
Time: 0 hrs, 0 mins, 9 secs, 156 ms
TRUNCATE
Time: 0 hrs, 0 mins, 0 secs, 908 ms
INSERT 0 147945
Time: 0 hrs, 0 mins, 4 secs, 635 ms
ANALYZE
Time: 0 hrs, 0 mins, 0 secs, 776 ms
 count(1) 
----------
   147945
(1 row)

Time: 0 hrs, 0 mins, 0 secs, 100 ms
END
Time: 0 hrs, 0 mins, 1 secs, 546 ms

Sat Apr 9 07:18:53 EDT 2011

Timing is on.

           800 - LOAD_BN_HITS

BEGIN
Time: 0 hrs, 0 mins, 0 secs, 818 ms
SET
Time: 0 hrs, 0 mins, 0 secs, 9 ms
SET
Time: 0 hrs, 0 mins, 0 secs, 14 ms
SET
Time: 0 hrs, 0 mins, 0 secs, 15 ms
SET
Time: 0 hrs, 0 mins, 0 secs, 15 ms
TRUNCATE
Time: 0 hrs, 6 mins, 46 secs, 511 ms
INSERT 0 14595393
Time: 0 hrs, 0 mins, 9 secs, 552 ms
 count(1) 
----------
 14595393
(1 row)

Time: 0 hrs, 0 mins, 0 secs, 521 ms
ANALYZE
Time: 0 hrs, 0 mins, 5 secs, 671 ms
END
Time: 0 hrs, 0 mins, 3 secs, 477 ms

Sat Apr 9 07:26:00 EDT 2011

Timing is on.

            900 - LOAD_CLICKSTREAM   

BEGIN
Time: 0 hrs, 0 mins, 1 secs, 127 ms
SET
Time: 0 hrs, 0 mins, 0 secs, 10 ms
TRUNCATE
Time: 0 hrs, 0 mins, 0 secs, 793 ms
INSERT 0 14595393
Time: 0 hrs, 3 mins, 38 secs, 664 ms
 count(1) 
----------
 14595393
(1 row)

Time: 0 hrs, 0 mins, 1 secs, 131 ms
ANALYZE
Time: 0 hrs, 0 mins, 1 secs, 637 ms
END
Time: 0 hrs, 0 mins, 16 secs, 885 ms

Sat Apr 9 07:30:01 EDT 2011

Timing is on.

            1000 - PAGE_VIEW_SUMMARY  

BEGIN
Time: 0 hrs, 0 mins, 0 secs, 775 ms
SET
Time: 0 hrs, 0 mins, 0 secs, 8 ms
SET
Time: 0 hrs, 0 mins, 0 secs, 17 ms
TRUNCATE
Time: 0 hrs, 0 mins, 1 secs, 29 ms
INSERT 0 34516
Time: 0 hrs, 0 mins, 6 secs, 633 ms
 count(1) 
----------
    34516
(1 row)

Time: 0 hrs, 0 mins, 0 secs, 303 ms
ANALYZE
Time: 0 hrs, 0 mins, 0 secs, 148 ms
END
Time: 0 hrs, 1 mins, 3 secs, 102 ms

Sat Apr 9 07:31:13 EDT 2011


2000 - WRAP UP 

Timing is on.
BEGIN
Time: 0 hrs, 0 mins, 18 secs, 322 ms
TRUNCATE
Time: 0 hrs, 0 mins, 3 secs, 429 ms
TRUNCATE
Time: 0 hrs, 0 mins, 7 secs, 394 ms
END
Time: 0 hrs, 1 mins, 3 secs, 771 ms
Sat Apr 9 07:32:46 EDT 2011
Removing lock file and waiting for a minute
Checking for lock file /tmp/.iislock
Acquired lock file /tmp/.iislock
-------------------------------------
Processing for 20110408
-------------------------------------

Sun Apr 10 07:14:12 EDT 2011

Timing is on.

           000 - INIT

BEGIN
Time: 0 hrs, 0 mins, 1 secs, 682 ms
*** Truncating staging tables before workflow starts ***
SET
Time: 0 hrs, 0 mins, 0 secs, 11 ms
GRANT
Time: 0 hrs, 0 mins, 6 secs, 281 ms
END
Time: 0 hrs, 0 mins, 1 secs, 14 ms

Sun Apr 10 07:14:21 EDT 2011

Timing is on.

            200 - LOAD_BN_IISLOGS   

BEGIN
Time: 0 hrs, 0 mins, 0 secs, 672 ms
SET
Time: 0 hrs, 0 mins, 0 secs, 7 ms
TRUNCATE
Time: 0 hrs, 0 mins, 0 secs, 818 ms
INSERT 0 59132269
Time: 0 hrs, 8 mins, 51 secs, 494 ms
END
Time: 0 hrs, 0 mins, 10 secs, 98 ms
ALTER TABLE
Time: 0 hrs, 0 mins, 2 secs, 670 ms

Sun Apr 10 07:23:27 EDT 2011

Timing is on.
BEGIN
Time: 0 hrs, 0 mins, 1 secs, 807 ms
SET
Time: 0 hrs, 0 mins, 0 secs, 9 ms

            250 - LOAD_BN_HITS_SP   

TRUNCATE
Time: 0 hrs, 0 mins, 2 secs, 370 ms
INSERT 0 19333409
Time: 0 hrs, 2 mins, 11 secs, 153 ms
ANALYZE
Time: 0 hrs, 0 mins, 3 secs, 44 ms
END
Time: 0 hrs, 0 mins, 3 secs, 242 ms

Sun Apr 10 07:25:49 EDT 2011

Timing is on.
BEGIN
Time: 0 hrs, 0 mins, 0 secs, 731 ms
SET
Time: 0 hrs, 0 mins, 0 secs, 10 ms

           300 - DYNAMIC FILTER

TRUNCATE
Time: 0 hrs, 0 mins, 0 secs, 704 ms
INSERT 0 11052719
Time: 0 hrs, 0 mins, 2 secs, 585 ms
ANALYZE
Time: 0 hrs, 0 mins, 0 secs, 532 ms
 Total records in web_click_cnt 
--------------------------------
                       11052719
(1 row)

Time: 0 hrs, 0 mins, 0 secs, 740 ms
CREATE TABLE
Time: 0 hrs, 8 mins, 11 secs, 773 ms
ANALYZE
Time: 0 hrs, 0 mins, 0 secs, 151 ms
CREATE TABLE
Time: 0 hrs, 0 mins, 2 secs, 286 ms
ANALYZE
Time: 0 hrs, 0 mins, 0 secs, 128 ms
DELETE 1
Time: 0 hrs, 0 mins, 1 secs, 584 ms
INSERT 0 1
Time: 0 hrs, 0 mins, 0 secs, 840 ms
DELETE 1
Time: 0 hrs, 0 mins, 0 secs, 83 ms
INSERT 0 1
Time: 0 hrs, 0 mins, 0 secs, 586 ms
CREATE TABLE
Time: 0 hrs, 1 mins, 34 secs, 521 ms
ANALYZE
Time: 0 hrs, 0 mins, 0 secs, 274 ms
CREATE TABLE
Time: 0 hrs, 0 mins, 4 secs, 143 ms
ANALYZE
Time: 0 hrs, 0 mins, 0 secs, 87 ms
DELETE 1
Time: 0 hrs, 0 mins, 0 secs, 139 ms
INSERT 0 1
Time: 0 hrs, 0 mins, 0 secs, 449 ms
DELETE 1
Time: 0 hrs, 0 mins, 0 secs, 117 ms
INSERT 0 1
Time: 0 hrs, 0 mins, 0 secs, 428 ms
ANALYZE
Time: 0 hrs, 0 mins, 0 secs, 531 ms
    tablename     |    attr_name    | attr_value 
------------------+-----------------+------------
 BN_FILTER_SPIDER | CLK_USER_SD_MPL | 10
 BN_FILTER_SPIDER | IP_USER_SD_MPL  | 1
 BN_FILTER_SPIDER | IP_USER_RATIO   | .955
 BN_FILTER_SPIDER | CLK_USER_MEAN   | 17.780
 BN_FILTER_SPIDER | CLK_USER_SD     | 394.175
 BN_FILTER_SPIDER | IP_USER_MEAN    | 14.789
 BN_FILTER_SPIDER | IP_USER_SD      | 2039.342
(7 rows)

Time: 0 hrs, 0 mins, 0 secs, 555 ms
CREATE TABLE
Time: 0 hrs, 0 mins, 13 secs, 729 ms
CREATE TABLE
Time: 0 hrs, 0 mins, 1 secs, 735 ms
 l_mean_sd_mpl 
---------------
      3959.530
(1 row)

Time: 0 hrs, 0 mins, 0 secs, 619 ms
TRUNCATE
Time: 0 hrs, 0 mins, 3 secs, 84 ms
INSERT 0 28
Time: 0 hrs, 0 mins, 9 secs, 533 ms
ANALYZE
Time: 0 hrs, 0 mins, 0 secs, 219 ms
 Total click_user bn_spider_ip records 
---------------------------------------
                                    28
(1 row)

Time: 0 hrs, 0 mins, 0 secs, 440 ms
CREATE TABLE
Time: 0 hrs, 0 mins, 4 secs, 173 ms
ANALYZE
Time: 0 hrs, 0 mins, 0 secs, 57 ms
CREATE TABLE
Time: 0 hrs, 0 mins, 4 secs, 318 ms
ANALYZE
Time: 0 hrs, 0 mins, 0 secs, 537 ms
DROP 
Time: 0 hrs, 0 mins, 0 secs, 458 ms
CREATE TABLE
Time: 0 hrs, 0 mins, 5 secs, 6 ms
 l_mean_sd_mpl | l_ratio 
---------------+---------
      2054.131 |   0.955
(1 row)

Time: 0 hrs, 0 mins, 0 secs, 308 ms
INSERT 0 8991554
Time: 0 hrs, 0 mins, 7 secs, 72 ms
ANALYZE
Time: 0 hrs, 0 mins, 1 secs, 70 ms
 Total ip_user_filter bn_spider_ip records 
-------------------------------------------
                                   8991554
(1 row)

Time: 0 hrs, 0 mins, 0 secs, 935 ms
TRUNCATE
Time: 0 hrs, 0 mins, 2 secs, 0 ms
INSERT 0 19639962
Time: 0 hrs, 0 mins, 28 secs, 638 ms
ANALYZE
Time: 0 hrs, 0 mins, 8 secs, 104 ms
 bn_hits_stage 
---------------
      19639962
(1 row)

Time: 0 hrs, 0 mins, 2 secs, 947 ms
INSERT 0 12101034
Time: 0 hrs, 1 mins, 40 secs, 888 ms
ANALYZE
Time: 0 hrs, 0 mins, 8 secs, 403 ms
 bn_hits_sp_20110408 
---------------------
            31434443
(1 row)

Time: 0 hrs, 0 mins, 4 secs, 887 ms
TRUNCATE
Time: 0 hrs, 0 mins, 1 secs, 360 ms
INSERT 0 8057864
Time: 0 hrs, 0 mins, 7 secs, 122 ms
ANALYZE
Time: 0 hrs, 0 mins, 2 secs, 848 ms
 bn_hits_client_20110408 
-------------------------
                 8057864
(1 row)

Time: 0 hrs, 0 mins, 0 secs, 947 ms
END
Time: 0 hrs, 0 mins, 17 secs, 685 ms

Sun Apr 10 07:39:53 EDT 2011

Timing is on.
BEGIN
Time: 0 hrs, 0 mins, 1 secs, 28 ms

           600 - LOAD RESOURCES

SET
Time: 0 hrs, 0 mins, 0 secs, 15 ms
CREATE TABLE
Time: 0 hrs, 0 mins, 17 secs, 381 ms
ANALYZE
Time: 0 hrs, 0 mins, 0 secs, 989 ms
 tmp_a_count 
-------------
       37085
(1 row)

Time: 0 hrs, 0 mins, 0 secs, 473 ms
UPDATE 0
Time: 0 hrs, 0 mins, 1 secs, 970 ms
ANALYZE
Time: 0 hrs, 0 mins, 0 secs, 932 ms
TRUNCATE
Time: 0 hrs, 0 mins, 1 secs, 305 ms
INSERT 0 995
Time: 0 hrs, 0 mins, 5 secs, 807 ms
ANALYZE
Time: 0 hrs, 0 mins, 1 secs, 24 ms
 first_resource_id | last_resource_id 
-------------------+------------------
          13292613 |         13293607
(1 row)

Time: 0 hrs, 0 mins, 0 secs, 197 ms
INSERT 0 995
Time: 0 hrs, 0 mins, 0 secs, 842 ms
 total_resources 
-----------------
        13269212
(1 row)

Time: 0 hrs, 0 mins, 0 secs, 175 ms
ANALYZE
Time: 0 hrs, 0 mins, 2 secs, 5 ms
END
Time: 0 hrs, 0 mins, 17 secs, 138 ms
VACUUM
Time: 0 hrs, 0 mins, 50 secs, 658 ms

Sun Apr 10 07:41:35 EDT 2011

Timing is on.

           650 - LOAD_BN_SESSION_STAGE

BEGIN
Time: 0 hrs, 0 mins, 3 secs, 78 ms
SET
Time: 0 hrs, 0 mins, 0 secs, 10 ms
SET
Time: 0 hrs, 0 mins, 0 secs, 116 ms
CREATE TABLE
Time: 0 hrs, 0 mins, 53 secs, 657 ms
ANALYZE
Time: 0 hrs, 0 mins, 3 secs, 227 ms
 tmp_sessionized_stage 
-----------------------
              19639962
(1 row)

Time: 0 hrs, 0 mins, 0 secs, 714 ms
TRUNCATE
Time: 0 hrs, 0 mins, 0 secs, 715 ms
INSERT 0 1625002
Time: 0 hrs, 0 mins, 20 secs, 105 ms
ANALYZE
Time: 0 hrs, 0 mins, 0 secs, 540 ms
CREATE TABLE
Time: 0 hrs, 0 mins, 57 secs, 485 ms
CREATE INDEX
Time: 0 hrs, 0 mins, 1 secs, 906 ms
 tmp_first_last 
----------------
        1625002
(1 row)

Time: 0 hrs, 0 mins, 0 secs, 996 ms
ANALYZE
Time: 0 hrs, 0 mins, 0 secs, 773 ms
SET
Time: 0 hrs, 0 mins, 0 secs, 23 ms
SET
Time: 0 hrs, 0 mins, 0 secs, 30 ms
TRUNCATE
Time: 0 hrs, 0 mins, 4 secs, 24 ms
DROP
Time: 0 hrs, 0 mins, 0 secs, 568 ms
INSERT 0 1625002
Time: 0 hrs, 0 mins, 8 secs, 410 ms
 bn_session_stage 
------------------
          1625002
(1 row)

Time: 0 hrs, 0 mins, 3 secs, 934 ms
CREATE INDEX
Time: 0 hrs, 0 mins, 5 secs, 191 ms
ANALYZE
Time: 0 hrs, 0 mins, 3 secs, 65 ms
TRUNCATE
Time: 0 hrs, 0 mins, 6 secs, 767 ms
END
Time: 0 hrs, 1 mins, 56 secs, 545 ms

Sun Apr 10 07:46:27 EDT 2011

BEGIN

           660 - LOAD_BN_SESSION_UPDATE_STAGE

SET
TRUNCATE
INSERT 0 0
END

Sun Apr 10 07:47:36 EDT 2011

Timing is on.

           670 - LOAD_BN_SESSION_20110408.UPDATES

BEGIN
Time: 0 hrs, 0 mins, 1 secs, 764 ms
SET
Time: 0 hrs, 0 mins, 0 secs, 10 ms
UPDATE 0
Time: 0 hrs, 0 mins, 1 secs, 318 ms
END
Time: 0 hrs, 0 mins, 47 secs, 801 ms
VACUUM
Time: 0 hrs, 1 mins, 3 secs, 415 ms

Sun Apr 10 07:49:31 EDT 2011

Timing is on.

           700 - LOAD_BN_SESSION

BEGIN
Time: 0 hrs, 0 mins, 2 secs, 135 ms
SET
Time: 0 hrs, 0 mins, 0 secs, 11 ms
INSERT 0 1625002
Time: 0 hrs, 0 mins, 13 secs, 6 ms
ANALYZE
Time: 0 hrs, 0 mins, 0 secs, 680 ms
END
Time: 0 hrs, 0 mins, 3 secs, 961 ms

Sun Apr 10 07:49:51 EDT 2011

Timing is on.

            750 - LOAD_BN_SESSION_SUMMARY   

BEGIN
Time: 0 hrs, 0 mins, 0 secs, 688 ms
SET
Time: 0 hrs, 0 mins, 0 secs, 10 ms
CREATE TABLE
Time: 0 hrs, 0 mins, 5 secs, 123 ms
TRUNCATE
Time: 0 hrs, 0 mins, 0 secs, 667 ms
INSERT 0 180441
Time: 0 hrs, 0 mins, 6 secs, 471 ms
ANALYZE
Time: 0 hrs, 0 mins, 0 secs, 673 ms
 count(1) 
----------
   180441
(1 row)

Time: 0 hrs, 0 mins, 2 secs, 25 ms
END
Time: 0 hrs, 0 mins, 5 secs, 758 ms

Sun Apr 10 07:50:12 EDT 2011

Timing is on.

           800 - LOAD_BN_HITS

BEGIN
Time: 0 hrs, 0 mins, 0 secs, 787 ms
SET
Time: 0 hrs, 0 mins, 0 secs, 10 ms
SET
Time: 0 hrs, 0 mins, 0 secs, 16 ms
SET
Time: 0 hrs, 0 mins, 0 secs, 16 ms
SET
Time: 0 hrs, 0 mins, 0 secs, 16 ms
TRUNCATE
Time: 0 hrs, 0 mins, 0 secs, 800 ms
INSERT 0 19639962
Time: 0 hrs, 0 mins, 9 secs, 444 ms
 count(1) 
----------
 19639962
(1 row)

Time: 0 hrs, 0 mins, 0 secs, 645 ms
ANALYZE
Time: 0 hrs, 0 mins, 2 secs, 571 ms
END
Time: 0 hrs, 0 mins, 3 secs, 626 ms

Sun Apr 10 07:50:30 EDT 2011

Timing is on.

            900 - LOAD_CLICKSTREAM   

BEGIN
Time: 0 hrs, 0 mins, 0 secs, 950 ms
SET
Time: 0 hrs, 0 mins, 0 secs, 8 ms
TRUNCATE
Time: 0 hrs, 0 mins, 1 secs, 706 ms
INSERT 0 19639962
Time: 0 hrs, 1 mins, 16 secs, 90 ms
 count(1) 
----------
 19639962
(1 row)

Time: 0 hrs, 0 mins, 0 secs, 261 ms
ANALYZE
Time: 0 hrs, 0 mins, 1 secs, 69 ms
END
Time: 0 hrs, 0 mins, 2 secs, 328 ms

Sun Apr 10 07:51:53 EDT 2011

Timing is on.

            1000 - PAGE_VIEW_SUMMARY  

BEGIN
Time: 0 hrs, 0 mins, 1 secs, 598 ms
SET
Time: 0 hrs, 0 mins, 0 secs, 10 ms
SET
Time: 0 hrs, 0 mins, 0 secs, 18 ms
TRUNCATE
Time: 0 hrs, 0 mins, 1 secs, 218 ms
INSERT 0 43821
Time: 0 hrs, 0 mins, 5 secs, 487 ms
 count(1) 
----------
    43821
(1 row)

Time: 0 hrs, 0 mins, 0 secs, 129 ms
ANALYZE
Time: 0 hrs, 0 mins, 0 secs, 47 ms
END
Time: 0 hrs, 0 mins, 1 secs, 114 ms

Sun Apr 10 07:52:03 EDT 2011


2000 - WRAP UP 

Timing is on.
BEGIN
Time: 0 hrs, 0 mins, 0 secs, 759 ms
TRUNCATE
Time: 0 hrs, 0 mins, 1 secs, 186 ms
TRUNCATE
Time: 0 hrs, 0 mins, 0 secs, 399 ms
END
Time: 0 hrs, 0 mins, 0 secs, 857 ms
Sun Apr 10 07:52:06 EDT 2011
Removing lock file and waiting for a minute
