Checking for lock file /tmp/.iislock
Acquired lock file /tmp/.iislock
-------------------------------------
Processing for 20110126
-------------------------------------

Thu Jan 27 02:14:51 EST 2011

Timing is on.

           000 - INIT

BEGIN
Time: 0 hrs, 0 mins, 1 secs, 591 ms
*** Truncating staging tables before workflow starts ***
SET
Time: 0 hrs, 0 mins, 0 secs, 10 ms
GRANT
Time: 0 hrs, 0 mins, 5 secs, 95 ms
END
Time: 0 hrs, 0 mins, 6 secs, 289 ms

Thu Jan 27 02:15:04 EST 2011

Timing is on.

            200 - LOAD_BN_IISLOGS   

BEGIN
Time: 0 hrs, 0 mins, 2 secs, 705 ms
SET
Time: 0 hrs, 0 mins, 0 secs, 8 ms
TRUNCATE
Time: 0 hrs, 0 mins, 2 secs, 567 ms
INSERT 0 0
Time: 0 hrs, 0 mins, 5 secs, 581 ms
END
Time: 0 hrs, 0 mins, 9 secs, 346 ms
ALTER TABLE
Time: 0 hrs, 13 mins, 3 secs, 563 ms

Thu Jan 27 02:28:28 EST 2011

Timing is on.
BEGIN
Time: 0 hrs, 0 mins, 2 secs, 450 ms
SET
Time: 0 hrs, 0 mins, 0 secs, 7 ms

            250 - LOAD_BN_HITS_SP   

TRUNCATE
Time: 0 hrs, 0 mins, 7 secs, 118 ms
INSERT 0 0
Time: 0 hrs, 0 mins, 3 secs, 248 ms
ANALYZE
Time: 0 hrs, 0 mins, 0 secs, 29 ms
END
Time: 0 hrs, 0 mins, 19 secs, 693 ms

Thu Jan 27 02:29:01 EST 2011

Timing is on.
BEGIN
Time: 0 hrs, 0 mins, 1 secs, 787 ms
SET
Time: 0 hrs, 0 mins, 0 secs, 13 ms

           300 - DYNAMIC FILTER

TRUNCATE
Time: 0 hrs, 0 mins, 1 secs, 699 ms
INSERT 0 0
Time: 0 hrs, 0 mins, 0 secs, 330 ms
ANALYZE
Time: 0 hrs, 0 mins, 0 secs, 25 ms
 Total records in web_click_cnt 
--------------------------------
                              0
(1 row)

Time: 0 hrs, 0 mins, 0 secs, 387 ms
CREATE TABLE
Time: 0 hrs, 0 mins, 2 secs, 890 ms
ANALYZE
Time: 0 hrs, 0 mins, 0 secs, 28 ms
CREATE TABLE
Time: 0 hrs, 0 mins, 1 secs, 406 ms
ANALYZE
Time: 0 hrs, 0 mins, 0 secs, 34 ms
DELETE 1
Time: 0 hrs, 0 mins, 0 secs, 577 ms
INSERT 0 1
Time: 0 hrs, 0 mins, 0 secs, 563 ms
DELETE 1
Time: 0 hrs, 0 mins, 0 secs, 88 ms
INSERT 0 1
Time: 0 hrs, 0 mins, 0 secs, 424 ms
CREATE TABLE
Time: 0 hrs, 0 mins, 1 secs, 409 ms
ANALYZE
Time: 0 hrs, 0 mins, 0 secs, 22 ms
CREATE TABLE
Time: 0 hrs, 0 mins, 0 secs, 545 ms
ANALYZE
Time: 0 hrs, 0 mins, 0 secs, 29 ms
DELETE 1
Time: 0 hrs, 0 mins, 0 secs, 120 ms
INSERT 0 1
Time: 0 hrs, 0 mins, 0 secs, 632 ms
DELETE 1
Time: 0 hrs, 0 mins, 0 secs, 137 ms
INSERT 0 1
Time: 0 hrs, 0 mins, 0 secs, 421 ms
ANALYZE
Time: 0 hrs, 0 mins, 1 secs, 55 ms
    tablename     |    attr_name    | attr_value 
------------------+-----------------+------------
 BN_FILTER_SPIDER | CLK_USER_SD_MPL | 10
 BN_FILTER_SPIDER | IP_USER_SD_MPL  | 1
 BN_FILTER_SPIDER | IP_USER_RATIO   | .955
 BN_FILTER_SPIDER | CLK_USER_MEAN   | 
 BN_FILTER_SPIDER | CLK_USER_SD     | 
 BN_FILTER_SPIDER | IP_USER_MEAN    | 
 BN_FILTER_SPIDER | IP_USER_SD      | 
(7 rows)

Time: 0 hrs, 0 mins, 0 secs, 429 ms
CREATE TABLE
Time: 0 hrs, 0 mins, 3 secs, 130 ms
CREATE TABLE
Time: 0 hrs, 0 mins, 1 secs, 191 ms
 l_mean_sd_mpl 
---------------
         0.000
(1 row)

Time: 0 hrs, 0 mins, 0 secs, 178 ms
TRUNCATE
Time: 0 hrs, 0 mins, 1 secs, 768 ms
INSERT 0 0
Time: 0 hrs, 0 mins, 1 secs, 190 ms
ANALYZE
Time: 0 hrs, 0 mins, 0 secs, 21 ms
 Total click_user bn_spider_ip records 
---------------------------------------
                                     0
(1 row)

Time: 0 hrs, 0 mins, 0 secs, 392 ms
CREATE TABLE
Time: 0 hrs, 0 mins, 2 secs, 160 ms
ANALYZE
Time: 0 hrs, 0 mins, 0 secs, 103 ms
CREATE TABLE
Time: 0 hrs, 0 mins, 1 secs, 332 ms
ANALYZE
Time: 0 hrs, 0 mins, 0 secs, 119 ms
DROP 
Time: 0 hrs, 0 mins, 0 secs, 347 ms
CREATE TABLE
Time: 0 hrs, 0 mins, 0 secs, 772 ms
 l_mean_sd_mpl | l_ratio 
---------------+---------
         0.000 |   0.955
(1 row)

Time: 0 hrs, 0 mins, 0 secs, 165 ms
INSERT 0 0
Time: 0 hrs, 0 mins, 0 secs, 758 ms
ANALYZE
Time: 0 hrs, 0 mins, 0 secs, 25 ms
 Total ip_user_filter bn_spider_ip records 
-------------------------------------------
                                         0
(1 row)

Time: 0 hrs, 0 mins, 0 secs, 381 ms
TRUNCATE
Time: 0 hrs, 0 mins, 1 secs, 211 ms
INSERT 0 0
Time: 0 hrs, 0 mins, 2 secs, 480 ms
ANALYZE
Time: 0 hrs, 0 mins, 0 secs, 21 ms
 bn_hits_stage 
---------------
             0
(1 row)

Time: 0 hrs, 0 mins, 0 secs, 818 ms
INSERT 0 0
Time: 0 hrs, 0 mins, 4 secs, 229 ms
ANALYZE
Time: 0 hrs, 0 mins, 0 secs, 26 ms
 bn_hits_sp_20110126 
---------------------
                   0
(1 row)

Time: 0 hrs, 0 mins, 0 secs, 146 ms
TRUNCATE
Time: 0 hrs, 0 mins, 1 secs, 435 ms
INSERT 0 0
Time: 0 hrs, 0 mins, 1 secs, 296 ms
ANALYZE
Time: 0 hrs, 0 mins, 0 secs, 26 ms
 bn_hits_client_20110126 
-------------------------
                       0
(1 row)

Time: 0 hrs, 0 mins, 0 secs, 175 ms
END
Time: 0 hrs, 0 mins, 13 secs, 144 ms

Thu Jan 27 02:29:55 EST 2011

Timing is on.
BEGIN
Time: 0 hrs, 0 mins, 1 secs, 32 ms

           600 - LOAD RESOURCES

SET
Time: 0 hrs, 0 mins, 0 secs, 12 ms
CREATE TABLE
Time: 0 hrs, 0 mins, 3 secs, 273 ms
ANALYZE
Time: 0 hrs, 0 mins, 0 secs, 28 ms
 tmp_a_count 
-------------
           0
(1 row)

Time: 0 hrs, 0 mins, 0 secs, 296 ms
UPDATE 0
Time: 0 hrs, 0 mins, 1 secs, 145 ms
ANALYZE
Time: 0 hrs, 0 mins, 3 secs, 628 ms
TRUNCATE
Time: 0 hrs, 0 mins, 2 secs, 677 ms
INSERT 0 0
Time: 0 hrs, 0 mins, 7 secs, 475 ms
ANALYZE
Time: 0 hrs, 0 mins, 0 secs, 45 ms
 first_resource_id | last_resource_id 
-------------------+------------------
                   |                 
(1 row)

Time: 0 hrs, 0 mins, 0 secs, 682 ms
INSERT 0 0
Time: 0 hrs, 0 mins, 1 secs, 642 ms
 total_resources 
-----------------
        12779481
(1 row)

Time: 0 hrs, 0 mins, 0 secs, 454 ms
ANALYZE
Time: 0 hrs, 0 mins, 0 secs, 781 ms
END
Time: 0 hrs, 0 mins, 16 secs, 692 ms
VACUUM
Time: 0 hrs, 0 mins, 36 secs, 609 ms

Thu Jan 27 02:31:12 EST 2011

Timing is on.

           650 - LOAD_BN_SESSION_STAGE

BEGIN
Time: 0 hrs, 0 mins, 2 secs, 798 ms
SET
Time: 0 hrs, 0 mins, 0 secs, 11 ms
SET
Time: 0 hrs, 0 mins, 0 secs, 31 ms
CREATE TABLE
Time: 0 hrs, 0 mins, 16 secs, 676 ms
ANALYZE
Time: 0 hrs, 0 mins, 0 secs, 30 ms
 tmp_sessionized_stage 
-----------------------
                     0
(1 row)

Time: 0 hrs, 0 mins, 0 secs, 216 ms
TRUNCATE
Time: 0 hrs, 0 mins, 1 secs, 345 ms
INSERT 0 0
Time: 0 hrs, 0 mins, 1 secs, 937 ms
ANALYZE
Time: 0 hrs, 0 mins, 0 secs, 24 ms
CREATE TABLE
Time: 0 hrs, 0 mins, 21 secs, 229 ms
CREATE INDEX
Time: 0 hrs, 0 mins, 0 secs, 282 ms
 tmp_first_last 
----------------
              0
(1 row)

Time: 0 hrs, 0 mins, 0 secs, 286 ms
ANALYZE
Time: 0 hrs, 0 mins, 0 secs, 29 ms
SET
Time: 0 hrs, 0 mins, 0 secs, 23 ms
SET
Time: 0 hrs, 0 mins, 0 secs, 17 ms
TRUNCATE
Time: 0 hrs, 0 mins, 7 secs, 420 ms
DROP
Time: 0 hrs, 0 mins, 0 secs, 468 ms
INSERT 0 0
Time: 0 hrs, 0 mins, 1 secs, 18 ms
 bn_session_stage 
------------------
                0
(1 row)

Time: 0 hrs, 0 mins, 1 secs, 87 ms
CREATE INDEX
Time: 0 hrs, 0 mins, 1 secs, 697 ms
ANALYZE
Time: 0 hrs, 0 mins, 0 secs, 28 ms
TRUNCATE
Time: 0 hrs, 0 mins, 6 secs, 364 ms
END
Time: 0 hrs, 0 mins, 49 secs, 658 ms

Thu Jan 27 02:33:05 EST 2011

BEGIN

           660 - LOAD_BN_SESSION_UPDATE_STAGE

SET
TRUNCATE
INSERT 0 0
END

Thu Jan 27 02:33:50 EST 2011

Timing is on.

           670 - LOAD_BN_SESSION_20110126.UPDATES

BEGIN
Time: 0 hrs, 0 mins, 1 secs, 509 ms
SET
Time: 0 hrs, 0 mins, 0 secs, 11 ms
UPDATE 0
Time: 0 hrs, 0 mins, 0 secs, 714 ms
END
Time: 0 hrs, 0 mins, 20 secs, 768 ms
VACUUM
Time: 0 hrs, 0 mins, 18 secs, 767 ms

Thu Jan 27 02:34:32 EST 2011

Timing is on.

           700 - LOAD_BN_SESSION

BEGIN
Time: 0 hrs, 0 mins, 4 secs, 180 ms
SET
Time: 0 hrs, 0 mins, 0 secs, 12 ms
INSERT 0 0
Time: 0 hrs, 0 mins, 3 secs, 986 ms
ANALYZE
Time: 0 hrs, 0 mins, 0 secs, 39 ms
END
Time: 0 hrs, 0 mins, 4 secs, 101 ms

Thu Jan 27 02:34:44 EST 2011

Timing is on.

            750 - LOAD_BN_SESSION_SUMMARY   

BEGIN
Time: 0 hrs, 0 mins, 1 secs, 693 ms
SET
Time: 0 hrs, 0 mins, 0 secs, 28 ms
CREATE TABLE
Time: 0 hrs, 0 mins, 3 secs, 824 ms
TRUNCATE
Time: 0 hrs, 0 mins, 0 secs, 827 ms
INSERT 0 0
Time: 0 hrs, 0 mins, 1 secs, 498 ms
ANALYZE
Time: 0 hrs, 0 mins, 0 secs, 33 ms
 count(1) 
----------
        0
(1 row)

Time: 0 hrs, 0 mins, 0 secs, 565 ms
END
Time: 0 hrs, 0 mins, 2 secs, 99 ms

Thu Jan 27 02:34:55 EST 2011

Timing is on.

           800 - LOAD_BN_HITS

BEGIN
Time: 0 hrs, 0 mins, 0 secs, 950 ms
SET
Time: 0 hrs, 0 mins, 0 secs, 13 ms
SET
Time: 0 hrs, 0 mins, 0 secs, 111 ms
SET
Time: 0 hrs, 0 mins, 0 secs, 42 ms
SET
Time: 0 hrs, 0 mins, 0 secs, 18 ms
TRUNCATE
Time: 0 hrs, 0 mins, 1 secs, 224 ms
INSERT 0 0
Time: 0 hrs, 0 mins, 0 secs, 672 ms
 count(1) 
----------
        0
(1 row)

Time: 0 hrs, 0 mins, 0 secs, 284 ms
ANALYZE
Time: 0 hrs, 0 mins, 0 secs, 38 ms
END
Time: 0 hrs, 0 mins, 2 secs, 226 ms

Thu Jan 27 02:35:02 EST 2011

Timing is on.

            900 - LOAD_CLICKSTREAM   

BEGIN
Time: 0 hrs, 0 mins, 1 secs, 106 ms
SET
Time: 0 hrs, 0 mins, 0 secs, 7 ms
TRUNCATE
Time: 0 hrs, 0 mins, 1 secs, 53 ms
INSERT 0 0
Time: 0 hrs, 0 mins, 10 secs, 306 ms
 count(1) 
----------
        0
(1 row)

Time: 0 hrs, 0 mins, 0 secs, 207 ms
ANALYZE
Time: 0 hrs, 0 mins, 0 secs, 27 ms
END
Time: 0 hrs, 0 mins, 5 secs, 949 ms

Thu Jan 27 02:35:20 EST 2011

Timing is on.

            1000 - PAGE_VIEW_SUMMARY  

BEGIN
Time: 0 hrs, 0 mins, 1 secs, 386 ms
SET
Time: 0 hrs, 0 mins, 0 secs, 9 ms
SET
Time: 0 hrs, 0 mins, 0 secs, 18 ms
TRUNCATE
Time: 0 hrs, 0 mins, 1 secs, 788 ms
INSERT 0 0
Time: 0 hrs, 0 mins, 8 secs, 204 ms
 count(1) 
----------
        0
(1 row)

Time: 0 hrs, 0 mins, 0 secs, 268 ms
ANALYZE
Time: 0 hrs, 0 mins, 0 secs, 28 ms
END
Time: 0 hrs, 0 mins, 7 secs, 573 ms

Thu Jan 27 02:35:40 EST 2011


2000 - WRAP UP 

Timing is on.
BEGIN
Time: 0 hrs, 0 mins, 0 secs, 759 ms
TRUNCATE
Time: 0 hrs, 0 mins, 4 secs, 110 ms
TRUNCATE
Time: 0 hrs, 0 mins, 1 secs, 543 ms
END
Time: 0 hrs, 0 mins, 2 secs, 14 ms
Thu Jan 27 02:35:48 EST 2011
Removing lock file and waiting for a minute
Checking for lock file /tmp/.iislock
Acquired lock file /tmp/.iislock
-------------------------------------
Processing for 20110126
-------------------------------------

Thu Jan 27 08:30:10 EST 2011

Timing is on.

           000 - INIT

BEGIN
Time: 0 hrs, 0 mins, 0 secs, 727 ms
*** Truncating staging tables before workflow starts ***
SET
Time: 0 hrs, 0 mins, 0 secs, 11 ms
GRANT
Time: 0 hrs, 0 mins, 5 secs, 33 ms
END
Time: 0 hrs, 0 mins, 2 secs, 135 ms

Thu Jan 27 08:30:19 EST 2011

Timing is on.

            200 - LOAD_BN_IISLOGS   

BEGIN
Time: 0 hrs, 0 mins, 1 secs, 50 ms
SET
Time: 0 hrs, 0 mins, 0 secs, 11 ms
TRUNCATE
Time: 0 hrs, 0 mins, 3 secs, 510 ms
INSERT 0 40910654
Time: 0 hrs, 5 mins, 55 secs, 618 ms
END
Time: 0 hrs, 0 mins, 4 secs, 160 ms
ALTER TABLE
Time: 0 hrs, 0 mins, 2 secs, 159 ms

Thu Jan 27 08:36:25 EST 2011

Timing is on.
BEGIN
Time: 0 hrs, 0 mins, 0 secs, 643 ms
SET
Time: 0 hrs, 0 mins, 0 secs, 10 ms

            250 - LOAD_BN_HITS_SP   

TRUNCATE
Time: 0 hrs, 0 mins, 0 secs, 667 ms
INSERT 0 11889047
Time: 0 hrs, 1 mins, 4 secs, 916 ms
ANALYZE
Time: 0 hrs, 0 mins, 2 secs, 341 ms
END
Time: 0 hrs, 0 mins, 1 secs, 229 ms

Thu Jan 27 08:37:36 EST 2011

Timing is on.
BEGIN
Time: 0 hrs, 0 mins, 0 secs, 558 ms
SET
Time: 0 hrs, 0 mins, 0 secs, 12 ms

           300 - DYNAMIC FILTER

TRUNCATE
Time: 0 hrs, 0 mins, 0 secs, 914 ms
INSERT 0 9600490
Time: 0 hrs, 0 mins, 3 secs, 564 ms
ANALYZE
Time: 0 hrs, 0 mins, 0 secs, 793 ms
 Total records in web_click_cnt 
--------------------------------
                        9600490
(1 row)

Time: 0 hrs, 0 mins, 0 secs, 164 ms
CREATE TABLE
Time: 0 hrs, 0 mins, 2 secs, 229 ms
ANALYZE
Time: 0 hrs, 0 mins, 0 secs, 69 ms
CREATE TABLE
Time: 0 hrs, 0 mins, 0 secs, 564 ms
ANALYZE
Time: 0 hrs, 0 mins, 0 secs, 93 ms
DELETE 1
Time: 0 hrs, 0 mins, 0 secs, 284 ms
INSERT 0 1
Time: 0 hrs, 0 mins, 0 secs, 348 ms
DELETE 1
Time: 0 hrs, 0 mins, 0 secs, 88 ms
INSERT 0 1
Time: 0 hrs, 0 mins, 0 secs, 376 ms
CREATE TABLE
Time: 0 hrs, 0 mins, 1 secs, 85 ms
ANALYZE
Time: 0 hrs, 0 mins, 0 secs, 77 ms
CREATE TABLE
Time: 0 hrs, 0 mins, 0 secs, 576 ms
ANALYZE
Time: 0 hrs, 0 mins, 0 secs, 97 ms
DELETE 1
Time: 0 hrs, 0 mins, 0 secs, 204 ms
INSERT 0 1
Time: 0 hrs, 0 mins, 0 secs, 356 ms
DELETE 1
Time: 0 hrs, 0 mins, 0 secs, 134 ms
INSERT 0 1
Time: 0 hrs, 0 mins, 0 secs, 269 ms
ANALYZE
Time: 0 hrs, 0 mins, 0 secs, 685 ms
    tablename     |    attr_name    | attr_value 
------------------+-----------------+------------
 BN_FILTER_SPIDER | CLK_USER_SD_MPL | 10
 BN_FILTER_SPIDER | IP_USER_SD_MPL  | 1
 BN_FILTER_SPIDER | IP_USER_RATIO   | .955
 BN_FILTER_SPIDER | CLK_USER_MEAN   | 16.566
 BN_FILTER_SPIDER | CLK_USER_SD     | 162.218
 BN_FILTER_SPIDER | IP_USER_MEAN    | 13.605
 BN_FILTER_SPIDER | IP_USER_SD      | 1561.138
(7 rows)

Time: 0 hrs, 0 mins, 0 secs, 143 ms
CREATE TABLE
Time: 0 hrs, 0 mins, 2 secs, 967 ms
CREATE TABLE
Time: 0 hrs, 0 mins, 0 secs, 380 ms
 l_mean_sd_mpl 
---------------
      1638.746
(1 row)

Time: 0 hrs, 0 mins, 0 secs, 99 ms
TRUNCATE
Time: 0 hrs, 0 mins, 1 secs, 640 ms
INSERT 0 61
Time: 0 hrs, 0 mins, 3 secs, 175 ms
ANALYZE
Time: 0 hrs, 0 mins, 0 secs, 284 ms
 Total click_user bn_spider_ip records 
---------------------------------------
                                    61
(1 row)

Time: 0 hrs, 0 mins, 0 secs, 192 ms
CREATE TABLE
Time: 0 hrs, 0 mins, 1 secs, 612 ms
ANALYZE
Time: 0 hrs, 0 mins, 0 secs, 49 ms
CREATE TABLE
Time: 0 hrs, 0 mins, 0 secs, 995 ms
ANALYZE
Time: 0 hrs, 0 mins, 0 secs, 71 ms
DROP 
Time: 0 hrs, 0 mins, 0 secs, 765 ms
CREATE TABLE
Time: 0 hrs, 0 mins, 0 secs, 252 ms
 l_mean_sd_mpl | l_ratio 
---------------+---------
      1574.743 |   0.955
(1 row)

Time: 0 hrs, 0 mins, 0 secs, 188 ms
INSERT 0 8020632
Time: 0 hrs, 0 mins, 3 secs, 540 ms
ANALYZE
Time: 0 hrs, 0 mins, 2 secs, 133 ms
 Total ip_user_filter bn_spider_ip records 
-------------------------------------------
                                   8020632
(1 row)

Time: 0 hrs, 0 mins, 0 secs, 404 ms
TRUNCATE
Time: 0 hrs, 0 mins, 0 secs, 842 ms
INSERT 0 16014749
Time: 0 hrs, 0 mins, 14 secs, 17 ms
ANALYZE
Time: 0 hrs, 0 mins, 5 secs, 868 ms
 bn_hits_stage 
---------------
      16014749
(1 row)

Time: 0 hrs, 0 mins, 0 secs, 212 ms
INSERT 0 8988339
Time: 0 hrs, 0 mins, 29 secs, 101 ms
ANALYZE
Time: 0 hrs, 0 mins, 2 secs, 887 ms
 bn_hits_sp_20110126 
---------------------
            20877386
(1 row)

Time: 0 hrs, 0 mins, 1 secs, 860 ms
TRUNCATE
Time: 0 hrs, 0 mins, 1 secs, 398 ms
INSERT 0 4018519
Time: 0 hrs, 0 mins, 4 secs, 269 ms
ANALYZE
Time: 0 hrs, 0 mins, 1 secs, 785 ms
 bn_hits_client_20110126 
-------------------------
                 4018519
(1 row)

Time: 0 hrs, 0 mins, 0 secs, 158 ms
END
Time: 0 hrs, 0 mins, 1 secs, 817 ms

Thu Jan 27 08:39:13 EST 2011

Timing is on.
BEGIN
Time: 0 hrs, 0 mins, 0 secs, 669 ms

           600 - LOAD RESOURCES

SET
Time: 0 hrs, 0 mins, 0 secs, 9 ms
CREATE TABLE
Time: 0 hrs, 0 mins, 5 secs, 686 ms
ANALYZE
Time: 0 hrs, 0 mins, 0 secs, 417 ms
 tmp_a_count 
-------------
       29966
(1 row)

Time: 0 hrs, 0 mins, 0 secs, 89 ms
UPDATE 0
Time: 0 hrs, 0 mins, 1 secs, 287 ms
ANALYZE
Time: 0 hrs, 0 mins, 6 secs, 38 ms
TRUNCATE
Time: 0 hrs, 0 mins, 2 secs, 713 ms
INSERT 0 3329
Time: 0 hrs, 0 mins, 6 secs, 127 ms
ANALYZE
Time: 0 hrs, 0 mins, 1 secs, 189 ms
 first_resource_id | last_resource_id 
-------------------+------------------
          12807132 |         12810460
(1 row)

Time: 0 hrs, 0 mins, 0 secs, 453 ms
INSERT 0 3329
Time: 0 hrs, 0 mins, 1 secs, 19 ms
 total_resources 
-----------------
        12786065
(1 row)

Time: 0 hrs, 0 mins, 0 secs, 506 ms
ANALYZE
Time: 0 hrs, 0 mins, 0 secs, 559 ms
END
Time: 0 hrs, 0 mins, 11 secs, 118 ms
VACUUM
Time: 0 hrs, 0 mins, 9 secs, 970 ms

Thu Jan 27 08:40:01 EST 2011

Timing is on.

           650 - LOAD_BN_SESSION_STAGE

BEGIN
Time: 0 hrs, 0 mins, 0 secs, 844 ms
SET
Time: 0 hrs, 0 mins, 0 secs, 10 ms
SET
Time: 0 hrs, 0 mins, 0 secs, 17 ms
CREATE TABLE
Time: 0 hrs, 0 mins, 31 secs, 334 ms
ANALYZE
Time: 0 hrs, 0 mins, 2 secs, 608 ms
 tmp_sessionized_stage 
-----------------------
              16014749
(1 row)

Time: 0 hrs, 0 mins, 0 secs, 254 ms
TRUNCATE
Time: 0 hrs, 0 mins, 0 secs, 602 ms
INSERT 0 1577526
Time: 0 hrs, 0 mins, 20 secs, 68 ms
ANALYZE
Time: 0 hrs, 0 mins, 1 secs, 402 ms
CREATE TABLE
Time: 0 hrs, 0 mins, 43 secs, 500 ms
CREATE INDEX
Time: 0 hrs, 0 mins, 0 secs, 215 ms
 tmp_first_last 
----------------
        1577526
(1 row)

Time: 0 hrs, 0 mins, 0 secs, 114 ms
ANALYZE
Time: 0 hrs, 0 mins, 0 secs, 566 ms
SET
Time: 0 hrs, 0 mins, 0 secs, 60 ms
SET
Time: 0 hrs, 0 mins, 0 secs, 22 ms
TRUNCATE
Time: 0 hrs, 0 mins, 1 secs, 336 ms
DROP
Time: 0 hrs, 0 mins, 0 secs, 75 ms
INSERT 0 1577526
Time: 0 hrs, 0 mins, 4 secs, 572 ms
 bn_session_stage 
------------------
          1577526
(1 row)

Time: 0 hrs, 0 mins, 0 secs, 588 ms
CREATE INDEX
Time: 0 hrs, 0 mins, 0 secs, 438 ms
ANALYZE
Time: 0 hrs, 0 mins, 2 secs, 910 ms
TRUNCATE
Time: 0 hrs, 0 mins, 0 secs, 882 ms
END
Time: 0 hrs, 0 mins, 2 secs, 102 ms

Thu Jan 27 08:41:56 EST 2011

BEGIN

           660 - LOAD_BN_SESSION_UPDATE_STAGE

SET
TRUNCATE
INSERT 0 0
END

Thu Jan 27 08:41:59 EST 2011

Timing is on.

           670 - LOAD_BN_SESSION_20110126.UPDATES

BEGIN
Time: 0 hrs, 0 mins, 0 secs, 710 ms
SET
Time: 0 hrs, 0 mins, 0 secs, 14 ms
UPDATE 0
Time: 0 hrs, 0 mins, 0 secs, 467 ms
END
Time: 0 hrs, 0 mins, 0 secs, 851 ms
VACUUM
Time: 0 hrs, 0 mins, 2 secs, 265 ms

Thu Jan 27 08:42:03 EST 2011

Timing is on.

           700 - LOAD_BN_SESSION

BEGIN
Time: 0 hrs, 0 mins, 0 secs, 625 ms
SET
Time: 0 hrs, 0 mins, 0 secs, 12 ms
INSERT 0 1577526
Time: 0 hrs, 0 mins, 5 secs, 498 ms
ANALYZE
Time: 0 hrs, 0 mins, 0 secs, 623 ms
END
Time: 0 hrs, 0 mins, 1 secs, 659 ms

Thu Jan 27 08:42:12 EST 2011

Timing is on.

            750 - LOAD_BN_SESSION_SUMMARY   

BEGIN
Time: 0 hrs, 0 mins, 0 secs, 569 ms
SET
Time: 0 hrs, 0 mins, 0 secs, 9 ms
CREATE TABLE
Time: 0 hrs, 0 mins, 6 secs, 316 ms
TRUNCATE
Time: 0 hrs, 0 mins, 1 secs, 21 ms
INSERT 0 195690
Time: 0 hrs, 0 mins, 3 secs, 541 ms
ANALYZE
Time: 0 hrs, 0 mins, 0 secs, 635 ms
 count(1) 
----------
   195690
(1 row)

Time: 0 hrs, 0 mins, 0 secs, 89 ms
END
Time: 0 hrs, 0 mins, 1 secs, 281 ms

Thu Jan 27 08:42:26 EST 2011

Timing is on.

           800 - LOAD_BN_HITS

BEGIN
Time: 0 hrs, 0 mins, 0 secs, 613 ms
SET
Time: 0 hrs, 0 mins, 0 secs, 12 ms
SET
Time: 0 hrs, 0 mins, 0 secs, 32 ms
SET
Time: 0 hrs, 0 mins, 0 secs, 22 ms
SET
Time: 0 hrs, 0 mins, 0 secs, 25 ms
TRUNCATE
Time: 0 hrs, 0 mins, 0 secs, 462 ms
INSERT 0 16014749
Time: 0 hrs, 0 mins, 6 secs, 767 ms
 count(1) 
----------
 16014749
(1 row)

Time: 0 hrs, 0 mins, 0 secs, 796 ms
ANALYZE
Time: 0 hrs, 0 mins, 2 secs, 576 ms
END
Time: 0 hrs, 0 mins, 1 secs, 389 ms

Thu Jan 27 08:42:38 EST 2011

Timing is on.

            900 - LOAD_CLICKSTREAM   

BEGIN
Time: 0 hrs, 0 mins, 0 secs, 734 ms
SET
Time: 0 hrs, 0 mins, 0 secs, 11 ms
TRUNCATE
Time: 0 hrs, 0 mins, 1 secs, 60 ms
INSERT 0 16014749
Time: 0 hrs, 1 mins, 2 secs, 724 ms
 count(1) 
----------
 16014749
(1 row)

Time: 0 hrs, 0 mins, 0 secs, 194 ms
ANALYZE
Time: 0 hrs, 0 mins, 1 secs, 126 ms
END
Time: 0 hrs, 0 mins, 1 secs, 527 ms

Thu Jan 27 08:43:46 EST 2011

Timing is on.

            1000 - PAGE_VIEW_SUMMARY  

BEGIN
Time: 0 hrs, 0 mins, 0 secs, 659 ms
SET
Time: 0 hrs, 0 mins, 0 secs, 11 ms
SET
Time: 0 hrs, 0 mins, 0 secs, 18 ms
TRUNCATE
Time: 0 hrs, 0 mins, 0 secs, 738 ms
INSERT 0 36197
Time: 0 hrs, 0 mins, 2 secs, 639 ms
 count(1) 
----------
    36197
(1 row)

Time: 0 hrs, 0 mins, 0 secs, 84 ms
ANALYZE
Time: 0 hrs, 0 mins, 0 secs, 33 ms
END
Time: 0 hrs, 0 mins, 0 secs, 794 ms

Thu Jan 27 08:43:51 EST 2011


2000 - WRAP UP 

Timing is on.
BEGIN
Time: 0 hrs, 0 mins, 0 secs, 686 ms
TRUNCATE
Time: 0 hrs, 0 mins, 0 secs, 732 ms
TRUNCATE
Time: 0 hrs, 0 mins, 0 secs, 203 ms
END
Time: 0 hrs, 0 mins, 0 secs, 792 ms
Thu Jan 27 08:43:54 EST 2011
Removing lock file and waiting for a minute
Checking for lock file /tmp/.iislock
Acquired lock file /tmp/.iislock
-------------------------------------
Processing for 20110126
-------------------------------------

Fri Jan 28 09:52:22 EST 2011

Timing is on.

           000 - INIT

BEGIN
Time: 0 hrs, 0 mins, 0 secs, 874 ms
*** Truncating staging tables before workflow starts ***
SET
Time: 0 hrs, 0 mins, 0 secs, 13 ms
GRANT
Time: 0 hrs, 0 mins, 1 secs, 763 ms
END
Time: 0 hrs, 0 mins, 9 secs, 183 ms

Fri Jan 28 09:52:34 EST 2011

Timing is on.

            200 - LOAD_BN_IISLOGS   

BEGIN
Time: 0 hrs, 0 mins, 0 secs, 722 ms
SET
Time: 0 hrs, 0 mins, 0 secs, 10 ms
TRUNCATE
Time: 0 hrs, 0 mins, 0 secs, 323 ms
INSERT 0 56871259
Time: 0 hrs, 7 mins, 9 secs, 40 ms
END
Time: 0 hrs, 0 mins, 2 secs, 510 ms
ALTER TABLE
Time: 0 hrs, 0 mins, 2 secs, 37 ms

Fri Jan 28 09:59:49 EST 2011

Timing is on.
BEGIN
Time: 0 hrs, 0 mins, 0 secs, 629 ms
SET
Time: 0 hrs, 0 mins, 0 secs, 12 ms

            250 - LOAD_BN_HITS_SP   

TRUNCATE
Time: 0 hrs, 0 mins, 0 secs, 531 ms
INSERT 0 16407730
Time: 0 hrs, 1 mins, 33 secs, 114 ms
ANALYZE
Time: 0 hrs, 0 mins, 2 secs, 897 ms
END
Time: 0 hrs, 0 mins, 3 secs, 323 ms

Fri Jan 28 10:01:30 EST 2011

Timing is on.
BEGIN
Time: 0 hrs, 0 mins, 0 secs, 748 ms
SET
Time: 0 hrs, 0 mins, 0 secs, 11 ms

           300 - DYNAMIC FILTER

TRUNCATE
Time: 0 hrs, 0 mins, 0 secs, 667 ms
INSERT 0 12009212
Time: 0 hrs, 0 mins, 2 secs, 582 ms
ANALYZE
Time: 0 hrs, 0 mins, 2 secs, 316 ms
 Total records in web_click_cnt 
--------------------------------
                       12009212
(1 row)

Time: 0 hrs, 0 mins, 0 secs, 337 ms
CREATE TABLE
Time: 0 hrs, 0 mins, 1 secs, 469 ms
ANALYZE
Time: 0 hrs, 0 mins, 0 secs, 104 ms
CREATE TABLE
Time: 0 hrs, 0 mins, 0 secs, 409 ms
ANALYZE
Time: 0 hrs, 0 mins, 0 secs, 94 ms
DELETE 1
Time: 0 hrs, 0 mins, 0 secs, 154 ms
INSERT 0 1
Time: 0 hrs, 0 mins, 0 secs, 248 ms
DELETE 1
Time: 0 hrs, 0 mins, 0 secs, 106 ms
INSERT 0 1
Time: 0 hrs, 0 mins, 0 secs, 401 ms
CREATE TABLE
Time: 0 hrs, 0 mins, 1 secs, 144 ms
ANALYZE
Time: 0 hrs, 0 mins, 0 secs, 128 ms
CREATE TABLE
Time: 0 hrs, 0 mins, 0 secs, 531 ms
ANALYZE
Time: 0 hrs, 0 mins, 0 secs, 105 ms
DELETE 1
Time: 0 hrs, 0 mins, 0 secs, 106 ms
INSERT 0 1
Time: 0 hrs, 0 mins, 0 secs, 436 ms
DELETE 1
Time: 0 hrs, 0 mins, 0 secs, 99 ms
INSERT 0 1
Time: 0 hrs, 0 mins, 0 secs, 377 ms
ANALYZE
Time: 0 hrs, 0 mins, 0 secs, 253 ms
    tablename     |    attr_name    | attr_value 
------------------+-----------------+------------
 BN_FILTER_SPIDER | CLK_USER_SD_MPL | 10
 BN_FILTER_SPIDER | IP_USER_SD_MPL  | 1
 BN_FILTER_SPIDER | IP_USER_RATIO   | .955
 BN_FILTER_SPIDER | CLK_USER_MEAN   | 17.443
 BN_FILTER_SPIDER | CLK_USER_SD     | 178.354
 BN_FILTER_SPIDER | IP_USER_MEAN    | 12.425
 BN_FILTER_SPIDER | IP_USER_SD      | 1578.466
(7 rows)

Time: 0 hrs, 0 mins, 0 secs, 381 ms
CREATE TABLE
Time: 0 hrs, 0 mins, 3 secs, 131 ms
CREATE TABLE
Time: 0 hrs, 0 mins, 0 secs, 356 ms
 l_mean_sd_mpl 
---------------
      1800.983
(1 row)

Time: 0 hrs, 0 mins, 0 secs, 280 ms
TRUNCATE
Time: 0 hrs, 0 mins, 0 secs, 581 ms
INSERT 0 73
Time: 0 hrs, 0 mins, 3 secs, 582 ms
ANALYZE
Time: 0 hrs, 0 mins, 0 secs, 144 ms
 Total click_user bn_spider_ip records 
---------------------------------------
                                    73
(1 row)

Time: 0 hrs, 0 mins, 0 secs, 345 ms
CREATE TABLE
Time: 0 hrs, 0 mins, 1 secs, 64 ms
ANALYZE
Time: 0 hrs, 0 mins, 0 secs, 52 ms
CREATE TABLE
Time: 0 hrs, 0 mins, 1 secs, 127 ms
ANALYZE
Time: 0 hrs, 0 mins, 0 secs, 76 ms
DROP 
Time: 0 hrs, 0 mins, 0 secs, 353 ms
CREATE TABLE
Time: 0 hrs, 0 mins, 0 secs, 152 ms
 l_mean_sd_mpl | l_ratio 
---------------+---------
      1590.891 |   0.955
(1 row)

Time: 0 hrs, 0 mins, 0 secs, 144 ms
INSERT 0 9954107
Time: 0 hrs, 0 mins, 4 secs, 171 ms
ANALYZE
Time: 0 hrs, 0 mins, 0 secs, 644 ms
 Total ip_user_filter bn_spider_ip records 
-------------------------------------------
                                   9954107
(1 row)

Time: 0 hrs, 0 mins, 0 secs, 286 ms
TRUNCATE
Time: 0 hrs, 0 mins, 1 secs, 432 ms
INSERT 0 22544400
Time: 0 hrs, 0 mins, 20 secs, 305 ms
ANALYZE
Time: 0 hrs, 0 mins, 3 secs, 287 ms
 bn_hits_stage 
---------------
      22544400
(1 row)

Time: 0 hrs, 0 mins, 0 secs, 186 ms
INSERT 0 11212239
Time: 0 hrs, 0 mins, 35 secs, 804 ms
ANALYZE
Time: 0 hrs, 0 mins, 4 secs, 285 ms
 bn_hits_sp_20110126 
---------------------
            27619969
(1 row)

Time: 0 hrs, 0 mins, 4 secs, 357 ms
TRUNCATE
Time: 0 hrs, 0 mins, 2 secs, 450 ms
INSERT 0 6706890
Time: 0 hrs, 0 mins, 6 secs, 147 ms
ANALYZE
Time: 0 hrs, 0 mins, 2 secs, 55 ms
 bn_hits_client_20110126 
-------------------------
                 6706890
(1 row)

Time: 0 hrs, 0 mins, 0 secs, 126 ms
END
Time: 0 hrs, 0 mins, 2 secs, 88 ms

Fri Jan 28 10:03:22 EST 2011

Timing is on.
BEGIN
Time: 0 hrs, 0 mins, 0 secs, 652 ms

           600 - LOAD RESOURCES

SET
Time: 0 hrs, 0 mins, 0 secs, 16 ms
CREATE TABLE
Time: 0 hrs, 0 mins, 4 secs, 55 ms
ANALYZE
Time: 0 hrs, 0 mins, 0 secs, 380 ms
 tmp_a_count 
-------------
       39478
(1 row)

Time: 0 hrs, 0 mins, 0 secs, 81 ms
UPDATE 0
Time: 0 hrs, 0 mins, 1 secs, 741 ms
ANALYZE
Time: 0 hrs, 0 mins, 0 secs, 878 ms
TRUNCATE
Time: 0 hrs, 0 mins, 0 secs, 656 ms
INSERT 0 1328
Time: 0 hrs, 0 mins, 2 secs, 817 ms
ANALYZE
Time: 0 hrs, 0 mins, 0 secs, 415 ms
 first_resource_id | last_resource_id 
-------------------+------------------
          12815487 |         12816814
(1 row)

Time: 0 hrs, 0 mins, 0 secs, 311 ms
INSERT 0 1328
Time: 0 hrs, 0 mins, 0 secs, 889 ms
 total_resources 
-----------------
        12792419
(1 row)

Time: 0 hrs, 0 mins, 0 secs, 219 ms
ANALYZE
Time: 0 hrs, 0 mins, 0 secs, 548 ms
END
Time: 0 hrs, 0 mins, 0 secs, 713 ms
VACUUM
Time: 0 hrs, 0 mins, 9 secs, 623 ms

Fri Jan 28 10:03:46 EST 2011

Timing is on.

           650 - LOAD_BN_SESSION_STAGE

BEGIN
Time: 0 hrs, 0 mins, 0 secs, 673 ms
SET
Time: 0 hrs, 0 mins, 0 secs, 15 ms
SET
Time: 0 hrs, 0 mins, 0 secs, 24 ms
CREATE TABLE
Time: 0 hrs, 0 mins, 37 secs, 745 ms
ANALYZE
Time: 0 hrs, 0 mins, 2 secs, 791 ms
 tmp_sessionized_stage 
-----------------------
              22544400
(1 row)

Time: 0 hrs, 0 mins, 0 secs, 236 ms
TRUNCATE
Time: 0 hrs, 0 mins, 0 secs, 575 ms
INSERT 0 2084494
Time: 0 hrs, 0 mins, 24 secs, 35 ms
ANALYZE
Time: 0 hrs, 0 mins, 0 secs, 725 ms
CREATE TABLE
Time: 0 hrs, 0 mins, 45 secs, 550 ms
CREATE INDEX
Time: 0 hrs, 0 mins, 0 secs, 290 ms
 tmp_first_last 
----------------
        2084494
(1 row)

Time: 0 hrs, 0 mins, 0 secs, 118 ms
ANALYZE
Time: 0 hrs, 0 mins, 0 secs, 936 ms
SET
Time: 0 hrs, 0 mins, 0 secs, 25 ms
SET
Time: 0 hrs, 0 mins, 0 secs, 22 ms
TRUNCATE
Time: 0 hrs, 0 mins, 0 secs, 803 ms
DROP
Time: 0 hrs, 0 mins, 0 secs, 313 ms
INSERT 0 2084494
Time: 0 hrs, 0 mins, 6 secs, 580 ms
 bn_session_stage 
------------------
          2084494
(1 row)

Time: 0 hrs, 0 mins, 0 secs, 284 ms
CREATE INDEX
Time: 0 hrs, 0 mins, 0 secs, 621 ms
ANALYZE
Time: 0 hrs, 0 mins, 1 secs, 803 ms
TRUNCATE
Time: 0 hrs, 0 mins, 0 secs, 737 ms
END
Time: 0 hrs, 0 mins, 5 secs, 865 ms

Fri Jan 28 10:05:57 EST 2011

BEGIN

           660 - LOAD_BN_SESSION_UPDATE_STAGE

SET
TRUNCATE
INSERT 0 0
END

Fri Jan 28 10:06:06 EST 2011

Timing is on.

           670 - LOAD_BN_SESSION_20110126.UPDATES

BEGIN
Time: 0 hrs, 0 mins, 0 secs, 781 ms
SET
Time: 0 hrs, 0 mins, 0 secs, 11 ms
UPDATE 0
Time: 0 hrs, 0 mins, 1 secs, 48 ms
END
Time: 0 hrs, 0 mins, 4 secs, 106 ms
VACUUM
Time: 0 hrs, 0 mins, 12 secs, 973 ms

Fri Jan 28 10:06:25 EST 2011

Timing is on.

           700 - LOAD_BN_SESSION

BEGIN
Time: 0 hrs, 0 mins, 0 secs, 934 ms
SET
Time: 0 hrs, 0 mins, 0 secs, 16 ms
INSERT 0 2084494
Time: 0 hrs, 0 mins, 7 secs, 109 ms
ANALYZE
Time: 0 hrs, 0 mins, 0 secs, 919 ms
END
Time: 0 hrs, 0 mins, 17 secs, 828 ms

Fri Jan 28 10:06:52 EST 2011

Timing is on.

            750 - LOAD_BN_SESSION_SUMMARY   

BEGIN
Time: 0 hrs, 0 mins, 0 secs, 725 ms
SET
Time: 0 hrs, 0 mins, 0 secs, 12 ms
CREATE TABLE
Time: 0 hrs, 0 mins, 12 secs, 676 ms
TRUNCATE
Time: 0 hrs, 0 mins, 1 secs, 292 ms
INSERT 0 246509
Time: 0 hrs, 0 mins, 4 secs, 193 ms
ANALYZE
Time: 0 hrs, 0 mins, 0 secs, 896 ms
 count(1) 
----------
   246509
(1 row)

Time: 0 hrs, 0 mins, 0 secs, 244 ms
END
Time: 0 hrs, 0 mins, 2 secs, 472 ms

Fri Jan 28 10:07:15 EST 2011

Timing is on.

           800 - LOAD_BN_HITS

BEGIN
Time: 0 hrs, 0 mins, 0 secs, 770 ms
SET
Time: 0 hrs, 0 mins, 0 secs, 11 ms
SET
Time: 0 hrs, 0 mins, 0 secs, 31 ms
SET
Time: 0 hrs, 0 mins, 0 secs, 24 ms
SET
Time: 0 hrs, 0 mins, 0 secs, 26 ms
TRUNCATE
Time: 0 hrs, 0 mins, 1 secs, 426 ms
INSERT 0 22544400
Time: 0 hrs, 0 mins, 7 secs, 520 ms
 count(1) 
----------
 22544400
(1 row)

Time: 0 hrs, 0 mins, 2 secs, 160 ms
ANALYZE
Time: 0 hrs, 0 mins, 2 secs, 925 ms
END
Time: 0 hrs, 0 mins, 1 secs, 765 ms

Fri Jan 28 10:07:32 EST 2011

Timing is on.

            900 - LOAD_CLICKSTREAM   

BEGIN
Time: 0 hrs, 0 mins, 0 secs, 731 ms
SET
Time: 0 hrs, 0 mins, 0 secs, 10 ms
TRUNCATE
Time: 0 hrs, 0 mins, 1 secs, 201 ms
INSERT 0 22544400
Time: 0 hrs, 1 mins, 42 secs, 71 ms
 count(1) 
----------
 22544400
(1 row)

Time: 0 hrs, 0 mins, 0 secs, 200 ms
ANALYZE
Time: 0 hrs, 0 mins, 1 secs, 185 ms
END
Time: 0 hrs, 0 mins, 18 secs, 976 ms

Fri Jan 28 10:09:36 EST 2011

Timing is on.

            1000 - PAGE_VIEW_SUMMARY  

BEGIN
Time: 0 hrs, 0 mins, 0 secs, 689 ms
SET
Time: 0 hrs, 0 mins, 0 secs, 11 ms
SET
Time: 0 hrs, 0 mins, 0 secs, 19 ms
TRUNCATE
Time: 0 hrs, 0 mins, 1 secs, 456 ms
INSERT 0 46804
Time: 0 hrs, 0 mins, 12 secs, 197 ms
 count(1) 
----------
    46804
(1 row)

Time: 0 hrs, 0 mins, 0 secs, 99 ms
ANALYZE
Time: 0 hrs, 0 mins, 0 secs, 43 ms
END
Time: 0 hrs, 0 mins, 11 secs, 229 ms

Fri Jan 28 10:10:02 EST 2011


2000 - WRAP UP 

Timing is on.
BEGIN
Time: 0 hrs, 0 mins, 0 secs, 612 ms
TRUNCATE
Time: 0 hrs, 0 mins, 2 secs, 875 ms
TRUNCATE
Time: 0 hrs, 0 mins, 3 secs, 75 ms
END
Time: 0 hrs, 0 mins, 8 secs, 388 ms
Fri Jan 28 10:10:17 EST 2011
Removing lock file and waiting for a minute
