Checking for lock file /tmp/.iislock
Acquired lock file /tmp/.iislock
deleting simple.htm records - these are just server testing...
DELETE 6104589
-------------------------------------
Processing for 20110816
-------------------------------------

Wed Aug 17 06:17:36 EDT 2011

Timing is on.

           000 - INIT

BEGIN
Time: 0 hrs, 0 mins, 4 secs, 716 ms
*** Truncating staging tables before workflow starts ***
SET
Time: 0 hrs, 0 mins, 0 secs, 11 ms
GRANT
Time: 0 hrs, 0 mins, 12 secs, 795 ms
END
Time: 0 hrs, 0 mins, 6 secs, 75 ms

Wed Aug 17 06:18:00 EDT 2011

Timing is on.

            200 - LOAD_BN_IISLOGS   

BEGIN
Time: 0 hrs, 0 mins, 1 secs, 584 ms
SET
Time: 0 hrs, 0 mins, 0 secs, 11 ms
TRUNCATE
Time: 0 hrs, 0 mins, 0 secs, 976 ms
INSERT 0 56630425
Time: 0 hrs, 9 mins, 49 secs, 543 ms
END
Time: 0 hrs, 0 mins, 20 secs, 501 ms
ALTER TABLE
Time: 0 hrs, 38 mins, 32 secs, 118 ms

Wed Aug 17 07:06:45 EDT 2011

Timing is on.
BEGIN
Time: 0 hrs, 0 mins, 3 secs, 72 ms
SET
Time: 0 hrs, 0 mins, 0 secs, 11 ms

            250 - LOAD_BN_HITS_SP   

TRUNCATE
Time: 0 hrs, 0 mins, 2 secs, 480 ms
INSERT 0 19675799
Time: 0 hrs, 3 mins, 56 secs, 654 ms
ANALYZE
Time: 0 hrs, 0 mins, 6 secs, 729 ms
END
Time: 0 hrs, 1 mins, 16 secs, 484 ms

Wed Aug 17 07:12:11 EDT 2011

Timing is on.
BEGIN
Time: 0 hrs, 0 mins, 1 secs, 317 ms
SET
Time: 0 hrs, 0 mins, 0 secs, 10 ms

           300 - DYNAMIC FILTER

TRUNCATE
Time: 0 hrs, 0 mins, 1 secs, 886 ms
INSERT 0 16687783
Time: 0 hrs, 0 mins, 9 secs, 60 ms
ANALYZE
Time: 0 hrs, 0 mins, 0 secs, 618 ms
 Total records in web_click_cnt 
--------------------------------
                       16687783
(1 row)

Time: 0 hrs, 0 mins, 0 secs, 766 ms
CREATE TABLE
Time: 0 hrs, 0 mins, 5 secs, 863 ms
ANALYZE
Time: 0 hrs, 0 mins, 0 secs, 111 ms
CREATE TABLE
Time: 0 hrs, 0 mins, 2 secs, 66 ms
ANALYZE
Time: 0 hrs, 0 mins, 0 secs, 286 ms
DELETE 1
Time: 0 hrs, 0 mins, 0 secs, 285 ms
INSERT 0 1
Time: 0 hrs, 0 mins, 1 secs, 435 ms
DELETE 1
Time: 0 hrs, 0 mins, 0 secs, 113 ms
INSERT 0 1
Time: 0 hrs, 0 mins, 1 secs, 127 ms
CREATE TABLE
Time: 0 hrs, 0 mins, 3 secs, 60 ms
ANALYZE
Time: 0 hrs, 0 mins, 0 secs, 137 ms
CREATE TABLE
Time: 0 hrs, 0 mins, 1 secs, 767 ms
ANALYZE
Time: 0 hrs, 0 mins, 0 secs, 104 ms
DELETE 1
Time: 0 hrs, 0 mins, 0 secs, 138 ms
INSERT 0 1
Time: 0 hrs, 0 mins, 3 secs, 796 ms
DELETE 1
Time: 0 hrs, 0 mins, 0 secs, 333 ms
INSERT 0 1
Time: 0 hrs, 0 mins, 2 secs, 536 ms
ANALYZE
Time: 0 hrs, 0 mins, 0 secs, 711 ms
    tablename     |    attr_name    | attr_value 
------------------+-----------------+------------
 BN_FILTER_SPIDER | CLK_USER_SD_MPL | 10
 BN_FILTER_SPIDER | IP_USER_SD_MPL  | 1
 BN_FILTER_SPIDER | IP_USER_RATIO   | .955
 BN_FILTER_SPIDER | CLK_USER_MEAN   | 12.874
 BN_FILTER_SPIDER | CLK_USER_SD     | 99.866
 BN_FILTER_SPIDER | IP_USER_MEAN    | 19.965
 BN_FILTER_SPIDER | IP_USER_SD      | 1624.630
(7 rows)

Time: 0 hrs, 0 mins, 0 secs, 591 ms
CREATE TABLE
Time: 0 hrs, 0 mins, 10 secs, 929 ms
CREATE TABLE
Time: 0 hrs, 0 mins, 0 secs, 930 ms
 l_mean_sd_mpl 
---------------
      1011.534
(1 row)

Time: 0 hrs, 0 mins, 0 secs, 132 ms
TRUNCATE
Time: 0 hrs, 0 mins, 1 secs, 12 ms
INSERT 0 148
Time: 0 hrs, 0 mins, 10 secs, 678 ms
ANALYZE
Time: 0 hrs, 0 mins, 0 secs, 525 ms
 Total click_user bn_spider_ip records 
---------------------------------------
                                   148
(1 row)

Time: 0 hrs, 0 mins, 0 secs, 537 ms
CREATE TABLE
Time: 0 hrs, 0 mins, 11 secs, 838 ms
ANALYZE
Time: 0 hrs, 0 mins, 0 secs, 91 ms
CREATE TABLE
Time: 0 hrs, 0 mins, 12 secs, 618 ms
ANALYZE
Time: 0 hrs, 0 mins, 0 secs, 110 ms
DROP 
Time: 0 hrs, 0 mins, 0 secs, 224 ms
CREATE TABLE
Time: 0 hrs, 0 mins, 3 secs, 695 ms
 l_mean_sd_mpl | l_ratio 
---------------+---------
      1644.595 |   0.955
(1 row)

Time: 0 hrs, 0 mins, 1 secs, 66 ms
INSERT 0 14217149
Time: 0 hrs, 0 mins, 13 secs, 173 ms
ANALYZE
Time: 0 hrs, 0 mins, 0 secs, 732 ms
 Total ip_user_filter bn_spider_ip records 
-------------------------------------------
                                  14217149
(1 row)

Time: 0 hrs, 0 mins, 0 secs, 838 ms
TRUNCATE
Time: 0 hrs, 0 mins, 3 secs, 422 ms
INSERT 0 17193292
Time: 0 hrs, 0 mins, 56 secs, 664 ms
ANALYZE
Time: 0 hrs, 0 mins, 4 secs, 868 ms
 bn_hits_stage 
---------------
      17193292
(1 row)

Time: 0 hrs, 0 mins, 0 secs, 435 ms
INSERT 0 14777085
Time: 0 hrs, 0 mins, 43 secs, 787 ms
ANALYZE
Time: 0 hrs, 0 mins, 22 secs, 184 ms
 bn_hits_sp_20110816 
---------------------
            34452884
(1 row)

Time: 0 hrs, 1 mins, 14 secs, 650 ms
TRUNCATE
Time: 0 hrs, 0 mins, 3 secs, 177 ms
INSERT 0 4984249
Time: 0 hrs, 0 mins, 34 secs, 40 ms
ANALYZE
Time: 0 hrs, 0 mins, 2 secs, 860 ms
 bn_hits_client_20110816 
-------------------------
                 4984249
(1 row)

Time: 0 hrs, 0 mins, 0 secs, 287 ms
END
Time: 0 hrs, 0 mins, 25 secs, 97 ms

Wed Aug 17 07:18:30 EDT 2011

Timing is on.
BEGIN
Time: 0 hrs, 0 mins, 1 secs, 394 ms

           600 - LOAD RESOURCES

SET
Time: 0 hrs, 0 mins, 0 secs, 13 ms
CREATE TABLE
Time: 0 hrs, 0 mins, 44 secs, 91 ms
ANALYZE
Time: 0 hrs, 0 mins, 1 secs, 188 ms
 tmp_a_count 
-------------
      524841
(1 row)

Time: 0 hrs, 0 mins, 0 secs, 386 ms
UPDATE 0
Time: 0 hrs, 0 mins, 5 secs, 243 ms
ANALYZE
Time: 0 hrs, 0 mins, 0 secs, 906 ms
TRUNCATE
Time: 0 hrs, 0 mins, 0 secs, 386 ms
INSERT 0 223635
Time: 0 hrs, 1 mins, 41 secs, 698 ms
ANALYZE
Time: 0 hrs, 0 mins, 0 secs, 734 ms
 first_resource_id | last_resource_id 
-------------------+------------------
          36984835 |         37208469
(1 row)

Time: 0 hrs, 0 mins, 0 secs, 945 ms
INSERT 0 223635
Time: 0 hrs, 1 mins, 25 secs, 868 ms
 total_resources 
-----------------
        37184073
(1 row)

Time: 0 hrs, 0 mins, 1 secs, 533 ms
ANALYZE
Time: 0 hrs, 0 mins, 0 secs, 789 ms
END
Time: 0 hrs, 0 mins, 19 secs, 498 ms
VACUUM
Time: 0 hrs, 0 mins, 40 secs, 105 ms

Wed Aug 17 07:23:35 EDT 2011

Timing is on.

           650 - LOAD_BN_SESSION_STAGE

BEGIN
Time: 0 hrs, 0 mins, 2 secs, 629 ms
SET
Time: 0 hrs, 0 mins, 0 secs, 10 ms
SET
Time: 0 hrs, 0 mins, 0 secs, 72 ms
CREATE TABLE
Time: 0 hrs, 9 mins, 52 secs, 456 ms
ANALYZE
Time: 0 hrs, 0 mins, 15 secs, 15 ms
 tmp_sessionized_stage 
-----------------------
              17193292
(1 row)

Time: 0 hrs, 0 mins, 9 secs, 120 ms
TRUNCATE
Time: 0 hrs, 0 mins, 7 secs, 754 ms
INSERT 0 2104651
Time: 0 hrs, 1 mins, 9 secs, 856 ms
ANALYZE
Time: 0 hrs, 0 mins, 1 secs, 187 ms
CREATE TABLE
Time: 0 hrs, 2 mins, 32 secs, 303 ms
CREATE INDEX
Time: 0 hrs, 0 mins, 0 secs, 659 ms
 tmp_first_last 
----------------
        2104651
(1 row)

Time: 0 hrs, 0 mins, 1 secs, 121 ms
ANALYZE
Time: 0 hrs, 0 mins, 0 secs, 947 ms
SET
Time: 0 hrs, 0 mins, 0 secs, 25 ms
SET
Time: 0 hrs, 0 mins, 0 secs, 20 ms
TRUNCATE
Time: 0 hrs, 0 mins, 3 secs, 727 ms
DROP
Time: 0 hrs, 0 mins, 0 secs, 143 ms
INSERT 0 2104651
Time: 0 hrs, 0 mins, 6 secs, 279 ms
 bn_session_stage 
------------------
          2104651
(1 row)

Time: 0 hrs, 0 mins, 1 secs, 43 ms
CREATE INDEX
Time: 0 hrs, 0 mins, 0 secs, 888 ms
ANALYZE
Time: 0 hrs, 0 mins, 1 secs, 261 ms
TRUNCATE
Time: 0 hrs, 0 mins, 1 secs, 999 ms
END
Time: 0 hrs, 0 mins, 58 secs, 242 ms

Wed Aug 17 07:39:02 EDT 2011

BEGIN

           660 - LOAD_BN_SESSION_UPDATE_STAGE

SET
TRUNCATE
INSERT 0 0
END

Wed Aug 17 07:39:15 EDT 2011

Timing is on.

           670 - LOAD_BN_SESSION_20110816.UPDATES

BEGIN
Time: 0 hrs, 0 mins, 1 secs, 460 ms
SET
Time: 0 hrs, 0 mins, 0 secs, 13 ms
UPDATE 0
Time: 0 hrs, 0 mins, 0 secs, 815 ms
END
Time: 0 hrs, 0 mins, 9 secs, 435 ms
VACUUM
Time: 0 hrs, 5 mins, 53 secs, 458 ms

Wed Aug 17 07:45:20 EDT 2011

Timing is on.

           700 - LOAD_BN_SESSION

BEGIN
Time: 0 hrs, 0 mins, 10 secs, 482 ms
SET
Time: 0 hrs, 0 mins, 0 secs, 17 ms
INSERT 0 2104651
Time: 0 hrs, 0 mins, 58 secs, 270 ms
ANALYZE
Time: 0 hrs, 0 mins, 1 secs, 327 ms
END
Time: 0 hrs, 3 mins, 33 secs, 784 ms

Wed Aug 17 07:50:04 EDT 2011

Timing is on.

            750 - LOAD_BN_SESSION_SUMMARY   

BEGIN
Time: 0 hrs, 0 mins, 2 secs, 329 ms
SET
Time: 0 hrs, 0 mins, 0 secs, 13 ms
CREATE TABLE
Time: 0 hrs, 0 mins, 29 secs, 706 ms
TRUNCATE
Time: 0 hrs, 0 mins, 5 secs, 819 ms
INSERT 0 316455
Time: 0 hrs, 0 mins, 11 secs, 592 ms
ANALYZE
Time: 0 hrs, 0 mins, 0 secs, 987 ms
 count(1) 
----------
   316455
(1 row)

Time: 0 hrs, 0 mins, 0 secs, 888 ms
END
Time: 0 hrs, 0 mins, 14 secs, 339 ms

Wed Aug 17 07:51:10 EDT 2011

Timing is on.

           800 - LOAD_BN_HITS

BEGIN
Time: 0 hrs, 0 mins, 1 secs, 322 ms
SET
Time: 0 hrs, 0 mins, 0 secs, 10 ms
SET
Time: 0 hrs, 0 mins, 0 secs, 31 ms
SET
Time: 0 hrs, 0 mins, 0 secs, 228 ms
SET
Time: 0 hrs, 0 mins, 0 secs, 26 ms
TRUNCATE
Time: 0 hrs, 0 mins, 2 secs, 855 ms
INSERT 0 17193292
Time: 0 hrs, 0 mins, 16 secs, 847 ms
 count(1) 
----------
 17193292
(1 row)

Time: 0 hrs, 0 mins, 1 secs, 780 ms
ANALYZE
Time: 0 hrs, 0 mins, 4 secs, 15 ms
END
Time: 0 hrs, 0 mins, 34 secs, 721 ms

Wed Aug 17 07:52:12 EDT 2011

Timing is on.

            900 - LOAD_CLICKSTREAM   

BEGIN
Time: 0 hrs, 0 mins, 2 secs, 376 ms
SET
Time: 0 hrs, 0 mins, 0 secs, 10 ms
TRUNCATE
Time: 0 hrs, 0 mins, 1 secs, 775 ms
INSERT 0 17193292
Time: 0 hrs, 6 mins, 12 secs, 476 ms
 count(1) 
----------
 17193292
(1 row)

Time: 0 hrs, 0 mins, 0 secs, 313 ms
ANALYZE
Time: 0 hrs, 0 mins, 1 secs, 597 ms
END
Time: 0 hrs, 0 mins, 15 secs, 86 ms

Wed Aug 17 07:58:46 EDT 2011

Timing is on.

            1000 - PAGE_VIEW_SUMMARY  

BEGIN
Time: 0 hrs, 0 mins, 3 secs, 171 ms
SET
Time: 0 hrs, 0 mins, 0 secs, 16 ms
SET
Time: 0 hrs, 0 mins, 0 secs, 55 ms
TRUNCATE
Time: 0 hrs, 0 mins, 1 secs, 488 ms
INSERT 0 536353
Time: 0 hrs, 0 mins, 16 secs, 309 ms
 count(1) 
----------
   536353
(1 row)

Time: 0 hrs, 0 mins, 1 secs, 762 ms
ANALYZE
Time: 0 hrs, 0 mins, 0 secs, 488 ms
END
Time: 0 hrs, 0 mins, 17 secs, 310 ms

Wed Aug 17 07:59:27 EDT 2011


2000 - WRAP UP 

Timing is on.
BEGIN
Time: 0 hrs, 0 mins, 7 secs, 5 ms
TRUNCATE
Time: 0 hrs, 0 mins, 6 secs, 210 ms
TRUNCATE
Time: 0 hrs, 0 mins, 5 secs, 613 ms
END
Time: 0 hrs, 0 mins, 31 secs, 535 ms
Wed Aug 17 08:00:18 EDT 2011
Removing lock file and waiting for a minute
Total time taken:  105  minutes.
Running time of run.sh 20110816: 6306 seconds
