Checking for lock file /tmp/.iislock
Acquired lock file /tmp/.iislock
-------------------------------------
Processing for 20110115
-------------------------------------

Sun Jan 16 08:30:10 EST 2011

Timing is on.

           000 - INIT

BEGIN
Time: 0 hrs, 0 mins, 0 secs, 650 ms
*** Truncating staging tables before workflow starts ***
SET
Time: 0 hrs, 0 mins, 0 secs, 11 ms
GRANT
Time: 0 hrs, 0 mins, 1 secs, 471 ms
END
Time: 0 hrs, 0 mins, 0 secs, 989 ms

Sun Jan 16 08:30:14 EST 2011

Timing is on.

            200 - LOAD_BN_IISLOGS   

BEGIN
Time: 0 hrs, 0 mins, 0 secs, 617 ms
SET
Time: 0 hrs, 0 mins, 0 secs, 11 ms
TRUNCATE
Time: 0 hrs, 0 mins, 1 secs, 26 ms
INSERT 0 0
Time: 0 hrs, 0 mins, 2 secs, 935 ms
END
Time: 0 hrs, 0 mins, 3 secs, 594 ms
ALTER TABLE
Time: 0 hrs, 9 mins, 40 secs, 631 ms

Sun Jan 16 08:40:03 EST 2011

Timing is on.
BEGIN
Time: 0 hrs, 0 mins, 0 secs, 629 ms
SET
Time: 0 hrs, 0 mins, 0 secs, 10 ms

            250 - LOAD_BN_HITS_SP   

TRUNCATE
Time: 0 hrs, 0 mins, 0 secs, 522 ms
INSERT 0 0
Time: 0 hrs, 0 mins, 0 secs, 922 ms
ANALYZE
Time: 0 hrs, 0 mins, 0 secs, 40 ms
END
Time: 0 hrs, 0 mins, 0 secs, 585 ms

Sun Jan 16 08:40:06 EST 2011

Timing is on.
BEGIN
Time: 0 hrs, 0 mins, 0 secs, 583 ms
SET
Time: 0 hrs, 0 mins, 0 secs, 10 ms

           300 - DYNAMIC FILTER

TRUNCATE
Time: 0 hrs, 0 mins, 1 secs, 165 ms
INSERT 0 0
Time: 0 hrs, 0 mins, 0 secs, 133 ms
ANALYZE
Time: 0 hrs, 0 mins, 0 secs, 22 ms
 Total records in web_click_cnt 
--------------------------------
                              0
(1 row)

Time: 0 hrs, 0 mins, 0 secs, 167 ms
CREATE TABLE
Time: 0 hrs, 0 mins, 0 secs, 542 ms
ANALYZE
Time: 0 hrs, 0 mins, 0 secs, 27 ms
CREATE TABLE
Time: 0 hrs, 0 mins, 1 secs, 376 ms
ANALYZE
Time: 0 hrs, 0 mins, 0 secs, 25 ms
DELETE 1
Time: 0 hrs, 0 mins, 0 secs, 728 ms
INSERT 0 1
Time: 0 hrs, 0 mins, 0 secs, 200 ms
DELETE 1
Time: 0 hrs, 0 mins, 0 secs, 85 ms
INSERT 0 1
Time: 0 hrs, 0 mins, 0 secs, 166 ms
CREATE TABLE
Time: 0 hrs, 0 mins, 0 secs, 367 ms
ANALYZE
Time: 0 hrs, 0 mins, 0 secs, 28 ms
CREATE TABLE
Time: 0 hrs, 0 mins, 0 secs, 106 ms
ANALYZE
Time: 0 hrs, 0 mins, 0 secs, 25 ms
DELETE 1
Time: 0 hrs, 0 mins, 0 secs, 103 ms
INSERT 0 1
Time: 0 hrs, 0 mins, 0 secs, 240 ms
DELETE 1
Time: 0 hrs, 0 mins, 0 secs, 100 ms
INSERT 0 1
Time: 0 hrs, 0 mins, 0 secs, 149 ms
ANALYZE
Time: 0 hrs, 0 mins, 0 secs, 33 ms
    tablename     |    attr_name    | attr_value 
------------------+-----------------+------------
 BN_FILTER_SPIDER | CLK_USER_SD_MPL | 10
 BN_FILTER_SPIDER | IP_USER_SD_MPL  | 1
 BN_FILTER_SPIDER | IP_USER_RATIO   | .955
 BN_FILTER_SPIDER | CLK_USER_MEAN   | 
 BN_FILTER_SPIDER | CLK_USER_SD     | 
 BN_FILTER_SPIDER | IP_USER_MEAN    | 
 BN_FILTER_SPIDER | IP_USER_SD      | 
(7 rows)

Time: 0 hrs, 0 mins, 0 secs, 85 ms
CREATE TABLE
Time: 0 hrs, 0 mins, 0 secs, 978 ms
CREATE TABLE
Time: 0 hrs, 0 mins, 0 secs, 309 ms
 l_mean_sd_mpl 
---------------
         0.000
(1 row)

Time: 0 hrs, 0 mins, 0 secs, 109 ms
TRUNCATE
Time: 0 hrs, 0 mins, 0 secs, 687 ms
INSERT 0 0
Time: 0 hrs, 0 mins, 0 secs, 363 ms
ANALYZE
Time: 0 hrs, 0 mins, 0 secs, 24 ms
 Total click_user bn_spider_ip records 
---------------------------------------
                                     0
(1 row)

Time: 0 hrs, 0 mins, 0 secs, 113 ms
CREATE TABLE
Time: 0 hrs, 0 mins, 0 secs, 389 ms
ANALYZE
Time: 0 hrs, 0 mins, 0 secs, 26 ms
CREATE TABLE
Time: 0 hrs, 0 mins, 0 secs, 360 ms
ANALYZE
Time: 0 hrs, 0 mins, 0 secs, 30 ms
DROP 
Time: 0 hrs, 0 mins, 0 secs, 332 ms
CREATE TABLE
Time: 0 hrs, 0 mins, 0 secs, 100 ms
 l_mean_sd_mpl | l_ratio 
---------------+---------
         0.000 |   0.955
(1 row)

Time: 0 hrs, 0 mins, 0 secs, 207 ms
INSERT 0 0
Time: 0 hrs, 0 mins, 0 secs, 371 ms
ANALYZE
Time: 0 hrs, 0 mins, 0 secs, 24 ms
 Total ip_user_filter bn_spider_ip records 
-------------------------------------------
                                         0
(1 row)

Time: 0 hrs, 0 mins, 0 secs, 84 ms
TRUNCATE
Time: 0 hrs, 0 mins, 0 secs, 511 ms
INSERT 0 0
Time: 0 hrs, 0 mins, 1 secs, 345 ms
ANALYZE
Time: 0 hrs, 0 mins, 0 secs, 27 ms
 bn_hits_stage 
---------------
             0
(1 row)

Time: 0 hrs, 0 mins, 0 secs, 491 ms
INSERT 0 0
Time: 0 hrs, 0 mins, 1 secs, 852 ms
ANALYZE
Time: 0 hrs, 0 mins, 0 secs, 24 ms
 bn_hits_sp_20110115 
---------------------
                   0
(1 row)

Time: 0 hrs, 0 mins, 0 secs, 105 ms
END
Time: 0 hrs, 0 mins, 2 secs, 682 ms

Sun Jan 16 08:40:24 EST 2011

Timing is on.
BEGIN
Time: 0 hrs, 0 mins, 0 secs, 680 ms

           600 - LOAD RESOURCES

SET
Time: 0 hrs, 0 mins, 0 secs, 12 ms
CREATE TABLE
Time: 0 hrs, 0 mins, 1 secs, 182 ms
ANALYZE
Time: 0 hrs, 0 mins, 0 secs, 37 ms
 tmp_a_count 
-------------
           0
(1 row)

Time: 0 hrs, 0 mins, 0 secs, 74 ms
UPDATE 0
Time: 0 hrs, 0 mins, 0 secs, 221 ms
ANALYZE
Time: 0 hrs, 0 mins, 1 secs, 982 ms
TRUNCATE
Time: 0 hrs, 0 mins, 0 secs, 249 ms
INSERT 0 0
Time: 0 hrs, 0 mins, 8 secs, 920 ms
ANALYZE
Time: 0 hrs, 0 mins, 0 secs, 23 ms
 first_resource_id | last_resource_id 
-------------------+------------------
                   |                 
(1 row)

Time: 0 hrs, 0 mins, 0 secs, 149 ms
INSERT 0 0
Time: 0 hrs, 0 mins, 0 secs, 678 ms
 total_resources 
-----------------
        12700406
(1 row)

Time: 0 hrs, 0 mins, 1 secs, 125 ms
ANALYZE
Time: 0 hrs, 0 mins, 0 secs, 544 ms
END
Time: 0 hrs, 0 mins, 0 secs, 872 ms
VACUUM
Time: 0 hrs, 0 mins, 5 secs, 961 ms

Sun Jan 16 08:40:47 EST 2011

Timing is on.

           650 - LOAD_BN_SESSION_STAGE

BEGIN
Time: 0 hrs, 0 mins, 0 secs, 669 ms
SET
Time: 0 hrs, 0 mins, 0 secs, 11 ms
SET
Time: 0 hrs, 0 mins, 0 secs, 25 ms
CREATE TABLE
Time: 0 hrs, 0 mins, 2 secs, 241 ms
ANALYZE
Time: 0 hrs, 0 mins, 0 secs, 38 ms
 tmp_sessionized_stage 
-----------------------
                     0
(1 row)

Time: 0 hrs, 0 mins, 0 secs, 74 ms
TRUNCATE
Time: 0 hrs, 0 mins, 0 secs, 346 ms
INSERT 0 0
Time: 0 hrs, 0 mins, 0 secs, 555 ms
ANALYZE
Time: 0 hrs, 0 mins, 0 secs, 20 ms
CREATE TABLE
Time: 0 hrs, 0 mins, 6 secs, 809 ms
CREATE INDEX
Time: 0 hrs, 0 mins, 0 secs, 51 ms
 tmp_first_last 
----------------
              0
(1 row)

Time: 0 hrs, 0 mins, 0 secs, 87 ms
ANALYZE
Time: 0 hrs, 0 mins, 0 secs, 23 ms
SET
Time: 0 hrs, 0 mins, 0 secs, 20 ms
SET
Time: 0 hrs, 0 mins, 0 secs, 20 ms
TRUNCATE
Time: 0 hrs, 0 mins, 0 secs, 760 ms
DROP
Time: 0 hrs, 0 mins, 0 secs, 56 ms
INSERT 0 0
Time: 0 hrs, 0 mins, 0 secs, 200 ms
 bn_session_stage 
------------------
                0
(1 row)

Time: 0 hrs, 0 mins, 0 secs, 316 ms
CREATE INDEX
Time: 0 hrs, 0 mins, 0 secs, 155 ms
ANALYZE
Time: 0 hrs, 0 mins, 0 secs, 25 ms
TRUNCATE
Time: 0 hrs, 0 mins, 0 secs, 202 ms
END
Time: 0 hrs, 0 mins, 1 secs, 916 ms

Sun Jan 16 08:41:02 EST 2011

BEGIN

           660 - LOAD_BN_SESSION_UPDATE_STAGE

SET
TRUNCATE
INSERT 0 0
END

Sun Jan 16 08:41:04 EST 2011

Timing is on.

           670 - LOAD_BN_SESSION_20110115.UPDATES

BEGIN
Time: 0 hrs, 0 mins, 0 secs, 863 ms
SET
Time: 0 hrs, 0 mins, 0 secs, 10 ms
UPDATE 0
Time: 0 hrs, 0 mins, 0 secs, 412 ms
END
Time: 0 hrs, 0 mins, 0 secs, 751 ms
VACUUM
Time: 0 hrs, 0 mins, 1 secs, 951 ms

Sun Jan 16 08:41:08 EST 2011

Timing is on.

           700 - LOAD_BN_SESSION

BEGIN
Time: 0 hrs, 0 mins, 0 secs, 819 ms
SET
Time: 0 hrs, 0 mins, 0 secs, 11 ms
INSERT 0 0
Time: 0 hrs, 0 mins, 2 secs, 316 ms
ANALYZE
Time: 0 hrs, 0 mins, 0 secs, 24 ms
END
Time: 0 hrs, 0 mins, 0 secs, 699 ms

Sun Jan 16 08:41:13 EST 2011

Timing is on.

            750 - LOAD_BN_SESSION_SUMMARY   

BEGIN
Time: 0 hrs, 0 mins, 0 secs, 719 ms
SET
Time: 0 hrs, 0 mins, 0 secs, 12 ms
CREATE TABLE
Time: 0 hrs, 0 mins, 1 secs, 395 ms
TRUNCATE
Time: 0 hrs, 0 mins, 0 secs, 353 ms
INSERT 0 0
Time: 0 hrs, 0 mins, 0 secs, 623 ms
ANALYZE
Time: 0 hrs, 0 mins, 0 secs, 26 ms
 count(1) 
----------
        0
(1 row)

Time: 0 hrs, 0 mins, 0 secs, 88 ms
END
Time: 0 hrs, 0 mins, 1 secs, 142 ms

Sun Jan 16 08:41:17 EST 2011

Timing is on.

           800 - LOAD_BN_HITS

BEGIN
Time: 0 hrs, 0 mins, 0 secs, 628 ms
SET
Time: 0 hrs, 0 mins, 0 secs, 12 ms
SET
Time: 0 hrs, 0 mins, 0 secs, 18 ms
SET
Time: 0 hrs, 0 mins, 0 secs, 18 ms
SET
Time: 0 hrs, 0 mins, 0 secs, 19 ms
TRUNCATE
Time: 0 hrs, 0 mins, 0 secs, 381 ms
INSERT 0 0
Time: 0 hrs, 0 mins, 0 secs, 267 ms
 count(1) 
----------
        0
(1 row)

Time: 0 hrs, 0 mins, 0 secs, 135 ms
ANALYZE
Time: 0 hrs, 0 mins, 0 secs, 23 ms
END
Time: 0 hrs, 0 mins, 1 secs, 391 ms

Sun Jan 16 08:41:20 EST 2011

Timing is on.

            900 - LOAD_CLICKSTREAM   

BEGIN
Time: 0 hrs, 0 mins, 0 secs, 581 ms
SET
Time: 0 hrs, 0 mins, 0 secs, 12 ms
TRUNCATE
Time: 0 hrs, 0 mins, 0 secs, 313 ms
INSERT 0 0
Time: 0 hrs, 0 mins, 4 secs, 883 ms
 count(1) 
----------
        0
(1 row)

Time: 0 hrs, 0 mins, 0 secs, 107 ms
ANALYZE
Time: 0 hrs, 0 mins, 0 secs, 26 ms
END
Time: 0 hrs, 0 mins, 1 secs, 295 ms

Sun Jan 16 08:41:28 EST 2011

Timing is on.

            1000 - PAGE_VIEW_SUMMARY  

BEGIN
Time: 0 hrs, 0 mins, 0 secs, 654 ms
SET
Time: 0 hrs, 0 mins, 0 secs, 11 ms
TRUNCATE
Time: 0 hrs, 0 mins, 0 secs, 271 ms
INSERT 0 0
Time: 0 hrs, 0 mins, 1 secs, 35 ms
 count(1) 
----------
        0
(1 row)

Time: 0 hrs, 0 mins, 0 secs, 70 ms
ANALYZE
Time: 0 hrs, 0 mins, 0 secs, 19 ms
END
Time: 0 hrs, 0 mins, 0 secs, 740 ms
Sun Jan 16 08:41:31 EST 2011
Removing lock file and waiting for a minute
Checking for lock file /tmp/.iislock
Acquired lock file /tmp/.iislock
-------------------------------------
Processing for 20110115
-------------------------------------

Mon Jan 17 08:40:40 EST 2011

Timing is on.

           000 - INIT

BEGIN
Time: 0 hrs, 0 mins, 0 secs, 598 ms
*** Truncating staging tables before workflow starts ***
SET
Time: 0 hrs, 0 mins, 0 secs, 11 ms
GRANT
Time: 0 hrs, 0 mins, 0 secs, 429 ms
END
Time: 0 hrs, 0 mins, 0 secs, 668 ms

Mon Jan 17 08:40:42 EST 2011

Timing is on.

            200 - LOAD_BN_IISLOGS   

BEGIN
Time: 0 hrs, 0 mins, 0 secs, 569 ms
SET
Time: 0 hrs, 0 mins, 0 secs, 11 ms
TRUNCATE
Time: 0 hrs, 0 mins, 0 secs, 216 ms
INSERT 0 0
Time: 0 hrs, 0 mins, 2 secs, 496 ms
END
Time: 0 hrs, 0 mins, 0 secs, 798 ms
ALTER TABLE
Time: 0 hrs, 0 mins, 1 secs, 380 ms

Mon Jan 17 08:40:48 EST 2011

Timing is on.
BEGIN
Time: 0 hrs, 0 mins, 0 secs, 827 ms
SET
Time: 0 hrs, 0 mins, 0 secs, 10 ms

            250 - LOAD_BN_HITS_SP   

TRUNCATE
Time: 0 hrs, 0 mins, 0 secs, 225 ms
INSERT 0 0
Time: 0 hrs, 0 mins, 0 secs, 814 ms
ANALYZE
Time: 0 hrs, 0 mins, 0 secs, 22 ms
END
Time: 0 hrs, 0 mins, 0 secs, 592 ms

Mon Jan 17 08:40:51 EST 2011

Timing is on.
BEGIN
Time: 0 hrs, 0 mins, 0 secs, 601 ms
SET
Time: 0 hrs, 0 mins, 0 secs, 9 ms

           300 - DYNAMIC FILTER

TRUNCATE
Time: 0 hrs, 0 mins, 0 secs, 206 ms
INSERT 0 0
Time: 0 hrs, 0 mins, 0 secs, 148 ms
ANALYZE
Time: 0 hrs, 0 mins, 0 secs, 20 ms
 Total records in web_click_cnt 
--------------------------------
                              0
(1 row)

Time: 0 hrs, 0 mins, 0 secs, 105 ms
CREATE TABLE
Time: 0 hrs, 0 mins, 0 secs, 442 ms
ANALYZE
Time: 0 hrs, 0 mins, 0 secs, 26 ms
CREATE TABLE
Time: 0 hrs, 0 mins, 0 secs, 113 ms
ANALYZE
Time: 0 hrs, 0 mins, 0 secs, 25 ms
DELETE 1
Time: 0 hrs, 0 mins, 0 secs, 91 ms
INSERT 0 1
Time: 0 hrs, 0 mins, 0 secs, 143 ms
DELETE 1
Time: 0 hrs, 0 mins, 0 secs, 117 ms
INSERT 0 1
Time: 0 hrs, 0 mins, 0 secs, 153 ms
CREATE TABLE
Time: 0 hrs, 0 mins, 0 secs, 353 ms
ANALYZE
Time: 0 hrs, 0 mins, 0 secs, 27 ms
CREATE TABLE
Time: 0 hrs, 0 mins, 0 secs, 88 ms
ANALYZE
Time: 0 hrs, 0 mins, 0 secs, 23 ms
DELETE 1
Time: 0 hrs, 0 mins, 0 secs, 86 ms
INSERT 0 1
Time: 0 hrs, 0 mins, 0 secs, 152 ms
DELETE 1
Time: 0 hrs, 0 mins, 0 secs, 79 ms
INSERT 0 1
Time: 0 hrs, 0 mins, 0 secs, 148 ms
ANALYZE
Time: 0 hrs, 0 mins, 0 secs, 28 ms
    tablename     |    attr_name    | attr_value 
------------------+-----------------+------------
 BN_FILTER_SPIDER | CLK_USER_SD_MPL | 10
 BN_FILTER_SPIDER | IP_USER_SD_MPL  | 1
 BN_FILTER_SPIDER | IP_USER_RATIO   | .955
 BN_FILTER_SPIDER | CLK_USER_MEAN   | 
 BN_FILTER_SPIDER | CLK_USER_SD     | 
 BN_FILTER_SPIDER | IP_USER_MEAN    | 
 BN_FILTER_SPIDER | IP_USER_SD      | 
(7 rows)

Time: 0 hrs, 0 mins, 0 secs, 88 ms
CREATE TABLE
Time: 0 hrs, 0 mins, 0 secs, 383 ms
CREATE TABLE
Time: 0 hrs, 0 mins, 0 secs, 102 ms
 l_mean_sd_mpl 
---------------
         0.000
(1 row)

Time: 0 hrs, 0 mins, 0 secs, 82 ms
TRUNCATE
Time: 0 hrs, 0 mins, 0 secs, 334 ms
INSERT 0 0
Time: 0 hrs, 0 mins, 0 secs, 327 ms
ANALYZE
Time: 0 hrs, 0 mins, 0 secs, 25 ms
 Total click_user bn_spider_ip records 
---------------------------------------
                                     0
(1 row)

Time: 0 hrs, 0 mins, 0 secs, 76 ms
CREATE TABLE
Time: 0 hrs, 0 mins, 0 secs, 289 ms
ANALYZE
Time: 0 hrs, 0 mins, 0 secs, 25 ms
CREATE TABLE
Time: 0 hrs, 0 mins, 0 secs, 320 ms
ANALYZE
Time: 0 hrs, 0 mins, 0 secs, 25 ms
DROP 
Time: 0 hrs, 0 mins, 0 secs, 311 ms
CREATE TABLE
Time: 0 hrs, 0 mins, 0 secs, 106 ms
 l_mean_sd_mpl | l_ratio 
---------------+---------
         0.000 |   0.955
(1 row)

Time: 0 hrs, 0 mins, 0 secs, 88 ms
INSERT 0 0
Time: 0 hrs, 0 mins, 0 secs, 339 ms
ANALYZE
Time: 0 hrs, 0 mins, 0 secs, 23 ms
 Total ip_user_filter bn_spider_ip records 
-------------------------------------------
                                         0
(1 row)

Time: 0 hrs, 0 mins, 0 secs, 75 ms
TRUNCATE
Time: 0 hrs, 0 mins, 0 secs, 309 ms
INSERT 0 0
Time: 0 hrs, 0 mins, 1 secs, 376 ms
ANALYZE
Time: 0 hrs, 0 mins, 0 secs, 28 ms
 bn_hits_stage 
---------------
             0
(1 row)

Time: 0 hrs, 0 mins, 0 secs, 78 ms
INSERT 0 0
Time: 0 hrs, 0 mins, 2 secs, 80 ms
ANALYZE
Time: 0 hrs, 0 mins, 0 secs, 18 ms
 bn_hits_sp_20110115 
---------------------
                   0
(1 row)

Time: 0 hrs, 0 mins, 0 secs, 156 ms
END
Time: 0 hrs, 0 mins, 0 secs, 984 ms

Mon Jan 17 08:41:02 EST 2011

Timing is on.
BEGIN
Time: 0 hrs, 0 mins, 0 secs, 851 ms

           600 - LOAD RESOURCES

SET
Time: 0 hrs, 0 mins, 0 secs, 11 ms
CREATE TABLE
Time: 0 hrs, 0 mins, 1 secs, 11 ms
ANALYZE
Time: 0 hrs, 0 mins, 0 secs, 27 ms
 tmp_a_count 
-------------
           0
(1 row)

Time: 0 hrs, 0 mins, 0 secs, 81 ms
UPDATE 0
Time: 0 hrs, 0 mins, 0 secs, 93 ms
ANALYZE
Time: 0 hrs, 0 mins, 0 secs, 523 ms
TRUNCATE
Time: 0 hrs, 0 mins, 0 secs, 258 ms
INSERT 0 0
Time: 0 hrs, 0 mins, 2 secs, 512 ms
ANALYZE
Time: 0 hrs, 0 mins, 0 secs, 20 ms
 first_resource_id | last_resource_id 
-------------------+------------------
                   |                 
(1 row)

Time: 0 hrs, 0 mins, 0 secs, 81 ms
INSERT 0 0
Time: 0 hrs, 0 mins, 0 secs, 686 ms
 total_resources 
-----------------
        12724616
(1 row)

Time: 0 hrs, 0 mins, 0 secs, 124 ms
ANALYZE
Time: 0 hrs, 0 mins, 0 secs, 548 ms
END
Time: 0 hrs, 0 mins, 0 secs, 922 ms
VACUUM
Time: 0 hrs, 0 mins, 1 secs, 928 ms

Mon Jan 17 08:41:12 EST 2011

Timing is on.

           650 - LOAD_BN_SESSION_STAGE

BEGIN
Time: 0 hrs, 0 mins, 0 secs, 646 ms
SET
Time: 0 hrs, 0 mins, 0 secs, 11 ms
SET
Time: 0 hrs, 0 mins, 0 secs, 23 ms
CREATE TABLE
Time: 0 hrs, 0 mins, 1 secs, 809 ms
ANALYZE
Time: 0 hrs, 0 mins, 0 secs, 29 ms
 tmp_sessionized_stage 
-----------------------
                     0
(1 row)

Time: 0 hrs, 0 mins, 0 secs, 167 ms
TRUNCATE
Time: 0 hrs, 0 mins, 0 secs, 644 ms
INSERT 0 0
Time: 0 hrs, 0 mins, 1 secs, 132 ms
ANALYZE
Time: 0 hrs, 0 mins, 0 secs, 25 ms
CREATE TABLE
Time: 0 hrs, 0 mins, 6 secs, 370 ms
CREATE INDEX
Time: 0 hrs, 0 mins, 0 secs, 39 ms
 tmp_first_last 
----------------
              0
(1 row)

Time: 0 hrs, 0 mins, 0 secs, 80 ms
ANALYZE
Time: 0 hrs, 0 mins, 0 secs, 23 ms
SET
Time: 0 hrs, 0 mins, 0 secs, 20 ms
SET
Time: 0 hrs, 0 mins, 0 secs, 20 ms
TRUNCATE
Time: 0 hrs, 0 mins, 0 secs, 376 ms
DROP
Time: 0 hrs, 0 mins, 0 secs, 24 ms
INSERT 0 0
Time: 0 hrs, 0 mins, 0 secs, 213 ms
 bn_session_stage 
------------------
                0
(1 row)

Time: 0 hrs, 0 mins, 0 secs, 80 ms
CREATE INDEX
Time: 0 hrs, 0 mins, 0 secs, 240 ms
ANALYZE
Time: 0 hrs, 0 mins, 0 secs, 32 ms
TRUNCATE
Time: 0 hrs, 0 mins, 0 secs, 105 ms
END
Time: 0 hrs, 0 mins, 0 secs, 870 ms

Mon Jan 17 08:41:25 EST 2011

BEGIN

           660 - LOAD_BN_SESSION_UPDATE_STAGE

SET
TRUNCATE
INSERT 0 0
END

Mon Jan 17 08:41:28 EST 2011

Timing is on.

           670 - LOAD_BN_SESSION_20110115.UPDATES

BEGIN
Time: 0 hrs, 0 mins, 0 secs, 648 ms
SET
Time: 0 hrs, 0 mins, 0 secs, 11 ms
UPDATE 0
Time: 0 hrs, 0 mins, 0 secs, 433 ms
END
Time: 0 hrs, 0 mins, 0 secs, 648 ms
VACUUM
Time: 0 hrs, 0 mins, 2 secs, 115 ms

Mon Jan 17 08:41:32 EST 2011

Timing is on.

           700 - LOAD_BN_SESSION

BEGIN
Time: 0 hrs, 0 mins, 0 secs, 615 ms
SET
Time: 0 hrs, 0 mins, 0 secs, 11 ms
INSERT 0 0
Time: 0 hrs, 0 mins, 1 secs, 281 ms
ANALYZE
Time: 0 hrs, 0 mins, 0 secs, 36 ms
END
Time: 0 hrs, 0 mins, 0 secs, 901 ms

Mon Jan 17 08:41:35 EST 2011

Timing is on.

            750 - LOAD_BN_SESSION_SUMMARY   

BEGIN
Time: 0 hrs, 0 mins, 0 secs, 650 ms
SET
Time: 0 hrs, 0 mins, 0 secs, 12 ms
CREATE TABLE
Time: 0 hrs, 0 mins, 1 secs, 146 ms
TRUNCATE
Time: 0 hrs, 0 mins, 0 secs, 250 ms
INSERT 0 0
Time: 0 hrs, 0 mins, 0 secs, 664 ms
ANALYZE
Time: 0 hrs, 0 mins, 0 secs, 22 ms
 count(1) 
----------
        0
(1 row)

Time: 0 hrs, 0 mins, 0 secs, 65 ms
END
Time: 0 hrs, 0 mins, 0 secs, 733 ms

Mon Jan 17 08:41:39 EST 2011

Timing is on.

           800 - LOAD_BN_HITS

BEGIN
Time: 0 hrs, 0 mins, 0 secs, 620 ms
SET
Time: 0 hrs, 0 mins, 0 secs, 15 ms
SET
Time: 0 hrs, 0 mins, 0 secs, 19 ms
SET
Time: 0 hrs, 0 mins, 0 secs, 18 ms
SET
Time: 0 hrs, 0 mins, 0 secs, 17 ms
TRUNCATE
Time: 0 hrs, 0 mins, 0 secs, 614 ms
INSERT 0 0
Time: 0 hrs, 0 mins, 0 secs, 200 ms
 count(1) 
----------
        0
(1 row)

Time: 0 hrs, 0 mins, 0 secs, 129 ms
ANALYZE
Time: 0 hrs, 0 mins, 0 secs, 27 ms
END
Time: 0 hrs, 0 mins, 0 secs, 579 ms

Mon Jan 17 08:41:41 EST 2011

Timing is on.

            900 - LOAD_CLICKSTREAM   

BEGIN
Time: 0 hrs, 0 mins, 0 secs, 698 ms
SET
Time: 0 hrs, 0 mins, 0 secs, 9 ms
TRUNCATE
Time: 0 hrs, 0 mins, 0 secs, 258 ms
INSERT 0 0
Time: 0 hrs, 0 mins, 3 secs, 796 ms
 count(1) 
----------
        0
(1 row)

Time: 0 hrs, 0 mins, 0 secs, 84 ms
ANALYZE
Time: 0 hrs, 0 mins, 0 secs, 20 ms
END
Time: 0 hrs, 0 mins, 0 secs, 746 ms

Mon Jan 17 08:41:47 EST 2011

Timing is on.

            1000 - PAGE_VIEW_SUMMARY  

BEGIN
Time: 0 hrs, 0 mins, 0 secs, 730 ms
SET
Time: 0 hrs, 0 mins, 0 secs, 11 ms
TRUNCATE
Time: 0 hrs, 0 mins, 0 secs, 205 ms
INSERT 0 0
Time: 0 hrs, 0 mins, 0 secs, 953 ms
 count(1) 
----------
        0
(1 row)

Time: 0 hrs, 0 mins, 0 secs, 87 ms
ANALYZE
Time: 0 hrs, 0 mins, 0 secs, 23 ms
END
Time: 0 hrs, 0 mins, 1 secs, 6 ms
Mon Jan 17 08:41:50 EST 2011
Removing lock file and waiting for a minute
