Acquired lock file 
deleting simple.htm records - these are just server testing...
DELETE 6106660
-------------------------------------
Processing for 20110827
-------------------------------------

Sun Aug 28 05:21:06 EDT 2011

Timing is on.

           000 - INIT

BEGIN
Time: 0 hrs, 0 mins, 1 secs, 17 ms
*** Truncating staging tables before workflow starts ***
SET
Time: 0 hrs, 0 mins, 0 secs, 27 ms
GRANT
Time: 0 hrs, 0 mins, 2 secs, 908 ms
END
Time: 0 hrs, 0 mins, 7 secs, 930 ms

Sun Aug 28 05:21:18 EDT 2011

Timing is on.

            200 - LOAD_BN_IISLOGS   

BEGIN
Time: 0 hrs, 0 mins, 0 secs, 995 ms
SET
Time: 0 hrs, 0 mins, 0 secs, 11 ms
TRUNCATE
Time: 0 hrs, 0 mins, 3 secs, 123 ms
INSERT 0 61049946
Time: 0 hrs, 10 mins, 59 secs, 121 ms
END
Time: 0 hrs, 0 mins, 8 secs, 866 ms
ALTER TABLE
Time: 0 hrs, 5 mins, 30 secs, 940 ms

Sun Aug 28 05:38:02 EDT 2011

Timing is on.
BEGIN
Time: 0 hrs, 0 mins, 1 secs, 240 ms
SET
Time: 0 hrs, 0 mins, 0 secs, 15 ms

            250 - LOAD_BN_HITS_SP   

TRUNCATE
Time: 0 hrs, 0 mins, 2 secs, 132 ms
INSERT 0 23358591
Time: 0 hrs, 3 mins, 53 secs, 267 ms
ANALYZE
Time: 0 hrs, 0 mins, 6 secs, 572 ms
END
Time: 0 hrs, 0 mins, 54 secs, 707 ms

Sun Aug 28 05:43:00 EDT 2011

Timing is on.
BEGIN
Time: 0 hrs, 0 mins, 1 secs, 390 ms
SET
Time: 0 hrs, 0 mins, 0 secs, 20 ms

           300 - DYNAMIC FILTER

TRUNCATE
Time: 0 hrs, 0 mins, 0 secs, 801 ms
INSERT 0 18724243
Time: 0 hrs, 0 mins, 5 secs, 52 ms
ANALYZE
Time: 0 hrs, 0 mins, 0 secs, 611 ms
 Total records in web_click_cnt 
--------------------------------
                       18724243
(1 row)

Time: 0 hrs, 0 mins, 0 secs, 721 ms
CREATE TABLE
Time: 0 hrs, 0 mins, 3 secs, 657 ms
ANALYZE
Time: 0 hrs, 0 mins, 0 secs, 168 ms
CREATE TABLE
Time: 0 hrs, 0 mins, 2 secs, 286 ms
ANALYZE
Time: 0 hrs, 0 mins, 0 secs, 93 ms
DELETE 1
Time: 0 hrs, 0 mins, 0 secs, 204 ms
INSERT 0 1
Time: 0 hrs, 0 mins, 0 secs, 655 ms
DELETE 1
Time: 0 hrs, 0 mins, 0 secs, 142 ms
INSERT 0 1
Time: 0 hrs, 0 mins, 0 secs, 706 ms
CREATE TABLE
Time: 0 hrs, 0 mins, 3 secs, 444 ms
ANALYZE
Time: 0 hrs, 0 mins, 0 secs, 110 ms
CREATE TABLE
Time: 0 hrs, 0 mins, 1 secs, 249 ms
ANALYZE
Time: 0 hrs, 0 mins, 0 secs, 122 ms
DELETE 1
Time: 0 hrs, 0 mins, 0 secs, 132 ms
INSERT 0 1
Time: 0 hrs, 0 mins, 0 secs, 833 ms
DELETE 1
Time: 0 hrs, 0 mins, 0 secs, 112 ms
INSERT 0 1
Time: 0 hrs, 0 mins, 0 secs, 564 ms
ANALYZE
Time: 0 hrs, 0 mins, 0 secs, 81 ms
    tablename     |    attr_name    | attr_value 
------------------+-----------------+------------
 BN_FILTER_SPIDER | CLK_USER_SD_MPL | 10
 BN_FILTER_SPIDER | IP_USER_SD_MPL  | 1
 BN_FILTER_SPIDER | IP_USER_RATIO   | .955
 BN_FILTER_SPIDER | CLK_USER_MEAN   | 12.184
 BN_FILTER_SPIDER | CLK_USER_SD     | 126.063
 BN_FILTER_SPIDER | IP_USER_MEAN    | 23.077
 BN_FILTER_SPIDER | IP_USER_SD      | 1794.328
(7 rows)

Time: 0 hrs, 0 mins, 0 secs, 207 ms
CREATE TABLE
Time: 0 hrs, 0 mins, 8 secs, 984 ms
CREATE TABLE
Time: 0 hrs, 0 mins, 0 secs, 677 ms
 l_mean_sd_mpl 
---------------
      1272.814
(1 row)

Time: 0 hrs, 0 mins, 0 secs, 365 ms
TRUNCATE
Time: 0 hrs, 0 mins, 0 secs, 923 ms
INSERT 0 108
Time: 0 hrs, 0 mins, 11 secs, 401 ms
ANALYZE
Time: 0 hrs, 0 mins, 0 secs, 186 ms
 Total click_user bn_spider_ip records 
---------------------------------------
                                   108
(1 row)

Time: 0 hrs, 0 mins, 0 secs, 257 ms
CREATE TABLE
Time: 0 hrs, 0 mins, 3 secs, 431 ms
ANALYZE
Time: 0 hrs, 0 mins, 0 secs, 86 ms
CREATE TABLE
Time: 0 hrs, 0 mins, 3 secs, 339 ms
ANALYZE
Time: 0 hrs, 0 mins, 0 secs, 390 ms
DROP 
Time: 0 hrs, 0 mins, 0 secs, 217 ms
CREATE TABLE
Time: 0 hrs, 0 mins, 0 secs, 956 ms
 l_mean_sd_mpl | l_ratio 
---------------+---------
      1817.405 |   0.955
(1 row)

Time: 0 hrs, 0 mins, 1 secs, 601 ms
INSERT 0 16471075
Time: 0 hrs, 0 mins, 12 secs, 349 ms
ANALYZE
Time: 0 hrs, 0 mins, 0 secs, 382 ms
 Total ip_user_filter bn_spider_ip records 
-------------------------------------------
                                  16471075
(1 row)

Time: 0 hrs, 0 mins, 0 secs, 492 ms
TRUNCATE
Time: 0 hrs, 0 mins, 0 secs, 737 ms
INSERT 0 15001046
Time: 0 hrs, 0 mins, 23 secs, 414 ms
ANALYZE
Time: 0 hrs, 0 mins, 4 secs, 649 ms
 bn_hits_stage 
---------------
      15001046
(1 row)

Time: 0 hrs, 0 mins, 1 secs, 84 ms
INSERT 0 17118647
Time: 0 hrs, 0 mins, 57 secs, 526 ms
ANALYZE
Time: 0 hrs, 0 mins, 7 secs, 449 ms
 bn_hits_sp_20110827 
---------------------
            40477238
(1 row)

Time: 0 hrs, 0 mins, 17 secs, 903 ms
TRUNCATE
Time: 0 hrs, 0 mins, 5 secs, 220 ms
INSERT 0 5571662
Time: 0 hrs, 0 mins, 7 secs, 595 ms
ANALYZE
Time: 0 hrs, 0 mins, 2 secs, 781 ms
 bn_hits_client_20110827 
-------------------------
                 5571662
(1 row)

Time: 0 hrs, 0 mins, 0 secs, 167 ms
END
Time: 0 hrs, 0 mins, 8 secs, 181 ms

Sun Aug 28 05:46:27 EDT 2011

Timing is on.
BEGIN
Time: 0 hrs, 0 mins, 1 secs, 30 ms

           600 - LOAD RESOURCES

SET
Time: 0 hrs, 0 mins, 0 secs, 17 ms
CREATE TABLE
Time: 0 hrs, 1 mins, 37 secs, 958 ms
ANALYZE
Time: 0 hrs, 0 mins, 1 secs, 352 ms
 tmp_a_count 
-------------
      415335
(1 row)

Time: 0 hrs, 0 mins, 0 secs, 187 ms
UPDATE 0
Time: 0 hrs, 0 mins, 5 secs, 297 ms
ANALYZE
Time: 0 hrs, 0 mins, 0 secs, 845 ms
TRUNCATE
Time: 0 hrs, 0 mins, 0 secs, 769 ms
INSERT 0 154013
Time: 0 hrs, 0 mins, 28 secs, 831 ms
ANALYZE
Time: 0 hrs, 0 mins, 1 secs, 668 ms
 first_resource_id | last_resource_id 
-------------------+------------------
          39086310 |         39240322
(1 row)

Time: 0 hrs, 0 mins, 0 secs, 984 ms
INSERT 0 154013
Time: 0 hrs, 0 mins, 29 secs, 452 ms
 total_resources 
-----------------
        39215919
(1 row)

Time: 0 hrs, 0 mins, 0 secs, 536 ms
ANALYZE
Time: 0 hrs, 0 mins, 0 secs, 674 ms
END
Time: 0 hrs, 0 mins, 2 secs, 769 ms
VACUUM
Time: 0 hrs, 0 mins, 36 secs, 595 ms

Sun Aug 28 05:49:56 EDT 2011

Timing is on.

           650 - LOAD_BN_SESSION_STAGE

BEGIN
Time: 0 hrs, 0 mins, 1 secs, 222 ms
SET
Time: 0 hrs, 0 mins, 0 secs, 22 ms
SET
Time: 0 hrs, 0 mins, 0 secs, 57 ms
CREATE TABLE
Time: 0 hrs, 0 mins, 54 secs, 407 ms
ANALYZE
Time: 0 hrs, 0 mins, 3 secs, 702 ms
 tmp_sessionized_stage 
-----------------------
              15001046
(1 row)

Time: 0 hrs, 0 mins, 0 secs, 337 ms
TRUNCATE
Time: 0 hrs, 0 mins, 0 secs, 471 ms
INSERT 0 2004123
Time: 0 hrs, 1 mins, 17 secs, 462 ms
ANALYZE
Time: 0 hrs, 0 mins, 1 secs, 68 ms
CREATE TABLE
Time: 0 hrs, 2 mins, 54 secs, 891 ms
CREATE INDEX
Time: 0 hrs, 0 mins, 0 secs, 714 ms
 tmp_first_last 
----------------
        2004123
(1 row)

Time: 0 hrs, 0 mins, 0 secs, 362 ms
ANALYZE
Time: 0 hrs, 0 mins, 0 secs, 871 ms
SET
Time: 0 hrs, 0 mins, 0 secs, 25 ms
SET
Time: 0 hrs, 0 mins, 0 secs, 22 ms
TRUNCATE
Time: 0 hrs, 0 mins, 1 secs, 417 ms
DROP
Time: 0 hrs, 0 mins, 0 secs, 318 ms
INSERT 0 2004123
Time: 0 hrs, 0 mins, 6 secs, 261 ms
 bn_session_stage 
------------------
          2004123
(1 row)

Time: 0 hrs, 0 mins, 1 secs, 913 ms
CREATE INDEX
Time: 0 hrs, 0 mins, 1 secs, 292 ms
ANALYZE
Time: 0 hrs, 0 mins, 2 secs, 734 ms
TRUNCATE
Time: 0 hrs, 0 mins, 8 secs, 486 ms
END
Time: 0 hrs, 0 mins, 22 secs, 166 ms

Sun Aug 28 05:55:56 EDT 2011

BEGIN

           660 - LOAD_BN_SESSION_UPDATE_STAGE

SET
TRUNCATE
INSERT 0 0
END

Sun Aug 28 05:56:18 EDT 2011

Timing is on.

           670 - LOAD_BN_SESSION_20110827.UPDATES

BEGIN
Time: 0 hrs, 0 mins, 1 secs, 279 ms
SET
Time: 0 hrs, 0 mins, 0 secs, 12 ms
UPDATE 0
Time: 0 hrs, 0 mins, 0 secs, 483 ms
END
Time: 0 hrs, 0 mins, 4 secs, 142 ms
VACUUM
Time: 0 hrs, 2 mins, 40 secs, 851 ms

Sun Aug 28 05:59:05 EDT 2011

Timing is on.

           700 - LOAD_BN_SESSION

BEGIN
Time: 0 hrs, 0 mins, 1 secs, 581 ms
SET
Time: 0 hrs, 0 mins, 0 secs, 22 ms
INSERT 0 2004123
Time: 0 hrs, 0 mins, 27 secs, 749 ms
ANALYZE
Time: 0 hrs, 0 mins, 1 secs, 145 ms
END
Time: 0 hrs, 0 mins, 5 secs, 73 ms

Sun Aug 28 05:59:41 EDT 2011

Timing is on.

            750 - LOAD_BN_SESSION_SUMMARY   

BEGIN
Time: 0 hrs, 0 mins, 1 secs, 8 ms
SET
Time: 0 hrs, 0 mins, 0 secs, 47 ms
CREATE TABLE
Time: 0 hrs, 0 mins, 15 secs, 855 ms
TRUNCATE
Time: 0 hrs, 0 mins, 1 secs, 904 ms
INSERT 0 241160
Time: 0 hrs, 0 mins, 12 secs, 704 ms
ANALYZE
Time: 0 hrs, 0 mins, 1 secs, 65 ms
 count(1) 
----------
   241160
(1 row)

Time: 0 hrs, 0 mins, 3 secs, 746 ms
END
Time: 0 hrs, 0 mins, 8 secs, 101 ms

Sun Aug 28 06:00:26 EDT 2011

Timing is on.

           800 - LOAD_BN_HITS

BEGIN
Time: 0 hrs, 0 mins, 1 secs, 503 ms
SET
Time: 0 hrs, 0 mins, 0 secs, 16 ms
SET
Time: 0 hrs, 0 mins, 0 secs, 37 ms
SET
Time: 0 hrs, 0 mins, 0 secs, 65 ms
SET
Time: 0 hrs, 0 mins, 0 secs, 46 ms
TRUNCATE
Time: 0 hrs, 0 mins, 6 secs, 729 ms
INSERT 0 15001046
Time: 0 hrs, 0 mins, 16 secs, 287 ms
 count(1) 
----------
 15001046
(1 row)

Time: 0 hrs, 0 mins, 3 secs, 683 ms
ANALYZE
Time: 0 hrs, 0 mins, 3 secs, 747 ms
END
Time: 0 hrs, 0 mins, 48 secs, 89 ms

Sun Aug 28 06:01:46 EDT 2011

Timing is on.

            900 - LOAD_CLICKSTREAM   

BEGIN
Time: 0 hrs, 0 mins, 1 secs, 367 ms
SET
Time: 0 hrs, 0 mins, 0 secs, 19 ms
TRUNCATE
Time: 0 hrs, 0 mins, 2 secs, 893 ms
INSERT 0 15001046
Time: 0 hrs, 5 mins, 42 secs, 510 ms
 count(1) 
----------
 15001046
(1 row)

Time: 0 hrs, 0 mins, 1 secs, 38 ms
ANALYZE
Time: 0 hrs, 0 mins, 1 secs, 783 ms
END
Time: 0 hrs, 0 mins, 42 secs, 235 ms

Sun Aug 28 06:08:19 EDT 2011

Timing is on.

            1000 - PAGE_VIEW_SUMMARY  

BEGIN
Time: 0 hrs, 0 mins, 2 secs, 814 ms
SET
Time: 0 hrs, 0 mins, 0 secs, 170 ms
SET
Time: 0 hrs, 0 mins, 0 secs, 149 ms
TRUNCATE
Time: 0 hrs, 0 mins, 3 secs, 190 ms
INSERT 0 425552
Time: 0 hrs, 0 mins, 9 secs, 691 ms
 count(1) 
----------
   425552
(1 row)

Time: 0 hrs, 0 mins, 0 secs, 410 ms
ANALYZE
Time: 0 hrs, 0 mins, 0 secs, 216 ms
END
Time: 0 hrs, 0 mins, 41 secs, 960 ms

Sun Aug 28 06:09:17 EDT 2011


2000 - WRAP UP 

Timing is on.
BEGIN
Time: 0 hrs, 0 mins, 1 secs, 230 ms
TRUNCATE
Time: 0 hrs, 0 mins, 3 secs, 279 ms
TRUNCATE
Time: 0 hrs, 0 mins, 2 secs, 763 ms
END
Time: 0 hrs, 0 mins, 7 secs, 462 ms
Sun Aug 28 06:09:32 EDT 2011
Removing lock file and waiting for a minute
rm: missing operand
Try `rm --help' for more information.
Total time taken:  50  minutes.
Running time of run.sh 20110827: 3017 seconds
Acquired lock file 
deleting simple.htm records - these are just server testing...
DELETE 21
-------------------------------------
Processing for 20110827
-------------------------------------

Mon Aug 29 06:32:43 EDT 2011

Timing is on.

           000 - INIT

BEGIN
Time: 0 hrs, 0 mins, 2 secs, 532 ms
*** Truncating staging tables before workflow starts ***
SET
Time: 0 hrs, 0 mins, 0 secs, 13 ms
GRANT
Time: 0 hrs, 0 mins, 34 secs, 156 ms
END
Time: 0 hrs, 0 mins, 26 secs, 372 ms

Mon Aug 29 06:33:46 EDT 2011

Timing is on.

            200 - LOAD_BN_IISLOGS   

BEGIN
Time: 0 hrs, 0 mins, 2 secs, 307 ms
SET
Time: 0 hrs, 0 mins, 0 secs, 13 ms
TRUNCATE
Time: 0 hrs, 0 mins, 13 secs, 660 ms
INSERT 0 80719876
Time: 0 hrs, 19 mins, 3 secs, 208 ms
END
Time: 0 hrs, 3 mins, 24 secs, 746 ms
ALTER TABLE
Time: 0 hrs, 0 mins, 38 secs, 469 ms

Mon Aug 29 06:57:09 EDT 2011

Timing is on.
BEGIN
Time: 0 hrs, 0 mins, 4 secs, 941 ms
SET
Time: 0 hrs, 0 mins, 0 secs, 49 ms

            250 - LOAD_BN_HITS_SP   

TRUNCATE
Time: 0 hrs, 0 mins, 11 secs, 0 ms
INSERT 0 30654192
Time: 0 hrs, 7 mins, 57 secs, 362 ms
ANALYZE
Time: 0 hrs, 9 mins, 26 secs, 607 ms
END
Time: 0 hrs, 0 mins, 46 secs, 972 ms

Mon Aug 29 07:15:36 EDT 2011

Timing is on.
BEGIN
Time: 0 hrs, 0 mins, 3 secs, 45 ms
SET
Time: 0 hrs, 0 mins, 0 secs, 23 ms

           300 - DYNAMIC FILTER

TRUNCATE
Time: 0 hrs, 0 mins, 1 secs, 363 ms
INSERT 0 23629443
Time: 0 hrs, 1 mins, 10 secs, 367 ms
ANALYZE
Time: 0 hrs, 0 mins, 2 secs, 989 ms
 Total records in web_click_cnt 
--------------------------------
                       23629443
(1 row)

Time: 0 hrs, 0 mins, 7 secs, 272 ms
CREATE TABLE
Time: 0 hrs, 1 mins, 52 secs, 17 ms
ANALYZE
Time: 0 hrs, 0 mins, 0 secs, 178 ms
CREATE TABLE
Time: 0 hrs, 0 mins, 15 secs, 358 ms
ANALYZE
Time: 0 hrs, 0 mins, 0 secs, 239 ms
DELETE 1
Time: 0 hrs, 0 mins, 1 secs, 425 ms
INSERT 0 1
Time: 0 hrs, 0 mins, 2 secs, 873 ms
DELETE 1
Time: 0 hrs, 0 mins, 0 secs, 158 ms
INSERT 0 1
Time: 0 hrs, 0 mins, 1 secs, 332 ms
CREATE TABLE
Time: 0 hrs, 3 mins, 14 secs, 762 ms
ANALYZE
Time: 0 hrs, 0 mins, 0 secs, 231 ms
CREATE TABLE
Time: 0 hrs, 0 mins, 4 secs, 105 ms
ANALYZE
Time: 0 hrs, 0 mins, 0 secs, 161 ms
DELETE 1
Time: 0 hrs, 0 mins, 0 secs, 311 ms
INSERT 0 1
Time: 0 hrs, 0 mins, 0 secs, 466 ms
DELETE 1
Time: 0 hrs, 0 mins, 0 secs, 98 ms
INSERT 0 1
Time: 0 hrs, 0 mins, 0 secs, 342 ms
ANALYZE
Time: 0 hrs, 0 mins, 0 secs, 277 ms
    tablename     |    attr_name    | attr_value 
------------------+-----------------+------------
 BN_FILTER_SPIDER | CLK_USER_SD_MPL | 10
 BN_FILTER_SPIDER | IP_USER_SD_MPL  | 1
 BN_FILTER_SPIDER | IP_USER_RATIO   | .955
 BN_FILTER_SPIDER | CLK_USER_MEAN   | 12.603
 BN_FILTER_SPIDER | CLK_USER_SD     | 135.506
 BN_FILTER_SPIDER | IP_USER_MEAN    | 22.134
 BN_FILTER_SPIDER | IP_USER_SD      | 1968.299
(7 rows)

Time: 0 hrs, 0 mins, 0 secs, 329 ms
CREATE TABLE
Time: 0 hrs, 0 mins, 11 secs, 519 ms
CREATE TABLE
Time: 0 hrs, 0 mins, 2 secs, 376 ms
 l_mean_sd_mpl 
---------------
      1367.663
(1 row)

Time: 0 hrs, 0 mins, 0 secs, 692 ms
TRUNCATE
Time: 0 hrs, 0 mins, 2 secs, 253 ms
INSERT 0 135
Time: 0 hrs, 0 mins, 10 secs, 151 ms
ANALYZE
Time: 0 hrs, 0 mins, 0 secs, 339 ms
 Total click_user bn_spider_ip records 
---------------------------------------
                                   135
(1 row)

Time: 0 hrs, 0 mins, 1 secs, 270 ms
CREATE TABLE
Time: 0 hrs, 0 mins, 26 secs, 336 ms
ANALYZE
Time: 0 hrs, 0 mins, 0 secs, 507 ms
CREATE TABLE
Time: 0 hrs, 2 mins, 33 secs, 850 ms
ANALYZE
Time: 0 hrs, 0 mins, 0 secs, 325 ms
DROP 
Time: 0 hrs, 0 mins, 1 secs, 256 ms
CREATE TABLE
Time: 0 hrs, 0 mins, 6 secs, 923 ms
 l_mean_sd_mpl | l_ratio 
---------------+---------
      1990.433 |   0.955
(1 row)

Time: 0 hrs, 0 mins, 1 secs, 104 ms
INSERT 0 20710431
Time: 0 hrs, 0 mins, 30 secs, 186 ms
ANALYZE
Time: 0 hrs, 0 mins, 0 secs, 574 ms
 Total ip_user_filter bn_spider_ip records 
-------------------------------------------
                                  20710431
(1 row)

Time: 0 hrs, 0 mins, 2 secs, 391 ms
TRUNCATE
Time: 0 hrs, 0 mins, 2 secs, 530 ms
INSERT 0 20644037
Time: 0 hrs, 0 mins, 56 secs, 590 ms
ANALYZE
Time: 0 hrs, 0 mins, 5 secs, 586 ms
 bn_hits_stage 
---------------
      20644037
(1 row)

Time: 0 hrs, 0 mins, 2 secs, 312 ms
INSERT 0 21486635
Time: 0 hrs, 2 mins, 53 secs, 313 ms
ANALYZE
Time: 0 hrs, 1 mins, 55 secs, 799 ms
 bn_hits_sp_20110827 
---------------------
            52140827
(1 row)

Time: 0 hrs, 0 mins, 14 secs, 968 ms
TRUNCATE
Time: 0 hrs, 0 mins, 1 secs, 500 ms
INSERT 0 7935012
Time: 0 hrs, 0 mins, 14 secs, 923 ms
ANALYZE
Time: 0 hrs, 0 mins, 3 secs, 391 ms
 bn_hits_client_20110827 
-------------------------
                 7935012
(1 row)

Time: 0 hrs, 0 mins, 0 secs, 582 ms
END
Time: 0 hrs, 0 mins, 24 secs, 871 ms

Mon Aug 29 07:33:45 EDT 2011

Timing is on.
BEGIN
Time: 0 hrs, 0 mins, 4 secs, 12 ms

           600 - LOAD RESOURCES

SET
Time: 0 hrs, 0 mins, 0 secs, 104 ms
CREATE TABLE
Time: 0 hrs, 0 mins, 41 secs, 14 ms
ANALYZE
Time: 0 hrs, 0 mins, 1 secs, 454 ms
 tmp_a_count 
-------------
      522804
(1 row)

Time: 0 hrs, 0 mins, 0 secs, 923 ms
UPDATE 0
Time: 0 hrs, 0 mins, 5 secs, 373 ms
ANALYZE
Time: 0 hrs, 0 mins, 1 secs, 95 ms
TRUNCATE
Time: 0 hrs, 0 mins, 0 secs, 729 ms
INSERT 0 49216
Time: 0 hrs, 0 mins, 34 secs, 464 ms
ANALYZE
Time: 0 hrs, 0 mins, 1 secs, 141 ms
 first_resource_id | last_resource_id 
-------------------+------------------
          39447017 |         39496232
(1 row)

Time: 0 hrs, 0 mins, 0 secs, 409 ms
INSERT 0 49216
Time: 0 hrs, 0 mins, 2 secs, 37 ms
 total_resources 
-----------------
        39471829
(1 row)

Time: 0 hrs, 0 mins, 13 secs, 830 ms
ANALYZE
Time: 0 hrs, 0 mins, 6 secs, 950 ms
END
Time: 0 hrs, 0 mins, 8 secs, 32 ms
VACUUM
Time: 0 hrs, 0 mins, 46 secs, 338 ms

Mon Aug 29 07:36:33 EDT 2011

Timing is on.

           650 - LOAD_BN_SESSION_STAGE

BEGIN
Time: 0 hrs, 0 mins, 2 secs, 370 ms
SET
Time: 0 hrs, 0 mins, 0 secs, 94 ms
SET
Time: 0 hrs, 0 mins, 0 secs, 173 ms
CREATE TABLE
Time: 0 hrs, 0 mins, 54 secs, 75 ms
ANALYZE
Time: 0 hrs, 0 mins, 4 secs, 764 ms
 tmp_sessionized_stage 
-----------------------
              20644037
(1 row)

Time: 0 hrs, 0 mins, 0 secs, 681 ms
TRUNCATE
Time: 0 hrs, 0 mins, 1 secs, 358 ms
INSERT 0 2620283
Time: 0 hrs, 0 mins, 49 secs, 974 ms
ANALYZE
Time: 0 hrs, 0 mins, 5 secs, 411 ms
CREATE TABLE
Time: 0 hrs, 2 mins, 38 secs, 599 ms
CREATE INDEX
Time: 0 hrs, 0 mins, 0 secs, 552 ms
 tmp_first_last 
----------------
        2620283
(1 row)

Time: 0 hrs, 0 mins, 0 secs, 868 ms
ANALYZE
Time: 0 hrs, 0 mins, 1 secs, 114 ms
SET
Time: 0 hrs, 0 mins, 0 secs, 53 ms
SET
Time: 0 hrs, 0 mins, 0 secs, 40 ms
TRUNCATE
Time: 0 hrs, 0 mins, 1 secs, 666 ms
DROP
Time: 0 hrs, 0 mins, 0 secs, 204 ms
INSERT 0 2620283
Time: 0 hrs, 0 mins, 7 secs, 47 ms
 bn_session_stage 
------------------
          2620283
(1 row)

Time: 0 hrs, 0 mins, 0 secs, 896 ms
CREATE INDEX
Time: 0 hrs, 0 mins, 1 secs, 35 ms
ANALYZE
Time: 0 hrs, 0 mins, 1 secs, 504 ms
TRUNCATE
Time: 0 hrs, 0 mins, 1 secs, 80 ms
END
Time: 0 hrs, 0 mins, 34 secs, 951 ms

Mon Aug 29 07:42:02 EDT 2011

BEGIN

           660 - LOAD_BN_SESSION_UPDATE_STAGE

SET
TRUNCATE
INSERT 0 0
END

Mon Aug 29 07:42:11 EDT 2011

Timing is on.

           670 - LOAD_BN_SESSION_20110827.UPDATES

BEGIN
Time: 0 hrs, 0 mins, 4 secs, 346 ms
SET
Time: 0 hrs, 0 mins, 0 secs, 20 ms
UPDATE 0
Time: 0 hrs, 0 mins, 0 secs, 327 ms
END
Time: 0 hrs, 0 mins, 3 secs, 937 ms
VACUUM
Time: 0 hrs, 0 mins, 26 secs, 26 ms

Mon Aug 29 07:42:46 EDT 2011

Timing is on.

           700 - LOAD_BN_SESSION

BEGIN
Time: 0 hrs, 0 mins, 1 secs, 274 ms
SET
Time: 0 hrs, 0 mins, 0 secs, 21 ms
INSERT 0 2620283
Time: 0 hrs, 0 mins, 18 secs, 440 ms
ANALYZE
Time: 0 hrs, 0 mins, 1 secs, 320 ms
END
Time: 0 hrs, 0 mins, 5 secs, 735 ms

Mon Aug 29 07:43:13 EDT 2011

Timing is on.

            750 - LOAD_BN_SESSION_SUMMARY   

BEGIN
Time: 0 hrs, 0 mins, 1 secs, 503 ms
SET
Time: 0 hrs, 0 mins, 0 secs, 25 ms
CREATE TABLE
Time: 0 hrs, 0 mins, 22 secs, 184 ms
TRUNCATE
Time: 0 hrs, 0 mins, 1 secs, 113 ms
INSERT 0 309839
Time: 0 hrs, 0 mins, 5 secs, 371 ms
ANALYZE
Time: 0 hrs, 0 mins, 0 secs, 705 ms
 count(1) 
----------
   309839
(1 row)

Time: 0 hrs, 0 mins, 0 secs, 320 ms
END
Time: 0 hrs, 0 mins, 5 secs, 577 ms

Mon Aug 29 07:43:50 EDT 2011

Timing is on.

           800 - LOAD_BN_HITS

BEGIN
Time: 0 hrs, 0 mins, 1 secs, 226 ms
SET
Time: 0 hrs, 0 mins, 0 secs, 60 ms
SET
Time: 0 hrs, 0 mins, 0 secs, 104 ms
SET
Time: 0 hrs, 0 mins, 0 secs, 80 ms
SET
Time: 0 hrs, 0 mins, 0 secs, 84 ms
TRUNCATE
Time: 0 hrs, 0 mins, 1 secs, 655 ms
INSERT 0 20644037
Time: 0 hrs, 0 mins, 14 secs, 205 ms
 count(1) 
----------
 20644037
(1 row)

Time: 0 hrs, 0 mins, 1 secs, 443 ms
ANALYZE
Time: 0 hrs, 0 mins, 4 secs, 608 ms
END
Time: 0 hrs, 0 mins, 26 secs, 720 ms

Mon Aug 29 07:44:41 EDT 2011

Timing is on.

            900 - LOAD_CLICKSTREAM   

BEGIN
Time: 0 hrs, 0 mins, 1 secs, 664 ms
SET
Time: 0 hrs, 0 mins, 0 secs, 16 ms
TRUNCATE
Time: 0 hrs, 0 mins, 0 secs, 782 ms
INSERT 0 20644037
Time: 0 hrs, 2 mins, 40 secs, 666 ms
 count(1) 
----------
 20644037
(1 row)

Time: 0 hrs, 0 mins, 0 secs, 820 ms
ANALYZE
Time: 0 hrs, 0 mins, 1 secs, 271 ms
END
Time: 0 hrs, 0 mins, 11 secs, 311 ms

Mon Aug 29 07:47:37 EDT 2011

Timing is on.

            1000 - PAGE_VIEW_SUMMARY  

BEGIN
Time: 0 hrs, 0 mins, 1 secs, 295 ms
SET
Time: 0 hrs, 0 mins, 0 secs, 265 ms
SET
Time: 0 hrs, 0 mins, 0 secs, 33 ms
TRUNCATE
Time: 0 hrs, 0 mins, 0 secs, 402 ms
INSERT 0 535485
Time: 0 hrs, 0 mins, 6 secs, 973 ms
 count(1) 
----------
   535485
(1 row)

Time: 0 hrs, 0 mins, 0 secs, 431 ms
ANALYZE
Time: 0 hrs, 0 mins, 0 secs, 207 ms
END
Time: 0 hrs, 0 mins, 4 secs, 267 ms

Mon Aug 29 07:47:52 EDT 2011


2000 - WRAP UP 

Timing is on.
BEGIN
Time: 0 hrs, 0 mins, 2 secs, 19 ms
TRUNCATE
Time: 0 hrs, 0 mins, 1 secs, 23 ms
TRUNCATE
Time: 0 hrs, 0 mins, 1 secs, 123 ms
END
Time: 0 hrs, 0 mins, 4 secs, 452 ms
Mon Aug 29 07:48:00 EDT 2011
Removing lock file and waiting for a minute
rm: missing operand
Try `rm --help' for more information.
Total time taken:  78  minutes.
Running time of run.sh 20110827: 78 minutes
