Checking for lock file /tmp/.iislock
Acquired lock file /tmp/.iislock
deleting simple.htm records - these are just server testing...
DELETE 6123833
-------------------------------------
Processing for 20110910
-------------------------------------

Sun Sep 11 07:02:15 EDT 2011

Timing is on.

           000 - INIT

BEGIN
Time: 0 hrs, 0 mins, 12 secs, 439 ms
*** Truncating staging tables before workflow starts ***
SET
Time: 0 hrs, 0 mins, 0 secs, 19 ms
GRANT
Time: 0 hrs, 0 mins, 7 secs, 344 ms
END
Time: 0 hrs, 0 mins, 21 secs, 417 ms

Sun Sep 11 07:02:57 EDT 2011

Timing is on.

            200 - LOAD_BN_IISLOGS   

BEGIN
Time: 0 hrs, 0 mins, 4 secs, 306 ms
SET
Time: 0 hrs, 0 mins, 0 secs, 20 ms
TRUNCATE
Time: 0 hrs, 0 mins, 4 secs, 206 ms
INSERT 0 55631873
Time: 0 hrs, 8 mins, 46 secs, 81 ms
END
Time: 0 hrs, 0 mins, 13 secs, 787 ms
ALTER TABLE
Time: 0 hrs, 6 mins, 38 secs, 89 ms

Sun Sep 11 07:18:44 EDT 2011

Timing is on.
BEGIN
Time: 0 hrs, 0 mins, 0 secs, 473 ms
SET
Time: 0 hrs, 0 mins, 0 secs, 19 ms

            250 - LOAD_BN_HITS_SP   

TRUNCATE
Time: 0 hrs, 0 mins, 3 secs, 140 ms
INSERT 0 22363238
Time: 0 hrs, 3 mins, 29 secs, 565 ms
ANALYZE
Time: 0 hrs, 0 mins, 3 secs, 227 ms
END
Time: 0 hrs, 0 mins, 7 secs, 12 ms

Sun Sep 11 07:22:28 EDT 2011

Timing is on.
BEGIN
Time: 0 hrs, 0 mins, 4 secs, 180 ms
SET
Time: 0 hrs, 0 mins, 0 secs, 99 ms

           300 - DYNAMIC FILTER

TRUNCATE
Time: 0 hrs, 0 mins, 3 secs, 380 ms
INSERT 0 16151343
Time: 0 hrs, 0 mins, 4 secs, 916 ms
ANALYZE
Time: 0 hrs, 0 mins, 1 secs, 834 ms
 Total records in web_click_cnt 
--------------------------------
                       16151343
(1 row)

Time: 0 hrs, 0 mins, 1 secs, 154 ms
CREATE TABLE
Time: 0 hrs, 0 mins, 4 secs, 656 ms
ANALYZE
Time: 0 hrs, 0 mins, 0 secs, 237 ms
CREATE TABLE
Time: 0 hrs, 0 mins, 3 secs, 249 ms
ANALYZE
Time: 0 hrs, 0 mins, 0 secs, 93 ms
DELETE 1
Time: 0 hrs, 0 mins, 0 secs, 883 ms
INSERT 0 1
Time: 0 hrs, 0 mins, 1 secs, 699 ms
DELETE 1
Time: 0 hrs, 0 mins, 0 secs, 114 ms
INSERT 0 1
Time: 0 hrs, 0 mins, 3 secs, 333 ms
CREATE TABLE
Time: 0 hrs, 0 mins, 2 secs, 590 ms
ANALYZE
Time: 0 hrs, 0 mins, 0 secs, 55 ms
CREATE TABLE
Time: 0 hrs, 0 mins, 0 secs, 374 ms
ANALYZE
Time: 0 hrs, 0 mins, 0 secs, 79 ms
DELETE 1
Time: 0 hrs, 0 mins, 0 secs, 185 ms
INSERT 0 1
Time: 0 hrs, 0 mins, 3 secs, 60 ms
DELETE 1
Time: 0 hrs, 0 mins, 0 secs, 129 ms
INSERT 0 1
Time: 0 hrs, 0 mins, 1 secs, 684 ms
ANALYZE
Time: 0 hrs, 0 mins, 1 secs, 463 ms
    tablename     |    attr_name    | attr_value 
------------------+-----------------+------------
 BN_FILTER_SPIDER | CLK_USER_SD_MPL | 10
 BN_FILTER_SPIDER | IP_USER_SD_MPL  | 1
 BN_FILTER_SPIDER | IP_USER_RATIO   | .955
 BN_FILTER_SPIDER | CLK_USER_MEAN   | 13.014
 BN_FILTER_SPIDER | CLK_USER_SD     | 52.473
 BN_FILTER_SPIDER | IP_USER_MEAN    | 23.105
 BN_FILTER_SPIDER | IP_USER_SD      | 1671.389
(7 rows)

Time: 0 hrs, 0 mins, 2 secs, 936 ms
CREATE TABLE
Time: 0 hrs, 0 mins, 13 secs, 499 ms
CREATE TABLE
Time: 0 hrs, 0 mins, 1 secs, 672 ms
 l_mean_sd_mpl 
---------------
       537.744
(1 row)

Time: 0 hrs, 0 mins, 0 secs, 384 ms
TRUNCATE
Time: 0 hrs, 0 mins, 1 secs, 886 ms
INSERT 0 340
Time: 0 hrs, 0 mins, 9 secs, 72 ms
ANALYZE
Time: 0 hrs, 0 mins, 4 secs, 70 ms
 Total click_user bn_spider_ip records 
---------------------------------------
                                   340
(1 row)

Time: 0 hrs, 0 mins, 4 secs, 474 ms
CREATE TABLE
Time: 0 hrs, 0 mins, 7 secs, 38 ms
ANALYZE
Time: 0 hrs, 0 mins, 0 secs, 78 ms
CREATE TABLE
Time: 0 hrs, 0 mins, 1 secs, 501 ms
ANALYZE
Time: 0 hrs, 0 mins, 0 secs, 55 ms
DROP 
Time: 0 hrs, 0 mins, 0 secs, 100 ms
CREATE TABLE
Time: 0 hrs, 0 mins, 0 secs, 89 ms
 l_mean_sd_mpl | l_ratio 
---------------+---------
      1694.494 |   0.955
(1 row)

Time: 0 hrs, 0 mins, 0 secs, 312 ms
INSERT 0 14061576
Time: 0 hrs, 0 mins, 6 secs, 616 ms
ANALYZE
Time: 0 hrs, 0 mins, 0 secs, 206 ms
 Total ip_user_filter bn_spider_ip records 
-------------------------------------------
                                  14061576
(1 row)

Time: 0 hrs, 0 mins, 0 secs, 498 ms
TRUNCATE
Time: 0 hrs, 0 mins, 3 secs, 656 ms
INSERT 0 13790542
Time: 0 hrs, 0 mins, 23 secs, 848 ms
ANALYZE
Time: 0 hrs, 0 mins, 11 secs, 906 ms
 bn_hits_stage 
---------------
      13790542
(1 row)

Time: 0 hrs, 0 mins, 0 secs, 703 ms
INSERT 0 14740419
Time: 0 hrs, 0 mins, 39 secs, 299 ms
ANALYZE
Time: 0 hrs, 0 mins, 42 secs, 123 ms
 bn_hits_sp_20110910 
---------------------
            37103657
(1 row)

Time: 0 hrs, 0 mins, 20 secs, 471 ms
TRUNCATE
Time: 0 hrs, 0 mins, 12 secs, 109 ms
INSERT 0 4737674
Time: 0 hrs, 0 mins, 4 secs, 927 ms
ANALYZE
Time: 0 hrs, 0 mins, 2 secs, 759 ms
 bn_hits_client_20110910 
-------------------------
                 4737674
(1 row)

Time: 0 hrs, 0 mins, 0 secs, 972 ms
END
Time: 0 hrs, 0 mins, 17 secs, 747 ms

Sun Sep 11 07:27:02 EDT 2011

Timing is on.
BEGIN
Time: 0 hrs, 0 mins, 5 secs, 980 ms

           600 - LOAD RESOURCES

SET
Time: 0 hrs, 0 mins, 0 secs, 36 ms
CREATE TABLE
Time: 0 hrs, 0 mins, 35 secs, 218 ms
ANALYZE
Time: 0 hrs, 0 mins, 2 secs, 418 ms
 tmp_a_count 
-------------
      387480
(1 row)

Time: 0 hrs, 0 mins, 0 secs, 567 ms
UPDATE 0
Time: 0 hrs, 0 mins, 7 secs, 649 ms
ANALYZE
Time: 0 hrs, 0 mins, 1 secs, 901 ms
TRUNCATE
Time: 0 hrs, 0 mins, 7 secs, 257 ms
INSERT 0 131084
Time: 0 hrs, 1 mins, 1 secs, 563 ms
ANALYZE
Time: 0 hrs, 0 mins, 2 secs, 804 ms
 first_resource_id | last_resource_id 
-------------------+------------------
          42189858 |         42320941
(1 row)

Time: 0 hrs, 0 mins, 1 secs, 414 ms
INSERT 0 131084
Time: 0 hrs, 0 mins, 6 secs, 598 ms
 total_resources 
-----------------
        42296538
(1 row)

Time: 0 hrs, 0 mins, 1 secs, 115 ms
ANALYZE
Time: 0 hrs, 0 mins, 1 secs, 192 ms
END
Time: 0 hrs, 0 mins, 20 secs, 723 ms
VACUUM
Time: 0 hrs, 0 mins, 20 secs, 10 ms

Sun Sep 11 07:29:59 EDT 2011

Timing is on.

           650 - LOAD_BN_SESSION_STAGE

BEGIN
Time: 0 hrs, 0 mins, 1 secs, 75 ms
SET
Time: 0 hrs, 0 mins, 0 secs, 24 ms
SET
Time: 0 hrs, 0 mins, 0 secs, 228 ms
CREATE TABLE
Time: 0 hrs, 0 mins, 57 secs, 538 ms
ANALYZE
Time: 0 hrs, 0 mins, 3 secs, 573 ms
 tmp_sessionized_stage 
-----------------------
              13790542
(1 row)

Time: 0 hrs, 0 mins, 3 secs, 840 ms
TRUNCATE
Time: 0 hrs, 0 mins, 4 secs, 496 ms
INSERT 0 1820379
Time: 0 hrs, 1 mins, 23 secs, 24 ms
ANALYZE
Time: 0 hrs, 0 mins, 6 secs, 841 ms
CREATE TABLE
Time: 0 hrs, 2 mins, 54 secs, 815 ms
CREATE INDEX
Time: 0 hrs, 0 mins, 0 secs, 68 ms
 tmp_first_last 
----------------
        1820379
(1 row)

Time: 0 hrs, 0 mins, 0 secs, 156 ms
ANALYZE
Time: 0 hrs, 0 mins, 0 secs, 695 ms
SET
Time: 0 hrs, 0 mins, 0 secs, 52 ms
SET
Time: 0 hrs, 0 mins, 0 secs, 61 ms
TRUNCATE
Time: 0 hrs, 0 mins, 16 secs, 686 ms
DROP 
Time: 0 hrs, 0 mins, 2 secs, 358 ms
INSERT 0 1820379
Time: 0 hrs, 0 mins, 6 secs, 857 ms
 bn_session_stage 
------------------
          1820379
(1 row)

Time: 0 hrs, 0 mins, 10 secs, 802 ms
CREATE INDEX
Time: 0 hrs, 0 mins, 3 secs, 27 ms
ANALYZE
Time: 0 hrs, 0 mins, 1 secs, 84 ms
TRUNCATE
Time: 0 hrs, 0 mins, 6 secs, 146 ms
END
Time: 0 hrs, 0 mins, 16 secs, 154 ms

Sun Sep 11 07:36:39 EDT 2011

BEGIN

           660 - LOAD_BN_SESSION_UPDATE_STAGE

SET
TRUNCATE
INSERT 0 0
END

Sun Sep 11 07:36:51 EDT 2011

Timing is on.

           670 - LOAD_BN_SESSION_20110910.UPDATES

BEGIN
Time: 0 hrs, 0 mins, 0 secs, 897 ms
SET
Time: 0 hrs, 0 mins, 0 secs, 20 ms
UPDATE 0
Time: 0 hrs, 0 mins, 0 secs, 330 ms
END
Time: 0 hrs, 0 mins, 9 secs, 387 ms
VACUUM
Time: 0 hrs, 0 mins, 9 secs, 614 ms

Sun Sep 11 07:37:12 EDT 2011

Timing is on.

           700 - LOAD_BN_SESSION

BEGIN
Time: 0 hrs, 0 mins, 0 secs, 207 ms
SET
Time: 0 hrs, 0 mins, 0 secs, 13 ms
INSERT 0 1820379
Time: 0 hrs, 0 mins, 11 secs, 756 ms
ANALYZE
Time: 0 hrs, 0 mins, 0 secs, 734 ms
END
Time: 0 hrs, 0 mins, 26 secs, 193 ms

Sun Sep 11 07:37:51 EDT 2011

Timing is on.

            750 - LOAD_BN_SESSION_SUMMARY   

BEGIN
Time: 0 hrs, 0 mins, 0 secs, 426 ms
SET
Time: 0 hrs, 0 mins, 0 secs, 48 ms
CREATE TABLE
Time: 0 hrs, 0 mins, 22 secs, 449 ms
TRUNCATE
Time: 0 hrs, 2 mins, 4 secs, 231 ms
INSERT 0 224918
Time: 0 hrs, 0 mins, 5 secs, 870 ms
ANALYZE
Time: 0 hrs, 0 mins, 0 secs, 750 ms
 count(1) 
----------
   224918
(1 row)

Time: 0 hrs, 0 mins, 0 secs, 394 ms
END
Time: 0 hrs, 0 mins, 17 secs, 646 ms

Sun Sep 11 07:40:43 EDT 2011

Timing is on.

           800 - LOAD_BN_HITS

BEGIN
Time: 0 hrs, 0 mins, 0 secs, 813 ms
SET
Time: 0 hrs, 0 mins, 0 secs, 29 ms
SET
Time: 0 hrs, 0 mins, 0 secs, 47 ms
SET
Time: 0 hrs, 0 mins, 0 secs, 50 ms
SET
Time: 0 hrs, 0 mins, 0 secs, 48 ms
TRUNCATE
Time: 0 hrs, 0 mins, 8 secs, 35 ms
INSERT 0 13790542
Time: 0 hrs, 0 mins, 6 secs, 363 ms
 count(1) 
----------
 13790542
(1 row)

Time: 0 hrs, 0 mins, 7 secs, 594 ms
ANALYZE
Time: 0 hrs, 0 mins, 5 secs, 810 ms
END
Time: 0 hrs, 1 mins, 12 secs, 876 ms

Sun Sep 11 07:42:25 EDT 2011

Timing is on.

            900 - LOAD_CLICKSTREAM   

BEGIN
Time: 0 hrs, 0 mins, 2 secs, 900 ms
SET
Time: 0 hrs, 0 mins, 0 secs, 27 ms
TRUNCATE
Time: 0 hrs, 0 mins, 2 secs, 380 ms
INSERT 0 13790542
Time: 0 hrs, 3 mins, 8 secs, 299 ms
 count(1) 
----------
 13790542
(1 row)

Time: 0 hrs, 0 mins, 7 secs, 838 ms
ANALYZE
Time: 0 hrs, 0 mins, 7 secs, 875 ms
END
Time: 0 hrs, 0 mins, 50 secs, 991 ms

Sun Sep 11 07:46:46 EDT 2011

Timing is on.

            1000 - PAGE_VIEW_SUMMARY  

BEGIN
Time: 0 hrs, 0 mins, 0 secs, 886 ms
SET
Time: 0 hrs, 0 mins, 0 secs, 20 ms
SET
Time: 0 hrs, 0 mins, 0 secs, 60 ms
TRUNCATE
Time: 0 hrs, 0 mins, 3 secs, 771 ms
INSERT 0 397742
Time: 0 hrs, 0 mins, 14 secs, 444 ms
 count(1) 
----------
   397742
(1 row)

Time: 0 hrs, 0 mins, 2 secs, 65 ms
ANALYZE
Time: 0 hrs, 0 mins, 0 secs, 618 ms
END
Time: 0 hrs, 1 mins, 34 secs, 964 ms

Sun Sep 11 07:48:43 EDT 2011


2000 - WRAP UP 

Timing is on.
BEGIN
Time: 0 hrs, 0 mins, 8 secs, 504 ms
TRUNCATE
Time: 0 hrs, 0 mins, 9 secs, 329 ms
TRUNCATE
Time: 0 hrs, 0 mins, 2 secs, 371 ms
END
Time: 0 hrs, 0 mins, 19 secs, 109 ms
Sun Sep 11 07:49:23 EDT 2011
Removing lock file and waiting for a minute
Total time taken:  51  minutes.
Running time of run.sh 20110910: 3074 seconds
Checking for lock file /tmp/.iislock
Acquired lock file /tmp/.iislock
deleting simple.htm records - these are just server testing...
DELETE 14
-------------------------------------
Processing for 20110910
-------------------------------------

Mon Sep 12 07:22:35 EDT 2011

Timing is on.

           000 - INIT

BEGIN
Time: 0 hrs, 0 mins, 0 secs, 390 ms
*** Truncating staging tables before workflow starts ***
SET
Time: 0 hrs, 0 mins, 0 secs, 27 ms
GRANT
Time: 0 hrs, 0 mins, 1 secs, 898 ms
END
Time: 0 hrs, 0 mins, 6 secs, 560 ms

Mon Sep 12 07:22:44 EDT 2011

Timing is on.

            200 - LOAD_BN_IISLOGS   

BEGIN
Time: 0 hrs, 0 mins, 0 secs, 210 ms
SET
Time: 0 hrs, 0 mins, 0 secs, 18 ms
TRUNCATE
Time: 0 hrs, 0 mins, 1 secs, 481 ms
INSERT 0 72719248
Time: 0 hrs, 13 mins, 29 secs, 162 ms
END
Time: 0 hrs, 1 mins, 15 secs, 514 ms
ALTER TABLE
Time: 0 hrs, 0 mins, 23 secs, 911 ms

Mon Sep 12 07:37:55 EDT 2011

Timing is on.
BEGIN
Time: 0 hrs, 0 mins, 2 secs, 224 ms
SET
Time: 0 hrs, 0 mins, 0 secs, 51 ms

            250 - LOAD_BN_HITS_SP   

TRUNCATE
Time: 0 hrs, 0 mins, 4 secs, 236 ms
INSERT 0 28544303
Time: 0 hrs, 8 mins, 23 secs, 586 ms
ANALYZE
Time: 0 hrs, 0 mins, 8 secs, 234 ms
END
Time: 0 hrs, 2 mins, 10 secs, 32 ms

Mon Sep 12 07:48:43 EDT 2011

Timing is on.
BEGIN
Time: 0 hrs, 0 mins, 0 secs, 651 ms
SET
Time: 0 hrs, 0 mins, 0 secs, 21 ms

           300 - DYNAMIC FILTER

TRUNCATE
Time: 0 hrs, 0 mins, 6 secs, 818 ms
INSERT 0 20703910
Time: 0 hrs, 0 mins, 8 secs, 576 ms
ANALYZE
Time: 0 hrs, 0 mins, 1 secs, 833 ms
 Total records in web_click_cnt 
--------------------------------
                       20703910
(1 row)

Time: 0 hrs, 0 mins, 1 secs, 80 ms
CREATE TABLE
Time: 0 hrs, 3 mins, 22 secs, 650 ms
ANALYZE
Time: 0 hrs, 0 mins, 0 secs, 49 ms
CREATE TABLE
Time: 0 hrs, 0 mins, 1 secs, 732 ms
ANALYZE
Time: 0 hrs, 0 mins, 0 secs, 51 ms
DELETE 1
Time: 0 hrs, 0 mins, 2 secs, 367 ms
INSERT 0 1
Time: 0 hrs, 0 mins, 1 secs, 362 ms
DELETE 1
Time: 0 hrs, 0 mins, 0 secs, 88 ms
INSERT 0 1
Time: 0 hrs, 0 mins, 1 secs, 832 ms
CREATE TABLE
Time: 0 hrs, 0 mins, 10 secs, 38 ms
ANALYZE
Time: 0 hrs, 0 mins, 0 secs, 41 ms
CREATE TABLE
Time: 0 hrs, 0 mins, 0 secs, 97 ms
ANALYZE
Time: 0 hrs, 0 mins, 0 secs, 46 ms
DELETE 1
Time: 0 hrs, 0 mins, 0 secs, 70 ms
INSERT 0 1
Time: 0 hrs, 0 mins, 0 secs, 517 ms
DELETE 1
Time: 0 hrs, 0 mins, 0 secs, 156 ms
INSERT 0 1
Time: 0 hrs, 0 mins, 1 secs, 365 ms
ANALYZE
Time: 0 hrs, 0 mins, 0 secs, 371 ms
    tablename     |    attr_name    | attr_value 
------------------+-----------------+------------
 BN_FILTER_SPIDER | CLK_USER_SD_MPL | 10
 BN_FILTER_SPIDER | IP_USER_SD_MPL  | 1
 BN_FILTER_SPIDER | IP_USER_RATIO   | .955
 BN_FILTER_SPIDER | CLK_USER_MEAN   | 13.560
 BN_FILTER_SPIDER | CLK_USER_SD     | 53.056
 BN_FILTER_SPIDER | IP_USER_MEAN    | 23.087
 BN_FILTER_SPIDER | IP_USER_SD      | 1910.835
(7 rows)

Time: 0 hrs, 0 mins, 0 secs, 118 ms
CREATE TABLE
Time: 0 hrs, 0 mins, 7 secs, 601 ms
CREATE TABLE
Time: 0 hrs, 0 mins, 0 secs, 813 ms
 l_mean_sd_mpl 
---------------
       544.120
(1 row)

Time: 0 hrs, 0 mins, 0 secs, 230 ms
TRUNCATE
Time: 0 hrs, 0 mins, 1 secs, 534 ms
INSERT 0 451
Time: 0 hrs, 0 mins, 6 secs, 322 ms
ANALYZE
Time: 0 hrs, 0 mins, 0 secs, 495 ms
 Total click_user bn_spider_ip records 
---------------------------------------
                                   451
(1 row)

Time: 0 hrs, 0 mins, 1 secs, 575 ms
CREATE TABLE
Time: 0 hrs, 0 mins, 3 secs, 845 ms
ANALYZE
Time: 0 hrs, 0 mins, 0 secs, 38 ms
CREATE TABLE
Time: 0 hrs, 0 mins, 4 secs, 242 ms
ANALYZE
Time: 0 hrs, 0 mins, 0 secs, 201 ms
DROP 
Time: 0 hrs, 0 mins, 0 secs, 263 ms
CREATE TABLE
Time: 0 hrs, 0 mins, 0 secs, 812 ms
 l_mean_sd_mpl | l_ratio 
---------------+---------
      1933.922 |   0.955
(1 row)

Time: 0 hrs, 0 mins, 1 secs, 626 ms
INSERT 0 18055631
Time: 0 hrs, 0 mins, 9 secs, 123 ms
ANALYZE
Time: 0 hrs, 0 mins, 0 secs, 221 ms
 Total ip_user_filter bn_spider_ip records 
-------------------------------------------
                                  18055631
(1 row)

Time: 0 hrs, 0 mins, 2 secs, 967 ms
TRUNCATE
Time: 0 hrs, 0 mins, 2 secs, 835 ms
INSERT 0 18449050
Time: 0 hrs, 0 mins, 39 secs, 660 ms
ANALYZE
Time: 0 hrs, 0 mins, 12 secs, 244 ms
 bn_hits_stage 
---------------
      18449050
(1 row)

Time: 0 hrs, 0 mins, 3 secs, 111 ms
INSERT 0 18929914
Time: 0 hrs, 0 mins, 48 secs, 108 ms
ANALYZE
Time: 0 hrs, 0 mins, 32 secs, 783 ms
 bn_hits_sp_20110910 
---------------------
            47474217
(1 row)

Time: 0 hrs, 0 mins, 39 secs, 332 ms
TRUNCATE
Time: 0 hrs, 0 mins, 5 secs, 154 ms
INSERT 0 6795981
Time: 0 hrs, 0 mins, 5 secs, 648 ms
ANALYZE
Time: 0 hrs, 0 mins, 3 secs, 320 ms
 bn_hits_client_20110910 
-------------------------
                 6795981
(1 row)

Time: 0 hrs, 0 mins, 3 secs, 152 ms
END
Time: 0 hrs, 0 mins, 49 secs, 53 ms

Mon Sep 12 07:57:32 EDT 2011

Timing is on.
BEGIN
Time: 0 hrs, 0 mins, 0 secs, 278 ms

           600 - LOAD RESOURCES

SET
Time: 0 hrs, 0 mins, 0 secs, 12 ms
CREATE TABLE
Time: 0 hrs, 0 mins, 49 secs, 56 ms
ANALYZE
Time: 0 hrs, 0 mins, 0 secs, 695 ms
 tmp_a_count 
-------------
      489202
(1 row)

Time: 0 hrs, 0 mins, 1 secs, 147 ms
UPDATE 0
Time: 0 hrs, 0 mins, 5 secs, 181 ms
ANALYZE
Time: 0 hrs, 0 mins, 2 secs, 73 ms
TRUNCATE
Time: 0 hrs, 0 mins, 2 secs, 551 ms
INSERT 0 42281
Time: 0 hrs, 1 mins, 46 secs, 298 ms
ANALYZE
Time: 0 hrs, 0 mins, 3 secs, 538 ms
 first_resource_id | last_resource_id 
-------------------+------------------
          42493695 |         42535975
(1 row)

Time: 0 hrs, 0 mins, 4 secs, 290 ms
INSERT 0 42281
Time: 0 hrs, 0 mins, 5 secs, 329 ms
 total_resources 
-----------------
        42511572
(1 row)

Time: 0 hrs, 0 mins, 1 secs, 425 ms
ANALYZE
Time: 0 hrs, 0 mins, 0 secs, 553 ms
END
Time: 0 hrs, 0 mins, 10 secs, 804 ms
VACUUM
Time: 0 hrs, 0 mins, 22 secs, 6 ms

Mon Sep 12 08:01:07 EDT 2011

Timing is on.

           650 - LOAD_BN_SESSION_STAGE

BEGIN
Time: 0 hrs, 0 mins, 4 secs, 818 ms
SET
Time: 0 hrs, 0 mins, 0 secs, 10 ms
SET
Time: 0 hrs, 0 mins, 0 secs, 21 ms
CREATE TABLE
Time: 0 hrs, 1 mins, 10 secs, 150 ms
ANALYZE
Time: 0 hrs, 0 mins, 4 secs, 811 ms
 tmp_sessionized_stage 
-----------------------
              18449050
(1 row)

Time: 0 hrs, 0 mins, 1 secs, 87 ms
TRUNCATE
Time: 0 hrs, 0 mins, 0 secs, 751 ms
INSERT 0 2332460
Time: 0 hrs, 1 mins, 46 secs, 785 ms
ANALYZE
Time: 0 hrs, 0 mins, 5 secs, 871 ms
CREATE TABLE
Time: 0 hrs, 2 mins, 16 secs, 969 ms
CREATE INDEX
Time: 0 hrs, 0 mins, 0 secs, 96 ms
 tmp_first_last 
----------------
        2332460
(1 row)

Time: 0 hrs, 0 mins, 0 secs, 90 ms
ANALYZE
Time: 0 hrs, 0 mins, 0 secs, 686 ms
SET
Time: 0 hrs, 0 mins, 0 secs, 38 ms
SET
Time: 0 hrs, 0 mins, 0 secs, 58 ms
TRUNCATE
Time: 0 hrs, 0 mins, 3 secs, 112 ms
DROP 
Time: 0 hrs, 0 mins, 0 secs, 165 ms
INSERT 0 2332460
Time: 0 hrs, 0 mins, 6 secs, 622 ms
 bn_session_stage 
------------------
          2332460
(1 row)

Time: 0 hrs, 0 mins, 8 secs, 245 ms
CREATE INDEX
Time: 0 hrs, 0 mins, 2 secs, 467 ms
ANALYZE
Time: 0 hrs, 0 mins, 0 secs, 960 ms
TRUNCATE
Time: 0 hrs, 0 mins, 4 secs, 578 ms
END
Time: 0 hrs, 0 mins, 32 secs, 453 ms

Mon Sep 12 08:07:38 EDT 2011

BEGIN

           660 - LOAD_BN_SESSION_UPDATE_STAGE

SET
TRUNCATE
INSERT 0 0
END

Mon Sep 12 08:08:30 EDT 2011

Timing is on.

           670 - LOAD_BN_SESSION_20110910.UPDATES

BEGIN
Time: 0 hrs, 0 mins, 0 secs, 170 ms
SET
Time: 0 hrs, 0 mins, 0 secs, 15 ms
UPDATE 0
Time: 0 hrs, 0 mins, 0 secs, 654 ms
END
Time: 0 hrs, 0 mins, 8 secs, 340 ms
VACUUM
Time: 0 hrs, 0 mins, 28 secs, 763 ms

Mon Sep 12 08:09:09 EDT 2011

Timing is on.

           700 - LOAD_BN_SESSION

BEGIN
Time: 0 hrs, 0 mins, 3 secs, 897 ms
SET
Time: 0 hrs, 0 mins, 0 secs, 26 ms
INSERT 0 2332460
Time: 0 hrs, 1 mins, 25 secs, 385 ms
ANALYZE
Time: 0 hrs, 0 mins, 1 secs, 602 ms
END
Time: 0 hrs, 0 mins, 24 secs, 611 ms

Mon Sep 12 08:11:04 EDT 2011

Timing is on.

            750 - LOAD_BN_SESSION_SUMMARY   

BEGIN
Time: 0 hrs, 0 mins, 0 secs, 320 ms
SET
Time: 0 hrs, 0 mins, 0 secs, 36 ms
CREATE TABLE
Time: 0 hrs, 0 mins, 24 secs, 464 ms
TRUNCATE
Time: 0 hrs, 0 mins, 13 secs, 76 ms
INSERT 0 276470
Time: 0 hrs, 0 mins, 50 secs, 737 ms
ANALYZE
Time: 0 hrs, 0 mins, 4 secs, 201 ms
 count(1) 
----------
   276470
(1 row)

Time: 0 hrs, 0 mins, 0 secs, 807 ms
END
Time: 0 hrs, 0 mins, 11 secs, 886 ms

Mon Sep 12 08:12:50 EDT 2011

Timing is on.

           800 - LOAD_BN_HITS

BEGIN
Time: 0 hrs, 0 mins, 0 secs, 126 ms
SET
Time: 0 hrs, 0 mins, 0 secs, 7 ms
SET
Time: 0 hrs, 0 mins, 0 secs, 14 ms
SET
Time: 0 hrs, 0 mins, 0 secs, 12 ms
SET
Time: 0 hrs, 0 mins, 0 secs, 12 ms
TRUNCATE
Time: 0 hrs, 0 mins, 2 secs, 986 ms
INSERT 0 18449050
Time: 0 hrs, 0 mins, 5 secs, 209 ms
 count(1) 
----------
 18449050
(1 row)

Time: 0 hrs, 0 mins, 4 secs, 682 ms
ANALYZE
Time: 0 hrs, 0 mins, 5 secs, 61 ms
END
Time: 0 hrs, 0 mins, 36 secs, 352 ms

Mon Sep 12 08:13:45 EDT 2011

Timing is on.

            900 - LOAD_CLICKSTREAM   

BEGIN
Time: 0 hrs, 0 mins, 0 secs, 151 ms
SET
Time: 0 hrs, 0 mins, 0 secs, 12 ms
TRUNCATE
Time: 0 hrs, 0 mins, 3 secs, 436 ms
INSERT 0 18449050
Time: 0 hrs, 3 mins, 6 secs, 596 ms
 count(1) 
----------
 18449050
(1 row)

Time: 0 hrs, 0 mins, 2 secs, 263 ms
ANALYZE
Time: 0 hrs, 0 mins, 3 secs, 150 ms
END
Time: 0 hrs, 0 mins, 20 secs, 892 ms

Mon Sep 12 08:17:22 EDT 2011

Timing is on.

            1000 - PAGE_VIEW_SUMMARY  

BEGIN
Time: 0 hrs, 0 mins, 3 secs, 164 ms
SET
Time: 0 hrs, 0 mins, 0 secs, 22 ms
SET
Time: 0 hrs, 0 mins, 0 secs, 30 ms
TRUNCATE
Time: 0 hrs, 0 mins, 2 secs, 997 ms
INSERT 0 501873
Time: 0 hrs, 0 mins, 15 secs, 136 ms
 count(1) 
----------
   501873
(1 row)

Time: 0 hrs, 0 mins, 0 secs, 512 ms
ANALYZE
Time: 0 hrs, 0 mins, 0 secs, 864 ms
END
Time: 0 hrs, 0 mins, 15 secs, 644 ms

Mon Sep 12 08:18:00 EDT 2011


2000 - WRAP UP 

Timing is on.
BEGIN
Time: 0 hrs, 0 mins, 0 secs, 169 ms
TRUNCATE
Time: 0 hrs, 0 mins, 4 secs, 820 ms
TRUNCATE
Time: 0 hrs, 0 mins, 4 secs, 1 ms
END
Time: 0 hrs, 0 mins, 23 secs, 934 ms
Mon Sep 12 08:18:33 EDT 2011
Removing lock file and waiting for a minute
Total time taken:  57  minutes.
Running time of run.sh 20110910: 57 minutes
