Checking for lock file /tmp/.iislock
Acquired lock file /tmp/.iislock
deleting simple.htm records - these are just server testing...
DELETE 5571955
-------------------------------------
Processing for 20111205
-------------------------------------

Tue Dec 6 22:08:08 EST 2011

Timing is on.

           000 - INIT

BEGIN
Time: 0 hrs, 0 mins, 0 secs, 156 ms
*** Truncating staging tables before workflow starts ***
SET
Time: 0 hrs, 0 mins, 0 secs, 6 ms
GRANT
Time: 0 hrs, 1 mins, 21 secs, 401 ms
END
Time: 0 hrs, 0 mins, 34 secs, 30 ms

Tue Dec 6 22:10:04 EST 2011

Timing is on.

            200 - LOAD_BN_IISLOGS   

BEGIN
Time: 0 hrs, 0 mins, 0 secs, 174 ms
SET
Time: 0 hrs, 0 mins, 0 secs, 5 ms
TRUNCATE
Time: 0 hrs, 0 mins, 7 secs, 462 ms
INSERT 0 64757924
Time: 0 hrs, 10 mins, 18 secs, 281 ms
END
Time: 0 hrs, 0 mins, 21 secs, 936 ms
ALTER TABLE
Time: 0 hrs, 4 mins, 7 secs, 71 ms

Tue Dec 6 22:24:59 EST 2011

Timing is on.
BEGIN
Time: 0 hrs, 0 mins, 0 secs, 289 ms
SET
Time: 0 hrs, 0 mins, 0 secs, 6 ms

            250 - LOAD_BN_HITS_SP   

TRUNCATE
Time: 0 hrs, 0 mins, 11 secs, 211 ms
INSERT 0 21975137
Time: 0 hrs, 2 mins, 59 secs, 727 ms
ANALYZE
Time: 0 hrs, 0 mins, 3 secs, 49 ms
END
Time: 0 hrs, 0 mins, 54 secs, 749 ms

Tue Dec 6 22:29:09 EST 2011

Timing is on.
BEGIN
Time: 0 hrs, 0 mins, 8 secs, 134 ms
SET
Time: 0 hrs, 0 mins, 0 secs, 7 ms

           300 - DYNAMIC FILTER

TRUNCATE
Time: 0 hrs, 0 mins, 4 secs, 467 ms
INSERT 0 25318559
Time: 0 hrs, 0 mins, 4 secs, 653 ms
ANALYZE
Time: 0 hrs, 0 mins, 3 secs, 705 ms
 Total records in web_click_cnt 
--------------------------------
                       25318559
(1 row)

Time: 0 hrs, 0 mins, 4 secs, 491 ms
CREATE TABLE
Time: 0 hrs, 1 mins, 33 secs, 779 ms
ANALYZE
Time: 0 hrs, 0 mins, 0 secs, 54 ms
CREATE TABLE
Time: 0 hrs, 0 mins, 1 secs, 233 ms
ANALYZE
Time: 0 hrs, 0 mins, 0 secs, 70 ms
DELETE 1
Time: 0 hrs, 0 mins, 1 secs, 601 ms
INSERT 0 1
Time: 0 hrs, 0 mins, 2 secs, 239 ms
DELETE 1
Time: 0 hrs, 0 mins, 0 secs, 62 ms
INSERT 0 1
Time: 0 hrs, 0 mins, 1 secs, 633 ms
CREATE TABLE
Time: 0 hrs, 1 mins, 18 secs, 195 ms
ANALYZE
Time: 0 hrs, 0 mins, 0 secs, 32 ms
CREATE TABLE
Time: 0 hrs, 0 mins, 0 secs, 157 ms
ANALYZE
Time: 0 hrs, 0 mins, 0 secs, 33 ms
DELETE 1
Time: 0 hrs, 0 mins, 0 secs, 75 ms
INSERT 0 1
Time: 0 hrs, 0 mins, 0 secs, 373 ms
DELETE 1
Time: 0 hrs, 0 mins, 0 secs, 64 ms
INSERT 0 1
Time: 0 hrs, 0 mins, 2 secs, 646 ms
ANALYZE
Time: 0 hrs, 0 mins, 0 secs, 666 ms
    tablename     |    attr_name    | attr_value 
------------------+-----------------+------------
 BN_FILTER_SPIDER | CLK_USER_SD_MPL | 10
 BN_FILTER_SPIDER | IP_USER_SD_MPL  | 1
 BN_FILTER_SPIDER | IP_USER_RATIO   | .955
 BN_FILTER_SPIDER | CLK_USER_MEAN   | 9.887
 BN_FILTER_SPIDER | CLK_USER_SD     | 44.089
 BN_FILTER_SPIDER | IP_USER_MEAN    | 26.208
 BN_FILTER_SPIDER | IP_USER_SD      | 5174.787
(7 rows)

Time: 0 hrs, 0 mins, 0 secs, 322 ms
CREATE TABLE
Time: 0 hrs, 0 mins, 11 secs, 852 ms
CREATE TABLE
Time: 0 hrs, 0 mins, 1 secs, 152 ms
 l_mean_sd_mpl 
---------------
       450.777
(1 row)

Time: 0 hrs, 0 mins, 0 secs, 407 ms
TRUNCATE
Time: 0 hrs, 0 mins, 3 secs, 444 ms
INSERT 0 488
Time: 0 hrs, 0 mins, 20 secs, 146 ms
ANALYZE
Time: 0 hrs, 0 mins, 0 secs, 576 ms
 Total click_user bn_spider_ip records 
---------------------------------------
                                   488
(1 row)

Time: 0 hrs, 0 mins, 2 secs, 733 ms
CREATE TABLE
Time: 0 hrs, 0 mins, 40 secs, 280 ms
ANALYZE
Time: 0 hrs, 0 mins, 0 secs, 24 ms
CREATE TABLE
Time: 0 hrs, 0 mins, 20 secs, 772 ms
ANALYZE
Time: 0 hrs, 0 mins, 0 secs, 40 ms
DROP 
Time: 0 hrs, 0 mins, 0 secs, 100 ms
CREATE TABLE
Time: 0 hrs, 0 mins, 0 secs, 159 ms
 l_mean_sd_mpl | l_ratio 
---------------+---------
      5200.995 |   0.955
(1 row)

Time: 0 hrs, 0 mins, 0 secs, 67 ms
INSERT 0 22049632
Time: 0 hrs, 0 mins, 17 secs, 549 ms
ANALYZE
Time: 0 hrs, 0 mins, 0 secs, 367 ms
 Total ip_user_filter bn_spider_ip records 
-------------------------------------------
                                  22049632
(1 row)

Time: 0 hrs, 0 mins, 1 secs, 57 ms
TRUNCATE
Time: 0 hrs, 0 mins, 3 secs, 336 ms
INSERT 0 16524982
Time: 0 hrs, 0 mins, 35 secs, 108 ms
ANALYZE
Time: 0 hrs, 0 mins, 19 secs, 152 ms
 bn_hits_stage 
---------------
      16524982
(1 row)

Time: 0 hrs, 0 mins, 4 secs, 922 ms
INSERT 0 23187388
Time: 0 hrs, 1 mins, 19 secs, 921 ms
ANALYZE
Time: 0 hrs, 0 mins, 10 secs, 94 ms
 bn_hits_sp_20111205 
---------------------
            45162525
(1 row)

Time: 0 hrs, 0 mins, 1 secs, 133 ms
TRUNCATE
Time: 0 hrs, 0 mins, 13 secs, 312 ms
INSERT 0 3070417
Time: 0 hrs, 0 mins, 5 secs, 548 ms
ANALYZE
Time: 0 hrs, 0 mins, 3 secs, 169 ms
 bn_hits_client_20111205 
-------------------------
                 3070417
(1 row)

Time: 0 hrs, 0 mins, 2 secs, 558 ms
END
Time: 0 hrs, 0 mins, 10 secs, 107 ms

Tue Dec 6 22:37:47 EST 2011

Timing is on.
BEGIN
Time: 0 hrs, 0 mins, 0 secs, 179 ms

           600 - LOAD RESOURCES

SET
Time: 0 hrs, 0 mins, 0 secs, 6 ms
CREATE TABLE
Time: 0 hrs, 1 mins, 34 secs, 500 ms
ANALYZE
Time: 0 hrs, 0 mins, 4 secs, 746 ms
 tmp_a_count 
-------------
     1162514
(1 row)

Time: 0 hrs, 0 mins, 4 secs, 313 ms
UPDATE 0
Time: 0 hrs, 0 mins, 16 secs, 588 ms
ANALYZE
Time: 0 hrs, 0 mins, 7 secs, 808 ms
TRUNCATE
Time: 0 hrs, 0 mins, 7 secs, 745 ms
INSERT 0 437935
Time: 0 hrs, 1 mins, 9 secs, 549 ms
ANALYZE
Time: 0 hrs, 0 mins, 6 secs, 140 ms
 first_resource_id | last_resource_id 
-------------------+------------------
          62046330 |         62484264
(1 row)

Time: 0 hrs, 0 mins, 3 secs, 487 ms
INSERT 0 437935
Time: 0 hrs, 0 mins, 14 secs, 421 ms
 total_resources 
-----------------
        62459801
(1 row)

Time: 0 hrs, 0 mins, 2 secs, 220 ms
ANALYZE
Time: 0 hrs, 0 mins, 0 secs, 588 ms
END
Time: 0 hrs, 0 mins, 46 secs, 196 ms
VACUUM
Time: 0 hrs, 0 mins, 44 secs, 362 ms

Tue Dec 6 22:43:10 EST 2011

Timing is on.

           650 - LOAD_BN_SESSION_STAGE

BEGIN
Time: 0 hrs, 0 mins, 0 secs, 145 ms
SET
Time: 0 hrs, 0 mins, 0 secs, 6 ms
SET
Time: 0 hrs, 0 mins, 0 secs, 12 ms
CREATE TABLE
Time: 0 hrs, 0 mins, 36 secs, 243 ms
ANALYZE
Time: 0 hrs, 0 mins, 3 secs, 533 ms
 tmp_sessionized_stage 
-----------------------
              16524982
(1 row)

Time: 0 hrs, 0 mins, 6 secs, 327 ms
TRUNCATE
Time: 0 hrs, 0 mins, 4 secs, 548 ms
INSERT 0 2881150
Time: 0 hrs, 1 mins, 33 secs, 747 ms
ANALYZE
Time: 0 hrs, 0 mins, 9 secs, 499 ms
CREATE TABLE
Time: 0 hrs, 2 mins, 0 secs, 427 ms
CREATE INDEX
Time: 0 hrs, 0 mins, 0 secs, 161 ms
 tmp_first_last 
----------------
        2881150
(1 row)

Time: 0 hrs, 0 mins, 0 secs, 57 ms
ANALYZE
Time: 0 hrs, 0 mins, 0 secs, 846 ms
SET
Time: 0 hrs, 0 mins, 0 secs, 19 ms
SET
Time: 0 hrs, 0 mins, 0 secs, 17 ms
TRUNCATE
Time: 0 hrs, 0 mins, 2 secs, 35 ms
DROP 
Time: 0 hrs, 0 mins, 1 secs, 513 ms
INSERT 0 2881150
Time: 0 hrs, 0 mins, 5 secs, 858 ms
 bn_session_stage 
------------------
          2881150
(1 row)

Time: 0 hrs, 0 mins, 1 secs, 946 ms
CREATE INDEX
Time: 0 hrs, 0 mins, 6 secs, 96 ms
ANALYZE
Time: 0 hrs, 0 mins, 1 secs, 165 ms
TRUNCATE
Time: 0 hrs, 0 mins, 2 secs, 409 ms
END
Time: 0 hrs, 0 mins, 9 secs, 537 ms

Tue Dec 6 22:48:22 EST 2011

BEGIN

           660 - LOAD_BN_SESSION_UPDATE_STAGE

SET
TRUNCATE
INSERT 0 0
END

Tue Dec 6 22:48:33 EST 2011

Timing is on.

           670 - LOAD_BN_SESSION_20111205.UPDATES

BEGIN
Time: 0 hrs, 0 mins, 0 secs, 728 ms
SET
Time: 0 hrs, 0 mins, 0 secs, 7 ms
UPDATE 0
Time: 0 hrs, 0 mins, 0 secs, 416 ms
END
Time: 0 hrs, 0 mins, 15 secs, 562 ms
VACUUM
Time: 0 hrs, 0 mins, 4 secs, 93 ms

Tue Dec 6 22:48:55 EST 2011

Timing is on.

           700 - LOAD_BN_SESSION

BEGIN
Time: 0 hrs, 0 mins, 0 secs, 307 ms
SET
Time: 0 hrs, 0 mins, 0 secs, 7 ms
INSERT 0 2881150
Time: 0 hrs, 0 mins, 15 secs, 906 ms
ANALYZE
Time: 0 hrs, 0 mins, 1 secs, 13 ms
END
Time: 0 hrs, 0 mins, 26 secs, 601 ms

Tue Dec 6 22:49:39 EST 2011

Timing is on.

            750 - LOAD_BN_SESSION_SUMMARY   

BEGIN
Time: 0 hrs, 0 mins, 4 secs, 155 ms
SET
Time: 0 hrs, 0 mins, 0 secs, 5 ms
CREATE TABLE
Time: 0 hrs, 0 mins, 19 secs, 629 ms
TRUNCATE
Time: 0 hrs, 0 mins, 8 secs, 855 ms
INSERT 0 826510
Time: 0 hrs, 0 mins, 6 secs, 437 ms
ANALYZE
Time: 0 hrs, 0 mins, 0 secs, 672 ms
 count(1) 
----------
   826510
(1 row)

Time: 0 hrs, 0 mins, 0 secs, 180 ms
END
Time: 0 hrs, 0 mins, 13 secs, 223 ms

Tue Dec 6 22:50:32 EST 2011

Timing is on.

           800 - LOAD_BN_HITS

BEGIN
Time: 0 hrs, 0 mins, 0 secs, 588 ms
SET
Time: 0 hrs, 0 mins, 0 secs, 6 ms
SET
Time: 0 hrs, 0 mins, 0 secs, 11 ms
SET
Time: 0 hrs, 0 mins, 0 secs, 10 ms
SET
Time: 0 hrs, 0 mins, 0 secs, 12 ms
TRUNCATE
Time: 0 hrs, 0 mins, 1 secs, 480 ms
INSERT 0 16524982
Time: 0 hrs, 0 mins, 3 secs, 555 ms
 count(1) 
----------
 16524982
(1 row)

Time: 0 hrs, 0 mins, 7 secs, 321 ms
ANALYZE
Time: 0 hrs, 0 mins, 3 secs, 557 ms
END
Time: 0 hrs, 0 mins, 8 secs, 571 ms

Tue Dec 6 22:50:57 EST 2011

Timing is on.

            900 - LOAD_CLICKSTREAM   

BEGIN
Time: 0 hrs, 0 mins, 0 secs, 195 ms
SET
Time: 0 hrs, 0 mins, 0 secs, 6 ms
TRUNCATE
Time: 0 hrs, 0 mins, 1 secs, 312 ms
INSERT 0 16524982
Time: 0 hrs, 1 mins, 18 secs, 518 ms
 count(1) 
----------
 16524982
(1 row)

Time: 0 hrs, 0 mins, 2 secs, 403 ms
ANALYZE
Time: 0 hrs, 0 mins, 3 secs, 106 ms
END
Time: 0 hrs, 0 mins, 11 secs, 290 ms

Tue Dec 6 22:52:35 EST 2011

Timing is on.

            1000 - PAGE_VIEW_SUMMARY  

BEGIN
Time: 0 hrs, 0 mins, 0 secs, 232 ms
SET
Time: 0 hrs, 0 mins, 0 secs, 6 ms
SET
Time: 0 hrs, 0 mins, 0 secs, 13 ms
TRUNCATE
Time: 0 hrs, 0 mins, 1 secs, 621 ms
INSERT 0 1191163
Time: 0 hrs, 0 mins, 14 secs, 463 ms
 count(1) 
----------
  1191163
(1 row)

Time: 0 hrs, 0 mins, 0 secs, 784 ms
ANALYZE
Time: 0 hrs, 0 mins, 3 secs, 75 ms
END
Time: 0 hrs, 0 mins, 17 secs, 395 ms

Tue Dec 6 22:53:12 EST 2011


2000 - WRAP UP 

Timing is on.
BEGIN
Time: 0 hrs, 0 mins, 0 secs, 173 ms
TRUNCATE
Time: 0 hrs, 0 mins, 2 secs, 8 ms
TRUNCATE
Time: 0 hrs, 0 mins, 4 secs, 86 ms
END
Time: 0 hrs, 0 mins, 12 secs, 719 ms
Tue Dec 6 22:53:31 EST 2011
Removing lock file and waiting for a minute
Total time taken:  48  minutes.
Running time of run.sh 20111205: 2908 seconds
Checking for lock file /tmp/.iislock
Acquired lock file /tmp/.iislock
deleting simple.htm records - these are just server testing...
DELETE 12
-------------------------------------
Processing for 20111205
-------------------------------------

Wed Dec 7 09:31:47 EST 2011

Timing is on.

           000 - INIT

BEGIN
Time: 0 hrs, 0 mins, 0 secs, 151 ms
*** Truncating staging tables before workflow starts ***
SET
Time: 0 hrs, 0 mins, 0 secs, 6 ms
GRANT
Time: 0 hrs, 1 mins, 5 secs, 730 ms
END
Time: 0 hrs, 0 mins, 11 secs, 174 ms

Wed Dec 7 09:33:04 EST 2011

Timing is on.

            200 - LOAD_BN_IISLOGS   

BEGIN
Time: 0 hrs, 0 mins, 0 secs, 143 ms
SET
Time: 0 hrs, 0 mins, 0 secs, 6 ms
TRUNCATE
Time: 0 hrs, 0 mins, 2 secs, 150 ms
INSERT 0 83345768
Time: 0 hrs, 10 mins, 17 secs, 361 ms
END
Time: 0 hrs, 0 mins, 17 secs, 427 ms
ALTER TABLE
Time: 0 hrs, 0 mins, 13 secs, 411 ms

Wed Dec 7 09:43:56 EST 2011

Timing is on.
BEGIN
Time: 0 hrs, 0 mins, 4 secs, 162 ms
SET
Time: 0 hrs, 0 mins, 0 secs, 8 ms

            250 - LOAD_BN_HITS_SP   

TRUNCATE
Time: 0 hrs, 0 mins, 6 secs, 753 ms
INSERT 0 28548003
Time: 0 hrs, 4 mins, 36 secs, 229 ms
ANALYZE
Time: 0 hrs, 0 mins, 8 secs, 419 ms
END
Time: 0 hrs, 0 mins, 19 secs, 332 ms

Wed Dec 7 09:49:11 EST 2011

Timing is on.
BEGIN
Time: 0 hrs, 0 mins, 4 secs, 121 ms
SET
Time: 0 hrs, 0 mins, 0 secs, 6 ms

           300 - DYNAMIC FILTER

TRUNCATE
Time: 0 hrs, 0 mins, 7 secs, 743 ms
INSERT 0 30495092
Time: 0 hrs, 0 mins, 2 secs, 840 ms
ANALYZE
Time: 0 hrs, 0 mins, 4 secs, 394 ms
 Total records in web_click_cnt 
--------------------------------
                       30495092
(1 row)

Time: 0 hrs, 0 mins, 2 secs, 474 ms
CREATE TABLE
Time: 0 hrs, 0 mins, 37 secs, 988 ms
ANALYZE
Time: 0 hrs, 0 mins, 0 secs, 45 ms
CREATE TABLE
Time: 0 hrs, 0 mins, 4 secs, 945 ms
ANALYZE
Time: 0 hrs, 0 mins, 0 secs, 50 ms
DELETE 1
Time: 0 hrs, 0 mins, 2 secs, 130 ms
INSERT 0 1
Time: 0 hrs, 0 mins, 2 secs, 99 ms
DELETE 1
Time: 0 hrs, 0 mins, 0 secs, 64 ms
INSERT 0 1
Time: 0 hrs, 0 mins, 0 secs, 334 ms
CREATE TABLE
Time: 0 hrs, 0 mins, 14 secs, 91 ms
ANALYZE
Time: 0 hrs, 0 mins, 0 secs, 42 ms
CREATE TABLE
Time: 0 hrs, 0 mins, 1 secs, 153 ms
ANALYZE
Time: 0 hrs, 0 mins, 0 secs, 157 ms
DELETE 1
Time: 0 hrs, 0 mins, 0 secs, 66 ms
INSERT 0 1
Time: 0 hrs, 0 mins, 2 secs, 363 ms
DELETE 1
Time: 0 hrs, 0 mins, 0 secs, 71 ms
INSERT 0 1
Time: 0 hrs, 0 mins, 1 secs, 948 ms
ANALYZE
Time: 0 hrs, 0 mins, 1 secs, 158 ms
    tablename     |    attr_name    | attr_value 
------------------+-----------------+------------
 BN_FILTER_SPIDER | CLK_USER_SD_MPL | 10
 BN_FILTER_SPIDER | IP_USER_SD_MPL  | 1
 BN_FILTER_SPIDER | IP_USER_RATIO   | .955
 BN_FILTER_SPIDER | CLK_USER_MEAN   | 10.066
 BN_FILTER_SPIDER | CLK_USER_SD     | 42.728
 BN_FILTER_SPIDER | IP_USER_MEAN    | 23.405
 BN_FILTER_SPIDER | IP_USER_SD      | 5262.764
(7 rows)

Time: 0 hrs, 0 mins, 1 secs, 736 ms
CREATE TABLE
Time: 0 hrs, 0 mins, 18 secs, 594 ms
CREATE TABLE
Time: 0 hrs, 0 mins, 6 secs, 825 ms
 l_mean_sd_mpl 
---------------
       437.346
(1 row)

Time: 0 hrs, 0 mins, 3 secs, 230 ms
TRUNCATE
Time: 0 hrs, 0 mins, 7 secs, 532 ms
INSERT 0 665
Time: 0 hrs, 0 mins, 20 secs, 634 ms
ANALYZE
Time: 0 hrs, 0 mins, 2 secs, 1 ms
 Total click_user bn_spider_ip records 
---------------------------------------
                                   665
(1 row)

Time: 0 hrs, 0 mins, 4 secs, 961 ms
CREATE TABLE
Time: 0 hrs, 0 mins, 30 secs, 82 ms
ANALYZE
Time: 0 hrs, 0 mins, 0 secs, 38 ms
CREATE TABLE
Time: 0 hrs, 0 mins, 20 secs, 876 ms
ANALYZE
Time: 0 hrs, 0 mins, 0 secs, 42 ms
DROP 
Time: 0 hrs, 0 mins, 0 secs, 117 ms
CREATE TABLE
Time: 0 hrs, 0 mins, 3 secs, 513 ms
 l_mean_sd_mpl | l_ratio 
---------------+---------
      5286.169 |   0.955
(1 row)

Time: 0 hrs, 0 mins, 2 secs, 656 ms
INSERT 0 26060433
Time: 0 hrs, 0 mins, 33 secs, 870 ms
ANALYZE
Time: 0 hrs, 0 mins, 0 secs, 363 ms
 Total ip_user_filter bn_spider_ip records 
-------------------------------------------
                                  26060433
(1 row)

Time: 0 hrs, 0 mins, 1 secs, 805 ms
TRUNCATE
Time: 0 hrs, 0 mins, 2 secs, 541 ms
INSERT 0 22300618
Time: 0 hrs, 0 mins, 25 secs, 234 ms
ANALYZE
Time: 0 hrs, 0 mins, 10 secs, 354 ms
 bn_hits_stage 
---------------
      22300618
(1 row)

Time: 0 hrs, 0 mins, 3 secs, 95 ms
INSERT 0 27469515
Time: 0 hrs, 1 mins, 27 secs, 539 ms
ANALYZE
Time: 0 hrs, 0 mins, 6 secs, 577 ms
 bn_hits_sp_20111205 
---------------------
            56017518
(1 row)

Time: 0 hrs, 0 mins, 2 secs, 311 ms
TRUNCATE
Time: 0 hrs, 0 mins, 12 secs, 258 ms
INSERT 0 5027632
Time: 0 hrs, 0 mins, 6 secs, 632 ms
ANALYZE
Time: 0 hrs, 0 mins, 2 secs, 867 ms
 bn_hits_client_20111205 
-------------------------
                 5027632
(1 row)

Time: 0 hrs, 0 mins, 0 secs, 93 ms
END
Time: 0 hrs, 0 mins, 27 secs, 269 ms

Wed Dec 7 09:56:27 EST 2011

Timing is on.
BEGIN
Time: 0 hrs, 0 mins, 6 secs, 241 ms

           600 - LOAD RESOURCES

SET
Time: 0 hrs, 0 mins, 0 secs, 9 ms
CREATE TABLE
Time: 0 hrs, 2 mins, 51 secs, 505 ms
ANALYZE
Time: 0 hrs, 0 mins, 2 secs, 566 ms
 tmp_a_count 
-------------
     1392377
(1 row)

Time: 0 hrs, 0 mins, 5 secs, 512 ms
UPDATE 0
Time: 0 hrs, 0 mins, 13 secs, 607 ms
ANALYZE
Time: 0 hrs, 0 mins, 5 secs, 135 ms
TRUNCATE
Time: 0 hrs, 0 mins, 8 secs, 302 ms
INSERT 0 105837
Time: 0 hrs, 0 mins, 56 secs, 475 ms
ANALYZE
Time: 0 hrs, 0 mins, 3 secs, 784 ms
 first_resource_id | last_resource_id 
-------------------+------------------
          63068867 |         63174703
(1 row)

Time: 0 hrs, 0 mins, 1 secs, 679 ms
INSERT 0 105837
Time: 0 hrs, 0 mins, 14 secs, 517 ms
 total_resources 
-----------------
        63150240
(1 row)

Time: 0 hrs, 0 mins, 5 secs, 399 ms
ANALYZE
Time: 0 hrs, 0 mins, 4 secs, 718 ms
END
Time: 0 hrs, 1 mins, 33 secs, 408 ms
VACUUM
Time: 0 hrs, 1 mins, 46 secs, 8 ms

Wed Dec 7 10:04:46 EST 2011

Timing is on.

           650 - LOAD_BN_SESSION_STAGE

BEGIN
Time: 0 hrs, 0 mins, 3 secs, 608 ms
SET
Time: 0 hrs, 0 mins, 0 secs, 8 ms
SET
Time: 0 hrs, 0 mins, 0 secs, 281 ms
CREATE TABLE
Time: 0 hrs, 2 mins, 22 secs, 564 ms
ANALYZE
Time: 0 hrs, 0 mins, 12 secs, 46 ms
 tmp_sessionized_stage 
-----------------------
              22300618
(1 row)

Time: 0 hrs, 0 mins, 7 secs, 484 ms
TRUNCATE
Time: 0 hrs, 0 mins, 8 secs, 645 ms
INSERT 0 3935999
Time: 0 hrs, 3 mins, 9 secs, 163 ms
ANALYZE
Time: 0 hrs, 0 mins, 2 secs, 562 ms
CREATE TABLE
Time: 0 hrs, 5 mins, 45 secs, 724 ms
CREATE INDEX
Time: 0 hrs, 0 mins, 4 secs, 791 ms
 tmp_first_last 
----------------
        3935999
(1 row)

Time: 0 hrs, 0 mins, 1 secs, 594 ms
ANALYZE
Time: 0 hrs, 0 mins, 2 secs, 424 ms
SET
Time: 0 hrs, 0 mins, 0 secs, 11 ms
SET
Time: 0 hrs, 0 mins, 0 secs, 11 ms
TRUNCATE
Time: 0 hrs, 0 mins, 9 secs, 423 ms
DROP 
Time: 0 hrs, 0 mins, 2 secs, 428 ms
INSERT 0 3935999
Time: 0 hrs, 0 mins, 8 secs, 731 ms
 bn_session_stage 
------------------
          3935999
(1 row)

Time: 0 hrs, 0 mins, 12 secs, 974 ms
CREATE INDEX
Time: 0 hrs, 0 mins, 8 secs, 641 ms
ANALYZE
Time: 0 hrs, 0 mins, 1 secs, 378 ms
TRUNCATE
Time: 0 hrs, 0 mins, 19 secs, 917 ms
END
Time: 0 hrs, 0 mins, 41 secs, 601 ms

Wed Dec 7 10:18:32 EST 2011

BEGIN

           660 - LOAD_BN_SESSION_UPDATE_STAGE

SET
TRUNCATE
INSERT 0 0
END

Wed Dec 7 10:19:48 EST 2011

Timing is on.

           670 - LOAD_BN_SESSION_20111205.UPDATES

BEGIN
Time: 0 hrs, 0 mins, 0 secs, 194 ms
SET
Time: 0 hrs, 0 mins, 0 secs, 6 ms
UPDATE 0
Time: 0 hrs, 0 mins, 0 secs, 413 ms
END
Time: 0 hrs, 1 mins, 50 secs, 947 ms
VACUUM
Time: 0 hrs, 0 mins, 32 secs, 980 ms

Wed Dec 7 10:22:13 EST 2011

Timing is on.

           700 - LOAD_BN_SESSION

BEGIN
Time: 0 hrs, 0 mins, 0 secs, 146 ms
SET
Time: 0 hrs, 0 mins, 0 secs, 6 ms
INSERT 0 3935999
Time: 0 hrs, 0 mins, 16 secs, 426 ms
ANALYZE
Time: 0 hrs, 0 mins, 1 secs, 174 ms
END
Time: 0 hrs, 0 mins, 8 secs, 91 ms

Wed Dec 7 10:22:39 EST 2011

Timing is on.

            750 - LOAD_BN_SESSION_SUMMARY   

BEGIN
Time: 0 hrs, 0 mins, 2 secs, 613 ms
SET
Time: 0 hrs, 0 mins, 0 secs, 6 ms
CREATE TABLE
Time: 0 hrs, 0 mins, 14 secs, 508 ms
TRUNCATE
Time: 0 hrs, 0 mins, 2 secs, 704 ms
INSERT 0 1017391
Time: 0 hrs, 0 mins, 11 secs, 368 ms
ANALYZE
Time: 0 hrs, 0 mins, 1 secs, 757 ms
 count(1) 
----------
  1017391
(1 row)

Time: 0 hrs, 0 mins, 0 secs, 493 ms
END
Time: 0 hrs, 1 mins, 24 secs, 281 ms

Wed Dec 7 10:24:37 EST 2011

Timing is on.

           800 - LOAD_BN_HITS

BEGIN
Time: 0 hrs, 0 mins, 0 secs, 164 ms
SET
Time: 0 hrs, 0 mins, 0 secs, 6 ms
SET
Time: 0 hrs, 0 mins, 0 secs, 12 ms
SET
Time: 0 hrs, 0 mins, 0 secs, 13 ms
SET
Time: 0 hrs, 0 mins, 0 secs, 13 ms
TRUNCATE
Time: 0 hrs, 0 mins, 5 secs, 857 ms
INSERT 0 22300618
Time: 0 hrs, 0 mins, 13 secs, 944 ms
 count(1) 
----------
 22300618
(1 row)

Time: 0 hrs, 0 mins, 6 secs, 425 ms
ANALYZE
Time: 0 hrs, 0 mins, 4 secs, 56 ms
END
Time: 0 hrs, 1 mins, 37 secs, 364 ms

Wed Dec 7 10:26:45 EST 2011

Timing is on.

            900 - LOAD_CLICKSTREAM   

BEGIN
Time: 0 hrs, 0 mins, 0 secs, 789 ms
SET
Time: 0 hrs, 0 mins, 0 secs, 5 ms
TRUNCATE
Time: 0 hrs, 0 mins, 2 secs, 655 ms
INSERT 0 22300618
Time: 0 hrs, 1 mins, 45 secs, 195 ms
 count(1) 
----------
 22300618
(1 row)

Time: 0 hrs, 0 mins, 2 secs, 309 ms
ANALYZE
Time: 0 hrs, 0 mins, 2 secs, 395 ms
END
Time: 0 hrs, 0 mins, 31 secs, 757 ms

Wed Dec 7 10:29:10 EST 2011

Timing is on.

            1000 - PAGE_VIEW_SUMMARY  

BEGIN
Time: 0 hrs, 0 mins, 0 secs, 387 ms
SET
Time: 0 hrs, 0 mins, 0 secs, 7 ms
SET
Time: 0 hrs, 0 mins, 0 secs, 13 ms
TRUNCATE
Time: 0 hrs, 0 mins, 8 secs, 118 ms
INSERT 0 1427459
Time: 0 hrs, 0 mins, 23 secs, 850 ms
 count(1) 
----------
  1427459
(1 row)

Time: 0 hrs, 0 mins, 3 secs, 81 ms
ANALYZE
Time: 0 hrs, 0 mins, 0 secs, 318 ms
END
Time: 0 hrs, 0 mins, 48 secs, 273 ms

Wed Dec 7 10:30:35 EST 2011


2000 - WRAP UP 

Timing is on.
BEGIN
Time: 0 hrs, 0 mins, 0 secs, 242 ms
TRUNCATE
Time: 0 hrs, 0 mins, 6 secs, 387 ms
TRUNCATE
Time: 0 hrs, 0 mins, 8 secs, 309 ms
END
Time: 0 hrs, 0 mins, 47 secs, 636 ms
Wed Dec 7 10:31:37 EST 2011
Removing lock file and waiting for a minute
Total time taken:  62  minutes.
Running time of run.sh 20111205: 62 minutes
