Checking for lock file /tmp/.iislock
Acquired lock file /tmp/.iislock
deleting simple.htm records - these are just server testing...
DELETE 6115096
-------------------------------------
Processing for 20110915
-------------------------------------

Fri Sep 16 08:56:50 EDT 2011

Timing is on.

           000 - INIT

BEGIN
Time: 0 hrs, 0 mins, 0 secs, 213 ms
*** Truncating staging tables before workflow starts ***
SET
Time: 0 hrs, 0 mins, 0 secs, 20 ms
GRANT
Time: 0 hrs, 0 mins, 2 secs, 196 ms
END
Time: 0 hrs, 0 mins, 16 secs, 182 ms

Fri Sep 16 08:57:09 EDT 2011

Timing is on.

            200 - LOAD_BN_IISLOGS   

BEGIN
Time: 0 hrs, 0 mins, 1 secs, 970 ms
SET
Time: 0 hrs, 0 mins, 0 secs, 20 ms
TRUNCATE
Time: 0 hrs, 0 mins, 4 secs, 831 ms
INSERT 0 54066314
Time: 0 hrs, 8 mins, 9 secs, 784 ms
END
Time: 0 hrs, 3 mins, 12 secs, 614 ms
ALTER TABLE
Time: 0 hrs, 1 mins, 7 secs, 290 ms

Fri Sep 16 09:09:46 EDT 2011

Timing is on.
BEGIN
Time: 0 hrs, 0 mins, 0 secs, 164 ms
SET
Time: 0 hrs, 0 mins, 0 secs, 11 ms

            250 - LOAD_BN_HITS_SP   

TRUNCATE
Time: 0 hrs, 0 mins, 2 secs, 848 ms
INSERT 0 19866310
Time: 0 hrs, 2 mins, 55 secs, 162 ms
ANALYZE
Time: 0 hrs, 0 mins, 5 secs, 826 ms
END
Time: 0 hrs, 1 mins, 43 secs, 855 ms

Fri Sep 16 09:14:34 EDT 2011

Timing is on.
BEGIN
Time: 0 hrs, 0 mins, 1 secs, 815 ms
SET
Time: 0 hrs, 0 mins, 0 secs, 20 ms

           300 - DYNAMIC FILTER

TRUNCATE
Time: 0 hrs, 0 mins, 4 secs, 326 ms
INSERT 0 18335050
Time: 0 hrs, 0 mins, 2 secs, 219 ms
ANALYZE
Time: 0 hrs, 0 mins, 0 secs, 917 ms
 Total records in web_click_cnt 
--------------------------------
                       18335050
(1 row)

Time: 0 hrs, 0 mins, 2 secs, 109 ms
CREATE TABLE
Time: 0 hrs, 0 mins, 9 secs, 566 ms
ANALYZE
Time: 0 hrs, 0 mins, 0 secs, 44 ms
CREATE TABLE
Time: 0 hrs, 0 mins, 0 secs, 312 ms
ANALYZE
Time: 0 hrs, 0 mins, 0 secs, 39 ms
DELETE 1
Time: 0 hrs, 0 mins, 1 secs, 453 ms
INSERT 0 1
Time: 0 hrs, 0 mins, 0 secs, 420 ms
DELETE 1
Time: 0 hrs, 0 mins, 0 secs, 90 ms
INSERT 0 1
Time: 0 hrs, 0 mins, 1 secs, 181 ms
CREATE TABLE
Time: 0 hrs, 0 mins, 3 secs, 218 ms
ANALYZE
Time: 0 hrs, 0 mins, 0 secs, 43 ms
CREATE TABLE
Time: 0 hrs, 0 mins, 0 secs, 541 ms
ANALYZE
Time: 0 hrs, 0 mins, 0 secs, 45 ms
DELETE 1
Time: 0 hrs, 0 mins, 0 secs, 84 ms
INSERT 0 1
Time: 0 hrs, 0 mins, 0 secs, 732 ms
DELETE 1
Time: 0 hrs, 0 mins, 0 secs, 80 ms
INSERT 0 1
Time: 0 hrs, 0 mins, 0 secs, 505 ms
ANALYZE
Time: 0 hrs, 0 mins, 0 secs, 208 ms
    tablename     |    attr_name    | attr_value 
------------------+-----------------+------------
 BN_FILTER_SPIDER | CLK_USER_SD_MPL | 10
 BN_FILTER_SPIDER | IP_USER_SD_MPL  | 1
 BN_FILTER_SPIDER | IP_USER_RATIO   | .955
 BN_FILTER_SPIDER | CLK_USER_MEAN   | 11.301
 BN_FILTER_SPIDER | CLK_USER_SD     | 77.789
 BN_FILTER_SPIDER | IP_USER_MEAN    | 25.198
 BN_FILTER_SPIDER | IP_USER_SD      | 1961.451
(7 rows)

Time: 0 hrs, 0 mins, 0 secs, 180 ms
CREATE TABLE
Time: 0 hrs, 0 mins, 6 secs, 944 ms
CREATE TABLE
Time: 0 hrs, 0 mins, 1 secs, 848 ms
 l_mean_sd_mpl 
---------------
       789.191
(1 row)

Time: 0 hrs, 0 mins, 0 secs, 689 ms
TRUNCATE
Time: 0 hrs, 0 mins, 4 secs, 718 ms
INSERT 0 202
Time: 0 hrs, 0 mins, 18 secs, 811 ms
ANALYZE
Time: 0 hrs, 0 mins, 0 secs, 164 ms
 Total click_user bn_spider_ip records 
---------------------------------------
                                   202
(1 row)

Time: 0 hrs, 0 mins, 0 secs, 208 ms
CREATE TABLE
Time: 0 hrs, 0 mins, 1 secs, 643 ms
ANALYZE
Time: 0 hrs, 0 mins, 0 secs, 57 ms
CREATE TABLE
Time: 0 hrs, 0 mins, 1 secs, 442 ms
ANALYZE
Time: 0 hrs, 0 mins, 0 secs, 51 ms
DROP 
Time: 0 hrs, 0 mins, 0 secs, 87 ms
CREATE TABLE
Time: 0 hrs, 0 mins, 0 secs, 179 ms
 l_mean_sd_mpl | l_ratio 
---------------+---------
      1986.649 |   0.955
(1 row)

Time: 0 hrs, 0 mins, 0 secs, 132 ms
INSERT 0 16051289
Time: 0 hrs, 0 mins, 9 secs, 166 ms
ANALYZE
Time: 0 hrs, 0 mins, 0 secs, 203 ms
 Total ip_user_filter bn_spider_ip records 
-------------------------------------------
                                  16051289
(1 row)

Time: 0 hrs, 0 mins, 0 secs, 461 ms
TRUNCATE
Time: 0 hrs, 0 mins, 2 secs, 994 ms
INSERT 0 13711548
Time: 0 hrs, 0 mins, 22 secs, 826 ms
ANALYZE
Time: 0 hrs, 0 mins, 5 secs, 86 ms
 bn_hits_stage 
---------------
      13711548
(1 row)

Time: 0 hrs, 0 mins, 1 secs, 432 ms
INSERT 0 16699700
Time: 0 hrs, 0 mins, 41 secs, 317 ms
ANALYZE
Time: 0 hrs, 0 mins, 23 secs, 554 ms
 bn_hits_sp_20110915 
---------------------
            36566010
(1 row)

Time: 0 hrs, 0 mins, 11 secs, 327 ms
TRUNCATE
Time: 0 hrs, 0 mins, 5 secs, 61 ms
INSERT 0 3788756
Time: 0 hrs, 0 mins, 3 secs, 639 ms
ANALYZE
Time: 0 hrs, 0 mins, 2 secs, 306 ms
 bn_hits_client_20110915 
-------------------------
                 3788756
(1 row)

Time: 0 hrs, 0 mins, 0 secs, 992 ms
END
Time: 0 hrs, 0 mins, 14 secs, 375 ms

Fri Sep 16 09:18:07 EDT 2011

Timing is on.
BEGIN
Time: 0 hrs, 0 mins, 0 secs, 311 ms

           600 - LOAD RESOURCES

SET
Time: 0 hrs, 0 mins, 0 secs, 14 ms
CREATE TABLE
Time: 0 hrs, 0 mins, 42 secs, 983 ms
ANALYZE
Time: 0 hrs, 0 mins, 2 secs, 107 ms
 tmp_a_count 
-------------
      494555
(1 row)

Time: 0 hrs, 0 mins, 0 secs, 152 ms
UPDATE 0
Time: 0 hrs, 0 mins, 4 secs, 75 ms
ANALYZE
Time: 0 hrs, 0 mins, 0 secs, 687 ms
TRUNCATE
Time: 0 hrs, 0 mins, 2 secs, 815 ms
INSERT 0 196583
Time: 0 hrs, 0 mins, 43 secs, 212 ms
ANALYZE
Time: 0 hrs, 0 mins, 2 secs, 679 ms
 first_resource_id | last_resource_id 
-------------------+------------------
          42765468 |         42962050
(1 row)

Time: 0 hrs, 0 mins, 3 secs, 474 ms
INSERT 0 196583
Time: 0 hrs, 0 mins, 3 secs, 30 ms
 total_resources 
-----------------
        42937647
(1 row)

Time: 0 hrs, 0 mins, 0 secs, 376 ms
ANALYZE
Time: 0 hrs, 0 mins, 0 secs, 705 ms
END
Time: 0 hrs, 0 mins, 19 secs, 963 ms
VACUUM
Time: 0 hrs, 0 mins, 14 secs, 975 ms

Fri Sep 16 09:20:28 EDT 2011

Timing is on.

           650 - LOAD_BN_SESSION_STAGE

BEGIN
Time: 0 hrs, 0 mins, 0 secs, 230 ms
SET
Time: 0 hrs, 0 mins, 0 secs, 21 ms
SET
Time: 0 hrs, 0 mins, 0 secs, 27 ms
CREATE TABLE
Time: 0 hrs, 0 mins, 42 secs, 348 ms
ANALYZE
Time: 0 hrs, 0 mins, 8 secs, 103 ms
 tmp_sessionized_stage 
-----------------------
              13711548
(1 row)

Time: 0 hrs, 0 mins, 3 secs, 670 ms
TRUNCATE
Time: 0 hrs, 0 mins, 7 secs, 257 ms
INSERT 0 1962802
Time: 0 hrs, 1 mins, 21 secs, 824 ms
ANALYZE
Time: 0 hrs, 0 mins, 1 secs, 971 ms
CREATE TABLE
Time: 0 hrs, 1 mins, 29 secs, 337 ms
CREATE INDEX
Time: 0 hrs, 0 mins, 0 secs, 782 ms
 tmp_first_last 
----------------
        1962802
(1 row)

Time: 0 hrs, 0 mins, 0 secs, 245 ms
ANALYZE
Time: 0 hrs, 0 mins, 0 secs, 665 ms
SET
Time: 0 hrs, 0 mins, 0 secs, 44 ms
SET
Time: 0 hrs, 0 mins, 0 secs, 44 ms
TRUNCATE
Time: 0 hrs, 0 mins, 1 secs, 339 ms
DROP 
Time: 0 hrs, 0 mins, 0 secs, 453 ms
INSERT 0 1962802
Time: 0 hrs, 0 mins, 5 secs, 551 ms
 bn_session_stage 
------------------
          1962802
(1 row)

Time: 0 hrs, 0 mins, 1 secs, 575 ms
CREATE INDEX
Time: 0 hrs, 0 mins, 1 secs, 710 ms
ANALYZE
Time: 0 hrs, 0 mins, 0 secs, 655 ms
TRUNCATE
Time: 0 hrs, 0 mins, 3 secs, 785 ms
END
Time: 0 hrs, 0 mins, 10 secs, 994 ms

Fri Sep 16 09:24:51 EDT 2011

BEGIN

           660 - LOAD_BN_SESSION_UPDATE_STAGE

SET
TRUNCATE
INSERT 0 0
END

Fri Sep 16 09:24:59 EDT 2011

Timing is on.

           670 - LOAD_BN_SESSION_20110915.UPDATES

BEGIN
Time: 0 hrs, 0 mins, 0 secs, 183 ms
SET
Time: 0 hrs, 0 mins, 0 secs, 18 ms
UPDATE 0
Time: 0 hrs, 0 mins, 0 secs, 189 ms
END
Time: 0 hrs, 0 mins, 8 secs, 307 ms
VACUUM
Time: 0 hrs, 0 mins, 6 secs, 914 ms

Fri Sep 16 09:25:15 EDT 2011

Timing is on.

           700 - LOAD_BN_SESSION

BEGIN
Time: 0 hrs, 0 mins, 1 secs, 482 ms
SET
Time: 0 hrs, 0 mins, 0 secs, 25 ms
INSERT 0 1962802
Time: 0 hrs, 0 mins, 16 secs, 622 ms
ANALYZE
Time: 0 hrs, 0 mins, 1 secs, 637 ms
END
Time: 0 hrs, 0 mins, 10 secs, 884 ms

Fri Sep 16 09:25:46 EDT 2011

Timing is on.

            750 - LOAD_BN_SESSION_SUMMARY   

BEGIN
Time: 0 hrs, 0 mins, 0 secs, 159 ms
SET
Time: 0 hrs, 0 mins, 0 secs, 12 ms
CREATE TABLE
Time: 0 hrs, 0 mins, 16 secs, 290 ms
TRUNCATE
Time: 0 hrs, 0 mins, 2 secs, 653 ms
INSERT 0 283620
Time: 0 hrs, 0 mins, 7 secs, 660 ms
ANALYZE
Time: 0 hrs, 0 mins, 1 secs, 404 ms
 count(1) 
----------
   283620
(1 row)

Time: 0 hrs, 0 mins, 0 secs, 760 ms
END
Time: 0 hrs, 0 mins, 6 secs, 310 ms

Fri Sep 16 09:26:22 EDT 2011

Timing is on.

           800 - LOAD_BN_HITS

BEGIN
Time: 0 hrs, 0 mins, 0 secs, 397 ms
SET
Time: 0 hrs, 0 mins, 0 secs, 24 ms
SET
Time: 0 hrs, 0 mins, 0 secs, 38 ms
SET
Time: 0 hrs, 0 mins, 0 secs, 283 ms
SET
Time: 0 hrs, 0 mins, 0 secs, 247 ms
TRUNCATE
Time: 0 hrs, 0 mins, 1 secs, 817 ms
INSERT 0 13711548
Time: 0 hrs, 0 mins, 13 secs, 589 ms
 count(1) 
----------
 13711548
(1 row)

Time: 0 hrs, 0 mins, 1 secs, 187 ms
ANALYZE
Time: 0 hrs, 0 mins, 2 secs, 787 ms
END
Time: 0 hrs, 0 mins, 29 secs, 206 ms

Fri Sep 16 09:27:12 EDT 2011

Timing is on.

            900 - LOAD_CLICKSTREAM   

BEGIN
Time: 0 hrs, 0 mins, 0 secs, 376 ms
SET
Time: 0 hrs, 0 mins, 0 secs, 20 ms
TRUNCATE
Time: 0 hrs, 0 mins, 2 secs, 756 ms
INSERT 0 13711548
Time: 0 hrs, 2 mins, 3 secs, 796 ms
 count(1) 
----------
 13711548
(1 row)

Time: 0 hrs, 0 mins, 3 secs, 764 ms
ANALYZE
Time: 0 hrs, 0 mins, 1 secs, 737 ms
END
Time: 0 hrs, 1 mins, 39 secs, 662 ms

Fri Sep 16 09:31:04 EDT 2011

Timing is on.

            1000 - PAGE_VIEW_SUMMARY  

BEGIN
Time: 0 hrs, 0 mins, 3 secs, 458 ms
SET
Time: 0 hrs, 0 mins, 0 secs, 29 ms
SET
Time: 0 hrs, 0 mins, 0 secs, 62 ms
TRUNCATE
Time: 0 hrs, 4 mins, 12 secs, 435 ms
INSERT 0 506022
Time: 0 hrs, 0 mins, 11 secs, 399 ms
 count(1) 
----------
   506022
(1 row)

Time: 0 hrs, 0 mins, 2 secs, 449 ms
ANALYZE
Time: 0 hrs, 0 mins, 0 secs, 318 ms
END
Time: 0 hrs, 1 mins, 22 secs, 618 ms

Fri Sep 16 09:36:57 EDT 2011


2000 - WRAP UP 

Timing is on.
BEGIN
Time: 0 hrs, 0 mins, 3 secs, 434 ms
TRUNCATE
Time: 0 hrs, 0 mins, 6 secs, 91 ms
TRUNCATE
Time: 0 hrs, 0 mins, 2 secs, 315 ms
END
Time: 0 hrs, 0 mins, 47 secs, 331 ms
Fri Sep 16 09:37:57 EDT 2011
Removing lock file and waiting for a minute
Total time taken:  45  minutes.
Running time of run.sh 20110915: 2740 seconds
Checking for lock file /tmp/.iislock
Acquired lock file /tmp/.iislock
deleting simple.htm records - these are just server testing...
DELETE 0
-------------------------------------
Processing for 20110915
-------------------------------------

Fri Sep 16 14:30:59 EDT 2011

Timing is on.

           000 - INIT

BEGIN
Time: 0 hrs, 0 mins, 1 secs, 971 ms
*** Truncating staging tables before workflow starts ***
SET
Time: 0 hrs, 0 mins, 0 secs, 19 ms
GRANT
Time: 0 hrs, 0 mins, 22 secs, 681 ms
END
Time: 0 hrs, 0 mins, 11 secs, 860 ms

Fri Sep 16 14:31:36 EDT 2011

Timing is on.

            200 - LOAD_BN_IISLOGS   

BEGIN
Time: 0 hrs, 0 mins, 0 secs, 375 ms
SET
Time: 0 hrs, 0 mins, 0 secs, 19 ms
TRUNCATE
Time: 0 hrs, 0 mins, 1 secs, 62 ms
INSERT 0 54066314
Time: 0 hrs, 9 mins, 58 secs, 107 ms
END
Time: 0 hrs, 2 mins, 21 secs, 158 ms
ALTER TABLE
Time: 0 hrs, 0 mins, 14 secs, 160 ms

Fri Sep 16 14:44:11 EDT 2011

Timing is on.
BEGIN
Time: 0 hrs, 0 mins, 1 secs, 779 ms
SET
Time: 0 hrs, 0 mins, 0 secs, 19 ms

            250 - LOAD_BN_HITS_SP   

TRUNCATE
Time: 0 hrs, 0 mins, 2 secs, 539 ms
INSERT 0 19866310
Time: 0 hrs, 3 mins, 18 secs, 466 ms
ANALYZE
Time: 0 hrs, 0 mins, 2 secs, 918 ms
END
Time: 0 hrs, 1 mins, 45 secs, 427 ms

Fri Sep 16 14:49:23 EDT 2011

Timing is on.
BEGIN
Time: 0 hrs, 0 mins, 0 secs, 375 ms
SET
Time: 0 hrs, 0 mins, 0 secs, 22 ms

           300 - DYNAMIC FILTER

TRUNCATE
Time: 0 hrs, 0 mins, 1 secs, 572 ms
INSERT 0 18335050
Time: 0 hrs, 0 mins, 2 secs, 233 ms
ANALYZE
Time: 0 hrs, 0 mins, 1 secs, 492 ms
 Total records in web_click_cnt 
--------------------------------
                       18335050
(1 row)

Time: 0 hrs, 0 mins, 0 secs, 993 ms
CREATE TABLE
Time: 0 hrs, 0 mins, 4 secs, 301 ms
ANALYZE
Time: 0 hrs, 0 mins, 0 secs, 79 ms
CREATE TABLE
Time: 0 hrs, 0 mins, 3 secs, 588 ms
ANALYZE
Time: 0 hrs, 0 mins, 0 secs, 269 ms
DELETE 1
Time: 0 hrs, 0 mins, 0 secs, 910 ms
INSERT 0 1
Time: 0 hrs, 0 mins, 1 secs, 628 ms
DELETE 1
Time: 0 hrs, 0 mins, 0 secs, 543 ms
INSERT 0 1
Time: 0 hrs, 0 mins, 0 secs, 545 ms
CREATE TABLE
Time: 0 hrs, 0 mins, 1 secs, 688 ms
ANALYZE
Time: 0 hrs, 0 mins, 0 secs, 47 ms
CREATE TABLE
Time: 0 hrs, 0 mins, 0 secs, 113 ms
ANALYZE
Time: 0 hrs, 0 mins, 0 secs, 42 ms
DELETE 1
Time: 0 hrs, 0 mins, 0 secs, 76 ms
INSERT 0 1
Time: 0 hrs, 0 mins, 0 secs, 525 ms
DELETE 1
Time: 0 hrs, 0 mins, 0 secs, 428 ms
INSERT 0 1
Time: 0 hrs, 0 mins, 1 secs, 253 ms
ANALYZE
Time: 0 hrs, 0 mins, 1 secs, 109 ms
    tablename     |    attr_name    | attr_value 
------------------+-----------------+------------
 BN_FILTER_SPIDER | CLK_USER_SD_MPL | 10
 BN_FILTER_SPIDER | IP_USER_SD_MPL  | 1
 BN_FILTER_SPIDER | IP_USER_RATIO   | .955
 BN_FILTER_SPIDER | CLK_USER_MEAN   | 11.301
 BN_FILTER_SPIDER | CLK_USER_SD     | 77.789
 BN_FILTER_SPIDER | IP_USER_MEAN    | 25.198
 BN_FILTER_SPIDER | IP_USER_SD      | 1961.451
(7 rows)

Time: 0 hrs, 0 mins, 1 secs, 307 ms
CREATE TABLE
Time: 0 hrs, 0 mins, 12 secs, 320 ms
CREATE TABLE
Time: 0 hrs, 0 mins, 0 secs, 820 ms
 l_mean_sd_mpl 
---------------
       789.191
(1 row)

Time: 0 hrs, 0 mins, 0 secs, 936 ms
TRUNCATE
Time: 0 hrs, 0 mins, 1 secs, 61 ms
INSERT 0 202
Time: 0 hrs, 0 mins, 11 secs, 827 ms
ANALYZE
Time: 0 hrs, 0 mins, 0 secs, 798 ms
 Total click_user bn_spider_ip records 
---------------------------------------
                                   202
(1 row)

Time: 0 hrs, 0 mins, 2 secs, 939 ms
CREATE TABLE
Time: 0 hrs, 0 mins, 7 secs, 163 ms
ANALYZE
Time: 0 hrs, 0 mins, 0 secs, 52 ms
CREATE TABLE
Time: 0 hrs, 0 mins, 8 secs, 618 ms
ANALYZE
Time: 0 hrs, 0 mins, 0 secs, 46 ms
DROP 
Time: 0 hrs, 0 mins, 0 secs, 87 ms
CREATE TABLE
Time: 0 hrs, 0 mins, 0 secs, 439 ms
 l_mean_sd_mpl | l_ratio 
---------------+---------
      1986.649 |   0.955
(1 row)

Time: 0 hrs, 0 mins, 0 secs, 402 ms
INSERT 0 16051289
Time: 0 hrs, 0 mins, 26 secs, 237 ms
ANALYZE
Time: 0 hrs, 0 mins, 1 secs, 204 ms
 Total ip_user_filter bn_spider_ip records 
-------------------------------------------
                                  16051289
(1 row)

Time: 0 hrs, 0 mins, 6 secs, 61 ms
TRUNCATE
Time: 0 hrs, 0 mins, 1 secs, 270 ms
INSERT 0 13711548
Time: 0 hrs, 0 mins, 39 secs, 405 ms
ANALYZE
Time: 0 hrs, 0 mins, 3 secs, 201 ms
 bn_hits_stage 
---------------
      13711548
(1 row)

Time: 0 hrs, 0 mins, 0 secs, 328 ms
INSERT 0 16699700
Time: 0 hrs, 0 mins, 50 secs, 22 ms
ANALYZE
Time: 0 hrs, 0 mins, 23 secs, 507 ms
 bn_hits_sp_20110915 
---------------------
            36566010
(1 row)

Time: 0 hrs, 0 mins, 5 secs, 834 ms
TRUNCATE
Time: 0 hrs, 0 mins, 2 secs, 269 ms
INSERT 0 3788756
Time: 0 hrs, 0 mins, 3 secs, 498 ms
ANALYZE
Time: 0 hrs, 0 mins, 2 secs, 717 ms
 bn_hits_client_20110915 
-------------------------
                 3788756
(1 row)

Time: 0 hrs, 0 mins, 0 secs, 488 ms
END
Time: 0 hrs, 0 mins, 11 secs, 967 ms

Fri Sep 16 14:53:35 EDT 2011

Timing is on.
BEGIN
Time: 0 hrs, 0 mins, 0 secs, 172 ms

           600 - LOAD RESOURCES

SET
Time: 0 hrs, 0 mins, 0 secs, 13 ms
CREATE TABLE
Time: 0 hrs, 1 mins, 14 secs, 26 ms
ANALYZE
Time: 0 hrs, 0 mins, 1 secs, 14 ms
 tmp_a_count 
-------------
      494555
(1 row)

Time: 0 hrs, 0 mins, 0 secs, 225 ms
UPDATE 0
Time: 0 hrs, 0 mins, 4 secs, 247 ms
ANALYZE
Time: 0 hrs, 0 mins, 0 secs, 607 ms
TRUNCATE
Time: 0 hrs, 0 mins, 2 secs, 399 ms
INSERT 0 0
Time: 0 hrs, 0 mins, 35 secs, 86 ms
ANALYZE
Time: 0 hrs, 0 mins, 0 secs, 38 ms
 first_resource_id | last_resource_id 
-------------------+------------------
                   |                 
(1 row)

Time: 0 hrs, 0 mins, 0 secs, 611 ms
INSERT 0 0
Time: 0 hrs, 0 mins, 0 secs, 246 ms
 total_resources 
-----------------
        43327498
(1 row)

Time: 0 hrs, 0 mins, 0 secs, 342 ms
ANALYZE
Time: 0 hrs, 0 mins, 0 secs, 516 ms
END
Time: 0 hrs, 0 mins, 4 secs, 999 ms
VACUUM
Time: 0 hrs, 0 mins, 10 secs, 719 ms

Fri Sep 16 14:55:50 EDT 2011

Timing is on.

           650 - LOAD_BN_SESSION_STAGE

BEGIN
Time: 0 hrs, 0 mins, 0 secs, 154 ms
SET
Time: 0 hrs, 0 mins, 0 secs, 13 ms
SET
Time: 0 hrs, 0 mins, 0 secs, 24 ms
CREATE TABLE
Time: 0 hrs, 0 mins, 31 secs, 601 ms
ANALYZE
Time: 0 hrs, 0 mins, 4 secs, 494 ms
 tmp_sessionized_stage 
-----------------------
              13711548
(1 row)

Time: 0 hrs, 0 mins, 2 secs, 735 ms
TRUNCATE
Time: 0 hrs, 0 mins, 3 secs, 371 ms
INSERT 0 1962802
Time: 0 hrs, 0 mins, 31 secs, 844 ms
ANALYZE
Time: 0 hrs, 0 mins, 3 secs, 360 ms
CREATE TABLE
Time: 0 hrs, 2 mins, 20 secs, 712 ms
CREATE INDEX
Time: 0 hrs, 0 mins, 3 secs, 696 ms
 tmp_first_last 
----------------
        1962802
(1 row)

Time: 0 hrs, 0 mins, 2 secs, 585 ms
ANALYZE
Time: 0 hrs, 0 mins, 1 secs, 884 ms
SET
Time: 0 hrs, 0 mins, 0 secs, 247 ms
SET
Time: 0 hrs, 0 mins, 0 secs, 30 ms
TRUNCATE
Time: 0 hrs, 0 mins, 1 secs, 476 ms
DROP 
Time: 0 hrs, 0 mins, 0 secs, 473 ms
INSERT 0 1962802
Time: 0 hrs, 0 mins, 5 secs, 211 ms
 bn_session_stage 
------------------
          1962802
(1 row)

Time: 0 hrs, 0 mins, 1 secs, 775 ms
CREATE INDEX
Time: 0 hrs, 0 mins, 1 secs, 426 ms
ANALYZE
Time: 0 hrs, 0 mins, 0 secs, 968 ms
TRUNCATE
Time: 0 hrs, 0 mins, 1 secs, 373 ms
END
Time: 0 hrs, 0 mins, 17 secs, 877 ms

Fri Sep 16 15:00:08 EDT 2011

BEGIN

           660 - LOAD_BN_SESSION_UPDATE_STAGE

SET
TRUNCATE
INSERT 0 0
END

Fri Sep 16 15:00:31 EDT 2011

Timing is on.

           670 - LOAD_BN_SESSION_20110915.UPDATES

BEGIN
Time: 0 hrs, 0 mins, 4 secs, 321 ms
SET
Time: 0 hrs, 0 mins, 0 secs, 21 ms
UPDATE 0
Time: 0 hrs, 0 mins, 0 secs, 449 ms
END
Time: 0 hrs, 0 mins, 16 secs, 668 ms
VACUUM
Time: 0 hrs, 0 mins, 6 secs, 198 ms

Fri Sep 16 15:00:59 EDT 2011

Timing is on.

           700 - LOAD_BN_SESSION

BEGIN
Time: 0 hrs, 0 mins, 4 secs, 695 ms
SET
Time: 0 hrs, 0 mins, 0 secs, 24 ms
INSERT 0 1962802
Time: 0 hrs, 1 mins, 36 secs, 169 ms
ANALYZE
Time: 0 hrs, 0 mins, 0 secs, 718 ms
END
Time: 0 hrs, 0 mins, 22 secs, 323 ms

Fri Sep 16 15:03:03 EDT 2011

Timing is on.

            750 - LOAD_BN_SESSION_SUMMARY   

BEGIN
Time: 0 hrs, 0 mins, 5 secs, 527 ms
SET
Time: 0 hrs, 0 mins, 0 secs, 22 ms
CREATE TABLE
Time: 0 hrs, 0 mins, 34 secs, 844 ms
TRUNCATE
Time: 0 hrs, 0 mins, 6 secs, 184 ms
INSERT 0 283560
Time: 0 hrs, 4 mins, 20 secs, 641 ms
ANALYZE
Time: 0 hrs, 0 mins, 1 secs, 904 ms
 count(1) 
----------
   283560
(1 row)

Time: 0 hrs, 0 mins, 3 secs, 447 ms
END
Time: 0 hrs, 1 mins, 41 secs, 248 ms

Fri Sep 16 15:09:57 EDT 2011

Timing is on.

           800 - LOAD_BN_HITS

BEGIN
Time: 0 hrs, 0 mins, 44 secs, 113 ms
SET
Time: 0 hrs, 0 mins, 0 secs, 23 ms
SET
Time: 0 hrs, 0 mins, 2 secs, 252 ms
SET
Time: 0 hrs, 0 mins, 1 secs, 492 ms
SET
Time: 0 hrs, 0 mins, 0 secs, 241 ms
TRUNCATE
Time: 0 hrs, 0 mins, 1 secs, 500 ms
INSERT 0 13711548
Time: 0 hrs, 0 mins, 6 secs, 546 ms
 count(1) 
----------
 13711548
(1 row)

Time: 0 hrs, 0 mins, 6 secs, 258 ms
ANALYZE
Time: 0 hrs, 0 mins, 3 secs, 167 ms
END
Time: 0 hrs, 1 mins, 45 secs, 747 ms

Fri Sep 16 15:12:49 EDT 2011

Timing is on.

            900 - LOAD_CLICKSTREAM   

BEGIN
Time: 0 hrs, 0 mins, 0 secs, 184 ms
SET
Time: 0 hrs, 0 mins, 0 secs, 12 ms
TRUNCATE
Time: 0 hrs, 0 mins, 2 secs, 566 ms
INSERT 0 13711548
Time: 0 hrs, 8 mins, 57 secs, 103 ms
 count(1) 
----------
 13711548
(1 row)

Time: 0 hrs, 0 mins, 1 secs, 897 ms
ANALYZE
Time: 0 hrs, 0 mins, 1 secs, 434 ms
END
Time: 0 hrs, 5 mins, 25 secs, 743 ms

Fri Sep 16 15:27:18 EDT 2011

Timing is on.

            1000 - PAGE_VIEW_SUMMARY  

BEGIN
Time: 0 hrs, 0 mins, 1 secs, 762 ms
SET
Time: 0 hrs, 0 mins, 0 secs, 22 ms
SET
Time: 0 hrs, 0 mins, 0 secs, 32 ms
TRUNCATE
Time: 0 hrs, 0 mins, 3 secs, 600 ms
INSERT 0 506022
Time: 0 hrs, 1 mins, 2 secs, 241 ms
 count(1) 
----------
   506022
(1 row)

Time: 0 hrs, 0 mins, 1 secs, 367 ms
ANALYZE
Time: 0 hrs, 0 mins, 0 secs, 280 ms
END
Time: 0 hrs, 0 mins, 13 secs, 38 ms

Fri Sep 16 15:28:41 EDT 2011


2000 - WRAP UP 

Timing is on.
BEGIN
Time: 0 hrs, 0 mins, 9 secs, 53 ms
TRUNCATE
Time: 0 hrs, 0 mins, 5 secs, 861 ms
TRUNCATE
Time: 0 hrs, 0 mins, 1 secs, 627 ms
END
Time: 0 hrs, 0 mins, 15 secs, 37 ms
Fri Sep 16 15:29:13 EDT 2011
Removing lock file and waiting for a minute
Total time taken:  59  minutes.
Running time of run.sh 20110915: 3591 seconds
