Checking for lock file /tmp/.iislock
Acquired lock file /tmp/.iislock
-------------------------------------
Processing for 20110801
-------------------------------------

Tue Aug 2 04:42:28 EDT 2011

Timing is on.

           000 - INIT

BEGIN
Time: 0 hrs, 0 mins, 1 secs, 130 ms
*** Truncating staging tables before workflow starts ***
SET
Time: 0 hrs, 0 mins, 0 secs, 20 ms
GRANT
Time: 0 hrs, 0 mins, 1 secs, 660 ms
END
Time: 0 hrs, 0 mins, 3 secs, 825 ms

Tue Aug 2 04:42:35 EDT 2011

Timing is on.

            200 - LOAD_BN_IISLOGS   

BEGIN
Time: 0 hrs, 0 mins, 0 secs, 962 ms
SET
Time: 0 hrs, 0 mins, 0 secs, 9 ms
TRUNCATE
Time: 0 hrs, 0 mins, 0 secs, 742 ms
INSERT 0 59071697
Time: 0 hrs, 8 mins, 57 secs, 394 ms
END
Time: 0 hrs, 0 mins, 22 secs, 465 ms
ALTER TABLE
Time: 0 hrs, 7 mins, 39 secs, 852 ms

Tue Aug 2 04:59:36 EDT 2011

Timing is on.
BEGIN
Time: 0 hrs, 0 mins, 2 secs, 732 ms
SET
Time: 0 hrs, 0 mins, 0 secs, 10 ms

            250 - LOAD_BN_HITS_SP   

TRUNCATE
Time: 0 hrs, 0 mins, 1 secs, 300 ms
INSERT 0 22328359
Time: 0 hrs, 3 mins, 54 secs, 144 ms
ANALYZE
Time: 0 hrs, 3 mins, 0 secs, 950 ms
END
Time: 0 hrs, 1 mins, 40 secs, 451 ms

Tue Aug 2 05:08:16 EDT 2011

Timing is on.
BEGIN
Time: 0 hrs, 0 mins, 1 secs, 244 ms
SET
Time: 0 hrs, 0 mins, 0 secs, 16 ms

           300 - DYNAMIC FILTER

TRUNCATE
Time: 0 hrs, 0 mins, 1 secs, 674 ms
INSERT 0 16816814
Time: 0 hrs, 0 mins, 28 secs, 317 ms
ANALYZE
Time: 0 hrs, 0 mins, 0 secs, 704 ms
 Total records in web_click_cnt 
--------------------------------
                       16816814
(1 row)

Time: 0 hrs, 0 mins, 1 secs, 459 ms
CREATE TABLE
Time: 0 hrs, 0 mins, 8 secs, 300 ms
ANALYZE
Time: 0 hrs, 0 mins, 0 secs, 115 ms
CREATE TABLE
Time: 0 hrs, 0 mins, 0 secs, 551 ms
ANALYZE
Time: 0 hrs, 0 mins, 0 secs, 262 ms
DELETE 1
Time: 0 hrs, 0 mins, 0 secs, 602 ms
INSERT 0 1
Time: 0 hrs, 0 mins, 1 secs, 203 ms
DELETE 1
Time: 0 hrs, 0 mins, 0 secs, 421 ms
INSERT 0 1
Time: 0 hrs, 0 mins, 3 secs, 516 ms
CREATE TABLE
Time: 0 hrs, 0 mins, 6 secs, 973 ms
ANALYZE
Time: 0 hrs, 0 mins, 0 secs, 112 ms
CREATE TABLE
Time: 0 hrs, 0 mins, 3 secs, 822 ms
ANALYZE
Time: 0 hrs, 0 mins, 0 secs, 107 ms
DELETE 1
Time: 0 hrs, 0 mins, 0 secs, 255 ms
INSERT 0 1
Time: 0 hrs, 0 mins, 1 secs, 420 ms
DELETE 1
Time: 0 hrs, 0 mins, 0 secs, 365 ms
INSERT 0 1
Time: 0 hrs, 0 mins, 1 secs, 421 ms
ANALYZE
Time: 0 hrs, 0 mins, 0 secs, 331 ms
    tablename     |    attr_name    | attr_value 
------------------+-----------------+------------
 BN_FILTER_SPIDER | CLK_USER_SD_MPL | 10
 BN_FILTER_SPIDER | IP_USER_SD_MPL  | 1
 BN_FILTER_SPIDER | IP_USER_RATIO   | .955
 BN_FILTER_SPIDER | CLK_USER_MEAN   | 11.843
 BN_FILTER_SPIDER | CLK_USER_SD     | 49.624
 BN_FILTER_SPIDER | IP_USER_MEAN    | 18.830
 BN_FILTER_SPIDER | IP_USER_SD      | 1526.023
(7 rows)

Time: 0 hrs, 0 mins, 0 secs, 555 ms
CREATE TABLE
Time: 0 hrs, 0 mins, 22 secs, 653 ms
CREATE TABLE
Time: 0 hrs, 0 mins, 1 secs, 462 ms
 l_mean_sd_mpl 
---------------
       508.083
(1 row)

Time: 0 hrs, 0 mins, 0 secs, 841 ms
TRUNCATE
Time: 0 hrs, 0 mins, 4 secs, 6 ms
INSERT 0 368
Time: 0 hrs, 0 mins, 9 secs, 832 ms
ANALYZE
Time: 0 hrs, 0 mins, 0 secs, 742 ms
 Total click_user bn_spider_ip records 
---------------------------------------
                                   368
(1 row)

Time: 0 hrs, 0 mins, 0 secs, 270 ms
CREATE TABLE
Time: 0 hrs, 0 mins, 6 secs, 186 ms
ANALYZE
Time: 0 hrs, 0 mins, 0 secs, 622 ms
CREATE TABLE
Time: 0 hrs, 0 mins, 8 secs, 992 ms
ANALYZE
Time: 0 hrs, 0 mins, 0 secs, 608 ms
DROP 
Time: 0 hrs, 0 mins, 0 secs, 333 ms
CREATE TABLE
Time: 0 hrs, 0 mins, 6 secs, 168 ms
 l_mean_sd_mpl | l_ratio 
---------------+---------
      1544.853 |   0.955
(1 row)

Time: 0 hrs, 0 mins, 1 secs, 949 ms
INSERT 0 14399403
Time: 0 hrs, 0 mins, 25 secs, 946 ms
ANALYZE
Time: 0 hrs, 0 mins, 0 secs, 329 ms
 Total ip_user_filter bn_spider_ip records 
-------------------------------------------
                                  14399403
(1 row)

Time: 0 hrs, 0 mins, 0 secs, 569 ms
TRUNCATE
Time: 0 hrs, 0 mins, 5 secs, 512 ms
INSERT 0 16433018
Time: 0 hrs, 1 mins, 38 secs, 783 ms
ANALYZE
Time: 0 hrs, 0 mins, 5 secs, 386 ms
 bn_hits_stage 
---------------
      16433018
(1 row)

Time: 0 hrs, 0 mins, 1 secs, 437 ms
INSERT 0 15037201
Time: 0 hrs, 0 mins, 59 secs, 858 ms
ANALYZE
Time: 0 hrs, 0 mins, 39 secs, 706 ms
 bn_hits_sp_20110801 
---------------------
            37365560
(1 row)

Time: 0 hrs, 0 mins, 10 secs, 484 ms
TRUNCATE
Time: 0 hrs, 0 mins, 1 secs, 288 ms
INSERT 0 5273119
Time: 0 hrs, 0 mins, 6 secs, 223 ms
ANALYZE
Time: 0 hrs, 0 mins, 3 secs, 571 ms
 bn_hits_client_20110801 
-------------------------
                 5273119
(1 row)

Time: 0 hrs, 0 mins, 1 secs, 75 ms
END
Time: 0 hrs, 0 mins, 38 secs, 961 ms

Tue Aug 2 05:15:24 EDT 2011

Timing is on.
BEGIN
Time: 0 hrs, 0 mins, 5 secs, 969 ms

           600 - LOAD RESOURCES

SET
Time: 0 hrs, 0 mins, 0 secs, 16 ms
CREATE TABLE
Time: 0 hrs, 3 mins, 44 secs, 625 ms
ANALYZE
Time: 0 hrs, 0 mins, 4 secs, 268 ms
 tmp_a_count 
-------------
      472931
(1 row)

Time: 0 hrs, 0 mins, 3 secs, 281 ms
UPDATE 0
Time: 0 hrs, 0 mins, 7 secs, 103 ms
ANALYZE
Time: 0 hrs, 0 mins, 0 secs, 741 ms
TRUNCATE
Time: 0 hrs, 0 mins, 2 secs, 171 ms
INSERT 0 262968
Time: 0 hrs, 0 mins, 49 secs, 198 ms
ANALYZE
Time: 0 hrs, 0 mins, 2 secs, 176 ms
 first_resource_id | last_resource_id 
-------------------+------------------
          30757005 |         31019972
(1 row)

Time: 0 hrs, 0 mins, 0 secs, 898 ms
INSERT 0 262968
Time: 0 hrs, 0 mins, 5 secs, 320 ms
 total_resources 
-----------------
        30995576
(1 row)

Time: 0 hrs, 0 mins, 1 secs, 452 ms
ANALYZE
Time: 0 hrs, 0 mins, 0 secs, 729 ms
END
Time: 0 hrs, 1 mins, 5 secs, 877 ms
VACUUM
Time: 0 hrs, 1 mins, 5 secs, 299 ms

Tue Aug 2 05:22:43 EDT 2011

Timing is on.

           650 - LOAD_BN_SESSION_STAGE

BEGIN
Time: 0 hrs, 0 mins, 1 secs, 514 ms
SET
Time: 0 hrs, 0 mins, 0 secs, 7 ms
SET
Time: 0 hrs, 0 mins, 0 secs, 55 ms
CREATE TABLE
Time: 0 hrs, 2 mins, 50 secs, 812 ms
ANALYZE
Time: 0 hrs, 0 mins, 7 secs, 368 ms
 tmp_sessionized_stage 
-----------------------
              16433018
(1 row)

Time: 0 hrs, 0 mins, 1 secs, 723 ms
TRUNCATE
Time: 0 hrs, 0 mins, 2 secs, 744 ms
INSERT 0 2175771
Time: 0 hrs, 0 mins, 32 secs, 59 ms
ANALYZE
Time: 0 hrs, 0 mins, 0 secs, 609 ms
CREATE TABLE
Time: 0 hrs, 1 mins, 51 secs, 743 ms
CREATE INDEX
Time: 0 hrs, 0 mins, 0 secs, 606 ms
 tmp_first_last 
----------------
        2175771
(1 row)

Time: 0 hrs, 0 mins, 0 secs, 872 ms
ANALYZE
Time: 0 hrs, 0 mins, 1 secs, 318 ms
SET
Time: 0 hrs, 0 mins, 0 secs, 30 ms
SET
Time: 0 hrs, 0 mins, 0 secs, 241 ms
TRUNCATE
Time: 0 hrs, 0 mins, 3 secs, 92 ms
DROP
Time: 0 hrs, 0 mins, 1 secs, 533 ms
INSERT 0 2175771
Time: 0 hrs, 0 mins, 6 secs, 241 ms
 bn_session_stage 
------------------
          2175771
(1 row)

Time: 0 hrs, 0 mins, 2 secs, 149 ms
CREATE INDEX
Time: 0 hrs, 0 mins, 1 secs, 349 ms
ANALYZE
Time: 0 hrs, 0 mins, 1 secs, 620 ms
TRUNCATE
Time: 0 hrs, 0 mins, 1 secs, 150 ms
END
Time: 0 hrs, 1 mins, 0 secs, 27 ms

Tue Aug 2 05:29:33 EDT 2011

BEGIN

           660 - LOAD_BN_SESSION_UPDATE_STAGE

SET
TRUNCATE
INSERT 0 0
END

Tue Aug 2 05:29:41 EDT 2011

Timing is on.

           670 - LOAD_BN_SESSION_20110801.UPDATES

BEGIN
Time: 0 hrs, 0 mins, 1 secs, 437 ms
SET
Time: 0 hrs, 0 mins, 0 secs, 9 ms
UPDATE 0
Time: 0 hrs, 0 mins, 0 secs, 494 ms
END
Time: 0 hrs, 0 mins, 29 secs, 219 ms
VACUUM
Time: 0 hrs, 3 mins, 7 secs, 343 ms

Tue Aug 2 05:33:20 EDT 2011

Timing is on.

           700 - LOAD_BN_SESSION

BEGIN
Time: 0 hrs, 0 mins, 1 secs, 539 ms
SET
Time: 0 hrs, 0 mins, 0 secs, 9 ms
INSERT 0 2175771
Time: 0 hrs, 0 mins, 16 secs, 635 ms
ANALYZE
Time: 0 hrs, 0 mins, 1 secs, 348 ms
END
Time: 0 hrs, 0 mins, 31 secs, 78 ms

Tue Aug 2 05:34:11 EDT 2011

Timing is on.

            750 - LOAD_BN_SESSION_SUMMARY   

BEGIN
Time: 0 hrs, 0 mins, 2 secs, 153 ms
SET
Time: 0 hrs, 0 mins, 0 secs, 10 ms
CREATE TABLE
Time: 0 hrs, 0 mins, 13 secs, 790 ms
TRUNCATE
Time: 0 hrs, 0 mins, 0 secs, 952 ms
INSERT 0 284861
Time: 0 hrs, 0 mins, 5 secs, 112 ms
ANALYZE
Time: 0 hrs, 0 mins, 1 secs, 43 ms
 count(1) 
----------
   284861
(1 row)

Time: 0 hrs, 0 mins, 0 secs, 799 ms
END
Time: 0 hrs, 0 mins, 6 secs, 499 ms

Tue Aug 2 05:34:41 EDT 2011

Timing is on.

           800 - LOAD_BN_HITS

BEGIN
Time: 0 hrs, 0 mins, 0 secs, 942 ms
SET
Time: 0 hrs, 0 mins, 0 secs, 13 ms
SET
Time: 0 hrs, 0 mins, 0 secs, 30 ms
SET
Time: 0 hrs, 0 mins, 0 secs, 27 ms
SET
Time: 0 hrs, 0 mins, 0 secs, 40 ms
TRUNCATE
Time: 0 hrs, 0 mins, 2 secs, 319 ms
INSERT 0 16433018
Time: 0 hrs, 0 mins, 4 secs, 775 ms
 count(1) 
----------
 16433018
(1 row)

Time: 0 hrs, 0 mins, 1 secs, 324 ms
ANALYZE
Time: 0 hrs, 0 mins, 3 secs, 422 ms
END
Time: 0 hrs, 1 mins, 29 secs, 243 ms

Tue Aug 2 05:36:24 EDT 2011

Timing is on.

            900 - LOAD_CLICKSTREAM   

BEGIN
Time: 0 hrs, 0 mins, 1 secs, 181 ms
SET
Time: 0 hrs, 0 mins, 0 secs, 9 ms
TRUNCATE
Time: 0 hrs, 0 mins, 0 secs, 763 ms
INSERT 0 16433018
Time: 0 hrs, 2 mins, 27 secs, 93 ms
 count(1) 
----------
 16433018
(1 row)

Time: 0 hrs, 0 mins, 0 secs, 343 ms
ANALYZE
Time: 0 hrs, 0 mins, 1 secs, 438 ms
END
Time: 0 hrs, 0 mins, 5 secs, 796 ms

Tue Aug 2 05:39:01 EDT 2011

Timing is on.

            1000 - PAGE_VIEW_SUMMARY  

BEGIN
Time: 0 hrs, 0 mins, 2 secs, 284 ms
SET
Time: 0 hrs, 0 mins, 0 secs, 16 ms
SET
Time: 0 hrs, 0 mins, 0 secs, 247 ms
TRUNCATE
Time: 0 hrs, 0 mins, 0 secs, 742 ms
INSERT 0 483591
Time: 0 hrs, 1 mins, 49 secs, 782 ms
 count(1) 
----------
   483591
(1 row)

Time: 0 hrs, 0 mins, 0 secs, 478 ms
ANALYZE
Time: 0 hrs, 0 mins, 0 secs, 339 ms
END
Time: 0 hrs, 0 mins, 12 secs, 889 ms

Tue Aug 2 05:41:08 EDT 2011


2000 - WRAP UP 

Timing is on.
BEGIN
Time: 0 hrs, 0 mins, 2 secs, 150 ms
TRUNCATE
Time: 0 hrs, 0 mins, 0 secs, 414 ms
TRUNCATE
Time: 0 hrs, 0 mins, 0 secs, 343 ms
END
Time: 0 hrs, 0 mins, 1 secs, 445 ms
Tue Aug 2 05:41:12 EDT 2011
Removing lock file and waiting for a minute
Total time taken:  59  minutes.
Running time of run.sh 20110801: 3584 seconds
Checking for lock file /tmp/.iislock
Acquired lock file /tmp/.iislock
-------------------------------------
Processing for 20110801
-------------------------------------

Wed Aug 3 05:35:58 EDT 2011

Timing is on.

           000 - INIT

BEGIN
Time: 0 hrs, 0 mins, 1 secs, 375 ms
*** Truncating staging tables before workflow starts ***
SET
Time: 0 hrs, 0 mins, 0 secs, 11 ms
GRANT
Time: 0 hrs, 0 mins, 4 secs, 989 ms
END
Time: 0 hrs, 0 mins, 4 secs, 522 ms

Wed Aug 3 05:36:09 EDT 2011

Timing is on.

            200 - LOAD_BN_IISLOGS   

BEGIN
Time: 0 hrs, 0 mins, 1 secs, 17 ms
SET
Time: 0 hrs, 0 mins, 0 secs, 9 ms
TRUNCATE
Time: 0 hrs, 0 mins, 0 secs, 759 ms
INSERT 0 78793357
Time: 0 hrs, 12 mins, 38 secs, 494 ms
END
Time: 0 hrs, 0 mins, 10 secs, 584 ms
ALTER TABLE
Time: 0 hrs, 2 mins, 13 secs, 105 ms

Wed Aug 3 05:51:13 EDT 2011

Timing is on.
BEGIN
Time: 0 hrs, 0 mins, 1 secs, 230 ms
SET
Time: 0 hrs, 0 mins, 0 secs, 10 ms

            250 - LOAD_BN_HITS_SP   

TRUNCATE
Time: 0 hrs, 0 mins, 1 secs, 298 ms
INSERT 0 29821188
Time: 0 hrs, 5 mins, 0 secs, 897 ms
ANALYZE
Time: 0 hrs, 0 mins, 12 secs, 695 ms
END
Time: 0 hrs, 0 mins, 49 secs, 916 ms

Wed Aug 3 05:57:20 EDT 2011

Timing is on.
BEGIN
Time: 0 hrs, 0 mins, 1 secs, 166 ms
SET
Time: 0 hrs, 0 mins, 0 secs, 10 ms

           300 - DYNAMIC FILTER

TRUNCATE
Time: 0 hrs, 0 mins, 1 secs, 725 ms
INSERT 0 20866468
Time: 0 hrs, 0 mins, 19 secs, 214 ms
ANALYZE
Time: 0 hrs, 0 mins, 0 secs, 478 ms
 Total records in web_click_cnt 
--------------------------------
                       20866468
(1 row)

Time: 0 hrs, 0 mins, 0 secs, 523 ms
CREATE TABLE
Time: 0 hrs, 0 mins, 35 secs, 546 ms
ANALYZE
Time: 0 hrs, 0 mins, 0 secs, 346 ms
CREATE TABLE
Time: 0 hrs, 0 mins, 1 secs, 94 ms
ANALYZE
Time: 0 hrs, 0 mins, 0 secs, 103 ms
DELETE 1
Time: 0 hrs, 0 mins, 0 secs, 237 ms
INSERT 0 1
Time: 0 hrs, 0 mins, 0 secs, 809 ms
DELETE 1
Time: 0 hrs, 0 mins, 0 secs, 103 ms
INSERT 0 1
Time: 0 hrs, 0 mins, 0 secs, 501 ms
CREATE TABLE
Time: 0 hrs, 0 mins, 5 secs, 185 ms
ANALYZE
Time: 0 hrs, 0 mins, 0 secs, 183 ms
CREATE TABLE
Time: 0 hrs, 0 mins, 0 secs, 720 ms
ANALYZE
Time: 0 hrs, 0 mins, 0 secs, 111 ms
DELETE 1
Time: 0 hrs, 0 mins, 0 secs, 130 ms
INSERT 0 1
Time: 0 hrs, 0 mins, 0 secs, 847 ms
DELETE 1
Time: 0 hrs, 0 mins, 0 secs, 87 ms
INSERT 0 1
Time: 0 hrs, 0 mins, 1 secs, 60 ms
ANALYZE
Time: 0 hrs, 0 mins, 0 secs, 90 ms
    tablename     |    attr_name    | attr_value 
------------------+-----------------+------------
 BN_FILTER_SPIDER | CLK_USER_SD_MPL | 10
 BN_FILTER_SPIDER | IP_USER_SD_MPL  | 1
 BN_FILTER_SPIDER | IP_USER_RATIO   | .955
 BN_FILTER_SPIDER | CLK_USER_MEAN   | 12.394
 BN_FILTER_SPIDER | CLK_USER_SD     | 52.552
 BN_FILTER_SPIDER | IP_USER_MEAN    | 17.747
 BN_FILTER_SPIDER | IP_USER_SD      | 1641.009
(7 rows)

Time: 0 hrs, 0 mins, 0 secs, 403 ms
CREATE TABLE
Time: 0 hrs, 0 mins, 8 secs, 530 ms
CREATE TABLE
Time: 0 hrs, 0 mins, 1 secs, 578 ms
 l_mean_sd_mpl 
---------------
       537.914
(1 row)

Time: 0 hrs, 0 mins, 0 secs, 464 ms
TRUNCATE
Time: 0 hrs, 0 mins, 1 secs, 127 ms
INSERT 0 440
Time: 0 hrs, 0 mins, 18 secs, 114 ms
ANALYZE
Time: 0 hrs, 0 mins, 0 secs, 522 ms
 Total click_user bn_spider_ip records 
---------------------------------------
                                   440
(1 row)

Time: 0 hrs, 0 mins, 0 secs, 367 ms
CREATE TABLE
Time: 0 hrs, 1 mins, 2 secs, 225 ms
ANALYZE
Time: 0 hrs, 0 mins, 0 secs, 116 ms
CREATE TABLE
Time: 0 hrs, 3 mins, 18 secs, 314 ms
ANALYZE
Time: 0 hrs, 0 mins, 0 secs, 130 ms
DROP 
Time: 0 hrs, 0 mins, 0 secs, 313 ms
CREATE TABLE
Time: 0 hrs, 0 mins, 1 secs, 2 ms
 l_mean_sd_mpl | l_ratio 
---------------+---------
      1658.756 |   0.955
(1 row)

Time: 0 hrs, 0 mins, 0 secs, 591 ms
INSERT 0 17837087
Time: 0 hrs, 0 mins, 16 secs, 50 ms
ANALYZE
Time: 0 hrs, 0 mins, 0 secs, 939 ms
 Total ip_user_filter bn_spider_ip records 
-------------------------------------------
                                  17837087
(1 row)

Time: 0 hrs, 0 mins, 3 secs, 777 ms
TRUNCATE
Time: 0 hrs, 0 mins, 3 secs, 766 ms
INSERT 0 22294938
Time: 0 hrs, 2 mins, 43 secs, 262 ms
ANALYZE
Time: 0 hrs, 0 mins, 15 secs, 725 ms
 bn_hits_stage 
---------------
      22294938
(1 row)

Time: 0 hrs, 0 mins, 7 secs, 166 ms
INSERT 0 18655133
Time: 0 hrs, 4 mins, 26 secs, 599 ms
ANALYZE
Time: 0 hrs, 1 mins, 7 secs, 413 ms
 bn_hits_sp_20110801 
---------------------
            48476321
(1 row)

Time: 0 hrs, 0 mins, 17 secs, 122 ms
TRUNCATE
Time: 0 hrs, 0 mins, 0 secs, 928 ms
INSERT 0 8022098
Time: 0 hrs, 0 mins, 21 secs, 158 ms
ANALYZE
Time: 0 hrs, 0 mins, 3 secs, 112 ms
 bn_hits_client_20110801 
-------------------------
                 8022098
(1 row)

Time: 0 hrs, 0 mins, 0 secs, 413 ms
END
Time: 0 hrs, 0 mins, 26 secs, 631 ms

Wed Aug 3 06:13:38 EDT 2011

Timing is on.
BEGIN
Time: 0 hrs, 0 mins, 1 secs, 474 ms

           600 - LOAD RESOURCES

SET
Time: 0 hrs, 0 mins, 0 secs, 12 ms
CREATE TABLE
Time: 0 hrs, 0 mins, 33 secs, 486 ms
ANALYZE
Time: 0 hrs, 0 mins, 0 secs, 960 ms
 tmp_a_count 
-------------
      584094
(1 row)

Time: 0 hrs, 0 mins, 0 secs, 358 ms
UPDATE 0
Time: 0 hrs, 0 mins, 6 secs, 211 ms
ANALYZE
Time: 0 hrs, 0 mins, 0 secs, 847 ms
TRUNCATE
Time: 0 hrs, 0 mins, 1 secs, 802 ms
INSERT 0 76192
Time: 0 hrs, 0 mins, 21 secs, 439 ms
ANALYZE
Time: 0 hrs, 0 mins, 0 secs, 472 ms
 first_resource_id | last_resource_id 
-------------------+------------------
          31350222 |         31426413
(1 row)

Time: 0 hrs, 0 mins, 0 secs, 340 ms
INSERT 0 76192
Time: 0 hrs, 0 mins, 1 secs, 727 ms
 total_resources 
-----------------
        31402017
(1 row)

Time: 0 hrs, 0 mins, 0 secs, 517 ms
ANALYZE
Time: 0 hrs, 0 mins, 0 secs, 889 ms
END
Time: 0 hrs, 0 mins, 6 secs, 97 ms
VACUUM
Time: 0 hrs, 0 mins, 29 secs, 560 ms

Wed Aug 3 06:15:24 EDT 2011

Timing is on.

           650 - LOAD_BN_SESSION_STAGE

BEGIN
Time: 0 hrs, 0 mins, 1 secs, 747 ms
SET
Time: 0 hrs, 0 mins, 0 secs, 12 ms
SET
Time: 0 hrs, 0 mins, 0 secs, 117 ms
CREATE TABLE
Time: 0 hrs, 1 mins, 0 secs, 835 ms
ANALYZE
Time: 0 hrs, 0 mins, 4 secs, 589 ms
 tmp_sessionized_stage 
-----------------------
              22294938
(1 row)

Time: 0 hrs, 0 mins, 0 secs, 684 ms
TRUNCATE
Time: 0 hrs, 0 mins, 0 secs, 532 ms
INSERT 0 2747820
Time: 0 hrs, 0 mins, 38 secs, 95 ms
ANALYZE
Time: 0 hrs, 0 mins, 3 secs, 77 ms
CREATE TABLE
Time: 0 hrs, 1 mins, 49 secs, 946 ms
CREATE INDEX
Time: 0 hrs, 0 mins, 0 secs, 542 ms
 tmp_first_last 
----------------
        2747820
(1 row)

Time: 0 hrs, 0 mins, 0 secs, 393 ms
ANALYZE
Time: 0 hrs, 0 mins, 1 secs, 148 ms
SET
Time: 0 hrs, 0 mins, 0 secs, 34 ms
SET
Time: 0 hrs, 0 mins, 0 secs, 20 ms
TRUNCATE
Time: 0 hrs, 0 mins, 0 secs, 595 ms
DROP
Time: 0 hrs, 0 mins, 0 secs, 72 ms
INSERT 0 2747820
Time: 0 hrs, 0 mins, 8 secs, 91 ms
 bn_session_stage 
------------------
          2747820
(1 row)

Time: 0 hrs, 0 mins, 0 secs, 852 ms
CREATE INDEX
Time: 0 hrs, 0 mins, 0 secs, 740 ms
ANALYZE
Time: 0 hrs, 0 mins, 1 secs, 401 ms
TRUNCATE
Time: 0 hrs, 0 mins, 0 secs, 409 ms
END
Time: 0 hrs, 0 mins, 4 secs, 712 ms

Wed Aug 3 06:19:23 EDT 2011

BEGIN

           660 - LOAD_BN_SESSION_UPDATE_STAGE

SET
TRUNCATE
INSERT 0 0
END

Wed Aug 3 06:19:31 EDT 2011

Timing is on.

           670 - LOAD_BN_SESSION_20110801.UPDATES

BEGIN
Time: 0 hrs, 0 mins, 5 secs, 114 ms
SET
Time: 0 hrs, 0 mins, 0 secs, 12 ms
UPDATE 0
Time: 0 hrs, 0 mins, 0 secs, 237 ms
END
Time: 0 hrs, 0 mins, 4 secs, 171 ms
VACUUM
Time: 0 hrs, 0 mins, 9 secs, 573 ms

Wed Aug 3 06:19:51 EDT 2011

Timing is on.

           700 - LOAD_BN_SESSION

BEGIN
Time: 0 hrs, 0 mins, 1 secs, 193 ms
SET
Time: 0 hrs, 0 mins, 0 secs, 12 ms
INSERT 0 2747820
Time: 0 hrs, 0 mins, 12 secs, 374 ms
ANALYZE
Time: 0 hrs, 0 mins, 1 secs, 382 ms
END
Time: 0 hrs, 0 mins, 4 secs, 353 ms

Wed Aug 3 06:20:10 EDT 2011

Timing is on.

            750 - LOAD_BN_SESSION_SUMMARY   

BEGIN
Time: 0 hrs, 0 mins, 1 secs, 133 ms
SET
Time: 0 hrs, 0 mins, 0 secs, 9 ms
CREATE TABLE
Time: 0 hrs, 0 mins, 11 secs, 489 ms
TRUNCATE
Time: 0 hrs, 0 mins, 0 secs, 674 ms
INSERT 0 346071
Time: 0 hrs, 0 mins, 5 secs, 152 ms
ANALYZE
Time: 0 hrs, 0 mins, 0 secs, 977 ms
 count(1) 
----------
   346071
(1 row)

Time: 0 hrs, 0 mins, 0 secs, 109 ms
END
Time: 0 hrs, 0 mins, 1 secs, 683 ms

Wed Aug 3 06:20:32 EDT 2011

Timing is on.

           800 - LOAD_BN_HITS

BEGIN
Time: 0 hrs, 0 mins, 1 secs, 292 ms
SET
Time: 0 hrs, 0 mins, 0 secs, 11 ms
SET
Time: 0 hrs, 0 mins, 0 secs, 21 ms
SET
Time: 0 hrs, 0 mins, 0 secs, 26 ms
SET
Time: 0 hrs, 0 mins, 0 secs, 28 ms
TRUNCATE
Time: 0 hrs, 0 mins, 0 secs, 718 ms
INSERT 0 22294938
Time: 0 hrs, 0 mins, 9 secs, 444 ms
 count(1) 
----------
 22294938
(1 row)

Time: 0 hrs, 0 mins, 1 secs, 162 ms
ANALYZE
Time: 0 hrs, 0 mins, 4 secs, 77 ms
END
Time: 0 hrs, 0 mins, 23 secs, 34 ms

Wed Aug 3 06:21:12 EDT 2011

Timing is on.

            900 - LOAD_CLICKSTREAM   

BEGIN
Time: 0 hrs, 0 mins, 2 secs, 587 ms
SET
Time: 0 hrs, 0 mins, 0 secs, 10 ms
TRUNCATE
Time: 0 hrs, 0 mins, 0 secs, 804 ms
INSERT 0 22294938
Time: 0 hrs, 2 mins, 40 secs, 517 ms
 count(1) 
----------
 22294938
(1 row)

Time: 0 hrs, 0 mins, 0 secs, 263 ms
ANALYZE
Time: 0 hrs, 0 mins, 1 secs, 222 ms
END
Time: 0 hrs, 0 mins, 7 secs, 52 ms

Wed Aug 3 06:24:05 EDT 2011

Timing is on.

            1000 - PAGE_VIEW_SUMMARY  

BEGIN
Time: 0 hrs, 0 mins, 1 secs, 176 ms
SET
Time: 0 hrs, 0 mins, 0 secs, 12 ms
SET
Time: 0 hrs, 0 mins, 0 secs, 38 ms
TRUNCATE
Time: 0 hrs, 0 mins, 1 secs, 117 ms
INSERT 0 597060
Time: 0 hrs, 0 mins, 6 secs, 409 ms
 count(1) 
----------
   597060
(1 row)

Time: 0 hrs, 0 mins, 0 secs, 583 ms
ANALYZE
Time: 0 hrs, 0 mins, 0 secs, 611 ms
END
Time: 0 hrs, 0 mins, 5 secs, 98 ms

Wed Aug 3 06:24:20 EDT 2011


2000 - WRAP UP 

Timing is on.
BEGIN
Time: 0 hrs, 0 mins, 2 secs, 660 ms
TRUNCATE
Time: 0 hrs, 0 mins, 0 secs, 559 ms
TRUNCATE
Time: 0 hrs, 0 mins, 0 secs, 313 ms
END
Time: 0 hrs, 0 mins, 1 secs, 827 ms
Wed Aug 3 06:24:25 EDT 2011
Removing lock file and waiting for a minute
Total time taken:  49  minutes.
Running time of run.sh 20110801: 49 minutes
Checking for lock file /tmp/.iislock
Acquired lock file /tmp/.iislock
-------------------------------------
Processing for 20110801
-------------------------------------

Wed Aug 3 23:47:19 EDT 2011

Timing is on.

           000 - INIT

BEGIN
Time: 0 hrs, 0 mins, 2 secs, 538 ms
*** Truncating staging tables before workflow starts ***
SET
Time: 0 hrs, 0 mins, 0 secs, 14 ms
GRANT
Time: 0 hrs, 0 mins, 9 secs, 260 ms
END
Time: 0 hrs, 0 mins, 35 secs, 348 ms

Wed Aug 3 23:48:06 EDT 2011

Timing is on.

            200 - LOAD_BN_IISLOGS   

BEGIN
Time: 0 hrs, 0 mins, 2 secs, 14 ms
SET
Time: 0 hrs, 0 mins, 0 secs, 12 ms
TRUNCATE
Time: 0 hrs, 0 mins, 0 secs, 970 ms
INSERT 0 78793357
Time: 0 hrs, 13 mins, 14 secs, 790 ms
END
Time: 0 hrs, 0 mins, 10 secs, 700 ms
ALTER TABLE
Time: 0 hrs, 0 mins, 4 secs, 823 ms

Thu Aug 4 00:01:40 EDT 2011

Timing is on.
BEGIN
Time: 0 hrs, 0 mins, 1 secs, 343 ms
SET
Time: 0 hrs, 0 mins, 0 secs, 12 ms

            250 - LOAD_BN_HITS_SP   

TRUNCATE
Time: 0 hrs, 0 mins, 1 secs, 275 ms
INSERT 0 29821188
Time: 0 hrs, 5 mins, 42 secs, 839 ms
ANALYZE
Time: 0 hrs, 0 mins, 8 secs, 291 ms
END
Time: 0 hrs, 0 mins, 6 secs, 594 ms

Thu Aug 4 00:07:41 EDT 2011

Timing is on.
BEGIN
Time: 0 hrs, 0 mins, 1 secs, 53 ms
SET
Time: 0 hrs, 0 mins, 0 secs, 9 ms

           300 - DYNAMIC FILTER

TRUNCATE
Time: 0 hrs, 0 mins, 0 secs, 512 ms
INSERT 0 20866468
Time: 0 hrs, 0 mins, 10 secs, 956 ms
ANALYZE
Time: 0 hrs, 0 mins, 0 secs, 607 ms
 Total records in web_click_cnt 
--------------------------------
                       20866468
(1 row)

Time: 0 hrs, 0 mins, 0 secs, 423 ms
CREATE TABLE
Time: 0 hrs, 0 mins, 2 secs, 347 ms
ANALYZE
Time: 0 hrs, 0 mins, 0 secs, 109 ms
CREATE TABLE
Time: 0 hrs, 0 mins, 0 secs, 458 ms
ANALYZE
Time: 0 hrs, 0 mins, 0 secs, 174 ms
DELETE 1
Time: 0 hrs, 0 mins, 0 secs, 138 ms
INSERT 0 1
Time: 0 hrs, 0 mins, 0 secs, 918 ms
DELETE 1
Time: 0 hrs, 0 mins, 0 secs, 157 ms
INSERT 0 1
Time: 0 hrs, 0 mins, 0 secs, 880 ms
CREATE TABLE
Time: 0 hrs, 0 mins, 3 secs, 8 ms
ANALYZE
Time: 0 hrs, 0 mins, 0 secs, 105 ms
CREATE TABLE
Time: 0 hrs, 0 mins, 1 secs, 23 ms
ANALYZE
Time: 0 hrs, 0 mins, 0 secs, 120 ms
DELETE 1
Time: 0 hrs, 0 mins, 0 secs, 147 ms
INSERT 0 1
Time: 0 hrs, 0 mins, 1 secs, 196 ms
DELETE 1
Time: 0 hrs, 0 mins, 0 secs, 109 ms
INSERT 0 1
Time: 0 hrs, 0 mins, 0 secs, 520 ms
ANALYZE
Time: 0 hrs, 0 mins, 0 secs, 62 ms
    tablename     |    attr_name    | attr_value 
------------------+-----------------+------------
 BN_FILTER_SPIDER | CLK_USER_SD_MPL | 10
 BN_FILTER_SPIDER | IP_USER_SD_MPL  | 1
 BN_FILTER_SPIDER | IP_USER_RATIO   | .955
 BN_FILTER_SPIDER | CLK_USER_MEAN   | 12.394
 BN_FILTER_SPIDER | CLK_USER_SD     | 52.552
 BN_FILTER_SPIDER | IP_USER_MEAN    | 17.747
 BN_FILTER_SPIDER | IP_USER_SD      | 1641.009
(7 rows)

Time: 0 hrs, 0 mins, 0 secs, 165 ms
CREATE TABLE
Time: 0 hrs, 0 mins, 8 secs, 754 ms
CREATE TABLE
Time: 0 hrs, 0 mins, 0 secs, 368 ms
 l_mean_sd_mpl 
---------------
       537.914
(1 row)

Time: 0 hrs, 0 mins, 0 secs, 111 ms
TRUNCATE
Time: 0 hrs, 0 mins, 0 secs, 701 ms
INSERT 0 440
Time: 0 hrs, 0 mins, 6 secs, 986 ms
ANALYZE
Time: 0 hrs, 0 mins, 0 secs, 73 ms
 Total click_user bn_spider_ip records 
---------------------------------------
                                   440
(1 row)

Time: 0 hrs, 0 mins, 0 secs, 143 ms
CREATE TABLE
Time: 0 hrs, 0 mins, 2 secs, 580 ms
ANALYZE
Time: 0 hrs, 0 mins, 0 secs, 62 ms
CREATE TABLE
Time: 0 hrs, 0 mins, 2 secs, 779 ms
ANALYZE
Time: 0 hrs, 0 mins, 0 secs, 130 ms
DROP 
Time: 0 hrs, 0 mins, 0 secs, 220 ms
CREATE TABLE
Time: 0 hrs, 0 mins, 1 secs, 41 ms
 l_mean_sd_mpl | l_ratio 
---------------+---------
      1658.756 |   0.955
(1 row)

Time: 0 hrs, 0 mins, 0 secs, 327 ms
INSERT 0 17837087
Time: 0 hrs, 0 mins, 8 secs, 887 ms
ANALYZE
Time: 0 hrs, 0 mins, 0 secs, 467 ms
 Total ip_user_filter bn_spider_ip records 
-------------------------------------------
                                  17837087
(1 row)

Time: 0 hrs, 0 mins, 0 secs, 742 ms
TRUNCATE
Time: 0 hrs, 0 mins, 0 secs, 570 ms
INSERT 0 22294938
Time: 0 hrs, 0 mins, 28 secs, 794 ms
ANALYZE
Time: 0 hrs, 0 mins, 5 secs, 1 ms
 bn_hits_stage 
---------------
      22294938
(1 row)

Time: 0 hrs, 0 mins, 0 secs, 730 ms
INSERT 0 18655133
Time: 0 hrs, 0 mins, 51 secs, 367 ms
ANALYZE
Time: 0 hrs, 0 mins, 19 secs, 469 ms
 bn_hits_sp_20110801 
---------------------
            48476321
(1 row)

Time: 0 hrs, 0 mins, 19 secs, 186 ms
TRUNCATE
Time: 0 hrs, 0 mins, 0 secs, 885 ms
INSERT 0 8022098
Time: 0 hrs, 0 mins, 8 secs, 806 ms
ANALYZE
Time: 0 hrs, 0 mins, 3 secs, 17 ms
 bn_hits_client_20110801 
-------------------------
                 8022098
(1 row)

Time: 0 hrs, 0 mins, 0 secs, 194 ms
END
Time: 0 hrs, 0 mins, 8 secs, 423 ms

Thu Aug 4 00:11:07 EDT 2011

Timing is on.
BEGIN
Time: 0 hrs, 0 mins, 1 secs, 77 ms

           600 - LOAD RESOURCES

SET
Time: 0 hrs, 0 mins, 0 secs, 15 ms
CREATE TABLE
Time: 0 hrs, 0 mins, 26 secs, 334 ms
ANALYZE
Time: 0 hrs, 0 mins, 0 secs, 546 ms
 tmp_a_count 
-------------
      584094
(1 row)

Time: 0 hrs, 0 mins, 0 secs, 441 ms
UPDATE 0
Time: 0 hrs, 0 mins, 5 secs, 184 ms
ANALYZE
Time: 0 hrs, 0 mins, 1 secs, 28 ms
TRUNCATE
Time: 0 hrs, 0 mins, 0 secs, 404 ms
INSERT 0 0
Time: 0 hrs, 0 mins, 17 secs, 528 ms
ANALYZE
Time: 0 hrs, 0 mins, 0 secs, 25 ms
 first_resource_id | last_resource_id 
-------------------+------------------
                   |                 
(1 row)

Time: 0 hrs, 0 mins, 0 secs, 204 ms
INSERT 0 0
Time: 0 hrs, 0 mins, 0 secs, 378 ms
 total_resources 
-----------------
        31402017
(1 row)

Time: 0 hrs, 0 mins, 0 secs, 458 ms
ANALYZE
Time: 0 hrs, 0 mins, 0 secs, 664 ms
END
Time: 0 hrs, 0 mins, 1 secs, 240 ms
VACUUM
Time: 0 hrs, 1 mins, 21 secs, 800 ms

Thu Aug 4 00:13:25 EDT 2011

Timing is on.

           650 - LOAD_BN_SESSION_STAGE

BEGIN
Time: 0 hrs, 0 mins, 1 secs, 663 ms
SET
Time: 0 hrs, 0 mins, 0 secs, 14 ms
SET
Time: 0 hrs, 0 mins, 0 secs, 21 ms
CREATE TABLE
Time: 0 hrs, 0 mins, 53 secs, 432 ms
ANALYZE
Time: 0 hrs, 0 mins, 4 secs, 77 ms
 tmp_sessionized_stage 
-----------------------
              22294938
(1 row)

Time: 0 hrs, 0 mins, 1 secs, 151 ms
TRUNCATE
Time: 0 hrs, 0 mins, 0 secs, 941 ms
INSERT 0 2747820
Time: 0 hrs, 0 mins, 31 secs, 36 ms
ANALYZE
Time: 0 hrs, 0 mins, 0 secs, 733 ms
CREATE TABLE
Time: 0 hrs, 2 mins, 30 secs, 796 ms
CREATE INDEX
Time: 0 hrs, 0 mins, 0 secs, 237 ms
 tmp_first_last 
----------------
        2747820
(1 row)

Time: 0 hrs, 0 mins, 0 secs, 162 ms
ANALYZE
Time: 0 hrs, 0 mins, 1 secs, 339 ms
SET
Time: 0 hrs, 0 mins, 0 secs, 70 ms
SET
Time: 0 hrs, 0 mins, 0 secs, 27 ms
TRUNCATE
Time: 0 hrs, 0 mins, 1 secs, 711 ms
DROP
Time: 0 hrs, 0 mins, 0 secs, 354 ms
INSERT 0 2747820
Time: 0 hrs, 0 mins, 7 secs, 976 ms
 bn_session_stage 
------------------
          2747820
(1 row)

Time: 0 hrs, 0 mins, 1 secs, 757 ms
CREATE INDEX
Time: 0 hrs, 0 mins, 2 secs, 504 ms
ANALYZE
Time: 0 hrs, 0 mins, 1 secs, 637 ms
TRUNCATE
Time: 0 hrs, 0 mins, 2 secs, 888 ms
END
Time: 0 hrs, 0 mins, 7 secs, 833 ms

Thu Aug 4 00:17:57 EDT 2011

BEGIN

           660 - LOAD_BN_SESSION_UPDATE_STAGE

SET
TRUNCATE
INSERT 0 0
END

Thu Aug 4 00:18:02 EDT 2011

Timing is on.

           670 - LOAD_BN_SESSION_20110801.UPDATES

BEGIN
Time: 0 hrs, 0 mins, 1 secs, 63 ms
SET
Time: 0 hrs, 0 mins, 0 secs, 9 ms
UPDATE 0
Time: 0 hrs, 0 mins, 0 secs, 272 ms
END
Time: 0 hrs, 0 mins, 3 secs, 800 ms
VACUUM
Time: 0 hrs, 0 mins, 32 secs, 18 ms

Thu Aug 4 00:18:40 EDT 2011

Timing is on.

           700 - LOAD_BN_SESSION

BEGIN
Time: 0 hrs, 0 mins, 1 secs, 212 ms
SET
Time: 0 hrs, 0 mins, 0 secs, 10 ms
INSERT 0 2747820
Time: 0 hrs, 0 mins, 12 secs, 782 ms
ANALYZE
Time: 0 hrs, 0 mins, 1 secs, 354 ms
END
Time: 0 hrs, 0 mins, 5 secs, 402 ms

Thu Aug 4 00:19:01 EDT 2011

Timing is on.

            750 - LOAD_BN_SESSION_SUMMARY   

BEGIN
Time: 0 hrs, 0 mins, 1 secs, 300 ms
SET
Time: 0 hrs, 0 mins, 0 secs, 13 ms
CREATE TABLE
Time: 0 hrs, 0 mins, 14 secs, 757 ms
TRUNCATE
Time: 0 hrs, 0 mins, 0 secs, 590 ms
INSERT 0 345899
Time: 0 hrs, 0 mins, 5 secs, 760 ms
ANALYZE
Time: 0 hrs, 0 mins, 0 secs, 654 ms
 count(1) 
----------
   345899
(1 row)

Time: 0 hrs, 0 mins, 0 secs, 125 ms
END
Time: 0 hrs, 0 mins, 2 secs, 242 ms

Thu Aug 4 00:19:26 EDT 2011

Timing is on.

           800 - LOAD_BN_HITS

BEGIN
Time: 0 hrs, 0 mins, 0 secs, 961 ms
SET
Time: 0 hrs, 0 mins, 0 secs, 10 ms
SET
Time: 0 hrs, 0 mins, 0 secs, 19 ms
SET
Time: 0 hrs, 0 mins, 0 secs, 232 ms
SET
Time: 0 hrs, 0 mins, 0 secs, 19 ms
TRUNCATE
Time: 0 hrs, 0 mins, 0 secs, 484 ms
INSERT 0 22294938
Time: 0 hrs, 0 mins, 8 secs, 287 ms
 count(1) 
----------
 22294938
(1 row)

Time: 0 hrs, 0 mins, 0 secs, 751 ms
ANALYZE
Time: 0 hrs, 0 mins, 4 secs, 999 ms
END
Time: 0 hrs, 0 mins, 26 secs, 434 ms

Thu Aug 4 00:20:09 EDT 2011

Timing is on.

            900 - LOAD_CLICKSTREAM   

BEGIN
Time: 0 hrs, 0 mins, 1 secs, 85 ms
SET
Time: 0 hrs, 0 mins, 0 secs, 14 ms
TRUNCATE
Time: 0 hrs, 0 mins, 0 secs, 431 ms
INSERT 0 22294938
Time: 0 hrs, 2 mins, 34 secs, 776 ms
 count(1) 
----------
 22294938
(1 row)

Time: 0 hrs, 0 mins, 0 secs, 291 ms
ANALYZE
Time: 0 hrs, 0 mins, 1 secs, 195 ms
END
Time: 0 hrs, 0 mins, 8 secs, 671 ms

Thu Aug 4 00:22:56 EDT 2011

Timing is on.

            1000 - PAGE_VIEW_SUMMARY  

BEGIN
Time: 0 hrs, 0 mins, 1 secs, 35 ms
SET
Time: 0 hrs, 0 mins, 0 secs, 8 ms
SET
Time: 0 hrs, 0 mins, 0 secs, 232 ms
TRUNCATE
Time: 0 hrs, 0 mins, 0 secs, 433 ms
INSERT 0 597060
Time: 0 hrs, 0 mins, 4 secs, 844 ms
 count(1) 
----------
   597060
(1 row)

Time: 0 hrs, 0 mins, 0 secs, 288 ms
ANALYZE
Time: 0 hrs, 0 mins, 0 secs, 194 ms
END
Time: 0 hrs, 0 mins, 3 secs, 789 ms

Thu Aug 4 00:23:07 EDT 2011


2000 - WRAP UP 

Timing is on.
BEGIN
Time: 0 hrs, 0 mins, 1 secs, 129 ms
TRUNCATE
Time: 0 hrs, 0 mins, 0 secs, 275 ms
TRUNCATE
Time: 0 hrs, 0 mins, 0 secs, 216 ms
END
Time: 0 hrs, 0 mins, 0 secs, 950 ms
Thu Aug 4 00:23:09 EDT 2011
Removing lock file and waiting for a minute
Total time taken:  36  minutes.
