Checking for lock file /tmp/.iislock
Acquired lock file /tmp/.iislock
deleting simple.htm records - these are just server testing...
DELETE 5555991
-------------------------------------
Processing for 20111128
-------------------------------------

Tue Nov 29 07:02:35 EST 2011

Timing is on.

           000 - INIT

BEGIN
Time: 0 hrs, 0 mins, 6 secs, 456 ms
*** Truncating staging tables before workflow starts ***
SET
Time: 0 hrs, 0 mins, 0 secs, 5 ms
GRANT
Time: 0 hrs, 0 mins, 25 secs, 385 ms
END
Time: 0 hrs, 0 mins, 11 secs, 234 ms

Tue Nov 29 07:03:18 EST 2011

Timing is on.

            200 - LOAD_BN_IISLOGS   

BEGIN
Time: 0 hrs, 0 mins, 0 secs, 162 ms
SET
Time: 0 hrs, 0 mins, 0 secs, 6 ms
TRUNCATE
Time: 0 hrs, 0 mins, 3 secs, 866 ms
INSERT 0 79094337
Time: 0 hrs, 9 mins, 25 secs, 24 ms
END
Time: 0 hrs, 0 mins, 12 secs, 640 ms
ALTER TABLE
Time: 0 hrs, 5 mins, 14 secs, 703 ms

Tue Nov 29 07:18:15 EST 2011

Timing is on.
BEGIN
Time: 0 hrs, 0 mins, 0 secs, 264 ms
SET
Time: 0 hrs, 0 mins, 0 secs, 8 ms

            250 - LOAD_BN_HITS_SP   

TRUNCATE
Time: 0 hrs, 0 mins, 3 secs, 604 ms
INSERT 0 22186033
Time: 0 hrs, 2 mins, 3 secs, 135 ms
ANALYZE
Time: 0 hrs, 0 mins, 3 secs, 70 ms
END
Time: 0 hrs, 0 mins, 20 secs, 589 ms

Tue Nov 29 07:20:46 EST 2011

Timing is on.
BEGIN
Time: 0 hrs, 0 mins, 3 secs, 818 ms
SET
Time: 0 hrs, 0 mins, 0 secs, 8 ms

           300 - DYNAMIC FILTER

TRUNCATE
Time: 0 hrs, 0 mins, 1 secs, 722 ms
INSERT 0 23001612
Time: 0 hrs, 0 mins, 2 secs, 321 ms
ANALYZE
Time: 0 hrs, 0 mins, 3 secs, 508 ms
 Total records in web_click_cnt 
--------------------------------
                       23001612
(1 row)

Time: 0 hrs, 0 mins, 7 secs, 452 ms
CREATE TABLE
Time: 0 hrs, 0 mins, 12 secs, 795 ms
ANALYZE
Time: 0 hrs, 0 mins, 2 secs, 303 ms
CREATE TABLE
Time: 0 hrs, 0 mins, 2 secs, 704 ms
ANALYZE
Time: 0 hrs, 0 mins, 0 secs, 65 ms
DELETE 1
Time: 0 hrs, 0 mins, 2 secs, 114 ms
INSERT 0 1
Time: 0 hrs, 0 mins, 0 secs, 919 ms
DELETE 1
Time: 0 hrs, 0 mins, 0 secs, 66 ms
INSERT 0 1
Time: 0 hrs, 0 mins, 0 secs, 787 ms
CREATE TABLE
Time: 0 hrs, 0 mins, 9 secs, 26 ms
ANALYZE
Time: 0 hrs, 0 mins, 0 secs, 344 ms
CREATE TABLE
Time: 0 hrs, 0 mins, 0 secs, 642 ms
ANALYZE
Time: 0 hrs, 0 mins, 0 secs, 57 ms
DELETE 1
Time: 0 hrs, 0 mins, 0 secs, 84 ms
INSERT 0 1
Time: 0 hrs, 0 mins, 1 secs, 328 ms
DELETE 1
Time: 0 hrs, 0 mins, 0 secs, 70 ms
INSERT 0 1
Time: 0 hrs, 0 mins, 0 secs, 848 ms
ANALYZE
Time: 0 hrs, 0 mins, 0 secs, 792 ms
    tablename     |    attr_name    | attr_value 
------------------+-----------------+------------
 BN_FILTER_SPIDER | CLK_USER_SD_MPL | 10
 BN_FILTER_SPIDER | IP_USER_SD_MPL  | 1
 BN_FILTER_SPIDER | IP_USER_RATIO   | .955
 BN_FILTER_SPIDER | CLK_USER_MEAN   | 12.911
 BN_FILTER_SPIDER | CLK_USER_SD     | 64.315
 BN_FILTER_SPIDER | IP_USER_MEAN    | 14.000
 BN_FILTER_SPIDER | IP_USER_SD      | 1840.360
(7 rows)

Time: 0 hrs, 0 mins, 1 secs, 614 ms
CREATE TABLE
Time: 0 hrs, 0 mins, 5 secs, 826 ms
CREATE TABLE
Time: 0 hrs, 0 mins, 2 secs, 124 ms
 l_mean_sd_mpl 
---------------
       656.061
(1 row)

Time: 0 hrs, 0 mins, 0 secs, 901 ms
TRUNCATE
Time: 0 hrs, 0 mins, 4 secs, 627 ms
INSERT 0 369
Time: 0 hrs, 0 mins, 11 secs, 227 ms
ANALYZE
Time: 0 hrs, 0 mins, 2 secs, 564 ms
 Total click_user bn_spider_ip records 
---------------------------------------
                                   369
(1 row)

Time: 0 hrs, 0 mins, 0 secs, 585 ms
CREATE TABLE
Time: 0 hrs, 0 mins, 14 secs, 725 ms
ANALYZE
Time: 0 hrs, 0 mins, 0 secs, 230 ms
CREATE TABLE
Time: 0 hrs, 0 mins, 6 secs, 910 ms
ANALYZE
Time: 0 hrs, 0 mins, 0 secs, 47 ms
DROP 
Time: 0 hrs, 0 mins, 0 secs, 119 ms
CREATE TABLE
Time: 0 hrs, 0 mins, 0 secs, 231 ms
 l_mean_sd_mpl | l_ratio 
---------------+---------
      1854.360 |   0.955
(1 row)

Time: 0 hrs, 0 mins, 0 secs, 831 ms
INSERT 0 18358518
Time: 0 hrs, 0 mins, 10 secs, 734 ms
ANALYZE
Time: 0 hrs, 0 mins, 0 secs, 196 ms
 Total ip_user_filter bn_spider_ip records 
-------------------------------------------
                                  18358518
(1 row)

Time: 0 hrs, 0 mins, 3 secs, 447 ms
TRUNCATE
Time: 0 hrs, 0 mins, 1 secs, 65 ms
INSERT 0 34309872
Time: 0 hrs, 0 mins, 37 secs, 277 ms
ANALYZE
Time: 0 hrs, 0 mins, 21 secs, 905 ms
 bn_hits_stage 
---------------
      34309872
(1 row)

Time: 0 hrs, 0 mins, 3 secs, 374 ms
INSERT 0 19277927
Time: 0 hrs, 1 mins, 5 secs, 947 ms
ANALYZE
Time: 0 hrs, 0 mins, 3 secs, 869 ms
 bn_hits_sp_20111128 
---------------------
            41463960
(1 row)

Time: 0 hrs, 0 mins, 0 secs, 191 ms
TRUNCATE
Time: 0 hrs, 0 mins, 4 secs, 280 ms
INSERT 0 3320505
Time: 0 hrs, 0 mins, 2 secs, 357 ms
ANALYZE
Time: 0 hrs, 0 mins, 2 secs, 502 ms
 bn_hits_client_20111128 
-------------------------
                 3320505
(1 row)

Time: 0 hrs, 0 mins, 0 secs, 95 ms
END
Time: 0 hrs, 0 mins, 24 secs, 116 ms

Tue Nov 29 07:25:34 EST 2011

Timing is on.
BEGIN
Time: 0 hrs, 0 mins, 1 secs, 207 ms

           600 - LOAD RESOURCES

SET
Time: 0 hrs, 0 mins, 0 secs, 6 ms
CREATE TABLE
Time: 0 hrs, 1 mins, 15 secs, 154 ms
ANALYZE
Time: 0 hrs, 0 mins, 2 secs, 620 ms
 tmp_a_count 
-------------
     1156889
(1 row)

Time: 0 hrs, 0 mins, 3 secs, 216 ms
UPDATE 0
Time: 0 hrs, 0 mins, 12 secs, 259 ms
ANALYZE
Time: 0 hrs, 0 mins, 2 secs, 34 ms
TRUNCATE
Time: 0 hrs, 0 mins, 4 secs, 955 ms
INSERT 0 401465
Time: 0 hrs, 0 mins, 38 secs, 835 ms
ANALYZE
Time: 0 hrs, 0 mins, 4 secs, 116 ms
 first_resource_id | last_resource_id 
-------------------+------------------
          58570109 |         58971573
(1 row)

Time: 0 hrs, 0 mins, 1 secs, 531 ms
INSERT 0 401465
Time: 0 hrs, 0 mins, 6 secs, 572 ms
 total_resources 
-----------------
        58947110
(1 row)

Time: 0 hrs, 0 mins, 3 secs, 328 ms
ANALYZE
Time: 0 hrs, 0 mins, 0 secs, 489 ms
END
Time: 0 hrs, 0 mins, 53 secs, 63 ms
VACUUM
Time: 0 hrs, 0 mins, 34 secs, 660 ms

Tue Nov 29 07:29:38 EST 2011

Timing is on.

           650 - LOAD_BN_SESSION_STAGE

BEGIN
Time: 0 hrs, 0 mins, 4 secs, 72 ms
SET
Time: 0 hrs, 0 mins, 0 secs, 10 ms
SET
Time: 0 hrs, 0 mins, 0 secs, 21 ms
CREATE TABLE
Time: 0 hrs, 1 mins, 14 secs, 686 ms
ANALYZE
Time: 0 hrs, 0 mins, 4 secs, 866 ms
 tmp_sessionized_stage 
-----------------------
              34309872
(1 row)

Time: 0 hrs, 0 mins, 2 secs, 467 ms
TRUNCATE
Time: 0 hrs, 0 mins, 8 secs, 214 ms
INSERT 0 3882858
Time: 0 hrs, 2 mins, 20 secs, 365 ms
ANALYZE
Time: 0 hrs, 0 mins, 1 secs, 548 ms
CREATE TABLE
Time: 0 hrs, 1 mins, 25 secs, 550 ms
CREATE INDEX
Time: 0 hrs, 0 mins, 1 secs, 698 ms
 tmp_first_last 
----------------
        3882858
(1 row)

Time: 0 hrs, 0 mins, 0 secs, 802 ms
ANALYZE
Time: 0 hrs, 0 mins, 2 secs, 139 ms
SET
Time: 0 hrs, 0 mins, 0 secs, 12 ms
SET
Time: 0 hrs, 0 mins, 0 secs, 12 ms
TRUNCATE
Time: 0 hrs, 0 mins, 13 secs, 788 ms
DROP 
Time: 0 hrs, 0 mins, 2 secs, 233 ms
INSERT 0 3882858
Time: 0 hrs, 0 mins, 12 secs, 650 ms
 bn_session_stage 
------------------
          3882858
(1 row)

Time: 0 hrs, 0 mins, 9 secs, 960 ms
CREATE INDEX
Time: 0 hrs, 0 mins, 5 secs, 185 ms
ANALYZE
Time: 0 hrs, 0 mins, 1 secs, 269 ms
TRUNCATE
Time: 0 hrs, 0 mins, 6 secs, 127 ms
END
Time: 0 hrs, 0 mins, 35 secs, 658 ms

Tue Nov 29 07:36:31 EST 2011

BEGIN

           660 - LOAD_BN_SESSION_UPDATE_STAGE

SET
TRUNCATE
INSERT 0 0
END

Tue Nov 29 07:36:56 EST 2011

Timing is on.

           670 - LOAD_BN_SESSION_20111128.UPDATES

BEGIN
Time: 0 hrs, 0 mins, 0 secs, 132 ms
SET
Time: 0 hrs, 0 mins, 0 secs, 8 ms
UPDATE 0
Time: 0 hrs, 0 mins, 0 secs, 178 ms
END
Time: 0 hrs, 0 mins, 16 secs, 692 ms
VACUUM
Time: 0 hrs, 0 mins, 20 secs, 209 ms

Tue Nov 29 07:37:33 EST 2011

Timing is on.

           700 - LOAD_BN_SESSION

BEGIN
Time: 0 hrs, 0 mins, 3 secs, 38 ms
SET
Time: 0 hrs, 0 mins, 0 secs, 6 ms
INSERT 0 3882858
Time: 0 hrs, 0 mins, 24 secs, 972 ms
ANALYZE
Time: 0 hrs, 0 mins, 1 secs, 192 ms
END
Time: 0 hrs, 0 mins, 32 secs, 692 ms

Tue Nov 29 07:38:35 EST 2011

Timing is on.

            750 - LOAD_BN_SESSION_SUMMARY   

BEGIN
Time: 0 hrs, 0 mins, 6 secs, 38 ms
SET
Time: 0 hrs, 0 mins, 0 secs, 7 ms
CREATE TABLE
Time: 0 hrs, 0 mins, 43 secs, 311 ms
TRUNCATE
Time: 0 hrs, 0 mins, 3 secs, 559 ms
INSERT 0 820211
Time: 0 hrs, 0 mins, 10 secs, 784 ms
ANALYZE
Time: 0 hrs, 0 mins, 0 secs, 954 ms
 count(1) 
----------
   820211
(1 row)

Time: 0 hrs, 0 mins, 0 secs, 574 ms
END
Time: 0 hrs, 0 mins, 53 secs, 637 ms

Tue Nov 29 07:40:35 EST 2011

Timing is on.

           800 - LOAD_BN_HITS

BEGIN
Time: 0 hrs, 0 mins, 0 secs, 219 ms
SET
Time: 0 hrs, 0 mins, 0 secs, 7 ms
SET
Time: 0 hrs, 0 mins, 0 secs, 19 ms
SET
Time: 0 hrs, 0 mins, 0 secs, 12 ms
SET
Time: 0 hrs, 0 mins, 0 secs, 13 ms
TRUNCATE
Time: 0 hrs, 0 mins, 3 secs, 504 ms
INSERT 0 34309872
Time: 0 hrs, 0 mins, 29 secs, 363 ms
 count(1) 
----------
 34309872
(1 row)

Time: 0 hrs, 0 mins, 4 secs, 49 ms
ANALYZE
Time: 0 hrs, 0 mins, 5 secs, 926 ms
END
Time: 0 hrs, 0 mins, 34 secs, 157 ms

Tue Nov 29 07:41:52 EST 2011

Timing is on.

            900 - LOAD_CLICKSTREAM   

BEGIN
Time: 0 hrs, 0 mins, 5 secs, 835 ms
SET
Time: 0 hrs, 0 mins, 0 secs, 10 ms
TRUNCATE
Time: 0 hrs, 0 mins, 10 secs, 46 ms
INSERT 0 34309872
Time: 0 hrs, 2 mins, 18 secs, 473 ms
 count(1) 
----------
 34309872
(1 row)

Time: 0 hrs, 0 mins, 2 secs, 980 ms
ANALYZE
Time: 0 hrs, 0 mins, 2 secs, 505 ms
END
Time: 0 hrs, 0 mins, 36 secs, 44 ms

Tue Nov 29 07:45:08 EST 2011

Timing is on.

            1000 - PAGE_VIEW_SUMMARY  

BEGIN
Time: 0 hrs, 0 mins, 0 secs, 137 ms
SET
Time: 0 hrs, 0 mins, 0 secs, 6 ms
SET
Time: 0 hrs, 0 mins, 0 secs, 12 ms
TRUNCATE
Time: 0 hrs, 0 mins, 3 secs, 986 ms
INSERT 0 1173507
Time: 0 hrs, 0 mins, 14 secs, 462 ms
 count(1) 
----------
  1173507
(1 row)

Time: 0 hrs, 0 mins, 1 secs, 25 ms
ANALYZE
Time: 0 hrs, 0 mins, 0 secs, 118 ms
END
Time: 0 hrs, 1 mins, 17 secs, 562 ms

Tue Nov 29 07:46:46 EST 2011


2000 - WRAP UP 

Timing is on.
BEGIN
Time: 0 hrs, 0 mins, 0 secs, 186 ms
TRUNCATE
Time: 0 hrs, 0 mins, 5 secs, 279 ms
TRUNCATE
Time: 0 hrs, 0 mins, 2 secs, 115 ms
END
Time: 0 hrs, 0 mins, 33 secs, 570 ms
Tue Nov 29 07:47:27 EST 2011
Removing lock file and waiting for a minute
Total time taken:  49  minutes.
Running time of run.sh 20111128: 2942 seconds
Checking for lock file /tmp/.iislock
Acquired lock file /tmp/.iislock
deleting simple.htm records - these are just server testing...
DELETE 14
-------------------------------------
Processing for 20111128
-------------------------------------

Wed Nov 30 11:26:04 EST 2011

Timing is on.

           000 - INIT

BEGIN
Time: 0 hrs, 0 mins, 0 secs, 126 ms
*** Truncating staging tables before workflow starts ***
SET
Time: 0 hrs, 0 mins, 0 secs, 6 ms
GRANT
Time: 0 hrs, 1 mins, 31 secs, 402 ms
END
Time: 0 hrs, 0 mins, 26 secs, 221 ms

Wed Nov 30 11:28:02 EST 2011

Timing is on.

            200 - LOAD_BN_IISLOGS   

BEGIN
Time: 0 hrs, 0 mins, 0 secs, 124 ms
SET
Time: 0 hrs, 0 mins, 0 secs, 6 ms
TRUNCATE
Time: 0 hrs, 0 mins, 8 secs, 232 ms
INSERT 0 107259412
Time: 0 hrs, 23 mins, 5 secs, 808 ms
END
Time: 0 hrs, 2 mins, 55 secs, 264 ms
ALTER TABLE
Time: 0 hrs, 1 mins, 13 secs, 285 ms

Wed Nov 30 11:55:25 EST 2011

Timing is on.
BEGIN
Time: 0 hrs, 0 mins, 0 secs, 661 ms
SET
Time: 0 hrs, 0 mins, 0 secs, 6 ms

            250 - LOAD_BN_HITS_SP   

TRUNCATE
Time: 0 hrs, 0 mins, 24 secs, 458 ms
INSERT 0 29148006
Time: 0 hrs, 3 mins, 49 secs, 954 ms
ANALYZE
Time: 0 hrs, 0 mins, 8 secs, 193 ms
END
Time: 0 hrs, 2 mins, 36 secs, 389 ms

Wed Nov 30 12:02:25 EST 2011

Timing is on.
BEGIN
Time: 0 hrs, 0 mins, 0 secs, 141 ms
SET
Time: 0 hrs, 0 mins, 0 secs, 5 ms

           300 - DYNAMIC FILTER

TRUNCATE
Time: 0 hrs, 0 mins, 9 secs, 615 ms
INSERT 0 29231257
Time: 0 hrs, 0 mins, 13 secs, 93 ms
ANALYZE
Time: 0 hrs, 0 mins, 4 secs, 492 ms
 Total records in web_click_cnt 
--------------------------------
                       29231257
(1 row)

Time: 0 hrs, 0 mins, 4 secs, 900 ms
CREATE TABLE
Time: 0 hrs, 2 mins, 11 secs, 61 ms
ANALYZE
Time: 0 hrs, 0 mins, 0 secs, 191 ms
CREATE TABLE
Time: 0 hrs, 0 mins, 6 secs, 422 ms
ANALYZE
Time: 0 hrs, 0 mins, 0 secs, 64 ms
DELETE 1
Time: 0 hrs, 0 mins, 3 secs, 476 ms
INSERT 0 1
Time: 0 hrs, 0 mins, 9 secs, 910 ms
DELETE 1
Time: 0 hrs, 0 mins, 0 secs, 63 ms
INSERT 0 1
Time: 0 hrs, 0 mins, 2 secs, 426 ms
CREATE TABLE
Time: 0 hrs, 0 mins, 9 secs, 593 ms
ANALYZE
Time: 0 hrs, 0 mins, 0 secs, 59 ms
CREATE TABLE
Time: 0 hrs, 0 mins, 2 secs, 782 ms
ANALYZE
Time: 0 hrs, 0 mins, 0 secs, 80 ms
DELETE 1
Time: 0 hrs, 0 mins, 0 secs, 75 ms
INSERT 0 1
Time: 0 hrs, 0 mins, 0 secs, 667 ms
DELETE 1
Time: 0 hrs, 0 mins, 0 secs, 67 ms
INSERT 0 1
Time: 0 hrs, 0 mins, 2 secs, 453 ms
ANALYZE
Time: 0 hrs, 0 mins, 1 secs, 497 ms
    tablename     |    attr_name    | attr_value 
------------------+-----------------+------------
 BN_FILTER_SPIDER | CLK_USER_SD_MPL | 10
 BN_FILTER_SPIDER | IP_USER_SD_MPL  | 1
 BN_FILTER_SPIDER | IP_USER_RATIO   | .955
 BN_FILTER_SPIDER | CLK_USER_MEAN   | 14.184
 BN_FILTER_SPIDER | CLK_USER_SD     | 69.500
 BN_FILTER_SPIDER | IP_USER_MEAN    | 13.672
 BN_FILTER_SPIDER | IP_USER_SD      | 2098.601
(7 rows)

Time: 0 hrs, 0 mins, 3 secs, 656 ms
CREATE TABLE
Time: 0 hrs, 0 mins, 16 secs, 415 ms
CREATE TABLE
Time: 0 hrs, 0 mins, 4 secs, 49 ms
 l_mean_sd_mpl 
---------------
       709.184
(1 row)

Time: 0 hrs, 0 mins, 2 secs, 96 ms
TRUNCATE
Time: 0 hrs, 0 mins, 6 secs, 954 ms
INSERT 0 438
Time: 0 hrs, 0 mins, 16 secs, 361 ms
ANALYZE
Time: 0 hrs, 0 mins, 2 secs, 81 ms
 Total click_user bn_spider_ip records 
---------------------------------------
                                   438
(1 row)

Time: 0 hrs, 0 mins, 1 secs, 200 ms
CREATE TABLE
Time: 0 hrs, 0 mins, 7 secs, 447 ms
ANALYZE
Time: 0 hrs, 0 mins, 0 secs, 52 ms
CREATE TABLE
Time: 0 hrs, 0 mins, 7 secs, 356 ms
ANALYZE
Time: 0 hrs, 0 mins, 0 secs, 666 ms
DROP 
Time: 0 hrs, 0 mins, 0 secs, 103 ms
CREATE TABLE
Time: 0 hrs, 0 mins, 2 secs, 135 ms
 l_mean_sd_mpl | l_ratio 
---------------+---------
      2112.273 |   0.955
(1 row)

Time: 0 hrs, 0 mins, 1 secs, 298 ms
INSERT 0 23203304
Time: 0 hrs, 0 mins, 11 secs, 90 ms
ANALYZE
Time: 0 hrs, 0 mins, 3 secs, 654 ms
 Total ip_user_filter bn_spider_ip records 
-------------------------------------------
                                  23203304
(1 row)

Time: 0 hrs, 0 mins, 1 secs, 501 ms
TRUNCATE
Time: 0 hrs, 0 mins, 3 secs, 575 ms
INSERT 0 48245753
Time: 0 hrs, 1 mins, 28 secs, 243 ms
ANALYZE
Time: 0 hrs, 0 mins, 11 secs, 694 ms
 bn_hits_stage 
---------------
      48245753
(1 row)

Time: 0 hrs, 0 mins, 1 secs, 548 ms
INSERT 0 24342291
Time: 0 hrs, 1 mins, 1 secs, 835 ms
ANALYZE
Time: 0 hrs, 0 mins, 6 secs, 837 ms
 bn_hits_sp_20111128 
---------------------
            53490297
(1 row)

Time: 0 hrs, 0 mins, 0 secs, 581 ms
TRUNCATE
Time: 0 hrs, 0 mins, 6 secs, 77 ms
INSERT 0 5523362
Time: 0 hrs, 0 mins, 6 secs, 76 ms
ANALYZE
Time: 0 hrs, 0 mins, 4 secs, 165 ms
 bn_hits_client_20111128 
-------------------------
                 5523362
(1 row)

Time: 0 hrs, 0 mins, 0 secs, 525 ms
END
Time: 0 hrs, 0 mins, 45 secs, 188 ms

Wed Nov 30 12:11:13 EST 2011

Timing is on.
BEGIN
Time: 0 hrs, 0 mins, 11 secs, 702 ms

           600 - LOAD RESOURCES

SET
Time: 0 hrs, 0 mins, 0 secs, 10 ms
CREATE TABLE
Time: 0 hrs, 2 mins, 58 secs, 341 ms
ANALYZE
Time: 0 hrs, 0 mins, 3 secs, 27 ms
 tmp_a_count 
-------------
     1433276
(1 row)

Time: 0 hrs, 0 mins, 1 secs, 891 ms
UPDATE 0
Time: 0 hrs, 0 mins, 6 secs, 802 ms
ANALYZE
Time: 0 hrs, 0 mins, 0 secs, 819 ms
TRUNCATE
Time: 0 hrs, 0 mins, 1 secs, 384 ms
INSERT 0 122849
Time: 0 hrs, 0 mins, 12 secs, 953 ms
ANALYZE
Time: 0 hrs, 0 mins, 3 secs, 296 ms
 first_resource_id | last_resource_id 
-------------------+------------------
          59373891 |         59496739
(1 row)

Time: 0 hrs, 0 mins, 0 secs, 350 ms
INSERT 0 122849
Time: 0 hrs, 0 mins, 2 secs, 404 ms
 total_resources 
-----------------
        59472276
(1 row)

Time: 0 hrs, 0 mins, 0 secs, 312 ms
ANALYZE
Time: 0 hrs, 0 mins, 0 secs, 481 ms
END
Time: 0 hrs, 0 mins, 7 secs, 220 ms
VACUUM
Time: 0 hrs, 0 mins, 44 secs, 966 ms

Wed Nov 30 12:15:49 EST 2011

Timing is on.

           650 - LOAD_BN_SESSION_STAGE

BEGIN
Time: 0 hrs, 0 mins, 1 secs, 257 ms
SET
Time: 0 hrs, 0 mins, 0 secs, 7 ms
SET
Time: 0 hrs, 0 mins, 0 secs, 11 ms
CREATE TABLE
Time: 0 hrs, 1 mins, 23 secs, 277 ms
ANALYZE
Time: 0 hrs, 0 mins, 4 secs, 746 ms
 tmp_sessionized_stage 
-----------------------
              48245753
(1 row)

Time: 0 hrs, 0 mins, 2 secs, 486 ms
TRUNCATE
Time: 0 hrs, 0 mins, 6 secs, 854 ms
INSERT 0 4990765
Time: 0 hrs, 2 mins, 35 secs, 800 ms
ANALYZE
Time: 0 hrs, 0 mins, 6 secs, 338 ms
CREATE TABLE
Time: 0 hrs, 2 mins, 26 secs, 115 ms
CREATE INDEX
Time: 0 hrs, 0 mins, 0 secs, 693 ms
 tmp_first_last 
----------------
        4990765
(1 row)

Time: 0 hrs, 0 mins, 1 secs, 487 ms
ANALYZE
Time: 0 hrs, 0 mins, 1 secs, 326 ms
SET
Time: 0 hrs, 0 mins, 0 secs, 13 ms
SET
Time: 0 hrs, 0 mins, 0 secs, 12 ms
TRUNCATE
Time: 0 hrs, 0 mins, 12 secs, 171 ms
DROP 
Time: 0 hrs, 0 mins, 3 secs, 966 ms
INSERT 0 4990765
Time: 0 hrs, 0 mins, 19 secs, 269 ms
 bn_session_stage 
------------------
          4990765
(1 row)

Time: 0 hrs, 0 mins, 8 secs, 323 ms
CREATE INDEX
Time: 0 hrs, 0 mins, 6 secs, 77 ms
ANALYZE
Time: 0 hrs, 0 mins, 1 secs, 264 ms
TRUNCATE
Time: 0 hrs, 0 mins, 7 secs, 384 ms
END
Time: 0 hrs, 0 mins, 19 secs, 415 ms

Wed Nov 30 12:23:59 EST 2011

BEGIN

           660 - LOAD_BN_SESSION_UPDATE_STAGE

SET
TRUNCATE
INSERT 0 0
END

Wed Nov 30 12:24:25 EST 2011

Timing is on.

           670 - LOAD_BN_SESSION_20111128.UPDATES

BEGIN
Time: 0 hrs, 0 mins, 0 secs, 140 ms
SET
Time: 0 hrs, 0 mins, 0 secs, 6 ms
UPDATE 0
Time: 0 hrs, 0 mins, 0 secs, 186 ms
END
Time: 0 hrs, 0 mins, 11 secs, 861 ms
VACUUM
Time: 0 hrs, 0 mins, 35 secs, 796 ms

Wed Nov 30 12:25:13 EST 2011

Timing is on.

           700 - LOAD_BN_SESSION

BEGIN
Time: 0 hrs, 0 mins, 0 secs, 794 ms
SET
Time: 0 hrs, 0 mins, 0 secs, 6 ms
INSERT 0 4990765
Time: 0 hrs, 0 mins, 14 secs, 743 ms
ANALYZE
Time: 0 hrs, 0 mins, 1 secs, 294 ms
END
Time: 0 hrs, 0 mins, 35 secs, 188 ms

Wed Nov 30 12:26:06 EST 2011

Timing is on.

            750 - LOAD_BN_SESSION_SUMMARY   

BEGIN
Time: 0 hrs, 0 mins, 0 secs, 141 ms
SET
Time: 0 hrs, 0 mins, 0 secs, 6 ms
CREATE TABLE
Time: 0 hrs, 0 mins, 12 secs, 19 ms
TRUNCATE
Time: 0 hrs, 0 mins, 33 secs, 850 ms
INSERT 0 973823
Time: 0 hrs, 0 mins, 13 secs, 881 ms
ANALYZE
Time: 0 hrs, 0 mins, 0 secs, 761 ms
 count(1) 
----------
   973823
(1 row)

Time: 0 hrs, 0 mins, 1 secs, 269 ms
END
Time: 0 hrs, 0 mins, 30 secs, 876 ms

Wed Nov 30 12:27:39 EST 2011

Timing is on.

           800 - LOAD_BN_HITS

BEGIN
Time: 0 hrs, 0 mins, 0 secs, 149 ms
SET
Time: 0 hrs, 0 mins, 0 secs, 6 ms
SET
Time: 0 hrs, 0 mins, 0 secs, 14 ms
SET
Time: 0 hrs, 0 mins, 0 secs, 11 ms
SET
Time: 0 hrs, 0 mins, 0 secs, 12 ms
TRUNCATE
Time: 0 hrs, 0 mins, 1 secs, 820 ms
INSERT 0 48245753
Time: 0 hrs, 0 mins, 44 secs, 633 ms
 count(1) 
----------
 48245753
(1 row)

Time: 0 hrs, 0 mins, 8 secs, 343 ms
ANALYZE
Time: 0 hrs, 0 mins, 5 secs, 127 ms
END
Time: 0 hrs, 0 mins, 27 secs, 955 ms

Wed Nov 30 12:29:07 EST 2011

Timing is on.

            900 - LOAD_CLICKSTREAM   

BEGIN
Time: 0 hrs, 0 mins, 0 secs, 317 ms
SET
Time: 0 hrs, 0 mins, 0 secs, 6 ms
TRUNCATE
Time: 0 hrs, 0 mins, 3 secs, 976 ms
INSERT 0 48245753
Time: 0 hrs, 4 mins, 0 secs, 807 ms
 count(1) 
----------
 48245753
(1 row)

Time: 0 hrs, 0 mins, 8 secs, 29 ms
ANALYZE
Time: 0 hrs, 0 mins, 6 secs, 472 ms
END
Time: 0 hrs, 2 mins, 43 secs, 399 ms

Wed Nov 30 12:36:10 EST 2011

Timing is on.

            1000 - PAGE_VIEW_SUMMARY  

BEGIN
Time: 0 hrs, 0 mins, 2 secs, 944 ms
SET
Time: 0 hrs, 0 mins, 0 secs, 18 ms
SET
Time: 0 hrs, 0 mins, 0 secs, 23 ms
TRUNCATE
Time: 0 hrs, 0 mins, 7 secs, 745 ms
INSERT 0 1454652
Time: 0 hrs, 0 mins, 34 secs, 412 ms
 count(1) 
----------
  1454652
(1 row)

Time: 0 hrs, 0 mins, 2 secs, 399 ms
ANALYZE
Time: 0 hrs, 0 mins, 3 secs, 457 ms
END
Time: 0 hrs, 1 mins, 7 secs, 562 ms

Wed Nov 30 12:38:09 EST 2011


2000 - WRAP UP 

Timing is on.
BEGIN
Time: 0 hrs, 0 mins, 13 secs, 754 ms
TRUNCATE
Time: 0 hrs, 0 mins, 24 secs, 901 ms
TRUNCATE
Time: 0 hrs, 0 mins, 4 secs, 909 ms
END
Time: 0 hrs, 0 mins, 55 secs, 844 ms
Wed Nov 30 12:39:49 EST 2011
Removing lock file and waiting for a minute
Total time taken:  76  minutes.
Running time of run.sh 20111128: 76 minutes
