Checking for lock file /tmp/.iislock
Acquired lock file /tmp/.iislock
deleting simple.htm records - these are just server testing...
DELETE 6296737
-------------------------------------
Processing for 20110926
-------------------------------------

Tue Sep 27 04:15:08 EDT 2011

Timing is on.

           000 - INIT

BEGIN
Time: 0 hrs, 0 mins, 0 secs, 120 ms
*** Truncating staging tables before workflow starts ***
SET
Time: 0 hrs, 0 mins, 0 secs, 6 ms
GRANT
Time: 0 hrs, 0 mins, 48 secs, 177 ms
END
Time: 0 hrs, 0 mins, 17 secs, 50 ms

Tue Sep 27 04:16:14 EDT 2011

Timing is on.

            200 - LOAD_BN_IISLOGS   

BEGIN
Time: 0 hrs, 0 mins, 0 secs, 139 ms
SET
Time: 0 hrs, 0 mins, 0 secs, 6 ms
TRUNCATE
Time: 0 hrs, 0 mins, 3 secs, 879 ms
INSERT 0 50000071
Time: 0 hrs, 7 mins, 33 secs, 718 ms
END
Time: 0 hrs, 1 mins, 19 secs, 847 ms
ALTER TABLE
Time: 0 hrs, 10 mins, 21 secs, 124 ms

Tue Sep 27 04:35:33 EDT 2011

Timing is on.
BEGIN
Time: 0 hrs, 0 mins, 2 secs, 376 ms
SET
Time: 0 hrs, 0 mins, 0 secs, 7 ms

            250 - LOAD_BN_HITS_SP   

TRUNCATE
Time: 0 hrs, 0 mins, 2 secs, 299 ms
INSERT 0 20530532
Time: 0 hrs, 4 mins, 3 secs, 959 ms
ANALYZE
Time: 0 hrs, 0 mins, 3 secs, 170 ms
END
Time: 0 hrs, 0 mins, 8 secs, 197 ms

Tue Sep 27 04:39:53 EDT 2011

Timing is on.
BEGIN
Time: 0 hrs, 0 mins, 0 secs, 141 ms
SET
Time: 0 hrs, 0 mins, 0 secs, 7 ms

           300 - DYNAMIC FILTER

TRUNCATE
Time: 0 hrs, 0 mins, 1 secs, 770 ms
INSERT 0 14657878
Time: 0 hrs, 0 mins, 2 secs, 323 ms
ANALYZE
Time: 0 hrs, 0 mins, 2 secs, 384 ms
 Total records in web_click_cnt 
--------------------------------
                       14657878
(1 row)

Time: 0 hrs, 0 mins, 1 secs, 457 ms
CREATE TABLE
Time: 0 hrs, 0 mins, 3 secs, 894 ms
ANALYZE
Time: 0 hrs, 0 mins, 0 secs, 33 ms
CREATE TABLE
Time: 0 hrs, 0 mins, 0 secs, 174 ms
ANALYZE
Time: 0 hrs, 0 mins, 0 secs, 37 ms
DELETE 1
Time: 0 hrs, 0 mins, 0 secs, 832 ms
INSERT 0 1
Time: 0 hrs, 0 mins, 0 secs, 950 ms
DELETE 1
Time: 0 hrs, 0 mins, 0 secs, 55 ms
INSERT 0 1
Time: 0 hrs, 0 mins, 0 secs, 200 ms
CREATE TABLE
Time: 0 hrs, 0 mins, 0 secs, 863 ms
ANALYZE
Time: 0 hrs, 0 mins, 0 secs, 31 ms
CREATE TABLE
Time: 0 hrs, 0 mins, 0 secs, 93 ms
ANALYZE
Time: 0 hrs, 0 mins, 0 secs, 27 ms
DELETE 1
Time: 0 hrs, 0 mins, 0 secs, 61 ms
INSERT 0 1
Time: 0 hrs, 0 mins, 0 secs, 101 ms
DELETE 1
Time: 0 hrs, 0 mins, 0 secs, 64 ms
INSERT 0 1
Time: 0 hrs, 0 mins, 0 secs, 305 ms
ANALYZE
Time: 0 hrs, 0 mins, 0 secs, 215 ms
    tablename     |    attr_name    | attr_value 
------------------+-----------------+------------
 BN_FILTER_SPIDER | CLK_USER_SD_MPL | 10
 BN_FILTER_SPIDER | IP_USER_SD_MPL  | 1
 BN_FILTER_SPIDER | IP_USER_RATIO   | .955
 BN_FILTER_SPIDER | CLK_USER_MEAN   | 11.312
 BN_FILTER_SPIDER | CLK_USER_SD     | 115.644
 BN_FILTER_SPIDER | IP_USER_MEAN    | 22.818
 BN_FILTER_SPIDER | IP_USER_SD      | 1527.698
(7 rows)

Time: 0 hrs, 0 mins, 0 secs, 964 ms
CREATE TABLE
Time: 0 hrs, 0 mins, 2 secs, 587 ms
CREATE TABLE
Time: 0 hrs, 0 mins, 0 secs, 433 ms
 l_mean_sd_mpl 
---------------
      1167.752
(1 row)

Time: 0 hrs, 0 mins, 0 secs, 72 ms
TRUNCATE
Time: 0 hrs, 0 mins, 0 secs, 701 ms
INSERT 0 105
Time: 0 hrs, 0 mins, 2 secs, 349 ms
ANALYZE
Time: 0 hrs, 0 mins, 0 secs, 657 ms
 Total click_user bn_spider_ip records 
---------------------------------------
                                   105
(1 row)

Time: 0 hrs, 0 mins, 0 secs, 791 ms
CREATE TABLE
Time: 0 hrs, 0 mins, 1 secs, 118 ms
ANALYZE
Time: 0 hrs, 0 mins, 0 secs, 22 ms
CREATE TABLE
Time: 0 hrs, 0 mins, 4 secs, 231 ms
ANALYZE
Time: 0 hrs, 0 mins, 0 secs, 29 ms
DROP 
Time: 0 hrs, 0 mins, 0 secs, 74 ms
CREATE TABLE
Time: 0 hrs, 0 mins, 0 secs, 55 ms
 l_mean_sd_mpl | l_ratio 
---------------+---------
      1550.516 |   0.955
(1 row)

Time: 0 hrs, 0 mins, 0 secs, 58 ms
INSERT 0 12597207
Time: 0 hrs, 0 mins, 3 secs, 911 ms
ANALYZE
Time: 0 hrs, 0 mins, 0 secs, 195 ms
 Total ip_user_filter bn_spider_ip records 
-------------------------------------------
                                  12597207
(1 row)

Time: 0 hrs, 0 mins, 3 secs, 732 ms
TRUNCATE
Time: 0 hrs, 0 mins, 4 secs, 123 ms
INSERT 0 12169009
Time: 0 hrs, 0 mins, 21 secs, 277 ms
ANALYZE
Time: 0 hrs, 0 mins, 11 secs, 638 ms
 bn_hits_stage 
---------------
      12169009
(1 row)

Time: 0 hrs, 0 mins, 0 secs, 806 ms
INSERT 0 13490996
Time: 0 hrs, 7 mins, 38 secs, 143 ms
ANALYZE
Time: 0 hrs, 0 mins, 27 secs, 656 ms
 bn_hits_sp_20110926 
---------------------
            34021528
(1 row)

Time: 0 hrs, 0 mins, 13 secs, 815 ms
TRUNCATE
Time: 0 hrs, 0 mins, 3 secs, 15 ms
INSERT 0 3809534
Time: 0 hrs, 0 mins, 3 secs, 706 ms
ANALYZE
Time: 0 hrs, 0 mins, 3 secs, 768 ms
 bn_hits_client_20110926 
-------------------------
                 3809534
(1 row)

Time: 0 hrs, 0 mins, 0 secs, 66 ms
END
Time: 0 hrs, 0 mins, 18 secs, 124 ms

Tue Sep 27 04:49:57 EDT 2011

Timing is on.
BEGIN
Time: 0 hrs, 0 mins, 0 secs, 151 ms

           600 - LOAD RESOURCES

SET
Time: 0 hrs, 0 mins, 0 secs, 6 ms
CREATE TABLE
Time: 0 hrs, 4 mins, 57 secs, 654 ms
ANALYZE
Time: 0 hrs, 0 mins, 3 secs, 381 ms
 tmp_a_count 
-------------
      477715
(1 row)

Time: 0 hrs, 0 mins, 0 secs, 228 ms
UPDATE 0
Time: 0 hrs, 0 mins, 4 secs, 448 ms
ANALYZE
Time: 0 hrs, 0 mins, 1 secs, 613 ms
TRUNCATE
Time: 0 hrs, 0 mins, 1 secs, 948 ms
INSERT 0 178449
Time: 0 hrs, 0 mins, 41 secs, 259 ms
ANALYZE
Time: 0 hrs, 0 mins, 4 secs, 503 ms
 first_resource_id | last_resource_id 
-------------------+------------------
          45335369 |         45513817
(1 row)

Time: 0 hrs, 0 mins, 2 secs, 28 ms
INSERT 0 178449
Time: 0 hrs, 0 mins, 2 secs, 922 ms
 total_resources 
-----------------
        45489414
(1 row)

Time: 0 hrs, 0 mins, 2 secs, 868 ms
ANALYZE
Time: 0 hrs, 0 mins, 0 secs, 511 ms
END
Time: 0 hrs, 0 mins, 37 secs, 742 ms
VACUUM
Time: 0 hrs, 0 mins, 17 secs, 401 ms

Tue Sep 27 04:56:56 EDT 2011

Timing is on.

           650 - LOAD_BN_SESSION_STAGE

BEGIN
Time: 0 hrs, 0 mins, 0 secs, 158 ms
SET
Time: 0 hrs, 0 mins, 0 secs, 8 ms
SET
Time: 0 hrs, 0 mins, 0 secs, 11 ms
CREATE TABLE
Time: 0 hrs, 1 mins, 37 secs, 786 ms
ANALYZE
Time: 0 hrs, 0 mins, 5 secs, 247 ms
 tmp_sessionized_stage 
-----------------------
              12169009
(1 row)

Time: 0 hrs, 0 mins, 6 secs, 296 ms
TRUNCATE
Time: 0 hrs, 0 mins, 11 secs, 89 ms
INSERT 0 1768057
Time: 0 hrs, 12 mins, 38 secs, 111 ms
ANALYZE
Time: 0 hrs, 0 mins, 4 secs, 91 ms
CREATE TABLE
Time: 0 hrs, 19 mins, 35 secs, 137 ms
CREATE INDEX
Time: 0 hrs, 0 mins, 0 secs, 700 ms
 tmp_first_last 
----------------
        1768057
(1 row)

Time: 0 hrs, 0 mins, 4 secs, 948 ms
ANALYZE
Time: 0 hrs, 0 mins, 0 secs, 742 ms
SET
Time: 0 hrs, 0 mins, 0 secs, 16 ms
SET
Time: 0 hrs, 0 mins, 0 secs, 16 ms
TRUNCATE
Time: 0 hrs, 0 mins, 3 secs, 347 ms
DROP 
Time: 0 hrs, 0 mins, 1 secs, 882 ms
INSERT 0 1768057
Time: 0 hrs, 0 mins, 4 secs, 479 ms
 bn_session_stage 
------------------
          1768057
(1 row)

Time: 0 hrs, 0 mins, 2 secs, 427 ms
CREATE INDEX
Time: 0 hrs, 0 mins, 2 secs, 780 ms
ANALYZE
Time: 0 hrs, 0 mins, 0 secs, 575 ms
TRUNCATE
Time: 0 hrs, 0 mins, 11 secs, 375 ms
END
Time: 0 hrs, 0 mins, 9 secs, 630 ms

Tue Sep 27 05:31:57 EDT 2011

BEGIN

           660 - LOAD_BN_SESSION_UPDATE_STAGE

SET
TRUNCATE
INSERT 0 0
END

Tue Sep 27 05:32:08 EDT 2011

Timing is on.

           670 - LOAD_BN_SESSION_20110926.UPDATES

BEGIN
Time: 0 hrs, 0 mins, 0 secs, 352 ms
SET
Time: 0 hrs, 0 mins, 0 secs, 6 ms
UPDATE 0
Time: 0 hrs, 0 mins, 0 secs, 154 ms
END
Time: 0 hrs, 0 mins, 5 secs, 585 ms
VACUUM
Time: 0 hrs, 0 mins, 9 secs, 742 ms

Tue Sep 27 05:32:24 EDT 2011

Timing is on.

           700 - LOAD_BN_SESSION

BEGIN
Time: 0 hrs, 0 mins, 0 secs, 135 ms
SET
Time: 0 hrs, 0 mins, 0 secs, 6 ms
INSERT 0 1768057
Time: 0 hrs, 0 mins, 10 secs, 39 ms
ANALYZE
Time: 0 hrs, 0 mins, 0 secs, 593 ms
END
Time: 0 hrs, 0 mins, 5 secs, 48 ms

Tue Sep 27 05:32:41 EDT 2011

Timing is on.

            750 - LOAD_BN_SESSION_SUMMARY   

BEGIN
Time: 0 hrs, 0 mins, 3 secs, 183 ms
SET
Time: 0 hrs, 0 mins, 0 secs, 7 ms
CREATE TABLE
Time: 0 hrs, 0 mins, 7 secs, 741 ms
TRUNCATE
Time: 0 hrs, 0 mins, 1 secs, 222 ms
INSERT 0 231246
Time: 0 hrs, 0 mins, 4 secs, 606 ms
ANALYZE
Time: 0 hrs, 0 mins, 0 secs, 617 ms
 count(1) 
----------
   231246
(1 row)

Time: 0 hrs, 0 mins, 0 secs, 606 ms
END
Time: 0 hrs, 0 mins, 7 secs, 93 ms

Tue Sep 27 05:33:06 EDT 2011

Timing is on.

           800 - LOAD_BN_HITS

BEGIN
Time: 0 hrs, 0 mins, 0 secs, 136 ms
SET
Time: 0 hrs, 0 mins, 0 secs, 6 ms
SET
Time: 0 hrs, 0 mins, 0 secs, 12 ms
SET
Time: 0 hrs, 0 mins, 0 secs, 11 ms
SET
Time: 0 hrs, 0 mins, 0 secs, 10 ms
TRUNCATE
Time: 0 hrs, 0 mins, 1 secs, 466 ms
INSERT 0 12169009
Time: 0 hrs, 0 mins, 12 secs, 806 ms
 count(1) 
----------
 12169009
(1 row)

Time: 0 hrs, 0 mins, 2 secs, 930 ms
ANALYZE
Time: 0 hrs, 0 mins, 3 secs, 695 ms
END
Time: 0 hrs, 0 mins, 8 secs, 412 ms

Tue Sep 27 05:33:36 EDT 2011

Timing is on.

            900 - LOAD_CLICKSTREAM   

BEGIN
Time: 0 hrs, 0 mins, 0 secs, 132 ms
SET
Time: 0 hrs, 0 mins, 0 secs, 6 ms
TRUNCATE
Time: 0 hrs, 0 mins, 2 secs, 899 ms
INSERT 0 12169009
Time: 0 hrs, 1 mins, 29 secs, 314 ms
 count(1) 
----------
 12169009
(1 row)

Time: 0 hrs, 0 mins, 1 secs, 561 ms
ANALYZE
Time: 0 hrs, 0 mins, 2 secs, 457 ms
END
Time: 0 hrs, 0 mins, 20 secs, 487 ms

Tue Sep 27 05:35:33 EDT 2011

Timing is on.

            1000 - PAGE_VIEW_SUMMARY  

BEGIN
Time: 0 hrs, 0 mins, 0 secs, 119 ms
SET
Time: 0 hrs, 0 mins, 0 secs, 6 ms
SET
Time: 0 hrs, 0 mins, 0 secs, 11 ms
TRUNCATE
Time: 0 hrs, 0 mins, 5 secs, 4 ms
INSERT 0 487020
Time: 0 hrs, 0 mins, 6 secs, 192 ms
 count(1) 
----------
   487020
(1 row)

Time: 0 hrs, 0 mins, 0 secs, 349 ms
ANALYZE
Time: 0 hrs, 0 mins, 0 secs, 53 ms
END
Time: 0 hrs, 0 mins, 4 secs, 197 ms

Tue Sep 27 05:35:49 EDT 2011


2000 - WRAP UP 

Timing is on.
BEGIN
Time: 0 hrs, 0 mins, 0 secs, 128 ms
TRUNCATE
Time: 0 hrs, 0 mins, 1 secs, 163 ms
TRUNCATE
Time: 0 hrs, 0 mins, 4 secs, 647 ms
END
Time: 0 hrs, 0 mins, 9 secs, 537 ms
Tue Sep 27 05:36:05 EDT 2011
Removing lock file and waiting for a minute
Total time taken:  84  minutes.
Running time of run.sh 20110926: 5058 seconds
Checking for lock file /tmp/.iislock
Acquired lock file /tmp/.iislock
deleting simple.htm records - these are just server testing...
DELETE 15
-------------------------------------
Processing for 20110926
-------------------------------------

Wed Sep 28 05:26:19 EDT 2011

Timing is on.

           000 - INIT

BEGIN
Time: 0 hrs, 0 mins, 21 secs, 103 ms
*** Truncating staging tables before workflow starts ***
SET
Time: 0 hrs, 0 mins, 0 secs, 6 ms
GRANT
Time: 0 hrs, 0 mins, 45 secs, 410 ms
END
Time: 0 hrs, 0 mins, 14 secs, 820 ms

Wed Sep 28 05:27:41 EDT 2011

Timing is on.

            200 - LOAD_BN_IISLOGS   

BEGIN
Time: 0 hrs, 0 mins, 1 secs, 225 ms
SET
Time: 0 hrs, 0 mins, 0 secs, 6 ms
TRUNCATE
Time: 0 hrs, 0 mins, 4 secs, 328 ms
INSERT 0 66223588
Time: 0 hrs, 10 mins, 52 secs, 966 ms
END
Time: 0 hrs, 3 mins, 35 secs, 401 ms
ALTER TABLE
Time: 0 hrs, 1 mins, 24 secs, 783 ms

Wed Sep 28 05:43:40 EDT 2011

Timing is on.
BEGIN
Time: 0 hrs, 0 mins, 3 secs, 588 ms
SET
Time: 0 hrs, 0 mins, 0 secs, 6 ms

            250 - LOAD_BN_HITS_SP   

TRUNCATE
Time: 0 hrs, 0 mins, 22 secs, 349 ms
INSERT 0 27327468
Time: 0 hrs, 4 mins, 23 secs, 192 ms
ANALYZE
Time: 0 hrs, 0 mins, 6 secs, 176 ms
END
Time: 0 hrs, 3 mins, 49 secs, 809 ms

Wed Sep 28 05:52:25 EDT 2011

Timing is on.
BEGIN
Time: 0 hrs, 0 mins, 19 secs, 697 ms
SET
Time: 0 hrs, 0 mins, 0 secs, 7 ms

           300 - DYNAMIC FILTER

TRUNCATE
Time: 0 hrs, 0 mins, 6 secs, 729 ms
INSERT 0 18072625
Time: 0 hrs, 0 mins, 3 secs, 9 ms
ANALYZE
Time: 0 hrs, 0 mins, 1 secs, 590 ms
 Total records in web_click_cnt 
--------------------------------
                       18072625
(1 row)

Time: 0 hrs, 0 mins, 3 secs, 473 ms
CREATE TABLE
Time: 0 hrs, 0 mins, 8 secs, 630 ms
ANALYZE
Time: 0 hrs, 0 mins, 0 secs, 51 ms
CREATE TABLE
Time: 0 hrs, 0 mins, 1 secs, 123 ms
ANALYZE
Time: 0 hrs, 0 mins, 0 secs, 174 ms
DELETE 1
Time: 0 hrs, 0 mins, 1 secs, 936 ms
INSERT 0 1
Time: 0 hrs, 0 mins, 0 secs, 727 ms
DELETE 1
Time: 0 hrs, 0 mins, 0 secs, 72 ms
INSERT 0 1
Time: 0 hrs, 0 mins, 1 secs, 163 ms
CREATE TABLE
Time: 0 hrs, 0 mins, 3 secs, 538 ms
ANALYZE
Time: 0 hrs, 0 mins, 0 secs, 808 ms
CREATE TABLE
Time: 0 hrs, 0 mins, 0 secs, 452 ms
ANALYZE
Time: 0 hrs, 0 mins, 0 secs, 39 ms
DELETE 1
Time: 0 hrs, 0 mins, 0 secs, 64 ms
INSERT 0 1
Time: 0 hrs, 0 mins, 0 secs, 204 ms
DELETE 1
Time: 0 hrs, 0 mins, 0 secs, 63 ms
INSERT 0 1
Time: 0 hrs, 0 mins, 0 secs, 627 ms
ANALYZE
Time: 0 hrs, 0 mins, 0 secs, 608 ms
    tablename     |    attr_name    | attr_value 
------------------+-----------------+------------
 BN_FILTER_SPIDER | CLK_USER_SD_MPL | 10
 BN_FILTER_SPIDER | IP_USER_SD_MPL  | 1
 BN_FILTER_SPIDER | IP_USER_RATIO   | .955
 BN_FILTER_SPIDER | CLK_USER_MEAN   | 11.602
 BN_FILTER_SPIDER | CLK_USER_SD     | 124.713
 BN_FILTER_SPIDER | IP_USER_MEAN    | 20.662
 BN_FILTER_SPIDER | IP_USER_SD      | 1566.070
(7 rows)

Time: 0 hrs, 0 mins, 0 secs, 395 ms
CREATE TABLE
Time: 0 hrs, 0 mins, 9 secs, 400 ms
CREATE TABLE
Time: 0 hrs, 0 mins, 5 secs, 48 ms
 l_mean_sd_mpl 
---------------
      1258.732
(1 row)

Time: 0 hrs, 0 mins, 12 secs, 507 ms
TRUNCATE
Time: 0 hrs, 0 mins, 13 secs, 900 ms
INSERT 0 130
Time: 0 hrs, 0 mins, 8 secs, 334 ms
ANALYZE
Time: 0 hrs, 0 mins, 2 secs, 337 ms
 Total click_user bn_spider_ip records 
---------------------------------------
                                   130
(1 row)

Time: 0 hrs, 0 mins, 6 secs, 19 ms
CREATE TABLE
Time: 0 hrs, 0 mins, 16 secs, 519 ms
ANALYZE
Time: 0 hrs, 0 mins, 0 secs, 34 ms
CREATE TABLE
Time: 0 hrs, 0 mins, 2 secs, 562 ms
ANALYZE
Time: 0 hrs, 0 mins, 0 secs, 41 ms
DROP 
Time: 0 hrs, 0 mins, 0 secs, 83 ms
CREATE TABLE
Time: 0 hrs, 0 mins, 3 secs, 197 ms
 l_mean_sd_mpl | l_ratio 
---------------+---------
      1586.732 |   0.955
(1 row)

Time: 0 hrs, 0 mins, 0 secs, 950 ms
INSERT 0 15414155
Time: 0 hrs, 0 mins, 12 secs, 936 ms
ANALYZE
Time: 0 hrs, 0 mins, 0 secs, 237 ms
 Total ip_user_filter bn_spider_ip records 
-------------------------------------------
                                  15414155
(1 row)

Time: 0 hrs, 0 mins, 0 secs, 308 ms
TRUNCATE
Time: 0 hrs, 0 mins, 2 secs, 800 ms
INSERT 0 16506286
Time: 0 hrs, 0 mins, 22 secs, 965 ms
ANALYZE
Time: 0 hrs, 0 mins, 10 secs, 733 ms
 bn_hits_stage 
---------------
      16506286
(1 row)

Time: 0 hrs, 0 mins, 1 secs, 872 ms
INSERT 0 16478326
Time: 0 hrs, 0 mins, 52 secs, 0 ms
ANALYZE
Time: 0 hrs, 0 mins, 50 secs, 185 ms
 bn_hits_sp_20110926 
---------------------
            43805794
(1 row)

Time: 0 hrs, 0 mins, 24 secs, 793 ms
TRUNCATE
Time: 0 hrs, 0 mins, 5 secs, 560 ms
INSERT 0 5911508
Time: 0 hrs, 0 mins, 4 secs, 924 ms
ANALYZE
Time: 0 hrs, 0 mins, 4 secs, 136 ms
 bn_hits_client_20110926 
-------------------------
                 5911508
(1 row)

Time: 0 hrs, 0 mins, 0 secs, 593 ms
END
Time: 0 hrs, 0 mins, 16 secs, 40 ms

Wed Sep 28 05:58:12 EDT 2011

Timing is on.
BEGIN
Time: 0 hrs, 0 mins, 0 secs, 156 ms

           600 - LOAD RESOURCES

SET
Time: 0 hrs, 0 mins, 0 secs, 6 ms
CREATE TABLE
Time: 0 hrs, 0 mins, 34 secs, 942 ms
ANALYZE
Time: 0 hrs, 0 mins, 1 secs, 416 ms
 tmp_a_count 
-------------
      591701
(1 row)

Time: 0 hrs, 0 mins, 0 secs, 961 ms
UPDATE 0
Time: 0 hrs, 0 mins, 7 secs, 812 ms
ANALYZE
Time: 0 hrs, 0 mins, 4 secs, 333 ms
TRUNCATE
Time: 0 hrs, 0 mins, 4 secs, 416 ms
INSERT 0 53163
Time: 0 hrs, 0 mins, 37 secs, 356 ms
ANALYZE
Time: 0 hrs, 0 mins, 4 secs, 874 ms
 first_resource_id | last_resource_id 
-------------------+------------------
          45686519 |         45739681
(1 row)

Time: 0 hrs, 0 mins, 3 secs, 159 ms
INSERT 0 53163
Time: 0 hrs, 2 mins, 5 secs, 738 ms
 total_resources 
-----------------
        45715278
(1 row)

Time: 0 hrs, 0 mins, 7 secs, 410 ms
ANALYZE
Time: 0 hrs, 0 mins, 0 secs, 487 ms
END
Time: 0 hrs, 0 mins, 26 secs, 66 ms
VACUUM
Time: 0 hrs, 1 mins, 23 secs, 160 ms

Wed Sep 28 06:03:54 EDT 2011

Timing is on.

           650 - LOAD_BN_SESSION_STAGE

BEGIN
Time: 0 hrs, 0 mins, 0 secs, 521 ms
SET
Time: 0 hrs, 0 mins, 0 secs, 7 ms
SET
Time: 0 hrs, 0 mins, 0 secs, 11 ms
ERROR:  The supplied statement could not be completed due to a database node failure. Please attempt to re-issue the statement.
NOTICE:  current transaction is aborted, queries ignored until end of transaction block
NOTICE:  current transaction is aborted, queries ignored until end of transaction block
NOTICE:  current transaction is aborted, queries ignored until end of transaction block
NOTICE:  current transaction is aborted, queries ignored until end of transaction block
NOTICE:  current transaction is aborted, queries ignored until end of transaction block
NOTICE:  current transaction is aborted, queries ignored until end of transaction block
NOTICE:  current transaction is aborted, queries ignored until end of transaction block
NOTICE:  current transaction is aborted, queries ignored until end of transaction block
NOTICE:  current transaction is aborted, queries ignored until end of transaction block
NOTICE:  current transaction is aborted, queries ignored until end of transaction block
NOTICE:  current transaction is aborted, queries ignored until end of transaction block
NOTICE:  current transaction is aborted, queries ignored until end of transaction block
NOTICE:  current transaction is aborted, queries ignored until end of transaction block
NOTICE:  current transaction is aborted, queries ignored until end of transaction block
NOTICE:  current transaction is aborted, queries ignored until end of transaction block
NOTICE:  current transaction is aborted, queries ignored until end of transaction block
NOTICE:  current transaction is aborted, queries ignored until end of transaction block
NOTICE:  current transaction is aborted, queries ignored until end of transaction block
ABORT
Time: 0 hrs, 0 mins, 1 secs, 741 ms

Wed Sep 28 06:07:12 EDT 2011

BEGIN

           660 - LOAD_BN_SESSION_UPDATE_STAGE

SET
TRUNCATE
INSERT 0 0
END

Wed Sep 28 06:10:01 EDT 2011

Timing is on.

           670 - LOAD_BN_SESSION_20110926.UPDATES

BEGIN
Time: 0 hrs, 0 mins, 11 secs, 645 ms
SET
Time: 0 hrs, 0 mins, 0 secs, 10 ms
UPDATE 0
Time: 0 hrs, 0 mins, 4 secs, 40 ms
END
Time: 0 hrs, 0 mins, 22 secs, 275 ms
VACUUM
Time: 0 hrs, 0 mins, 22 secs, 163 ms

Wed Sep 28 06:11:02 EDT 2011

Timing is on.

           700 - LOAD_BN_SESSION

BEGIN
Time: 0 hrs, 0 mins, 0 secs, 347 ms
SET
Time: 0 hrs, 0 mins, 0 secs, 6 ms
INSERT 0 0
Time: 0 hrs, 0 mins, 21 secs, 640 ms
ANALYZE
Time: 0 hrs, 0 mins, 1 secs, 812 ms
END
Time: 0 hrs, 0 mins, 8 secs, 455 ms

Wed Sep 28 06:11:34 EDT 2011

Timing is on.

            750 - LOAD_BN_SESSION_SUMMARY   

BEGIN
Time: 0 hrs, 0 mins, 4 secs, 115 ms
SET
Time: 0 hrs, 0 mins, 0 secs, 7 ms
CREATE TABLE
Time: 0 hrs, 0 mins, 14 secs, 936 ms
TRUNCATE
Time: 0 hrs, 0 mins, 6 secs, 848 ms
INSERT 0 0
Time: 0 hrs, 0 mins, 1 secs, 13 ms
ANALYZE
Time: 0 hrs, 0 mins, 0 secs, 17 ms
 count(1) 
----------
        0
(1 row)

Time: 0 hrs, 0 mins, 1 secs, 982 ms
END
Time: 0 hrs, 0 mins, 8 secs, 161 ms

Wed Sep 28 06:12:12 EDT 2011

Timing is on.

           800 - LOAD_BN_HITS

BEGIN
Time: 0 hrs, 0 mins, 1 secs, 765 ms
SET
Time: 0 hrs, 0 mins, 0 secs, 9 ms
SET
Time: 0 hrs, 0 mins, 0 secs, 13 ms
SET
Time: 0 hrs, 0 mins, 0 secs, 13 ms
SET
Time: 0 hrs, 0 mins, 0 secs, 13 ms
TRUNCATE
Time: 0 hrs, 0 mins, 6 secs, 95 ms
INSERT 0 0
Time: 0 hrs, 0 mins, 5 secs, 76 ms
 count(1) 
----------
        0
(1 row)

Time: 0 hrs, 0 mins, 5 secs, 51 ms
ANALYZE
Time: 0 hrs, 0 mins, 2 secs, 321 ms
END
Time: 0 hrs, 0 mins, 9 secs, 636 ms

Wed Sep 28 06:12:42 EDT 2011

Timing is on.

            900 - LOAD_CLICKSTREAM   

BEGIN
Time: 0 hrs, 0 mins, 1 secs, 197 ms
SET
Time: 0 hrs, 0 mins, 0 secs, 7 ms
TRUNCATE
Time: 0 hrs, 0 mins, 7 secs, 847 ms
INSERT 0 0
Time: 0 hrs, 1 mins, 14 secs, 589 ms
 count(1) 
----------
        0
(1 row)

Time: 0 hrs, 0 mins, 1 secs, 899 ms
ANALYZE
Time: 0 hrs, 0 mins, 1 secs, 307 ms
END
Time: 0 hrs, 0 mins, 9 secs, 334 ms

Wed Sep 28 06:14:18 EDT 2011

Timing is on.

            1000 - PAGE_VIEW_SUMMARY  

BEGIN
Time: 0 hrs, 0 mins, 0 secs, 552 ms
SET
Time: 0 hrs, 0 mins, 0 secs, 6 ms
SET
Time: 0 hrs, 0 mins, 0 secs, 12 ms
TRUNCATE
Time: 0 hrs, 0 mins, 2 secs, 116 ms
INSERT 0 0
Time: 0 hrs, 3 mins, 24 secs, 777 ms
 count(1) 
----------
        0
(1 row)

Time: 0 hrs, 0 mins, 1 secs, 295 ms
ANALYZE
Time: 0 hrs, 0 mins, 0 secs, 14 ms
END
Time: 0 hrs, 0 mins, 28 secs, 303 ms

Wed Sep 28 06:18:16 EDT 2011


2000 - WRAP UP 

Timing is on.
BEGIN
Time: 0 hrs, 0 mins, 8 secs, 644 ms
TRUNCATE
Time: 0 hrs, 0 mins, 4 secs, 278 ms
TRUNCATE
Time: 0 hrs, 0 mins, 1 secs, 532 ms
END
Time: 0 hrs, 0 mins, 22 secs, 847 ms
Wed Sep 28 06:18:53 EDT 2011
Removing lock file and waiting for a minute
Total time taken:  55  minutes.
Running time of run.sh 20110926: 55 minutes
Checking for lock file /tmp/.iislock
Acquired lock file /tmp/.iislock
deleting simple.htm records - these are just server testing...
DELETE 0
-------------------------------------
Processing for 20110926
-------------------------------------

Tue Oct 4 12:45:07 EDT 2011

Timing is on.

           000 - INIT

BEGIN
Time: 0 hrs, 0 mins, 0 secs, 121 ms
*** Truncating staging tables before workflow starts ***
SET
Time: 0 hrs, 0 mins, 0 secs, 6 ms
GRANT
Time: 0 hrs, 0 mins, 25 secs, 762 ms
END
Time: 0 hrs, 0 mins, 14 secs, 209 ms

Tue Oct 4 12:45:47 EDT 2011

Timing is on.

            200 - LOAD_BN_IISLOGS   

BEGIN
Time: 0 hrs, 0 mins, 0 secs, 108 ms
SET
Time: 0 hrs, 0 mins, 0 secs, 6 ms
TRUNCATE
Time: 0 hrs, 0 mins, 3 secs, 666 ms
INSERT 0 66223588
Time: 0 hrs, 10 mins, 33 secs, 651 ms
END
Time: 0 hrs, 0 mins, 14 secs, 57 ms
ALTER TABLE
Time: 0 hrs, 0 mins, 14 secs, 216 ms

Tue Oct 4 12:56:53 EDT 2011

Timing is on.
BEGIN
Time: 0 hrs, 0 mins, 0 secs, 120 ms
SET
Time: 0 hrs, 0 mins, 0 secs, 6 ms

            250 - LOAD_BN_HITS_SP   

TRUNCATE
Time: 0 hrs, 0 mins, 6 secs, 80 ms
INSERT 0 27327468
Time: 0 hrs, 4 mins, 55 secs, 971 ms
ANALYZE
Time: 0 hrs, 0 mins, 5 secs, 272 ms
END
Time: 0 hrs, 0 mins, 36 secs, 521 ms

Tue Oct 4 13:02:37 EDT 2011

Timing is on.
BEGIN
Time: 0 hrs, 0 mins, 0 secs, 113 ms
SET
Time: 0 hrs, 0 mins, 0 secs, 7 ms

           300 - DYNAMIC FILTER

TRUNCATE
Time: 0 hrs, 0 mins, 3 secs, 744 ms
INSERT 0 18072625
Time: 0 hrs, 0 mins, 4 secs, 733 ms
ANALYZE
Time: 0 hrs, 0 mins, 2 secs, 30 ms
 Total records in web_click_cnt 
--------------------------------
                       18072625
(1 row)

Time: 0 hrs, 0 mins, 2 secs, 411 ms
CREATE TABLE
Time: 0 hrs, 1 mins, 44 secs, 775 ms
ANALYZE
Time: 0 hrs, 0 mins, 0 secs, 536 ms
CREATE TABLE
Time: 0 hrs, 0 mins, 13 secs, 623 ms
ANALYZE
Time: 0 hrs, 0 mins, 2 secs, 71 ms
DELETE 1
Time: 0 hrs, 0 mins, 1 secs, 185 ms
INSERT 0 1
Time: 0 hrs, 0 mins, 1 secs, 277 ms
DELETE 1
Time: 0 hrs, 0 mins, 0 secs, 64 ms
INSERT 0 1
Time: 0 hrs, 0 mins, 1 secs, 410 ms
CREATE TABLE
Time: 0 hrs, 4 mins, 40 secs, 91 ms
ANALYZE
Time: 0 hrs, 0 mins, 0 secs, 34 ms
CREATE TABLE
Time: 0 hrs, 0 mins, 6 secs, 869 ms
ANALYZE
Time: 0 hrs, 0 mins, 0 secs, 31 ms
DELETE 1
Time: 0 hrs, 0 mins, 0 secs, 62 ms
INSERT 0 1
Time: 0 hrs, 0 mins, 2 secs, 523 ms
DELETE 1
Time: 0 hrs, 0 mins, 0 secs, 62 ms
INSERT 0 1
Time: 0 hrs, 0 mins, 0 secs, 950 ms
ANALYZE
Time: 0 hrs, 0 mins, 0 secs, 239 ms
    tablename     |    attr_name    | attr_value 
------------------+-----------------+------------
 BN_FILTER_SPIDER | CLK_USER_SD_MPL | 10
 BN_FILTER_SPIDER | IP_USER_SD_MPL  | 1
 BN_FILTER_SPIDER | IP_USER_RATIO   | .955
 BN_FILTER_SPIDER | CLK_USER_MEAN   | 11.602
 BN_FILTER_SPIDER | CLK_USER_SD     | 124.713
 BN_FILTER_SPIDER | IP_USER_MEAN    | 20.662
 BN_FILTER_SPIDER | IP_USER_SD      | 1566.070
(7 rows)

Time: 0 hrs, 0 mins, 0 secs, 315 ms
CREATE TABLE
Time: 0 hrs, 0 mins, 4 secs, 650 ms
CREATE TABLE
Time: 0 hrs, 0 mins, 1 secs, 112 ms
 l_mean_sd_mpl 
---------------
      1258.732
(1 row)

Time: 0 hrs, 0 mins, 2 secs, 35 ms
TRUNCATE
Time: 0 hrs, 0 mins, 3 secs, 747 ms
INSERT 0 130
Time: 0 hrs, 0 mins, 4 secs, 625 ms
ANALYZE
Time: 0 hrs, 0 mins, 1 secs, 681 ms
 Total click_user bn_spider_ip records 
---------------------------------------
                                   130
(1 row)

Time: 0 hrs, 0 mins, 1 secs, 327 ms
CREATE TABLE
Time: 0 hrs, 0 mins, 1 secs, 700 ms
ANALYZE
Time: 0 hrs, 0 mins, 0 secs, 26 ms
CREATE TABLE
Time: 0 hrs, 0 mins, 17 secs, 943 ms
ANALYZE
Time: 0 hrs, 0 mins, 0 secs, 678 ms
DROP 
Time: 0 hrs, 0 mins, 0 secs, 72 ms
CREATE TABLE
Time: 0 hrs, 0 mins, 1 secs, 897 ms
 l_mean_sd_mpl | l_ratio 
---------------+---------
      1586.732 |   0.955
(1 row)

Time: 0 hrs, 0 mins, 1 secs, 747 ms
INSERT 0 15414155
Time: 0 hrs, 0 mins, 8 secs, 620 ms
ANALYZE
Time: 0 hrs, 0 mins, 0 secs, 213 ms
 Total ip_user_filter bn_spider_ip records 
-------------------------------------------
                                  15414155
(1 row)

Time: 0 hrs, 0 mins, 2 secs, 208 ms
TRUNCATE
Time: 0 hrs, 0 mins, 5 secs, 953 ms
INSERT 0 16506286
Time: 0 hrs, 0 mins, 38 secs, 472 ms
ANALYZE
Time: 0 hrs, 0 mins, 8 secs, 188 ms
 bn_hits_stage 
---------------
      16506286
(1 row)

Time: 0 hrs, 0 mins, 3 secs, 202 ms
INSERT 0 16478326
Time: 0 hrs, 0 mins, 56 secs, 59 ms
ANALYZE
Time: 0 hrs, 0 mins, 42 secs, 473 ms
 bn_hits_sp_20110926 
---------------------
            43805794
(1 row)

Time: 0 hrs, 0 mins, 32 secs, 8 ms
TRUNCATE
Time: 0 hrs, 0 mins, 3 secs, 309 ms
INSERT 0 5911508
Time: 0 hrs, 0 mins, 7 secs, 45 ms
ANALYZE
Time: 0 hrs, 0 mins, 3 secs, 389 ms
 bn_hits_client_20110926 
-------------------------
                 5911508
(1 row)

Time: 0 hrs, 0 mins, 0 secs, 325 ms
END
Time: 0 hrs, 0 mins, 9 secs, 42 ms

Tue Oct 4 13:14:11 EDT 2011

Timing is on.
BEGIN
Time: 0 hrs, 0 mins, 0 secs, 116 ms

           600 - LOAD RESOURCES

SET
Time: 0 hrs, 0 mins, 0 secs, 6 ms
CREATE TABLE
Time: 0 hrs, 0 mins, 36 secs, 722 ms
ANALYZE
Time: 0 hrs, 0 mins, 3 secs, 352 ms
 tmp_a_count 
-------------
      591701
(1 row)

Time: 0 hrs, 0 mins, 0 secs, 124 ms
UPDATE 0
Time: 0 hrs, 0 mins, 4 secs, 308 ms
ANALYZE
Time: 0 hrs, 0 mins, 2 secs, 133 ms
TRUNCATE
Time: 0 hrs, 0 mins, 1 secs, 775 ms
INSERT 0 0
Time: 0 hrs, 0 mins, 25 secs, 836 ms
ANALYZE
Time: 0 hrs, 0 mins, 0 secs, 13 ms
 first_resource_id | last_resource_id 
-------------------+------------------
                   |                 
(1 row)

Time: 0 hrs, 0 mins, 3 secs, 830 ms
INSERT 0 0
Time: 0 hrs, 0 mins, 24 secs, 960 ms
 total_resources 
-----------------
        46673785
(1 row)

Time: 0 hrs, 0 mins, 4 secs, 856 ms
ANALYZE
Time: 0 hrs, 0 mins, 0 secs, 516 ms
END
Time: 0 hrs, 0 mins, 17 secs, 317 ms
VACUUM
Time: 0 hrs, 0 mins, 39 secs, 402 ms

Tue Oct 4 13:16:56 EDT 2011

Timing is on.

           650 - LOAD_BN_SESSION_STAGE

BEGIN
Time: 0 hrs, 0 mins, 0 secs, 116 ms
SET
Time: 0 hrs, 0 mins, 0 secs, 6 ms
SET
Time: 0 hrs, 0 mins, 0 secs, 122 ms
CREATE TABLE
Time: 0 hrs, 0 mins, 40 secs, 328 ms
ANALYZE
Time: 0 hrs, 0 mins, 4 secs, 187 ms
 tmp_sessionized_stage 
-----------------------
              16506286
(1 row)

Time: 0 hrs, 0 mins, 5 secs, 261 ms
TRUNCATE
Time: 0 hrs, 0 mins, 3 secs, 430 ms
INSERT 0 2300122
Time: 0 hrs, 0 mins, 50 secs, 627 ms
ANALYZE
Time: 0 hrs, 0 mins, 25 secs, 397 ms
CREATE TABLE
Time: 0 hrs, 1 mins, 33 secs, 51 ms
CREATE INDEX
Time: 0 hrs, 0 mins, 0 secs, 311 ms
 tmp_first_last 
----------------
        2300122
(1 row)

Time: 0 hrs, 0 mins, 0 secs, 59 ms
ANALYZE
Time: 0 hrs, 0 mins, 0 secs, 601 ms
SET
Time: 0 hrs, 0 mins, 0 secs, 24 ms
SET
Time: 0 hrs, 0 mins, 0 secs, 13 ms
TRUNCATE
Time: 0 hrs, 0 mins, 3 secs, 74 ms
DROP 
Time: 0 hrs, 0 mins, 0 secs, 985 ms
INSERT 0 2300122
Time: 0 hrs, 0 mins, 6 secs, 988 ms
 bn_session_stage 
------------------
          2300122
(1 row)

Time: 0 hrs, 0 mins, 5 secs, 93 ms
CREATE INDEX
Time: 0 hrs, 0 mins, 7 secs, 206 ms
ANALYZE
Time: 0 hrs, 0 mins, 0 secs, 761 ms
TRUNCATE
Time: 0 hrs, 0 mins, 11 secs, 665 ms
END
Time: 0 hrs, 0 mins, 25 secs, 788 ms

Tue Oct 4 13:21:41 EDT 2011

BEGIN

           660 - LOAD_BN_SESSION_UPDATE_STAGE

SET
TRUNCATE
INSERT 0 0
END

Tue Oct 4 13:22:10 EDT 2011

Timing is on.

           670 - LOAD_BN_SESSION_20110926.UPDATES

BEGIN
Time: 0 hrs, 0 mins, 0 secs, 116 ms
SET
Time: 0 hrs, 0 mins, 0 secs, 6 ms
UPDATE 0
Time: 0 hrs, 0 mins, 0 secs, 162 ms
END
Time: 0 hrs, 0 mins, 20 secs, 885 ms
VACUUM
Time: 0 hrs, 0 mins, 7 secs, 584 ms

Tue Oct 4 13:22:39 EDT 2011

Timing is on.

           700 - LOAD_BN_SESSION

BEGIN
Time: 0 hrs, 0 mins, 0 secs, 135 ms
SET
Time: 0 hrs, 0 mins, 0 secs, 5 ms
INSERT 0 2300122
Time: 0 hrs, 1 mins, 4 secs, 65 ms
ANALYZE
Time: 0 hrs, 0 mins, 2 secs, 289 ms
END
Time: 0 hrs, 0 mins, 30 secs, 539 ms

Tue Oct 4 13:24:16 EDT 2011

Timing is on.

            750 - LOAD_BN_SESSION_SUMMARY   

BEGIN
Time: 0 hrs, 0 mins, 0 secs, 107 ms
SET
Time: 0 hrs, 0 mins, 0 secs, 7 ms
CREATE TABLE
Time: 0 hrs, 0 mins, 38 secs, 685 ms
TRUNCATE
Time: 0 hrs, 0 mins, 18 secs, 894 ms
INSERT 0 304361
Time: 0 hrs, 0 mins, 7 secs, 694 ms
ANALYZE
Time: 0 hrs, 0 mins, 0 secs, 749 ms
 count(1) 
----------
   304361
(1 row)

Time: 0 hrs, 0 mins, 7 secs, 202 ms
END
Time: 0 hrs, 0 mins, 26 secs, 850 ms

Tue Oct 4 13:25:57 EDT 2011

Timing is on.

           800 - LOAD_BN_HITS

BEGIN
Time: 0 hrs, 0 mins, 0 secs, 115 ms
SET
Time: 0 hrs, 0 mins, 0 secs, 5 ms
SET
Time: 0 hrs, 0 mins, 0 secs, 14 ms
SET
Time: 0 hrs, 0 mins, 0 secs, 14 ms
SET
Time: 0 hrs, 0 mins, 0 secs, 13 ms
TRUNCATE
Time: 0 hrs, 0 mins, 20 secs, 726 ms
INSERT 0 16506286
Time: 0 hrs, 0 mins, 4 secs, 201 ms
 count(1) 
----------
 16506286
(1 row)

Time: 0 hrs, 0 mins, 3 secs, 205 ms
ANALYZE
Time: 0 hrs, 0 mins, 3 secs, 570 ms
END
Time: 0 hrs, 0 mins, 17 secs, 531 ms

Tue Oct 4 13:26:46 EDT 2011

Timing is on.

            900 - LOAD_CLICKSTREAM   

BEGIN
Time: 0 hrs, 0 mins, 0 secs, 149 ms
SET
Time: 0 hrs, 0 mins, 0 secs, 6 ms
TRUNCATE
Time: 0 hrs, 0 mins, 4 secs, 40 ms
INSERT 0 16506286
Time: 0 hrs, 1 mins, 16 secs, 734 ms
 count(1) 
----------
 16506286
(1 row)

Time: 0 hrs, 0 mins, 6 secs, 817 ms
ANALYZE
Time: 0 hrs, 0 mins, 1 secs, 234 ms
END
Time: 0 hrs, 0 mins, 16 secs, 62 ms

Tue Oct 4 13:28:31 EDT 2011

Timing is on.

            1000 - PAGE_VIEW_SUMMARY  

BEGIN
Time: 0 hrs, 0 mins, 0 secs, 115 ms
SET
Time: 0 hrs, 0 mins, 0 secs, 6 ms
SET
Time: 0 hrs, 0 mins, 0 secs, 11 ms
TRUNCATE
Time: 0 hrs, 0 mins, 5 secs, 304 ms
INSERT 0 603585
Time: 0 hrs, 0 mins, 10 secs, 47 ms
 count(1) 
----------
   603585
(1 row)

Time: 0 hrs, 0 mins, 1 secs, 429 ms
ANALYZE
Time: 0 hrs, 0 mins, 0 secs, 75 ms
END
Time: 0 hrs, 0 mins, 16 secs, 215 ms

Tue Oct 4 13:29:05 EDT 2011


2000 - WRAP UP 

Timing is on.
BEGIN
Time: 0 hrs, 0 mins, 0 secs, 121 ms
TRUNCATE
Time: 0 hrs, 0 mins, 2 secs, 378 ms
TRUNCATE
Time: 0 hrs, 0 mins, 2 secs, 164 ms
END
Time: 0 hrs, 0 mins, 27 secs, 149 ms
Tue Oct 4 13:29:37 EDT 2011
Removing lock file and waiting for a minute
Total time taken:  46  minutes.
