Checking for lock file /tmp/.iislock
Acquired lock file /tmp/.iislock
-------------------------------------
Processing for 20110123
-------------------------------------

Mon Jan 24 08:30:09 EST 2011

Timing is on.

           000 - INIT

BEGIN
Time: 0 hrs, 0 mins, 0 secs, 707 ms
*** Truncating staging tables before workflow starts ***
SET
Time: 0 hrs, 0 mins, 0 secs, 10 ms
GRANT
Time: 0 hrs, 0 mins, 1 secs, 723 ms
END
Time: 0 hrs, 0 mins, 0 secs, 955 ms

Mon Jan 24 08:30:13 EST 2011

Timing is on.

            200 - LOAD_BN_IISLOGS   

BEGIN
Time: 0 hrs, 0 mins, 0 secs, 601 ms
SET
Time: 0 hrs, 0 mins, 0 secs, 10 ms
TRUNCATE
Time: 0 hrs, 0 mins, 0 secs, 960 ms
INSERT 0 40643397
Time: 0 hrs, 5 mins, 13 secs, 526 ms
END
Time: 0 hrs, 0 mins, 3 secs, 957 ms
ALTER TABLE
Time: 0 hrs, 8 mins, 51 secs, 247 ms

Mon Jan 24 08:44:24 EST 2011

Timing is on.
BEGIN
Time: 0 hrs, 0 mins, 0 secs, 802 ms
SET
Time: 0 hrs, 0 mins, 0 secs, 10 ms

            250 - LOAD_BN_HITS_SP   

TRUNCATE
Time: 0 hrs, 0 mins, 0 secs, 672 ms
INSERT 0 12388984
Time: 0 hrs, 1 mins, 15 secs, 981 ms
ANALYZE
Time: 0 hrs, 0 mins, 1 secs, 734 ms
END
Time: 0 hrs, 0 mins, 0 secs, 980 ms

Mon Jan 24 08:45:44 EST 2011

Timing is on.
BEGIN
Time: 0 hrs, 0 mins, 1 secs, 272 ms
SET
Time: 0 hrs, 0 mins, 0 secs, 12 ms

           300 - DYNAMIC FILTER

TRUNCATE
Time: 0 hrs, 0 mins, 1 secs, 524 ms
INSERT 0 8775486
Time: 0 hrs, 0 mins, 1 secs, 869 ms
ANALYZE
Time: 0 hrs, 0 mins, 0 secs, 291 ms
 Total records in web_click_cnt 
--------------------------------
                        8775486
(1 row)

Time: 0 hrs, 0 mins, 0 secs, 573 ms
CREATE TABLE
Time: 0 hrs, 0 mins, 1 secs, 428 ms
ANALYZE
Time: 0 hrs, 0 mins, 0 secs, 85 ms
CREATE TABLE
Time: 0 hrs, 0 mins, 0 secs, 413 ms
ANALYZE
Time: 0 hrs, 0 mins, 0 secs, 82 ms
DELETE 1
Time: 0 hrs, 0 mins, 0 secs, 146 ms
INSERT 0 1
Time: 0 hrs, 0 mins, 0 secs, 291 ms
DELETE 1
Time: 0 hrs, 0 mins, 0 secs, 83 ms
INSERT 0 1
Time: 0 hrs, 0 mins, 0 secs, 414 ms
CREATE TABLE
Time: 0 hrs, 0 mins, 1 secs, 286 ms
ANALYZE
Time: 0 hrs, 0 mins, 0 secs, 69 ms
CREATE TABLE
Time: 0 hrs, 0 mins, 0 secs, 446 ms
ANALYZE
Time: 0 hrs, 0 mins, 0 secs, 95 ms
DELETE 1
Time: 0 hrs, 0 mins, 0 secs, 101 ms
INSERT 0 1
Time: 0 hrs, 0 mins, 0 secs, 209 ms
DELETE 1
Time: 0 hrs, 0 mins, 0 secs, 90 ms
INSERT 0 1
Time: 0 hrs, 0 mins, 0 secs, 211 ms
ANALYZE
Time: 0 hrs, 0 mins, 0 secs, 39 ms
    tablename     |    attr_name    | attr_value 
------------------+-----------------+------------
 BN_FILTER_SPIDER | CLK_USER_SD_MPL | 10
 BN_FILTER_SPIDER | IP_USER_SD_MPL  | 1
 BN_FILTER_SPIDER | IP_USER_RATIO   | .955
 BN_FILTER_SPIDER | CLK_USER_MEAN   | 15.821
 BN_FILTER_SPIDER | CLK_USER_SD     | 287.282
 BN_FILTER_SPIDER | IP_USER_MEAN    | 12.039
 BN_FILTER_SPIDER | IP_USER_SD      | 1417.256
(7 rows)

Time: 0 hrs, 0 mins, 0 secs, 147 ms
CREATE TABLE
Time: 0 hrs, 0 mins, 2 secs, 307 ms
CREATE TABLE
Time: 0 hrs, 0 mins, 0 secs, 618 ms
 l_mean_sd_mpl 
---------------
      2888.641
(1 row)

Time: 0 hrs, 0 mins, 0 secs, 355 ms
TRUNCATE
Time: 0 hrs, 0 mins, 0 secs, 546 ms
INSERT 0 26
Time: 0 hrs, 0 mins, 2 secs, 278 ms
ANALYZE
Time: 0 hrs, 0 mins, 0 secs, 51 ms
 Total click_user bn_spider_ip records 
---------------------------------------
                                    26
(1 row)

Time: 0 hrs, 0 mins, 0 secs, 110 ms
CREATE TABLE
Time: 0 hrs, 0 mins, 1 secs, 95 ms
ANALYZE
Time: 0 hrs, 0 mins, 0 secs, 42 ms
CREATE TABLE
Time: 0 hrs, 0 mins, 1 secs, 395 ms
ANALYZE
Time: 0 hrs, 0 mins, 0 secs, 103 ms
DROP 
Time: 0 hrs, 0 mins, 0 secs, 329 ms
CREATE TABLE
Time: 0 hrs, 0 mins, 0 secs, 442 ms
 l_mean_sd_mpl | l_ratio 
---------------+---------
      1429.295 |   0.955
(1 row)

Time: 0 hrs, 0 mins, 0 secs, 123 ms
INSERT 0 7323834
Time: 0 hrs, 0 mins, 3 secs, 5 ms
ANALYZE
Time: 0 hrs, 0 mins, 0 secs, 473 ms
 Total ip_user_filter bn_spider_ip records 
-------------------------------------------
                                   7323834
(1 row)

Time: 0 hrs, 0 mins, 0 secs, 591 ms
TRUNCATE
Time: 0 hrs, 0 mins, 0 secs, 534 ms
INSERT 0 14433310
Time: 0 hrs, 0 mins, 10 secs, 573 ms
ANALYZE
Time: 0 hrs, 0 mins, 3 secs, 333 ms
 bn_hits_stage 
---------------
      14433310
(1 row)

Time: 0 hrs, 0 mins, 0 secs, 240 ms
INSERT 0 8142015
Time: 0 hrs, 0 mins, 22 secs, 996 ms
ANALYZE
Time: 0 hrs, 0 mins, 1 secs, 717 ms
 bn_hits_sp_20110123 
---------------------
            20530999
(1 row)

Time: 0 hrs, 0 mins, 0 secs, 821 ms
TRUNCATE
Time: 0 hrs, 0 mins, 2 secs, 838 ms
INSERT 0 5679088
Time: 0 hrs, 0 mins, 2 secs, 343 ms
ANALYZE
Time: 0 hrs, 0 mins, 1 secs, 714 ms
 bn_hits_client_20110123 
-------------------------
                 5679088
(1 row)

Time: 0 hrs, 0 mins, 0 secs, 407 ms
END
Time: 0 hrs, 0 mins, 1 secs, 776 ms

Mon Jan 24 08:46:59 EST 2011

Timing is on.
BEGIN
Time: 0 hrs, 0 mins, 2 secs, 55 ms

           600 - LOAD RESOURCES

SET
Time: 0 hrs, 0 mins, 0 secs, 14 ms
CREATE TABLE
Time: 0 hrs, 0 mins, 4 secs, 237 ms
ANALYZE
Time: 0 hrs, 0 mins, 0 secs, 381 ms
 tmp_a_count 
-------------
       35392
(1 row)

Time: 0 hrs, 0 mins, 0 secs, 77 ms
UPDATE 0
Time: 0 hrs, 0 mins, 1 secs, 103 ms
ANALYZE
Time: 0 hrs, 0 mins, 0 secs, 552 ms
TRUNCATE
Time: 0 hrs, 0 mins, 0 secs, 657 ms
INSERT 0 4125
Time: 0 hrs, 0 mins, 3 secs, 480 ms
ANALYZE
Time: 0 hrs, 0 mins, 0 secs, 530 ms
 first_resource_id | last_resource_id 
-------------------+------------------
          12789412 |         12793536
(1 row)

Time: 0 hrs, 0 mins, 0 secs, 287 ms
INSERT 0 4125
Time: 0 hrs, 0 mins, 0 secs, 880 ms
 total_resources 
-----------------
        12769159
(1 row)

Time: 0 hrs, 0 mins, 0 secs, 427 ms
ANALYZE
Time: 0 hrs, 0 mins, 0 secs, 487 ms
END
Time: 0 hrs, 0 mins, 1 secs, 425 ms
VACUUM
Time: 0 hrs, 0 mins, 5 secs, 497 ms

Mon Jan 24 08:47:21 EST 2011

Timing is on.

           650 - LOAD_BN_SESSION_STAGE

BEGIN
Time: 0 hrs, 0 mins, 0 secs, 673 ms
SET
Time: 0 hrs, 0 mins, 0 secs, 11 ms
SET
Time: 0 hrs, 0 mins, 0 secs, 30 ms
CREATE TABLE
Time: 0 hrs, 0 mins, 27 secs, 855 ms
ANALYZE
Time: 0 hrs, 0 mins, 2 secs, 296 ms
 tmp_sessionized_stage 
-----------------------
              14433310
(1 row)

Time: 0 hrs, 0 mins, 0 secs, 612 ms
TRUNCATE
Time: 0 hrs, 0 mins, 0 secs, 372 ms
INSERT 0 1477906
Time: 0 hrs, 0 mins, 18 secs, 384 ms
ANALYZE
Time: 0 hrs, 0 mins, 0 secs, 683 ms
CREATE TABLE
Time: 0 hrs, 0 mins, 34 secs, 198 ms
CREATE INDEX
Time: 0 hrs, 0 mins, 0 secs, 204 ms
 tmp_first_last 
----------------
        1477906
(1 row)

Time: 0 hrs, 0 mins, 0 secs, 105 ms
ANALYZE
Time: 0 hrs, 0 mins, 0 secs, 491 ms
SET
Time: 0 hrs, 0 mins, 0 secs, 25 ms
SET
Time: 0 hrs, 0 mins, 0 secs, 23 ms
TRUNCATE
Time: 0 hrs, 0 mins, 0 secs, 765 ms
DROP
Time: 0 hrs, 0 mins, 0 secs, 73 ms
INSERT 0 1477906
Time: 0 hrs, 0 mins, 4 secs, 216 ms
 bn_session_stage 
------------------
          1477906
(1 row)

Time: 0 hrs, 0 mins, 0 secs, 631 ms
CREATE INDEX
Time: 0 hrs, 0 mins, 0 secs, 491 ms
ANALYZE
Time: 0 hrs, 0 mins, 0 secs, 633 ms
TRUNCATE
Time: 0 hrs, 0 mins, 0 secs, 656 ms
END
Time: 0 hrs, 0 mins, 1 secs, 871 ms

Mon Jan 24 08:48:56 EST 2011

BEGIN

           660 - LOAD_BN_SESSION_UPDATE_STAGE

SET
TRUNCATE
INSERT 0 0
END

Mon Jan 24 08:48:59 EST 2011

Timing is on.

           670 - LOAD_BN_SESSION_20110123.UPDATES

BEGIN
Time: 0 hrs, 0 mins, 0 secs, 596 ms
SET
Time: 0 hrs, 0 mins, 0 secs, 11 ms
UPDATE 0
Time: 0 hrs, 0 mins, 0 secs, 442 ms
END
Time: 0 hrs, 0 mins, 0 secs, 639 ms
VACUUM
Time: 0 hrs, 0 mins, 2 secs, 235 ms

Mon Jan 24 08:49:03 EST 2011

Timing is on.

           700 - LOAD_BN_SESSION

BEGIN
Time: 0 hrs, 0 mins, 0 secs, 604 ms
SET
Time: 0 hrs, 0 mins, 0 secs, 10 ms
INSERT 0 1477906
Time: 0 hrs, 0 mins, 4 secs, 138 ms
ANALYZE
Time: 0 hrs, 0 mins, 0 secs, 583 ms
END
Time: 0 hrs, 0 mins, 1 secs, 539 ms

Mon Jan 24 08:49:10 EST 2011

Timing is on.

            750 - LOAD_BN_SESSION_SUMMARY   

BEGIN
Time: 0 hrs, 0 mins, 0 secs, 636 ms
SET
Time: 0 hrs, 0 mins, 0 secs, 10 ms
CREATE TABLE
Time: 0 hrs, 0 mins, 3 secs, 908 ms
TRUNCATE
Time: 0 hrs, 0 mins, 0 secs, 409 ms
INSERT 0 184227
Time: 0 hrs, 0 mins, 3 secs, 839 ms
ANALYZE
Time: 0 hrs, 0 mins, 0 secs, 633 ms
 count(1) 
----------
   184227
(1 row)

Time: 0 hrs, 0 mins, 0 secs, 78 ms
END
Time: 0 hrs, 0 mins, 0 secs, 969 ms

Mon Jan 24 08:49:21 EST 2011

Timing is on.

           800 - LOAD_BN_HITS

BEGIN
Time: 0 hrs, 0 mins, 0 secs, 567 ms
SET
Time: 0 hrs, 0 mins, 0 secs, 11 ms
SET
Time: 0 hrs, 0 mins, 0 secs, 22 ms
SET
Time: 0 hrs, 0 mins, 0 secs, 21 ms
SET
Time: 0 hrs, 0 mins, 0 secs, 21 ms
TRUNCATE
Time: 0 hrs, 0 mins, 0 secs, 370 ms
INSERT 0 14433310
Time: 0 hrs, 0 mins, 2 secs, 143 ms
 count(1) 
----------
 14433310
(1 row)

Time: 0 hrs, 0 mins, 1 secs, 922 ms
ANALYZE
Time: 0 hrs, 0 mins, 2 secs, 544 ms
END
Time: 0 hrs, 0 mins, 1 secs, 365 ms

Mon Jan 24 08:49:30 EST 2011

Timing is on.

            900 - LOAD_CLICKSTREAM   

BEGIN
Time: 0 hrs, 0 mins, 0 secs, 611 ms
SET
Time: 0 hrs, 0 mins, 0 secs, 9 ms
TRUNCATE
Time: 0 hrs, 0 mins, 0 secs, 392 ms
INSERT 0 14433310
Time: 0 hrs, 0 mins, 56 secs, 717 ms
 count(1) 
----------
 14433310
(1 row)

Time: 0 hrs, 0 mins, 0 secs, 176 ms
ANALYZE
Time: 0 hrs, 0 mins, 0 secs, 956 ms
END
Time: 0 hrs, 0 mins, 1 secs, 308 ms

Mon Jan 24 08:50:31 EST 2011

Timing is on.

            1000 - PAGE_VIEW_SUMMARY  

BEGIN
Time: 0 hrs, 0 mins, 0 secs, 576 ms
SET
Time: 0 hrs, 0 mins, 0 secs, 9 ms
TRUNCATE
Time: 0 hrs, 0 mins, 0 secs, 335 ms
INSERT 0 41585
Time: 0 hrs, 0 mins, 2 secs, 237 ms
 count(1) 
----------
    41585
(1 row)

Time: 0 hrs, 0 mins, 0 secs, 91 ms
ANALYZE
Time: 0 hrs, 0 mins, 0 secs, 44 ms
END
Time: 0 hrs, 0 mins, 1 secs, 133 ms
Mon Jan 24 08:50:35 EST 2011
Removing lock file and waiting for a minute
Checking for lock file /tmp/.iislock
Acquired lock file /tmp/.iislock
-------------------------------------
Processing for 20110123
-------------------------------------

Tue Jan 25 09:02:52 EST 2011

Timing is on.

           000 - INIT

BEGIN
Time: 0 hrs, 0 mins, 1 secs, 203 ms
*** Truncating staging tables before workflow starts ***
SET
Time: 0 hrs, 0 mins, 0 secs, 9 ms
GRANT
Time: 0 hrs, 0 mins, 3 secs, 669 ms
END
Time: 0 hrs, 0 mins, 3 secs, 458 ms

Tue Jan 25 09:03:01 EST 2011

Timing is on.

            200 - LOAD_BN_IISLOGS   

BEGIN
Time: 0 hrs, 0 mins, 0 secs, 813 ms
SET
Time: 0 hrs, 0 mins, 0 secs, 11 ms
TRUNCATE
Time: 0 hrs, 0 mins, 0 secs, 861 ms
INSERT 0 55645108
Time: 0 hrs, 24 mins, 43 secs, 543 ms
END
Time: 0 hrs, 2 mins, 5 secs, 169 ms
ALTER TABLE
Time: 0 hrs, 1 mins, 11 secs, 209 ms

Tue Jan 25 09:31:03 EST 2011

Timing is on.
BEGIN
Time: 0 hrs, 0 mins, 1 secs, 208 ms
SET
Time: 0 hrs, 0 mins, 0 secs, 12 ms

            250 - LOAD_BN_HITS_SP   

TRUNCATE
Time: 0 hrs, 0 mins, 1 secs, 530 ms
INSERT 0 16299612
Time: 0 hrs, 2 mins, 46 secs, 742 ms
ANALYZE
Time: 0 hrs, 0 mins, 6 secs, 672 ms
END
Time: 0 hrs, 0 mins, 42 secs, 497 ms

Tue Jan 25 09:34:42 EST 2011

Timing is on.
BEGIN
Time: 0 hrs, 0 mins, 0 secs, 980 ms
SET
Time: 0 hrs, 0 mins, 0 secs, 11 ms

           300 - DYNAMIC FILTER

TRUNCATE
Time: 0 hrs, 0 mins, 2 secs, 600 ms
INSERT 0 10742940
Time: 0 hrs, 0 mins, 25 secs, 919 ms
ANALYZE
Time: 0 hrs, 0 mins, 0 secs, 853 ms
 Total records in web_click_cnt 
--------------------------------
                       10742940
(1 row)

Time: 0 hrs, 0 mins, 0 secs, 509 ms
CREATE TABLE
Time: 0 hrs, 0 mins, 2 secs, 411 ms
ANALYZE
Time: 0 hrs, 0 mins, 0 secs, 350 ms
CREATE TABLE
Time: 0 hrs, 0 mins, 2 secs, 159 ms
ANALYZE
Time: 0 hrs, 0 mins, 0 secs, 102 ms
DELETE 1
Time: 0 hrs, 0 mins, 0 secs, 461 ms
INSERT 0 1
Time: 0 hrs, 0 mins, 1 secs, 496 ms
DELETE 1
Time: 0 hrs, 0 mins, 0 secs, 81 ms
INSERT 0 1
Time: 0 hrs, 0 mins, 0 secs, 524 ms
CREATE TABLE
Time: 0 hrs, 0 mins, 6 secs, 27 ms
ANALYZE
Time: 0 hrs, 0 mins, 0 secs, 87 ms
CREATE TABLE
Time: 0 hrs, 0 mins, 0 secs, 746 ms
ANALYZE
Time: 0 hrs, 0 mins, 0 secs, 247 ms
DELETE 1
Time: 0 hrs, 0 mins, 0 secs, 111 ms
INSERT 0 1
Time: 0 hrs, 0 mins, 1 secs, 184 ms
DELETE 1
Time: 0 hrs, 0 mins, 0 secs, 94 ms
INSERT 0 1
Time: 0 hrs, 0 mins, 0 secs, 847 ms
ANALYZE
Time: 0 hrs, 0 mins, 0 secs, 235 ms
    tablename     |    attr_name    | attr_value 
------------------+-----------------+------------
 BN_FILTER_SPIDER | CLK_USER_SD_MPL | 10
 BN_FILTER_SPIDER | IP_USER_SD_MPL  | 1
 BN_FILTER_SPIDER | IP_USER_RATIO   | .955
 BN_FILTER_SPIDER | CLK_USER_MEAN   | 16.986
 BN_FILTER_SPIDER | CLK_USER_SD     | 289.704
 BN_FILTER_SPIDER | IP_USER_MEAN    | 10.856
 BN_FILTER_SPIDER | IP_USER_SD      | 1441.389
(7 rows)

Time: 0 hrs, 0 mins, 0 secs, 164 ms
CREATE TABLE
Time: 0 hrs, 0 mins, 5 secs, 73 ms
CREATE TABLE
Time: 0 hrs, 0 mins, 0 secs, 367 ms
 l_mean_sd_mpl 
---------------
      2914.026
(1 row)

Time: 0 hrs, 0 mins, 0 secs, 300 ms
TRUNCATE
Time: 0 hrs, 0 mins, 5 secs, 475 ms
INSERT 0 31
Time: 0 hrs, 0 mins, 4 secs, 895 ms
ANALYZE
Time: 0 hrs, 0 mins, 0 secs, 350 ms
 Total click_user bn_spider_ip records 
---------------------------------------
                                    31
(1 row)

Time: 0 hrs, 0 mins, 0 secs, 507 ms
CREATE TABLE
Time: 0 hrs, 0 mins, 6 secs, 656 ms
ANALYZE
Time: 0 hrs, 0 mins, 0 secs, 71 ms
CREATE TABLE
Time: 0 hrs, 0 mins, 4 secs, 884 ms
ANALYZE
Time: 0 hrs, 0 mins, 3 secs, 158 ms
DROP 
Time: 0 hrs, 0 mins, 0 secs, 348 ms
CREATE TABLE
Time: 0 hrs, 0 mins, 1 secs, 959 ms
 l_mean_sd_mpl | l_ratio 
---------------+---------
      1452.245 |   0.955
(1 row)

Time: 0 hrs, 0 mins, 1 secs, 904 ms
INSERT 0 8830197
Time: 0 hrs, 0 mins, 5 secs, 142 ms
ANALYZE
Time: 0 hrs, 0 mins, 0 secs, 337 ms
 Total ip_user_filter bn_spider_ip records 
-------------------------------------------
                                   8830197
(1 row)

Time: 0 hrs, 0 mins, 0 secs, 627 ms
TRUNCATE
Time: 0 hrs, 0 mins, 1 secs, 413 ms
INSERT 0 21130026
Time: 0 hrs, 1 mins, 5 secs, 677 ms
ANALYZE
Time: 0 hrs, 0 mins, 4 secs, 471 ms
 bn_hits_stage 
---------------
      21130026
(1 row)

Time: 0 hrs, 0 mins, 0 secs, 331 ms
INSERT 0 9797684
Time: 0 hrs, 2 mins, 15 secs, 179 ms
ANALYZE
Time: 0 hrs, 0 mins, 11 secs, 769 ms
 bn_hits_sp_20110123 
---------------------
            26097296
(1 row)

Time: 0 hrs, 0 mins, 18 secs, 875 ms
TRUNCATE
Time: 0 hrs, 0 mins, 4 secs, 432 ms
INSERT 0 8417786
Time: 0 hrs, 0 mins, 14 secs, 981 ms
ANALYZE
Time: 0 hrs, 0 mins, 1 secs, 861 ms
 bn_hits_client_20110123 
-------------------------
                 8417786
(1 row)

Time: 0 hrs, 0 mins, 1 secs, 199 ms
END
Time: 0 hrs, 0 mins, 28 secs, 4 ms

Tue Jan 25 09:41:00 EST 2011

Timing is on.
BEGIN
Time: 0 hrs, 0 mins, 0 secs, 651 ms

           600 - LOAD RESOURCES

SET
Time: 0 hrs, 0 mins, 0 secs, 12 ms
CREATE TABLE
Time: 0 hrs, 0 mins, 5 secs, 458 ms
ANALYZE
Time: 0 hrs, 0 mins, 0 secs, 390 ms
 tmp_a_count 
-------------
       46409
(1 row)

Time: 0 hrs, 0 mins, 0 secs, 260 ms
UPDATE 0
Time: 0 hrs, 0 mins, 1 secs, 294 ms
ANALYZE
Time: 0 hrs, 0 mins, 0 secs, 647 ms
TRUNCATE
Time: 0 hrs, 0 mins, 0 secs, 880 ms
INSERT 0 1806
Time: 0 hrs, 0 mins, 3 secs, 160 ms
ANALYZE
Time: 0 hrs, 0 mins, 0 secs, 490 ms
 first_resource_id | last_resource_id 
-------------------+------------------
          12798595 |         12800400
(1 row)

Time: 0 hrs, 0 mins, 0 secs, 284 ms
INSERT 0 1806
Time: 0 hrs, 0 mins, 0 secs, 813 ms
 total_resources 
-----------------
        12776023
(1 row)

Time: 0 hrs, 0 mins, 0 secs, 413 ms
ANALYZE
Time: 0 hrs, 0 mins, 0 secs, 796 ms
END
Time: 0 hrs, 0 mins, 1 secs, 248 ms
VACUUM
Time: 0 hrs, 0 mins, 8 secs, 133 ms

Tue Jan 25 09:41:25 EST 2011

Timing is on.

           650 - LOAD_BN_SESSION_STAGE

BEGIN
Time: 0 hrs, 0 mins, 0 secs, 617 ms
SET
Time: 0 hrs, 0 mins, 0 secs, 9 ms
SET
Time: 0 hrs, 0 mins, 0 secs, 18 ms
CREATE TABLE
Time: 0 hrs, 0 mins, 36 secs, 661 ms
ANALYZE
Time: 0 hrs, 0 mins, 3 secs, 326 ms
 tmp_sessionized_stage 
-----------------------
              21130026
(1 row)

Time: 0 hrs, 0 mins, 0 secs, 244 ms
TRUNCATE
Time: 0 hrs, 0 mins, 0 secs, 360 ms
INSERT 0 1987552
Time: 0 hrs, 0 mins, 25 secs, 124 ms
ANALYZE
Time: 0 hrs, 0 mins, 0 secs, 655 ms
CREATE TABLE
Time: 0 hrs, 0 mins, 51 secs, 269 ms
CREATE INDEX
Time: 0 hrs, 0 mins, 0 secs, 192 ms
 tmp_first_last 
----------------
        1987552
(1 row)

Time: 0 hrs, 0 mins, 0 secs, 114 ms
ANALYZE
Time: 0 hrs, 0 mins, 0 secs, 682 ms
SET
Time: 0 hrs, 0 mins, 0 secs, 23 ms
SET
Time: 0 hrs, 0 mins, 0 secs, 19 ms
TRUNCATE
Time: 0 hrs, 0 mins, 3 secs, 315 ms
DROP
Time: 0 hrs, 0 mins, 0 secs, 312 ms
INSERT 0 1987552
Time: 0 hrs, 0 mins, 5 secs, 957 ms
 bn_session_stage 
------------------
          1987552
(1 row)

Time: 0 hrs, 0 mins, 0 secs, 850 ms
CREATE INDEX
Time: 0 hrs, 0 mins, 1 secs, 421 ms
ANALYZE
Time: 0 hrs, 0 mins, 0 secs, 898 ms
TRUNCATE
Time: 0 hrs, 0 mins, 1 secs, 28 ms
END
Time: 0 hrs, 0 mins, 12 secs, 817 ms

Tue Jan 25 09:43:52 EST 2011

BEGIN

           660 - LOAD_BN_SESSION_UPDATE_STAGE

SET
TRUNCATE
INSERT 0 0
END

Tue Jan 25 09:43:55 EST 2011

Timing is on.

           670 - LOAD_BN_SESSION_20110123.UPDATES

BEGIN
Time: 0 hrs, 0 mins, 0 secs, 657 ms
SET
Time: 0 hrs, 0 mins, 0 secs, 9 ms
UPDATE 0
Time: 0 hrs, 0 mins, 0 secs, 450 ms
END
Time: 0 hrs, 0 mins, 0 secs, 694 ms
VACUUM
Time: 0 hrs, 0 mins, 2 secs, 984 ms

Tue Jan 25 09:44:00 EST 2011

Timing is on.

           700 - LOAD_BN_SESSION

BEGIN
Time: 0 hrs, 0 mins, 0 secs, 626 ms
SET
Time: 0 hrs, 0 mins, 0 secs, 18 ms
INSERT 0 1987552
Time: 0 hrs, 0 mins, 6 secs, 747 ms
ANALYZE
Time: 0 hrs, 0 mins, 0 secs, 775 ms
END
Time: 0 hrs, 0 mins, 1 secs, 308 ms

Tue Jan 25 09:44:10 EST 2011

Timing is on.

            750 - LOAD_BN_SESSION_SUMMARY   

BEGIN
Time: 0 hrs, 0 mins, 0 secs, 625 ms
SET
Time: 0 hrs, 0 mins, 0 secs, 15 ms
CREATE TABLE
Time: 0 hrs, 0 mins, 5 secs, 539 ms
TRUNCATE
Time: 0 hrs, 0 mins, 0 secs, 601 ms
INSERT 0 237730
Time: 0 hrs, 0 mins, 3 secs, 874 ms
ANALYZE
Time: 0 hrs, 0 mins, 0 secs, 592 ms
 count(1) 
----------
   237730
(1 row)

Time: 0 hrs, 0 mins, 0 secs, 85 ms
END
Time: 0 hrs, 0 mins, 1 secs, 614 ms

Tue Jan 25 09:44:23 EST 2011

Timing is on.

           800 - LOAD_BN_HITS

BEGIN
Time: 0 hrs, 0 mins, 0 secs, 681 ms
SET
Time: 0 hrs, 0 mins, 0 secs, 12 ms
SET
Time: 0 hrs, 0 mins, 0 secs, 20 ms
SET
Time: 0 hrs, 0 mins, 0 secs, 26 ms
SET
Time: 0 hrs, 0 mins, 0 secs, 20 ms
TRUNCATE
Time: 0 hrs, 0 mins, 0 secs, 383 ms
INSERT 0 21130026
Time: 0 hrs, 0 mins, 6 secs, 776 ms
 count(1) 
----------
 21130026
(1 row)

Time: 0 hrs, 0 mins, 1 secs, 4 ms
ANALYZE
Time: 0 hrs, 0 mins, 3 secs, 621 ms
END
Time: 0 hrs, 0 mins, 8 secs, 746 ms

Tue Jan 25 09:44:44 EST 2011

Timing is on.

            900 - LOAD_CLICKSTREAM   

BEGIN
Time: 0 hrs, 0 mins, 0 secs, 716 ms
SET
Time: 0 hrs, 0 mins, 0 secs, 11 ms
TRUNCATE
Time: 0 hrs, 0 mins, 0 secs, 932 ms
INSERT 0 21130026
Time: 0 hrs, 1 mins, 23 secs, 831 ms
 count(1) 
----------
 21130026
(1 row)

Time: 0 hrs, 0 mins, 0 secs, 228 ms
ANALYZE
Time: 0 hrs, 0 mins, 1 secs, 254 ms
END
Time: 0 hrs, 0 mins, 15 secs, 406 ms

Tue Jan 25 09:46:27 EST 2011

Timing is on.

            1000 - PAGE_VIEW_SUMMARY  

BEGIN
Time: 0 hrs, 0 mins, 0 secs, 651 ms
SET
Time: 0 hrs, 0 mins, 0 secs, 10 ms
TRUNCATE
Time: 0 hrs, 0 mins, 0 secs, 393 ms
INSERT 0 53858
Time: 0 hrs, 0 mins, 5 secs, 742 ms
 count(1) 
----------
    53858
(1 row)

Time: 0 hrs, 0 mins, 0 secs, 98 ms
ANALYZE
Time: 0 hrs, 0 mins, 0 secs, 55 ms
END
Time: 0 hrs, 0 mins, 12 secs, 48 ms

Tue Jan 25 09:46:46 EST 2011


2000 - WRAP UP 

Timing is on.
BEGIN
Time: 0 hrs, 0 mins, 0 secs, 733 ms
TRUNCATE
Time: 0 hrs, 0 mins, 0 secs, 350 ms
TRUNCATE
Time: 0 hrs, 0 mins, 0 secs, 457 ms
END
Time: 0 hrs, 0 mins, 6 secs, 624 ms
Tue Jan 25 09:46:54 EST 2011
Removing lock file and waiting for a minute
