Checking for lock file /tmp/.iislock
Acquired lock file /tmp/.iislock
deleting simple.htm records - these are just server testing...
DELETE 5400444
-------------------------------------
Processing for 20111206
-------------------------------------

Wed Dec 7 08:52:13 EST 2011

Timing is on.

           000 - INIT

BEGIN
Time: 0 hrs, 0 mins, 0 secs, 160 ms
*** Truncating staging tables before workflow starts ***
SET
Time: 0 hrs, 0 mins, 0 secs, 5 ms
GRANT
Time: 0 hrs, 0 mins, 50 secs, 39 ms
END
Time: 0 hrs, 0 mins, 4 secs, 527 ms

Wed Dec 7 08:53:08 EST 2011

Timing is on.

            200 - LOAD_BN_IISLOGS   

BEGIN
Time: 0 hrs, 0 mins, 0 secs, 144 ms
SET
Time: 0 hrs, 0 mins, 0 secs, 6 ms
TRUNCATE
Time: 0 hrs, 0 mins, 1 secs, 188 ms
INSERT 0 58973576
Time: 0 hrs, 7 mins, 25 secs, 633 ms
END
Time: 0 hrs, 1 mins, 3 secs, 836 ms
ALTER TABLE
Time: 0 hrs, 3 mins, 36 secs, 319 ms

Wed Dec 7 09:05:15 EST 2011

Timing is on.
BEGIN
Time: 0 hrs, 0 mins, 0 secs, 152 ms
SET
Time: 0 hrs, 0 mins, 0 secs, 5 ms

            250 - LOAD_BN_HITS_SP   

TRUNCATE
Time: 0 hrs, 0 mins, 1 secs, 359 ms
INSERT 0 21266444
Time: 0 hrs, 2 mins, 5 secs, 887 ms
ANALYZE
Time: 0 hrs, 0 mins, 3 secs, 748 ms
END
Time: 0 hrs, 1 mins, 2 secs, 468 ms

Wed Dec 7 09:08:29 EST 2011

Timing is on.
BEGIN
Time: 0 hrs, 0 mins, 0 secs, 385 ms
SET
Time: 0 hrs, 0 mins, 0 secs, 8 ms

           300 - DYNAMIC FILTER

TRUNCATE
Time: 0 hrs, 0 mins, 4 secs, 258 ms
INSERT 0 20296571
Time: 0 hrs, 0 mins, 2 secs, 150 ms
ANALYZE
Time: 0 hrs, 0 mins, 3 secs, 138 ms
 Total records in web_click_cnt 
--------------------------------
                       20296571
(1 row)

Time: 0 hrs, 0 mins, 4 secs, 912 ms
CREATE TABLE
Time: 0 hrs, 0 mins, 9 secs, 140 ms
ANALYZE
Time: 0 hrs, 0 mins, 0 secs, 36 ms
CREATE TABLE
Time: 0 hrs, 0 mins, 0 secs, 694 ms
ANALYZE
Time: 0 hrs, 0 mins, 0 secs, 42 ms
DELETE 1
Time: 0 hrs, 0 mins, 0 secs, 710 ms
INSERT 0 1
Time: 0 hrs, 0 mins, 0 secs, 829 ms
DELETE 1
Time: 0 hrs, 0 mins, 0 secs, 72 ms
INSERT 0 1
Time: 0 hrs, 0 mins, 0 secs, 488 ms
CREATE TABLE
Time: 0 hrs, 0 mins, 14 secs, 456 ms
ANALYZE
Time: 0 hrs, 0 mins, 1 secs, 283 ms
CREATE TABLE
Time: 0 hrs, 0 mins, 3 secs, 119 ms
ANALYZE
Time: 0 hrs, 0 mins, 0 secs, 49 ms
DELETE 1
Time: 0 hrs, 0 mins, 0 secs, 102 ms
INSERT 0 1
Time: 0 hrs, 0 mins, 0 secs, 245 ms
DELETE 1
Time: 0 hrs, 0 mins, 0 secs, 57 ms
INSERT 0 1
Time: 0 hrs, 0 mins, 0 secs, 584 ms
ANALYZE
Time: 0 hrs, 0 mins, 0 secs, 113 ms
    tablename     |    attr_name    | attr_value 
------------------+-----------------+------------
 BN_FILTER_SPIDER | CLK_USER_SD_MPL | 10
 BN_FILTER_SPIDER | IP_USER_SD_MPL  | 1
 BN_FILTER_SPIDER | IP_USER_RATIO   | .955
 BN_FILTER_SPIDER | CLK_USER_MEAN   | 9.298
 BN_FILTER_SPIDER | CLK_USER_SD     | 136.029
 BN_FILTER_SPIDER | IP_USER_MEAN    | 19.109
 BN_FILTER_SPIDER | IP_USER_SD      | 4127.750
(7 rows)

Time: 0 hrs, 0 mins, 1 secs, 285 ms
CREATE TABLE
Time: 0 hrs, 0 mins, 6 secs, 730 ms
CREATE TABLE
Time: 0 hrs, 0 mins, 0 secs, 495 ms
 l_mean_sd_mpl 
---------------
      1369.588
(1 row)

Time: 0 hrs, 0 mins, 0 secs, 87 ms
TRUNCATE
Time: 0 hrs, 0 mins, 1 secs, 690 ms
INSERT 0 96
Time: 0 hrs, 0 mins, 8 secs, 799 ms
ANALYZE
Time: 0 hrs, 0 mins, 1 secs, 9 ms
 Total click_user bn_spider_ip records 
---------------------------------------
                                    96
(1 row)

Time: 0 hrs, 0 mins, 0 secs, 234 ms
CREATE TABLE
Time: 0 hrs, 0 mins, 3 secs, 560 ms
ANALYZE
Time: 0 hrs, 0 mins, 0 secs, 25 ms
CREATE TABLE
Time: 0 hrs, 0 mins, 2 secs, 957 ms
ANALYZE
Time: 0 hrs, 0 mins, 0 secs, 85 ms
DROP 
Time: 0 hrs, 0 mins, 0 secs, 143 ms
CREATE TABLE
Time: 0 hrs, 0 mins, 0 secs, 377 ms
 l_mean_sd_mpl | l_ratio 
---------------+---------
      4146.859 |   0.955
(1 row)

Time: 0 hrs, 0 mins, 0 secs, 143 ms
INSERT 0 16663913
Time: 0 hrs, 0 mins, 17 secs, 451 ms
ANALYZE
Time: 0 hrs, 0 mins, 0 secs, 297 ms
 Total ip_user_filter bn_spider_ip records 
-------------------------------------------
                                  16663913
(1 row)

Time: 0 hrs, 0 mins, 2 secs, 449 ms
TRUNCATE
Time: 0 hrs, 0 mins, 4 secs, 40 ms
INSERT 0 17067338
Time: 0 hrs, 0 mins, 33 secs, 26 ms
ANALYZE
Time: 0 hrs, 0 mins, 4 secs, 636 ms
 bn_hits_stage 
---------------
      17067338
(1 row)

Time: 0 hrs, 0 mins, 0 secs, 337 ms
INSERT 0 17513570
Time: 0 hrs, 1 mins, 3 secs, 602 ms
ANALYZE
Time: 0 hrs, 0 mins, 5 secs, 90 ms
 bn_hits_sp_20111206 
---------------------
            38780014
(1 row)

Time: 0 hrs, 0 mins, 5 secs, 724 ms
TRUNCATE
Time: 0 hrs, 0 mins, 9 secs, 942 ms
INSERT 0 3126224
Time: 0 hrs, 0 mins, 7 secs, 393 ms
ANALYZE
Time: 0 hrs, 0 mins, 3 secs, 57 ms
 bn_hits_client_20111206 
-------------------------
                 3126224
(1 row)

Time: 0 hrs, 0 mins, 0 secs, 599 ms
END
Time: 0 hrs, 0 mins, 23 secs, 590 ms

Wed Dec 7 09:12:46 EST 2011

Timing is on.
BEGIN
Time: 0 hrs, 0 mins, 0 secs, 181 ms

           600 - LOAD RESOURCES

SET
Time: 0 hrs, 0 mins, 0 secs, 7 ms
CREATE TABLE
Time: 0 hrs, 1 mins, 26 secs, 931 ms
ANALYZE
Time: 0 hrs, 0 mins, 2 secs, 583 ms
 tmp_a_count 
-------------
     1296919
(1 row)

Time: 0 hrs, 0 mins, 4 secs, 158 ms
UPDATE 0
Time: 0 hrs, 0 mins, 12 secs, 535 ms
ANALYZE
Time: 0 hrs, 0 mins, 3 secs, 823 ms
TRUNCATE
Time: 0 hrs, 0 mins, 16 secs, 354 ms
INSERT 0 467795
Time: 0 hrs, 0 mins, 50 secs, 288 ms
ANALYZE
Time: 0 hrs, 0 mins, 4 secs, 909 ms
 first_resource_id | last_resource_id 
-------------------+------------------
          62601072 |         63068866
(1 row)

Time: 0 hrs, 0 mins, 2 secs, 137 ms
INSERT 0 467795
Time: 0 hrs, 0 mins, 18 secs, 901 ms
 total_resources 
-----------------
        63044403
(1 row)

Time: 0 hrs, 0 mins, 11 secs, 969 ms
ANALYZE
Time: 0 hrs, 0 mins, 3 secs, 912 ms
END
Time: 0 hrs, 0 mins, 31 secs, 403 ms
VACUUM
Time: 0 hrs, 1 mins, 4 secs, 703 ms

Wed Dec 7 09:18:00 EST 2011

Timing is on.

           650 - LOAD_BN_SESSION_STAGE

BEGIN
Time: 0 hrs, 0 mins, 0 secs, 141 ms
SET
Time: 0 hrs, 0 mins, 0 secs, 6 ms
SET
Time: 0 hrs, 0 mins, 0 secs, 12 ms
CREATE TABLE
Time: 0 hrs, 1 mins, 17 secs, 483 ms
ANALYZE
Time: 0 hrs, 0 mins, 9 secs, 614 ms
 tmp_sessionized_stage 
-----------------------
              17067338
(1 row)

Time: 0 hrs, 0 mins, 2 secs, 933 ms
TRUNCATE
Time: 0 hrs, 0 mins, 16 secs, 770 ms
INSERT 0 3200973
Time: 0 hrs, 1 mins, 39 secs, 995 ms
ANALYZE
Time: 0 hrs, 0 mins, 5 secs, 900 ms
CREATE TABLE
Time: 0 hrs, 1 mins, 27 secs, 502 ms
CREATE INDEX
Time: 0 hrs, 0 mins, 0 secs, 853 ms
 tmp_first_last 
----------------
        3200973
(1 row)

Time: 0 hrs, 0 mins, 0 secs, 70 ms
ANALYZE
Time: 0 hrs, 0 mins, 1 secs, 332 ms
SET
Time: 0 hrs, 0 mins, 0 secs, 13 ms
SET
Time: 0 hrs, 0 mins, 0 secs, 12 ms
TRUNCATE
Time: 0 hrs, 0 mins, 19 secs, 602 ms
DROP 
Time: 0 hrs, 0 mins, 5 secs, 37 ms
INSERT 0 3200973
Time: 0 hrs, 0 mins, 5 secs, 796 ms
 bn_session_stage 
------------------
          3200973
(1 row)

Time: 0 hrs, 0 mins, 6 secs, 48 ms
CREATE INDEX
Time: 0 hrs, 0 mins, 3 secs, 438 ms
ANALYZE
Time: 0 hrs, 0 mins, 2 secs, 148 ms
TRUNCATE
Time: 0 hrs, 0 mins, 5 secs, 300 ms
END
Time: 0 hrs, 0 mins, 16 secs, 303 ms

Wed Dec 7 09:24:07 EST 2011

BEGIN

           660 - LOAD_BN_SESSION_UPDATE_STAGE

SET
TRUNCATE
INSERT 0 0
END

Wed Dec 7 09:24:21 EST 2011

Timing is on.

           670 - LOAD_BN_SESSION_20111206.UPDATES

BEGIN
Time: 0 hrs, 0 mins, 0 secs, 184 ms
SET
Time: 0 hrs, 0 mins, 0 secs, 6 ms
UPDATE 0
Time: 0 hrs, 0 mins, 0 secs, 194 ms
END
Time: 0 hrs, 0 mins, 10 secs, 64 ms
VACUUM
Time: 0 hrs, 1 mins, 0 secs, 621 ms

Wed Dec 7 09:25:32 EST 2011

Timing is on.

           700 - LOAD_BN_SESSION

BEGIN
Time: 0 hrs, 0 mins, 0 secs, 195 ms
SET
Time: 0 hrs, 0 mins, 0 secs, 6 ms
INSERT 0 3200973
Time: 0 hrs, 0 mins, 8 secs, 623 ms
ANALYZE
Time: 0 hrs, 0 mins, 1 secs, 331 ms
END
Time: 0 hrs, 0 mins, 27 secs, 241 ms

Wed Dec 7 09:26:10 EST 2011

Timing is on.

            750 - LOAD_BN_SESSION_SUMMARY   

BEGIN
Time: 0 hrs, 0 mins, 0 secs, 546 ms
SET
Time: 0 hrs, 0 mins, 0 secs, 6 ms
CREATE TABLE
Time: 0 hrs, 0 mins, 20 secs, 708 ms
TRUNCATE
Time: 0 hrs, 0 mins, 1 secs, 311 ms
INSERT 0 996375
Time: 0 hrs, 0 mins, 4 secs, 593 ms
ANALYZE
Time: 0 hrs, 0 mins, 0 secs, 695 ms
 count(1) 
----------
   996375
(1 row)

Time: 0 hrs, 0 mins, 0 secs, 54 ms
END
Time: 0 hrs, 0 mins, 7 secs, 66 ms

Wed Dec 7 09:26:45 EST 2011

Timing is on.

           800 - LOAD_BN_HITS

BEGIN
Time: 0 hrs, 0 mins, 0 secs, 223 ms
SET
Time: 0 hrs, 0 mins, 0 secs, 8 ms
SET
Time: 0 hrs, 0 mins, 0 secs, 19 ms
SET
Time: 0 hrs, 0 mins, 0 secs, 18 ms
SET
Time: 0 hrs, 0 mins, 0 secs, 15 ms
TRUNCATE
Time: 0 hrs, 0 mins, 0 secs, 845 ms
INSERT 0 17067338
Time: 0 hrs, 0 mins, 3 secs, 891 ms
 count(1) 
----------
 17067338
(1 row)

Time: 0 hrs, 0 mins, 2 secs, 419 ms
ANALYZE
Time: 0 hrs, 0 mins, 2 secs, 993 ms
END
Time: 0 hrs, 0 mins, 8 secs, 899 ms

Wed Dec 7 09:27:05 EST 2011

Timing is on.

            900 - LOAD_CLICKSTREAM   

BEGIN
Time: 0 hrs, 0 mins, 0 secs, 181 ms
SET
Time: 0 hrs, 0 mins, 0 secs, 6 ms
TRUNCATE
Time: 0 hrs, 0 mins, 1 secs, 732 ms
INSERT 0 17067338
Time: 0 hrs, 1 mins, 20 secs, 743 ms
 count(1) 
----------
 17067338
(1 row)

Time: 0 hrs, 0 mins, 2 secs, 931 ms
ANALYZE
Time: 0 hrs, 0 mins, 2 secs, 750 ms
END
Time: 0 hrs, 0 mins, 10 secs, 717 ms

Wed Dec 7 09:28:44 EST 2011

Timing is on.

            1000 - PAGE_VIEW_SUMMARY  

BEGIN
Time: 0 hrs, 0 mins, 1 secs, 731 ms
SET
Time: 0 hrs, 0 mins, 0 secs, 6 ms
SET
Time: 0 hrs, 0 mins, 0 secs, 12 ms
TRUNCATE
Time: 0 hrs, 0 mins, 3 secs, 593 ms
INSERT 0 1321830
Time: 0 hrs, 0 mins, 10 secs, 684 ms
 count(1) 
----------
  1321830
(1 row)

Time: 0 hrs, 0 mins, 1 secs, 739 ms
ANALYZE
Time: 0 hrs, 0 mins, 0 secs, 135 ms
END
Time: 0 hrs, 0 mins, 6 secs, 29 ms

Wed Dec 7 09:29:08 EST 2011


2000 - WRAP UP 

Timing is on.
BEGIN
Time: 0 hrs, 0 mins, 0 secs, 160 ms
TRUNCATE
Time: 0 hrs, 0 mins, 1 secs, 661 ms
TRUNCATE
Time: 0 hrs, 0 mins, 2 secs, 268 ms
END
Time: 0 hrs, 0 mins, 7 secs, 751 ms
Wed Dec 7 09:29:20 EST 2011
Removing lock file and waiting for a minute
Total time taken:  40  minutes.
Running time of run.sh 20111206: 2420 seconds
Checking for lock file /tmp/.iislock
Acquired lock file /tmp/.iislock
deleting simple.htm records - these are just server testing...
DELETE 23
-------------------------------------
Processing for 20111206
-------------------------------------

Thu Dec 8 08:16:29 EST 2011

Timing is on.

           000 - INIT

BEGIN
Time: 0 hrs, 0 mins, 1 secs, 126 ms
*** Truncating staging tables before workflow starts ***
SET
Time: 0 hrs, 0 mins, 0 secs, 6 ms
GRANT
Time: 0 hrs, 0 mins, 8 secs, 872 ms
END
Time: 0 hrs, 0 mins, 4 secs, 562 ms

Thu Dec 8 08:16:44 EST 2011

Timing is on.

            200 - LOAD_BN_IISLOGS   

BEGIN
Time: 0 hrs, 0 mins, 0 secs, 381 ms
SET
Time: 0 hrs, 0 mins, 0 secs, 5 ms
TRUNCATE
Time: 0 hrs, 0 mins, 2 secs, 503 ms
INSERT 0 79161323
Time: 0 hrs, 8 mins, 31 secs, 734 ms
END
Time: 0 hrs, 0 mins, 51 secs, 309 ms
ALTER TABLE
Time: 0 hrs, 0 mins, 10 secs, 607 ms

Thu Dec 8 08:26:21 EST 2011

Timing is on.
BEGIN
Time: 0 hrs, 0 mins, 0 secs, 176 ms
SET
Time: 0 hrs, 0 mins, 0 secs, 7 ms

            250 - LOAD_BN_HITS_SP   

TRUNCATE
Time: 0 hrs, 0 mins, 2 secs, 96 ms
INSERT 0 27912563
Time: 0 hrs, 2 mins, 27 secs, 388 ms
ANALYZE
Time: 0 hrs, 0 mins, 4 secs, 39 ms
END
Time: 0 hrs, 0 mins, 3 secs, 7 ms

Thu Dec 8 08:28:58 EST 2011

Timing is on.
BEGIN
Time: 0 hrs, 0 mins, 0 secs, 147 ms
SET
Time: 0 hrs, 0 mins, 0 secs, 6 ms

           300 - DYNAMIC FILTER

TRUNCATE
Time: 0 hrs, 0 mins, 1 secs, 322 ms
INSERT 0 26107435
Time: 0 hrs, 0 mins, 2 secs, 561 ms
ANALYZE
Time: 0 hrs, 0 mins, 0 secs, 890 ms
 Total records in web_click_cnt 
--------------------------------
                       26107435
(1 row)

Time: 0 hrs, 0 mins, 0 secs, 610 ms
CREATE TABLE
Time: 0 hrs, 0 mins, 2 secs, 664 ms
ANALYZE
Time: 0 hrs, 0 mins, 0 secs, 54 ms
CREATE TABLE
Time: 0 hrs, 0 mins, 0 secs, 499 ms
ANALYZE
Time: 0 hrs, 0 mins, 0 secs, 41 ms
DELETE 1
Time: 0 hrs, 0 mins, 0 secs, 156 ms
INSERT 0 1
Time: 0 hrs, 0 mins, 0 secs, 125 ms
DELETE 1
Time: 0 hrs, 0 mins, 0 secs, 64 ms
INSERT 0 1
Time: 0 hrs, 0 mins, 0 secs, 156 ms
CREATE TABLE
Time: 0 hrs, 0 mins, 4 secs, 456 ms
ANALYZE
Time: 0 hrs, 0 mins, 0 secs, 45 ms
CREATE TABLE
Time: 0 hrs, 0 mins, 0 secs, 173 ms
ANALYZE
Time: 0 hrs, 0 mins, 0 secs, 44 ms
DELETE 1
Time: 0 hrs, 0 mins, 0 secs, 54 ms
INSERT 0 1
Time: 0 hrs, 0 mins, 0 secs, 104 ms
DELETE 1
Time: 0 hrs, 0 mins, 0 secs, 59 ms
INSERT 0 1
Time: 0 hrs, 0 mins, 0 secs, 175 ms
ANALYZE
Time: 0 hrs, 0 mins, 0 secs, 24 ms
    tablename     |    attr_name    | attr_value 
------------------+-----------------+------------
 BN_FILTER_SPIDER | CLK_USER_SD_MPL | 10
 BN_FILTER_SPIDER | IP_USER_SD_MPL  | 1
 BN_FILTER_SPIDER | IP_USER_RATIO   | .955
 BN_FILTER_SPIDER | CLK_USER_MEAN   | 9.887
 BN_FILTER_SPIDER | CLK_USER_SD     | 120.687
 BN_FILTER_SPIDER | IP_USER_MEAN    | 18.319
 BN_FILTER_SPIDER | IP_USER_SD      | 4408.392
(7 rows)

Time: 0 hrs, 0 mins, 0 secs, 57 ms
CREATE TABLE
Time: 0 hrs, 0 mins, 7 secs, 259 ms
CREATE TABLE
Time: 0 hrs, 0 mins, 0 secs, 329 ms
 l_mean_sd_mpl 
---------------
      1216.757
(1 row)

Time: 0 hrs, 0 mins, 0 secs, 440 ms
TRUNCATE
Time: 0 hrs, 0 mins, 2 secs, 47 ms
INSERT 0 148
Time: 0 hrs, 0 mins, 8 secs, 458 ms
ANALYZE
Time: 0 hrs, 0 mins, 0 secs, 51 ms
 Total click_user bn_spider_ip records 
---------------------------------------
                                   148
(1 row)

Time: 0 hrs, 0 mins, 0 secs, 909 ms
CREATE TABLE
Time: 0 hrs, 0 mins, 2 secs, 892 ms
ANALYZE
Time: 0 hrs, 0 mins, 0 secs, 498 ms
CREATE TABLE
Time: 0 hrs, 0 mins, 2 secs, 758 ms
ANALYZE
Time: 0 hrs, 0 mins, 0 secs, 413 ms
DROP 
Time: 0 hrs, 0 mins, 0 secs, 132 ms
CREATE TABLE
Time: 0 hrs, 0 mins, 0 secs, 121 ms
 l_mean_sd_mpl | l_ratio 
---------------+---------
      4426.711 |   0.955
(1 row)

Time: 0 hrs, 0 mins, 0 secs, 50 ms
INSERT 0 21464623
Time: 0 hrs, 0 mins, 23 secs, 373 ms
ANALYZE
Time: 0 hrs, 0 mins, 0 secs, 694 ms
 Total ip_user_filter bn_spider_ip records 
-------------------------------------------
                                  21464623
(1 row)

Time: 0 hrs, 0 mins, 4 secs, 141 ms
TRUNCATE
Time: 0 hrs, 0 mins, 1 secs, 908 ms
INSERT 0 23668337
Time: 0 hrs, 0 mins, 29 secs, 936 ms
ANALYZE
Time: 0 hrs, 0 mins, 7 secs, 691 ms
 bn_hits_stage 
---------------
      23668337
(1 row)

Time: 0 hrs, 0 mins, 8 secs, 450 ms
INSERT 0 22509563
Time: 0 hrs, 1 mins, 2 secs, 158 ms
ANALYZE
Time: 0 hrs, 0 mins, 15 secs, 802 ms
 bn_hits_sp_20111206 
---------------------
            50422126
(1 row)

Time: 0 hrs, 0 mins, 0 secs, 232 ms
TRUNCATE
Time: 0 hrs, 0 mins, 14 secs, 762 ms
INSERT 0 5070860
Time: 0 hrs, 0 mins, 15 secs, 120 ms
ANALYZE
Time: 0 hrs, 0 mins, 3 secs, 821 ms
 bn_hits_client_20111206 
-------------------------
                 5070860
(1 row)

Time: 0 hrs, 0 mins, 5 secs, 0 ms
END
Time: 0 hrs, 0 mins, 45 secs, 674 ms

Thu Dec 8 08:33:38 EST 2011

Timing is on.
BEGIN
Time: 0 hrs, 0 mins, 0 secs, 572 ms

           600 - LOAD RESOURCES

SET
Time: 0 hrs, 0 mins, 0 secs, 6 ms
CREATE TABLE
Time: 0 hrs, 1 mins, 47 secs, 292 ms
ANALYZE
Time: 0 hrs, 0 mins, 5 secs, 521 ms
 tmp_a_count 
-------------
     1585351
(1 row)

Time: 0 hrs, 0 mins, 4 secs, 353 ms
UPDATE 0
Time: 0 hrs, 0 mins, 8 secs, 562 ms
ANALYZE
Time: 0 hrs, 0 mins, 2 secs, 986 ms
TRUNCATE
Time: 0 hrs, 0 mins, 4 secs, 500 ms
INSERT 0 114356
Time: 0 hrs, 0 mins, 22 secs, 477 ms
ANALYZE
Time: 0 hrs, 0 mins, 1 secs, 585 ms
 first_resource_id | last_resource_id 
-------------------+------------------
          63585827 |         63700182
(1 row)

Time: 0 hrs, 0 mins, 0 secs, 734 ms
INSERT 0 114356
Time: 0 hrs, 0 mins, 4 secs, 510 ms
 total_resources 
-----------------
        63675719
(1 row)

Time: 0 hrs, 0 mins, 0 secs, 376 ms
ANALYZE
Time: 0 hrs, 0 mins, 0 secs, 630 ms
END
Time: 0 hrs, 0 mins, 32 secs, 522 ms
VACUUM
Time: 0 hrs, 0 mins, 56 secs, 656 ms

Thu Dec 8 08:37:51 EST 2011

Timing is on.

           650 - LOAD_BN_SESSION_STAGE

BEGIN
Time: 0 hrs, 0 mins, 3 secs, 786 ms
SET
Time: 0 hrs, 0 mins, 0 secs, 12 ms
SET
Time: 0 hrs, 0 mins, 0 secs, 28 ms
CREATE TABLE
Time: 0 hrs, 1 mins, 25 secs, 501 ms
ANALYZE
Time: 0 hrs, 0 mins, 3 secs, 773 ms
 tmp_sessionized_stage 
-----------------------
              23668337
(1 row)

Time: 0 hrs, 0 mins, 2 secs, 521 ms
TRUNCATE
Time: 0 hrs, 0 mins, 8 secs, 382 ms
INSERT 0 4076211
Time: 0 hrs, 1 mins, 54 secs, 264 ms
ANALYZE
Time: 0 hrs, 0 mins, 4 secs, 968 ms
CREATE TABLE
Time: 0 hrs, 2 mins, 11 secs, 589 ms
CREATE INDEX
Time: 0 hrs, 0 mins, 1 secs, 418 ms
 tmp_first_last 
----------------
        4076211
(1 row)

Time: 0 hrs, 0 mins, 2 secs, 391 ms
ANALYZE
Time: 0 hrs, 0 mins, 2 secs, 170 ms
SET
Time: 0 hrs, 0 mins, 0 secs, 30 ms
SET
Time: 0 hrs, 0 mins, 0 secs, 22 ms
TRUNCATE
Time: 0 hrs, 0 mins, 8 secs, 439 ms
DROP 
Time: 0 hrs, 0 mins, 0 secs, 740 ms
INSERT 0 4076211
Time: 0 hrs, 0 mins, 8 secs, 146 ms
 bn_session_stage 
------------------
          4076211
(1 row)

Time: 0 hrs, 0 mins, 2 secs, 424 ms
CREATE INDEX
Time: 0 hrs, 0 mins, 4 secs, 665 ms
ANALYZE
Time: 0 hrs, 0 mins, 1 secs, 93 ms
TRUNCATE
Time: 0 hrs, 0 mins, 8 secs, 49 ms
END
Time: 0 hrs, 0 mins, 26 secs, 596 ms

Thu Dec 8 08:44:53 EST 2011

BEGIN

           660 - LOAD_BN_SESSION_UPDATE_STAGE

SET
TRUNCATE
INSERT 0 0
END

Thu Dec 8 08:46:40 EST 2011

Timing is on.

           670 - LOAD_BN_SESSION_20111206.UPDATES

BEGIN
Time: 0 hrs, 0 mins, 2 secs, 122 ms
SET
Time: 0 hrs, 0 mins, 0 secs, 7 ms
UPDATE 0
Time: 0 hrs, 0 mins, 0 secs, 219 ms
END
Time: 0 hrs, 0 mins, 16 secs, 333 ms
VACUUM
Time: 0 hrs, 0 mins, 24 secs, 196 ms

Thu Dec 8 08:47:23 EST 2011

Timing is on.

           700 - LOAD_BN_SESSION

BEGIN
Time: 0 hrs, 0 mins, 1 secs, 135 ms
SET
Time: 0 hrs, 0 mins, 0 secs, 12 ms
INSERT 0 4076211
Time: 0 hrs, 0 mins, 9 secs, 593 ms
ANALYZE
Time: 0 hrs, 0 mins, 1 secs, 67 ms
END
Time: 0 hrs, 0 mins, 11 secs, 510 ms

Thu Dec 8 08:47:47 EST 2011

Timing is on.

            750 - LOAD_BN_SESSION_SUMMARY   

BEGIN
Time: 0 hrs, 0 mins, 3 secs, 538 ms
SET
Time: 0 hrs, 0 mins, 0 secs, 13 ms
CREATE TABLE
Time: 0 hrs, 0 mins, 10 secs, 766 ms
TRUNCATE
Time: 0 hrs, 0 mins, 4 secs, 17 ms
INSERT 0 1184492
Time: 0 hrs, 0 mins, 11 secs, 486 ms
ANALYZE
Time: 0 hrs, 0 mins, 0 secs, 861 ms
 count(1) 
----------
  1184492
(1 row)

Time: 0 hrs, 0 mins, 1 secs, 688 ms
END
Time: 0 hrs, 0 mins, 8 secs, 631 ms

Thu Dec 8 08:48:28 EST 2011

Timing is on.

           800 - LOAD_BN_HITS

BEGIN
Time: 0 hrs, 0 mins, 0 secs, 131 ms
SET
Time: 0 hrs, 0 mins, 0 secs, 6 ms
SET
Time: 0 hrs, 0 mins, 0 secs, 11 ms
SET
Time: 0 hrs, 0 mins, 0 secs, 10 ms
SET
Time: 0 hrs, 0 mins, 0 secs, 11 ms
TRUNCATE
Time: 0 hrs, 0 mins, 2 secs, 173 ms
INSERT 0 23668337
Time: 0 hrs, 0 mins, 18 secs, 286 ms
 count(1) 
----------
 23668337
(1 row)

Time: 0 hrs, 0 mins, 4 secs, 412 ms
ANALYZE
Time: 0 hrs, 0 mins, 4 secs, 324 ms
END
Time: 0 hrs, 0 mins, 31 secs, 643 ms

Thu Dec 8 08:49:29 EST 2011

Timing is on.

            900 - LOAD_CLICKSTREAM   

BEGIN
Time: 0 hrs, 0 mins, 0 secs, 288 ms
SET
Time: 0 hrs, 0 mins, 0 secs, 6 ms
TRUNCATE
Time: 0 hrs, 0 mins, 3 secs, 21 ms
INSERT 0 23668337
Time: 0 hrs, 1 mins, 24 secs, 399 ms
 count(1) 
----------
 23668337
(1 row)

Time: 0 hrs, 0 mins, 3 secs, 289 ms
ANALYZE
Time: 0 hrs, 0 mins, 1 secs, 643 ms
END
Time: 0 hrs, 0 mins, 26 secs, 965 ms

Thu Dec 8 08:51:29 EST 2011

Timing is on.

            1000 - PAGE_VIEW_SUMMARY  

BEGIN
Time: 0 hrs, 0 mins, 0 secs, 143 ms
SET
Time: 0 hrs, 0 mins, 0 secs, 6 ms
SET
Time: 0 hrs, 0 mins, 0 secs, 10 ms
TRUNCATE
Time: 0 hrs, 0 mins, 6 secs, 670 ms
INSERT 0 1617274
Time: 0 hrs, 0 mins, 16 secs, 706 ms
 count(1) 
----------
  1617274
(1 row)

Time: 0 hrs, 0 mins, 4 secs, 948 ms
ANALYZE
Time: 0 hrs, 0 mins, 1 secs, 908 ms
END
Time: 0 hrs, 0 mins, 11 secs, 664 ms

Thu Dec 8 08:52:12 EST 2011


2000 - WRAP UP 

Timing is on.
BEGIN
Time: 0 hrs, 0 mins, 4 secs, 469 ms
TRUNCATE
Time: 0 hrs, 0 mins, 1 secs, 135 ms
TRUNCATE
Time: 0 hrs, 0 mins, 1 secs, 589 ms
END
Time: 0 hrs, 0 mins, 9 secs, 882 ms
Thu Dec 8 08:52:29 EST 2011
Removing lock file and waiting for a minute
Total time taken:  37  minutes.
Running time of run.sh 20111206: 37 minutes
