Checking for lock file /tmp/.iislock
Acquired lock file /tmp/.iislock
-------------------------------------
Processing for 20110602
-------------------------------------

Fri Jul 22 13:56:33 EDT 2011

Timing is on.

           000 - INIT

BEGIN
Time: 0 hrs, 0 mins, 1 secs, 637 ms
*** Truncating staging tables before workflow starts ***
SET
Time: 0 hrs, 0 mins, 0 secs, 18 ms
GRANT
Time: 0 hrs, 0 mins, 4 secs, 664 ms
END
Time: 0 hrs, 0 mins, 5 secs, 960 ms

Fri Jul 22 13:56:45 EDT 2011

Timing is on.

            200 - LOAD_BN_IISLOGS   

BEGIN
Time: 0 hrs, 0 mins, 2 secs, 863 ms
SET
Time: 0 hrs, 0 mins, 0 secs, 10 ms
TRUNCATE
Time: 0 hrs, 0 mins, 2 secs, 853 ms
INSERT 0 78379632
Time: 0 hrs, 14 mins, 2 secs, 163 ms
END
Time: 0 hrs, 0 mins, 11 secs, 184 ms
ALTER TABLE
Time: 0 hrs, 0 mins, 5 secs, 508 ms

Fri Jul 22 14:11:10 EDT 2011

Timing is on.
BEGIN
Time: 0 hrs, 0 mins, 1 secs, 17 ms
SET
Time: 0 hrs, 0 mins, 0 secs, 9 ms

            250 - LOAD_BN_HITS_SP   

TRUNCATE
Time: 0 hrs, 0 mins, 1 secs, 893 ms
INSERT 0 28398750
Time: 0 hrs, 5 mins, 32 secs, 64 ms
ANALYZE
Time: 0 hrs, 1 mins, 36 secs, 220 ms
END
Time: 0 hrs, 0 mins, 34 secs, 414 ms

Fri Jul 22 14:18:56 EDT 2011

Timing is on.
BEGIN
Time: 0 hrs, 0 mins, 2 secs, 515 ms
SET
Time: 0 hrs, 0 mins, 0 secs, 11 ms

           300 - DYNAMIC FILTER

TRUNCATE
Time: 0 hrs, 0 mins, 9 secs, 928 ms
INSERT 0 18046937
Time: 0 hrs, 0 mins, 19 secs, 370 ms
ANALYZE
Time: 0 hrs, 0 mins, 0 secs, 537 ms
 Total records in web_click_cnt 
--------------------------------
                       18046937
(1 row)

Time: 0 hrs, 0 mins, 0 secs, 632 ms
CREATE TABLE
Time: 0 hrs, 4 mins, 16 secs, 585 ms
ANALYZE
Time: 0 hrs, 0 mins, 0 secs, 164 ms
CREATE TABLE
Time: 0 hrs, 0 mins, 3 secs, 119 ms
ANALYZE
Time: 0 hrs, 0 mins, 0 secs, 269 ms
DELETE 1
Time: 0 hrs, 0 mins, 0 secs, 722 ms
INSERT 0 1
Time: 0 hrs, 0 mins, 5 secs, 699 ms
DELETE 1
Time: 0 hrs, 0 mins, 0 secs, 152 ms
INSERT 0 1
Time: 0 hrs, 0 mins, 4 secs, 188 ms
CREATE TABLE
Time: 0 hrs, 1 mins, 57 secs, 446 ms
ANALYZE
Time: 0 hrs, 0 mins, 0 secs, 143 ms
CREATE TABLE
Time: 0 hrs, 0 mins, 1 secs, 307 ms
ANALYZE
Time: 0 hrs, 0 mins, 0 secs, 118 ms
DELETE 1
Time: 0 hrs, 0 mins, 0 secs, 263 ms
INSERT 0 1
Time: 0 hrs, 0 mins, 3 secs, 781 ms
DELETE 1
Time: 0 hrs, 0 mins, 0 secs, 139 ms
INSERT 0 1
Time: 0 hrs, 0 mins, 3 secs, 375 ms
ANALYZE
Time: 0 hrs, 0 mins, 0 secs, 364 ms
    tablename     |    attr_name    | attr_value 
------------------+-----------------+------------
 BN_FILTER_SPIDER | CLK_USER_SD_MPL | 10
 BN_FILTER_SPIDER | IP_USER_SD_MPL  | 1
 BN_FILTER_SPIDER | IP_USER_RATIO   | .955
 BN_FILTER_SPIDER | CLK_USER_MEAN   | 15.075
 BN_FILTER_SPIDER | CLK_USER_SD     | 351.601
 BN_FILTER_SPIDER | IP_USER_MEAN    | 19.987
 BN_FILTER_SPIDER | IP_USER_SD      | 3114.371
(7 rows)

Time: 0 hrs, 0 mins, 0 secs, 411 ms
CREATE TABLE
Time: 0 hrs, 15 mins, 57 secs, 943 ms
CREATE TABLE
Time: 0 hrs, 0 mins, 6 secs, 174 ms
 l_mean_sd_mpl 
---------------
      3531.085
(1 row)

Time: 0 hrs, 0 mins, 0 secs, 722 ms
TRUNCATE
Time: 0 hrs, 0 mins, 3 secs, 524 ms
INSERT 0 38
Time: 0 hrs, 0 mins, 55 secs, 332 ms
ANALYZE
Time: 0 hrs, 0 mins, 0 secs, 567 ms
 Total click_user bn_spider_ip records 
---------------------------------------
                                    38
(1 row)

Time: 0 hrs, 0 mins, 1 secs, 263 ms
CREATE TABLE
Time: 0 hrs, 0 mins, 6 secs, 950 ms
ANALYZE
Time: 0 hrs, 0 mins, 0 secs, 185 ms
CREATE TABLE
Time: 0 hrs, 0 mins, 8 secs, 172 ms
ANALYZE
Time: 0 hrs, 0 mins, 1 secs, 119 ms
DROP 
Time: 0 hrs, 0 mins, 0 secs, 231 ms
CREATE TABLE
Time: 0 hrs, 0 mins, 1 secs, 319 ms
 l_mean_sd_mpl | l_ratio 
---------------+---------
      3134.358 |   0.955
(1 row)

Time: 0 hrs, 0 mins, 1 secs, 107 ms
INSERT 0 14980476
Time: 0 hrs, 0 mins, 18 secs, 893 ms
ANALYZE
Time: 0 hrs, 0 mins, 0 secs, 368 ms
 Total ip_user_filter bn_spider_ip records 
-------------------------------------------
                                  14980476
(1 row)

Time: 0 hrs, 0 mins, 1 secs, 663 ms
TRUNCATE
Time: 0 hrs, 0 mins, 3 secs, 707 ms
INSERT 0 21607347
Time: 0 hrs, 0 mins, 46 secs, 699 ms
ANALYZE
Time: 0 hrs, 0 mins, 10 secs, 716 ms
 bn_hits_stage 
---------------
      21607347
(1 row)

Time: 0 hrs, 0 mins, 0 secs, 658 ms
INSERT 0 20288029
Time: 0 hrs, 3 mins, 19 secs, 30 ms
ANALYZE
Time: 0 hrs, 1 mins, 6 secs, 273 ms
 bn_hits_sp_20110602 
---------------------
            48686779
(1 row)

Time: 0 hrs, 0 mins, 23 secs, 359 ms
TRUNCATE
Time: 0 hrs, 0 mins, 3 secs, 662 ms
INSERT 0 8085506
Time: 0 hrs, 0 mins, 39 secs, 934 ms
ANALYZE
Time: 0 hrs, 0 mins, 3 secs, 801 ms
 bn_hits_client_20110602 
-------------------------
                 8085506
(1 row)

Time: 0 hrs, 0 mins, 0 secs, 384 ms
END
Time: 0 hrs, 2 mins, 52 secs, 3 ms

Fri Jul 22 14:53:23 EDT 2011

Timing is on.
BEGIN
Time: 0 hrs, 0 mins, 7 secs, 666 ms

           600 - LOAD RESOURCES

SET
Time: 0 hrs, 0 mins, 0 secs, 9 ms
CREATE TABLE
Time: 0 hrs, 3 mins, 34 secs, 30 ms
ANALYZE
Time: 0 hrs, 0 mins, 8 secs, 570 ms
 tmp_a_count 
-------------
      546703
(1 row)

Time: 0 hrs, 0 mins, 1 secs, 258 ms
UPDATE 0
Time: 0 hrs, 0 mins, 13 secs, 283 ms
ANALYZE
Time: 0 hrs, 0 mins, 2 secs, 65 ms
TRUNCATE
Time: 0 hrs, 0 mins, 6 secs, 913 ms
INSERT 0 198024
Time: 0 hrs, 1 mins, 5 secs, 556 ms
ANALYZE
Time: 0 hrs, 0 mins, 3 secs, 239 ms
 first_resource_id | last_resource_id 
-------------------+------------------
          28045238 |         28243261
(1 row)

Time: 0 hrs, 0 mins, 2 secs, 409 ms
INSERT 0 198024
Time: 0 hrs, 0 mins, 5 secs, 354 ms
 total_resources 
-----------------
        28218865
(1 row)

Time: 0 hrs, 0 mins, 20 secs, 217 ms
ANALYZE
Time: 0 hrs, 0 mins, 2 secs, 113 ms
END
Time: 0 hrs, 5 mins, 53 secs, 888 ms
VACUUM
Time: 0 hrs, 2 mins, 51 secs, 376 ms

Fri Jul 22 15:08:01 EDT 2011

Timing is on.

           650 - LOAD_BN_SESSION_STAGE

BEGIN
Time: 0 hrs, 0 mins, 2 secs, 584 ms
SET
Time: 0 hrs, 0 mins, 0 secs, 25 ms
SET
Time: 0 hrs, 0 mins, 0 secs, 41 ms
CREATE TABLE
Time: 0 hrs, 1 mins, 37 secs, 968 ms
ANALYZE
Time: 0 hrs, 0 mins, 26 secs, 298 ms
 tmp_sessionized_stage 
-----------------------
              21607347
(1 row)

Time: 0 hrs, 0 mins, 17 secs, 887 ms
TRUNCATE
Time: 0 hrs, 0 mins, 4 secs, 799 ms
INSERT 0 2634121
Time: 0 hrs, 1 mins, 4 secs, 210 ms
ANALYZE
Time: 0 hrs, 0 mins, 1 secs, 583 ms
CREATE TABLE
Time: 0 hrs, 3 mins, 27 secs, 120 ms
CREATE INDEX
Time: 0 hrs, 0 mins, 4 secs, 892 ms
 tmp_first_last 
----------------
        2634121
(1 row)

Time: 0 hrs, 0 mins, 0 secs, 366 ms
ANALYZE
Time: 0 hrs, 0 mins, 1 secs, 322 ms
SET
Time: 0 hrs, 0 mins, 0 secs, 68 ms
SET
Time: 0 hrs, 0 mins, 0 secs, 40 ms
TRUNCATE
Time: 0 hrs, 0 mins, 8 secs, 950 ms
DROP
Time: 0 hrs, 0 mins, 1 secs, 557 ms
INSERT 0 2634121
Time: 0 hrs, 0 mins, 37 secs, 866 ms
 bn_session_stage 
------------------
          2634121
(1 row)

Time: 0 hrs, 0 mins, 7 secs, 230 ms
CREATE INDEX
Time: 0 hrs, 0 mins, 4 secs, 661 ms
ANALYZE
Time: 0 hrs, 0 mins, 3 secs, 789 ms
TRUNCATE
Time: 0 hrs, 0 mins, 8 secs, 41 ms
END
Time: 0 hrs, 0 mins, 47 secs, 11 ms

Fri Jul 22 15:17:10 EDT 2011

BEGIN

           660 - LOAD_BN_SESSION_UPDATE_STAGE

SET
TRUNCATE
INSERT 0 0
END

Fri Jul 22 15:17:23 EDT 2011

Timing is on.

           670 - LOAD_BN_SESSION_20110602.UPDATES

BEGIN
Time: 0 hrs, 0 mins, 1 secs, 718 ms
SET
Time: 0 hrs, 0 mins, 0 secs, 9 ms
UPDATE 0
Time: 0 hrs, 0 mins, 0 secs, 722 ms
END
Time: 0 hrs, 0 mins, 3 secs, 837 ms
VACUUM
Time: 0 hrs, 0 mins, 27 secs, 527 ms

Fri Jul 22 15:17:57 EDT 2011

Timing is on.

           700 - LOAD_BN_SESSION

BEGIN
Time: 0 hrs, 0 mins, 1 secs, 811 ms
SET
Time: 0 hrs, 0 mins, 0 secs, 10 ms
INSERT 0 2634121
Time: 0 hrs, 0 mins, 20 secs, 918 ms
ANALYZE
Time: 0 hrs, 0 mins, 1 secs, 640 ms
END
Time: 0 hrs, 0 mins, 7 secs, 202 ms

Fri Jul 22 15:18:29 EDT 2011

Timing is on.

            750 - LOAD_BN_SESSION_SUMMARY   

BEGIN
Time: 0 hrs, 0 mins, 4 secs, 677 ms
SET
Time: 0 hrs, 0 mins, 0 secs, 10 ms
CREATE TABLE
Time: 0 hrs, 1 mins, 21 secs, 283 ms
TRUNCATE
Time: 0 hrs, 0 mins, 5 secs, 188 ms
INSERT 0 355587
Time: 0 hrs, 0 mins, 8 secs, 424 ms
ANALYZE
Time: 0 hrs, 0 mins, 1 secs, 59 ms
 count(1) 
----------
   355587
(1 row)

Time: 0 hrs, 0 mins, 0 secs, 561 ms
END
Time: 0 hrs, 0 mins, 6 secs, 74 ms

Fri Jul 22 15:20:17 EDT 2011

Timing is on.

           800 - LOAD_BN_HITS

BEGIN
Time: 0 hrs, 0 mins, 1 secs, 161 ms
SET
Time: 0 hrs, 0 mins, 0 secs, 14 ms
SET
Time: 0 hrs, 0 mins, 0 secs, 238 ms
SET
Time: 0 hrs, 0 mins, 0 secs, 31 ms
SET
Time: 0 hrs, 0 mins, 0 secs, 27 ms
TRUNCATE
Time: 0 hrs, 0 mins, 2 secs, 1 ms
INSERT 0 21607347
Time: 0 hrs, 0 mins, 9 secs, 343 ms
 count(1) 
----------
 21607347
(1 row)

Time: 0 hrs, 0 mins, 3 secs, 345 ms
ANALYZE
Time: 0 hrs, 0 mins, 3 secs, 124 ms
END
Time: 0 hrs, 0 mins, 28 secs, 839 ms

Fri Jul 22 15:21:05 EDT 2011

Timing is on.

            900 - LOAD_CLICKSTREAM   

BEGIN
Time: 0 hrs, 0 mins, 2 secs, 291 ms
SET
Time: 0 hrs, 0 mins, 0 secs, 10 ms
TRUNCATE
Time: 0 hrs, 0 mins, 3 secs, 451 ms
INSERT 0 21607347
Time: 0 hrs, 3 mins, 44 secs, 720 ms
 count(1) 
----------
 21607347
(1 row)

Time: 0 hrs, 0 mins, 1 secs, 310 ms
ANALYZE
Time: 0 hrs, 0 mins, 1 secs, 521 ms
END
Time: 0 hrs, 0 mins, 13 secs, 458 ms

Fri Jul 22 15:25:12 EDT 2011

Timing is on.

            1000 - PAGE_VIEW_SUMMARY  

BEGIN
Time: 0 hrs, 0 mins, 2 secs, 701 ms
SET
Time: 0 hrs, 0 mins, 0 secs, 10 ms
SET
Time: 0 hrs, 0 mins, 0 secs, 71 ms
TRUNCATE
Time: 0 hrs, 0 mins, 0 secs, 515 ms
INSERT 0 567253
Time: 0 hrs, 0 mins, 7 secs, 119 ms
 count(1) 
----------
   567253
(1 row)

Time: 0 hrs, 0 mins, 0 secs, 239 ms
ANALYZE
Time: 0 hrs, 0 mins, 0 secs, 199 ms
END
Time: 0 hrs, 0 mins, 4 secs, 979 ms

Fri Jul 22 15:25:28 EDT 2011


2000 - WRAP UP 

Timing is on.
BEGIN
Time: 0 hrs, 0 mins, 1 secs, 362 ms
TRUNCATE
Time: 0 hrs, 0 mins, 0 secs, 507 ms
TRUNCATE
Time: 0 hrs, 0 mins, 0 secs, 251 ms
END
Time: 0 hrs, 0 mins, 3 secs, 511 ms
Fri Jul 22 15:25:34 EDT 2011
Removing lock file and waiting for a minute
Total time taken:  90  minutes.
