Checking for lock file /tmp/.iislock
Acquired lock file /tmp/.iislock
deleting simple.htm records - these are just server testing...
DELETE 5779358
-------------------------------------
Processing for 20111114
-------------------------------------

Tue Nov 15 07:54:29 EST 2011

Timing is on.

           000 - INIT

BEGIN
Time: 0 hrs, 0 mins, 3 secs, 741 ms
*** Truncating staging tables before workflow starts ***
SET
Time: 0 hrs, 0 mins, 0 secs, 9 ms
GRANT
Time: 0 hrs, 0 mins, 21 secs, 34 ms
END
Time: 0 hrs, 0 mins, 31 secs, 447 ms

Tue Nov 15 07:55:26 EST 2011

Timing is on.

            200 - LOAD_BN_IISLOGS   

BEGIN
Time: 0 hrs, 0 mins, 7 secs, 86 ms
SET
Time: 0 hrs, 0 mins, 0 secs, 7 ms
TRUNCATE
Time: 0 hrs, 0 mins, 1 secs, 792 ms
INSERT 0 53686280
Time: 0 hrs, 10 mins, 14 secs, 340 ms
END
Time: 0 hrs, 0 mins, 42 secs, 761 ms
ALTER TABLE
Time: 0 hrs, 3 mins, 59 secs, 727 ms

Tue Nov 15 08:10:32 EST 2011

Timing is on.
BEGIN
Time: 0 hrs, 0 mins, 3 secs, 455 ms
SET
Time: 0 hrs, 0 mins, 0 secs, 9 ms

            250 - LOAD_BN_HITS_SP   

TRUNCATE
Time: 0 hrs, 0 mins, 14 secs, 885 ms
INSERT 0 17740659
Time: 0 hrs, 1 mins, 59 secs, 602 ms
ANALYZE
Time: 0 hrs, 0 mins, 3 secs, 867 ms
END
Time: 0 hrs, 0 mins, 10 secs, 654 ms

Tue Nov 15 08:13:05 EST 2011

Timing is on.
BEGIN
Time: 0 hrs, 0 mins, 0 secs, 160 ms
SET
Time: 0 hrs, 0 mins, 0 secs, 6 ms

           300 - DYNAMIC FILTER

TRUNCATE
Time: 0 hrs, 0 mins, 1 secs, 869 ms
INSERT 0 18757766
Time: 0 hrs, 0 mins, 3 secs, 673 ms
ANALYZE
Time: 0 hrs, 0 mins, 2 secs, 520 ms
 Total records in web_click_cnt 
--------------------------------
                       18757766
(1 row)

Time: 0 hrs, 0 mins, 2 secs, 504 ms
CREATE TABLE
Time: 0 hrs, 0 mins, 7 secs, 11 ms
ANALYZE
Time: 0 hrs, 0 mins, 0 secs, 45 ms
CREATE TABLE
Time: 0 hrs, 0 mins, 3 secs, 304 ms
ANALYZE
Time: 0 hrs, 0 mins, 0 secs, 363 ms
DELETE 1
Time: 0 hrs, 0 mins, 1 secs, 966 ms
INSERT 0 1
Time: 0 hrs, 0 mins, 0 secs, 512 ms
DELETE 1
Time: 0 hrs, 0 mins, 0 secs, 480 ms
INSERT 0 1
Time: 0 hrs, 0 mins, 0 secs, 130 ms
CREATE TABLE
Time: 0 hrs, 0 mins, 2 secs, 227 ms
ANALYZE
Time: 0 hrs, 0 mins, 0 secs, 30 ms
CREATE TABLE
Time: 0 hrs, 0 mins, 0 secs, 278 ms
ANALYZE
Time: 0 hrs, 0 mins, 0 secs, 34 ms
DELETE 1
Time: 0 hrs, 0 mins, 0 secs, 57 ms
INSERT 0 1
Time: 0 hrs, 0 mins, 0 secs, 235 ms
DELETE 1
Time: 0 hrs, 0 mins, 0 secs, 99 ms
INSERT 0 1
Time: 0 hrs, 0 mins, 0 secs, 450 ms
ANALYZE
Time: 0 hrs, 0 mins, 1 secs, 131 ms
    tablename     |    attr_name    | attr_value 
------------------+-----------------+------------
 BN_FILTER_SPIDER | CLK_USER_SD_MPL | 10
 BN_FILTER_SPIDER | IP_USER_SD_MPL  | 1
 BN_FILTER_SPIDER | IP_USER_RATIO   | .955
 BN_FILTER_SPIDER | CLK_USER_MEAN   | 10.169
 BN_FILTER_SPIDER | CLK_USER_SD     | 35.753
 BN_FILTER_SPIDER | IP_USER_MEAN    | 20.322
 BN_FILTER_SPIDER | IP_USER_SD      | 1691.445
(7 rows)

Time: 0 hrs, 0 mins, 1 secs, 755 ms
CREATE TABLE
Time: 0 hrs, 0 mins, 5 secs, 534 ms
CREATE TABLE
Time: 0 hrs, 0 mins, 2 secs, 257 ms
 l_mean_sd_mpl 
---------------
       367.699
(1 row)

Time: 0 hrs, 0 mins, 1 secs, 249 ms
TRUNCATE
Time: 0 hrs, 0 mins, 6 secs, 435 ms
INSERT 0 476
Time: 0 hrs, 0 mins, 11 secs, 108 ms
ANALYZE
Time: 0 hrs, 0 mins, 0 secs, 911 ms
 Total click_user bn_spider_ip records 
---------------------------------------
                                   476
(1 row)

Time: 0 hrs, 0 mins, 0 secs, 233 ms
CREATE TABLE
Time: 0 hrs, 0 mins, 3 secs, 348 ms
ANALYZE
Time: 0 hrs, 0 mins, 0 secs, 25 ms
CREATE TABLE
Time: 0 hrs, 0 mins, 1 secs, 637 ms
ANALYZE
Time: 0 hrs, 0 mins, 0 secs, 42 ms
DROP 
Time: 0 hrs, 0 mins, 0 secs, 95 ms
CREATE TABLE
Time: 0 hrs, 0 mins, 0 secs, 243 ms
 l_mean_sd_mpl | l_ratio 
---------------+---------
      1711.767 |   0.955
(1 row)

Time: 0 hrs, 0 mins, 0 secs, 239 ms
INSERT 0 15799053
Time: 0 hrs, 0 mins, 8 secs, 211 ms
ANALYZE
Time: 0 hrs, 0 mins, 0 secs, 186 ms
 Total ip_user_filter bn_spider_ip records 
-------------------------------------------
                                  15799053
(1 row)

Time: 0 hrs, 0 mins, 0 secs, 782 ms
TRUNCATE
Time: 0 hrs, 0 mins, 5 secs, 694 ms
INSERT 0 16128170
Time: 0 hrs, 0 mins, 19 secs, 861 ms
ANALYZE
Time: 0 hrs, 0 mins, 8 secs, 603 ms
 bn_hits_stage 
---------------
      16128170
(1 row)

Time: 0 hrs, 0 mins, 0 secs, 300 ms
INSERT 0 16345790
Time: 0 hrs, 0 mins, 30 secs, 502 ms
ANALYZE
Time: 0 hrs, 0 mins, 4 secs, 365 ms
 bn_hits_sp_20111114 
---------------------
            34086449
(1 row)

Time: 0 hrs, 0 mins, 5 secs, 501 ms
TRUNCATE
Time: 0 hrs, 0 mins, 9 secs, 308 ms
INSERT 0 3471661
Time: 0 hrs, 0 mins, 3 secs, 906 ms
ANALYZE
Time: 0 hrs, 0 mins, 2 secs, 354 ms
 bn_hits_client_20111114 
-------------------------
                 3471661
(1 row)

Time: 0 hrs, 0 mins, 0 secs, 991 ms
END
Time: 0 hrs, 0 mins, 14 secs, 364 ms

Tue Nov 15 08:16:04 EST 2011

Timing is on.
BEGIN
Time: 0 hrs, 0 mins, 0 secs, 194 ms

           600 - LOAD RESOURCES

SET
Time: 0 hrs, 0 mins, 0 secs, 6 ms
CREATE TABLE
Time: 0 hrs, 0 mins, 35 secs, 538 ms
ANALYZE
Time: 0 hrs, 0 mins, 0 secs, 647 ms
 tmp_a_count 
-------------
      453184
(1 row)

Time: 0 hrs, 0 mins, 1 secs, 564 ms
UPDATE 0
Time: 0 hrs, 0 mins, 8 secs, 56 ms
ANALYZE
Time: 0 hrs, 0 mins, 1 secs, 902 ms
TRUNCATE
Time: 0 hrs, 0 mins, 5 secs, 150 ms
INSERT 0 136044
Time: 0 hrs, 0 mins, 29 secs, 358 ms
ANALYZE
Time: 0 hrs, 0 mins, 1 secs, 568 ms
 first_resource_id | last_resource_id 
-------------------+------------------
          53833491 |         53969534
(1 row)

Time: 0 hrs, 0 mins, 0 secs, 339 ms
INSERT 0 136044
Time: 0 hrs, 0 mins, 2 secs, 828 ms
 total_resources 
-----------------
        53945101
(1 row)

Time: 0 hrs, 0 mins, 1 secs, 221 ms
ANALYZE
Time: 0 hrs, 0 mins, 1 secs, 351 ms
END
Time: 0 hrs, 0 mins, 9 secs, 977 ms
VACUUM
Time: 0 hrs, 0 mins, 21 secs, 666 ms

Tue Nov 15 08:18:06 EST 2011

Timing is on.

           650 - LOAD_BN_SESSION_STAGE

BEGIN
Time: 0 hrs, 0 mins, 0 secs, 168 ms
SET
Time: 0 hrs, 0 mins, 0 secs, 8 ms
SET
Time: 0 hrs, 0 mins, 0 secs, 12 ms
CREATE TABLE
Time: 0 hrs, 0 mins, 29 secs, 909 ms
ANALYZE
Time: 0 hrs, 0 mins, 2 secs, 784 ms
 tmp_sessionized_stage 
-----------------------
              16128170
(1 row)

Time: 0 hrs, 0 mins, 0 secs, 542 ms
TRUNCATE
Time: 0 hrs, 0 mins, 4 secs, 354 ms
INSERT 0 2501583
Time: 0 hrs, 1 mins, 11 secs, 350 ms
ANALYZE
Time: 0 hrs, 0 mins, 3 secs, 827 ms
CREATE TABLE
Time: 0 hrs, 1 mins, 34 secs, 397 ms
CREATE INDEX
Time: 0 hrs, 0 mins, 0 secs, 542 ms
 tmp_first_last 
----------------
        2501583
(1 row)

Time: 0 hrs, 0 mins, 0 secs, 415 ms
ANALYZE
Time: 0 hrs, 0 mins, 0 secs, 843 ms
SET
Time: 0 hrs, 0 mins, 0 secs, 13 ms
SET
Time: 0 hrs, 0 mins, 0 secs, 13 ms
TRUNCATE
Time: 0 hrs, 0 mins, 16 secs, 324 ms
DROP 
Time: 0 hrs, 0 mins, 0 secs, 892 ms
INSERT 0 2501583
Time: 0 hrs, 0 mins, 5 secs, 603 ms
 bn_session_stage 
------------------
          2501583
(1 row)

Time: 0 hrs, 0 mins, 7 secs, 202 ms
CREATE INDEX
Time: 0 hrs, 0 mins, 3 secs, 127 ms
ANALYZE
Time: 0 hrs, 0 mins, 0 secs, 837 ms
TRUNCATE
Time: 0 hrs, 0 mins, 3 secs, 596 ms
END
Time: 0 hrs, 0 mins, 4 secs, 7 ms

Tue Nov 15 08:22:17 EST 2011

BEGIN

           660 - LOAD_BN_SESSION_UPDATE_STAGE

SET
TRUNCATE
INSERT 0 0
END

Tue Nov 15 08:22:31 EST 2011

Timing is on.

           670 - LOAD_BN_SESSION_20111114.UPDATES

BEGIN
Time: 0 hrs, 0 mins, 0 secs, 172 ms
SET
Time: 0 hrs, 0 mins, 0 secs, 6 ms
UPDATE 0
Time: 0 hrs, 0 mins, 0 secs, 177 ms
END
Time: 0 hrs, 0 mins, 14 secs, 626 ms
VACUUM
Time: 0 hrs, 0 mins, 14 secs, 885 ms

Tue Nov 15 08:23:02 EST 2011

Timing is on.

           700 - LOAD_BN_SESSION

BEGIN
Time: 0 hrs, 0 mins, 1 secs, 577 ms
SET
Time: 0 hrs, 0 mins, 0 secs, 7 ms
INSERT 0 2501583
Time: 0 hrs, 0 mins, 9 secs, 101 ms
ANALYZE
Time: 0 hrs, 0 mins, 1 secs, 168 ms
END
Time: 0 hrs, 0 mins, 21 secs, 62 ms

Tue Nov 15 08:23:35 EST 2011

Timing is on.

            750 - LOAD_BN_SESSION_SUMMARY   

BEGIN
Time: 0 hrs, 0 mins, 0 secs, 468 ms
SET
Time: 0 hrs, 0 mins, 0 secs, 5 ms
CREATE TABLE
Time: 0 hrs, 0 mins, 15 secs, 98 ms
TRUNCATE
Time: 0 hrs, 0 mins, 3 secs, 748 ms
INSERT 0 351254
Time: 0 hrs, 0 mins, 5 secs, 452 ms
ANALYZE
Time: 0 hrs, 0 mins, 0 secs, 605 ms
 count(1) 
----------
   351254
(1 row)

Time: 0 hrs, 0 mins, 0 secs, 629 ms
END
Time: 0 hrs, 0 mins, 4 secs, 30 ms

Tue Nov 15 08:24:05 EST 2011

Timing is on.

           800 - LOAD_BN_HITS

BEGIN
Time: 0 hrs, 0 mins, 0 secs, 121 ms
SET
Time: 0 hrs, 0 mins, 0 secs, 5 ms
SET
Time: 0 hrs, 0 mins, 0 secs, 11 ms
SET
Time: 0 hrs, 0 mins, 0 secs, 10 ms
SET
Time: 0 hrs, 0 mins, 0 secs, 12 ms
TRUNCATE
Time: 0 hrs, 0 mins, 1 secs, 379 ms
INSERT 0 16128170
Time: 0 hrs, 0 mins, 3 secs, 908 ms
 count(1) 
----------
 16128170
(1 row)

Time: 0 hrs, 0 mins, 6 secs, 363 ms
ANALYZE
Time: 0 hrs, 0 mins, 3 secs, 756 ms
END
Time: 0 hrs, 0 mins, 15 secs, 161 ms

Tue Nov 15 08:24:36 EST 2011

Timing is on.

            900 - LOAD_CLICKSTREAM   

BEGIN
Time: 0 hrs, 0 mins, 3 secs, 148 ms
SET
Time: 0 hrs, 0 mins, 0 secs, 7 ms
TRUNCATE
Time: 0 hrs, 0 mins, 3 secs, 382 ms
INSERT 0 16128170
Time: 0 hrs, 0 mins, 54 secs, 249 ms
 count(1) 
----------
 16128170
(1 row)

Time: 0 hrs, 0 mins, 2 secs, 826 ms
ANALYZE
Time: 0 hrs, 0 mins, 1 secs, 446 ms
END
Time: 0 hrs, 0 mins, 26 secs, 472 ms

Tue Nov 15 08:26:08 EST 2011

Timing is on.

            1000 - PAGE_VIEW_SUMMARY  

BEGIN
Time: 0 hrs, 0 mins, 0 secs, 156 ms
SET
Time: 0 hrs, 0 mins, 0 secs, 7 ms
SET
Time: 0 hrs, 0 mins, 0 secs, 12 ms
TRUNCATE
Time: 0 hrs, 0 mins, 3 secs, 166 ms
INSERT 0 461652
Time: 0 hrs, 0 mins, 3 secs, 602 ms
 count(1) 
----------
   461652
(1 row)

Time: 0 hrs, 0 mins, 0 secs, 131 ms
ANALYZE
Time: 0 hrs, 0 mins, 0 secs, 65 ms
END
Time: 0 hrs, 0 mins, 4 secs, 243 ms

Tue Nov 15 08:26:20 EST 2011


2000 - WRAP UP 

Timing is on.
BEGIN
Time: 0 hrs, 0 mins, 0 secs, 810 ms
TRUNCATE
Time: 0 hrs, 0 mins, 0 secs, 471 ms
TRUNCATE
Time: 0 hrs, 0 mins, 0 secs, 405 ms
END
Time: 0 hrs, 0 mins, 2 secs, 207 ms
Tue Nov 15 08:26:24 EST 2011
Removing lock file and waiting for a minute
Total time taken:  35  minutes.
Running time of run.sh 20111114: 2130 seconds
Checking for lock file /tmp/.iislock
Acquired lock file /tmp/.iislock
deleting simple.htm records - these are just server testing...
DELETE 14
-------------------------------------
Processing for 20111114
-------------------------------------

Wed Nov 16 08:45:55 EST 2011

Timing is on.

           000 - INIT

BEGIN
Time: 0 hrs, 0 mins, 0 secs, 121 ms
*** Truncating staging tables before workflow starts ***
SET
Time: 0 hrs, 0 mins, 0 secs, 5 ms
GRANT
Time: 0 hrs, 0 mins, 13 secs, 4 ms
END
Time: 0 hrs, 0 mins, 9 secs, 849 ms

Wed Nov 16 08:46:18 EST 2011

Timing is on.

            200 - LOAD_BN_IISLOGS   

BEGIN
Time: 0 hrs, 0 mins, 0 secs, 175 ms
SET
Time: 0 hrs, 0 mins, 0 secs, 6 ms
TRUNCATE
Time: 0 hrs, 0 mins, 1 secs, 240 ms
INSERT 0 71950365
Time: 0 hrs, 8 mins, 6 secs, 872 ms
END
Time: 0 hrs, 0 mins, 11 secs, 603 ms
ALTER TABLE
Time: 0 hrs, 0 mins, 8 secs, 159 ms

Wed Nov 16 08:54:46 EST 2011

Timing is on.
BEGIN
Time: 0 hrs, 0 mins, 0 secs, 339 ms
SET
Time: 0 hrs, 0 mins, 0 secs, 6 ms

            250 - LOAD_BN_HITS_SP   

TRUNCATE
Time: 0 hrs, 0 mins, 4 secs, 610 ms
INSERT 0 23466501
Time: 0 hrs, 2 mins, 29 secs, 249 ms
ANALYZE
Time: 0 hrs, 0 mins, 2 secs, 763 ms
END
Time: 0 hrs, 0 mins, 7 secs, 293 ms

Wed Nov 16 08:57:31 EST 2011

Timing is on.
BEGIN
Time: 0 hrs, 0 mins, 0 secs, 142 ms
SET
Time: 0 hrs, 0 mins, 0 secs, 6 ms

           300 - DYNAMIC FILTER

TRUNCATE
Time: 0 hrs, 0 mins, 0 secs, 372 ms
INSERT 0 23756490
Time: 0 hrs, 0 mins, 2 secs, 365 ms
ANALYZE
Time: 0 hrs, 0 mins, 1 secs, 79 ms
 Total records in web_click_cnt 
--------------------------------
                       23756490
(1 row)

Time: 0 hrs, 0 mins, 0 secs, 933 ms
CREATE TABLE
Time: 0 hrs, 0 mins, 3 secs, 468 ms
ANALYZE
Time: 0 hrs, 0 mins, 0 secs, 48 ms
CREATE TABLE
Time: 0 hrs, 0 mins, 0 secs, 162 ms
ANALYZE
Time: 0 hrs, 0 mins, 0 secs, 42 ms
DELETE 1
Time: 0 hrs, 0 mins, 0 secs, 68 ms
INSERT 0 1
Time: 0 hrs, 0 mins, 0 secs, 118 ms
DELETE 1
Time: 0 hrs, 0 mins, 0 secs, 61 ms
INSERT 0 1
Time: 0 hrs, 0 mins, 0 secs, 142 ms
CREATE TABLE
Time: 0 hrs, 0 mins, 0 secs, 597 ms
ANALYZE
Time: 0 hrs, 0 mins, 0 secs, 43 ms
CREATE TABLE
Time: 0 hrs, 0 mins, 0 secs, 180 ms
ANALYZE
Time: 0 hrs, 0 mins, 0 secs, 42 ms
DELETE 1
Time: 0 hrs, 0 mins, 0 secs, 62 ms
INSERT 0 1
Time: 0 hrs, 0 mins, 0 secs, 169 ms
DELETE 1
Time: 0 hrs, 0 mins, 0 secs, 63 ms
INSERT 0 1
Time: 0 hrs, 0 mins, 0 secs, 138 ms
ANALYZE
Time: 0 hrs, 0 mins, 0 secs, 145 ms
    tablename     |    attr_name    | attr_value 
------------------+-----------------+------------
 BN_FILTER_SPIDER | CLK_USER_SD_MPL | 10
 BN_FILTER_SPIDER | IP_USER_SD_MPL  | 1
 BN_FILTER_SPIDER | IP_USER_RATIO   | .955
 BN_FILTER_SPIDER | CLK_USER_MEAN   | 10.784
 BN_FILTER_SPIDER | CLK_USER_SD     | 35.256
 BN_FILTER_SPIDER | IP_USER_MEAN    | 19.302
 BN_FILTER_SPIDER | IP_USER_SD      | 1850.143
(7 rows)

Time: 0 hrs, 0 mins, 0 secs, 101 ms
CREATE TABLE
Time: 0 hrs, 0 mins, 2 secs, 329 ms
CREATE TABLE
Time: 0 hrs, 0 mins, 0 secs, 616 ms
 l_mean_sd_mpl 
---------------
       363.344
(1 row)

Time: 0 hrs, 0 mins, 0 secs, 69 ms
TRUNCATE
Time: 0 hrs, 0 mins, 0 secs, 283 ms
INSERT 0 684
Time: 0 hrs, 0 mins, 5 secs, 981 ms
ANALYZE
Time: 0 hrs, 0 mins, 0 secs, 775 ms
 Total click_user bn_spider_ip records 
---------------------------------------
                                   684
(1 row)

Time: 0 hrs, 0 mins, 0 secs, 312 ms
CREATE TABLE
Time: 0 hrs, 0 mins, 0 secs, 845 ms
ANALYZE
Time: 0 hrs, 0 mins, 0 secs, 27 ms
CREATE TABLE
Time: 0 hrs, 0 mins, 0 secs, 635 ms
ANALYZE
Time: 0 hrs, 0 mins, 0 secs, 44 ms
DROP 
Time: 0 hrs, 0 mins, 0 secs, 105 ms
CREATE TABLE
Time: 0 hrs, 0 mins, 0 secs, 711 ms
 l_mean_sd_mpl | l_ratio 
---------------+---------
      1869.445 |   0.955
(1 row)

Time: 0 hrs, 0 mins, 0 secs, 995 ms
INSERT 0 19929218
Time: 0 hrs, 0 mins, 4 secs, 332 ms
ANALYZE
Time: 0 hrs, 0 mins, 0 secs, 205 ms
 Total ip_user_filter bn_spider_ip records 
-------------------------------------------
                                  19929218
(1 row)

Time: 0 hrs, 0 mins, 0 secs, 678 ms
TRUNCATE
Time: 0 hrs, 0 mins, 2 secs, 909 ms
INSERT 0 22101897
Time: 0 hrs, 0 mins, 28 secs, 370 ms
ANALYZE
Time: 0 hrs, 0 mins, 3 secs, 476 ms
 bn_hits_stage 
---------------
      22101897
(1 row)

Time: 0 hrs, 0 mins, 2 secs, 92 ms
INSERT 0 20689157
Time: 0 hrs, 0 mins, 35 secs, 133 ms
ANALYZE
Time: 0 hrs, 0 mins, 3 secs, 824 ms
 bn_hits_sp_20111114 
---------------------
            44155658
(1 row)

Time: 0 hrs, 0 mins, 2 secs, 458 ms
TRUNCATE
Time: 0 hrs, 0 mins, 4 secs, 57 ms
INSERT 0 5692810
Time: 0 hrs, 0 mins, 5 secs, 31 ms
ANALYZE
Time: 0 hrs, 0 mins, 2 secs, 893 ms
 bn_hits_client_20111114 
-------------------------
                 5692810
(1 row)

Time: 0 hrs, 0 mins, 0 secs, 336 ms
END
Time: 0 hrs, 0 mins, 4 secs, 768 ms

Wed Nov 16 08:59:36 EST 2011

Timing is on.
BEGIN
Time: 0 hrs, 0 mins, 0 secs, 143 ms

           600 - LOAD RESOURCES

SET
Time: 0 hrs, 0 mins, 0 secs, 6 ms
CREATE TABLE
Time: 0 hrs, 0 mins, 29 secs, 210 ms
ANALYZE
Time: 0 hrs, 0 mins, 0 secs, 419 ms
 tmp_a_count 
-------------
      548107
(1 row)

Time: 0 hrs, 0 mins, 0 secs, 131 ms
UPDATE 0
Time: 0 hrs, 0 mins, 1 secs, 743 ms
ANALYZE
Time: 0 hrs, 0 mins, 0 secs, 487 ms
TRUNCATE
Time: 0 hrs, 0 mins, 0 secs, 347 ms
INSERT 0 36680
Time: 0 hrs, 0 mins, 8 secs, 507 ms
ANALYZE
Time: 0 hrs, 0 mins, 1 secs, 784 ms
 first_resource_id | last_resource_id 
-------------------+------------------
          54138218 |         54174897
(1 row)

Time: 0 hrs, 0 mins, 0 secs, 226 ms
INSERT 0 36680
Time: 0 hrs, 0 mins, 0 secs, 349 ms
 total_resources 
-----------------
        54150464
(1 row)

Time: 0 hrs, 0 mins, 0 secs, 304 ms
ANALYZE
Time: 0 hrs, 0 mins, 0 secs, 432 ms
END
Time: 0 hrs, 0 mins, 5 secs, 756 ms
VACUUM
Time: 0 hrs, 0 mins, 18 secs, 719 ms

Wed Nov 16 09:00:44 EST 2011

Timing is on.

           650 - LOAD_BN_SESSION_STAGE

BEGIN
Time: 0 hrs, 0 mins, 0 secs, 130 ms
SET
Time: 0 hrs, 0 mins, 0 secs, 5 ms
SET
Time: 0 hrs, 0 mins, 0 secs, 11 ms
CREATE TABLE
Time: 0 hrs, 1 mins, 16 secs, 771 ms
ANALYZE
Time: 0 hrs, 0 mins, 5 secs, 168 ms
 tmp_sessionized_stage 
-----------------------
              22101897
(1 row)

Time: 0 hrs, 0 mins, 5 secs, 620 ms
TRUNCATE
Time: 0 hrs, 0 mins, 3 secs, 528 ms
INSERT 0 3242793
Time: 0 hrs, 2 mins, 9 secs, 602 ms
ANALYZE
Time: 0 hrs, 0 mins, 3 secs, 803 ms
CREATE TABLE
Time: 0 hrs, 5 mins, 12 secs, 97 ms
CREATE INDEX
Time: 0 hrs, 0 mins, 1 secs, 800 ms
 tmp_first_last 
----------------
        3242793
(1 row)

Time: 0 hrs, 0 mins, 1 secs, 447 ms
ANALYZE
Time: 0 hrs, 0 mins, 1 secs, 477 ms
SET
Time: 0 hrs, 0 mins, 0 secs, 17 ms
SET
Time: 0 hrs, 0 mins, 0 secs, 17 ms
TRUNCATE
Time: 0 hrs, 0 mins, 6 secs, 832 ms
DROP 
Time: 0 hrs, 0 mins, 0 secs, 714 ms
INSERT 0 3242793
Time: 0 hrs, 0 mins, 7 secs, 923 ms
 bn_session_stage 
------------------
          3242793
(1 row)

Time: 0 hrs, 0 mins, 0 secs, 933 ms
CREATE INDEX
Time: 0 hrs, 0 mins, 6 secs, 834 ms
ANALYZE
Time: 0 hrs, 0 mins, 0 secs, 915 ms
TRUNCATE
Time: 0 hrs, 0 mins, 5 secs, 400 ms
END
Time: 0 hrs, 0 mins, 11 secs, 887 ms

Wed Nov 16 09:10:28 EST 2011

BEGIN

           660 - LOAD_BN_SESSION_UPDATE_STAGE

SET
TRUNCATE
INSERT 0 0
END

Wed Nov 16 09:10:44 EST 2011

Timing is on.

           670 - LOAD_BN_SESSION_20111114.UPDATES

BEGIN
Time: 0 hrs, 0 mins, 0 secs, 144 ms
SET
Time: 0 hrs, 0 mins, 0 secs, 6 ms
UPDATE 0
Time: 0 hrs, 0 mins, 0 secs, 182 ms
END
Time: 0 hrs, 0 mins, 10 secs, 235 ms
VACUUM
Time: 0 hrs, 0 mins, 15 secs, 411 ms

Wed Nov 16 09:11:11 EST 2011

Timing is on.

           700 - LOAD_BN_SESSION

BEGIN
Time: 0 hrs, 0 mins, 2 secs, 644 ms
SET
Time: 0 hrs, 0 mins, 0 secs, 7 ms
INSERT 0 3242793
Time: 0 hrs, 0 mins, 35 secs, 811 ms
ANALYZE
Time: 0 hrs, 0 mins, 1 secs, 222 ms
END
Time: 0 hrs, 0 mins, 37 secs, 271 ms

Wed Nov 16 09:12:28 EST 2011

Timing is on.

            750 - LOAD_BN_SESSION_SUMMARY   

BEGIN
Time: 0 hrs, 0 mins, 8 secs, 774 ms
SET
Time: 0 hrs, 0 mins, 0 secs, 7 ms
CREATE TABLE
Time: 0 hrs, 0 mins, 28 secs, 742 ms
TRUNCATE
Time: 0 hrs, 0 mins, 5 secs, 876 ms
INSERT 0 412422
Time: 0 hrs, 0 mins, 10 secs, 360 ms
ANALYZE
Time: 0 hrs, 0 mins, 0 secs, 636 ms
 count(1) 
----------
   412422
(1 row)

Time: 0 hrs, 0 mins, 0 secs, 69 ms
END
Time: 0 hrs, 0 mins, 11 secs, 718 ms

Wed Nov 16 09:13:34 EST 2011

Timing is on.

           800 - LOAD_BN_HITS

BEGIN
Time: 0 hrs, 0 mins, 6 secs, 407 ms
SET
Time: 0 hrs, 0 mins, 0 secs, 6 ms
SET
Time: 0 hrs, 0 mins, 0 secs, 14 ms
SET
Time: 0 hrs, 0 mins, 0 secs, 15 ms
SET
Time: 0 hrs, 0 mins, 0 secs, 13 ms
TRUNCATE
Time: 0 hrs, 0 mins, 1 secs, 580 ms
INSERT 0 22101897
Time: 0 hrs, 0 mins, 14 secs, 629 ms
 count(1) 
----------
 22101897
(1 row)

Time: 0 hrs, 0 mins, 3 secs, 551 ms
ANALYZE
Time: 0 hrs, 0 mins, 5 secs, 760 ms
END
Time: 0 hrs, 0 mins, 37 secs, 145 ms

Wed Nov 16 09:14:44 EST 2011

Timing is on.

            900 - LOAD_CLICKSTREAM   

BEGIN
Time: 0 hrs, 0 mins, 5 secs, 770 ms
SET
Time: 0 hrs, 0 mins, 0 secs, 11 ms
TRUNCATE
Time: 0 hrs, 0 mins, 3 secs, 116 ms
INSERT 0 22101897
Time: 0 hrs, 1 mins, 36 secs, 621 ms
 count(1) 
----------
 22101897
(1 row)

Time: 0 hrs, 0 mins, 4 secs, 410 ms
ANALYZE
Time: 0 hrs, 0 mins, 3 secs, 22 ms
END
Time: 0 hrs, 0 mins, 13 secs, 556 ms

Wed Nov 16 09:16:50 EST 2011

Timing is on.

            1000 - PAGE_VIEW_SUMMARY  

BEGIN
Time: 0 hrs, 0 mins, 13 secs, 634 ms
SET
Time: 0 hrs, 0 mins, 0 secs, 6 ms
SET
Time: 0 hrs, 0 mins, 0 secs, 12 ms
TRUNCATE
Time: 0 hrs, 0 mins, 7 secs, 854 ms
INSERT 0 558362
Time: 0 hrs, 0 mins, 14 secs, 59 ms
 count(1) 
----------
   558362
(1 row)

Time: 0 hrs, 0 mins, 1 secs, 494 ms
ANALYZE
Time: 0 hrs, 0 mins, 0 secs, 78 ms
END
Time: 0 hrs, 0 mins, 11 secs, 522 ms

Wed Nov 16 09:17:39 EST 2011


2000 - WRAP UP 

Timing is on.
BEGIN
Time: 0 hrs, 0 mins, 1 secs, 532 ms
TRUNCATE
Time: 0 hrs, 0 mins, 4 secs, 695 ms
TRUNCATE
Time: 0 hrs, 0 mins, 3 secs, 60 ms
END
Time: 0 hrs, 0 mins, 58 secs, 444 ms
Wed Nov 16 09:18:47 EST 2011
Removing lock file and waiting for a minute
Total time taken:  34  minutes.
Running time of run.sh 20111114: 34 minutes
