Acquired lock file 
deleting simple.htm records - these are just server testing...
DELETE 6101450
-------------------------------------
Processing for 20110822
-------------------------------------

Tue Aug 23 06:12:47 EDT 2011

Timing is on.

           000 - INIT

BEGIN
Time: 0 hrs, 0 mins, 3 secs, 508 ms
*** Truncating staging tables before workflow starts ***
SET
Time: 0 hrs, 0 mins, 0 secs, 12 ms
GRANT
Time: 0 hrs, 0 mins, 5 secs, 387 ms
END
Time: 0 hrs, 0 mins, 1 secs, 354 ms

Tue Aug 23 06:12:59 EDT 2011

Timing is on.

            200 - LOAD_BN_IISLOGS   

BEGIN
Time: 0 hrs, 0 mins, 0 secs, 980 ms
SET
Time: 0 hrs, 0 mins, 0 secs, 13 ms
TRUNCATE
Time: 0 hrs, 0 mins, 0 secs, 830 ms
INSERT 0 76780419
Time: 0 hrs, 11 mins, 42 secs, 170 ms
END
Time: 0 hrs, 0 mins, 8 secs, 271 ms
ALTER TABLE
Time: 0 hrs, 8 mins, 0 secs, 75 ms

Tue Aug 23 06:32:52 EDT 2011

Timing is on.
BEGIN
Time: 0 hrs, 0 mins, 6 secs, 56 ms
SET
Time: 0 hrs, 0 mins, 0 secs, 10 ms

            250 - LOAD_BN_HITS_SP   

TRUNCATE
Time: 0 hrs, 0 mins, 7 secs, 597 ms
INSERT 0 21876165
Time: 0 hrs, 3 mins, 44 secs, 949 ms
ANALYZE
Time: 0 hrs, 0 mins, 37 secs, 883 ms
END
Time: 0 hrs, 1 mins, 55 secs, 914 ms

Tue Aug 23 06:39:25 EDT 2011

Timing is on.
BEGIN
Time: 0 hrs, 0 mins, 3 secs, 24 ms
SET
Time: 0 hrs, 0 mins, 0 secs, 14 ms

           300 - DYNAMIC FILTER

TRUNCATE
Time: 0 hrs, 0 mins, 2 secs, 334 ms
INSERT 0 19712322
Time: 0 hrs, 0 mins, 20 secs, 946 ms
ANALYZE
Time: 0 hrs, 0 mins, 0 secs, 861 ms
 Total records in web_click_cnt 
--------------------------------
                       19712322
(1 row)

Time: 0 hrs, 0 mins, 0 secs, 774 ms
CREATE TABLE
Time: 0 hrs, 0 mins, 9 secs, 323 ms
ANALYZE
Time: 0 hrs, 0 mins, 0 secs, 142 ms
CREATE TABLE
Time: 0 hrs, 0 mins, 2 secs, 372 ms
ANALYZE
Time: 0 hrs, 0 mins, 1 secs, 225 ms
DELETE 1
Time: 0 hrs, 0 mins, 1 secs, 159 ms
INSERT 0 1
Time: 0 hrs, 0 mins, 1 secs, 322 ms
DELETE 1
Time: 0 hrs, 0 mins, 0 secs, 119 ms
INSERT 0 1
Time: 0 hrs, 0 mins, 0 secs, 713 ms
CREATE TABLE
Time: 0 hrs, 0 mins, 9 secs, 923 ms
ANALYZE
Time: 0 hrs, 0 mins, 0 secs, 173 ms
CREATE TABLE
Time: 0 hrs, 0 mins, 4 secs, 400 ms
ANALYZE
Time: 0 hrs, 0 mins, 0 secs, 147 ms
DELETE 1
Time: 0 hrs, 0 mins, 0 secs, 155 ms
INSERT 0 1
Time: 0 hrs, 0 mins, 0 secs, 829 ms
DELETE 1
Time: 0 hrs, 0 mins, 0 secs, 122 ms
INSERT 0 1
Time: 0 hrs, 0 mins, 0 secs, 564 ms
ANALYZE
Time: 0 hrs, 0 mins, 0 secs, 420 ms
    tablename     |    attr_name    | attr_value 
------------------+-----------------+------------
 BN_FILTER_SPIDER | CLK_USER_SD_MPL | 10
 BN_FILTER_SPIDER | IP_USER_SD_MPL  | 1
 BN_FILTER_SPIDER | IP_USER_RATIO   | .955
 BN_FILTER_SPIDER | CLK_USER_MEAN   | 14.342
 BN_FILTER_SPIDER | CLK_USER_SD     | 94.000
 BN_FILTER_SPIDER | IP_USER_MEAN    | 14.839
 BN_FILTER_SPIDER | IP_USER_SD      | 1602.563
(7 rows)

Time: 0 hrs, 0 mins, 0 secs, 790 ms
CREATE TABLE
Time: 0 hrs, 0 mins, 12 secs, 689 ms
CREATE TABLE
Time: 0 hrs, 0 mins, 6 secs, 651 ms
 l_mean_sd_mpl 
---------------
       954.342
(1 row)

Time: 0 hrs, 0 mins, 1 secs, 143 ms
TRUNCATE
Time: 0 hrs, 0 mins, 1 secs, 869 ms
INSERT 0 203
Time: 0 hrs, 0 mins, 11 secs, 969 ms
ANALYZE
Time: 0 hrs, 0 mins, 0 secs, 548 ms
 Total click_user bn_spider_ip records 
---------------------------------------
                                   203
(1 row)

Time: 0 hrs, 0 mins, 1 secs, 6 ms
CREATE TABLE
Time: 0 hrs, 0 mins, 6 secs, 225 ms
ANALYZE
Time: 0 hrs, 0 mins, 0 secs, 90 ms
CREATE TABLE
Time: 0 hrs, 0 mins, 6 secs, 693 ms
ANALYZE
Time: 0 hrs, 0 mins, 0 secs, 170 ms
DROP 
Time: 0 hrs, 0 mins, 0 secs, 291 ms
CREATE TABLE
Time: 0 hrs, 0 mins, 4 secs, 819 ms
 l_mean_sd_mpl | l_ratio 
---------------+---------
      1617.402 |   0.955
(1 row)

Time: 0 hrs, 0 mins, 0 secs, 595 ms
INSERT 0 15866963
Time: 0 hrs, 0 mins, 10 secs, 149 ms
ANALYZE
Time: 0 hrs, 0 mins, 0 secs, 656 ms
 Total ip_user_filter bn_spider_ip records 
-------------------------------------------
                                  15866963
(1 row)

Time: 0 hrs, 0 mins, 1 secs, 999 ms
TRUNCATE
Time: 0 hrs, 0 mins, 1 secs, 513 ms
INSERT 0 33253957
Time: 0 hrs, 0 mins, 47 secs, 360 ms
ANALYZE
Time: 0 hrs, 0 mins, 4 secs, 944 ms
 bn_hits_stage 
---------------
      33253957
(1 row)

Time: 0 hrs, 0 mins, 1 secs, 150 ms
INSERT 0 16758235
Time: 0 hrs, 0 mins, 59 secs, 730 ms
ANALYZE
Time: 0 hrs, 5 mins, 9 secs, 249 ms
 bn_hits_sp_20110822 
---------------------
            38634400
(1 row)

Time: 0 hrs, 0 mins, 24 secs, 50 ms
TRUNCATE
Time: 0 hrs, 0 mins, 14 secs, 688 ms
INSERT 0 4892062
Time: 0 hrs, 0 mins, 52 secs, 376 ms
ANALYZE
Time: 0 hrs, 0 mins, 4 secs, 371 ms
 bn_hits_client_20110822 
-------------------------
                 4892062
(1 row)

Time: 0 hrs, 0 mins, 4 secs, 298 ms
END
Time: 0 hrs, 1 mins, 16 secs, 660 ms

Tue Aug 23 06:51:35 EDT 2011

Timing is on.
BEGIN
Time: 0 hrs, 0 mins, 2 secs, 615 ms

           600 - LOAD RESOURCES

SET
Time: 0 hrs, 0 mins, 0 secs, 23 ms
CREATE TABLE
Time: 0 hrs, 0 mins, 49 secs, 329 ms
ANALYZE
Time: 0 hrs, 0 mins, 2 secs, 913 ms
 tmp_a_count 
-------------
      526581
(1 row)

Time: 0 hrs, 0 mins, 0 secs, 352 ms
UPDATE 0
Time: 0 hrs, 0 mins, 5 secs, 854 ms
ANALYZE
Time: 0 hrs, 0 mins, 0 secs, 760 ms
TRUNCATE
Time: 0 hrs, 0 mins, 0 secs, 811 ms
INSERT 0 218250
Time: 0 hrs, 0 mins, 46 secs, 542 ms
ANALYZE
Time: 0 hrs, 0 mins, 1 secs, 235 ms
 first_resource_id | last_resource_id 
-------------------+------------------
          38261166 |         38479415
(1 row)

Time: 0 hrs, 0 mins, 1 secs, 306 ms
INSERT 0 218250
Time: 0 hrs, 0 mins, 4 secs, 68 ms
 total_resources 
-----------------
        38455012
(1 row)

Time: 0 hrs, 0 mins, 1 secs, 161 ms
ANALYZE
Time: 0 hrs, 0 mins, 0 secs, 738 ms
END
Time: 0 hrs, 0 mins, 23 secs, 796 ms
VACUUM
Time: 0 hrs, 1 mins, 51 secs, 380 ms

Tue Aug 23 06:55:48 EDT 2011

Timing is on.

           650 - LOAD_BN_SESSION_STAGE

BEGIN
Time: 0 hrs, 0 mins, 1 secs, 545 ms
SET
Time: 0 hrs, 0 mins, 0 secs, 41 ms
SET
Time: 0 hrs, 0 mins, 0 secs, 54 ms
CREATE TABLE
Time: 0 hrs, 1 mins, 48 secs, 812 ms
ANALYZE
Time: 0 hrs, 0 mins, 6 secs, 588 ms
 tmp_sessionized_stage 
-----------------------
              33253957
(1 row)

Time: 0 hrs, 0 mins, 1 secs, 175 ms
TRUNCATE
Time: 0 hrs, 0 mins, 5 secs, 434 ms
INSERT 0 3239524
Time: 0 hrs, 0 mins, 56 secs, 955 ms
ANALYZE
Time: 0 hrs, 0 mins, 0 secs, 670 ms
CREATE TABLE
Time: 0 hrs, 2 mins, 52 secs, 389 ms
CREATE INDEX
Time: 0 hrs, 0 mins, 3 secs, 997 ms
 tmp_first_last 
----------------
        3239524
(1 row)

Time: 0 hrs, 0 mins, 0 secs, 482 ms
ANALYZE
Time: 0 hrs, 0 mins, 1 secs, 686 ms
SET
Time: 0 hrs, 0 mins, 0 secs, 81 ms
SET
Time: 0 hrs, 0 mins, 0 secs, 261 ms
TRUNCATE
Time: 0 hrs, 0 mins, 12 secs, 307 ms
DROP
Time: 0 hrs, 0 mins, 1 secs, 207 ms
INSERT 0 3239524
Time: 0 hrs, 0 mins, 13 secs, 407 ms
 bn_session_stage 
------------------
          3239524
(1 row)

Time: 0 hrs, 0 mins, 1 secs, 408 ms
CREATE INDEX
Time: 0 hrs, 0 mins, 1 secs, 530 ms
ANALYZE
Time: 0 hrs, 0 mins, 2 secs, 140 ms
TRUNCATE
Time: 0 hrs, 0 mins, 1 secs, 553 ms
END
Time: 0 hrs, 1 mins, 3 secs, 898 ms

Tue Aug 23 07:03:26 EDT 2011

BEGIN

           660 - LOAD_BN_SESSION_UPDATE_STAGE

SET
TRUNCATE
INSERT 0 0
END

Tue Aug 23 07:05:15 EDT 2011

Timing is on.

           670 - LOAD_BN_SESSION_20110822.UPDATES

BEGIN
Time: 0 hrs, 0 mins, 3 secs, 519 ms
SET
Time: 0 hrs, 0 mins, 0 secs, 22 ms
UPDATE 0
Time: 0 hrs, 0 mins, 1 secs, 404 ms
END
Time: 0 hrs, 0 mins, 55 secs, 731 ms
VACUUM
Time: 0 hrs, 2 mins, 16 secs, 635 ms

Tue Aug 23 07:08:33 EDT 2011

Timing is on.

           700 - LOAD_BN_SESSION

BEGIN
Time: 0 hrs, 0 mins, 1 secs, 103 ms
SET
Time: 0 hrs, 0 mins, 0 secs, 16 ms
INSERT 0 3239524
Time: 0 hrs, 0 mins, 26 secs, 496 ms
ANALYZE
Time: 0 hrs, 0 mins, 1 secs, 621 ms
END
Time: 0 hrs, 1 mins, 42 secs, 947 ms

Tue Aug 23 07:10:45 EDT 2011

Timing is on.

            750 - LOAD_BN_SESSION_SUMMARY   

BEGIN
Time: 0 hrs, 0 mins, 1 secs, 239 ms
SET
Time: 0 hrs, 0 mins, 0 secs, 19 ms
CREATE TABLE
Time: 0 hrs, 0 mins, 14 secs, 658 ms
TRUNCATE
Time: 0 hrs, 0 mins, 34 secs, 802 ms
INSERT 0 449071
Time: 0 hrs, 0 mins, 8 secs, 205 ms
ANALYZE
Time: 0 hrs, 0 mins, 0 secs, 893 ms
 count(1) 
----------
   449071
(1 row)

Time: 0 hrs, 0 mins, 0 secs, 122 ms
END
Time: 0 hrs, 0 mins, 1 secs, 597 ms

Tue Aug 23 07:11:47 EDT 2011

Timing is on.

           800 - LOAD_BN_HITS

BEGIN
Time: 0 hrs, 0 mins, 2 secs, 117 ms
SET
Time: 0 hrs, 0 mins, 0 secs, 30 ms
SET
Time: 0 hrs, 0 mins, 0 secs, 53 ms
SET
Time: 0 hrs, 0 mins, 0 secs, 41 ms
SET
Time: 0 hrs, 0 mins, 0 secs, 85 ms
TRUNCATE
Time: 0 hrs, 0 mins, 1 secs, 61 ms
INSERT 0 33253957
Time: 0 hrs, 0 mins, 20 secs, 504 ms
 count(1) 
----------
 33253957
(1 row)

Time: 0 hrs, 0 mins, 1 secs, 305 ms
ANALYZE
Time: 0 hrs, 0 mins, 3 secs, 619 ms
END
Time: 0 hrs, 0 mins, 16 secs, 77 ms

Tue Aug 23 07:12:33 EDT 2011

Timing is on.

            900 - LOAD_CLICKSTREAM   

BEGIN
Time: 0 hrs, 0 mins, 1 secs, 243 ms
SET
Time: 0 hrs, 0 mins, 0 secs, 20 ms
TRUNCATE
Time: 0 hrs, 0 mins, 1 secs, 918 ms
INSERT 0 33253957
Time: 0 hrs, 4 mins, 19 secs, 45 ms
 count(1) 
----------
 33253957
(1 row)

Time: 0 hrs, 0 mins, 0 secs, 772 ms
ANALYZE
Time: 0 hrs, 0 mins, 1 secs, 470 ms
END
Time: 0 hrs, 0 mins, 12 secs, 317 ms

Tue Aug 23 07:17:10 EDT 2011

Timing is on.

            1000 - PAGE_VIEW_SUMMARY  

BEGIN
Time: 0 hrs, 0 mins, 1 secs, 64 ms
SET
Time: 0 hrs, 0 mins, 0 secs, 10 ms
SET
Time: 0 hrs, 0 mins, 0 secs, 24 ms
TRUNCATE
Time: 0 hrs, 0 mins, 1 secs, 318 ms
INSERT 0 538211
Time: 0 hrs, 0 mins, 5 secs, 596 ms
 count(1) 
----------
   538211
(1 row)

Time: 0 hrs, 0 mins, 0 secs, 196 ms
ANALYZE
Time: 0 hrs, 0 mins, 0 secs, 181 ms
END
Time: 0 hrs, 0 mins, 2 secs, 76 ms

Tue Aug 23 07:17:21 EDT 2011


2000 - WRAP UP 

Timing is on.
BEGIN
Time: 0 hrs, 0 mins, 1 secs, 79 ms
TRUNCATE
Time: 0 hrs, 0 mins, 1 secs, 29 ms
TRUNCATE
Time: 0 hrs, 0 mins, 0 secs, 545 ms
END
Time: 0 hrs, 0 mins, 2 secs, 810 ms
Tue Aug 23 07:17:27 EDT 2011
Removing lock file and waiting for a minute
rm: missing operand
Try `rm --help' for more information.
Total time taken:  66  minutes.
Running time of run.sh 20110822: 4004 seconds
Acquired lock file 
deleting simple.htm records - these are just server testing...
DELETE 25
-------------------------------------
Processing for 20110822
-------------------------------------

Thu Aug 25 00:24:57 EDT 2011

Timing is on.

           000 - INIT

BEGIN
Time: 0 hrs, 0 mins, 1 secs, 178 ms
*** Truncating staging tables before workflow starts ***
SET
Time: 0 hrs, 0 mins, 0 secs, 10 ms
GRANT
Time: 0 hrs, 0 mins, 4 secs, 416 ms
END
Time: 0 hrs, 0 mins, 3 secs, 864 ms

Thu Aug 25 00:25:07 EDT 2011

Timing is on.

            200 - LOAD_BN_IISLOGS   

BEGIN
Time: 0 hrs, 0 mins, 3 secs, 117 ms
SET
Time: 0 hrs, 0 mins, 0 secs, 10 ms
TRUNCATE
Time: 0 hrs, 0 mins, 1 secs, 60 ms
INSERT 0 98796168
Time: 0 hrs, 17 mins, 37 secs, 337 ms
END
Time: 0 hrs, 0 mins, 10 secs, 541 ms
ALTER TABLE
Time: 0 hrs, 0 mins, 4 secs, 708 ms

Thu Aug 25 00:43:04 EDT 2011

Timing is on.
BEGIN
Time: 0 hrs, 0 mins, 0 secs, 986 ms
SET
Time: 0 hrs, 0 mins, 0 secs, 11 ms

            250 - LOAD_BN_HITS_SP   

TRUNCATE
Time: 0 hrs, 0 mins, 2 secs, 186 ms
INSERT 0 29314185
Time: 0 hrs, 5 mins, 35 secs, 900 ms
ANALYZE
Time: 0 hrs, 0 mins, 45 secs, 253 ms
END
Time: 0 hrs, 1 mins, 38 secs, 988 ms

Thu Aug 25 00:51:08 EDT 2011

Timing is on.
BEGIN
Time: 0 hrs, 0 mins, 8 secs, 529 ms
SET
Time: 0 hrs, 0 mins, 0 secs, 23 ms

           300 - DYNAMIC FILTER

TRUNCATE
Time: 0 hrs, 0 mins, 1 secs, 994 ms
INSERT 0 24364991
Time: 0 hrs, 0 mins, 29 secs, 210 ms
ANALYZE
Time: 0 hrs, 0 mins, 0 secs, 560 ms
 Total records in web_click_cnt 
--------------------------------
                       24364991
(1 row)

Time: 0 hrs, 0 mins, 1 secs, 493 ms
CREATE TABLE
Time: 0 hrs, 0 mins, 18 secs, 87 ms
ANALYZE
Time: 0 hrs, 0 mins, 0 secs, 288 ms
CREATE TABLE
Time: 0 hrs, 0 mins, 1 secs, 490 ms
ANALYZE
Time: 0 hrs, 0 mins, 0 secs, 255 ms
DELETE 1
Time: 0 hrs, 0 mins, 0 secs, 360 ms
INSERT 0 1
Time: 0 hrs, 0 mins, 0 secs, 898 ms
DELETE 1
Time: 0 hrs, 0 mins, 0 secs, 110 ms
INSERT 0 1
Time: 0 hrs, 0 mins, 1 secs, 385 ms
CREATE TABLE
Time: 0 hrs, 0 mins, 5 secs, 246 ms
ANALYZE
Time: 0 hrs, 0 mins, 0 secs, 817 ms
CREATE TABLE
Time: 0 hrs, 0 mins, 1 secs, 982 ms
ANALYZE
Time: 0 hrs, 0 mins, 0 secs, 710 ms
DELETE 1
Time: 0 hrs, 0 mins, 0 secs, 907 ms
INSERT 0 1
Time: 0 hrs, 0 mins, 1 secs, 642 ms
DELETE 1
Time: 0 hrs, 0 mins, 0 secs, 107 ms
INSERT 0 1
Time: 0 hrs, 0 mins, 2 secs, 3 ms
ANALYZE
Time: 0 hrs, 0 mins, 0 secs, 274 ms
    tablename     |    attr_name    | attr_value 
------------------+-----------------+------------
 BN_FILTER_SPIDER | CLK_USER_SD_MPL | 10
 BN_FILTER_SPIDER | IP_USER_SD_MPL  | 1
 BN_FILTER_SPIDER | IP_USER_RATIO   | .955
 BN_FILTER_SPIDER | CLK_USER_MEAN   | 14.567
 BN_FILTER_SPIDER | CLK_USER_SD     | 95.692
 BN_FILTER_SPIDER | IP_USER_MEAN    | 14.681
 BN_FILTER_SPIDER | IP_USER_SD      | 1753.056
(7 rows)

Time: 0 hrs, 0 mins, 0 secs, 574 ms
CREATE TABLE
Time: 0 hrs, 0 mins, 18 secs, 481 ms
CREATE TABLE
Time: 0 hrs, 0 mins, 1 secs, 64 ms
 l_mean_sd_mpl 
---------------
       971.487
(1 row)

Time: 0 hrs, 0 mins, 0 secs, 522 ms
TRUNCATE
Time: 0 hrs, 0 mins, 2 secs, 303 ms
INSERT 0 245
Time: 0 hrs, 0 mins, 20 secs, 161 ms
ANALYZE
Time: 0 hrs, 0 mins, 0 secs, 180 ms
 Total click_user bn_spider_ip records 
---------------------------------------
                                   245
(1 row)

Time: 0 hrs, 0 mins, 0 secs, 548 ms
CREATE TABLE
Time: 0 hrs, 0 mins, 6 secs, 811 ms
ANALYZE
Time: 0 hrs, 0 mins, 0 secs, 93 ms
CREATE TABLE
Time: 0 hrs, 0 mins, 3 secs, 879 ms
ANALYZE
Time: 0 hrs, 0 mins, 0 secs, 788 ms
DROP 
Time: 0 hrs, 0 mins, 0 secs, 240 ms
CREATE TABLE
Time: 0 hrs, 0 mins, 0 secs, 762 ms
 l_mean_sd_mpl | l_ratio 
---------------+---------
      1767.737 |   0.955
(1 row)

Time: 0 hrs, 0 mins, 0 secs, 544 ms
INSERT 0 19705729
Time: 0 hrs, 0 mins, 20 secs, 939 ms
ANALYZE
Time: 0 hrs, 0 mins, 0 secs, 454 ms
 Total ip_user_filter bn_spider_ip records 
-------------------------------------------
                                  19705729
(1 row)

Time: 0 hrs, 0 mins, 1 secs, 209 ms
TRUNCATE
Time: 0 hrs, 0 mins, 9 secs, 549 ms
INSERT 0 41153963
Time: 0 hrs, 1 mins, 23 secs, 237 ms
ANALYZE
Time: 0 hrs, 0 mins, 5 secs, 304 ms
 bn_hits_stage 
---------------
      41153963
(1 row)

Time: 0 hrs, 0 mins, 1 secs, 365 ms
INSERT 0 20766187
Time: 0 hrs, 1 mins, 11 secs, 16 ms
ANALYZE
Time: 0 hrs, 2 mins, 17 secs, 939 ms
 bn_hits_sp_20110822 
---------------------
            50080372
(1 row)

Time: 0 hrs, 0 mins, 42 secs, 517 ms
TRUNCATE
Time: 0 hrs, 0 mins, 10 secs, 951 ms
INSERT 0 7561833
Time: 0 hrs, 1 mins, 27 secs, 741 ms
ANALYZE
Time: 0 hrs, 0 mins, 4 secs, 788 ms
 bn_hits_client_20110822 
-------------------------
                 7561833
(1 row)

Time: 0 hrs, 0 mins, 0 secs, 858 ms
END
Time: 0 hrs, 0 mins, 16 secs, 165 ms

Thu Aug 25 01:01:38 EDT 2011

Timing is on.
BEGIN
Time: 0 hrs, 0 mins, 6 secs, 806 ms

           600 - LOAD RESOURCES

SET
Time: 0 hrs, 0 mins, 0 secs, 19 ms
CREATE TABLE
Time: 0 hrs, 2 mins, 38 secs, 519 ms
ANALYZE
Time: 0 hrs, 0 mins, 2 secs, 290 ms
 tmp_a_count 
-------------
      662346
(1 row)

Time: 0 hrs, 0 mins, 0 secs, 549 ms
UPDATE 0
Time: 0 hrs, 0 mins, 7 secs, 81 ms
ANALYZE
Time: 0 hrs, 0 mins, 0 secs, 925 ms
TRUNCATE
Time: 0 hrs, 0 mins, 2 secs, 632 ms
INSERT 0 69272
Time: 0 hrs, 2 mins, 27 secs, 206 ms
ANALYZE
Time: 0 hrs, 0 mins, 0 secs, 737 ms
 first_resource_id | last_resource_id 
-------------------+------------------
          38676381 |         38745652
(1 row)

Time: 0 hrs, 0 mins, 0 secs, 354 ms
INSERT 0 69272
Time: 0 hrs, 0 mins, 7 secs, 417 ms
 total_resources 
-----------------
        38721249
(1 row)

Time: 0 hrs, 0 mins, 0 secs, 710 ms
ANALYZE
Time: 0 hrs, 0 mins, 0 secs, 647 ms
END
Time: 0 hrs, 0 mins, 27 secs, 923 ms
VACUUM
Time: 0 hrs, 0 mins, 36 secs, 677 ms

Thu Aug 25 01:08:18 EDT 2011

Timing is on.

           650 - LOAD_BN_SESSION_STAGE

BEGIN
Time: 0 hrs, 0 mins, 2 secs, 401 ms
SET
Time: 0 hrs, 0 mins, 0 secs, 11 ms
SET
Time: 0 hrs, 0 mins, 0 secs, 27 ms
CREATE TABLE
Time: 0 hrs, 2 mins, 6 secs, 250 ms
ANALYZE
Time: 0 hrs, 0 mins, 5 secs, 648 ms
 tmp_sessionized_stage 
-----------------------
              41153963
(1 row)

Time: 0 hrs, 0 mins, 1 secs, 101 ms
TRUNCATE
Time: 0 hrs, 0 mins, 0 secs, 663 ms
INSERT 0 4011060
Time: 0 hrs, 0 mins, 49 secs, 914 ms
ANALYZE
Time: 0 hrs, 0 mins, 1 secs, 239 ms
CREATE TABLE
Time: 0 hrs, 2 mins, 43 secs, 795 ms
CREATE INDEX
Time: 0 hrs, 0 mins, 2 secs, 956 ms
 tmp_first_last 
----------------
        4011060
(1 row)

Time: 0 hrs, 0 mins, 0 secs, 951 ms
ANALYZE
Time: 0 hrs, 0 mins, 1 secs, 455 ms
SET
Time: 0 hrs, 0 mins, 0 secs, 455 ms
SET
Time: 0 hrs, 0 mins, 0 secs, 33 ms
TRUNCATE
Time: 0 hrs, 0 mins, 3 secs, 683 ms
DROP
Time: 0 hrs, 0 mins, 0 secs, 518 ms
INSERT 0 4011060
Time: 0 hrs, 0 mins, 15 secs, 371 ms
 bn_session_stage 
------------------
          4011060
(1 row)

Time: 0 hrs, 0 mins, 4 secs, 688 ms
CREATE INDEX
Time: 0 hrs, 0 mins, 0 secs, 744 ms
ANALYZE
Time: 0 hrs, 0 mins, 1 secs, 705 ms
TRUNCATE
Time: 0 hrs, 0 mins, 0 secs, 900 ms
END
Time: 0 hrs, 0 mins, 42 secs, 141 ms

Thu Aug 25 01:15:25 EDT 2011

BEGIN

           660 - LOAD_BN_SESSION_UPDATE_STAGE

SET
TRUNCATE
INSERT 0 0
END

Thu Aug 25 01:15:33 EDT 2011

Timing is on.

           670 - LOAD_BN_SESSION_20110822.UPDATES

BEGIN
Time: 0 hrs, 0 mins, 1 secs, 185 ms
SET
Time: 0 hrs, 0 mins, 0 secs, 12 ms
UPDATE 0
Time: 0 hrs, 0 mins, 0 secs, 513 ms
END
Time: 0 hrs, 0 mins, 2 secs, 721 ms
VACUUM
Time: 0 hrs, 1 mins, 4 secs, 456 ms

Thu Aug 25 01:16:42 EDT 2011

Timing is on.

           700 - LOAD_BN_SESSION

BEGIN
Time: 0 hrs, 0 mins, 2 secs, 156 ms
SET
Time: 0 hrs, 0 mins, 0 secs, 11 ms
INSERT 0 4011060
Time: 0 hrs, 0 mins, 21 secs, 653 ms
ANALYZE
Time: 0 hrs, 0 mins, 1 secs, 657 ms
END
Time: 0 hrs, 0 mins, 14 secs, 453 ms

Thu Aug 25 01:17:22 EDT 2011

Timing is on.

            750 - LOAD_BN_SESSION_SUMMARY   

BEGIN
Time: 0 hrs, 0 mins, 1 secs, 311 ms
SET
Time: 0 hrs, 0 mins, 0 secs, 12 ms
CREATE TABLE
Time: 0 hrs, 1 mins, 19 secs, 753 ms
TRUNCATE
Time: 0 hrs, 0 mins, 0 secs, 859 ms
INSERT 0 530860
Time: 0 hrs, 0 mins, 8 secs, 731 ms
ANALYZE
Time: 0 hrs, 0 mins, 0 secs, 880 ms
 count(1) 
----------
   530860
(1 row)

Time: 0 hrs, 0 mins, 0 secs, 103 ms
END
Time: 0 hrs, 0 mins, 48 secs, 952 ms

Thu Aug 25 01:19:43 EDT 2011

Timing is on.

           800 - LOAD_BN_HITS

BEGIN
Time: 0 hrs, 0 mins, 4 secs, 108 ms
SET
Time: 0 hrs, 0 mins, 0 secs, 13 ms
SET
Time: 0 hrs, 0 mins, 0 secs, 34 ms
SET
Time: 0 hrs, 0 mins, 0 secs, 16 ms
SET
Time: 0 hrs, 0 mins, 0 secs, 25 ms
TRUNCATE
Time: 0 hrs, 0 mins, 1 secs, 296 ms
INSERT 0 41153963
Time: 0 hrs, 0 mins, 21 secs, 994 ms
 count(1) 
----------
 41153963
(1 row)

Time: 0 hrs, 0 mins, 1 secs, 604 ms
ANALYZE
Time: 0 hrs, 0 mins, 5 secs, 131 ms
END
Time: 0 hrs, 0 mins, 34 secs, 199 ms

Thu Aug 25 01:20:52 EDT 2011

Timing is on.

            900 - LOAD_CLICKSTREAM   

BEGIN
Time: 0 hrs, 0 mins, 1 secs, 429 ms
SET
Time: 0 hrs, 0 mins, 0 secs, 11 ms
TRUNCATE
Time: 0 hrs, 0 mins, 1 secs, 162 ms
INSERT 0 41153963
Time: 0 hrs, 4 mins, 41 secs, 592 ms
 count(1) 
----------
 41153963
(1 row)

Time: 0 hrs, 0 mins, 0 secs, 398 ms
ANALYZE
Time: 0 hrs, 0 mins, 1 secs, 464 ms
END
Time: 0 hrs, 0 mins, 9 secs, 164 ms

Thu Aug 25 01:25:47 EDT 2011

Timing is on.

            1000 - PAGE_VIEW_SUMMARY  

BEGIN
Time: 0 hrs, 0 mins, 1 secs, 24 ms
SET
Time: 0 hrs, 0 mins, 0 secs, 13 ms
SET
Time: 0 hrs, 0 mins, 0 secs, 24 ms
TRUNCATE
Time: 0 hrs, 0 mins, 0 secs, 470 ms
INSERT 0 676651
Time: 0 hrs, 0 mins, 8 secs, 41 ms
 count(1) 
----------
   676651
(1 row)

Time: 0 hrs, 0 mins, 0 secs, 348 ms
ANALYZE
Time: 0 hrs, 0 mins, 0 secs, 208 ms
END
Time: 0 hrs, 0 mins, 4 secs, 634 ms

Thu Aug 25 01:26:02 EDT 2011


2000 - WRAP UP 

Timing is on.
BEGIN
Time: 0 hrs, 0 mins, 1 secs, 920 ms
TRUNCATE
Time: 0 hrs, 0 mins, 0 secs, 664 ms
TRUNCATE
Time: 0 hrs, 0 mins, 0 secs, 273 ms
END
Time: 0 hrs, 0 mins, 1 secs, 143 ms
Thu Aug 25 01:26:07 EDT 2011
Removing lock file and waiting for a minute
rm: missing operand
Try `rm --help' for more information.
Total time taken:  63  minutes.
Running time of run.sh 20110822: 63 minutes
