Checking for lock file /tmp/.iislock
Acquired lock file /tmp/.iislock
-------------------------------------
Processing for 20110109
-------------------------------------

Mon Jan 10 08:30:11 EST 2011

Timing is on.

           000 - INIT

BEGIN
Time: 0 hrs, 0 mins, 0 secs, 641 ms
*** Truncating staging tables before workflow starts ***
SET
Time: 0 hrs, 0 mins, 0 secs, 11 ms
TRUNCATE
Time: 0 hrs, 0 mins, 0 secs, 776 ms
TRUNCATE
Time: 0 hrs, 0 mins, 0 secs, 416 ms
TRUNCATE
Time: 0 hrs, 0 mins, 0 secs, 302 ms
TRUNCATE
Time: 0 hrs, 0 mins, 0 secs, 168 ms
TRUNCATE
Time: 0 hrs, 0 mins, 0 secs, 168 ms
TRUNCATE
Time: 0 hrs, 0 mins, 0 secs, 186 ms
TRUNCATE
Time: 0 hrs, 0 mins, 0 secs, 278 ms
END
Time: 0 hrs, 0 mins, 4 secs, 916 ms

Mon Jan 10 08:30:19 EST 2011

Timing is on.

            200 - LOAD_BN_IISLOGS   

BEGIN
Time: 0 hrs, 0 mins, 0 secs, 660 ms
SET
Time: 0 hrs, 0 mins, 0 secs, 13 ms
TRUNCATE
Time: 0 hrs, 0 mins, 0 secs, 240 ms
INSERT 0 42467664
Time: 0 hrs, 8 mins, 54 secs, 321 ms
END
Time: 0 hrs, 0 mins, 2 secs, 162 ms
ALTER TABLE
Time: 0 hrs, 7 mins, 21 secs, 857 ms

Mon Jan 10 08:46:39 EST 2011

Timing is on.
BEGIN
Time: 0 hrs, 0 mins, 0 secs, 850 ms
SET
Time: 0 hrs, 0 mins, 0 secs, 11 ms

            250 - LOAD_BN_HITS_SP   

TRUNCATE
Time: 0 hrs, 0 mins, 0 secs, 437 ms
INSERT 0 12816521
Time: 0 hrs, 2 mins, 48 secs, 318 ms
ANALYZE
Time: 0 hrs, 0 mins, 2 secs, 24 ms
END
Time: 0 hrs, 0 mins, 3 secs, 76 ms

Mon Jan 10 08:49:34 EST 2011

Timing is on.
BEGIN
Time: 0 hrs, 0 mins, 0 secs, 714 ms
SET
Time: 0 hrs, 0 mins, 0 secs, 11 ms

           300 - DYNAMIC FILTER

INSERT 0 10219693
Time: 0 hrs, 0 mins, 2 secs, 56 ms
ANALYZE
Time: 0 hrs, 0 mins, 0 secs, 348 ms
 Total records in web_click_cnt 
--------------------------------
                       10219693
(1 row)

Time: 0 hrs, 0 mins, 0 secs, 217 ms
CREATE TABLE
Time: 0 hrs, 0 mins, 1 secs, 514 ms
ANALYZE
Time: 0 hrs, 0 mins, 0 secs, 116 ms
CREATE TABLE
Time: 0 hrs, 0 mins, 0 secs, 292 ms
ANALYZE
Time: 0 hrs, 0 mins, 0 secs, 85 ms
DELETE 1
Time: 0 hrs, 0 mins, 0 secs, 140 ms
INSERT 0 1
Time: 0 hrs, 0 mins, 0 secs, 193 ms
DELETE 1
Time: 0 hrs, 0 mins, 0 secs, 87 ms
INSERT 0 1
Time: 0 hrs, 0 mins, 0 secs, 300 ms
CREATE TABLE
Time: 0 hrs, 0 mins, 1 secs, 121 ms
ANALYZE
Time: 0 hrs, 0 mins, 0 secs, 96 ms
CREATE TABLE
Time: 0 hrs, 0 mins, 0 secs, 261 ms
ANALYZE
Time: 0 hrs, 0 mins, 0 secs, 105 ms
DELETE 1
Time: 0 hrs, 0 mins, 0 secs, 95 ms
INSERT 0 1
Time: 0 hrs, 0 mins, 0 secs, 193 ms
DELETE 1
Time: 0 hrs, 0 mins, 0 secs, 82 ms
INSERT 0 1
Time: 0 hrs, 0 mins, 0 secs, 284 ms
ANALYZE
Time: 0 hrs, 0 mins, 0 secs, 40 ms
    tablename     |    attr_name    | attr_value 
------------------+-----------------+------------
 BN_FILTER_SPIDER | CLK_USER_SD_MPL | 10
 BN_FILTER_SPIDER | IP_USER_SD_MPL  | 1
 BN_FILTER_SPIDER | IP_USER_RATIO   | .955
 BN_FILTER_SPIDER | CLK_USER_MEAN   | 10.721
 BN_FILTER_SPIDER | CLK_USER_SD     | 254.576
 BN_FILTER_SPIDER | IP_USER_MEAN    | 8.441
 BN_FILTER_SPIDER | IP_USER_SD      | 1217.993
(7 rows)

Time: 0 hrs, 0 mins, 0 secs, 83 ms
CREATE TABLE
Time: 0 hrs, 0 mins, 2 secs, 880 ms
CREATE TABLE
Time: 0 hrs, 0 mins, 0 secs, 282 ms
 l_mean_sd_mpl 
---------------
      2556.481
(1 row)

Time: 0 hrs, 0 mins, 0 secs, 232 ms
INSERT 0 46
Time: 0 hrs, 0 mins, 6 secs, 746 ms
ANALYZE
Time: 0 hrs, 0 mins, 0 secs, 179 ms
 Total click_user bn_spider_ip records 
---------------------------------------
                                    46
(1 row)

Time: 0 hrs, 0 mins, 0 secs, 262 ms
CREATE TABLE
Time: 0 hrs, 0 mins, 1 secs, 12 ms
ANALYZE
Time: 0 hrs, 0 mins, 0 secs, 70 ms
CREATE TABLE
Time: 0 hrs, 0 mins, 1 secs, 155 ms
ANALYZE
Time: 0 hrs, 0 mins, 0 secs, 94 ms
DROP 
Time: 0 hrs, 0 mins, 0 secs, 314 ms
CREATE TABLE
Time: 0 hrs, 0 mins, 0 secs, 93 ms
 l_mean_sd_mpl | l_ratio 
---------------+---------
      1226.434 |   0.955
(1 row)

Time: 0 hrs, 0 mins, 0 secs, 98 ms
INSERT 0 7005696
Time: 0 hrs, 0 mins, 3 secs, 903 ms
ANALYZE
Time: 0 hrs, 0 mins, 0 secs, 347 ms
 Total ip_user_filter bn_spider_ip records 
-------------------------------------------
                                   7005696
(1 row)

Time: 0 hrs, 0 mins, 0 secs, 488 ms
INSERT 0 21881888
Time: 0 hrs, 0 mins, 32 secs, 809 ms
ANALYZE
Time: 0 hrs, 0 mins, 2 secs, 609 ms
 bn_hits_stage 
---------------
      21881888
(1 row)

Time: 0 hrs, 0 mins, 0 secs, 250 ms
INSERT 0 7769255
Time: 0 hrs, 0 mins, 24 secs, 279 ms
ANALYZE
Time: 0 hrs, 0 mins, 1 secs, 738 ms
 bn_hits_sp_20110109 
---------------------
            20585776
(1 row)

Time: 0 hrs, 0 mins, 7 secs, 131 ms
END
Time: 0 hrs, 0 mins, 1 secs, 236 ms

Mon Jan 10 08:51:11 EST 2011

Timing is on.
BEGIN
Time: 0 hrs, 0 mins, 0 secs, 609 ms

           600 - LOAD RESOURCES

SET
Time: 0 hrs, 0 mins, 0 secs, 13 ms
CREATE TABLE
Time: 0 hrs, 0 mins, 11 secs, 521 ms
ANALYZE
Time: 0 hrs, 0 mins, 0 secs, 465 ms
 tmp_a_count 
-------------
      190770
(1 row)

Time: 0 hrs, 0 mins, 0 secs, 204 ms
UPDATE 0
Time: 0 hrs, 0 mins, 2 secs, 571 ms
ANALYZE
Time: 0 hrs, 0 mins, 0 secs, 765 ms
TRUNCATE
Time: 0 hrs, 0 mins, 0 secs, 369 ms
INSERT 0 126818
Time: 0 hrs, 0 mins, 6 secs, 582 ms
ANALYZE
Time: 0 hrs, 0 mins, 2 secs, 868 ms
 first_resource_id | last_resource_id 
-------------------+------------------
          11767099 |         11893916
(1 row)

Time: 0 hrs, 0 mins, 0 secs, 197 ms
INSERT 0 126818
Time: 0 hrs, 0 mins, 1 secs, 327 ms
 total_resources 
-----------------
        11869540
(1 row)

Time: 0 hrs, 0 mins, 0 secs, 491 ms
ANALYZE
Time: 0 hrs, 0 mins, 0 secs, 565 ms
END
Time: 0 hrs, 0 mins, 0 secs, 799 ms
VACUUM
Time: 0 hrs, 0 mins, 4 secs, 703 ms

Mon Jan 10 08:51:45 EST 2011

Timing is on.

           650 - LOAD_BN_SESSION_STAGE

BEGIN
Time: 0 hrs, 0 mins, 0 secs, 867 ms
SET
Time: 0 hrs, 0 mins, 0 secs, 7 ms
CREATE TABLE
Time: 0 hrs, 1 mins, 2 secs, 310 ms
ANALYZE
Time: 0 hrs, 0 mins, 2 secs, 627 ms
INSERT 0 3393001
Time: 0 hrs, 0 mins, 39 secs, 249 ms
ANALYZE
Time: 0 hrs, 0 mins, 0 secs, 568 ms
CREATE TABLE
Time: 0 hrs, 0 mins, 19 secs, 308 ms
ANALYZE
Time: 0 hrs, 0 mins, 0 secs, 216 ms
CREATE TABLE
Time: 0 hrs, 0 mins, 41 secs, 639 ms
ANALYZE
Time: 0 hrs, 0 mins, 0 secs, 860 ms
INSERT 0 3393001
Time: 0 hrs, 13 mins, 1 secs, 653 ms
 bn_session_stage 
------------------
          3393001
(1 row)

Time: 0 hrs, 0 mins, 0 secs, 482 ms
ANALYZE
Time: 0 hrs, 0 mins, 1 secs, 335 ms
TRUNCATE
Time: 0 hrs, 0 mins, 0 secs, 404 ms
END
Time: 0 hrs, 0 mins, 1 secs, 612 ms

Mon Jan 10 09:07:38 EST 2011

BEGIN

           660 - LOAD_BN_SESSION_UPDATE_STAGE

SET
INSERT 0 0
END

Mon Jan 10 09:07:41 EST 2011

Timing is on.

           670 - LOAD_BN_SESSION_20110109.UPDATES

BEGIN
Time: 0 hrs, 0 mins, 0 secs, 668 ms
SET
Time: 0 hrs, 0 mins, 0 secs, 13 ms
UPDATE 0
Time: 0 hrs, 0 mins, 0 secs, 437 ms
END
Time: 0 hrs, 0 mins, 0 secs, 609 ms
VACUUM
Time: 0 hrs, 0 mins, 2 secs, 254 ms

Mon Jan 10 09:07:45 EST 2011

Timing is on.

           700 - LOAD_BN_SESSION

BEGIN
Time: 0 hrs, 0 mins, 0 secs, 573 ms
SET
Time: 0 hrs, 0 mins, 0 secs, 11 ms
INSERT 0 3393001
Time: 0 hrs, 0 mins, 6 secs, 795 ms
ANALYZE
Time: 0 hrs, 0 mins, 1 secs, 214 ms
END
Time: 0 hrs, 0 mins, 1 secs, 548 ms

Mon Jan 10 09:07:55 EST 2011

Timing is on.

            750 - LOAD_BN_SESSION_SUMMARY   

BEGIN
Time: 0 hrs, 0 mins, 0 secs, 630 ms
SET
Time: 0 hrs, 0 mins, 0 secs, 10 ms
CREATE TABLE
Time: 0 hrs, 0 mins, 15 secs, 517 ms
TRUNCATE
Time: 0 hrs, 0 mins, 1 secs, 588 ms
INSERT 0 240545
Time: 0 hrs, 0 mins, 14 secs, 404 ms
ANALYZE
Time: 0 hrs, 0 mins, 0 secs, 656 ms
 count(1) 
----------
   240545
(1 row)

Time: 0 hrs, 0 mins, 0 secs, 200 ms
END
Time: 0 hrs, 0 mins, 1 secs, 441 ms

Mon Jan 10 09:08:30 EST 2011

Timing is on.

           800 - LOAD_BN_HITS

BEGIN
Time: 0 hrs, 0 mins, 0 secs, 652 ms
SET
Time: 0 hrs, 0 mins, 0 secs, 11 ms
TRUNCATE
Time: 0 hrs, 0 mins, 1 secs, 10 ms
INSERT 0 21881888
Time: 0 hrs, 9 mins, 0 secs, 705 ms
 count(1) 
----------
 21881888
(1 row)

Time: 0 hrs, 0 mins, 0 secs, 295 ms
ANALYZE
Time: 0 hrs, 0 mins, 2 secs, 868 ms
END
Time: 0 hrs, 0 mins, 29 secs, 603 ms

Mon Jan 10 09:18:06 EST 2011

Timing is on.

            900 - LOAD_CLICKSTREAM   

BEGIN
Time: 0 hrs, 0 mins, 0 secs, 669 ms
SET
Time: 0 hrs, 0 mins, 0 secs, 10 ms
TRUNCATE
Time: 0 hrs, 0 mins, 0 secs, 497 ms
INSERT 0 21881888
Time: 0 hrs, 1 mins, 46 secs, 553 ms
 count(1) 
----------
 21881888
(1 row)

Time: 0 hrs, 0 mins, 0 secs, 366 ms
ANALYZE
Time: 0 hrs, 0 mins, 1 secs, 120 ms
END
Time: 0 hrs, 0 mins, 36 secs, 75 ms

Mon Jan 10 09:20:31 EST 2011

Timing is on.

            1000 - PAGE_VIEW_SUMMARY  

BEGIN
Time: 0 hrs, 0 mins, 0 secs, 748 ms
SET
Time: 0 hrs, 0 mins, 0 secs, 10 ms
TRUNCATE
Time: 0 hrs, 0 mins, 1 secs, 468 ms
INSERT 0 197704
Time: 0 hrs, 0 mins, 4 secs, 808 ms
 count(1) 
----------
   197704
(1 row)

Time: 0 hrs, 0 mins, 0 secs, 149 ms
ANALYZE
Time: 0 hrs, 0 mins, 0 secs, 90 ms
END
Time: 0 hrs, 0 mins, 9 secs, 914 ms
Mon Jan 10 09:20:49 EST 2011
Removing lock file and waiting for a minute
Checking for lock file /tmp/.iislock
Acquired lock file /tmp/.iislock
-------------------------------------
Processing for 20110109
-------------------------------------

Tue Jan 11 09:26:25 EST 2011

Timing is on.

           000 - INIT

BEGIN
Time: 0 hrs, 0 mins, 1 secs, 57 ms
*** Truncating staging tables before workflow starts ***
SET
Time: 0 hrs, 0 mins, 0 secs, 22 ms
TRUNCATE
Time: 0 hrs, 0 mins, 0 secs, 782 ms
TRUNCATE
Time: 0 hrs, 0 mins, 0 secs, 429 ms
TRUNCATE
Time: 0 hrs, 0 mins, 3 secs, 2 ms
TRUNCATE
Time: 0 hrs, 0 mins, 1 secs, 108 ms
TRUNCATE
Time: 0 hrs, 0 mins, 0 secs, 978 ms
TRUNCATE
Time: 0 hrs, 0 mins, 1 secs, 176 ms
TRUNCATE
Time: 0 hrs, 0 mins, 1 secs, 512 ms
END
Time: 0 hrs, 0 mins, 33 secs, 396 ms

Tue Jan 11 09:27:08 EST 2011

Timing is on.

            200 - LOAD_BN_IISLOGS   

BEGIN
Time: 0 hrs, 0 mins, 0 secs, 679 ms
SET
Time: 0 hrs, 0 mins, 0 secs, 11 ms
TRUNCATE
Time: 0 hrs, 0 mins, 1 secs, 664 ms
INSERT 0 59597454
Time: 0 hrs, 24 mins, 38 secs, 479 ms
END
Time: 0 hrs, 0 mins, 12 secs, 73 ms
ALTER TABLE
Time: 0 hrs, 0 mins, 5 secs, 663 ms

Tue Jan 11 09:52:07 EST 2011

Timing is on.
BEGIN
Time: 0 hrs, 0 mins, 1 secs, 7 ms
SET
Time: 0 hrs, 0 mins, 0 secs, 12 ms

            250 - LOAD_BN_HITS_SP   

TRUNCATE
Time: 0 hrs, 0 mins, 3 secs, 847 ms
INSERT 0 16902661
Time: 0 hrs, 4 mins, 3 secs, 358 ms
ANALYZE
Time: 0 hrs, 0 mins, 1 secs, 671 ms
END
Time: 0 hrs, 0 mins, 6 secs, 521 ms

Tue Jan 11 09:56:24 EST 2011

Timing is on.
BEGIN
Time: 0 hrs, 0 mins, 0 secs, 652 ms
SET
Time: 0 hrs, 0 mins, 0 secs, 11 ms

           300 - DYNAMIC FILTER

INSERT 0 13395838
Time: 0 hrs, 0 mins, 2 secs, 954 ms
ANALYZE
Time: 0 hrs, 0 mins, 2 secs, 148 ms
 Total records in web_click_cnt 
--------------------------------
                       13395838
(1 row)

Time: 0 hrs, 0 mins, 0 secs, 545 ms
CREATE TABLE
Time: 0 hrs, 11 mins, 31 secs, 460 ms
ANALYZE
Time: 0 hrs, 0 mins, 0 secs, 113 ms
CREATE TABLE
Time: 0 hrs, 0 mins, 0 secs, 780 ms
ANALYZE
Time: 0 hrs, 0 mins, 0 secs, 154 ms
DELETE 1
Time: 0 hrs, 0 mins, 0 secs, 309 ms
INSERT 0 1
Time: 0 hrs, 0 mins, 0 secs, 388 ms
DELETE 1
Time: 0 hrs, 0 mins, 0 secs, 90 ms
INSERT 0 1
Time: 0 hrs, 0 mins, 0 secs, 348 ms
CREATE TABLE
Time: 0 hrs, 0 mins, 10 secs, 752 ms
ANALYZE
Time: 0 hrs, 0 mins, 0 secs, 177 ms
CREATE TABLE
Time: 0 hrs, 0 mins, 0 secs, 789 ms
ANALYZE
Time: 0 hrs, 0 mins, 0 secs, 125 ms
DELETE 1
Time: 0 hrs, 0 mins, 0 secs, 84 ms
INSERT 0 1
Time: 0 hrs, 0 mins, 0 secs, 344 ms
DELETE 1
Time: 0 hrs, 0 mins, 0 secs, 97 ms
INSERT 0 1
Time: 0 hrs, 0 mins, 0 secs, 404 ms
ANALYZE
Time: 0 hrs, 0 mins, 0 secs, 381 ms
    tablename     |    attr_name    | attr_value 
------------------+-----------------+------------
 BN_FILTER_SPIDER | CLK_USER_SD_MPL | 10
 BN_FILTER_SPIDER | IP_USER_SD_MPL  | 1
 BN_FILTER_SPIDER | IP_USER_RATIO   | .955
 BN_FILTER_SPIDER | CLK_USER_MEAN   | 11.694
 BN_FILTER_SPIDER | CLK_USER_SD     | 269.640
 BN_FILTER_SPIDER | IP_USER_MEAN    | 8.495
 BN_FILTER_SPIDER | IP_USER_SD      | 1328.579
(7 rows)

Time: 0 hrs, 0 mins, 0 secs, 180 ms
CREATE TABLE
Time: 0 hrs, 0 mins, 4 secs, 253 ms
CREATE TABLE
Time: 0 hrs, 0 mins, 0 secs, 308 ms
 l_mean_sd_mpl 
---------------
      2708.094
(1 row)

Time: 0 hrs, 0 mins, 0 secs, 310 ms
INSERT 0 58
Time: 0 hrs, 0 mins, 8 secs, 293 ms
ANALYZE
Time: 0 hrs, 0 mins, 0 secs, 80 ms
 Total click_user bn_spider_ip records 
---------------------------------------
                                    58
(1 row)

Time: 0 hrs, 0 mins, 0 secs, 116 ms
CREATE TABLE
Time: 0 hrs, 0 mins, 1 secs, 447 ms
ANALYZE
Time: 0 hrs, 0 mins, 0 secs, 119 ms
CREATE TABLE
Time: 0 hrs, 0 mins, 1 secs, 245 ms
ANALYZE
Time: 0 hrs, 0 mins, 0 secs, 140 ms
DROP 
Time: 0 hrs, 0 mins, 0 secs, 348 ms
CREATE TABLE
Time: 0 hrs, 0 mins, 0 secs, 366 ms
 l_mean_sd_mpl | l_ratio 
---------------+---------
      1337.074 |   0.955
(1 row)

Time: 0 hrs, 0 mins, 0 secs, 201 ms
INSERT 0 8786682
Time: 0 hrs, 0 mins, 4 secs, 285 ms
ANALYZE
Time: 0 hrs, 0 mins, 0 secs, 275 ms
 Total ip_user_filter bn_spider_ip records 
-------------------------------------------
                                   8786682
(1 row)

Time: 0 hrs, 0 mins, 0 secs, 328 ms
INSERT 0 32902805
Time: 0 hrs, 0 mins, 52 secs, 906 ms
ANALYZE
Time: 0 hrs, 0 mins, 5 secs, 242 ms
 bn_hits_stage 
---------------
      32902805
(1 row)

Time: 0 hrs, 0 mins, 0 secs, 422 ms
INSERT 0 9791988
Time: 0 hrs, 0 mins, 46 secs, 30 ms
ANALYZE
Time: 0 hrs, 0 mins, 9 secs, 540 ms
 bn_hits_sp_20110109 
---------------------
            26694649
(1 row)

Time: 0 hrs, 0 mins, 20 secs, 245 ms
END
Time: 0 hrs, 0 mins, 2 secs, 699 ms

Tue Jan 11 10:10:57 EST 2011

Timing is on.
BEGIN
Time: 0 hrs, 0 mins, 2 secs, 585 ms

           600 - LOAD RESOURCES

SET
Time: 0 hrs, 0 mins, 0 secs, 12 ms
CREATE TABLE
Time: 0 hrs, 0 mins, 25 secs, 168 ms
ANALYZE
Time: 0 hrs, 0 mins, 0 secs, 521 ms
 tmp_a_count 
-------------
      259525
(1 row)

Time: 0 hrs, 0 mins, 0 secs, 233 ms
UPDATE 0
Time: 0 hrs, 0 mins, 2 secs, 310 ms
ANALYZE
Time: 0 hrs, 0 mins, 0 secs, 568 ms
TRUNCATE
Time: 0 hrs, 0 mins, 1 secs, 261 ms
INSERT 0 53030
Time: 0 hrs, 0 mins, 10 secs, 602 ms
ANALYZE
Time: 0 hrs, 0 mins, 1 secs, 466 ms
 first_resource_id | last_resource_id 
-------------------+------------------
          12056161 |         12109190
(1 row)

Time: 0 hrs, 0 mins, 0 secs, 385 ms
INSERT 0 53030
Time: 0 hrs, 0 mins, 6 secs, 445 ms
 total_resources 
-----------------
        12084814
(1 row)

Time: 0 hrs, 0 mins, 0 secs, 126 ms
ANALYZE
Time: 0 hrs, 0 mins, 0 secs, 798 ms
END
Time: 0 hrs, 0 mins, 5 secs, 118 ms
VACUUM
Time: 0 hrs, 0 mins, 9 secs, 356 ms

Tue Jan 11 10:12:04 EST 2011

Timing is on.

           650 - LOAD_BN_SESSION_STAGE

BEGIN
Time: 0 hrs, 0 mins, 0 secs, 655 ms
SET
Time: 0 hrs, 0 mins, 0 secs, 12 ms
CREATE TABLE
Time: 0 hrs, 1 mins, 37 secs, 475 ms
ANALYZE
Time: 0 hrs, 0 mins, 2 secs, 399 ms
INSERT 0 5003802
Time: 0 hrs, 1 mins, 13 secs, 109 ms
ANALYZE
Time: 0 hrs, 0 mins, 8 secs, 355 ms
CREATE TABLE
Time: 0 hrs, 0 mins, 43 secs, 582 ms
ANALYZE
Time: 0 hrs, 0 mins, 0 secs, 240 ms
CREATE TABLE
Time: 0 hrs, 1 mins, 6 secs, 355 ms
ANALYZE
Time: 0 hrs, 0 mins, 1 secs, 82 ms
ERROR:  column "b"."cart_amt" does not exist
NOTICE:  current transaction is aborted, queries ignored until end of transaction block
NOTICE:  current transaction is aborted, queries ignored until end of transaction block
NOTICE:  current transaction is aborted, queries ignored until end of transaction block
ABORT
Time: 0 hrs, 0 mins, 0 secs, 51 ms

Tue Jan 11 10:16:58 EST 2011

BEGIN

           660 - LOAD_BN_SESSION_UPDATE_STAGE

SET
INSERT 0 0
END

Tue Jan 11 10:17:17 EST 2011

Timing is on.

           670 - LOAD_BN_SESSION_20110109.UPDATES

BEGIN
Time: 0 hrs, 0 mins, 5 secs, 567 ms
SET
Time: 0 hrs, 0 mins, 0 secs, 14 ms
UPDATE 0
Time: 0 hrs, 0 mins, 1 secs, 808 ms
END
Time: 0 hrs, 0 mins, 11 secs, 616 ms
VACUUM
Time: 0 hrs, 1 mins, 0 secs, 281 ms

Tue Jan 11 10:18:36 EST 2011

Timing is on.

           700 - LOAD_BN_SESSION

BEGIN
Time: 0 hrs, 0 mins, 2 secs, 827 ms
SET
Time: 0 hrs, 0 mins, 0 secs, 8 ms
INSERT 0 0
Time: 0 hrs, 0 mins, 25 secs, 708 ms
ANALYZE
Time: 0 hrs, 0 mins, 1 secs, 602 ms
END
Time: 0 hrs, 0 mins, 42 secs, 338 ms

Tue Jan 11 10:19:49 EST 2011

Timing is on.

            750 - LOAD_BN_SESSION_SUMMARY   

BEGIN
Time: 0 hrs, 0 mins, 1 secs, 53 ms
SET
Time: 0 hrs, 0 mins, 0 secs, 11 ms
CREATE TABLE
Time: 0 hrs, 0 mins, 21 secs, 207 ms
TRUNCATE
Time: 0 hrs, 0 mins, 22 secs, 898 ms
INSERT 0 0
Time: 0 hrs, 0 mins, 18 secs, 265 ms
ANALYZE
Time: 0 hrs, 0 mins, 0 secs, 59 ms
 count(1) 
----------
        0
(1 row)

Time: 0 hrs, 0 mins, 0 secs, 345 ms
END
Time: 0 hrs, 0 mins, 15 secs, 345 ms

Tue Jan 11 10:21:09 EST 2011

Timing is on.

           800 - LOAD_BN_HITS

BEGIN
Time: 0 hrs, 0 mins, 1 secs, 657 ms
SET
Time: 0 hrs, 0 mins, 0 secs, 8 ms
TRUNCATE
Time: 0 hrs, 0 mins, 2 secs, 753 ms
INSERT 0 0
Time: 0 hrs, 2 mins, 11 secs, 301 ms
 count(1) 
----------
        0
(1 row)

Time: 0 hrs, 0 mins, 0 secs, 465 ms
ANALYZE
Time: 0 hrs, 0 mins, 0 secs, 61 ms
END
Time: 0 hrs, 0 mins, 4 secs, 307 ms

Tue Jan 11 10:23:29 EST 2011

Timing is on.

            900 - LOAD_CLICKSTREAM   

BEGIN
Time: 0 hrs, 0 mins, 1 secs, 170 ms
SET
Time: 0 hrs, 0 mins, 0 secs, 12 ms
TRUNCATE
Time: 0 hrs, 0 mins, 2 secs, 375 ms
INSERT 0 0
Time: 0 hrs, 2 mins, 11 secs, 888 ms
 count(1) 
----------
        0
(1 row)

Time: 0 hrs, 0 mins, 0 secs, 748 ms
ANALYZE
Time: 0 hrs, 0 mins, 1 secs, 736 ms
END
Time: 0 hrs, 1 mins, 30 secs, 388 ms

Tue Jan 11 10:27:18 EST 2011

Timing is on.

            1000 - PAGE_VIEW_SUMMARY  

BEGIN
Time: 0 hrs, 0 mins, 6 secs, 406 ms
SET
Time: 0 hrs, 0 mins, 0 secs, 10 ms
TRUNCATE
Time: 0 hrs, 0 mins, 11 secs, 470 ms
INSERT 0 0
Time: 0 hrs, 0 mins, 8 secs, 737 ms
 count(1) 
----------
        0
(1 row)

Time: 0 hrs, 0 mins, 0 secs, 414 ms
ANALYZE
Time: 0 hrs, 0 mins, 0 secs, 613 ms
END
Time: 0 hrs, 0 mins, 31 secs, 340 ms
Tue Jan 11 10:28:17 EST 2011
Removing lock file and waiting for a minute
