Checking for lock file /tmp/.iislock
Acquired lock file /tmp/.iislock
-------------------------------------
Processing for 20110508
-------------------------------------

Mon May 9 04:30:08 EDT 2011

Timing is on.

           000 - INIT

BEGIN
Time: 0 hrs, 0 mins, 4 secs, 180 ms
*** Truncating staging tables before workflow starts ***
SET
Time: 0 hrs, 0 mins, 0 secs, 10 ms
GRANT
Time: 0 hrs, 0 mins, 2 secs, 453 ms
END
Time: 0 hrs, 0 mins, 0 secs, 710 ms

Mon May 9 04:30:16 EDT 2011

Timing is on.

            200 - LOAD_BN_IISLOGS   

BEGIN
Time: 0 hrs, 0 mins, 3 secs, 74 ms
SET
Time: 0 hrs, 0 mins, 0 secs, 10 ms
TRUNCATE
Time: 0 hrs, 0 mins, 2 secs, 70 ms
INSERT 0 50604578
Time: 0 hrs, 8 mins, 37 secs, 183 ms
END
Time: 0 hrs, 0 mins, 4 secs, 659 ms
ALTER TABLE
Time: 0 hrs, 0 mins, 10 secs, 72 ms

Mon May 9 04:39:13 EDT 2011

Timing is on.
BEGIN
Time: 0 hrs, 0 mins, 0 secs, 830 ms
SET
Time: 0 hrs, 0 mins, 0 secs, 9 ms

            250 - LOAD_BN_HITS_SP   

TRUNCATE
Time: 0 hrs, 0 mins, 1 secs, 512 ms
INSERT 0 14832831
Time: 0 hrs, 3 mins, 33 secs, 795 ms
ANALYZE
Time: 0 hrs, 0 mins, 3 secs, 981 ms
END
Time: 0 hrs, 0 mins, 0 secs, 733 ms

Mon May 9 04:42:54 EDT 2011

Timing is on.
BEGIN
Time: 0 hrs, 0 mins, 0 secs, 691 ms
SET
Time: 0 hrs, 0 mins, 0 secs, 11 ms

           300 - DYNAMIC FILTER

TRUNCATE
Time: 0 hrs, 0 mins, 0 secs, 247 ms
INSERT 0 11472271
Time: 0 hrs, 0 mins, 5 secs, 282 ms
ANALYZE
Time: 0 hrs, 0 mins, 0 secs, 323 ms
 Total records in web_click_cnt 
--------------------------------
                       11472271
(1 row)

Time: 0 hrs, 0 mins, 0 secs, 181 ms
CREATE TABLE
Time: 0 hrs, 0 mins, 1 secs, 93 ms
ANALYZE
Time: 0 hrs, 0 mins, 0 secs, 114 ms
CREATE TABLE
Time: 0 hrs, 0 mins, 0 secs, 769 ms
ANALYZE
Time: 0 hrs, 0 mins, 0 secs, 81 ms
DELETE 1
Time: 0 hrs, 0 mins, 0 secs, 219 ms
INSERT 0 1
Time: 0 hrs, 0 mins, 0 secs, 240 ms
DELETE 1
Time: 0 hrs, 0 mins, 0 secs, 91 ms
INSERT 0 1
Time: 0 hrs, 0 mins, 0 secs, 210 ms
CREATE TABLE
Time: 0 hrs, 0 mins, 1 secs, 394 ms
ANALYZE
Time: 0 hrs, 0 mins, 0 secs, 76 ms
CREATE TABLE
Time: 0 hrs, 0 mins, 0 secs, 543 ms
ANALYZE
Time: 0 hrs, 0 mins, 0 secs, 80 ms
DELETE 1
Time: 0 hrs, 0 mins, 0 secs, 157 ms
INSERT 0 1
Time: 0 hrs, 0 mins, 0 secs, 553 ms
DELETE 1
Time: 0 hrs, 0 mins, 0 secs, 84 ms
INSERT 0 1
Time: 0 hrs, 0 mins, 0 secs, 353 ms
ANALYZE
Time: 0 hrs, 0 mins, 0 secs, 76 ms
    tablename     |    attr_name    | attr_value 
------------------+-----------------+------------
 BN_FILTER_SPIDER | CLK_USER_SD_MPL | 10
 BN_FILTER_SPIDER | IP_USER_SD_MPL  | 1
 BN_FILTER_SPIDER | IP_USER_RATIO   | .955
 BN_FILTER_SPIDER | CLK_USER_MEAN   | 18.120
 BN_FILTER_SPIDER | CLK_USER_SD     | 358.608
 BN_FILTER_SPIDER | IP_USER_MEAN    | 18.264
 BN_FILTER_SPIDER | IP_USER_SD      | 2313.309
(7 rows)

Time: 0 hrs, 0 mins, 0 secs, 120 ms
CREATE TABLE
Time: 0 hrs, 0 mins, 4 secs, 277 ms
CREATE TABLE
Time: 0 hrs, 0 mins, 1 secs, 76 ms
 l_mean_sd_mpl 
---------------
      3604.200
(1 row)

Time: 0 hrs, 0 mins, 0 secs, 148 ms
TRUNCATE
Time: 0 hrs, 0 mins, 1 secs, 377 ms
INSERT 0 22
Time: 0 hrs, 0 mins, 4 secs, 431 ms
ANALYZE
Time: 0 hrs, 0 mins, 0 secs, 45 ms
 Total click_user bn_spider_ip records 
---------------------------------------
                                    22
(1 row)

Time: 0 hrs, 0 mins, 0 secs, 198 ms
CREATE TABLE
Time: 0 hrs, 0 mins, 0 secs, 851 ms
ANALYZE
Time: 0 hrs, 0 mins, 0 secs, 51 ms
CREATE TABLE
Time: 0 hrs, 0 mins, 1 secs, 471 ms
ANALYZE
Time: 0 hrs, 0 mins, 0 secs, 81 ms
DROP 
Time: 0 hrs, 0 mins, 0 secs, 102 ms
CREATE TABLE
Time: 0 hrs, 0 mins, 0 secs, 924 ms
 l_mean_sd_mpl | l_ratio 
---------------+---------
      2331.573 |   0.955
(1 row)

Time: 0 hrs, 0 mins, 0 secs, 327 ms
INSERT 0 9558382
Time: 0 hrs, 0 mins, 5 secs, 499 ms
ANALYZE
Time: 0 hrs, 0 mins, 0 secs, 276 ms
 Total ip_user_filter bn_spider_ip records 
-------------------------------------------
                                   9558382
(1 row)

Time: 0 hrs, 0 mins, 0 secs, 520 ms
TRUNCATE
Time: 0 hrs, 0 mins, 0 secs, 926 ms
INSERT 0 16223960
Time: 0 hrs, 0 mins, 16 secs, 993 ms
ANALYZE
Time: 0 hrs, 0 mins, 2 secs, 728 ms
 bn_hits_stage 
---------------
      16223960
(1 row)

Time: 0 hrs, 0 mins, 0 secs, 203 ms
INSERT 0 13527701
Time: 0 hrs, 0 mins, 59 secs, 299 ms
ANALYZE
Time: 0 hrs, 0 mins, 5 secs, 596 ms
 bn_hits_sp_20110508 
---------------------
            28360532
(1 row)

Time: 0 hrs, 0 mins, 15 secs, 51 ms
TRUNCATE
Time: 0 hrs, 0 mins, 1 secs, 992 ms
INSERT 0 6020086
Time: 0 hrs, 0 mins, 5 secs, 400 ms
ANALYZE
Time: 0 hrs, 0 mins, 3 secs, 146 ms
 bn_hits_client_20110508 
-------------------------
                 6020086
(1 row)

Time: 0 hrs, 0 mins, 1 secs, 359 ms
END
Time: 0 hrs, 0 mins, 3 secs, 420 ms

Mon May 9 04:45:25 EDT 2011

Timing is on.
BEGIN
Time: 0 hrs, 0 mins, 1 secs, 287 ms

           600 - LOAD RESOURCES

SET
Time: 0 hrs, 0 mins, 0 secs, 14 ms
CREATE TABLE
Time: 0 hrs, 0 mins, 5 secs, 780 ms
ANALYZE
Time: 0 hrs, 0 mins, 0 secs, 723 ms
 tmp_a_count 
-------------
       45871
(1 row)

Time: 0 hrs, 0 mins, 0 secs, 414 ms
UPDATE 0
Time: 0 hrs, 0 mins, 1 secs, 361 ms
ANALYZE
Time: 0 hrs, 0 mins, 0 secs, 841 ms
TRUNCATE
Time: 0 hrs, 0 mins, 1 secs, 866 ms
INSERT 0 16127
Time: 0 hrs, 0 mins, 5 secs, 724 ms
ANALYZE
Time: 0 hrs, 0 mins, 0 secs, 510 ms
 first_resource_id | last_resource_id 
-------------------+------------------
          13435763 |         13451889
(1 row)

Time: 0 hrs, 0 mins, 0 secs, 258 ms
INSERT 0 16127
Time: 0 hrs, 0 mins, 0 secs, 618 ms
 total_resources 
-----------------
        13427494
(1 row)

Time: 0 hrs, 0 mins, 0 secs, 170 ms
ANALYZE
Time: 0 hrs, 0 mins, 0 secs, 750 ms
END
Time: 0 hrs, 0 mins, 1 secs, 852 ms
VACUUM
Time: 0 hrs, 0 mins, 6 secs, 398 ms

Mon May 9 04:45:54 EDT 2011

Timing is on.

           650 - LOAD_BN_SESSION_STAGE

BEGIN
Time: 0 hrs, 0 mins, 0 secs, 653 ms
SET
Time: 0 hrs, 0 mins, 0 secs, 12 ms
SET
Time: 0 hrs, 0 mins, 0 secs, 12 ms
CREATE TABLE
Time: 0 hrs, 0 mins, 39 secs, 842 ms
ANALYZE
Time: 0 hrs, 0 mins, 4 secs, 661 ms
 tmp_sessionized_stage 
-----------------------
              16223960
(1 row)

Time: 0 hrs, 0 mins, 0 secs, 216 ms
TRUNCATE
Time: 0 hrs, 0 mins, 0 secs, 513 ms
INSERT 0 1653294
Time: 0 hrs, 0 mins, 30 secs, 468 ms
ANALYZE
Time: 0 hrs, 0 mins, 0 secs, 514 ms
CREATE TABLE
Time: 0 hrs, 0 mins, 37 secs, 744 ms
CREATE INDEX
Time: 0 hrs, 0 mins, 0 secs, 356 ms
 tmp_first_last 
----------------
        1653294
(1 row)

Time: 0 hrs, 0 mins, 0 secs, 325 ms
ANALYZE
Time: 0 hrs, 0 mins, 0 secs, 606 ms
SET
Time: 0 hrs, 0 mins, 0 secs, 17 ms
SET
Time: 0 hrs, 0 mins, 0 secs, 76 ms
TRUNCATE
Time: 0 hrs, 0 mins, 0 secs, 538 ms
DROP
Time: 0 hrs, 0 mins, 0 secs, 69 ms
INSERT 0 1653294
Time: 0 hrs, 0 mins, 5 secs, 523 ms
 bn_session_stage 
------------------
          1653294
(1 row)

Time: 0 hrs, 0 mins, 0 secs, 387 ms
CREATE INDEX
Time: 0 hrs, 0 mins, 0 secs, 426 ms
ANALYZE
Time: 0 hrs, 0 mins, 0 secs, 836 ms
TRUNCATE
Time: 0 hrs, 0 mins, 0 secs, 399 ms
END
Time: 0 hrs, 0 mins, 1 secs, 691 ms

Mon May 9 04:48:01 EDT 2011

BEGIN

           660 - LOAD_BN_SESSION_UPDATE_STAGE

SET
TRUNCATE
INSERT 0 0
END

Mon May 9 04:48:05 EDT 2011

Timing is on.

           670 - LOAD_BN_SESSION_20110508.UPDATES

BEGIN
Time: 0 hrs, 0 mins, 0 secs, 672 ms
SET
Time: 0 hrs, 0 mins, 0 secs, 12 ms
UPDATE 0
Time: 0 hrs, 0 mins, 0 secs, 175 ms
END
Time: 0 hrs, 0 mins, 0 secs, 620 ms
VACUUM
Time: 0 hrs, 0 mins, 2 secs, 218 ms

Mon May 9 04:48:09 EDT 2011

Timing is on.

           700 - LOAD_BN_SESSION

BEGIN
Time: 0 hrs, 0 mins, 0 secs, 676 ms
SET
Time: 0 hrs, 0 mins, 0 secs, 8 ms
INSERT 0 1653294
Time: 0 hrs, 0 mins, 3 secs, 717 ms
ANALYZE
Time: 0 hrs, 0 mins, 1 secs, 226 ms
END
Time: 0 hrs, 0 mins, 3 secs, 96 ms

Mon May 9 04:48:18 EDT 2011

Timing is on.

            750 - LOAD_BN_SESSION_SUMMARY   

BEGIN
Time: 0 hrs, 0 mins, 0 secs, 787 ms
SET
Time: 0 hrs, 0 mins, 0 secs, 11 ms
CREATE TABLE
Time: 0 hrs, 0 mins, 4 secs, 414 ms
TRUNCATE
Time: 0 hrs, 0 mins, 1 secs, 306 ms
INSERT 0 145563
Time: 0 hrs, 0 mins, 3 secs, 878 ms
ANALYZE
Time: 0 hrs, 0 mins, 0 secs, 788 ms
 count(1) 
----------
   145563
(1 row)

Time: 0 hrs, 0 mins, 0 secs, 874 ms
END
Time: 0 hrs, 0 mins, 5 secs, 234 ms

Mon May 9 04:48:35 EDT 2011

Timing is on.

           800 - LOAD_BN_HITS

BEGIN
Time: 0 hrs, 0 mins, 1 secs, 509 ms
SET
Time: 0 hrs, 0 mins, 0 secs, 10 ms
SET
Time: 0 hrs, 0 mins, 0 secs, 47 ms
SET
Time: 0 hrs, 0 mins, 0 secs, 51 ms
SET
Time: 0 hrs, 0 mins, 0 secs, 55 ms
TRUNCATE
Time: 0 hrs, 0 mins, 3 secs, 332 ms
INSERT 0 16223960
Time: 0 hrs, 0 mins, 9 secs, 233 ms
 count(1) 
----------
 16223960
(1 row)

Time: 0 hrs, 0 mins, 1 secs, 972 ms
ANALYZE
Time: 0 hrs, 0 mins, 4 secs, 529 ms
END
Time: 0 hrs, 0 mins, 10 secs, 820 ms

Mon May 9 04:49:07 EDT 2011

Timing is on.

            900 - LOAD_CLICKSTREAM   

BEGIN
Time: 0 hrs, 0 mins, 1 secs, 95 ms
SET
Time: 0 hrs, 0 mins, 0 secs, 25 ms
TRUNCATE
Time: 0 hrs, 0 mins, 1 secs, 101 ms
INSERT 0 16223960
Time: 0 hrs, 1 mins, 16 secs, 295 ms
 count(1) 
----------
 16223960
(1 row)

Time: 0 hrs, 0 mins, 0 secs, 402 ms
ANALYZE
Time: 0 hrs, 0 mins, 1 secs, 230 ms
END
Time: 0 hrs, 0 mins, 15 secs, 346 ms

Mon May 9 04:50:43 EDT 2011

Timing is on.

            1000 - PAGE_VIEW_SUMMARY  

BEGIN
Time: 0 hrs, 0 mins, 0 secs, 918 ms
SET
Time: 0 hrs, 0 mins, 0 secs, 12 ms
SET
Time: 0 hrs, 0 mins, 0 secs, 25 ms
TRUNCATE
Time: 0 hrs, 0 mins, 2 secs, 10 ms
INSERT 0 52023
Time: 0 hrs, 0 mins, 3 secs, 972 ms
 count(1) 
----------
    52023
(1 row)

Time: 0 hrs, 0 mins, 0 secs, 113 ms
ANALYZE
Time: 0 hrs, 0 mins, 0 secs, 73 ms
END
Time: 0 hrs, 0 mins, 3 secs, 421 ms

Mon May 9 04:50:54 EDT 2011


2000 - WRAP UP 

Timing is on.
BEGIN
Time: 0 hrs, 0 mins, 0 secs, 744 ms
TRUNCATE
Time: 0 hrs, 0 mins, 0 secs, 665 ms
TRUNCATE
Time: 0 hrs, 0 mins, 0 secs, 764 ms
END
Time: 0 hrs, 0 mins, 3 secs, 793 ms
Mon May 9 04:51:00 EDT 2011
Removing lock file and waiting for a minute
Checking for lock file /tmp/.iislock
Acquired lock file /tmp/.iislock
-------------------------------------
Processing for 20110508
-------------------------------------

Tue May 10 06:17:05 EDT 2011

Timing is on.

           000 - INIT

BEGIN
Time: 0 hrs, 0 mins, 1 secs, 604 ms
*** Truncating staging tables before workflow starts ***
SET
Time: 0 hrs, 0 mins, 0 secs, 11 ms
GRANT
Time: 0 hrs, 0 mins, 3 secs, 960 ms
END
Time: 0 hrs, 0 mins, 26 secs, 857 ms

Tue May 10 06:17:38 EDT 2011

Timing is on.

            200 - LOAD_BN_IISLOGS   

BEGIN
Time: 0 hrs, 0 mins, 1 secs, 796 ms
SET
Time: 0 hrs, 0 mins, 0 secs, 10 ms
TRUNCATE
Time: 0 hrs, 0 mins, 1 secs, 479 ms
INSERT 0 70212971
Time: 0 hrs, 12 mins, 41 secs, 800 ms
END
Time: 0 hrs, 0 mins, 59 secs, 33 ms
ALTER TABLE
Time: 0 hrs, 0 mins, 21 secs, 340 ms

Tue May 10 06:31:44 EDT 2011

Timing is on.
BEGIN
Time: 0 hrs, 0 mins, 2 secs, 71 ms
SET
Time: 0 hrs, 0 mins, 0 secs, 9 ms

            250 - LOAD_BN_HITS_SP   

TRUNCATE
Time: 0 hrs, 0 mins, 3 secs, 887 ms
INSERT 0 20330303
Time: 0 hrs, 5 mins, 29 secs, 905 ms
ANALYZE
Time: 0 hrs, 0 mins, 12 secs, 996 ms
END
Time: 0 hrs, 1 mins, 9 secs, 378 ms

Tue May 10 06:38:42 EDT 2011

Timing is on.
BEGIN
Time: 0 hrs, 0 mins, 8 secs, 315 ms
SET
Time: 0 hrs, 0 mins, 0 secs, 12 ms

           300 - DYNAMIC FILTER

TRUNCATE
Time: 0 hrs, 0 mins, 2 secs, 913 ms
INSERT 0 14676894
Time: 0 hrs, 0 mins, 32 secs, 770 ms
ANALYZE
Time: 0 hrs, 0 mins, 1 secs, 92 ms
 Total records in web_click_cnt 
--------------------------------
                       14676894
(1 row)

Time: 0 hrs, 0 mins, 0 secs, 941 ms
CREATE TABLE
Time: 0 hrs, 1 mins, 39 secs, 709 ms
ANALYZE
Time: 0 hrs, 0 mins, 0 secs, 142 ms
CREATE TABLE
Time: 0 hrs, 0 mins, 1 secs, 768 ms
ANALYZE
Time: 0 hrs, 0 mins, 0 secs, 277 ms
DELETE 1
Time: 0 hrs, 0 mins, 1 secs, 23 ms
INSERT 0 1
Time: 0 hrs, 0 mins, 1 secs, 538 ms
DELETE 1
Time: 0 hrs, 0 mins, 0 secs, 127 ms
INSERT 0 1
Time: 0 hrs, 0 mins, 1 secs, 274 ms
CREATE TABLE
Time: 0 hrs, 0 mins, 6 secs, 134 ms
ANALYZE
Time: 0 hrs, 0 mins, 0 secs, 155 ms
CREATE TABLE
Time: 0 hrs, 0 mins, 0 secs, 612 ms
ANALYZE
Time: 0 hrs, 0 mins, 0 secs, 437 ms
DELETE 1
Time: 0 hrs, 0 mins, 0 secs, 144 ms
INSERT 0 1
Time: 0 hrs, 0 mins, 0 secs, 906 ms
DELETE 1
Time: 0 hrs, 0 mins, 0 secs, 117 ms
INSERT 0 1
Time: 0 hrs, 0 mins, 0 secs, 569 ms
ANALYZE
Time: 0 hrs, 0 mins, 0 secs, 370 ms
    tablename     |    attr_name    | attr_value 
------------------+-----------------+------------
 BN_FILTER_SPIDER | CLK_USER_SD_MPL | 10
 BN_FILTER_SPIDER | IP_USER_SD_MPL  | 1
 BN_FILTER_SPIDER | IP_USER_RATIO   | .955
 BN_FILTER_SPIDER | CLK_USER_MEAN   | 19.133
 BN_FILTER_SPIDER | CLK_USER_SD     | 385.962
 BN_FILTER_SPIDER | IP_USER_MEAN    | 17.262
 BN_FILTER_SPIDER | IP_USER_SD      | 2542.125
(7 rows)

Time: 0 hrs, 0 mins, 0 secs, 853 ms
CREATE TABLE
Time: 0 hrs, 0 mins, 8 secs, 265 ms
CREATE TABLE
Time: 0 hrs, 0 mins, 0 secs, 650 ms
 l_mean_sd_mpl 
---------------
      3878.753
(1 row)

Time: 0 hrs, 0 mins, 0 secs, 431 ms
TRUNCATE
Time: 0 hrs, 0 mins, 1 secs, 785 ms
INSERT 0 29
Time: 0 hrs, 0 mins, 33 secs, 752 ms
ANALYZE
Time: 0 hrs, 0 mins, 0 secs, 81 ms
 Total click_user bn_spider_ip records 
---------------------------------------
                                    29
(1 row)

Time: 0 hrs, 0 mins, 0 secs, 286 ms
CREATE TABLE
Time: 0 hrs, 0 mins, 2 secs, 448 ms
ANALYZE
Time: 0 hrs, 0 mins, 0 secs, 111 ms
CREATE TABLE
Time: 0 hrs, 0 mins, 2 secs, 868 ms
ANALYZE
Time: 0 hrs, 0 mins, 0 secs, 99 ms
DROP 
Time: 0 hrs, 0 mins, 0 secs, 163 ms
CREATE TABLE
Time: 0 hrs, 0 mins, 1 secs, 275 ms
 l_mean_sd_mpl | l_ratio 
---------------+---------
      2559.387 |   0.955
(1 row)

Time: 0 hrs, 0 mins, 0 secs, 440 ms
INSERT 0 12152283
Time: 0 hrs, 0 mins, 16 secs, 41 ms
ANALYZE
Time: 0 hrs, 0 mins, 0 secs, 783 ms
 Total ip_user_filter bn_spider_ip records 
-------------------------------------------
                                  12152283
(1 row)

Time: 0 hrs, 0 mins, 1 secs, 93 ms
TRUNCATE
Time: 0 hrs, 0 mins, 3 secs, 356 ms
INSERT 0 23344221
Time: 0 hrs, 1 mins, 25 secs, 129 ms
ANALYZE
Time: 0 hrs, 0 mins, 7 secs, 421 ms
 bn_hits_stage 
---------------
      23344221
(1 row)

Time: 0 hrs, 0 mins, 0 secs, 525 ms
INSERT 0 17226549
Time: 0 hrs, 1 mins, 38 secs, 248 ms
ANALYZE
Time: 0 hrs, 0 mins, 21 secs, 954 ms
 bn_hits_sp_20110508 
---------------------
            37556852
(1 row)

Time: 0 hrs, 0 mins, 11 secs, 365 ms
TRUNCATE
Time: 0 hrs, 0 mins, 1 secs, 167 ms
INSERT 0 9311898
Time: 0 hrs, 0 mins, 7 secs, 474 ms
ANALYZE
Time: 0 hrs, 0 mins, 3 secs, 243 ms
 bn_hits_client_20110508 
-------------------------
                 9311898
(1 row)

Time: 0 hrs, 0 mins, 0 secs, 535 ms
END
Time: 0 hrs, 0 mins, 52 secs, 126 ms

Tue May 10 06:47:28 EDT 2011

Timing is on.
BEGIN
Time: 0 hrs, 0 mins, 1 secs, 264 ms

           600 - LOAD RESOURCES

SET
Time: 0 hrs, 0 mins, 0 secs, 12 ms
CREATE TABLE
Time: 0 hrs, 0 mins, 12 secs, 182 ms
ANALYZE
Time: 0 hrs, 0 mins, 0 secs, 710 ms
 tmp_a_count 
-------------
       58583
(1 row)

Time: 0 hrs, 0 mins, 0 secs, 113 ms
UPDATE 0
Time: 0 hrs, 0 mins, 3 secs, 302 ms
ANALYZE
Time: 0 hrs, 0 mins, 1 secs, 410 ms
TRUNCATE
Time: 0 hrs, 0 mins, 3 secs, 247 ms
INSERT 0 3317
Time: 0 hrs, 0 mins, 8 secs, 30 ms
ANALYZE
Time: 0 hrs, 0 mins, 0 secs, 725 ms
 first_resource_id | last_resource_id 
-------------------+------------------
          13464545 |         13467861
(1 row)

Time: 0 hrs, 0 mins, 0 secs, 413 ms
INSERT 0 3317
Time: 0 hrs, 0 mins, 2 secs, 348 ms
 total_resources 
-----------------
        13443466
(1 row)

Time: 0 hrs, 0 mins, 0 secs, 556 ms
ANALYZE
Time: 0 hrs, 0 mins, 0 secs, 865 ms
END
Time: 0 hrs, 0 mins, 37 secs, 357 ms
VACUUM
Time: 0 hrs, 1 mins, 19 secs, 425 ms

Tue May 10 06:50:00 EDT 2011

Timing is on.

           650 - LOAD_BN_SESSION_STAGE

BEGIN
Time: 0 hrs, 0 mins, 5 secs, 998 ms
SET
Time: 0 hrs, 0 mins, 0 secs, 12 ms
SET
Time: 0 hrs, 0 mins, 0 secs, 17 ms
CREATE TABLE
Time: 0 hrs, 5 mins, 41 secs, 116 ms
ANALYZE
Time: 0 hrs, 0 mins, 8 secs, 188 ms
 tmp_sessionized_stage 
-----------------------
              23344221
(1 row)

Time: 0 hrs, 0 mins, 0 secs, 585 ms
TRUNCATE
Time: 0 hrs, 0 mins, 1 secs, 51 ms
INSERT 0 2192481
Time: 0 hrs, 0 mins, 44 secs, 239 ms
ANALYZE
Time: 0 hrs, 0 mins, 1 secs, 527 ms
CREATE TABLE
Time: 0 hrs, 1 mins, 16 secs, 797 ms
CREATE INDEX
Time: 0 hrs, 0 mins, 0 secs, 642 ms
 tmp_first_last 
----------------
        2192481
(1 row)

Time: 0 hrs, 0 mins, 0 secs, 191 ms
ANALYZE
Time: 0 hrs, 0 mins, 0 secs, 788 ms
SET
Time: 0 hrs, 0 mins, 0 secs, 49 ms
SET
Time: 0 hrs, 0 mins, 0 secs, 18 ms
TRUNCATE
Time: 0 hrs, 0 mins, 0 secs, 934 ms
DROP
Time: 0 hrs, 0 mins, 0 secs, 80 ms
INSERT 0 2192481
Time: 0 hrs, 0 mins, 7 secs, 232 ms
 bn_session_stage 
------------------
          2192481
(1 row)

Time: 0 hrs, 0 mins, 1 secs, 337 ms
CREATE INDEX
Time: 0 hrs, 0 mins, 1 secs, 974 ms
ANALYZE
Time: 0 hrs, 0 mins, 1 secs, 214 ms
TRUNCATE
Time: 0 hrs, 0 mins, 1 secs, 831 ms
END
Time: 0 hrs, 1 mins, 8 secs, 457 ms

Tue May 10 06:59:24 EDT 2011

BEGIN

           660 - LOAD_BN_SESSION_UPDATE_STAGE

SET
TRUNCATE
INSERT 0 0
END

Tue May 10 07:00:06 EDT 2011

Timing is on.

           670 - LOAD_BN_SESSION_20110508.UPDATES

BEGIN
Time: 0 hrs, 0 mins, 3 secs, 884 ms
SET
Time: 0 hrs, 0 mins, 0 secs, 16 ms
UPDATE 0
Time: 0 hrs, 0 mins, 1 secs, 86 ms
END
Time: 0 hrs, 1 mins, 35 secs, 816 ms
VACUUM
Time: 0 hrs, 1 mins, 13 secs, 268 ms

Tue May 10 07:03:00 EDT 2011

Timing is on.

           700 - LOAD_BN_SESSION

BEGIN
Time: 0 hrs, 0 mins, 4 secs, 369 ms
SET
Time: 0 hrs, 0 mins, 0 secs, 12 ms
INSERT 0 2192481
Time: 0 hrs, 2 mins, 17 secs, 498 ms
ANALYZE
Time: 0 hrs, 0 mins, 2 secs, 221 ms
END
Time: 0 hrs, 1 mins, 33 secs, 384 ms

Tue May 10 07:06:58 EDT 2011

Timing is on.

            750 - LOAD_BN_SESSION_SUMMARY   

BEGIN
Time: 0 hrs, 0 mins, 2 secs, 518 ms
SET
Time: 0 hrs, 0 mins, 0 secs, 11 ms
CREATE TABLE
Time: 0 hrs, 0 mins, 13 secs, 71 ms
TRUNCATE
Time: 0 hrs, 0 mins, 8 secs, 67 ms
INSERT 0 184899
Time: 0 hrs, 0 mins, 15 secs, 743 ms
ANALYZE
Time: 0 hrs, 0 mins, 0 secs, 950 ms
 count(1) 
----------
   184899
(1 row)

Time: 0 hrs, 0 mins, 0 secs, 258 ms
END
Time: 0 hrs, 1 mins, 33 secs, 242 ms

Tue May 10 07:09:12 EDT 2011

Timing is on.

           800 - LOAD_BN_HITS

BEGIN
Time: 0 hrs, 0 mins, 8 secs, 333 ms
SET
Time: 0 hrs, 0 mins, 0 secs, 12 ms
SET
Time: 0 hrs, 0 mins, 0 secs, 39 ms
SET
Time: 0 hrs, 0 mins, 0 secs, 24 ms
SET
Time: 0 hrs, 0 mins, 0 secs, 18 ms
TRUNCATE
Time: 0 hrs, 0 mins, 6 secs, 968 ms
INSERT 0 23344221
Time: 0 hrs, 0 mins, 13 secs, 533 ms
 count(1) 
----------
 23344221
(1 row)

Time: 0 hrs, 0 mins, 1 secs, 329 ms
ANALYZE
Time: 0 hrs, 0 mins, 2 secs, 723 ms
END
Time: 0 hrs, 0 mins, 57 secs, 678 ms

Tue May 10 07:10:43 EDT 2011

Timing is on.

            900 - LOAD_CLICKSTREAM   

BEGIN
Time: 0 hrs, 0 mins, 1 secs, 109 ms
SET
Time: 0 hrs, 0 mins, 0 secs, 7 ms
TRUNCATE
Time: 0 hrs, 0 mins, 4 secs, 63 ms
INSERT 0 23344221
Time: 0 hrs, 3 mins, 26 secs, 582 ms
 count(1) 
----------
 23344221
(1 row)

Time: 0 hrs, 0 mins, 0 secs, 751 ms
ANALYZE
Time: 0 hrs, 0 mins, 2 secs, 589 ms
END
Time: 0 hrs, 0 mins, 23 secs, 666 ms

Tue May 10 07:14:42 EDT 2011

Timing is on.

            1000 - PAGE_VIEW_SUMMARY  

BEGIN
Time: 0 hrs, 0 mins, 3 secs, 301 ms
SET
Time: 0 hrs, 0 mins, 0 secs, 9 ms
SET
Time: 0 hrs, 0 mins, 0 secs, 29 ms
TRUNCATE
Time: 0 hrs, 0 mins, 1 secs, 441 ms
INSERT 0 66126
Time: 0 hrs, 0 mins, 13 secs, 455 ms
 count(1) 
----------
    66126
(1 row)

Time: 0 hrs, 0 mins, 0 secs, 509 ms
ANALYZE
Time: 0 hrs, 0 mins, 0 secs, 200 ms
END
Time: 0 hrs, 0 mins, 8 secs, 301 ms

Tue May 10 07:15:09 EDT 2011


2000 - WRAP UP 

Timing is on.
BEGIN
Time: 0 hrs, 0 mins, 1 secs, 91 ms
TRUNCATE
Time: 0 hrs, 0 mins, 2 secs, 485 ms
TRUNCATE
Time: 0 hrs, 0 mins, 2 secs, 209 ms
END
Time: 0 hrs, 0 mins, 15 secs, 599 ms
Tue May 10 07:15:31 EDT 2011
Removing lock file and waiting for a minute
