Checking for lock file /tmp/.iislock
Acquired lock file /tmp/.iislock
-------------------------------------
Processing for 20110320
-------------------------------------

Mon Mar 21 04:00:49 EDT 2011

Timing is on.

           000 - INIT

BEGIN
Time: 0 hrs, 0 mins, 4 secs, 512 ms
*** Truncating staging tables before workflow starts ***
SET
Time: 0 hrs, 0 mins, 0 secs, 16 ms
GRANT
Time: 0 hrs, 0 mins, 59 secs, 932 ms
END
Time: 0 hrs, 3 mins, 2 secs, 880 ms

Mon Mar 21 04:04:57 EDT 2011

Timing is on.

            200 - LOAD_BN_IISLOGS   

BEGIN
Time: 0 hrs, 0 mins, 29 secs, 115 ms
SET
Time: 0 hrs, 0 mins, 0 secs, 10 ms
TRUNCATE
Time: 0 hrs, 0 mins, 9 secs, 469 ms
INSERT 0 31360464
Time: 0 hrs, 7 mins, 24 secs, 729 ms
END
Time: 0 hrs, 0 mins, 2 secs, 959 ms
ALTER TABLE
Time: 0 hrs, 9 mins, 2 secs, 258 ms

Mon Mar 21 04:22:06 EDT 2011

Timing is on.
BEGIN
Time: 0 hrs, 0 mins, 4 secs, 127 ms
SET
Time: 0 hrs, 0 mins, 0 secs, 18 ms

            250 - LOAD_BN_HITS_SP   

TRUNCATE
Time: 0 hrs, 0 mins, 2 secs, 787 ms
INSERT 0 9963913
Time: 0 hrs, 2 mins, 46 secs, 56 ms
ANALYZE
Time: 0 hrs, 1 mins, 24 secs, 189 ms
END
Time: 0 hrs, 0 mins, 14 secs, 723 ms

Mon Mar 21 04:26:38 EDT 2011

Timing is on.
BEGIN
Time: 0 hrs, 0 mins, 10 secs, 490 ms
SET
Time: 0 hrs, 0 mins, 0 secs, 11 ms

           300 - DYNAMIC FILTER

TRUNCATE
Time: 0 hrs, 0 mins, 6 secs, 764 ms
INSERT 0 5010170
Time: 0 hrs, 0 mins, 40 secs, 816 ms
ANALYZE
Time: 0 hrs, 0 mins, 1 secs, 513 ms
 Total records in web_click_cnt 
--------------------------------
                        5010170
(1 row)

Time: 0 hrs, 0 mins, 1 secs, 140 ms
CREATE TABLE
Time: 0 hrs, 0 mins, 19 secs, 252 ms
ANALYZE
Time: 0 hrs, 0 mins, 0 secs, 120 ms
CREATE TABLE
Time: 0 hrs, 0 mins, 2 secs, 254 ms
ANALYZE
Time: 0 hrs, 0 mins, 0 secs, 68 ms
DELETE 1
Time: 0 hrs, 0 mins, 0 secs, 383 ms
INSERT 0 1
Time: 0 hrs, 0 mins, 1 secs, 747 ms
DELETE 1
Time: 0 hrs, 0 mins, 0 secs, 118 ms
INSERT 0 1
Time: 0 hrs, 0 mins, 0 secs, 701 ms
CREATE TABLE
Time: 0 hrs, 0 mins, 14 secs, 502 ms
ANALYZE
Time: 0 hrs, 0 mins, 0 secs, 406 ms
CREATE TABLE
Time: 0 hrs, 0 mins, 2 secs, 902 ms
ANALYZE
Time: 0 hrs, 0 mins, 0 secs, 300 ms
DELETE 1
Time: 0 hrs, 0 mins, 0 secs, 136 ms
INSERT 0 1
Time: 0 hrs, 0 mins, 1 secs, 620 ms
DELETE 1
Time: 0 hrs, 0 mins, 0 secs, 90 ms
INSERT 0 1
Time: 0 hrs, 0 mins, 1 secs, 154 ms
ANALYZE
Time: 0 hrs, 0 mins, 0 secs, 351 ms
    tablename     |    attr_name    | attr_value 
------------------+-----------------+------------
 BN_FILTER_SPIDER | CLK_USER_SD_MPL | 10
 BN_FILTER_SPIDER | IP_USER_SD_MPL  | 1
 BN_FILTER_SPIDER | IP_USER_RATIO   | .955
 BN_FILTER_SPIDER | CLK_USER_MEAN   | 17.231
 BN_FILTER_SPIDER | CLK_USER_SD     | 460.821
 BN_FILTER_SPIDER | IP_USER_MEAN    | 9.495
 BN_FILTER_SPIDER | IP_USER_SD      | 949.239
(7 rows)

Time: 0 hrs, 0 mins, 2 secs, 293 ms
CREATE TABLE
Time: 0 hrs, 0 mins, 5 secs, 256 ms
CREATE TABLE
Time: 0 hrs, 0 mins, 1 secs, 976 ms
 l_mean_sd_mpl 
---------------
      4625.441
(1 row)

Time: 0 hrs, 0 mins, 1 secs, 34 ms
TRUNCATE
Time: 0 hrs, 0 mins, 2 secs, 787 ms
INSERT 0 8
Time: 0 hrs, 0 mins, 4 secs, 79 ms
ANALYZE
Time: 0 hrs, 0 mins, 0 secs, 197 ms
 Total click_user bn_spider_ip records 
---------------------------------------
                                     8
(1 row)

Time: 0 hrs, 0 mins, 0 secs, 337 ms
CREATE TABLE
Time: 0 hrs, 0 mins, 6 secs, 999 ms
ANALYZE
Time: 0 hrs, 0 mins, 0 secs, 68 ms
CREATE TABLE
Time: 0 hrs, 0 mins, 6 secs, 102 ms
ANALYZE
Time: 0 hrs, 0 mins, 1 secs, 109 ms
DROP 
Time: 0 hrs, 0 mins, 0 secs, 370 ms
CREATE TABLE
Time: 0 hrs, 0 mins, 1 secs, 397 ms
 l_mean_sd_mpl | l_ratio 
---------------+---------
       958.734 |   0.955
(1 row)

Time: 0 hrs, 0 mins, 5 secs, 500 ms
INSERT 0 3742130
Time: 0 hrs, 0 mins, 31 secs, 134 ms
ANALYZE
Time: 0 hrs, 0 mins, 5 secs, 152 ms
 Total ip_user_filter bn_spider_ip records 
-------------------------------------------
                                   3742130
(1 row)

Time: 0 hrs, 0 mins, 12 secs, 686 ms
TRUNCATE
Time: 0 hrs, 0 mins, 10 secs, 478 ms
INSERT 0 11735301
Time: 0 hrs, 1 mins, 34 secs, 984 ms
ANALYZE
Time: 0 hrs, 0 mins, 28 secs, 599 ms
 bn_hits_stage 
---------------
      11735301
(1 row)

Time: 0 hrs, 0 mins, 34 secs, 354 ms
INSERT 0 4824783
Time: 0 hrs, 12 mins, 53 secs, 912 ms
ANALYZE
Time: 0 hrs, 0 mins, 11 secs, 184 ms
 bn_hits_sp_20110320 
---------------------
            14788696
(1 row)

Time: 0 hrs, 0 mins, 7 secs, 38 ms
TRUNCATE
Time: 0 hrs, 0 mins, 4 secs, 724 ms
INSERT 0 4836467
Time: 0 hrs, 0 mins, 8 secs, 463 ms
ANALYZE
Time: 0 hrs, 0 mins, 4 secs, 557 ms
 bn_hits_client_20110320 
-------------------------
                 4836467
(1 row)

Time: 0 hrs, 0 mins, 4 secs, 996 ms
END
Time: 0 hrs, 0 mins, 33 secs, 987 ms

Mon Mar 21 04:46:51 EDT 2011

Timing is on.
BEGIN
Time: 0 hrs, 0 mins, 2 secs, 751 ms

           600 - LOAD RESOURCES

SET
Time: 0 hrs, 0 mins, 0 secs, 10 ms
CREATE TABLE
Time: 0 hrs, 0 mins, 13 secs, 521 ms
ANALYZE
Time: 0 hrs, 0 mins, 1 secs, 251 ms
 tmp_a_count 
-------------
       26499
(1 row)

Time: 0 hrs, 0 mins, 0 secs, 574 ms
UPDATE 0
Time: 0 hrs, 0 mins, 1 secs, 695 ms
ANALYZE
Time: 0 hrs, 0 mins, 1 secs, 152 ms
TRUNCATE
Time: 0 hrs, 0 mins, 0 secs, 859 ms
INSERT 0 2594
Time: 0 hrs, 0 mins, 7 secs, 762 ms
ANALYZE
Time: 0 hrs, 0 mins, 0 secs, 370 ms
 first_resource_id | last_resource_id 
-------------------+------------------
          13041574 |         13044167
(1 row)

Time: 0 hrs, 0 mins, 0 secs, 144 ms
INSERT 0 2594
Time: 0 hrs, 0 mins, 0 secs, 912 ms
 total_resources 
-----------------
        13019772
(1 row)

Time: 0 hrs, 0 mins, 0 secs, 171 ms
ANALYZE
Time: 0 hrs, 0 mins, 0 secs, 922 ms
END
Time: 0 hrs, 0 mins, 1 secs, 644 ms
VACUUM
Time: 0 hrs, 0 mins, 6 secs, 700 ms

Mon Mar 21 04:47:32 EDT 2011

Timing is on.

           650 - LOAD_BN_SESSION_STAGE

BEGIN
Time: 0 hrs, 0 mins, 0 secs, 941 ms
SET
Time: 0 hrs, 0 mins, 0 secs, 10 ms
SET
Time: 0 hrs, 0 mins, 0 secs, 36 ms
CREATE TABLE
Time: 0 hrs, 0 mins, 29 secs, 717 ms
ANALYZE
Time: 0 hrs, 0 mins, 3 secs, 523 ms
 tmp_sessionized_stage 
-----------------------
              11735301
(1 row)

Time: 0 hrs, 0 mins, 0 secs, 313 ms
TRUNCATE
Time: 0 hrs, 0 mins, 1 secs, 181 ms
INSERT 0 1085549
Time: 0 hrs, 0 mins, 24 secs, 709 ms
ANALYZE
Time: 0 hrs, 0 mins, 6 secs, 128 ms
CREATE TABLE
Time: 0 hrs, 3 mins, 13 secs, 379 ms
CREATE INDEX
Time: 0 hrs, 0 mins, 5 secs, 368 ms
 tmp_first_last 
----------------
        1085549
(1 row)

Time: 0 hrs, 0 mins, 0 secs, 306 ms
ANALYZE
Time: 0 hrs, 0 mins, 0 secs, 439 ms
SET
Time: 0 hrs, 0 mins, 0 secs, 19 ms
SET
Time: 0 hrs, 0 mins, 0 secs, 33 ms
TRUNCATE
Time: 0 hrs, 0 mins, 3 secs, 376 ms
DROP
Time: 0 hrs, 0 mins, 0 secs, 295 ms
INSERT 0 1085549
Time: 0 hrs, 0 mins, 5 secs, 23 ms
 bn_session_stage 
------------------
          1085549
(1 row)

Time: 0 hrs, 0 mins, 1 secs, 839 ms
CREATE INDEX
Time: 0 hrs, 0 mins, 1 secs, 0 ms
ANALYZE
Time: 0 hrs, 0 mins, 0 secs, 547 ms
TRUNCATE
Time: 0 hrs, 0 mins, 2 secs, 255 ms
END
Time: 0 hrs, 0 mins, 10 secs, 97 ms

Mon Mar 21 04:52:22 EDT 2011

BEGIN

           660 - LOAD_BN_SESSION_UPDATE_STAGE

SET
TRUNCATE
INSERT 0 0
END

Mon Mar 21 04:52:27 EDT 2011

Timing is on.

           670 - LOAD_BN_SESSION_20110320.UPDATES

BEGIN
Time: 0 hrs, 0 mins, 1 secs, 391 ms
SET
Time: 0 hrs, 0 mins, 0 secs, 10 ms
UPDATE 0
Time: 0 hrs, 0 mins, 0 secs, 488 ms
END
Time: 0 hrs, 0 mins, 1 secs, 592 ms
VACUUM
Time: 0 hrs, 0 mins, 20 secs, 341 ms

Mon Mar 21 04:52:52 EDT 2011

Timing is on.

           700 - LOAD_BN_SESSION

BEGIN
Time: 0 hrs, 0 mins, 1 secs, 15 ms
SET
Time: 0 hrs, 0 mins, 0 secs, 10 ms
INSERT 0 1085549
Time: 0 hrs, 0 mins, 5 secs, 542 ms
ANALYZE
Time: 0 hrs, 0 mins, 0 secs, 703 ms
END
Time: 0 hrs, 0 mins, 3 secs, 686 ms

Mon Mar 21 04:53:03 EDT 2011

Timing is on.

            750 - LOAD_BN_SESSION_SUMMARY   

BEGIN
Time: 0 hrs, 0 mins, 1 secs, 320 ms
SET
Time: 0 hrs, 0 mins, 0 secs, 7 ms
CREATE TABLE
Time: 0 hrs, 0 mins, 7 secs, 996 ms
TRUNCATE
Time: 0 hrs, 0 mins, 0 secs, 970 ms
INSERT 0 140078
Time: 0 hrs, 0 mins, 4 secs, 666 ms
ANALYZE
Time: 0 hrs, 0 mins, 0 secs, 835 ms
 count(1) 
----------
   140078
(1 row)

Time: 0 hrs, 0 mins, 0 secs, 202 ms
END
Time: 0 hrs, 0 mins, 4 secs, 483 ms

Mon Mar 21 04:53:24 EDT 2011

Timing is on.

           800 - LOAD_BN_HITS

BEGIN
Time: 0 hrs, 0 mins, 1 secs, 7 ms
SET
Time: 0 hrs, 0 mins, 0 secs, 9 ms
SET
Time: 0 hrs, 0 mins, 0 secs, 36 ms
SET
Time: 0 hrs, 0 mins, 0 secs, 44 ms
SET
Time: 0 hrs, 0 mins, 0 secs, 24 ms
TRUNCATE
Time: 0 hrs, 0 mins, 1 secs, 601 ms
INSERT 0 11735301
Time: 0 hrs, 0 mins, 9 secs, 76 ms
 count(1) 
----------
 11735301
(1 row)

Time: 0 hrs, 0 mins, 0 secs, 874 ms
ANALYZE
Time: 0 hrs, 0 mins, 3 secs, 589 ms
END
Time: 0 hrs, 0 mins, 2 secs, 232 ms

Mon Mar 21 04:53:42 EDT 2011

Timing is on.

            900 - LOAD_CLICKSTREAM   

BEGIN
Time: 0 hrs, 0 mins, 1 secs, 261 ms
SET
Time: 0 hrs, 0 mins, 0 secs, 10 ms
TRUNCATE
Time: 0 hrs, 0 mins, 3 secs, 725 ms
INSERT 0 11735301
Time: 0 hrs, 4 mins, 2 secs, 348 ms
 count(1) 
----------
 11735301
(1 row)

Time: 0 hrs, 0 mins, 0 secs, 801 ms
ANALYZE
Time: 0 hrs, 0 mins, 1 secs, 934 ms
END
Time: 0 hrs, 2 mins, 39 secs, 226 ms

Mon Mar 21 05:00:32 EDT 2011

Timing is on.

            1000 - PAGE_VIEW_SUMMARY  

BEGIN
Time: 0 hrs, 0 mins, 5 secs, 717 ms
SET
Time: 0 hrs, 0 mins, 0 secs, 10 ms
SET
Time: 0 hrs, 0 mins, 0 secs, 230 ms
TRUNCATE
Time: 0 hrs, 0 mins, 10 secs, 625 ms
INSERT 0 31774
Time: 0 hrs, 0 mins, 18 secs, 775 ms
 count(1) 
----------
    31774
(1 row)

Time: 0 hrs, 0 mins, 2 secs, 41 ms
ANALYZE
Time: 0 hrs, 0 mins, 0 secs, 898 ms
END
Time: 0 hrs, 1 mins, 31 secs, 588 ms

Mon Mar 21 05:02:42 EDT 2011


2000 - WRAP UP 

Timing is on.
BEGIN
Time: 0 hrs, 0 mins, 11 secs, 997 ms
TRUNCATE
Time: 0 hrs, 0 mins, 5 secs, 466 ms
TRUNCATE
Time: 0 hrs, 0 mins, 3 secs, 894 ms
END
Time: 0 hrs, 2 mins, 29 secs, 681 ms
Mon Mar 21 05:05:33 EDT 2011
Removing lock file and waiting for a minute
Checking for lock file /tmp/.iislock
Acquired lock file /tmp/.iislock
-------------------------------------
Processing for 20110320
-------------------------------------

Tue Mar 22 06:05:00 EDT 2011

Timing is on.

           000 - INIT

BEGIN
Time: 0 hrs, 0 mins, 1 secs, 307 ms
*** Truncating staging tables before workflow starts ***
SET
Time: 0 hrs, 0 mins, 0 secs, 10 ms
GRANT
Time: 0 hrs, 0 mins, 9 secs, 607 ms
END
Time: 0 hrs, 0 mins, 3 secs, 536 ms

Tue Mar 22 06:05:14 EDT 2011

Timing is on.

            200 - LOAD_BN_IISLOGS   

BEGIN
Time: 0 hrs, 0 mins, 2 secs, 22 ms
SET
Time: 0 hrs, 0 mins, 0 secs, 10 ms
TRUNCATE
Time: 0 hrs, 0 mins, 1 secs, 40 ms
INSERT 0 44013596
Time: 0 hrs, 18 mins, 34 secs, 793 ms
END
Time: 0 hrs, 0 mins, 31 secs, 854 ms
ALTER TABLE
Time: 0 hrs, 1 mins, 13 secs, 132 ms

Tue Mar 22 06:25:37 EDT 2011

Timing is on.
BEGIN
Time: 0 hrs, 0 mins, 3 secs, 475 ms
SET
Time: 0 hrs, 0 mins, 0 secs, 11 ms

            250 - LOAD_BN_HITS_SP   

TRUNCATE
Time: 0 hrs, 0 mins, 6 secs, 651 ms
INSERT 0 13262848
Time: 0 hrs, 4 mins, 2 secs, 380 ms
ANALYZE
Time: 0 hrs, 0 mins, 24 secs, 628 ms
END
Time: 0 hrs, 1 mins, 16 secs, 643 ms

Tue Mar 22 06:31:32 EDT 2011

Timing is on.
BEGIN
Time: 0 hrs, 0 mins, 1 secs, 362 ms
SET
Time: 0 hrs, 0 mins, 0 secs, 11 ms

           300 - DYNAMIC FILTER

TRUNCATE
Time: 0 hrs, 0 mins, 0 secs, 584 ms
INSERT 0 6668396
Time: 0 hrs, 0 mins, 6 secs, 439 ms
ANALYZE
Time: 0 hrs, 0 mins, 0 secs, 437 ms
 Total records in web_click_cnt 
--------------------------------
                        6668396
(1 row)

Time: 0 hrs, 0 mins, 3 secs, 153 ms
CREATE TABLE
Time: 0 hrs, 0 mins, 1 secs, 597 ms
ANALYZE
Time: 0 hrs, 0 mins, 0 secs, 163 ms
CREATE TABLE
Time: 0 hrs, 0 mins, 1 secs, 652 ms
ANALYZE
Time: 0 hrs, 0 mins, 0 secs, 107 ms
DELETE 1
Time: 0 hrs, 0 mins, 0 secs, 478 ms
INSERT 0 1
Time: 0 hrs, 0 mins, 1 secs, 104 ms
DELETE 1
Time: 0 hrs, 0 mins, 0 secs, 165 ms
INSERT 0 1
Time: 0 hrs, 0 mins, 1 secs, 186 ms
CREATE TABLE
Time: 0 hrs, 1 mins, 4 secs, 602 ms
ANALYZE
Time: 0 hrs, 0 mins, 0 secs, 94 ms
CREATE TABLE
Time: 0 hrs, 0 mins, 1 secs, 379 ms
ANALYZE
Time: 0 hrs, 0 mins, 0 secs, 145 ms
DELETE 1
Time: 0 hrs, 0 mins, 0 secs, 100 ms
INSERT 0 1
Time: 0 hrs, 0 mins, 0 secs, 844 ms
DELETE 1
Time: 0 hrs, 0 mins, 0 secs, 121 ms
INSERT 0 1
Time: 0 hrs, 0 mins, 0 secs, 806 ms
ANALYZE
Time: 0 hrs, 0 mins, 0 secs, 117 ms
    tablename     |    attr_name    | attr_value 
------------------+-----------------+------------
 BN_FILTER_SPIDER | CLK_USER_SD_MPL | 10
 BN_FILTER_SPIDER | IP_USER_SD_MPL  | 1
 BN_FILTER_SPIDER | IP_USER_RATIO   | .955
 BN_FILTER_SPIDER | CLK_USER_MEAN   | 17.776
 BN_FILTER_SPIDER | CLK_USER_SD     | 437.992
 BN_FILTER_SPIDER | IP_USER_MEAN    | 9.388
 BN_FILTER_SPIDER | IP_USER_SD      | 1105.171
(7 rows)

Time: 0 hrs, 0 mins, 0 secs, 860 ms
CREATE TABLE
Time: 0 hrs, 0 mins, 31 secs, 379 ms
CREATE TABLE
Time: 0 hrs, 0 mins, 1 secs, 19 ms
 l_mean_sd_mpl 
---------------
      4397.696
(1 row)

Time: 0 hrs, 0 mins, 0 secs, 332 ms
TRUNCATE
Time: 0 hrs, 0 mins, 1 secs, 99 ms
INSERT 0 8
Time: 0 hrs, 0 mins, 4 secs, 639 ms
ANALYZE
Time: 0 hrs, 0 mins, 0 secs, 975 ms
 Total click_user bn_spider_ip records 
---------------------------------------
                                     8
(1 row)

Time: 0 hrs, 0 mins, 0 secs, 122 ms
CREATE TABLE
Time: 0 hrs, 0 mins, 3 secs, 869 ms
ANALYZE
Time: 0 hrs, 0 mins, 0 secs, 50 ms
CREATE TABLE
Time: 0 hrs, 0 mins, 2 secs, 153 ms
ANALYZE
Time: 0 hrs, 0 mins, 0 secs, 103 ms
DROP 
Time: 0 hrs, 0 mins, 0 secs, 444 ms
CREATE TABLE
Time: 0 hrs, 0 mins, 1 secs, 188 ms
 l_mean_sd_mpl | l_ratio 
---------------+---------
      1114.559 |   0.955
(1 row)

Time: 0 hrs, 0 mins, 0 secs, 179 ms
INSERT 0 4974162
Time: 0 hrs, 0 mins, 3 secs, 392 ms
ANALYZE
Time: 0 hrs, 0 mins, 0 secs, 352 ms
 Total ip_user_filter bn_spider_ip records 
-------------------------------------------
                                   4974162
(1 row)

Time: 0 hrs, 0 mins, 0 secs, 503 ms
TRUNCATE
Time: 0 hrs, 0 mins, 7 secs, 674 ms
INSERT 0 16691427
Time: 0 hrs, 0 mins, 25 secs, 545 ms
ANALYZE
Time: 0 hrs, 0 mins, 10 secs, 380 ms
 bn_hits_stage 
---------------
      16691427
(1 row)

Time: 0 hrs, 0 mins, 5 secs, 631 ms
INSERT 0 6312743
Time: 0 hrs, 0 mins, 47 secs, 944 ms
ANALYZE
Time: 0 hrs, 0 mins, 8 secs, 510 ms
 bn_hits_sp_20110320 
---------------------
            19575591
(1 row)

Time: 0 hrs, 0 mins, 7 secs, 35 ms
TRUNCATE
Time: 0 hrs, 0 mins, 1 secs, 671 ms
INSERT 0 7746578
Time: 0 hrs, 0 mins, 8 secs, 189 ms
ANALYZE
Time: 0 hrs, 0 mins, 2 secs, 910 ms
 bn_hits_client_20110320 
-------------------------
                 7746578
(1 row)

Time: 0 hrs, 0 mins, 0 secs, 357 ms
END
Time: 0 hrs, 0 mins, 4 secs, 687 ms

Tue Mar 22 06:36:02 EDT 2011

Timing is on.
BEGIN
Time: 0 hrs, 0 mins, 4 secs, 472 ms

           600 - LOAD RESOURCES

SET
Time: 0 hrs, 0 mins, 0 secs, 9 ms
CREATE TABLE
Time: 0 hrs, 0 mins, 7 secs, 566 ms
ANALYZE
Time: 0 hrs, 0 mins, 2 secs, 539 ms
 tmp_a_count 
-------------
       35878
(1 row)

Time: 0 hrs, 0 mins, 0 secs, 122 ms
UPDATE 0
Time: 0 hrs, 0 mins, 1 secs, 381 ms
ANALYZE
Time: 0 hrs, 0 mins, 0 secs, 703 ms
TRUNCATE
Time: 0 hrs, 0 mins, 1 secs, 209 ms
INSERT 0 1233
Time: 0 hrs, 0 mins, 5 secs, 649 ms
ANALYZE
Time: 0 hrs, 0 mins, 0 secs, 385 ms
 first_resource_id | last_resource_id 
-------------------+------------------
          13048207 |         13049439
(1 row)

Time: 0 hrs, 0 mins, 0 secs, 265 ms
INSERT 0 1233
Time: 0 hrs, 0 mins, 0 secs, 349 ms
 total_resources 
-----------------
        13025044
(1 row)

Time: 0 hrs, 0 mins, 0 secs, 139 ms
ANALYZE
Time: 0 hrs, 0 mins, 0 secs, 721 ms
END
Time: 0 hrs, 0 mins, 8 secs, 741 ms
VACUUM
Time: 0 hrs, 0 mins, 22 secs, 156 ms

Tue Mar 22 06:36:58 EDT 2011

Timing is on.

           650 - LOAD_BN_SESSION_STAGE

BEGIN
Time: 0 hrs, 0 mins, 0 secs, 964 ms
SET
Time: 0 hrs, 0 mins, 0 secs, 10 ms
SET
Time: 0 hrs, 0 mins, 0 secs, 73 ms
CREATE TABLE
Time: 0 hrs, 0 mins, 35 secs, 585 ms
ANALYZE
Time: 0 hrs, 0 mins, 3 secs, 276 ms
 tmp_sessionized_stage 
-----------------------
              16691427
(1 row)

Time: 0 hrs, 0 mins, 0 secs, 622 ms
TRUNCATE
Time: 0 hrs, 0 mins, 1 secs, 290 ms
INSERT 0 1448971
Time: 0 hrs, 0 mins, 20 secs, 221 ms
ANALYZE
Time: 0 hrs, 0 mins, 0 secs, 612 ms
CREATE TABLE
Time: 0 hrs, 0 mins, 40 secs, 919 ms
CREATE INDEX
Time: 0 hrs, 0 mins, 0 secs, 332 ms
 tmp_first_last 
----------------
        1448971
(1 row)

Time: 0 hrs, 0 mins, 0 secs, 146 ms
ANALYZE
Time: 0 hrs, 0 mins, 0 secs, 489 ms
SET
Time: 0 hrs, 0 mins, 0 secs, 17 ms
SET
Time: 0 hrs, 0 mins, 0 secs, 18 ms
TRUNCATE
Time: 0 hrs, 0 mins, 1 secs, 277 ms
DROP
Time: 0 hrs, 0 mins, 0 secs, 153 ms
INSERT 0 1448971
Time: 0 hrs, 0 mins, 5 secs, 413 ms
 bn_session_stage 
------------------
          1448971
(1 row)

Time: 0 hrs, 0 mins, 1 secs, 47 ms
CREATE INDEX
Time: 0 hrs, 0 mins, 1 secs, 384 ms
ANALYZE
Time: 0 hrs, 0 mins, 0 secs, 869 ms
TRUNCATE
Time: 0 hrs, 0 mins, 0 secs, 843 ms
END
Time: 0 hrs, 0 mins, 2 secs, 718 ms

Tue Mar 22 06:38:57 EDT 2011

BEGIN

           660 - LOAD_BN_SESSION_UPDATE_STAGE

SET
TRUNCATE
INSERT 0 0
END

Tue Mar 22 06:39:05 EDT 2011

Timing is on.

           670 - LOAD_BN_SESSION_20110320.UPDATES

BEGIN
Time: 0 hrs, 0 mins, 0 secs, 663 ms
SET
Time: 0 hrs, 0 mins, 0 secs, 10 ms
UPDATE 0
Time: 0 hrs, 0 mins, 0 secs, 500 ms
END
Time: 0 hrs, 0 mins, 2 secs, 734 ms
VACUUM
Time: 0 hrs, 0 mins, 3 secs, 728 ms

Tue Mar 22 06:39:13 EDT 2011

Timing is on.

           700 - LOAD_BN_SESSION

BEGIN
Time: 0 hrs, 0 mins, 0 secs, 766 ms
SET
Time: 0 hrs, 0 mins, 0 secs, 10 ms
INSERT 0 1448971
Time: 0 hrs, 0 mins, 6 secs, 210 ms
ANALYZE
Time: 0 hrs, 0 mins, 0 secs, 610 ms
END
Time: 0 hrs, 0 mins, 1 secs, 265 ms

Tue Mar 22 06:39:22 EDT 2011

Timing is on.

            750 - LOAD_BN_SESSION_SUMMARY   

BEGIN
Time: 0 hrs, 0 mins, 0 secs, 749 ms
SET
Time: 0 hrs, 0 mins, 0 secs, 10 ms
CREATE TABLE
Time: 0 hrs, 0 mins, 5 secs, 425 ms
TRUNCATE
Time: 0 hrs, 0 mins, 0 secs, 981 ms
INSERT 0 176016
Time: 0 hrs, 0 mins, 3 secs, 888 ms
ANALYZE
Time: 0 hrs, 0 mins, 0 secs, 808 ms
 count(1) 
----------
   176016
(1 row)

Time: 0 hrs, 0 mins, 0 secs, 291 ms
END
Time: 0 hrs, 0 mins, 2 secs, 2 ms

Tue Mar 22 06:39:37 EDT 2011

Timing is on.

           800 - LOAD_BN_HITS

BEGIN
Time: 0 hrs, 0 mins, 0 secs, 691 ms
SET
Time: 0 hrs, 0 mins, 0 secs, 11 ms
SET
Time: 0 hrs, 0 mins, 0 secs, 18 ms
SET
Time: 0 hrs, 0 mins, 0 secs, 18 ms
SET
Time: 0 hrs, 0 mins, 0 secs, 17 ms
TRUNCATE
Time: 0 hrs, 0 mins, 0 secs, 753 ms
INSERT 0 16691427
Time: 0 hrs, 0 mins, 4 secs, 213 ms
 count(1) 
----------
 16691427
(1 row)

Time: 0 hrs, 0 mins, 1 secs, 898 ms
ANALYZE
Time: 0 hrs, 0 mins, 2 secs, 984 ms
END
Time: 0 hrs, 0 mins, 3 secs, 514 ms

Tue Mar 22 06:39:51 EDT 2011

Timing is on.

            900 - LOAD_CLICKSTREAM   

BEGIN
Time: 0 hrs, 0 mins, 0 secs, 721 ms
SET
Time: 0 hrs, 0 mins, 0 secs, 10 ms
TRUNCATE
Time: 0 hrs, 0 mins, 0 secs, 943 ms
INSERT 0 16691427
Time: 0 hrs, 1 mins, 5 secs, 971 ms
 count(1) 
----------
 16691427
(1 row)

Time: 0 hrs, 0 mins, 0 secs, 587 ms
ANALYZE
Time: 0 hrs, 0 mins, 1 secs, 562 ms
END
Time: 0 hrs, 0 mins, 3 secs, 292 ms

Tue Mar 22 06:41:05 EDT 2011

Timing is on.

            1000 - PAGE_VIEW_SUMMARY  

BEGIN
Time: 0 hrs, 0 mins, 0 secs, 791 ms
SET
Time: 0 hrs, 0 mins, 0 secs, 10 ms
SET
Time: 0 hrs, 0 mins, 0 secs, 22 ms
TRUNCATE
Time: 0 hrs, 0 mins, 0 secs, 724 ms
INSERT 0 42146
Time: 0 hrs, 0 mins, 2 secs, 609 ms
 count(1) 
----------
    42146
(1 row)

Time: 0 hrs, 0 mins, 0 secs, 98 ms
ANALYZE
Time: 0 hrs, 0 mins, 0 secs, 41 ms
END
Time: 0 hrs, 0 mins, 1 secs, 670 ms

Tue Mar 22 06:41:11 EDT 2011


2000 - WRAP UP 

Timing is on.
BEGIN
Time: 0 hrs, 0 mins, 0 secs, 657 ms
TRUNCATE
Time: 0 hrs, 0 mins, 0 secs, 452 ms
TRUNCATE
Time: 0 hrs, 0 mins, 0 secs, 665 ms
END
Time: 0 hrs, 0 mins, 1 secs, 116 ms
Tue Mar 22 06:41:14 EDT 2011
Removing lock file and waiting for a minute
