Checking for lock file /tmp/.iislock
Acquired lock file /tmp/.iislock
-------------------------------------
Processing for 20110427
-------------------------------------

Thu Apr 28 04:52:33 EDT 2011

Timing is on.

           000 - INIT

BEGIN
Time: 0 hrs, 0 mins, 3 secs, 885 ms
*** Truncating staging tables before workflow starts ***
SET
Time: 0 hrs, 0 mins, 0 secs, 14 ms
GRANT
Time: 0 hrs, 0 mins, 7 secs, 26 ms
END
Time: 0 hrs, 0 mins, 20 secs, 174 ms

Thu Apr 28 04:53:05 EDT 2011

Timing is on.

            200 - LOAD_BN_IISLOGS   

BEGIN
Time: 0 hrs, 0 mins, 0 secs, 746 ms
SET
Time: 0 hrs, 0 mins, 0 secs, 9 ms
TRUNCATE
Time: 0 hrs, 0 mins, 0 secs, 671 ms
INSERT 0 46428515
Time: 0 hrs, 7 mins, 10 secs, 119 ms
END
Time: 0 hrs, 0 mins, 22 secs, 31 ms
ALTER TABLE
Time: 0 hrs, 14 mins, 47 secs, 964 ms

Thu Apr 28 05:15:27 EDT 2011

Timing is on.
BEGIN
Time: 0 hrs, 0 mins, 4 secs, 517 ms
SET
Time: 0 hrs, 0 mins, 0 secs, 12 ms

            250 - LOAD_BN_HITS_SP   

TRUNCATE
Time: 0 hrs, 0 mins, 3 secs, 798 ms
INSERT 0 12950958
Time: 0 hrs, 3 mins, 19 secs, 415 ms
ANALYZE
Time: 0 hrs, 0 mins, 7 secs, 300 ms
END
Time: 0 hrs, 2 mins, 10 secs, 411 ms

Thu Apr 28 05:21:13 EDT 2011

Timing is on.
BEGIN
Time: 0 hrs, 0 mins, 1 secs, 933 ms
SET
Time: 0 hrs, 0 mins, 0 secs, 11 ms

           300 - DYNAMIC FILTER

TRUNCATE
Time: 0 hrs, 0 mins, 2 secs, 503 ms
INSERT 0 10856687
Time: 0 hrs, 0 mins, 13 secs, 563 ms
ANALYZE
Time: 0 hrs, 0 mins, 0 secs, 847 ms
 Total records in web_click_cnt 
--------------------------------
                       10856687
(1 row)

Time: 0 hrs, 0 mins, 0 secs, 841 ms
CREATE TABLE
Time: 0 hrs, 0 mins, 5 secs, 705 ms
ANALYZE
Time: 0 hrs, 0 mins, 0 secs, 331 ms
CREATE TABLE
Time: 0 hrs, 0 mins, 0 secs, 901 ms
ANALYZE
Time: 0 hrs, 0 mins, 0 secs, 94 ms
DELETE 1
Time: 0 hrs, 0 mins, 1 secs, 968 ms
INSERT 0 1
Time: 0 hrs, 0 mins, 0 secs, 692 ms
DELETE 1
Time: 0 hrs, 0 mins, 0 secs, 106 ms
INSERT 0 1
Time: 0 hrs, 0 mins, 0 secs, 847 ms
CREATE TABLE
Time: 0 hrs, 0 mins, 2 secs, 892 ms
ANALYZE
Time: 0 hrs, 0 mins, 0 secs, 147 ms
CREATE TABLE
Time: 0 hrs, 0 mins, 0 secs, 793 ms
ANALYZE
Time: 0 hrs, 0 mins, 0 secs, 94 ms
DELETE 1
Time: 0 hrs, 0 mins, 0 secs, 89 ms
INSERT 0 1
Time: 0 hrs, 0 mins, 0 secs, 545 ms
DELETE 1
Time: 0 hrs, 0 mins, 0 secs, 124 ms
INSERT 0 1
Time: 0 hrs, 0 mins, 0 secs, 701 ms
ANALYZE
Time: 0 hrs, 0 mins, 0 secs, 76 ms
    tablename     |    attr_name    | attr_value 
------------------+-----------------+------------
 BN_FILTER_SPIDER | CLK_USER_SD_MPL | 10
 BN_FILTER_SPIDER | IP_USER_SD_MPL  | 1
 BN_FILTER_SPIDER | IP_USER_RATIO   | .955
 BN_FILTER_SPIDER | CLK_USER_MEAN   | 16.019
 BN_FILTER_SPIDER | CLK_USER_SD     | 116.837
 BN_FILTER_SPIDER | IP_USER_MEAN    | 16.393
 BN_FILTER_SPIDER | IP_USER_SD      | 1690.636
(7 rows)

Time: 0 hrs, 0 mins, 0 secs, 233 ms
CREATE TABLE
Time: 0 hrs, 0 mins, 6 secs, 758 ms
CREATE TABLE
Time: 0 hrs, 0 mins, 1 secs, 608 ms
 l_mean_sd_mpl 
---------------
      1184.389
(1 row)

Time: 0 hrs, 0 mins, 0 secs, 373 ms
TRUNCATE
Time: 0 hrs, 0 mins, 2 secs, 669 ms
INSERT 0 115
Time: 0 hrs, 0 mins, 4 secs, 526 ms
ANALYZE
Time: 0 hrs, 0 mins, 0 secs, 764 ms
 Total click_user bn_spider_ip records 
---------------------------------------
                                   115
(1 row)

Time: 0 hrs, 0 mins, 0 secs, 362 ms
CREATE TABLE
Time: 0 hrs, 0 mins, 2 secs, 468 ms
ANALYZE
Time: 0 hrs, 0 mins, 0 secs, 294 ms
CREATE TABLE
Time: 0 hrs, 0 mins, 1 secs, 827 ms
ANALYZE
Time: 0 hrs, 0 mins, 0 secs, 84 ms
DROP 
Time: 0 hrs, 0 mins, 0 secs, 416 ms
CREATE TABLE
Time: 0 hrs, 0 mins, 0 secs, 800 ms
 l_mean_sd_mpl | l_ratio 
---------------+---------
      1707.029 |   0.955
(1 row)

Time: 0 hrs, 0 mins, 0 secs, 544 ms
INSERT 0 8792511
Time: 0 hrs, 0 mins, 5 secs, 145 ms
ANALYZE
Time: 0 hrs, 0 mins, 0 secs, 339 ms
 Total ip_user_filter bn_spider_ip records 
-------------------------------------------
                                   8792511
(1 row)

Time: 0 hrs, 0 mins, 0 secs, 492 ms
TRUNCATE
Time: 0 hrs, 0 mins, 3 secs, 513 ms
INSERT 0 18000479
Time: 0 hrs, 0 mins, 30 secs, 380 ms
ANALYZE
Time: 0 hrs, 0 mins, 7 secs, 297 ms
 bn_hits_stage 
---------------
      18000479
(1 row)

Time: 0 hrs, 0 mins, 3 secs, 801 ms
INSERT 0 11129440
Time: 0 hrs, 0 mins, 49 secs, 54 ms
ANALYZE
Time: 0 hrs, 0 mins, 10 secs, 292 ms
 bn_hits_sp_20110427 
---------------------
            24080398
(1 row)

Time: 0 hrs, 0 mins, 6 secs, 916 ms
TRUNCATE
Time: 0 hrs, 0 mins, 5 secs, 126 ms
INSERT 0 4347638
Time: 0 hrs, 0 mins, 5 secs, 133 ms
ANALYZE
Time: 0 hrs, 0 mins, 3 secs, 346 ms
 bn_hits_client_20110427 
-------------------------
                 4347638
(1 row)

Time: 0 hrs, 0 mins, 0 secs, 740 ms
END
Time: 0 hrs, 0 mins, 25 secs, 735 ms

Thu Apr 28 05:24:50 EDT 2011

Timing is on.
BEGIN
Time: 0 hrs, 0 mins, 2 secs, 661 ms

           600 - LOAD RESOURCES

SET
Time: 0 hrs, 0 mins, 0 secs, 15 ms
CREATE TABLE
Time: 0 hrs, 0 mins, 8 secs, 303 ms
ANALYZE
Time: 0 hrs, 0 mins, 0 secs, 948 ms
 tmp_a_count 
-------------
       31914
(1 row)

Time: 0 hrs, 0 mins, 0 secs, 134 ms
UPDATE 0
Time: 0 hrs, 0 mins, 1 secs, 679 ms
ANALYZE
Time: 0 hrs, 0 mins, 0 secs, 984 ms
TRUNCATE
Time: 0 hrs, 0 mins, 3 secs, 729 ms
INSERT 0 4547
Time: 0 hrs, 0 mins, 10 secs, 733 ms
ANALYZE
Time: 0 hrs, 0 mins, 0 secs, 723 ms
 first_resource_id | last_resource_id 
-------------------+------------------
          13376375 |         13380921
(1 row)

Time: 0 hrs, 0 mins, 0 secs, 412 ms
INSERT 0 4547
Time: 0 hrs, 0 mins, 1 secs, 463 ms
 total_resources 
-----------------
        13356526
(1 row)

Time: 0 hrs, 0 mins, 0 secs, 168 ms
ANALYZE
Time: 0 hrs, 0 mins, 0 secs, 938 ms
END
Time: 0 hrs, 0 mins, 19 secs, 638 ms
VACUUM
Time: 0 hrs, 0 mins, 56 secs, 864 ms

Thu Apr 28 05:26:39 EDT 2011

Timing is on.

           650 - LOAD_BN_SESSION_STAGE

BEGIN
Time: 0 hrs, 0 mins, 2 secs, 151 ms
SET
Time: 0 hrs, 0 mins, 0 secs, 12 ms
SET
Time: 0 hrs, 0 mins, 0 secs, 83 ms
CREATE TABLE
Time: 0 hrs, 1 mins, 19 secs, 866 ms
ANALYZE
Time: 0 hrs, 0 mins, 7 secs, 114 ms
 tmp_sessionized_stage 
-----------------------
              18000479
(1 row)

Time: 0 hrs, 0 mins, 0 secs, 589 ms
TRUNCATE
Time: 0 hrs, 0 mins, 2 secs, 344 ms
INSERT 0 1735235
Time: 0 hrs, 0 mins, 41 secs, 449 ms
ANALYZE
Time: 0 hrs, 0 mins, 1 secs, 685 ms
CREATE TABLE
Time: 0 hrs, 1 mins, 33 secs, 840 ms
CREATE INDEX
Time: 0 hrs, 0 mins, 0 secs, 785 ms
 tmp_first_last 
----------------
        1735235
(1 row)

Time: 0 hrs, 0 mins, 0 secs, 540 ms
ANALYZE
Time: 0 hrs, 0 mins, 2 secs, 276 ms
SET
Time: 0 hrs, 0 mins, 0 secs, 27 ms
SET
Time: 0 hrs, 0 mins, 0 secs, 322 ms
TRUNCATE
Time: 0 hrs, 0 mins, 3 secs, 557 ms
DROP
Time: 0 hrs, 0 mins, 0 secs, 404 ms
INSERT 0 1735235
Time: 0 hrs, 0 mins, 8 secs, 477 ms
 bn_session_stage 
------------------
          1735235
(1 row)

Time: 0 hrs, 0 mins, 3 secs, 890 ms
CREATE INDEX
Time: 0 hrs, 0 mins, 2 secs, 89 ms
ANALYZE
Time: 0 hrs, 0 mins, 1 secs, 639 ms
TRUNCATE
Time: 0 hrs, 0 mins, 2 secs, 65 ms
END
Time: 0 hrs, 0 mins, 30 secs, 179 ms

Thu Apr 28 05:31:25 EDT 2011

BEGIN

           660 - LOAD_BN_SESSION_UPDATE_STAGE

SET
TRUNCATE
INSERT 0 0
END

Thu Apr 28 05:32:04 EDT 2011

Timing is on.

           670 - LOAD_BN_SESSION_20110427.UPDATES

BEGIN
Time: 0 hrs, 0 mins, 2 secs, 8 ms
SET
Time: 0 hrs, 0 mins, 0 secs, 9 ms
UPDATE 0
Time: 0 hrs, 0 mins, 0 secs, 601 ms
END
Time: 0 hrs, 0 mins, 20 secs, 759 ms
VACUUM
Time: 0 hrs, 0 mins, 51 secs, 329 ms

Thu Apr 28 05:33:19 EDT 2011

Timing is on.

           700 - LOAD_BN_SESSION

BEGIN
Time: 0 hrs, 0 mins, 1 secs, 2 ms
SET
Time: 0 hrs, 0 mins, 0 secs, 9 ms
INSERT 0 1735235
Time: 0 hrs, 0 mins, 9 secs, 773 ms
ANALYZE
Time: 0 hrs, 0 mins, 0 secs, 811 ms
END
Time: 0 hrs, 0 mins, 1 secs, 557 ms

Thu Apr 28 05:33:33 EDT 2011

Timing is on.

            750 - LOAD_BN_SESSION_SUMMARY   

BEGIN
Time: 0 hrs, 0 mins, 1 secs, 79 ms
SET
Time: 0 hrs, 0 mins, 0 secs, 12 ms
CREATE TABLE
Time: 0 hrs, 0 mins, 5 secs, 862 ms
TRUNCATE
Time: 0 hrs, 0 mins, 1 secs, 17 ms
INSERT 0 173181
Time: 0 hrs, 0 mins, 4 secs, 222 ms
ANALYZE
Time: 0 hrs, 0 mins, 0 secs, 829 ms
 count(1) 
----------
   173181
(1 row)

Time: 0 hrs, 0 mins, 0 secs, 197 ms
END
Time: 0 hrs, 0 mins, 9 secs, 537 ms

Thu Apr 28 05:33:56 EDT 2011

Timing is on.

           800 - LOAD_BN_HITS

BEGIN
Time: 0 hrs, 0 mins, 0 secs, 942 ms
SET
Time: 0 hrs, 0 mins, 0 secs, 12 ms
SET
Time: 0 hrs, 0 mins, 0 secs, 20 ms
SET
Time: 0 hrs, 0 mins, 0 secs, 19 ms
SET
Time: 0 hrs, 0 mins, 0 secs, 18 ms
TRUNCATE
Time: 0 hrs, 34 mins, 49 secs, 449 ms
INSERT 0 18000479
Time: 0 hrs, 0 mins, 11 secs, 411 ms
 count(1) 
----------
 18000479
(1 row)

Time: 0 hrs, 0 mins, 1 secs, 855 ms
ANALYZE
Time: 0 hrs, 0 mins, 2 secs, 871 ms
END
Time: 0 hrs, 0 mins, 29 secs, 76 ms

Thu Apr 28 06:09:32 EDT 2011

Timing is on.

            900 - LOAD_CLICKSTREAM   

BEGIN
Time: 0 hrs, 0 mins, 4 secs, 27 ms
SET
Time: 0 hrs, 0 mins, 0 secs, 12 ms
TRUNCATE
Time: 0 hrs, 0 mins, 1 secs, 294 ms
INSERT 0 18000479
Time: 0 hrs, 2 mins, 22 secs, 122 ms
 count(1) 
----------
 18000479
(1 row)

Time: 0 hrs, 0 mins, 0 secs, 696 ms
ANALYZE
Time: 0 hrs, 0 mins, 1 secs, 961 ms
END
Time: 0 hrs, 0 mins, 4 secs, 274 ms

Thu Apr 28 06:12:06 EDT 2011

Timing is on.

            1000 - PAGE_VIEW_SUMMARY  

BEGIN
Time: 0 hrs, 0 mins, 1 secs, 275 ms
SET
Time: 0 hrs, 0 mins, 0 secs, 7 ms
SET
Time: 0 hrs, 0 mins, 0 secs, 13 ms
TRUNCATE
Time: 0 hrs, 0 mins, 0 secs, 861 ms
INSERT 0 37904
Time: 0 hrs, 0 mins, 4 secs, 231 ms
 count(1) 
----------
    37904
(1 row)

Time: 0 hrs, 0 mins, 0 secs, 108 ms
ANALYZE
Time: 0 hrs, 0 mins, 0 secs, 45 ms
END
Time: 0 hrs, 0 mins, 4 secs, 799 ms

Thu Apr 28 06:12:18 EDT 2011


2000 - WRAP UP 

Timing is on.
BEGIN
Time: 0 hrs, 0 mins, 3 secs, 135 ms
TRUNCATE
Time: 0 hrs, 0 mins, 0 secs, 533 ms
TRUNCATE
Time: 0 hrs, 0 mins, 0 secs, 804 ms
END
Time: 0 hrs, 0 mins, 1 secs, 877 ms
Thu Apr 28 06:12:24 EDT 2011
Removing lock file and waiting for a minute
Checking for lock file /tmp/.iislock
Acquired lock file /tmp/.iislock
-------------------------------------
Processing for 20110427
-------------------------------------

Fri Apr 29 05:48:25 EDT 2011

Timing is on.

           000 - INIT

BEGIN
Time: 0 hrs, 0 mins, 0 secs, 778 ms
*** Truncating staging tables before workflow starts ***
SET
Time: 0 hrs, 0 mins, 0 secs, 11 ms
GRANT
Time: 0 hrs, 0 mins, 13 secs, 822 ms
END
Time: 0 hrs, 0 mins, 2 secs, 541 ms

Fri Apr 29 05:48:43 EDT 2011

Timing is on.

            200 - LOAD_BN_IISLOGS   

BEGIN
Time: 0 hrs, 0 mins, 1 secs, 324 ms
SET
Time: 0 hrs, 0 mins, 0 secs, 11 ms
TRUNCATE
Time: 0 hrs, 0 mins, 1 secs, 262 ms
INSERT 0 64525269
Time: 0 hrs, 10 mins, 6 secs, 741 ms
END
Time: 0 hrs, 2 mins, 7 secs, 767 ms
ALTER TABLE
Time: 0 hrs, 2 mins, 3 secs, 235 ms

Fri Apr 29 06:03:03 EDT 2011

Timing is on.
BEGIN
Time: 0 hrs, 0 mins, 4 secs, 155 ms
SET
Time: 0 hrs, 0 mins, 0 secs, 10 ms

            250 - LOAD_BN_HITS_SP   

TRUNCATE
Time: 0 hrs, 0 mins, 2 secs, 341 ms
INSERT 0 18932421
Time: 0 hrs, 4 mins, 3 secs, 873 ms
ANALYZE
Time: 0 hrs, 0 mins, 2 secs, 799 ms
END
Time: 0 hrs, 0 mins, 1 secs, 932 ms

Fri Apr 29 06:07:19 EDT 2011

Timing is on.
BEGIN
Time: 0 hrs, 0 mins, 1 secs, 272 ms
SET
Time: 0 hrs, 0 mins, 0 secs, 11 ms

           300 - DYNAMIC FILTER

TRUNCATE
Time: 0 hrs, 0 mins, 0 secs, 751 ms
INSERT 0 13804728
Time: 0 hrs, 0 mins, 8 secs, 255 ms
ANALYZE
Time: 0 hrs, 0 mins, 2 secs, 899 ms
 Total records in web_click_cnt 
--------------------------------
                       13804728
(1 row)

Time: 0 hrs, 0 mins, 0 secs, 654 ms
CREATE TABLE
Time: 0 hrs, 0 mins, 5 secs, 289 ms
ANALYZE
Time: 0 hrs, 0 mins, 0 secs, 122 ms
CREATE TABLE
Time: 0 hrs, 0 mins, 1 secs, 305 ms
ANALYZE
Time: 0 hrs, 0 mins, 0 secs, 88 ms
DELETE 1
Time: 0 hrs, 0 mins, 0 secs, 521 ms
INSERT 0 1
Time: 0 hrs, 0 mins, 0 secs, 685 ms
DELETE 1
Time: 0 hrs, 0 mins, 0 secs, 103 ms
INSERT 0 1
Time: 0 hrs, 0 mins, 0 secs, 893 ms
CREATE TABLE
Time: 0 hrs, 0 mins, 3 secs, 933 ms
ANALYZE
Time: 0 hrs, 0 mins, 0 secs, 128 ms
CREATE TABLE
Time: 0 hrs, 0 mins, 1 secs, 359 ms
ANALYZE
Time: 0 hrs, 0 mins, 0 secs, 128 ms
DELETE 1
Time: 0 hrs, 0 mins, 0 secs, 94 ms
INSERT 0 1
Time: 0 hrs, 0 mins, 0 secs, 539 ms
DELETE 1
Time: 0 hrs, 0 mins, 0 secs, 92 ms
INSERT 0 1
Time: 0 hrs, 0 mins, 1 secs, 229 ms
ANALYZE
Time: 0 hrs, 0 mins, 0 secs, 161 ms
    tablename     |    attr_name    | attr_value 
------------------+-----------------+------------
 BN_FILTER_SPIDER | CLK_USER_SD_MPL | 10
 BN_FILTER_SPIDER | IP_USER_SD_MPL  | 1
 BN_FILTER_SPIDER | IP_USER_RATIO   | .955
 BN_FILTER_SPIDER | CLK_USER_MEAN   | 16.455
 BN_FILTER_SPIDER | CLK_USER_SD     | 95.120
 BN_FILTER_SPIDER | IP_USER_MEAN    | 15.555
 BN_FILTER_SPIDER | IP_USER_SD      | 1794.717
(7 rows)

Time: 0 hrs, 0 mins, 1 secs, 320 ms
CREATE TABLE
Time: 0 hrs, 0 mins, 5 secs, 290 ms
CREATE TABLE
Time: 0 hrs, 0 mins, 1 secs, 927 ms
 l_mean_sd_mpl 
---------------
       967.655
(1 row)

Time: 0 hrs, 0 mins, 0 secs, 329 ms
TRUNCATE
Time: 0 hrs, 0 mins, 3 secs, 643 ms
INSERT 0 203
Time: 0 hrs, 0 mins, 3 secs, 900 ms
ANALYZE
Time: 0 hrs, 0 mins, 0 secs, 631 ms
 Total click_user bn_spider_ip records 
---------------------------------------
                                   203
(1 row)

Time: 0 hrs, 0 mins, 0 secs, 392 ms
CREATE TABLE
Time: 0 hrs, 0 mins, 2 secs, 126 ms
ANALYZE
Time: 0 hrs, 0 mins, 0 secs, 66 ms
CREATE TABLE
Time: 0 hrs, 0 mins, 2 secs, 622 ms
ANALYZE
Time: 0 hrs, 0 mins, 0 secs, 253 ms
DROP 
Time: 0 hrs, 0 mins, 0 secs, 585 ms
CREATE TABLE
Time: 0 hrs, 0 mins, 0 secs, 308 ms
 l_mean_sd_mpl | l_ratio 
---------------+---------
      1810.272 |   0.955
(1 row)

Time: 0 hrs, 0 mins, 0 secs, 119 ms
INSERT 0 11075536
Time: 0 hrs, 0 mins, 4 secs, 439 ms
ANALYZE
Time: 0 hrs, 0 mins, 0 secs, 341 ms
 Total ip_user_filter bn_spider_ip records 
-------------------------------------------
                                  11075536
(1 row)

Time: 0 hrs, 0 mins, 0 secs, 616 ms
TRUNCATE
Time: 0 hrs, 0 mins, 0 secs, 646 ms
INSERT 0 24389807
Time: 0 hrs, 0 mins, 23 secs, 952 ms
ANALYZE
Time: 0 hrs, 0 mins, 11 secs, 769 ms
 bn_hits_stage 
---------------
      24389807
(1 row)

Time: 0 hrs, 0 mins, 1 secs, 570 ms
INSERT 0 14063052
Time: 0 hrs, 0 mins, 55 secs, 930 ms
ANALYZE
Time: 0 hrs, 0 mins, 45 secs, 382 ms
 bn_hits_sp_20110427 
---------------------
            32995473
(1 row)

Time: 0 hrs, 0 mins, 16 secs, 272 ms
TRUNCATE
Time: 0 hrs, 0 mins, 1 secs, 718 ms
INSERT 0 7139989
Time: 0 hrs, 0 mins, 8 secs, 20 ms
ANALYZE
Time: 0 hrs, 0 mins, 3 secs, 552 ms
 bn_hits_client_20110427 
-------------------------
                 7139989
(1 row)

Time: 0 hrs, 0 mins, 0 secs, 333 ms
END
Time: 0 hrs, 1 mins, 17 secs, 42 ms

Fri Apr 29 06:12:25 EDT 2011

Timing is on.
BEGIN
Time: 0 hrs, 0 mins, 5 secs, 336 ms

           600 - LOAD RESOURCES

SET
Time: 0 hrs, 0 mins, 0 secs, 10 ms
CREATE TABLE
Time: 0 hrs, 0 mins, 13 secs, 767 ms
ANALYZE
Time: 0 hrs, 0 mins, 1 secs, 905 ms
 tmp_a_count 
-------------
       41392
(1 row)

Time: 0 hrs, 0 mins, 0 secs, 603 ms
UPDATE 0
Time: 0 hrs, 0 mins, 1 secs, 365 ms
ANALYZE
Time: 0 hrs, 0 mins, 0 secs, 607 ms
TRUNCATE
Time: 0 hrs, 0 mins, 0 secs, 643 ms
INSERT 0 1656
Time: 0 hrs, 0 mins, 5 secs, 504 ms
ANALYZE
Time: 0 hrs, 0 mins, 0 secs, 182 ms
 first_resource_id | last_resource_id 
-------------------+------------------
          13387568 |         13389223
(1 row)

Time: 0 hrs, 0 mins, 0 secs, 500 ms
INSERT 0 1656
Time: 0 hrs, 0 mins, 0 secs, 443 ms
 total_resources 
-----------------
        13364828
(1 row)

Time: 0 hrs, 0 mins, 0 secs, 146 ms
ANALYZE
Time: 0 hrs, 0 mins, 0 secs, 586 ms
END
Time: 0 hrs, 0 mins, 5 secs, 362 ms
VACUUM
Time: 0 hrs, 1 mins, 13 secs, 240 ms

Fri Apr 29 06:14:15 EDT 2011

Timing is on.

           650 - LOAD_BN_SESSION_STAGE

BEGIN
Time: 0 hrs, 0 mins, 2 secs, 979 ms
SET
Time: 0 hrs, 0 mins, 0 secs, 10 ms
SET
Time: 0 hrs, 0 mins, 0 secs, 25 ms
CREATE TABLE
Time: 0 hrs, 0 mins, 43 secs, 993 ms
ANALYZE
Time: 0 hrs, 0 mins, 3 secs, 367 ms
 tmp_sessionized_stage 
-----------------------
              24389807
(1 row)

Time: 0 hrs, 0 mins, 0 secs, 440 ms
TRUNCATE
Time: 0 hrs, 0 mins, 0 secs, 446 ms
INSERT 0 2336367
Time: 0 hrs, 0 mins, 31 secs, 359 ms
ANALYZE
Time: 0 hrs, 0 mins, 0 secs, 698 ms
CREATE TABLE
Time: 0 hrs, 0 mins, 58 secs, 103 ms
CREATE INDEX
Time: 0 hrs, 0 mins, 0 secs, 507 ms
 tmp_first_last 
----------------
        2336367
(1 row)

Time: 0 hrs, 0 mins, 0 secs, 97 ms
ANALYZE
Time: 0 hrs, 0 mins, 0 secs, 722 ms
SET
Time: 0 hrs, 0 mins, 0 secs, 22 ms
SET
Time: 0 hrs, 0 mins, 0 secs, 19 ms
TRUNCATE
Time: 0 hrs, 0 mins, 1 secs, 961 ms
DROP
Time: 0 hrs, 0 mins, 0 secs, 64 ms
INSERT 0 2336367
Time: 0 hrs, 0 mins, 8 secs, 190 ms
 bn_session_stage 
------------------
          2336367
(1 row)

Time: 0 hrs, 0 mins, 0 secs, 679 ms
CREATE INDEX
Time: 0 hrs, 0 mins, 0 secs, 578 ms
ANALYZE
Time: 0 hrs, 0 mins, 1 secs, 161 ms
TRUNCATE
Time: 0 hrs, 0 mins, 0 secs, 539 ms
END
Time: 0 hrs, 0 mins, 1 secs, 756 ms

Fri Apr 29 06:16:53 EDT 2011

BEGIN

           660 - LOAD_BN_SESSION_UPDATE_STAGE

SET
TRUNCATE
INSERT 0 0
END

Fri Apr 29 06:16:57 EDT 2011

Timing is on.

           670 - LOAD_BN_SESSION_20110427.UPDATES

BEGIN
Time: 0 hrs, 0 mins, 0 secs, 706 ms
SET
Time: 0 hrs, 0 mins, 0 secs, 13 ms
UPDATE 0
Time: 0 hrs, 0 mins, 0 secs, 417 ms
END
Time: 0 hrs, 0 mins, 0 secs, 818 ms
VACUUM
Time: 0 hrs, 0 mins, 5 secs, 855 ms

Fri Apr 29 06:17:05 EDT 2011

Timing is on.

           700 - LOAD_BN_SESSION

BEGIN
Time: 0 hrs, 0 mins, 1 secs, 93 ms
SET
Time: 0 hrs, 0 mins, 0 secs, 10 ms
INSERT 0 2336367
Time: 0 hrs, 0 mins, 5 secs, 905 ms
ANALYZE
Time: 0 hrs, 0 mins, 0 secs, 996 ms
END
Time: 0 hrs, 0 mins, 2 secs, 348 ms

Fri Apr 29 06:17:16 EDT 2011

Timing is on.

            750 - LOAD_BN_SESSION_SUMMARY   

BEGIN
Time: 0 hrs, 0 mins, 0 secs, 831 ms
SET
Time: 0 hrs, 0 mins, 0 secs, 12 ms
CREATE TABLE
Time: 0 hrs, 0 mins, 5 secs, 687 ms
TRUNCATE
Time: 0 hrs, 0 mins, 0 secs, 545 ms
INSERT 0 211999
Time: 0 hrs, 0 mins, 6 secs, 329 ms
ANALYZE
Time: 0 hrs, 0 mins, 0 secs, 605 ms
 count(1) 
----------
   211999
(1 row)

Time: 0 hrs, 0 mins, 0 secs, 82 ms
END
Time: 0 hrs, 0 mins, 0 secs, 940 ms

Fri Apr 29 06:17:31 EDT 2011

Timing is on.

           800 - LOAD_BN_HITS

BEGIN
Time: 0 hrs, 0 mins, 0 secs, 671 ms
SET
Time: 0 hrs, 0 mins, 0 secs, 11 ms
SET
Time: 0 hrs, 0 mins, 0 secs, 18 ms
SET
Time: 0 hrs, 0 mins, 0 secs, 18 ms
SET
Time: 0 hrs, 0 mins, 0 secs, 15 ms
TRUNCATE
Time: 0 hrs, 0 mins, 1 secs, 39 ms
INSERT 0 24389807
Time: 0 hrs, 0 mins, 9 secs, 723 ms
 count(1) 
----------
 24389807
(1 row)

Time: 0 hrs, 0 mins, 0 secs, 666 ms
ANALYZE
Time: 0 hrs, 0 mins, 2 secs, 629 ms
END
Time: 0 hrs, 0 mins, 2 secs, 348 ms

Fri Apr 29 06:17:48 EDT 2011

Timing is on.

            900 - LOAD_CLICKSTREAM   

BEGIN
Time: 0 hrs, 0 mins, 0 secs, 849 ms
SET
Time: 0 hrs, 0 mins, 0 secs, 14 ms
TRUNCATE
Time: 0 hrs, 0 mins, 0 secs, 446 ms
INSERT 0 24389807
Time: 0 hrs, 1 mins, 21 secs, 373 ms
 count(1) 
----------
 24389807
(1 row)

Time: 0 hrs, 0 mins, 1 secs, 144 ms
ANALYZE
Time: 0 hrs, 0 mins, 1 secs, 261 ms
END
Time: 0 hrs, 0 mins, 2 secs, 254 ms

Fri Apr 29 06:19:16 EDT 2011

Timing is on.

            1000 - PAGE_VIEW_SUMMARY  

BEGIN
Time: 0 hrs, 0 mins, 0 secs, 787 ms
SET
Time: 0 hrs, 0 mins, 0 secs, 10 ms
SET
Time: 0 hrs, 0 mins, 0 secs, 18 ms
TRUNCATE
Time: 0 hrs, 0 mins, 0 secs, 383 ms
INSERT 0 48537
Time: 0 hrs, 0 mins, 3 secs, 748 ms
 count(1) 
----------
    48537
(1 row)

Time: 0 hrs, 0 mins, 0 secs, 157 ms
ANALYZE
Time: 0 hrs, 0 mins, 0 secs, 64 ms
END
Time: 0 hrs, 0 mins, 1 secs, 584 ms

Fri Apr 29 06:19:23 EDT 2011


2000 - WRAP UP 

Timing is on.
BEGIN
Time: 0 hrs, 0 mins, 0 secs, 775 ms
TRUNCATE
Time: 0 hrs, 0 mins, 0 secs, 427 ms
TRUNCATE
Time: 0 hrs, 0 mins, 0 secs, 739 ms
END
Time: 0 hrs, 0 mins, 1 secs, 447 ms
Fri Apr 29 06:19:26 EDT 2011
Removing lock file and waiting for a minute
