Checking for lock file /tmp/.iislock
Acquired lock file /tmp/.iislock
-------------------------------------
Processing for 20110116
-------------------------------------

Mon Jan 17 08:30:11 EST 2011

Timing is on.

           000 - INIT

BEGIN
Time: 0 hrs, 0 mins, 0 secs, 660 ms
*** Truncating staging tables before workflow starts ***
SET
Time: 0 hrs, 0 mins, 0 secs, 13 ms
GRANT
Time: 0 hrs, 0 mins, 1 secs, 645 ms
END
Time: 0 hrs, 0 mins, 1 secs, 150 ms

Mon Jan 17 08:30:15 EST 2011

Timing is on.

            200 - LOAD_BN_IISLOGS   

BEGIN
Time: 0 hrs, 0 mins, 0 secs, 589 ms
SET
Time: 0 hrs, 0 mins, 0 secs, 13 ms
TRUNCATE
Time: 0 hrs, 0 mins, 0 secs, 323 ms
INSERT 0 0
Time: 0 hrs, 0 mins, 2 secs, 782 ms
END
Time: 0 hrs, 0 mins, 3 secs, 550 ms
ALTER TABLE
Time: 0 hrs, 7 mins, 46 secs, 762 ms

Mon Jan 17 08:38:09 EST 2011

Timing is on.
BEGIN
Time: 0 hrs, 0 mins, 0 secs, 613 ms
SET
Time: 0 hrs, 0 mins, 0 secs, 12 ms

            250 - LOAD_BN_HITS_SP   

TRUNCATE
Time: 0 hrs, 0 mins, 0 secs, 433 ms
INSERT 0 0
Time: 0 hrs, 0 mins, 0 secs, 922 ms
ANALYZE
Time: 0 hrs, 0 mins, 0 secs, 34 ms
END
Time: 0 hrs, 0 mins, 0 secs, 669 ms

Mon Jan 17 08:38:12 EST 2011

Timing is on.
BEGIN
Time: 0 hrs, 0 mins, 0 secs, 619 ms
SET
Time: 0 hrs, 0 mins, 0 secs, 11 ms

           300 - DYNAMIC FILTER

TRUNCATE
Time: 0 hrs, 0 mins, 1 secs, 33 ms
INSERT 0 0
Time: 0 hrs, 0 mins, 0 secs, 122 ms
ANALYZE
Time: 0 hrs, 0 mins, 0 secs, 23 ms
 Total records in web_click_cnt 
--------------------------------
                              0
(1 row)

Time: 0 hrs, 0 mins, 0 secs, 166 ms
CREATE TABLE
Time: 0 hrs, 0 mins, 1 secs, 499 ms
ANALYZE
Time: 0 hrs, 0 mins, 0 secs, 26 ms
CREATE TABLE
Time: 0 hrs, 0 mins, 0 secs, 197 ms
ANALYZE
Time: 0 hrs, 0 mins, 0 secs, 23 ms
DELETE 1
Time: 0 hrs, 0 mins, 0 secs, 203 ms
INSERT 0 1
Time: 0 hrs, 0 mins, 0 secs, 161 ms
DELETE 1
Time: 0 hrs, 0 mins, 0 secs, 88 ms
INSERT 0 1
Time: 0 hrs, 0 mins, 0 secs, 161 ms
CREATE TABLE
Time: 0 hrs, 0 mins, 2 secs, 168 ms
ANALYZE
Time: 0 hrs, 0 mins, 0 secs, 26 ms
CREATE TABLE
Time: 0 hrs, 0 mins, 0 secs, 192 ms
ANALYZE
Time: 0 hrs, 0 mins, 0 secs, 23 ms
DELETE 1
Time: 0 hrs, 0 mins, 0 secs, 90 ms
INSERT 0 1
Time: 0 hrs, 0 mins, 0 secs, 181 ms
DELETE 1
Time: 0 hrs, 0 mins, 0 secs, 92 ms
INSERT 0 1
Time: 0 hrs, 0 mins, 0 secs, 175 ms
ANALYZE
Time: 0 hrs, 0 mins, 1 secs, 447 ms
    tablename     |    attr_name    | attr_value 
------------------+-----------------+------------
 BN_FILTER_SPIDER | CLK_USER_SD_MPL | 10
 BN_FILTER_SPIDER | IP_USER_SD_MPL  | 1
 BN_FILTER_SPIDER | IP_USER_RATIO   | .955
 BN_FILTER_SPIDER | CLK_USER_MEAN   | 
 BN_FILTER_SPIDER | CLK_USER_SD     | 
 BN_FILTER_SPIDER | IP_USER_MEAN    | 
 BN_FILTER_SPIDER | IP_USER_SD      | 
(7 rows)

Time: 0 hrs, 0 mins, 0 secs, 151 ms
CREATE TABLE
Time: 0 hrs, 0 mins, 0 secs, 430 ms
CREATE TABLE
Time: 0 hrs, 0 mins, 0 secs, 114 ms
 l_mean_sd_mpl 
---------------
         0.000
(1 row)

Time: 0 hrs, 0 mins, 0 secs, 88 ms
TRUNCATE
Time: 0 hrs, 0 mins, 0 secs, 397 ms
INSERT 0 0
Time: 0 hrs, 0 mins, 0 secs, 389 ms
ANALYZE
Time: 0 hrs, 0 mins, 0 secs, 22 ms
 Total click_user bn_spider_ip records 
---------------------------------------
                                     0
(1 row)

Time: 0 hrs, 0 mins, 0 secs, 142 ms
CREATE TABLE
Time: 0 hrs, 0 mins, 0 secs, 378 ms
ANALYZE
Time: 0 hrs, 0 mins, 0 secs, 38 ms
CREATE TABLE
Time: 0 hrs, 0 mins, 0 secs, 425 ms
ANALYZE
Time: 0 hrs, 0 mins, 0 secs, 28 ms
DROP 
Time: 0 hrs, 0 mins, 0 secs, 311 ms
CREATE TABLE
Time: 0 hrs, 0 mins, 0 secs, 113 ms
 l_mean_sd_mpl | l_ratio 
---------------+---------
         0.000 |   0.955
(1 row)

Time: 0 hrs, 0 mins, 0 secs, 105 ms
INSERT 0 0
Time: 0 hrs, 0 mins, 0 secs, 380 ms
ANALYZE
Time: 0 hrs, 0 mins, 0 secs, 23 ms
 Total ip_user_filter bn_spider_ip records 
-------------------------------------------
                                         0
(1 row)

Time: 0 hrs, 0 mins, 0 secs, 87 ms
TRUNCATE
Time: 0 hrs, 0 mins, 1 secs, 711 ms
INSERT 0 0
Time: 0 hrs, 0 mins, 1 secs, 853 ms
ANALYZE
Time: 0 hrs, 0 mins, 0 secs, 30 ms
 bn_hits_stage 
---------------
             0
(1 row)

Time: 0 hrs, 0 mins, 0 secs, 570 ms
INSERT 0 0
Time: 0 hrs, 0 mins, 1 secs, 966 ms
ANALYZE
Time: 0 hrs, 0 mins, 0 secs, 32 ms
 bn_hits_sp_20110116 
---------------------
                   0
(1 row)

Time: 0 hrs, 0 mins, 0 secs, 105 ms
END
Time: 0 hrs, 0 mins, 3 secs, 816 ms

Mon Jan 17 08:38:35 EST 2011

Timing is on.
BEGIN
Time: 0 hrs, 0 mins, 1 secs, 378 ms

           600 - LOAD RESOURCES

SET
Time: 0 hrs, 0 mins, 0 secs, 11 ms
CREATE TABLE
Time: 0 hrs, 0 mins, 2 secs, 742 ms
ANALYZE
Time: 0 hrs, 0 mins, 0 secs, 28 ms
 tmp_a_count 
-------------
           0
(1 row)

Time: 0 hrs, 0 mins, 1 secs, 781 ms
UPDATE 0
Time: 0 hrs, 0 mins, 1 secs, 575 ms
ANALYZE
Time: 0 hrs, 0 mins, 2 secs, 73 ms
TRUNCATE
Time: 0 hrs, 0 mins, 1 secs, 938 ms
INSERT 0 0
Time: 0 hrs, 0 mins, 3 secs, 0 ms
ANALYZE
Time: 0 hrs, 0 mins, 0 secs, 22 ms
 first_resource_id | last_resource_id 
-------------------+------------------
                   |                 
(1 row)

Time: 0 hrs, 0 mins, 0 secs, 170 ms
INSERT 0 0
Time: 0 hrs, 0 mins, 0 secs, 634 ms
 total_resources 
-----------------
        12724616
(1 row)

Time: 0 hrs, 0 mins, 0 secs, 231 ms
ANALYZE
Time: 0 hrs, 0 mins, 0 secs, 481 ms
END
Time: 0 hrs, 0 mins, 1 secs, 327 ms
VACUUM
Time: 0 hrs, 0 mins, 5 secs, 424 ms

Mon Jan 17 08:38:58 EST 2011

Timing is on.

           650 - LOAD_BN_SESSION_STAGE

BEGIN
Time: 0 hrs, 0 mins, 0 secs, 622 ms
SET
Time: 0 hrs, 0 mins, 0 secs, 12 ms
SET
Time: 0 hrs, 0 mins, 0 secs, 24 ms
CREATE TABLE
Time: 0 hrs, 0 mins, 2 secs, 961 ms
ANALYZE
Time: 0 hrs, 0 mins, 0 secs, 36 ms
 tmp_sessionized_stage 
-----------------------
                     0
(1 row)

Time: 0 hrs, 0 mins, 0 secs, 78 ms
TRUNCATE
Time: 0 hrs, 0 mins, 0 secs, 673 ms
INSERT 0 0
Time: 0 hrs, 0 mins, 0 secs, 438 ms
ANALYZE
Time: 0 hrs, 0 mins, 0 secs, 24 ms
CREATE TABLE
Time: 0 hrs, 0 mins, 6 secs, 639 ms
CREATE INDEX
Time: 0 hrs, 0 mins, 0 secs, 38 ms
 tmp_first_last 
----------------
              0
(1 row)

Time: 0 hrs, 0 mins, 0 secs, 257 ms
ANALYZE
Time: 0 hrs, 0 mins, 0 secs, 30 ms
SET
Time: 0 hrs, 0 mins, 0 secs, 21 ms
SET
Time: 0 hrs, 0 mins, 0 secs, 20 ms
TRUNCATE
Time: 0 hrs, 0 mins, 0 secs, 343 ms
DROP
Time: 0 hrs, 0 mins, 0 secs, 60 ms
INSERT 0 0
Time: 0 hrs, 0 mins, 0 secs, 206 ms
 bn_session_stage 
------------------
                0
(1 row)

Time: 0 hrs, 0 mins, 0 secs, 353 ms
CREATE INDEX
Time: 0 hrs, 0 mins, 0 secs, 218 ms
ANALYZE
Time: 0 hrs, 0 mins, 0 secs, 26 ms
TRUNCATE
Time: 0 hrs, 0 mins, 0 secs, 258 ms
END
Time: 0 hrs, 0 mins, 1 secs, 831 ms

Mon Jan 17 08:39:13 EST 2011

BEGIN

           660 - LOAD_BN_SESSION_UPDATE_STAGE

SET
TRUNCATE
INSERT 0 0
END

Mon Jan 17 08:39:16 EST 2011

Timing is on.

           670 - LOAD_BN_SESSION_20110116.UPDATES

BEGIN
Time: 0 hrs, 0 mins, 0 secs, 614 ms
SET
Time: 0 hrs, 0 mins, 0 secs, 11 ms
UPDATE 0
Time: 0 hrs, 0 mins, 0 secs, 409 ms
END
Time: 0 hrs, 0 mins, 0 secs, 631 ms
VACUUM
Time: 0 hrs, 0 mins, 1 secs, 977 ms

Mon Jan 17 08:39:20 EST 2011

Timing is on.

           700 - LOAD_BN_SESSION

BEGIN
Time: 0 hrs, 0 mins, 0 secs, 583 ms
SET
Time: 0 hrs, 0 mins, 0 secs, 11 ms
INSERT 0 0
Time: 0 hrs, 0 mins, 1 secs, 301 ms
ANALYZE
Time: 0 hrs, 0 mins, 0 secs, 27 ms
END
Time: 0 hrs, 0 mins, 0 secs, 717 ms

Mon Jan 17 08:39:23 EST 2011

Timing is on.

            750 - LOAD_BN_SESSION_SUMMARY   

BEGIN
Time: 0 hrs, 0 mins, 0 secs, 616 ms
SET
Time: 0 hrs, 0 mins, 0 secs, 11 ms
CREATE TABLE
Time: 0 hrs, 0 mins, 1 secs, 148 ms
TRUNCATE
Time: 0 hrs, 0 mins, 0 secs, 691 ms
INSERT 0 0
Time: 0 hrs, 0 mins, 0 secs, 645 ms
ANALYZE
Time: 0 hrs, 0 mins, 0 secs, 23 ms
 count(1) 
----------
        0
(1 row)

Time: 0 hrs, 0 mins, 0 secs, 88 ms
END
Time: 0 hrs, 0 mins, 1 secs, 87 ms

Mon Jan 17 08:39:27 EST 2011

Timing is on.

           800 - LOAD_BN_HITS

BEGIN
Time: 0 hrs, 0 mins, 0 secs, 639 ms
SET
Time: 0 hrs, 0 mins, 0 secs, 11 ms
SET
Time: 0 hrs, 0 mins, 0 secs, 18 ms
SET
Time: 0 hrs, 0 mins, 0 secs, 18 ms
SET
Time: 0 hrs, 0 mins, 0 secs, 17 ms
TRUNCATE
Time: 0 hrs, 0 mins, 0 secs, 454 ms
INSERT 0 0
Time: 0 hrs, 0 mins, 0 secs, 243 ms
 count(1) 
----------
        0
(1 row)

Time: 0 hrs, 0 mins, 0 secs, 156 ms
ANALYZE
Time: 0 hrs, 0 mins, 0 secs, 25 ms
END
Time: 0 hrs, 0 mins, 0 secs, 567 ms

Mon Jan 17 08:39:30 EST 2011

Timing is on.

            900 - LOAD_CLICKSTREAM   

BEGIN
Time: 0 hrs, 0 mins, 0 secs, 571 ms
SET
Time: 0 hrs, 0 mins, 0 secs, 11 ms
TRUNCATE
Time: 0 hrs, 0 mins, 0 secs, 315 ms
INSERT 0 0
Time: 0 hrs, 0 mins, 4 secs, 842 ms
 count(1) 
----------
        0
(1 row)

Time: 0 hrs, 0 mins, 0 secs, 148 ms
ANALYZE
Time: 0 hrs, 0 mins, 0 secs, 34 ms
END
Time: 0 hrs, 0 mins, 1 secs, 262 ms

Mon Jan 17 08:39:37 EST 2011

Timing is on.

            1000 - PAGE_VIEW_SUMMARY  

BEGIN
Time: 0 hrs, 0 mins, 0 secs, 561 ms
SET
Time: 0 hrs, 0 mins, 0 secs, 11 ms
TRUNCATE
Time: 0 hrs, 0 mins, 0 secs, 659 ms
INSERT 0 0
Time: 0 hrs, 0 mins, 1 secs, 23 ms
 count(1) 
----------
        0
(1 row)

Time: 0 hrs, 0 mins, 0 secs, 81 ms
ANALYZE
Time: 0 hrs, 0 mins, 0 secs, 22 ms
END
Time: 0 hrs, 0 mins, 0 secs, 625 ms
Mon Jan 17 08:39:40 EST 2011
Removing lock file and waiting for a minute
Checking for lock file /tmp/.iislock
Acquired lock file /tmp/.iislock
-------------------------------------
Processing for 20110116
-------------------------------------

Tue Jan 18 08:36:33 EST 2011

Timing is on.

           000 - INIT

BEGIN
Time: 0 hrs, 0 mins, 0 secs, 915 ms
*** Truncating staging tables before workflow starts ***
SET
Time: 0 hrs, 0 mins, 0 secs, 12 ms
GRANT
Time: 0 hrs, 0 mins, 0 secs, 434 ms
END
Time: 0 hrs, 0 mins, 0 secs, 737 ms

Tue Jan 18 08:36:35 EST 2011

Timing is on.

            200 - LOAD_BN_IISLOGS   

BEGIN
Time: 0 hrs, 0 mins, 0 secs, 573 ms
SET
Time: 0 hrs, 0 mins, 0 secs, 12 ms
TRUNCATE
Time: 0 hrs, 0 mins, 0 secs, 289 ms
INSERT 0 1811465
Time: 0 hrs, 0 mins, 28 secs, 266 ms
END
Time: 0 hrs, 0 mins, 0 secs, 979 ms
ALTER TABLE
Time: 0 hrs, 0 mins, 1 secs, 751 ms

Tue Jan 18 08:37:07 EST 2011

Timing is on.
BEGIN
Time: 0 hrs, 0 mins, 0 secs, 719 ms
SET
Time: 0 hrs, 0 mins, 0 secs, 12 ms

            250 - LOAD_BN_HITS_SP   

TRUNCATE
Time: 0 hrs, 0 mins, 0 secs, 230 ms
INSERT 0 699667
Time: 0 hrs, 0 mins, 7 secs, 104 ms
ANALYZE
Time: 0 hrs, 0 mins, 1 secs, 73 ms
END
Time: 0 hrs, 0 mins, 0 secs, 756 ms

Tue Jan 18 08:37:17 EST 2011

Timing is on.
BEGIN
Time: 0 hrs, 0 mins, 0 secs, 561 ms
SET
Time: 0 hrs, 0 mins, 0 secs, 10 ms

           300 - DYNAMIC FILTER

TRUNCATE
Time: 0 hrs, 0 mins, 0 secs, 215 ms
INSERT 0 600184
Time: 0 hrs, 0 mins, 0 secs, 302 ms
ANALYZE
Time: 0 hrs, 0 mins, 0 secs, 81 ms
 Total records in web_click_cnt 
--------------------------------
                         600184
(1 row)

Time: 0 hrs, 0 mins, 0 secs, 216 ms
CREATE TABLE
Time: 0 hrs, 0 mins, 0 secs, 714 ms
ANALYZE
Time: 0 hrs, 0 mins, 0 secs, 30 ms
CREATE TABLE
Time: 0 hrs, 0 mins, 0 secs, 357 ms
ANALYZE
Time: 0 hrs, 0 mins, 0 secs, 30 ms
DELETE 1
Time: 0 hrs, 0 mins, 0 secs, 94 ms
INSERT 0 1
Time: 0 hrs, 0 mins, 0 secs, 260 ms
DELETE 1
Time: 0 hrs, 0 mins, 0 secs, 91 ms
INSERT 0 1
Time: 0 hrs, 0 mins, 0 secs, 157 ms
CREATE TABLE
Time: 0 hrs, 0 mins, 0 secs, 789 ms
ANALYZE
Time: 0 hrs, 0 mins, 0 secs, 31 ms
CREATE TABLE
Time: 0 hrs, 0 mins, 0 secs, 129 ms
ANALYZE
Time: 0 hrs, 0 mins, 0 secs, 31 ms
DELETE 1
Time: 0 hrs, 0 mins, 0 secs, 91 ms
INSERT 0 1
Time: 0 hrs, 0 mins, 0 secs, 141 ms
DELETE 1
Time: 0 hrs, 0 mins, 0 secs, 90 ms
INSERT 0 1
Time: 0 hrs, 0 mins, 0 secs, 146 ms
ANALYZE
Time: 0 hrs, 0 mins, 0 secs, 21 ms
    tablename     |    attr_name    | attr_value 
------------------+-----------------+------------
 BN_FILTER_SPIDER | CLK_USER_SD_MPL | 10
 BN_FILTER_SPIDER | IP_USER_SD_MPL  | 1
 BN_FILTER_SPIDER | IP_USER_RATIO   | .955
 BN_FILTER_SPIDER | CLK_USER_MEAN   | 6.417
 BN_FILTER_SPIDER | CLK_USER_SD     | 203.502
 BN_FILTER_SPIDER | IP_USER_MEAN    | 7.133
 BN_FILTER_SPIDER | IP_USER_SD      | 343.619
(7 rows)

Time: 0 hrs, 0 mins, 0 secs, 77 ms
CREATE TABLE
Time: 0 hrs, 0 mins, 0 secs, 995 ms
CREATE TABLE
Time: 0 hrs, 0 mins, 0 secs, 284 ms
 l_mean_sd_mpl 
---------------
      2041.437
(1 row)

Time: 0 hrs, 0 mins, 0 secs, 98 ms
TRUNCATE
Time: 0 hrs, 0 mins, 0 secs, 296 ms
INSERT 0 4
Time: 0 hrs, 0 mins, 1 secs, 0 ms
ANALYZE
Time: 0 hrs, 0 mins, 0 secs, 26 ms
 Total click_user bn_spider_ip records 
---------------------------------------
                                     4
(1 row)

Time: 0 hrs, 0 mins, 0 secs, 87 ms
CREATE TABLE
Time: 0 hrs, 0 mins, 0 secs, 414 ms
ANALYZE
Time: 0 hrs, 0 mins, 0 secs, 28 ms
CREATE TABLE
Time: 0 hrs, 0 mins, 0 secs, 431 ms
ANALYZE
Time: 0 hrs, 0 mins, 0 secs, 30 ms
DROP 
Time: 0 hrs, 0 mins, 0 secs, 353 ms
CREATE TABLE
Time: 0 hrs, 0 mins, 0 secs, 182 ms
 l_mean_sd_mpl | l_ratio 
---------------+---------
       350.752 |   0.955
(1 row)

Time: 0 hrs, 0 mins, 0 secs, 325 ms
INSERT 0 476677
Time: 0 hrs, 0 mins, 0 secs, 761 ms
ANALYZE
Time: 0 hrs, 0 mins, 0 secs, 131 ms
 Total ip_user_filter bn_spider_ip records 
-------------------------------------------
                                    476677
(1 row)

Time: 0 hrs, 0 mins, 0 secs, 100 ms
TRUNCATE
Time: 0 hrs, 0 mins, 0 secs, 702 ms
INSERT 0 536280
Time: 0 hrs, 0 mins, 1 secs, 526 ms
ANALYZE
Time: 0 hrs, 0 mins, 0 secs, 428 ms
 bn_hits_stage 
---------------
        536280
(1 row)

Time: 0 hrs, 0 mins, 0 secs, 89 ms
INSERT 0 575518
Time: 0 hrs, 0 mins, 5 secs, 376 ms
ANALYZE
Time: 0 hrs, 0 mins, 1 secs, 111 ms
 bn_hits_sp_20110116 
---------------------
             1275185
(1 row)

Time: 0 hrs, 0 mins, 0 secs, 139 ms
TRUNCATE
Time: 0 hrs, 0 mins, 0 secs, 263 ms
INSERT 0 0
Time: 0 hrs, 0 mins, 0 secs, 856 ms
ANALYZE
Time: 0 hrs, 0 mins, 0 secs, 16 ms
 bn_hits_client_20110116 
-------------------------
                       0
(1 row)

Time: 0 hrs, 0 mins, 0 secs, 70 ms
END
Time: 0 hrs, 0 mins, 1 secs, 430 ms

Tue Jan 18 08:37:40 EST 2011

Timing is on.
BEGIN
Time: 0 hrs, 0 mins, 0 secs, 574 ms

           600 - LOAD RESOURCES

SET
Time: 0 hrs, 0 mins, 0 secs, 12 ms
CREATE TABLE
Time: 0 hrs, 0 mins, 1 secs, 737 ms
ANALYZE
Time: 0 hrs, 0 mins, 0 secs, 28 ms
 tmp_a_count 
-------------
          67
(1 row)

Time: 0 hrs, 0 mins, 0 secs, 65 ms
UPDATE 0
Time: 0 hrs, 0 mins, 0 secs, 348 ms
ANALYZE
Time: 0 hrs, 0 mins, 0 secs, 535 ms
TRUNCATE
Time: 0 hrs, 0 mins, 0 secs, 341 ms
INSERT 0 0
Time: 0 hrs, 0 mins, 2 secs, 433 ms
ANALYZE
Time: 0 hrs, 0 mins, 0 secs, 25 ms
 first_resource_id | last_resource_id 
-------------------+------------------
                   |                 
(1 row)

Time: 0 hrs, 0 mins, 0 secs, 110 ms
INSERT 0 0
Time: 0 hrs, 0 mins, 0 secs, 886 ms
 total_resources 
-----------------
        12725679
(1 row)

Time: 0 hrs, 0 mins, 0 secs, 162 ms
ANALYZE
Time: 0 hrs, 0 mins, 0 secs, 491 ms
END
Time: 0 hrs, 0 mins, 0 secs, 949 ms
VACUUM
Time: 0 hrs, 0 mins, 1 secs, 904 ms

Tue Jan 18 08:37:50 EST 2011

Timing is on.

           650 - LOAD_BN_SESSION_STAGE

BEGIN
Time: 0 hrs, 0 mins, 0 secs, 621 ms
SET
Time: 0 hrs, 0 mins, 0 secs, 11 ms
SET
Time: 0 hrs, 0 mins, 0 secs, 18 ms
CREATE TABLE
Time: 0 hrs, 0 mins, 4 secs, 43 ms
ANALYZE
Time: 0 hrs, 0 mins, 0 secs, 532 ms
 tmp_sessionized_stage 
-----------------------
                536280
(1 row)

Time: 0 hrs, 0 mins, 0 secs, 85 ms
TRUNCATE
Time: 0 hrs, 0 mins, 0 secs, 307 ms
INSERT 0 123637
Time: 0 hrs, 0 mins, 1 secs, 583 ms
ANALYZE
Time: 0 hrs, 0 mins, 0 secs, 206 ms
CREATE TABLE
Time: 0 hrs, 0 mins, 12 secs, 629 ms
CREATE INDEX
Time: 0 hrs, 0 mins, 0 secs, 241 ms
 tmp_first_last 
----------------
         123637
(1 row)

Time: 0 hrs, 0 mins, 0 secs, 97 ms
ANALYZE
Time: 0 hrs, 0 mins, 0 secs, 105 ms
SET
Time: 0 hrs, 0 mins, 0 secs, 23 ms
SET
Time: 0 hrs, 0 mins, 0 secs, 21 ms
TRUNCATE
Time: 0 hrs, 0 mins, 0 secs, 536 ms
DROP
Time: 0 hrs, 0 mins, 0 secs, 24 ms
INSERT 0 123637
Time: 0 hrs, 0 mins, 0 secs, 455 ms
 bn_session_stage 
------------------
           123637
(1 row)

Time: 0 hrs, 0 mins, 0 secs, 74 ms
CREATE INDEX
Time: 0 hrs, 0 mins, 0 secs, 549 ms
ANALYZE
Time: 0 hrs, 0 mins, 0 secs, 110 ms
TRUNCATE
Time: 0 hrs, 0 mins, 0 secs, 186 ms
END
Time: 0 hrs, 0 mins, 1 secs, 100 ms

Tue Jan 18 08:38:14 EST 2011

BEGIN

           660 - LOAD_BN_SESSION_UPDATE_STAGE

SET
TRUNCATE
INSERT 0 0
END

Tue Jan 18 08:38:17 EST 2011

Timing is on.

           670 - LOAD_BN_SESSION_20110116.UPDATES

BEGIN
Time: 0 hrs, 0 mins, 0 secs, 568 ms
SET
Time: 0 hrs, 0 mins, 0 secs, 9 ms
UPDATE 0
Time: 0 hrs, 0 mins, 0 secs, 454 ms
END
Time: 0 hrs, 0 mins, 0 secs, 826 ms
VACUUM
Time: 0 hrs, 0 mins, 2 secs, 120 ms

Tue Jan 18 08:38:21 EST 2011

Timing is on.

           700 - LOAD_BN_SESSION

BEGIN
Time: 0 hrs, 0 mins, 0 secs, 597 ms
SET
Time: 0 hrs, 0 mins, 0 secs, 10 ms
INSERT 0 123637
Time: 0 hrs, 0 mins, 1 secs, 842 ms
ANALYZE
Time: 0 hrs, 0 mins, 0 secs, 164 ms
END
Time: 0 hrs, 0 mins, 0 secs, 936 ms

Tue Jan 18 08:38:25 EST 2011

Timing is on.

            750 - LOAD_BN_SESSION_SUMMARY   

BEGIN
Time: 0 hrs, 0 mins, 0 secs, 591 ms
SET
Time: 0 hrs, 0 mins, 0 secs, 13 ms
CREATE TABLE
Time: 0 hrs, 0 mins, 1 secs, 378 ms
TRUNCATE
Time: 0 hrs, 0 mins, 0 secs, 684 ms
INSERT 0 7426
Time: 0 hrs, 0 mins, 1 secs, 55 ms
ANALYZE
Time: 0 hrs, 0 mins, 0 secs, 95 ms
 count(1) 
----------
     7426
(1 row)

Time: 0 hrs, 0 mins, 0 secs, 88 ms
END
Time: 0 hrs, 0 mins, 1 secs, 15 ms

Tue Jan 18 08:38:30 EST 2011

Timing is on.

           800 - LOAD_BN_HITS

BEGIN
Time: 0 hrs, 0 mins, 0 secs, 626 ms
SET
Time: 0 hrs, 0 mins, 0 secs, 12 ms
SET
Time: 0 hrs, 0 mins, 0 secs, 18 ms
SET
Time: 0 hrs, 0 mins, 0 secs, 17 ms
SET
Time: 0 hrs, 0 mins, 0 secs, 18 ms
TRUNCATE
Time: 0 hrs, 0 mins, 0 secs, 260 ms
INSERT 0 536280
Time: 0 hrs, 0 mins, 0 secs, 321 ms
 count(1) 
----------
   536280
(1 row)

Time: 0 hrs, 0 mins, 0 secs, 137 ms
ANALYZE
Time: 0 hrs, 0 mins, 0 secs, 650 ms
END
Time: 0 hrs, 0 mins, 1 secs, 55 ms

Tue Jan 18 08:38:34 EST 2011

Timing is on.

            900 - LOAD_CLICKSTREAM   

BEGIN
Time: 0 hrs, 0 mins, 0 secs, 544 ms
SET
Time: 0 hrs, 0 mins, 0 secs, 10 ms
TRUNCATE
Time: 0 hrs, 0 mins, 0 secs, 267 ms
INSERT 0 536280
Time: 0 hrs, 0 mins, 9 secs, 464 ms
 count(1) 
----------
   536280
(1 row)

Time: 0 hrs, 0 mins, 0 secs, 63 ms
ANALYZE
Time: 0 hrs, 0 mins, 0 secs, 227 ms
END
Time: 0 hrs, 0 mins, 1 secs, 215 ms

Tue Jan 18 08:38:46 EST 2011

Timing is on.

            1000 - PAGE_VIEW_SUMMARY  

BEGIN
Time: 0 hrs, 0 mins, 0 secs, 563 ms
SET
Time: 0 hrs, 0 mins, 0 secs, 10 ms
TRUNCATE
Time: 0 hrs, 0 mins, 0 secs, 202 ms
INSERT 0 141
Time: 0 hrs, 0 mins, 1 secs, 318 ms
 count(1) 
----------
      141
(1 row)

Time: 0 hrs, 0 mins, 0 secs, 69 ms
ANALYZE
Time: 0 hrs, 0 mins, 0 secs, 24 ms
END
Time: 0 hrs, 0 mins, 0 secs, 618 ms
Tue Jan 18 08:38:49 EST 2011
Removing lock file and waiting for a minute
