Checking for lock file /tmp/.iislock
Acquired lock file /tmp/.iislock
deleting simple.htm records - these are just server testing...
DELETE 5401224
-------------------------------------
Processing for 20111102
-------------------------------------

Thu Nov 3 03:59:05 EDT 2011

Timing is on.

           000 - INIT

BEGIN
Time: 0 hrs, 0 mins, 0 secs, 139 ms
*** Truncating staging tables before workflow starts ***
SET
Time: 0 hrs, 0 mins, 0 secs, 7 ms
GRANT
Time: 0 hrs, 0 mins, 1 secs, 305 ms
END
Time: 0 hrs, 0 mins, 7 secs, 163 ms

Thu Nov 3 03:59:15 EDT 2011

Timing is on.

            200 - LOAD_BN_IISLOGS   

BEGIN
Time: 0 hrs, 0 mins, 0 secs, 146 ms
SET
Time: 0 hrs, 0 mins, 0 secs, 6 ms
TRUNCATE
Time: 0 hrs, 0 mins, 6 secs, 282 ms
INSERT 0 42875828
Time: 0 hrs, 8 mins, 20 secs, 723 ms
END
Time: 0 hrs, 0 mins, 10 secs, 889 ms
ALTER TABLE
Time: 0 hrs, 2 mins, 33 secs, 196 ms

Thu Nov 3 04:10:26 EDT 2011

Timing is on.
BEGIN
Time: 0 hrs, 0 mins, 0 secs, 141 ms
SET
Time: 0 hrs, 0 mins, 0 secs, 7 ms

            250 - LOAD_BN_HITS_SP   

TRUNCATE
Time: 0 hrs, 0 mins, 6 secs, 512 ms
INSERT 0 14278145
Time: 0 hrs, 3 mins, 55 secs, 254 ms
ANALYZE
Time: 0 hrs, 0 mins, 3 secs, 189 ms
END
Time: 0 hrs, 0 mins, 5 secs, 695 ms

Thu Nov 3 04:14:37 EDT 2011

Timing is on.
BEGIN
Time: 0 hrs, 0 mins, 5 secs, 680 ms
SET
Time: 0 hrs, 0 mins, 0 secs, 7 ms

           300 - DYNAMIC FILTER

TRUNCATE
Time: 0 hrs, 0 mins, 3 secs, 205 ms
INSERT 0 13778175
Time: 0 hrs, 0 mins, 2 secs, 539 ms
ANALYZE
Time: 0 hrs, 0 mins, 1 secs, 99 ms
 Total records in web_click_cnt 
--------------------------------
                       13778175
(1 row)

Time: 0 hrs, 0 mins, 3 secs, 37 ms
CREATE TABLE
Time: 0 hrs, 0 mins, 5 secs, 549 ms
ANALYZE
Time: 0 hrs, 0 mins, 0 secs, 35 ms
CREATE TABLE
Time: 0 hrs, 0 mins, 0 secs, 968 ms
ANALYZE
Time: 0 hrs, 0 mins, 0 secs, 49 ms
DELETE 1
Time: 0 hrs, 0 mins, 0 secs, 736 ms
INSERT 0 1
Time: 0 hrs, 0 mins, 1 secs, 779 ms
DELETE 1
Time: 0 hrs, 0 mins, 0 secs, 53 ms
INSERT 0 1
Time: 0 hrs, 0 mins, 1 secs, 108 ms
CREATE TABLE
Time: 0 hrs, 0 mins, 5 secs, 771 ms
ANALYZE
Time: 0 hrs, 0 mins, 0 secs, 30 ms
CREATE TABLE
Time: 0 hrs, 0 mins, 0 secs, 361 ms
ANALYZE
Time: 0 hrs, 0 mins, 0 secs, 37 ms
DELETE 1
Time: 0 hrs, 0 mins, 0 secs, 66 ms
INSERT 0 1
Time: 0 hrs, 0 mins, 0 secs, 558 ms
DELETE 1
Time: 0 hrs, 0 mins, 0 secs, 67 ms
INSERT 0 1
Time: 0 hrs, 0 mins, 0 secs, 395 ms
ANALYZE
Time: 0 hrs, 0 mins, 0 secs, 769 ms
    tablename     |    attr_name    | attr_value 
------------------+-----------------+------------
 BN_FILTER_SPIDER | CLK_USER_SD_MPL | 10
 BN_FILTER_SPIDER | IP_USER_SD_MPL  | 1
 BN_FILTER_SPIDER | IP_USER_RATIO   | .955
 BN_FILTER_SPIDER | CLK_USER_MEAN   | 10.213
 BN_FILTER_SPIDER | CLK_USER_SD     | 34.577
 BN_FILTER_SPIDER | IP_USER_MEAN    | 18.684
 BN_FILTER_SPIDER | IP_USER_SD      | 1178.029
(7 rows)

Time: 0 hrs, 0 mins, 1 secs, 214 ms
CREATE TABLE
Time: 0 hrs, 0 mins, 5 secs, 898 ms
CREATE TABLE
Time: 0 hrs, 0 mins, 5 secs, 33 ms
 l_mean_sd_mpl 
---------------
       355.983
(1 row)

Time: 0 hrs, 0 mins, 4 secs, 337 ms
TRUNCATE
Time: 0 hrs, 0 mins, 3 secs, 270 ms
INSERT 0 498
Time: 0 hrs, 0 mins, 5 secs, 200 ms
ANALYZE
Time: 0 hrs, 0 mins, 0 secs, 303 ms
 Total click_user bn_spider_ip records 
---------------------------------------
                                   498
(1 row)

Time: 0 hrs, 0 mins, 0 secs, 566 ms
CREATE TABLE
Time: 0 hrs, 0 mins, 6 secs, 121 ms
ANALYZE
Time: 0 hrs, 0 mins, 0 secs, 26 ms
CREATE TABLE
Time: 0 hrs, 0 mins, 4 secs, 258 ms
ANALYZE
Time: 0 hrs, 0 mins, 0 secs, 31 ms
DROP 
Time: 0 hrs, 0 mins, 0 secs, 92 ms
CREATE TABLE
Time: 0 hrs, 0 mins, 0 secs, 440 ms
 l_mean_sd_mpl | l_ratio 
---------------+---------
      1196.713 |   0.955
(1 row)

Time: 0 hrs, 0 mins, 0 secs, 723 ms
INSERT 0 11413832
Time: 0 hrs, 0 mins, 3 secs, 948 ms
ANALYZE
Time: 0 hrs, 0 mins, 0 secs, 161 ms
 Total ip_user_filter bn_spider_ip records 
-------------------------------------------
                                  11413832
(1 row)

Time: 0 hrs, 0 mins, 0 secs, 244 ms
TRUNCATE
Time: 0 hrs, 0 mins, 3 secs, 217 ms
INSERT 0 13007861
Time: 0 hrs, 0 mins, 12 secs, 302 ms
ANALYZE
Time: 0 hrs, 0 mins, 21 secs, 689 ms
 bn_hits_stage 
---------------
      13007861
(1 row)

Time: 0 hrs, 0 mins, 0 secs, 933 ms
INSERT 0 12101538
Time: 0 hrs, 0 mins, 32 secs, 742 ms
ANALYZE
Time: 0 hrs, 0 mins, 3 secs, 124 ms
 bn_hits_sp_20111102 
---------------------
            26379683
(1 row)

Time: 0 hrs, 0 mins, 0 secs, 487 ms
TRUNCATE
Time: 0 hrs, 0 mins, 6 secs, 757 ms
INSERT 0 3488284
Time: 0 hrs, 0 mins, 2 secs, 479 ms
ANALYZE
Time: 0 hrs, 0 mins, 4 secs, 8 ms
 bn_hits_client_20111102 
-------------------------
                 3488284
(1 row)

Time: 0 hrs, 0 mins, 1 secs, 987 ms
END
Time: 0 hrs, 0 mins, 21 secs, 292 ms

Thu Nov 3 04:17:45 EDT 2011

Timing is on.
BEGIN
Time: 0 hrs, 0 mins, 0 secs, 412 ms

           600 - LOAD RESOURCES

SET
Time: 0 hrs, 0 mins, 0 secs, 9 ms
CREATE TABLE
Time: 0 hrs, 3 mins, 41 secs, 643 ms
ANALYZE
Time: 0 hrs, 0 mins, 0 secs, 466 ms
 tmp_a_count 
-------------
      386997
(1 row)

Time: 0 hrs, 0 mins, 0 secs, 753 ms
UPDATE 0
Time: 0 hrs, 0 mins, 2 secs, 671 ms
ANALYZE
Time: 0 hrs, 0 mins, 3 secs, 561 ms
TRUNCATE
Time: 0 hrs, 0 mins, 1 secs, 7 ms
INSERT 0 118518
Time: 0 hrs, 0 mins, 10 secs, 791 ms
ANALYZE
Time: 0 hrs, 0 mins, 2 secs, 245 ms
 first_resource_id | last_resource_id 
-------------------+------------------
          52107260 |         52225777
(1 row)

Time: 0 hrs, 0 mins, 1 secs, 667 ms
INSERT 0 118518
Time: 0 hrs, 0 mins, 4 secs, 798 ms
 total_resources 
-----------------
        52201370
(1 row)

Time: 0 hrs, 0 mins, 0 secs, 663 ms
ANALYZE
Time: 0 hrs, 0 mins, 0 secs, 412 ms
END
Time: 0 hrs, 0 mins, 12 secs, 162 ms
VACUUM
Time: 0 hrs, 0 mins, 15 secs, 671 ms

Thu Nov 3 04:22:24 EDT 2011

Timing is on.

           650 - LOAD_BN_SESSION_STAGE

BEGIN
Time: 0 hrs, 0 mins, 0 secs, 138 ms
SET
Time: 0 hrs, 0 mins, 0 secs, 6 ms
SET
Time: 0 hrs, 0 mins, 0 secs, 12 ms
CREATE TABLE
Time: 0 hrs, 3 mins, 3 secs, 262 ms
ANALYZE
Time: 0 hrs, 0 mins, 3 secs, 307 ms
 tmp_sessionized_stage 
-----------------------
              13007861
(1 row)

Time: 0 hrs, 0 mins, 0 secs, 392 ms
TRUNCATE
Time: 0 hrs, 0 mins, 2 secs, 218 ms
INSERT 0 2043739
Time: 0 hrs, 0 mins, 51 secs, 116 ms
ANALYZE
Time: 0 hrs, 0 mins, 9 secs, 302 ms
CREATE TABLE
Time: 0 hrs, 0 mins, 58 secs, 218 ms
CREATE INDEX
Time: 0 hrs, 0 mins, 0 secs, 948 ms
 tmp_first_last 
----------------
        2043739
(1 row)

Time: 0 hrs, 0 mins, 0 secs, 991 ms
ANALYZE
Time: 0 hrs, 0 mins, 0 secs, 795 ms
SET
Time: 0 hrs, 0 mins, 0 secs, 17 ms
SET
Time: 0 hrs, 0 mins, 0 secs, 18 ms
TRUNCATE
Time: 0 hrs, 0 mins, 4 secs, 494 ms
DROP 
Time: 0 hrs, 0 mins, 2 secs, 148 ms
INSERT 0 2043739
Time: 0 hrs, 0 mins, 6 secs, 899 ms
 bn_session_stage 
------------------
          2043739
(1 row)

Time: 0 hrs, 0 mins, 3 secs, 331 ms
CREATE INDEX
Time: 0 hrs, 0 mins, 1 secs, 839 ms
ANALYZE
Time: 0 hrs, 0 mins, 0 secs, 537 ms
TRUNCATE
Time: 0 hrs, 0 mins, 2 secs, 792 ms
END
Time: 0 hrs, 0 mins, 14 secs, 101 ms

Thu Nov 3 04:28:11 EDT 2011

BEGIN

           660 - LOAD_BN_SESSION_UPDATE_STAGE

SET
TRUNCATE
INSERT 0 0
END

Thu Nov 3 04:28:20 EDT 2011

Timing is on.

           670 - LOAD_BN_SESSION_20111102.UPDATES

BEGIN
Time: 0 hrs, 0 mins, 0 secs, 137 ms
SET
Time: 0 hrs, 0 mins, 0 secs, 6 ms
UPDATE 0
Time: 0 hrs, 0 mins, 0 secs, 173 ms
END
Time: 0 hrs, 0 mins, 4 secs, 626 ms
VACUUM
Time: 0 hrs, 0 mins, 1 secs, 638 ms

Thu Nov 3 04:28:27 EDT 2011

Timing is on.

           700 - LOAD_BN_SESSION

BEGIN
Time: 0 hrs, 0 mins, 0 secs, 567 ms
SET
Time: 0 hrs, 0 mins, 0 secs, 6 ms
INSERT 0 2043739
Time: 0 hrs, 3 mins, 37 secs, 922 ms
ANALYZE
Time: 0 hrs, 0 mins, 1 secs, 631 ms
END
Time: 0 hrs, 0 mins, 11 secs, 80 ms

Thu Nov 3 04:32:19 EDT 2011

Timing is on.

            750 - LOAD_BN_SESSION_SUMMARY   

BEGIN
Time: 0 hrs, 0 mins, 0 secs, 190 ms
SET
Time: 0 hrs, 0 mins, 0 secs, 7 ms
CREATE TABLE
Time: 0 hrs, 0 mins, 7 secs, 669 ms
TRUNCATE
Time: 0 hrs, 0 mins, 3 secs, 712 ms
INSERT 0 252572
Time: 0 hrs, 0 mins, 3 secs, 962 ms
ANALYZE
Time: 0 hrs, 0 mins, 0 secs, 779 ms
 count(1) 
----------
   252572
(1 row)

Time: 0 hrs, 0 mins, 0 secs, 65 ms
END
Time: 0 hrs, 0 mins, 5 secs, 933 ms

Thu Nov 3 04:32:41 EDT 2011

Timing is on.

           800 - LOAD_BN_HITS

BEGIN
Time: 0 hrs, 0 mins, 1 secs, 10 ms
SET
Time: 0 hrs, 0 mins, 0 secs, 9 ms
SET
Time: 0 hrs, 0 mins, 0 secs, 13 ms
SET
Time: 0 hrs, 0 mins, 0 secs, 10 ms
SET
Time: 0 hrs, 0 mins, 0 secs, 11 ms
TRUNCATE
Time: 0 hrs, 0 mins, 1 secs, 460 ms
INSERT 0 13007861
Time: 0 hrs, 0 mins, 2 secs, 317 ms
 count(1) 
----------
 13007861
(1 row)

Time: 0 hrs, 0 mins, 3 secs, 530 ms
ANALYZE
Time: 0 hrs, 0 mins, 3 secs, 685 ms
END
Time: 0 hrs, 0 mins, 19 secs, 289 ms

Thu Nov 3 04:33:13 EDT 2011

Timing is on.

            900 - LOAD_CLICKSTREAM   

BEGIN
Time: 0 hrs, 0 mins, 0 secs, 138 ms
SET
Time: 0 hrs, 0 mins, 0 secs, 6 ms
TRUNCATE
Time: 0 hrs, 0 mins, 8 secs, 195 ms
INSERT 0 13007861
Time: 0 hrs, 4 mins, 28 secs, 202 ms
 count(1) 
----------
 13007861
(1 row)

Time: 0 hrs, 0 mins, 2 secs, 284 ms
ANALYZE
Time: 0 hrs, 0 mins, 1 secs, 416 ms
END
Time: 0 hrs, 0 mins, 15 secs, 383 ms

Thu Nov 3 04:38:09 EDT 2011

Timing is on.

            1000 - PAGE_VIEW_SUMMARY  

BEGIN
Time: 0 hrs, 0 mins, 0 secs, 144 ms
SET
Time: 0 hrs, 0 mins, 0 secs, 6 ms
SET
Time: 0 hrs, 0 mins, 0 secs, 11 ms
TRUNCATE
Time: 0 hrs, 0 mins, 1 secs, 131 ms
INSERT 0 399639
Time: 0 hrs, 3 mins, 41 secs, 864 ms
 count(1) 
----------
   399639
(1 row)

Time: 0 hrs, 0 mins, 9 secs, 970 ms
ANALYZE
Time: 0 hrs, 0 mins, 0 secs, 92 ms
END
Time: 0 hrs, 0 mins, 9 secs, 706 ms

Thu Nov 3 04:42:12 EDT 2011


2000 - WRAP UP 

Timing is on.
BEGIN
Time: 0 hrs, 0 mins, 0 secs, 564 ms
TRUNCATE
Time: 0 hrs, 0 mins, 0 secs, 985 ms
TRUNCATE
Time: 0 hrs, 0 mins, 1 secs, 300 ms
END
Time: 0 hrs, 0 mins, 6 secs, 367 ms
Thu Nov 3 04:42:21 EDT 2011
Removing lock file and waiting for a minute
Total time taken:  45  minutes.
Running time of run.sh 20111102: 2713 seconds
Checking for lock file /tmp/.iislock
Acquired lock file /tmp/.iislock
deleting simple.htm records - these are just server testing...
DELETE 16
-------------------------------------
Processing for 20111102
-------------------------------------

Fri Nov 4 05:53:27 EDT 2011

Timing is on.

           000 - INIT

BEGIN
Time: 0 hrs, 0 mins, 0 secs, 630 ms
*** Truncating staging tables before workflow starts ***
SET
Time: 0 hrs, 0 mins, 0 secs, 6 ms
GRANT
Time: 0 hrs, 0 mins, 53 secs, 541 ms
END
Time: 0 hrs, 0 mins, 44 secs, 522 ms

Fri Nov 4 05:55:06 EDT 2011

Timing is on.

            200 - LOAD_BN_IISLOGS   

BEGIN
Time: 0 hrs, 0 mins, 0 secs, 133 ms
SET
Time: 0 hrs, 0 mins, 0 secs, 6 ms
TRUNCATE
Time: 0 hrs, 0 mins, 3 secs, 901 ms
INSERT 0 56785517
Time: 0 hrs, 9 mins, 10 secs, 148 ms
END
Time: 0 hrs, 4 mins, 25 secs, 15 ms
ALTER TABLE
Time: 0 hrs, 4 mins, 51 secs, 314 ms

Fri Nov 4 06:13:37 EDT 2011

Timing is on.
BEGIN
Time: 0 hrs, 0 mins, 44 secs, 334 ms
SET
Time: 0 hrs, 0 mins, 0 secs, 6 ms

            250 - LOAD_BN_HITS_SP   

TRUNCATE
Time: 0 hrs, 0 mins, 17 secs, 807 ms
INSERT 0 18797498
Time: 0 hrs, 5 mins, 3 secs, 920 ms
ANALYZE
Time: 0 hrs, 0 mins, 6 secs, 825 ms
END
Time: 0 hrs, 0 mins, 59 secs, 380 ms

Fri Nov 4 06:20:49 EDT 2011

Timing is on.
BEGIN
Time: 0 hrs, 0 mins, 10 secs, 251 ms
SET
Time: 0 hrs, 0 mins, 0 secs, 8 ms

           300 - DYNAMIC FILTER

TRUNCATE
Time: 0 hrs, 0 mins, 16 secs, 208 ms
INSERT 0 17194302
Time: 0 hrs, 0 mins, 10 secs, 64 ms
ANALYZE
Time: 0 hrs, 0 mins, 4 secs, 367 ms
 Total records in web_click_cnt 
--------------------------------
                       17194302
(1 row)

Time: 0 hrs, 0 mins, 3 secs, 431 ms
CREATE TABLE
Time: 0 hrs, 0 mins, 43 secs, 323 ms
ANALYZE
Time: 0 hrs, 0 mins, 0 secs, 38 ms
CREATE TABLE
Time: 0 hrs, 0 mins, 1 secs, 769 ms
ANALYZE
Time: 0 hrs, 0 mins, 0 secs, 46 ms
DELETE 1
Time: 0 hrs, 0 mins, 2 secs, 493 ms
INSERT 0 1
Time: 0 hrs, 0 mins, 3 secs, 655 ms
DELETE 1
Time: 0 hrs, 0 mins, 0 secs, 276 ms
INSERT 0 1
Time: 0 hrs, 0 mins, 1 secs, 625 ms
CREATE TABLE
Time: 0 hrs, 0 mins, 15 secs, 383 ms
ANALYZE
Time: 0 hrs, 0 mins, 0 secs, 45 ms
CREATE TABLE
Time: 0 hrs, 0 mins, 0 secs, 454 ms
ANALYZE
Time: 0 hrs, 0 mins, 0 secs, 313 ms
DELETE 1
Time: 0 hrs, 0 mins, 0 secs, 66 ms
INSERT 0 1
Time: 0 hrs, 0 mins, 0 secs, 811 ms
DELETE 1
Time: 0 hrs, 0 mins, 0 secs, 57 ms
INSERT 0 1
Time: 0 hrs, 0 mins, 2 secs, 390 ms
ANALYZE
Time: 0 hrs, 0 mins, 1 secs, 217 ms
    tablename     |    attr_name    | attr_value 
------------------+-----------------+------------
 BN_FILTER_SPIDER | CLK_USER_SD_MPL | 10
 BN_FILTER_SPIDER | IP_USER_SD_MPL  | 1
 BN_FILTER_SPIDER | IP_USER_RATIO   | .955
 BN_FILTER_SPIDER | CLK_USER_MEAN   | 10.516
 BN_FILTER_SPIDER | CLK_USER_SD     | 32.641
 BN_FILTER_SPIDER | IP_USER_MEAN    | 17.427
 BN_FILTER_SPIDER | IP_USER_SD      | 1258.882
(7 rows)

Time: 0 hrs, 0 mins, 0 secs, 766 ms
CREATE TABLE
Time: 0 hrs, 0 mins, 28 secs, 164 ms
CREATE TABLE
Time: 0 hrs, 0 mins, 4 secs, 950 ms
 l_mean_sd_mpl 
---------------
       336.926
(1 row)

Time: 0 hrs, 0 mins, 4 secs, 653 ms
TRUNCATE
Time: 0 hrs, 0 mins, 15 secs, 16 ms
INSERT 0 745
Time: 0 hrs, 0 mins, 7 secs, 302 ms
ANALYZE
Time: 0 hrs, 0 mins, 1 secs, 50 ms
 Total click_user bn_spider_ip records 
---------------------------------------
                                   745
(1 row)

Time: 0 hrs, 0 mins, 1 secs, 302 ms
CREATE TABLE
Time: 0 hrs, 0 mins, 7 secs, 23 ms
ANALYZE
Time: 0 hrs, 0 mins, 0 secs, 24 ms
CREATE TABLE
Time: 0 hrs, 0 mins, 3 secs, 920 ms
ANALYZE
Time: 0 hrs, 0 mins, 0 secs, 555 ms
DROP 
Time: 0 hrs, 0 mins, 0 secs, 91 ms
CREATE TABLE
Time: 0 hrs, 0 mins, 6 secs, 701 ms
 l_mean_sd_mpl | l_ratio 
---------------+---------
      1276.309 |   0.955
(1 row)

Time: 0 hrs, 0 mins, 0 secs, 93 ms
INSERT 0 14145980
Time: 0 hrs, 0 mins, 7 secs, 255 ms
ANALYZE
Time: 0 hrs, 0 mins, 0 secs, 480 ms
 Total ip_user_filter bn_spider_ip records 
-------------------------------------------
                                  14145980
(1 row)

Time: 0 hrs, 0 mins, 0 secs, 577 ms
TRUNCATE
Time: 0 hrs, 0 mins, 3 secs, 692 ms
INSERT 0 17339444
Time: 0 hrs, 0 mins, 25 secs, 274 ms
ANALYZE
Time: 0 hrs, 0 mins, 12 secs, 688 ms
 bn_hits_stage 
---------------
      17339444
(1 row)

Time: 0 hrs, 0 mins, 0 secs, 192 ms
INSERT 0 15067529
Time: 0 hrs, 0 mins, 49 secs, 623 ms
ANALYZE
Time: 0 hrs, 0 mins, 8 secs, 352 ms
 bn_hits_sp_20111102 
---------------------
            33865027
(1 row)

Time: 0 hrs, 0 mins, 2 secs, 689 ms
TRUNCATE
Time: 0 hrs, 0 mins, 9 secs, 207 ms
INSERT 0 5581046
Time: 0 hrs, 0 mins, 4 secs, 856 ms
ANALYZE
Time: 0 hrs, 0 mins, 4 secs, 826 ms
 bn_hits_client_20111102 
-------------------------
                 5581046
(1 row)

Time: 0 hrs, 0 mins, 0 secs, 623 ms
END
Time: 0 hrs, 0 mins, 44 secs, 125 ms

Fri Nov 4 06:27:04 EDT 2011

Timing is on.
BEGIN
Time: 0 hrs, 0 mins, 1 secs, 41 ms

           600 - LOAD RESOURCES

SET
Time: 0 hrs, 0 mins, 0 secs, 6 ms
CREATE TABLE
Time: 0 hrs, 0 mins, 58 secs, 575 ms
ANALYZE
Time: 0 hrs, 0 mins, 2 secs, 931 ms
 tmp_a_count 
-------------
      476346
(1 row)

Time: 0 hrs, 0 mins, 3 secs, 737 ms
UPDATE 0
Time: 0 hrs, 0 mins, 17 secs, 108 ms
ANALYZE
Time: 0 hrs, 0 mins, 3 secs, 397 ms
TRUNCATE
Time: 0 hrs, 0 mins, 5 secs, 251 ms
INSERT 0 33871
Time: 0 hrs, 0 mins, 27 secs, 959 ms
ANALYZE
Time: 0 hrs, 0 mins, 0 secs, 770 ms
 first_resource_id | last_resource_id 
-------------------+------------------
          52393816 |         52427686
(1 row)

Time: 0 hrs, 0 mins, 1 secs, 365 ms
INSERT 0 33871
Time: 0 hrs, 0 mins, 1 secs, 244 ms
 total_resources 
-----------------
        52403279
(1 row)

Time: 0 hrs, 0 mins, 0 secs, 184 ms
ANALYZE
Time: 0 hrs, 0 mins, 0 secs, 484 ms
END
Time: 0 hrs, 0 mins, 7 secs, 704 ms
VACUUM
Time: 0 hrs, 0 mins, 23 secs, 242 ms

Fri Nov 4 06:29:39 EDT 2011

Timing is on.

           650 - LOAD_BN_SESSION_STAGE

BEGIN
Time: 0 hrs, 0 mins, 0 secs, 293 ms
SET
Time: 0 hrs, 0 mins, 0 secs, 6 ms
SET
Time: 0 hrs, 0 mins, 0 secs, 11 ms
CREATE TABLE
Time: 0 hrs, 0 mins, 44 secs, 440 ms
ANALYZE
Time: 0 hrs, 0 mins, 3 secs, 727 ms
 tmp_sessionized_stage 
-----------------------
              17339444
(1 row)

Time: 0 hrs, 0 mins, 1 secs, 763 ms
TRUNCATE
Time: 0 hrs, 0 mins, 4 secs, 926 ms
INSERT 0 2659496
Time: 0 hrs, 1 mins, 11 secs, 622 ms
ANALYZE
Time: 0 hrs, 0 mins, 4 secs, 500 ms
CREATE TABLE
Time: 0 hrs, 1 mins, 23 secs, 1 ms
CREATE INDEX
Time: 0 hrs, 0 mins, 0 secs, 754 ms
 tmp_first_last 
----------------
        2659496
(1 row)

Time: 0 hrs, 0 mins, 0 secs, 750 ms
ANALYZE
Time: 0 hrs, 0 mins, 1 secs, 813 ms
SET
Time: 0 hrs, 0 mins, 0 secs, 12 ms
SET
Time: 0 hrs, 0 mins, 0 secs, 11 ms
TRUNCATE
Time: 0 hrs, 0 mins, 2 secs, 77 ms
DROP 
Time: 0 hrs, 0 mins, 0 secs, 950 ms
INSERT 0 2659496
Time: 0 hrs, 0 mins, 6 secs, 349 ms
 bn_session_stage 
------------------
          2659496
(1 row)

Time: 0 hrs, 0 mins, 2 secs, 211 ms
CREATE INDEX
Time: 0 hrs, 0 mins, 2 secs, 521 ms
ANALYZE
Time: 0 hrs, 0 mins, 0 secs, 782 ms
TRUNCATE
Time: 0 hrs, 0 mins, 4 secs, 110 ms
END
Time: 0 hrs, 0 mins, 9 secs, 941 ms

Fri Nov 4 06:33:46 EDT 2011

BEGIN

           660 - LOAD_BN_SESSION_UPDATE_STAGE

SET
TRUNCATE
INSERT 0 0
END

Fri Nov 4 06:34:07 EDT 2011

Timing is on.

           670 - LOAD_BN_SESSION_20111102.UPDATES

BEGIN
Time: 0 hrs, 0 mins, 0 secs, 144 ms
SET
Time: 0 hrs, 0 mins, 0 secs, 6 ms
UPDATE 0
Time: 0 hrs, 0 mins, 0 secs, 191 ms
END
Time: 0 hrs, 0 mins, 8 secs, 268 ms
VACUUM
Time: 0 hrs, 1 mins, 0 secs, 314 ms

Fri Nov 4 06:35:16 EDT 2011

Timing is on.

           700 - LOAD_BN_SESSION

BEGIN
Time: 0 hrs, 0 mins, 14 secs, 590 ms
SET
Time: 0 hrs, 0 mins, 0 secs, 9 ms
INSERT 0 2659496
Time: 0 hrs, 0 mins, 12 secs, 926 ms
ANALYZE
Time: 0 hrs, 0 mins, 1 secs, 248 ms
END
Time: 0 hrs, 0 mins, 44 secs, 155 ms

Fri Nov 4 06:36:30 EDT 2011

Timing is on.

            750 - LOAD_BN_SESSION_SUMMARY   

BEGIN
Time: 0 hrs, 0 mins, 0 secs, 895 ms
SET
Time: 0 hrs, 0 mins, 0 secs, 8 ms
CREATE TABLE
Time: 0 hrs, 0 mins, 21 secs, 250 ms
TRUNCATE
Time: 0 hrs, 0 mins, 7 secs, 911 ms
INSERT 0 311498
Time: 0 hrs, 0 mins, 11 secs, 60 ms
ANALYZE
Time: 0 hrs, 0 mins, 4 secs, 788 ms
 count(1) 
----------
   311498
(1 row)

Time: 0 hrs, 0 mins, 0 secs, 226 ms
END
Time: 0 hrs, 0 mins, 22 secs, 483 ms

Fri Nov 4 06:37:38 EDT 2011

Timing is on.

           800 - LOAD_BN_HITS

BEGIN
Time: 0 hrs, 0 mins, 1 secs, 489 ms
SET
Time: 0 hrs, 0 mins, 0 secs, 6 ms
SET
Time: 0 hrs, 0 mins, 0 secs, 11 ms
SET
Time: 0 hrs, 0 mins, 0 secs, 10 ms
SET
Time: 0 hrs, 0 mins, 0 secs, 11 ms
TRUNCATE
Time: 0 hrs, 0 mins, 7 secs, 896 ms
INSERT 0 17339444
Time: 0 hrs, 0 mins, 3 secs, 770 ms
 count(1) 
----------
 17339444
(1 row)

Time: 0 hrs, 0 mins, 5 secs, 79 ms
ANALYZE
Time: 0 hrs, 0 mins, 3 secs, 719 ms
END
Time: 0 hrs, 0 mins, 46 secs, 236 ms

Fri Nov 4 06:38:47 EDT 2011

Timing is on.

            900 - LOAD_CLICKSTREAM   

BEGIN
Time: 0 hrs, 0 mins, 2 secs, 24 ms
SET
Time: 0 hrs, 0 mins, 0 secs, 6 ms
TRUNCATE
Time: 0 hrs, 0 mins, 2 secs, 214 ms
INSERT 0 17339444
Time: 0 hrs, 1 mins, 26 secs, 696 ms
 count(1) 
----------
 17339444
(1 row)

Time: 0 hrs, 0 mins, 4 secs, 233 ms
ANALYZE
Time: 0 hrs, 0 mins, 4 secs, 341 ms
END
Time: 0 hrs, 0 mins, 41 secs, 22 ms

Fri Nov 4 06:41:08 EDT 2011

Timing is on.

            1000 - PAGE_VIEW_SUMMARY  

BEGIN
Time: 0 hrs, 0 mins, 0 secs, 150 ms
SET
Time: 0 hrs, 0 mins, 0 secs, 6 ms
SET
Time: 0 hrs, 0 mins, 0 secs, 13 ms
TRUNCATE
Time: 0 hrs, 0 mins, 3 secs, 399 ms
INSERT 0 492946
Time: 0 hrs, 0 mins, 12 secs, 176 ms
 count(1) 
----------
   492946
(1 row)

Time: 0 hrs, 0 mins, 2 secs, 255 ms
ANALYZE
Time: 0 hrs, 0 mins, 0 secs, 60 ms
END
Time: 0 hrs, 0 mins, 29 secs, 921 ms

Fri Nov 4 06:41:56 EDT 2011


2000 - WRAP UP 

Timing is on.
BEGIN
Time: 0 hrs, 0 mins, 0 secs, 142 ms
TRUNCATE
Time: 0 hrs, 0 mins, 2 secs, 443 ms
TRUNCATE
Time: 0 hrs, 0 mins, 2 secs, 556 ms
END
Time: 0 hrs, 0 mins, 23 secs, 701 ms
Fri Nov 4 06:42:25 EDT 2011
Removing lock file and waiting for a minute
Total time taken:  50  minutes.
Running time of run.sh 20111102: 50 minutes
