Checking for lock file /tmp/.iislock
Acquired lock file /tmp/.iislock
-------------------------------------
Processing for 20110604
-------------------------------------

Fri Jul 22 09:55:46 EDT 2011

Timing is on.

           000 - INIT

BEGIN
Time: 0 hrs, 0 mins, 1 secs, 183 ms
*** Truncating staging tables before workflow starts ***
SET
Time: 0 hrs, 0 mins, 0 secs, 11 ms
GRANT
Time: 0 hrs, 0 mins, 8 secs, 675 ms
END
Time: 0 hrs, 0 mins, 13 secs, 514 ms

Fri Jul 22 09:56:09 EDT 2011

Timing is on.

            200 - LOAD_BN_IISLOGS   

BEGIN
Time: 0 hrs, 0 mins, 1 secs, 937 ms
SET
Time: 0 hrs, 0 mins, 0 secs, 7 ms
TRUNCATE
Time: 0 hrs, 0 mins, 1 secs, 957 ms
INSERT 0 87327986
Time: 0 hrs, 16 mins, 58 secs, 682 ms
END
Time: 0 hrs, 3 mins, 10 secs, 186 ms
ALTER TABLE
Time: 0 hrs, 0 mins, 30 secs, 698 ms

Fri Jul 22 10:16:53 EDT 2011

Timing is on.
BEGIN
Time: 0 hrs, 0 mins, 1 secs, 518 ms
SET
Time: 0 hrs, 0 mins, 0 secs, 10 ms

            250 - LOAD_BN_HITS_SP   

TRUNCATE
Time: 0 hrs, 0 mins, 4 secs, 535 ms
INSERT 0 29948112
Time: 0 hrs, 6 mins, 36 secs, 670 ms
ANALYZE
Time: 0 hrs, 0 mins, 16 secs, 568 ms
END
Time: 0 hrs, 0 mins, 12 secs, 350 ms

Fri Jul 22 10:24:05 EDT 2011

Timing is on.
BEGIN
Time: 0 hrs, 0 mins, 1 secs, 722 ms
SET
Time: 0 hrs, 0 mins, 0 secs, 10 ms

           300 - DYNAMIC FILTER

TRUNCATE
Time: 0 hrs, 0 mins, 3 secs, 733 ms
INSERT 0 26291806
Time: 0 hrs, 0 mins, 24 secs, 742 ms
ANALYZE
Time: 0 hrs, 0 mins, 0 secs, 823 ms
 Total records in web_click_cnt 
--------------------------------
                       26291806
(1 row)

Time: 0 hrs, 0 mins, 1 secs, 109 ms
CREATE TABLE
Time: 0 hrs, 0 mins, 7 secs, 285 ms
ANALYZE
Time: 0 hrs, 0 mins, 0 secs, 132 ms
CREATE TABLE
Time: 0 hrs, 0 mins, 1 secs, 308 ms
ANALYZE
Time: 0 hrs, 0 mins, 0 secs, 308 ms
DELETE 1
Time: 0 hrs, 0 mins, 1 secs, 785 ms
INSERT 0 1
Time: 0 hrs, 0 mins, 2 secs, 398 ms
DELETE 1
Time: 0 hrs, 0 mins, 0 secs, 174 ms
INSERT 0 1
Time: 0 hrs, 0 mins, 1 secs, 184 ms
CREATE TABLE
Time: 0 hrs, 0 mins, 6 secs, 699 ms
ANALYZE
Time: 0 hrs, 0 mins, 0 secs, 158 ms
CREATE TABLE
Time: 0 hrs, 0 mins, 1 secs, 950 ms
ANALYZE
Time: 0 hrs, 0 mins, 0 secs, 112 ms
DELETE 1
Time: 0 hrs, 0 mins, 0 secs, 152 ms
INSERT 0 1
Time: 0 hrs, 0 mins, 2 secs, 876 ms
DELETE 1
Time: 0 hrs, 0 mins, 0 secs, 205 ms
INSERT 0 1
Time: 0 hrs, 0 mins, 2 secs, 228 ms
ANALYZE
Time: 0 hrs, 0 mins, 0 secs, 304 ms
    tablename     |    attr_name    | attr_value 
------------------+-----------------+------------
 BN_FILTER_SPIDER | CLK_USER_SD_MPL | 10
 BN_FILTER_SPIDER | IP_USER_SD_MPL  | 1
 BN_FILTER_SPIDER | IP_USER_RATIO   | .955
 BN_FILTER_SPIDER | CLK_USER_MEAN   | 15.480
 BN_FILTER_SPIDER | CLK_USER_SD     | 386.271
 BN_FILTER_SPIDER | IP_USER_MEAN    | 31.501
 BN_FILTER_SPIDER | IP_USER_SD      | 5632.938
(7 rows)

Time: 0 hrs, 0 mins, 0 secs, 284 ms
CREATE TABLE
Time: 0 hrs, 0 mins, 17 secs, 421 ms
CREATE TABLE
Time: 0 hrs, 0 mins, 1 secs, 540 ms
 l_mean_sd_mpl 
---------------
      3878.190
(1 row)

Time: 0 hrs, 0 mins, 1 secs, 9 ms
TRUNCATE
Time: 0 hrs, 0 mins, 2 secs, 438 ms
INSERT 0 35
Time: 0 hrs, 1 mins, 2 secs, 390 ms
ANALYZE
Time: 0 hrs, 0 mins, 0 secs, 282 ms
 Total click_user bn_spider_ip records 
---------------------------------------
                                    35
(1 row)

Time: 0 hrs, 0 mins, 0 secs, 878 ms
CREATE TABLE
Time: 0 hrs, 0 mins, 8 secs, 459 ms
ANALYZE
Time: 0 hrs, 0 mins, 0 secs, 67 ms
CREATE TABLE
Time: 0 hrs, 0 mins, 15 secs, 15 ms
ANALYZE
Time: 0 hrs, 0 mins, 0 secs, 176 ms
DROP 
Time: 0 hrs, 0 mins, 0 secs, 404 ms
CREATE TABLE
Time: 0 hrs, 0 mins, 3 secs, 717 ms
 l_mean_sd_mpl | l_ratio 
---------------+---------
      5664.439 |   0.955
(1 row)

Time: 0 hrs, 0 mins, 1 secs, 13 ms
INSERT 0 23448140
Time: 0 hrs, 1 mins, 27 secs, 866 ms
ANALYZE
Time: 0 hrs, 0 mins, 0 secs, 429 ms
 Total ip_user_filter bn_spider_ip records 
-------------------------------------------
                                  23448140
(1 row)

Time: 0 hrs, 0 mins, 1 secs, 326 ms
TRUNCATE
Time: 0 hrs, 0 mins, 2 secs, 895 ms
INSERT 0 19336197
Time: 0 hrs, 1 mins, 8 secs, 929 ms
ANALYZE
Time: 0 hrs, 0 mins, 5 secs, 641 ms
 bn_hits_stage 
---------------
      19336197
(1 row)

Time: 0 hrs, 0 mins, 0 secs, 631 ms
INSERT 0 29191747
Time: 0 hrs, 3 mins, 8 secs, 684 ms
ANALYZE
Time: 0 hrs, 3 mins, 29 secs, 46 ms
 bn_hits_sp_20110604 
---------------------
            59139859
(1 row)

Time: 0 hrs, 1 mins, 12 secs, 617 ms
TRUNCATE
Time: 0 hrs, 0 mins, 8 secs, 607 ms
INSERT 0 8851930
Time: 0 hrs, 0 mins, 56 secs, 305 ms
ANALYZE
Time: 0 hrs, 0 mins, 4 secs, 250 ms
 bn_hits_client_20110604 
-------------------------
                 8851930
(1 row)

Time: 0 hrs, 0 mins, 0 secs, 927 ms
END
Time: 0 hrs, 4 mins, 47 secs, 542 ms

Fri Jul 22 10:43:38 EDT 2011

Timing is on.
BEGIN
Time: 0 hrs, 0 mins, 4 secs, 4 ms

           600 - LOAD RESOURCES

SET
Time: 0 hrs, 0 mins, 0 secs, 10 ms
CREATE TABLE
Time: 0 hrs, 1 mins, 13 secs, 660 ms
ANALYZE
Time: 0 hrs, 0 mins, 11 secs, 614 ms
 tmp_a_count 
-------------
      454251
(1 row)

Time: 0 hrs, 0 mins, 0 secs, 635 ms
UPDATE 0
Time: 0 hrs, 0 mins, 15 secs, 363 ms
ANALYZE
Time: 0 hrs, 0 mins, 1 secs, 102 ms
TRUNCATE
Time: 0 hrs, 0 mins, 4 secs, 817 ms
INSERT 0 149826
Time: 0 hrs, 1 mins, 59 secs, 557 ms
ANALYZE
Time: 0 hrs, 0 mins, 1 secs, 167 ms
 first_resource_id | last_resource_id 
-------------------+------------------
          27726907 |         27876732
(1 row)

Time: 0 hrs, 0 mins, 0 secs, 925 ms
INSERT 0 149826
Time: 0 hrs, 0 mins, 4 secs, 441 ms
 total_resources 
-----------------
        27852336
(1 row)

Time: 0 hrs, 0 mins, 10 secs, 100 ms
ANALYZE
Time: 0 hrs, 0 mins, 5 secs, 617 ms
END
Time: 0 hrs, 1 mins, 39 secs, 545 ms
VACUUM
Time: 0 hrs, 1 mins, 18 secs, 645 ms

Fri Jul 22 10:50:49 EDT 2011

Timing is on.

           650 - LOAD_BN_SESSION_STAGE

BEGIN
Time: 0 hrs, 0 mins, 1 secs, 174 ms
SET
Time: 0 hrs, 0 mins, 0 secs, 13 ms
SET
Time: 0 hrs, 0 mins, 0 secs, 47 ms
CREATE TABLE
Time: 0 hrs, 2 mins, 18 secs, 722 ms
ANALYZE
Time: 0 hrs, 0 mins, 35 secs, 663 ms
 tmp_sessionized_stage 
-----------------------
              19336197
(1 row)

Time: 0 hrs, 0 mins, 34 secs, 150 ms
TRUNCATE
Time: 0 hrs, 0 mins, 7 secs, 580 ms
INSERT 0 2549383
Time: 0 hrs, 12 mins, 11 secs, 863 ms
ANALYZE
Time: 0 hrs, 0 mins, 0 secs, 858 ms
CREATE TABLE
Time: 0 hrs, 20 mins, 57 secs, 355 ms
CREATE INDEX
Time: 0 hrs, 0 mins, 1 secs, 995 ms
 tmp_first_last 
----------------
        2549383
(1 row)

Time: 0 hrs, 0 mins, 0 secs, 198 ms
ANALYZE
Time: 0 hrs, 0 mins, 1 secs, 183 ms
SET
Time: 0 hrs, 0 mins, 0 secs, 156 ms
SET
Time: 0 hrs, 0 mins, 0 secs, 36 ms
TRUNCATE
Time: 0 hrs, 0 mins, 4 secs, 285 ms
DROP
Time: 0 hrs, 0 mins, 0 secs, 367 ms
INSERT 0 2549383
Time: 0 hrs, 0 mins, 23 secs, 461 ms
 bn_session_stage 
------------------
          2549383
(1 row)

Time: 0 hrs, 0 mins, 1 secs, 970 ms
CREATE INDEX
Time: 0 hrs, 0 mins, 2 secs, 830 ms
ANALYZE
Time: 0 hrs, 0 mins, 1 secs, 819 ms
TRUNCATE
Time: 0 hrs, 0 mins, 2 secs, 952 ms
END
Time: 0 hrs, 0 mins, 26 secs, 893 ms

Fri Jul 22 11:28:45 EDT 2011

BEGIN

           660 - LOAD_BN_SESSION_UPDATE_STAGE

SET
TRUNCATE
INSERT 0 0
END

Fri Jul 22 11:29:07 EDT 2011

Timing is on.

           670 - LOAD_BN_SESSION_20110604.UPDATES

BEGIN
Time: 0 hrs, 0 mins, 5 secs, 577 ms
SET
Time: 0 hrs, 0 mins, 0 secs, 10 ms
UPDATE 0
Time: 0 hrs, 0 mins, 1 secs, 441 ms
END
Time: 0 hrs, 0 mins, 7 secs, 52 ms
VACUUM
Time: 0 hrs, 2 mins, 0 secs, 660 ms

Fri Jul 22 11:31:23 EDT 2011

Timing is on.

           700 - LOAD_BN_SESSION

BEGIN
Time: 0 hrs, 0 mins, 2 secs, 199 ms
SET
Time: 0 hrs, 0 mins, 0 secs, 12 ms
INSERT 0 2549383
Time: 0 hrs, 11 mins, 50 secs, 188 ms
ANALYZE
Time: 0 hrs, 0 mins, 3 secs, 73 ms
END
Time: 0 hrs, 0 mins, 14 secs, 410 ms

Fri Jul 22 11:43:33 EDT 2011

Timing is on.

            750 - LOAD_BN_SESSION_SUMMARY   

BEGIN
Time: 0 hrs, 0 mins, 1 secs, 760 ms
SET
Time: 0 hrs, 0 mins, 0 secs, 11 ms
CREATE TABLE
Time: 0 hrs, 1 mins, 32 secs, 263 ms
TRUNCATE
Time: 0 hrs, 0 mins, 1 secs, 63 ms
INSERT 0 306564
Time: 0 hrs, 0 mins, 34 secs, 866 ms
ANALYZE
Time: 0 hrs, 0 mins, 0 secs, 926 ms
 count(1) 
----------
   306564
(1 row)

Time: 0 hrs, 0 mins, 0 secs, 255 ms
END
Time: 0 hrs, 0 mins, 6 secs, 346 ms

Fri Jul 22 11:45:50 EDT 2011

Timing is on.

           800 - LOAD_BN_HITS

BEGIN
Time: 0 hrs, 0 mins, 1 secs, 122 ms
SET
Time: 0 hrs, 0 mins, 0 secs, 12 ms
SET
Time: 0 hrs, 0 mins, 0 secs, 30 ms
SET
Time: 0 hrs, 0 mins, 0 secs, 29 ms
SET
Time: 0 hrs, 0 mins, 0 secs, 33 ms
TRUNCATE
Time: 0 hrs, 0 mins, 1 secs, 432 ms
INSERT 0 19336197
Time: 0 hrs, 0 mins, 10 secs, 807 ms
 count(1) 
----------
 19336197
(1 row)

Time: 0 hrs, 0 mins, 1 secs, 794 ms
ANALYZE
Time: 0 hrs, 0 mins, 3 secs, 111 ms
END
Time: 0 hrs, 0 mins, 30 secs, 299 ms

Fri Jul 22 11:46:39 EDT 2011

Timing is on.

            900 - LOAD_CLICKSTREAM   

BEGIN
Time: 0 hrs, 0 mins, 1 secs, 43 ms
SET
Time: 0 hrs, 0 mins, 0 secs, 9 ms
TRUNCATE
Time: 0 hrs, 0 mins, 2 secs, 562 ms
INSERT 0 19336197
Time: 0 hrs, 7 mins, 28 secs, 760 ms
 count(1) 
----------
 19336197
(1 row)

Time: 0 hrs, 0 mins, 1 secs, 636 ms
ANALYZE
Time: 0 hrs, 0 mins, 1 secs, 718 ms
END
Time: 0 hrs, 0 mins, 34 secs, 352 ms

Fri Jul 22 11:54:50 EDT 2011

Timing is on.

            1000 - PAGE_VIEW_SUMMARY  

BEGIN
Time: 0 hrs, 0 mins, 1 secs, 550 ms
SET
Time: 0 hrs, 0 mins, 0 secs, 11 ms
SET
Time: 0 hrs, 0 mins, 0 secs, 62 ms
TRUNCATE
Time: 0 hrs, 0 mins, 3 secs, 852 ms
INSERT 0 472916
Time: 0 hrs, 3 mins, 49 secs, 638 ms
 count(1) 
----------
   472916
(1 row)

Time: 0 hrs, 0 mins, 1 secs, 184 ms
ANALYZE
Time: 0 hrs, 0 mins, 0 secs, 991 ms
END
Time: 0 hrs, 0 mins, 29 secs, 983 ms

Fri Jul 22 11:59:17 EDT 2011


2000 - WRAP UP 

Timing is on.
BEGIN
Time: 0 hrs, 0 mins, 2 secs, 973 ms
TRUNCATE
Time: 0 hrs, 0 mins, 0 secs, 781 ms
TRUNCATE
Time: 0 hrs, 0 mins, 0 secs, 976 ms
END
Time: 0 hrs, 5 mins, 8 secs, 30 ms
Fri Jul 22 12:04:30 EDT 2011
Removing lock file and waiting for a minute
Total time taken:  129  minutes.
