Checking for lock file /tmp/.iislock
Acquired lock file /tmp/.iislock
deleting simple.htm records - these are just server testing...
DELETE 6352005
-------------------------------------
Processing for 20110928
-------------------------------------

Thu Sep 29 03:55:15 EDT 2011

Timing is on.

           000 - INIT

BEGIN
Time: 0 hrs, 0 mins, 0 secs, 137 ms
*** Truncating staging tables before workflow starts ***
SET
Time: 0 hrs, 0 mins, 0 secs, 6 ms
GRANT
Time: 0 hrs, 0 mins, 15 secs, 752 ms
END
Time: 0 hrs, 0 mins, 9 secs, 780 ms

Thu Sep 29 03:55:42 EDT 2011

Timing is on.

            200 - LOAD_BN_IISLOGS   

BEGIN
Time: 0 hrs, 0 mins, 0 secs, 152 ms
SET
Time: 0 hrs, 0 mins, 0 secs, 6 ms
TRUNCATE
Time: 0 hrs, 0 mins, 17 secs, 11 ms
INSERT 0 45521468
Time: 0 hrs, 6 mins, 59 secs, 927 ms
END
Time: 0 hrs, 0 mins, 23 secs, 638 ms
ALTER TABLE
Time: 0 hrs, 7 mins, 39 secs, 158 ms

Thu Sep 29 04:11:02 EDT 2011

Timing is on.
BEGIN
Time: 0 hrs, 0 mins, 0 secs, 161 ms
SET
Time: 0 hrs, 0 mins, 0 secs, 6 ms

            250 - LOAD_BN_HITS_SP   

TRUNCATE
Time: 0 hrs, 0 mins, 8 secs, 271 ms
INSERT 0 16670690
Time: 0 hrs, 2 mins, 54 secs, 458 ms
ANALYZE
Time: 0 hrs, 0 mins, 4 secs, 238 ms
END
Time: 0 hrs, 0 mins, 50 secs, 449 ms

Thu Sep 29 04:15:00 EDT 2011

Timing is on.
BEGIN
Time: 0 hrs, 0 mins, 2 secs, 719 ms
SET
Time: 0 hrs, 0 mins, 0 secs, 10 ms

           300 - DYNAMIC FILTER

TRUNCATE
Time: 0 hrs, 0 mins, 5 secs, 476 ms
INSERT 0 15448221
Time: 0 hrs, 0 mins, 2 secs, 870 ms
ANALYZE
Time: 0 hrs, 0 mins, 3 secs, 696 ms
 Total records in web_click_cnt 
--------------------------------
                       15448221
(1 row)

Time: 0 hrs, 0 mins, 2 secs, 716 ms
CREATE TABLE
Time: 0 hrs, 0 mins, 19 secs, 737 ms
ANALYZE
Time: 0 hrs, 0 mins, 5 secs, 164 ms
CREATE TABLE
Time: 0 hrs, 0 mins, 1 secs, 739 ms
ANALYZE
Time: 0 hrs, 0 mins, 0 secs, 27 ms
DELETE 1
Time: 0 hrs, 0 mins, 2 secs, 420 ms
INSERT 0 1
Time: 0 hrs, 0 mins, 3 secs, 596 ms
DELETE 1
Time: 0 hrs, 0 mins, 0 secs, 60 ms
INSERT 0 1
Time: 0 hrs, 0 mins, 8 secs, 354 ms
CREATE TABLE
Time: 0 hrs, 0 mins, 2 secs, 558 ms
ANALYZE
Time: 0 hrs, 0 mins, 0 secs, 29 ms
CREATE TABLE
Time: 0 hrs, 0 mins, 2 secs, 152 ms
ANALYZE
Time: 0 hrs, 0 mins, 0 secs, 34 ms
DELETE 1
Time: 0 hrs, 0 mins, 0 secs, 74 ms
INSERT 0 1
Time: 0 hrs, 0 mins, 0 secs, 832 ms
DELETE 1
Time: 0 hrs, 0 mins, 0 secs, 66 ms
INSERT 0 1
Time: 0 hrs, 0 mins, 6 secs, 396 ms
ANALYZE
Time: 0 hrs, 0 mins, 0 secs, 485 ms
    tablename     |    attr_name    | attr_value 
------------------+-----------------+------------
 BN_FILTER_SPIDER | CLK_USER_SD_MPL | 10
 BN_FILTER_SPIDER | IP_USER_SD_MPL  | 1
 BN_FILTER_SPIDER | IP_USER_RATIO   | .955
 BN_FILTER_SPIDER | CLK_USER_MEAN   | 9.380
 BN_FILTER_SPIDER | CLK_USER_SD     | 66.235
 BN_FILTER_SPIDER | IP_USER_MEAN    | 21.950
 BN_FILTER_SPIDER | IP_USER_SD      | 948.098
(7 rows)

Time: 0 hrs, 0 mins, 3 secs, 40 ms
CREATE TABLE
Time: 0 hrs, 0 mins, 19 secs, 461 ms
CREATE TABLE
Time: 0 hrs, 0 mins, 1 secs, 299 ms
 l_mean_sd_mpl 
---------------
       671.730
(1 row)

Time: 0 hrs, 0 mins, 1 secs, 385 ms
TRUNCATE
Time: 0 hrs, 0 mins, 7 secs, 115 ms
INSERT 0 199
Time: 0 hrs, 0 mins, 4 secs, 652 ms
ANALYZE
Time: 0 hrs, 0 mins, 2 secs, 901 ms
 Total click_user bn_spider_ip records 
---------------------------------------
                                   199
(1 row)

Time: 0 hrs, 0 mins, 1 secs, 362 ms
CREATE TABLE
Time: 0 hrs, 0 mins, 7 secs, 451 ms
ANALYZE
Time: 0 hrs, 0 mins, 0 secs, 23 ms
CREATE TABLE
Time: 0 hrs, 0 mins, 12 secs, 974 ms
ANALYZE
Time: 0 hrs, 0 mins, 0 secs, 33 ms
DROP 
Time: 0 hrs, 0 mins, 0 secs, 74 ms
CREATE TABLE
Time: 0 hrs, 0 mins, 0 secs, 192 ms
 l_mean_sd_mpl | l_ratio 
---------------+---------
       970.048 |   0.955
(1 row)

Time: 0 hrs, 0 mins, 0 secs, 67 ms
INSERT 0 13400033
Time: 0 hrs, 0 mins, 11 secs, 879 ms
ANALYZE
Time: 0 hrs, 0 mins, 0 secs, 174 ms
 Total ip_user_filter bn_spider_ip records 
-------------------------------------------
                                  13400033
(1 row)

Time: 0 hrs, 0 mins, 4 secs, 184 ms
TRUNCATE
Time: 0 hrs, 0 mins, 5 secs, 888 ms
INSERT 0 11214160
Time: 0 hrs, 0 mins, 32 secs, 946 ms
ANALYZE
Time: 0 hrs, 0 mins, 19 secs, 143 ms
 bn_hits_stage 
---------------
      11214160
(1 row)

Time: 0 hrs, 0 mins, 3 secs, 33 ms
INSERT 0 13906615
Time: 0 hrs, 1 mins, 12 secs, 888 ms
ANALYZE
Time: 0 hrs, 0 mins, 24 secs, 331 ms
 bn_hits_sp_20110928 
---------------------
            30577305
(1 row)

Time: 0 hrs, 0 mins, 5 secs, 289 ms
TRUNCATE
Time: 0 hrs, 0 mins, 8 secs, 508 ms
INSERT 0 3730003
Time: 0 hrs, 0 mins, 7 secs, 116 ms
ANALYZE
Time: 0 hrs, 0 mins, 4 secs, 149 ms
 bn_hits_client_20110928 
-------------------------
                 3730003
(1 row)

Time: 0 hrs, 0 mins, 2 secs, 38 ms
END
Time: 0 hrs, 0 mins, 39 secs, 407 ms

Thu Sep 29 04:21:14 EDT 2011

Timing is on.
BEGIN
Time: 0 hrs, 0 mins, 3 secs, 878 ms

           600 - LOAD RESOURCES

SET
Time: 0 hrs, 0 mins, 0 secs, 10 ms
CREATE TABLE
Time: 0 hrs, 0 mins, 30 secs, 441 ms
ANALYZE
Time: 0 hrs, 0 mins, 0 secs, 464 ms
 tmp_a_count 
-------------
      141337
(1 row)

Time: 0 hrs, 0 mins, 0 secs, 107 ms
UPDATE 0
Time: 0 hrs, 0 mins, 4 secs, 482 ms
ANALYZE
Time: 0 hrs, 0 mins, 1 secs, 366 ms
TRUNCATE
Time: 0 hrs, 0 mins, 1 secs, 732 ms
INSERT 0 37663
Time: 0 hrs, 0 mins, 46 secs, 971 ms
ANALYZE
Time: 0 hrs, 0 mins, 3 secs, 644 ms
 first_resource_id | last_resource_id 
-------------------+------------------
          45739682 |         45777344
(1 row)

Time: 0 hrs, 0 mins, 5 secs, 195 ms
INSERT 0 37663
Time: 0 hrs, 0 mins, 6 secs, 176 ms
 total_resources 
-----------------
        45752941
(1 row)

Time: 0 hrs, 0 mins, 1 secs, 187 ms
ANALYZE
Time: 0 hrs, 0 mins, 0 secs, 545 ms
END
Time: 0 hrs, 0 mins, 30 secs, 987 ms
VACUUM
Time: 0 hrs, 1 mins, 7 secs, 154 ms

Thu Sep 29 04:24:39 EDT 2011

Timing is on.

           650 - LOAD_BN_SESSION_STAGE

BEGIN
Time: 0 hrs, 0 mins, 12 secs, 120 ms
SET
Time: 0 hrs, 0 mins, 0 secs, 8 ms
SET
Time: 0 hrs, 0 mins, 0 secs, 13 ms
CREATE TABLE
Time: 0 hrs, 2 mins, 52 secs, 269 ms
ANALYZE
Time: 0 hrs, 0 mins, 5 secs, 72 ms
 tmp_sessionized_stage 
-----------------------
              11214160
(1 row)

Time: 0 hrs, 0 mins, 0 secs, 506 ms
TRUNCATE
Time: 0 hrs, 0 mins, 7 secs, 0 ms
INSERT 0 1758533
Time: 0 hrs, 0 mins, 49 secs, 408 ms
ANALYZE
Time: 0 hrs, 0 mins, 5 secs, 2 ms
CREATE TABLE
Time: 0 hrs, 2 mins, 40 secs, 786 ms
CREATE INDEX
Time: 0 hrs, 0 mins, 4 secs, 864 ms
 tmp_first_last 
----------------
        1758533
(1 row)

Time: 0 hrs, 0 mins, 2 secs, 712 ms
ANALYZE
Time: 0 hrs, 0 mins, 8 secs, 460 ms
SET
Time: 0 hrs, 0 mins, 0 secs, 13 ms
SET
Time: 0 hrs, 0 mins, 0 secs, 12 ms
TRUNCATE
Time: 0 hrs, 0 mins, 29 secs, 602 ms
DROP 
Time: 0 hrs, 0 mins, 3 secs, 702 ms
INSERT 0 1758533
Time: 0 hrs, 0 mins, 8 secs, 157 ms
 bn_session_stage 
------------------
          1758533
(1 row)

Time: 0 hrs, 0 mins, 13 secs, 276 ms
CREATE INDEX
Time: 0 hrs, 0 mins, 9 secs, 656 ms
ANALYZE
Time: 0 hrs, 0 mins, 0 secs, 630 ms
TRUNCATE
Time: 0 hrs, 0 mins, 8 secs, 632 ms
END
Time: 0 hrs, 0 mins, 48 secs, 413 ms

Thu Sep 29 04:33:49 EDT 2011

BEGIN

           660 - LOAD_BN_SESSION_UPDATE_STAGE

SET
TRUNCATE
INSERT 0 0
END

Thu Sep 29 04:34:22 EDT 2011

Timing is on.

           670 - LOAD_BN_SESSION_20110928.UPDATES

BEGIN
Time: 0 hrs, 0 mins, 9 secs, 281 ms
SET
Time: 0 hrs, 0 mins, 0 secs, 7 ms
UPDATE 0
Time: 0 hrs, 0 mins, 0 secs, 175 ms
END
Time: 0 hrs, 0 mins, 27 secs, 976 ms
VACUUM
Time: 0 hrs, 0 mins, 8 secs, 873 ms

Thu Sep 29 04:35:08 EDT 2011

Timing is on.

           700 - LOAD_BN_SESSION

BEGIN
Time: 0 hrs, 0 mins, 0 secs, 297 ms
SET
Time: 0 hrs, 0 mins, 0 secs, 7 ms
INSERT 0 1758533
Time: 0 hrs, 0 mins, 17 secs, 694 ms
ANALYZE
Time: 0 hrs, 0 mins, 0 secs, 680 ms
END
Time: 0 hrs, 0 mins, 17 secs, 160 ms

Thu Sep 29 04:35:44 EDT 2011

Timing is on.

            750 - LOAD_BN_SESSION_SUMMARY   

BEGIN
Time: 0 hrs, 0 mins, 0 secs, 135 ms
SET
Time: 0 hrs, 0 mins, 0 secs, 6 ms
CREATE TABLE
Time: 0 hrs, 0 mins, 16 secs, 36 ms
TRUNCATE
Time: 0 hrs, 0 mins, 8 secs, 259 ms
INSERT 0 143072
Time: 0 hrs, 0 mins, 6 secs, 141 ms
ANALYZE
Time: 0 hrs, 0 mins, 1 secs, 361 ms
 count(1) 
----------
   143072
(1 row)

Time: 0 hrs, 0 mins, 0 secs, 145 ms
END
Time: 0 hrs, 0 mins, 21 secs, 835 ms

Thu Sep 29 04:36:38 EDT 2011

Timing is on.

           800 - LOAD_BN_HITS

BEGIN
Time: 0 hrs, 0 mins, 0 secs, 134 ms
SET
Time: 0 hrs, 0 mins, 0 secs, 6 ms
SET
Time: 0 hrs, 0 mins, 0 secs, 12 ms
SET
Time: 0 hrs, 0 mins, 0 secs, 11 ms
SET
Time: 0 hrs, 0 mins, 0 secs, 10 ms
TRUNCATE
Time: 0 hrs, 0 mins, 10 secs, 450 ms
INSERT 0 11214160
Time: 0 hrs, 0 mins, 7 secs, 118 ms
 count(1) 
----------
 11214160
(1 row)

Time: 0 hrs, 0 mins, 2 secs, 344 ms
ANALYZE
Time: 0 hrs, 0 mins, 3 secs, 41 ms
END
Time: 0 hrs, 0 mins, 17 secs, 450 ms

Thu Sep 29 04:37:19 EDT 2011

Timing is on.

            900 - LOAD_CLICKSTREAM   

BEGIN
Time: 0 hrs, 0 mins, 0 secs, 145 ms
SET
Time: 0 hrs, 0 mins, 0 secs, 6 ms
TRUNCATE
Time: 0 hrs, 0 mins, 3 secs, 468 ms
INSERT 0 11214160
Time: 0 hrs, 0 mins, 59 secs, 376 ms
 count(1) 
----------
 11214160
(1 row)

Time: 0 hrs, 0 mins, 1 secs, 900 ms
ANALYZE
Time: 0 hrs, 0 mins, 1 secs, 176 ms
END
Time: 0 hrs, 0 mins, 38 secs, 148 ms

Thu Sep 29 04:39:04 EDT 2011

Timing is on.

            1000 - PAGE_VIEW_SUMMARY  

BEGIN
Time: 0 hrs, 0 mins, 0 secs, 355 ms
SET
Time: 0 hrs, 0 mins, 0 secs, 6 ms
SET
Time: 0 hrs, 0 mins, 0 secs, 12 ms
TRUNCATE
Time: 0 hrs, 0 mins, 1 secs, 825 ms
INSERT 0 146484
Time: 0 hrs, 0 mins, 2 secs, 410 ms
 count(1) 
----------
   146484
(1 row)

Time: 0 hrs, 0 mins, 0 secs, 208 ms
ANALYZE
Time: 0 hrs, 0 mins, 0 secs, 33 ms
END
Time: 0 hrs, 0 mins, 5 secs, 355 ms

Thu Sep 29 04:39:14 EDT 2011


2000 - WRAP UP 

Timing is on.
BEGIN
Time: 0 hrs, 0 mins, 1 secs, 140 ms
TRUNCATE
Time: 0 hrs, 0 mins, 0 secs, 981 ms
TRUNCATE
Time: 0 hrs, 0 mins, 1 secs, 331 ms
END
Time: 0 hrs, 0 mins, 4 secs, 478 ms
Thu Sep 29 04:39:22 EDT 2011
Removing lock file and waiting for a minute
Total time taken:  46  minutes.
Running time of run.sh 20110928: 2776 seconds
Checking for lock file /tmp/.iislock
Acquired lock file /tmp/.iislock
deleting simple.htm records - these are just server testing...
DELETE 21
-------------------------------------
Processing for 20110928
-------------------------------------

Fri Sep 30 05:48:50 EDT 2011

Timing is on.

           000 - INIT

BEGIN
Time: 0 hrs, 0 mins, 22 secs, 954 ms
*** Truncating staging tables before workflow starts ***
SET
Time: 0 hrs, 0 mins, 0 secs, 7 ms
GRANT
Time: 0 hrs, 1 mins, 36 secs, 677 ms
END
Time: 0 hrs, 0 mins, 20 secs, 693 ms

Fri Sep 30 05:51:10 EDT 2011

Timing is on.

            200 - LOAD_BN_IISLOGS   

BEGIN
Time: 0 hrs, 0 mins, 0 secs, 300 ms
SET
Time: 0 hrs, 0 mins, 0 secs, 7 ms
TRUNCATE
Time: 0 hrs, 0 mins, 6 secs, 891 ms
INSERT 0 60888567
Time: 0 hrs, 11 mins, 0 secs, 204 ms
END
Time: 0 hrs, 0 mins, 21 secs, 283 ms
ALTER TABLE
Time: 0 hrs, 0 mins, 31 secs, 872 ms

Fri Sep 30 06:03:11 EDT 2011

Timing is on.
BEGIN
Time: 0 hrs, 0 mins, 1 secs, 915 ms
SET
Time: 0 hrs, 0 mins, 0 secs, 10 ms

            250 - LOAD_BN_HITS_SP   

TRUNCATE
Time: 0 hrs, 0 mins, 11 secs, 736 ms
INSERT 0 22577229
Time: 0 hrs, 4 mins, 14 secs, 927 ms
ANALYZE
Time: 0 hrs, 0 mins, 7 secs, 476 ms
END
Time: 0 hrs, 1 mins, 24 secs, 458 ms

Fri Sep 30 06:09:12 EDT 2011

Timing is on.
BEGIN
Time: 0 hrs, 0 mins, 1 secs, 742 ms
SET
Time: 0 hrs, 0 mins, 0 secs, 7 ms

           300 - DYNAMIC FILTER

TRUNCATE
Time: 0 hrs, 0 mins, 2 secs, 605 ms
INSERT 0 19467672
Time: 0 hrs, 0 mins, 3 secs, 910 ms
ANALYZE
Time: 0 hrs, 0 mins, 3 secs, 504 ms
 Total records in web_click_cnt 
--------------------------------
                       19467672
(1 row)

Time: 0 hrs, 0 mins, 2 secs, 882 ms
CREATE TABLE
Time: 0 hrs, 1 mins, 0 secs, 761 ms
ANALYZE
Time: 0 hrs, 0 mins, 0 secs, 37 ms
CREATE TABLE
Time: 0 hrs, 0 mins, 1 secs, 922 ms
ANALYZE
Time: 0 hrs, 0 mins, 0 secs, 60 ms
DELETE 1
Time: 0 hrs, 0 mins, 0 secs, 969 ms
INSERT 0 1
Time: 0 hrs, 0 mins, 0 secs, 189 ms
DELETE 1
Time: 0 hrs, 0 mins, 0 secs, 64 ms
INSERT 0 1
Time: 0 hrs, 0 mins, 1 secs, 448 ms
CREATE TABLE
Time: 0 hrs, 0 mins, 29 secs, 788 ms
ANALYZE
Time: 0 hrs, 0 mins, 0 secs, 44 ms
CREATE TABLE
Time: 0 hrs, 0 mins, 2 secs, 245 ms
ANALYZE
Time: 0 hrs, 0 mins, 0 secs, 408 ms
DELETE 1
Time: 0 hrs, 0 mins, 0 secs, 57 ms
INSERT 0 1
Time: 0 hrs, 0 mins, 1 secs, 33 ms
DELETE 1
Time: 0 hrs, 0 mins, 0 secs, 62 ms
INSERT 0 1
Time: 0 hrs, 0 mins, 1 secs, 923 ms
ANALYZE
Time: 0 hrs, 0 mins, 2 secs, 78 ms
    tablename     |    attr_name    | attr_value 
------------------+-----------------+------------
 BN_FILTER_SPIDER | CLK_USER_SD_MPL | 10
 BN_FILTER_SPIDER | IP_USER_SD_MPL  | 1
 BN_FILTER_SPIDER | IP_USER_RATIO   | .955
 BN_FILTER_SPIDER | CLK_USER_MEAN   | 9.695
 BN_FILTER_SPIDER | CLK_USER_SD     | 57.817
 BN_FILTER_SPIDER | IP_USER_MEAN    | 20.833
 BN_FILTER_SPIDER | IP_USER_SD      | 1029.300
(7 rows)

Time: 0 hrs, 0 mins, 5 secs, 255 ms
CREATE TABLE
Time: 0 hrs, 0 mins, 33 secs, 617 ms
CREATE TABLE
Time: 0 hrs, 0 mins, 3 secs, 896 ms
 l_mean_sd_mpl 
---------------
       587.865
(1 row)

Time: 0 hrs, 0 mins, 3 secs, 751 ms
TRUNCATE
Time: 0 hrs, 0 mins, 9 secs, 290 ms
INSERT 0 316
Time: 0 hrs, 0 mins, 36 secs, 837 ms
ANALYZE
Time: 0 hrs, 0 mins, 1 secs, 742 ms
 Total click_user bn_spider_ip records 
---------------------------------------
                                   316
(1 row)

Time: 0 hrs, 0 mins, 4 secs, 802 ms
CREATE TABLE
Time: 0 hrs, 0 mins, 29 secs, 719 ms
ANALYZE
Time: 0 hrs, 0 mins, 0 secs, 43 ms
CREATE TABLE
Time: 0 hrs, 0 mins, 6 secs, 44 ms
ANALYZE
Time: 0 hrs, 0 mins, 0 secs, 38 ms
DROP 
Time: 0 hrs, 0 mins, 0 secs, 71 ms
CREATE TABLE
Time: 0 hrs, 0 mins, 1 secs, 995 ms
 l_mean_sd_mpl | l_ratio 
---------------+---------
      1050.133 |   0.955
(1 row)

Time: 0 hrs, 0 mins, 0 secs, 953 ms
INSERT 0 16831333
Time: 0 hrs, 0 mins, 10 secs, 486 ms
ANALYZE
Time: 0 hrs, 0 mins, 0 secs, 174 ms
 Total ip_user_filter bn_spider_ip records 
-------------------------------------------
                                  16831333
(1 row)

Time: 0 hrs, 0 mins, 0 secs, 758 ms
TRUNCATE
Time: 0 hrs, 0 mins, 6 secs, 688 ms
INSERT 0 15022195
Time: 0 hrs, 1 mins, 24 secs, 921 ms
ANALYZE
Time: 0 hrs, 0 mins, 14 secs, 878 ms
 bn_hits_stage 
---------------
      15022195
(1 row)

Time: 0 hrs, 0 mins, 2 secs, 875 ms
INSERT 0 17535788
Time: 0 hrs, 1 mins, 12 secs, 925 ms
ANALYZE
Time: 0 hrs, 1 mins, 4 secs, 137 ms
 bn_hits_sp_20110928 
---------------------
            40113017
(1 row)

Time: 0 hrs, 1 mins, 0 secs, 312 ms
TRUNCATE
Time: 0 hrs, 0 mins, 13 secs, 102 ms
INSERT 0 5753355
Time: 0 hrs, 0 mins, 9 secs, 920 ms
ANALYZE
Time: 0 hrs, 0 mins, 4 secs, 542 ms
 bn_hits_client_20110928 
-------------------------
                 5753355
(1 row)

Time: 0 hrs, 0 mins, 8 secs, 205 ms
END
Time: 0 hrs, 0 mins, 43 secs, 316 ms

Fri Sep 30 06:20:05 EDT 2011

Timing is on.
BEGIN
Time: 0 hrs, 0 mins, 0 secs, 134 ms

           600 - LOAD RESOURCES

SET
Time: 0 hrs, 0 mins, 0 secs, 6 ms
CREATE TABLE
Time: 0 hrs, 0 mins, 32 secs, 816 ms
ANALYZE
Time: 0 hrs, 0 mins, 0 secs, 444 ms
 tmp_a_count 
-------------
      170851
(1 row)

Time: 0 hrs, 0 mins, 2 secs, 208 ms
UPDATE 0
Time: 0 hrs, 0 mins, 9 secs, 338 ms
ANALYZE
Time: 0 hrs, 0 mins, 1 secs, 499 ms
TRUNCATE
Time: 0 hrs, 0 mins, 2 secs, 707 ms
INSERT 0 11642
Time: 0 hrs, 0 mins, 32 secs, 594 ms
ANALYZE
Time: 0 hrs, 0 mins, 3 secs, 918 ms
 first_resource_id | last_resource_id 
-------------------+------------------
          45828811 |         45840452
(1 row)

Time: 0 hrs, 0 mins, 2 secs, 461 ms
INSERT 0 11642
Time: 0 hrs, 0 mins, 6 secs, 823 ms
 total_resources 
-----------------
        45816049
(1 row)

Time: 0 hrs, 0 mins, 0 secs, 535 ms
ANALYZE
Time: 0 hrs, 0 mins, 0 secs, 522 ms
END
Time: 0 hrs, 0 mins, 34 secs, 616 ms
VACUUM
Time: 0 hrs, 0 mins, 54 secs, 64 ms

Fri Sep 30 06:23:10 EDT 2011

Timing is on.

           650 - LOAD_BN_SESSION_STAGE

BEGIN
Time: 0 hrs, 0 mins, 0 secs, 107 ms
SET
Time: 0 hrs, 0 mins, 0 secs, 6 ms
SET
Time: 0 hrs, 0 mins, 0 secs, 12 ms
CREATE TABLE
Time: 0 hrs, 1 mins, 11 secs, 293 ms
ANALYZE
Time: 0 hrs, 0 mins, 10 secs, 292 ms
 tmp_sessionized_stage 
-----------------------
              15022195
(1 row)

Time: 0 hrs, 0 mins, 3 secs, 154 ms
TRUNCATE
Time: 0 hrs, 0 mins, 3 secs, 707 ms
INSERT 0 2287869
Time: 0 hrs, 2 mins, 30 secs, 274 ms
ANALYZE
Time: 0 hrs, 0 mins, 0 secs, 793 ms
CREATE TABLE
Time: 0 hrs, 5 mins, 20 secs, 420 ms
CREATE INDEX
Time: 0 hrs, 0 mins, 0 secs, 234 ms
 tmp_first_last 
----------------
        2287869
(1 row)

Time: 0 hrs, 0 mins, 0 secs, 53 ms
ANALYZE
Time: 0 hrs, 0 mins, 0 secs, 567 ms
SET
Time: 0 hrs, 0 mins, 0 secs, 11 ms
SET
Time: 0 hrs, 0 mins, 0 secs, 11 ms
TRUNCATE
Time: 0 hrs, 0 mins, 25 secs, 565 ms
DROP 
Time: 0 hrs, 0 mins, 3 secs, 150 ms
INSERT 0 2287869
Time: 0 hrs, 0 mins, 7 secs, 248 ms
 bn_session_stage 
------------------
          2287869
(1 row)

Time: 0 hrs, 0 mins, 14 secs, 254 ms
CREATE INDEX
Time: 0 hrs, 0 mins, 8 secs, 910 ms
ANALYZE
Time: 0 hrs, 0 mins, 0 secs, 945 ms
TRUNCATE
Time: 0 hrs, 0 mins, 6 secs, 722 ms
END
Time: 0 hrs, 1 mins, 17 secs, 323 ms

Fri Sep 30 06:34:55 EDT 2011

BEGIN

           660 - LOAD_BN_SESSION_UPDATE_STAGE

SET
TRUNCATE
INSERT 0 0
END

Fri Sep 30 06:36:47 EDT 2011

Timing is on.

           670 - LOAD_BN_SESSION_20110928.UPDATES

BEGIN
Time: 0 hrs, 0 mins, 4 secs, 153 ms
SET
Time: 0 hrs, 0 mins, 0 secs, 7 ms
UPDATE 0
Time: 0 hrs, 0 mins, 0 secs, 178 ms
END
Time: 0 hrs, 0 mins, 10 secs, 903 ms
VACUUM
Time: 0 hrs, 1 mins, 45 secs, 34 ms

Fri Sep 30 06:38:47 EDT 2011

Timing is on.

           700 - LOAD_BN_SESSION

BEGIN
Time: 0 hrs, 0 mins, 9 secs, 621 ms
SET
Time: 0 hrs, 0 mins, 0 secs, 7 ms
INSERT 0 2287869
Time: 0 hrs, 0 mins, 24 secs, 24 ms
ANALYZE
Time: 0 hrs, 0 mins, 2 secs, 240 ms
END
Time: 0 hrs, 0 mins, 5 secs, 627 ms

Fri Sep 30 06:39:29 EDT 2011

Timing is on.

            750 - LOAD_BN_SESSION_SUMMARY   

BEGIN
Time: 0 hrs, 0 mins, 0 secs, 103 ms
SET
Time: 0 hrs, 0 mins, 0 secs, 5 ms
CREATE TABLE
Time: 0 hrs, 1 mins, 48 secs, 130 ms
TRUNCATE
Time: 0 hrs, 0 mins, 7 secs, 303 ms
INSERT 0 172925
Time: 0 hrs, 0 mins, 3 secs, 661 ms
ANALYZE
Time: 0 hrs, 0 mins, 4 secs, 856 ms
 count(1) 
----------
   172925
(1 row)

Time: 0 hrs, 0 mins, 0 secs, 898 ms
END
Time: 0 hrs, 0 mins, 15 secs, 242 ms

Fri Sep 30 06:41:49 EDT 2011

Timing is on.

           800 - LOAD_BN_HITS

BEGIN
Time: 0 hrs, 0 mins, 7 secs, 114 ms
SET
Time: 0 hrs, 0 mins, 0 secs, 6 ms
SET
Time: 0 hrs, 0 mins, 0 secs, 12 ms
SET
Time: 0 hrs, 0 mins, 0 secs, 11 ms
SET
Time: 0 hrs, 0 mins, 0 secs, 11 ms
TRUNCATE
Time: 0 hrs, 0 mins, 25 secs, 709 ms
INSERT 0 15022195
Time: 0 hrs, 0 mins, 17 secs, 685 ms
 count(1) 
----------
 15022195
(1 row)

Time: 0 hrs, 0 mins, 4 secs, 379 ms
ANALYZE
Time: 0 hrs, 0 mins, 11 secs, 381 ms
END
Time: 0 hrs, 1 mins, 11 secs, 609 ms

Fri Sep 30 06:44:08 EDT 2011

Timing is on.

            900 - LOAD_CLICKSTREAM   

BEGIN
Time: 0 hrs, 0 mins, 6 secs, 883 ms
SET
Time: 0 hrs, 0 mins, 0 secs, 6 ms
TRUNCATE
Time: 0 hrs, 0 mins, 9 secs, 400 ms
INSERT 0 15022195
Time: 0 hrs, 2 mins, 40 secs, 839 ms
 count(1) 
----------
 15022195
(1 row)

Time: 0 hrs, 0 mins, 3 secs, 848 ms
ANALYZE
Time: 0 hrs, 0 mins, 1 secs, 344 ms
END
Time: 0 hrs, 1 mins, 50 secs, 295 ms

Fri Sep 30 06:49:00 EDT 2011

Timing is on.

            1000 - PAGE_VIEW_SUMMARY  

BEGIN
Time: 0 hrs, 0 mins, 0 secs, 107 ms
SET
Time: 0 hrs, 0 mins, 0 secs, 6 ms
SET
Time: 0 hrs, 0 mins, 0 secs, 11 ms
TRUNCATE
Time: 0 hrs, 0 mins, 3 secs, 701 ms
INSERT 0 177105
Time: 0 hrs, 0 mins, 6 secs, 583 ms
 count(1) 
----------
   177105
(1 row)

Time: 0 hrs, 0 mins, 0 secs, 663 ms
ANALYZE
Time: 0 hrs, 0 mins, 0 secs, 128 ms
END
Time: 0 hrs, 0 mins, 30 secs, 105 ms

Fri Sep 30 06:49:42 EDT 2011


2000 - WRAP UP 

Timing is on.
BEGIN
Time: 0 hrs, 0 mins, 1 secs, 19 ms
TRUNCATE
Time: 0 hrs, 0 mins, 1 secs, 877 ms
TRUNCATE
Time: 0 hrs, 0 mins, 0 secs, 741 ms
END
Time: 0 hrs, 0 mins, 12 secs, 471 ms
Fri Sep 30 06:49:58 EDT 2011
Removing lock file and waiting for a minute
Total time taken:  63  minutes.
Running time of run.sh 20110928: 63 minutes
