Checking for lock file /tmp/.iislock
Acquired lock file /tmp/.iislock
-------------------------------------
Processing for 20110110
-------------------------------------

Tue Jan 11 08:30:10 EST 2011

Timing is on.

           000 - INIT

BEGIN
Time: 0 hrs, 0 mins, 5 secs, 913 ms
*** Truncating staging tables before workflow starts ***
SET
Time: 0 hrs, 0 mins, 0 secs, 9 ms
TRUNCATE
Time: 0 hrs, 0 mins, 6 secs, 524 ms
TRUNCATE
Time: 0 hrs, 0 mins, 2 secs, 758 ms
TRUNCATE
Time: 0 hrs, 0 mins, 8 secs, 480 ms
TRUNCATE
Time: 0 hrs, 0 mins, 5 secs, 150 ms
TRUNCATE
Time: 0 hrs, 0 mins, 12 secs, 684 ms
TRUNCATE
Time: 0 hrs, 0 mins, 3 secs, 237 ms
TRUNCATE
Time: 0 hrs, 0 mins, 0 secs, 922 ms
END
Time: 0 hrs, 0 mins, 7 secs, 25 ms

Tue Jan 11 08:31:03 EST 2011

Timing is on.

            200 - LOAD_BN_IISLOGS   

BEGIN
Time: 0 hrs, 0 mins, 1 secs, 681 ms
SET
Time: 0 hrs, 0 mins, 0 secs, 11 ms
TRUNCATE
Time: 0 hrs, 0 mins, 1 secs, 464 ms
INSERT 0 40748321
Time: 0 hrs, 21 mins, 14 secs, 608 ms
END
Time: 0 hrs, 0 mins, 5 secs, 988 ms
ALTER TABLE
Time: 0 hrs, 9 mins, 17 secs, 395 ms

Tue Jan 11 09:01:45 EST 2011

Timing is on.
BEGIN
Time: 0 hrs, 0 mins, 0 secs, 735 ms
SET
Time: 0 hrs, 0 mins, 0 secs, 12 ms

            250 - LOAD_BN_HITS_SP   

TRUNCATE
Time: 0 hrs, 0 mins, 0 secs, 723 ms
INSERT 0 11569994
Time: 0 hrs, 2 mins, 39 secs, 853 ms
ANALYZE
Time: 0 hrs, 0 mins, 2 secs, 87 ms
END
Time: 0 hrs, 0 mins, 3 secs, 268 ms

Tue Jan 11 09:04:32 EST 2011

Timing is on.
BEGIN
Time: 0 hrs, 0 mins, 0 secs, 700 ms
SET
Time: 0 hrs, 0 mins, 0 secs, 14 ms

           300 - DYNAMIC FILTER

INSERT 0 9741417
Time: 0 hrs, 0 mins, 2 secs, 233 ms
ANALYZE
Time: 0 hrs, 0 mins, 0 secs, 828 ms
 Total records in web_click_cnt 
--------------------------------
                        9741417
(1 row)

Time: 0 hrs, 0 mins, 0 secs, 408 ms
CREATE TABLE
Time: 0 hrs, 7 mins, 25 secs, 954 ms
ANALYZE
Time: 0 hrs, 0 mins, 0 secs, 144 ms
CREATE TABLE
Time: 0 hrs, 0 mins, 0 secs, 316 ms
ANALYZE
Time: 0 hrs, 0 mins, 0 secs, 96 ms
DELETE 1
Time: 0 hrs, 0 mins, 0 secs, 177 ms
INSERT 0 1
Time: 0 hrs, 0 mins, 0 secs, 420 ms
DELETE 1
Time: 0 hrs, 0 mins, 0 secs, 122 ms
INSERT 0 1
Time: 0 hrs, 0 mins, 1 secs, 709 ms
CREATE TABLE
Time: 0 hrs, 0 mins, 28 secs, 23 ms
ANALYZE
Time: 0 hrs, 0 mins, 0 secs, 97 ms
CREATE TABLE
Time: 0 hrs, 0 mins, 0 secs, 725 ms
ANALYZE
Time: 0 hrs, 0 mins, 0 secs, 120 ms
DELETE 1
Time: 0 hrs, 0 mins, 0 secs, 100 ms
INSERT 0 1
Time: 0 hrs, 0 mins, 0 secs, 554 ms
DELETE 1
Time: 0 hrs, 0 mins, 0 secs, 83 ms
INSERT 0 1
Time: 0 hrs, 0 mins, 0 secs, 362 ms
ANALYZE
Time: 0 hrs, 0 mins, 0 secs, 191 ms
    tablename     |    attr_name    | attr_value 
------------------+-----------------+------------
 BN_FILTER_SPIDER | CLK_USER_SD_MPL | 10
 BN_FILTER_SPIDER | IP_USER_SD_MPL  | 1
 BN_FILTER_SPIDER | IP_USER_RATIO   | .955
 BN_FILTER_SPIDER | CLK_USER_MEAN   | 11.016
 BN_FILTER_SPIDER | CLK_USER_SD     | 262.498
 BN_FILTER_SPIDER | IP_USER_MEAN    | 8.474
 BN_FILTER_SPIDER | IP_USER_SD      | 1236.575
(7 rows)

Time: 0 hrs, 0 mins, 0 secs, 207 ms
CREATE TABLE
Time: 0 hrs, 0 mins, 3 secs, 160 ms
CREATE TABLE
Time: 0 hrs, 0 mins, 0 secs, 349 ms
 l_mean_sd_mpl 
---------------
      2635.996
(1 row)

Time: 0 hrs, 0 mins, 0 secs, 332 ms
INSERT 0 42
Time: 0 hrs, 0 mins, 6 secs, 969 ms
ANALYZE
Time: 0 hrs, 0 mins, 0 secs, 96 ms
 Total click_user bn_spider_ip records 
---------------------------------------
                                    42
(1 row)

Time: 0 hrs, 0 mins, 0 secs, 181 ms
CREATE TABLE
Time: 0 hrs, 0 mins, 1 secs, 780 ms
ANALYZE
Time: 0 hrs, 0 mins, 0 secs, 67 ms
CREATE TABLE
Time: 0 hrs, 0 mins, 1 secs, 838 ms
ANALYZE
Time: 0 hrs, 0 mins, 0 secs, 96 ms
DROP 
Time: 0 hrs, 0 mins, 0 secs, 349 ms
CREATE TABLE
Time: 0 hrs, 0 mins, 0 secs, 186 ms
 l_mean_sd_mpl | l_ratio 
---------------+---------
      1245.049 |   0.955
(1 row)

Time: 0 hrs, 0 mins, 0 secs, 129 ms
INSERT 0 6691381
Time: 0 hrs, 0 mins, 3 secs, 719 ms
ANALYZE
Time: 0 hrs, 0 mins, 0 secs, 432 ms
 Total ip_user_filter bn_spider_ip records 
-------------------------------------------
                                   6691381
(1 row)

Time: 0 hrs, 0 mins, 0 secs, 411 ms
INSERT 0 21846894
Time: 0 hrs, 0 mins, 30 secs, 27 ms
ANALYZE
Time: 0 hrs, 0 mins, 3 secs, 729 ms
 bn_hits_stage 
---------------
      21846894
(1 row)

Time: 0 hrs, 0 mins, 0 secs, 257 ms
INSERT 0 7331433
Time: 0 hrs, 0 mins, 25 secs, 726 ms
ANALYZE
Time: 0 hrs, 0 mins, 1 secs, 712 ms
 bn_hits_sp_20110110 
---------------------
            18901427
(1 row)

Time: 0 hrs, 0 mins, 3 secs, 27 ms
END
Time: 0 hrs, 0 mins, 0 secs, 974 ms

Tue Jan 11 09:14:01 EST 2011

Timing is on.
BEGIN
Time: 0 hrs, 0 mins, 0 secs, 662 ms

           600 - LOAD RESOURCES

SET
Time: 0 hrs, 0 mins, 0 secs, 10 ms
CREATE TABLE
Time: 0 hrs, 0 mins, 7 secs, 938 ms
ANALYZE
Time: 0 hrs, 0 mins, 0 secs, 532 ms
 tmp_a_count 
-------------
      165508
(1 row)

Time: 0 hrs, 0 mins, 0 secs, 162 ms
UPDATE 0
Time: 0 hrs, 0 mins, 2 secs, 0 ms
ANALYZE
Time: 0 hrs, 0 mins, 0 secs, 554 ms
TRUNCATE
Time: 0 hrs, 0 mins, 0 secs, 745 ms
INSERT 0 106330
Time: 0 hrs, 0 mins, 6 secs, 197 ms
ANALYZE
Time: 0 hrs, 0 mins, 1 secs, 400 ms
 first_resource_id | last_resource_id 
-------------------+------------------
          11949831 |         12056160
(1 row)

Time: 0 hrs, 0 mins, 0 secs, 234 ms
INSERT 0 106330
Time: 0 hrs, 0 mins, 1 secs, 206 ms
 total_resources 
-----------------
        12031784
(1 row)

Time: 0 hrs, 0 mins, 0 secs, 529 ms
ANALYZE
Time: 0 hrs, 0 mins, 0 secs, 608 ms
END
Time: 0 hrs, 0 mins, 4 secs, 707 ms
VACUUM
Time: 0 hrs, 0 mins, 17 secs, 618 ms

Tue Jan 11 09:14:46 EST 2011

Timing is on.

           650 - LOAD_BN_SESSION_STAGE

BEGIN
Time: 0 hrs, 0 mins, 0 secs, 688 ms
SET
Time: 0 hrs, 0 mins, 0 secs, 11 ms
CREATE TABLE
Time: 0 hrs, 1 mins, 3 secs, 65 ms
ANALYZE
Time: 0 hrs, 0 mins, 3 secs, 141 ms
INSERT 0 3237270
Time: 0 hrs, 1 mins, 7 secs, 36 ms
ANALYZE
Time: 0 hrs, 0 mins, 0 secs, 990 ms
CREATE TABLE
Time: 0 hrs, 0 mins, 22 secs, 530 ms
ANALYZE
Time: 0 hrs, 0 mins, 0 secs, 258 ms
ERROR:  column "last_shopper_ind" does not exist
NOTICE:  current transaction is aborted, queries ignored until end of transaction block
NOTICE:  current transaction is aborted, queries ignored until end of transaction block
NOTICE:  current transaction is aborted, queries ignored until end of transaction block
NOTICE:  current transaction is aborted, queries ignored until end of transaction block
NOTICE:  current transaction is aborted, queries ignored until end of transaction block
ABORT
Time: 0 hrs, 0 mins, 0 secs, 55 ms

Tue Jan 11 09:17:25 EST 2011

BEGIN

           660 - LOAD_BN_SESSION_UPDATE_STAGE

SET
INSERT 0 0
END

Tue Jan 11 09:18:25 EST 2011

Timing is on.

           670 - LOAD_BN_SESSION_20110110.UPDATES

BEGIN
Time: 0 hrs, 0 mins, 0 secs, 800 ms
SET
Time: 0 hrs, 0 mins, 0 secs, 13 ms
UPDATE 0
Time: 0 hrs, 0 mins, 0 secs, 571 ms
END
Time: 0 hrs, 0 mins, 41 secs, 377 ms
VACUUM
Time: 0 hrs, 0 mins, 25 secs, 761 ms

Tue Jan 11 09:19:34 EST 2011

Timing is on.

           700 - LOAD_BN_SESSION

BEGIN
Time: 0 hrs, 0 mins, 1 secs, 189 ms
SET
Time: 0 hrs, 0 mins, 0 secs, 10 ms
INSERT 0 0
Time: 0 hrs, 0 mins, 10 secs, 409 ms
ANALYZE
Time: 0 hrs, 0 mins, 0 secs, 35 ms
END
Time: 0 hrs, 0 mins, 46 secs, 155 ms

Tue Jan 11 09:20:32 EST 2011

Timing is on.

            750 - LOAD_BN_SESSION_SUMMARY   

BEGIN
Time: 0 hrs, 0 mins, 1 secs, 227 ms
SET
Time: 0 hrs, 0 mins, 0 secs, 9 ms
CREATE TABLE
Time: 0 hrs, 0 mins, 12 secs, 646 ms
TRUNCATE
Time: 0 hrs, 0 mins, 1 secs, 612 ms
INSERT 0 0
Time: 0 hrs, 0 mins, 3 secs, 164 ms
ANALYZE
Time: 0 hrs, 0 mins, 0 secs, 26 ms
 count(1) 
----------
        0
(1 row)

Time: 0 hrs, 0 mins, 0 secs, 218 ms
END
Time: 0 hrs, 0 mins, 30 secs, 424 ms

Tue Jan 11 09:21:22 EST 2011

Timing is on.

           800 - LOAD_BN_HITS

BEGIN
Time: 0 hrs, 0 mins, 0 secs, 828 ms
SET
Time: 0 hrs, 0 mins, 0 secs, 12 ms
TRUNCATE
Time: 0 hrs, 0 mins, 2 secs, 643 ms
INSERT 0 0
Time: 0 hrs, 0 mins, 22 secs, 104 ms
 count(1) 
----------
        0
(1 row)

Time: 0 hrs, 0 mins, 0 secs, 128 ms
ANALYZE
Time: 0 hrs, 0 mins, 0 secs, 28 ms
END
Time: 0 hrs, 0 mins, 28 secs, 790 ms

Tue Jan 11 09:22:16 EST 2011

Timing is on.

            900 - LOAD_CLICKSTREAM   

BEGIN
Time: 0 hrs, 0 mins, 0 secs, 893 ms
SET
Time: 0 hrs, 0 mins, 0 secs, 12 ms
TRUNCATE
Time: 0 hrs, 0 mins, 1 secs, 957 ms
INSERT 0 0
Time: 0 hrs, 0 mins, 22 secs, 885 ms
 count(1) 
----------
        0
(1 row)

Time: 0 hrs, 0 mins, 0 secs, 347 ms
ANALYZE
Time: 0 hrs, 0 mins, 0 secs, 25 ms
END
Time: 0 hrs, 0 mins, 30 secs, 569 ms

Tue Jan 11 09:23:13 EST 2011

Timing is on.

            1000 - PAGE_VIEW_SUMMARY  

BEGIN
Time: 0 hrs, 0 mins, 0 secs, 671 ms
SET
Time: 0 hrs, 0 mins, 0 secs, 8 ms
TRUNCATE
Time: 0 hrs, 0 mins, 0 secs, 644 ms
INSERT 0 0
Time: 0 hrs, 0 mins, 33 secs, 478 ms
 count(1) 
----------
        0
(1 row)

Time: 0 hrs, 0 mins, 0 secs, 180 ms
ANALYZE
Time: 0 hrs, 0 mins, 0 secs, 25 ms
END
Time: 0 hrs, 1 mins, 35 secs, 746 ms
Tue Jan 11 09:25:24 EST 2011
Removing lock file and waiting for a minute
Checking for lock file /tmp/.iislock
Acquired lock file /tmp/.iislock
-------------------------------------
Processing for 20110110
-------------------------------------

Wed Jan 12 09:26:53 EST 2011

Timing is on.

           000 - INIT

BEGIN
Time: 0 hrs, 0 mins, 0 secs, 625 ms
*** Truncating staging tables before workflow starts ***
SET
Time: 0 hrs, 0 mins, 0 secs, 10 ms
TRUNCATE
Time: 0 hrs, 0 mins, 0 secs, 424 ms
TRUNCATE
Time: 0 hrs, 0 mins, 0 secs, 459 ms
END
Time: 0 hrs, 0 mins, 15 secs, 739 ms

Wed Jan 12 09:27:11 EST 2011

Timing is on.

            200 - LOAD_BN_IISLOGS   

BEGIN
Time: 0 hrs, 0 mins, 0 secs, 741 ms
SET
Time: 0 hrs, 0 mins, 0 secs, 10 ms
TRUNCATE
Time: 0 hrs, 0 mins, 0 secs, 662 ms
INSERT 0 58064102
Time: 0 hrs, 12 mins, 29 secs, 706 ms
END
Time: 0 hrs, 0 mins, 3 secs, 827 ms
ALTER TABLE
Time: 0 hrs, 0 mins, 3 secs, 767 ms

Wed Jan 12 09:39:50 EST 2011

Timing is on.
BEGIN
Time: 0 hrs, 0 mins, 1 secs, 340 ms
SET
Time: 0 hrs, 0 mins, 0 secs, 11 ms

            250 - LOAD_BN_HITS_SP   

TRUNCATE
Time: 0 hrs, 0 mins, 0 secs, 471 ms
INSERT 0 15778671
Time: 0 hrs, 3 mins, 31 secs, 575 ms
ANALYZE
Time: 0 hrs, 0 mins, 1 secs, 758 ms
END
Time: 0 hrs, 0 mins, 2 secs, 447 ms

Wed Jan 12 09:43:27 EST 2011

Timing is on.
BEGIN
Time: 0 hrs, 0 mins, 0 secs, 599 ms
SET
Time: 0 hrs, 0 mins, 0 secs, 11 ms

           300 - DYNAMIC FILTER

TRUNCATE
Time: 0 hrs, 0 mins, 0 secs, 395 ms
INSERT 0 12801470
Time: 0 hrs, 0 mins, 2 secs, 670 ms
ANALYZE
Time: 0 hrs, 0 mins, 0 secs, 510 ms
 Total records in web_click_cnt 
--------------------------------
                       12801470
(1 row)

Time: 0 hrs, 0 mins, 0 secs, 404 ms
CREATE TABLE
Time: 0 hrs, 0 mins, 1 secs, 949 ms
ANALYZE
Time: 0 hrs, 0 mins, 0 secs, 194 ms
CREATE TABLE
Time: 0 hrs, 0 mins, 0 secs, 355 ms
ANALYZE
Time: 0 hrs, 0 mins, 0 secs, 119 ms
DELETE 1
Time: 0 hrs, 0 mins, 0 secs, 107 ms
INSERT 0 1
Time: 0 hrs, 0 mins, 0 secs, 198 ms
DELETE 1
Time: 0 hrs, 0 mins, 0 secs, 93 ms
INSERT 0 1
Time: 0 hrs, 0 mins, 0 secs, 279 ms
CREATE TABLE
Time: 0 hrs, 0 mins, 1 secs, 559 ms
ANALYZE
Time: 0 hrs, 0 mins, 0 secs, 104 ms
CREATE TABLE
Time: 0 hrs, 0 mins, 0 secs, 342 ms
ANALYZE
Time: 0 hrs, 0 mins, 0 secs, 127 ms
DELETE 1
Time: 0 hrs, 0 mins, 0 secs, 98 ms
INSERT 0 1
Time: 0 hrs, 0 mins, 0 secs, 268 ms
DELETE 1
Time: 0 hrs, 0 mins, 0 secs, 92 ms
INSERT 0 1
Time: 0 hrs, 0 mins, 0 secs, 263 ms
ANALYZE
Time: 0 hrs, 0 mins, 0 secs, 646 ms
    tablename     |    attr_name    | attr_value 
------------------+-----------------+------------
 BN_FILTER_SPIDER | CLK_USER_SD_MPL | 10
 BN_FILTER_SPIDER | IP_USER_SD_MPL  | 1
 BN_FILTER_SPIDER | IP_USER_RATIO   | .955
 BN_FILTER_SPIDER | CLK_USER_MEAN   | 11.792
 BN_FILTER_SPIDER | CLK_USER_SD     | 267.484
 BN_FILTER_SPIDER | IP_USER_MEAN    | 8.129
 BN_FILTER_SPIDER | IP_USER_SD      | 1297.653
(7 rows)

Time: 0 hrs, 0 mins, 0 secs, 193 ms
CREATE TABLE
Time: 0 hrs, 0 mins, 3 secs, 289 ms
CREATE TABLE
Time: 0 hrs, 0 mins, 0 secs, 271 ms
 l_mean_sd_mpl 
---------------
      2686.632
(1 row)

Time: 0 hrs, 0 mins, 0 secs, 118 ms
TRUNCATE
Time: 0 hrs, 0 mins, 0 secs, 647 ms
INSERT 0 67
Time: 0 hrs, 0 mins, 7 secs, 688 ms
ANALYZE
Time: 0 hrs, 0 mins, 0 secs, 127 ms
 Total click_user bn_spider_ip records 
---------------------------------------
                                    67
(1 row)

Time: 0 hrs, 0 mins, 0 secs, 373 ms
CREATE TABLE
Time: 0 hrs, 0 mins, 1 secs, 225 ms
ANALYZE
Time: 0 hrs, 0 mins, 0 secs, 82 ms
CREATE TABLE
Time: 0 hrs, 0 mins, 1 secs, 612 ms
ANALYZE
Time: 0 hrs, 0 mins, 0 secs, 107 ms
DROP 
Time: 0 hrs, 0 mins, 0 secs, 331 ms
CREATE TABLE
Time: 0 hrs, 0 mins, 0 secs, 284 ms
 l_mean_sd_mpl | l_ratio 
---------------+---------
      1305.782 |   0.955
(1 row)

Time: 0 hrs, 0 mins, 0 secs, 94 ms
INSERT 0 8331010
Time: 0 hrs, 0 mins, 4 secs, 362 ms
ANALYZE
Time: 0 hrs, 0 mins, 0 secs, 403 ms
 Total ip_user_filter bn_spider_ip records 
-------------------------------------------
                                   8331010
(1 row)

Time: 0 hrs, 0 mins, 0 secs, 385 ms
TRUNCATE
Time: 0 hrs, 0 mins, 0 secs, 519 ms
INSERT 0 33083374
Time: 0 hrs, 0 mins, 42 secs, 791 ms
ANALYZE
Time: 0 hrs, 0 mins, 3 secs, 215 ms
 bn_hits_stage 
---------------
      33083374
(1 row)

Time: 0 hrs, 0 mins, 0 secs, 523 ms
INSERT 0 9202057
Time: 0 hrs, 0 mins, 31 secs, 998 ms
ANALYZE
Time: 0 hrs, 0 mins, 1 secs, 493 ms
 bn_hits_sp_20110110 
---------------------
            24980728
(1 row)

Time: 0 hrs, 0 mins, 9 secs, 636 ms
END
Time: 0 hrs, 0 mins, 1 secs, 849 ms

Wed Jan 12 09:45:33 EST 2011

Timing is on.
BEGIN
Time: 0 hrs, 0 mins, 0 secs, 769 ms

           600 - LOAD RESOURCES

SET
Time: 0 hrs, 0 mins, 0 secs, 14 ms
CREATE TABLE
Time: 0 hrs, 0 mins, 11 secs, 256 ms
ANALYZE
Time: 0 hrs, 0 mins, 0 secs, 463 ms
 tmp_a_count 
-------------
      220669
(1 row)

Time: 0 hrs, 0 mins, 0 secs, 127 ms
UPDATE 0
Time: 0 hrs, 0 mins, 1 secs, 999 ms
ANALYZE
Time: 0 hrs, 0 mins, 0 secs, 824 ms
TRUNCATE
Time: 0 hrs, 0 mins, 0 secs, 812 ms
INSERT 0 47092
Time: 0 hrs, 0 mins, 5 secs, 766 ms
ANALYZE
Time: 0 hrs, 0 mins, 0 secs, 988 ms
 first_resource_id | last_resource_id 
-------------------+------------------
          12214311 |         12261402
(1 row)

Time: 0 hrs, 0 mins, 0 secs, 209 ms
INSERT 0 47092
Time: 0 hrs, 0 mins, 1 secs, 828 ms
 total_resources 
-----------------
        12237026
(1 row)

Time: 0 hrs, 0 mins, 0 secs, 338 ms
ANALYZE
Time: 0 hrs, 0 mins, 0 secs, 556 ms
END
Time: 0 hrs, 0 mins, 4 secs, 228 ms
VACUUM
Time: 0 hrs, 0 mins, 18 secs, 101 ms

Wed Jan 12 09:46:21 EST 2011

Timing is on.

           650 - LOAD_BN_SESSION_STAGE

BEGIN
Time: 0 hrs, 0 mins, 1 secs, 31 ms
SET
Time: 0 hrs, 0 mins, 0 secs, 14 ms
CREATE TABLE
Time: 0 hrs, 1 mins, 46 secs, 428 ms
ANALYZE
Time: 0 hrs, 0 mins, 2 secs, 238 ms
TRUNCATE
Time: 0 hrs, 0 mins, 0 secs, 930 ms
INSERT 0 4858562
Time: 0 hrs, 0 mins, 57 secs, 733 ms
ANALYZE
Time: 0 hrs, 0 mins, 1 secs, 577 ms
CREATE TABLE
Time: 0 hrs, 0 mins, 28 secs, 198 ms
ANALYZE
Time: 0 hrs, 0 mins, 0 secs, 236 ms
CREATE TABLE
Time: 0 hrs, 0 mins, 45 secs, 967 ms
ANALYZE
Time: 0 hrs, 0 mins, 0 secs, 793 ms
TRUNCATE
Time: 0 hrs, 0 mins, 0 secs, 605 ms
INSERT 0 4858562
Time: 0 hrs, 19 mins, 19 secs, 316 ms
 bn_session_stage 
------------------
          4858562
(1 row)

Time: 0 hrs, 0 mins, 1 secs, 13 ms
ANALYZE
Time: 0 hrs, 0 mins, 1 secs, 770 ms
TRUNCATE
Time: 0 hrs, 0 mins, 0 secs, 826 ms
END
Time: 0 hrs, 0 mins, 3 secs, 657 ms

Wed Jan 12 10:09:54 EST 2011

BEGIN

           660 - LOAD_BN_SESSION_UPDATE_STAGE

SET
INSERT 0 0
END

Wed Jan 12 10:10:00 EST 2011

Timing is on.

           670 - LOAD_BN_SESSION_20110110.UPDATES

BEGIN
Time: 0 hrs, 0 mins, 0 secs, 605 ms
SET
Time: 0 hrs, 0 mins, 0 secs, 14 ms
UPDATE 0
Time: 0 hrs, 0 mins, 0 secs, 507 ms
END
Time: 0 hrs, 0 mins, 1 secs, 615 ms
VACUUM
Time: 0 hrs, 0 mins, 5 secs, 304 ms

Wed Jan 12 10:10:08 EST 2011

Timing is on.

           700 - LOAD_BN_SESSION

BEGIN
Time: 0 hrs, 0 mins, 0 secs, 630 ms
SET
Time: 0 hrs, 0 mins, 0 secs, 10 ms
INSERT 0 4858562
Time: 0 hrs, 0 mins, 8 secs, 464 ms
ANALYZE
Time: 0 hrs, 0 mins, 1 secs, 279 ms
END
Time: 0 hrs, 0 mins, 1 secs, 602 ms

Wed Jan 12 10:10:20 EST 2011

Timing is on.

            750 - LOAD_BN_SESSION_SUMMARY   

BEGIN
Time: 0 hrs, 0 mins, 0 secs, 983 ms
SET
Time: 0 hrs, 0 mins, 0 secs, 11 ms
CREATE TABLE
Time: 0 hrs, 0 mins, 9 secs, 36 ms
TRUNCATE
Time: 0 hrs, 0 mins, 0 secs, 865 ms
INSERT 0 329776
Time: 0 hrs, 0 mins, 4 secs, 278 ms
ANALYZE
Time: 0 hrs, 0 mins, 0 secs, 748 ms
 count(1) 
----------
   329776
(1 row)

Time: 0 hrs, 0 mins, 0 secs, 88 ms
END
Time: 0 hrs, 0 mins, 0 secs, 941 ms

Wed Jan 12 10:10:38 EST 2011

Timing is on.

           800 - LOAD_BN_HITS

BEGIN
Time: 0 hrs, 0 mins, 0 secs, 759 ms
SET
Time: 0 hrs, 0 mins, 0 secs, 11 ms
TRUNCATE
Time: 0 hrs, 0 mins, 0 secs, 533 ms
INSERT 0 33083374
Time: 0 hrs, 13 mins, 47 secs, 644 ms
 count(1) 
----------
 33083374
(1 row)

Time: 0 hrs, 0 mins, 0 secs, 727 ms
ANALYZE
Time: 0 hrs, 0 mins, 2 secs, 889 ms
END
Time: 0 hrs, 0 mins, 8 secs, 187 ms

Wed Jan 12 10:24:39 EST 2011

Timing is on.

            900 - LOAD_CLICKSTREAM   

BEGIN
Time: 0 hrs, 0 mins, 0 secs, 735 ms
SET
Time: 0 hrs, 0 mins, 0 secs, 12 ms
TRUNCATE
Time: 0 hrs, 0 mins, 3 secs, 430 ms
INSERT 0 33083374
Time: 0 hrs, 6 mins, 48 secs, 216 ms
 count(1) 
----------
 33083374
(1 row)

Time: 0 hrs, 0 mins, 0 secs, 395 ms
ANALYZE
Time: 0 hrs, 0 mins, 1 secs, 186 ms
END
Time: 0 hrs, 0 mins, 18 secs, 800 ms

Wed Jan 12 10:31:52 EST 2011

Timing is on.

            1000 - PAGE_VIEW_SUMMARY  

BEGIN
Time: 0 hrs, 0 mins, 1 secs, 288 ms
SET
Time: 0 hrs, 0 mins, 0 secs, 11 ms
TRUNCATE
Time: 0 hrs, 1 mins, 21 secs, 686 ms
INSERT 0 232300
Time: 0 hrs, 0 mins, 5 secs, 261 ms
 count(1) 
----------
   232300
(1 row)

Time: 0 hrs, 0 mins, 0 secs, 112 ms
ANALYZE
Time: 0 hrs, 0 mins, 0 secs, 96 ms
END
Time: 0 hrs, 0 mins, 1 secs, 237 ms
Wed Jan 12 10:33:21 EST 2011
Removing lock file and waiting for a minute
