Checking for lock file /tmp/.iislock
Acquired lock file /tmp/.iislock
-------------------------------------
Processing for 20110728
-------------------------------------

Fri Jul 29 04:33:00 EDT 2011

Timing is on.

           000 - INIT

BEGIN
Time: 0 hrs, 0 mins, 1 secs, 133 ms
*** Truncating staging tables before workflow starts ***
SET
Time: 0 hrs, 0 mins, 0 secs, 13 ms
GRANT
Time: 0 hrs, 0 mins, 1 secs, 819 ms
END
Time: 0 hrs, 0 mins, 3 secs, 932 ms

Fri Jul 29 04:33:07 EDT 2011

Timing is on.

            200 - LOAD_BN_IISLOGS   

BEGIN
Time: 0 hrs, 0 mins, 0 secs, 770 ms
SET
Time: 0 hrs, 0 mins, 0 secs, 11 ms
TRUNCATE
Time: 0 hrs, 0 mins, 1 secs, 85 ms
INSERT 0 57522353
Time: 0 hrs, 8 mins, 14 secs, 235 ms
END
Time: 0 hrs, 0 mins, 9 secs, 454 ms
ALTER TABLE
Time: 0 hrs, 4 mins, 55 secs, 42 ms

Fri Jul 29 04:46:28 EDT 2011

Timing is on.
BEGIN
Time: 0 hrs, 0 mins, 1 secs, 137 ms
SET
Time: 0 hrs, 0 mins, 0 secs, 10 ms

            250 - LOAD_BN_HITS_SP   

TRUNCATE
Time: 0 hrs, 0 mins, 1 secs, 240 ms
INSERT 0 21965313
Time: 0 hrs, 2 mins, 39 secs, 549 ms
ANALYZE
Time: 0 hrs, 0 mins, 4 secs, 664 ms
END
Time: 0 hrs, 0 mins, 1 secs, 208 ms

Fri Jul 29 04:49:16 EDT 2011

Timing is on.
BEGIN
Time: 0 hrs, 0 mins, 1 secs, 251 ms
SET
Time: 0 hrs, 0 mins, 0 secs, 12 ms

           300 - DYNAMIC FILTER

TRUNCATE
Time: 0 hrs, 0 mins, 0 secs, 383 ms
INSERT 0 16367602
Time: 0 hrs, 0 mins, 2 secs, 550 ms
ANALYZE
Time: 0 hrs, 0 mins, 0 secs, 561 ms
 Total records in web_click_cnt 
--------------------------------
                       16367602
(1 row)

Time: 0 hrs, 0 mins, 0 secs, 318 ms
CREATE TABLE
Time: 0 hrs, 0 mins, 2 secs, 925 ms
ANALYZE
Time: 0 hrs, 0 mins, 0 secs, 83 ms
CREATE TABLE
Time: 0 hrs, 0 mins, 1 secs, 5 ms
ANALYZE
Time: 0 hrs, 0 mins, 0 secs, 84 ms
DELETE 1
Time: 0 hrs, 0 mins, 0 secs, 490 ms
INSERT 0 1
Time: 0 hrs, 0 mins, 0 secs, 726 ms
DELETE 1
Time: 0 hrs, 0 mins, 0 secs, 103 ms
INSERT 0 1
Time: 0 hrs, 0 mins, 4 secs, 199 ms
CREATE TABLE
Time: 0 hrs, 0 mins, 7 secs, 793 ms
ANALYZE
Time: 0 hrs, 0 mins, 0 secs, 111 ms
CREATE TABLE
Time: 0 hrs, 0 mins, 1 secs, 188 ms
ANALYZE
Time: 0 hrs, 0 mins, 0 secs, 123 ms
DELETE 1
Time: 0 hrs, 0 mins, 0 secs, 388 ms
INSERT 0 1
Time: 0 hrs, 0 mins, 3 secs, 171 ms
DELETE 1
Time: 0 hrs, 0 mins, 0 secs, 168 ms
INSERT 0 1
Time: 0 hrs, 0 mins, 2 secs, 622 ms
ANALYZE
Time: 0 hrs, 0 mins, 0 secs, 217 ms
    tablename     |    attr_name    | attr_value 
------------------+-----------------+------------
 BN_FILTER_SPIDER | CLK_USER_SD_MPL | 10
 BN_FILTER_SPIDER | IP_USER_SD_MPL  | 1
 BN_FILTER_SPIDER | IP_USER_RATIO   | .955
 BN_FILTER_SPIDER | CLK_USER_MEAN   | 11.435
 BN_FILTER_SPIDER | CLK_USER_SD     | 60.513
 BN_FILTER_SPIDER | IP_USER_MEAN    | 18.746
 BN_FILTER_SPIDER | IP_USER_SD      | 1485.472
(7 rows)

Time: 0 hrs, 0 mins, 0 secs, 753 ms
CREATE TABLE
Time: 0 hrs, 0 mins, 7 secs, 244 ms
CREATE TABLE
Time: 0 hrs, 0 mins, 0 secs, 824 ms
 l_mean_sd_mpl 
---------------
       616.565
(1 row)

Time: 0 hrs, 0 mins, 0 secs, 377 ms
TRUNCATE
Time: 0 hrs, 0 mins, 2 secs, 47 ms
INSERT 0 248
Time: 0 hrs, 0 mins, 10 secs, 942 ms
ANALYZE
Time: 0 hrs, 0 mins, 0 secs, 447 ms
 Total click_user bn_spider_ip records 
---------------------------------------
                                   248
(1 row)

Time: 0 hrs, 0 mins, 0 secs, 660 ms
CREATE TABLE
Time: 0 hrs, 0 mins, 3 secs, 208 ms
ANALYZE
Time: 0 hrs, 0 mins, 0 secs, 94 ms
CREATE TABLE
Time: 0 hrs, 0 mins, 3 secs, 198 ms
ANALYZE
Time: 0 hrs, 0 mins, 0 secs, 107 ms
DROP 
Time: 0 hrs, 0 mins, 0 secs, 219 ms
CREATE TABLE
Time: 0 hrs, 0 mins, 0 secs, 836 ms
 l_mean_sd_mpl | l_ratio 
---------------+---------
      1504.218 |   0.955
(1 row)

Time: 0 hrs, 0 mins, 0 secs, 446 ms
INSERT 0 14050296
Time: 0 hrs, 0 mins, 7 secs, 824 ms
ANALYZE
Time: 0 hrs, 0 mins, 0 secs, 426 ms
 Total ip_user_filter bn_spider_ip records 
-------------------------------------------
                                  14050296
(1 row)

Time: 0 hrs, 0 mins, 0 secs, 414 ms
TRUNCATE
Time: 0 hrs, 0 mins, 0 secs, 590 ms
INSERT 0 15663167
Time: 0 hrs, 0 mins, 25 secs, 801 ms
ANALYZE
Time: 0 hrs, 0 mins, 5 secs, 450 ms
 bn_hits_stage 
---------------
      15663167
(1 row)

Time: 0 hrs, 0 mins, 0 secs, 412 ms
INSERT 0 14583383
Time: 0 hrs, 0 mins, 52 secs, 736 ms
ANALYZE
Time: 0 hrs, 0 mins, 4 secs, 69 ms
 bn_hits_sp_20110728 
---------------------
            36548696
(1 row)

Time: 0 hrs, 0 mins, 10 secs, 922 ms
TRUNCATE
Time: 0 hrs, 0 mins, 3 secs, 884 ms
INSERT 0 5310490
Time: 0 hrs, 0 mins, 5 secs, 605 ms
ANALYZE
Time: 0 hrs, 0 mins, 3 secs, 537 ms
 bn_hits_client_20110728 
-------------------------
                 5310490
(1 row)

Time: 0 hrs, 0 mins, 0 secs, 579 ms
END
Time: 0 hrs, 0 mins, 10 secs, 481 ms

Fri Jul 29 04:52:31 EDT 2011

Timing is on.
BEGIN
Time: 0 hrs, 0 mins, 1 secs, 762 ms

           600 - LOAD RESOURCES

SET
Time: 0 hrs, 0 mins, 0 secs, 15 ms
CREATE TABLE
Time: 0 hrs, 0 mins, 39 secs, 986 ms
ANALYZE
Time: 0 hrs, 0 mins, 2 secs, 366 ms
 tmp_a_count 
-------------
      481841
(1 row)

Time: 0 hrs, 0 mins, 1 secs, 48 ms
UPDATE 0
Time: 0 hrs, 0 mins, 8 secs, 162 ms
ANALYZE
Time: 0 hrs, 0 mins, 1 secs, 92 ms
TRUNCATE
Time: 0 hrs, 0 mins, 1 secs, 705 ms
INSERT 0 218716
Time: 0 hrs, 0 mins, 46 secs, 540 ms
ANALYZE
Time: 0 hrs, 0 mins, 0 secs, 842 ms
 first_resource_id | last_resource_id 
-------------------+------------------
          29497325 |         29716040
(1 row)

Time: 0 hrs, 0 mins, 1 secs, 30 ms
INSERT 0 218716
Time: 0 hrs, 0 mins, 4 secs, 262 ms
 total_resources 
-----------------
        29691644
(1 row)

Time: 0 hrs, 0 mins, 0 secs, 836 ms
ANALYZE
Time: 0 hrs, 0 mins, 0 secs, 990 ms
END
Time: 0 hrs, 0 mins, 41 secs, 263 ms
VACUUM
Time: 0 hrs, 1 mins, 50 secs, 305 ms

Fri Jul 29 04:56:54 EDT 2011

Timing is on.

           650 - LOAD_BN_SESSION_STAGE

BEGIN
Time: 0 hrs, 0 mins, 2 secs, 202 ms
SET
Time: 0 hrs, 0 mins, 0 secs, 10 ms
SET
Time: 0 hrs, 0 mins, 0 secs, 30 ms
CREATE TABLE
Time: 0 hrs, 0 mins, 51 secs, 326 ms
ANALYZE
Time: 0 hrs, 0 mins, 7 secs, 400 ms
 tmp_sessionized_stage 
-----------------------
              15663167
(1 row)

Time: 0 hrs, 0 mins, 5 secs, 575 ms
TRUNCATE
Time: 0 hrs, 0 mins, 1 secs, 753 ms
INSERT 0 2075419
Time: 0 hrs, 0 mins, 36 secs, 755 ms
ANALYZE
Time: 0 hrs, 0 mins, 0 secs, 689 ms
CREATE TABLE
Time: 0 hrs, 1 mins, 50 secs, 698 ms
CREATE INDEX
Time: 0 hrs, 0 mins, 1 secs, 20 ms
 tmp_first_last 
----------------
        2075419
(1 row)

Time: 0 hrs, 0 mins, 0 secs, 373 ms
ANALYZE
Time: 0 hrs, 0 mins, 1 secs, 31 ms
SET
Time: 0 hrs, 0 mins, 0 secs, 73 ms
SET
Time: 0 hrs, 0 mins, 0 secs, 23 ms
TRUNCATE
Time: 0 hrs, 0 mins, 2 secs, 637 ms
DROP
Time: 0 hrs, 0 mins, 0 secs, 368 ms
INSERT 0 2075419
Time: 0 hrs, 0 mins, 6 secs, 901 ms
 bn_session_stage 
------------------
          2075419
(1 row)

Time: 0 hrs, 0 mins, 3 secs, 42 ms
CREATE INDEX
Time: 0 hrs, 0 mins, 3 secs, 222 ms
ANALYZE
Time: 0 hrs, 0 mins, 1 secs, 878 ms
TRUNCATE
Time: 0 hrs, 0 mins, 3 secs, 479 ms
END
Time: 0 hrs, 1 mins, 27 secs, 486 ms

Fri Jul 29 05:02:22 EDT 2011

BEGIN

           660 - LOAD_BN_SESSION_UPDATE_STAGE

SET
TRUNCATE
INSERT 0 0
END

Fri Jul 29 05:04:28 EDT 2011

Timing is on.

           670 - LOAD_BN_SESSION_20110728.UPDATES

BEGIN
Time: 0 hrs, 0 mins, 1 secs, 759 ms
SET
Time: 0 hrs, 0 mins, 0 secs, 10 ms
UPDATE 0
Time: 0 hrs, 0 mins, 1 secs, 389 ms
END
Time: 0 hrs, 0 mins, 29 secs, 519 ms
VACUUM
Time: 0 hrs, 3 mins, 17 secs, 365 ms

Fri Jul 29 05:08:19 EDT 2011

Timing is on.

           700 - LOAD_BN_SESSION

BEGIN
Time: 0 hrs, 0 mins, 2 secs, 888 ms
SET
Time: 0 hrs, 0 mins, 0 secs, 13 ms
INSERT 0 2075419
Time: 0 hrs, 0 mins, 16 secs, 674 ms
ANALYZE
Time: 0 hrs, 0 mins, 1 secs, 473 ms
END
Time: 0 hrs, 0 mins, 5 secs, 510 ms

Fri Jul 29 05:08:45 EDT 2011

Timing is on.

            750 - LOAD_BN_SESSION_SUMMARY   

BEGIN
Time: 0 hrs, 0 mins, 1 secs, 349 ms
SET
Time: 0 hrs, 0 mins, 0 secs, 11 ms
CREATE TABLE
Time: 0 hrs, 0 mins, 15 secs, 491 ms
TRUNCATE
Time: 0 hrs, 0 mins, 1 secs, 174 ms
INSERT 0 285477
Time: 0 hrs, 0 mins, 5 secs, 859 ms
ANALYZE
Time: 0 hrs, 0 mins, 0 secs, 899 ms
 count(1) 
----------
   285477
(1 row)

Time: 0 hrs, 0 mins, 0 secs, 505 ms
END
Time: 0 hrs, 0 mins, 4 secs, 834 ms

Fri Jul 29 05:09:16 EDT 2011

Timing is on.

           800 - LOAD_BN_HITS

BEGIN
Time: 0 hrs, 0 mins, 4 secs, 563 ms
SET
Time: 0 hrs, 0 mins, 0 secs, 9 ms
SET
Time: 0 hrs, 0 mins, 0 secs, 39 ms
SET
Time: 0 hrs, 0 mins, 0 secs, 35 ms
SET
Time: 0 hrs, 0 mins, 0 secs, 49 ms
TRUNCATE
Time: 0 hrs, 0 mins, 1 secs, 210 ms
INSERT 0 15663167
Time: 0 hrs, 0 mins, 11 secs, 23 ms
 count(1) 
----------
 15663167
(1 row)

Time: 0 hrs, 0 mins, 1 secs, 119 ms
ANALYZE
Time: 0 hrs, 0 mins, 4 secs, 152 ms
END
Time: 0 hrs, 0 mins, 15 secs, 80 ms

Fri Jul 29 05:09:53 EDT 2011

Timing is on.

            900 - LOAD_CLICKSTREAM   

BEGIN
Time: 0 hrs, 0 mins, 1 secs, 850 ms
SET
Time: 0 hrs, 0 mins, 0 secs, 9 ms
TRUNCATE
Time: 0 hrs, 0 mins, 1 secs, 430 ms
INSERT 0 15663167
Time: 0 hrs, 1 mins, 46 secs, 549 ms
 count(1) 
----------
 15663167
(1 row)

Time: 0 hrs, 0 mins, 0 secs, 382 ms
ANALYZE
Time: 0 hrs, 0 mins, 1 secs, 173 ms
END
Time: 0 hrs, 0 mins, 11 secs, 498 ms

Fri Jul 29 05:11:57 EDT 2011

Timing is on.

            1000 - PAGE_VIEW_SUMMARY  

BEGIN
Time: 0 hrs, 0 mins, 1 secs, 8 ms
SET
Time: 0 hrs, 0 mins, 0 secs, 11 ms
SET
Time: 0 hrs, 0 mins, 0 secs, 20 ms
TRUNCATE
Time: 0 hrs, 0 mins, 0 secs, 411 ms
INSERT 0 493149
Time: 0 hrs, 0 mins, 6 secs, 625 ms
 count(1) 
----------
   493149
(1 row)

Time: 0 hrs, 0 mins, 0 secs, 566 ms
ANALYZE
Time: 0 hrs, 0 mins, 0 secs, 166 ms
END
Time: 0 hrs, 0 mins, 6 secs, 453 ms

Fri Jul 29 05:12:12 EDT 2011


2000 - WRAP UP 

Timing is on.
BEGIN
Time: 0 hrs, 0 mins, 0 secs, 988 ms
TRUNCATE
Time: 0 hrs, 0 mins, 0 secs, 693 ms
TRUNCATE
Time: 0 hrs, 0 mins, 1 secs, 205 ms
END
Time: 0 hrs, 0 mins, 4 secs, 567 ms
Fri Jul 29 05:12:20 EDT 2011
Removing lock file and waiting for a minute
Total time taken:  40  minutes.
Running time of run.sh 20110728: 2420 seconds
Checking for lock file /tmp/.iislock
Acquired lock file /tmp/.iislock
-------------------------------------
Processing for 20110728
-------------------------------------

Sat Jul 30 08:22:13 EDT 2011

Timing is on.

           000 - INIT

BEGIN
Time: 0 hrs, 0 mins, 6 secs, 253 ms
*** Truncating staging tables before workflow starts ***
SET
Time: 0 hrs, 0 mins, 0 secs, 9 ms
GRANT
Time: 0 hrs, 0 mins, 7 secs, 421 ms
END
Time: 0 hrs, 0 mins, 8 secs, 791 ms

Sat Jul 30 08:22:36 EDT 2011

Timing is on.

            200 - LOAD_BN_IISLOGS   

BEGIN
Time: 0 hrs, 0 mins, 4 secs, 831 ms
SET
Time: 0 hrs, 0 mins, 0 secs, 13 ms
TRUNCATE
Time: 0 hrs, 0 mins, 0 secs, 899 ms
INSERT 0 76621935
Time: 0 hrs, 13 mins, 12 secs, 833 ms
END
Time: 0 hrs, 0 mins, 44 secs, 715 ms
ALTER TABLE
Time: 0 hrs, 0 mins, 51 secs, 428 ms

Sat Jul 30 08:37:31 EDT 2011

Timing is on.
BEGIN
Time: 0 hrs, 0 mins, 6 secs, 402 ms
SET
Time: 0 hrs, 0 mins, 0 secs, 11 ms

            250 - LOAD_BN_HITS_SP   

TRUNCATE
Time: 0 hrs, 0 mins, 4 secs, 870 ms
INSERT 0 28964612
Time: 0 hrs, 5 mins, 5 secs, 893 ms
ANALYZE
Time: 0 hrs, 0 mins, 23 secs, 170 ms
END
Time: 0 hrs, 0 mins, 36 secs, 413 ms

Sat Jul 30 08:43:48 EDT 2011

Timing is on.
BEGIN
Time: 0 hrs, 0 mins, 2 secs, 615 ms
SET
Time: 0 hrs, 0 mins, 0 secs, 10 ms

           300 - DYNAMIC FILTER

TRUNCATE
Time: 0 hrs, 0 mins, 2 secs, 286 ms
INSERT 0 20721813
Time: 0 hrs, 0 mins, 50 secs, 87 ms
ANALYZE
Time: 0 hrs, 0 mins, 2 secs, 933 ms
 Total records in web_click_cnt 
--------------------------------
                       20721813
(1 row)

Time: 0 hrs, 0 mins, 1 secs, 297 ms
CREATE TABLE
Time: 0 hrs, 0 mins, 13 secs, 585 ms
ANALYZE
Time: 0 hrs, 0 mins, 0 secs, 125 ms
CREATE TABLE
Time: 0 hrs, 0 mins, 5 secs, 678 ms
ANALYZE
Time: 0 hrs, 0 mins, 0 secs, 121 ms
DELETE 1
Time: 0 hrs, 0 mins, 0 secs, 575 ms
INSERT 0 1
Time: 0 hrs, 0 mins, 5 secs, 888 ms
DELETE 1
Time: 0 hrs, 0 mins, 0 secs, 114 ms
INSERT 0 1
Time: 0 hrs, 0 mins, 1 secs, 805 ms
CREATE TABLE
Time: 0 hrs, 0 mins, 7 secs, 505 ms
ANALYZE
Time: 0 hrs, 0 mins, 0 secs, 532 ms
CREATE TABLE
Time: 0 hrs, 0 mins, 5 secs, 284 ms
ANALYZE
Time: 0 hrs, 0 mins, 2 secs, 290 ms
DELETE 1
Time: 0 hrs, 0 mins, 0 secs, 151 ms
INSERT 0 1
Time: 0 hrs, 0 mins, 5 secs, 839 ms
DELETE 1
Time: 0 hrs, 0 mins, 0 secs, 123 ms
INSERT 0 1
Time: 0 hrs, 0 mins, 0 secs, 905 ms
ANALYZE
Time: 0 hrs, 0 mins, 0 secs, 558 ms
    tablename     |    attr_name    | attr_value 
------------------+-----------------+------------
 BN_FILTER_SPIDER | CLK_USER_SD_MPL | 10
 BN_FILTER_SPIDER | IP_USER_SD_MPL  | 1
 BN_FILTER_SPIDER | IP_USER_RATIO   | .955
 BN_FILTER_SPIDER | CLK_USER_MEAN   | 11.950
 BN_FILTER_SPIDER | CLK_USER_SD     | 62.777
 BN_FILTER_SPIDER | IP_USER_MEAN    | 18.063
 BN_FILTER_SPIDER | IP_USER_SD      | 1644.166
(7 rows)

Time: 0 hrs, 0 mins, 0 secs, 520 ms
CREATE TABLE
Time: 0 hrs, 0 mins, 17 secs, 36 ms
CREATE TABLE
Time: 0 hrs, 0 mins, 4 secs, 717 ms
 l_mean_sd_mpl 
---------------
       639.720
(1 row)

Time: 0 hrs, 0 mins, 2 secs, 89 ms
TRUNCATE
Time: 0 hrs, 0 mins, 4 secs, 721 ms
INSERT 0 326
Time: 0 hrs, 2 mins, 15 secs, 207 ms
ANALYZE
Time: 0 hrs, 0 mins, 0 secs, 816 ms
 Total click_user bn_spider_ip records 
---------------------------------------
                                   326
(1 row)

Time: 0 hrs, 0 mins, 0 secs, 796 ms
CREATE TABLE
Time: 0 hrs, 0 mins, 13 secs, 459 ms
ANALYZE
Time: 0 hrs, 0 mins, 0 secs, 235 ms
CREATE TABLE
Time: 0 hrs, 0 mins, 21 secs, 275 ms
ANALYZE
Time: 0 hrs, 0 mins, 0 secs, 241 ms
DROP 
Time: 0 hrs, 0 mins, 0 secs, 275 ms
CREATE TABLE
Time: 0 hrs, 0 mins, 9 secs, 127 ms
 l_mean_sd_mpl | l_ratio 
---------------+---------
      1662.229 |   0.955
(1 row)

Time: 0 hrs, 0 mins, 1 secs, 724 ms
INSERT 0 17772232
Time: 0 hrs, 0 mins, 33 secs, 318 ms
ANALYZE
Time: 0 hrs, 0 mins, 0 secs, 788 ms
 Total ip_user_filter bn_spider_ip records 
-------------------------------------------
                                  17772232
(1 row)

Time: 0 hrs, 0 mins, 1 secs, 272 ms
TRUNCATE
Time: 0 hrs, 0 mins, 6 secs, 21 ms
INSERT 0 21108958
Time: 0 hrs, 2 mins, 20 secs, 169 ms
ANALYZE
Time: 0 hrs, 0 mins, 21 secs, 469 ms
 bn_hits_stage 
---------------
      21108958
(1 row)

Time: 0 hrs, 0 mins, 7 secs, 779 ms
INSERT 0 18481296
Time: 0 hrs, 2 mins, 16 secs, 793 ms
ANALYZE
Time: 0 hrs, 0 mins, 45 secs, 805 ms
 bn_hits_sp_20110728 
---------------------
            47445908
(1 row)

Time: 0 hrs, 0 mins, 10 secs, 838 ms
TRUNCATE
Time: 0 hrs, 0 mins, 3 secs, 111 ms
INSERT 0 8067069
Time: 0 hrs, 0 mins, 12 secs, 434 ms
ANALYZE
Time: 0 hrs, 0 mins, 6 secs, 354 ms
 bn_hits_client_20110728 
-------------------------
                 8067069
(1 row)

Time: 0 hrs, 0 mins, 0 secs, 711 ms
END
Time: 0 hrs, 1 mins, 45 secs, 439 ms

Sat Jul 30 08:58:03 EDT 2011

Timing is on.
BEGIN
Time: 0 hrs, 0 mins, 1 secs, 850 ms

           600 - LOAD RESOURCES

SET
Time: 0 hrs, 0 mins, 0 secs, 10 ms
CREATE TABLE
Time: 0 hrs, 1 mins, 13 secs, 694 ms
ANALYZE
Time: 0 hrs, 0 mins, 9 secs, 831 ms
 tmp_a_count 
-------------
      607076
(1 row)

Time: 0 hrs, 0 mins, 0 secs, 604 ms
UPDATE 0
Time: 0 hrs, 0 mins, 9 secs, 747 ms
ANALYZE
Time: 0 hrs, 0 mins, 1 secs, 499 ms
TRUNCATE
Time: 0 hrs, 0 mins, 2 secs, 595 ms
INSERT 0 112763
Time: 0 hrs, 0 mins, 36 secs, 866 ms
ANALYZE
Time: 0 hrs, 0 mins, 2 secs, 158 ms
 first_resource_id | last_resource_id 
-------------------+------------------
          29768720 |         29881482
(1 row)

Time: 0 hrs, 0 mins, 0 secs, 812 ms
INSERT 0 112763
Time: 0 hrs, 0 mins, 3 secs, 3 ms
 total_resources 
-----------------
        29857086
(1 row)

Time: 0 hrs, 0 mins, 5 secs, 290 ms
ANALYZE
Time: 0 hrs, 0 mins, 1 secs, 465 ms
END
Time: 0 hrs, 1 mins, 45 secs, 590 ms
VACUUM
Time: 0 hrs, 1 mins, 7 secs, 468 ms

Sat Jul 30 09:03:25 EDT 2011

Timing is on.

           650 - LOAD_BN_SESSION_STAGE

BEGIN
Time: 0 hrs, 0 mins, 3 secs, 543 ms
SET
Time: 0 hrs, 0 mins, 0 secs, 75 ms
SET
Time: 0 hrs, 0 mins, 0 secs, 46 ms
CREATE TABLE
Time: 0 hrs, 1 mins, 55 secs, 819 ms
ANALYZE
Time: 0 hrs, 0 mins, 20 secs, 356 ms
 tmp_sessionized_stage 
-----------------------
              21108958
(1 row)

Time: 0 hrs, 0 mins, 10 secs, 29 ms
TRUNCATE
Time: 0 hrs, 0 mins, 2 secs, 168 ms
INSERT 0 2672598
Time: 0 hrs, 1 mins, 57 secs, 298 ms
ANALYZE
Time: 0 hrs, 0 mins, 2 secs, 955 ms
CREATE TABLE
Time: 0 hrs, 11 mins, 41 secs, 573 ms
CREATE INDEX
Time: 0 hrs, 0 mins, 3 secs, 959 ms
 tmp_first_last 
----------------
        2672598
(1 row)

Time: 0 hrs, 0 mins, 1 secs, 11 ms
ANALYZE
Time: 0 hrs, 0 mins, 1 secs, 341 ms
SET
Time: 0 hrs, 0 mins, 0 secs, 18 ms
SET
Time: 0 hrs, 0 mins, 0 secs, 21 ms
TRUNCATE
Time: 0 hrs, 0 mins, 2 secs, 572 ms
DROP
Time: 0 hrs, 0 mins, 0 secs, 489 ms
INSERT 0 2672598
Time: 0 hrs, 0 mins, 24 secs, 673 ms
 bn_session_stage 
------------------
          2672598
(1 row)

Time: 0 hrs, 0 mins, 9 secs, 598 ms
CREATE INDEX
Time: 0 hrs, 0 mins, 5 secs, 152 ms
ANALYZE
Time: 0 hrs, 0 mins, 3 secs, 119 ms
TRUNCATE
Time: 0 hrs, 0 mins, 5 secs, 991 ms
END
Time: 0 hrs, 4 mins, 24 secs, 925 ms

Sat Jul 30 09:25:03 EDT 2011

BEGIN

           660 - LOAD_BN_SESSION_UPDATE_STAGE

SET
TRUNCATE
INSERT 0 0
END

Sat Jul 30 09:26:13 EDT 2011

Timing is on.

           670 - LOAD_BN_SESSION_20110728.UPDATES

BEGIN
Time: 0 hrs, 0 mins, 2 secs, 560 ms
SET
Time: 0 hrs, 0 mins, 0 secs, 11 ms
UPDATE 0
Time: 0 hrs, 0 mins, 4 secs, 240 ms
END
Time: 0 hrs, 2 mins, 16 secs, 534 ms
VACUUM
Time: 0 hrs, 1 mins, 21 secs, 95 ms

Sat Jul 30 09:29:57 EDT 2011

Timing is on.

           700 - LOAD_BN_SESSION

BEGIN
Time: 0 hrs, 0 mins, 1 secs, 130 ms
SET
Time: 0 hrs, 0 mins, 0 secs, 10 ms
INSERT 0 2672598
Time: 0 hrs, 1 mins, 13 secs, 487 ms
ANALYZE
Time: 0 hrs, 0 mins, 2 secs, 219 ms
END
Time: 0 hrs, 0 mins, 32 secs, 602 ms

Sat Jul 30 09:31:47 EDT 2011

Timing is on.

            750 - LOAD_BN_SESSION_SUMMARY   

BEGIN
Time: 0 hrs, 0 mins, 3 secs, 390 ms
SET
Time: 0 hrs, 0 mins, 0 secs, 11 ms
CREATE TABLE
Time: 0 hrs, 3 mins, 13 secs, 688 ms
TRUNCATE
Time: 0 hrs, 0 mins, 22 secs, 272 ms
INSERT 0 347029
Time: 0 hrs, 0 mins, 9 secs, 652 ms
ANALYZE
Time: 0 hrs, 0 mins, 1 secs, 188 ms
 count(1) 
----------
   347029
(1 row)

Time: 0 hrs, 0 mins, 0 secs, 598 ms
END
Time: 0 hrs, 0 mins, 42 secs, 625 ms

Sat Jul 30 09:36:21 EDT 2011

Timing is on.

           800 - LOAD_BN_HITS

BEGIN
Time: 0 hrs, 0 mins, 1 secs, 29 ms
SET
Time: 0 hrs, 0 mins, 0 secs, 11 ms
SET
Time: 0 hrs, 0 mins, 0 secs, 22 ms
SET
Time: 0 hrs, 0 mins, 0 secs, 30 ms
SET
Time: 0 hrs, 0 mins, 0 secs, 21 ms
TRUNCATE
Time: 0 hrs, 0 mins, 7 secs, 239 ms
INSERT 0 21108958
Time: 0 hrs, 0 mins, 39 secs, 524 ms
 count(1) 
----------
 21108958
(1 row)

Time: 0 hrs, 0 mins, 2 secs, 568 ms
ANALYZE
Time: 0 hrs, 0 mins, 4 secs, 450 ms
END
Time: 0 hrs, 0 mins, 25 secs, 203 ms

Sat Jul 30 09:37:41 EDT 2011

Timing is on.

            900 - LOAD_CLICKSTREAM   

BEGIN
Time: 0 hrs, 0 mins, 3 secs, 408 ms
SET
Time: 0 hrs, 0 mins, 0 secs, 10 ms
TRUNCATE
Time: 0 hrs, 0 mins, 10 secs, 581 ms
INSERT 0 21108958
Time: 0 hrs, 7 mins, 6 secs, 342 ms
 count(1) 
----------
 21108958
(1 row)

Time: 0 hrs, 0 mins, 1 secs, 163 ms
ANALYZE
Time: 0 hrs, 0 mins, 2 secs, 21 ms
END
Time: 0 hrs, 1 mins, 16 secs, 775 ms

Sat Jul 30 09:46:22 EDT 2011

Timing is on.

            1000 - PAGE_VIEW_SUMMARY  

BEGIN
Time: 0 hrs, 0 mins, 2 secs, 47 ms
SET
Time: 0 hrs, 0 mins, 0 secs, 8 ms
SET
Time: 0 hrs, 0 mins, 0 secs, 58 ms
TRUNCATE
Time: 0 hrs, 0 mins, 8 secs, 122 ms
INSERT 0 621148
Time: 0 hrs, 5 mins, 27 secs, 516 ms
 count(1) 
----------
   621148
(1 row)

Time: 0 hrs, 0 mins, 0 secs, 580 ms
ANALYZE
Time: 0 hrs, 0 mins, 0 secs, 604 ms
END
Time: 0 hrs, 0 mins, 38 secs, 425 ms

Sat Jul 30 09:52:39 EDT 2011


2000 - WRAP UP 

Timing is on.
BEGIN
Time: 0 hrs, 0 mins, 5 secs, 166 ms
TRUNCATE
Time: 0 hrs, 0 mins, 9 secs, 205 ms
TRUNCATE
Time: 0 hrs, 0 mins, 2 secs, 364 ms
END
Time: 0 hrs, 0 mins, 15 secs, 799 ms
Sat Jul 30 09:53:12 EDT 2011
Removing lock file and waiting for a minute
Total time taken:  91  minutes.
Running time of run.sh 20110728: 91 minutes
