Acquired lock file 
deleting simple.htm records - these are just server testing...
DELETE 6083283
-------------------------------------
Processing for 20110828
-------------------------------------

Mon Aug 29 05:21:46 EDT 2011

Timing is on.

           000 - INIT

BEGIN
Time: 0 hrs, 0 mins, 4 secs, 505 ms
*** Truncating staging tables before workflow starts ***
SET
Time: 0 hrs, 0 mins, 0 secs, 11 ms
GRANT
Time: 0 hrs, 0 mins, 13 secs, 702 ms
END
Time: 0 hrs, 0 mins, 5 secs, 519 ms

Mon Aug 29 05:22:10 EDT 2011

Timing is on.

            200 - LOAD_BN_IISLOGS   

BEGIN
Time: 0 hrs, 0 mins, 4 secs, 326 ms
SET
Time: 0 hrs, 0 mins, 0 secs, 7 ms
TRUNCATE
Time: 0 hrs, 0 mins, 3 secs, 177 ms
INSERT 0 57263445
Time: 0 hrs, 11 mins, 26 secs, 551 ms
END
Time: 0 hrs, 1 mins, 24 secs, 942 ms
ALTER TABLE
Time: 0 hrs, 7 mins, 32 secs, 634 ms

Mon Aug 29 05:42:42 EDT 2011

Timing is on.
BEGIN
Time: 0 hrs, 0 mins, 1 secs, 128 ms
SET
Time: 0 hrs, 0 mins, 0 secs, 21 ms

            250 - LOAD_BN_HITS_SP   

TRUNCATE
Time: 0 hrs, 0 mins, 7 secs, 252 ms
INSERT 0 21705472
Time: 0 hrs, 4 mins, 17 secs, 145 ms
ANALYZE
Time: 0 hrs, 0 mins, 3 secs, 768 ms
END
Time: 0 hrs, 0 mins, 13 secs, 374 ms

Mon Aug 29 05:47:25 EDT 2011

Timing is on.
BEGIN
Time: 0 hrs, 0 mins, 1 secs, 427 ms
SET
Time: 0 hrs, 0 mins, 0 secs, 19 ms

           300 - DYNAMIC FILTER

TRUNCATE
Time: 0 hrs, 0 mins, 0 secs, 495 ms
INSERT 0 15390043
Time: 0 hrs, 0 mins, 7 secs, 36 ms
ANALYZE
Time: 0 hrs, 0 mins, 0 secs, 672 ms
 Total records in web_click_cnt 
--------------------------------
                       15390043
(1 row)

Time: 0 hrs, 0 mins, 0 secs, 624 ms
CREATE TABLE
Time: 0 hrs, 1 mins, 23 secs, 449 ms
ANALYZE
Time: 0 hrs, 0 mins, 0 secs, 110 ms
CREATE TABLE
Time: 0 hrs, 0 mins, 1 secs, 208 ms
ANALYZE
Time: 0 hrs, 0 mins, 0 secs, 135 ms
DELETE 1
Time: 0 hrs, 0 mins, 0 secs, 575 ms
INSERT 0 1
Time: 0 hrs, 0 mins, 0 secs, 806 ms
DELETE 1
Time: 0 hrs, 0 mins, 0 secs, 292 ms
INSERT 0 1
Time: 0 hrs, 0 mins, 0 secs, 658 ms
CREATE TABLE
Time: 0 hrs, 0 mins, 3 secs, 706 ms
ANALYZE
Time: 0 hrs, 0 mins, 0 secs, 94 ms
CREATE TABLE
Time: 0 hrs, 0 mins, 0 secs, 628 ms
ANALYZE
Time: 0 hrs, 0 mins, 0 secs, 139 ms
DELETE 1
Time: 0 hrs, 0 mins, 0 secs, 106 ms
INSERT 0 1
Time: 0 hrs, 0 mins, 0 secs, 614 ms
DELETE 1
Time: 0 hrs, 0 mins, 0 secs, 113 ms
INSERT 0 1
Time: 0 hrs, 0 mins, 1 secs, 236 ms
ANALYZE
Time: 0 hrs, 0 mins, 0 secs, 213 ms
    tablename     |    attr_name    | attr_value 
------------------+-----------------+------------
 BN_FILTER_SPIDER | CLK_USER_SD_MPL | 10
 BN_FILTER_SPIDER | IP_USER_SD_MPL  | 1
 BN_FILTER_SPIDER | IP_USER_RATIO   | .955
 BN_FILTER_SPIDER | CLK_USER_MEAN   | 12.249
 BN_FILTER_SPIDER | CLK_USER_SD     | 43.705
 BN_FILTER_SPIDER | IP_USER_MEAN    | 17.517
 BN_FILTER_SPIDER | IP_USER_SD      | 1381.756
(7 rows)

Time: 0 hrs, 0 mins, 0 secs, 424 ms
CREATE TABLE
Time: 0 hrs, 0 mins, 7 secs, 269 ms
CREATE TABLE
Time: 0 hrs, 0 mins, 0 secs, 855 ms
 l_mean_sd_mpl 
---------------
       449.299
(1 row)

Time: 0 hrs, 0 mins, 0 secs, 211 ms
TRUNCATE
Time: 0 hrs, 0 mins, 1 secs, 298 ms
INSERT 0 408
Time: 0 hrs, 0 mins, 9 secs, 101 ms
ANALYZE
Time: 0 hrs, 0 mins, 1 secs, 248 ms
 Total click_user bn_spider_ip records 
---------------------------------------
                                   408
(1 row)

Time: 0 hrs, 0 mins, 1 secs, 6 ms
CREATE TABLE
Time: 0 hrs, 0 mins, 2 secs, 780 ms
ANALYZE
Time: 0 hrs, 0 mins, 0 secs, 69 ms
CREATE TABLE
Time: 0 hrs, 0 mins, 4 secs, 30 ms
ANALYZE
Time: 0 hrs, 0 mins, 0 secs, 121 ms
DROP 
Time: 0 hrs, 0 mins, 0 secs, 251 ms
CREATE TABLE
Time: 0 hrs, 0 mins, 2 secs, 616 ms
 l_mean_sd_mpl | l_ratio 
---------------+---------
      1399.273 |   0.955
(1 row)

Time: 0 hrs, 0 mins, 0 secs, 828 ms
INSERT 0 13088681
Time: 0 hrs, 0 mins, 9 secs, 19 ms
ANALYZE
Time: 0 hrs, 0 mins, 0 secs, 306 ms
 Total ip_user_filter bn_spider_ip records 
-------------------------------------------
                                  13088681
(1 row)

Time: 0 hrs, 0 mins, 0 secs, 747 ms
TRUNCATE
Time: 0 hrs, 0 mins, 2 secs, 833 ms
INSERT 0 16249116
Time: 0 hrs, 0 mins, 28 secs, 280 ms
ANALYZE
Time: 0 hrs, 0 mins, 4 secs, 582 ms
 bn_hits_stage 
---------------
      16249116
(1 row)

Time: 0 hrs, 0 mins, 1 secs, 63 ms
INSERT 0 13747828
Time: 0 hrs, 0 mins, 39 secs, 940 ms
ANALYZE
Time: 0 hrs, 0 mins, 7 secs, 243 ms
 bn_hits_sp_20110828 
---------------------
            35453300
(1 row)

Time: 0 hrs, 0 mins, 16 secs, 432 ms
TRUNCATE
Time: 0 hrs, 0 mins, 1 secs, 943 ms
INSERT 0 5561029
Time: 0 hrs, 0 mins, 7 secs, 546 ms
ANALYZE
Time: 0 hrs, 0 mins, 2 secs, 876 ms
 bn_hits_client_20110828 
-------------------------
                 5561029
(1 row)

Time: 0 hrs, 0 mins, 0 secs, 416 ms
END
Time: 0 hrs, 0 mins, 12 secs, 97 ms

Mon Aug 29 05:51:57 EDT 2011

Timing is on.
BEGIN
Time: 0 hrs, 0 mins, 1 secs, 594 ms

           600 - LOAD RESOURCES

SET
Time: 0 hrs, 0 mins, 0 secs, 14 ms
CREATE TABLE
Time: 0 hrs, 0 mins, 30 secs, 58 ms
ANALYZE
Time: 0 hrs, 0 mins, 3 secs, 656 ms
 tmp_a_count 
-------------
      424135
(1 row)

Time: 0 hrs, 0 mins, 0 secs, 684 ms
UPDATE 0
Time: 0 hrs, 0 mins, 5 secs, 707 ms
ANALYZE
Time: 0 hrs, 0 mins, 0 secs, 804 ms
TRUNCATE
Time: 0 hrs, 0 mins, 0 secs, 709 ms
INSERT 0 157332
Time: 0 hrs, 0 mins, 26 secs, 917 ms
ANALYZE
Time: 0 hrs, 0 mins, 2 secs, 660 ms
 first_resource_id | last_resource_id 
-------------------+------------------
          39289685 |         39447016
(1 row)

Time: 0 hrs, 0 mins, 1 secs, 446 ms
INSERT 0 157332
Time: 0 hrs, 0 mins, 5 secs, 857 ms
 total_resources 
-----------------
        39422613
(1 row)

Time: 0 hrs, 0 mins, 0 secs, 923 ms
ANALYZE
Time: 0 hrs, 0 mins, 1 secs, 101 ms
END
Time: 0 hrs, 1 mins, 30 secs, 393 ms
VACUUM
Time: 0 hrs, 2 mins, 49 secs, 674 ms

Mon Aug 29 05:57:40 EDT 2011

Timing is on.

           650 - LOAD_BN_SESSION_STAGE

BEGIN
Time: 0 hrs, 0 mins, 1 secs, 305 ms
SET
Time: 0 hrs, 0 mins, 0 secs, 18 ms
SET
Time: 0 hrs, 0 mins, 0 secs, 26 ms
CREATE TABLE
Time: 0 hrs, 1 mins, 24 secs, 438 ms
ANALYZE
Time: 0 hrs, 0 mins, 10 secs, 417 ms
 tmp_sessionized_stage 
-----------------------
              16249116
(1 row)

Time: 0 hrs, 0 mins, 1 secs, 686 ms
TRUNCATE
Time: 0 hrs, 0 mins, 2 secs, 131 ms
INSERT 0 2040122
Time: 0 hrs, 0 mins, 34 secs, 231 ms
ANALYZE
Time: 0 hrs, 0 mins, 0 secs, 983 ms
CREATE TABLE
Time: 0 hrs, 2 mins, 2 secs, 487 ms
CREATE INDEX
Time: 0 hrs, 0 mins, 5 secs, 909 ms
 tmp_first_last 
----------------
        2040122
(1 row)

Time: 0 hrs, 0 mins, 0 secs, 943 ms
ANALYZE
Time: 0 hrs, 0 mins, 1 secs, 850 ms
SET
Time: 0 hrs, 0 mins, 0 secs, 28 ms
SET
Time: 0 hrs, 0 mins, 0 secs, 27 ms
TRUNCATE
Time: 0 hrs, 0 mins, 10 secs, 106 ms
DROP
Time: 0 hrs, 0 mins, 1 secs, 887 ms
INSERT 0 2040122
Time: 0 hrs, 0 mins, 7 secs, 711 ms
 bn_session_stage 
------------------
          2040122
(1 row)

Time: 0 hrs, 0 mins, 3 secs, 901 ms
CREATE INDEX
Time: 0 hrs, 0 mins, 4 secs, 131 ms
ANALYZE
Time: 0 hrs, 0 mins, 2 secs, 232 ms
TRUNCATE
Time: 0 hrs, 0 mins, 4 secs, 408 ms
END
Time: 0 hrs, 2 mins, 51 secs, 265 ms

Mon Aug 29 06:05:32 EDT 2011

BEGIN

           660 - LOAD_BN_SESSION_UPDATE_STAGE

SET
TRUNCATE
INSERT 0 0
END

Mon Aug 29 06:09:36 EDT 2011

Timing is on.

           670 - LOAD_BN_SESSION_20110828.UPDATES

BEGIN
Time: 0 hrs, 0 mins, 3 secs, 92 ms
SET
Time: 0 hrs, 0 mins, 0 secs, 16 ms
UPDATE 0
Time: 0 hrs, 0 mins, 0 secs, 593 ms
END
Time: 0 hrs, 1 mins, 31 secs, 128 ms
VACUUM
Time: 0 hrs, 2 mins, 7 secs, 62 ms

Mon Aug 29 06:13:18 EDT 2011

Timing is on.

           700 - LOAD_BN_SESSION

BEGIN
Time: 0 hrs, 0 mins, 2 secs, 945 ms
SET
Time: 0 hrs, 0 mins, 0 secs, 13 ms
INSERT 0 2040122
Time: 0 hrs, 0 mins, 20 secs, 759 ms
ANALYZE
Time: 0 hrs, 0 mins, 0 secs, 993 ms
END
Time: 0 hrs, 2 mins, 6 secs, 726 ms

Mon Aug 29 06:15:50 EDT 2011

Timing is on.

            750 - LOAD_BN_SESSION_SUMMARY   

BEGIN
Time: 0 hrs, 0 mins, 0 secs, 986 ms
SET
Time: 0 hrs, 0 mins, 0 secs, 11 ms
CREATE TABLE
Time: 0 hrs, 0 mins, 27 secs, 571 ms
TRUNCATE
Time: 0 hrs, 0 mins, 0 secs, 591 ms
INSERT 0 258918
Time: 0 hrs, 0 mins, 5 secs, 660 ms
ANALYZE
Time: 0 hrs, 0 mins, 0 secs, 755 ms
 count(1) 
----------
   258918
(1 row)

Time: 0 hrs, 0 mins, 0 secs, 298 ms
END
Time: 0 hrs, 0 mins, 3 secs, 846 ms

Mon Aug 29 06:16:30 EDT 2011

Timing is on.

           800 - LOAD_BN_HITS

BEGIN
Time: 0 hrs, 0 mins, 2 secs, 467 ms
SET
Time: 0 hrs, 0 mins, 0 secs, 10 ms
SET
Time: 0 hrs, 0 mins, 0 secs, 31 ms
SET
Time: 0 hrs, 0 mins, 0 secs, 36 ms
SET
Time: 0 hrs, 0 mins, 0 secs, 30 ms
TRUNCATE
Time: 0 hrs, 0 mins, 1 secs, 329 ms
INSERT 0 16249116
Time: 0 hrs, 0 mins, 12 secs, 667 ms
 count(1) 
----------
 16249116
(1 row)

Time: 0 hrs, 0 mins, 1 secs, 253 ms
ANALYZE
Time: 0 hrs, 0 mins, 4 secs, 426 ms
END
Time: 0 hrs, 0 mins, 8 secs, 979 ms

Mon Aug 29 06:17:01 EDT 2011

Timing is on.

            900 - LOAD_CLICKSTREAM   

BEGIN
Time: 0 hrs, 0 mins, 1 secs, 700 ms
SET
Time: 0 hrs, 0 mins, 0 secs, 13 ms
TRUNCATE
Time: 0 hrs, 0 mins, 4 secs, 625 ms
INSERT 0 16249116
Time: 0 hrs, 7 mins, 12 secs, 567 ms
 count(1) 
----------
 16249116
(1 row)

Time: 0 hrs, 0 mins, 1 secs, 651 ms
ANALYZE
Time: 0 hrs, 0 mins, 1 secs, 491 ms
END
Time: 0 hrs, 2 mins, 24 secs, 883 ms

Mon Aug 29 06:26:49 EDT 2011

Timing is on.

            1000 - PAGE_VIEW_SUMMARY  

BEGIN
Time: 0 hrs, 0 mins, 2 secs, 548 ms
SET
Time: 0 hrs, 0 mins, 0 secs, 12 ms
SET
Time: 0 hrs, 0 mins, 0 secs, 26 ms
TRUNCATE
Time: 0 hrs, 0 mins, 1 secs, 565 ms
INSERT 0 448171
Time: 0 hrs, 0 mins, 9 secs, 371 ms
 count(1) 
----------
   448171
(1 row)

Time: 0 hrs, 0 mins, 0 secs, 294 ms
ANALYZE
Time: 0 hrs, 0 mins, 0 secs, 207 ms
END
Time: 0 hrs, 2 mins, 16 secs, 911 ms

Mon Aug 29 06:29:20 EDT 2011


2000 - WRAP UP 

Timing is on.
BEGIN
Time: 0 hrs, 0 mins, 0 secs, 827 ms
TRUNCATE
Time: 0 hrs, 0 mins, 1 secs, 87 ms
TRUNCATE
Time: 0 hrs, 0 mins, 0 secs, 681 ms
END
Time: 0 hrs, 0 mins, 31 secs, 483 ms
Mon Aug 29 06:29:54 EDT 2011
Removing lock file and waiting for a minute
rm: missing operand
Try `rm --help' for more information.
Total time taken:  70  minutes.
Running time of run.sh 20110828: 4251 seconds
Acquired lock file 
deleting simple.htm records - these are just server testing...
DELETE 14
-------------------------------------
Processing for 20110828
-------------------------------------

Tue Aug 30 09:25:34 EDT 2011

Timing is on.

           000 - INIT

BEGIN
Time: 0 hrs, 0 mins, 3 secs, 77 ms
*** Truncating staging tables before workflow starts ***
SET
Time: 0 hrs, 0 mins, 0 secs, 16 ms
GRANT
Time: 0 hrs, 0 mins, 16 secs, 194 ms
END
Time: 0 hrs, 0 mins, 10 secs, 993 ms

Tue Aug 30 09:26:04 EDT 2011

Timing is on.

            200 - LOAD_BN_IISLOGS   

BEGIN
Time: 0 hrs, 0 mins, 1 secs, 935 ms
SET
Time: 0 hrs, 0 mins, 0 secs, 23 ms
TRUNCATE
Time: 0 hrs, 0 mins, 4 secs, 371 ms
INSERT 0 76130162
Time: 0 hrs, 19 mins, 9 secs, 723 ms
END
Time: 0 hrs, 5 mins, 53 secs, 417 ms
ALTER TABLE
Time: 0 hrs, 5 mins, 15 secs, 932 ms

Tue Aug 30 09:56:30 EDT 2011

Timing is on.
BEGIN
Time: 0 hrs, 1 mins, 33 secs, 997 ms
SET
Time: 0 hrs, 0 mins, 0 secs, 53 ms

            250 - LOAD_BN_HITS_SP   

TRUNCATE
Time: 0 hrs, 0 mins, 12 secs, 997 ms
INSERT 0 29378833
Time: 0 hrs, 6 mins, 55 secs, 455 ms
ANALYZE
Time: 0 hrs, 0 mins, 38 secs, 862 ms
END
Time: 0 hrs, 2 mins, 45 secs, 472 ms

Tue Aug 30 10:08:37 EDT 2011

Timing is on.
BEGIN
Time: 0 hrs, 0 mins, 8 secs, 683 ms
SET
Time: 0 hrs, 0 mins, 0 secs, 26 ms

           300 - DYNAMIC FILTER

TRUNCATE
Time: 0 hrs, 0 mins, 2 secs, 125 ms
INSERT 0 18793031
Time: 0 hrs, 0 mins, 38 secs, 438 ms
ANALYZE
Time: 0 hrs, 0 mins, 2 secs, 422 ms
 Total records in web_click_cnt 
--------------------------------
                       18793031
(1 row)

Time: 0 hrs, 0 mins, 3 secs, 142 ms
CREATE TABLE
Time: 0 hrs, 1 mins, 23 secs, 875 ms
ANALYZE
Time: 0 hrs, 0 mins, 0 secs, 195 ms
CREATE TABLE
Time: 0 hrs, 0 mins, 1 secs, 942 ms
ANALYZE
Time: 0 hrs, 0 mins, 0 secs, 201 ms
DELETE 1
Time: 0 hrs, 0 mins, 0 secs, 454 ms
INSERT 0 1
Time: 0 hrs, 0 mins, 1 secs, 234 ms
DELETE 1
Time: 0 hrs, 0 mins, 0 secs, 108 ms
INSERT 0 1
Time: 0 hrs, 0 mins, 2 secs, 684 ms
CREATE TABLE
Time: 0 hrs, 4 mins, 10 secs, 983 ms
ANALYZE
Time: 0 hrs, 0 mins, 0 secs, 207 ms
CREATE TABLE
Time: 0 hrs, 0 mins, 12 secs, 732 ms
ANALYZE
Time: 0 hrs, 0 mins, 1 secs, 13 ms
DELETE 1
Time: 0 hrs, 0 mins, 0 secs, 912 ms
INSERT 0 1
Time: 0 hrs, 0 mins, 2 secs, 754 ms
DELETE 1
Time: 0 hrs, 0 mins, 0 secs, 508 ms
INSERT 0 1
Time: 0 hrs, 0 mins, 8 secs, 470 ms
ANALYZE
Time: 0 hrs, 0 mins, 0 secs, 638 ms
    tablename     |    attr_name    | attr_value 
------------------+-----------------+------------
 BN_FILTER_SPIDER | CLK_USER_SD_MPL | 10
 BN_FILTER_SPIDER | IP_USER_SD_MPL  | 1
 BN_FILTER_SPIDER | IP_USER_RATIO   | .955
 BN_FILTER_SPIDER | CLK_USER_MEAN   | 12.687
 BN_FILTER_SPIDER | CLK_USER_SD     | 50.517
 BN_FILTER_SPIDER | IP_USER_MEAN    | 16.479
 BN_FILTER_SPIDER | IP_USER_SD      | 1454.477
(7 rows)

Time: 0 hrs, 0 mins, 2 secs, 742 ms
CREATE TABLE
Time: 0 hrs, 2 mins, 58 secs, 80 ms
CREATE TABLE
Time: 0 hrs, 0 mins, 4 secs, 144 ms
 l_mean_sd_mpl 
---------------
       517.857
(1 row)

Time: 0 hrs, 0 mins, 1 secs, 875 ms
TRUNCATE
Time: 0 hrs, 0 mins, 5 secs, 555 ms
INSERT 0 442
Time: 0 hrs, 2 mins, 55 secs, 34 ms
ANALYZE
Time: 0 hrs, 0 mins, 1 secs, 269 ms
 Total click_user bn_spider_ip records 
---------------------------------------
                                   442
(1 row)

Time: 0 hrs, 0 mins, 3 secs, 289 ms
CREATE TABLE
Time: 0 hrs, 0 mins, 58 secs, 960 ms
ANALYZE
Time: 0 hrs, 0 mins, 3 secs, 600 ms
CREATE TABLE
Time: 0 hrs, 0 mins, 58 secs, 807 ms
ANALYZE
Time: 0 hrs, 0 mins, 7 secs, 821 ms
DROP 
Time: 0 hrs, 0 mins, 0 secs, 627 ms
CREATE TABLE
Time: 0 hrs, 0 mins, 7 secs, 561 ms
 l_mean_sd_mpl | l_ratio 
---------------+---------
      1470.956 |   0.955
(1 row)

Time: 0 hrs, 0 mins, 3 secs, 185 ms
INSERT 0 15840420
Time: 0 hrs, 0 mins, 20 secs, 912 ms
ANALYZE
Time: 0 hrs, 0 mins, 0 secs, 427 ms
 Total ip_user_filter bn_spider_ip records 
-------------------------------------------
                                  15840420
(1 row)

Time: 0 hrs, 0 mins, 2 secs, 335 ms
TRUNCATE
Time: 0 hrs, 0 mins, 6 secs, 216 ms
INSERT 0 21921074
Time: 0 hrs, 1 mins, 23 secs, 706 ms
ANALYZE
Time: 0 hrs, 0 mins, 12 secs, 88 ms
 bn_hits_stage 
---------------
      21921074
(1 row)

Time: 0 hrs, 0 mins, 4 secs, 261 ms
INSERT 0 16692357
Time: 0 hrs, 23 mins, 32 secs, 62 ms
ANALYZE
Time: 0 hrs, 10 mins, 6 secs, 294 ms
 bn_hits_sp_20110828 
---------------------
            46071190
(1 row)

Time: 0 hrs, 1 mins, 55 secs, 113 ms
TRUNCATE
Time: 0 hrs, 0 mins, 8 secs, 474 ms
INSERT 0 8137898
Time: 0 hrs, 0 mins, 58 secs, 407 ms
ANALYZE
Time: 0 hrs, 0 mins, 4 secs, 971 ms
 bn_hits_client_20110828 
-------------------------
                 8137898
(1 row)

Time: 0 hrs, 0 mins, 4 secs, 379 ms
END
Time: 0 hrs, 1 mins, 12 secs, 972 ms

Tue Aug 30 11:04:27 EDT 2011

Timing is on.
BEGIN
Time: 0 hrs, 0 mins, 40 secs, 599 ms

           600 - LOAD RESOURCES

SET
Time: 0 hrs, 0 mins, 0 secs, 29 ms
CREATE TABLE
Time: 0 hrs, 13 mins, 52 secs, 902 ms
ANALYZE
Time: 0 hrs, 0 mins, 18 secs, 315 ms
 tmp_a_count 
-------------
      540407
(1 row)

Time: 0 hrs, 0 mins, 5 secs, 555 ms
UPDATE 0
Time: 0 hrs, 0 mins, 18 secs, 121 ms
ANALYZE
Time: 0 hrs, 0 mins, 5 secs, 188 ms
TRUNCATE
Time: 0 hrs, 0 mins, 9 secs, 467 ms
INSERT 0 53760
Time: 0 hrs, 7 mins, 55 secs, 477 ms
ANALYZE
Time: 0 hrs, 0 mins, 1 secs, 239 ms
 first_resource_id | last_resource_id 
-------------------+------------------
          39687195 |         39740954
(1 row)

Time: 0 hrs, 0 mins, 0 secs, 947 ms
INSERT 0 53760
Time: 0 hrs, 1 mins, 52 secs, 703 ms
 total_resources 
-----------------
        39716551
(1 row)

Time: 0 hrs, 0 mins, 4 secs, 513 ms
ANALYZE
Time: 0 hrs, 0 mins, 1 secs, 600 ms
END
Time: 0 hrs, 5 mins, 6 secs, 484 ms
VACUUM
Time: 0 hrs, 8 mins, 1 secs, 737 ms

Tue Aug 30 11:43:02 EDT 2011

Timing is on.

           650 - LOAD_BN_SESSION_STAGE

BEGIN
Time: 0 hrs, 2 mins, 6 secs, 311 ms
SET
Time: 0 hrs, 0 mins, 0 secs, 29 ms
SET
Time: 0 hrs, 0 mins, 2 secs, 518 ms
CREATE TABLE
Time: 0 hrs, 1 mins, 30 secs, 132 ms
ANALYZE
Time: 0 hrs, 0 mins, 5 secs, 577 ms
 tmp_sessionized_stage 
-----------------------
              21921074
(1 row)

Time: 0 hrs, 0 mins, 1 secs, 84 ms
TRUNCATE
Time: 0 hrs, 0 mins, 3 secs, 117 ms
INSERT 0 2635986
Time: 0 hrs, 0 mins, 47 secs, 237 ms
ANALYZE
Time: 0 hrs, 0 mins, 3 secs, 622 ms
CREATE TABLE
Time: 0 hrs, 4 mins, 1 secs, 185 ms
CREATE INDEX
Time: 0 hrs, 0 mins, 2 secs, 876 ms
 tmp_first_last 
----------------
        2635986
(1 row)

Time: 0 hrs, 0 mins, 7 secs, 826 ms
ANALYZE
Time: 0 hrs, 0 mins, 11 secs, 183 ms
SET
Time: 0 hrs, 0 mins, 1 secs, 567 ms
SET
Time: 0 hrs, 0 mins, 0 secs, 244 ms
TRUNCATE
Time: 0 hrs, 0 mins, 27 secs, 968 ms
DROP
Time: 0 hrs, 0 mins, 2 secs, 6 ms
INSERT 0 2635986
Time: 0 hrs, 2 mins, 45 secs, 542 ms
 bn_session_stage 
------------------
          2635986
(1 row)

Time: 0 hrs, 0 mins, 11 secs, 615 ms
CREATE INDEX
Time: 0 hrs, 0 mins, 18 secs, 889 ms
ANALYZE
Time: 0 hrs, 0 mins, 2 secs, 863 ms
TRUNCATE
Time: 0 hrs, 0 mins, 6 secs, 245 ms
END
Time: 0 hrs, 1 mins, 13 secs, 71 ms

Tue Aug 30 11:57:15 EDT 2011

BEGIN

           660 - LOAD_BN_SESSION_UPDATE_STAGE

SET
TRUNCATE
INSERT 0 0
END

Tue Aug 30 11:58:29 EDT 2011

Timing is on.

           670 - LOAD_BN_SESSION_20110828.UPDATES

BEGIN
Time: 0 hrs, 0 mins, 6 secs, 697 ms
SET
Time: 0 hrs, 0 mins, 0 secs, 40 ms
UPDATE 0
Time: 0 hrs, 0 mins, 2 secs, 31 ms
END
Time: 0 hrs, 0 mins, 28 secs, 500 ms
VACUUM
Time: 0 hrs, 3 mins, 35 secs, 525 ms

Tue Aug 30 12:02:43 EDT 2011

Timing is on.

           700 - LOAD_BN_SESSION

BEGIN
Time: 0 hrs, 0 mins, 11 secs, 424 ms
SET
Time: 0 hrs, 0 mins, 0 secs, 21 ms
INSERT 0 2635986
Time: 0 hrs, 1 mins, 47 secs, 554 ms
ANALYZE
Time: 0 hrs, 0 mins, 3 secs, 893 ms
END
Time: 0 hrs, 9 mins, 21 secs, 128 ms

Tue Aug 30 12:14:07 EDT 2011

Timing is on.

            750 - LOAD_BN_SESSION_SUMMARY   

BEGIN
Time: 0 hrs, 0 mins, 20 secs, 427 ms
SET
Time: 0 hrs, 0 mins, 0 secs, 47 ms
CREATE TABLE
Time: 0 hrs, 1 mins, 14 secs, 23 ms
TRUNCATE
Time: 0 hrs, 0 mins, 6 secs, 463 ms
INSERT 0 320550
Time: 0 hrs, 0 mins, 25 secs, 371 ms
ANALYZE
Time: 0 hrs, 0 mins, 1 secs, 263 ms
 count(1) 
----------
   320550
(1 row)

Time: 0 hrs, 0 mins, 4 secs, 37 ms
END
Time: 0 hrs, 4 mins, 35 secs, 747 ms

Tue Aug 30 12:20:55 EDT 2011

Timing is on.

           800 - LOAD_BN_HITS

BEGIN
Time: 0 hrs, 0 mins, 40 secs, 967 ms
SET
Time: 0 hrs, 0 mins, 0 secs, 26 ms
SET
Time: 0 hrs, 0 mins, 0 secs, 888 ms
SET
Time: 0 hrs, 0 mins, 0 secs, 491 ms
SET
Time: 0 hrs, 0 mins, 0 secs, 33 ms
TRUNCATE
Time: 0 hrs, 0 mins, 2 secs, 191 ms
INSERT 0 21921074
Time: 0 hrs, 0 mins, 24 secs, 2 ms
 count(1) 
----------
 21921074
(1 row)

Time: 0 hrs, 0 mins, 1 secs, 707 ms
ANALYZE
Time: 0 hrs, 0 mins, 4 secs, 292 ms
END
Time: 0 hrs, 3 mins, 25 secs, 809 ms

Tue Aug 30 12:25:36 EDT 2011

Timing is on.

            900 - LOAD_CLICKSTREAM   

BEGIN
Time: 0 hrs, 0 mins, 5 secs, 708 ms
SET
Time: 0 hrs, 0 mins, 0 secs, 248 ms
TRUNCATE
Time: 0 hrs, 0 mins, 2 secs, 408 ms
INSERT 0 21921074
Time: 0 hrs, 7 mins, 48 secs, 872 ms
 count(1) 
----------
 21921074
(1 row)

Time: 0 hrs, 0 mins, 2 secs, 194 ms
ANALYZE
Time: 0 hrs, 0 mins, 6 secs, 625 ms
END
Time: 0 hrs, 1 mins, 16 secs, 336 ms

Tue Aug 30 12:34:58 EDT 2011

Timing is on.

            1000 - PAGE_VIEW_SUMMARY  

BEGIN
Time: 0 hrs, 0 mins, 5 secs, 951 ms
SET
Time: 0 hrs, 0 mins, 0 secs, 23 ms
SET
Time: 0 hrs, 0 mins, 0 secs, 243 ms
TRUNCATE
Time: 0 hrs, 0 mins, 1 secs, 27 ms
INSERT 0 567699
Time: 0 hrs, 6 mins, 43 secs, 387 ms
 count(1) 
----------
   567699
(1 row)

Time: 0 hrs, 0 mins, 2 secs, 228 ms
ANALYZE
Time: 0 hrs, 0 mins, 1 secs, 633 ms
END
Time: 0 hrs, 0 mins, 34 secs, 192 ms

Tue Aug 30 12:42:27 EDT 2011


2000 - WRAP UP 

Timing is on.
BEGIN
Time: 0 hrs, 0 mins, 14 secs, 616 ms
TRUNCATE
Time: 0 hrs, 0 mins, 4 secs, 666 ms
TRUNCATE
Time: 0 hrs, 0 mins, 3 secs, 734 ms
END
Time: 0 hrs, 0 mins, 46 secs, 824 ms
Tue Aug 30 12:43:37 EDT 2011
Removing lock file and waiting for a minute
rm: missing operand
Try `rm --help' for more information.
Total time taken:  200  minutes.
Running time of run.sh 20110828: 200 minutes
