Checking for lock file /tmp/.iislock
Acquired lock file /tmp/.iislock
-------------------------------------
Processing for 20110312
-------------------------------------

Sun Mar 13 05:41:34 EDT 2011

Timing is on.

           000 - INIT

BEGIN
Time: 0 hrs, 0 mins, 2 secs, 598 ms
*** Truncating staging tables before workflow starts ***
SET
Time: 0 hrs, 0 mins, 0 secs, 11 ms
GRANT
Time: 0 hrs, 0 mins, 9 secs, 661 ms
END
Time: 0 hrs, 0 mins, 10 secs, 538 ms

Sun Mar 13 05:41:57 EDT 2011

Timing is on.

            200 - LOAD_BN_IISLOGS   

BEGIN
Time: 0 hrs, 0 mins, 2 secs, 435 ms
SET
Time: 0 hrs, 0 mins, 0 secs, 10 ms
TRUNCATE
Time: 0 hrs, 0 mins, 2 secs, 685 ms
INSERT 0 37487825
Time: 0 hrs, 6 mins, 53 secs, 754 ms
END
Time: 0 hrs, 0 mins, 18 secs, 685 ms
ALTER TABLE
Time: 0 hrs, 9 mins, 43 secs, 477 ms

Sun Mar 13 05:58:58 EDT 2011

Timing is on.
BEGIN
Time: 0 hrs, 0 mins, 1 secs, 10 ms
SET
Time: 0 hrs, 0 mins, 0 secs, 10 ms

            250 - LOAD_BN_HITS_SP   

TRUNCATE
Time: 0 hrs, 0 mins, 1 secs, 366 ms
INSERT 0 11713588
Time: 0 hrs, 1 mins, 58 secs, 485 ms
ANALYZE
Time: 0 hrs, 0 mins, 3 secs, 493 ms
END
Time: 0 hrs, 0 mins, 15 secs, 593 ms

Sun Mar 13 06:01:18 EDT 2011

Timing is on.
BEGIN
Time: 0 hrs, 0 mins, 0 secs, 947 ms
SET
Time: 0 hrs, 0 mins, 0 secs, 12 ms

           300 - DYNAMIC FILTER

TRUNCATE
Time: 0 hrs, 0 mins, 3 secs, 143 ms
INSERT 0 7356190
Time: 0 hrs, 0 mins, 5 secs, 852 ms
ANALYZE
Time: 0 hrs, 0 mins, 0 secs, 703 ms
 Total records in web_click_cnt 
--------------------------------
                        7356190
(1 row)

Time: 0 hrs, 0 mins, 0 secs, 726 ms
CREATE TABLE
Time: 0 hrs, 22 mins, 2 secs, 62 ms
ANALYZE
Time: 0 hrs, 0 mins, 0 secs, 129 ms
CREATE TABLE
Time: 0 hrs, 0 mins, 2 secs, 75 ms
ANALYZE
Time: 0 hrs, 0 mins, 0 secs, 72 ms
DELETE 1
Time: 0 hrs, 0 mins, 0 secs, 583 ms
INSERT 0 1
Time: 0 hrs, 0 mins, 2 secs, 987 ms
DELETE 1
Time: 0 hrs, 0 mins, 0 secs, 106 ms
INSERT 0 1
Time: 0 hrs, 0 mins, 1 secs, 986 ms
CREATE TABLE
Time: 0 hrs, 7 mins, 7 secs, 559 ms
ANALYZE
Time: 0 hrs, 0 mins, 0 secs, 92 ms
CREATE TABLE
Time: 0 hrs, 0 mins, 1 secs, 973 ms
ANALYZE
Time: 0 hrs, 0 mins, 0 secs, 70 ms
DELETE 1
Time: 0 hrs, 0 mins, 0 secs, 128 ms
INSERT 0 1
Time: 0 hrs, 0 mins, 0 secs, 599 ms
DELETE 1
Time: 0 hrs, 0 mins, 0 secs, 138 ms
INSERT 0 1
Time: 0 hrs, 0 mins, 0 secs, 787 ms
ANALYZE
Time: 0 hrs, 0 mins, 0 secs, 141 ms
    tablename     |    attr_name    | attr_value 
------------------+-----------------+------------
 BN_FILTER_SPIDER | CLK_USER_SD_MPL | 10
 BN_FILTER_SPIDER | IP_USER_SD_MPL  | 1
 BN_FILTER_SPIDER | IP_USER_RATIO   | .955
 BN_FILTER_SPIDER | CLK_USER_MEAN   | 15.798
 BN_FILTER_SPIDER | CLK_USER_SD     | 140.413
 BN_FILTER_SPIDER | IP_USER_MEAN    | 12.195
 BN_FILTER_SPIDER | IP_USER_SD      | 1621.186
(7 rows)

Time: 0 hrs, 0 mins, 1 secs, 437 ms
CREATE TABLE
Time: 0 hrs, 7 mins, 20 secs, 932 ms
CREATE TABLE
Time: 0 hrs, 0 mins, 1 secs, 980 ms
 l_mean_sd_mpl 
---------------
      1419.928
(1 row)

Time: 0 hrs, 0 mins, 0 secs, 926 ms
TRUNCATE
Time: 0 hrs, 0 mins, 3 secs, 626 ms
INSERT 0 37
Time: 0 hrs, 4 mins, 10 secs, 139 ms
ANALYZE
Time: 0 hrs, 0 mins, 0 secs, 112 ms
 Total click_user bn_spider_ip records 
---------------------------------------
                                    37
(1 row)

Time: 0 hrs, 0 mins, 1 secs, 228 ms
CREATE TABLE
Time: 0 hrs, 3 mins, 14 secs, 437 ms
ANALYZE
Time: 0 hrs, 0 mins, 0 secs, 344 ms
CREATE TABLE
Time: 0 hrs, 0 mins, 15 secs, 653 ms
ANALYZE
Time: 0 hrs, 0 mins, 0 secs, 103 ms
DROP 
Time: 0 hrs, 0 mins, 0 secs, 467 ms
CREATE TABLE
Time: 0 hrs, 0 mins, 0 secs, 669 ms
 l_mean_sd_mpl | l_ratio 
---------------+---------
      1633.381 |   0.955
(1 row)

Time: 0 hrs, 0 mins, 0 secs, 865 ms
INSERT 0 5827889
Time: 0 hrs, 0 mins, 4 secs, 113 ms
ANALYZE
Time: 0 hrs, 0 mins, 0 secs, 348 ms
 Total ip_user_filter bn_spider_ip records 
-------------------------------------------
                                   5827889
(1 row)

Time: 0 hrs, 0 mins, 0 secs, 385 ms
TRUNCATE
Time: 0 hrs, 0 mins, 1 secs, 228 ms
INSERT 0 13150168
Time: 0 hrs, 0 mins, 24 secs, 954 ms
ANALYZE
Time: 0 hrs, 0 mins, 4 secs, 985 ms
 bn_hits_stage 
---------------
      13150168
(1 row)

Time: 0 hrs, 0 mins, 0 secs, 489 ms
INSERT 0 7109501
Time: 0 hrs, 0 mins, 30 secs, 671 ms
ANALYZE
Time: 0 hrs, 0 mins, 9 secs, 129 ms
 bn_hits_sp_20110312 
---------------------
            18823089
(1 row)

Time: 0 hrs, 0 mins, 8 secs, 821 ms
TRUNCATE
Time: 0 hrs, 0 mins, 4 secs, 215 ms
INSERT 0 5514568
Time: 0 hrs, 0 mins, 7 secs, 211 ms
ANALYZE
Time: 0 hrs, 0 mins, 3 secs, 195 ms
 bn_hits_client_20110312 
-------------------------
                 5514568
(1 row)

Time: 0 hrs, 0 mins, 0 secs, 307 ms
END
Time: 0 hrs, 2 mins, 50 secs, 302 ms

Sun Mar 13 06:50:35 EDT 2011

Timing is on.
BEGIN
Time: 0 hrs, 0 mins, 0 secs, 739 ms

           600 - LOAD RESOURCES

SET
Time: 0 hrs, 0 mins, 0 secs, 14 ms
CREATE TABLE
Time: 0 hrs, 0 mins, 10 secs, 449 ms
ANALYZE
Time: 0 hrs, 0 mins, 0 secs, 622 ms
 tmp_a_count 
-------------
       28141
(1 row)

Time: 0 hrs, 0 mins, 0 secs, 115 ms
UPDATE 0
Time: 0 hrs, 0 mins, 2 secs, 39 ms
ANALYZE
Time: 0 hrs, 0 mins, 0 secs, 696 ms
TRUNCATE
Time: 0 hrs, 0 mins, 1 secs, 496 ms
INSERT 0 2819
Time: 0 hrs, 0 mins, 6 secs, 959 ms
ANALYZE
Time: 0 hrs, 0 mins, 0 secs, 351 ms
 first_resource_id | last_resource_id 
-------------------+------------------
          13010410 |         13013228
(1 row)

Time: 0 hrs, 0 mins, 0 secs, 451 ms
INSERT 0 2819
Time: 0 hrs, 0 mins, 0 secs, 397 ms
 total_resources 
-----------------
        12988833
(1 row)

Time: 0 hrs, 0 mins, 0 secs, 154 ms
ANALYZE
Time: 0 hrs, 0 mins, 0 secs, 667 ms
END
Time: 0 hrs, 0 mins, 23 secs, 790 ms
VACUUM
Time: 0 hrs, 0 mins, 34 secs, 726 ms

Sun Mar 13 06:51:59 EDT 2011

Timing is on.

           650 - LOAD_BN_SESSION_STAGE

BEGIN
Time: 0 hrs, 0 mins, 0 secs, 918 ms
SET
Time: 0 hrs, 0 mins, 0 secs, 13 ms
SET
Time: 0 hrs, 0 mins, 0 secs, 18 ms
CREATE TABLE
Time: 0 hrs, 0 mins, 38 secs, 31 ms
ANALYZE
Time: 0 hrs, 0 mins, 6 secs, 761 ms
 tmp_sessionized_stage 
-----------------------
              13150168
(1 row)

Time: 0 hrs, 0 mins, 2 secs, 410 ms
TRUNCATE
Time: 0 hrs, 0 mins, 5 secs, 80 ms
INSERT 0 1332049
Time: 0 hrs, 0 mins, 27 secs, 70 ms
ANALYZE
Time: 0 hrs, 0 mins, 1 secs, 445 ms
CREATE TABLE
Time: 0 hrs, 0 mins, 46 secs, 425 ms
CREATE INDEX
Time: 0 hrs, 0 mins, 0 secs, 530 ms
 tmp_first_last 
----------------
        1332049
(1 row)

Time: 0 hrs, 0 mins, 0 secs, 216 ms
ANALYZE
Time: 0 hrs, 0 mins, 0 secs, 498 ms
SET
Time: 0 hrs, 0 mins, 0 secs, 22 ms
SET
Time: 0 hrs, 0 mins, 0 secs, 17 ms
TRUNCATE
Time: 0 hrs, 0 mins, 2 secs, 357 ms
DROP
Time: 0 hrs, 0 mins, 0 secs, 597 ms
INSERT 0 1332049
Time: 0 hrs, 0 mins, 4 secs, 301 ms
 bn_session_stage 
------------------
          1332049
(1 row)

Time: 0 hrs, 0 mins, 2 secs, 28 ms
CREATE INDEX
Time: 0 hrs, 0 mins, 1 secs, 525 ms
ANALYZE
Time: 0 hrs, 0 mins, 0 secs, 872 ms
TRUNCATE
Time: 0 hrs, 0 mins, 1 secs, 657 ms
END
Time: 0 hrs, 0 mins, 20 secs, 646 ms

Sun Mar 13 06:54:42 EDT 2011

BEGIN

           660 - LOAD_BN_SESSION_UPDATE_STAGE

SET
TRUNCATE
INSERT 0 0
END

Sun Mar 13 06:54:56 EDT 2011

Timing is on.

           670 - LOAD_BN_SESSION_20110312.UPDATES

BEGIN
Time: 0 hrs, 0 mins, 1 secs, 894 ms
SET
Time: 0 hrs, 0 mins, 0 secs, 10 ms
UPDATE 0
Time: 0 hrs, 0 mins, 0 secs, 870 ms
END
Time: 0 hrs, 0 mins, 14 secs, 125 ms
VACUUM
Time: 0 hrs, 0 mins, 14 secs, 516 ms

Sun Mar 13 06:55:27 EDT 2011

Timing is on.

           700 - LOAD_BN_SESSION

BEGIN
Time: 0 hrs, 0 mins, 0 secs, 796 ms
SET
Time: 0 hrs, 0 mins, 0 secs, 10 ms
INSERT 0 1332049
Time: 0 hrs, 0 mins, 5 secs, 677 ms
ANALYZE
Time: 0 hrs, 0 mins, 0 secs, 624 ms
END
Time: 0 hrs, 0 mins, 9 secs, 108 ms

Sun Mar 13 06:55:44 EDT 2011

Timing is on.

            750 - LOAD_BN_SESSION_SUMMARY   

BEGIN
Time: 0 hrs, 0 mins, 0 secs, 809 ms
SET
Time: 0 hrs, 0 mins, 0 secs, 15 ms
CREATE TABLE
Time: 0 hrs, 0 mins, 11 secs, 211 ms
TRUNCATE
Time: 0 hrs, 0 mins, 1 secs, 830 ms
INSERT 0 165429
Time: 0 hrs, 0 mins, 5 secs, 45 ms
ANALYZE
Time: 0 hrs, 0 mins, 0 secs, 565 ms
 count(1) 
----------
   165429
(1 row)

Time: 0 hrs, 0 mins, 0 secs, 109 ms
END
Time: 0 hrs, 0 mins, 6 secs, 160 ms

Sun Mar 13 06:56:10 EDT 2011

Timing is on.

           800 - LOAD_BN_HITS

BEGIN
Time: 0 hrs, 0 mins, 1 secs, 523 ms
SET
Time: 0 hrs, 0 mins, 0 secs, 10 ms
SET
Time: 0 hrs, 0 mins, 0 secs, 19 ms
SET
Time: 0 hrs, 0 mins, 0 secs, 17 ms
SET
Time: 0 hrs, 0 mins, 0 secs, 19 ms
TRUNCATE
Time: 0 hrs, 0 mins, 1 secs, 109 ms
INSERT 0 13150168
Time: 0 hrs, 0 mins, 6 secs, 2 ms
 count(1) 
----------
 13150168
(1 row)

Time: 0 hrs, 0 mins, 0 secs, 789 ms
ANALYZE
Time: 0 hrs, 0 mins, 4 secs, 668 ms
END
Time: 0 hrs, 0 mins, 10 secs, 17 ms

Sun Mar 13 06:56:34 EDT 2011

Timing is on.

            900 - LOAD_CLICKSTREAM   

BEGIN
Time: 0 hrs, 0 mins, 1 secs, 820 ms
SET
Time: 0 hrs, 0 mins, 0 secs, 10 ms
TRUNCATE
Time: 0 hrs, 0 mins, 1 secs, 568 ms
INSERT 0 13150168
Time: 0 hrs, 2 mins, 18 secs, 309 ms
 count(1) 
----------
 13150168
(1 row)

Time: 0 hrs, 0 mins, 0 secs, 916 ms
ANALYZE
Time: 0 hrs, 0 mins, 1 secs, 172 ms
END
Time: 0 hrs, 0 mins, 2 secs, 433 ms

Sun Mar 13 06:59:01 EDT 2011

Timing is on.

            1000 - PAGE_VIEW_SUMMARY  

BEGIN
Time: 0 hrs, 0 mins, 2 secs, 151 ms
SET
Time: 0 hrs, 0 mins, 0 secs, 10 ms
SET
Time: 0 hrs, 0 mins, 0 secs, 21 ms
TRUNCATE
Time: 0 hrs, 0 mins, 0 secs, 676 ms
INSERT 0 34591
Time: 0 hrs, 0 mins, 3 secs, 548 ms
 count(1) 
----------
    34591
(1 row)

Time: 0 hrs, 0 mins, 0 secs, 370 ms
ANALYZE
Time: 0 hrs, 0 mins, 0 secs, 61 ms
END
Time: 0 hrs, 0 mins, 12 secs, 889 ms

Sun Mar 13 06:59:21 EDT 2011


2000 - WRAP UP 

Timing is on.
BEGIN
Time: 0 hrs, 0 mins, 2 secs, 935 ms
TRUNCATE
Time: 0 hrs, 0 mins, 2 secs, 220 ms
TRUNCATE
Time: 0 hrs, 0 mins, 3 secs, 515 ms
END
Time: 0 hrs, 0 mins, 10 secs, 150 ms
Sun Mar 13 06:59:40 EDT 2011
Removing lock file and waiting for a minute
Checking for lock file /tmp/.iislock
Acquired lock file /tmp/.iislock
-------------------------------------
Processing for 20110312
-------------------------------------

Mon Mar 14 06:57:33 EDT 2011

Timing is on.

           000 - INIT

BEGIN
Time: 0 hrs, 0 mins, 1 secs, 183 ms
*** Truncating staging tables before workflow starts ***
SET
Time: 0 hrs, 0 mins, 0 secs, 10 ms
GRANT
Time: 0 hrs, 0 mins, 6 secs, 145 ms
END
Time: 0 hrs, 0 mins, 2 secs, 559 ms

Mon Mar 14 06:57:43 EDT 2011

Timing is on.

            200 - LOAD_BN_IISLOGS   

BEGIN
Time: 0 hrs, 0 mins, 0 secs, 682 ms
SET
Time: 0 hrs, 0 mins, 0 secs, 9 ms
TRUNCATE
Time: 0 hrs, 0 mins, 1 secs, 31 ms
INSERT 0 51221706
Time: 0 hrs, 8 mins, 4 secs, 626 ms
END
Time: 0 hrs, 0 mins, 22 secs, 748 ms
ALTER TABLE
Time: 0 hrs, 0 mins, 19 secs, 35 ms

Mon Mar 14 07:06:31 EDT 2011

Timing is on.
BEGIN
Time: 0 hrs, 0 mins, 1 secs, 572 ms
SET
Time: 0 hrs, 0 mins, 0 secs, 13 ms

            250 - LOAD_BN_HITS_SP   

TRUNCATE
Time: 0 hrs, 0 mins, 2 secs, 743 ms
INSERT 0 15368969
Time: 0 hrs, 4 mins, 8 secs, 449 ms
ANALYZE
Time: 0 hrs, 0 mins, 13 secs, 828 ms
END
Time: 0 hrs, 0 mins, 36 secs, 445 ms

Mon Mar 14 07:11:35 EDT 2011

Timing is on.
BEGIN
Time: 0 hrs, 0 mins, 0 secs, 885 ms
SET
Time: 0 hrs, 0 mins, 0 secs, 11 ms

           300 - DYNAMIC FILTER

TRUNCATE
Time: 0 hrs, 0 mins, 1 secs, 206 ms
INSERT 0 9434046
Time: 0 hrs, 0 mins, 14 secs, 875 ms
ANALYZE
Time: 0 hrs, 0 mins, 2 secs, 579 ms
 Total records in web_click_cnt 
--------------------------------
                        9434046
(1 row)

Time: 0 hrs, 0 mins, 2 secs, 706 ms
CREATE TABLE
Time: 0 hrs, 0 mins, 6 secs, 147 ms
ANALYZE
Time: 0 hrs, 0 mins, 0 secs, 418 ms
CREATE TABLE
Time: 0 hrs, 0 mins, 3 secs, 285 ms
ANALYZE
Time: 0 hrs, 0 mins, 0 secs, 125 ms
DELETE 1
Time: 0 hrs, 0 mins, 1 secs, 22 ms
INSERT 0 1
Time: 0 hrs, 0 mins, 1 secs, 958 ms
DELETE 1
Time: 0 hrs, 0 mins, 0 secs, 103 ms
INSERT 0 1
Time: 0 hrs, 0 mins, 1 secs, 713 ms
CREATE TABLE
Time: 0 hrs, 0 mins, 4 secs, 71 ms
ANALYZE
Time: 0 hrs, 0 mins, 0 secs, 82 ms
CREATE TABLE
Time: 0 hrs, 0 mins, 1 secs, 655 ms
ANALYZE
Time: 0 hrs, 0 mins, 0 secs, 82 ms
DELETE 1
Time: 0 hrs, 0 mins, 0 secs, 136 ms
INSERT 0 1
Time: 0 hrs, 0 mins, 0 secs, 335 ms
DELETE 1
Time: 0 hrs, 0 mins, 0 secs, 92 ms
INSERT 0 1
Time: 0 hrs, 0 mins, 1 secs, 740 ms
ANALYZE
Time: 0 hrs, 0 mins, 0 secs, 286 ms
    tablename     |    attr_name    | attr_value 
------------------+-----------------+------------
 BN_FILTER_SPIDER | CLK_USER_SD_MPL | 10
 BN_FILTER_SPIDER | IP_USER_SD_MPL  | 1
 BN_FILTER_SPIDER | IP_USER_RATIO   | .955
 BN_FILTER_SPIDER | CLK_USER_MEAN   | 16.802
 BN_FILTER_SPIDER | CLK_USER_SD     | 148.618
 BN_FILTER_SPIDER | IP_USER_MEAN    | 11.999
 BN_FILTER_SPIDER | IP_USER_SD      | 1834.138
(7 rows)

Time: 0 hrs, 0 mins, 1 secs, 460 ms
CREATE TABLE
Time: 0 hrs, 0 mins, 6 secs, 956 ms
CREATE TABLE
Time: 0 hrs, 0 mins, 2 secs, 0 ms
 l_mean_sd_mpl 
---------------
      1502.982
(1 row)

Time: 0 hrs, 0 mins, 0 secs, 408 ms
TRUNCATE
Time: 0 hrs, 0 mins, 3 secs, 534 ms
INSERT 0 56
Time: 0 hrs, 0 mins, 4 secs, 829 ms
ANALYZE
Time: 0 hrs, 0 mins, 0 secs, 201 ms
 Total click_user bn_spider_ip records 
---------------------------------------
                                    56
(1 row)

Time: 0 hrs, 0 mins, 0 secs, 564 ms
CREATE TABLE
Time: 0 hrs, 0 mins, 4 secs, 763 ms
ANALYZE
Time: 0 hrs, 0 mins, 0 secs, 56 ms
CREATE TABLE
Time: 0 hrs, 0 mins, 9 secs, 268 ms
ANALYZE
Time: 0 hrs, 0 mins, 0 secs, 120 ms
DROP 
Time: 0 hrs, 0 mins, 0 secs, 406 ms
CREATE TABLE
Time: 0 hrs, 0 mins, 3 secs, 192 ms
 l_mean_sd_mpl | l_ratio 
---------------+---------
      1846.137 |   0.955
(1 row)

Time: 0 hrs, 0 mins, 0 secs, 757 ms
INSERT 0 7436215
Time: 0 hrs, 0 mins, 5 secs, 135 ms
ANALYZE
Time: 0 hrs, 0 mins, 0 secs, 388 ms
 Total ip_user_filter bn_spider_ip records 
-------------------------------------------
                                   7436215
(1 row)

Time: 0 hrs, 0 mins, 0 secs, 590 ms
TRUNCATE
Time: 0 hrs, 0 mins, 2 secs, 579 ms
INSERT 0 18541990
Time: 0 hrs, 0 mins, 21 secs, 732 ms
ANALYZE
Time: 0 hrs, 0 mins, 5 secs, 299 ms
 bn_hits_stage 
---------------
      18541990
(1 row)

Time: 0 hrs, 0 mins, 0 secs, 699 ms
INSERT 0 9146798
Time: 0 hrs, 0 mins, 34 secs, 770 ms
ANALYZE
Time: 0 hrs, 0 mins, 9 secs, 560 ms
 bn_hits_sp_20110312 
---------------------
            24515767
(1 row)

Time: 0 hrs, 0 mins, 11 secs, 689 ms
TRUNCATE
Time: 0 hrs, 0 mins, 4 secs, 886 ms
INSERT 0 8163949
Time: 0 hrs, 0 mins, 15 secs, 622 ms
ANALYZE
Time: 0 hrs, 0 mins, 3 secs, 369 ms
 bn_hits_client_20110312 
-------------------------
                 8163949
(1 row)

Time: 0 hrs, 0 mins, 0 secs, 416 ms
END
Time: 0 hrs, 1 mins, 18 secs, 231 ms

Mon Mar 14 07:16:14 EDT 2011

Timing is on.
BEGIN
Time: 0 hrs, 0 mins, 2 secs, 802 ms

           600 - LOAD RESOURCES

SET
Time: 0 hrs, 0 mins, 0 secs, 10 ms
CREATE TABLE
Time: 0 hrs, 0 mins, 19 secs, 48 ms
ANALYZE
Time: 0 hrs, 0 mins, 0 secs, 455 ms
 tmp_a_count 
-------------
       36370
(1 row)

Time: 0 hrs, 0 mins, 0 secs, 151 ms
UPDATE 0
Time: 0 hrs, 0 mins, 4 secs, 838 ms
ANALYZE
Time: 0 hrs, 0 mins, 0 secs, 831 ms
TRUNCATE
Time: 0 hrs, 0 mins, 2 secs, 187 ms
INSERT 0 983
Time: 0 hrs, 0 mins, 10 secs, 316 ms
ANALYZE
Time: 0 hrs, 0 mins, 0 secs, 614 ms
 first_resource_id | last_resource_id 
-------------------+------------------
          13017135 |         13018117
(1 row)

Time: 0 hrs, 0 mins, 0 secs, 343 ms
INSERT 0 983
Time: 0 hrs, 0 mins, 1 secs, 803 ms
 total_resources 
-----------------
        12993722
(1 row)

Time: 0 hrs, 0 mins, 0 secs, 398 ms
ANALYZE
Time: 0 hrs, 0 mins, 0 secs, 826 ms
END
Time: 0 hrs, 1 mins, 34 secs, 83 ms
VACUUM
Time: 0 hrs, 0 mins, 44 secs, 883 ms

Mon Mar 14 07:19:18 EDT 2011

Timing is on.

           650 - LOAD_BN_SESSION_STAGE

BEGIN
Time: 0 hrs, 0 mins, 0 secs, 872 ms
SET
Time: 0 hrs, 0 mins, 0 secs, 12 ms
SET
Time: 0 hrs, 0 mins, 0 secs, 19 ms
CREATE TABLE
Time: 0 hrs, 0 mins, 44 secs, 109 ms
ANALYZE
Time: 0 hrs, 0 mins, 3 secs, 256 ms
 tmp_sessionized_stage 
-----------------------
              18541990
(1 row)

Time: 0 hrs, 0 mins, 0 secs, 385 ms
TRUNCATE
Time: 0 hrs, 0 mins, 1 secs, 283 ms
INSERT 0 1742223
Time: 0 hrs, 0 mins, 28 secs, 498 ms
ANALYZE
Time: 0 hrs, 0 mins, 1 secs, 55 ms
CREATE TABLE
Time: 0 hrs, 1 mins, 55 secs, 176 ms
CREATE INDEX
Time: 0 hrs, 0 mins, 0 secs, 546 ms
 tmp_first_last 
----------------
        1742223
(1 row)

Time: 0 hrs, 0 mins, 0 secs, 122 ms
ANALYZE
Time: 0 hrs, 0 mins, 0 secs, 635 ms
SET
Time: 0 hrs, 0 mins, 0 secs, 20 ms
SET
Time: 0 hrs, 0 mins, 0 secs, 18 ms
TRUNCATE
Time: 0 hrs, 0 mins, 2 secs, 898 ms
DROP
Time: 0 hrs, 0 mins, 0 secs, 75 ms
INSERT 0 1742223
Time: 0 hrs, 0 mins, 6 secs, 160 ms
 bn_session_stage 
------------------
          1742223
(1 row)

Time: 0 hrs, 0 mins, 2 secs, 770 ms
CREATE INDEX
Time: 0 hrs, 0 mins, 1 secs, 636 ms
ANALYZE
Time: 0 hrs, 0 mins, 1 secs, 177 ms
TRUNCATE
Time: 0 hrs, 0 mins, 1 secs, 472 ms
END
Time: 0 hrs, 0 mins, 4 secs, 455 ms

Mon Mar 14 07:22:55 EDT 2011

BEGIN

           660 - LOAD_BN_SESSION_UPDATE_STAGE

SET
TRUNCATE
INSERT 0 0
END

Mon Mar 14 07:23:15 EDT 2011

Timing is on.

           670 - LOAD_BN_SESSION_20110312.UPDATES

BEGIN
Time: 0 hrs, 0 mins, 1 secs, 150 ms
SET
Time: 0 hrs, 0 mins, 0 secs, 11 ms
UPDATE 0
Time: 0 hrs, 0 mins, 0 secs, 834 ms
END
Time: 0 hrs, 0 mins, 4 secs, 561 ms
VACUUM
Time: 0 hrs, 0 mins, 54 secs, 52 ms

Mon Mar 14 07:24:16 EDT 2011

Timing is on.

           700 - LOAD_BN_SESSION

BEGIN
Time: 0 hrs, 0 mins, 2 secs, 142 ms
SET
Time: 0 hrs, 0 mins, 0 secs, 13 ms
INSERT 0 1742223
Time: 0 hrs, 0 mins, 6 secs, 381 ms
ANALYZE
Time: 0 hrs, 0 mins, 1 secs, 171 ms
END
Time: 0 hrs, 0 mins, 2 secs, 964 ms

Mon Mar 14 07:24:29 EDT 2011

Timing is on.

            750 - LOAD_BN_SESSION_SUMMARY   

BEGIN
Time: 0 hrs, 0 mins, 0 secs, 892 ms
SET
Time: 0 hrs, 0 mins, 0 secs, 10 ms
CREATE TABLE
Time: 0 hrs, 0 mins, 8 secs, 255 ms
TRUNCATE
Time: 0 hrs, 0 mins, 1 secs, 448 ms
INSERT 0 206840
Time: 0 hrs, 0 mins, 4 secs, 136 ms
ANALYZE
Time: 0 hrs, 0 mins, 0 secs, 632 ms
 count(1) 
----------
   206840
(1 row)

Time: 0 hrs, 0 mins, 0 secs, 244 ms
END
Time: 0 hrs, 0 mins, 4 secs, 379 ms

Mon Mar 14 07:24:49 EDT 2011

Timing is on.

           800 - LOAD_BN_HITS

BEGIN
Time: 0 hrs, 0 mins, 1 secs, 88 ms
SET
Time: 0 hrs, 0 mins, 0 secs, 10 ms
SET
Time: 0 hrs, 0 mins, 0 secs, 27 ms
SET
Time: 0 hrs, 0 mins, 0 secs, 41 ms
SET
Time: 0 hrs, 0 mins, 0 secs, 476 ms
TRUNCATE
Time: 0 hrs, 0 mins, 1 secs, 610 ms
INSERT 0 18541990
Time: 0 hrs, 0 mins, 6 secs, 144 ms
 count(1) 
----------
 18541990
(1 row)

Time: 0 hrs, 0 mins, 1 secs, 881 ms
ANALYZE
Time: 0 hrs, 0 mins, 3 secs, 508 ms
END
Time: 0 hrs, 0 mins, 1 secs, 767 ms

Mon Mar 14 07:25:06 EDT 2011

Timing is on.

            900 - LOAD_CLICKSTREAM   

BEGIN
Time: 0 hrs, 0 mins, 1 secs, 206 ms
SET
Time: 0 hrs, 0 mins, 0 secs, 7 ms
TRUNCATE
Time: 0 hrs, 0 mins, 0 secs, 772 ms
INSERT 0 18541990
Time: 0 hrs, 2 mins, 5 secs, 138 ms
 count(1) 
----------
 18541990
(1 row)

Time: 0 hrs, 0 mins, 2 secs, 515 ms
ANALYZE
Time: 0 hrs, 0 mins, 2 secs, 358 ms
END
Time: 0 hrs, 0 mins, 21 secs, 690 ms

Mon Mar 14 07:27:40 EDT 2011

Timing is on.

            1000 - PAGE_VIEW_SUMMARY  

BEGIN
Time: 0 hrs, 0 mins, 1 secs, 111 ms
SET
Time: 0 hrs, 0 mins, 0 secs, 9 ms
SET
Time: 0 hrs, 0 mins, 0 secs, 16 ms
TRUNCATE
Time: 0 hrs, 0 mins, 2 secs, 927 ms
INSERT 0 43963
Time: 0 hrs, 0 mins, 5 secs, 701 ms
 count(1) 
----------
    43963
(1 row)

Time: 0 hrs, 0 mins, 0 secs, 319 ms
ANALYZE
Time: 0 hrs, 0 mins, 0 secs, 53 ms
END
Time: 0 hrs, 0 mins, 5 secs, 176 ms

Mon Mar 14 07:27:56 EDT 2011


2000 - WRAP UP 

Timing is on.
BEGIN
Time: 0 hrs, 0 mins, 1 secs, 122 ms
TRUNCATE
Time: 0 hrs, 0 mins, 1 secs, 322 ms
TRUNCATE
Time: 0 hrs, 0 mins, 1 secs, 609 ms
END
Time: 0 hrs, 0 mins, 3 secs, 205 ms
Mon Mar 14 07:28:03 EDT 2011
Removing lock file and waiting for a minute
