Checking for lock file /tmp/.iislock
Acquired lock file /tmp/.iislock
-------------------------------------
Processing for 20110601
-------------------------------------

Fri Jul 22 15:26:34 EDT 2011

Timing is on.

           000 - INIT

BEGIN
Time: 0 hrs, 0 mins, 1 secs, 346 ms
*** Truncating staging tables before workflow starts ***
SET
Time: 0 hrs, 0 mins, 0 secs, 11 ms
GRANT
Time: 0 hrs, 0 mins, 5 secs, 628 ms
END
Time: 0 hrs, 0 mins, 2 secs, 90 ms

Fri Jul 22 15:26:43 EDT 2011

Timing is on.

            200 - LOAD_BN_IISLOGS   

BEGIN
Time: 0 hrs, 0 mins, 1 secs, 271 ms
SET
Time: 0 hrs, 0 mins, 0 secs, 13 ms
TRUNCATE
Time: 0 hrs, 0 mins, 0 secs, 673 ms
INSERT 0 71846440
Time: 0 hrs, 12 mins, 26 secs, 998 ms
END
Time: 0 hrs, 0 mins, 17 secs, 347 ms
ALTER TABLE
Time: 0 hrs, 0 mins, 5 secs, 694 ms

Fri Jul 22 15:39:36 EDT 2011

Timing is on.
BEGIN
Time: 0 hrs, 0 mins, 1 secs, 121 ms
SET
Time: 0 hrs, 0 mins, 0 secs, 8 ms

            250 - LOAD_BN_HITS_SP   

TRUNCATE
Time: 0 hrs, 0 mins, 4 secs, 429 ms
INSERT 0 27099202
Time: 0 hrs, 5 mins, 27 secs, 513 ms
ANALYZE
Time: 0 hrs, 5 mins, 7 secs, 443 ms
END
Time: 0 hrs, 0 mins, 15 secs, 70 ms

Fri Jul 22 15:50:31 EDT 2011

Timing is on.
BEGIN
Time: 0 hrs, 0 mins, 1 secs, 933 ms
SET
Time: 0 hrs, 0 mins, 0 secs, 8 ms

           300 - DYNAMIC FILTER

TRUNCATE
Time: 0 hrs, 0 mins, 0 secs, 974 ms
INSERT 0 13671847
Time: 0 hrs, 0 mins, 39 secs, 244 ms
ANALYZE
Time: 0 hrs, 0 mins, 2 secs, 306 ms
 Total records in web_click_cnt 
--------------------------------
                       13671847
(1 row)

Time: 0 hrs, 0 mins, 3 secs, 501 ms
CREATE TABLE
Time: 0 hrs, 0 mins, 13 secs, 772 ms
ANALYZE
Time: 0 hrs, 0 mins, 0 secs, 748 ms
CREATE TABLE
Time: 0 hrs, 0 mins, 6 secs, 963 ms
ANALYZE
Time: 0 hrs, 0 mins, 0 secs, 880 ms
DELETE 1
Time: 0 hrs, 0 mins, 1 secs, 390 ms
INSERT 0 1
Time: 0 hrs, 0 mins, 1 secs, 239 ms
DELETE 1
Time: 0 hrs, 0 mins, 0 secs, 154 ms
INSERT 0 1
Time: 0 hrs, 0 mins, 4 secs, 280 ms
CREATE TABLE
Time: 0 hrs, 0 mins, 11 secs, 254 ms
ANALYZE
Time: 0 hrs, 0 mins, 1 secs, 12 ms
CREATE TABLE
Time: 0 hrs, 0 mins, 2 secs, 398 ms
ANALYZE
Time: 0 hrs, 0 mins, 0 secs, 205 ms
DELETE 1
Time: 0 hrs, 0 mins, 0 secs, 120 ms
INSERT 0 1
Time: 0 hrs, 0 mins, 1 secs, 844 ms
DELETE 1
Time: 0 hrs, 0 mins, 0 secs, 115 ms
INSERT 0 1
Time: 0 hrs, 0 mins, 1 secs, 514 ms
ANALYZE
Time: 0 hrs, 0 mins, 0 secs, 235 ms
    tablename     |    attr_name    | attr_value 
------------------+-----------------+------------
 BN_FILTER_SPIDER | CLK_USER_SD_MPL | 10
 BN_FILTER_SPIDER | IP_USER_SD_MPL  | 1
 BN_FILTER_SPIDER | IP_USER_RATIO   | .955
 BN_FILTER_SPIDER | CLK_USER_MEAN   | 15.513
 BN_FILTER_SPIDER | CLK_USER_SD     | 380.743
 BN_FILTER_SPIDER | IP_USER_MEAN    | 15.987
 BN_FILTER_SPIDER | IP_USER_SD      | 3001.550
(7 rows)

Time: 0 hrs, 0 mins, 0 secs, 613 ms
CREATE TABLE
Time: 0 hrs, 0 mins, 11 secs, 298 ms
CREATE TABLE
Time: 0 hrs, 0 mins, 1 secs, 975 ms
 l_mean_sd_mpl 
---------------
      3822.943
(1 row)

Time: 0 hrs, 0 mins, 0 secs, 430 ms
TRUNCATE
Time: 0 hrs, 0 mins, 2 secs, 235 ms
INSERT 0 26
Time: 0 hrs, 7 mins, 44 secs, 552 ms
ANALYZE
Time: 0 hrs, 0 mins, 0 secs, 559 ms
 Total click_user bn_spider_ip records 
---------------------------------------
                                    26
(1 row)

Time: 0 hrs, 0 mins, 0 secs, 953 ms
CREATE TABLE
Time: 0 hrs, 1 mins, 10 secs, 321 ms
ANALYZE
Time: 0 hrs, 0 mins, 0 secs, 79 ms
CREATE TABLE
Time: 0 hrs, 0 mins, 13 secs, 982 ms
ANALYZE
Time: 0 hrs, 0 mins, 0 secs, 781 ms
DROP 
Time: 0 hrs, 0 mins, 0 secs, 247 ms
CREATE TABLE
Time: 0 hrs, 0 mins, 5 secs, 532 ms
 l_mean_sd_mpl | l_ratio 
---------------+---------
      3017.537 |   0.955
(1 row)

Time: 0 hrs, 0 mins, 0 secs, 929 ms
INSERT 0 10852587
Time: 0 hrs, 0 mins, 19 secs, 310 ms
ANALYZE
Time: 0 hrs, 0 mins, 0 secs, 432 ms
 Total ip_user_filter bn_spider_ip records 
-------------------------------------------
                                  10852587
(1 row)

Time: 0 hrs, 0 mins, 0 secs, 582 ms
TRUNCATE
Time: 0 hrs, 0 mins, 5 secs, 562 ms
INSERT 0 20629072
Time: 0 hrs, 0 mins, 56 secs, 85 ms
ANALYZE
Time: 0 hrs, 0 mins, 8 secs, 323 ms
 bn_hits_stage 
---------------
      20629072
(1 row)

Time: 0 hrs, 0 mins, 1 secs, 270 ms
INSERT 0 15903731
Time: 0 hrs, 16 mins, 34 secs, 874 ms
ANALYZE
Time: 0 hrs, 1 mins, 23 secs, 426 ms
 bn_hits_sp_20110601 
---------------------
            43002933
(1 row)

Time: 0 hrs, 0 mins, 14 secs, 697 ms
TRUNCATE
Time: 0 hrs, 0 mins, 1 secs, 343 ms
INSERT 0 8214435
Time: 0 hrs, 0 mins, 25 secs, 106 ms
ANALYZE
Time: 0 hrs, 0 mins, 2 secs, 766 ms
 bn_hits_client_20110601 
-------------------------
                 8214435
(1 row)

Time: 0 hrs, 0 mins, 0 secs, 239 ms
END
Time: 0 hrs, 0 mins, 20 secs, 291 ms

Fri Jul 22 16:22:17 EDT 2011

Timing is on.
BEGIN
Time: 0 hrs, 0 mins, 1 secs, 365 ms

           600 - LOAD RESOURCES

SET
Time: 0 hrs, 0 mins, 0 secs, 9 ms
CREATE TABLE
Time: 0 hrs, 0 mins, 37 secs, 189 ms
ANALYZE
Time: 0 hrs, 0 mins, 0 secs, 574 ms
 tmp_a_count 
-------------
      482576
(1 row)

Time: 0 hrs, 0 mins, 0 secs, 231 ms
UPDATE 0
Time: 0 hrs, 0 mins, 4 secs, 691 ms
ANALYZE
Time: 0 hrs, 0 mins, 0 secs, 763 ms
TRUNCATE
Time: 0 hrs, 0 mins, 1 secs, 542 ms
INSERT 0 171061
Time: 0 hrs, 0 mins, 27 secs, 50 ms
ANALYZE
Time: 0 hrs, 0 mins, 0 secs, 730 ms
 first_resource_id | last_resource_id 
-------------------+------------------
          28243262 |         28414322
(1 row)

Time: 0 hrs, 0 mins, 0 secs, 777 ms
INSERT 0 171061
Time: 0 hrs, 0 mins, 6 secs, 343 ms
 total_resources 
-----------------
        28389926
(1 row)

Time: 0 hrs, 0 mins, 0 secs, 804 ms
ANALYZE
Time: 0 hrs, 0 mins, 0 secs, 811 ms
END
Time: 0 hrs, 0 mins, 5 secs, 682 ms
VACUUM
Time: 0 hrs, 0 mins, 19 secs, 697 ms

Fri Jul 22 16:24:05 EDT 2011

Timing is on.

           650 - LOAD_BN_SESSION_STAGE

BEGIN
Time: 0 hrs, 0 mins, 1 secs, 34 ms
SET
Time: 0 hrs, 0 mins, 0 secs, 11 ms
SET
Time: 0 hrs, 0 mins, 0 secs, 71 ms
CREATE TABLE
Time: 0 hrs, 0 mins, 44 secs, 279 ms
ANALYZE
Time: 0 hrs, 0 mins, 4 secs, 110 ms
 tmp_sessionized_stage 
-----------------------
              20629072
(1 row)

Time: 0 hrs, 0 mins, 0 secs, 466 ms
TRUNCATE
Time: 0 hrs, 0 mins, 1 secs, 993 ms
INSERT 0 2401643
Time: 0 hrs, 0 mins, 27 secs, 854 ms
ANALYZE
Time: 0 hrs, 0 mins, 0 secs, 640 ms
CREATE TABLE
Time: 0 hrs, 1 mins, 42 secs, 660 ms
CREATE INDEX
Time: 0 hrs, 0 mins, 0 secs, 253 ms
 tmp_first_last 
----------------
        2401643
(1 row)

Time: 0 hrs, 0 mins, 0 secs, 124 ms
ANALYZE
Time: 0 hrs, 0 mins, 0 secs, 918 ms
SET
Time: 0 hrs, 0 mins, 0 secs, 29 ms
SET
Time: 0 hrs, 0 mins, 0 secs, 27 ms
TRUNCATE
Time: 0 hrs, 0 mins, 0 secs, 728 ms
DROP
Time: 0 hrs, 0 mins, 0 secs, 91 ms
INSERT 0 2401643
Time: 0 hrs, 0 mins, 7 secs, 494 ms
 bn_session_stage 
------------------
          2401643
(1 row)

Time: 0 hrs, 0 mins, 2 secs, 572 ms
CREATE INDEX
Time: 0 hrs, 0 mins, 1 secs, 756 ms
ANALYZE
Time: 0 hrs, 0 mins, 1 secs, 413 ms
TRUNCATE
Time: 0 hrs, 0 mins, 3 secs, 685 ms
END
Time: 0 hrs, 0 mins, 31 secs, 565 ms

Fri Jul 22 16:27:59 EDT 2011

BEGIN

           660 - LOAD_BN_SESSION_UPDATE_STAGE

SET
TRUNCATE
INSERT 0 0
END

Fri Jul 22 16:28:09 EDT 2011

Timing is on.

           670 - LOAD_BN_SESSION_20110601.UPDATES

BEGIN
Time: 0 hrs, 0 mins, 1 secs, 49 ms
SET
Time: 0 hrs, 0 mins, 0 secs, 8 ms
UPDATE 0
Time: 0 hrs, 0 mins, 0 secs, 324 ms
END
Time: 0 hrs, 0 mins, 5 secs, 68 ms
VACUUM
Time: 0 hrs, 0 mins, 13 secs, 496 ms

Fri Jul 22 16:28:30 EDT 2011

Timing is on.

           700 - LOAD_BN_SESSION

BEGIN
Time: 0 hrs, 0 mins, 1 secs, 106 ms
SET
Time: 0 hrs, 0 mins, 0 secs, 9 ms
INSERT 0 2401643
Time: 0 hrs, 0 mins, 17 secs, 563 ms
ANALYZE
Time: 0 hrs, 0 mins, 1 secs, 313 ms
END
Time: 0 hrs, 0 mins, 6 secs, 403 ms

Fri Jul 22 16:28:56 EDT 2011

Timing is on.

            750 - LOAD_BN_SESSION_SUMMARY   

BEGIN
Time: 0 hrs, 0 mins, 0 secs, 909 ms
SET
Time: 0 hrs, 0 mins, 0 secs, 9 ms
CREATE TABLE
Time: 0 hrs, 0 mins, 12 secs, 989 ms
TRUNCATE
Time: 0 hrs, 0 mins, 1 secs, 329 ms
INSERT 0 290438
Time: 0 hrs, 0 mins, 6 secs, 312 ms
ANALYZE
Time: 0 hrs, 0 mins, 0 secs, 741 ms
 count(1) 
----------
   290438
(1 row)

Time: 0 hrs, 0 mins, 0 secs, 425 ms
END
Time: 0 hrs, 0 mins, 6 secs, 986 ms

Fri Jul 22 16:29:26 EDT 2011

Timing is on.

           800 - LOAD_BN_HITS

BEGIN
Time: 0 hrs, 0 mins, 1 secs, 575 ms
SET
Time: 0 hrs, 0 mins, 0 secs, 9 ms
SET
Time: 0 hrs, 0 mins, 0 secs, 26 ms
SET
Time: 0 hrs, 0 mins, 0 secs, 32 ms
SET
Time: 0 hrs, 0 mins, 0 secs, 31 ms
TRUNCATE
Time: 0 hrs, 0 mins, 1 secs, 317 ms
INSERT 0 20629072
Time: 0 hrs, 0 mins, 5 secs, 869 ms
 count(1) 
----------
 20629072
(1 row)

Time: 0 hrs, 0 mins, 1 secs, 500 ms
ANALYZE
Time: 0 hrs, 0 mins, 3 secs, 282 ms
END
Time: 0 hrs, 0 mins, 38 secs, 215 ms

Fri Jul 22 16:30:18 EDT 2011

Timing is on.

            900 - LOAD_CLICKSTREAM   

BEGIN
Time: 0 hrs, 0 mins, 1 secs, 374 ms
SET
Time: 0 hrs, 0 mins, 0 secs, 7 ms
TRUNCATE
Time: 0 hrs, 0 mins, 2 secs, 319 ms
INSERT 0 20629072
Time: 0 hrs, 5 mins, 14 secs, 728 ms
 count(1) 
----------
 20629072
(1 row)

Time: 0 hrs, 0 mins, 1 secs, 623 ms
ANALYZE
Time: 0 hrs, 0 mins, 2 secs, 790 ms
END
Time: 0 hrs, 0 mins, 14 secs, 327 ms

Fri Jul 22 16:35:56 EDT 2011

Timing is on.

            1000 - PAGE_VIEW_SUMMARY  

BEGIN
Time: 0 hrs, 0 mins, 3 secs, 192 ms
SET
Time: 0 hrs, 0 mins, 0 secs, 13 ms
SET
Time: 0 hrs, 0 mins, 0 secs, 246 ms
TRUNCATE
Time: 0 hrs, 0 mins, 6 secs, 598 ms
INSERT 0 501642
Time: 0 hrs, 0 mins, 19 secs, 629 ms
 count(1) 
----------
   501642
(1 row)

Time: 0 hrs, 0 mins, 1 secs, 364 ms
ANALYZE
Time: 0 hrs, 0 mins, 0 secs, 303 ms
END
Time: 0 hrs, 0 mins, 37 secs, 87 ms

Fri Jul 22 16:37:04 EDT 2011


2000 - WRAP UP 

Timing is on.
BEGIN
Time: 0 hrs, 0 mins, 5 secs, 519 ms
TRUNCATE
Time: 0 hrs, 0 mins, 2 secs, 259 ms
TRUNCATE
Time: 0 hrs, 0 mins, 2 secs, 450 ms
END
Time: 0 hrs, 1 mins, 24 secs, 763 ms
Fri Jul 22 16:38:40 EDT 2011
Removing lock file and waiting for a minute
Total time taken:  73  minutes.
