Checking for lock file /tmp/.iislock
Acquired lock file /tmp/.iislock
-------------------------------------
Processing for 20110430
-------------------------------------

Sun May 1 04:20:50 EDT 2011

Timing is on.

           000 - INIT

BEGIN
Time: 0 hrs, 0 mins, 1 secs, 72 ms
*** Truncating staging tables before workflow starts ***
SET
Time: 0 hrs, 0 mins, 0 secs, 19 ms
GRANT
Time: 0 hrs, 0 mins, 5 secs, 109 ms
END
Time: 0 hrs, 0 mins, 0 secs, 963 ms

Sun May 1 04:20:59 EDT 2011

Timing is on.

            200 - LOAD_BN_IISLOGS   

BEGIN
Time: 0 hrs, 0 mins, 0 secs, 993 ms
SET
Time: 0 hrs, 0 mins, 0 secs, 8 ms
TRUNCATE
Time: 0 hrs, 0 mins, 0 secs, 738 ms
INSERT 0 45605983
Time: 0 hrs, 11 mins, 5 secs, 416 ms
END
Time: 0 hrs, 1 mins, 32 secs, 508 ms
ALTER TABLE
Time: 0 hrs, 11 mins, 30 secs, 789 ms

Sun May 1 04:45:10 EDT 2011

Timing is on.
BEGIN
Time: 0 hrs, 0 mins, 7 secs, 539 ms
SET
Time: 0 hrs, 0 mins, 0 secs, 14 ms

            250 - LOAD_BN_HITS_SP   

TRUNCATE
Time: 0 hrs, 0 mins, 5 secs, 879 ms
INSERT 0 15238536
Time: 0 hrs, 4 mins, 21 secs, 388 ms
ANALYZE
Time: 0 hrs, 0 mins, 11 secs, 8 ms
END
Time: 0 hrs, 0 mins, 2 secs, 830 ms

Sun May 1 04:49:59 EDT 2011

Timing is on.
BEGIN
Time: 0 hrs, 0 mins, 4 secs, 83 ms
SET
Time: 0 hrs, 0 mins, 0 secs, 18 ms

           300 - DYNAMIC FILTER

TRUNCATE
Time: 0 hrs, 0 mins, 0 secs, 909 ms
INSERT 0 9742822
Time: 0 hrs, 0 mins, 13 secs, 174 ms
ANALYZE
Time: 0 hrs, 0 mins, 0 secs, 783 ms
 Total records in web_click_cnt 
--------------------------------
                        9742822
(1 row)

Time: 0 hrs, 0 mins, 0 secs, 778 ms
CREATE TABLE
Time: 0 hrs, 0 mins, 6 secs, 277 ms
ANALYZE
Time: 0 hrs, 0 mins, 0 secs, 134 ms
CREATE TABLE
Time: 0 hrs, 0 mins, 1 secs, 427 ms
ANALYZE
Time: 0 hrs, 0 mins, 0 secs, 131 ms
DELETE 1
Time: 0 hrs, 0 mins, 0 secs, 657 ms
INSERT 0 1
Time: 0 hrs, 0 mins, 1 secs, 400 ms
DELETE 1
Time: 0 hrs, 0 mins, 0 secs, 135 ms
INSERT 0 1
Time: 0 hrs, 0 mins, 0 secs, 978 ms
CREATE TABLE
Time: 0 hrs, 0 mins, 2 secs, 921 ms
ANALYZE
Time: 0 hrs, 0 mins, 0 secs, 134 ms
CREATE TABLE
Time: 0 hrs, 0 mins, 1 secs, 527 ms
ANALYZE
Time: 0 hrs, 0 mins, 0 secs, 120 ms
DELETE 1
Time: 0 hrs, 0 mins, 0 secs, 165 ms
INSERT 0 1
Time: 0 hrs, 0 mins, 0 secs, 631 ms
DELETE 1
Time: 0 hrs, 0 mins, 0 secs, 97 ms
INSERT 0 1
Time: 0 hrs, 0 mins, 0 secs, 839 ms
ANALYZE
Time: 0 hrs, 0 mins, 0 secs, 80 ms
    tablename     |    attr_name    | attr_value 
------------------+-----------------+------------
 BN_FILTER_SPIDER | CLK_USER_SD_MPL | 10
 BN_FILTER_SPIDER | IP_USER_SD_MPL  | 1
 BN_FILTER_SPIDER | IP_USER_RATIO   | .955
 BN_FILTER_SPIDER | CLK_USER_MEAN   | 15.769
 BN_FILTER_SPIDER | CLK_USER_SD     | 128.122
 BN_FILTER_SPIDER | IP_USER_MEAN    | 15.999
 BN_FILTER_SPIDER | IP_USER_SD      | 1687.647
(7 rows)

Time: 0 hrs, 0 mins, 0 secs, 551 ms
CREATE TABLE
Time: 0 hrs, 0 mins, 3 secs, 743 ms
CREATE TABLE
Time: 0 hrs, 0 mins, 1 secs, 91 ms
 l_mean_sd_mpl 
---------------
      1296.989
(1 row)

Time: 0 hrs, 0 mins, 0 secs, 474 ms
TRUNCATE
Time: 0 hrs, 0 mins, 1 secs, 161 ms
INSERT 0 142
Time: 0 hrs, 0 mins, 3 secs, 917 ms
ANALYZE
Time: 0 hrs, 0 mins, 0 secs, 146 ms
 Total click_user bn_spider_ip records 
---------------------------------------
                                   142
(1 row)

Time: 0 hrs, 0 mins, 0 secs, 689 ms
CREATE TABLE
Time: 0 hrs, 0 mins, 2 secs, 541 ms
ANALYZE
Time: 0 hrs, 0 mins, 0 secs, 233 ms
CREATE TABLE
Time: 0 hrs, 0 mins, 2 secs, 352 ms
ANALYZE
Time: 0 hrs, 0 mins, 0 secs, 77 ms
DROP 
Time: 0 hrs, 0 mins, 0 secs, 496 ms
CREATE TABLE
Time: 0 hrs, 0 mins, 1 secs, 353 ms
 l_mean_sd_mpl | l_ratio 
---------------+---------
      1703.646 |   0.955
(1 row)

Time: 0 hrs, 0 mins, 0 secs, 425 ms
INSERT 0 7917251
Time: 0 hrs, 0 mins, 6 secs, 710 ms
ANALYZE
Time: 0 hrs, 0 mins, 0 secs, 335 ms
 Total ip_user_filter bn_spider_ip records 
-------------------------------------------
                                   7917251
(1 row)

Time: 0 hrs, 0 mins, 0 secs, 443 ms
TRUNCATE
Time: 0 hrs, 0 mins, 1 secs, 371 ms
INSERT 0 14387374
Time: 0 hrs, 0 mins, 27 secs, 358 ms
ANALYZE
Time: 0 hrs, 0 mins, 7 secs, 656 ms
 bn_hits_stage 
---------------
      14387374
(1 row)

Time: 0 hrs, 0 mins, 0 secs, 400 ms
INSERT 0 10289381
Time: 0 hrs, 0 mins, 38 secs, 475 ms
ANALYZE
Time: 0 hrs, 0 mins, 15 secs, 461 ms
 bn_hits_sp_20110430 
---------------------
            25527917
(1 row)

Time: 0 hrs, 0 mins, 9 secs, 362 ms
TRUNCATE
Time: 0 hrs, 0 mins, 2 secs, 353 ms
INSERT 0 5690692
Time: 0 hrs, 0 mins, 22 secs, 900 ms
ANALYZE
Time: 0 hrs, 0 mins, 5 secs, 865 ms
 bn_hits_client_20110430 
-------------------------
                 5690692
(1 row)

Time: 0 hrs, 0 mins, 0 secs, 623 ms
END
Time: 0 hrs, 0 mins, 16 secs, 757 ms

Sun May 1 04:53:32 EDT 2011

Timing is on.
BEGIN
Time: 0 hrs, 0 mins, 3 secs, 650 ms

           600 - LOAD RESOURCES

SET
Time: 0 hrs, 0 mins, 0 secs, 20 ms
CREATE TABLE
Time: 0 hrs, 0 mins, 6 secs, 582 ms
ANALYZE
Time: 0 hrs, 0 mins, 1 secs, 99 ms
 tmp_a_count 
-------------
       32294
(1 row)

Time: 0 hrs, 0 mins, 0 secs, 310 ms
UPDATE 0
Time: 0 hrs, 0 mins, 1 secs, 889 ms
ANALYZE
Time: 0 hrs, 0 mins, 1 secs, 289 ms
TRUNCATE
Time: 0 hrs, 0 mins, 1 secs, 358 ms
INSERT 0 4162
Time: 0 hrs, 0 mins, 7 secs, 690 ms
ANALYZE
Time: 0 hrs, 0 mins, 0 secs, 544 ms
 first_resource_id | last_resource_id 
-------------------+------------------
          13395143 |         13399304
(1 row)

Time: 0 hrs, 0 mins, 0 secs, 161 ms
INSERT 0 4162
Time: 0 hrs, 0 mins, 1 secs, 38 ms
 total_resources 
-----------------
        13374909
(1 row)

Time: 0 hrs, 0 mins, 0 secs, 815 ms
ANALYZE
Time: 0 hrs, 0 mins, 1 secs, 58 ms
END
Time: 0 hrs, 0 mins, 13 secs, 816 ms
VACUUM
Time: 0 hrs, 0 mins, 53 secs, 681 ms

Sun May 1 04:55:08 EDT 2011

Timing is on.

           650 - LOAD_BN_SESSION_STAGE

BEGIN
Time: 0 hrs, 0 mins, 2 secs, 490 ms
SET
Time: 0 hrs, 0 mins, 0 secs, 12 ms
SET
Time: 0 hrs, 0 mins, 0 secs, 78 ms
CREATE TABLE
Time: 0 hrs, 1 mins, 13 secs, 973 ms
ANALYZE
Time: 0 hrs, 0 mins, 6 secs, 861 ms
 tmp_sessionized_stage 
-----------------------
              14387374
(1 row)

Time: 0 hrs, 0 mins, 0 secs, 730 ms
TRUNCATE
Time: 0 hrs, 0 mins, 4 secs, 972 ms
INSERT 0 1541832
Time: 0 hrs, 0 mins, 43 secs, 531 ms
ANALYZE
Time: 0 hrs, 0 mins, 3 secs, 625 ms
CREATE TABLE
Time: 0 hrs, 1 mins, 35 secs, 259 ms
CREATE INDEX
Time: 0 hrs, 0 mins, 1 secs, 586 ms
 tmp_first_last 
----------------
        1541832
(1 row)

Time: 0 hrs, 0 mins, 0 secs, 365 ms
ANALYZE
Time: 0 hrs, 0 mins, 2 secs, 77 ms
SET
Time: 0 hrs, 0 mins, 0 secs, 92 ms
SET
Time: 0 hrs, 0 mins, 0 secs, 37 ms
TRUNCATE
Time: 0 hrs, 0 mins, 7 secs, 766 ms
DROP
Time: 0 hrs, 0 mins, 0 secs, 252 ms
INSERT 0 1541832
Time: 0 hrs, 0 mins, 13 secs, 115 ms
 bn_session_stage 
------------------
          1541832
(1 row)

Time: 0 hrs, 0 mins, 1 secs, 243 ms
CREATE INDEX
Time: 0 hrs, 0 mins, 6 secs, 140 ms
ANALYZE
Time: 0 hrs, 0 mins, 1 secs, 760 ms
TRUNCATE
Time: 0 hrs, 0 mins, 4 secs, 685 ms
END
Time: 0 hrs, 0 mins, 21 secs, 708 ms

Sun May 1 05:00:01 EDT 2011

BEGIN

           660 - LOAD_BN_SESSION_UPDATE_STAGE

SET
TRUNCATE
INSERT 0 0
END

Sun May 1 05:00:24 EDT 2011

Timing is on.

           670 - LOAD_BN_SESSION_20110430.UPDATES

BEGIN
Time: 0 hrs, 0 mins, 1 secs, 922 ms
SET
Time: 0 hrs, 0 mins, 0 secs, 14 ms
UPDATE 0
Time: 0 hrs, 0 mins, 0 secs, 807 ms
END
Time: 0 hrs, 0 mins, 15 secs, 184 ms
VACUUM
Time: 0 hrs, 1 mins, 2 secs, 888 ms

Sun May 1 05:01:45 EDT 2011

Timing is on.

           700 - LOAD_BN_SESSION

BEGIN
Time: 0 hrs, 0 mins, 1 secs, 895 ms
SET
Time: 0 hrs, 0 mins, 0 secs, 11 ms
INSERT 0 1541832
Time: 0 hrs, 0 mins, 11 secs, 42 ms
ANALYZE
Time: 0 hrs, 0 mins, 2 secs, 73 ms
END
Time: 0 hrs, 0 mins, 18 secs, 706 ms

Sun May 1 05:02:19 EDT 2011

Timing is on.

            750 - LOAD_BN_SESSION_SUMMARY   

BEGIN
Time: 0 hrs, 0 mins, 1 secs, 242 ms
SET
Time: 0 hrs, 0 mins, 0 secs, 11 ms
CREATE TABLE
Time: 0 hrs, 0 mins, 14 secs, 587 ms
TRUNCATE
Time: 0 hrs, 0 mins, 1 secs, 946 ms
INSERT 0 156763
Time: 0 hrs, 0 mins, 6 secs, 950 ms
ANALYZE
Time: 0 hrs, 0 mins, 0 secs, 969 ms
 count(1) 
----------
   156763
(1 row)

Time: 0 hrs, 0 mins, 0 secs, 193 ms
END
Time: 0 hrs, 0 mins, 14 secs, 42 ms

Sun May 1 05:03:00 EDT 2011

Timing is on.

           800 - LOAD_BN_HITS

BEGIN
Time: 0 hrs, 0 mins, 3 secs, 980 ms
SET
Time: 0 hrs, 0 mins, 0 secs, 10 ms
SET
Time: 0 hrs, 0 mins, 0 secs, 74 ms
SET
Time: 0 hrs, 0 mins, 0 secs, 118 ms
SET
Time: 0 hrs, 0 mins, 0 secs, 75 ms
TRUNCATE
Time: 0 hrs, 55 mins, 5 secs, 924 ms
INSERT 0 14387374
Time: 0 hrs, 0 mins, 14 secs, 450 ms
 count(1) 
----------
 14387374
(1 row)

Time: 0 hrs, 0 mins, 2 secs, 104 ms
ANALYZE
Time: 0 hrs, 0 mins, 6 secs, 345 ms
END
Time: 0 hrs, 0 mins, 10 secs, 422 ms

Sun May 1 05:58:43 EDT 2011

Timing is on.

            900 - LOAD_CLICKSTREAM   

BEGIN
Time: 0 hrs, 0 mins, 1 secs, 155 ms
SET
Time: 0 hrs, 0 mins, 0 secs, 17 ms
TRUNCATE
Time: 0 hrs, 0 mins, 2 secs, 15 ms
INSERT 0 14387374
Time: 0 hrs, 1 mins, 15 secs, 487 ms
 count(1) 
----------
 14387374
(1 row)

Time: 0 hrs, 0 mins, 0 secs, 670 ms
ANALYZE
Time: 0 hrs, 0 mins, 1 secs, 571 ms
END
Time: 0 hrs, 0 mins, 2 secs, 110 ms

Sun May 1 06:00:07 EDT 2011

Timing is on.

            1000 - PAGE_VIEW_SUMMARY  

BEGIN
Time: 0 hrs, 0 mins, 1 secs, 90 ms
SET
Time: 0 hrs, 0 mins, 0 secs, 11 ms
SET
Time: 0 hrs, 0 mins, 0 secs, 44 ms
TRUNCATE
Time: 0 hrs, 0 mins, 0 secs, 583 ms
INSERT 0 38136
Time: 0 hrs, 0 mins, 4 secs, 126 ms
 count(1) 
----------
    38136
(1 row)

Time: 0 hrs, 0 mins, 0 secs, 231 ms
ANALYZE
Time: 0 hrs, 0 mins, 0 secs, 47 ms
END
Time: 0 hrs, 0 mins, 1 secs, 433 ms

Sun May 1 06:00:15 EDT 2011


2000 - WRAP UP 

Timing is on.
BEGIN
Time: 0 hrs, 0 mins, 1 secs, 39 ms
TRUNCATE
Time: 0 hrs, 0 mins, 0 secs, 722 ms
TRUNCATE
Time: 0 hrs, 0 mins, 1 secs, 749 ms
END
Time: 0 hrs, 0 mins, 1 secs, 474 ms
Sun May 1 06:00:20 EDT 2011
Removing lock file and waiting for a minute
Checking for lock file /tmp/.iislock
Acquired lock file /tmp/.iislock
-------------------------------------
Processing for 20110430
-------------------------------------

Mon May 2 06:47:54 EDT 2011

Timing is on.

           000 - INIT

BEGIN
Time: 0 hrs, 0 mins, 2 secs, 73 ms
*** Truncating staging tables before workflow starts ***
SET
Time: 0 hrs, 0 mins, 0 secs, 28 ms
GRANT
Time: 0 hrs, 0 mins, 10 secs, 445 ms
END
Time: 0 hrs, 0 mins, 1 secs, 103 ms

Mon May 2 06:48:09 EDT 2011

Timing is on.

            200 - LOAD_BN_IISLOGS   

BEGIN
Time: 0 hrs, 0 mins, 2 secs, 215 ms
SET
Time: 0 hrs, 0 mins, 0 secs, 66 ms
TRUNCATE
Time: 0 hrs, 0 mins, 0 secs, 569 ms
INSERT 0 61198053
Time: 0 hrs, 9 mins, 29 secs, 265 ms
END
Time: 0 hrs, 0 mins, 10 secs, 458 ms
ALTER TABLE
Time: 0 hrs, 0 mins, 24 secs, 713 ms

Mon May 2 06:58:18 EDT 2011

Timing is on.
BEGIN
Time: 0 hrs, 0 mins, 2 secs, 392 ms
SET
Time: 0 hrs, 0 mins, 0 secs, 103 ms

            250 - LOAD_BN_HITS_SP   

TRUNCATE
Time: 0 hrs, 0 mins, 1 secs, 209 ms
INSERT 0 19930276
Time: 0 hrs, 5 mins, 39 secs, 374 ms
ANALYZE
Time: 0 hrs, 0 mins, 34 secs, 489 ms
END
Time: 0 hrs, 0 mins, 10 secs, 97 ms

Mon May 2 07:04:48 EDT 2011

Timing is on.
BEGIN
Time: 0 hrs, 0 mins, 3 secs, 631 ms
SET
Time: 0 hrs, 0 mins, 0 secs, 46 ms

           300 - DYNAMIC FILTER

TRUNCATE
Time: 0 hrs, 0 mins, 0 secs, 952 ms
INSERT 0 12514395
Time: 0 hrs, 0 mins, 16 secs, 973 ms
ANALYZE
Time: 0 hrs, 0 mins, 1 secs, 881 ms
 Total records in web_click_cnt 
--------------------------------
                       12514395
(1 row)

Time: 0 hrs, 0 mins, 2 secs, 456 ms
CREATE TABLE
Time: 0 hrs, 0 mins, 5 secs, 539 ms
ANALYZE
Time: 0 hrs, 0 mins, 0 secs, 520 ms
CREATE TABLE
Time: 0 hrs, 0 mins, 2 secs, 279 ms
ANALYZE
Time: 0 hrs, 0 mins, 0 secs, 299 ms
DELETE 1
Time: 0 hrs, 0 mins, 0 secs, 884 ms
INSERT 0 1
Time: 0 hrs, 0 mins, 5 secs, 4 ms
DELETE 1
Time: 0 hrs, 0 mins, 0 secs, 415 ms
INSERT 0 1
Time: 0 hrs, 0 mins, 0 secs, 538 ms
CREATE TABLE
Time: 0 hrs, 0 mins, 3 secs, 304 ms
ANALYZE
Time: 0 hrs, 0 mins, 0 secs, 150 ms
CREATE TABLE
Time: 0 hrs, 0 mins, 7 secs, 333 ms
ANALYZE
Time: 0 hrs, 0 mins, 0 secs, 517 ms
DELETE 1
Time: 0 hrs, 0 mins, 0 secs, 834 ms
INSERT 0 1
Time: 0 hrs, 0 mins, 1 secs, 86 ms
DELETE 1
Time: 0 hrs, 0 mins, 0 secs, 138 ms
INSERT 0 1
Time: 0 hrs, 0 mins, 0 secs, 439 ms
ANALYZE
Time: 0 hrs, 0 mins, 0 secs, 227 ms
    tablename     |    attr_name    | attr_value 
------------------+-----------------+------------
 BN_FILTER_SPIDER | CLK_USER_SD_MPL | 10
 BN_FILTER_SPIDER | IP_USER_SD_MPL  | 1
 BN_FILTER_SPIDER | IP_USER_RATIO   | .955
 BN_FILTER_SPIDER | CLK_USER_MEAN   | 16.972
 BN_FILTER_SPIDER | CLK_USER_SD     | 131.160
 BN_FILTER_SPIDER | IP_USER_MEAN    | 15.789
 BN_FILTER_SPIDER | IP_USER_SD      | 1931.354
(7 rows)

Time: 0 hrs, 0 mins, 0 secs, 437 ms
CREATE TABLE
Time: 0 hrs, 0 mins, 6 secs, 854 ms
CREATE TABLE
Time: 0 hrs, 0 mins, 10 secs, 888 ms
 l_mean_sd_mpl 
---------------
      1328.572
(1 row)

Time: 0 hrs, 0 mins, 0 secs, 699 ms
TRUNCATE
Time: 0 hrs, 0 mins, 5 secs, 960 ms
INSERT 0 167
Time: 0 hrs, 0 mins, 29 secs, 131 ms
ANALYZE
Time: 0 hrs, 0 mins, 0 secs, 631 ms
 Total click_user bn_spider_ip records 
---------------------------------------
                                   167
(1 row)

Time: 0 hrs, 0 mins, 0 secs, 908 ms
CREATE TABLE
Time: 0 hrs, 0 mins, 14 secs, 6 ms
ANALYZE
Time: 0 hrs, 0 mins, 0 secs, 514 ms
CREATE TABLE
Time: 0 hrs, 0 mins, 7 secs, 416 ms
ANALYZE
Time: 0 hrs, 0 mins, 0 secs, 146 ms
DROP 
Time: 0 hrs, 0 mins, 7 secs, 591 ms
CREATE TABLE
Time: 0 hrs, 0 mins, 1 secs, 940 ms
 l_mean_sd_mpl | l_ratio 
---------------+---------
      1947.143 |   0.955
(1 row)

Time: 0 hrs, 0 mins, 0 secs, 785 ms
INSERT 0 10152817
Time: 0 hrs, 0 mins, 6 secs, 746 ms
ANALYZE
Time: 0 hrs, 0 mins, 0 secs, 410 ms
 Total ip_user_filter bn_spider_ip records 
-------------------------------------------
                                  10152817
(1 row)

Time: 0 hrs, 0 mins, 0 secs, 615 ms
TRUNCATE
Time: 0 hrs, 0 mins, 2 secs, 279 ms
INSERT 0 20210250
Time: 0 hrs, 0 mins, 27 secs, 923 ms
ANALYZE
Time: 0 hrs, 0 mins, 4 secs, 634 ms
 bn_hits_stage 
---------------
      20210250
(1 row)

Time: 0 hrs, 0 mins, 1 secs, 250 ms
INSERT 0 13125935
Time: 0 hrs, 0 mins, 48 secs, 401 ms
ANALYZE
Time: 0 hrs, 0 mins, 52 secs, 338 ms
 bn_hits_sp_20110430 
---------------------
            33056211
(1 row)

Time: 0 hrs, 0 mins, 14 secs, 165 ms
TRUNCATE
Time: 0 hrs, 0 mins, 2 secs, 543 ms
INSERT 0 7931592
Time: 0 hrs, 0 mins, 20 secs, 20 ms
ANALYZE
Time: 0 hrs, 0 mins, 4 secs, 395 ms
 bn_hits_client_20110430 
-------------------------
                 7931592
(1 row)

Time: 0 hrs, 0 mins, 1 secs, 667 ms
END
Time: 0 hrs, 0 mins, 42 secs, 25 ms

Mon May 2 07:11:05 EDT 2011

Timing is on.
BEGIN
Time: 0 hrs, 0 mins, 7 secs, 491 ms

           600 - LOAD RESOURCES

SET
Time: 0 hrs, 0 mins, 0 secs, 28 ms
CREATE TABLE
Time: 0 hrs, 0 mins, 16 secs, 720 ms
ANALYZE
Time: 0 hrs, 0 mins, 1 secs, 51 ms
 tmp_a_count 
-------------
       41191
(1 row)

Time: 0 hrs, 0 mins, 0 secs, 219 ms
UPDATE 0
Time: 0 hrs, 0 mins, 2 secs, 999 ms
ANALYZE
Time: 0 hrs, 0 mins, 0 secs, 946 ms
TRUNCATE
Time: 0 hrs, 0 mins, 2 secs, 748 ms
INSERT 0 1291
Time: 0 hrs, 0 mins, 13 secs, 575 ms
ANALYZE
Time: 0 hrs, 0 mins, 0 secs, 387 ms
 first_resource_id | last_resource_id 
-------------------+------------------
          13404608 |         13405898
(1 row)

Time: 0 hrs, 0 mins, 0 secs, 471 ms
INSERT 0 1291
Time: 0 hrs, 0 mins, 1 secs, 76 ms
 total_resources 
-----------------
        13381503
(1 row)

Time: 0 hrs, 0 mins, 0 secs, 337 ms
ANALYZE
Time: 0 hrs, 1 mins, 46 secs, 5 ms
END
Time: 0 hrs, 0 mins, 23 secs, 892 ms
VACUUM
Time: 0 hrs, 0 mins, 37 secs, 913 ms

Mon May 2 07:14:44 EDT 2011

Timing is on.

           650 - LOAD_BN_SESSION_STAGE

BEGIN
Time: 0 hrs, 0 mins, 2 secs, 915 ms
SET
Time: 0 hrs, 0 mins, 0 secs, 121 ms
SET
Time: 0 hrs, 0 mins, 0 secs, 17 ms
CREATE TABLE
Time: 0 hrs, 0 mins, 56 secs, 109 ms
ANALYZE
Time: 0 hrs, 0 mins, 6 secs, 541 ms
 tmp_sessionized_stage 
-----------------------
              20210250
(1 row)

Time: 0 hrs, 0 mins, 0 secs, 926 ms
TRUNCATE
Time: 0 hrs, 0 mins, 1 secs, 829 ms
INSERT 0 2009682
Time: 0 hrs, 0 mins, 28 secs, 526 ms
ANALYZE
Time: 0 hrs, 0 mins, 0 secs, 742 ms
CREATE TABLE
Time: 0 hrs, 2 mins, 20 secs, 726 ms
CREATE INDEX
Time: 0 hrs, 0 mins, 3 secs, 270 ms
 tmp_first_last 
----------------
        2009682
(1 row)

Time: 0 hrs, 0 mins, 0 secs, 858 ms
ANALYZE
Time: 0 hrs, 0 mins, 1 secs, 159 ms
SET
Time: 0 hrs, 0 mins, 0 secs, 79 ms
SET
Time: 0 hrs, 0 mins, 0 secs, 37 ms
TRUNCATE
Time: 0 hrs, 0 mins, 11 secs, 608 ms
DROP
Time: 0 hrs, 0 mins, 1 secs, 785 ms
INSERT 0 2009682
Time: 0 hrs, 0 mins, 17 secs, 656 ms
 bn_session_stage 
------------------
          2009682
(1 row)

Time: 0 hrs, 0 mins, 4 secs, 343 ms
CREATE INDEX
Time: 0 hrs, 0 mins, 5 secs, 505 ms
ANALYZE
Time: 0 hrs, 0 mins, 2 secs, 545 ms
TRUNCATE
Time: 0 hrs, 0 mins, 3 secs, 278 ms
END
Time: 0 hrs, 0 mins, 27 secs, 483 ms

Mon May 2 07:20:05 EDT 2011

BEGIN

           660 - LOAD_BN_SESSION_UPDATE_STAGE

SET
TRUNCATE
INSERT 0 0
END

Mon May 2 07:20:47 EDT 2011

Timing is on.

           670 - LOAD_BN_SESSION_20110430.UPDATES

BEGIN
Time: 0 hrs, 0 mins, 2 secs, 239 ms
SET
Time: 0 hrs, 0 mins, 0 secs, 34 ms
UPDATE 0
Time: 0 hrs, 0 mins, 7 secs, 968 ms
END
Time: 0 hrs, 0 mins, 15 secs, 795 ms
VACUUM
Time: 0 hrs, 2 mins, 13 secs, 845 ms

Mon May 2 07:23:29 EDT 2011

Timing is on.

           700 - LOAD_BN_SESSION

BEGIN
Time: 0 hrs, 0 mins, 4 secs, 674 ms
SET
Time: 0 hrs, 0 mins, 0 secs, 126 ms
INSERT 0 2009682
Time: 0 hrs, 0 mins, 17 secs, 730 ms
ANALYZE
Time: 0 hrs, 0 mins, 1 secs, 396 ms
END
Time: 0 hrs, 0 mins, 39 secs, 144 ms

Mon May 2 07:24:36 EDT 2011

Timing is on.

            750 - LOAD_BN_SESSION_SUMMARY   

BEGIN
Time: 0 hrs, 0 mins, 1 secs, 540 ms
SET
Time: 0 hrs, 0 mins, 0 secs, 20 ms
CREATE TABLE
Time: 0 hrs, 0 mins, 11 secs, 284 ms
TRUNCATE
Time: 0 hrs, 0 mins, 3 secs, 527 ms
INSERT 0 195234
Time: 0 hrs, 0 mins, 11 secs, 886 ms
ANALYZE
Time: 0 hrs, 0 mins, 0 secs, 797 ms
 count(1) 
----------
   195234
(1 row)

Time: 0 hrs, 0 mins, 0 secs, 207 ms
END
Time: 0 hrs, 0 mins, 23 secs, 743 ms

Mon May 2 07:25:32 EDT 2011

Timing is on.

           800 - LOAD_BN_HITS

BEGIN
Time: 0 hrs, 0 mins, 7 secs, 419 ms
SET
Time: 0 hrs, 0 mins, 0 secs, 143 ms
SET
Time: 0 hrs, 0 mins, 0 secs, 18 ms
SET
Time: 0 hrs, 0 mins, 0 secs, 19 ms
SET
Time: 0 hrs, 0 mins, 0 secs, 22 ms
TRUNCATE
Time: 0 hrs, 0 mins, 2 secs, 856 ms
INSERT 0 20210250
Time: 0 hrs, 0 mins, 21 secs, 947 ms
 count(1) 
----------
 20210250
(1 row)

Time: 0 hrs, 0 mins, 2 secs, 280 ms
ANALYZE
Time: 0 hrs, 0 mins, 4 secs, 751 ms
END
Time: 0 hrs, 1 mins, 39 secs, 562 ms

Mon May 2 07:27:56 EDT 2011

Timing is on.

            900 - LOAD_CLICKSTREAM   

BEGIN
Time: 0 hrs, 0 mins, 4 secs, 233 ms
SET
Time: 0 hrs, 0 mins, 0 secs, 34 ms
TRUNCATE
Time: 0 hrs, 0 mins, 2 secs, 742 ms
INSERT 0 20210250
Time: 0 hrs, 3 mins, 4 secs, 354 ms
 count(1) 
----------
 20210250
(1 row)

Time: 0 hrs, 0 mins, 4 secs, 568 ms
ANALYZE
Time: 0 hrs, 0 mins, 2 secs, 263 ms
END
Time: 0 hrs, 2 mins, 13 secs, 688 ms

Mon May 2 07:33:31 EDT 2011

Timing is on.

            1000 - PAGE_VIEW_SUMMARY  

BEGIN
Time: 0 hrs, 0 mins, 5 secs, 830 ms
SET
Time: 0 hrs, 0 mins, 0 secs, 54 ms
SET
Time: 0 hrs, 0 mins, 0 secs, 14 ms
TRUNCATE
Time: 0 hrs, 0 mins, 4 secs, 697 ms
INSERT 0 48008
Time: 0 hrs, 0 mins, 30 secs, 515 ms
 count(1) 
----------
    48008
(1 row)

Time: 0 hrs, 0 mins, 0 secs, 429 ms
ANALYZE
Time: 0 hrs, 0 mins, 0 secs, 126 ms
END
Time: 0 hrs, 0 mins, 9 secs, 320 ms

Mon May 2 07:34:25 EDT 2011


2000 - WRAP UP 

Timing is on.
BEGIN
Time: 0 hrs, 0 mins, 7 secs, 314 ms
TRUNCATE
Time: 0 hrs, 0 mins, 3 secs, 528 ms
TRUNCATE
Time: 0 hrs, 0 mins, 5 secs, 337 ms
END
Time: 0 hrs, 0 mins, 8 secs, 272 ms
Mon May 2 07:34:54 EDT 2011
Removing lock file and waiting for a minute
