Checking for lock file /tmp/.iislock
Acquired lock file /tmp/.iislock
-------------------------------------
Processing for 20110325
-------------------------------------

Sat Mar 26 03:21:38 EDT 2011

Timing is on.

           000 - INIT

BEGIN
Time: 0 hrs, 0 mins, 0 secs, 700 ms
*** Truncating staging tables before workflow starts ***
SET
Time: 0 hrs, 0 mins, 0 secs, 14 ms
GRANT
Time: 0 hrs, 0 mins, 2 secs, 190 ms
END
Time: 0 hrs, 0 mins, 6 secs, 974 ms

Sat Mar 26 03:21:49 EDT 2011

Timing is on.

            200 - LOAD_BN_IISLOGS   

BEGIN
Time: 0 hrs, 0 mins, 3 secs, 193 ms
SET
Time: 0 hrs, 0 mins, 0 secs, 10 ms
TRUNCATE
Time: 0 hrs, 0 mins, 2 secs, 555 ms
INSERT 0 19993550
Time: 0 hrs, 4 mins, 37 secs, 760 ms
END
Time: 0 hrs, 0 mins, 33 secs, 318 ms
ALTER TABLE
Time: 0 hrs, 8 mins, 57 secs, 937 ms

Sat Mar 26 03:36:04 EDT 2011

Timing is on.
BEGIN
Time: 0 hrs, 0 mins, 4 secs, 581 ms
SET
Time: 0 hrs, 0 mins, 0 secs, 11 ms

            250 - LOAD_BN_HITS_SP   

TRUNCATE
Time: 0 hrs, 0 mins, 4 secs, 870 ms
INSERT 0 6379717
Time: 0 hrs, 2 mins, 26 secs, 476 ms
ANALYZE
Time: 0 hrs, 0 mins, 5 secs, 225 ms
END
Time: 0 hrs, 0 mins, 3 secs, 61 ms

Sat Mar 26 03:38:48 EDT 2011

Timing is on.
BEGIN
Time: 0 hrs, 0 mins, 0 secs, 762 ms
SET
Time: 0 hrs, 0 mins, 0 secs, 10 ms

           300 - DYNAMIC FILTER

TRUNCATE
Time: 0 hrs, 0 mins, 2 secs, 403 ms
INSERT 0 944633
Time: 0 hrs, 0 mins, 16 secs, 518 ms
ANALYZE
Time: 0 hrs, 0 mins, 1 secs, 456 ms
 Total records in web_click_cnt 
--------------------------------
                         944633
(1 row)

Time: 0 hrs, 0 mins, 0 secs, 995 ms
CREATE TABLE
Time: 0 hrs, 0 mins, 7 secs, 318 ms
ANALYZE
Time: 0 hrs, 0 mins, 0 secs, 50 ms
CREATE TABLE
Time: 0 hrs, 0 mins, 3 secs, 776 ms
ANALYZE
Time: 0 hrs, 0 mins, 0 secs, 50 ms
DELETE 1
Time: 0 hrs, 0 mins, 0 secs, 439 ms
INSERT 0 1
Time: 0 hrs, 0 mins, 0 secs, 655 ms
DELETE 1
Time: 0 hrs, 0 mins, 0 secs, 102 ms
INSERT 0 1
Time: 0 hrs, 0 mins, 0 secs, 395 ms
CREATE TABLE
Time: 0 hrs, 0 mins, 2 secs, 121 ms
ANALYZE
Time: 0 hrs, 0 mins, 0 secs, 51 ms
CREATE TABLE
Time: 0 hrs, 0 mins, 2 secs, 348 ms
ANALYZE
Time: 0 hrs, 0 mins, 0 secs, 52 ms
DELETE 1
Time: 0 hrs, 0 mins, 0 secs, 92 ms
INSERT 0 1
Time: 0 hrs, 0 mins, 0 secs, 329 ms
DELETE 1
Time: 0 hrs, 0 mins, 0 secs, 90 ms
INSERT 0 1
Time: 0 hrs, 0 mins, 0 secs, 488 ms
ANALYZE
Time: 0 hrs, 0 mins, 0 secs, 126 ms
    tablename     |    attr_name    | attr_value 
------------------+-----------------+------------
 BN_FILTER_SPIDER | CLK_USER_SD_MPL | 10
 BN_FILTER_SPIDER | IP_USER_SD_MPL  | 1
 BN_FILTER_SPIDER | IP_USER_RATIO   | .955
 BN_FILTER_SPIDER | CLK_USER_MEAN   | 19.008
 BN_FILTER_SPIDER | CLK_USER_SD     | 762.153
 BN_FILTER_SPIDER | IP_USER_MEAN    | 3.216
 BN_FILTER_SPIDER | IP_USER_SD      | 625.714
(7 rows)

Time: 0 hrs, 0 mins, 0 secs, 674 ms
CREATE TABLE
Time: 0 hrs, 0 mins, 2 secs, 65 ms
CREATE TABLE
Time: 0 hrs, 0 mins, 0 secs, 515 ms
 l_mean_sd_mpl 
---------------
      7640.538
(1 row)

Time: 0 hrs, 0 mins, 0 secs, 252 ms
TRUNCATE
Time: 0 hrs, 0 mins, 0 secs, 722 ms
INSERT 0 5
Time: 0 hrs, 0 mins, 2 secs, 496 ms
ANALYZE
Time: 0 hrs, 0 mins, 0 secs, 63 ms
 Total click_user bn_spider_ip records 
---------------------------------------
                                     5
(1 row)

Time: 0 hrs, 0 mins, 0 secs, 152 ms
CREATE TABLE
Time: 0 hrs, 0 mins, 3 secs, 46 ms
ANALYZE
Time: 0 hrs, 0 mins, 0 secs, 100 ms
CREATE TABLE
Time: 0 hrs, 0 mins, 1 secs, 817 ms
ANALYZE
Time: 0 hrs, 0 mins, 0 secs, 60 ms
DROP 
Time: 0 hrs, 0 mins, 0 secs, 429 ms
CREATE TABLE
Time: 0 hrs, 0 mins, 1 secs, 459 ms
 l_mean_sd_mpl | l_ratio 
---------------+---------
       628.930 |   0.955
(1 row)

Time: 0 hrs, 0 mins, 1 secs, 655 ms
INSERT 0 86880
Time: 0 hrs, 0 mins, 3 secs, 149 ms
ANALYZE
Time: 0 hrs, 0 mins, 0 secs, 117 ms
 Total ip_user_filter bn_spider_ip records 
-------------------------------------------
                                     86880
(1 row)

Time: 0 hrs, 0 mins, 0 secs, 256 ms
TRUNCATE
Time: 0 hrs, 0 mins, 6 secs, 48 ms
INSERT 0 7994075
Time: 0 hrs, 0 mins, 33 secs, 801 ms
ANALYZE
Time: 0 hrs, 0 mins, 5 secs, 2 ms
 bn_hits_stage 
---------------
       7994075
(1 row)

Time: 0 hrs, 0 mins, 0 secs, 196 ms
INSERT 0 692445
Time: 0 hrs, 3 mins, 28 secs, 580 ms
ANALYZE
Time: 0 hrs, 0 mins, 42 secs, 137 ms
 bn_hits_sp_20110325 
---------------------
             7072162
(1 row)

Time: 0 hrs, 0 mins, 9 secs, 583 ms
TRUNCATE
Time: 0 hrs, 0 mins, 3 secs, 35 ms
INSERT 0 4927313
Time: 0 hrs, 0 mins, 16 secs, 512 ms
ANALYZE
Time: 0 hrs, 0 mins, 3 secs, 820 ms
 bn_hits_client_20110325 
-------------------------
                 4927313
(1 row)

Time: 0 hrs, 0 mins, 0 secs, 324 ms
END
Time: 0 hrs, 1 mins, 41 secs, 874 ms

Sat Mar 26 03:46:59 EDT 2011

Timing is on.
BEGIN
Time: 0 hrs, 0 mins, 1 secs, 542 ms

           600 - LOAD RESOURCES

SET
Time: 0 hrs, 0 mins, 0 secs, 11 ms
CREATE TABLE
Time: 0 hrs, 0 mins, 16 secs, 646 ms
ANALYZE
Time: 0 hrs, 0 mins, 0 secs, 797 ms
 tmp_a_count 
-------------
       29186
(1 row)

Time: 0 hrs, 0 mins, 0 secs, 540 ms
UPDATE 0
Time: 0 hrs, 0 mins, 2 secs, 19 ms
ANALYZE
Time: 0 hrs, 0 mins, 0 secs, 907 ms
TRUNCATE
Time: 0 hrs, 0 mins, 1 secs, 61 ms
INSERT 0 3092
Time: 0 hrs, 0 mins, 7 secs, 174 ms
ANALYZE
Time: 0 hrs, 0 mins, 1 secs, 326 ms
 first_resource_id | last_resource_id 
-------------------+------------------
          13061049 |         13064140
(1 row)

Time: 0 hrs, 0 mins, 2 secs, 181 ms
INSERT 0 3092
Time: 0 hrs, 0 mins, 2 secs, 768 ms
 total_resources 
-----------------
        13039745
(1 row)

Time: 0 hrs, 0 mins, 1 secs, 50 ms
ANALYZE
Time: 0 hrs, 0 mins, 0 secs, 815 ms
END
Time: 0 hrs, 0 mins, 12 secs, 10 ms
VACUUM
Time: 0 hrs, 0 mins, 34 secs, 578 ms

Sat Mar 26 03:48:25 EDT 2011

Timing is on.

           650 - LOAD_BN_SESSION_STAGE

BEGIN
Time: 0 hrs, 0 mins, 2 secs, 543 ms
SET
Time: 0 hrs, 0 mins, 0 secs, 13 ms
SET
Time: 0 hrs, 0 mins, 0 secs, 42 ms
CREATE TABLE
Time: 0 hrs, 0 mins, 39 secs, 84 ms
ANALYZE
Time: 0 hrs, 0 mins, 3 secs, 429 ms
 tmp_sessionized_stage 
-----------------------
               7994075
(1 row)

Time: 0 hrs, 0 mins, 0 secs, 201 ms
TRUNCATE
Time: 0 hrs, 0 mins, 1 secs, 324 ms
INSERT 0 715979
Time: 0 hrs, 0 mins, 13 secs, 760 ms
ANALYZE
Time: 0 hrs, 0 mins, 0 secs, 681 ms
CREATE TABLE
Time: 0 hrs, 1 mins, 3 secs, 315 ms
CREATE INDEX
Time: 0 hrs, 0 mins, 0 secs, 954 ms
 tmp_first_last 
----------------
         715979
(1 row)

Time: 0 hrs, 0 mins, 0 secs, 454 ms
ANALYZE
Time: 0 hrs, 0 mins, 0 secs, 830 ms
SET
Time: 0 hrs, 0 mins, 0 secs, 32 ms
SET
Time: 0 hrs, 0 mins, 0 secs, 31 ms
TRUNCATE
Time: 0 hrs, 0 mins, 7 secs, 726 ms
DROP
Time: 0 hrs, 0 mins, 2 secs, 865 ms
INSERT 0 715979
Time: 0 hrs, 0 mins, 4 secs, 718 ms
 bn_session_stage 
------------------
           715979
(1 row)

Time: 0 hrs, 0 mins, 1 secs, 845 ms
CREATE INDEX
Time: 0 hrs, 0 mins, 4 secs, 819 ms
ANALYZE
Time: 0 hrs, 0 mins, 4 secs, 395 ms
TRUNCATE
Time: 0 hrs, 0 mins, 5 secs, 359 ms
END
Time: 0 hrs, 0 mins, 24 secs, 109 ms

Sat Mar 26 03:51:27 EDT 2011

BEGIN

           660 - LOAD_BN_SESSION_UPDATE_STAGE

SET
TRUNCATE
INSERT 0 0
END

Sat Mar 26 03:52:05 EDT 2011

Timing is on.

           670 - LOAD_BN_SESSION_20110325.UPDATES

BEGIN
Time: 0 hrs, 0 mins, 1 secs, 969 ms
SET
Time: 0 hrs, 0 mins, 0 secs, 12 ms
UPDATE 0
Time: 0 hrs, 0 mins, 0 secs, 794 ms
END
Time: 0 hrs, 0 mins, 22 secs, 212 ms
VACUUM
Time: 0 hrs, 0 mins, 19 secs, 666 ms

Sat Mar 26 03:52:50 EDT 2011

Timing is on.

           700 - LOAD_BN_SESSION

BEGIN
Time: 0 hrs, 0 mins, 1 secs, 224 ms
SET
Time: 0 hrs, 0 mins, 0 secs, 16 ms
INSERT 0 715979
Time: 0 hrs, 0 mins, 14 secs, 502 ms
ANALYZE
Time: 0 hrs, 0 mins, 0 secs, 637 ms
END
Time: 0 hrs, 0 mins, 17 secs, 116 ms

Sat Mar 26 03:53:24 EDT 2011

Timing is on.

            750 - LOAD_BN_SESSION_SUMMARY   

BEGIN
Time: 0 hrs, 0 mins, 0 secs, 804 ms
SET
Time: 0 hrs, 0 mins, 0 secs, 10 ms
CREATE TABLE
Time: 0 hrs, 0 mins, 4 secs, 834 ms
TRUNCATE
Time: 0 hrs, 0 mins, 1 secs, 92 ms
INSERT 0 69720
Time: 0 hrs, 0 mins, 2 secs, 939 ms
ANALYZE
Time: 0 hrs, 0 mins, 0 secs, 282 ms
 count(1) 
----------
    69720
(1 row)

Time: 0 hrs, 0 mins, 0 secs, 132 ms
END
Time: 0 hrs, 0 mins, 19 secs, 727 ms

Sat Mar 26 03:53:54 EDT 2011

Timing is on.

           800 - LOAD_BN_HITS

BEGIN
Time: 0 hrs, 0 mins, 1 secs, 774 ms
SET
Time: 0 hrs, 0 mins, 0 secs, 9 ms
SET
Time: 0 hrs, 0 mins, 0 secs, 104 ms
SET
Time: 0 hrs, 0 mins, 0 secs, 69 ms
SET
Time: 0 hrs, 0 mins, 0 secs, 156 ms
TRUNCATE
Time: 0 hrs, 0 mins, 4 secs, 258 ms
INSERT 0 7994075
Time: 0 hrs, 0 mins, 4 secs, 712 ms
 count(1) 
----------
  7994075
(1 row)

Time: 0 hrs, 0 mins, 3 secs, 764 ms
ANALYZE
Time: 0 hrs, 0 mins, 4 secs, 744 ms
END
Time: 0 hrs, 0 mins, 40 secs, 652 ms

Sat Mar 26 03:54:54 EDT 2011

Timing is on.

            900 - LOAD_CLICKSTREAM   

BEGIN
Time: 0 hrs, 0 mins, 3 secs, 839 ms
SET
Time: 0 hrs, 0 mins, 0 secs, 11 ms
TRUNCATE
Time: 0 hrs, 0 mins, 2 secs, 318 ms
INSERT 0 7994075
Time: 0 hrs, 3 mins, 16 secs, 688 ms
 count(1) 
----------
  7994075
(1 row)

Time: 0 hrs, 0 mins, 0 secs, 450 ms
ANALYZE
Time: 0 hrs, 0 mins, 1 secs, 486 ms
END
Time: 0 hrs, 0 mins, 22 secs, 3 ms

Sat Mar 26 03:58:41 EDT 2011

Timing is on.

            1000 - PAGE_VIEW_SUMMARY  

BEGIN
Time: 0 hrs, 0 mins, 6 secs, 270 ms
SET
Time: 0 hrs, 0 mins, 0 secs, 10 ms
SET
Time: 0 hrs, 0 mins, 0 secs, 56 ms
TRUNCATE
Time: 0 hrs, 0 mins, 3 secs, 961 ms
INSERT 0 33058
Time: 0 hrs, 0 mins, 11 secs, 764 ms
 count(1) 
----------
    33058
(1 row)

Time: 0 hrs, 0 mins, 0 secs, 721 ms
ANALYZE
Time: 0 hrs, 0 mins, 0 secs, 213 ms
END
Time: 0 hrs, 0 mins, 28 secs, 530 ms

Sat Mar 26 03:59:33 EDT 2011


2000 - WRAP UP 

Timing is on.
BEGIN
Time: 0 hrs, 0 mins, 5 secs, 891 ms
TRUNCATE
Time: 0 hrs, 0 mins, 0 secs, 697 ms
TRUNCATE
Time: 0 hrs, 0 mins, 1 secs, 703 ms
END
Time: 0 hrs, 0 mins, 23 secs, 155 ms
Sat Mar 26 04:00:05 EDT 2011
Removing lock file and waiting for a minute
Checking for lock file /tmp/.iislock
Acquired lock file /tmp/.iislock
-------------------------------------
Processing for 20110325
-------------------------------------

Sun Mar 27 03:57:43 EDT 2011

Timing is on.

           000 - INIT

BEGIN
Time: 0 hrs, 0 mins, 4 secs, 407 ms
*** Truncating staging tables before workflow starts ***
SET
Time: 0 hrs, 0 mins, 0 secs, 12 ms
GRANT
Time: 0 hrs, 0 mins, 3 secs, 96 ms
END
Time: 0 hrs, 0 mins, 15 secs, 831 ms

Sun Mar 27 03:58:07 EDT 2011

Timing is on.

            200 - LOAD_BN_IISLOGS   

BEGIN
Time: 0 hrs, 0 mins, 1 secs, 980 ms
SET
Time: 0 hrs, 0 mins, 0 secs, 9 ms
TRUNCATE
Time: 0 hrs, 0 mins, 0 secs, 980 ms
INSERT 0 27877388
Time: 0 hrs, 6 mins, 23 secs, 523 ms
END
Time: 0 hrs, 0 mins, 44 secs, 184 ms
ALTER TABLE
Time: 0 hrs, 0 mins, 41 secs, 410 ms

Sun Mar 27 04:05:59 EDT 2011

Timing is on.
BEGIN
Time: 0 hrs, 0 mins, 0 secs, 940 ms
SET
Time: 0 hrs, 0 mins, 0 secs, 12 ms

            250 - LOAD_BN_HITS_SP   

TRUNCATE
Time: 0 hrs, 0 mins, 0 secs, 864 ms
INSERT 0 8768891
Time: 0 hrs, 2 mins, 27 secs, 743 ms
ANALYZE
Time: 0 hrs, 0 mins, 4 secs, 473 ms
END
Time: 0 hrs, 0 mins, 10 secs, 762 ms

Sun Mar 27 04:08:44 EDT 2011

Timing is on.
BEGIN
Time: 0 hrs, 0 mins, 7 secs, 553 ms
SET
Time: 0 hrs, 0 mins, 0 secs, 12 ms

           300 - DYNAMIC FILTER

TRUNCATE
Time: 0 hrs, 0 mins, 3 secs, 456 ms
INSERT 0 1224600
Time: 0 hrs, 0 mins, 51 secs, 2 ms
ANALYZE
Time: 0 hrs, 0 mins, 2 secs, 269 ms
 Total records in web_click_cnt 
--------------------------------
                        1224600
(1 row)

Time: 0 hrs, 0 mins, 3 secs, 146 ms
CREATE TABLE
Time: 0 hrs, 0 mins, 14 secs, 152 ms
ANALYZE
Time: 0 hrs, 0 mins, 0 secs, 544 ms
CREATE TABLE
Time: 0 hrs, 0 mins, 3 secs, 0 ms
ANALYZE
Time: 0 hrs, 0 mins, 0 secs, 69 ms
DELETE 1
Time: 0 hrs, 0 mins, 1 secs, 254 ms
INSERT 0 1
Time: 0 hrs, 0 mins, 0 secs, 482 ms
DELETE 1
Time: 0 hrs, 0 mins, 0 secs, 98 ms
INSERT 0 1
Time: 0 hrs, 0 mins, 1 secs, 138 ms
CREATE TABLE
Time: 0 hrs, 0 mins, 15 secs, 842 ms
ANALYZE
Time: 0 hrs, 0 mins, 0 secs, 71 ms
CREATE TABLE
Time: 0 hrs, 0 mins, 1 secs, 628 ms
ANALYZE
Time: 0 hrs, 0 mins, 0 secs, 70 ms
DELETE 1
Time: 0 hrs, 0 mins, 0 secs, 113 ms
INSERT 0 1
Time: 0 hrs, 0 mins, 0 secs, 545 ms
DELETE 1
Time: 0 hrs, 0 mins, 0 secs, 93 ms
INSERT 0 1
Time: 0 hrs, 0 mins, 0 secs, 366 ms
ANALYZE
Time: 0 hrs, 0 mins, 0 secs, 174 ms
    tablename     |    attr_name    | attr_value 
------------------+-----------------+------------
 BN_FILTER_SPIDER | CLK_USER_SD_MPL | 10
 BN_FILTER_SPIDER | IP_USER_SD_MPL  | 1
 BN_FILTER_SPIDER | IP_USER_RATIO   | .955
 BN_FILTER_SPIDER | CLK_USER_MEAN   | 19.343
 BN_FILTER_SPIDER | CLK_USER_SD     | 692.259
 BN_FILTER_SPIDER | IP_USER_MEAN    | 3.119
 BN_FILTER_SPIDER | IP_USER_SD      | 692.437
(7 rows)

Time: 0 hrs, 0 mins, 0 secs, 279 ms
CREATE TABLE
Time: 0 hrs, 0 mins, 3 secs, 702 ms
CREATE TABLE
Time: 0 hrs, 0 mins, 0 secs, 998 ms
 l_mean_sd_mpl 
---------------
      6941.933
(1 row)

Time: 0 hrs, 0 mins, 0 secs, 413 ms
TRUNCATE
Time: 0 hrs, 0 mins, 1 secs, 546 ms
INSERT 0 5
Time: 0 hrs, 0 mins, 2 secs, 501 ms
ANALYZE
Time: 0 hrs, 0 mins, 0 secs, 386 ms
 Total click_user bn_spider_ip records 
---------------------------------------
                                     5
(1 row)

Time: 0 hrs, 0 mins, 0 secs, 331 ms
CREATE TABLE
Time: 0 hrs, 0 mins, 3 secs, 784 ms
ANALYZE
Time: 0 hrs, 0 mins, 0 secs, 45 ms
CREATE TABLE
Time: 0 hrs, 0 mins, 1 secs, 615 ms
ANALYZE
Time: 0 hrs, 0 mins, 0 secs, 76 ms
DROP 
Time: 0 hrs, 0 mins, 0 secs, 497 ms
CREATE TABLE
Time: 0 hrs, 0 mins, 1 secs, 640 ms
 l_mean_sd_mpl | l_ratio 
---------------+---------
       695.556 |   0.955
(1 row)

Time: 0 hrs, 0 mins, 1 secs, 839 ms
INSERT 0 107585
Time: 0 hrs, 0 mins, 3 secs, 398 ms
ANALYZE
Time: 0 hrs, 0 mins, 0 secs, 135 ms
 Total ip_user_filter bn_spider_ip records 
-------------------------------------------
                                    107585
(1 row)

Time: 0 hrs, 0 mins, 1 secs, 320 ms
TRUNCATE
Time: 0 hrs, 0 mins, 1 secs, 237 ms
INSERT 0 10913948
Time: 0 hrs, 0 mins, 22 secs, 262 ms
ANALYZE
Time: 0 hrs, 0 mins, 4 secs, 109 ms
 bn_hits_stage 
---------------
      10913948
(1 row)

Time: 0 hrs, 0 mins, 0 secs, 162 ms
INSERT 0 790937
Time: 0 hrs, 0 mins, 45 secs, 182 ms
ANALYZE
Time: 0 hrs, 0 mins, 8 secs, 286 ms
 bn_hits_sp_20110325 
---------------------
             9559828
(1 row)

Time: 0 hrs, 0 mins, 4 secs, 888 ms
TRUNCATE
Time: 0 hrs, 0 mins, 0 secs, 935 ms
INSERT 0 7403612
Time: 0 hrs, 0 mins, 5 secs, 929 ms
ANALYZE
Time: 0 hrs, 0 mins, 2 secs, 332 ms
 bn_hits_client_20110325 
-------------------------
                 7403612
(1 row)

Time: 0 hrs, 0 mins, 0 secs, 324 ms
END
Time: 0 hrs, 0 mins, 5 secs, 897 ms

Sun Mar 27 04:12:38 EDT 2011

Timing is on.
BEGIN
Time: 0 hrs, 0 mins, 1 secs, 191 ms

           600 - LOAD RESOURCES

SET
Time: 0 hrs, 0 mins, 0 secs, 12 ms
CREATE TABLE
Time: 0 hrs, 0 mins, 11 secs, 613 ms
ANALYZE
Time: 0 hrs, 0 mins, 1 secs, 166 ms
 tmp_a_count 
-------------
       38319
(1 row)

Time: 0 hrs, 0 mins, 0 secs, 286 ms
UPDATE 0
Time: 0 hrs, 0 mins, 1 secs, 974 ms
ANALYZE
Time: 0 hrs, 0 mins, 0 secs, 691 ms
TRUNCATE
Time: 0 hrs, 0 mins, 0 secs, 756 ms
INSERT 0 1202
Time: 0 hrs, 0 mins, 6 secs, 163 ms
ANALYZE
Time: 0 hrs, 0 mins, 0 secs, 378 ms
 first_resource_id | last_resource_id 
-------------------+------------------
          13068670 |         13069871
(1 row)

Time: 0 hrs, 0 mins, 0 secs, 531 ms
INSERT 0 1202
Time: 0 hrs, 0 mins, 0 secs, 837 ms
 total_resources 
-----------------
        13045476
(1 row)

Time: 0 hrs, 0 mins, 0 secs, 167 ms
ANALYZE
Time: 0 hrs, 0 mins, 1 secs, 41 ms
END
Time: 0 hrs, 0 mins, 4 secs, 328 ms
VACUUM
Time: 0 hrs, 0 mins, 20 secs, 436 ms

Sun Mar 27 04:13:29 EDT 2011

Timing is on.

           650 - LOAD_BN_SESSION_STAGE

BEGIN
Time: 0 hrs, 0 mins, 0 secs, 971 ms
SET
Time: 0 hrs, 0 mins, 0 secs, 12 ms
SET
Time: 0 hrs, 0 mins, 0 secs, 60 ms
CREATE TABLE
Time: 0 hrs, 0 mins, 30 secs, 764 ms
ANALYZE
Time: 0 hrs, 0 mins, 3 secs, 398 ms
 tmp_sessionized_stage 
-----------------------
              10913948
(1 row)

Time: 0 hrs, 0 mins, 1 secs, 152 ms
TRUNCATE
Time: 0 hrs, 0 mins, 3 secs, 30 ms
INSERT 0 941849
Time: 0 hrs, 0 mins, 16 secs, 559 ms
ANALYZE
Time: 0 hrs, 0 mins, 0 secs, 827 ms
CREATE TABLE
Time: 0 hrs, 0 mins, 48 secs, 811 ms
CREATE INDEX
Time: 0 hrs, 0 mins, 2 secs, 389 ms
 tmp_first_last 
----------------
         941849
(1 row)

Time: 0 hrs, 0 mins, 0 secs, 206 ms
ANALYZE
Time: 0 hrs, 0 mins, 0 secs, 669 ms
SET
Time: 0 hrs, 0 mins, 0 secs, 151 ms
SET
Time: 0 hrs, 0 mins, 0 secs, 25 ms
TRUNCATE
Time: 0 hrs, 0 mins, 4 secs, 386 ms
DROP
Time: 0 hrs, 0 mins, 0 secs, 400 ms
INSERT 0 941849
Time: 0 hrs, 0 mins, 4 secs, 367 ms
 bn_session_stage 
------------------
           941849
(1 row)

Time: 0 hrs, 0 mins, 1 secs, 697 ms
CREATE INDEX
Time: 0 hrs, 0 mins, 0 secs, 948 ms
ANALYZE
Time: 0 hrs, 0 mins, 0 secs, 893 ms
TRUNCATE
Time: 0 hrs, 0 mins, 1 secs, 276 ms
END
Time: 0 hrs, 0 mins, 46 secs, 105 ms

Sun Mar 27 04:16:19 EDT 2011

BEGIN

           660 - LOAD_BN_SESSION_UPDATE_STAGE

SET
TRUNCATE
INSERT 0 0
END

Sun Mar 27 04:16:50 EDT 2011

Timing is on.

           670 - LOAD_BN_SESSION_20110325.UPDATES

BEGIN
Time: 0 hrs, 0 mins, 1 secs, 416 ms
SET
Time: 0 hrs, 0 mins, 0 secs, 11 ms
UPDATE 0
Time: 0 hrs, 0 mins, 1 secs, 858 ms
END
Time: 0 hrs, 0 mins, 19 secs, 64 ms
VACUUM
Time: 0 hrs, 0 mins, 17 secs, 150 ms

Sun Mar 27 04:17:29 EDT 2011

Timing is on.

           700 - LOAD_BN_SESSION

BEGIN
Time: 0 hrs, 0 mins, 1 secs, 642 ms
SET
Time: 0 hrs, 0 mins, 0 secs, 12 ms
INSERT 0 941849
Time: 0 hrs, 7 mins, 51 secs, 847 ms
ANALYZE
Time: 0 hrs, 0 mins, 0 secs, 519 ms
END
Time: 0 hrs, 0 mins, 0 secs, 862 ms

Sun Mar 27 04:25:25 EDT 2011

Timing is on.

            750 - LOAD_BN_SESSION_SUMMARY   

BEGIN
Time: 0 hrs, 0 mins, 1 secs, 749 ms
SET
Time: 0 hrs, 0 mins, 0 secs, 9 ms
CREATE TABLE
Time: 0 hrs, 0 mins, 3 secs, 401 ms
TRUNCATE
Time: 0 hrs, 0 mins, 0 secs, 428 ms
INSERT 0 86449
Time: 0 hrs, 0 mins, 2 secs, 482 ms
ANALYZE
Time: 0 hrs, 0 mins, 0 secs, 336 ms
 count(1) 
----------
    86449
(1 row)

Time: 0 hrs, 0 mins, 0 secs, 80 ms
END
Time: 0 hrs, 0 mins, 0 secs, 873 ms

Sun Mar 27 04:25:34 EDT 2011

Timing is on.

           800 - LOAD_BN_HITS

BEGIN
Time: 0 hrs, 0 mins, 0 secs, 649 ms
SET
Time: 0 hrs, 0 mins, 0 secs, 10 ms
SET
Time: 0 hrs, 0 mins, 0 secs, 17 ms
SET
Time: 0 hrs, 0 mins, 0 secs, 17 ms
SET
Time: 0 hrs, 0 mins, 0 secs, 18 ms
TRUNCATE
Time: 0 hrs, 0 mins, 0 secs, 947 ms
INSERT 0 10913948
Time: 0 hrs, 0 mins, 4 secs, 4 ms
 count(1) 
----------
 10913948
(1 row)

Time: 0 hrs, 0 mins, 1 secs, 143 ms
ANALYZE
Time: 0 hrs, 0 mins, 2 secs, 974 ms
END
Time: 0 hrs, 0 mins, 1 secs, 388 ms

Sun Mar 27 04:25:46 EDT 2011

Timing is on.

            900 - LOAD_CLICKSTREAM   

BEGIN
Time: 0 hrs, 0 mins, 0 secs, 751 ms
SET
Time: 0 hrs, 0 mins, 0 secs, 10 ms
TRUNCATE
Time: 0 hrs, 0 mins, 0 secs, 422 ms
INSERT 0 10913948
Time: 0 hrs, 1 mins, 5 secs, 463 ms
 count(1) 
----------
 10913948
(1 row)

Time: 0 hrs, 0 mins, 0 secs, 577 ms
ANALYZE
Time: 0 hrs, 0 mins, 1 secs, 47 ms
END
Time: 0 hrs, 0 mins, 3 secs, 42 ms

Sun Mar 27 04:26:57 EDT 2011

Timing is on.

            1000 - PAGE_VIEW_SUMMARY  

BEGIN
Time: 0 hrs, 0 mins, 2 secs, 47 ms
SET
Time: 0 hrs, 0 mins, 0 secs, 12 ms
SET
Time: 0 hrs, 0 mins, 0 secs, 20 ms
TRUNCATE
Time: 0 hrs, 0 mins, 0 secs, 997 ms
INSERT 0 42997
Time: 0 hrs, 0 mins, 7 secs, 56 ms
 count(1) 
----------
    42997
(1 row)

Time: 0 hrs, 0 mins, 0 secs, 340 ms
ANALYZE
Time: 0 hrs, 0 mins, 0 secs, 760 ms
END
Time: 0 hrs, 0 mins, 2 secs, 836 ms

Sun Mar 27 04:27:12 EDT 2011


2000 - WRAP UP 

Timing is on.
BEGIN
Time: 0 hrs, 0 mins, 0 secs, 650 ms
TRUNCATE
Time: 0 hrs, 0 mins, 0 secs, 790 ms
TRUNCATE
Time: 0 hrs, 0 mins, 0 secs, 320 ms
END
Time: 0 hrs, 0 mins, 3 secs, 701 ms
Sun Mar 27 04:27:17 EDT 2011
Removing lock file and waiting for a minute
