Acquired lock file 
deleting simple.htm records - these are just server testing...
DELETE 0
-------------------------------------
Processing for 20110906
-------------------------------------

Wed Sep 7 03:07:56 EDT 2011

Timing is on.

           000 - INIT

BEGIN
Time: 0 hrs, 0 mins, 0 secs, 302 ms
*** Truncating staging tables before workflow starts ***
SET
Time: 0 hrs, 0 mins, 0 secs, 7 ms
GRANT
Time: 0 hrs, 0 mins, 1 secs, 278 ms
END
Time: 0 hrs, 0 mins, 9 secs, 24 ms

Wed Sep 7 03:08:08 EDT 2011

Timing is on.

            200 - LOAD_BN_IISLOGS   

BEGIN
Time: 0 hrs, 0 mins, 0 secs, 232 ms
SET
Time: 0 hrs, 0 mins, 0 secs, 9 ms
TRUNCATE
Time: 0 hrs, 0 mins, 2 secs, 935 ms
INSERT 0 0
Time: 0 hrs, 0 mins, 15 secs, 751 ms
END
Time: 0 hrs, 0 mins, 11 secs, 527 ms
ALTER TABLE
Time: 0 hrs, 0 mins, 34 secs, 380 ms

Wed Sep 7 03:09:13 EDT 2011

Timing is on.
BEGIN
Time: 0 hrs, 0 mins, 0 secs, 278 ms
SET
Time: 0 hrs, 0 mins, 0 secs, 17 ms

            250 - LOAD_BN_HITS_SP   

TRUNCATE
Time: 0 hrs, 0 mins, 2 secs, 215 ms
INSERT 0 0
Time: 0 hrs, 0 mins, 1 secs, 284 ms
ANALYZE
Time: 0 hrs, 0 mins, 0 secs, 48 ms
END
Time: 0 hrs, 0 mins, 6 secs, 269 ms

Wed Sep 7 03:09:23 EDT 2011

Timing is on.
BEGIN
Time: 0 hrs, 0 mins, 0 secs, 247 ms
SET
Time: 0 hrs, 0 mins, 0 secs, 28 ms

           300 - DYNAMIC FILTER

TRUNCATE
Time: 0 hrs, 0 mins, 2 secs, 737 ms
INSERT 0 0
Time: 0 hrs, 0 mins, 0 secs, 108 ms
ANALYZE
Time: 0 hrs, 0 mins, 0 secs, 39 ms
 Total records in web_click_cnt 
--------------------------------
                              0
(1 row)

Time: 0 hrs, 0 mins, 4 secs, 812 ms
CREATE TABLE
Time: 0 hrs, 0 mins, 6 secs, 968 ms
ANALYZE
Time: 0 hrs, 0 mins, 0 secs, 48 ms
CREATE TABLE
Time: 0 hrs, 0 mins, 0 secs, 334 ms
ANALYZE
Time: 0 hrs, 0 mins, 0 secs, 48 ms
DELETE 1
Time: 0 hrs, 0 mins, 0 secs, 679 ms
INSERT 0 1
Time: 0 hrs, 0 mins, 2 secs, 926 ms
DELETE 1
Time: 0 hrs, 0 mins, 0 secs, 148 ms
INSERT 0 1
Time: 0 hrs, 0 mins, 1 secs, 447 ms
CREATE TABLE
Time: 0 hrs, 0 mins, 0 secs, 472 ms
ANALYZE
Time: 0 hrs, 0 mins, 0 secs, 45 ms
CREATE TABLE
Time: 0 hrs, 0 mins, 1 secs, 45 ms
ANALYZE
Time: 0 hrs, 0 mins, 0 secs, 95 ms
DELETE 1
Time: 0 hrs, 0 mins, 0 secs, 166 ms
INSERT 0 1
Time: 0 hrs, 0 mins, 2 secs, 13 ms
DELETE 1
Time: 0 hrs, 0 mins, 0 secs, 103 ms
INSERT 0 1
Time: 0 hrs, 0 mins, 2 secs, 424 ms
ANALYZE
Time: 0 hrs, 0 mins, 1 secs, 552 ms
    tablename     |    attr_name    | attr_value 
------------------+-----------------+------------
 BN_FILTER_SPIDER | CLK_USER_SD_MPL | 10
 BN_FILTER_SPIDER | IP_USER_SD_MPL  | 1
 BN_FILTER_SPIDER | IP_USER_RATIO   | .955
 BN_FILTER_SPIDER | CLK_USER_MEAN   | 
 BN_FILTER_SPIDER | CLK_USER_SD     | 
 BN_FILTER_SPIDER | IP_USER_MEAN    | 
 BN_FILTER_SPIDER | IP_USER_SD      | 
(7 rows)

Time: 0 hrs, 0 mins, 0 secs, 715 ms
CREATE TABLE
Time: 0 hrs, 0 mins, 4 secs, 359 ms
CREATE TABLE
Time: 0 hrs, 0 mins, 0 secs, 196 ms
 l_mean_sd_mpl 
---------------
         0.000
(1 row)

Time: 0 hrs, 0 mins, 0 secs, 144 ms
TRUNCATE
Time: 0 hrs, 0 mins, 1 secs, 670 ms
INSERT 0 0
Time: 0 hrs, 0 mins, 3 secs, 603 ms
ANALYZE
Time: 0 hrs, 0 mins, 0 secs, 77 ms
 Total click_user bn_spider_ip records 
---------------------------------------
                                     0
(1 row)

Time: 0 hrs, 0 mins, 0 secs, 997 ms
CREATE TABLE
Time: 0 hrs, 0 mins, 3 secs, 115 ms
ANALYZE
Time: 0 hrs, 0 mins, 0 secs, 70 ms
CREATE TABLE
Time: 0 hrs, 0 mins, 8 secs, 536 ms
ANALYZE
Time: 0 hrs, 0 mins, 0 secs, 48 ms
DROP 
Time: 0 hrs, 0 mins, 0 secs, 99 ms
CREATE TABLE
Time: 0 hrs, 0 mins, 1 secs, 484 ms
 l_mean_sd_mpl | l_ratio 
---------------+---------
         0.000 |   0.955
(1 row)

Time: 0 hrs, 0 mins, 0 secs, 231 ms
INSERT 0 0
Time: 0 hrs, 0 mins, 2 secs, 445 ms
ANALYZE
Time: 0 hrs, 0 mins, 0 secs, 61 ms
 Total ip_user_filter bn_spider_ip records 
-------------------------------------------
                                         0
(1 row)

Time: 0 hrs, 0 mins, 0 secs, 235 ms
TRUNCATE
Time: 0 hrs, 0 mins, 1 secs, 907 ms
INSERT 0 0
Time: 0 hrs, 0 mins, 2 secs, 667 ms
ANALYZE
Time: 0 hrs, 0 mins, 0 secs, 184 ms
 bn_hits_stage 
---------------
             0
(1 row)

Time: 0 hrs, 0 mins, 4 secs, 432 ms
INSERT 0 0
Time: 0 hrs, 0 mins, 4 secs, 430 ms
ANALYZE
Time: 0 hrs, 0 mins, 0 secs, 212 ms
 bn_hits_sp_20110906 
---------------------
                   0
(1 row)

Time: 0 hrs, 0 mins, 0 secs, 398 ms
TRUNCATE
Time: 0 hrs, 0 mins, 1 secs, 716 ms
INSERT 0 0
Time: 0 hrs, 0 mins, 1 secs, 495 ms
ANALYZE
Time: 0 hrs, 0 mins, 0 secs, 138 ms
 bn_hits_client_20110906 
-------------------------
                       0
(1 row)

Time: 0 hrs, 0 mins, 0 secs, 490 ms
END
Time: 0 hrs, 0 mins, 28 secs, 7 ms

Wed Sep 7 03:11:06 EDT 2011

Timing is on.
BEGIN
Time: 0 hrs, 0 mins, 0 secs, 494 ms

           600 - LOAD RESOURCES

SET
Time: 0 hrs, 0 mins, 0 secs, 91 ms
CREATE TABLE
Time: 0 hrs, 0 mins, 13 secs, 118 ms
ANALYZE
Time: 0 hrs, 0 mins, 0 secs, 265 ms
 tmp_a_count 
-------------
           0
(1 row)

Time: 0 hrs, 0 mins, 4 secs, 706 ms
UPDATE 0
Time: 0 hrs, 0 mins, 2 secs, 619 ms
ANALYZE
Time: 0 hrs, 0 mins, 3 secs, 272 ms
TRUNCATE
Time: 0 hrs, 0 mins, 1 secs, 534 ms
INSERT 0 0
Time: 0 hrs, 1 mins, 32 secs, 269 ms
ANALYZE
Time: 0 hrs, 0 mins, 0 secs, 90 ms
 first_resource_id | last_resource_id 
-------------------+------------------
                   |                 
(1 row)

Time: 0 hrs, 0 mins, 7 secs, 335 ms
INSERT 0 0
Time: 0 hrs, 0 mins, 7 secs, 80 ms
 total_resources 
-----------------
        40903462
(1 row)

Time: 0 hrs, 0 mins, 0 secs, 770 ms
ANALYZE
Time: 0 hrs, 0 mins, 0 secs, 726 ms
END
Time: 0 hrs, 0 mins, 31 secs, 212 ms
VACUUM
Time: 0 hrs, 0 mins, 17 secs, 278 ms

Wed Sep 7 03:14:09 EDT 2011

Timing is on.

           650 - LOAD_BN_SESSION_STAGE

BEGIN
Time: 0 hrs, 0 mins, 5 secs, 770 ms
SET
Time: 0 hrs, 0 mins, 0 secs, 48 ms
SET
Time: 0 hrs, 0 mins, 0 secs, 121 ms
ERROR:  function "sessionize_timeonpage" does not exist
NOTICE:  current transaction is aborted, queries ignored until end of transaction block
NOTICE:  current transaction is aborted, queries ignored until end of transaction block
NOTICE:  current transaction is aborted, queries ignored until end of transaction block
NOTICE:  current transaction is aborted, queries ignored until end of transaction block
NOTICE:  current transaction is aborted, queries ignored until end of transaction block
NOTICE:  current transaction is aborted, queries ignored until end of transaction block
NOTICE:  current transaction is aborted, queries ignored until end of transaction block
NOTICE:  current transaction is aborted, queries ignored until end of transaction block
NOTICE:  current transaction is aborted, queries ignored until end of transaction block
NOTICE:  current transaction is aborted, queries ignored until end of transaction block
NOTICE:  current transaction is aborted, queries ignored until end of transaction block
NOTICE:  current transaction is aborted, queries ignored until end of transaction block
NOTICE:  current transaction is aborted, queries ignored until end of transaction block
NOTICE:  current transaction is aborted, queries ignored until end of transaction block
NOTICE:  current transaction is aborted, queries ignored until end of transaction block
NOTICE:  current transaction is aborted, queries ignored until end of transaction block
NOTICE:  current transaction is aborted, queries ignored until end of transaction block
NOTICE:  current transaction is aborted, queries ignored until end of transaction block
ABORT
Time: 0 hrs, 0 mins, 2 secs, 258 ms

Wed Sep 7 03:14:20 EDT 2011

BEGIN

           660 - LOAD_BN_SESSION_UPDATE_STAGE

SET
TRUNCATE
INSERT 0 0
END

Wed Sep 7 03:14:58 EDT 2011

Timing is on.

           670 - LOAD_BN_SESSION_20110906.UPDATES

BEGIN
Time: 0 hrs, 0 mins, 0 secs, 451 ms
SET
Time: 0 hrs, 0 mins, 0 secs, 23 ms
UPDATE 0
Time: 0 hrs, 0 mins, 0 secs, 275 ms
END
Time: 0 hrs, 1 mins, 3 secs, 507 ms
VACUUM
Time: 0 hrs, 0 mins, 4 secs, 209 ms

Wed Sep 7 03:16:07 EDT 2011

Timing is on.

           700 - LOAD_BN_SESSION

BEGIN
Time: 0 hrs, 0 mins, 0 secs, 351 ms
SET
Time: 0 hrs, 0 mins, 0 secs, 18 ms
INSERT 0 0
Time: 0 hrs, 0 mins, 10 secs, 121 ms
ANALYZE
Time: 0 hrs, 0 mins, 0 secs, 35 ms
END
Time: 0 hrs, 0 mins, 22 secs, 392 ms

Wed Sep 7 03:16:40 EDT 2011

Timing is on.

            750 - LOAD_BN_SESSION_SUMMARY   

BEGIN
Time: 0 hrs, 0 mins, 10 secs, 945 ms
SET
Time: 0 hrs, 0 mins, 0 secs, 25 ms
CREATE TABLE
Time: 0 hrs, 0 mins, 6 secs, 485 ms
TRUNCATE
Time: 0 hrs, 0 mins, 1 secs, 33 ms
INSERT 0 0
Time: 0 hrs, 0 mins, 2 secs, 172 ms
ANALYZE
Time: 0 hrs, 0 mins, 0 secs, 73 ms
 count(1) 
----------
        0
(1 row)

Time: 0 hrs, 0 mins, 0 secs, 993 ms
END
Time: 0 hrs, 0 mins, 22 secs, 791 ms

Wed Sep 7 03:17:25 EDT 2011

Timing is on.

           800 - LOAD_BN_HITS

BEGIN
Time: 0 hrs, 0 mins, 0 secs, 252 ms
SET
Time: 0 hrs, 0 mins, 0 secs, 20 ms
SET
Time: 0 hrs, 0 mins, 0 secs, 47 ms
SET
Time: 0 hrs, 0 mins, 0 secs, 37 ms
SET
Time: 0 hrs, 0 mins, 0 secs, 38 ms
TRUNCATE
Time: 0 hrs, 0 mins, 2 secs, 720 ms
INSERT 0 0
Time: 0 hrs, 0 mins, 0 secs, 209 ms
 count(1) 
----------
        0
(1 row)

Time: 0 hrs, 0 mins, 2 secs, 647 ms
ANALYZE
Time: 0 hrs, 0 mins, 0 secs, 38 ms
END
Time: 0 hrs, 0 mins, 12 secs, 895 ms

Wed Sep 7 03:17:44 EDT 2011

Timing is on.

            900 - LOAD_CLICKSTREAM   

BEGIN
Time: 0 hrs, 0 mins, 0 secs, 456 ms
SET
Time: 0 hrs, 0 mins, 0 secs, 19 ms
TRUNCATE
Time: 0 hrs, 0 mins, 3 secs, 501 ms
INSERT 0 0
Time: 0 hrs, 0 mins, 39 secs, 165 ms
 count(1) 
----------
        0
(1 row)

Time: 0 hrs, 0 mins, 3 secs, 416 ms
ANALYZE
Time: 0 hrs, 0 mins, 0 secs, 363 ms
END
Time: 0 hrs, 0 mins, 14 secs, 196 ms

Wed Sep 7 03:18:46 EDT 2011

Timing is on.

            1000 - PAGE_VIEW_SUMMARY  

BEGIN
Time: 0 hrs, 0 mins, 4 secs, 516 ms
SET
Time: 0 hrs, 0 mins, 0 secs, 26 ms
SET
Time: 0 hrs, 0 mins, 0 secs, 46 ms
TRUNCATE
Time: 0 hrs, 0 mins, 1 secs, 888 ms
INSERT 0 0
Time: 0 hrs, 0 mins, 2 secs, 918 ms
 count(1) 
----------
        0
(1 row)

Time: 0 hrs, 0 mins, 1 secs, 13 ms
ANALYZE
Time: 0 hrs, 0 mins, 1 secs, 602 ms
END
Time: 0 hrs, 0 mins, 12 secs, 371 ms

Wed Sep 7 03:19:11 EDT 2011


2000 - WRAP UP 

Timing is on.
BEGIN
Time: 0 hrs, 0 mins, 2 secs, 440 ms
TRUNCATE
Time: 0 hrs, 0 mins, 1 secs, 8 ms
TRUNCATE
Time: 0 hrs, 0 mins, 2 secs, 604 ms
END
Time: 0 hrs, 0 mins, 14 secs, 718 ms
Wed Sep 7 03:19:32 EDT 2011
Removing lock file and waiting for a minute
rm: missing operand
Try `rm --help' for more information.
Total time taken:  12  minutes.
Running time of run.sh 20110906: 774 seconds
Acquired lock file 
deleting simple.htm records - these are just server testing...
DELETE 4011696
-------------------------------------
Processing for 20110906
-------------------------------------

Wed Sep 7 11:21:11 EDT 2011

Timing is on.

           000 - INIT

BEGIN
Time: 0 hrs, 0 mins, 3 secs, 321 ms
*** Truncating staging tables before workflow starts ***
SET
Time: 0 hrs, 0 mins, 0 secs, 49 ms
GRANT
Time: 0 hrs, 0 mins, 6 secs, 995 ms
END
Time: 0 hrs, 0 mins, 55 secs, 638 ms

Wed Sep 7 11:22:18 EDT 2011

Timing is on.

            200 - LOAD_BN_IISLOGS   

BEGIN
Time: 0 hrs, 0 mins, 3 secs, 214 ms
SET
Time: 0 hrs, 0 mins, 0 secs, 27 ms
TRUNCATE
Time: 0 hrs, 0 mins, 0 secs, 893 ms
INSERT 0 39002470
Time: 0 hrs, 8 mins, 37 secs, 541 ms
END
Time: 0 hrs, 1 mins, 35 secs, 214 ms
ALTER TABLE
Time: 0 hrs, 0 mins, 18 secs, 751 ms

Wed Sep 7 11:32:54 EDT 2011

Timing is on.
BEGIN
Time: 0 hrs, 0 mins, 0 secs, 222 ms
SET
Time: 0 hrs, 0 mins, 0 secs, 14 ms

            250 - LOAD_BN_HITS_SP   

TRUNCATE
Time: 0 hrs, 0 mins, 6 secs, 584 ms
INSERT 0 11626555
Time: 0 hrs, 1 mins, 34 secs, 422 ms
ANALYZE
Time: 0 hrs, 0 mins, 3 secs, 725 ms
END
Time: 0 hrs, 0 mins, 15 secs, 329 ms

Wed Sep 7 11:34:55 EDT 2011

Timing is on.
BEGIN
Time: 0 hrs, 0 mins, 0 secs, 261 ms
SET
Time: 0 hrs, 0 mins, 0 secs, 18 ms

           300 - DYNAMIC FILTER

TRUNCATE
Time: 0 hrs, 0 mins, 3 secs, 644 ms
INSERT 0 17021388
Time: 0 hrs, 0 mins, 1 secs, 556 ms
ANALYZE
Time: 0 hrs, 0 mins, 2 secs, 16 ms
 Total records in web_click_cnt 
--------------------------------
                       17021388
(1 row)

Time: 0 hrs, 0 mins, 2 secs, 685 ms
CREATE TABLE
Time: 0 hrs, 0 mins, 7 secs, 456 ms
ANALYZE
Time: 0 hrs, 0 mins, 0 secs, 49 ms
CREATE TABLE
Time: 0 hrs, 0 mins, 0 secs, 860 ms
ANALYZE
Time: 0 hrs, 0 mins, 0 secs, 58 ms
DELETE 1
Time: 0 hrs, 0 mins, 1 secs, 253 ms
INSERT 0 1
Time: 0 hrs, 0 mins, 2 secs, 224 ms
DELETE 1
Time: 0 hrs, 0 mins, 0 secs, 94 ms
INSERT 0 1
Time: 0 hrs, 0 mins, 2 secs, 355 ms
CREATE TABLE
Time: 0 hrs, 0 mins, 9 secs, 325 ms
ANALYZE
Time: 0 hrs, 0 mins, 0 secs, 73 ms
CREATE TABLE
Time: 0 hrs, 0 mins, 0 secs, 124 ms
ANALYZE
Time: 0 hrs, 0 mins, 0 secs, 50 ms
DELETE 1
Time: 0 hrs, 0 mins, 0 secs, 105 ms
INSERT 0 1
Time: 0 hrs, 0 mins, 1 secs, 134 ms
DELETE 1
Time: 0 hrs, 0 mins, 0 secs, 99 ms
INSERT 0 1
Time: 0 hrs, 0 mins, 4 secs, 32 ms
ANALYZE
Time: 0 hrs, 0 mins, 0 secs, 844 ms
    tablename     |    attr_name    | attr_value 
------------------+-----------------+------------
 BN_FILTER_SPIDER | CLK_USER_SD_MPL | 10
 BN_FILTER_SPIDER | IP_USER_SD_MPL  | 1
 BN_FILTER_SPIDER | IP_USER_RATIO   | .955
 BN_FILTER_SPIDER | CLK_USER_MEAN   | 8.298
 BN_FILTER_SPIDER | CLK_USER_SD     | 71.207
 BN_FILTER_SPIDER | IP_USER_MEAN    | 25.003
 BN_FILTER_SPIDER | IP_USER_SD      | 1789.839
(7 rows)

Time: 0 hrs, 0 mins, 2 secs, 615 ms
CREATE TABLE
Time: 0 hrs, 0 mins, 6 secs, 634 ms
CREATE TABLE
Time: 0 hrs, 0 mins, 1 secs, 564 ms
 l_mean_sd_mpl 
---------------
       720.368
(1 row)

Time: 0 hrs, 0 mins, 0 secs, 634 ms
TRUNCATE
Time: 0 hrs, 0 mins, 0 secs, 834 ms
INSERT 0 153
Time: 0 hrs, 0 mins, 8 secs, 205 ms
ANALYZE
Time: 0 hrs, 0 mins, 1 secs, 17 ms
 Total click_user bn_spider_ip records 
---------------------------------------
                                   153
(1 row)

Time: 0 hrs, 0 mins, 1 secs, 414 ms
CREATE TABLE
Time: 0 hrs, 0 mins, 9 secs, 688 ms
ANALYZE
Time: 0 hrs, 0 mins, 0 secs, 47 ms
CREATE TABLE
Time: 0 hrs, 0 mins, 0 secs, 871 ms
ANALYZE
Time: 0 hrs, 0 mins, 0 secs, 63 ms
DROP 
Time: 0 hrs, 0 mins, 0 secs, 113 ms
CREATE TABLE
Time: 0 hrs, 0 mins, 0 secs, 441 ms
 l_mean_sd_mpl | l_ratio 
---------------+---------
      1814.842 |   0.955
(1 row)

Time: 0 hrs, 0 mins, 1 secs, 310 ms
INSERT 0 14870559
Time: 0 hrs, 0 mins, 12 secs, 575 ms
ANALYZE
Time: 0 hrs, 0 mins, 1 secs, 809 ms
 Total ip_user_filter bn_spider_ip records 
-------------------------------------------
                                  14870559
(1 row)

Time: 0 hrs, 0 mins, 1 secs, 642 ms
TRUNCATE
Time: 0 hrs, 0 mins, 5 secs, 481 ms
INSERT 0 10015892
Time: 0 hrs, 0 mins, 21 secs, 965 ms
ANALYZE
Time: 0 hrs, 0 mins, 4 secs, 472 ms
 bn_hits_stage 
---------------
      10015892
(1 row)

Time: 0 hrs, 0 mins, 2 secs, 97 ms
INSERT 0 15608338
Time: 0 hrs, 0 mins, 46 secs, 935 ms
ANALYZE
Time: 0 hrs, 0 mins, 19 secs, 538 ms
 bn_hits_sp_20110906 
---------------------
            27234893
(1 row)

Time: 0 hrs, 0 mins, 2 secs, 560 ms
TRUNCATE
Time: 0 hrs, 0 mins, 3 secs, 270 ms
INSERT 0 1751685
Time: 0 hrs, 0 mins, 3 secs, 140 ms
ANALYZE
Time: 0 hrs, 0 mins, 4 secs, 53 ms
 bn_hits_client_20110906 
-------------------------
                 1751685
(1 row)

Time: 0 hrs, 0 mins, 0 secs, 483 ms
END
Time: 0 hrs, 0 mins, 24 secs, 132 ms

Wed Sep 7 11:38:45 EDT 2011

Timing is on.
BEGIN
Time: 0 hrs, 0 mins, 0 secs, 350 ms

           600 - LOAD RESOURCES

SET
Time: 0 hrs, 0 mins, 0 secs, 35 ms
CREATE TABLE
Time: 0 hrs, 0 mins, 42 secs, 886 ms
ANALYZE
Time: 0 hrs, 0 mins, 3 secs, 291 ms
 tmp_a_count 
-------------
      435858
(1 row)

Time: 0 hrs, 0 mins, 1 secs, 59 ms
UPDATE 0
Time: 0 hrs, 0 mins, 7 secs, 916 ms
ANALYZE
Time: 0 hrs, 0 mins, 0 secs, 864 ms
TRUNCATE
Time: 0 hrs, 0 mins, 3 secs, 773 ms
INSERT 0 179113
Time: 0 hrs, 0 mins, 32 secs, 525 ms
ANALYZE
Time: 0 hrs, 0 mins, 1 secs, 519 ms
 first_resource_id | last_resource_id 
-------------------+------------------
          40927866 |         41106978
(1 row)

Time: 0 hrs, 0 mins, 2 secs, 657 ms
INSERT 0 179113
Time: 0 hrs, 0 mins, 5 secs, 228 ms
 total_resources 
-----------------
        41082575
(1 row)

Time: 0 hrs, 0 mins, 1 secs, 701 ms
ANALYZE
Time: 0 hrs, 0 mins, 2 secs, 81 ms
END
Time: 0 hrs, 0 mins, 29 secs, 441 ms
VACUUM
Time: 0 hrs, 0 mins, 23 secs, 607 ms

Wed Sep 7 11:41:25 EDT 2011

Timing is on.

           650 - LOAD_BN_SESSION_STAGE

BEGIN
Time: 0 hrs, 0 mins, 6 secs, 121 ms
SET
Time: 0 hrs, 0 mins, 0 secs, 51 ms
SET
Time: 0 hrs, 0 mins, 0 secs, 74 ms
ERROR:  function "sessionize_timeonpage" does not exist
NOTICE:  current transaction is aborted, queries ignored until end of transaction block
NOTICE:  current transaction is aborted, queries ignored until end of transaction block
NOTICE:  current transaction is aborted, queries ignored until end of transaction block
NOTICE:  current transaction is aborted, queries ignored until end of transaction block
NOTICE:  current transaction is aborted, queries ignored until end of transaction block
NOTICE:  current transaction is aborted, queries ignored until end of transaction block
NOTICE:  current transaction is aborted, queries ignored until end of transaction block
NOTICE:  current transaction is aborted, queries ignored until end of transaction block
NOTICE:  current transaction is aborted, queries ignored until end of transaction block
NOTICE:  current transaction is aborted, queries ignored until end of transaction block
NOTICE:  current transaction is aborted, queries ignored until end of transaction block
NOTICE:  current transaction is aborted, queries ignored until end of transaction block
NOTICE:  current transaction is aborted, queries ignored until end of transaction block
NOTICE:  current transaction is aborted, queries ignored until end of transaction block
NOTICE:  current transaction is aborted, queries ignored until end of transaction block
NOTICE:  current transaction is aborted, queries ignored until end of transaction block
NOTICE:  current transaction is aborted, queries ignored until end of transaction block
NOTICE:  current transaction is aborted, queries ignored until end of transaction block
ABORT
Time: 0 hrs, 0 mins, 1 secs, 423 ms

Wed Sep 7 11:41:33 EDT 2011

BEGIN

           660 - LOAD_BN_SESSION_UPDATE_STAGE

SET
TRUNCATE
INSERT 0 0
END

Wed Sep 7 11:42:10 EDT 2011

Timing is on.

           670 - LOAD_BN_SESSION_20110906.UPDATES

BEGIN
Time: 0 hrs, 0 mins, 0 secs, 272 ms
SET
Time: 0 hrs, 0 mins, 0 secs, 40 ms
UPDATE 0
Time: 0 hrs, 0 mins, 0 secs, 214 ms
END
Time: 0 hrs, 0 mins, 8 secs, 949 ms
VACUUM
Time: 0 hrs, 0 mins, 7 secs, 670 ms

Wed Sep 7 11:42:27 EDT 2011

Timing is on.

           700 - LOAD_BN_SESSION

BEGIN
Time: 0 hrs, 0 mins, 3 secs, 349 ms
SET
Time: 0 hrs, 0 mins, 0 secs, 65 ms
INSERT 0 0
Time: 0 hrs, 0 mins, 19 secs, 674 ms
ANALYZE
Time: 0 hrs, 0 mins, 0 secs, 81 ms
END
Time: 0 hrs, 0 mins, 40 secs, 52 ms

Wed Sep 7 11:43:31 EDT 2011

Timing is on.

            750 - LOAD_BN_SESSION_SUMMARY   

BEGIN
Time: 0 hrs, 0 mins, 1 secs, 947 ms
SET
Time: 0 hrs, 0 mins, 0 secs, 68 ms
CREATE TABLE
Time: 0 hrs, 0 mins, 19 secs, 937 ms
TRUNCATE
Time: 0 hrs, 47 mins, 9 secs, 250 ms
INSERT 0 0
Time: 0 hrs, 0 mins, 6 secs, 355 ms
ANALYZE
Time: 0 hrs, 0 mins, 0 secs, 46 ms
 count(1) 
----------
        0
(1 row)

Time: 0 hrs, 0 mins, 1 secs, 716 ms
END
Time: 0 hrs, 0 mins, 20 secs, 74 ms

Wed Sep 7 12:31:30 EDT 2011

Timing is on.

           800 - LOAD_BN_HITS

BEGIN
Time: 0 hrs, 0 mins, 1 secs, 46 ms
SET
Time: 0 hrs, 0 mins, 0 secs, 23 ms
SET
Time: 0 hrs, 0 mins, 0 secs, 33 ms
SET
Time: 0 hrs, 0 mins, 0 secs, 233 ms
SET
Time: 0 hrs, 0 mins, 0 secs, 233 ms
TRUNCATE
Time: 0 hrs, 0 mins, 2 secs, 933 ms
INSERT 0 0
Time: 0 hrs, 0 mins, 5 secs, 888 ms
 count(1) 
----------
        0
(1 row)

Time: 0 hrs, 0 mins, 1 secs, 929 ms
ANALYZE
Time: 0 hrs, 0 mins, 0 secs, 249 ms
END
Time: 0 hrs, 0 mins, 13 secs, 83 ms

Wed Sep 7 12:31:57 EDT 2011

Timing is on.

            900 - LOAD_CLICKSTREAM   

BEGIN
Time: 0 hrs, 0 mins, 2 secs, 641 ms
SET
Time: 0 hrs, 0 mins, 0 secs, 20 ms
TRUNCATE
Time: 0 hrs, 0 mins, 4 secs, 250 ms
INSERT 0 0
Time: 0 hrs, 0 mins, 42 secs, 948 ms
 count(1) 
----------
        0
(1 row)

Time: 0 hrs, 0 mins, 1 secs, 199 ms
ANALYZE
Time: 0 hrs, 0 mins, 0 secs, 34 ms
END
Time: 0 hrs, 0 mins, 9 secs, 77 ms

Wed Sep 7 12:32:57 EDT 2011

Timing is on.

            1000 - PAGE_VIEW_SUMMARY  

BEGIN
Time: 0 hrs, 0 mins, 1 secs, 674 ms
SET
Time: 0 hrs, 0 mins, 0 secs, 22 ms
SET
Time: 0 hrs, 0 mins, 0 secs, 242 ms
TRUNCATE
Time: 0 hrs, 0 mins, 2 secs, 181 ms
INSERT 0 0
Time: 0 hrs, 0 mins, 3 secs, 852 ms
 count(1) 
----------
        0
(1 row)

Time: 0 hrs, 0 mins, 0 secs, 950 ms
ANALYZE
Time: 0 hrs, 0 mins, 0 secs, 33 ms
END
Time: 0 hrs, 0 mins, 9 secs, 62 ms

Wed Sep 7 12:33:16 EDT 2011


2000 - WRAP UP 

Timing is on.
BEGIN
Time: 0 hrs, 0 mins, 1 secs, 445 ms
TRUNCATE
Time: 0 hrs, 0 mins, 1 secs, 295 ms
TRUNCATE
Time: 0 hrs, 0 mins, 0 secs, 960 ms
END
Time: 0 hrs, 0 mins, 17 secs, 345 ms
Wed Sep 7 12:33:37 EDT 2011
Removing lock file and waiting for a minute
rm: missing operand
Try `rm --help' for more information.
Total time taken:  77  minutes.
Running time of run.sh 20110906: 4645 seconds
Acquired lock file 
deleting simple.htm records - these are just server testing...
DELETE 901
-------------------------------------
Processing for 20110906
-------------------------------------

Wed Sep 7 19:54:50 EDT 2011

Timing is on.

           000 - INIT

BEGIN
Time: 0 hrs, 0 mins, 3 secs, 429 ms
*** Truncating staging tables before workflow starts ***
SET
Time: 0 hrs, 0 mins, 0 secs, 25 ms
GRANT
Time: 0 hrs, 0 mins, 1 secs, 490 ms
END
Time: 0 hrs, 0 mins, 8 secs, 673 ms

Wed Sep 7 19:55:05 EDT 2011

Timing is on.

            200 - LOAD_BN_IISLOGS   

BEGIN
Time: 0 hrs, 0 mins, 1 secs, 44 ms
SET
Time: 0 hrs, 0 mins, 0 secs, 24 ms
TRUNCATE
Time: 0 hrs, 0 mins, 1 secs, 765 ms
INSERT 0 39002470
Time: 0 hrs, 5 mins, 56 secs, 264 ms
END
Time: 0 hrs, 1 mins, 38 secs, 11 ms
ALTER TABLE
Time: 0 hrs, 9 mins, 0 secs, 352 ms

Wed Sep 7 20:11:43 EDT 2011

Timing is on.
BEGIN
Time: 0 hrs, 0 mins, 4 secs, 471 ms
SET
Time: 0 hrs, 0 mins, 0 secs, 22 ms

            250 - LOAD_BN_HITS_SP   

TRUNCATE
Time: 0 hrs, 0 mins, 2 secs, 865 ms
INSERT 0 11626555
Time: 0 hrs, 1 mins, 27 secs, 845 ms
ANALYZE
Time: 0 hrs, 0 mins, 2 secs, 824 ms
END
Time: 0 hrs, 0 mins, 28 secs, 255 ms

Wed Sep 7 20:13:49 EDT 2011

Timing is on.
BEGIN
Time: 0 hrs, 0 mins, 3 secs, 443 ms
SET
Time: 0 hrs, 0 mins, 0 secs, 48 ms

           300 - DYNAMIC FILTER

TRUNCATE
Time: 0 hrs, 0 mins, 1 secs, 614 ms
INSERT 0 17021388
Time: 0 hrs, 0 mins, 1 secs, 856 ms
ANALYZE
Time: 0 hrs, 0 mins, 3 secs, 384 ms
 Total records in web_click_cnt 
--------------------------------
                       17021388
(1 row)

Time: 0 hrs, 0 mins, 1 secs, 680 ms
CREATE TABLE
Time: 0 hrs, 0 mins, 4 secs, 379 ms
ANALYZE
Time: 0 hrs, 0 mins, 0 secs, 290 ms
CREATE TABLE
Time: 0 hrs, 0 mins, 2 secs, 343 ms
ANALYZE
Time: 0 hrs, 0 mins, 0 secs, 270 ms
DELETE 1
Time: 0 hrs, 0 mins, 1 secs, 558 ms
INSERT 0 1
Time: 0 hrs, 0 mins, 1 secs, 317 ms
DELETE 1
Time: 0 hrs, 0 mins, 0 secs, 314 ms
INSERT 0 1
Time: 0 hrs, 0 mins, 1 secs, 99 ms
CREATE TABLE
Time: 0 hrs, 0 mins, 1 secs, 623 ms
ANALYZE
Time: 0 hrs, 0 mins, 0 secs, 263 ms
CREATE TABLE
Time: 0 hrs, 0 mins, 1 secs, 279 ms
ANALYZE
Time: 0 hrs, 0 mins, 0 secs, 324 ms
DELETE 1
Time: 0 hrs, 0 mins, 0 secs, 268 ms
INSERT 0 1
Time: 0 hrs, 0 mins, 0 secs, 895 ms
DELETE 1
Time: 0 hrs, 0 mins, 0 secs, 503 ms
INSERT 0 1
Time: 0 hrs, 0 mins, 1 secs, 330 ms
ANALYZE
Time: 0 hrs, 0 mins, 0 secs, 794 ms
    tablename     |    attr_name    | attr_value 
------------------+-----------------+------------
 BN_FILTER_SPIDER | CLK_USER_SD_MPL | 10
 BN_FILTER_SPIDER | IP_USER_SD_MPL  | 1
 BN_FILTER_SPIDER | IP_USER_RATIO   | .955
 BN_FILTER_SPIDER | CLK_USER_MEAN   | 8.298
 BN_FILTER_SPIDER | CLK_USER_SD     | 71.207
 BN_FILTER_SPIDER | IP_USER_MEAN    | 25.003
 BN_FILTER_SPIDER | IP_USER_SD      | 1789.839
(7 rows)

Time: 0 hrs, 0 mins, 1 secs, 124 ms
CREATE TABLE
Time: 0 hrs, 0 mins, 11 secs, 374 ms
CREATE TABLE
Time: 0 hrs, 0 mins, 0 secs, 287 ms
 l_mean_sd_mpl 
---------------
       720.368
(1 row)

Time: 0 hrs, 0 mins, 0 secs, 287 ms
TRUNCATE
Time: 0 hrs, 0 mins, 3 secs, 752 ms
INSERT 0 153
Time: 0 hrs, 0 mins, 7 secs, 967 ms
ANALYZE
Time: 0 hrs, 0 mins, 0 secs, 53 ms
 Total click_user bn_spider_ip records 
---------------------------------------
                                   153
(1 row)

Time: 0 hrs, 0 mins, 2 secs, 201 ms
CREATE TABLE
Time: 0 hrs, 0 mins, 1 secs, 912 ms
ANALYZE
Time: 0 hrs, 0 mins, 0 secs, 259 ms
CREATE TABLE
Time: 0 hrs, 0 mins, 3 secs, 938 ms
ANALYZE
Time: 0 hrs, 0 mins, 0 secs, 50 ms
DROP 
Time: 0 hrs, 0 mins, 0 secs, 311 ms
CREATE TABLE
Time: 0 hrs, 0 mins, 0 secs, 323 ms
 l_mean_sd_mpl | l_ratio 
---------------+---------
      1814.842 |   0.955
(1 row)

Time: 0 hrs, 0 mins, 0 secs, 236 ms
INSERT 0 14870559
Time: 0 hrs, 0 mins, 11 secs, 901 ms
ANALYZE
Time: 0 hrs, 0 mins, 0 secs, 714 ms
 Total ip_user_filter bn_spider_ip records 
-------------------------------------------
                                  14870559
(1 row)

Time: 0 hrs, 0 mins, 0 secs, 921 ms
TRUNCATE
Time: 0 hrs, 0 mins, 1 secs, 433 ms
INSERT 0 10015892
Time: 0 hrs, 0 mins, 18 secs, 773 ms
ANALYZE
Time: 0 hrs, 0 mins, 5 secs, 839 ms
 bn_hits_stage 
---------------
      10015892
(1 row)

Time: 0 hrs, 0 mins, 0 secs, 786 ms
INSERT 0 15608338
Time: 0 hrs, 0 mins, 46 secs, 696 ms
ANALYZE
Time: 0 hrs, 0 mins, 20 secs, 104 ms
 bn_hits_sp_20110906 
---------------------
            27234893
(1 row)

Time: 0 hrs, 0 mins, 3 secs, 352 ms
TRUNCATE
Time: 0 hrs, 0 mins, 6 secs, 345 ms
INSERT 0 1751685
Time: 0 hrs, 0 mins, 1 secs, 471 ms
ANALYZE
Time: 0 hrs, 0 mins, 1 secs, 399 ms
 bn_hits_client_20110906 
-------------------------
                 1751685
(1 row)

Time: 0 hrs, 0 mins, 0 secs, 115 ms
END
Time: 0 hrs, 0 mins, 24 secs, 333 ms

Wed Sep 7 20:17:19 EDT 2011

Timing is on.
BEGIN
Time: 0 hrs, 0 mins, 3 secs, 188 ms

           600 - LOAD RESOURCES

SET
Time: 0 hrs, 0 mins, 0 secs, 20 ms
CREATE TABLE
Time: 0 hrs, 0 mins, 40 secs, 574 ms
ANALYZE
Time: 0 hrs, 0 mins, 0 secs, 797 ms
 tmp_a_count 
-------------
      435858
(1 row)

Time: 0 hrs, 0 mins, 0 secs, 584 ms
UPDATE 0
Time: 0 hrs, 0 mins, 1 secs, 998 ms
ANALYZE
Time: 0 hrs, 0 mins, 0 secs, 552 ms
TRUNCATE
Time: 0 hrs, 0 mins, 1 secs, 26 ms
INSERT 0 0
Time: 0 hrs, 0 mins, 26 secs, 831 ms
ANALYZE
Time: 0 hrs, 0 mins, 0 secs, 32 ms
 first_resource_id | last_resource_id 
-------------------+------------------
                   |                 
(1 row)

Time: 0 hrs, 0 mins, 0 secs, 508 ms
INSERT 0 0
Time: 0 hrs, 0 mins, 2 secs, 140 ms
 total_resources 
-----------------
        41122044
(1 row)

Time: 0 hrs, 0 mins, 0 secs, 815 ms
ANALYZE
Time: 0 hrs, 0 mins, 0 secs, 502 ms
END
Time: 0 hrs, 0 mins, 8 secs, 56 ms
VACUUM
Time: 0 hrs, 0 mins, 6 secs, 392 ms

Wed Sep 7 20:18:53 EDT 2011

Timing is on.

           650 - LOAD_BN_SESSION_STAGE

BEGIN
Time: 0 hrs, 0 mins, 3 secs, 606 ms
SET
Time: 0 hrs, 0 mins, 0 secs, 24 ms
SET
Time: 0 hrs, 0 mins, 0 secs, 28 ms
CREATE TABLE
Time: 0 hrs, 0 mins, 36 secs, 501 ms
ANALYZE
Time: 0 hrs, 0 mins, 2 secs, 955 ms
 tmp_sessionized_stage 
-----------------------
              10015892
(1 row)

Time: 0 hrs, 0 mins, 0 secs, 568 ms
TRUNCATE
Time: 0 hrs, 0 mins, 1 secs, 873 ms
INSERT 0 1877074
Time: 0 hrs, 0 mins, 39 secs, 484 ms
ANALYZE
Time: 0 hrs, 0 mins, 4 secs, 214 ms
CREATE TABLE
Time: 0 hrs, 2 mins, 3 secs, 867 ms
CREATE INDEX
Time: 0 hrs, 0 mins, 0 secs, 680 ms
 tmp_first_last 
----------------
        1877074
(1 row)

Time: 0 hrs, 0 mins, 0 secs, 438 ms
ANALYZE
Time: 0 hrs, 0 mins, 0 secs, 668 ms
SET
Time: 0 hrs, 0 mins, 0 secs, 31 ms
SET
Time: 0 hrs, 0 mins, 0 secs, 31 ms
TRUNCATE
Time: 0 hrs, 0 mins, 2 secs, 239 ms
DROP 
Time: 0 hrs, 0 mins, 0 secs, 129 ms
INSERT 0 1877074
Time: 0 hrs, 0 mins, 3 secs, 780 ms
 bn_session_stage 
------------------
          1877074
(1 row)

Time: 0 hrs, 0 mins, 2 secs, 273 ms
CREATE INDEX
Time: 0 hrs, 0 mins, 1 secs, 943 ms
ANALYZE
Time: 0 hrs, 0 mins, 0 secs, 677 ms
TRUNCATE
Time: 0 hrs, 0 mins, 0 secs, 869 ms
END
Time: 0 hrs, 0 mins, 17 secs, 17 ms

Wed Sep 7 20:22:57 EDT 2011

BEGIN

           660 - LOAD_BN_SESSION_UPDATE_STAGE

SET
TRUNCATE
INSERT 0 0
END

Wed Sep 7 20:23:07 EDT 2011

Timing is on.

           670 - LOAD_BN_SESSION_20110906.UPDATES

BEGIN
Time: 0 hrs, 0 mins, 0 secs, 582 ms
SET
Time: 0 hrs, 0 mins, 0 secs, 22 ms
UPDATE 0
Time: 0 hrs, 0 mins, 0 secs, 383 ms
END
Time: 0 hrs, 0 mins, 7 secs, 754 ms
VACUUM
Time: 0 hrs, 0 mins, 4 secs, 661 ms

Wed Sep 7 20:23:21 EDT 2011

Timing is on.

           700 - LOAD_BN_SESSION

BEGIN
Time: 0 hrs, 0 mins, 3 secs, 196 ms
SET
Time: 0 hrs, 0 mins, 0 secs, 21 ms
INSERT 0 1877074
Time: 0 hrs, 0 mins, 13 secs, 272 ms
ANALYZE
Time: 0 hrs, 0 mins, 0 secs, 587 ms
END
Time: 0 hrs, 0 mins, 12 secs, 579 ms

Wed Sep 7 20:23:51 EDT 2011

Timing is on.

            750 - LOAD_BN_SESSION_SUMMARY   

BEGIN
Time: 0 hrs, 0 mins, 0 secs, 395 ms
SET
Time: 0 hrs, 0 mins, 0 secs, 20 ms
CREATE TABLE
Time: 0 hrs, 0 mins, 15 secs, 940 ms
TRUNCATE
Time: 0 hrs, 0 mins, 4 secs, 361 ms
INSERT 0 278878
Time: 0 hrs, 0 mins, 3 secs, 466 ms
ANALYZE
Time: 0 hrs, 0 mins, 0 secs, 608 ms
 count(1) 
----------
   278878
(1 row)

Time: 0 hrs, 0 mins, 0 secs, 744 ms
END
Time: 0 hrs, 0 mins, 10 secs, 70 ms

Wed Sep 7 20:24:27 EDT 2011

Timing is on.

           800 - LOAD_BN_HITS

BEGIN
Time: 0 hrs, 0 mins, 0 secs, 431 ms
SET
Time: 0 hrs, 0 mins, 0 secs, 26 ms
SET
Time: 0 hrs, 0 mins, 0 secs, 39 ms
SET
Time: 0 hrs, 0 mins, 0 secs, 29 ms
SET
Time: 0 hrs, 0 mins, 0 secs, 241 ms
TRUNCATE
Time: 0 hrs, 0 mins, 2 secs, 986 ms
INSERT 0 10015892
Time: 0 hrs, 0 mins, 1 secs, 674 ms
 count(1) 
----------
 10015892
(1 row)

Time: 0 hrs, 0 mins, 1 secs, 461 ms
ANALYZE
Time: 0 hrs, 0 mins, 3 secs, 161 ms
END
Time: 0 hrs, 0 mins, 36 secs, 470 ms

Wed Sep 7 20:25:14 EDT 2011

Timing is on.

            900 - LOAD_CLICKSTREAM   

BEGIN
Time: 0 hrs, 0 mins, 3 secs, 218 ms
SET
Time: 0 hrs, 0 mins, 0 secs, 21 ms
TRUNCATE
Time: 0 hrs, 0 mins, 3 secs, 437 ms
INSERT 0 10015892
Time: 0 hrs, 2 mins, 15 secs, 340 ms
 count(1) 
----------
 10015892
(1 row)

Time: 0 hrs, 0 mins, 1 secs, 993 ms
ANALYZE
Time: 0 hrs, 0 mins, 3 secs, 441 ms
END
Time: 0 hrs, 0 mins, 17 secs, 962 ms

Wed Sep 7 20:28:00 EDT 2011

Timing is on.

            1000 - PAGE_VIEW_SUMMARY  

BEGIN
Time: 0 hrs, 0 mins, 0 secs, 828 ms
SET
Time: 0 hrs, 0 mins, 0 secs, 21 ms
SET
Time: 0 hrs, 0 mins, 0 secs, 32 ms
TRUNCATE
Time: 0 hrs, 0 mins, 7 secs, 960 ms
INSERT 0 447875
Time: 0 hrs, 0 mins, 6 secs, 423 ms
 count(1) 
----------
   447875
(1 row)

Time: 0 hrs, 0 mins, 0 secs, 641 ms
ANALYZE
Time: 0 hrs, 0 mins, 0 secs, 728 ms
END
Time: 0 hrs, 0 mins, 15 secs, 287 ms

Wed Sep 7 20:28:32 EDT 2011


2000 - WRAP UP 

Timing is on.
BEGIN
Time: 0 hrs, 0 mins, 1 secs, 276 ms
TRUNCATE
Time: 0 hrs, 0 mins, 1 secs, 372 ms
TRUNCATE
Time: 0 hrs, 0 mins, 1 secs, 776 ms
END
Time: 0 hrs, 0 mins, 6 secs, 985 ms
Wed Sep 7 20:28:44 EDT 2011
Removing lock file and waiting for a minute
rm: missing operand
Try `rm --help' for more information.
Total time taken:  35  minutes.
Acquired lock file 
deleting simple.htm records - these are just server testing...
DELETE 24
-------------------------------------
Processing for 20110906
-------------------------------------

Thu Sep 8 07:26:48 EDT 2011

Timing is on.

           000 - INIT

BEGIN
Time: 0 hrs, 0 mins, 0 secs, 470 ms
*** Truncating staging tables before workflow starts ***
SET
Time: 0 hrs, 0 mins, 0 secs, 15 ms
GRANT
Time: 0 hrs, 0 mins, 6 secs, 399 ms
END
Time: 0 hrs, 0 mins, 12 secs, 878 ms

Thu Sep 8 07:27:08 EDT 2011

Timing is on.

            200 - LOAD_BN_IISLOGS   

BEGIN
Time: 0 hrs, 0 mins, 1 secs, 524 ms
SET
Time: 0 hrs, 0 mins, 0 secs, 51 ms
TRUNCATE
Time: 0 hrs, 0 mins, 3 secs, 264 ms
INSERT 0 59257424
Time: 0 hrs, 9 mins, 16 secs, 31 ms
END
Time: 0 hrs, 1 mins, 1 secs, 391 ms
ALTER TABLE
Time: 0 hrs, 2 mins, 14 secs, 770 ms

Thu Sep 8 07:39:46 EDT 2011

Timing is on.
BEGIN
Time: 0 hrs, 0 mins, 1 secs, 302 ms
SET
Time: 0 hrs, 0 mins, 0 secs, 39 ms

            250 - LOAD_BN_HITS_SP   

TRUNCATE
Time: 0 hrs, 0 mins, 3 secs, 511 ms
INSERT 0 19141961
Time: 0 hrs, 3 mins, 2 secs, 98 ms
ANALYZE
Time: 0 hrs, 0 mins, 3 secs, 48 ms
END
Time: 0 hrs, 0 mins, 20 secs, 872 ms

Thu Sep 8 07:43:17 EDT 2011

Timing is on.
BEGIN
Time: 0 hrs, 0 mins, 0 secs, 343 ms
SET
Time: 0 hrs, 0 mins, 0 secs, 21 ms

           300 - DYNAMIC FILTER

TRUNCATE
Time: 0 hrs, 0 mins, 6 secs, 586 ms
INSERT 0 21709730
Time: 0 hrs, 0 mins, 2 secs, 527 ms
ANALYZE
Time: 0 hrs, 0 mins, 2 secs, 313 ms
 Total records in web_click_cnt 
--------------------------------
                       21709730
(1 row)

Time: 0 hrs, 0 mins, 2 secs, 752 ms
CREATE TABLE
Time: 0 hrs, 0 mins, 9 secs, 529 ms
ANALYZE
Time: 0 hrs, 0 mins, 0 secs, 127 ms
CREATE TABLE
Time: 0 hrs, 0 mins, 1 secs, 114 ms
ANALYZE
Time: 0 hrs, 0 mins, 0 secs, 119 ms
DELETE 1
Time: 0 hrs, 0 mins, 0 secs, 794 ms
INSERT 0 1
Time: 0 hrs, 0 mins, 2 secs, 668 ms
DELETE 1
Time: 0 hrs, 0 mins, 0 secs, 149 ms
INSERT 0 1
Time: 0 hrs, 0 mins, 3 secs, 136 ms
CREATE TABLE
Time: 0 hrs, 0 mins, 9 secs, 116 ms
ANALYZE
Time: 0 hrs, 0 mins, 0 secs, 180 ms
CREATE TABLE
Time: 0 hrs, 0 mins, 5 secs, 169 ms
ANALYZE
Time: 0 hrs, 0 mins, 0 secs, 90 ms
DELETE 1
Time: 0 hrs, 0 mins, 0 secs, 102 ms
INSERT 0 1
Time: 0 hrs, 0 mins, 4 secs, 185 ms
DELETE 1
Time: 0 hrs, 0 mins, 0 secs, 136 ms
INSERT 0 1
Time: 0 hrs, 0 mins, 4 secs, 5 ms
ANALYZE
Time: 0 hrs, 0 mins, 0 secs, 642 ms
    tablename     |    attr_name    | attr_value 
------------------+-----------------+------------
 BN_FILTER_SPIDER | CLK_USER_SD_MPL | 10
 BN_FILTER_SPIDER | IP_USER_SD_MPL  | 1
 BN_FILTER_SPIDER | IP_USER_RATIO   | .955
 BN_FILTER_SPIDER | CLK_USER_MEAN   | 9.897
 BN_FILTER_SPIDER | CLK_USER_SD     | 74.013
 BN_FILTER_SPIDER | IP_USER_MEAN    | 21.919
 BN_FILTER_SPIDER | IP_USER_SD      | 1879.112
(7 rows)

Time: 0 hrs, 0 mins, 3 secs, 755 ms
CREATE TABLE
Time: 0 hrs, 0 mins, 13 secs, 488 ms
CREATE TABLE
Time: 0 hrs, 0 mins, 4 secs, 635 ms
 l_mean_sd_mpl 
---------------
       750.027
(1 row)

Time: 0 hrs, 0 mins, 1 secs, 799 ms
TRUNCATE
Time: 0 hrs, 0 mins, 2 secs, 0 ms
INSERT 0 214
Time: 0 hrs, 0 mins, 11 secs, 379 ms
ANALYZE
Time: 0 hrs, 0 mins, 0 secs, 765 ms
 Total click_user bn_spider_ip records 
---------------------------------------
                                   214
(1 row)

Time: 0 hrs, 0 mins, 1 secs, 299 ms
CREATE TABLE
Time: 0 hrs, 0 mins, 16 secs, 636 ms
ANALYZE
Time: 0 hrs, 0 mins, 0 secs, 201 ms
CREATE TABLE
Time: 0 hrs, 0 mins, 12 secs, 301 ms
ANALYZE
Time: 0 hrs, 0 mins, 0 secs, 285 ms
DROP 
Time: 0 hrs, 0 mins, 1 secs, 258 ms
CREATE TABLE
Time: 0 hrs, 0 mins, 5 secs, 55 ms
 l_mean_sd_mpl | l_ratio 
---------------+---------
      1901.031 |   0.955
(1 row)

Time: 0 hrs, 0 mins, 0 secs, 714 ms
INSERT 0 18805035
Time: 0 hrs, 0 mins, 16 secs, 398 ms
ANALYZE
Time: 0 hrs, 0 mins, 2 secs, 71 ms
 Total ip_user_filter bn_spider_ip records 
-------------------------------------------
                                  18805035
(1 row)

Time: 0 hrs, 0 mins, 3 secs, 268 ms
TRUNCATE
Time: 0 hrs, 0 mins, 3 secs, 359 ms
INSERT 0 16130383
Time: 0 hrs, 0 mins, 45 secs, 525 ms
ANALYZE
Time: 0 hrs, 0 mins, 13 secs, 48 ms
 bn_hits_stage 
---------------
      16130383
(1 row)

Time: 0 hrs, 0 mins, 4 secs, 674 ms
INSERT 0 19739348
Time: 0 hrs, 1 mins, 17 secs, 38 ms
ANALYZE
Time: 0 hrs, 0 mins, 24 secs, 294 ms
 bn_hits_sp_20110906 
---------------------
            38881309
(1 row)

Time: 0 hrs, 0 mins, 14 secs, 831 ms
TRUNCATE
Time: 0 hrs, 0 mins, 5 secs, 886 ms
INSERT 0 4245732
Time: 0 hrs, 0 mins, 4 secs, 413 ms
ANALYZE
Time: 0 hrs, 0 mins, 8 secs, 161 ms
 bn_hits_client_20110906 
-------------------------
                 4245732
(1 row)

Time: 0 hrs, 0 mins, 2 secs, 904 ms
END
Time: 0 hrs, 0 mins, 33 secs, 398 ms

Thu Sep 8 07:49:48 EDT 2011

Timing is on.
BEGIN
Time: 0 hrs, 0 mins, 5 secs, 626 ms

           600 - LOAD RESOURCES

SET
Time: 0 hrs, 0 mins, 0 secs, 99 ms
CREATE TABLE
Time: 0 hrs, 6 mins, 17 secs, 357 ms
ANALYZE
Time: 0 hrs, 0 mins, 0 secs, 607 ms
 tmp_a_count 
-------------
      576141
(1 row)

Time: 0 hrs, 0 mins, 3 secs, 449 ms
UPDATE 0
Time: 0 hrs, 0 mins, 6 secs, 507 ms
ANALYZE
Time: 0 hrs, 0 mins, 3 secs, 691 ms
TRUNCATE
Time: 0 hrs, 0 mins, 4 secs, 169 ms
INSERT 0 61780
Time: 0 hrs, 0 mins, 35 secs, 225 ms
ANALYZE
Time: 0 hrs, 0 mins, 2 secs, 409 ms
 first_resource_id | last_resource_id 
-------------------+------------------
          41334044 |         41395823
(1 row)

Time: 0 hrs, 0 mins, 1 secs, 362 ms
INSERT 0 61780
Time: 0 hrs, 0 mins, 4 secs, 426 ms
 total_resources 
-----------------
        41371420
(1 row)

Time: 0 hrs, 0 mins, 0 secs, 738 ms
ANALYZE
Time: 0 hrs, 0 mins, 1 secs, 347 ms
END
Time: 0 hrs, 0 mins, 15 secs, 181 ms
VACUUM
Time: 0 hrs, 0 mins, 28 secs, 755 ms

Thu Sep 8 07:57:59 EDT 2011

Timing is on.

           650 - LOAD_BN_SESSION_STAGE

BEGIN
Time: 0 hrs, 0 mins, 3 secs, 923 ms
SET
Time: 0 hrs, 0 mins, 0 secs, 36 ms
SET
Time: 0 hrs, 0 mins, 0 secs, 70 ms
CREATE TABLE
Time: 0 hrs, 0 mins, 53 secs, 153 ms
ANALYZE
Time: 0 hrs, 0 mins, 5 secs, 340 ms
 tmp_sessionized_stage 
-----------------------
              16130383
(1 row)

Time: 0 hrs, 0 mins, 2 secs, 531 ms
TRUNCATE
Time: 0 hrs, 0 mins, 3 secs, 766 ms
INSERT 0 2531349
Time: 0 hrs, 1 mins, 3 secs, 670 ms
ANALYZE
Time: 0 hrs, 0 mins, 3 secs, 348 ms
CREATE TABLE
Time: 0 hrs, 2 mins, 57 secs, 698 ms
CREATE INDEX
Time: 0 hrs, 0 mins, 1 secs, 748 ms
 tmp_first_last 
----------------
        2531349
(1 row)

Time: 0 hrs, 0 mins, 0 secs, 101 ms
ANALYZE
Time: 0 hrs, 0 mins, 1 secs, 734 ms
SET
Time: 0 hrs, 0 mins, 0 secs, 37 ms
SET
Time: 0 hrs, 0 mins, 0 secs, 36 ms
TRUNCATE
Time: 0 hrs, 0 mins, 2 secs, 127 ms
DROP 
Time: 0 hrs, 0 mins, 1 secs, 947 ms
INSERT 0 2531349
Time: 0 hrs, 0 mins, 5 secs, 610 ms
 bn_session_stage 
------------------
          2531349
(1 row)

Time: 0 hrs, 0 mins, 2 secs, 441 ms
CREATE INDEX
Time: 0 hrs, 0 mins, 2 secs, 328 ms
ANALYZE
Time: 0 hrs, 0 mins, 8 secs, 610 ms
TRUNCATE
Time: 0 hrs, 0 mins, 8 secs, 607 ms
END
Time: 0 hrs, 0 mins, 12 secs, 508 ms

Thu Sep 8 08:04:01 EDT 2011

BEGIN

           660 - LOAD_BN_SESSION_UPDATE_STAGE

SET
TRUNCATE
INSERT 0 0
END

Thu Sep 8 08:04:51 EDT 2011

Timing is on.

           670 - LOAD_BN_SESSION_20110906.UPDATES

BEGIN
Time: 0 hrs, 0 mins, 0 secs, 183 ms
SET
Time: 0 hrs, 0 mins, 0 secs, 13 ms
UPDATE 0
Time: 0 hrs, 0 mins, 0 secs, 393 ms
END
Time: 0 hrs, 0 mins, 13 secs, 474 ms
VACUUM
Time: 0 hrs, 0 mins, 8 secs, 880 ms

Thu Sep 8 08:05:14 EDT 2011

Timing is on.

           700 - LOAD_BN_SESSION

BEGIN
Time: 0 hrs, 0 mins, 18 secs, 609 ms
SET
Time: 0 hrs, 0 mins, 0 secs, 49 ms
INSERT 0 2531349
Time: 0 hrs, 2 mins, 13 secs, 852 ms
ANALYZE
Time: 0 hrs, 0 mins, 13 secs, 896 ms
END
Time: 0 hrs, 0 mins, 10 secs, 699 ms

Thu Sep 8 08:08:11 EDT 2011

Timing is on.

            750 - LOAD_BN_SESSION_SUMMARY   

BEGIN
Time: 0 hrs, 0 mins, 1 secs, 952 ms
SET
Time: 0 hrs, 0 mins, 0 secs, 18 ms
CREATE TABLE
Time: 0 hrs, 0 mins, 18 secs, 513 ms
TRUNCATE
Time: 0 hrs, 0 mins, 1 secs, 541 ms
INSERT 0 359216
Time: 0 hrs, 0 mins, 4 secs, 279 ms
ANALYZE
Time: 0 hrs, 0 mins, 1 secs, 63 ms
 count(1) 
----------
   359216
(1 row)

Time: 0 hrs, 0 mins, 0 secs, 602 ms
END
Time: 0 hrs, 0 mins, 18 secs, 217 ms

Thu Sep 8 08:08:58 EDT 2011

Timing is on.

           800 - LOAD_BN_HITS

BEGIN
Time: 0 hrs, 0 mins, 0 secs, 207 ms
SET
Time: 0 hrs, 0 mins, 0 secs, 13 ms
SET
Time: 0 hrs, 0 mins, 0 secs, 44 ms
SET
Time: 0 hrs, 0 mins, 0 secs, 23 ms
SET
Time: 0 hrs, 0 mins, 0 secs, 28 ms
TRUNCATE
Time: 0 hrs, 0 mins, 1 secs, 861 ms
INSERT 0 16130383
Time: 0 hrs, 0 mins, 6 secs, 905 ms
 count(1) 
----------
 16130383
(1 row)

Time: 0 hrs, 0 mins, 2 secs, 552 ms
ANALYZE
Time: 0 hrs, 0 mins, 4 secs, 185 ms
END
Time: 0 hrs, 0 mins, 22 secs, 290 ms

Thu Sep 8 08:09:36 EDT 2011

Timing is on.

            900 - LOAD_CLICKSTREAM   

BEGIN
Time: 0 hrs, 0 mins, 2 secs, 89 ms
SET
Time: 0 hrs, 0 mins, 0 secs, 16 ms
TRUNCATE
Time: 0 hrs, 0 mins, 6 secs, 164 ms
INSERT 0 16130383
Time: 0 hrs, 1 mins, 48 secs, 814 ms
 count(1) 
----------
 16130383
(1 row)

Time: 0 hrs, 0 mins, 0 secs, 481 ms
ANALYZE
Time: 0 hrs, 0 mins, 1 secs, 99 ms
END
Time: 0 hrs, 0 mins, 12 secs, 832 ms

Thu Sep 8 08:11:48 EDT 2011

Timing is on.

            1000 - PAGE_VIEW_SUMMARY  

BEGIN
Time: 0 hrs, 0 mins, 3 secs, 523 ms
SET
Time: 0 hrs, 0 mins, 0 secs, 133 ms
SET
Time: 0 hrs, 0 mins, 0 secs, 181 ms
TRUNCATE
Time: 0 hrs, 0 mins, 1 secs, 489 ms
INSERT 0 592398
Time: 0 hrs, 1 mins, 0 secs, 723 ms
 count(1) 
----------
   592398
(1 row)

Time: 0 hrs, 0 mins, 1 secs, 64 ms
ANALYZE
Time: 0 hrs, 0 mins, 2 secs, 809 ms
END
Time: 0 hrs, 0 mins, 13 secs, 961 ms

Thu Sep 8 08:13:12 EDT 2011


2000 - WRAP UP 

Timing is on.
BEGIN
Time: 0 hrs, 0 mins, 3 secs, 495 ms
TRUNCATE
Time: 0 hrs, 0 mins, 2 secs, 878 ms
TRUNCATE
Time: 0 hrs, 0 mins, 1 secs, 365 ms
END
Time: 0 hrs, 0 mins, 5 secs, 484 ms
Thu Sep 8 08:13:25 EDT 2011
Removing lock file and waiting for a minute
rm: missing operand
Try `rm --help' for more information.
Total time taken:  48  minutes.
Running time of run.sh 20110906: 48 minutes
