Checking for lock file /tmp/.iislock
Acquired lock file /tmp/.iislock
deleting simple.htm records - these are just server testing...
DELETE 5519380
-------------------------------------
Processing for 20111106
-------------------------------------

Mon Nov 7 03:40:46 EST 2011

Timing is on.

           000 - INIT

BEGIN
Time: 0 hrs, 0 mins, 0 secs, 362 ms
*** Truncating staging tables before workflow starts ***
SET
Time: 0 hrs, 0 mins, 0 secs, 6 ms
GRANT
Time: 0 hrs, 0 mins, 2 secs, 379 ms
END
Time: 0 hrs, 0 mins, 21 secs, 12 ms

Mon Nov 7 03:41:10 EST 2011

Timing is on.

            200 - LOAD_BN_IISLOGS   

BEGIN
Time: 0 hrs, 0 mins, 0 secs, 131 ms
SET
Time: 0 hrs, 0 mins, 0 secs, 6 ms
TRUNCATE
Time: 0 hrs, 0 mins, 1 secs, 724 ms
INSERT 0 61705756
Time: 0 hrs, 8 mins, 25 secs, 219 ms
END
Time: 0 hrs, 3 mins, 20 secs, 960 ms
ALTER TABLE
Time: 0 hrs, 5 mins, 14 secs, 17 ms

Mon Nov 7 03:58:13 EST 2011

Timing is on.
BEGIN
Time: 0 hrs, 0 mins, 2 secs, 430 ms
SET
Time: 0 hrs, 0 mins, 0 secs, 8 ms

            250 - LOAD_BN_HITS_SP   

TRUNCATE
Time: 0 hrs, 0 mins, 5 secs, 518 ms
ERROR:  new row for relation "bn_hits_sp_20111106" violates check constraint "bn_hits_sp_20111106_newpart_hit_timestamp_check"
NOTICE:  current transaction is aborted, queries ignored until end of transaction block
ABORT
Time: 0 hrs, 0 mins, 0 secs, 21 ms

Mon Nov 7 03:58:31 EST 2011

Timing is on.
BEGIN
Time: 0 hrs, 0 mins, 0 secs, 132 ms
SET
Time: 0 hrs, 0 mins, 0 secs, 6 ms

           300 - DYNAMIC FILTER

TRUNCATE
Time: 0 hrs, 0 mins, 7 secs, 756 ms
INSERT 0 17107597
Time: 0 hrs, 0 mins, 14 secs, 783 ms
ANALYZE
Time: 0 hrs, 0 mins, 1 secs, 56 ms
 Total records in web_click_cnt 
--------------------------------
                       17107597
(1 row)

Time: 0 hrs, 0 mins, 1 secs, 912 ms
CREATE TABLE
Time: 0 hrs, 0 mins, 25 secs, 357 ms
ANALYZE
Time: 0 hrs, 0 mins, 0 secs, 40 ms
CREATE TABLE
Time: 0 hrs, 0 mins, 2 secs, 552 ms
ANALYZE
Time: 0 hrs, 0 mins, 1 secs, 291 ms
DELETE 1
Time: 0 hrs, 0 mins, 1 secs, 805 ms
INSERT 0 1
Time: 0 hrs, 0 mins, 0 secs, 141 ms
DELETE 1
Time: 0 hrs, 0 mins, 0 secs, 62 ms
INSERT 0 1
Time: 0 hrs, 0 mins, 2 secs, 468 ms
CREATE TABLE
Time: 0 hrs, 0 mins, 5 secs, 4 ms
ANALYZE
Time: 0 hrs, 0 mins, 0 secs, 39 ms
CREATE TABLE
Time: 0 hrs, 0 mins, 2 secs, 554 ms
ANALYZE
Time: 0 hrs, 0 mins, 0 secs, 46 ms
DELETE 1
Time: 0 hrs, 0 mins, 0 secs, 60 ms
INSERT 0 1
Time: 0 hrs, 0 mins, 2 secs, 765 ms
DELETE 1
Time: 0 hrs, 0 mins, 0 secs, 156 ms
INSERT 0 1
Time: 0 hrs, 0 mins, 3 secs, 129 ms
ANALYZE
Time: 0 hrs, 0 mins, 2 secs, 885 ms
    tablename     |    attr_name    | attr_value 
------------------+-----------------+------------
 BN_FILTER_SPIDER | CLK_USER_SD_MPL | 10
 BN_FILTER_SPIDER | IP_USER_SD_MPL  | 1
 BN_FILTER_SPIDER | IP_USER_RATIO   | .955
 BN_FILTER_SPIDER | CLK_USER_MEAN   | 11.593
 BN_FILTER_SPIDER | CLK_USER_SD     | 39.152
 BN_FILTER_SPIDER | IP_USER_MEAN    | 16.407
 BN_FILTER_SPIDER | IP_USER_SD      | 1189.033
(7 rows)

Time: 0 hrs, 0 mins, 3 secs, 256 ms
CREATE TABLE
Time: 0 hrs, 0 mins, 11 secs, 766 ms
CREATE TABLE
Time: 0 hrs, 0 mins, 3 secs, 30 ms
 l_mean_sd_mpl 
---------------
       403.113
(1 row)

Time: 0 hrs, 0 mins, 1 secs, 299 ms
TRUNCATE
Time: 0 hrs, 0 mins, 2 secs, 900 ms
INSERT 0 588
Time: 0 hrs, 0 mins, 2 secs, 934 ms
ANALYZE
Time: 0 hrs, 0 mins, 1 secs, 116 ms
 Total click_user bn_spider_ip records 
---------------------------------------
                                   588
(1 row)

Time: 0 hrs, 0 mins, 0 secs, 546 ms
CREATE TABLE
Time: 0 hrs, 0 mins, 3 secs, 689 ms
ANALYZE
Time: 0 hrs, 0 mins, 0 secs, 28 ms
CREATE TABLE
Time: 0 hrs, 0 mins, 16 secs, 645 ms
ANALYZE
Time: 0 hrs, 0 mins, 0 secs, 35 ms
DROP 
Time: 0 hrs, 0 mins, 0 secs, 99 ms
CREATE TABLE
Time: 0 hrs, 0 mins, 1 secs, 53 ms
 l_mean_sd_mpl | l_ratio 
---------------+---------
      1205.440 |   0.955
(1 row)

Time: 0 hrs, 0 mins, 8 secs, 312 ms
INSERT 0 14124463
Time: 0 hrs, 0 mins, 13 secs, 54 ms
ANALYZE
Time: 0 hrs, 0 mins, 0 secs, 227 ms
 Total ip_user_filter bn_spider_ip records 
-------------------------------------------
                                  14124463
(1 row)

Time: 0 hrs, 0 mins, 0 secs, 880 ms
TRUNCATE
Time: 0 hrs, 0 mins, 20 secs, 208 ms
INSERT 0 18425849
Time: 0 hrs, 3 mins, 38 secs, 420 ms
ANALYZE
Time: 0 hrs, 0 mins, 11 secs, 976 ms
 bn_hits_stage 
---------------
      18425849
(1 row)

Time: 0 hrs, 0 mins, 1 secs, 637 ms
ERROR:  new row for relation "bn_hits_sp_20111106" violates check constraint "bn_hits_sp_20111106_newpart_hit_timestamp_check"
NOTICE:  current transaction is aborted, queries ignored until end of transaction block
NOTICE:  current transaction is aborted, queries ignored until end of transaction block
NOTICE:  current transaction is aborted, queries ignored until end of transaction block
NOTICE:  current transaction is aborted, queries ignored until end of transaction block
NOTICE:  current transaction is aborted, queries ignored until end of transaction block
NOTICE:  current transaction is aborted, queries ignored until end of transaction block
ABORT
Time: 0 hrs, 0 mins, 5 secs, 572 ms

Mon Nov 7 04:05:32 EST 2011

Timing is on.
BEGIN
Time: 0 hrs, 0 mins, 0 secs, 142 ms

           600 - LOAD RESOURCES

SET
Time: 0 hrs, 0 mins, 0 secs, 6 ms
CREATE TABLE
Time: 0 hrs, 3 mins, 54 secs, 567 ms
ANALYZE
Time: 0 hrs, 0 mins, 0 secs, 557 ms
 tmp_a_count 
-------------
      349354
(1 row)

Time: 0 hrs, 0 mins, 0 secs, 345 ms
UPDATE 0
Time: 0 hrs, 0 mins, 4 secs, 99 ms
ANALYZE
Time: 0 hrs, 0 mins, 0 secs, 697 ms
TRUNCATE
Time: 0 hrs, 0 mins, 4 secs, 238 ms
INSERT 0 0
Time: 0 hrs, 0 mins, 7 secs, 360 ms
ANALYZE
Time: 0 hrs, 0 mins, 0 secs, 13 ms
 first_resource_id | last_resource_id 
-------------------+------------------
                   |                 
(1 row)

Time: 0 hrs, 0 mins, 0 secs, 188 ms
INSERT 0 0
Time: 0 hrs, 0 mins, 0 secs, 406 ms
 total_resources 
-----------------
        52670375
(1 row)

Time: 0 hrs, 0 mins, 0 secs, 127 ms
ANALYZE
Time: 0 hrs, 0 mins, 0 secs, 489 ms
END
Time: 0 hrs, 0 mins, 5 secs, 591 ms
VACUUM
Time: 0 hrs, 0 mins, 17 secs, 470 ms

Mon Nov 7 04:10:09 EST 2011

Timing is on.

           650 - LOAD_BN_SESSION_STAGE

BEGIN
Time: 0 hrs, 0 mins, 0 secs, 139 ms
SET
Time: 0 hrs, 0 mins, 0 secs, 6 ms
SET
Time: 0 hrs, 0 mins, 0 secs, 12 ms
CREATE TABLE
Time: 0 hrs, 3 mins, 3 secs, 783 ms
ANALYZE
Time: 0 hrs, 0 mins, 3 secs, 345 ms
 tmp_sessionized_stage 
-----------------------
              12972382
(1 row)

Time: 0 hrs, 0 mins, 0 secs, 904 ms
TRUNCATE
Time: 0 hrs, 0 mins, 6 secs, 528 ms
INSERT 0 2118876
Time: 0 hrs, 1 mins, 28 secs, 256 ms
ANALYZE
Time: 0 hrs, 0 mins, 2 secs, 456 ms
CREATE TABLE
Time: 0 hrs, 1 mins, 20 secs, 588 ms
CREATE INDEX
Time: 0 hrs, 0 mins, 0 secs, 747 ms
 tmp_first_last 
----------------
        2118876
(1 row)

Time: 0 hrs, 0 mins, 0 secs, 53 ms
ANALYZE
Time: 0 hrs, 0 mins, 1 secs, 545 ms
SET
Time: 0 hrs, 0 mins, 0 secs, 11 ms
SET
Time: 0 hrs, 0 mins, 0 secs, 11 ms
TRUNCATE
Time: 0 hrs, 0 mins, 1 secs, 386 ms
DROP 
Time: 0 hrs, 0 mins, 2 secs, 136 ms
INSERT 0 2118876
Time: 0 hrs, 0 mins, 5 secs, 167 ms
 bn_session_stage 
------------------
          2118876
(1 row)

Time: 0 hrs, 0 mins, 2 secs, 290 ms
CREATE INDEX
Time: 0 hrs, 0 mins, 0 secs, 756 ms
ANALYZE
Time: 0 hrs, 0 mins, 0 secs, 518 ms
TRUNCATE
Time: 0 hrs, 0 mins, 1 secs, 337 ms
END
Time: 0 hrs, 0 mins, 10 secs, 808 ms

Mon Nov 7 04:16:42 EST 2011

BEGIN

           660 - LOAD_BN_SESSION_UPDATE_STAGE

SET
TRUNCATE
INSERT 0 0
END

Mon Nov 7 04:16:54 EST 2011

Timing is on.

           670 - LOAD_BN_SESSION_20111106.UPDATES

BEGIN
Time: 0 hrs, 0 mins, 0 secs, 129 ms
SET
Time: 0 hrs, 0 mins, 0 secs, 6 ms
UPDATE 0
Time: 0 hrs, 0 mins, 0 secs, 173 ms
END
Time: 0 hrs, 0 mins, 7 secs, 103 ms
VACUUM
Time: 0 hrs, 0 mins, 7 secs, 8 ms

Mon Nov 7 04:17:09 EST 2011

Timing is on.

           700 - LOAD_BN_SESSION

BEGIN
Time: 0 hrs, 0 mins, 0 secs, 174 ms
SET
Time: 0 hrs, 0 mins, 0 secs, 7 ms
INSERT 0 0
Time: 0 hrs, 0 mins, 2 secs, 942 ms
ANALYZE
Time: 0 hrs, 0 mins, 0 secs, 14 ms
END
Time: 0 hrs, 0 mins, 4 secs, 720 ms

Mon Nov 7 04:17:17 EST 2011

Timing is on.

            750 - LOAD_BN_SESSION_SUMMARY   

BEGIN
Time: 0 hrs, 0 mins, 0 secs, 120 ms
SET
Time: 0 hrs, 0 mins, 0 secs, 5 ms
CREATE TABLE
Time: 0 hrs, 3 mins, 27 secs, 402 ms
TRUNCATE
Time: 0 hrs, 0 mins, 2 secs, 250 ms
INSERT 0 0
Time: 0 hrs, 0 mins, 0 secs, 488 ms
ANALYZE
Time: 0 hrs, 0 mins, 0 secs, 14 ms
 count(1) 
----------
        0
(1 row)

Time: 0 hrs, 0 mins, 0 secs, 842 ms
END
Time: 0 hrs, 0 mins, 9 secs, 596 ms

Mon Nov 7 04:20:58 EST 2011

Timing is on.

           800 - LOAD_BN_HITS

BEGIN
Time: 0 hrs, 0 mins, 2 secs, 177 ms
SET
Time: 0 hrs, 0 mins, 0 secs, 7 ms
SET
Time: 0 hrs, 0 mins, 0 secs, 14 ms
SET
Time: 0 hrs, 0 mins, 0 secs, 14 ms
SET
Time: 0 hrs, 0 mins, 0 secs, 15 ms
TRUNCATE
Time: 0 hrs, 0 mins, 3 secs, 15 ms
INSERT 0 0
Time: 0 hrs, 0 mins, 5 secs, 34 ms
 count(1) 
----------
        0
(1 row)

Time: 0 hrs, 0 mins, 4 secs, 109 ms
ANALYZE
Time: 0 hrs, 0 mins, 0 secs, 15 ms
END
Time: 0 hrs, 0 mins, 5 secs, 143 ms

Mon Nov 7 04:21:18 EST 2011

Timing is on.

            900 - LOAD_CLICKSTREAM   

BEGIN
Time: 0 hrs, 0 mins, 1 secs, 879 ms
SET
Time: 0 hrs, 0 mins, 0 secs, 6 ms
TRUNCATE
Time: 0 hrs, 0 mins, 1 secs, 714 ms
INSERT 0 0
Time: 0 hrs, 0 mins, 12 secs, 812 ms
 count(1) 
----------
        0
(1 row)

Time: 0 hrs, 0 mins, 1 secs, 579 ms
ANALYZE
Time: 0 hrs, 0 mins, 0 secs, 14 ms
END
Time: 0 hrs, 0 mins, 9 secs, 811 ms

Mon Nov 7 04:21:46 EST 2011

Timing is on.

            1000 - PAGE_VIEW_SUMMARY  

BEGIN
Time: 0 hrs, 0 mins, 0 secs, 318 ms
SET
Time: 0 hrs, 0 mins, 0 secs, 6 ms
SET
Time: 0 hrs, 0 mins, 0 secs, 11 ms
TRUNCATE
Time: 0 hrs, 0 mins, 1 secs, 407 ms
INSERT 0 0
Time: 0 hrs, 0 mins, 0 secs, 819 ms
 count(1) 
----------
        0
(1 row)

Time: 0 hrs, 0 mins, 0 secs, 284 ms
ANALYZE
Time: 0 hrs, 0 mins, 0 secs, 13 ms
END
Time: 0 hrs, 0 mins, 6 secs, 118 ms

Mon Nov 7 04:21:55 EST 2011


2000 - WRAP UP 

Timing is on.
BEGIN
Time: 0 hrs, 0 mins, 0 secs, 352 ms
TRUNCATE
Time: 0 hrs, 0 mins, 0 secs, 622 ms
TRUNCATE
Time: 0 hrs, 0 mins, 1 secs, 45 ms
END
Time: 0 hrs, 0 mins, 3 secs, 202 ms
Mon Nov 7 04:22:01 EST 2011
Removing lock file and waiting for a minute
Total time taken:  43  minutes.
Running time of run.sh 20111106: 2621 seconds
Checking for lock file /tmp/.iislock
Acquired lock file /tmp/.iislock
deleting simple.htm records - these are just server testing...
DELETE 0
-------------------------------------
Processing for 20111106
-------------------------------------

Mon Nov 7 12:20:55 EST 2011

Timing is on.

           000 - INIT

BEGIN
Time: 0 hrs, 0 mins, 0 secs, 237 ms
*** Truncating staging tables before workflow starts ***
SET
Time: 0 hrs, 0 mins, 0 secs, 7 ms
GRANT
Time: 0 hrs, 0 mins, 41 secs, 966 ms
END
Time: 0 hrs, 0 mins, 20 secs, 305 ms

Mon Nov 7 12:21:57 EST 2011

Timing is on.

            200 - LOAD_BN_IISLOGS   

BEGIN
Time: 0 hrs, 0 mins, 9 secs, 382 ms
SET
Time: 0 hrs, 0 mins, 0 secs, 11 ms
TRUNCATE
Time: 0 hrs, 0 mins, 6 secs, 19 ms
INSERT 0 61705756
Time: 0 hrs, 8 mins, 58 secs, 316 ms
END
Time: 0 hrs, 1 mins, 15 secs, 724 ms
ALTER TABLE
Time: 0 hrs, 1 mins, 17 secs, 207 ms

Mon Nov 7 12:33:44 EST 2011

Timing is on.
BEGIN
Time: 0 hrs, 0 mins, 6 secs, 939 ms
SET
Time: 0 hrs, 0 mins, 0 secs, 7 ms

            250 - LOAD_BN_HITS_SP   

TRUNCATE
Time: 0 hrs, 0 mins, 1 secs, 669 ms
ERROR:  new row for relation "bn_hits_sp_20111106" violates check constraint "bn_hits_sp_20111106_newpart_hit_timestamp_check"
NOTICE:  current transaction is aborted, queries ignored until end of transaction block
ABORT
Time: 0 hrs, 0 mins, 0 secs, 416 ms

Mon Nov 7 12:33:59 EST 2011

Timing is on.
BEGIN
Time: 0 hrs, 0 mins, 0 secs, 230 ms
SET
Time: 0 hrs, 0 mins, 0 secs, 6 ms

           300 - DYNAMIC FILTER

TRUNCATE
Time: 0 hrs, 0 mins, 1 secs, 408 ms
INSERT 0 17107597
Time: 0 hrs, 0 mins, 14 secs, 223 ms
ANALYZE
Time: 0 hrs, 0 mins, 1 secs, 996 ms
 Total records in web_click_cnt 
--------------------------------
                       17107597
(1 row)

Time: 0 hrs, 0 mins, 3 secs, 340 ms
CREATE TABLE
Time: 0 hrs, 0 mins, 28 secs, 563 ms
ANALYZE
Time: 0 hrs, 0 mins, 0 secs, 403 ms
CREATE TABLE
Time: 0 hrs, 0 mins, 3 secs, 496 ms
ANALYZE
Time: 0 hrs, 0 mins, 0 secs, 115 ms
DELETE 1
Time: 0 hrs, 0 mins, 1 secs, 457 ms
INSERT 0 1
Time: 0 hrs, 0 mins, 2 secs, 863 ms
DELETE 1
Time: 0 hrs, 0 mins, 0 secs, 64 ms
INSERT 0 1
Time: 0 hrs, 0 mins, 1 secs, 169 ms
CREATE TABLE
Time: 0 hrs, 0 mins, 4 secs, 911 ms
ANALYZE
Time: 0 hrs, 0 mins, 0 secs, 42 ms
CREATE TABLE
Time: 0 hrs, 0 mins, 0 secs, 221 ms
ANALYZE
Time: 0 hrs, 0 mins, 0 secs, 42 ms
DELETE 1
Time: 0 hrs, 0 mins, 0 secs, 54 ms
INSERT 0 1
Time: 0 hrs, 0 mins, 0 secs, 504 ms
DELETE 1
Time: 0 hrs, 0 mins, 0 secs, 56 ms
INSERT 0 1
Time: 0 hrs, 0 mins, 0 secs, 706 ms
ANALYZE
Time: 0 hrs, 0 mins, 0 secs, 628 ms
    tablename     |    attr_name    | attr_value 
------------------+-----------------+------------
 BN_FILTER_SPIDER | CLK_USER_SD_MPL | 10
 BN_FILTER_SPIDER | IP_USER_SD_MPL  | 1
 BN_FILTER_SPIDER | IP_USER_RATIO   | .955
 BN_FILTER_SPIDER | CLK_USER_MEAN   | 11.593
 BN_FILTER_SPIDER | CLK_USER_SD     | 39.152
 BN_FILTER_SPIDER | IP_USER_MEAN    | 16.407
 BN_FILTER_SPIDER | IP_USER_SD      | 1189.033
(7 rows)

Time: 0 hrs, 0 mins, 0 secs, 885 ms
CREATE TABLE
Time: 0 hrs, 0 mins, 3 secs, 456 ms
CREATE TABLE
Time: 0 hrs, 0 mins, 1 secs, 20 ms
 l_mean_sd_mpl 
---------------
       403.113
(1 row)

Time: 0 hrs, 0 mins, 0 secs, 678 ms
TRUNCATE
Time: 0 hrs, 0 mins, 2 secs, 360 ms
INSERT 0 588
Time: 0 hrs, 0 mins, 6 secs, 3 ms
ANALYZE
Time: 0 hrs, 0 mins, 2 secs, 971 ms
 Total click_user bn_spider_ip records 
---------------------------------------
                                   588
(1 row)

Time: 0 hrs, 0 mins, 1 secs, 644 ms
CREATE TABLE
Time: 0 hrs, 0 mins, 6 secs, 644 ms
ANALYZE
Time: 0 hrs, 0 mins, 0 secs, 22 ms
CREATE TABLE
Time: 0 hrs, 0 mins, 6 secs, 608 ms
ANALYZE
Time: 0 hrs, 0 mins, 0 secs, 108 ms
DROP 
Time: 0 hrs, 0 mins, 0 secs, 110 ms
CREATE TABLE
Time: 0 hrs, 0 mins, 2 secs, 321 ms
 l_mean_sd_mpl | l_ratio 
---------------+---------
      1205.440 |   0.955
(1 row)

Time: 0 hrs, 0 mins, 0 secs, 827 ms
INSERT 0 14124463
Time: 0 hrs, 0 mins, 4 secs, 553 ms
ANALYZE
Time: 0 hrs, 0 mins, 0 secs, 230 ms
 Total ip_user_filter bn_spider_ip records 
-------------------------------------------
                                  14124463
(1 row)

Time: 0 hrs, 0 mins, 0 secs, 499 ms
TRUNCATE
Time: 0 hrs, 0 mins, 1 secs, 717 ms
INSERT 0 18425849
Time: 0 hrs, 0 mins, 28 secs, 872 ms
ANALYZE
Time: 0 hrs, 0 mins, 7 secs, 525 ms
 bn_hits_stage 
---------------
      18425849
(1 row)

Time: 0 hrs, 0 mins, 0 secs, 790 ms
ERROR:  new row for relation "bn_hits_sp_20111106" violates check constraint "bn_hits_sp_20111106_newpart_hit_timestamp_check"
NOTICE:  current transaction is aborted, queries ignored until end of transaction block
NOTICE:  current transaction is aborted, queries ignored until end of transaction block
NOTICE:  current transaction is aborted, queries ignored until end of transaction block
NOTICE:  current transaction is aborted, queries ignored until end of transaction block
NOTICE:  current transaction is aborted, queries ignored until end of transaction block
NOTICE:  current transaction is aborted, queries ignored until end of transaction block
ABORT
Time: 0 hrs, 0 mins, 0 secs, 404 ms

Mon Nov 7 12:36:39 EST 2011

Timing is on.
BEGIN
Time: 0 hrs, 0 mins, 2 secs, 865 ms

           600 - LOAD RESOURCES

SET
Time: 0 hrs, 0 mins, 0 secs, 8 ms
CREATE TABLE
Time: 0 hrs, 0 mins, 23 secs, 976 ms
ANALYZE
Time: 0 hrs, 0 mins, 1 secs, 232 ms
 tmp_a_count 
-------------
      444363
(1 row)

Time: 0 hrs, 0 mins, 0 secs, 100 ms
UPDATE 0
Time: 0 hrs, 0 mins, 3 secs, 864 ms
ANALYZE
Time: 0 hrs, 0 mins, 1 secs, 10 ms
TRUNCATE
Time: 0 hrs, 0 mins, 1 secs, 401 ms
INSERT 0 0
Time: 0 hrs, 0 mins, 9 secs, 634 ms
ANALYZE
Time: 0 hrs, 0 mins, 0 secs, 18 ms
 first_resource_id | last_resource_id 
-------------------+------------------
                   |                 
(1 row)

Time: 0 hrs, 0 mins, 0 secs, 880 ms
INSERT 0 0
Time: 0 hrs, 0 mins, 0 secs, 380 ms
 total_resources 
-----------------
        52706518
(1 row)

Time: 0 hrs, 0 mins, 0 secs, 423 ms
ANALYZE
Time: 0 hrs, 0 mins, 0 secs, 514 ms
END
Time: 0 hrs, 0 mins, 6 secs, 644 ms
VACUUM
Time: 0 hrs, 0 mins, 41 secs, 330 ms

Mon Nov 7 12:38:13 EST 2011

Timing is on.

           650 - LOAD_BN_SESSION_STAGE

BEGIN
Time: 0 hrs, 0 mins, 0 secs, 641 ms
SET
Time: 0 hrs, 0 mins, 0 secs, 7 ms
SET
Time: 0 hrs, 0 mins, 0 secs, 14 ms
CREATE TABLE
Time: 0 hrs, 0 mins, 41 secs, 496 ms
ANALYZE
Time: 0 hrs, 0 mins, 4 secs, 419 ms
 tmp_sessionized_stage 
-----------------------
              17589410
(1 row)

Time: 0 hrs, 0 mins, 0 secs, 534 ms
TRUNCATE
Time: 0 hrs, 0 mins, 2 secs, 963 ms
INSERT 0 2713805
Time: 0 hrs, 2 mins, 18 secs, 525 ms
ANALYZE
Time: 0 hrs, 0 mins, 13 secs, 213 ms
CREATE TABLE
Time: 0 hrs, 1 mins, 41 secs, 384 ms
CREATE INDEX
Time: 0 hrs, 0 mins, 0 secs, 348 ms
 tmp_first_last 
----------------
        2713805
(1 row)

Time: 0 hrs, 0 mins, 0 secs, 168 ms
ANALYZE
Time: 0 hrs, 0 mins, 0 secs, 678 ms
SET
Time: 0 hrs, 0 mins, 0 secs, 12 ms
SET
Time: 0 hrs, 0 mins, 0 secs, 11 ms
TRUNCATE
Time: 0 hrs, 0 mins, 0 secs, 618 ms
DROP 
Time: 0 hrs, 0 mins, 0 secs, 57 ms
INSERT 0 2713805
Time: 0 hrs, 0 mins, 5 secs, 883 ms
 bn_session_stage 
------------------
          2713805
(1 row)

Time: 0 hrs, 0 mins, 3 secs, 962 ms
CREATE INDEX
Time: 0 hrs, 0 mins, 0 secs, 865 ms
ANALYZE
Time: 0 hrs, 0 mins, 0 secs, 753 ms
TRUNCATE
Time: 0 hrs, 0 mins, 1 secs, 278 ms
END
Time: 0 hrs, 0 mins, 4 secs, 30 ms

Mon Nov 7 12:43:36 EST 2011

BEGIN

           660 - LOAD_BN_SESSION_UPDATE_STAGE

SET
TRUNCATE
INSERT 0 0
END

Mon Nov 7 12:43:46 EST 2011

Timing is on.

           670 - LOAD_BN_SESSION_20111106.UPDATES

BEGIN
Time: 0 hrs, 0 mins, 0 secs, 128 ms
SET
Time: 0 hrs, 0 mins, 0 secs, 5 ms
UPDATE 0
Time: 0 hrs, 0 mins, 0 secs, 175 ms
END
Time: 0 hrs, 0 mins, 5 secs, 23 ms
VACUUM
Time: 0 hrs, 0 mins, 9 secs, 628 ms

Mon Nov 7 12:44:01 EST 2011

Timing is on.

           700 - LOAD_BN_SESSION

BEGIN
Time: 0 hrs, 0 mins, 0 secs, 118 ms
SET
Time: 0 hrs, 0 mins, 0 secs, 6 ms
INSERT 0 0
Time: 0 hrs, 0 mins, 1 secs, 483 ms
ANALYZE
Time: 0 hrs, 0 mins, 0 secs, 14 ms
END
Time: 0 hrs, 0 mins, 4 secs, 613 ms

Mon Nov 7 12:44:08 EST 2011

Timing is on.

            750 - LOAD_BN_SESSION_SUMMARY   

BEGIN
Time: 0 hrs, 0 mins, 0 secs, 133 ms
SET
Time: 0 hrs, 0 mins, 0 secs, 6 ms
CREATE TABLE
Time: 0 hrs, 0 mins, 4 secs, 101 ms
TRUNCATE
Time: 0 hrs, 0 mins, 1 secs, 130 ms
INSERT 0 0
Time: 0 hrs, 0 mins, 0 secs, 440 ms
ANALYZE
Time: 0 hrs, 0 mins, 0 secs, 14 ms
 count(1) 
----------
        0
(1 row)

Time: 0 hrs, 0 mins, 0 secs, 46 ms
END
Time: 0 hrs, 0 mins, 16 secs, 356 ms

Mon Nov 7 12:44:30 EST 2011

Timing is on.

           800 - LOAD_BN_HITS

BEGIN
Time: 0 hrs, 0 mins, 0 secs, 271 ms
SET
Time: 0 hrs, 0 mins, 0 secs, 6 ms
SET
Time: 0 hrs, 0 mins, 0 secs, 10 ms
SET
Time: 0 hrs, 0 mins, 0 secs, 10 ms
SET
Time: 0 hrs, 0 mins, 0 secs, 11 ms
TRUNCATE
Time: 0 hrs, 0 mins, 0 secs, 741 ms
INSERT 0 0
Time: 0 hrs, 0 mins, 0 secs, 264 ms
 count(1) 
----------
        0
(1 row)

Time: 0 hrs, 0 mins, 1 secs, 184 ms
ANALYZE
Time: 0 hrs, 0 mins, 0 secs, 16 ms
END
Time: 0 hrs, 0 mins, 1 secs, 100 ms

Mon Nov 7 12:44:34 EST 2011

Timing is on.

            900 - LOAD_CLICKSTREAM   

BEGIN
Time: 0 hrs, 0 mins, 0 secs, 128 ms
SET
Time: 0 hrs, 0 mins, 0 secs, 6 ms
TRUNCATE
Time: 0 hrs, 0 mins, 0 secs, 408 ms
INSERT 0 0
Time: 0 hrs, 0 mins, 4 secs, 461 ms
 count(1) 
----------
        0
(1 row)

Time: 0 hrs, 0 mins, 0 secs, 297 ms
ANALYZE
Time: 0 hrs, 0 mins, 0 secs, 15 ms
END
Time: 0 hrs, 0 mins, 7 secs, 431 ms

Mon Nov 7 12:44:47 EST 2011

Timing is on.

            1000 - PAGE_VIEW_SUMMARY  

BEGIN
Time: 0 hrs, 0 mins, 0 secs, 121 ms
SET
Time: 0 hrs, 0 mins, 0 secs, 6 ms
SET
Time: 0 hrs, 0 mins, 0 secs, 14 ms
TRUNCATE
Time: 0 hrs, 0 mins, 1 secs, 611 ms
INSERT 0 0
Time: 0 hrs, 0 mins, 0 secs, 477 ms
 count(1) 
----------
        0
(1 row)

Time: 0 hrs, 0 mins, 0 secs, 60 ms
ANALYZE
Time: 0 hrs, 0 mins, 0 secs, 12 ms
END
Time: 0 hrs, 0 mins, 21 secs, 160 ms

Mon Nov 7 12:45:11 EST 2011


2000 - WRAP UP 

Timing is on.
BEGIN
Time: 0 hrs, 0 mins, 0 secs, 663 ms
TRUNCATE
Time: 0 hrs, 0 mins, 1 secs, 820 ms
TRUNCATE
Time: 0 hrs, 0 mins, 0 secs, 508 ms
END
Time: 0 hrs, 0 mins, 15 secs, 52 ms
Mon Nov 7 12:45:29 EST 2011
Removing lock file and waiting for a minute
Total time taken:  77  minutes.
Checking for lock file /tmp/.iislock
Acquired lock file /tmp/.iislock
deleting simple.htm records - these are just server testing...
DELETE 20
-------------------------------------
Processing for 20111106
-------------------------------------

Tue Nov 8 07:36:49 EST 2011

Timing is on.

           000 - INIT

BEGIN
Time: 0 hrs, 0 mins, 4 secs, 10 ms
*** Truncating staging tables before workflow starts ***
SET
Time: 0 hrs, 0 mins, 0 secs, 6 ms
GRANT
Time: 0 hrs, 0 mins, 23 secs, 414 ms
END
Time: 0 hrs, 0 mins, 16 secs, 688 ms

Tue Nov 8 07:37:34 EST 2011

Timing is on.

            200 - LOAD_BN_IISLOGS   

BEGIN
Time: 0 hrs, 0 mins, 0 secs, 298 ms
SET
Time: 0 hrs, 0 mins, 0 secs, 9 ms
TRUNCATE
Time: 0 hrs, 0 mins, 1 secs, 795 ms
INSERT 0 61705924
Time: 0 hrs, 8 mins, 28 secs, 571 ms
END
Time: 0 hrs, 0 mins, 12 secs, 734 ms
ALTER TABLE
Time: 0 hrs, 0 mins, 11 secs, 493 ms

Tue Nov 8 07:46:29 EST 2011

Timing is on.
BEGIN
Time: 0 hrs, 0 mins, 5 secs, 9 ms
SET
Time: 0 hrs, 0 mins, 0 secs, 9 ms

            250 - LOAD_BN_HITS_SP   

TRUNCATE
Time: 0 hrs, 0 mins, 2 secs, 677 ms
ERROR:  new row for relation "bn_hits_sp_20111106" violates check constraint "bn_hits_sp_20111106_newpart_hit_timestamp_check"
NOTICE:  current transaction is aborted, queries ignored until end of transaction block
ABORT
Time: 0 hrs, 0 mins, 0 secs, 16 ms

Tue Nov 8 07:50:32 EST 2011

Timing is on.
BEGIN
Time: 0 hrs, 0 mins, 1 secs, 743 ms
SET
Time: 0 hrs, 0 mins, 0 secs, 9 ms

           300 - DYNAMIC FILTER

TRUNCATE
Time: 0 hrs, 0 mins, 1 secs, 453 ms
INSERT 0 17107610
Time: 0 hrs, 0 mins, 15 secs, 428 ms
ANALYZE
Time: 0 hrs, 0 mins, 0 secs, 518 ms
 Total records in web_click_cnt 
--------------------------------
                       17107610
(1 row)

Time: 0 hrs, 0 mins, 0 secs, 845 ms
CREATE TABLE
Time: 0 hrs, 0 mins, 3 secs, 803 ms
ANALYZE
Time: 0 hrs, 0 mins, 0 secs, 35 ms
CREATE TABLE
Time: 0 hrs, 0 mins, 0 secs, 253 ms
ANALYZE
Time: 0 hrs, 0 mins, 0 secs, 48 ms
DELETE 1
Time: 0 hrs, 0 mins, 1 secs, 293 ms
INSERT 0 1
Time: 0 hrs, 0 mins, 2 secs, 165 ms
DELETE 1
Time: 0 hrs, 0 mins, 0 secs, 70 ms
INSERT 0 1
Time: 0 hrs, 0 mins, 3 secs, 395 ms
CREATE TABLE
Time: 0 hrs, 0 mins, 9 secs, 73 ms
ANALYZE
Time: 0 hrs, 0 mins, 0 secs, 42 ms
CREATE TABLE
Time: 0 hrs, 0 mins, 1 secs, 338 ms
ANALYZE
Time: 0 hrs, 0 mins, 0 secs, 432 ms
DELETE 1
Time: 0 hrs, 0 mins, 0 secs, 104 ms
INSERT 0 1
Time: 0 hrs, 0 mins, 2 secs, 934 ms
DELETE 1
Time: 0 hrs, 0 mins, 0 secs, 59 ms
INSERT 0 1
Time: 0 hrs, 0 mins, 2 secs, 835 ms
ANALYZE
Time: 0 hrs, 0 mins, 0 secs, 94 ms
    tablename     |    attr_name    | attr_value 
------------------+-----------------+------------
 BN_FILTER_SPIDER | CLK_USER_SD_MPL | 10
 BN_FILTER_SPIDER | IP_USER_SD_MPL  | 1
 BN_FILTER_SPIDER | IP_USER_RATIO   | .955
 BN_FILTER_SPIDER | CLK_USER_MEAN   | 11.593
 BN_FILTER_SPIDER | CLK_USER_SD     | 39.151
 BN_FILTER_SPIDER | IP_USER_MEAN    | 16.407
 BN_FILTER_SPIDER | IP_USER_SD      | 1189.031
(7 rows)

Time: 0 hrs, 0 mins, 0 secs, 857 ms
CREATE TABLE
Time: 0 hrs, 0 mins, 2 secs, 623 ms
CREATE TABLE
Time: 0 hrs, 0 mins, 1 secs, 284 ms
 l_mean_sd_mpl 
---------------
       403.103
(1 row)

Time: 0 hrs, 0 mins, 0 secs, 391 ms
TRUNCATE
Time: 0 hrs, 0 mins, 2 secs, 261 ms
INSERT 0 588
Time: 0 hrs, 0 mins, 6 secs, 517 ms
ANALYZE
Time: 0 hrs, 0 mins, 1 secs, 893 ms
 Total click_user bn_spider_ip records 
---------------------------------------
                                   588
(1 row)

Time: 0 hrs, 0 mins, 3 secs, 800 ms
CREATE TABLE
Time: 0 hrs, 0 mins, 12 secs, 275 ms
ANALYZE
Time: 0 hrs, 0 mins, 0 secs, 29 ms
CREATE TABLE
Time: 0 hrs, 0 mins, 12 secs, 64 ms
ANALYZE
Time: 0 hrs, 0 mins, 0 secs, 46 ms
DROP 
Time: 0 hrs, 0 mins, 0 secs, 98 ms
CREATE TABLE
Time: 0 hrs, 0 mins, 2 secs, 416 ms
 l_mean_sd_mpl | l_ratio 
---------------+---------
      1205.438 |   0.955
(1 row)

Time: 0 hrs, 0 mins, 1 secs, 403 ms
INSERT 0 14124467
Time: 0 hrs, 0 mins, 5 secs, 858 ms
ANALYZE
Time: 0 hrs, 0 mins, 0 secs, 333 ms
 Total ip_user_filter bn_spider_ip records 
-------------------------------------------
                                  14124467
(1 row)

Time: 0 hrs, 0 mins, 0 secs, 997 ms
TRUNCATE
Time: 0 hrs, 0 mins, 1 secs, 498 ms
INSERT 0 18425916
Time: 0 hrs, 0 mins, 22 secs, 666 ms
ANALYZE
Time: 0 hrs, 0 mins, 10 secs, 888 ms
 bn_hits_stage 
---------------
      18425916
(1 row)

Time: 0 hrs, 0 mins, 1 secs, 535 ms
ERROR:  new row for relation "bn_hits_sp_20111106" violates check constraint "bn_hits_sp_20111106_newpart_hit_timestamp_check"
NOTICE:  current transaction is aborted, queries ignored until end of transaction block
NOTICE:  current transaction is aborted, queries ignored until end of transaction block
NOTICE:  current transaction is aborted, queries ignored until end of transaction block
NOTICE:  current transaction is aborted, queries ignored until end of transaction block
NOTICE:  current transaction is aborted, queries ignored until end of transaction block
NOTICE:  current transaction is aborted, queries ignored until end of transaction block
ABORT
Time: 0 hrs, 0 mins, 0 secs, 434 ms

Tue Nov 8 07:53:09 EST 2011

Timing is on.
BEGIN
Time: 0 hrs, 0 mins, 0 secs, 123 ms

           600 - LOAD RESOURCES

SET
Time: 0 hrs, 0 mins, 0 secs, 5 ms
CREATE TABLE
Time: 0 hrs, 0 mins, 30 secs, 932 ms
ANALYZE
Time: 0 hrs, 0 mins, 0 secs, 854 ms
 tmp_a_count 
-------------
      422352
(1 row)

Time: 0 hrs, 0 mins, 1 secs, 258 ms
UPDATE 0
Time: 0 hrs, 0 mins, 4 secs, 465 ms
ANALYZE
Time: 0 hrs, 0 mins, 2 secs, 707 ms
TRUNCATE
Time: 0 hrs, 0 mins, 3 secs, 201 ms
INSERT 0 0
Time: 0 hrs, 0 mins, 10 secs, 164 ms
ANALYZE
Time: 0 hrs, 0 mins, 0 secs, 14 ms
 first_resource_id | last_resource_id 
-------------------+------------------
                   |                 
(1 row)

Time: 0 hrs, 0 mins, 3 secs, 605 ms
INSERT 0 0
Time: 0 hrs, 0 mins, 1 secs, 498 ms
 total_resources 
-----------------
        52875941
(1 row)

Time: 0 hrs, 0 mins, 0 secs, 881 ms
ANALYZE
Time: 0 hrs, 0 mins, 1 secs, 224 ms
END
Time: 0 hrs, 0 mins, 6 secs, 686 ms
VACUUM
Time: 0 hrs, 0 mins, 17 secs, 443 ms

Tue Nov 8 07:54:34 EST 2011

Timing is on.

           650 - LOAD_BN_SESSION_STAGE

BEGIN
Time: 0 hrs, 0 mins, 0 secs, 155 ms
SET
Time: 0 hrs, 0 mins, 0 secs, 6 ms
SET
Time: 0 hrs, 0 mins, 0 secs, 12 ms
CREATE TABLE
Time: 0 hrs, 4 mins, 9 secs, 703 ms
ANALYZE
Time: 0 hrs, 0 mins, 9 secs, 647 ms
 tmp_sessionized_stage 
-----------------------
              13530839
(1 row)

Time: 0 hrs, 0 mins, 1 secs, 433 ms
TRUNCATE
Time: 0 hrs, 0 mins, 2 secs, 10 ms
INSERT 0 2204144
Time: 0 hrs, 0 mins, 34 secs, 364 ms
ANALYZE
Time: 0 hrs, 0 mins, 3 secs, 150 ms
CREATE TABLE
Time: 0 hrs, 1 mins, 59 secs, 161 ms
CREATE INDEX
Time: 0 hrs, 0 mins, 0 secs, 148 ms
 tmp_first_last 
----------------
        2204144
(1 row)

Time: 0 hrs, 0 mins, 0 secs, 809 ms
ANALYZE
Time: 0 hrs, 0 mins, 0 secs, 660 ms
SET
Time: 0 hrs, 0 mins, 0 secs, 10 ms
SET
Time: 0 hrs, 0 mins, 0 secs, 10 ms
TRUNCATE
Time: 0 hrs, 0 mins, 4 secs, 743 ms
DROP 
Time: 0 hrs, 0 mins, 1 secs, 694 ms
INSERT 0 2204144
Time: 0 hrs, 0 mins, 5 secs, 300 ms
 bn_session_stage 
------------------
          2204144
(1 row)

Time: 0 hrs, 0 mins, 7 secs, 784 ms
CREATE INDEX
Time: 0 hrs, 0 mins, 7 secs, 635 ms
ANALYZE
Time: 0 hrs, 0 mins, 1 secs, 915 ms
TRUNCATE
Time: 0 hrs, 0 mins, 9 secs, 45 ms
END
Time: 0 hrs, 0 mins, 24 secs, 112 ms

Tue Nov 8 08:02:38 EST 2011

BEGIN

           660 - LOAD_BN_SESSION_UPDATE_STAGE

SET
TRUNCATE
INSERT 0 0
END

Tue Nov 8 08:02:46 EST 2011

Timing is on.

           670 - LOAD_BN_SESSION_20111106.UPDATES

BEGIN
Time: 0 hrs, 0 mins, 0 secs, 339 ms
SET
Time: 0 hrs, 0 mins, 0 secs, 7 ms
UPDATE 0
Time: 0 hrs, 0 mins, 0 secs, 198 ms
END
Time: 0 hrs, 0 mins, 5 secs, 531 ms
VACUUM
Time: 0 hrs, 0 mins, 32 secs, 571 ms

Tue Nov 8 08:03:25 EST 2011

Timing is on.

           700 - LOAD_BN_SESSION

BEGIN
Time: 0 hrs, 0 mins, 29 secs, 506 ms
SET
Time: 0 hrs, 0 mins, 0 secs, 6 ms
INSERT 0 0
Time: 0 hrs, 2 mins, 8 secs, 212 ms
ANALYZE
Time: 0 hrs, 0 mins, 0 secs, 16 ms
END
Time: 0 hrs, 0 mins, 8 secs, 665 ms

Tue Nov 8 08:06:12 EST 2011

Timing is on.

            750 - LOAD_BN_SESSION_SUMMARY   

BEGIN
Time: 0 hrs, 0 mins, 0 secs, 150 ms
SET
Time: 0 hrs, 0 mins, 0 secs, 6 ms
CREATE TABLE
Time: 0 hrs, 0 mins, 5 secs, 59 ms
TRUNCATE
Time: 0 hrs, 0 mins, 1 secs, 814 ms
INSERT 0 0
Time: 0 hrs, 0 mins, 0 secs, 485 ms
ANALYZE
Time: 0 hrs, 0 mins, 0 secs, 13 ms
 count(1) 
----------
        0
(1 row)

Time: 0 hrs, 0 mins, 0 secs, 132 ms
END
Time: 0 hrs, 0 mins, 5 secs, 123 ms

Tue Nov 8 08:06:25 EST 2011

Timing is on.

           800 - LOAD_BN_HITS

BEGIN
Time: 0 hrs, 0 mins, 0 secs, 167 ms
SET
Time: 0 hrs, 0 mins, 0 secs, 6 ms
SET
Time: 0 hrs, 0 mins, 0 secs, 17 ms
SET
Time: 0 hrs, 0 mins, 0 secs, 214 ms
SET
Time: 0 hrs, 0 mins, 0 secs, 17 ms
TRUNCATE
Time: 0 hrs, 0 mins, 3 secs, 425 ms
INSERT 0 0
Time: 0 hrs, 0 mins, 0 secs, 312 ms
 count(1) 
----------
        0
(1 row)

Time: 0 hrs, 0 mins, 2 secs, 905 ms
ANALYZE
Time: 0 hrs, 0 mins, 0 secs, 19 ms
END
Time: 0 hrs, 0 mins, 14 secs, 479 ms

Tue Nov 8 08:06:47 EST 2011

Timing is on.

            900 - LOAD_CLICKSTREAM   

BEGIN
Time: 0 hrs, 0 mins, 0 secs, 200 ms
SET
Time: 0 hrs, 0 mins, 0 secs, 6 ms
TRUNCATE
Time: 0 hrs, 0 mins, 5 secs, 221 ms
INSERT 0 0
Time: 0 hrs, 0 mins, 25 secs, 784 ms
 count(1) 
----------
        0
(1 row)

Time: 0 hrs, 0 mins, 1 secs, 480 ms
ANALYZE
Time: 0 hrs, 0 mins, 0 secs, 14 ms
END
Time: 0 hrs, 0 mins, 18 secs, 936 ms

Tue Nov 8 08:07:38 EST 2011

Timing is on.

            1000 - PAGE_VIEW_SUMMARY  

BEGIN
Time: 0 hrs, 0 mins, 0 secs, 140 ms
SET
Time: 0 hrs, 0 mins, 0 secs, 6 ms
SET
Time: 0 hrs, 0 mins, 0 secs, 11 ms
TRUNCATE
Time: 0 hrs, 0 mins, 0 secs, 970 ms
INSERT 0 0
Time: 0 hrs, 0 mins, 5 secs, 309 ms
 count(1) 
----------
        0
(1 row)

Time: 0 hrs, 0 mins, 0 secs, 990 ms
ANALYZE
Time: 0 hrs, 0 mins, 0 secs, 14 ms
END
Time: 0 hrs, 0 mins, 6 secs, 739 ms

Tue Nov 8 08:07:53 EST 2011


2000 - WRAP UP 

Timing is on.
BEGIN
Time: 0 hrs, 0 mins, 3 secs, 95 ms
TRUNCATE
Time: 0 hrs, 0 mins, 3 secs, 338 ms
TRUNCATE
Time: 0 hrs, 0 mins, 1 secs, 237 ms
END
Time: 0 hrs, 0 mins, 3 secs, 751 ms
Tue Nov 8 08:08:04 EST 2011
Removing lock file and waiting for a minute
Total time taken:  32  minutes.
Running time of run.sh 20111106: 32 minutes
Checking for lock file /tmp/.iislock
Acquired lock file /tmp/.iislock
deleting simple.htm records - these are just server testing...
DELETE 0
-------------------------------------
Processing for 20111106
-------------------------------------

Tue Nov 8 10:22:58 EST 2011

Timing is on.

           000 - INIT

BEGIN
Time: 0 hrs, 0 mins, 3 secs, 751 ms
*** Truncating staging tables before workflow starts ***
SET
Time: 0 hrs, 0 mins, 0 secs, 8 ms
GRANT
Time: 0 hrs, 1 mins, 14 secs, 214 ms
END
Time: 0 hrs, 0 mins, 6 secs, 654 ms

Tue Nov 8 10:24:22 EST 2011

Timing is on.

            200 - LOAD_BN_IISLOGS   

BEGIN
Time: 0 hrs, 0 mins, 0 secs, 299 ms
SET
Time: 0 hrs, 0 mins, 0 secs, 6 ms
TRUNCATE
Time: 0 hrs, 0 mins, 5 secs, 532 ms
INSERT 0 61705924
Time: 0 hrs, 10 mins, 35 secs, 656 ms
END
Time: 0 hrs, 0 mins, 39 secs, 174 ms
ALTER TABLE
Time: 0 hrs, 0 mins, 58 secs, 253 ms

Tue Nov 8 10:36:42 EST 2011

Timing is on.
BEGIN
Time: 0 hrs, 0 mins, 9 secs, 597 ms
SET
Time: 0 hrs, 0 mins, 0 secs, 8 ms

           300 - DYNAMIC FILTER

TRUNCATE
Time: 0 hrs, 0 mins, 1 secs, 328 ms
INSERT 0 17107610
Time: 0 hrs, 0 mins, 23 secs, 876 ms
ANALYZE
Time: 0 hrs, 0 mins, 3 secs, 284 ms
 Total records in web_click_cnt 
--------------------------------
                       17107610
(1 row)

Time: 0 hrs, 0 mins, 3 secs, 21 ms
CREATE TABLE
Time: 0 hrs, 0 mins, 41 secs, 444 ms
ANALYZE
Time: 0 hrs, 0 mins, 0 secs, 37 ms
CREATE TABLE
Time: 0 hrs, 0 mins, 5 secs, 242 ms
ANALYZE
Time: 0 hrs, 0 mins, 0 secs, 64 ms
DELETE 1
Time: 0 hrs, 0 mins, 2 secs, 62 ms
INSERT 0 1
Time: 0 hrs, 0 mins, 1 secs, 369 ms
DELETE 1
Time: 0 hrs, 0 mins, 0 secs, 186 ms
INSERT 0 1
Time: 0 hrs, 0 mins, 2 secs, 618 ms
CREATE TABLE
Time: 0 hrs, 0 mins, 3 secs, 448 ms
ANALYZE
Time: 0 hrs, 0 mins, 0 secs, 39 ms
CREATE TABLE
Time: 0 hrs, 0 mins, 2 secs, 19 ms
ANALYZE
Time: 0 hrs, 0 mins, 0 secs, 38 ms
DELETE 1
Time: 0 hrs, 0 mins, 0 secs, 61 ms
INSERT 0 1
Time: 0 hrs, 0 mins, 2 secs, 142 ms
DELETE 1
Time: 0 hrs, 0 mins, 0 secs, 446 ms
INSERT 0 1
Time: 0 hrs, 0 mins, 0 secs, 254 ms
ANALYZE
Time: 0 hrs, 0 mins, 0 secs, 547 ms
    tablename     |    attr_name    | attr_value 
------------------+-----------------+------------
 BN_FILTER_SPIDER | CLK_USER_SD_MPL | 10
 BN_FILTER_SPIDER | IP_USER_SD_MPL  | 1
 BN_FILTER_SPIDER | IP_USER_RATIO   | .955
 BN_FILTER_SPIDER | CLK_USER_MEAN   | 11.593
 BN_FILTER_SPIDER | CLK_USER_SD     | 39.151
 BN_FILTER_SPIDER | IP_USER_MEAN    | 16.407
 BN_FILTER_SPIDER | IP_USER_SD      | 1189.031
(7 rows)

Time: 0 hrs, 0 mins, 0 secs, 484 ms
CREATE TABLE
Time: 0 hrs, 0 mins, 10 secs, 703 ms
CREATE TABLE
Time: 0 hrs, 0 mins, 3 secs, 672 ms
 l_mean_sd_mpl 
---------------
       403.103
(1 row)

Time: 0 hrs, 0 mins, 0 secs, 380 ms
TRUNCATE
Time: 0 hrs, 0 mins, 6 secs, 673 ms
INSERT 0 588
Time: 0 hrs, 0 mins, 9 secs, 246 ms
ANALYZE
Time: 0 hrs, 0 mins, 2 secs, 174 ms
 Total click_user bn_spider_ip records 
---------------------------------------
                                   588
(1 row)

Time: 0 hrs, 0 mins, 1 secs, 959 ms
CREATE TABLE
Time: 0 hrs, 0 mins, 8 secs, 660 ms
ANALYZE
Time: 0 hrs, 0 mins, 0 secs, 319 ms
CREATE TABLE
Time: 0 hrs, 0 mins, 8 secs, 607 ms
ANALYZE
Time: 0 hrs, 0 mins, 0 secs, 43 ms
DROP 
Time: 0 hrs, 0 mins, 0 secs, 102 ms
CREATE TABLE
Time: 0 hrs, 0 mins, 0 secs, 732 ms
 l_mean_sd_mpl | l_ratio 
---------------+---------
      1205.438 |   0.955
(1 row)

Time: 0 hrs, 0 mins, 0 secs, 122 ms
INSERT 0 14124467
Time: 0 hrs, 0 mins, 3 secs, 504 ms
ANALYZE
Time: 0 hrs, 0 mins, 0 secs, 206 ms
 Total ip_user_filter bn_spider_ip records 
-------------------------------------------
                                  14124467
(1 row)

Time: 0 hrs, 0 mins, 0 secs, 244 ms
TRUNCATE
Time: 0 hrs, 0 mins, 2 secs, 302 ms
INSERT 0 18425916
Time: 0 hrs, 0 mins, 27 secs, 378 ms
ANALYZE
Time: 0 hrs, 0 mins, 17 secs, 297 ms
 bn_hits_stage 
---------------
      18425916
(1 row)

Time: 0 hrs, 0 mins, 3 secs, 383 ms
ERROR:  new row for relation "bn_hits_sp_20111106" violates check constraint "bn_hits_sp_20111106_newpart_hit_timestamp_check"
NOTICE:  current transaction is aborted, queries ignored until end of transaction block
NOTICE:  current transaction is aborted, queries ignored until end of transaction block
NOTICE:  current transaction is aborted, queries ignored until end of transaction block
NOTICE:  current transaction is aborted, queries ignored until end of transaction block
NOTICE:  current transaction is aborted, queries ignored until end of transaction block
NOTICE:  current transaction is aborted, queries ignored until end of transaction block
ABORT
Time: 0 hrs, 0 mins, 1 secs, 11 ms

Tue Nov 8 10:41:02 EST 2011

Timing is on.
BEGIN
Time: 0 hrs, 0 mins, 0 secs, 128 ms

           600 - LOAD RESOURCES

SET
Time: 0 hrs, 0 mins, 0 secs, 6 ms
CREATE TABLE
Time: 0 hrs, 0 mins, 41 secs, 378 ms
ANALYZE
Time: 0 hrs, 0 mins, 7 secs, 190 ms
 tmp_a_count 
-------------
      422352
(1 row)

Time: 0 hrs, 0 mins, 1 secs, 648 ms
UPDATE 0
Time: 0 hrs, 0 mins, 5 secs, 826 ms
ANALYZE
Time: 0 hrs, 0 mins, 9 secs, 221 ms
TRUNCATE
Time: 0 hrs, 0 mins, 7 secs, 534 ms
INSERT 0 0
Time: 0 hrs, 0 mins, 16 secs, 917 ms
ANALYZE
Time: 0 hrs, 0 mins, 0 secs, 13 ms
 first_resource_id | last_resource_id 
-------------------+------------------
                   |                 
(1 row)

Time: 0 hrs, 0 mins, 0 secs, 869 ms
INSERT 0 0
Time: 0 hrs, 0 mins, 4 secs, 241 ms
 total_resources 
-----------------
        52875941
(1 row)

Time: 0 hrs, 0 mins, 0 secs, 195 ms
ANALYZE
Time: 0 hrs, 0 mins, 2 secs, 31 ms
END
Time: 0 hrs, 0 mins, 33 secs, 373 ms
VACUUM
Time: 0 hrs, 1 mins, 52 secs, 377 ms

Tue Nov 8 10:45:05 EST 2011

Timing is on.

           650 - LOAD_BN_SESSION_STAGE

BEGIN
Time: 0 hrs, 0 mins, 13 secs, 869 ms
SET
Time: 0 hrs, 0 mins, 0 secs, 8 ms
SET
Time: 0 hrs, 0 mins, 0 secs, 24 ms
CREATE TABLE
Time: 0 hrs, 2 mins, 2 secs, 829 ms
ANALYZE
Time: 0 hrs, 0 mins, 3 secs, 191 ms
 tmp_sessionized_stage 
-----------------------
              13530839
(1 row)

Time: 0 hrs, 0 mins, 1 secs, 408 ms
TRUNCATE
Time: 0 hrs, 0 mins, 2 secs, 647 ms
INSERT 0 2204144
Time: 0 hrs, 1 mins, 2 secs, 520 ms
ANALYZE
Time: 0 hrs, 0 mins, 3 secs, 114 ms
CREATE TABLE
Time: 0 hrs, 2 mins, 8 secs, 777 ms
CREATE INDEX
Time: 0 hrs, 0 mins, 1 secs, 50 ms
 tmp_first_last 
----------------
        2204144
(1 row)

Time: 0 hrs, 0 mins, 0 secs, 47 ms
ANALYZE
Time: 0 hrs, 0 mins, 0 secs, 590 ms
SET
Time: 0 hrs, 0 mins, 0 secs, 515 ms
SET
Time: 0 hrs, 0 mins, 0 secs, 12 ms
TRUNCATE
Time: 0 hrs, 0 mins, 5 secs, 472 ms
DROP 
Time: 0 hrs, 0 mins, 0 secs, 550 ms
INSERT 0 2204144
Time: 0 hrs, 0 mins, 4 secs, 649 ms
 bn_session_stage 
------------------
          2204144
(1 row)

Time: 0 hrs, 0 mins, 2 secs, 804 ms
CREATE INDEX
Time: 0 hrs, 0 mins, 2 secs, 236 ms
ANALYZE
Time: 0 hrs, 0 mins, 1 secs, 745 ms
TRUNCATE
Time: 0 hrs, 0 mins, 2 secs, 310 ms
END
Time: 0 hrs, 0 mins, 9 secs, 19 ms

Tue Nov 8 10:51:15 EST 2011

BEGIN

           660 - LOAD_BN_SESSION_UPDATE_STAGE

SET
TRUNCATE
INSERT 0 0
END

Tue Nov 8 10:51:32 EST 2011

Timing is on.

           670 - LOAD_BN_SESSION_20111106.UPDATES

BEGIN
Time: 0 hrs, 0 mins, 6 secs, 442 ms
SET
Time: 0 hrs, 0 mins, 0 secs, 15 ms
UPDATE 0
Time: 0 hrs, 0 mins, 0 secs, 192 ms
END
Time: 0 hrs, 0 mins, 11 secs, 226 ms
VACUUM
Time: 0 hrs, 0 mins, 14 secs, 426 ms

Tue Nov 8 10:52:05 EST 2011

Timing is on.

           700 - LOAD_BN_SESSION

BEGIN
Time: 0 hrs, 0 mins, 0 secs, 123 ms
SET
Time: 0 hrs, 0 mins, 0 secs, 6 ms
INSERT 0 0
Time: 0 hrs, 0 mins, 12 secs, 461 ms
ANALYZE
Time: 0 hrs, 0 mins, 0 secs, 13 ms
END
Time: 0 hrs, 0 mins, 11 secs, 96 ms

Tue Nov 8 10:52:29 EST 2011

Timing is on.

            750 - LOAD_BN_SESSION_SUMMARY   

BEGIN
Time: 0 hrs, 0 mins, 0 secs, 151 ms
SET
Time: 0 hrs, 0 mins, 0 secs, 6 ms
CREATE TABLE
Time: 0 hrs, 0 mins, 8 secs, 56 ms
TRUNCATE
Time: 0 hrs, 0 mins, 6 secs, 491 ms
INSERT 0 0
Time: 0 hrs, 0 mins, 1 secs, 244 ms
ANALYZE
Time: 0 hrs, 0 mins, 0 secs, 20 ms
 count(1) 
----------
        0
(1 row)

Time: 0 hrs, 0 mins, 2 secs, 182 ms
END
Time: 0 hrs, 0 mins, 13 secs, 281 ms

Tue Nov 8 10:53:01 EST 2011

Timing is on.

           800 - LOAD_BN_HITS

BEGIN
Time: 0 hrs, 0 mins, 0 secs, 112 ms
SET
Time: 0 hrs, 0 mins, 0 secs, 8 ms
SET
Time: 0 hrs, 0 mins, 0 secs, 12 ms
SET
Time: 0 hrs, 0 mins, 0 secs, 11 ms
SET
Time: 0 hrs, 0 mins, 0 secs, 12 ms
TRUNCATE
Time: 0 hrs, 0 mins, 4 secs, 403 ms
INSERT 0 0
Time: 0 hrs, 0 mins, 1 secs, 159 ms
 count(1) 
----------
        0
(1 row)

Time: 0 hrs, 0 mins, 1 secs, 564 ms
ANALYZE
Time: 0 hrs, 0 mins, 0 secs, 16 ms
END
Time: 0 hrs, 0 mins, 11 secs, 935 ms

Tue Nov 8 10:53:20 EST 2011

Timing is on.

            900 - LOAD_CLICKSTREAM   

BEGIN
Time: 0 hrs, 0 mins, 1 secs, 868 ms
SET
Time: 0 hrs, 0 mins, 0 secs, 11 ms
TRUNCATE
Time: 0 hrs, 0 mins, 5 secs, 206 ms
INSERT 0 0
Time: 0 hrs, 0 mins, 21 secs, 667 ms
 count(1) 
----------
        0
(1 row)

Time: 0 hrs, 0 mins, 0 secs, 952 ms
ANALYZE
Time: 0 hrs, 0 mins, 0 secs, 14 ms
END
Time: 0 hrs, 0 mins, 8 secs, 381 ms

Tue Nov 8 10:53:58 EST 2011

Timing is on.

            1000 - PAGE_VIEW_SUMMARY  

BEGIN
Time: 0 hrs, 0 mins, 0 secs, 576 ms
SET
Time: 0 hrs, 0 mins, 0 secs, 6 ms
SET
Time: 0 hrs, 0 mins, 0 secs, 81 ms
TRUNCATE
Time: 0 hrs, 0 mins, 5 secs, 65 ms
INSERT 0 0
Time: 0 hrs, 0 mins, 7 secs, 333 ms
 count(1) 
----------
        0
(1 row)

Time: 0 hrs, 0 mins, 1 secs, 80 ms
ANALYZE
Time: 0 hrs, 0 mins, 0 secs, 14 ms
END
Time: 0 hrs, 0 mins, 19 secs, 688 ms

Tue Nov 8 10:54:32 EST 2011


2000 - WRAP UP 

Timing is on.
BEGIN
Time: 0 hrs, 0 mins, 1 secs, 598 ms
TRUNCATE
Time: 0 hrs, 0 mins, 3 secs, 208 ms
TRUNCATE
Time: 0 hrs, 0 mins, 1 secs, 364 ms
END
Time: 0 hrs, 0 mins, 30 secs, 942 ms
Tue Nov 8 10:55:10 EST 2011
Removing lock file and waiting for a minute
Total time taken:  34  minutes.
Checking for lock file /tmp/.iislock
Acquired lock file /tmp/.iislock
deleting simple.htm records - these are just server testing...
DELETE 0
-------------------------------------
Processing for 20111106
-------------------------------------

Tue Nov 8 11:31:37 EST 2011

Timing is on.

           000 - INIT

BEGIN
Time: 0 hrs, 0 mins, 1 secs, 558 ms
*** Truncating staging tables before workflow starts ***
SET
Time: 0 hrs, 0 mins, 0 secs, 6 ms
GRANT
Time: 0 hrs, 0 mins, 18 secs, 790 ms
END
Time: 0 hrs, 0 mins, 7 secs, 432 ms

Tue Nov 8 11:32:05 EST 2011

Timing is on.

            200 - LOAD_BN_IISLOGS   

BEGIN
Time: 0 hrs, 0 mins, 0 secs, 133 ms
SET
Time: 0 hrs, 0 mins, 0 secs, 5 ms
TRUNCATE
Time: 0 hrs, 0 mins, 0 secs, 539 ms
INSERT 0 61705924
Time: 0 hrs, 8 mins, 20 secs, 907 ms
END
Time: 0 hrs, 0 mins, 7 secs, 7 ms
ALTER TABLE
Time: 0 hrs, 0 mins, 22 secs, 184 ms

Tue Nov 8 11:40:56 EST 2011

Timing is on.
BEGIN
Time: 0 hrs, 0 mins, 5 secs, 127 ms
SET
Time: 0 hrs, 0 mins, 0 secs, 7 ms

           300 - DYNAMIC FILTER

TRUNCATE
Time: 0 hrs, 0 mins, 12 secs, 512 ms
INSERT 0 17107610
Time: 0 hrs, 0 mins, 14 secs, 146 ms
ANALYZE
Time: 0 hrs, 0 mins, 0 secs, 688 ms
 Total records in web_click_cnt 
--------------------------------
                       17107610
(1 row)

Time: 0 hrs, 0 mins, 1 secs, 212 ms
CREATE TABLE
Time: 0 hrs, 0 mins, 7 secs, 391 ms
ANALYZE
Time: 0 hrs, 0 mins, 0 secs, 36 ms
CREATE TABLE
Time: 0 hrs, 0 mins, 0 secs, 256 ms
ANALYZE
Time: 0 hrs, 0 mins, 0 secs, 44 ms
DELETE 1
Time: 0 hrs, 0 mins, 0 secs, 230 ms
INSERT 0 1
Time: 0 hrs, 0 mins, 0 secs, 135 ms
DELETE 1
Time: 0 hrs, 0 mins, 0 secs, 73 ms
INSERT 0 1
Time: 0 hrs, 0 mins, 0 secs, 553 ms
CREATE TABLE
Time: 0 hrs, 0 mins, 1 secs, 631 ms
ANALYZE
Time: 0 hrs, 0 mins, 0 secs, 37 ms
CREATE TABLE
Time: 0 hrs, 0 mins, 0 secs, 137 ms
ANALYZE
Time: 0 hrs, 0 mins, 0 secs, 33 ms
DELETE 1
Time: 0 hrs, 0 mins, 0 secs, 66 ms
INSERT 0 1
Time: 0 hrs, 0 mins, 0 secs, 188 ms
DELETE 1
Time: 0 hrs, 0 mins, 0 secs, 63 ms
INSERT 0 1
Time: 0 hrs, 0 mins, 0 secs, 117 ms
ANALYZE
Time: 0 hrs, 0 mins, 0 secs, 87 ms
    tablename     |    attr_name    | attr_value 
------------------+-----------------+------------
 BN_FILTER_SPIDER | CLK_USER_SD_MPL | 10
 BN_FILTER_SPIDER | IP_USER_SD_MPL  | 1
 BN_FILTER_SPIDER | IP_USER_RATIO   | .955
 BN_FILTER_SPIDER | CLK_USER_MEAN   | 11.593
 BN_FILTER_SPIDER | CLK_USER_SD     | 39.151
 BN_FILTER_SPIDER | IP_USER_MEAN    | 16.407
 BN_FILTER_SPIDER | IP_USER_SD      | 1189.031
(7 rows)

Time: 0 hrs, 0 mins, 0 secs, 47 ms
CREATE TABLE
Time: 0 hrs, 0 mins, 6 secs, 298 ms
CREATE TABLE
Time: 0 hrs, 0 mins, 2 secs, 687 ms
 l_mean_sd_mpl 
---------------
       403.103
(1 row)

Time: 0 hrs, 0 mins, 0 secs, 66 ms
TRUNCATE
Time: 0 hrs, 0 mins, 2 secs, 718 ms
INSERT 0 588
Time: 0 hrs, 0 mins, 3 secs, 620 ms
ANALYZE
Time: 0 hrs, 0 mins, 1 secs, 819 ms
 Total click_user bn_spider_ip records 
---------------------------------------
                                   588
(1 row)

Time: 0 hrs, 0 mins, 3 secs, 120 ms
CREATE TABLE
Time: 0 hrs, 0 mins, 1 secs, 717 ms
ANALYZE
Time: 0 hrs, 0 mins, 0 secs, 22 ms
CREATE TABLE
Time: 0 hrs, 0 mins, 1 secs, 72 ms
ANALYZE
Time: 0 hrs, 0 mins, 0 secs, 32 ms
DROP 
Time: 0 hrs, 0 mins, 0 secs, 98 ms
CREATE TABLE
Time: 0 hrs, 0 mins, 0 secs, 377 ms
 l_mean_sd_mpl | l_ratio 
---------------+---------
      1205.438 |   0.955
(1 row)

Time: 0 hrs, 0 mins, 0 secs, 440 ms
INSERT 0 14124467
Time: 0 hrs, 0 mins, 4 secs, 971 ms
ANALYZE
Time: 0 hrs, 0 mins, 0 secs, 184 ms
 Total ip_user_filter bn_spider_ip records 
-------------------------------------------
                                  14124467
(1 row)

Time: 0 hrs, 0 mins, 0 secs, 433 ms
TRUNCATE
Time: 0 hrs, 0 mins, 0 secs, 902 ms
INSERT 0 18425916
Time: 0 hrs, 0 mins, 17 secs, 79 ms
ANALYZE
Time: 0 hrs, 0 mins, 14 secs, 575 ms
 bn_hits_stage 
---------------
      18425916
(1 row)

Time: 0 hrs, 0 mins, 2 secs, 85 ms
TRUNCATE
Time: 0 hrs, 0 mins, 12 secs, 106 ms
ERROR:  new row for relation "bn_hits_client_20111106" violates check constraint "hit_timestamp_check"
NOTICE:  current transaction is aborted, queries ignored until end of transaction block
NOTICE:  current transaction is aborted, queries ignored until end of transaction block
ABORT
Time: 0 hrs, 0 mins, 0 secs, 23 ms

Tue Nov 8 11:43:05 EST 2011

Timing is on.
BEGIN
Time: 0 hrs, 0 mins, 0 secs, 168 ms

           600 - LOAD RESOURCES

SET
Time: 0 hrs, 0 mins, 0 secs, 6 ms
CREATE TABLE
Time: 0 hrs, 0 mins, 24 secs, 280 ms
ANALYZE
Time: 0 hrs, 0 mins, 0 secs, 445 ms
 tmp_a_count 
-------------
      422352
(1 row)

Time: 0 hrs, 0 mins, 0 secs, 160 ms
UPDATE 0
Time: 0 hrs, 0 mins, 2 secs, 166 ms
ANALYZE
Time: 0 hrs, 0 mins, 0 secs, 896 ms
TRUNCATE
Time: 0 hrs, 0 mins, 1 secs, 377 ms
INSERT 0 0
Time: 0 hrs, 0 mins, 4 secs, 175 ms
ANALYZE
Time: 0 hrs, 0 mins, 0 secs, 14 ms
 first_resource_id | last_resource_id 
-------------------+------------------
                   |                 
(1 row)

Time: 0 hrs, 0 mins, 0 secs, 578 ms
INSERT 0 0
Time: 0 hrs, 0 mins, 0 secs, 228 ms
 total_resources 
-----------------
        52875941
(1 row)

Time: 0 hrs, 0 mins, 0 secs, 241 ms
ANALYZE
Time: 0 hrs, 0 mins, 0 secs, 475 ms
END
Time: 0 hrs, 0 mins, 4 secs, 585 ms
VACUUM
Time: 0 hrs, 0 mins, 13 secs, 279 ms

Tue Nov 8 11:43:58 EST 2011

Timing is on.

           650 - LOAD_BN_SESSION_STAGE

BEGIN
Time: 0 hrs, 0 mins, 0 secs, 188 ms
SET
Time: 0 hrs, 0 mins, 0 secs, 6 ms
SET
Time: 0 hrs, 0 mins, 0 secs, 24 ms
CREATE TABLE
Time: 0 hrs, 0 mins, 28 secs, 72 ms
ANALYZE
Time: 0 hrs, 0 mins, 2 secs, 790 ms
 tmp_sessionized_stage 
-----------------------
              13530839
(1 row)

Time: 0 hrs, 0 mins, 0 secs, 209 ms
TRUNCATE
Time: 0 hrs, 0 mins, 0 secs, 862 ms
INSERT 0 2204144
Time: 0 hrs, 0 mins, 33 secs, 283 ms
ANALYZE
Time: 0 hrs, 0 mins, 3 secs, 788 ms
CREATE TABLE
Time: 0 hrs, 1 mins, 9 secs, 393 ms
CREATE INDEX
Time: 0 hrs, 0 mins, 0 secs, 377 ms
 tmp_first_last 
----------------
        2204144
(1 row)

Time: 0 hrs, 0 mins, 0 secs, 60 ms
ANALYZE
Time: 0 hrs, 0 mins, 0 secs, 756 ms
SET
Time: 0 hrs, 0 mins, 0 secs, 10 ms
SET
Time: 0 hrs, 0 mins, 0 secs, 10 ms
TRUNCATE
Time: 0 hrs, 0 mins, 19 secs, 969 ms
DROP 
Time: 0 hrs, 0 mins, 0 secs, 283 ms
INSERT 0 2204144
Time: 0 hrs, 0 mins, 4 secs, 750 ms
 bn_session_stage 
------------------
          2204144
(1 row)

Time: 0 hrs, 0 mins, 2 secs, 793 ms
CREATE INDEX
Time: 0 hrs, 0 mins, 3 secs, 629 ms
ANALYZE
Time: 0 hrs, 0 mins, 2 secs, 75 ms
TRUNCATE
Time: 0 hrs, 0 mins, 3 secs, 784 ms
END
Time: 0 hrs, 0 mins, 2 secs, 245 ms

Tue Nov 8 11:46:58 EST 2011

BEGIN

           660 - LOAD_BN_SESSION_UPDATE_STAGE

SET
TRUNCATE
INSERT 0 0
END

Tue Nov 8 11:47:02 EST 2011

Timing is on.

           670 - LOAD_BN_SESSION_20111106.UPDATES

BEGIN
Time: 0 hrs, 0 mins, 0 secs, 138 ms
SET
Time: 0 hrs, 0 mins, 0 secs, 7 ms
UPDATE 0
Time: 0 hrs, 0 mins, 0 secs, 355 ms
END
Time: 0 hrs, 0 mins, 2 secs, 367 ms
VACUUM
Time: 0 hrs, 0 mins, 4 secs, 526 ms

Tue Nov 8 11:47:10 EST 2011

Timing is on.

           700 - LOAD_BN_SESSION

BEGIN
Time: 0 hrs, 0 mins, 1 secs, 69 ms
SET
Time: 0 hrs, 0 mins, 0 secs, 8 ms
INSERT 0 0
Time: 0 hrs, 0 mins, 2 secs, 949 ms
ANALYZE
Time: 0 hrs, 0 mins, 0 secs, 16 ms
END
Time: 0 hrs, 0 mins, 3 secs, 711 ms

Tue Nov 8 11:47:18 EST 2011

Timing is on.

            750 - LOAD_BN_SESSION_SUMMARY   

BEGIN
Time: 0 hrs, 0 mins, 0 secs, 118 ms
SET
Time: 0 hrs, 0 mins, 0 secs, 6 ms
CREATE TABLE
Time: 0 hrs, 0 mins, 2 secs, 381 ms
TRUNCATE
Time: 0 hrs, 0 mins, 0 secs, 920 ms
INSERT 0 0
Time: 0 hrs, 0 mins, 0 secs, 249 ms
ANALYZE
Time: 0 hrs, 0 mins, 0 secs, 13 ms
 count(1) 
----------
        0
(1 row)

Time: 0 hrs, 0 mins, 0 secs, 156 ms
END
Time: 0 hrs, 0 mins, 4 secs, 870 ms

Tue Nov 8 11:47:27 EST 2011

Timing is on.

           800 - LOAD_BN_HITS

BEGIN
Time: 0 hrs, 0 mins, 0 secs, 119 ms
SET
Time: 0 hrs, 0 mins, 0 secs, 6 ms
SET
Time: 0 hrs, 0 mins, 0 secs, 12 ms
SET
Time: 0 hrs, 0 mins, 0 secs, 11 ms
SET
Time: 0 hrs, 0 mins, 0 secs, 12 ms
TRUNCATE
Time: 0 hrs, 0 mins, 2 secs, 118 ms
INSERT 0 0
Time: 0 hrs, 0 mins, 0 secs, 309 ms
 count(1) 
----------
        0
(1 row)

Time: 0 hrs, 0 mins, 2 secs, 320 ms
ANALYZE
Time: 0 hrs, 0 mins, 0 secs, 13 ms
END
Time: 0 hrs, 0 mins, 2 secs, 563 ms

Tue Nov 8 11:47:35 EST 2011

Timing is on.

            900 - LOAD_CLICKSTREAM   

BEGIN
Time: 0 hrs, 0 mins, 0 secs, 118 ms
SET
Time: 0 hrs, 0 mins, 0 secs, 5 ms
TRUNCATE
Time: 0 hrs, 0 mins, 1 secs, 122 ms
INSERT 0 0
Time: 0 hrs, 0 mins, 10 secs, 567 ms
 count(1) 
----------
        0
(1 row)

Time: 0 hrs, 0 mins, 1 secs, 220 ms
ANALYZE
Time: 0 hrs, 0 mins, 0 secs, 39 ms
END
Time: 0 hrs, 0 mins, 4 secs, 931 ms

Tue Nov 8 11:47:53 EST 2011

Timing is on.

            1000 - PAGE_VIEW_SUMMARY  

BEGIN
Time: 0 hrs, 0 mins, 0 secs, 128 ms
SET
Time: 0 hrs, 0 mins, 0 secs, 5 ms
SET
Time: 0 hrs, 0 mins, 0 secs, 11 ms
TRUNCATE
Time: 0 hrs, 0 mins, 1 secs, 802 ms
INSERT 0 0
Time: 0 hrs, 0 mins, 1 secs, 644 ms
 count(1) 
----------
        0
(1 row)

Time: 0 hrs, 0 mins, 0 secs, 476 ms
ANALYZE
Time: 0 hrs, 0 mins, 0 secs, 12 ms
END
Time: 0 hrs, 0 mins, 6 secs, 324 ms

Tue Nov 8 11:48:03 EST 2011


2000 - WRAP UP 

Timing is on.
BEGIN
Time: 0 hrs, 0 mins, 0 secs, 127 ms
TRUNCATE
Time: 0 hrs, 0 mins, 0 secs, 712 ms
TRUNCATE
Time: 0 hrs, 0 mins, 2 secs, 996 ms
END
Time: 0 hrs, 0 mins, 6 secs, 36 ms
Tue Nov 8 11:48:13 EST 2011
Removing lock file and waiting for a minute
Total time taken:  17  minutes.
Checking for lock file /tmp/.iislock
Acquired lock file /tmp/.iislock
deleting simple.htm records - these are just server testing...
DELETE 0
-------------------------------------
Processing for 20111106
-------------------------------------

Wed Nov 16 11:04:44 EST 2011

Timing is on.

           000 - INIT

BEGIN
Time: 0 hrs, 0 mins, 0 secs, 141 ms
*** Truncating staging tables before workflow starts ***
SET
Time: 0 hrs, 0 mins, 0 secs, 6 ms
GRANT
Time: 0 hrs, 0 mins, 24 secs, 215 ms
END
Time: 0 hrs, 0 mins, 11 secs, 529 ms

Wed Nov 16 11:05:20 EST 2011

Timing is on.

            200 - LOAD_BN_IISLOGS   

BEGIN
Time: 0 hrs, 0 mins, 0 secs, 218 ms
SET
Time: 0 hrs, 0 mins, 0 secs, 6 ms
TRUNCATE
Time: 0 hrs, 0 mins, 2 secs, 366 ms
INSERT 0 58474231
Time: 0 hrs, 20 mins, 27 secs, 518 ms
END
Time: 0 hrs, 0 mins, 2 secs, 991 ms
ALTER TABLE
Time: 0 hrs, 0 mins, 2 secs, 22 ms

Wed Nov 16 11:25:55 EST 2011

Timing is on.
BEGIN
Time: 0 hrs, 0 mins, 0 secs, 128 ms
SET
Time: 0 hrs, 0 mins, 0 secs, 7 ms

            250 - LOAD_BN_HITS_SP   

TRUNCATE
Time: 0 hrs, 0 mins, 0 secs, 803 ms
ERROR:  new row for relation "bn_hits_sp_20111106" violates check constraint "bn_hits_sp_20111106_newpart_hit_timestamp_check"
NOTICE:  current transaction is aborted, queries ignored until end of transaction block
ABORT
Time: 0 hrs, 0 mins, 0 secs, 690 ms

Wed Nov 16 11:38:26 EST 2011

Timing is on.
BEGIN
Time: 0 hrs, 0 mins, 0 secs, 315 ms
SET
Time: 0 hrs, 0 mins, 0 secs, 7 ms

           300 - DYNAMIC FILTER

TRUNCATE
Time: 0 hrs, 0 mins, 11 secs, 782 ms
INSERT 0 16225759
Time: 0 hrs, 0 mins, 2 secs, 870 ms
ANALYZE
Time: 0 hrs, 0 mins, 5 secs, 305 ms
 Total records in web_click_cnt 
--------------------------------
                       16225759
(1 row)

Time: 0 hrs, 0 mins, 4 secs, 484 ms
CREATE TABLE
Time: 0 hrs, 0 mins, 23 secs, 988 ms
ANALYZE
Time: 0 hrs, 0 mins, 0 secs, 881 ms
CREATE TABLE
Time: 0 hrs, 0 mins, 2 secs, 733 ms
ANALYZE
Time: 0 hrs, 0 mins, 0 secs, 42 ms
DELETE 1
Time: 0 hrs, 0 mins, 3 secs, 388 ms
INSERT 0 1
Time: 0 hrs, 0 mins, 7 secs, 967 ms
DELETE 1
Time: 0 hrs, 0 mins, 0 secs, 964 ms
INSERT 0 1
Time: 0 hrs, 0 mins, 6 secs, 939 ms
CREATE TABLE
Time: 0 hrs, 4 mins, 48 secs, 737 ms
ANALYZE
Time: 0 hrs, 0 mins, 0 secs, 41 ms
CREATE TABLE
Time: 0 hrs, 0 mins, 0 secs, 120 ms
ANALYZE
Time: 0 hrs, 0 mins, 0 secs, 36 ms
DELETE 1
Time: 0 hrs, 0 mins, 0 secs, 66 ms
INSERT 0 1
Time: 0 hrs, 0 mins, 0 secs, 145 ms
DELETE 1
Time: 0 hrs, 0 mins, 0 secs, 65 ms
INSERT 0 1
Time: 0 hrs, 0 mins, 0 secs, 211 ms
ANALYZE
Time: 0 hrs, 0 mins, 0 secs, 210 ms
    tablename     |    attr_name    | attr_value 
------------------+-----------------+------------
 BN_FILTER_SPIDER | CLK_USER_SD_MPL | 10
 BN_FILTER_SPIDER | IP_USER_SD_MPL  | 1
 BN_FILTER_SPIDER | IP_USER_RATIO   | .955
 BN_FILTER_SPIDER | CLK_USER_MEAN   | 11.516
 BN_FILTER_SPIDER | CLK_USER_SD     | 38.598
 BN_FILTER_SPIDER | IP_USER_MEAN    | 16.301
 BN_FILTER_SPIDER | IP_USER_SD      | 1156.210
(7 rows)

Time: 0 hrs, 0 mins, 0 secs, 310 ms
CREATE TABLE
Time: 0 hrs, 0 mins, 6 secs, 743 ms
CREATE TABLE
Time: 0 hrs, 0 mins, 1 secs, 134 ms
 l_mean_sd_mpl 
---------------
       397.496
(1 row)

Time: 0 hrs, 0 mins, 0 secs, 901 ms
TRUNCATE
Time: 0 hrs, 0 mins, 7 secs, 108 ms
INSERT 0 568
Time: 0 hrs, 0 mins, 7 secs, 802 ms
ANALYZE
Time: 0 hrs, 0 mins, 1 secs, 705 ms
 Total click_user bn_spider_ip records 
---------------------------------------
                                   568
(1 row)

Time: 0 hrs, 0 mins, 1 secs, 900 ms
CREATE TABLE
Time: 0 hrs, 0 mins, 10 secs, 195 ms
ANALYZE
Time: 0 hrs, 0 mins, 1 secs, 960 ms
CREATE TABLE
Time: 0 hrs, 0 mins, 7 secs, 980 ms
ANALYZE
Time: 0 hrs, 0 mins, 0 secs, 44 ms
DROP 
Time: 0 hrs, 0 mins, 0 secs, 91 ms
CREATE TABLE
Time: 0 hrs, 0 mins, 0 secs, 773 ms
 l_mean_sd_mpl | l_ratio 
---------------+---------
      1172.511 |   0.955
(1 row)

Time: 0 hrs, 0 mins, 2 secs, 63 ms
INSERT 0 13393539
Time: 0 hrs, 0 mins, 18 secs, 426 ms
ANALYZE
Time: 0 hrs, 0 mins, 1 secs, 303 ms
 Total ip_user_filter bn_spider_ip records 
-------------------------------------------
                                  13393539
(1 row)

Time: 0 hrs, 0 mins, 0 secs, 527 ms
TRUNCATE
Time: 0 hrs, 0 mins, 2 secs, 292 ms
INSERT 0 17416105
Time: 0 hrs, 0 mins, 28 secs, 987 ms
ANALYZE
Time: 0 hrs, 0 mins, 7 secs, 387 ms
 bn_hits_stage 
---------------
      17416105
(1 row)

Time: 0 hrs, 0 mins, 16 secs, 26 ms
ERROR:  new row for relation "bn_hits_sp_20111106" violates check constraint "bn_hits_sp_20111106_newpart_hit_timestamp_check"
NOTICE:  current transaction is aborted, queries ignored until end of transaction block
NOTICE:  current transaction is aborted, queries ignored until end of transaction block
NOTICE:  current transaction is aborted, queries ignored until end of transaction block
NOTICE:  current transaction is aborted, queries ignored until end of transaction block
NOTICE:  current transaction is aborted, queries ignored until end of transaction block
NOTICE:  current transaction is aborted, queries ignored until end of transaction block
ABORT
Time: 0 hrs, 0 mins, 1 secs, 31 ms

Wed Nov 16 11:46:48 EST 2011

Timing is on.
BEGIN
Time: 0 hrs, 0 mins, 0 secs, 151 ms

           600 - LOAD RESOURCES

SET
Time: 0 hrs, 0 mins, 0 secs, 7 ms
CREATE TABLE
Time: 0 hrs, 0 mins, 41 secs, 86 ms
ANALYZE
Time: 0 hrs, 0 mins, 0 secs, 850 ms
 tmp_a_count 
-------------
      548107
(1 row)

Time: 0 hrs, 0 mins, 0 secs, 892 ms
UPDATE 0
Time: 0 hrs, 0 mins, 9 secs, 400 ms
ANALYZE
Time: 0 hrs, 0 mins, 0 secs, 988 ms
TRUNCATE
Time: 0 hrs, 0 mins, 2 secs, 548 ms
INSERT 0 0
Time: 0 hrs, 0 mins, 47 secs, 692 ms
ANALYZE
Time: 0 hrs, 0 mins, 0 secs, 13 ms
 first_resource_id | last_resource_id 
-------------------+------------------
                   |                 
(1 row)

Time: 0 hrs, 0 mins, 1 secs, 303 ms
INSERT 0 0
Time: 0 hrs, 0 mins, 4 secs, 956 ms
 total_resources 
-----------------
        54150464
(1 row)

Time: 0 hrs, 0 mins, 0 secs, 180 ms
ANALYZE
Time: 0 hrs, 0 mins, 0 secs, 536 ms
END
Time: 0 hrs, 0 mins, 44 secs, 207 ms
VACUUM
Time: 0 hrs, 0 mins, 48 secs, 470 ms

Wed Nov 16 11:50:11 EST 2011

Timing is on.

           650 - LOAD_BN_SESSION_STAGE

BEGIN
Time: 0 hrs, 0 mins, 0 secs, 550 ms
SET
Time: 0 hrs, 0 mins, 0 secs, 6 ms
SET
Time: 0 hrs, 0 mins, 0 secs, 15 ms
CREATE TABLE
Time: 0 hrs, 1 mins, 16 secs, 575 ms
ANALYZE
Time: 0 hrs, 0 mins, 2 secs, 932 ms
 tmp_sessionized_stage 
-----------------------
              22101897
(1 row)

Time: 0 hrs, 0 mins, 2 secs, 886 ms
TRUNCATE
Time: 0 hrs, 0 mins, 3 secs, 877 ms
INSERT 0 3242793
Time: 0 hrs, 1 mins, 50 secs, 525 ms
ANALYZE
Time: 0 hrs, 0 mins, 5 secs, 555 ms
CREATE TABLE
Time: 0 hrs, 3 mins, 15 secs, 7 ms
CREATE INDEX
Time: 0 hrs, 0 mins, 0 secs, 747 ms
 tmp_first_last 
----------------
        3242793
(1 row)

Time: 0 hrs, 0 mins, 0 secs, 129 ms
ANALYZE
Time: 0 hrs, 0 mins, 0 secs, 877 ms
SET
Time: 0 hrs, 0 mins, 0 secs, 13 ms
SET
Time: 0 hrs, 0 mins, 0 secs, 12 ms
TRUNCATE
Time: 0 hrs, 0 mins, 2 secs, 164 ms
DROP 
Time: 0 hrs, 0 mins, 0 secs, 830 ms
INSERT 0 3242793
Time: 0 hrs, 0 mins, 7 secs, 891 ms
 bn_session_stage 
------------------
          3242793
(1 row)

Time: 0 hrs, 0 mins, 3 secs, 376 ms
CREATE INDEX
Time: 0 hrs, 0 mins, 3 secs, 777 ms
ANALYZE
Time: 0 hrs, 0 mins, 2 secs, 164 ms
TRUNCATE
Time: 0 hrs, 0 mins, 5 secs, 261 ms
END
Time: 0 hrs, 0 mins, 6 secs, 492 ms

Wed Nov 16 11:57:23 EST 2011

BEGIN

           660 - LOAD_BN_SESSION_UPDATE_STAGE

SET
TRUNCATE
INSERT 0 0
END

Wed Nov 16 11:57:53 EST 2011

Timing is on.

           670 - LOAD_BN_SESSION_20111106.UPDATES

BEGIN
Time: 0 hrs, 0 mins, 0 secs, 138 ms
SET
Time: 0 hrs, 0 mins, 0 secs, 5 ms
UPDATE 0
Time: 0 hrs, 0 mins, 0 secs, 219 ms
END
Time: 0 hrs, 0 mins, 14 secs, 736 ms
VACUUM
Time: 0 hrs, 0 mins, 11 secs, 415 ms

Wed Nov 16 11:58:19 EST 2011

Timing is on.

           700 - LOAD_BN_SESSION

BEGIN
Time: 0 hrs, 0 mins, 0 secs, 139 ms
SET
Time: 0 hrs, 0 mins, 0 secs, 6 ms
INSERT 0 0
Time: 0 hrs, 5 mins, 20 secs, 53 ms
ANALYZE
Time: 0 hrs, 0 mins, 0 secs, 164 ms
END
Time: 0 hrs, 0 mins, 25 secs, 960 ms

Wed Nov 16 12:04:06 EST 2011

Timing is on.

            750 - LOAD_BN_SESSION_SUMMARY   

BEGIN
Time: 0 hrs, 0 mins, 6 secs, 81 ms
SET
Time: 0 hrs, 0 mins, 0 secs, 6 ms
CREATE TABLE
Time: 0 hrs, 0 mins, 45 secs, 424 ms
TRUNCATE
Time: 0 hrs, 0 mins, 7 secs, 565 ms
INSERT 0 0
Time: 0 hrs, 0 mins, 3 secs, 463 ms
ANALYZE
Time: 0 hrs, 0 mins, 0 secs, 91 ms
 count(1) 
----------
        0
(1 row)

Time: 0 hrs, 0 mins, 0 secs, 281 ms
END
Time: 0 hrs, 0 mins, 14 secs, 945 ms

Wed Nov 16 12:05:24 EST 2011

Timing is on.

           800 - LOAD_BN_HITS

BEGIN
Time: 0 hrs, 0 mins, 0 secs, 212 ms
SET
Time: 0 hrs, 0 mins, 0 secs, 6 ms
SET
Time: 0 hrs, 0 mins, 0 secs, 47 ms
SET
Time: 0 hrs, 0 mins, 0 secs, 15 ms
SET
Time: 0 hrs, 0 mins, 0 secs, 14 ms
TRUNCATE
Time: 0 hrs, 0 mins, 2 secs, 311 ms
INSERT 0 0
Time: 0 hrs, 0 mins, 2 secs, 679 ms
 count(1) 
----------
        0
(1 row)

Time: 0 hrs, 0 mins, 5 secs, 810 ms
ANALYZE
Time: 0 hrs, 0 mins, 0 secs, 169 ms
END
Time: 0 hrs, 0 mins, 19 secs, 263 ms

Wed Nov 16 12:05:55 EST 2011

Timing is on.

            900 - LOAD_CLICKSTREAM   

BEGIN
Time: 0 hrs, 0 mins, 0 secs, 154 ms
SET
Time: 0 hrs, 0 mins, 0 secs, 8 ms
TRUNCATE
Time: 0 hrs, 0 mins, 2 secs, 911 ms
INSERT 0 0
Time: 0 hrs, 0 mins, 16 secs, 605 ms
 count(1) 
----------
        0
(1 row)

Time: 0 hrs, 0 mins, 0 secs, 605 ms
ANALYZE
Time: 0 hrs, 0 mins, 0 secs, 18 ms
END
Time: 0 hrs, 0 mins, 32 secs, 138 ms

Wed Nov 16 12:06:47 EST 2011

Timing is on.

            1000 - PAGE_VIEW_SUMMARY  

BEGIN
Time: 0 hrs, 0 mins, 6 secs, 312 ms
SET
Time: 0 hrs, 0 mins, 0 secs, 7 ms
SET
Time: 0 hrs, 0 mins, 0 secs, 12 ms
TRUNCATE
Time: 0 hrs, 0 mins, 11 secs, 775 ms
INSERT 0 0
Time: 0 hrs, 0 mins, 22 secs, 657 ms
 count(1) 
----------
        0
(1 row)

Time: 0 hrs, 0 mins, 2 secs, 361 ms
ANALYZE
Time: 0 hrs, 0 mins, 0 secs, 15 ms
END
Time: 0 hrs, 0 mins, 18 secs, 858 ms

Wed Nov 16 12:07:50 EST 2011


2000 - WRAP UP 

Timing is on.
BEGIN
Time: 0 hrs, 0 mins, 0 secs, 482 ms
TRUNCATE
Time: 0 hrs, 0 mins, 4 secs, 64 ms
TRUNCATE
Time: 0 hrs, 0 mins, 1 secs, 732 ms
END
Time: 0 hrs, 0 mins, 11 secs, 970 ms
Wed Nov 16 12:08:08 EST 2011
Removing lock file and waiting for a minute
Total time taken:  64  minutes.
Checking for lock file /tmp/.iislock
Acquired lock file /tmp/.iislock
deleting simple.htm records - these are just server testing...
DELETE 0
-------------------------------------
Processing for 20111106
-------------------------------------

Wed Nov 16 12:46:08 EST 2011

Timing is on.

           000 - INIT

BEGIN
Time: 0 hrs, 0 mins, 1 secs, 951 ms
*** Truncating staging tables before workflow starts ***
SET
Time: 0 hrs, 0 mins, 0 secs, 11 ms
GRANT
Time: 0 hrs, 0 mins, 43 secs, 669 ms
END
Time: 0 hrs, 0 mins, 16 secs, 285 ms

Wed Nov 16 12:47:10 EST 2011

Timing is on.

            200 - LOAD_BN_IISLOGS   

BEGIN
Time: 0 hrs, 0 mins, 0 secs, 165 ms
SET
Time: 0 hrs, 0 mins, 0 secs, 6 ms
TRUNCATE
Time: 0 hrs, 0 mins, 2 secs, 60 ms
INSERT 0 61705924
Time: 0 hrs, 9 mins, 24 secs, 520 ms
END
Time: 0 hrs, 1 mins, 9 secs, 195 ms
ALTER TABLE
Time: 0 hrs, 1 mins, 19 secs, 286 ms
Checking for lock file /tmp/.iislock
Acquired lock file /tmp/.iislock
deleting simple.htm records - these are just server testing...
DELETE 0
-------------------------------------
Processing for 20111106
-------------------------------------

Wed Nov 16 15:04:52 EST 2011

Timing is on.

           000 - INIT

BEGIN
Time: 0 hrs, 0 mins, 0 secs, 182 ms
*** Truncating staging tables before workflow starts ***
SET
Time: 0 hrs, 0 mins, 0 secs, 7 ms
GRANT
Time: 0 hrs, 0 mins, 16 secs, 44 ms
END
Time: 0 hrs, 0 mins, 3 secs, 352 ms

Wed Nov 16 15:05:12 EST 2011

Timing is on.

            200 - LOAD_BN_IISLOGS   

BEGIN
Time: 0 hrs, 0 mins, 0 secs, 145 ms
SET
Time: 0 hrs, 0 mins, 0 secs, 6 ms
TRUNCATE
Time: 0 hrs, 0 mins, 1 secs, 208 ms
INSERT 0 62966235
Time: 0 hrs, 8 mins, 24 secs, 480 ms
END
Time: 0 hrs, 0 mins, 17 secs, 38 ms
ALTER TABLE
Time: 0 hrs, 0 mins, 11 secs, 595 ms
Checking for lock file /tmp/.iislock
Acquired lock file /tmp/.iislock
deleting simple.htm records - these are just server testing...
DELETE 0
-------------------------------------
Processing for 20111106
-------------------------------------

Wed Nov 16 15:21:24 EST 2011

Timing is on.

           000 - INIT

BEGIN
Time: 0 hrs, 0 mins, 6 secs, 482 ms
*** Truncating staging tables before workflow starts ***
SET
Time: 0 hrs, 0 mins, 0 secs, 6 ms
GRANT
Time: 0 hrs, 0 mins, 56 secs, 12 ms
END
Time: 0 hrs, 0 mins, 31 secs, 473 ms

Wed Nov 16 15:22:58 EST 2011

Timing is on.

            200 - LOAD_BN_IISLOGS   

BEGIN
Time: 0 hrs, 0 mins, 0 secs, 135 ms
SET
Time: 0 hrs, 0 mins, 0 secs, 6 ms
TRUNCATE
Time: 0 hrs, 0 mins, 2 secs, 0 ms
INSERT 0 62966235
Time: 0 hrs, 10 mins, 15 secs, 217 ms
END
Time: 0 hrs, 0 mins, 14 secs, 389 ms
ALTER TABLE
Time: 0 hrs, 0 mins, 5 secs, 505 ms

Wed Nov 16 15:33:36 EST 2011

Timing is on.
BEGIN
Time: 0 hrs, 0 mins, 0 secs, 179 ms
SET
Time: 0 hrs, 0 mins, 0 secs, 7 ms

            250 - LOAD_BN_HITS_SP   

TRUNCATE
Time: 0 hrs, 0 mins, 4 secs, 843 ms
INSERT 0 21978923
Time: 0 hrs, 10 mins, 40 secs, 82 ms
ANALYZE
Time: 0 hrs, 0 mins, 2 secs, 828 ms
END
Time: 0 hrs, 0 mins, 15 secs, 315 ms

Wed Nov 16 15:44:39 EST 2011

Timing is on.
BEGIN
Time: 0 hrs, 0 mins, 2 secs, 407 ms
SET
Time: 0 hrs, 0 mins, 0 secs, 9 ms

           300 - DYNAMIC FILTER

TRUNCATE
Time: 0 hrs, 0 mins, 10 secs, 142 ms
INSERT 0 17190888
Time: 0 hrs, 0 mins, 3 secs, 613 ms
ANALYZE
Time: 0 hrs, 0 mins, 4 secs, 691 ms
 Total records in web_click_cnt 
--------------------------------
                       17190888
(1 row)

Time: 0 hrs, 0 mins, 0 secs, 384 ms
CREATE TABLE
Time: 0 hrs, 0 mins, 10 secs, 188 ms
ANALYZE
Time: 0 hrs, 0 mins, 0 secs, 49 ms
CREATE TABLE
Time: 0 hrs, 0 mins, 0 secs, 818 ms
ANALYZE
Time: 0 hrs, 0 mins, 0 secs, 42 ms
DELETE 1
Time: 0 hrs, 0 mins, 1 secs, 214 ms
INSERT 0 1
Time: 0 hrs, 0 mins, 0 secs, 205 ms
DELETE 1
Time: 0 hrs, 0 mins, 0 secs, 62 ms
INSERT 0 1
Time: 0 hrs, 0 mins, 0 secs, 452 ms
CREATE TABLE
Time: 0 hrs, 0 mins, 1 secs, 919 ms
ANALYZE
Time: 0 hrs, 0 mins, 0 secs, 52 ms
CREATE TABLE
Time: 0 hrs, 0 mins, 0 secs, 229 ms
ANALYZE
Time: 0 hrs, 0 mins, 0 secs, 46 ms
DELETE 1
Time: 0 hrs, 0 mins, 0 secs, 54 ms
INSERT 0 1
Time: 0 hrs, 0 mins, 0 secs, 736 ms
DELETE 1
Time: 0 hrs, 0 mins, 0 secs, 62 ms
INSERT 0 1
Time: 0 hrs, 0 mins, 0 secs, 980 ms
ANALYZE
Time: 0 hrs, 0 mins, 0 secs, 74 ms
    tablename     |    attr_name    | attr_value 
------------------+-----------------+------------
 BN_FILTER_SPIDER | CLK_USER_SD_MPL | 10
 BN_FILTER_SPIDER | IP_USER_SD_MPL  | 1
 BN_FILTER_SPIDER | IP_USER_RATIO   | .955
 BN_FILTER_SPIDER | CLK_USER_MEAN   | 11.806
 BN_FILTER_SPIDER | CLK_USER_SD     | 39.977
 BN_FILTER_SPIDER | IP_USER_MEAN    | 15.676
 BN_FILTER_SPIDER | IP_USER_SD      | 1182.482
(7 rows)

Time: 0 hrs, 0 mins, 0 secs, 826 ms
CREATE TABLE
Time: 0 hrs, 0 mins, 3 secs, 919 ms
CREATE TABLE
Time: 0 hrs, 0 mins, 0 secs, 882 ms
 l_mean_sd_mpl 
---------------
       411.576
(1 row)

Time: 0 hrs, 0 mins, 0 secs, 843 ms
TRUNCATE
Time: 0 hrs, 0 mins, 0 secs, 997 ms
INSERT 0 564
Time: 0 hrs, 0 mins, 6 secs, 879 ms
ANALYZE
Time: 0 hrs, 0 mins, 0 secs, 257 ms
 Total click_user bn_spider_ip records 
---------------------------------------
                                   564
(1 row)

Time: 0 hrs, 0 mins, 0 secs, 502 ms
CREATE TABLE
Time: 0 hrs, 0 mins, 4 secs, 44 ms
ANALYZE
Time: 0 hrs, 0 mins, 0 secs, 34 ms
CREATE TABLE
Time: 0 hrs, 0 mins, 2 secs, 677 ms
ANALYZE
Time: 0 hrs, 0 mins, 0 secs, 50 ms
DROP 
Time: 0 hrs, 0 mins, 0 secs, 101 ms
CREATE TABLE
Time: 0 hrs, 0 mins, 0 secs, 138 ms
 l_mean_sd_mpl | l_ratio 
---------------+---------
      1198.158 |   0.955
(1 row)

Time: 0 hrs, 0 mins, 0 secs, 827 ms
INSERT 0 14120272
Time: 0 hrs, 0 mins, 4 secs, 555 ms
ANALYZE
Time: 0 hrs, 0 mins, 0 secs, 219 ms
 Total ip_user_filter bn_spider_ip records 
-------------------------------------------
                                  14120272
(1 row)

Time: 0 hrs, 0 mins, 0 secs, 360 ms
TRUNCATE
Time: 0 hrs, 0 mins, 1 secs, 462 ms
INSERT 0 19579185
Time: 0 hrs, 0 mins, 18 secs, 288 ms
ANALYZE
Time: 0 hrs, 0 mins, 16 secs, 138 ms
 bn_hits_stage 
---------------
      19579185
(1 row)

Time: 0 hrs, 0 mins, 1 secs, 193 ms
INSERT 0 14864357
Time: 0 hrs, 0 mins, 24 secs, 240 ms
ANALYZE
Time: 0 hrs, 0 mins, 2 secs, 771 ms
 bn_hits_sp_20111106 
---------------------
            36843280
(1 row)

Time: 0 hrs, 0 mins, 0 secs, 407 ms
TRUNCATE
Time: 0 hrs, 0 mins, 4 secs, 973 ms
ERROR:  new row for relation "bn_hits_client_20111106" violates check constraint "hit_timestamp_check"
NOTICE:  current transaction is aborted, queries ignored until end of transaction block
NOTICE:  current transaction is aborted, queries ignored until end of transaction block
ABORT
Time: 0 hrs, 0 mins, 0 secs, 381 ms

Wed Nov 16 15:46:57 EST 2011

Timing is on.
BEGIN
Time: 0 hrs, 0 mins, 0 secs, 127 ms

           600 - LOAD RESOURCES

SET
Time: 0 hrs, 0 mins, 0 secs, 6 ms
CREATE TABLE
Time: 0 hrs, 0 mins, 35 secs, 378 ms
ANALYZE
Time: 0 hrs, 0 mins, 0 secs, 607 ms
 tmp_a_count 
-------------
      548107
(1 row)

Time: 0 hrs, 0 mins, 0 secs, 405 ms
UPDATE 0
Time: 0 hrs, 0 mins, 3 secs, 72 ms
ANALYZE
Time: 0 hrs, 0 mins, 0 secs, 564 ms
TRUNCATE
Time: 0 hrs, 0 mins, 2 secs, 102 ms
INSERT 0 0
Time: 0 hrs, 0 mins, 6 secs, 111 ms
ANALYZE
Time: 0 hrs, 0 mins, 0 secs, 14 ms
 first_resource_id | last_resource_id 
-------------------+------------------
                   |                 
(1 row)

Time: 0 hrs, 0 mins, 0 secs, 566 ms
INSERT 0 0
Time: 0 hrs, 0 mins, 0 secs, 543 ms
 total_resources 
-----------------
        54150464
(1 row)

Time: 0 hrs, 0 mins, 0 secs, 531 ms
ANALYZE
Time: 0 hrs, 0 mins, 0 secs, 464 ms
END
Time: 0 hrs, 0 mins, 3 secs, 792 ms
VACUUM
Time: 0 hrs, 0 mins, 13 secs, 427 ms

Wed Nov 16 15:48:05 EST 2011

Timing is on.

           650 - LOAD_BN_SESSION_STAGE

BEGIN
Time: 0 hrs, 0 mins, 0 secs, 134 ms
SET
Time: 0 hrs, 0 mins, 0 secs, 7 ms
SET
Time: 0 hrs, 0 mins, 0 secs, 11 ms
CREATE TABLE
Time: 0 hrs, 0 mins, 31 secs, 637 ms
ANALYZE
Time: 0 hrs, 0 mins, 2 secs, 792 ms
 tmp_sessionized_stage 
-----------------------
              22101897
(1 row)

Time: 0 hrs, 0 mins, 0 secs, 452 ms
TRUNCATE
Time: 0 hrs, 0 mins, 0 secs, 737 ms
INSERT 0 3242793
Time: 0 hrs, 1 mins, 3 secs, 465 ms
ANALYZE
Time: 0 hrs, 0 mins, 6 secs, 690 ms
CREATE TABLE
Time: 0 hrs, 1 mins, 12 secs, 775 ms
CREATE INDEX
Time: 0 hrs, 0 mins, 1 secs, 570 ms
 tmp_first_last 
----------------
        3242793
(1 row)

Time: 0 hrs, 0 mins, 0 secs, 674 ms
ANALYZE
Time: 0 hrs, 0 mins, 0 secs, 670 ms
SET
Time: 0 hrs, 0 mins, 0 secs, 12 ms
SET
Time: 0 hrs, 0 mins, 0 secs, 11 ms
TRUNCATE
Time: 0 hrs, 0 mins, 3 secs, 388 ms
DROP 
Time: 0 hrs, 0 mins, 0 secs, 867 ms
INSERT 0 3242793
Time: 0 hrs, 0 mins, 7 secs, 956 ms
 bn_session_stage 
------------------
          3242793
(1 row)

Time: 0 hrs, 0 mins, 0 secs, 934 ms
CREATE INDEX
Time: 0 hrs, 0 mins, 3 secs, 609 ms
ANALYZE
Time: 0 hrs, 0 mins, 0 secs, 823 ms
TRUNCATE
Time: 0 hrs, 0 mins, 2 secs, 949 ms
END
Time: 0 hrs, 0 mins, 7 secs, 712 ms

Wed Nov 16 15:51:35 EST 2011

BEGIN

           660 - LOAD_BN_SESSION_UPDATE_STAGE

SET
TRUNCATE
INSERT 0 0
END

Wed Nov 16 15:51:49 EST 2011

Timing is on.

           670 - LOAD_BN_SESSION_20111106.UPDATES

BEGIN
Time: 0 hrs, 0 mins, 0 secs, 214 ms
SET
Time: 0 hrs, 0 mins, 0 secs, 7 ms
UPDATE 0
Time: 0 hrs, 0 mins, 0 secs, 434 ms
END
Time: 0 hrs, 0 mins, 10 secs, 896 ms
VACUUM
Time: 0 hrs, 0 mins, 7 secs, 688 ms

Wed Nov 16 15:52:09 EST 2011

Timing is on.

           700 - LOAD_BN_SESSION

BEGIN
Time: 0 hrs, 0 mins, 0 secs, 156 ms
SET
Time: 0 hrs, 0 mins, 0 secs, 6 ms
INSERT 0 0
Time: 0 hrs, 0 mins, 2 secs, 365 ms
ANALYZE
Time: 0 hrs, 0 mins, 0 secs, 14 ms
END
Time: 0 hrs, 0 mins, 5 secs, 800 ms

Wed Nov 16 15:52:17 EST 2011

Timing is on.

            750 - LOAD_BN_SESSION_SUMMARY   

BEGIN
Time: 0 hrs, 0 mins, 0 secs, 962 ms
SET
Time: 0 hrs, 0 mins, 0 secs, 7 ms
CREATE TABLE
Time: 0 hrs, 0 mins, 16 secs, 510 ms
TRUNCATE
Time: 0 hrs, 0 mins, 2 secs, 516 ms
INSERT 0 0
Time: 0 hrs, 0 mins, 0 secs, 268 ms
ANALYZE
Time: 0 hrs, 0 mins, 0 secs, 16 ms
 count(1) 
----------
        0
(1 row)

Time: 0 hrs, 0 mins, 0 secs, 352 ms
END
Time: 0 hrs, 0 mins, 3 secs, 928 ms

Wed Nov 16 15:52:42 EST 2011

Timing is on.

           800 - LOAD_BN_HITS

BEGIN
Time: 0 hrs, 0 mins, 0 secs, 137 ms
SET
Time: 0 hrs, 0 mins, 0 secs, 6 ms
SET
Time: 0 hrs, 0 mins, 0 secs, 11 ms
SET
Time: 0 hrs, 0 mins, 0 secs, 10 ms
SET
Time: 0 hrs, 0 mins, 0 secs, 11 ms
TRUNCATE
Time: 0 hrs, 0 mins, 6 secs, 106 ms
INSERT 0 0
Time: 0 hrs, 0 mins, 0 secs, 423 ms
 count(1) 
----------
        0
(1 row)

Time: 0 hrs, 0 mins, 0 secs, 754 ms
ANALYZE
Time: 0 hrs, 0 mins, 0 secs, 16 ms
END
Time: 0 hrs, 0 mins, 3 secs, 952 ms

Wed Nov 16 15:52:54 EST 2011

Timing is on.

            900 - LOAD_CLICKSTREAM   

BEGIN
Time: 0 hrs, 0 mins, 0 secs, 140 ms
SET
Time: 0 hrs, 0 mins, 0 secs, 6 ms
TRUNCATE
Time: 0 hrs, 0 mins, 2 secs, 303 ms
INSERT 0 0
Time: 0 hrs, 0 mins, 7 secs, 514 ms
 count(1) 
----------
        0
(1 row)

Time: 0 hrs, 0 mins, 0 secs, 726 ms
ANALYZE
Time: 0 hrs, 0 mins, 0 secs, 15 ms
END
Time: 0 hrs, 0 mins, 3 secs, 470 ms

Wed Nov 16 15:53:08 EST 2011

Timing is on.

            1000 - PAGE_VIEW_SUMMARY  

BEGIN
Time: 0 hrs, 0 mins, 0 secs, 432 ms
SET
Time: 0 hrs, 0 mins, 0 secs, 6 ms
SET
Time: 0 hrs, 0 mins, 0 secs, 11 ms
TRUNCATE
Time: 0 hrs, 0 mins, 3 secs, 157 ms
INSERT 0 0
Time: 0 hrs, 0 mins, 3 secs, 307 ms
 count(1) 
----------
        0
(1 row)

Time: 0 hrs, 0 mins, 0 secs, 237 ms
ANALYZE
Time: 0 hrs, 0 mins, 0 secs, 14 ms
END
Time: 0 hrs, 0 mins, 10 secs, 925 ms

Wed Nov 16 15:53:27 EST 2011


2000 - WRAP UP 

Timing is on.
BEGIN
Time: 0 hrs, 0 mins, 0 secs, 242 ms
TRUNCATE
Time: 0 hrs, 0 mins, 1 secs, 239 ms
TRUNCATE
Time: 0 hrs, 0 mins, 0 secs, 593 ms
END
Time: 0 hrs, 0 mins, 6 secs, 672 ms
Wed Nov 16 15:53:35 EST 2011
Removing lock file and waiting for a minute
Total time taken:  34  minutes.
Checking for lock file /tmp/.iislock
Acquired lock file /tmp/.iislock
deleting simple.htm records - these are just server testing...
DELETE 0
-------------------------------------
Processing for 20111106
-------------------------------------

Thu Nov 17 11:49:34 EST 2011

Timing is on.

           000 - INIT

BEGIN
Time: 0 hrs, 0 mins, 0 secs, 146 ms
*** Truncating staging tables before workflow starts ***
SET
Time: 0 hrs, 0 mins, 0 secs, 5 ms
GRANT
Time: 0 hrs, 0 mins, 13 secs, 528 ms
END
Time: 0 hrs, 0 mins, 8 secs, 340 ms

Thu Nov 17 11:49:56 EST 2011

Timing is on.

            200 - LOAD_BN_IISLOGS   

BEGIN
Time: 0 hrs, 0 mins, 0 secs, 557 ms
SET
Time: 0 hrs, 0 mins, 0 secs, 9 ms
TRUNCATE
Time: 0 hrs, 0 mins, 3 secs, 529 ms
INSERT 0 62966235
Time: 0 hrs, 7 mins, 28 secs, 550 ms
END
Time: 0 hrs, 0 mins, 17 secs, 370 ms
ALTER TABLE
Time: 0 hrs, 0 mins, 16 secs, 465 ms

Thu Nov 17 11:58:03 EST 2011

Timing is on.
BEGIN
Time: 0 hrs, 0 mins, 0 secs, 447 ms
SET
Time: 0 hrs, 0 mins, 0 secs, 6 ms

            250 - LOAD_BN_HITS_SP   

TRUNCATE
Time: 0 hrs, 0 mins, 4 secs, 587 ms
INSERT 0 21978923
Time: 0 hrs, 2 mins, 49 secs, 614 ms
ANALYZE
Time: 0 hrs, 0 mins, 4 secs, 318 ms
END
Time: 0 hrs, 0 mins, 30 secs, 689 ms

Thu Nov 17 12:01:33 EST 2011

Timing is on.
BEGIN
Time: 0 hrs, 0 mins, 2 secs, 22 ms
SET
Time: 0 hrs, 0 mins, 0 secs, 10 ms

           300 - DYNAMIC FILTER

TRUNCATE
Time: 0 hrs, 0 mins, 3 secs, 325 ms
INSERT 0 17190888
Time: 0 hrs, 0 mins, 2 secs, 579 ms
ANALYZE
Time: 0 hrs, 0 mins, 1 secs, 489 ms
 Total records in web_click_cnt 
--------------------------------
                       17190888
(1 row)

Time: 0 hrs, 0 mins, 0 secs, 699 ms
CREATE TABLE
Time: 0 hrs, 0 mins, 45 secs, 783 ms
ANALYZE
Time: 0 hrs, 0 mins, 0 secs, 51 ms
CREATE TABLE
Time: 0 hrs, 0 mins, 3 secs, 545 ms
ANALYZE
Time: 0 hrs, 0 mins, 0 secs, 38 ms
DELETE 1
Time: 0 hrs, 0 mins, 1 secs, 184 ms
INSERT 0 1
Time: 0 hrs, 0 mins, 0 secs, 237 ms
DELETE 1
Time: 0 hrs, 0 mins, 0 secs, 99 ms
INSERT 0 1
Time: 0 hrs, 0 mins, 0 secs, 224 ms
CREATE TABLE
Time: 0 hrs, 0 mins, 6 secs, 244 ms
ANALYZE
Time: 0 hrs, 0 mins, 0 secs, 905 ms
CREATE TABLE
Time: 0 hrs, 0 mins, 4 secs, 286 ms
ANALYZE
Time: 0 hrs, 0 mins, 0 secs, 38 ms
DELETE 1
Time: 0 hrs, 0 mins, 0 secs, 61 ms
INSERT 0 1
Time: 0 hrs, 0 mins, 0 secs, 545 ms
DELETE 1
Time: 0 hrs, 0 mins, 0 secs, 60 ms
INSERT 0 1
Time: 0 hrs, 0 mins, 0 secs, 258 ms
ANALYZE
Time: 0 hrs, 0 mins, 0 secs, 857 ms
    tablename     |    attr_name    | attr_value 
------------------+-----------------+------------
 BN_FILTER_SPIDER | CLK_USER_SD_MPL | 10
 BN_FILTER_SPIDER | IP_USER_SD_MPL  | 1
 BN_FILTER_SPIDER | IP_USER_RATIO   | .955
 BN_FILTER_SPIDER | CLK_USER_MEAN   | 11.806
 BN_FILTER_SPIDER | CLK_USER_SD     | 39.977
 BN_FILTER_SPIDER | IP_USER_MEAN    | 15.676
 BN_FILTER_SPIDER | IP_USER_SD      | 1182.482
(7 rows)

Time: 0 hrs, 0 mins, 6 secs, 215 ms
CREATE TABLE
Time: 0 hrs, 0 mins, 25 secs, 117 ms
CREATE TABLE
Time: 0 hrs, 0 mins, 1 secs, 784 ms
 l_mean_sd_mpl 
---------------
       411.576
(1 row)

Time: 0 hrs, 0 mins, 2 secs, 76 ms
TRUNCATE
Time: 0 hrs, 0 mins, 6 secs, 321 ms
INSERT 0 564
Time: 0 hrs, 0 mins, 25 secs, 783 ms
ANALYZE
Time: 0 hrs, 0 mins, 3 secs, 229 ms
 Total click_user bn_spider_ip records 
---------------------------------------
                                   564
(1 row)

Time: 0 hrs, 0 mins, 3 secs, 393 ms
CREATE TABLE
Time: 0 hrs, 0 mins, 12 secs, 915 ms
ANALYZE
Time: 0 hrs, 0 mins, 0 secs, 27 ms
CREATE TABLE
Time: 0 hrs, 0 mins, 6 secs, 245 ms
ANALYZE
Time: 0 hrs, 0 mins, 0 secs, 46 ms
DROP 
Time: 0 hrs, 0 mins, 0 secs, 116 ms
CREATE TABLE
Time: 0 hrs, 0 mins, 3 secs, 467 ms
 l_mean_sd_mpl | l_ratio 
---------------+---------
      1198.158 |   0.955
(1 row)

Time: 0 hrs, 0 mins, 1 secs, 1 ms
INSERT 0 14120272
Time: 0 hrs, 0 mins, 8 secs, 996 ms
ANALYZE
Time: 0 hrs, 0 mins, 0 secs, 499 ms
 Total ip_user_filter bn_spider_ip records 
-------------------------------------------
                                  14120272
(1 row)

Time: 0 hrs, 0 mins, 0 secs, 537 ms
TRUNCATE
Time: 0 hrs, 0 mins, 3 secs, 510 ms
INSERT 0 19579185
Time: 0 hrs, 0 mins, 26 secs, 197 ms
ANALYZE
Time: 0 hrs, 0 mins, 15 secs, 81 ms
 bn_hits_stage 
---------------
      19579185
(1 row)

Time: 0 hrs, 0 mins, 2 secs, 531 ms
INSERT 0 14864357
Time: 0 hrs, 1 mins, 0 secs, 223 ms
ANALYZE
Time: 0 hrs, 0 mins, 5 secs, 338 ms
 bn_hits_sp_20111106 
---------------------
            36843280
(1 row)

Time: 0 hrs, 0 mins, 0 secs, 337 ms
TRUNCATE
Time: 0 hrs, 0 mins, 3 secs, 173 ms
INSERT 0 6543770
Time: 0 hrs, 0 mins, 6 secs, 755 ms
ANALYZE
Time: 0 hrs, 0 mins, 3 secs, 857 ms
 bn_hits_client_20111106 
-------------------------
                 6543770
(1 row)

Time: 0 hrs, 0 mins, 2 secs, 230 ms
END
Time: 0 hrs, 0 mins, 29 secs, 916 ms

Thu Nov 17 12:07:15 EST 2011

Timing is on.
BEGIN
Time: 0 hrs, 0 mins, 0 secs, 198 ms

           600 - LOAD RESOURCES

SET
Time: 0 hrs, 0 mins, 0 secs, 9 ms
CREATE TABLE
Time: 0 hrs, 0 mins, 29 secs, 993 ms
ANALYZE
Time: 0 hrs, 0 mins, 0 secs, 460 ms
 tmp_a_count 
-------------
      488271
(1 row)

Time: 0 hrs, 0 mins, 0 secs, 130 ms
UPDATE 0
Time: 0 hrs, 0 mins, 2 secs, 166 ms
ANALYZE
Time: 0 hrs, 0 mins, 1 secs, 416 ms
TRUNCATE
Time: 0 hrs, 0 mins, 2 secs, 443 ms
INSERT 0 142935
Time: 0 hrs, 0 mins, 13 secs, 363 ms
ANALYZE
Time: 0 hrs, 0 mins, 1 secs, 993 ms
 first_resource_id | last_resource_id 
-------------------+------------------
          54396737 |         54539671
(1 row)

Time: 0 hrs, 0 mins, 1 secs, 59 ms
INSERT 0 142935
Time: 0 hrs, 0 mins, 11 secs, 350 ms
 total_resources 
-----------------
        54515238
(1 row)

Time: 0 hrs, 0 mins, 2 secs, 610 ms
ANALYZE
Time: 0 hrs, 0 mins, 0 secs, 941 ms
END
Time: 0 hrs, 0 mins, 30 secs, 426 ms
VACUUM
Time: 0 hrs, 0 mins, 34 secs, 908 ms

Thu Nov 17 12:09:28 EST 2011

Timing is on.

           650 - LOAD_BN_SESSION_STAGE

BEGIN
Time: 0 hrs, 0 mins, 0 secs, 139 ms
SET
Time: 0 hrs, 0 mins, 0 secs, 6 ms
SET
Time: 0 hrs, 0 mins, 0 secs, 11 ms
CREATE TABLE
Time: 0 hrs, 0 mins, 41 secs, 316 ms
ANALYZE
Time: 0 hrs, 0 mins, 2 secs, 832 ms
 tmp_sessionized_stage 
-----------------------
              19579185
(1 row)

Time: 0 hrs, 0 mins, 2 secs, 787 ms
TRUNCATE
Time: 0 hrs, 0 mins, 2 secs, 966 ms
INSERT 0 2632645
Time: 0 hrs, 1 mins, 19 secs, 900 ms
ANALYZE
Time: 0 hrs, 0 mins, 2 secs, 335 ms
CREATE TABLE
Time: 0 hrs, 1 mins, 2 secs, 526 ms
CREATE INDEX
Time: 0 hrs, 0 mins, 1 secs, 339 ms
 tmp_first_last 
----------------
        2632645
(1 row)

Time: 0 hrs, 0 mins, 0 secs, 745 ms
ANALYZE
Time: 0 hrs, 0 mins, 1 secs, 684 ms
SET
Time: 0 hrs, 0 mins, 0 secs, 12 ms
SET
Time: 0 hrs, 0 mins, 0 secs, 10 ms
TRUNCATE
Time: 0 hrs, 0 mins, 7 secs, 200 ms
DROP 
Time: 0 hrs, 0 mins, 3 secs, 430 ms
INSERT 0 2632645
Time: 0 hrs, 0 mins, 7 secs, 104 ms
 bn_session_stage 
------------------
          2632645
(1 row)

Time: 0 hrs, 0 mins, 6 secs, 838 ms
CREATE INDEX
Time: 0 hrs, 0 mins, 5 secs, 449 ms
ANALYZE
Time: 0 hrs, 0 mins, 1 secs, 596 ms
TRUNCATE
Time: 0 hrs, 0 mins, 3 secs, 27 ms
END
Time: 0 hrs, 0 mins, 40 secs, 742 ms

Thu Nov 17 12:14:02 EST 2011

BEGIN

           660 - LOAD_BN_SESSION_UPDATE_STAGE

SET
TRUNCATE
INSERT 0 0
END

Thu Nov 17 12:14:11 EST 2011

Timing is on.

           670 - LOAD_BN_SESSION_20111106.UPDATES

BEGIN
Time: 0 hrs, 0 mins, 0 secs, 154 ms
SET
Time: 0 hrs, 0 mins, 0 secs, 6 ms
UPDATE 0
Time: 0 hrs, 0 mins, 0 secs, 187 ms
END
Time: 0 hrs, 0 mins, 7 secs, 622 ms
VACUUM
Time: 0 hrs, 0 mins, 3 secs, 755 ms

Thu Nov 17 12:14:23 EST 2011

Timing is on.

           700 - LOAD_BN_SESSION

BEGIN
Time: 0 hrs, 0 mins, 0 secs, 127 ms
SET
Time: 0 hrs, 0 mins, 0 secs, 6 ms
INSERT 0 2632645
Time: 0 hrs, 0 mins, 8 secs, 463 ms
ANALYZE
Time: 0 hrs, 0 mins, 1 secs, 139 ms
END
Time: 0 hrs, 0 mins, 10 secs, 258 ms

Thu Nov 17 12:14:43 EST 2011

Timing is on.

            750 - LOAD_BN_SESSION_SUMMARY   

BEGIN
Time: 0 hrs, 0 mins, 0 secs, 189 ms
SET
Time: 0 hrs, 0 mins, 0 secs, 6 ms
CREATE TABLE
Time: 0 hrs, 0 mins, 9 secs, 948 ms
TRUNCATE
Time: 0 hrs, 0 mins, 1 secs, 498 ms
INSERT 0 332842
Time: 0 hrs, 0 mins, 4 secs, 518 ms
ANALYZE
Time: 0 hrs, 0 mins, 0 secs, 676 ms
 count(1) 
----------
   332842
(1 row)

Time: 0 hrs, 0 mins, 0 secs, 516 ms
END
Time: 0 hrs, 0 mins, 14 secs, 390 ms

Thu Nov 17 12:15:15 EST 2011

Timing is on.

           800 - LOAD_BN_HITS

BEGIN
Time: 0 hrs, 0 mins, 0 secs, 134 ms
SET
Time: 0 hrs, 0 mins, 0 secs, 5 ms
SET
Time: 0 hrs, 0 mins, 0 secs, 11 ms
SET
Time: 0 hrs, 0 mins, 0 secs, 10 ms
SET
Time: 0 hrs, 0 mins, 0 secs, 12 ms
TRUNCATE
Time: 0 hrs, 0 mins, 3 secs, 536 ms
ERROR:  new row for relation "bn_hits_20111106" violates check constraint "bn_hits_20111106_daily"
NOTICE:  current transaction is aborted, queries ignored until end of transaction block
NOTICE:  current transaction is aborted, queries ignored until end of transaction block
ABORT
Time: 0 hrs, 0 mins, 0 secs, 303 ms

Thu Nov 17 12:15:21 EST 2011

Timing is on.

            900 - LOAD_CLICKSTREAM   

BEGIN
Time: 0 hrs, 0 mins, 0 secs, 173 ms
SET
Time: 0 hrs, 0 mins, 0 secs, 10 ms
TRUNCATE
Time: 0 hrs, 0 mins, 1 secs, 234 ms
INSERT 0 19579185
Time: 0 hrs, 1 mins, 9 secs, 465 ms
 count(1) 
----------
 19579185
(1 row)

Time: 0 hrs, 0 mins, 4 secs, 40 ms
ANALYZE
Time: 0 hrs, 0 mins, 2 secs, 530 ms
END
Time: 0 hrs, 0 mins, 9 secs, 847 ms

Thu Nov 17 12:16:48 EST 2011

Timing is on.

            1000 - PAGE_VIEW_SUMMARY  

BEGIN
Time: 0 hrs, 0 mins, 0 secs, 142 ms
SET
Time: 0 hrs, 0 mins, 0 secs, 6 ms
SET
Time: 0 hrs, 0 mins, 0 secs, 12 ms
TRUNCATE
Time: 0 hrs, 0 mins, 2 secs, 502 ms
INSERT 0 497914
Time: 0 hrs, 0 mins, 11 secs, 628 ms
 count(1) 
----------
   497914
(1 row)

Time: 0 hrs, 0 mins, 0 secs, 428 ms
ANALYZE
Time: 0 hrs, 0 mins, 0 secs, 415 ms
END
Time: 0 hrs, 0 mins, 8 secs, 90 ms

Thu Nov 17 12:17:12 EST 2011


2000 - WRAP UP 

Timing is on.
BEGIN
Time: 0 hrs, 0 mins, 0 secs, 665 ms
TRUNCATE
Time: 0 hrs, 0 mins, 1 secs, 327 ms
TRUNCATE
Time: 0 hrs, 0 mins, 1 secs, 134 ms
END
Time: 0 hrs, 0 mins, 3 secs, 943 ms
Thu Nov 17 12:17:19 EST 2011
Removing lock file and waiting for a minute
Total time taken:  29  minutes.
Checking for lock file /tmp/.iislock
Acquired lock file /tmp/.iislock
deleting simple.htm records - these are just server testing...
DELETE 0
-------------------------------------
Processing for 20111106
-------------------------------------

Thu Nov 17 12:21:42 EST 2011

Timing is on.

           000 - INIT

BEGIN
Time: 0 hrs, 0 mins, 0 secs, 379 ms
*** Truncating staging tables before workflow starts ***
SET
Time: 0 hrs, 0 mins, 0 secs, 6 ms
GRANT
Time: 0 hrs, 0 mins, 10 secs, 149 ms
END
Time: 0 hrs, 0 mins, 7 secs, 138 ms

Thu Nov 17 12:22:00 EST 2011

Timing is on.

            200 - LOAD_BN_IISLOGS   

BEGIN
Time: 0 hrs, 0 mins, 0 secs, 149 ms
SET
Time: 0 hrs, 0 mins, 0 secs, 6 ms
TRUNCATE
Time: 0 hrs, 0 mins, 2 secs, 431 ms
INSERT 0 62966235
Time: 0 hrs, 7 mins, 3 secs, 170 ms
END
Time: 0 hrs, 0 mins, 4 secs, 210 ms
ALTER TABLE
Time: 0 hrs, 0 mins, 5 secs, 882 ms

Thu Nov 17 12:29:16 EST 2011

Timing is on.
BEGIN
Time: 0 hrs, 0 mins, 0 secs, 270 ms
SET
Time: 0 hrs, 0 mins, 0 secs, 6 ms

            250 - LOAD_BN_HITS_SP   

TRUNCATE
Time: 0 hrs, 0 mins, 1 secs, 762 ms
INSERT 0 21978923
Time: 0 hrs, 3 mins, 10 secs, 969 ms
ANALYZE
Time: 0 hrs, 0 mins, 8 secs, 208 ms
END
Time: 0 hrs, 0 mins, 22 secs, 609 ms

Thu Nov 17 12:33:00 EST 2011

Timing is on.
BEGIN
Time: 0 hrs, 0 mins, 5 secs, 504 ms
SET
Time: 0 hrs, 0 mins, 0 secs, 6 ms

           300 - DYNAMIC FILTER

TRUNCATE
Time: 0 hrs, 0 mins, 5 secs, 103 ms
INSERT 0 17190888
Time: 0 hrs, 0 mins, 3 secs, 118 ms
ANALYZE
Time: 0 hrs, 0 mins, 3 secs, 86 ms
 Total records in web_click_cnt 
--------------------------------
                       17190888
(1 row)

Time: 0 hrs, 0 mins, 2 secs, 333 ms
CREATE TABLE
Time: 0 hrs, 0 mins, 31 secs, 876 ms
ANALYZE
Time: 0 hrs, 0 mins, 0 secs, 56 ms
CREATE TABLE
Time: 0 hrs, 0 mins, 2 secs, 538 ms
ANALYZE
Time: 0 hrs, 0 mins, 0 secs, 56 ms
DELETE 1
Time: 0 hrs, 0 mins, 2 secs, 237 ms
INSERT 0 1
Time: 0 hrs, 0 mins, 6 secs, 5 ms
DELETE 1
Time: 0 hrs, 0 mins, 0 secs, 191 ms
INSERT 0 1
Time: 0 hrs, 0 mins, 0 secs, 934 ms
CREATE TABLE
Time: 0 hrs, 0 mins, 7 secs, 673 ms
ANALYZE
Time: 0 hrs, 0 mins, 0 secs, 33 ms
CREATE TABLE
Time: 0 hrs, 0 mins, 1 secs, 818 ms
ANALYZE
Time: 0 hrs, 0 mins, 0 secs, 39 ms
DELETE 1
Time: 0 hrs, 0 mins, 0 secs, 61 ms
INSERT 0 1
Time: 0 hrs, 0 mins, 1 secs, 548 ms
DELETE 1
Time: 0 hrs, 0 mins, 0 secs, 65 ms
INSERT 0 1
Time: 0 hrs, 0 mins, 0 secs, 271 ms
ANALYZE
Time: 0 hrs, 0 mins, 0 secs, 560 ms
    tablename     |    attr_name    | attr_value 
------------------+-----------------+------------
 BN_FILTER_SPIDER | CLK_USER_SD_MPL | 10
 BN_FILTER_SPIDER | IP_USER_SD_MPL  | 1
 BN_FILTER_SPIDER | IP_USER_RATIO   | .955
 BN_FILTER_SPIDER | CLK_USER_MEAN   | 11.806
 BN_FILTER_SPIDER | CLK_USER_SD     | 39.977
 BN_FILTER_SPIDER | IP_USER_MEAN    | 15.676
 BN_FILTER_SPIDER | IP_USER_SD      | 1182.482
(7 rows)

Time: 0 hrs, 0 mins, 0 secs, 973 ms
CREATE TABLE
Time: 0 hrs, 0 mins, 10 secs, 257 ms
CREATE TABLE
Time: 0 hrs, 0 mins, 1 secs, 922 ms
 l_mean_sd_mpl 
---------------
       411.576
(1 row)

Time: 0 hrs, 0 mins, 1 secs, 430 ms
TRUNCATE
Time: 0 hrs, 0 mins, 3 secs, 71 ms
INSERT 0 564
Time: 0 hrs, 0 mins, 20 secs, 62 ms
ANALYZE
Time: 0 hrs, 0 mins, 1 secs, 62 ms
 Total click_user bn_spider_ip records 
---------------------------------------
                                   564
(1 row)

Time: 0 hrs, 0 mins, 0 secs, 170 ms
CREATE TABLE
Time: 0 hrs, 0 mins, 8 secs, 168 ms
ANALYZE
Time: 0 hrs, 0 mins, 0 secs, 23 ms
CREATE TABLE
Time: 0 hrs, 0 mins, 5 secs, 190 ms
ANALYZE
Time: 0 hrs, 0 mins, 0 secs, 39 ms
DROP 
Time: 0 hrs, 0 mins, 0 secs, 115 ms
CREATE TABLE
Time: 0 hrs, 0 mins, 0 secs, 913 ms
 l_mean_sd_mpl | l_ratio 
---------------+---------
      1198.158 |   0.955
(1 row)

Time: 0 hrs, 0 mins, 0 secs, 60 ms
INSERT 0 14120272
Time: 0 hrs, 0 mins, 5 secs, 58 ms
ANALYZE
Time: 0 hrs, 0 mins, 0 secs, 181 ms
 Total ip_user_filter bn_spider_ip records 
-------------------------------------------
                                  14120272
(1 row)

Time: 0 hrs, 0 mins, 2 secs, 878 ms
TRUNCATE
Time: 0 hrs, 0 mins, 4 secs, 351 ms
INSERT 0 19579185
Time: 0 hrs, 0 mins, 27 secs, 382 ms
ANALYZE
Time: 0 hrs, 0 mins, 11 secs, 323 ms
 bn_hits_stage 
---------------
      19579185
(1 row)

Time: 0 hrs, 0 mins, 0 secs, 831 ms
INSERT 0 14864357
Time: 0 hrs, 0 mins, 29 secs, 500 ms
ANALYZE
Time: 0 hrs, 0 mins, 4 secs, 406 ms
 bn_hits_sp_20111106 
---------------------
            36843280
(1 row)

Time: 0 hrs, 0 mins, 0 secs, 368 ms
TRUNCATE
Time: 0 hrs, 0 mins, 3 secs, 767 ms
INSERT 0 6543770
Time: 0 hrs, 0 mins, 6 secs, 909 ms
ANALYZE
Time: 0 hrs, 0 mins, 5 secs, 134 ms
 bn_hits_client_20111106 
-------------------------
                 6543770
(1 row)

Time: 0 hrs, 0 mins, 2 secs, 402 ms
END
Time: 0 hrs, 0 mins, 25 secs, 235 ms

Thu Nov 17 12:37:18 EST 2011

Timing is on.
BEGIN
Time: 0 hrs, 0 mins, 0 secs, 185 ms

           600 - LOAD RESOURCES

SET
Time: 0 hrs, 0 mins, 0 secs, 10 ms
CREATE TABLE
Time: 0 hrs, 0 mins, 38 secs, 432 ms
ANALYZE
Time: 0 hrs, 0 mins, 1 secs, 23 ms
 tmp_a_count 
-------------
      488271
(1 row)

Time: 0 hrs, 0 mins, 1 secs, 0 ms
UPDATE 0
Time: 0 hrs, 0 mins, 5 secs, 850 ms
ANALYZE
Time: 0 hrs, 0 mins, 2 secs, 398 ms
TRUNCATE
Time: 0 hrs, 0 mins, 1 secs, 356 ms
INSERT 0 0
Time: 0 hrs, 0 mins, 21 secs, 270 ms
ANALYZE
Time: 0 hrs, 0 mins, 0 secs, 31 ms
 first_resource_id | last_resource_id 
-------------------+------------------
                   |                 
(1 row)

Time: 0 hrs, 0 mins, 2 secs, 358 ms
INSERT 0 0
Time: 0 hrs, 0 mins, 2 secs, 874 ms
 total_resources 
-----------------
        54515238
(1 row)

Time: 0 hrs, 0 mins, 0 secs, 191 ms
ANALYZE
Time: 0 hrs, 0 mins, 0 secs, 476 ms
END
Time: 0 hrs, 0 mins, 13 secs, 142 ms
VACUUM
Time: 0 hrs, 0 mins, 48 secs, 910 ms

Thu Nov 17 12:39:38 EST 2011

Timing is on.

           650 - LOAD_BN_SESSION_STAGE

BEGIN
Time: 0 hrs, 0 mins, 3 secs, 645 ms
SET
Time: 0 hrs, 0 mins, 0 secs, 6 ms
SET
Time: 0 hrs, 0 mins, 0 secs, 12 ms
CREATE TABLE
Time: 0 hrs, 0 mins, 59 secs, 73 ms
ANALYZE
Time: 0 hrs, 0 mins, 3 secs, 213 ms
 tmp_sessionized_stage 
-----------------------
              19579185
(1 row)

Time: 0 hrs, 0 mins, 0 secs, 957 ms
TRUNCATE
Time: 0 hrs, 0 mins, 3 secs, 117 ms
INSERT 0 2632645
Time: 0 hrs, 1 mins, 29 secs, 379 ms
ANALYZE
Time: 0 hrs, 0 mins, 8 secs, 414 ms
CREATE TABLE
Time: 0 hrs, 3 mins, 22 secs, 527 ms
CREATE INDEX
Time: 0 hrs, 0 mins, 0 secs, 766 ms
 tmp_first_last 
----------------
        2632645
(1 row)

Time: 0 hrs, 0 mins, 0 secs, 416 ms
ANALYZE
Time: 0 hrs, 0 mins, 0 secs, 719 ms
SET
Time: 0 hrs, 0 mins, 0 secs, 15 ms
SET
Time: 0 hrs, 0 mins, 0 secs, 14 ms
TRUNCATE
Time: 0 hrs, 0 mins, 3 secs, 565 ms
DROP 
Time: 0 hrs, 0 mins, 1 secs, 66 ms
INSERT 0 2632645
Time: 0 hrs, 0 mins, 6 secs, 947 ms
 bn_session_stage 
------------------
          2632645
(1 row)

Time: 0 hrs, 0 mins, 2 secs, 205 ms
CREATE INDEX
Time: 0 hrs, 0 mins, 3 secs, 563 ms
ANALYZE
Time: 0 hrs, 0 mins, 0 secs, 911 ms
TRUNCATE
Time: 0 hrs, 0 mins, 7 secs, 793 ms
END
Time: 0 hrs, 0 mins, 30 secs, 949 ms

Thu Nov 17 12:46:47 EST 2011

BEGIN

           660 - LOAD_BN_SESSION_UPDATE_STAGE

SET
TRUNCATE
INSERT 0 0
END

Thu Nov 17 12:47:13 EST 2011

Timing is on.

           670 - LOAD_BN_SESSION_20111106.UPDATES

BEGIN
Time: 0 hrs, 0 mins, 6 secs, 616 ms
SET
Time: 0 hrs, 0 mins, 0 secs, 9 ms
UPDATE 0
Time: 0 hrs, 0 mins, 0 secs, 205 ms
END
Time: 0 hrs, 0 mins, 19 secs, 645 ms
VACUUM
Time: 0 hrs, 0 mins, 33 secs, 706 ms

Thu Nov 17 12:48:14 EST 2011

Timing is on.

           700 - LOAD_BN_SESSION

BEGIN
Time: 0 hrs, 0 mins, 1 secs, 110 ms
SET
Time: 0 hrs, 0 mins, 0 secs, 9 ms
INSERT 0 2632645
Time: 0 hrs, 0 mins, 33 secs, 823 ms
ANALYZE
Time: 0 hrs, 0 mins, 3 secs, 115 ms
END
Time: 0 hrs, 1 mins, 10 secs, 746 ms

Thu Nov 17 12:50:03 EST 2011

Timing is on.

            750 - LOAD_BN_SESSION_SUMMARY   

BEGIN
Time: 0 hrs, 0 mins, 0 secs, 131 ms
SET
Time: 0 hrs, 0 mins, 0 secs, 5 ms
CREATE TABLE
Time: 0 hrs, 1 mins, 11 secs, 426 ms
TRUNCATE
Time: 0 hrs, 1 mins, 41 secs, 655 ms
INSERT 0 332795
Time: 0 hrs, 0 mins, 11 secs, 735 ms
ANALYZE
Time: 0 hrs, 0 mins, 0 secs, 815 ms
 count(1) 
----------
   332795
(1 row)

Time: 0 hrs, 0 mins, 0 secs, 53 ms
END
Time: 0 hrs, 1 mins, 4 secs, 457 ms

Thu Nov 17 12:54:13 EST 2011

Timing is on.

           800 - LOAD_BN_HITS

BEGIN
Time: 0 hrs, 0 mins, 0 secs, 149 ms
SET
Time: 0 hrs, 0 mins, 0 secs, 6 ms
SET
Time: 0 hrs, 0 mins, 0 secs, 12 ms
SET
Time: 0 hrs, 0 mins, 0 secs, 11 ms
SET
Time: 0 hrs, 0 mins, 0 secs, 11 ms
TRUNCATE
Time: 0 hrs, 0 mins, 5 secs, 907 ms
INSERT 0 19579185
Time: 0 hrs, 0 mins, 6 secs, 422 ms
 count(1) 
----------
 19579185
(1 row)

Time: 0 hrs, 0 mins, 6 secs, 7 ms
ANALYZE
Time: 0 hrs, 0 mins, 3 secs, 941 ms
END
Time: 0 hrs, 0 mins, 36 secs, 541 ms

Thu Nov 17 12:55:12 EST 2011

Timing is on.

            900 - LOAD_CLICKSTREAM   

BEGIN
Time: 0 hrs, 0 mins, 3 secs, 116 ms
SET
Time: 0 hrs, 0 mins, 0 secs, 7 ms
TRUNCATE
Time: 0 hrs, 0 mins, 8 secs, 100 ms
INSERT 0 19579185
Time: 0 hrs, 2 mins, 55 secs, 592 ms
 count(1) 
----------
 19579185
(1 row)

Time: 0 hrs, 0 mins, 1 secs, 802 ms
ANALYZE
Time: 0 hrs, 0 mins, 1 secs, 498 ms
END
Time: 0 hrs, 0 mins, 10 secs, 872 ms

Thu Nov 17 12:58:34 EST 2011

Timing is on.

            1000 - PAGE_VIEW_SUMMARY  

BEGIN
Time: 0 hrs, 0 mins, 2 secs, 624 ms
SET
Time: 0 hrs, 0 mins, 0 secs, 6 ms
SET
Time: 0 hrs, 0 mins, 0 secs, 13 ms
TRUNCATE
Time: 0 hrs, 0 mins, 1 secs, 549 ms
INSERT 0 497914
Time: 0 hrs, 1 mins, 11 secs, 525 ms
 count(1) 
----------
   497914
(1 row)

Time: 0 hrs, 0 mins, 1 secs, 664 ms
ANALYZE
Time: 0 hrs, 0 mins, 0 secs, 66 ms
END
Time: 0 hrs, 0 mins, 8 secs, 900 ms

Thu Nov 17 13:00:00 EST 2011


2000 - WRAP UP 

Timing is on.
BEGIN
Time: 0 hrs, 0 mins, 0 secs, 233 ms
TRUNCATE
Time: 0 hrs, 0 mins, 3 secs, 290 ms
TRUNCATE
Time: 0 hrs, 0 mins, 0 secs, 471 ms
END
Time: 0 hrs, 0 mins, 9 secs, 866 ms
Thu Nov 17 13:00:14 EST 2011
Removing lock file and waiting for a minute
Total time taken:  39  minutes.
