Acquired lock file 
deleting simple.htm records - these are just server testing...
DELETE 6098887
-------------------------------------
Processing for 20110825
-------------------------------------

Fri Aug 26 10:18:18 EDT 2011

Timing is on.

           000 - INIT

BEGIN
Time: 0 hrs, 0 mins, 11 secs, 242 ms
*** Truncating staging tables before workflow starts ***
SET
Time: 0 hrs, 0 mins, 0 secs, 25 ms
GRANT
Time: 0 hrs, 0 mins, 52 secs, 625 ms
END
Time: 0 hrs, 3 mins, 22 secs, 990 ms

Fri Aug 26 10:22:45 EDT 2011

Timing is on.

            200 - LOAD_BN_IISLOGS   

BEGIN
Time: 0 hrs, 1 mins, 31 secs, 390 ms
SET
Time: 0 hrs, 0 mins, 0 secs, 276 ms
TRUNCATE
Time: 0 hrs, 0 mins, 10 secs, 629 ms
INSERT 0 56625524
Time: 0 hrs, 20 mins, 30 secs, 864 ms
END
Time: 0 hrs, 2 mins, 36 secs, 249 ms
ALTER TABLE
Time: 0 hrs, 15 mins, 11 secs, 3 ms

Fri Aug 26 11:02:49 EDT 2011

Timing is on.
BEGIN
Time: 0 hrs, 0 mins, 7 secs, 50 ms
SET
Time: 0 hrs, 0 mins, 0 secs, 234 ms

            250 - LOAD_BN_HITS_SP   

TRUNCATE
Time: 0 hrs, 0 mins, 5 secs, 388 ms
INSERT 0 20384479
Time: 0 hrs, 4 mins, 38 secs, 416 ms
ANALYZE
Time: 0 hrs, 0 mins, 26 secs, 240 ms
END
Time: 0 hrs, 7 mins, 32 secs, 432 ms

Fri Aug 26 11:15:39 EDT 2011

Timing is on.
BEGIN
Time: 0 hrs, 0 mins, 5 secs, 759 ms
SET
Time: 0 hrs, 0 mins, 0 secs, 35 ms

           300 - DYNAMIC FILTER

TRUNCATE
Time: 0 hrs, 0 mins, 6 secs, 81 ms
INSERT 0 15664998
Time: 0 hrs, 2 mins, 26 secs, 644 ms
ANALYZE
Time: 0 hrs, 0 mins, 2 secs, 780 ms
 Total records in web_click_cnt 
--------------------------------
                       15664998
(1 row)

Time: 0 hrs, 0 mins, 7 secs, 269 ms
CREATE TABLE
Time: 0 hrs, 3 mins, 16 secs, 622 ms
ANALYZE
Time: 0 hrs, 0 mins, 0 secs, 625 ms
CREATE TABLE
Time: 0 hrs, 0 mins, 11 secs, 772 ms
ANALYZE
Time: 0 hrs, 0 mins, 1 secs, 630 ms
DELETE 1
Time: 0 hrs, 0 mins, 2 secs, 695 ms
INSERT 0 1
Time: 0 hrs, 0 mins, 4 secs, 958 ms
DELETE 1
Time: 0 hrs, 0 mins, 1 secs, 977 ms
INSERT 0 1
Time: 0 hrs, 0 mins, 6 secs, 195 ms
CREATE TABLE
Time: 0 hrs, 5 mins, 15 secs, 204 ms
ANALYZE
Time: 0 hrs, 0 mins, 0 secs, 322 ms
CREATE TABLE
Time: 0 hrs, 0 mins, 13 secs, 541 ms
ANALYZE
Time: 0 hrs, 0 mins, 0 secs, 806 ms
DELETE 1
Time: 0 hrs, 0 mins, 0 secs, 878 ms
INSERT 0 1
Time: 0 hrs, 0 mins, 8 secs, 834 ms
DELETE 1
Time: 0 hrs, 0 mins, 0 secs, 617 ms
INSERT 0 1
Time: 0 hrs, 0 mins, 4 secs, 208 ms
ANALYZE
Time: 0 hrs, 0 mins, 1 secs, 852 ms
    tablename     |    attr_name    | attr_value 
------------------+-----------------+------------
 BN_FILTER_SPIDER | CLK_USER_SD_MPL | 10
 BN_FILTER_SPIDER | IP_USER_SD_MPL  | 1
 BN_FILTER_SPIDER | IP_USER_RATIO   | .955
 BN_FILTER_SPIDER | CLK_USER_MEAN   | 10.944
 BN_FILTER_SPIDER | CLK_USER_SD     | 152.098
 BN_FILTER_SPIDER | IP_USER_MEAN    | 15.614
 BN_FILTER_SPIDER | IP_USER_SD      | 794.578
(7 rows)

Time: 0 hrs, 0 mins, 7 secs, 367 ms
CREATE TABLE
Time: 0 hrs, 0 mins, 41 secs, 943 ms
CREATE TABLE
Time: 0 hrs, 0 mins, 9 secs, 259 ms
 l_mean_sd_mpl 
---------------
      1531.924
(1 row)

Time: 0 hrs, 0 mins, 5 secs, 310 ms
TRUNCATE
Time: 0 hrs, 0 mins, 12 secs, 597 ms
INSERT 0 71
Time: 0 hrs, 0 mins, 40 secs, 894 ms
ANALYZE
Time: 0 hrs, 0 mins, 1 secs, 277 ms
 Total click_user bn_spider_ip records 
---------------------------------------
                                    71
(1 row)

Time: 0 hrs, 0 mins, 2 secs, 3 ms
CREATE TABLE
Time: 0 hrs, 0 mins, 17 secs, 185 ms
ANALYZE
Time: 0 hrs, 0 mins, 0 secs, 143 ms
CREATE TABLE
Time: 0 hrs, 0 mins, 17 secs, 266 ms
ANALYZE
Time: 0 hrs, 0 mins, 0 secs, 312 ms
DROP 
Time: 0 hrs, 0 mins, 0 secs, 335 ms
CREATE TABLE
Time: 0 hrs, 0 mins, 4 secs, 667 ms
 l_mean_sd_mpl | l_ratio 
---------------+---------
       810.192 |   0.955
(1 row)

Time: 0 hrs, 0 mins, 2 secs, 636 ms
INSERT 0 13060218
Time: 0 hrs, 0 mins, 20 secs, 581 ms
ANALYZE
Time: 0 hrs, 0 mins, 0 secs, 685 ms
 Total ip_user_filter bn_spider_ip records 
-------------------------------------------
                                  13060218
(1 row)

Time: 0 hrs, 0 mins, 2 secs, 74 ms
TRUNCATE
Time: 0 hrs, 0 mins, 11 secs, 20 ms
INSERT 0 17740134
Time: 0 hrs, 1 mins, 36 secs, 892 ms
ANALYZE
Time: 0 hrs, 0 mins, 12 secs, 453 ms
 bn_hits_stage 
---------------
      17740134
(1 row)

Time: 0 hrs, 0 mins, 4 secs, 322 ms
INSERT 0 13713120
Time: 0 hrs, 6 mins, 42 secs, 891 ms
ANALYZE
Time: 0 hrs, 0 mins, 58 secs, 107 ms
 bn_hits_sp_20110825 
---------------------
            34097599
(1 row)

Time: 0 hrs, 0 mins, 26 secs, 859 ms
TRUNCATE
Time: 0 hrs, 0 mins, 9 secs, 665 ms
INSERT 0 4787791
Time: 0 hrs, 0 mins, 35 secs, 976 ms
ANALYZE
Time: 0 hrs, 0 mins, 3 secs, 823 ms
 bn_hits_client_20110825 
-------------------------
                 4787791
(1 row)

Time: 0 hrs, 0 mins, 5 secs, 234 ms
END
Time: 0 hrs, 1 mins, 28 secs, 16 ms

Fri Aug 26 11:43:43 EDT 2011

Timing is on.
BEGIN
Time: 0 hrs, 0 mins, 7 secs, 192 ms

           600 - LOAD RESOURCES

SET
Time: 0 hrs, 0 mins, 0 secs, 29 ms
CREATE TABLE
Time: 0 hrs, 2 mins, 45 secs, 367 ms
ANALYZE
Time: 0 hrs, 0 mins, 5 secs, 874 ms
 tmp_a_count 
-------------
      144829
(1 row)

Time: 0 hrs, 0 mins, 7 secs, 723 ms
UPDATE 0
Time: 0 hrs, 0 mins, 11 secs, 623 ms
ANALYZE
Time: 0 hrs, 0 mins, 1 secs, 254 ms
TRUNCATE
Time: 0 hrs, 0 mins, 5 secs, 948 ms
INSERT 0 39897
Time: 0 hrs, 1 mins, 3 secs, 450 ms
ANALYZE
Time: 0 hrs, 0 mins, 1 secs, 351 ms
 first_resource_id | last_resource_id 
-------------------+------------------
          38795531 |         38835427
(1 row)

Time: 0 hrs, 0 mins, 0 secs, 911 ms
INSERT 0 39897
Time: 0 hrs, 0 mins, 4 secs, 773 ms
 total_resources 
-----------------
        38811024
(1 row)

Time: 0 hrs, 0 mins, 1 secs, 87 ms
ANALYZE
Time: 0 hrs, 0 mins, 0 secs, 931 ms
END
Time: 0 hrs, 1 mins, 9 secs, 389 ms
VACUUM
Time: 0 hrs, 1 mins, 52 secs, 249 ms

Fri Aug 26 11:51:22 EDT 2011

Timing is on.

           650 - LOAD_BN_SESSION_STAGE

BEGIN
Time: 0 hrs, 0 mins, 8 secs, 506 ms
SET
Time: 0 hrs, 0 mins, 0 secs, 21 ms
SET
Time: 0 hrs, 0 mins, 0 secs, 85 ms
CREATE TABLE
Time: 0 hrs, 2 mins, 15 secs, 234 ms
ANALYZE
Time: 0 hrs, 0 mins, 17 secs, 662 ms
 tmp_sessionized_stage 
-----------------------
              17740134
(1 row)

Time: 0 hrs, 0 mins, 9 secs, 620 ms
TRUNCATE
Time: 0 hrs, 0 mins, 10 secs, 517 ms
INSERT 0 2245976
Time: 0 hrs, 3 mins, 24 secs, 376 ms
ANALYZE
Time: 0 hrs, 0 mins, 5 secs, 244 ms
CREATE TABLE
Time: 0 hrs, 10 mins, 22 secs, 32 ms
CREATE INDEX
Time: 0 hrs, 0 mins, 1 secs, 601 ms
 tmp_first_last 
----------------
        2245976
(1 row)

Time: 0 hrs, 0 mins, 1 secs, 421 ms
ANALYZE
Time: 0 hrs, 0 mins, 1 secs, 166 ms
SET
Time: 0 hrs, 0 mins, 0 secs, 242 ms
SET
Time: 0 hrs, 0 mins, 0 secs, 648 ms
TRUNCATE
Time: 0 hrs, 0 mins, 10 secs, 949 ms
DROP
Time: 0 hrs, 0 mins, 0 secs, 508 ms
INSERT 0 2245976
Time: 0 hrs, 0 mins, 12 secs, 489 ms
 bn_session_stage 
------------------
          2245976
(1 row)

Time: 0 hrs, 0 mins, 7 secs, 20 ms
CREATE INDEX
Time: 0 hrs, 0 mins, 9 secs, 885 ms
ANALYZE
Time: 0 hrs, 0 mins, 3 secs, 483 ms
TRUNCATE
Time: 0 hrs, 0 mins, 8 secs, 949 ms
END
Time: 0 hrs, 2 mins, 34 secs, 304 ms

Fri Aug 26 12:11:49 EDT 2011

BEGIN

           660 - LOAD_BN_SESSION_UPDATE_STAGE

SET
TRUNCATE
INSERT 0 0
END

Fri Aug 26 12:16:49 EDT 2011

Timing is on.

           670 - LOAD_BN_SESSION_20110825.UPDATES

BEGIN
Time: 0 hrs, 0 mins, 8 secs, 377 ms
SET
Time: 0 hrs, 0 mins, 0 secs, 24 ms
UPDATE 0
Time: 0 hrs, 0 mins, 2 secs, 948 ms
END
Time: 0 hrs, 0 mins, 44 secs, 286 ms
VACUUM
Time: 0 hrs, 3 mins, 9 secs, 248 ms

Fri Aug 26 12:20:54 EDT 2011

Timing is on.

           700 - LOAD_BN_SESSION

BEGIN
Time: 0 hrs, 0 mins, 23 secs, 381 ms
SET
Time: 0 hrs, 0 mins, 0 secs, 22 ms
INSERT 0 2245976
Time: 0 hrs, 1 mins, 58 secs, 547 ms
ANALYZE
Time: 0 hrs, 0 mins, 2 secs, 108 ms
END
Time: 0 hrs, 0 mins, 40 secs, 950 ms

Fri Aug 26 12:23:59 EDT 2011

Timing is on.

            750 - LOAD_BN_SESSION_SUMMARY   

BEGIN
Time: 0 hrs, 0 mins, 6 secs, 630 ms
SET
Time: 0 hrs, 0 mins, 0 secs, 28 ms
CREATE TABLE
Time: 0 hrs, 3 mins, 43 secs, 958 ms
TRUNCATE
Time: 0 hrs, 7 mins, 3 secs, 608 ms
INSERT 0 219073
Time: 0 hrs, 6 mins, 53 secs, 225 ms
ANALYZE
Time: 0 hrs, 0 mins, 5 secs, 297 ms
 count(1) 
----------
   219073
(1 row)

Time: 0 hrs, 0 mins, 3 secs, 280 ms
END
Time: 0 hrs, 1 mins, 31 secs, 771 ms

Fri Aug 26 12:43:28 EDT 2011

Timing is on.

           800 - LOAD_BN_HITS

BEGIN
Time: 0 hrs, 0 mins, 2 secs, 645 ms
SET
Time: 0 hrs, 0 mins, 0 secs, 33 ms
SET
Time: 0 hrs, 0 mins, 0 secs, 657 ms
SET
Time: 0 hrs, 0 mins, 0 secs, 671 ms
SET
Time: 0 hrs, 0 mins, 0 secs, 449 ms
TRUNCATE
Time: 0 hrs, 0 mins, 8 secs, 873 ms
INSERT 0 17740134
Time: 0 hrs, 0 mins, 15 secs, 260 ms
 count(1) 
----------
 17740134
(1 row)

Time: 0 hrs, 0 mins, 3 secs, 477 ms
ANALYZE
Time: 0 hrs, 0 mins, 4 secs, 503 ms
END
Time: 0 hrs, 3 mins, 56 secs, 706 ms

Fri Aug 26 12:48:04 EDT 2011

Timing is on.

            900 - LOAD_CLICKSTREAM   

BEGIN
Time: 0 hrs, 0 mins, 10 secs, 717 ms
SET
Time: 0 hrs, 0 mins, 0 secs, 38 ms
TRUNCATE
Time: 0 hrs, 0 mins, 11 secs, 544 ms
INSERT 0 17740134
Time: 0 hrs, 10 mins, 21 secs, 777 ms
 count(1) 
----------
 17740134
(1 row)

Time: 0 hrs, 0 mins, 5 secs, 53 ms
ANALYZE
Time: 0 hrs, 0 mins, 1 secs, 784 ms
END
Time: 0 hrs, 3 mins, 13 secs, 295 ms

Fri Aug 26 13:02:09 EDT 2011

Timing is on.

            1000 - PAGE_VIEW_SUMMARY  

BEGIN
Time: 0 hrs, 0 mins, 5 secs, 826 ms
SET
Time: 0 hrs, 0 mins, 0 secs, 41 ms
SET
Time: 0 hrs, 0 mins, 0 secs, 89 ms
TRUNCATE
Time: 0 hrs, 0 mins, 6 secs, 820 ms
INSERT 0 151273
Time: 0 hrs, 10 mins, 13 secs, 208 ms
 count(1) 
----------
   151273
(1 row)

Time: 0 hrs, 0 mins, 4 secs, 214 ms
ANALYZE
Time: 0 hrs, 0 mins, 1 secs, 557 ms
END
Time: 0 hrs, 4 mins, 16 secs, 707 ms

Fri Aug 26 13:16:58 EDT 2011


2000 - WRAP UP 

Timing is on.
BEGIN
Time: 0 hrs, 0 mins, 7 secs, 85 ms
TRUNCATE
Time: 0 hrs, 0 mins, 7 secs, 416 ms
TRUNCATE
Time: 0 hrs, 0 mins, 17 secs, 172 ms
END
Time: 0 hrs, 3 mins, 29 secs, 985 ms
Fri Aug 26 13:21:00 EDT 2011
Removing lock file and waiting for a minute
rm: missing operand
Try `rm --help' for more information.
Total time taken:  187  minutes.
Running time of run.sh 20110825: 11225 seconds
Acquired lock file 
deleting simple.htm records - these are just server testing...
DELETE 18
-------------------------------------
Processing for 20110825
-------------------------------------

Sat Aug 27 09:28:27 EDT 2011

Timing is on.

           000 - INIT

BEGIN
Time: 0 hrs, 0 mins, 4 secs, 839 ms
*** Truncating staging tables before workflow starts ***
SET
Time: 0 hrs, 0 mins, 0 secs, 26 ms
GRANT
Time: 0 hrs, 0 mins, 31 secs, 730 ms
END
Time: 0 hrs, 0 mins, 14 secs, 478 ms

Sat Aug 27 09:29:18 EDT 2011

Timing is on.

            200 - LOAD_BN_IISLOGS   

BEGIN
Time: 0 hrs, 0 mins, 1 secs, 928 ms
SET
Time: 0 hrs, 0 mins, 0 secs, 20 ms
TRUNCATE
Time: 0 hrs, 0 mins, 4 secs, 802 ms
INSERT 0 77186266
Time: 0 hrs, 18 mins, 2 secs, 874 ms
END
Time: 0 hrs, 1 mins, 51 secs, 562 ms
ALTER TABLE
Time: 0 hrs, 1 mins, 32 secs, 197 ms

Sat Aug 27 09:50:52 EDT 2011

Timing is on.
BEGIN
Time: 0 hrs, 0 mins, 3 secs, 833 ms
SET
Time: 0 hrs, 0 mins, 0 secs, 27 ms

            250 - LOAD_BN_HITS_SP   

TRUNCATE
Time: 0 hrs, 0 mins, 2 secs, 731 ms
INSERT 0 27718190
Time: 0 hrs, 7 mins, 8 secs, 55 ms
ANALYZE
Time: 0 hrs, 2 mins, 56 secs, 809 ms
END
Time: 0 hrs, 2 mins, 20 secs, 304 ms

Sat Aug 27 10:03:24 EDT 2011

Timing is on.
BEGIN
Time: 0 hrs, 0 mins, 4 secs, 664 ms
SET
Time: 0 hrs, 0 mins, 0 secs, 12 ms

           300 - DYNAMIC FILTER

TRUNCATE
Time: 0 hrs, 0 mins, 5 secs, 466 ms
INSERT 0 20695383
Time: 0 hrs, 1 mins, 57 secs, 271 ms
ANALYZE
Time: 0 hrs, 0 mins, 2 secs, 727 ms
 Total records in web_click_cnt 
--------------------------------
                       20695383
(1 row)

Time: 0 hrs, 0 mins, 2 secs, 419 ms
CREATE TABLE
Time: 0 hrs, 0 mins, 59 secs, 570 ms
ANALYZE
Time: 0 hrs, 0 mins, 0 secs, 849 ms
CREATE TABLE
Time: 0 hrs, 0 mins, 4 secs, 266 ms
ANALYZE
Time: 0 hrs, 0 mins, 2 secs, 139 ms
DELETE 1
Time: 0 hrs, 0 mins, 1 secs, 273 ms
INSERT 0 1
Time: 0 hrs, 0 mins, 3 secs, 349 ms
DELETE 1
Time: 0 hrs, 0 mins, 0 secs, 152 ms
INSERT 0 1
Time: 0 hrs, 0 mins, 4 secs, 138 ms
CREATE TABLE
Time: 0 hrs, 0 mins, 18 secs, 905 ms
ANALYZE
Time: 0 hrs, 0 mins, 0 secs, 323 ms
CREATE TABLE
Time: 0 hrs, 0 mins, 3 secs, 583 ms
ANALYZE
Time: 0 hrs, 0 mins, 0 secs, 930 ms
DELETE 1
Time: 0 hrs, 0 mins, 0 secs, 121 ms
INSERT 0 1
Time: 0 hrs, 0 mins, 3 secs, 562 ms
DELETE 1
Time: 0 hrs, 0 mins, 0 secs, 101 ms
INSERT 0 1
Time: 0 hrs, 0 mins, 2 secs, 400 ms
ANALYZE
Time: 0 hrs, 0 mins, 0 secs, 594 ms
    tablename     |    attr_name    | attr_value 
------------------+-----------------+------------
 BN_FILTER_SPIDER | CLK_USER_SD_MPL | 10
 BN_FILTER_SPIDER | IP_USER_SD_MPL  | 1
 BN_FILTER_SPIDER | IP_USER_RATIO   | .955
 BN_FILTER_SPIDER | CLK_USER_MEAN   | 11.617
 BN_FILTER_SPIDER | CLK_USER_SD     | 135.716
 BN_FILTER_SPIDER | IP_USER_MEAN    | 15.955
 BN_FILTER_SPIDER | IP_USER_SD      | 938.076
(7 rows)

Time: 0 hrs, 0 mins, 1 secs, 616 ms
CREATE TABLE
Time: 0 hrs, 1 mins, 8 secs, 642 ms
CREATE TABLE
Time: 0 hrs, 0 mins, 6 secs, 838 ms
 l_mean_sd_mpl 
---------------
      1368.777
(1 row)

Time: 0 hrs, 0 mins, 11 secs, 659 ms
TRUNCATE
Time: 0 hrs, 0 mins, 13 secs, 460 ms
INSERT 0 129
Time: 0 hrs, 0 mins, 36 secs, 463 ms
ANALYZE
Time: 0 hrs, 0 mins, 0 secs, 487 ms
 Total click_user bn_spider_ip records 
---------------------------------------
                                   129
(1 row)

Time: 0 hrs, 0 mins, 1 secs, 262 ms
CREATE TABLE
Time: 0 hrs, 0 mins, 9 secs, 51 ms
ANALYZE
Time: 0 hrs, 0 mins, 0 secs, 104 ms
CREATE TABLE
Time: 0 hrs, 0 mins, 10 secs, 687 ms
ANALYZE
Time: 0 hrs, 0 mins, 1 secs, 371 ms
DROP 
Time: 0 hrs, 0 mins, 0 secs, 229 ms
CREATE TABLE
Time: 0 hrs, 0 mins, 4 secs, 47 ms
 l_mean_sd_mpl | l_ratio 
---------------+---------
       954.031 |   0.955
(1 row)

Time: 0 hrs, 0 mins, 2 secs, 407 ms
INSERT 0 17367315
Time: 0 hrs, 2 mins, 19 secs, 840 ms
ANALYZE
Time: 0 hrs, 0 mins, 0 secs, 510 ms
 Total ip_user_filter bn_spider_ip records 
-------------------------------------------
                                  17367315
(1 row)

Time: 0 hrs, 0 mins, 1 secs, 765 ms
TRUNCATE
Time: 0 hrs, 0 mins, 3 secs, 851 ms
INSERT 0 23972354
Time: 0 hrs, 3 mins, 16 secs, 775 ms
ANALYZE
Time: 0 hrs, 0 mins, 9 secs, 477 ms
 bn_hits_stage 
---------------
      23972354
(1 row)

Time: 0 hrs, 0 mins, 0 secs, 817 ms
INSERT 0 18200425
Time: 0 hrs, 5 mins, 40 secs, 894 ms
ANALYZE
Time: 0 hrs, 5 mins, 9 secs, 197 ms
 bn_hits_sp_20110825 
---------------------
            45918615
(1 row)

Time: 0 hrs, 0 mins, 27 secs, 411 ms
TRUNCATE
Time: 0 hrs, 4 mins, 17 secs, 238 ms
INSERT 0 7295297
Time: 0 hrs, 0 mins, 32 secs, 943 ms
ANALYZE
Time: 0 hrs, 0 mins, 5 secs, 869 ms
 bn_hits_client_20110825 
-------------------------
                 7295297
(1 row)

Time: 0 hrs, 0 mins, 8 secs, 238 ms
END
Time: 0 hrs, 1 mins, 54 secs, 542 ms

Sat Aug 27 10:34:21 EDT 2011

Timing is on.
BEGIN
Time: 0 hrs, 0 mins, 2 secs, 261 ms

           600 - LOAD RESOURCES

SET
Time: 0 hrs, 0 mins, 0 secs, 20 ms
CREATE TABLE
Time: 0 hrs, 5 mins, 36 secs, 415 ms
ANALYZE
Time: 0 hrs, 0 mins, 5 secs, 751 ms
 tmp_a_count 
-------------
      315270
(1 row)

Time: 0 hrs, 0 mins, 2 secs, 515 ms
UPDATE 0
Time: 0 hrs, 0 mins, 16 secs, 57 ms
ANALYZE
Time: 0 hrs, 0 mins, 2 secs, 111 ms
TRUNCATE
Time: 0 hrs, 0 mins, 8 secs, 842 ms
INSERT 0 63504
Time: 0 hrs, 0 mins, 44 secs, 356 ms
ANALYZE
Time: 0 hrs, 0 mins, 0 secs, 987 ms
 first_resource_id | last_resource_id 
-------------------+------------------
          39022806 |         39086309
(1 row)

Time: 0 hrs, 0 mins, 0 secs, 501 ms
INSERT 0 63504
Time: 0 hrs, 0 mins, 16 secs, 166 ms
 total_resources 
-----------------
        39061906
(1 row)

Time: 0 hrs, 0 mins, 10 secs, 133 ms
ANALYZE
Time: 0 hrs, 0 mins, 10 secs, 146 ms
END
Time: 0 hrs, 2 mins, 42 secs, 838 ms
VACUUM
Time: 0 hrs, 3 mins, 10 secs, 768 ms

Sat Aug 27 10:47:51 EDT 2011

Timing is on.

           650 - LOAD_BN_SESSION_STAGE

BEGIN
Time: 0 hrs, 0 mins, 3 secs, 117 ms
SET
Time: 0 hrs, 0 mins, 0 secs, 16 ms
SET
Time: 0 hrs, 0 mins, 0 secs, 49 ms
CREATE TABLE
Time: 0 hrs, 2 mins, 4 secs, 592 ms
ANALYZE
Time: 0 hrs, 0 mins, 18 secs, 987 ms
 tmp_sessionized_stage 
-----------------------
              23972354
(1 row)

Time: 0 hrs, 0 mins, 17 secs, 38 ms
TRUNCATE
Time: 0 hrs, 0 mins, 7 secs, 724 ms
INSERT 0 2900551
Time: 0 hrs, 2 mins, 42 secs, 755 ms
ANALYZE
Time: 0 hrs, 0 mins, 0 secs, 965 ms
CREATE TABLE
Time: 0 hrs, 2 mins, 42 secs, 214 ms
CREATE INDEX
Time: 0 hrs, 0 mins, 1 secs, 285 ms
 tmp_first_last 
----------------
        2900551
(1 row)

Time: 0 hrs, 0 mins, 0 secs, 966 ms
ANALYZE
Time: 0 hrs, 0 mins, 1 secs, 781 ms
SET
Time: 0 hrs, 0 mins, 0 secs, 40 ms
SET
Time: 0 hrs, 0 mins, 0 secs, 32 ms
TRUNCATE
Time: 0 hrs, 0 mins, 1 secs, 646 ms
DROP
Time: 0 hrs, 0 mins, 0 secs, 97 ms
INSERT 0 2900551
Time: 0 hrs, 0 mins, 9 secs, 920 ms
 bn_session_stage 
------------------
          2900551
(1 row)

Time: 0 hrs, 0 mins, 1 secs, 378 ms
CREATE INDEX
Time: 0 hrs, 0 mins, 0 secs, 793 ms
ANALYZE
Time: 0 hrs, 0 mins, 1 secs, 717 ms
TRUNCATE
Time: 0 hrs, 0 mins, 0 secs, 873 ms
END
Time: 0 hrs, 0 mins, 7 secs, 890 ms

Sat Aug 27 10:56:37 EDT 2011

BEGIN

           660 - LOAD_BN_SESSION_UPDATE_STAGE

SET
TRUNCATE
INSERT 0 0
END

Sat Aug 27 10:56:48 EDT 2011

Timing is on.

           670 - LOAD_BN_SESSION_20110825.UPDATES

BEGIN
Time: 0 hrs, 0 mins, 3 secs, 525 ms
SET
Time: 0 hrs, 0 mins, 0 secs, 30 ms
UPDATE 0
Time: 0 hrs, 0 mins, 0 secs, 764 ms
END
Time: 0 hrs, 0 mins, 9 secs, 97 ms
VACUUM
Time: 0 hrs, 0 mins, 10 secs, 802 ms

Sat Aug 27 10:57:13 EDT 2011

Timing is on.

           700 - LOAD_BN_SESSION

BEGIN
Time: 0 hrs, 0 mins, 4 secs, 336 ms
SET
Time: 0 hrs, 0 mins, 0 secs, 17 ms
INSERT 0 2900551
Time: 0 hrs, 4 mins, 46 secs, 573 ms
ANALYZE
Time: 0 hrs, 0 mins, 2 secs, 539 ms
END
Time: 0 hrs, 0 mins, 16 secs, 20 ms

Sat Aug 27 11:02:23 EDT 2011

Timing is on.

            750 - LOAD_BN_SESSION_SUMMARY   

BEGIN
Time: 0 hrs, 0 mins, 2 secs, 918 ms
SET
Time: 0 hrs, 0 mins, 0 secs, 16 ms
CREATE TABLE
Time: 0 hrs, 0 mins, 29 secs, 886 ms
TRUNCATE
Time: 0 hrs, 0 mins, 3 secs, 143 ms
INSERT 0 293393
Time: 0 hrs, 0 mins, 8 secs, 419 ms
ANALYZE
Time: 0 hrs, 0 mins, 0 secs, 831 ms
 count(1) 
----------
   293393
(1 row)

Time: 0 hrs, 0 mins, 0 secs, 643 ms
END
Time: 0 hrs, 0 mins, 11 secs, 365 ms

Sat Aug 27 11:03:20 EDT 2011

Timing is on.

           800 - LOAD_BN_HITS

BEGIN
Time: 0 hrs, 0 mins, 1 secs, 452 ms
SET
Time: 0 hrs, 0 mins, 0 secs, 17 ms
SET
Time: 0 hrs, 0 mins, 0 secs, 33 ms
SET
Time: 0 hrs, 0 mins, 0 secs, 39 ms
SET
Time: 0 hrs, 0 mins, 0 secs, 248 ms
TRUNCATE
Time: 0 hrs, 0 mins, 2 secs, 5 ms
INSERT 0 23972354
Time: 0 hrs, 0 mins, 20 secs, 8 ms
 count(1) 
----------
 23972354
(1 row)

Time: 0 hrs, 0 mins, 2 secs, 844 ms
ANALYZE
Time: 0 hrs, 0 mins, 4 secs, 705 ms
END
Time: 0 hrs, 0 mins, 44 secs, 119 ms

Sat Aug 27 11:04:36 EDT 2011

Timing is on.

            900 - LOAD_CLICKSTREAM   

BEGIN
Time: 0 hrs, 0 mins, 6 secs, 816 ms
SET
Time: 0 hrs, 0 mins, 0 secs, 20 ms
TRUNCATE
Time: 0 hrs, 0 mins, 4 secs, 450 ms
INSERT 0 23972354
Time: 0 hrs, 7 mins, 50 secs, 844 ms
 count(1) 
----------
 23972354
(1 row)

Time: 0 hrs, 0 mins, 1 secs, 147 ms
ANALYZE
Time: 0 hrs, 0 mins, 1 secs, 538 ms
END
Time: 0 hrs, 1 mins, 59 secs, 333 ms

Sat Aug 27 11:14:40 EDT 2011

Timing is on.

            1000 - PAGE_VIEW_SUMMARY  

BEGIN
Time: 0 hrs, 0 mins, 2 secs, 541 ms
SET
Time: 0 hrs, 0 mins, 0 secs, 23 ms
SET
Time: 0 hrs, 0 mins, 0 secs, 39 ms
TRUNCATE
Time: 0 hrs, 0 mins, 2 secs, 354 ms
INSERT 0 324588
Time: 0 hrs, 0 mins, 13 secs, 842 ms
 count(1) 
----------
   324588
(1 row)

Time: 0 hrs, 0 mins, 0 secs, 386 ms
ANALYZE
Time: 0 hrs, 0 mins, 0 secs, 287 ms
END
Time: 0 hrs, 0 mins, 6 secs, 435 ms

Sat Aug 27 11:15:06 EDT 2011


2000 - WRAP UP 

Timing is on.
BEGIN
Time: 0 hrs, 0 mins, 5 secs, 220 ms
TRUNCATE
Time: 0 hrs, 0 mins, 2 secs, 248 ms
TRUNCATE
Time: 0 hrs, 0 mins, 2 secs, 616 ms
END
Time: 0 hrs, 0 mins, 14 secs, 945 ms
Sat Aug 27 11:15:32 EDT 2011
Removing lock file and waiting for a minute
rm: missing operand
Try `rm --help' for more information.
Total time taken:  109  minutes.
Running time of run.sh 20110825: 109 minutes
