Checking for lock file /tmp/.iislock
Acquired lock file /tmp/.iislock
-------------------------------------
Processing for 20110501
-------------------------------------

Mon May 2 06:13:10 EDT 2011

Timing is on.

           000 - INIT

BEGIN
Time: 0 hrs, 0 mins, 4 secs, 829 ms
*** Truncating staging tables before workflow starts ***
SET
Time: 0 hrs, 0 mins, 0 secs, 58 ms
GRANT
Time: 0 hrs, 0 mins, 10 secs, 362 ms
END
Time: 0 hrs, 0 mins, 1 secs, 420 ms

Mon May 2 06:13:28 EDT 2011

Timing is on.

            200 - LOAD_BN_IISLOGS   

BEGIN
Time: 0 hrs, 0 mins, 3 secs, 391 ms
SET
Time: 0 hrs, 0 mins, 0 secs, 32 ms
TRUNCATE
Time: 0 hrs, 0 mins, 5 secs, 733 ms
INSERT 0 46815322
Time: 0 hrs, 8 mins, 42 secs, 349 ms
END
Time: 0 hrs, 1 mins, 5 secs, 618 ms
ALTER TABLE
Time: 0 hrs, 8 mins, 43 secs, 147 ms

Mon May 2 06:32:10 EDT 2011

Timing is on.
BEGIN
Time: 0 hrs, 0 mins, 3 secs, 30 ms
SET
Time: 0 hrs, 0 mins, 0 secs, 32 ms

            250 - LOAD_BN_HITS_SP   

TRUNCATE
Time: 0 hrs, 0 mins, 1 secs, 712 ms
INSERT 0 14963969
Time: 0 hrs, 3 mins, 48 secs, 885 ms
ANALYZE
Time: 0 hrs, 0 mins, 8 secs, 421 ms
END
Time: 0 hrs, 0 mins, 14 secs, 816 ms

Mon May 2 06:36:28 EDT 2011

Timing is on.
BEGIN
Time: 0 hrs, 0 mins, 1 secs, 516 ms
SET
Time: 0 hrs, 0 mins, 0 secs, 28 ms

           300 - DYNAMIC FILTER

TRUNCATE
Time: 0 hrs, 0 mins, 2 secs, 388 ms
INSERT 0 10316957
Time: 0 hrs, 0 mins, 14 secs, 175 ms
ANALYZE
Time: 0 hrs, 0 mins, 0 secs, 657 ms
 Total records in web_click_cnt 
--------------------------------
                       10316957
(1 row)

Time: 0 hrs, 0 mins, 1 secs, 78 ms
CREATE TABLE
Time: 0 hrs, 0 mins, 13 secs, 712 ms
ANALYZE
Time: 0 hrs, 0 mins, 0 secs, 134 ms
CREATE TABLE
Time: 0 hrs, 0 mins, 1 secs, 925 ms
ANALYZE
Time: 0 hrs, 0 mins, 0 secs, 225 ms
DELETE 1
Time: 0 hrs, 0 mins, 0 secs, 585 ms
INSERT 0 1
Time: 0 hrs, 0 mins, 0 secs, 799 ms
DELETE 1
Time: 0 hrs, 0 mins, 0 secs, 162 ms
INSERT 0 1
Time: 0 hrs, 0 mins, 3 secs, 983 ms
CREATE TABLE
Time: 0 hrs, 0 mins, 4 secs, 386 ms
ANALYZE
Time: 0 hrs, 0 mins, 0 secs, 655 ms
CREATE TABLE
Time: 0 hrs, 0 mins, 0 secs, 908 ms
ANALYZE
Time: 0 hrs, 0 mins, 0 secs, 107 ms
DELETE 1
Time: 0 hrs, 0 mins, 0 secs, 486 ms
INSERT 0 1
Time: 0 hrs, 0 mins, 0 secs, 535 ms
DELETE 1
Time: 0 hrs, 0 mins, 0 secs, 148 ms
INSERT 0 1
Time: 0 hrs, 0 mins, 0 secs, 516 ms
ANALYZE
Time: 0 hrs, 0 mins, 1 secs, 463 ms
    tablename     |    attr_name    | attr_value 
------------------+-----------------+------------
 BN_FILTER_SPIDER | CLK_USER_SD_MPL | 10
 BN_FILTER_SPIDER | IP_USER_SD_MPL  | 1
 BN_FILTER_SPIDER | IP_USER_RATIO   | .955
 BN_FILTER_SPIDER | CLK_USER_MEAN   | 16.903
 BN_FILTER_SPIDER | CLK_USER_SD     | 58.662
 BN_FILTER_SPIDER | IP_USER_MEAN    | 16.409
 BN_FILTER_SPIDER | IP_USER_SD      | 1616.775
(7 rows)

Time: 0 hrs, 0 mins, 0 secs, 174 ms
CREATE TABLE
Time: 0 hrs, 0 mins, 3 secs, 639 ms
CREATE TABLE
Time: 0 hrs, 0 mins, 0 secs, 894 ms
 l_mean_sd_mpl 
---------------
       603.523
(1 row)

Time: 0 hrs, 0 mins, 0 secs, 293 ms
TRUNCATE
Time: 0 hrs, 0 mins, 1 secs, 607 ms
INSERT 0 278
Time: 0 hrs, 0 mins, 6 secs, 177 ms
ANALYZE
Time: 0 hrs, 0 mins, 0 secs, 370 ms
 Total click_user bn_spider_ip records 
---------------------------------------
                                   278
(1 row)

Time: 0 hrs, 0 mins, 0 secs, 404 ms
CREATE TABLE
Time: 0 hrs, 0 mins, 2 secs, 303 ms
ANALYZE
Time: 0 hrs, 0 mins, 0 secs, 93 ms
CREATE TABLE
Time: 0 hrs, 0 mins, 1 secs, 859 ms
ANALYZE
Time: 0 hrs, 0 mins, 0 secs, 92 ms
DROP 
Time: 0 hrs, 0 mins, 5 secs, 494 ms
CREATE TABLE
Time: 0 hrs, 0 mins, 0 secs, 781 ms
 l_mean_sd_mpl | l_ratio 
---------------+---------
      1633.184 |   0.955
(1 row)

Time: 0 hrs, 0 mins, 0 secs, 275 ms
INSERT 0 8469727
Time: 0 hrs, 0 mins, 3 secs, 925 ms
ANALYZE
Time: 0 hrs, 0 mins, 0 secs, 262 ms
 Total ip_user_filter bn_spider_ip records 
-------------------------------------------
                                   8469727
(1 row)

Time: 0 hrs, 0 mins, 0 secs, 327 ms
TRUNCATE
Time: 0 hrs, 0 mins, 1 secs, 899 ms
INSERT 0 15565360
Time: 0 hrs, 0 mins, 16 secs, 494 ms
ANALYZE
Time: 0 hrs, 0 mins, 3 secs, 987 ms
 bn_hits_stage 
---------------
      15565360
(1 row)

Time: 0 hrs, 0 mins, 3 secs, 118 ms
INSERT 0 10934869
Time: 0 hrs, 0 mins, 31 secs, 220 ms
ANALYZE
Time: 0 hrs, 0 mins, 7 secs, 917 ms
 bn_hits_sp_20110501 
---------------------
            25898838
(1 row)

Time: 0 hrs, 0 mins, 18 secs, 543 ms
TRUNCATE
Time: 0 hrs, 0 mins, 2 secs, 107 ms
INSERT 0 5351124
Time: 0 hrs, 0 mins, 9 secs, 138 ms
ANALYZE
Time: 0 hrs, 0 mins, 2 secs, 866 ms
 bn_hits_client_20110501 
-------------------------
                 5351124
(1 row)

Time: 0 hrs, 0 mins, 0 secs, 710 ms
END
Time: 0 hrs, 0 mins, 5 secs, 997 ms

Mon May 2 06:39:34 EDT 2011

Timing is on.
BEGIN
Time: 0 hrs, 0 mins, 4 secs, 103 ms

           600 - LOAD RESOURCES

SET
Time: 0 hrs, 0 mins, 0 secs, 242 ms
CREATE TABLE
Time: 0 hrs, 0 mins, 7 secs, 308 ms
ANALYZE
Time: 0 hrs, 0 mins, 0 secs, 651 ms
 tmp_a_count 
-------------
       32734
(1 row)

Time: 0 hrs, 0 mins, 0 secs, 346 ms
UPDATE 0
Time: 0 hrs, 0 mins, 1 secs, 648 ms
ANALYZE
Time: 0 hrs, 0 mins, 0 secs, 682 ms
TRUNCATE
Time: 0 hrs, 0 mins, 1 secs, 125 ms
INSERT 0 3921
Time: 0 hrs, 0 mins, 6 secs, 484 ms
ANALYZE
Time: 0 hrs, 0 mins, 0 secs, 406 ms
 first_resource_id | last_resource_id 
-------------------+------------------
          13400687 |         13404607
(1 row)

Time: 0 hrs, 0 mins, 0 secs, 344 ms
INSERT 0 3921
Time: 0 hrs, 0 mins, 1 secs, 14 ms
 total_resources 
-----------------
        13380212
(1 row)

Time: 0 hrs, 0 mins, 0 secs, 158 ms
ANALYZE
Time: 0 hrs, 0 mins, 0 secs, 603 ms
END
Time: 0 hrs, 0 mins, 3 secs, 708 ms
VACUUM
Time: 0 hrs, 0 mins, 42 secs, 235 ms

Mon May 2 06:40:46 EDT 2011

Timing is on.

           650 - LOAD_BN_SESSION_STAGE

BEGIN
Time: 0 hrs, 0 mins, 6 secs, 382 ms
SET
Time: 0 hrs, 0 mins, 0 secs, 63 ms
SET
Time: 0 hrs, 0 mins, 0 secs, 17 ms
CREATE TABLE
Time: 0 hrs, 0 mins, 36 secs, 456 ms
ANALYZE
Time: 0 hrs, 0 mins, 3 secs, 281 ms
 tmp_sessionized_stage 
-----------------------
              15565360
(1 row)

Time: 0 hrs, 0 mins, 0 secs, 438 ms
TRUNCATE
Time: 0 hrs, 0 mins, 1 secs, 644 ms
INSERT 0 1552577
Time: 0 hrs, 0 mins, 26 secs, 255 ms
ANALYZE
Time: 0 hrs, 0 mins, 0 secs, 833 ms
CREATE TABLE
Time: 0 hrs, 0 mins, 47 secs, 185 ms
CREATE INDEX
Time: 0 hrs, 0 mins, 0 secs, 816 ms
 tmp_first_last 
----------------
        1552577
(1 row)

Time: 0 hrs, 0 mins, 1 secs, 100 ms
ANALYZE
Time: 0 hrs, 0 mins, 0 secs, 762 ms
SET
Time: 0 hrs, 0 mins, 0 secs, 54 ms
SET
Time: 0 hrs, 0 mins, 0 secs, 18 ms
TRUNCATE
Time: 0 hrs, 0 mins, 2 secs, 194 ms
DROP
Time: 0 hrs, 0 mins, 0 secs, 585 ms
INSERT 0 1552577
Time: 0 hrs, 0 mins, 6 secs, 795 ms
 bn_session_stage 
------------------
          1552577
(1 row)

Time: 0 hrs, 0 mins, 0 secs, 771 ms
CREATE INDEX
Time: 0 hrs, 0 mins, 0 secs, 991 ms
ANALYZE
Time: 0 hrs, 0 mins, 0 secs, 719 ms
TRUNCATE
Time: 0 hrs, 0 mins, 1 secs, 625 ms
END
Time: 0 hrs, 0 mins, 2 secs, 859 ms

Mon May 2 06:43:13 EDT 2011

BEGIN

           660 - LOAD_BN_SESSION_UPDATE_STAGE

SET
TRUNCATE
INSERT 0 0
END

Mon May 2 06:43:28 EDT 2011

Timing is on.

           670 - LOAD_BN_SESSION_20110501.UPDATES

BEGIN
Time: 0 hrs, 0 mins, 1 secs, 719 ms
SET
Time: 0 hrs, 0 mins, 0 secs, 12 ms
UPDATE 0
Time: 0 hrs, 0 mins, 6 secs, 385 ms
END
Time: 0 hrs, 0 mins, 1 secs, 24 ms
VACUUM
Time: 0 hrs, 0 mins, 17 secs, 751 ms

Mon May 2 06:43:56 EDT 2011

Timing is on.

           700 - LOAD_BN_SESSION

BEGIN
Time: 0 hrs, 0 mins, 1 secs, 411 ms
SET
Time: 0 hrs, 0 mins, 0 secs, 9 ms
INSERT 0 1552577
Time: 0 hrs, 0 mins, 16 secs, 358 ms
ANALYZE
Time: 0 hrs, 0 mins, 0 secs, 753 ms
END
Time: 0 hrs, 0 mins, 1 secs, 348 ms

Mon May 2 06:44:17 EDT 2011

Timing is on.

            750 - LOAD_BN_SESSION_SUMMARY   

BEGIN
Time: 0 hrs, 0 mins, 1 secs, 888 ms
SET
Time: 0 hrs, 0 mins, 0 secs, 25 ms
CREATE TABLE
Time: 0 hrs, 0 mins, 5 secs, 216 ms
TRUNCATE
Time: 0 hrs, 0 mins, 1 secs, 40 ms
INSERT 0 153500
Time: 0 hrs, 0 mins, 9 secs, 572 ms
ANALYZE
Time: 0 hrs, 0 mins, 0 secs, 723 ms
 count(1) 
----------
   153500
(1 row)

Time: 0 hrs, 0 mins, 0 secs, 175 ms
END
Time: 0 hrs, 0 mins, 1 secs, 783 ms

Mon May 2 06:44:39 EDT 2011

Timing is on.

           800 - LOAD_BN_HITS

BEGIN
Time: 0 hrs, 0 mins, 2 secs, 173 ms
SET
Time: 0 hrs, 0 mins, 0 secs, 12 ms
SET
Time: 0 hrs, 0 mins, 0 secs, 19 ms
SET
Time: 0 hrs, 0 mins, 0 secs, 18 ms
SET
Time: 0 hrs, 0 mins, 0 secs, 24 ms
TRUNCATE
Time: 0 hrs, 0 mins, 0 secs, 760 ms
INSERT 0 15565360
Time: 0 hrs, 0 mins, 5 secs, 845 ms
 count(1) 
----------
 15565360
(1 row)

Time: 0 hrs, 0 mins, 1 secs, 164 ms
ANALYZE
Time: 0 hrs, 0 mins, 3 secs, 167 ms
END
Time: 0 hrs, 0 mins, 6 secs, 553 ms

Mon May 2 06:45:01 EDT 2011

Timing is on.

            900 - LOAD_CLICKSTREAM   

BEGIN
Time: 0 hrs, 0 mins, 2 secs, 435 ms
SET
Time: 0 hrs, 0 mins, 0 secs, 42 ms
TRUNCATE
Time: 0 hrs, 0 mins, 0 secs, 792 ms
INSERT 0 15565360
Time: 0 hrs, 1 mins, 19 secs, 522 ms
 count(1) 
----------
 15565360
(1 row)

Time: 0 hrs, 0 mins, 0 secs, 600 ms
ANALYZE
Time: 0 hrs, 0 mins, 1 secs, 370 ms
END
Time: 0 hrs, 0 mins, 1 secs, 874 ms

Mon May 2 06:46:30 EDT 2011

Timing is on.

            1000 - PAGE_VIEW_SUMMARY  

BEGIN
Time: 0 hrs, 0 mins, 1 secs, 927 ms
SET
Time: 0 hrs, 0 mins, 0 secs, 30 ms
SET
Time: 0 hrs, 0 mins, 0 secs, 19 ms
TRUNCATE
Time: 0 hrs, 0 mins, 0 secs, 639 ms
INSERT 0 39140
Time: 0 hrs, 0 mins, 13 secs, 118 ms
 count(1) 
----------
    39140
(1 row)

Time: 0 hrs, 0 mins, 0 secs, 175 ms
ANALYZE
Time: 0 hrs, 0 mins, 0 secs, 49 ms
END
Time: 0 hrs, 0 mins, 1 secs, 684 ms

Mon May 2 06:46:49 EDT 2011


2000 - WRAP UP 

Timing is on.
BEGIN
Time: 0 hrs, 0 mins, 1 secs, 547 ms
TRUNCATE
Time: 0 hrs, 0 mins, 0 secs, 671 ms
TRUNCATE
Time: 0 hrs, 0 mins, 0 secs, 321 ms
END
Time: 0 hrs, 0 mins, 1 secs, 511 ms
Mon May 2 06:46:53 EDT 2011
Removing lock file and waiting for a minute
Checking for lock file /tmp/.iislock
Acquired lock file /tmp/.iislock
-------------------------------------
Processing for 20110501
-------------------------------------

Tue May 3 16:08:04 EDT 2011

Timing is on.

           000 - INIT

BEGIN
Time: 0 hrs, 0 mins, 2 secs, 906 ms
*** Truncating staging tables before workflow starts ***
SET
Time: 0 hrs, 0 mins, 0 secs, 10 ms
GRANT
Time: 0 hrs, 0 mins, 21 secs, 252 ms
END
Time: 0 hrs, 0 mins, 33 secs, 500 ms

Tue May 3 16:09:02 EDT 2011

Timing is on.

            200 - LOAD_BN_IISLOGS   

BEGIN
Time: 0 hrs, 0 mins, 22 secs, 683 ms
SET
Time: 0 hrs, 0 mins, 0 secs, 11 ms
TRUNCATE
Time: 0 hrs, 0 mins, 5 secs, 552 ms
INSERT 0 63530130
Time: 0 hrs, 17 mins, 37 secs, 813 ms
END
Time: 0 hrs, 2 mins, 27 secs, 412 ms
ALTER TABLE
Time: 0 hrs, 0 mins, 48 secs, 617 ms

Tue May 3 16:30:24 EDT 2011

Timing is on.
BEGIN
Time: 0 hrs, 0 mins, 3 secs, 827 ms
SET
Time: 0 hrs, 0 mins, 0 secs, 7 ms

            250 - LOAD_BN_HITS_SP   

TRUNCATE
Time: 0 hrs, 0 mins, 3 secs, 553 ms
INSERT 0 19816440
Time: 0 hrs, 5 mins, 39 secs, 976 ms
ANALYZE
Time: 0 hrs, 0 mins, 29 secs, 557 ms
END
Time: 0 hrs, 6 mins, 41 secs, 682 ms

Tue May 3 16:43:23 EDT 2011

Timing is on.
BEGIN
Time: 0 hrs, 0 mins, 4 secs, 627 ms
SET
Time: 0 hrs, 0 mins, 0 secs, 12 ms

           300 - DYNAMIC FILTER

TRUNCATE
Time: 0 hrs, 0 mins, 6 secs, 749 ms
INSERT 0 13262575
Time: 0 hrs, 0 mins, 56 secs, 850 ms
ANALYZE
Time: 0 hrs, 0 mins, 1 secs, 558 ms
 Total records in web_click_cnt 
--------------------------------
                       13262575
(1 row)

Time: 0 hrs, 0 mins, 1 secs, 908 ms
CREATE TABLE
Time: 0 hrs, 3 mins, 16 secs, 821 ms
ANALYZE
Time: 0 hrs, 0 mins, 0 secs, 104 ms
CREATE TABLE
Time: 0 hrs, 0 mins, 1 secs, 104 ms
ANALYZE
Time: 0 hrs, 0 mins, 0 secs, 118 ms
DELETE 1
Time: 0 hrs, 0 mins, 0 secs, 189 ms
INSERT 0 1
Time: 0 hrs, 0 mins, 0 secs, 237 ms
DELETE 1
Time: 0 hrs, 0 mins, 0 secs, 100 ms
INSERT 0 1
Time: 0 hrs, 0 mins, 0 secs, 220 ms
CREATE TABLE
Time: 0 hrs, 0 mins, 34 secs, 790 ms
ANALYZE
Time: 0 hrs, 0 mins, 0 secs, 110 ms
CREATE TABLE
Time: 0 hrs, 0 mins, 1 secs, 20 ms
ANALYZE
Time: 0 hrs, 0 mins, 0 secs, 78 ms
DELETE 1
Time: 0 hrs, 0 mins, 0 secs, 132 ms
INSERT 0 1
Time: 0 hrs, 0 mins, 0 secs, 726 ms
DELETE 1
Time: 0 hrs, 0 mins, 0 secs, 81 ms
INSERT 0 1
Time: 0 hrs, 0 mins, 0 secs, 378 ms
ANALYZE
Time: 0 hrs, 0 mins, 0 secs, 95 ms
    tablename     |    attr_name    | attr_value 
------------------+-----------------+------------
 BN_FILTER_SPIDER | CLK_USER_SD_MPL | 10
 BN_FILTER_SPIDER | IP_USER_SD_MPL  | 1
 BN_FILTER_SPIDER | IP_USER_RATIO   | .955
 BN_FILTER_SPIDER | CLK_USER_MEAN   | 17.563
 BN_FILTER_SPIDER | CLK_USER_SD     | 61.921
 BN_FILTER_SPIDER | IP_USER_MEAN    | 15.741
 BN_FILTER_SPIDER | IP_USER_SD      | 1858.461
(7 rows)

Time: 0 hrs, 0 mins, 0 secs, 467 ms
CREATE TABLE
Time: 0 hrs, 0 mins, 7 secs, 937 ms
CREATE TABLE
Time: 0 hrs, 0 mins, 0 secs, 988 ms
 l_mean_sd_mpl 
---------------
       636.773
(1 row)

Time: 0 hrs, 0 mins, 0 secs, 143 ms
TRUNCATE
Time: 0 hrs, 0 mins, 5 secs, 864 ms
INSERT 0 345
Time: 0 hrs, 0 mins, 16 secs, 370 ms
ANALYZE
Time: 0 hrs, 0 mins, 0 secs, 662 ms
 Total click_user bn_spider_ip records 
---------------------------------------
                                   345
(1 row)

Time: 0 hrs, 0 mins, 0 secs, 953 ms
CREATE TABLE
Time: 0 hrs, 0 mins, 20 secs, 715 ms
ANALYZE
Time: 0 hrs, 0 mins, 0 secs, 423 ms
CREATE TABLE
Time: 0 hrs, 0 mins, 13 secs, 813 ms
ANALYZE
Time: 0 hrs, 0 mins, 0 secs, 109 ms
DROP 
Time: 0 hrs, 0 mins, 0 secs, 459 ms
CREATE TABLE
Time: 0 hrs, 0 mins, 2 secs, 928 ms
 l_mean_sd_mpl | l_ratio 
---------------+---------
      1874.202 |   0.955
(1 row)

Time: 0 hrs, 0 mins, 0 secs, 308 ms
INSERT 0 10829933
Time: 0 hrs, 0 mins, 15 secs, 470 ms
ANALYZE
Time: 0 hrs, 0 mins, 0 secs, 508 ms
 Total ip_user_filter bn_spider_ip records 
-------------------------------------------
                                  10829933
(1 row)

Time: 0 hrs, 0 mins, 0 secs, 806 ms
TRUNCATE
Time: 0 hrs, 0 mins, 7 secs, 463 ms
INSERT 0 21697327
Time: 0 hrs, 0 mins, 45 secs, 428 ms
ANALYZE
Time: 0 hrs, 0 mins, 18 secs, 644 ms
 bn_hits_stage 
---------------
      21697327
(1 row)

Time: 0 hrs, 0 mins, 5 secs, 699 ms
INSERT 0 13946358
Time: 0 hrs, 2 mins, 51 secs, 336 ms
ANALYZE
Time: 0 hrs, 1 mins, 12 secs, 475 ms
 bn_hits_sp_20110501 
---------------------
            33762798
(1 row)

Time: 0 hrs, 0 mins, 19 secs, 928 ms
TRUNCATE
Time: 0 hrs, 0 mins, 5 secs, 782 ms
INSERT 0 8070005
Time: 0 hrs, 0 mins, 42 secs, 473 ms
ANALYZE
Time: 0 hrs, 0 mins, 7 secs, 900 ms
 bn_hits_client_20110501 
-------------------------
                 8070005
(1 row)

Time: 0 hrs, 0 mins, 1 secs, 573 ms
END
Time: 0 hrs, 1 mins, 30 secs, 151 ms

Tue May 3 16:58:09 EDT 2011

Timing is on.
BEGIN
Time: 0 hrs, 0 mins, 1 secs, 962 ms

           600 - LOAD RESOURCES

SET
Time: 0 hrs, 0 mins, 0 secs, 11 ms
CREATE TABLE
Time: 0 hrs, 0 mins, 16 secs, 486 ms
ANALYZE
Time: 0 hrs, 0 mins, 1 secs, 318 ms
 tmp_a_count 
-------------
       42521
(1 row)

Time: 0 hrs, 0 mins, 0 secs, 111 ms
UPDATE 0
Time: 0 hrs, 0 mins, 2 secs, 637 ms
ANALYZE
Time: 0 hrs, 0 mins, 1 secs, 473 ms
TRUNCATE
Time: 0 hrs, 0 mins, 1 secs, 196 ms
INSERT 0 1370
Time: 0 hrs, 0 mins, 8 secs, 603 ms
ANALYZE
Time: 0 hrs, 0 mins, 0 secs, 721 ms
 first_resource_id | last_resource_id 
-------------------+------------------
          13410835 |         13412204
(1 row)

Time: 0 hrs, 0 mins, 0 secs, 499 ms
INSERT 0 1370
Time: 0 hrs, 0 mins, 0 secs, 408 ms
 total_resources 
-----------------
        13387809
(1 row)

Time: 0 hrs, 0 mins, 0 secs, 220 ms
ANALYZE
Time: 0 hrs, 0 mins, 0 secs, 982 ms
END
Time: 0 hrs, 0 mins, 25 secs, 280 ms
VACUUM
Time: 0 hrs, 0 mins, 38 secs, 423 ms

Tue May 3 16:59:50 EDT 2011

Timing is on.

           650 - LOAD_BN_SESSION_STAGE

BEGIN
Time: 0 hrs, 0 mins, 1 secs, 466 ms
SET
Time: 0 hrs, 0 mins, 0 secs, 11 ms
SET
Time: 0 hrs, 0 mins, 0 secs, 21 ms
CREATE TABLE
Time: 0 hrs, 1 mins, 14 secs, 184 ms
ANALYZE
Time: 0 hrs, 0 mins, 6 secs, 564 ms
 tmp_sessionized_stage 
-----------------------
              21697327
(1 row)

Time: 0 hrs, 0 mins, 1 secs, 97 ms
TRUNCATE
Time: 0 hrs, 0 mins, 3 secs, 199 ms
INSERT 0 2060716
Time: 0 hrs, 0 mins, 44 secs, 805 ms
ANALYZE
Time: 0 hrs, 0 mins, 0 secs, 997 ms
CREATE TABLE
Time: 0 hrs, 1 mins, 18 secs, 316 ms
CREATE INDEX
Time: 0 hrs, 0 mins, 0 secs, 985 ms
 tmp_first_last 
----------------
        2060716
(1 row)

Time: 0 hrs, 0 mins, 0 secs, 394 ms
ANALYZE
Time: 0 hrs, 0 mins, 1 secs, 961 ms
SET
Time: 0 hrs, 0 mins, 0 secs, 26 ms
SET
Time: 0 hrs, 0 mins, 0 secs, 23 ms
TRUNCATE
Time: 0 hrs, 0 mins, 6 secs, 400 ms
DROP
Time: 0 hrs, 0 mins, 0 secs, 149 ms
INSERT 0 2060716
Time: 0 hrs, 0 mins, 13 secs, 183 ms
 bn_session_stage 
------------------
          2060716
(1 row)

Time: 0 hrs, 0 mins, 2 secs, 154 ms
CREATE INDEX
Time: 0 hrs, 0 mins, 2 secs, 576 ms
ANALYZE
Time: 0 hrs, 0 mins, 2 secs, 85 ms
TRUNCATE
Time: 0 hrs, 0 mins, 0 secs, 698 ms
END
Time: 0 hrs, 0 mins, 20 secs, 761 ms

Tue May 3 17:04:12 EDT 2011

BEGIN

           660 - LOAD_BN_SESSION_UPDATE_STAGE

SET
TRUNCATE
INSERT 0 0
END

Tue May 3 17:04:24 EDT 2011

Timing is on.

           670 - LOAD_BN_SESSION_20110501.UPDATES

BEGIN
Time: 0 hrs, 0 mins, 1 secs, 159 ms
SET
Time: 0 hrs, 0 mins, 0 secs, 9 ms
UPDATE 0
Time: 0 hrs, 0 mins, 1 secs, 141 ms
END
Time: 0 hrs, 0 mins, 15 secs, 243 ms
VACUUM
Time: 0 hrs, 0 mins, 35 secs, 164 ms

Tue May 3 17:05:17 EDT 2011

Timing is on.

           700 - LOAD_BN_SESSION

BEGIN
Time: 0 hrs, 0 mins, 0 secs, 903 ms
SET
Time: 0 hrs, 0 mins, 0 secs, 8 ms
INSERT 0 2060716
Time: 0 hrs, 0 mins, 8 secs, 476 ms
ANALYZE
Time: 0 hrs, 0 mins, 2 secs, 75 ms
END
Time: 0 hrs, 0 mins, 27 secs, 315 ms

Tue May 3 17:05:56 EDT 2011

Timing is on.

            750 - LOAD_BN_SESSION_SUMMARY   

BEGIN
Time: 0 hrs, 0 mins, 1 secs, 242 ms
SET
Time: 0 hrs, 0 mins, 0 secs, 12 ms
CREATE TABLE
Time: 0 hrs, 0 mins, 17 secs, 446 ms
TRUNCATE
Time: 0 hrs, 0 mins, 1 secs, 947 ms
INSERT 0 192269
Time: 0 hrs, 0 mins, 5 secs, 721 ms
ANALYZE
Time: 0 hrs, 0 mins, 0 secs, 626 ms
 count(1) 
----------
   192269
(1 row)

Time: 0 hrs, 0 mins, 0 secs, 352 ms
END
Time: 0 hrs, 0 mins, 13 secs, 796 ms

Tue May 3 17:06:37 EDT 2011

Timing is on.

           800 - LOAD_BN_HITS

BEGIN
Time: 0 hrs, 0 mins, 0 secs, 900 ms
SET
Time: 0 hrs, 0 mins, 0 secs, 10 ms
SET
Time: 0 hrs, 0 mins, 0 secs, 17 ms
SET
Time: 0 hrs, 0 mins, 0 secs, 17 ms
SET
Time: 0 hrs, 0 mins, 0 secs, 16 ms
TRUNCATE
Time: 0 hrs, 0 mins, 2 secs, 699 ms
INSERT 0 21697327
Time: 0 hrs, 0 mins, 7 secs, 866 ms
 count(1) 
----------
 21697327
(1 row)

Time: 0 hrs, 0 mins, 1 secs, 996 ms
ANALYZE
Time: 0 hrs, 0 mins, 5 secs, 590 ms
END
Time: 0 hrs, 0 mins, 21 secs, 239 ms

Tue May 3 17:07:18 EDT 2011

Timing is on.

            900 - LOAD_CLICKSTREAM   

BEGIN
Time: 0 hrs, 0 mins, 4 secs, 72 ms
SET
Time: 0 hrs, 0 mins, 0 secs, 12 ms
TRUNCATE
Time: 0 hrs, 0 mins, 6 secs, 359 ms
INSERT 0 21697327
Time: 0 hrs, 2 mins, 12 secs, 855 ms
 count(1) 
----------
 21697327
(1 row)

Time: 0 hrs, 0 mins, 1 secs, 240 ms
ANALYZE
Time: 0 hrs, 0 mins, 3 secs, 285 ms
END
Time: 0 hrs, 0 mins, 11 secs, 60 ms

Tue May 3 17:09:57 EDT 2011

Timing is on.

            1000 - PAGE_VIEW_SUMMARY  

BEGIN
Time: 0 hrs, 0 mins, 4 secs, 175 ms
SET
Time: 0 hrs, 0 mins, 0 secs, 9 ms
SET
Time: 0 hrs, 0 mins, 0 secs, 17 ms
TRUNCATE
Time: 0 hrs, 0 mins, 1 secs, 26 ms
INSERT 0 50010
Time: 0 hrs, 0 mins, 7 secs, 999 ms
 count(1) 
----------
    50010
(1 row)

Time: 0 hrs, 0 mins, 0 secs, 196 ms
ANALYZE
Time: 0 hrs, 0 mins, 0 secs, 51 ms
END
Time: 0 hrs, 0 mins, 3 secs, 727 ms

Tue May 3 17:10:14 EDT 2011


2000 - WRAP UP 

Timing is on.
BEGIN
Time: 0 hrs, 0 mins, 1 secs, 128 ms
TRUNCATE
Time: 0 hrs, 0 mins, 1 secs, 922 ms
TRUNCATE
Time: 0 hrs, 0 mins, 2 secs, 308 ms
END
Time: 0 hrs, 0 mins, 6 secs, 960 ms
Tue May 3 17:10:27 EDT 2011
Removing lock file and waiting for a minute
