Checking for lock file /tmp/.iislock
Acquired lock file /tmp/.iislock
deleting simple.htm records - these are just server testing...
DELETE 6108542
-------------------------------------
Processing for 20110815
-------------------------------------

Tue Aug 16 05:46:43 EDT 2011

Timing is on.

           000 - INIT

BEGIN
Time: 0 hrs, 0 mins, 2 secs, 75 ms
*** Truncating staging tables before workflow starts ***
SET
Time: 0 hrs, 0 mins, 0 secs, 13 ms
GRANT
Time: 0 hrs, 0 mins, 4 secs, 148 ms
END
Time: 0 hrs, 0 mins, 2 secs, 342 ms

Tue Aug 16 05:46:52 EDT 2011

Timing is on.

            200 - LOAD_BN_IISLOGS   

BEGIN
Time: 0 hrs, 0 mins, 1 secs, 205 ms
SET
Time: 0 hrs, 0 mins, 0 secs, 9 ms
TRUNCATE
Time: 0 hrs, 0 mins, 1 secs, 131 ms
INSERT 0 63941705
Time: 0 hrs, 10 mins, 14 secs, 194 ms
END
Time: 0 hrs, 0 mins, 9 secs, 651 ms
ALTER TABLE
Time: 0 hrs, 5 mins, 45 secs, 27 ms

Tue Aug 16 06:03:03 EDT 2011

Timing is on.
BEGIN
Time: 0 hrs, 0 mins, 2 secs, 136 ms
SET
Time: 0 hrs, 0 mins, 0 secs, 14 ms

            250 - LOAD_BN_HITS_SP   

TRUNCATE
Time: 0 hrs, 0 mins, 2 secs, 360 ms
INSERT 0 19785747
Time: 0 hrs, 4 mins, 8 secs, 404 ms
ANALYZE
Time: 0 hrs, 0 mins, 25 secs, 702 ms
END
Time: 0 hrs, 0 mins, 41 secs, 865 ms

Tue Aug 16 06:08:24 EDT 2011

Timing is on.
BEGIN
Time: 0 hrs, 0 mins, 3 secs, 35 ms
SET
Time: 0 hrs, 0 mins, 0 secs, 10 ms

           300 - DYNAMIC FILTER

TRUNCATE
Time: 0 hrs, 0 mins, 3 secs, 577 ms
INSERT 0 17858590
Time: 0 hrs, 0 mins, 17 secs, 644 ms
ANALYZE
Time: 0 hrs, 0 mins, 1 secs, 534 ms
 Total records in web_click_cnt 
--------------------------------
                       17858590
(1 row)

Time: 0 hrs, 0 mins, 1 secs, 552 ms
CREATE TABLE
Time: 0 hrs, 0 mins, 6 secs, 655 ms
ANALYZE
Time: 0 hrs, 0 mins, 0 secs, 161 ms
CREATE TABLE
Time: 0 hrs, 0 mins, 0 secs, 789 ms
ANALYZE
Time: 0 hrs, 0 mins, 0 secs, 153 ms
DELETE 1
Time: 0 hrs, 0 mins, 0 secs, 579 ms
INSERT 0 1
Time: 0 hrs, 0 mins, 1 secs, 0 ms
DELETE 1
Time: 0 hrs, 0 mins, 0 secs, 118 ms
INSERT 0 1
Time: 0 hrs, 0 mins, 0 secs, 406 ms
CREATE TABLE
Time: 0 hrs, 0 mins, 3 secs, 839 ms
ANALYZE
Time: 0 hrs, 0 mins, 0 secs, 129 ms
CREATE TABLE
Time: 0 hrs, 0 mins, 1 secs, 472 ms
ANALYZE
Time: 0 hrs, 0 mins, 0 secs, 94 ms
DELETE 1
Time: 0 hrs, 0 mins, 0 secs, 129 ms
INSERT 0 1
Time: 0 hrs, 0 mins, 1 secs, 544 ms
DELETE 1
Time: 0 hrs, 0 mins, 0 secs, 110 ms
INSERT 0 1
Time: 0 hrs, 0 mins, 1 secs, 594 ms
ANALYZE
Time: 0 hrs, 0 mins, 0 secs, 520 ms
    tablename     |    attr_name    | attr_value 
------------------+-----------------+------------
 BN_FILTER_SPIDER | CLK_USER_SD_MPL | 10
 BN_FILTER_SPIDER | IP_USER_SD_MPL  | 1
 BN_FILTER_SPIDER | IP_USER_RATIO   | .955
 BN_FILTER_SPIDER | CLK_USER_MEAN   | 14.752
 BN_FILTER_SPIDER | CLK_USER_SD     | 161.545
 BN_FILTER_SPIDER | IP_USER_MEAN    | 17.749
 BN_FILTER_SPIDER | IP_USER_SD      | 1517.030
(7 rows)

Time: 0 hrs, 0 mins, 0 secs, 499 ms
CREATE TABLE
Time: 0 hrs, 0 mins, 12 secs, 555 ms
CREATE TABLE
Time: 0 hrs, 0 mins, 2 secs, 652 ms
 l_mean_sd_mpl 
---------------
      1630.202
(1 row)

Time: 0 hrs, 0 mins, 0 secs, 561 ms
TRUNCATE
Time: 0 hrs, 0 mins, 2 secs, 286 ms
INSERT 0 83
Time: 0 hrs, 0 mins, 16 secs, 169 ms
ANALYZE
Time: 0 hrs, 0 mins, 0 secs, 127 ms
 Total click_user bn_spider_ip records 
---------------------------------------
                                    83
(1 row)

Time: 0 hrs, 0 mins, 0 secs, 225 ms
CREATE TABLE
Time: 0 hrs, 0 mins, 4 secs, 239 ms
ANALYZE
Time: 0 hrs, 0 mins, 0 secs, 72 ms
CREATE TABLE
Time: 0 hrs, 0 mins, 2 secs, 735 ms
ANALYZE
Time: 0 hrs, 0 mins, 0 secs, 133 ms
DROP 
Time: 0 hrs, 0 mins, 0 secs, 214 ms
CREATE TABLE
Time: 0 hrs, 0 mins, 1 secs, 293 ms
 l_mean_sd_mpl | l_ratio 
---------------+---------
      1534.779 |   0.955
(1 row)

Time: 0 hrs, 0 mins, 0 secs, 505 ms
INSERT 0 15023142
Time: 0 hrs, 0 mins, 7 secs, 561 ms
ANALYZE
Time: 0 hrs, 0 mins, 0 secs, 247 ms
 Total ip_user_filter bn_spider_ip records 
-------------------------------------------
                                  15023142
(1 row)

Time: 0 hrs, 0 mins, 0 secs, 777 ms
TRUNCATE
Time: 0 hrs, 0 mins, 0 secs, 779 ms
INSERT 0 23034064
Time: 0 hrs, 0 mins, 38 secs, 228 ms
ANALYZE
Time: 0 hrs, 0 mins, 5 secs, 357 ms
 bn_hits_stage 
---------------
      23034064
(1 row)

Time: 0 hrs, 0 mins, 0 secs, 447 ms
INSERT 0 16040239
Time: 0 hrs, 1 mins, 8 secs, 968 ms
ANALYZE
Time: 0 hrs, 0 mins, 15 secs, 699 ms
 bn_hits_sp_20110815 
---------------------
            35825986
(1 row)

Time: 0 hrs, 0 mins, 8 secs, 957 ms
TRUNCATE
Time: 0 hrs, 0 mins, 1 secs, 501 ms
INSERT 0 5081655
Time: 0 hrs, 0 mins, 7 secs, 327 ms
ANALYZE
Time: 0 hrs, 0 mins, 3 secs, 141 ms
 bn_hits_client_20110815 
-------------------------
                 5081655
(1 row)

Time: 0 hrs, 0 mins, 0 secs, 685 ms
END
Time: 0 hrs, 0 mins, 39 secs, 392 ms

Tue Aug 16 06:13:14 EDT 2011

Timing is on.
BEGIN
Time: 0 hrs, 0 mins, 1 secs, 187 ms

           600 - LOAD RESOURCES

SET
Time: 0 hrs, 0 mins, 0 secs, 15 ms
CREATE TABLE
Time: 0 hrs, 0 mins, 31 secs, 265 ms
ANALYZE
Time: 0 hrs, 0 mins, 0 secs, 739 ms
 tmp_a_count 
-------------
      555323
(1 row)

Time: 0 hrs, 0 mins, 0 secs, 231 ms
UPDATE 0
Time: 0 hrs, 0 mins, 5 secs, 311 ms
ANALYZE
Time: 0 hrs, 0 mins, 0 secs, 893 ms
TRUNCATE
Time: 0 hrs, 0 mins, 0 secs, 545 ms
INSERT 0 234623
Time: 0 hrs, 0 mins, 26 secs, 201 ms
ANALYZE
Time: 0 hrs, 0 mins, 1 secs, 780 ms
 first_resource_id | last_resource_id 
-------------------+------------------
          36690135 |         36924757
(1 row)

Time: 0 hrs, 0 mins, 0 secs, 604 ms
INSERT 0 234623
Time: 0 hrs, 0 mins, 3 secs, 470 ms
 total_resources 
-----------------
        36900361
(1 row)

Time: 0 hrs, 0 mins, 0 secs, 479 ms
ANALYZE
Time: 0 hrs, 0 mins, 0 secs, 913 ms
END
Time: 0 hrs, 0 mins, 13 secs, 260 ms
VACUUM
Time: 0 hrs, 1 mins, 11 secs, 296 ms

Tue Aug 16 06:15:53 EDT 2011

Timing is on.

           650 - LOAD_BN_SESSION_STAGE

BEGIN
Time: 0 hrs, 0 mins, 22 secs, 956 ms
SET
Time: 0 hrs, 0 mins, 0 secs, 16 ms
SET
Time: 0 hrs, 0 mins, 0 secs, 234 ms
CREATE TABLE
Time: 0 hrs, 1 mins, 19 secs, 78 ms
ANALYZE
Time: 0 hrs, 0 mins, 4 secs, 834 ms
 tmp_sessionized_stage 
-----------------------
              23034064
(1 row)

Time: 0 hrs, 0 mins, 0 secs, 765 ms
TRUNCATE
Time: 0 hrs, 0 mins, 0 secs, 348 ms
INSERT 0 2377665
Time: 0 hrs, 0 mins, 35 secs, 761 ms
ANALYZE
Time: 0 hrs, 0 mins, 0 secs, 862 ms
CREATE TABLE
Time: 0 hrs, 3 mins, 52 secs, 453 ms
CREATE INDEX
Time: 0 hrs, 0 mins, 0 secs, 401 ms
 tmp_first_last 
----------------
        2377665
(1 row)

Time: 0 hrs, 0 mins, 0 secs, 179 ms
ANALYZE
Time: 0 hrs, 0 mins, 1 secs, 212 ms
SET
Time: 0 hrs, 0 mins, 0 secs, 20 ms
SET
Time: 0 hrs, 0 mins, 0 secs, 19 ms
TRUNCATE
Time: 0 hrs, 0 mins, 3 secs, 227 ms
DROP
Time: 0 hrs, 0 mins, 0 secs, 116 ms
INSERT 0 2377665
Time: 0 hrs, 0 mins, 8 secs, 473 ms
 bn_session_stage 
------------------
          2377665
(1 row)

Time: 0 hrs, 0 mins, 1 secs, 76 ms
CREATE INDEX
Time: 0 hrs, 0 mins, 2 secs, 17 ms
ANALYZE
Time: 0 hrs, 0 mins, 1 secs, 390 ms
TRUNCATE
Time: 0 hrs, 0 mins, 0 secs, 961 ms
END
Time: 0 hrs, 0 mins, 46 secs, 393 ms

Tue Aug 16 06:23:16 EDT 2011

BEGIN

           660 - LOAD_BN_SESSION_UPDATE_STAGE

SET
TRUNCATE
INSERT 0 0
END

Tue Aug 16 06:23:43 EDT 2011

Timing is on.

           670 - LOAD_BN_SESSION_20110815.UPDATES

BEGIN
Time: 0 hrs, 0 mins, 0 secs, 947 ms
SET
Time: 0 hrs, 0 mins, 0 secs, 10 ms
UPDATE 0
Time: 0 hrs, 0 mins, 0 secs, 340 ms
END
Time: 0 hrs, 0 mins, 2 secs, 909 ms
VACUUM
Time: 0 hrs, 1 mins, 22 secs, 379 ms

Tue Aug 16 06:25:10 EDT 2011

Timing is on.

           700 - LOAD_BN_SESSION

BEGIN
Time: 0 hrs, 0 mins, 7 secs, 82 ms
SET
Time: 0 hrs, 0 mins, 0 secs, 12 ms
INSERT 0 2377665
Time: 0 hrs, 0 mins, 15 secs, 304 ms
ANALYZE
Time: 0 hrs, 0 mins, 1 secs, 128 ms
END
Time: 0 hrs, 0 mins, 7 secs, 155 ms

Tue Aug 16 06:25:41 EDT 2011

Timing is on.

            750 - LOAD_BN_SESSION_SUMMARY   

BEGIN
Time: 0 hrs, 0 mins, 3 secs, 305 ms
SET
Time: 0 hrs, 0 mins, 0 secs, 13 ms
CREATE TABLE
Time: 0 hrs, 0 mins, 15 secs, 900 ms
TRUNCATE
Time: 0 hrs, 0 mins, 5 secs, 471 ms
INSERT 0 362727
Time: 0 hrs, 0 mins, 6 secs, 310 ms
ANALYZE
Time: 0 hrs, 0 mins, 0 secs, 620 ms
 count(1) 
----------
   362727
(1 row)

Time: 0 hrs, 0 mins, 0 secs, 179 ms
END
Time: 0 hrs, 0 mins, 59 secs, 350 ms

Tue Aug 16 06:27:13 EDT 2011

Timing is on.

           800 - LOAD_BN_HITS

BEGIN
Time: 0 hrs, 0 mins, 7 secs, 504 ms
SET
Time: 0 hrs, 0 mins, 0 secs, 10 ms
SET
Time: 0 hrs, 0 mins, 0 secs, 260 ms
SET
Time: 0 hrs, 0 mins, 0 secs, 22 ms
SET
Time: 0 hrs, 0 mins, 0 secs, 55 ms
TRUNCATE
Time: 0 hrs, 0 mins, 1 secs, 84 ms
INSERT 0 23034064
Time: 0 hrs, 0 mins, 12 secs, 361 ms
 count(1) 
----------
 23034064
(1 row)

Time: 0 hrs, 0 mins, 1 secs, 375 ms
ANALYZE
Time: 0 hrs, 0 mins, 4 secs, 820 ms
END
Time: 0 hrs, 0 mins, 55 secs, 842 ms

Tue Aug 16 06:28:36 EDT 2011

Timing is on.

            900 - LOAD_CLICKSTREAM   

BEGIN
Time: 0 hrs, 0 mins, 3 secs, 936 ms
SET
Time: 0 hrs, 0 mins, 0 secs, 10 ms
TRUNCATE
Time: 0 hrs, 0 mins, 2 secs, 76 ms
INSERT 0 23034064
Time: 0 hrs, 6 mins, 38 secs, 53 ms
 count(1) 
----------
 23034064
(1 row)

Time: 0 hrs, 0 mins, 5 secs, 844 ms
ANALYZE
Time: 0 hrs, 0 mins, 1 secs, 986 ms
END
Time: 0 hrs, 0 mins, 26 secs, 616 ms

Tue Aug 16 06:35:55 EDT 2011

Timing is on.

            1000 - PAGE_VIEW_SUMMARY  

BEGIN
Time: 0 hrs, 0 mins, 2 secs, 198 ms
SET
Time: 0 hrs, 0 mins, 0 secs, 11 ms
SET
Time: 0 hrs, 0 mins, 0 secs, 101 ms
TRUNCATE
Time: 0 hrs, 0 mins, 14 secs, 677 ms
INSERT 0 567473
Time: 0 hrs, 0 mins, 45 secs, 2 ms
 count(1) 
----------
   567473
(1 row)

Time: 0 hrs, 0 mins, 1 secs, 651 ms
ANALYZE
Time: 0 hrs, 0 mins, 0 secs, 459 ms
END
Time: 0 hrs, 0 mins, 41 secs, 519 ms

Tue Aug 16 06:37:41 EDT 2011


2000 - WRAP UP 

Timing is on.
BEGIN
Time: 0 hrs, 0 mins, 5 secs, 747 ms
TRUNCATE
Time: 0 hrs, 0 mins, 10 secs, 380 ms
TRUNCATE
Time: 0 hrs, 0 mins, 5 secs, 1 ms
END
Time: 0 hrs, 0 mins, 51 secs, 673 ms
Tue Aug 16 06:38:54 EDT 2011
Removing lock file and waiting for a minute
Total time taken:  54  minutes.
Running time of run.sh 20110815: 3272 seconds
Checking for lock file /tmp/.iislock
Acquired lock file /tmp/.iislock
deleting simple.htm records - these are just server testing...
DELETE 13
-------------------------------------
Processing for 20110815
-------------------------------------

Wed Aug 17 08:03:07 EDT 2011

Timing is on.

           000 - INIT

BEGIN
Time: 0 hrs, 0 mins, 2 secs, 457 ms
*** Truncating staging tables before workflow starts ***
SET
Time: 0 hrs, 0 mins, 0 secs, 10 ms
GRANT
Time: 0 hrs, 0 mins, 29 secs, 229 ms
END
Time: 0 hrs, 0 mins, 7 secs, 452 ms

Wed Aug 17 08:03:46 EDT 2011

Timing is on.

            200 - LOAD_BN_IISLOGS   

BEGIN
Time: 0 hrs, 0 mins, 1 secs, 819 ms
SET
Time: 0 hrs, 0 mins, 0 secs, 10 ms
TRUNCATE
Time: 0 hrs, 0 mins, 6 secs, 29 ms
INSERT 0 84655762
Time: 0 hrs, 26 mins, 30 secs, 437 ms
END
Time: 0 hrs, 9 mins, 6 secs, 810 ms
ALTER TABLE
Time: 0 hrs, 0 mins, 11 secs, 505 ms

Wed Aug 17 08:39:43 EDT 2011

Timing is on.
BEGIN
Time: 0 hrs, 0 mins, 2 secs, 340 ms
SET
Time: 0 hrs, 0 mins, 0 secs, 8 ms

            250 - LOAD_BN_HITS_SP   

TRUNCATE
Time: 0 hrs, 0 mins, 3 secs, 579 ms
INSERT 0 26562835
Time: 0 hrs, 6 mins, 36 secs, 41 ms
ANALYZE
Time: 0 hrs, 0 mins, 28 secs, 773 ms
END
Time: 0 hrs, 1 mins, 26 secs, 955 ms

Wed Aug 17 08:48:21 EDT 2011

Timing is on.
BEGIN
Time: 0 hrs, 0 mins, 1 secs, 655 ms
SET
Time: 0 hrs, 0 mins, 0 secs, 10 ms

           300 - DYNAMIC FILTER

TRUNCATE
Time: 0 hrs, 0 mins, 4 secs, 50 ms
INSERT 0 22333350
Time: 0 hrs, 3 mins, 2 secs, 476 ms
ANALYZE
Time: 0 hrs, 0 mins, 14 secs, 933 ms
 Total records in web_click_cnt 
--------------------------------
                       22333350
(1 row)

Time: 0 hrs, 0 mins, 11 secs, 369 ms
CREATE TABLE
Time: 0 hrs, 5 mins, 32 secs, 811 ms
ANALYZE
Time: 0 hrs, 0 mins, 0 secs, 320 ms
CREATE TABLE
Time: 0 hrs, 0 mins, 5 secs, 328 ms
ANALYZE
Time: 0 hrs, 0 mins, 0 secs, 569 ms
DELETE 1
Time: 0 hrs, 0 mins, 2 secs, 421 ms
INSERT 0 1
Time: 0 hrs, 0 mins, 3 secs, 963 ms
DELETE 1
Time: 0 hrs, 0 mins, 0 secs, 501 ms
INSERT 0 1
Time: 0 hrs, 0 mins, 3 secs, 365 ms
CREATE TABLE
Time: 0 hrs, 0 mins, 28 secs, 146 ms
ANALYZE
Time: 0 hrs, 0 mins, 0 secs, 894 ms
CREATE TABLE
Time: 0 hrs, 0 mins, 5 secs, 72 ms
ANALYZE
Time: 0 hrs, 0 mins, 2 secs, 87 ms
DELETE 1
Time: 0 hrs, 0 mins, 0 secs, 132 ms
INSERT 0 1
Time: 0 hrs, 0 mins, 1 secs, 848 ms
DELETE 1
Time: 0 hrs, 0 mins, 0 secs, 143 ms
INSERT 0 1
Time: 0 hrs, 0 mins, 3 secs, 857 ms
ANALYZE
Time: 0 hrs, 0 mins, 1 secs, 120 ms
    tablename     |    attr_name    | attr_value 
------------------+-----------------+------------
 BN_FILTER_SPIDER | CLK_USER_SD_MPL | 10
 BN_FILTER_SPIDER | IP_USER_SD_MPL  | 1
 BN_FILTER_SPIDER | IP_USER_RATIO   | .955
 BN_FILTER_SPIDER | CLK_USER_MEAN   | 15.290
 BN_FILTER_SPIDER | CLK_USER_SD     | 144.985
 BN_FILTER_SPIDER | IP_USER_MEAN    | 17.330
 BN_FILTER_SPIDER | IP_USER_SD      | 1677.426
(7 rows)

Time: 0 hrs, 0 mins, 2 secs, 801 ms
CREATE TABLE
Time: 0 hrs, 0 mins, 29 secs, 823 ms
CREATE TABLE
Time: 0 hrs, 0 mins, 3 secs, 484 ms
 l_mean_sd_mpl 
---------------
      1465.140
(1 row)

Time: 0 hrs, 0 mins, 1 secs, 220 ms
TRUNCATE
Time: 0 hrs, 0 mins, 8 secs, 576 ms
INSERT 0 111
Time: 0 hrs, 0 mins, 23 secs, 963 ms
ANALYZE
Time: 0 hrs, 0 mins, 0 secs, 840 ms
 Total click_user bn_spider_ip records 
---------------------------------------
                                   111
(1 row)

Time: 0 hrs, 0 mins, 0 secs, 370 ms
CREATE TABLE
Time: 0 hrs, 0 mins, 9 secs, 102 ms
ANALYZE
Time: 0 hrs, 0 mins, 0 secs, 75 ms
CREATE TABLE
Time: 0 hrs, 0 mins, 12 secs, 367 ms
ANALYZE
Time: 0 hrs, 0 mins, 0 secs, 161 ms
DROP 
Time: 0 hrs, 0 mins, 0 secs, 444 ms
CREATE TABLE
Time: 0 hrs, 0 mins, 7 secs, 378 ms
 l_mean_sd_mpl | l_ratio 
---------------+---------
      1694.756 |   0.955
(1 row)

Time: 0 hrs, 0 mins, 1 secs, 202 ms
INSERT 0 18798863
Time: 0 hrs, 0 mins, 39 secs, 6 ms
ANALYZE
Time: 0 hrs, 0 mins, 0 secs, 871 ms
 Total ip_user_filter bn_spider_ip records 
-------------------------------------------
                                  18798863
(1 row)

Time: 0 hrs, 0 mins, 2 secs, 692 ms
TRUNCATE
Time: 0 hrs, 0 mins, 8 secs, 17 ms
INSERT 0 30338514
Time: 0 hrs, 1 mins, 19 secs, 684 ms
ANALYZE
Time: 0 hrs, 0 mins, 6 secs, 306 ms
 bn_hits_stage 
---------------
      30338514
(1 row)

Time: 0 hrs, 0 mins, 1 secs, 26 ms
INSERT 0 19966517
Time: 0 hrs, 2 mins, 31 secs, 440 ms
ANALYZE
Time: 0 hrs, 0 mins, 36 secs, 314 ms
 bn_hits_sp_20110815 
---------------------
            46529352
(1 row)

Time: 0 hrs, 0 mins, 13 secs, 188 ms
TRUNCATE
Time: 0 hrs, 0 mins, 1 secs, 631 ms
INSERT 0 7787896
Time: 0 hrs, 0 mins, 10 secs, 830 ms
ANALYZE
Time: 0 hrs, 0 mins, 2 secs, 959 ms
 bn_hits_client_20110815 
-------------------------
                 7787896
(1 row)

Time: 0 hrs, 0 mins, 0 secs, 228 ms
END
Time: 0 hrs, 2 mins, 0 secs, 954 ms

Wed Aug 17 09:08:06 EDT 2011

Timing is on.
BEGIN
Time: 0 hrs, 0 mins, 3 secs, 294 ms

           600 - LOAD RESOURCES

SET
Time: 0 hrs, 0 mins, 0 secs, 21 ms
CREATE TABLE
Time: 0 hrs, 6 mins, 56 secs, 353 ms
ANALYZE
Time: 0 hrs, 0 mins, 13 secs, 918 ms
 tmp_a_count 
-------------
      688907
(1 row)

Time: 0 hrs, 0 mins, 4 secs, 869 ms
UPDATE 0
Time: 0 hrs, 0 mins, 16 secs, 69 ms
ANALYZE
Time: 0 hrs, 0 mins, 1 secs, 786 ms
TRUNCATE
Time: 0 hrs, 0 mins, 5 secs, 226 ms
INSERT 0 71827
Time: 0 hrs, 1 mins, 9 secs, 925 ms
ANALYZE
Time: 0 hrs, 0 mins, 2 secs, 334 ms
 first_resource_id | last_resource_id 
-------------------+------------------
          37208477 |         37280303
(1 row)

Time: 0 hrs, 0 mins, 0 secs, 908 ms
INSERT 0 71827
Time: 0 hrs, 0 mins, 6 secs, 760 ms
 total_resources 
-----------------
        37255900
(1 row)

Time: 0 hrs, 0 mins, 27 secs, 82 ms
ANALYZE
Time: 0 hrs, 0 mins, 1 secs, 791 ms
END
Time: 0 hrs, 3 mins, 55 secs, 801 ms
VACUUM
Time: 0 hrs, 6 mins, 34 secs, 594 ms

Wed Aug 17 09:28:06 EDT 2011

Timing is on.

           650 - LOAD_BN_SESSION_STAGE

BEGIN
Time: 0 hrs, 0 mins, 1 secs, 394 ms
SET
Time: 0 hrs, 0 mins, 0 secs, 10 ms
SET
Time: 0 hrs, 0 mins, 0 secs, 231 ms
CREATE TABLE
Time: 0 hrs, 11 mins, 59 secs, 127 ms
ANALYZE
Time: 0 hrs, 0 mins, 34 secs, 167 ms
 tmp_sessionized_stage 
-----------------------
              30338514
(1 row)

Time: 0 hrs, 1 mins, 20 secs, 827 ms
TRUNCATE
Time: 0 hrs, 0 mins, 11 secs, 733 ms
INSERT 0 2991599
Time: 0 hrs, 8 mins, 59 secs, 121 ms
ANALYZE
Time: 0 hrs, 1 mins, 10 secs, 429 ms
CREATE TABLE
Time: 0 hrs, 12 mins, 35 secs, 163 ms
CREATE INDEX
Time: 0 hrs, 0 mins, 8 secs, 318 ms
 tmp_first_last 
----------------
        2991599
(1 row)

Time: 0 hrs, 0 mins, 0 secs, 625 ms
ANALYZE
Time: 0 hrs, 0 mins, 1 secs, 428 ms
SET
Time: 0 hrs, 0 mins, 0 secs, 29 ms
SET
Time: 0 hrs, 0 mins, 0 secs, 27 ms
TRUNCATE
Time: 0 hrs, 0 mins, 13 secs, 162 ms
DROP
Time: 0 hrs, 0 mins, 0 secs, 882 ms
INSERT 0 2991599
Time: 0 hrs, 0 mins, 30 secs, 113 ms
 bn_session_stage 
------------------
          2991599
(1 row)

Time: 0 hrs, 0 mins, 7 secs, 884 ms
CREATE INDEX
Time: 0 hrs, 0 mins, 8 secs, 608 ms
ANALYZE
Time: 0 hrs, 0 mins, 4 secs, 236 ms
TRUNCATE
Time: 0 hrs, 0 mins, 8 secs, 207 ms
END
Time: 0 hrs, 2 mins, 3 secs, 59 ms

Wed Aug 17 10:08:25 EDT 2011

BEGIN

           660 - LOAD_BN_SESSION_UPDATE_STAGE

SET
TRUNCATE
INSERT 0 0
END

Wed Aug 17 10:32:17 EDT 2011

Timing is on.

           670 - LOAD_BN_SESSION_20110815.UPDATES

BEGIN
Time: 0 hrs, 12 mins, 53 secs, 76 ms
SET
Time: 0 hrs, 0 mins, 0 secs, 10 ms
UPDATE 0
Time: 0 hrs, 0 mins, 3 secs, 982 ms
END
Time: 0 hrs, 0 mins, 13 secs, 527 ms
VACUUM
Time: 1 hrs, 36 mins, 39 secs, 143 ms

Wed Aug 17 12:22:07 EDT 2011

Timing is on.

           700 - LOAD_BN_SESSION

BEGIN
Time: 0 hrs, 0 mins, 47 secs, 863 ms
SET
Time: 0 hrs, 0 mins, 0 secs, 24 ms
INSERT 0 2991599
Time: 0 hrs, 27 mins, 22 secs, 1 ms
ANALYZE
Time: 0 hrs, 0 mins, 17 secs, 563 ms
END
Time: 0 hrs, 5 mins, 21 secs, 119 ms

Wed Aug 17 12:55:56 EDT 2011

Timing is on.

            750 - LOAD_BN_SESSION_SUMMARY   

BEGIN
Time: 0 hrs, 11 mins, 26 secs, 184 ms
SET
Time: 0 hrs, 0 mins, 0 secs, 29 ms
CREATE TABLE
Time: 0 hrs, 21 mins, 46 secs, 76 ms
TRUNCATE
Time: 0 hrs, 0 mins, 26 secs, 626 ms
INSERT 0 441487
Time: 0 hrs, 1 mins, 57 secs, 479 ms
ANALYZE
Time: 0 hrs, 0 mins, 3 secs, 985 ms
 count(1) 
----------
   441487
(1 row)

Time: 0 hrs, 0 mins, 3 secs, 232 ms
END
Time: 0 hrs, 4 mins, 35 secs, 698 ms

Wed Aug 17 13:36:15 EDT 2011

Timing is on.

           800 - LOAD_BN_HITS

BEGIN
Time: 0 hrs, 0 mins, 1 secs, 893 ms
SET
Time: 0 hrs, 0 mins, 0 secs, 9 ms
SET
Time: 0 hrs, 0 mins, 0 secs, 53 ms
SET
Time: 0 hrs, 0 mins, 0 secs, 54 ms
SET
Time: 0 hrs, 0 mins, 0 secs, 229 ms
TRUNCATE
Time: 0 hrs, 0 mins, 3 secs, 98 ms
INSERT 0 30338514
Time: 0 hrs, 0 mins, 36 secs, 846 ms
 count(1) 
----------
 30338514
(1 row)

Time: 0 hrs, 0 mins, 13 secs, 645 ms
ANALYZE
Time: 0 hrs, 0 mins, 5 secs, 114 ms
END
Time: 0 hrs, 6 mins, 11 secs, 223 ms

Wed Aug 17 13:43:28 EDT 2011

Timing is on.

            900 - LOAD_CLICKSTREAM   

BEGIN
Time: 0 hrs, 0 mins, 4 secs, 670 ms
SET
Time: 0 hrs, 0 mins, 0 secs, 10 ms
TRUNCATE
Time: 0 hrs, 0 mins, 18 secs, 21 ms
INSERT 0 30338514
Time: 0 hrs, 18 mins, 2 secs, 257 ms
 count(1) 
----------
 30338514
(1 row)

Time: 0 hrs, 0 mins, 10 secs, 572 ms
ANALYZE
Time: 0 hrs, 0 mins, 3 secs, 724 ms
END
Time: 0 hrs, 0 mins, 11 secs, 354 ms

Wed Aug 17 14:02:19 EDT 2011

Timing is on.

            1000 - PAGE_VIEW_SUMMARY  

BEGIN
Time: 0 hrs, 0 mins, 5 secs, 781 ms
SET
Time: 0 hrs, 0 mins, 0 secs, 10 ms
SET
Time: 0 hrs, 0 mins, 0 secs, 19 ms
TRUNCATE
Time: 0 hrs, 0 mins, 0 secs, 835 ms
INSERT 0 704297
Time: 0 hrs, 0 mins, 14 secs, 944 ms
 count(1) 
----------
   704297
(1 row)

Time: 0 hrs, 0 mins, 0 secs, 402 ms
ANALYZE
Time: 0 hrs, 0 mins, 0 secs, 219 ms
END
Time: 0 hrs, 0 mins, 8 secs, 838 ms

Wed Aug 17 14:02:50 EDT 2011


2000 - WRAP UP 

Timing is on.
BEGIN
Time: 0 hrs, 0 mins, 3 secs, 978 ms
TRUNCATE
Time: 0 hrs, 0 mins, 2 secs, 614 ms
TRUNCATE
Time: 0 hrs, 0 mins, 4 secs, 199 ms
END
Time: 0 hrs, 0 mins, 15 secs, 714 ms
Wed Aug 17 14:03:17 EDT 2011
Removing lock file and waiting for a minute
Total time taken:  362  minutes.
Running time of run.sh 20110815: 362 minutes
