Checking for lock file /tmp/.iislock
Acquired lock file /tmp/.iislock
deleting simple.htm records - these are just server testing...
DELETE 6539405
-------------------------------------
Processing for 20111015
-------------------------------------

Sun Oct 16 03:29:17 EDT 2011

Timing is on.

           000 - INIT

BEGIN
Time: 0 hrs, 0 mins, 0 secs, 138 ms
*** Truncating staging tables before workflow starts ***
SET
Time: 0 hrs, 0 mins, 0 secs, 6 ms
GRANT
Time: 0 hrs, 0 mins, 1 secs, 399 ms
END
Time: 0 hrs, 0 mins, 3 secs, 777 ms

Sun Oct 16 03:29:23 EDT 2011

Timing is on.

            200 - LOAD_BN_IISLOGS   

BEGIN
Time: 0 hrs, 0 mins, 1 secs, 514 ms
SET
Time: 0 hrs, 0 mins, 0 secs, 9 ms
TRUNCATE
Time: 0 hrs, 0 mins, 12 secs, 21 ms
INSERT 0 44521711
Time: 0 hrs, 5 mins, 36 secs, 289 ms
END
Time: 0 hrs, 0 mins, 4 secs, 992 ms
ALTER TABLE
Time: 0 hrs, 6 mins, 42 secs, 515 ms

Sun Oct 16 03:42:00 EDT 2011

Timing is on.
BEGIN
Time: 0 hrs, 0 mins, 0 secs, 188 ms
SET
Time: 0 hrs, 0 mins, 0 secs, 6 ms

            250 - LOAD_BN_HITS_SP   

TRUNCATE
Time: 0 hrs, 0 mins, 1 secs, 62 ms
INSERT 0 15835222
Time: 0 hrs, 2 mins, 31 secs, 253 ms
ANALYZE
Time: 0 hrs, 0 mins, 3 secs, 2 ms
END
Time: 0 hrs, 0 mins, 11 secs, 901 ms

Sun Oct 16 03:44:48 EDT 2011

Timing is on.
BEGIN
Time: 0 hrs, 0 mins, 0 secs, 143 ms
SET
Time: 0 hrs, 0 mins, 0 secs, 8 ms

           300 - DYNAMIC FILTER

TRUNCATE
Time: 0 hrs, 0 mins, 0 secs, 654 ms
INSERT 0 14845383
Time: 0 hrs, 0 mins, 1 secs, 977 ms
ANALYZE
Time: 0 hrs, 0 mins, 3 secs, 585 ms
 Total records in web_click_cnt 
--------------------------------
                       14845383
(1 row)

Time: 0 hrs, 0 mins, 1 secs, 6 ms
CREATE TABLE
Time: 0 hrs, 0 mins, 45 secs, 793 ms
ANALYZE
Time: 0 hrs, 0 mins, 0 secs, 181 ms
CREATE TABLE
Time: 0 hrs, 0 mins, 0 secs, 285 ms
ANALYZE
Time: 0 hrs, 0 mins, 0 secs, 46 ms
DELETE 1
Time: 0 hrs, 0 mins, 0 secs, 466 ms
INSERT 0 1
Time: 0 hrs, 0 mins, 0 secs, 504 ms
DELETE 1
Time: 0 hrs, 0 mins, 0 secs, 70 ms
INSERT 0 1
Time: 0 hrs, 0 mins, 0 secs, 155 ms
CREATE TABLE
Time: 0 hrs, 0 mins, 1 secs, 216 ms
ANALYZE
Time: 0 hrs, 0 mins, 0 secs, 33 ms
CREATE TABLE
Time: 0 hrs, 0 mins, 0 secs, 132 ms
ANALYZE
Time: 0 hrs, 0 mins, 0 secs, 43 ms
DELETE 1
Time: 0 hrs, 0 mins, 0 secs, 157 ms
INSERT 0 1
Time: 0 hrs, 0 mins, 0 secs, 713 ms
DELETE 1
Time: 0 hrs, 0 mins, 0 secs, 68 ms
INSERT 0 1
Time: 0 hrs, 0 mins, 0 secs, 252 ms
ANALYZE
Time: 0 hrs, 0 mins, 0 secs, 848 ms
    tablename     |    attr_name    | attr_value 
------------------+-----------------+------------
 BN_FILTER_SPIDER | CLK_USER_SD_MPL | 10
 BN_FILTER_SPIDER | IP_USER_SD_MPL  | 1
 BN_FILTER_SPIDER | IP_USER_RATIO   | .955
 BN_FILTER_SPIDER | CLK_USER_MEAN   | 8.330
 BN_FILTER_SPIDER | CLK_USER_SD     | 40.820
 BN_FILTER_SPIDER | IP_USER_MEAN    | 16.779
 BN_FILTER_SPIDER | IP_USER_SD      | 1264.537
(7 rows)

Time: 0 hrs, 0 mins, 0 secs, 485 ms
CREATE TABLE
Time: 0 hrs, 0 mins, 12 secs, 21 ms
CREATE TABLE
Time: 0 hrs, 0 mins, 1 secs, 66 ms
 l_mean_sd_mpl 
---------------
       416.530
(1 row)

Time: 0 hrs, 0 mins, 0 secs, 471 ms
TRUNCATE
Time: 0 hrs, 0 mins, 2 secs, 7 ms
INSERT 0 336
Time: 0 hrs, 0 mins, 5 secs, 45 ms
ANALYZE
Time: 0 hrs, 0 mins, 2 secs, 123 ms
 Total click_user bn_spider_ip records 
---------------------------------------
                                   336
(1 row)

Time: 0 hrs, 0 mins, 1 secs, 742 ms
CREATE TABLE
Time: 0 hrs, 0 mins, 9 secs, 160 ms
ANALYZE
Time: 0 hrs, 0 mins, 0 secs, 35 ms
CREATE TABLE
Time: 0 hrs, 0 mins, 5 secs, 293 ms
ANALYZE
Time: 0 hrs, 0 mins, 0 secs, 75 ms
DROP 
Time: 0 hrs, 0 mins, 0 secs, 120 ms
CREATE TABLE
Time: 0 hrs, 0 mins, 0 secs, 76 ms
 l_mean_sd_mpl | l_ratio 
---------------+---------
      1281.316 |   0.955
(1 row)

Time: 0 hrs, 0 mins, 0 secs, 541 ms
INSERT 0 12548670
Time: 0 hrs, 0 mins, 20 secs, 973 ms
ANALYZE
Time: 0 hrs, 0 mins, 0 secs, 217 ms
 Total ip_user_filter bn_spider_ip records 
-------------------------------------------
                                  12548670
(1 row)

Time: 0 hrs, 0 mins, 0 secs, 854 ms
TRUNCATE
Time: 0 hrs, 0 mins, 0 secs, 944 ms
INSERT 0 11489242
Time: 0 hrs, 0 mins, 14 secs, 460 ms
ANALYZE
Time: 0 hrs, 0 mins, 5 secs, 6 ms
 bn_hits_stage 
---------------
      11489242
(1 row)

Time: 0 hrs, 0 mins, 0 secs, 115 ms
INSERT 0 13188720
Time: 0 hrs, 0 mins, 48 secs, 789 ms
ANALYZE
Time: 0 hrs, 0 mins, 19 secs, 444 ms
 bn_hits_sp_20111015 
---------------------
            29023942
(1 row)

Time: 0 hrs, 0 mins, 2 secs, 148 ms
TRUNCATE
Time: 0 hrs, 0 mins, 7 secs, 311 ms
INSERT 0 4008527
Time: 0 hrs, 0 mins, 2 secs, 976 ms
ANALYZE
Time: 0 hrs, 0 mins, 4 secs, 340 ms
 bn_hits_client_20111015 
-------------------------
                 4008527
(1 row)

Time: 0 hrs, 0 mins, 2 secs, 652 ms
END
Time: 0 hrs, 0 mins, 24 secs, 70 ms

Sun Oct 16 03:49:01 EDT 2011

Timing is on.
BEGIN
Time: 0 hrs, 0 mins, 2 secs, 662 ms

           600 - LOAD RESOURCES

SET
Time: 0 hrs, 0 mins, 0 secs, 9 ms
CREATE TABLE
Time: 0 hrs, 0 mins, 53 secs, 183 ms
ANALYZE
Time: 0 hrs, 0 mins, 0 secs, 474 ms
 tmp_a_count 
-------------
      342675
(1 row)

Time: 0 hrs, 0 mins, 0 secs, 484 ms
UPDATE 0
Time: 0 hrs, 0 mins, 3 secs, 265 ms
ANALYZE
Time: 0 hrs, 0 mins, 1 secs, 591 ms
TRUNCATE
Time: 0 hrs, 0 mins, 1 secs, 774 ms
INSERT 0 102797
Time: 0 hrs, 0 mins, 28 secs, 112 ms
ANALYZE
Time: 0 hrs, 0 mins, 2 secs, 145 ms
 first_resource_id | last_resource_id 
-------------------+------------------
          49372475 |         49475271
(1 row)

Time: 0 hrs, 0 mins, 4 secs, 230 ms
INSERT 0 102797
Time: 0 hrs, 0 mins, 7 secs, 771 ms
 total_resources 
-----------------
        49450864
(1 row)

Time: 0 hrs, 0 mins, 2 secs, 464 ms
ANALYZE
Time: 0 hrs, 0 mins, 0 secs, 890 ms
END
Time: 0 hrs, 0 mins, 6 secs, 537 ms
VACUUM
Time: 0 hrs, 0 mins, 46 secs, 776 ms

Sun Oct 16 03:51:44 EDT 2011

Timing is on.

           650 - LOAD_BN_SESSION_STAGE

BEGIN
Time: 0 hrs, 0 mins, 2 secs, 648 ms
SET
Time: 0 hrs, 0 mins, 0 secs, 7 ms
SET
Time: 0 hrs, 0 mins, 0 secs, 13 ms
CREATE TABLE
Time: 0 hrs, 4 mins, 34 secs, 222 ms
ANALYZE
Time: 0 hrs, 0 mins, 3 secs, 291 ms
 tmp_sessionized_stage 
-----------------------
              11489242
(1 row)

Time: 0 hrs, 0 mins, 2 secs, 158 ms
TRUNCATE
Time: 0 hrs, 0 mins, 2 secs, 278 ms
INSERT 0 2055315
Time: 0 hrs, 1 mins, 20 secs, 192 ms
ANALYZE
Time: 0 hrs, 0 mins, 4 secs, 332 ms
CREATE TABLE
Time: 0 hrs, 7 mins, 22 secs, 335 ms
CREATE INDEX
Time: 0 hrs, 0 mins, 3 secs, 312 ms
 tmp_first_last 
----------------
        2055315
(1 row)

Time: 0 hrs, 0 mins, 3 secs, 527 ms
ANALYZE
Time: 0 hrs, 0 mins, 1 secs, 62 ms
SET
Time: 0 hrs, 0 mins, 0 secs, 13 ms
SET
Time: 0 hrs, 0 mins, 0 secs, 12 ms
TRUNCATE
Time: 0 hrs, 0 mins, 12 secs, 76 ms
DROP 
Time: 0 hrs, 0 mins, 4 secs, 562 ms
INSERT 0 2055315
Time: 0 hrs, 0 mins, 10 secs, 570 ms
 bn_session_stage 
------------------
          2055315
(1 row)

Time: 0 hrs, 0 mins, 7 secs, 20 ms
CREATE INDEX
Time: 0 hrs, 0 mins, 5 secs, 259 ms
ANALYZE
Time: 0 hrs, 0 mins, 0 secs, 595 ms
TRUNCATE
Time: 0 hrs, 0 mins, 11 secs, 339 ms
END
Time: 0 hrs, 2 mins, 7 secs, 847 ms

Sun Oct 16 04:08:23 EDT 2011

BEGIN

           660 - LOAD_BN_SESSION_UPDATE_STAGE

SET
TRUNCATE
INSERT 0 0
END

Sun Oct 16 04:55:51 EDT 2011

Timing is on.

           670 - LOAD_BN_SESSION_20111015.UPDATES

BEGIN
Time: 0 hrs, 0 mins, 0 secs, 183 ms
SET
Time: 0 hrs, 0 mins, 0 secs, 6 ms
UPDATE 0
Time: 0 hrs, 0 mins, 0 secs, 465 ms
END
Time: 0 hrs, 1 mins, 39 secs, 126 ms
VACUUM
Time: 0 hrs, 0 mins, 20 secs, 716 ms

Sun Oct 16 04:57:51 EDT 2011

Timing is on.

           700 - LOAD_BN_SESSION

BEGIN
Time: 0 hrs, 0 mins, 0 secs, 190 ms
SET
Time: 0 hrs, 0 mins, 0 secs, 7 ms
INSERT 0 2055315
Time: 0 hrs, 5 mins, 19 secs, 245 ms
ANALYZE
Time: 0 hrs, 0 mins, 1 secs, 732 ms
END
Time: 0 hrs, 0 mins, 14 secs, 957 ms

Sun Oct 16 05:03:28 EDT 2011

Timing is on.

            750 - LOAD_BN_SESSION_SUMMARY   

BEGIN
Time: 0 hrs, 0 mins, 8 secs, 322 ms
SET
Time: 0 hrs, 0 mins, 0 secs, 9 ms
CREATE TABLE
Time: 0 hrs, 1 mins, 0 secs, 770 ms
TRUNCATE
Time: 0 hrs, 0 mins, 6 secs, 703 ms
INSERT 0 232975
Time: 0 hrs, 0 mins, 12 secs, 688 ms
ANALYZE
Time: 0 hrs, 0 mins, 0 secs, 858 ms
 count(1) 
----------
   232975
(1 row)

Time: 0 hrs, 0 mins, 0 secs, 382 ms
END
Time: 0 hrs, 0 mins, 42 secs, 14 ms

Sun Oct 16 05:05:40 EDT 2011

Timing is on.

           800 - LOAD_BN_HITS

BEGIN
Time: 0 hrs, 0 mins, 4 secs, 791 ms
SET
Time: 0 hrs, 0 mins, 0 secs, 10 ms
SET
Time: 0 hrs, 0 mins, 0 secs, 215 ms
SET
Time: 0 hrs, 0 mins, 0 secs, 12 ms
SET
Time: 0 hrs, 0 mins, 0 secs, 11 ms
TRUNCATE
Time: 0 hrs, 0 mins, 8 secs, 921 ms
INSERT 0 11489242
Time: 0 hrs, 0 mins, 21 secs, 129 ms
 count(1) 
----------
 11489242
(1 row)

Time: 0 hrs, 1 mins, 7 secs, 443 ms
ANALYZE
Time: 0 hrs, 0 mins, 7 secs, 152 ms
END
Time: 0 hrs, 0 mins, 43 secs, 452 ms

Sun Oct 16 05:08:13 EDT 2011

Timing is on.

            900 - LOAD_CLICKSTREAM   

BEGIN
Time: 0 hrs, 0 mins, 6 secs, 543 ms
SET
Time: 0 hrs, 0 mins, 0 secs, 6 ms
TRUNCATE
Time: 0 hrs, 0 mins, 9 secs, 155 ms
INSERT 0 11489242
Time: 0 hrs, 4 mins, 7 secs, 102 ms
 count(1) 
----------
 11489242
(1 row)

Time: 0 hrs, 0 mins, 3 secs, 960 ms
ANALYZE
Time: 0 hrs, 0 mins, 3 secs, 731 ms
END
Time: 0 hrs, 2 mins, 32 secs, 286 ms

Sun Oct 16 05:15:16 EDT 2011

Timing is on.

            1000 - PAGE_VIEW_SUMMARY  

BEGIN
Time: 0 hrs, 0 mins, 0 secs, 130 ms
SET
Time: 0 hrs, 0 mins, 0 secs, 6 ms
SET
Time: 0 hrs, 0 mins, 0 secs, 373 ms
TRUNCATE
Time: 0 hrs, 0 mins, 2 secs, 316 ms
INSERT 0 351576
Time: 0 hrs, 3 mins, 10 secs, 228 ms
 count(1) 
----------
   351576
(1 row)

Time: 0 hrs, 0 mins, 5 secs, 828 ms
ANALYZE
Time: 0 hrs, 0 mins, 10 secs, 910 ms
END
Time: 0 hrs, 2 mins, 21 secs, 94 ms

Sun Oct 16 05:21:08 EDT 2011


2000 - WRAP UP 

Timing is on.
BEGIN
Time: 0 hrs, 0 mins, 3 secs, 175 ms
TRUNCATE
Time: 0 hrs, 0 mins, 1 secs, 669 ms
TRUNCATE
Time: 0 hrs, 0 mins, 2 secs, 112 ms
END
Time: 0 hrs, 0 mins, 15 secs, 66 ms
Sun Oct 16 05:21:30 EDT 2011
Removing lock file and waiting for a minute
Total time taken:  114  minutes.
Running time of run.sh 20111015: 6849 seconds
Checking for lock file /tmp/.iislock
Acquired lock file /tmp/.iislock
deleting simple.htm records - these are just server testing...
DELETE 14
-------------------------------------
Processing for 20111015
-------------------------------------

Mon Oct 17 08:24:35 EDT 2011

Timing is on.

           000 - INIT

BEGIN
Time: 0 hrs, 0 mins, 0 secs, 131 ms
*** Truncating staging tables before workflow starts ***
SET
Time: 0 hrs, 0 mins, 0 secs, 6 ms
GRANT
Time: 0 hrs, 0 mins, 26 secs, 312 ms
END
Time: 0 hrs, 0 mins, 15 secs, 414 ms

Mon Oct 17 08:25:18 EDT 2011

Timing is on.

            200 - LOAD_BN_IISLOGS   

BEGIN
Time: 0 hrs, 0 mins, 0 secs, 147 ms
SET
Time: 0 hrs, 0 mins, 0 secs, 7 ms
TRUNCATE
Time: 0 hrs, 0 mins, 1 secs, 553 ms
INSERT 0 58468339
Time: 0 hrs, 12 mins, 12 secs, 135 ms
END
Time: 0 hrs, 0 mins, 38 secs, 638 ms
ALTER TABLE
Time: 0 hrs, 2 mins, 8 secs, 755 ms

Mon Oct 17 08:40:19 EDT 2011

Timing is on.
BEGIN
Time: 0 hrs, 0 mins, 2 secs, 989 ms
SET
Time: 0 hrs, 0 mins, 0 secs, 9 ms

            250 - LOAD_BN_HITS_SP   

TRUNCATE
Time: 0 hrs, 0 mins, 8 secs, 342 ms
INSERT 0 20286695
Time: 0 hrs, 6 mins, 23 secs, 228 ms
ANALYZE
Time: 0 hrs, 0 mins, 10 secs, 151 ms
END
Time: 0 hrs, 1 mins, 7 secs, 92 ms

Mon Oct 17 08:48:11 EDT 2011

Timing is on.
BEGIN
Time: 0 hrs, 0 mins, 1 secs, 584 ms
SET
Time: 0 hrs, 0 mins, 0 secs, 6 ms

           300 - DYNAMIC FILTER

TRUNCATE
Time: 0 hrs, 0 mins, 7 secs, 172 ms
INSERT 0 18803904
Time: 0 hrs, 0 mins, 14 secs, 151 ms
ANALYZE
Time: 0 hrs, 0 mins, 1 secs, 983 ms
 Total records in web_click_cnt 
--------------------------------
                       18803904
(1 row)

Time: 0 hrs, 0 mins, 10 secs, 765 ms
CREATE TABLE
Time: 0 hrs, 0 mins, 33 secs, 253 ms
ANALYZE
Time: 0 hrs, 0 mins, 2 secs, 370 ms
CREATE TABLE
Time: 0 hrs, 0 mins, 2 secs, 935 ms
ANALYZE
Time: 0 hrs, 0 mins, 0 secs, 46 ms
DELETE 1
Time: 0 hrs, 0 mins, 7 secs, 699 ms
INSERT 0 1
Time: 0 hrs, 0 mins, 7 secs, 515 ms
DELETE 1
Time: 0 hrs, 0 mins, 0 secs, 451 ms
INSERT 0 1
Time: 0 hrs, 0 mins, 1 secs, 633 ms
CREATE TABLE
Time: 0 hrs, 0 mins, 16 secs, 543 ms
ANALYZE
Time: 0 hrs, 0 mins, 0 secs, 70 ms
CREATE TABLE
Time: 0 hrs, 0 mins, 2 secs, 353 ms
ANALYZE
Time: 0 hrs, 0 mins, 0 secs, 45 ms
DELETE 1
Time: 0 hrs, 0 mins, 0 secs, 402 ms
INSERT 0 1
Time: 0 hrs, 0 mins, 1 secs, 707 ms
DELETE 1
Time: 0 hrs, 0 mins, 0 secs, 117 ms
INSERT 0 1
Time: 0 hrs, 0 mins, 5 secs, 413 ms
ANALYZE
Time: 0 hrs, 0 mins, 1 secs, 36 ms
    tablename     |    attr_name    | attr_value 
------------------+-----------------+------------
 BN_FILTER_SPIDER | CLK_USER_SD_MPL | 10
 BN_FILTER_SPIDER | IP_USER_SD_MPL  | 1
 BN_FILTER_SPIDER | IP_USER_RATIO   | .955
 BN_FILTER_SPIDER | CLK_USER_MEAN   | 9.019
 BN_FILTER_SPIDER | CLK_USER_SD     | 120.062
 BN_FILTER_SPIDER | IP_USER_MEAN    | 16.965
 BN_FILTER_SPIDER | IP_USER_SD      | 1428.747
(7 rows)

Time: 0 hrs, 0 mins, 1 secs, 573 ms
CREATE TABLE
Time: 0 hrs, 0 mins, 19 secs, 863 ms
CREATE TABLE
Time: 0 hrs, 0 mins, 3 secs, 135 ms
 l_mean_sd_mpl 
---------------
      1209.639
(1 row)

Time: 0 hrs, 0 mins, 2 secs, 437 ms
TRUNCATE
Time: 0 hrs, 0 mins, 9 secs, 835 ms
INSERT 0 129
Time: 0 hrs, 0 mins, 30 secs, 31 ms
ANALYZE
Time: 0 hrs, 0 mins, 2 secs, 444 ms
 Total click_user bn_spider_ip records 
---------------------------------------
                                   129
(1 row)

Time: 0 hrs, 0 mins, 1 secs, 381 ms
CREATE TABLE
Time: 0 hrs, 0 mins, 13 secs, 753 ms
ANALYZE
Time: 0 hrs, 0 mins, 0 secs, 29 ms
CREATE TABLE
Time: 0 hrs, 0 mins, 18 secs, 960 ms
ANALYZE
Time: 0 hrs, 0 mins, 0 secs, 481 ms
DROP 
Time: 0 hrs, 0 mins, 0 secs, 72 ms
CREATE TABLE
Time: 0 hrs, 0 mins, 2 secs, 988 ms
 l_mean_sd_mpl | l_ratio 
---------------+---------
      1445.712 |   0.955
(1 row)

Time: 0 hrs, 0 mins, 0 secs, 621 ms
INSERT 0 15931025
Time: 0 hrs, 0 mins, 8 secs, 960 ms
ANALYZE
Time: 0 hrs, 0 mins, 0 secs, 522 ms
 Total ip_user_filter bn_spider_ip records 
-------------------------------------------
                                  15931025
(1 row)

Time: 0 hrs, 0 mins, 1 secs, 764 ms
TRUNCATE
Time: 0 hrs, 0 mins, 11 secs, 463 ms
INSERT 0 15555269
Time: 0 hrs, 0 mins, 34 secs, 131 ms
ANALYZE
Time: 0 hrs, 0 mins, 6 secs, 479 ms
 bn_hits_stage 
---------------
      15555269
(1 row)

Time: 0 hrs, 0 mins, 0 secs, 277 ms
INSERT 0 16689560
Time: 0 hrs, 0 mins, 46 secs, 760 ms
ANALYZE
Time: 0 hrs, 0 mins, 34 secs, 853 ms
 bn_hits_sp_20111015 
---------------------
            36976255
(1 row)

Time: 0 hrs, 0 mins, 22 secs, 359 ms
TRUNCATE
Time: 0 hrs, 0 mins, 8 secs, 424 ms
INSERT 0 5936815
Time: 0 hrs, 0 mins, 4 secs, 133 ms
ANALYZE
Time: 0 hrs, 0 mins, 4 secs, 469 ms
 bn_hits_client_20111015 
-------------------------
                 5936815
(1 row)

Time: 0 hrs, 0 mins, 1 secs, 369 ms
END
Time: 0 hrs, 1 mins, 32 secs, 48 ms

Mon Oct 17 08:56:36 EDT 2011

Timing is on.
BEGIN
Time: 0 hrs, 0 mins, 3 secs, 675 ms

           600 - LOAD RESOURCES

SET
Time: 0 hrs, 0 mins, 0 secs, 7 ms
CREATE TABLE
Time: 0 hrs, 0 mins, 54 secs, 482 ms
ANALYZE
Time: 0 hrs, 0 mins, 1 secs, 984 ms
 tmp_a_count 
-------------
      435845
(1 row)

Time: 0 hrs, 0 mins, 3 secs, 703 ms
UPDATE 0
Time: 0 hrs, 0 mins, 6 secs, 749 ms
ANALYZE
Time: 0 hrs, 0 mins, 2 secs, 152 ms
TRUNCATE
Time: 0 hrs, 0 mins, 16 secs, 503 ms
INSERT 0 36244
Time: 0 hrs, 0 mins, 44 secs, 696 ms
ANALYZE
Time: 0 hrs, 0 mins, 5 secs, 753 ms
 first_resource_id | last_resource_id 
-------------------+------------------
          49620977 |         49657220
(1 row)

Time: 0 hrs, 0 mins, 1 secs, 715 ms
INSERT 0 36244
Time: 0 hrs, 0 mins, 20 secs, 439 ms
 total_resources 
-----------------
        49632813
(1 row)

Time: 0 hrs, 0 mins, 0 secs, 917 ms
ANALYZE
Time: 0 hrs, 0 mins, 0 secs, 512 ms
END
Time: 0 hrs, 1 mins, 41 secs, 990 ms
VACUUM
Time: 0 hrs, 1 mins, 23 secs, 795 ms

Mon Oct 17 09:02:25 EDT 2011

Timing is on.

           650 - LOAD_BN_SESSION_STAGE

BEGIN
Time: 0 hrs, 0 mins, 11 secs, 451 ms
SET
Time: 0 hrs, 0 mins, 0 secs, 10 ms
SET
Time: 0 hrs, 0 mins, 0 secs, 30 ms
CREATE TABLE
Time: 0 hrs, 1 mins, 41 secs, 527 ms
ANALYZE
Time: 0 hrs, 0 mins, 7 secs, 776 ms
 tmp_sessionized_stage 
-----------------------
              15555269
(1 row)

Time: 0 hrs, 0 mins, 4 secs, 866 ms
TRUNCATE
Time: 0 hrs, 0 mins, 1 secs, 991 ms
INSERT 0 2587525
Time: 0 hrs, 1 mins, 34 secs, 80 ms
ANALYZE
Time: 0 hrs, 0 mins, 11 secs, 38 ms
CREATE TABLE
Time: 0 hrs, 4 mins, 35 secs, 598 ms
CREATE INDEX
Time: 0 hrs, 0 mins, 3 secs, 369 ms
 tmp_first_last 
----------------
        2587525
(1 row)

Time: 0 hrs, 0 mins, 0 secs, 859 ms
ANALYZE
Time: 0 hrs, 0 mins, 0 secs, 823 ms
SET
Time: 0 hrs, 0 mins, 0 secs, 12 ms
SET
Time: 0 hrs, 0 mins, 0 secs, 12 ms
TRUNCATE
Time: 0 hrs, 0 mins, 18 secs, 775 ms
DROP 
Time: 0 hrs, 0 mins, 5 secs, 402 ms
INSERT 0 2587525
Time: 0 hrs, 0 mins, 9 secs, 78 ms
 bn_session_stage 
------------------
          2587525
(1 row)

Time: 0 hrs, 0 mins, 7 secs, 390 ms
CREATE INDEX
Time: 0 hrs, 0 mins, 1 secs, 260 ms
ANALYZE
Time: 0 hrs, 0 mins, 1 secs, 29 ms
TRUNCATE
Time: 0 hrs, 0 mins, 3 secs, 906 ms
END
Time: 0 hrs, 0 mins, 19 secs, 48 ms

Mon Oct 17 09:12:05 EDT 2011

BEGIN

           660 - LOAD_BN_SESSION_UPDATE_STAGE

SET
TRUNCATE
INSERT 0 0
END

Mon Oct 17 09:12:26 EDT 2011

Timing is on.

           670 - LOAD_BN_SESSION_20111015.UPDATES

BEGIN
Time: 0 hrs, 0 mins, 2 secs, 919 ms
SET
Time: 0 hrs, 0 mins, 0 secs, 7 ms
UPDATE 0
Time: 0 hrs, 0 mins, 0 secs, 184 ms
END
Time: 0 hrs, 0 mins, 13 secs, 827 ms
VACUUM
Time: 0 hrs, 0 mins, 5 secs, 522 ms

Mon Oct 17 09:12:49 EDT 2011

Timing is on.

           700 - LOAD_BN_SESSION

BEGIN
Time: 0 hrs, 0 mins, 3 secs, 588 ms
SET
Time: 0 hrs, 0 mins, 0 secs, 8 ms
INSERT 0 2587525
Time: 0 hrs, 4 mins, 13 secs, 280 ms
ANALYZE
Time: 0 hrs, 0 mins, 3 secs, 284 ms
END
Time: 0 hrs, 0 mins, 25 secs, 704 ms

Mon Oct 17 09:17:35 EDT 2011

Timing is on.

            750 - LOAD_BN_SESSION_SUMMARY   

BEGIN
Time: 0 hrs, 0 mins, 2 secs, 31 ms
SET
Time: 0 hrs, 0 mins, 0 secs, 6 ms
CREATE TABLE
Time: 0 hrs, 0 mins, 23 secs, 755 ms
TRUNCATE
Time: 0 hrs, 3 mins, 48 secs, 138 ms
INSERT 0 265811
Time: 0 hrs, 0 mins, 10 secs, 670 ms
ANALYZE
Time: 0 hrs, 0 mins, 0 secs, 693 ms
 count(1) 
----------
   265811
(1 row)

Time: 0 hrs, 0 mins, 0 secs, 104 ms
END
Time: 0 hrs, 0 mins, 11 secs, 692 ms

Mon Oct 17 09:22:13 EDT 2011

Timing is on.

           800 - LOAD_BN_HITS

BEGIN
Time: 0 hrs, 0 mins, 0 secs, 139 ms
SET
Time: 0 hrs, 0 mins, 0 secs, 6 ms
SET
Time: 0 hrs, 0 mins, 0 secs, 13 ms
SET
Time: 0 hrs, 0 mins, 0 secs, 11 ms
SET
Time: 0 hrs, 0 mins, 0 secs, 11 ms
TRUNCATE
Time: 0 hrs, 0 mins, 6 secs, 144 ms
INSERT 0 15555269
Time: 0 hrs, 0 mins, 10 secs, 678 ms
 count(1) 
----------
 15555269
(1 row)

Time: 0 hrs, 0 mins, 3 secs, 970 ms
ANALYZE
Time: 0 hrs, 0 mins, 4 secs, 563 ms
END
Time: 0 hrs, 0 mins, 23 secs, 23 ms

Mon Oct 17 09:23:01 EDT 2011

Timing is on.

            900 - LOAD_CLICKSTREAM   

BEGIN
Time: 0 hrs, 0 mins, 3 secs, 641 ms
SET
Time: 0 hrs, 0 mins, 0 secs, 11 ms
TRUNCATE
Time: 0 hrs, 0 mins, 3 secs, 582 ms
INSERT 0 15555269
Time: 0 hrs, 1 mins, 52 secs, 757 ms
 count(1) 
----------
 15555269
(1 row)

Time: 0 hrs, 0 mins, 3 secs, 104 ms
ANALYZE
Time: 0 hrs, 0 mins, 2 secs, 449 ms
END
Time: 0 hrs, 0 mins, 28 secs, 295 ms

Mon Oct 17 09:25:35 EDT 2011

Timing is on.

            1000 - PAGE_VIEW_SUMMARY  

BEGIN
Time: 0 hrs, 0 mins, 1 secs, 40 ms
SET
Time: 0 hrs, 0 mins, 0 secs, 6 ms
SET
Time: 0 hrs, 0 mins, 0 secs, 11 ms
TRUNCATE
Time: 0 hrs, 0 mins, 6 secs, 20 ms
INSERT 0 447251
Time: 0 hrs, 0 mins, 35 secs, 233 ms
 count(1) 
----------
   447251
(1 row)

Time: 0 hrs, 0 mins, 0 secs, 644 ms
ANALYZE
Time: 0 hrs, 0 mins, 0 secs, 61 ms
END
Time: 0 hrs, 0 mins, 9 secs, 715 ms

Mon Oct 17 09:26:28 EDT 2011


2000 - WRAP UP 

Timing is on.
BEGIN
Time: 0 hrs, 0 mins, 2 secs, 760 ms
TRUNCATE
Time: 0 hrs, 0 mins, 0 secs, 232 ms
TRUNCATE
Time: 0 hrs, 0 mins, 0 secs, 924 ms
END
Time: 0 hrs, 0 mins, 16 secs, 379 ms
Mon Oct 17 09:26:49 EDT 2011
Removing lock file and waiting for a minute
Total time taken:  63  minutes.
Running time of run.sh 20111015: 63 minutes
