Checking for lock file /tmp/.iislock
Acquired lock file /tmp/.iislock
-------------------------------------
Processing for 20110509
-------------------------------------

Tue May 10 05:39:14 EDT 2011

Timing is on.

           000 - INIT

BEGIN
Time: 0 hrs, 0 mins, 0 secs, 713 ms
*** Truncating staging tables before workflow starts ***
SET
Time: 0 hrs, 0 mins, 0 secs, 12 ms
GRANT
Time: 0 hrs, 0 mins, 2 secs, 345 ms
END
Time: 0 hrs, 0 mins, 2 secs, 294 ms

Tue May 10 05:39:20 EDT 2011

Timing is on.

            200 - LOAD_BN_IISLOGS   

BEGIN
Time: 0 hrs, 0 mins, 0 secs, 676 ms
SET
Time: 0 hrs, 0 mins, 0 secs, 10 ms
TRUNCATE
Time: 0 hrs, 0 mins, 0 secs, 875 ms
INSERT 0 52466918
Time: 0 hrs, 7 mins, 56 secs, 707 ms
END
Time: 0 hrs, 0 mins, 4 secs, 971 ms
ALTER TABLE
Time: 0 hrs, 8 mins, 11 secs, 306 ms

Tue May 10 05:55:35 EDT 2011

Timing is on.
BEGIN
Time: 0 hrs, 0 mins, 0 secs, 771 ms
SET
Time: 0 hrs, 0 mins, 0 secs, 11 ms

            250 - LOAD_BN_HITS_SP   

TRUNCATE
Time: 0 hrs, 0 mins, 1 secs, 420 ms
INSERT 0 14856928
Time: 0 hrs, 2 mins, 44 secs, 352 ms
ANALYZE
Time: 0 hrs, 0 mins, 3 secs, 296 ms
END
Time: 0 hrs, 0 mins, 18 secs, 826 ms

Tue May 10 05:58:44 EDT 2011

Timing is on.
BEGIN
Time: 0 hrs, 0 mins, 0 secs, 809 ms
SET
Time: 0 hrs, 0 mins, 0 secs, 10 ms

           300 - DYNAMIC FILTER

TRUNCATE
Time: 0 hrs, 0 mins, 1 secs, 4 ms
INSERT 0 11717451
Time: 0 hrs, 0 mins, 2 secs, 931 ms
ANALYZE
Time: 0 hrs, 0 mins, 0 secs, 412 ms
 Total records in web_click_cnt 
--------------------------------
                       11717451
(1 row)

Time: 0 hrs, 0 mins, 0 secs, 366 ms
CREATE TABLE
Time: 0 hrs, 0 mins, 2 secs, 664 ms
ANALYZE
Time: 0 hrs, 0 mins, 0 secs, 92 ms
CREATE TABLE
Time: 0 hrs, 0 mins, 0 secs, 278 ms
ANALYZE
Time: 0 hrs, 0 mins, 0 secs, 89 ms
DELETE 1
Time: 0 hrs, 0 mins, 0 secs, 863 ms
INSERT 0 1
Time: 0 hrs, 0 mins, 0 secs, 315 ms
DELETE 1
Time: 0 hrs, 0 mins, 0 secs, 101 ms
INSERT 0 1
Time: 0 hrs, 0 mins, 0 secs, 292 ms
CREATE TABLE
Time: 0 hrs, 0 mins, 1 secs, 405 ms
ANALYZE
Time: 0 hrs, 0 mins, 0 secs, 97 ms
CREATE TABLE
Time: 0 hrs, 0 mins, 0 secs, 384 ms
ANALYZE
Time: 0 hrs, 0 mins, 0 secs, 81 ms
DELETE 1
Time: 0 hrs, 0 mins, 0 secs, 146 ms
INSERT 0 1
Time: 0 hrs, 0 mins, 0 secs, 306 ms
DELETE 1
Time: 0 hrs, 0 mins, 0 secs, 107 ms
INSERT 0 1
Time: 0 hrs, 0 mins, 0 secs, 375 ms
ANALYZE
Time: 0 hrs, 0 mins, 0 secs, 69 ms
    tablename     |    attr_name    | attr_value 
------------------+-----------------+------------
 BN_FILTER_SPIDER | CLK_USER_SD_MPL | 10
 BN_FILTER_SPIDER | IP_USER_SD_MPL  | 1
 BN_FILTER_SPIDER | IP_USER_RATIO   | .955
 BN_FILTER_SPIDER | CLK_USER_MEAN   | 17.898
 BN_FILTER_SPIDER | CLK_USER_SD     | 343.491
 BN_FILTER_SPIDER | IP_USER_MEAN    | 17.975
 BN_FILTER_SPIDER | IP_USER_SD      | 2374.723
(7 rows)

Time: 0 hrs, 0 mins, 0 secs, 98 ms
CREATE TABLE
Time: 0 hrs, 0 mins, 4 secs, 860 ms
CREATE TABLE
Time: 0 hrs, 0 mins, 1 secs, 422 ms
 l_mean_sd_mpl 
---------------
      3452.808
(1 row)

Time: 0 hrs, 0 mins, 0 secs, 195 ms
TRUNCATE
Time: 0 hrs, 0 mins, 0 secs, 656 ms
INSERT 0 40
Time: 0 hrs, 0 mins, 4 secs, 261 ms
ANALYZE
Time: 0 hrs, 0 mins, 0 secs, 233 ms
 Total click_user bn_spider_ip records 
---------------------------------------
                                    40
(1 row)

Time: 0 hrs, 0 mins, 0 secs, 747 ms
CREATE TABLE
Time: 0 hrs, 0 mins, 1 secs, 243 ms
ANALYZE
Time: 0 hrs, 0 mins, 0 secs, 47 ms
CREATE TABLE
Time: 0 hrs, 0 mins, 1 secs, 649 ms
ANALYZE
Time: 0 hrs, 0 mins, 0 secs, 77 ms
DROP 
Time: 0 hrs, 0 mins, 0 secs, 147 ms
CREATE TABLE
Time: 0 hrs, 0 mins, 0 secs, 500 ms
 l_mean_sd_mpl | l_ratio 
---------------+---------
      2392.698 |   0.955
(1 row)

Time: 0 hrs, 0 mins, 0 secs, 285 ms
INSERT 0 8273022
Time: 0 hrs, 0 mins, 5 secs, 334 ms
ANALYZE
Time: 0 hrs, 0 mins, 0 secs, 321 ms
 Total ip_user_filter bn_spider_ip records 
-------------------------------------------
                                   8273022
(1 row)

Time: 0 hrs, 0 mins, 0 secs, 373 ms
TRUNCATE
Time: 0 hrs, 0 mins, 0 secs, 661 ms
INSERT 0 22579116
Time: 0 hrs, 0 mins, 20 secs, 166 ms
ANALYZE
Time: 0 hrs, 0 mins, 4 secs, 210 ms
 bn_hits_stage 
---------------
      22579116
(1 row)

Time: 0 hrs, 0 mins, 0 secs, 760 ms
INSERT 0 9511149
Time: 0 hrs, 1 mins, 3 secs, 853 ms
ANALYZE
Time: 0 hrs, 0 mins, 7 secs, 790 ms
 bn_hits_sp_20110509 
---------------------
            24368077
(1 row)

Time: 0 hrs, 0 mins, 4 secs, 813 ms
TRUNCATE
Time: 0 hrs, 0 mins, 1 secs, 726 ms
INSERT 0 5519725
Time: 0 hrs, 0 mins, 8 secs, 252 ms
ANALYZE
Time: 0 hrs, 0 mins, 4 secs, 587 ms
 bn_hits_client_20110509 
-------------------------
                 5519725
(1 row)

Time: 0 hrs, 0 mins, 0 secs, 133 ms
END
Time: 0 hrs, 1 mins, 2 secs, 861 ms

Tue May 10 06:02:19 EDT 2011

Timing is on.
BEGIN
Time: 0 hrs, 0 mins, 1 secs, 665 ms

           600 - LOAD RESOURCES

SET
Time: 0 hrs, 0 mins, 0 secs, 10 ms
CREATE TABLE
Time: 0 hrs, 0 mins, 14 secs, 580 ms
ANALYZE
Time: 0 hrs, 0 mins, 0 secs, 686 ms
 tmp_a_count 
-------------
       32150
(1 row)

Time: 0 hrs, 0 mins, 0 secs, 290 ms
UPDATE 0
Time: 0 hrs, 0 mins, 1 secs, 997 ms
ANALYZE
Time: 0 hrs, 0 mins, 0 secs, 872 ms
TRUNCATE
Time: 0 hrs, 0 mins, 1 secs, 763 ms
INSERT 0 4438
Time: 0 hrs, 0 mins, 10 secs, 824 ms
ANALYZE
Time: 0 hrs, 0 mins, 1 secs, 33 ms
 first_resource_id | last_resource_id 
-------------------+------------------
          13460107 |         13464544
(1 row)

Time: 0 hrs, 0 mins, 0 secs, 174 ms
INSERT 0 4438
Time: 0 hrs, 0 mins, 2 secs, 88 ms
 total_resources 
-----------------
        13440149
(1 row)

Time: 0 hrs, 0 mins, 0 secs, 334 ms
ANALYZE
Time: 0 hrs, 0 mins, 0 secs, 722 ms
END
Time: 0 hrs, 2 mins, 4 secs, 583 ms
VACUUM
Time: 0 hrs, 1 mins, 41 secs, 846 ms

Tue May 10 06:06:43 EDT 2011

Timing is on.

           650 - LOAD_BN_SESSION_STAGE

BEGIN
Time: 0 hrs, 0 mins, 2 secs, 229 ms
SET
Time: 0 hrs, 0 mins, 0 secs, 16 ms
SET
Time: 0 hrs, 0 mins, 0 secs, 20 ms
CREATE TABLE
Time: 0 hrs, 0 mins, 48 secs, 403 ms
ANALYZE
Time: 0 hrs, 0 mins, 3 secs, 731 ms
 tmp_sessionized_stage 
-----------------------
              22579116
(1 row)

Time: 0 hrs, 0 mins, 0 secs, 485 ms
TRUNCATE
Time: 0 hrs, 0 mins, 3 secs, 265 ms
INSERT 0 2936301
Time: 0 hrs, 0 mins, 45 secs, 212 ms
ANALYZE
Time: 0 hrs, 0 mins, 0 secs, 693 ms
CREATE TABLE
Time: 0 hrs, 1 mins, 13 secs, 369 ms
CREATE INDEX
Time: 0 hrs, 0 mins, 0 secs, 363 ms
 tmp_first_last 
----------------
        2936301
(1 row)

Time: 0 hrs, 0 mins, 0 secs, 298 ms
ANALYZE
Time: 0 hrs, 0 mins, 1 secs, 951 ms
SET
Time: 0 hrs, 0 mins, 0 secs, 54 ms
SET
Time: 0 hrs, 0 mins, 0 secs, 50 ms
TRUNCATE
Time: 0 hrs, 0 mins, 3 secs, 123 ms
DROP
Time: 0 hrs, 0 mins, 0 secs, 365 ms
INSERT 0 2936301
Time: 0 hrs, 0 mins, 8 secs, 269 ms
 bn_session_stage 
------------------
          2936301
(1 row)

Time: 0 hrs, 0 mins, 1 secs, 263 ms
CREATE INDEX
Time: 0 hrs, 0 mins, 1 secs, 345 ms
ANALYZE
Time: 0 hrs, 0 mins, 1 secs, 788 ms
TRUNCATE
Time: 0 hrs, 0 mins, 1 secs, 555 ms
END
Time: 0 hrs, 0 mins, 6 secs, 796 ms

Tue May 10 06:10:08 EDT 2011

BEGIN

           660 - LOAD_BN_SESSION_UPDATE_STAGE

SET
TRUNCATE
INSERT 0 0
END

Tue May 10 06:10:28 EDT 2011

Timing is on.

           670 - LOAD_BN_SESSION_20110509.UPDATES

BEGIN
Time: 0 hrs, 0 mins, 0 secs, 942 ms
SET
Time: 0 hrs, 0 mins, 0 secs, 11 ms
UPDATE 0
Time: 0 hrs, 0 mins, 0 secs, 315 ms
END
Time: 0 hrs, 0 mins, 15 secs, 138 ms
VACUUM
Time: 0 hrs, 0 mins, 25 secs, 290 ms

Tue May 10 06:11:10 EDT 2011

Timing is on.

           700 - LOAD_BN_SESSION

BEGIN
Time: 0 hrs, 0 mins, 0 secs, 790 ms
SET
Time: 0 hrs, 0 mins, 0 secs, 10 ms
INSERT 0 2936301
Time: 0 hrs, 0 mins, 6 secs, 594 ms
ANALYZE
Time: 0 hrs, 0 mins, 1 secs, 250 ms
END
Time: 0 hrs, 0 mins, 14 secs, 667 ms

Tue May 10 06:11:34 EDT 2011

Timing is on.

            750 - LOAD_BN_SESSION_SUMMARY   

BEGIN
Time: 0 hrs, 0 mins, 0 secs, 788 ms
SET
Time: 0 hrs, 0 mins, 0 secs, 10 ms
CREATE TABLE
Time: 0 hrs, 0 mins, 6 secs, 805 ms
TRUNCATE
Time: 0 hrs, 0 mins, 0 secs, 849 ms
INSERT 0 165680
Time: 0 hrs, 0 mins, 4 secs, 249 ms
ANALYZE
Time: 0 hrs, 0 mins, 0 secs, 654 ms
 count(1) 
----------
   165680
(1 row)

Time: 0 hrs, 0 mins, 1 secs, 364 ms
END
Time: 0 hrs, 0 mins, 11 secs, 641 ms

Tue May 10 06:12:00 EDT 2011

Timing is on.

           800 - LOAD_BN_HITS

BEGIN
Time: 0 hrs, 0 mins, 0 secs, 733 ms
SET
Time: 0 hrs, 0 mins, 0 secs, 12 ms
SET
Time: 0 hrs, 0 mins, 0 secs, 18 ms
SET
Time: 0 hrs, 0 mins, 0 secs, 18 ms
SET
Time: 0 hrs, 0 mins, 0 secs, 18 ms
TRUNCATE
Time: 0 hrs, 0 mins, 1 secs, 28 ms
INSERT 0 22579116
Time: 0 hrs, 0 mins, 8 secs, 752 ms
 count(1) 
----------
 22579116
(1 row)

Time: 0 hrs, 0 mins, 1 secs, 8 ms
ANALYZE
Time: 0 hrs, 0 mins, 3 secs, 257 ms
END
Time: 0 hrs, 0 mins, 2 secs, 29 ms

Tue May 10 06:12:17 EDT 2011

Timing is on.

            900 - LOAD_CLICKSTREAM   

BEGIN
Time: 0 hrs, 0 mins, 0 secs, 779 ms
SET
Time: 0 hrs, 0 mins, 0 secs, 11 ms
TRUNCATE
Time: 0 hrs, 0 mins, 1 secs, 539 ms
INSERT 0 22579116
Time: 0 hrs, 1 mins, 51 secs, 761 ms
 count(1) 
----------
 22579116
(1 row)

Time: 0 hrs, 0 mins, 0 secs, 377 ms
ANALYZE
Time: 0 hrs, 0 mins, 1 secs, 616 ms
END
Time: 0 hrs, 0 mins, 33 secs, 198 ms

Tue May 10 06:14:47 EDT 2011

Timing is on.

            1000 - PAGE_VIEW_SUMMARY  

BEGIN
Time: 0 hrs, 0 mins, 0 secs, 835 ms
SET
Time: 0 hrs, 0 mins, 0 secs, 8 ms
SET
Time: 0 hrs, 0 mins, 0 secs, 15 ms
TRUNCATE
Time: 0 hrs, 0 mins, 1 secs, 303 ms
INSERT 0 39090
Time: 0 hrs, 0 mins, 3 secs, 174 ms
 count(1) 
----------
    39090
(1 row)

Time: 0 hrs, 0 mins, 0 secs, 125 ms
ANALYZE
Time: 0 hrs, 0 mins, 0 secs, 73 ms
END
Time: 0 hrs, 0 mins, 52 secs, 772 ms

Tue May 10 06:15:46 EDT 2011


2000 - WRAP UP 

Timing is on.
BEGIN
Time: 0 hrs, 0 mins, 0 secs, 966 ms
TRUNCATE
Time: 0 hrs, 0 mins, 1 secs, 593 ms
TRUNCATE
Time: 0 hrs, 0 mins, 1 secs, 544 ms
END
Time: 0 hrs, 0 mins, 15 secs, 612 ms
Tue May 10 06:16:05 EDT 2011
Removing lock file and waiting for a minute
