Checking for lock file /tmp/.iislock
Acquired lock file /tmp/.iislock
deleting simple.htm records - these are just server testing...
DELETE 5581948
-------------------------------------
Processing for 20111116
-------------------------------------

Thu Nov 17 07:31:27 EST 2011

Timing is on.

           000 - INIT

BEGIN
Time: 0 hrs, 0 mins, 3 secs, 342 ms
*** Truncating staging tables before workflow starts ***
SET
Time: 0 hrs, 0 mins, 0 secs, 7 ms
GRANT
Time: 0 hrs, 0 mins, 25 secs, 223 ms
END
Time: 0 hrs, 0 mins, 14 secs, 307 ms

Thu Nov 17 07:32:11 EST 2011

Timing is on.

            200 - LOAD_BN_IISLOGS   

BEGIN
Time: 0 hrs, 0 mins, 6 secs, 679 ms
SET
Time: 0 hrs, 0 mins, 0 secs, 6 ms
TRUNCATE
Time: 0 hrs, 0 mins, 6 secs, 543 ms
INSERT 0 51500590
Time: 0 hrs, 9 mins, 7 secs, 931 ms
END
Time: 0 hrs, 0 mins, 32 secs, 91 ms
ALTER TABLE
Time: 0 hrs, 3 mins, 41 secs, 12 ms

Thu Nov 17 07:45:46 EST 2011

Timing is on.
BEGIN
Time: 0 hrs, 0 mins, 0 secs, 171 ms
SET
Time: 0 hrs, 0 mins, 0 secs, 6 ms

            250 - LOAD_BN_HITS_SP   

TRUNCATE
Time: 0 hrs, 0 mins, 5 secs, 702 ms
INSERT 0 18033973
Time: 0 hrs, 1 mins, 47 secs, 664 ms
ANALYZE
Time: 0 hrs, 0 mins, 2 secs, 666 ms
END
Time: 0 hrs, 0 mins, 12 secs, 92 ms

Thu Nov 17 07:47:54 EST 2011

Timing is on.
BEGIN
Time: 0 hrs, 0 mins, 1 secs, 612 ms
SET
Time: 0 hrs, 0 mins, 0 secs, 6 ms

           300 - DYNAMIC FILTER

TRUNCATE
Time: 0 hrs, 0 mins, 3 secs, 759 ms
INSERT 0 17046390
Time: 0 hrs, 0 mins, 1 secs, 777 ms
ANALYZE
Time: 0 hrs, 0 mins, 1 secs, 704 ms
 Total records in web_click_cnt 
--------------------------------
                       17046390
(1 row)

Time: 0 hrs, 0 mins, 6 secs, 440 ms
CREATE TABLE
Time: 0 hrs, 0 mins, 16 secs, 382 ms
ANALYZE
Time: 0 hrs, 0 mins, 0 secs, 507 ms
CREATE TABLE
Time: 0 hrs, 0 mins, 1 secs, 178 ms
ANALYZE
Time: 0 hrs, 0 mins, 0 secs, 32 ms
DELETE 1
Time: 0 hrs, 0 mins, 1 secs, 420 ms
INSERT 0 1
Time: 0 hrs, 0 mins, 0 secs, 453 ms
DELETE 1
Time: 0 hrs, 0 mins, 0 secs, 143 ms
INSERT 0 1
Time: 0 hrs, 0 mins, 1 secs, 187 ms
CREATE TABLE
Time: 0 hrs, 0 mins, 5 secs, 581 ms
ANALYZE
Time: 0 hrs, 0 mins, 0 secs, 47 ms
CREATE TABLE
Time: 0 hrs, 0 mins, 0 secs, 456 ms
ANALYZE
Time: 0 hrs, 0 mins, 0 secs, 113 ms
DELETE 1
Time: 0 hrs, 0 mins, 0 secs, 771 ms
INSERT 0 1
Time: 0 hrs, 0 mins, 0 secs, 501 ms
DELETE 1
Time: 0 hrs, 0 mins, 0 secs, 69 ms
INSERT 0 1
Time: 0 hrs, 0 mins, 1 secs, 3 ms
ANALYZE
Time: 0 hrs, 0 mins, 0 secs, 378 ms
    tablename     |    attr_name    | attr_value 
------------------+-----------------+------------
 BN_FILTER_SPIDER | CLK_USER_SD_MPL | 10
 BN_FILTER_SPIDER | IP_USER_SD_MPL  | 1
 BN_FILTER_SPIDER | IP_USER_RATIO   | .955
 BN_FILTER_SPIDER | CLK_USER_MEAN   | 9.762
 BN_FILTER_SPIDER | CLK_USER_SD     | 38.597
 BN_FILTER_SPIDER | IP_USER_MEAN    | 18.996
 BN_FILTER_SPIDER | IP_USER_SD      | 1685.360
(7 rows)

Time: 0 hrs, 0 mins, 0 secs, 342 ms
CREATE TABLE
Time: 0 hrs, 0 mins, 2 secs, 998 ms
CREATE TABLE
Time: 0 hrs, 0 mins, 0 secs, 792 ms
 l_mean_sd_mpl 
---------------
       395.732
(1 row)

Time: 0 hrs, 0 mins, 1 secs, 387 ms
TRUNCATE
Time: 0 hrs, 0 mins, 1 secs, 313 ms
INSERT 0 424
Time: 0 hrs, 0 mins, 5 secs, 321 ms
ANALYZE
Time: 0 hrs, 0 mins, 0 secs, 969 ms
 Total click_user bn_spider_ip records 
---------------------------------------
                                   424
(1 row)

Time: 0 hrs, 0 mins, 0 secs, 476 ms
CREATE TABLE
Time: 0 hrs, 0 mins, 22 secs, 944 ms
ANALYZE
Time: 0 hrs, 0 mins, 0 secs, 85 ms
CREATE TABLE
Time: 0 hrs, 0 mins, 16 secs, 136 ms
ANALYZE
Time: 0 hrs, 0 mins, 0 secs, 34 ms
DROP 
Time: 0 hrs, 0 mins, 0 secs, 104 ms
CREATE TABLE
Time: 0 hrs, 0 mins, 1 secs, 643 ms
 l_mean_sd_mpl | l_ratio 
---------------+---------
      1704.356 |   0.955
(1 row)

Time: 0 hrs, 0 mins, 0 secs, 559 ms
INSERT 0 13919213
Time: 0 hrs, 0 mins, 8 secs, 401 ms
ANALYZE
Time: 0 hrs, 0 mins, 0 secs, 179 ms
 Total ip_user_filter bn_spider_ip records 
-------------------------------------------
                                  13919213
(1 row)

Time: 0 hrs, 0 mins, 1 secs, 132 ms
TRUNCATE
Time: 0 hrs, 0 mins, 3 secs, 377 ms
INSERT 0 15521663
Time: 0 hrs, 0 mins, 19 secs, 681 ms
ANALYZE
Time: 0 hrs, 0 mins, 3 secs, 928 ms
 bn_hits_stage 
---------------
      15521663
(1 row)

Time: 0 hrs, 0 mins, 10 secs, 844 ms
INSERT 0 14493962
Time: 0 hrs, 0 mins, 32 secs, 111 ms
ANALYZE
Time: 0 hrs, 0 mins, 6 secs, 123 ms
 bn_hits_sp_20111116 
---------------------
            32527935
(1 row)

Time: 0 hrs, 0 mins, 0 secs, 489 ms
TRUNCATE
Time: 0 hrs, 0 mins, 2 secs, 545 ms
INSERT 0 3450992
Time: 0 hrs, 0 mins, 4 secs, 965 ms
ANALYZE
Time: 0 hrs, 0 mins, 2 secs, 536 ms
 bn_hits_client_20111116 
-------------------------
                 3450992
(1 row)

Time: 0 hrs, 0 mins, 1 secs, 68 ms
END
Time: 0 hrs, 0 mins, 19 secs, 175 ms

Thu Nov 17 07:51:32 EST 2011

Timing is on.
BEGIN
Time: 0 hrs, 0 mins, 0 secs, 243 ms

           600 - LOAD RESOURCES

SET
Time: 0 hrs, 0 mins, 0 secs, 6 ms
CREATE TABLE
Time: 0 hrs, 0 mins, 53 secs, 601 ms
ANALYZE
Time: 0 hrs, 0 mins, 0 secs, 463 ms
 tmp_a_count 
-------------
      525563
(1 row)

Time: 0 hrs, 0 mins, 0 secs, 304 ms
UPDATE 0
Time: 0 hrs, 0 mins, 3 secs, 541 ms
ANALYZE
Time: 0 hrs, 0 mins, 1 secs, 226 ms
TRUNCATE
Time: 0 hrs, 0 mins, 3 secs, 306 ms
INSERT 0 169115
Time: 0 hrs, 0 mins, 14 secs, 415 ms
ANALYZE
Time: 0 hrs, 0 mins, 1 secs, 890 ms
 first_resource_id | last_resource_id 
-------------------+------------------
          54174898 |         54344012
(1 row)

Time: 0 hrs, 0 mins, 0 secs, 764 ms
INSERT 0 169115
Time: 0 hrs, 0 mins, 3 secs, 43 ms
 total_resources 
-----------------
        54319579
(1 row)

Time: 0 hrs, 0 mins, 0 secs, 391 ms
ANALYZE
Time: 0 hrs, 0 mins, 0 secs, 406 ms
END
Time: 0 hrs, 0 mins, 5 secs, 86 ms
VACUUM
Time: 0 hrs, 0 mins, 4 secs, 130 ms

Thu Nov 17 07:53:05 EST 2011

Timing is on.

           650 - LOAD_BN_SESSION_STAGE

BEGIN
Time: 0 hrs, 0 mins, 0 secs, 150 ms
SET
Time: 0 hrs, 0 mins, 0 secs, 7 ms
SET
Time: 0 hrs, 0 mins, 0 secs, 20 ms
CREATE TABLE
Time: 0 hrs, 0 mins, 24 secs, 6 ms
ANALYZE
Time: 0 hrs, 0 mins, 3 secs, 451 ms
 tmp_sessionized_stage 
-----------------------
              15521663
(1 row)

Time: 0 hrs, 0 mins, 0 secs, 653 ms
TRUNCATE
Time: 0 hrs, 0 mins, 1 secs, 980 ms
INSERT 0 2732841
Time: 0 hrs, 0 mins, 55 secs, 265 ms
ANALYZE
Time: 0 hrs, 0 mins, 4 secs, 540 ms
CREATE TABLE
Time: 0 hrs, 1 mins, 5 secs, 998 ms
CREATE INDEX
Time: 0 hrs, 0 mins, 2 secs, 106 ms
 tmp_first_last 
----------------
        2732841
(1 row)

Time: 0 hrs, 0 mins, 0 secs, 514 ms
ANALYZE
Time: 0 hrs, 0 mins, 0 secs, 908 ms
SET
Time: 0 hrs, 0 mins, 0 secs, 11 ms
SET
Time: 0 hrs, 0 mins, 0 secs, 10 ms
TRUNCATE
Time: 0 hrs, 0 mins, 3 secs, 248 ms
DROP 
Time: 0 hrs, 0 mins, 1 secs, 122 ms
INSERT 0 2732841
Time: 0 hrs, 0 mins, 5 secs, 806 ms
 bn_session_stage 
------------------
          2732841
(1 row)

Time: 0 hrs, 0 mins, 2 secs, 645 ms
CREATE INDEX
Time: 0 hrs, 0 mins, 0 secs, 946 ms
ANALYZE
Time: 0 hrs, 0 mins, 0 secs, 719 ms
TRUNCATE
Time: 0 hrs, 0 mins, 2 secs, 1 ms
END
Time: 0 hrs, 0 mins, 5 secs, 746 ms

Thu Nov 17 07:56:07 EST 2011

BEGIN

           660 - LOAD_BN_SESSION_UPDATE_STAGE

SET
TRUNCATE
INSERT 0 0
END

Thu Nov 17 07:56:33 EST 2011

Timing is on.

           670 - LOAD_BN_SESSION_20111116.UPDATES

BEGIN
Time: 0 hrs, 0 mins, 0 secs, 132 ms
SET
Time: 0 hrs, 0 mins, 0 secs, 6 ms
UPDATE 0
Time: 0 hrs, 0 mins, 0 secs, 287 ms
END
Time: 0 hrs, 0 mins, 19 secs, 183 ms
VACUUM
Time: 0 hrs, 0 mins, 5 secs, 225 ms

Thu Nov 17 07:56:58 EST 2011

Timing is on.

           700 - LOAD_BN_SESSION

BEGIN
Time: 0 hrs, 0 mins, 6 secs, 314 ms
SET
Time: 0 hrs, 0 mins, 0 secs, 8 ms
INSERT 0 2732841
Time: 0 hrs, 3 mins, 2 secs, 532 ms
ANALYZE
Time: 0 hrs, 0 mins, 0 secs, 907 ms
END
Time: 0 hrs, 0 mins, 17 secs, 731 ms

Thu Nov 17 08:00:25 EST 2011

Timing is on.

            750 - LOAD_BN_SESSION_SUMMARY   

BEGIN
Time: 0 hrs, 0 mins, 6 secs, 361 ms
SET
Time: 0 hrs, 0 mins, 0 secs, 10 ms
CREATE TABLE
Time: 0 hrs, 0 mins, 17 secs, 118 ms
TRUNCATE
Time: 0 hrs, 0 mins, 3 secs, 874 ms
INSERT 0 335694
Time: 0 hrs, 0 mins, 8 secs, 180 ms
ANALYZE
Time: 0 hrs, 0 mins, 1 secs, 185 ms
 count(1) 
----------
   335694
(1 row)

Time: 0 hrs, 0 mins, 0 secs, 972 ms
END
Time: 0 hrs, 0 mins, 19 secs, 273 ms

Thu Nov 17 08:01:23 EST 2011

Timing is on.

           800 - LOAD_BN_HITS

BEGIN
Time: 0 hrs, 0 mins, 5 secs, 284 ms
SET
Time: 0 hrs, 0 mins, 0 secs, 7 ms
SET
Time: 0 hrs, 0 mins, 0 secs, 12 ms
SET
Time: 0 hrs, 0 mins, 0 secs, 13 ms
SET
Time: 0 hrs, 0 mins, 0 secs, 12 ms
TRUNCATE
Time: 0 hrs, 0 mins, 5 secs, 36 ms
INSERT 0 15521663
Time: 0 hrs, 0 mins, 5 secs, 972 ms
 count(1) 
----------
 15521663
(1 row)

Time: 0 hrs, 0 mins, 5 secs, 647 ms
ANALYZE
Time: 0 hrs, 0 mins, 3 secs, 163 ms
END
Time: 0 hrs, 1 mins, 48 secs, 621 ms

Thu Nov 17 08:03:37 EST 2011

Timing is on.

            900 - LOAD_CLICKSTREAM   

BEGIN
Time: 0 hrs, 0 mins, 0 secs, 148 ms
SET
Time: 0 hrs, 0 mins, 0 secs, 6 ms
TRUNCATE
Time: 0 hrs, 0 mins, 8 secs, 534 ms
INSERT 0 15521663
Time: 0 hrs, 2 mins, 46 secs, 86 ms
 count(1) 
----------
 15521663
(1 row)

Time: 0 hrs, 0 mins, 1 secs, 131 ms
ANALYZE
Time: 0 hrs, 0 mins, 3 secs, 100 ms
END
Time: 0 hrs, 0 mins, 23 secs, 301 ms

Thu Nov 17 08:06:59 EST 2011

Timing is on.

            1000 - PAGE_VIEW_SUMMARY  

BEGIN
Time: 0 hrs, 0 mins, 1 secs, 12 ms
SET
Time: 0 hrs, 0 mins, 0 secs, 7 ms
SET
Time: 0 hrs, 0 mins, 0 secs, 12 ms
TRUNCATE
Time: 0 hrs, 0 mins, 2 secs, 759 ms
INSERT 0 536972
Time: 0 hrs, 0 mins, 4 secs, 430 ms
 count(1) 
----------
   536972
(1 row)

Time: 0 hrs, 0 mins, 3 secs, 123 ms
ANALYZE
Time: 0 hrs, 0 mins, 0 secs, 62 ms
END
Time: 0 hrs, 0 mins, 11 secs, 525 ms

Thu Nov 17 08:07:23 EST 2011


2000 - WRAP UP 

Timing is on.
BEGIN
Time: 0 hrs, 0 mins, 1 secs, 328 ms
TRUNCATE
Time: 0 hrs, 0 mins, 1 secs, 269 ms
TRUNCATE
Time: 0 hrs, 0 mins, 3 secs, 613 ms
END
Time: 0 hrs, 0 mins, 12 secs, 431 ms
Thu Nov 17 08:07:41 EST 2011
Removing lock file and waiting for a minute
Total time taken:  39  minutes.
Running time of run.sh 20111116: 2340 seconds
Checking for lock file /tmp/.iislock
Acquired lock file /tmp/.iislock
deleting simple.htm records - these are just server testing...
DELETE 19
-------------------------------------
Processing for 20111116
-------------------------------------

Fri Nov 18 11:47:47 EST 2011

Timing is on.

           000 - INIT

BEGIN
Time: 0 hrs, 0 mins, 0 secs, 150 ms
*** Truncating staging tables before workflow starts ***
SET
Time: 0 hrs, 0 mins, 0 secs, 6 ms
GRANT
Time: 0 hrs, 0 mins, 16 secs, 731 ms
END
Time: 0 hrs, 0 mins, 32 secs, 302 ms

Fri Nov 18 11:48:37 EST 2011

Timing is on.

            200 - LOAD_BN_IISLOGS   

BEGIN
Time: 0 hrs, 0 mins, 0 secs, 233 ms
SET
Time: 0 hrs, 0 mins, 0 secs, 7 ms
TRUNCATE
Time: 0 hrs, 0 mins, 1 secs, 780 ms
INSERT 0 68984917
Time: 0 hrs, 7 mins, 25 secs, 218 ms
END
Time: 0 hrs, 0 mins, 7 secs, 709 ms
ALTER TABLE
Time: 0 hrs, 0 mins, 5 secs, 442 ms

Fri Nov 18 11:56:17 EST 2011

Timing is on.
BEGIN
Time: 0 hrs, 0 mins, 0 secs, 599 ms
SET
Time: 0 hrs, 0 mins, 0 secs, 6 ms

            250 - LOAD_BN_HITS_SP   

TRUNCATE
Time: 0 hrs, 0 mins, 0 secs, 650 ms
INSERT 0 23625949
Time: 0 hrs, 2 mins, 9 secs, 167 ms
ANALYZE
Time: 0 hrs, 0 mins, 2 secs, 937 ms
END
Time: 0 hrs, 0 mins, 2 secs, 925 ms

Fri Nov 18 11:58:34 EST 2011

Timing is on.
BEGIN
Time: 0 hrs, 0 mins, 0 secs, 137 ms
SET
Time: 0 hrs, 0 mins, 0 secs, 6 ms

           300 - DYNAMIC FILTER

TRUNCATE
Time: 0 hrs, 0 mins, 0 secs, 738 ms
INSERT 0 21920045
Time: 0 hrs, 0 mins, 2 secs, 265 ms
ANALYZE
Time: 0 hrs, 0 mins, 1 secs, 455 ms
 Total records in web_click_cnt 
--------------------------------
                       21920045
(1 row)

Time: 0 hrs, 0 mins, 0 secs, 789 ms
CREATE TABLE
Time: 0 hrs, 0 mins, 4 secs, 328 ms
ANALYZE
Time: 0 hrs, 0 mins, 0 secs, 42 ms
CREATE TABLE
Time: 0 hrs, 0 mins, 2 secs, 169 ms
ANALYZE
Time: 0 hrs, 0 mins, 0 secs, 39 ms
DELETE 1
Time: 0 hrs, 0 mins, 0 secs, 70 ms
INSERT 0 1
Time: 0 hrs, 0 mins, 0 secs, 548 ms
DELETE 1
Time: 0 hrs, 0 mins, 0 secs, 61 ms
INSERT 0 1
Time: 0 hrs, 0 mins, 0 secs, 620 ms
CREATE TABLE
Time: 0 hrs, 0 mins, 4 secs, 746 ms
ANALYZE
Time: 0 hrs, 0 mins, 0 secs, 46 ms
CREATE TABLE
Time: 0 hrs, 0 mins, 0 secs, 204 ms
ANALYZE
Time: 0 hrs, 0 mins, 0 secs, 41 ms
DELETE 1
Time: 0 hrs, 0 mins, 0 secs, 72 ms
INSERT 0 1
Time: 0 hrs, 0 mins, 0 secs, 497 ms
DELETE 1
Time: 0 hrs, 0 mins, 0 secs, 63 ms
INSERT 0 1
Time: 0 hrs, 0 mins, 0 secs, 862 ms
ANALYZE
Time: 0 hrs, 0 mins, 0 secs, 21 ms
    tablename     |    attr_name    | attr_value 
------------------+-----------------+------------
 BN_FILTER_SPIDER | CLK_USER_SD_MPL | 10
 BN_FILTER_SPIDER | IP_USER_SD_MPL  | 1
 BN_FILTER_SPIDER | IP_USER_RATIO   | .955
 BN_FILTER_SPIDER | CLK_USER_MEAN   | 10.317
 BN_FILTER_SPIDER | CLK_USER_SD     | 36.917
 BN_FILTER_SPIDER | IP_USER_MEAN    | 18.414
 BN_FILTER_SPIDER | IP_USER_SD      | 1836.699
(7 rows)

Time: 0 hrs, 0 mins, 0 secs, 189 ms
CREATE TABLE
Time: 0 hrs, 0 mins, 3 secs, 421 ms
CREATE TABLE
Time: 0 hrs, 0 mins, 0 secs, 148 ms
 l_mean_sd_mpl 
---------------
       379.487
(1 row)

Time: 0 hrs, 0 mins, 0 secs, 85 ms
TRUNCATE
Time: 0 hrs, 0 mins, 0 secs, 652 ms
INSERT 0 657
Time: 0 hrs, 0 mins, 3 secs, 923 ms
ANALYZE
Time: 0 hrs, 0 mins, 0 secs, 59 ms
 Total click_user bn_spider_ip records 
---------------------------------------
                                   657
(1 row)

Time: 0 hrs, 0 mins, 0 secs, 41 ms
CREATE TABLE
Time: 0 hrs, 0 mins, 1 secs, 807 ms
ANALYZE
Time: 0 hrs, 0 mins, 0 secs, 27 ms
CREATE TABLE
Time: 0 hrs, 0 mins, 1 secs, 517 ms
ANALYZE
Time: 0 hrs, 0 mins, 0 secs, 39 ms
DROP 
Time: 0 hrs, 0 mins, 0 secs, 101 ms
CREATE TABLE
Time: 0 hrs, 0 mins, 0 secs, 56 ms
 l_mean_sd_mpl | l_ratio 
---------------+---------
      1855.113 |   0.955
(1 row)

Time: 0 hrs, 0 mins, 1 secs, 200 ms
INSERT 0 17997019
Time: 0 hrs, 0 mins, 4 secs, 268 ms
ANALYZE
Time: 0 hrs, 0 mins, 0 secs, 200 ms
 Total ip_user_filter bn_spider_ip records 
-------------------------------------------
                                  17997019
(1 row)

Time: 0 hrs, 0 mins, 0 secs, 347 ms
TRUNCATE
Time: 0 hrs, 0 mins, 1 secs, 698 ms
INSERT 0 21001503
Time: 0 hrs, 0 mins, 19 secs, 980 ms
ANALYZE
Time: 0 hrs, 0 mins, 2 secs, 842 ms
 bn_hits_stage 
---------------
      21001503
(1 row)

Time: 0 hrs, 0 mins, 0 secs, 409 ms
INSERT 0 18785765
Time: 0 hrs, 0 mins, 35 secs, 71 ms
ANALYZE
Time: 0 hrs, 0 mins, 4 secs, 558 ms
 bn_hits_sp_20111116 
---------------------
            42411714
(1 row)

Time: 0 hrs, 0 mins, 0 secs, 527 ms
TRUNCATE
Time: 0 hrs, 0 mins, 9 secs, 919 ms
INSERT 0 5571700
Time: 0 hrs, 0 mins, 3 secs, 261 ms
ANALYZE
Time: 0 hrs, 0 mins, 7 secs, 334 ms
 bn_hits_client_20111116 
-------------------------
                 5571700
(1 row)

Time: 0 hrs, 0 mins, 1 secs, 473 ms
END
Time: 0 hrs, 0 mins, 11 secs, 154 ms

Fri Nov 18 12:00:50 EST 2011

Timing is on.
BEGIN
Time: 0 hrs, 0 mins, 0 secs, 130 ms

           600 - LOAD RESOURCES

SET
Time: 0 hrs, 0 mins, 0 secs, 7 ms
CREATE TABLE
Time: 0 hrs, 0 mins, 31 secs, 719 ms
ANALYZE
Time: 0 hrs, 0 mins, 0 secs, 730 ms
 tmp_a_count 
-------------
      628344
(1 row)

Time: 0 hrs, 0 mins, 0 secs, 429 ms
UPDATE 0
Time: 0 hrs, 0 mins, 2 secs, 717 ms
ANALYZE
Time: 0 hrs, 0 mins, 0 secs, 869 ms
TRUNCATE
Time: 0 hrs, 0 mins, 1 secs, 476 ms
INSERT 0 40855
Time: 0 hrs, 0 mins, 8 secs, 689 ms
ANALYZE
Time: 0 hrs, 0 mins, 3 secs, 352 ms
 first_resource_id | last_resource_id 
-------------------+------------------
          54708101 |         54748955
(1 row)

Time: 0 hrs, 0 mins, 0 secs, 241 ms
INSERT 0 40855
Time: 0 hrs, 0 mins, 5 secs, 275 ms
 total_resources 
-----------------
        54724522
(1 row)

Time: 0 hrs, 0 mins, 4 secs, 213 ms
ANALYZE
Time: 0 hrs, 0 mins, 3 secs, 854 ms
END
Time: 0 hrs, 0 mins, 52 secs, 919 ms
VACUUM
Time: 0 hrs, 1 mins, 16 secs, 581 ms

Fri Nov 18 12:04:04 EST 2011

Timing is on.

           650 - LOAD_BN_SESSION_STAGE

BEGIN
Time: 0 hrs, 0 mins, 0 secs, 708 ms
SET
Time: 0 hrs, 0 mins, 0 secs, 9 ms
SET
Time: 0 hrs, 0 mins, 0 secs, 14 ms
CREATE TABLE
Time: 0 hrs, 1 mins, 3 secs, 407 ms
ANALYZE
Time: 0 hrs, 0 mins, 2 secs, 996 ms
 tmp_sessionized_stage 
-----------------------
              21001503
(1 row)

Time: 0 hrs, 0 mins, 0 secs, 414 ms
TRUNCATE
Time: 0 hrs, 0 mins, 1 secs, 228 ms
INSERT 0 3418920
Time: 0 hrs, 1 mins, 18 secs, 233 ms
ANALYZE
Time: 0 hrs, 0 mins, 5 secs, 108 ms
CREATE TABLE
Time: 0 hrs, 1 mins, 26 secs, 433 ms
CREATE INDEX
Time: 0 hrs, 0 mins, 0 secs, 119 ms
 tmp_first_last 
----------------
        3418920
(1 row)

Time: 0 hrs, 0 mins, 0 secs, 273 ms
ANALYZE
Time: 0 hrs, 0 mins, 0 secs, 781 ms
SET
Time: 0 hrs, 0 mins, 0 secs, 12 ms
SET
Time: 0 hrs, 0 mins, 0 secs, 11 ms
TRUNCATE
Time: 0 hrs, 0 mins, 1 secs, 114 ms
DROP 
Time: 0 hrs, 0 mins, 0 secs, 422 ms
INSERT 0 3418920
Time: 0 hrs, 0 mins, 7 secs, 31 ms
 bn_session_stage 
------------------
          3418920
(1 row)

Time: 0 hrs, 0 mins, 6 secs, 620 ms
CREATE INDEX
Time: 0 hrs, 0 mins, 3 secs, 213 ms
ANALYZE
Time: 0 hrs, 0 mins, 1 secs, 596 ms
TRUNCATE
Time: 0 hrs, 0 mins, 4 secs, 829 ms
END
Time: 0 hrs, 0 mins, 7 secs, 558 ms

Fri Nov 18 12:08:36 EST 2011

BEGIN

           660 - LOAD_BN_SESSION_UPDATE_STAGE

SET
TRUNCATE
INSERT 0 0
END

Fri Nov 18 12:08:42 EST 2011

Timing is on.

           670 - LOAD_BN_SESSION_20111116.UPDATES

BEGIN
Time: 0 hrs, 0 mins, 0 secs, 131 ms
SET
Time: 0 hrs, 0 mins, 0 secs, 6 ms
UPDATE 0
Time: 0 hrs, 0 mins, 0 secs, 182 ms
END
Time: 0 hrs, 0 mins, 6 secs, 984 ms
VACUUM
Time: 0 hrs, 0 mins, 13 secs, 65 ms

Fri Nov 18 12:09:03 EST 2011

Timing is on.

           700 - LOAD_BN_SESSION

BEGIN
Time: 0 hrs, 0 mins, 0 secs, 376 ms
SET
Time: 0 hrs, 0 mins, 0 secs, 6 ms
INSERT 0 3418920
Time: 0 hrs, 0 mins, 21 secs, 78 ms
ANALYZE
Time: 0 hrs, 0 mins, 3 secs, 728 ms
END
Time: 0 hrs, 0 mins, 6 secs, 863 ms

Fri Nov 18 12:09:35 EST 2011

Timing is on.

            750 - LOAD_BN_SESSION_SUMMARY   

BEGIN
Time: 0 hrs, 0 mins, 0 secs, 143 ms
SET
Time: 0 hrs, 0 mins, 0 secs, 6 ms
CREATE TABLE
Time: 0 hrs, 0 mins, 6 secs, 415 ms
TRUNCATE
Time: 0 hrs, 0 mins, 1 secs, 186 ms
INSERT 0 392664
Time: 0 hrs, 0 mins, 6 secs, 360 ms
ANALYZE
Time: 0 hrs, 0 mins, 0 secs, 693 ms
 count(1) 
----------
   392664
(1 row)

Time: 0 hrs, 0 mins, 0 secs, 163 ms
END
Time: 0 hrs, 0 mins, 5 secs, 57 ms

Fri Nov 18 12:09:55 EST 2011

Timing is on.

           800 - LOAD_BN_HITS

BEGIN
Time: 0 hrs, 0 mins, 0 secs, 130 ms
SET
Time: 0 hrs, 0 mins, 0 secs, 6 ms
SET
Time: 0 hrs, 0 mins, 0 secs, 11 ms
SET
Time: 0 hrs, 0 mins, 0 secs, 11 ms
SET
Time: 0 hrs, 0 mins, 0 secs, 11 ms
TRUNCATE
Time: 0 hrs, 0 mins, 1 secs, 515 ms
INSERT 0 21001503
Time: 0 hrs, 0 mins, 5 secs, 710 ms
 count(1) 
----------
 21001503
(1 row)

Time: 0 hrs, 0 mins, 5 secs, 567 ms
ANALYZE
Time: 0 hrs, 0 mins, 3 secs, 243 ms
END
Time: 0 hrs, 0 mins, 13 secs, 556 ms

Fri Nov 18 12:10:25 EST 2011

Timing is on.

            900 - LOAD_CLICKSTREAM   

BEGIN
Time: 0 hrs, 0 mins, 0 secs, 790 ms
SET
Time: 0 hrs, 0 mins, 0 secs, 6 ms
TRUNCATE
Time: 0 hrs, 0 mins, 2 secs, 106 ms
INSERT 0 21001503
Time: 0 hrs, 1 mins, 31 secs, 789 ms
 count(1) 
----------
 21001503
(1 row)

Time: 0 hrs, 0 mins, 6 secs, 157 ms
ANALYZE
Time: 0 hrs, 0 mins, 1 secs, 128 ms
END
Time: 0 hrs, 0 mins, 21 secs, 475 ms

Fri Nov 18 12:12:29 EST 2011

Timing is on.

            1000 - PAGE_VIEW_SUMMARY  

BEGIN
Time: 0 hrs, 0 mins, 0 secs, 468 ms
SET
Time: 0 hrs, 0 mins, 0 secs, 6 ms
SET
Time: 0 hrs, 0 mins, 0 secs, 43 ms
TRUNCATE
Time: 0 hrs, 0 mins, 7 secs, 568 ms
INSERT 0 641763
Time: 0 hrs, 0 mins, 6 secs, 445 ms
 count(1) 
----------
   641763
(1 row)

Time: 0 hrs, 0 mins, 0 secs, 549 ms
ANALYZE
Time: 0 hrs, 0 mins, 0 secs, 86 ms
END
Time: 0 hrs, 0 mins, 7 secs, 367 ms

Fri Nov 18 12:12:52 EST 2011


2000 - WRAP UP 

Timing is on.
BEGIN
Time: 0 hrs, 0 mins, 0 secs, 152 ms
TRUNCATE
Time: 0 hrs, 0 mins, 0 secs, 986 ms
TRUNCATE
Time: 0 hrs, 0 mins, 0 secs, 948 ms
END
Time: 0 hrs, 0 mins, 4 secs, 787 ms
Fri Nov 18 12:12:59 EST 2011
Removing lock file and waiting for a minute
Total time taken:  26  minutes.
Running time of run.sh 20111116: 26 minutes
