Checking for lock file /tmp/.iislock
Acquired lock file /tmp/.iislock
-------------------------------------
Processing for 20110803
-------------------------------------

Thu Aug 4 04:55:45 EDT 2011

Timing is on.

           000 - INIT

BEGIN
Time: 0 hrs, 0 mins, 0 secs, 965 ms
*** Truncating staging tables before workflow starts ***
SET
Time: 0 hrs, 0 mins, 0 secs, 10 ms
GRANT
Time: 0 hrs, 0 mins, 1 secs, 857 ms
END
Time: 0 hrs, 0 mins, 1 secs, 366 ms

Thu Aug 4 04:55:49 EDT 2011

Timing is on.

            200 - LOAD_BN_IISLOGS   

BEGIN
Time: 0 hrs, 0 mins, 1 secs, 21 ms
SET
Time: 0 hrs, 0 mins, 0 secs, 8 ms
TRUNCATE
Time: 0 hrs, 0 mins, 0 secs, 296 ms
INSERT 0 57162454
Time: 0 hrs, 9 mins, 59 secs, 773 ms
END
Time: 0 hrs, 0 mins, 15 secs, 506 ms
ALTER TABLE
Time: 0 hrs, 5 mins, 50 secs, 673 ms

Thu Aug 4 05:11:57 EDT 2011

Timing is on.
BEGIN
Time: 0 hrs, 0 mins, 4 secs, 575 ms
SET
Time: 0 hrs, 0 mins, 0 secs, 12 ms

            250 - LOAD_BN_HITS_SP   

TRUNCATE
Time: 0 hrs, 0 mins, 2 secs, 458 ms
INSERT 0 22474247
Time: 0 hrs, 3 mins, 11 secs, 950 ms
ANALYZE
Time: 0 hrs, 0 mins, 3 secs, 585 ms
END
Time: 0 hrs, 0 mins, 45 secs, 829 ms

Thu Aug 4 05:16:06 EDT 2011

Timing is on.
BEGIN
Time: 0 hrs, 0 mins, 1 secs, 545 ms
SET
Time: 0 hrs, 0 mins, 0 secs, 12 ms

           300 - DYNAMIC FILTER

TRUNCATE
Time: 0 hrs, 0 mins, 1 secs, 135 ms
INSERT 0 15173707
Time: 0 hrs, 0 mins, 4 secs, 306 ms
ANALYZE
Time: 0 hrs, 0 mins, 0 secs, 592 ms
 Total records in web_click_cnt 
--------------------------------
                       15173707
(1 row)

Time: 0 hrs, 0 mins, 0 secs, 732 ms
CREATE TABLE
Time: 0 hrs, 2 mins, 2 secs, 390 ms
ANALYZE
Time: 0 hrs, 0 mins, 0 secs, 122 ms
CREATE TABLE
Time: 0 hrs, 0 mins, 0 secs, 492 ms
ANALYZE
Time: 0 hrs, 0 mins, 0 secs, 94 ms
DELETE 1
Time: 0 hrs, 0 mins, 0 secs, 533 ms
INSERT 0 1
Time: 0 hrs, 0 mins, 1 secs, 5 ms
DELETE 1
Time: 0 hrs, 0 mins, 0 secs, 103 ms
INSERT 0 1
Time: 0 hrs, 0 mins, 1 secs, 260 ms
CREATE TABLE
Time: 0 hrs, 0 mins, 5 secs, 977 ms
ANALYZE
Time: 0 hrs, 0 mins, 0 secs, 300 ms
CREATE TABLE
Time: 0 hrs, 0 mins, 0 secs, 928 ms
ANALYZE
Time: 0 hrs, 0 mins, 0 secs, 118 ms
DELETE 1
Time: 0 hrs, 0 mins, 0 secs, 102 ms
INSERT 0 1
Time: 0 hrs, 0 mins, 0 secs, 957 ms
DELETE 1
Time: 0 hrs, 0 mins, 0 secs, 113 ms
INSERT 0 1
Time: 0 hrs, 0 mins, 1 secs, 469 ms
ANALYZE
Time: 0 hrs, 0 mins, 0 secs, 98 ms
    tablename     |    attr_name    | attr_value 
------------------+-----------------+------------
 BN_FILTER_SPIDER | CLK_USER_SD_MPL | 10
 BN_FILTER_SPIDER | IP_USER_SD_MPL  | 1
 BN_FILTER_SPIDER | IP_USER_RATIO   | .955
 BN_FILTER_SPIDER | CLK_USER_MEAN   | 13.212
 BN_FILTER_SPIDER | CLK_USER_SD     | 35.539
 BN_FILTER_SPIDER | IP_USER_MEAN    | 20.012
 BN_FILTER_SPIDER | IP_USER_SD      | 1485.915
(7 rows)

Time: 0 hrs, 0 mins, 0 secs, 361 ms
CREATE TABLE
Time: 0 hrs, 0 mins, 7 secs, 91 ms
CREATE TABLE
Time: 0 hrs, 0 mins, 0 secs, 829 ms
 l_mean_sd_mpl 
---------------
       368.602
(1 row)

Time: 0 hrs, 0 mins, 0 secs, 213 ms
TRUNCATE
Time: 0 hrs, 0 mins, 0 secs, 613 ms
INSERT 0 603
Time: 0 hrs, 0 mins, 7 secs, 788 ms
ANALYZE
Time: 0 hrs, 0 mins, 0 secs, 195 ms
 Total click_user bn_spider_ip records 
---------------------------------------
                                   603
(1 row)

Time: 0 hrs, 0 mins, 0 secs, 657 ms
CREATE TABLE
Time: 0 hrs, 0 mins, 4 secs, 903 ms
ANALYZE
Time: 0 hrs, 0 mins, 0 secs, 251 ms
CREATE TABLE
Time: 0 hrs, 0 mins, 2 secs, 216 ms
ANALYZE
Time: 0 hrs, 0 mins, 0 secs, 99 ms
DROP 
Time: 0 hrs, 0 mins, 0 secs, 208 ms
CREATE TABLE
Time: 0 hrs, 0 mins, 1 secs, 941 ms
 l_mean_sd_mpl | l_ratio 
---------------+---------
      1505.927 |   0.955
(1 row)

Time: 0 hrs, 0 mins, 0 secs, 381 ms
INSERT 0 12949830
Time: 0 hrs, 0 mins, 6 secs, 738 ms
ANALYZE
Time: 0 hrs, 0 mins, 0 secs, 350 ms
 Total ip_user_filter bn_spider_ip records 
-------------------------------------------
                                  12949830
(1 row)

Time: 0 hrs, 0 mins, 0 secs, 656 ms
TRUNCATE
Time: 0 hrs, 0 mins, 3 secs, 720 ms
INSERT 0 15878857
Time: 0 hrs, 0 mins, 32 secs, 970 ms
ANALYZE
Time: 0 hrs, 0 mins, 7 secs, 677 ms
 bn_hits_stage 
---------------
      15878857
(1 row)

Time: 0 hrs, 0 mins, 0 secs, 768 ms
INSERT 0 13622835
Time: 0 hrs, 3 mins, 25 secs, 980 ms
ANALYZE
Time: 0 hrs, 0 mins, 28 secs, 39 ms
 bn_hits_sp_20110803 
---------------------
            36097082
(1 row)

Time: 0 hrs, 0 mins, 6 secs, 271 ms
TRUNCATE
Time: 0 hrs, 0 mins, 2 secs, 207 ms
INSERT 0 5186515
Time: 0 hrs, 0 mins, 7 secs, 251 ms
ANALYZE
Time: 0 hrs, 0 mins, 3 secs, 165 ms
 bn_hits_client_20110803 
-------------------------
                 5186515
(1 row)

Time: 0 hrs, 0 mins, 0 secs, 173 ms
END
Time: 0 hrs, 0 mins, 13 secs, 782 ms

Thu Aug 4 05:24:18 EDT 2011

Timing is on.
BEGIN
Time: 0 hrs, 0 mins, 4 secs, 136 ms

           600 - LOAD RESOURCES

SET
Time: 0 hrs, 0 mins, 0 secs, 18 ms
CREATE TABLE
Time: 0 hrs, 0 mins, 28 secs, 478 ms
ANALYZE
Time: 0 hrs, 0 mins, 1 secs, 125 ms
 tmp_a_count 
-------------
      452682
(1 row)

Time: 0 hrs, 0 mins, 0 secs, 449 ms
UPDATE 0
Time: 0 hrs, 0 mins, 5 secs, 534 ms
ANALYZE
Time: 0 hrs, 0 mins, 0 secs, 895 ms
TRUNCATE
Time: 0 hrs, 0 mins, 1 secs, 3 ms
INSERT 0 223287
Time: 0 hrs, 0 mins, 27 secs, 671 ms
ANALYZE
Time: 0 hrs, 0 mins, 0 secs, 964 ms
 first_resource_id | last_resource_id 
-------------------+------------------
          31426414 |         31649700
(1 row)

Time: 0 hrs, 0 mins, 0 secs, 813 ms
INSERT 0 223287
Time: 0 hrs, 0 mins, 2 secs, 873 ms
 total_resources 
-----------------
        31625304
(1 row)

Time: 0 hrs, 0 mins, 0 secs, 372 ms
ANALYZE
Time: 0 hrs, 0 mins, 0 secs, 868 ms
END
Time: 0 hrs, 0 mins, 11 secs, 467 ms
VACUUM
Time: 0 hrs, 2 mins, 0 secs, 10 ms

Thu Aug 4 05:27:45 EDT 2011

Timing is on.

           650 - LOAD_BN_SESSION_STAGE

BEGIN
Time: 0 hrs, 0 mins, 1 secs, 59 ms
SET
Time: 0 hrs, 0 mins, 0 secs, 11 ms
SET
Time: 0 hrs, 0 mins, 0 secs, 32 ms
CREATE TABLE
Time: 0 hrs, 0 mins, 42 secs, 561 ms
ANALYZE
Time: 0 hrs, 0 mins, 4 secs, 159 ms
 tmp_sessionized_stage 
-----------------------
              15878857
(1 row)

Time: 0 hrs, 0 mins, 1 secs, 42 ms
TRUNCATE
Time: 0 hrs, 0 mins, 1 secs, 12 ms
INSERT 0 1876090
Time: 0 hrs, 1 mins, 6 secs, 362 ms
ANALYZE
Time: 0 hrs, 0 mins, 1 secs, 385 ms
CREATE TABLE
Time: 0 hrs, 1 mins, 54 secs, 46 ms
CREATE INDEX
Time: 0 hrs, 0 mins, 0 secs, 395 ms
 tmp_first_last 
----------------
        1876090
(1 row)

Time: 0 hrs, 0 mins, 0 secs, 635 ms
ANALYZE
Time: 0 hrs, 0 mins, 1 secs, 61 ms
SET
Time: 0 hrs, 0 mins, 0 secs, 42 ms
SET
Time: 0 hrs, 0 mins, 0 secs, 108 ms
TRUNCATE
Time: 0 hrs, 0 mins, 2 secs, 448 ms
DROP
Time: 0 hrs, 0 mins, 0 secs, 233 ms
INSERT 0 1876090
Time: 0 hrs, 0 mins, 7 secs, 707 ms
 bn_session_stage 
------------------
          1876090
(1 row)

Time: 0 hrs, 0 mins, 2 secs, 279 ms
CREATE INDEX
Time: 0 hrs, 0 mins, 3 secs, 140 ms
ANALYZE
Time: 0 hrs, 0 mins, 1 secs, 283 ms
TRUNCATE
Time: 0 hrs, 0 mins, 2 secs, 617 ms
END
Time: 0 hrs, 1 mins, 1 secs, 374 ms

Thu Aug 4 05:33:00 EDT 2011

BEGIN

           660 - LOAD_BN_SESSION_UPDATE_STAGE

SET
TRUNCATE
INSERT 0 0
END

Thu Aug 4 05:33:46 EDT 2011

Timing is on.

           670 - LOAD_BN_SESSION_20110803.UPDATES

BEGIN
Time: 0 hrs, 0 mins, 2 secs, 574 ms
SET
Time: 0 hrs, 0 mins, 0 secs, 12 ms
UPDATE 0
Time: 0 hrs, 0 mins, 0 secs, 442 ms
END
Time: 0 hrs, 1 mins, 13 secs, 694 ms
VACUUM
Time: 0 hrs, 2 mins, 3 secs, 262 ms

Thu Aug 4 05:37:06 EDT 2011

Timing is on.

           700 - LOAD_BN_SESSION

BEGIN
Time: 0 hrs, 0 mins, 1 secs, 669 ms
SET
Time: 0 hrs, 0 mins, 0 secs, 11 ms
INSERT 0 1876090
Time: 0 hrs, 1 mins, 24 secs, 127 ms
ANALYZE
Time: 0 hrs, 0 mins, 1 secs, 303 ms
END
Time: 0 hrs, 2 mins, 11 secs, 443 ms

Thu Aug 4 05:40:45 EDT 2011

Timing is on.

            750 - LOAD_BN_SESSION_SUMMARY   

BEGIN
Time: 0 hrs, 0 mins, 1 secs, 330 ms
SET
Time: 0 hrs, 0 mins, 0 secs, 10 ms
CREATE TABLE
Time: 0 hrs, 0 mins, 11 secs, 210 ms
TRUNCATE
Time: 0 hrs, 0 mins, 1 secs, 610 ms
INSERT 0 272433
Time: 0 hrs, 0 mins, 5 secs, 963 ms
ANALYZE
Time: 0 hrs, 0 mins, 0 secs, 684 ms
 count(1) 
----------
   272433
(1 row)

Time: 0 hrs, 0 mins, 0 secs, 132 ms
END
Time: 0 hrs, 0 mins, 8 secs, 430 ms

Thu Aug 4 05:41:15 EDT 2011

Timing is on.

           800 - LOAD_BN_HITS

BEGIN
Time: 0 hrs, 0 mins, 1 secs, 405 ms
SET
Time: 0 hrs, 0 mins, 0 secs, 9 ms
SET
Time: 0 hrs, 0 mins, 0 secs, 53 ms
SET
Time: 0 hrs, 0 mins, 0 secs, 49 ms
SET
Time: 0 hrs, 0 mins, 0 secs, 45 ms
TRUNCATE
Time: 0 hrs, 0 mins, 1 secs, 970 ms
INSERT 0 15878857
Time: 0 hrs, 0 mins, 5 secs, 684 ms
 count(1) 
----------
 15878857
(1 row)

Time: 0 hrs, 0 mins, 1 secs, 544 ms
ANALYZE
Time: 0 hrs, 0 mins, 4 secs, 234 ms
END
Time: 0 hrs, 0 mins, 41 secs, 65 ms

Thu Aug 4 05:42:11 EDT 2011

Timing is on.

            900 - LOAD_CLICKSTREAM   

BEGIN
Time: 0 hrs, 0 mins, 1 secs, 783 ms
SET
Time: 0 hrs, 0 mins, 0 secs, 13 ms
TRUNCATE
Time: 0 hrs, 0 mins, 1 secs, 998 ms
INSERT 0 15878857
Time: 0 hrs, 4 mins, 41 secs, 204 ms
 count(1) 
----------
 15878857
(1 row)

Time: 0 hrs, 0 mins, 1 secs, 830 ms
ANALYZE
Time: 0 hrs, 0 mins, 1 secs, 352 ms
END
Time: 0 hrs, 1 mins, 38 secs, 206 ms

Thu Aug 4 05:48:38 EDT 2011

Timing is on.

            1000 - PAGE_VIEW_SUMMARY  

BEGIN
Time: 0 hrs, 0 mins, 1 secs, 159 ms
SET
Time: 0 hrs, 0 mins, 0 secs, 20 ms
SET
Time: 0 hrs, 0 mins, 0 secs, 26 ms
TRUNCATE
Time: 0 hrs, 0 mins, 0 secs, 823 ms
INSERT 0 463186
Time: 0 hrs, 0 mins, 4 secs, 103 ms
 count(1) 
----------
   463186
(1 row)

Time: 0 hrs, 0 mins, 1 secs, 294 ms
ANALYZE
Time: 0 hrs, 0 mins, 0 secs, 315 ms
END
Time: 0 hrs, 0 mins, 15 secs, 863 ms

Thu Aug 4 05:49:02 EDT 2011


2000 - WRAP UP 

Timing is on.
BEGIN
Time: 0 hrs, 0 mins, 1 secs, 682 ms
TRUNCATE
Time: 0 hrs, 0 mins, 0 secs, 659 ms
TRUNCATE
Time: 0 hrs, 0 mins, 0 secs, 195 ms
END
Time: 0 hrs, 0 mins, 14 secs, 398 ms
Thu Aug 4 05:49:19 EDT 2011
Removing lock file and waiting for a minute
Total time taken:  54  minutes.
Running time of run.sh 20110803: 3274 seconds
Checking for lock file /tmp/.iislock
Acquired lock file /tmp/.iislock
-------------------------------------
Processing for 20110803
-------------------------------------

Fri Aug 5 05:46:28 EDT 2011

Timing is on.

           000 - INIT

BEGIN
Time: 0 hrs, 0 mins, 2 secs, 909 ms
*** Truncating staging tables before workflow starts ***
SET
Time: 0 hrs, 0 mins, 0 secs, 14 ms
GRANT
Time: 0 hrs, 0 mins, 21 secs, 615 ms
END
Time: 0 hrs, 0 mins, 8 secs, 132 ms

Fri Aug 5 05:47:01 EDT 2011

Timing is on.

            200 - LOAD_BN_IISLOGS   

BEGIN
Time: 0 hrs, 0 mins, 2 secs, 180 ms
SET
Time: 0 hrs, 0 mins, 0 secs, 13 ms
TRUNCATE
Time: 0 hrs, 0 mins, 2 secs, 965 ms
INSERT 0 75756068
Time: 0 hrs, 13 mins, 1 secs, 854 ms
END
Time: 0 hrs, 2 mins, 16 secs, 838 ms
ALTER TABLE
Time: 0 hrs, 0 mins, 48 secs, 163 ms

Fri Aug 5 06:03:14 EDT 2011

Timing is on.
BEGIN
Time: 0 hrs, 0 mins, 4 secs, 143 ms
SET
Time: 0 hrs, 0 mins, 0 secs, 10 ms

            250 - LOAD_BN_HITS_SP   

TRUNCATE
Time: 0 hrs, 0 mins, 5 secs, 156 ms
INSERT 0 29764742
Time: 0 hrs, 5 mins, 58 secs, 558 ms
ANALYZE
Time: 0 hrs, 1 mins, 24 secs, 972 ms
END
Time: 0 hrs, 0 mins, 49 secs, 39 ms

Fri Aug 5 06:11:36 EDT 2011

Timing is on.
BEGIN
Time: 0 hrs, 0 mins, 2 secs, 347 ms
SET
Time: 0 hrs, 0 mins, 0 secs, 10 ms

           300 - DYNAMIC FILTER

TRUNCATE
Time: 0 hrs, 0 mins, 1 secs, 83 ms
INSERT 0 19236346
Time: 0 hrs, 0 mins, 14 secs, 527 ms
ANALYZE
Time: 0 hrs, 0 mins, 2 secs, 133 ms
 Total records in web_click_cnt 
--------------------------------
                       19236346
(1 row)

Time: 0 hrs, 0 mins, 0 secs, 468 ms
CREATE TABLE
Time: 0 hrs, 0 mins, 6 secs, 215 ms
ANALYZE
Time: 0 hrs, 0 mins, 0 secs, 426 ms
CREATE TABLE
Time: 0 hrs, 0 mins, 2 secs, 174 ms
ANALYZE
Time: 0 hrs, 0 mins, 0 secs, 112 ms
DELETE 1
Time: 0 hrs, 0 mins, 0 secs, 410 ms
INSERT 0 1
Time: 0 hrs, 0 mins, 1 secs, 380 ms
DELETE 1
Time: 0 hrs, 0 mins, 0 secs, 324 ms
INSERT 0 1
Time: 0 hrs, 0 mins, 1 secs, 36 ms
CREATE TABLE
Time: 0 hrs, 0 mins, 3 secs, 209 ms
ANALYZE
Time: 0 hrs, 0 mins, 0 secs, 126 ms
CREATE TABLE
Time: 0 hrs, 0 mins, 0 secs, 998 ms
ANALYZE
Time: 0 hrs, 0 mins, 0 secs, 113 ms
DELETE 1
Time: 0 hrs, 0 mins, 0 secs, 375 ms
INSERT 0 1
Time: 0 hrs, 0 mins, 1 secs, 283 ms
DELETE 1
Time: 0 hrs, 0 mins, 0 secs, 136 ms
INSERT 0 1
Time: 0 hrs, 0 mins, 0 secs, 960 ms
ANALYZE
Time: 0 hrs, 0 mins, 0 secs, 78 ms
    tablename     |    attr_name    | attr_value 
------------------+-----------------+------------
 BN_FILTER_SPIDER | CLK_USER_SD_MPL | 10
 BN_FILTER_SPIDER | IP_USER_SD_MPL  | 1
 BN_FILTER_SPIDER | IP_USER_RATIO   | .955
 BN_FILTER_SPIDER | CLK_USER_MEAN   | 13.485
 BN_FILTER_SPIDER | CLK_USER_SD     | 37.324
 BN_FILTER_SPIDER | IP_USER_MEAN    | 19.434
 BN_FILTER_SPIDER | IP_USER_SD      | 1627.402
(7 rows)

Time: 0 hrs, 0 mins, 0 secs, 211 ms
CREATE TABLE
Time: 0 hrs, 0 mins, 7 secs, 982 ms
CREATE TABLE
Time: 0 hrs, 0 mins, 1 secs, 67 ms
 l_mean_sd_mpl 
---------------
       386.725
(1 row)

Time: 0 hrs, 0 mins, 0 secs, 130 ms
TRUNCATE
Time: 0 hrs, 0 mins, 0 secs, 801 ms
INSERT 0 748
Time: 0 hrs, 0 mins, 7 secs, 512 ms
ANALYZE
Time: 0 hrs, 0 mins, 0 secs, 93 ms
 Total click_user bn_spider_ip records 
---------------------------------------
                                   748
(1 row)

Time: 0 hrs, 0 mins, 0 secs, 170 ms
CREATE TABLE
Time: 0 hrs, 0 mins, 4 secs, 846 ms
ANALYZE
Time: 0 hrs, 0 mins, 0 secs, 62 ms
CREATE TABLE
Time: 0 hrs, 0 mins, 3 secs, 620 ms
ANALYZE
Time: 0 hrs, 0 mins, 0 secs, 107 ms
DROP 
Time: 0 hrs, 0 mins, 0 secs, 258 ms
CREATE TABLE
Time: 0 hrs, 0 mins, 1 secs, 981 ms
 l_mean_sd_mpl | l_ratio 
---------------+---------
      1646.836 |   0.955
(1 row)

Time: 0 hrs, 0 mins, 0 secs, 344 ms
INSERT 0 16400085
Time: 0 hrs, 0 mins, 10 secs, 671 ms
ANALYZE
Time: 0 hrs, 0 mins, 0 secs, 349 ms
 Total ip_user_filter bn_spider_ip records 
-------------------------------------------
                                  16400085
(1 row)

Time: 0 hrs, 0 mins, 0 secs, 640 ms
TRUNCATE
Time: 0 hrs, 0 mins, 2 secs, 87 ms
INSERT 0 20934954
Time: 0 hrs, 1 mins, 14 secs, 420 ms
ANALYZE
Time: 0 hrs, 0 mins, 7 secs, 852 ms
 bn_hits_stage 
---------------
      20934954
(1 row)

Time: 0 hrs, 0 mins, 0 secs, 840 ms
INSERT 0 17272979
Time: 0 hrs, 2 mins, 8 secs, 47 ms
ANALYZE
Time: 0 hrs, 1 mins, 29 secs, 802 ms
 bn_hits_sp_20110803 
---------------------
            47037721
(1 row)

Time: 0 hrs, 0 mins, 26 secs, 511 ms
TRUNCATE
Time: 0 hrs, 0 mins, 10 secs, 43 ms
INSERT 0 7783393
Time: 0 hrs, 0 mins, 34 secs, 551 ms
ANALYZE
Time: 0 hrs, 0 mins, 3 secs, 483 ms
 bn_hits_client_20110803 
-------------------------
                 7783393
(1 row)

Time: 0 hrs, 0 mins, 0 secs, 687 ms
END
Time: 0 hrs, 2 mins, 35 secs, 70 ms

Fri Aug 5 06:21:50 EDT 2011

Timing is on.
BEGIN
Time: 0 hrs, 0 mins, 1 secs, 514 ms

           600 - LOAD RESOURCES

SET
Time: 0 hrs, 0 mins, 0 secs, 10 ms
CREATE TABLE
Time: 0 hrs, 1 mins, 35 secs, 885 ms
ANALYZE
Time: 0 hrs, 0 mins, 1 secs, 67 ms
 tmp_a_count 
-------------
      563098
(1 row)

Time: 0 hrs, 0 mins, 1 secs, 882 ms
UPDATE 0
Time: 0 hrs, 0 mins, 7 secs, 234 ms
ANALYZE
Time: 0 hrs, 0 mins, 0 secs, 874 ms
TRUNCATE
Time: 0 hrs, 0 mins, 1 secs, 221 ms
INSERT 0 65744
Time: 0 hrs, 0 mins, 24 secs, 161 ms
ANALYZE
Time: 0 hrs, 0 mins, 1 secs, 336 ms
 first_resource_id | last_resource_id 
-------------------+------------------
          32196569 |         32262312
(1 row)

Time: 0 hrs, 0 mins, 0 secs, 973 ms
INSERT 0 65744
Time: 0 hrs, 0 mins, 1 secs, 50 ms
 total_resources 
-----------------
        32237916
(1 row)

Time: 0 hrs, 0 mins, 0 secs, 826 ms
ANALYZE
Time: 0 hrs, 0 mins, 0 secs, 660 ms
END
Time: 0 hrs, 0 mins, 6 secs, 377 ms
VACUUM
Time: 0 hrs, 0 mins, 46 secs, 402 ms

Fri Aug 5 06:25:02 EDT 2011

Timing is on.

           650 - LOAD_BN_SESSION_STAGE

BEGIN
Time: 0 hrs, 0 mins, 4 secs, 936 ms
SET
Time: 0 hrs, 0 mins, 0 secs, 10 ms
SET
Time: 0 hrs, 0 mins, 0 secs, 75 ms
CREATE TABLE
Time: 0 hrs, 1 mins, 14 secs, 292 ms
ANALYZE
Time: 0 hrs, 0 mins, 4 secs, 616 ms
 tmp_sessionized_stage 
-----------------------
              20934954
(1 row)

Time: 0 hrs, 0 mins, 0 secs, 745 ms
TRUNCATE
Time: 0 hrs, 0 mins, 1 secs, 211 ms
INSERT 0 2420748
Time: 0 hrs, 0 mins, 37 secs, 471 ms
ANALYZE
Time: 0 hrs, 0 mins, 1 secs, 988 ms
CREATE TABLE
Time: 0 hrs, 2 mins, 9 secs, 744 ms
CREATE INDEX
Time: 0 hrs, 0 mins, 1 secs, 781 ms
 tmp_first_last 
----------------
        2420748
(1 row)

Time: 0 hrs, 0 mins, 0 secs, 833 ms
ANALYZE
Time: 0 hrs, 0 mins, 1 secs, 96 ms
SET
Time: 0 hrs, 0 mins, 0 secs, 231 ms
SET
Time: 0 hrs, 0 mins, 0 secs, 242 ms
TRUNCATE
Time: 0 hrs, 0 mins, 2 secs, 175 ms
DROP
Time: 0 hrs, 0 mins, 0 secs, 258 ms
INSERT 0 2420748
Time: 0 hrs, 0 mins, 9 secs, 375 ms
 bn_session_stage 
------------------
          2420748
(1 row)

Time: 0 hrs, 0 mins, 1 secs, 574 ms
CREATE INDEX
Time: 0 hrs, 0 mins, 2 secs, 384 ms
ANALYZE
Time: 0 hrs, 0 mins, 1 secs, 386 ms
TRUNCATE
Time: 0 hrs, 0 mins, 1 secs, 149 ms
END
Time: 0 hrs, 0 mins, 21 secs, 826 ms

Fri Aug 5 06:30:01 EDT 2011

BEGIN

           660 - LOAD_BN_SESSION_UPDATE_STAGE

SET
TRUNCATE
INSERT 0 0
END

Fri Aug 5 06:32:01 EDT 2011

Timing is on.

           670 - LOAD_BN_SESSION_20110803.UPDATES

BEGIN
Time: 0 hrs, 0 mins, 1 secs, 512 ms
SET
Time: 0 hrs, 0 mins, 0 secs, 10 ms
UPDATE 0
Time: 0 hrs, 0 mins, 0 secs, 376 ms
END
Time: 0 hrs, 0 mins, 17 secs, 83 ms
VACUUM
Time: 0 hrs, 4 mins, 39 secs, 516 ms

Fri Aug 5 06:37:00 EDT 2011

Timing is on.

           700 - LOAD_BN_SESSION

BEGIN
Time: 0 hrs, 0 mins, 0 secs, 956 ms
SET
Time: 0 hrs, 0 mins, 0 secs, 9 ms
INSERT 0 2420748
Time: 0 hrs, 0 mins, 21 secs, 20 ms
ANALYZE
Time: 0 hrs, 0 mins, 1 secs, 184 ms
END
Time: 0 hrs, 0 mins, 8 secs, 801 ms

Fri Aug 5 06:37:32 EDT 2011

Timing is on.

            750 - LOAD_BN_SESSION_SUMMARY   

BEGIN
Time: 0 hrs, 0 mins, 1 secs, 979 ms
SET
Time: 0 hrs, 0 mins, 0 secs, 13 ms
CREATE TABLE
Time: 0 hrs, 0 mins, 26 secs, 557 ms
TRUNCATE
Time: 0 hrs, 0 mins, 0 secs, 695 ms
INSERT 0 338196
Time: 0 hrs, 0 mins, 10 secs, 211 ms
ANALYZE
Time: 0 hrs, 0 mins, 1 secs, 91 ms
 count(1) 
----------
   338196
(1 row)

Time: 0 hrs, 0 mins, 0 secs, 167 ms
END
Time: 0 hrs, 0 mins, 5 secs, 739 ms

Fri Aug 5 06:38:19 EDT 2011

Timing is on.

           800 - LOAD_BN_HITS

BEGIN
Time: 0 hrs, 0 mins, 2 secs, 833 ms
SET
Time: 0 hrs, 0 mins, 0 secs, 10 ms
SET
Time: 0 hrs, 0 mins, 0 secs, 27 ms
SET
Time: 0 hrs, 0 mins, 0 secs, 25 ms
SET
Time: 0 hrs, 0 mins, 0 secs, 26 ms
TRUNCATE
Time: 0 hrs, 0 mins, 3 secs, 954 ms
INSERT 0 20934954
Time: 0 hrs, 0 mins, 39 secs, 310 ms
 count(1) 
----------
 20934954
(1 row)

Time: 0 hrs, 0 mins, 1 secs, 212 ms
ANALYZE
Time: 0 hrs, 0 mins, 3 secs, 847 ms
END
Time: 0 hrs, 0 mins, 20 secs, 412 ms

Fri Aug 5 06:39:31 EDT 2011

Timing is on.

            900 - LOAD_CLICKSTREAM   

BEGIN
Time: 0 hrs, 0 mins, 1 secs, 532 ms
SET
Time: 0 hrs, 0 mins, 0 secs, 15 ms
TRUNCATE
Time: 0 hrs, 0 mins, 0 secs, 881 ms
INSERT 0 20934954
Time: 0 hrs, 6 mins, 15 secs, 905 ms
 count(1) 
----------
 20934954
(1 row)

Time: 0 hrs, 0 mins, 0 secs, 943 ms
ANALYZE
Time: 0 hrs, 0 mins, 2 secs, 879 ms
END
Time: 0 hrs, 2 mins, 55 secs, 176 ms

Fri Aug 5 06:48:48 EDT 2011

Timing is on.

            1000 - PAGE_VIEW_SUMMARY  

BEGIN
Time: 0 hrs, 0 mins, 2 secs, 347 ms
SET
Time: 0 hrs, 0 mins, 0 secs, 11 ms
SET
Time: 0 hrs, 0 mins, 0 secs, 169 ms
TRUNCATE
Time: 0 hrs, 0 mins, 7 secs, 146 ms
INSERT 0 576056
Time: 0 hrs, 0 mins, 18 secs, 274 ms
 count(1) 
----------
   576056
(1 row)

Time: 0 hrs, 0 mins, 0 secs, 690 ms
ANALYZE
Time: 0 hrs, 0 mins, 0 secs, 472 ms
END
Time: 0 hrs, 0 mins, 7 secs, 160 ms

Fri Aug 5 06:49:25 EDT 2011


2000 - WRAP UP 

Timing is on.
BEGIN
Time: 0 hrs, 0 mins, 2 secs, 593 ms
TRUNCATE
Time: 0 hrs, 0 mins, 2 secs, 56 ms
TRUNCATE
Time: 0 hrs, 0 mins, 2 secs, 65 ms
END
Time: 0 hrs, 0 mins, 22 secs, 958 ms
Fri Aug 5 06:49:55 EDT 2011
Removing lock file and waiting for a minute
Total time taken:  64  minutes.
Running time of run.sh 20110803: 64 minutes
