Checking for lock file /tmp/.iislock
Acquired lock file /tmp/.iislock
-------------------------------------
Processing for 20110724
-------------------------------------

Tue Jul 26 11:07:09 EDT 2011

./init.sh: line 9: act: command not found

Tue Jul 26 11:07:09 EDT 2011

./preparse.sh: line 8: act: command not found

Tue Jul 26 11:07:09 EDT 2011

./load_bn_hits_sp.sh: line 8: act: command not found

Tue Jul 26 11:07:09 EDT 2011

./do_filter.sh: line 8: act: command not found

Tue Jul 26 11:07:09 EDT 2011

./load_resources.sh: line 7: act: command not found

Tue Jul 26 11:07:09 EDT 2011

./load_bn_session_stage.sh: line 8: act: command not found

Tue Jul 26 11:07:09 EDT 2011

./load_bn_session_update_stage.sh: line 6: act: command not found

Tue Jul 26 11:07:09 EDT 2011

./load_bn_session_updates.sh: line 6: act: command not found

Tue Jul 26 11:07:09 EDT 2011

./bn_session_inserts.sh: line 8: act: command not found

Tue Jul 26 11:07:10 EDT 2011

./bn_session_summary.sh: line 8: act: command not found

Tue Jul 26 11:07:10 EDT 2011

./bn_hits_inserts.sh: line 8: act: command not found

Tue Jul 26 11:07:10 EDT 2011

./load_clickstream.sh: line 8: act: command not found

Tue Jul 26 11:07:10 EDT 2011

./page_view_summary.sh: line 8: act: command not found

Tue Jul 26 11:07:10 EDT 2011


2000 - WRAP UP 

./cleanup.sh: line 7: act: command not found
Tue Jul 26 11:07:10 EDT 2011
Removing lock file and waiting for a minute
Total time taken:  1  minutes.
Running time of run.sh 20110724: 1 minutes
Checking for lock file /tmp/.iislock
Acquired lock file /tmp/.iislock
-------------------------------------
Processing for 20110724
-------------------------------------

Tue Jul 26 12:31:07 EDT 2011

./init.sh: line 9: act: command not found

Tue Jul 26 12:31:07 EDT 2011

./preparse.sh: line 8: act: command not found

Tue Jul 26 12:31:07 EDT 2011

./load_bn_hits_sp.sh: line 8: act: command not found

Tue Jul 26 12:31:07 EDT 2011

./do_filter.sh: line 8: act: command not found

Tue Jul 26 12:31:08 EDT 2011

./load_resources.sh: line 7: act: command not found

Tue Jul 26 12:31:08 EDT 2011

./load_bn_session_stage.sh: line 8: act: command not found

Tue Jul 26 12:31:08 EDT 2011

./load_bn_session_update_stage.sh: line 6: act: command not found

Tue Jul 26 12:31:08 EDT 2011

./load_bn_session_updates.sh: line 6: act: command not found

Tue Jul 26 12:31:08 EDT 2011

./bn_session_inserts.sh: line 8: act: command not found

Tue Jul 26 12:31:08 EDT 2011

./bn_session_summary.sh: line 8: act: command not found

Tue Jul 26 12:31:08 EDT 2011

./bn_hits_inserts.sh: line 8: act: command not found

Tue Jul 26 12:31:08 EDT 2011

./load_clickstream.sh: line 8: act: command not found

Tue Jul 26 12:31:09 EDT 2011

./page_view_summary.sh: line 8: act: command not found

Tue Jul 26 12:31:09 EDT 2011


2000 - WRAP UP 

./cleanup.sh: line 7: act: command not found
Tue Jul 26 12:31:09 EDT 2011
Removing lock file and waiting for a minute
Total time taken:  1  minutes.
Running time of run.sh 20110724: 1 minutes
Checking for lock file /tmp/.iislock
Acquired lock file /tmp/.iislock
-------------------------------------
Processing for 20110724
-------------------------------------

Tue Jul 26 12:40:25 EDT 2011

./init.sh: line 9: /home/beehive/clients/act: Permission denied

Tue Jul 26 12:40:25 EDT 2011

./preparse.sh: line 8: /home/beehive/clients/act: Permission denied

Tue Jul 26 12:40:25 EDT 2011

./load_bn_hits_sp.sh: line 8: /home/beehive/clients/act: Permission denied

Tue Jul 26 12:40:26 EDT 2011

./do_filter.sh: line 8: /home/beehive/clients/act: Permission denied

Tue Jul 26 12:40:26 EDT 2011

./load_resources.sh: line 7: /home/beehive/clients/act: Permission denied

Tue Jul 26 12:40:26 EDT 2011

./load_bn_session_stage.sh: line 8: /home/beehive/clients/act: Permission denied

Tue Jul 26 12:40:26 EDT 2011

./load_bn_session_update_stage.sh: line 6: /home/beehive/clients/act: Permission denied

Tue Jul 26 12:40:26 EDT 2011

./load_bn_session_updates.sh: line 6: /home/beehive/clients/act: Permission denied

Tue Jul 26 12:40:26 EDT 2011

./bn_session_inserts.sh: line 8: /home/beehive/clients/act: Permission denied

Tue Jul 26 12:40:26 EDT 2011

./bn_session_summary.sh: line 8: /home/beehive/clients/act: Permission denied

Tue Jul 26 12:40:27 EDT 2011

./bn_hits_inserts.sh: line 8: /home/beehive/clients/act: Permission denied

Tue Jul 26 12:40:27 EDT 2011

./load_clickstream.sh: line 8: /home/beehive/clients/act: Permission denied

Tue Jul 26 12:40:27 EDT 2011

./page_view_summary.sh: line 8: /home/beehive/clients/act: Permission denied

Tue Jul 26 12:40:27 EDT 2011


2000 - WRAP UP 

./cleanup.sh: line 7: /home/beehive/clients/act: Permission denied
Tue Jul 26 12:40:27 EDT 2011
Removing lock file and waiting for a minute
Total time taken:  1  minutes.
Running time of run.sh 20110724: 1 minutes
Checking for lock file /tmp/.iislock
Acquired lock file /tmp/.iislock
-------------------------------------
Processing for 20110724
-------------------------------------

Tue Jul 26 13:51:42 EDT 2011

Timing is on.

           000 - INIT

BEGIN
Time: 0 hrs, 0 mins, 2 secs, 378 ms
*** Truncating staging tables before workflow starts ***
SET
Time: 0 hrs, 0 mins, 0 secs, 11 ms
GRANT
Time: 0 hrs, 0 mins, 15 secs, 205 ms
END
Time: 0 hrs, 0 mins, 4 secs, 568 ms

Tue Jul 26 13:52:05 EDT 2011

Timing is on.

            200 - LOAD_BN_IISLOGS   

BEGIN
Time: 0 hrs, 0 mins, 1 secs, 160 ms
SET
Time: 0 hrs, 0 mins, 0 secs, 10 ms
TRUNCATE
Time: 0 hrs, 0 mins, 4 secs, 830 ms
INSERT 0 19361133
Time: 0 hrs, 4 mins, 23 secs, 106 ms
END
Time: 0 hrs, 0 mins, 6 secs, 936 ms
ALTER TABLE
Time: 0 hrs, 5 mins, 25 secs, 583 ms

Tue Jul 26 14:02:06 EDT 2011

Timing is on.
BEGIN
Time: 0 hrs, 0 mins, 2 secs, 682 ms
SET
Time: 0 hrs, 0 mins, 0 secs, 15 ms

            250 - LOAD_BN_HITS_SP   

TRUNCATE
Time: 0 hrs, 0 mins, 3 secs, 233 ms
INSERT 0 6790007
Time: 0 hrs, 1 mins, 24 secs, 927 ms
ANALYZE
Time: 0 hrs, 0 mins, 2 secs, 997 ms
END
Time: 0 hrs, 1 mins, 56 secs, 636 ms

Tue Jul 26 14:05:37 EDT 2011

Timing is on.
BEGIN
Time: 0 hrs, 0 mins, 2 secs, 912 ms
SET
Time: 0 hrs, 0 mins, 0 secs, 10 ms

           300 - DYNAMIC FILTER

TRUNCATE
Time: 0 hrs, 0 mins, 1 secs, 309 ms
INSERT 0 4310113
Time: 0 hrs, 0 mins, 8 secs, 777 ms
ANALYZE
Time: 0 hrs, 0 mins, 0 secs, 586 ms
 Total records in web_click_cnt 
--------------------------------
                        4310113
(1 row)

Time: 0 hrs, 0 mins, 1 secs, 859 ms
CREATE TABLE
Time: 0 hrs, 1 mins, 25 secs, 559 ms
ANALYZE
Time: 0 hrs, 0 mins, 0 secs, 215 ms
CREATE TABLE
Time: 0 hrs, 0 mins, 3 secs, 623 ms
ANALYZE
Time: 0 hrs, 0 mins, 0 secs, 123 ms
DELETE 1
Time: 0 hrs, 0 mins, 1 secs, 261 ms
INSERT 0 1
Time: 0 hrs, 0 mins, 1 secs, 636 ms
DELETE 1
Time: 0 hrs, 0 mins, 0 secs, 181 ms
INSERT 0 1
Time: 0 hrs, 0 mins, 3 secs, 89 ms
CREATE TABLE
Time: 0 hrs, 0 mins, 8 secs, 18 ms
ANALYZE
Time: 0 hrs, 0 mins, 0 secs, 105 ms
CREATE TABLE
Time: 0 hrs, 0 mins, 5 secs, 408 ms
ANALYZE
Time: 0 hrs, 0 mins, 0 secs, 398 ms
DELETE 1
Time: 0 hrs, 0 mins, 0 secs, 687 ms
INSERT 0 1
Time: 0 hrs, 0 mins, 4 secs, 768 ms
DELETE 1
Time: 0 hrs, 0 mins, 0 secs, 612 ms
INSERT 0 1
Time: 0 hrs, 0 mins, 5 secs, 487 ms
ANALYZE
Time: 0 hrs, 0 mins, 0 secs, 214 ms
    tablename     |    attr_name    | attr_value 
------------------+-----------------+------------
 BN_FILTER_SPIDER | CLK_USER_SD_MPL | 10
 BN_FILTER_SPIDER | IP_USER_SD_MPL  | 1
 BN_FILTER_SPIDER | IP_USER_RATIO   | .955
 BN_FILTER_SPIDER | CLK_USER_MEAN   | 12.233
 BN_FILTER_SPIDER | CLK_USER_SD     | 33.666
 BN_FILTER_SPIDER | IP_USER_MEAN    | 11.898
 BN_FILTER_SPIDER | IP_USER_SD      | 626.939
(7 rows)

Time: 0 hrs, 0 mins, 1 secs, 28 ms
CREATE TABLE
Time: 0 hrs, 13 mins, 29 secs, 8 ms
CREATE TABLE
Time: 0 hrs, 0 mins, 0 secs, 884 ms
 l_mean_sd_mpl 
---------------
       348.893
(1 row)

Time: 0 hrs, 0 mins, 0 secs, 421 ms
TRUNCATE
Time: 0 hrs, 0 mins, 2 secs, 148 ms
INSERT 0 188
Time: 0 hrs, 19 mins, 7 secs, 470 ms
ANALYZE
Time: 0 hrs, 0 mins, 0 secs, 430 ms
 Total click_user bn_spider_ip records 
---------------------------------------
                                   188
(1 row)

Time: 0 hrs, 0 mins, 1 secs, 229 ms
CREATE TABLE
Time: 0 hrs, 4 mins, 21 secs, 577 ms
ANALYZE
Time: 0 hrs, 0 mins, 1 secs, 111 ms
CREATE TABLE
Time: 0 hrs, 0 mins, 16 secs, 867 ms
ANALYZE
Time: 0 hrs, 0 mins, 0 secs, 74 ms
DROP 
Time: 0 hrs, 0 mins, 0 secs, 219 ms
CREATE TABLE
Time: 0 hrs, 0 mins, 1 secs, 655 ms
 l_mean_sd_mpl | l_ratio 
---------------+---------
       638.837 |   0.955
(1 row)

Time: 0 hrs, 0 mins, 0 secs, 566 ms
INSERT 0 3518890
Time: 0 hrs, 0 mins, 6 secs, 381 ms
ANALYZE
Time: 0 hrs, 0 mins, 0 secs, 543 ms
 Total ip_user_filter bn_spider_ip records 
-------------------------------------------
                                   3518890
(1 row)

Time: 0 hrs, 0 mins, 1 secs, 188 ms
TRUNCATE
Time: 0 hrs, 0 mins, 3 secs, 275 ms
INSERT 0 5933986
Time: 0 hrs, 0 mins, 26 secs, 483 ms
ANALYZE
Time: 0 hrs, 0 mins, 7 secs, 767 ms
 bn_hits_stage 
---------------
       5933986
(1 row)

Time: 0 hrs, 0 mins, 0 secs, 192 ms
INSERT 0 3687302
Time: 0 hrs, 0 mins, 19 secs, 926 ms
ANALYZE
Time: 0 hrs, 0 mins, 6 secs, 614 ms
 bn_hits_sp_20110724 
---------------------
            10477309
(1 row)

Time: 0 hrs, 0 mins, 1 secs, 672 ms
TRUNCATE
Time: 0 hrs, 0 mins, 2 secs, 197 ms
INSERT 0 2949838
Time: 0 hrs, 0 mins, 2 secs, 903 ms
ANALYZE
Time: 0 hrs, 0 mins, 2 secs, 492 ms
 bn_hits_client_20110724 
-------------------------
                 2949838
(1 row)

Time: 0 hrs, 0 mins, 0 secs, 538 ms
END
Time: 0 hrs, 5 mins, 14 secs, 167 ms

Tue Jul 26 14:51:55 EDT 2011

Timing is on.
BEGIN
Time: 0 hrs, 0 mins, 1 secs, 903 ms

           600 - LOAD RESOURCES

SET
Time: 0 hrs, 0 mins, 0 secs, 14 ms
CREATE TABLE
Time: 0 hrs, 0 mins, 32 secs, 129 ms
ANALYZE
Time: 0 hrs, 0 mins, 4 secs, 440 ms
 tmp_a_count 
-------------
      185269
(1 row)

Time: 0 hrs, 0 mins, 1 secs, 329 ms
UPDATE 0
Time: 0 hrs, 0 mins, 9 secs, 864 ms
ANALYZE
Time: 0 hrs, 0 mins, 0 secs, 932 ms
TRUNCATE
Time: 0 hrs, 0 mins, 13 secs, 159 ms
INSERT 0 53066
Time: 0 hrs, 2 mins, 22 secs, 449 ms
ANALYZE
Time: 0 hrs, 0 mins, 1 secs, 713 ms
 first_resource_id | last_resource_id 
-------------------+------------------
          28591765 |         28644830
(1 row)

Time: 0 hrs, 0 mins, 2 secs, 201 ms
INSERT 0 53066
Time: 0 hrs, 0 mins, 11 secs, 834 ms
 total_resources 
-----------------
        28620434
(1 row)

Time: 0 hrs, 0 mins, 6 secs, 854 ms
ANALYZE
Time: 0 hrs, 0 mins, 2 secs, 611 ms
END
Time: 0 hrs, 0 mins, 20 secs, 679 ms
VACUUM
Time: 0 hrs, 4 mins, 11 secs, 333 ms

Tue Jul 26 15:00:19 EDT 2011

Timing is on.

           650 - LOAD_BN_SESSION_STAGE

BEGIN
Time: 0 hrs, 0 mins, 2 secs, 156 ms
SET
Time: 0 hrs, 0 mins, 0 secs, 11 ms
SET
Time: 0 hrs, 0 mins, 0 secs, 48 ms
CREATE TABLE
Time: 0 hrs, 1 mins, 44 secs, 177 ms
ANALYZE
Time: 0 hrs, 0 mins, 4 secs, 220 ms
 tmp_sessionized_stage 
-----------------------
               5933986
(1 row)

Time: 0 hrs, 0 mins, 1 secs, 809 ms
TRUNCATE
Time: 0 hrs, 0 mins, 7 secs, 959 ms
INSERT 0 670721
Time: 0 hrs, 0 mins, 52 secs, 707 ms
ANALYZE
Time: 0 hrs, 0 mins, 2 secs, 135 ms
CREATE TABLE
Time: 0 hrs, 8 mins, 10 secs, 336 ms
CREATE INDEX
Time: 0 hrs, 0 mins, 3 secs, 637 ms
 tmp_first_last 
----------------
         670721
(1 row)

Time: 0 hrs, 0 mins, 0 secs, 733 ms
ANALYZE
Time: 0 hrs, 0 mins, 0 secs, 746 ms
SET
Time: 0 hrs, 0 mins, 0 secs, 29 ms
SET
Time: 0 hrs, 0 mins, 0 secs, 24 ms
TRUNCATE
Time: 0 hrs, 0 mins, 6 secs, 308 ms
DROP
Time: 0 hrs, 0 mins, 0 secs, 450 ms
INSERT 0 670721
Time: 0 hrs, 0 mins, 11 secs, 478 ms
 bn_session_stage 
------------------
           670721
(1 row)

Time: 0 hrs, 0 mins, 2 secs, 92 ms
CREATE INDEX
Time: 0 hrs, 0 mins, 2 secs, 295 ms
ANALYZE
Time: 0 hrs, 0 mins, 1 secs, 658 ms
TRUNCATE
Time: 0 hrs, 0 mins, 2 secs, 605 ms
END
Time: 0 hrs, 1 mins, 7 secs, 566 ms

Tue Jul 26 15:13:04 EDT 2011

BEGIN

           660 - LOAD_BN_SESSION_UPDATE_STAGE

SET
TRUNCATE
INSERT 0 0
END

Tue Jul 26 15:13:11 EDT 2011

Timing is on.

           670 - LOAD_BN_SESSION_20110724.UPDATES

BEGIN
Time: 0 hrs, 0 mins, 2 secs, 187 ms
SET
Time: 0 hrs, 0 mins, 0 secs, 11 ms
UPDATE 0
Time: 0 hrs, 0 mins, 0 secs, 413 ms
END
Time: 0 hrs, 0 mins, 5 secs, 449 ms
VACUUM
Time: 0 hrs, 3 mins, 12 secs, 20 ms

Tue Jul 26 15:16:32 EDT 2011

Timing is on.

           700 - LOAD_BN_SESSION

BEGIN
Time: 0 hrs, 0 mins, 2 secs, 54 ms
SET
Time: 0 hrs, 0 mins, 0 secs, 10 ms
INSERT 0 670721
Time: 0 hrs, 3 mins, 42 secs, 509 ms
ANALYZE
Time: 0 hrs, 0 mins, 0 secs, 602 ms
END
Time: 0 hrs, 1 mins, 7 secs, 73 ms

Tue Jul 26 15:21:24 EDT 2011

Timing is on.

            750 - LOAD_BN_SESSION_SUMMARY   

BEGIN
Time: 0 hrs, 0 mins, 2 secs, 107 ms
SET
Time: 0 hrs, 0 mins, 0 secs, 11 ms
CREATE TABLE
Time: 0 hrs, 2 mins, 52 secs, 209 ms
TRUNCATE
Time: 0 hrs, 0 mins, 28 secs, 284 ms
INSERT 0 101562
Time: 0 hrs, 0 mins, 6 secs, 983 ms
ANALYZE
Time: 0 hrs, 0 mins, 1 secs, 277 ms
 count(1) 
----------
   101562
(1 row)

Time: 0 hrs, 0 mins, 1 secs, 99 ms
END
Time: 0 hrs, 3 mins, 32 secs, 872 ms

Tue Jul 26 15:28:29 EDT 2011

Timing is on.

           800 - LOAD_BN_HITS

BEGIN
Time: 0 hrs, 0 mins, 3 secs, 591 ms
SET
Time: 0 hrs, 0 mins, 0 secs, 27 ms
SET
Time: 0 hrs, 0 mins, 0 secs, 50 ms
SET
Time: 0 hrs, 0 mins, 0 secs, 72 ms
SET
Time: 0 hrs, 0 mins, 0 secs, 33 ms
TRUNCATE
Time: 0 hrs, 0 mins, 6 secs, 316 ms
INSERT 0 5933986
Time: 0 hrs, 0 mins, 19 secs, 579 ms
 count(1) 
----------
  5933986
(1 row)

Time: 0 hrs, 0 mins, 5 secs, 198 ms
ANALYZE
Time: 0 hrs, 0 mins, 4 secs, 155 ms
END
Time: 0 hrs, 9 mins, 51 secs, 687 ms

Tue Jul 26 15:39:01 EDT 2011

Timing is on.

            900 - LOAD_CLICKSTREAM   

BEGIN
Time: 0 hrs, 0 mins, 3 secs, 728 ms
SET
Time: 0 hrs, 0 mins, 0 secs, 11 ms
TRUNCATE
Time: 0 hrs, 0 mins, 11 secs, 530 ms
INSERT 0 5933986
Time: 0 hrs, 13 mins, 33 secs, 775 ms
 count(1) 
----------
  5933986
(1 row)

Time: 0 hrs, 0 mins, 0 secs, 869 ms
ANALYZE
Time: 0 hrs, 0 mins, 1 secs, 153 ms
END
Time: 0 hrs, 0 mins, 9 secs, 566 ms

Tue Jul 26 15:53:02 EDT 2011

Timing is on.

            1000 - PAGE_VIEW_SUMMARY  

BEGIN
Time: 0 hrs, 0 mins, 1 secs, 52 ms
SET
Time: 0 hrs, 0 mins, 0 secs, 13 ms
SET
Time: 0 hrs, 0 mins, 0 secs, 26 ms
TRUNCATE
Time: 0 hrs, 0 mins, 1 secs, 860 ms
INSERT 0 191542
Time: 0 hrs, 0 mins, 7 secs, 260 ms
 count(1) 
----------
   191542
(1 row)

Time: 0 hrs, 0 mins, 0 secs, 461 ms
ANALYZE
Time: 0 hrs, 0 mins, 0 secs, 135 ms
END
Time: 0 hrs, 0 mins, 5 secs, 546 ms

Tue Jul 26 15:53:19 EDT 2011


2000 - WRAP UP 

Timing is on.
BEGIN
Time: 0 hrs, 0 mins, 1 secs, 658 ms
TRUNCATE
Time: 0 hrs, 0 mins, 0 secs, 904 ms
TRUNCATE
Time: 0 hrs, 0 mins, 1 secs, 481 ms
END
Time: 0 hrs, 0 mins, 5 secs, 469 ms
Tue Jul 26 15:53:28 EDT 2011
Removing lock file and waiting for a minute
Total time taken:  122  minutes.
Running time of run.sh 20110724: 122 minutes
Checking for lock file /tmp/.iislock
Acquired lock file /tmp/.iislock
-------------------------------------
Processing for 
-------------------------------------

Thu Jul 28 10:24:07 EDT 2011


Thu Jul 28 10:24:08 EDT 2011


Thu Jul 28 10:24:08 EDT 2011


Thu Jul 28 10:24:08 EDT 2011


Thu Jul 28 10:24:09 EDT 2011

Timing is on.
Checking for lock file /tmp/.iislock
Acquired lock file /tmp/.iislock
-------------------------------------
Processing for 20110724
-------------------------------------

Thu Jul 28 11:01:49 EDT 2011

Timing is on.

           000 - INIT

BEGIN
Time: 0 hrs, 0 mins, 13 secs, 269 ms
*** Truncating staging tables before workflow starts ***
SET
Time: 0 hrs, 0 mins, 0 secs, 12 ms
GRANT
Time: 0 hrs, 0 mins, 35 secs, 840 ms
END
Time: 0 hrs, 4 mins, 40 secs, 269 ms

Thu Jul 28 11:07:18 EDT 2011

Timing is on.

            200 - LOAD_BN_IISLOGS   

BEGIN
Time: 0 hrs, 0 mins, 3 secs, 696 ms
SET
Time: 0 hrs, 0 mins, 0 secs, 24 ms
TRUNCATE
Time: 0 hrs, 0 mins, 7 secs, 121 ms
INSERT 0 75937774
Time: 0 hrs, 14 mins, 31 secs, 148 ms
END
Time: 0 hrs, 3 mins, 39 secs, 977 ms
ALTER TABLE
Time: 0 hrs, 1 mins, 17 secs, 317 ms

Thu Jul 28 11:26:58 EDT 2011

Timing is on.
BEGIN
Time: 0 hrs, 0 mins, 1 secs, 452 ms
SET
Time: 0 hrs, 0 mins, 0 secs, 10 ms

            250 - LOAD_BN_HITS_SP   

TRUNCATE
Time: 0 hrs, 0 mins, 2 secs, 483 ms
INSERT 0 28960017
Time: 0 hrs, 4 mins, 39 secs, 823 ms
ANALYZE
Time: 0 hrs, 0 mins, 10 secs, 670 ms
END
Time: 0 hrs, 0 mins, 29 secs, 336 ms

Thu Jul 28 11:32:22 EDT 2011

Timing is on.
BEGIN
Time: 0 hrs, 0 mins, 1 secs, 908 ms
SET
Time: 0 hrs, 0 mins, 0 secs, 9 ms

           300 - DYNAMIC FILTER

TRUNCATE
Time: 0 hrs, 0 mins, 0 secs, 583 ms
INSERT 0 18655234
Time: 0 hrs, 0 mins, 52 secs, 432 ms
ANALYZE
Time: 0 hrs, 0 mins, 1 secs, 26 ms
 Total records in web_click_cnt 
--------------------------------
                       18655234
(1 row)

Time: 0 hrs, 0 mins, 0 secs, 512 ms
CREATE TABLE
Time: 0 hrs, 0 mins, 9 secs, 974 ms
ANALYZE
Time: 0 hrs, 0 mins, 0 secs, 151 ms
CREATE TABLE
Time: 0 hrs, 0 mins, 4 secs, 667 ms
ANALYZE
Time: 0 hrs, 0 mins, 0 secs, 110 ms
DELETE 1
Time: 0 hrs, 0 mins, 0 secs, 758 ms
INSERT 0 1
Time: 0 hrs, 0 mins, 1 secs, 248 ms
DELETE 1
Time: 0 hrs, 0 mins, 0 secs, 129 ms
INSERT 0 1
Time: 0 hrs, 0 mins, 0 secs, 488 ms
CREATE TABLE
Time: 0 hrs, 0 mins, 3 secs, 768 ms
ANALYZE
Time: 0 hrs, 0 mins, 0 secs, 245 ms
CREATE TABLE
Time: 0 hrs, 0 mins, 3 secs, 437 ms
ANALYZE
Time: 0 hrs, 0 mins, 0 secs, 108 ms
DELETE 1
Time: 0 hrs, 0 mins, 0 secs, 70 ms
INSERT 0 1
Time: 0 hrs, 0 mins, 2 secs, 374 ms
DELETE 1
Time: 0 hrs, 0 mins, 0 secs, 94 ms
INSERT 0 1
Time: 0 hrs, 0 mins, 3 secs, 156 ms
ANALYZE
Time: 0 hrs, 0 mins, 0 secs, 314 ms
    tablename     |    attr_name    | attr_value 
------------------+-----------------+------------
 BN_FILTER_SPIDER | CLK_USER_SD_MPL | 10
 BN_FILTER_SPIDER | IP_USER_SD_MPL  | 1
 BN_FILTER_SPIDER | IP_USER_RATIO   | .955
 BN_FILTER_SPIDER | CLK_USER_MEAN   | 13.082
 BN_FILTER_SPIDER | CLK_USER_SD     | 37.437
 BN_FILTER_SPIDER | IP_USER_MEAN    | 16.989
 BN_FILTER_SPIDER | IP_USER_SD      | 1427.601
(7 rows)

Time: 0 hrs, 0 mins, 0 secs, 533 ms
CREATE TABLE
Time: 0 hrs, 0 mins, 22 secs, 242 ms
CREATE TABLE
Time: 0 hrs, 0 mins, 0 secs, 841 ms
 l_mean_sd_mpl 
---------------
       387.452
(1 row)

Time: 0 hrs, 0 mins, 0 secs, 587 ms
TRUNCATE
Time: 0 hrs, 0 mins, 0 secs, 934 ms
INSERT 0 782
Time: 0 hrs, 0 mins, 9 secs, 28 ms
ANALYZE
Time: 0 hrs, 0 mins, 0 secs, 94 ms
 Total click_user bn_spider_ip records 
---------------------------------------
                                   782
(1 row)

Time: 0 hrs, 0 mins, 0 secs, 319 ms
CREATE TABLE
Time: 0 hrs, 0 mins, 4 secs, 518 ms
ANALYZE
Time: 0 hrs, 0 mins, 0 secs, 84 ms
CREATE TABLE
Time: 0 hrs, 0 mins, 4 secs, 832 ms
ANALYZE
Time: 0 hrs, 0 mins, 0 secs, 418 ms
DROP 
Time: 0 hrs, 0 mins, 0 secs, 357 ms
CREATE TABLE
Time: 0 hrs, 0 mins, 1 secs, 946 ms
 l_mean_sd_mpl | l_ratio 
---------------+---------
      1444.590 |   0.955
(1 row)

Time: 0 hrs, 0 mins, 0 secs, 500 ms
INSERT 0 15751134
Time: 0 hrs, 0 mins, 9 secs, 325 ms
ANALYZE
Time: 0 hrs, 0 mins, 0 secs, 254 ms
 Total ip_user_filter bn_spider_ip records 
-------------------------------------------
                                  15751134
(1 row)

Time: 0 hrs, 0 mins, 0 secs, 847 ms
TRUNCATE
Time: 0 hrs, 0 mins, 1 secs, 594 ms
INSERT 0 21150591
Time: 0 hrs, 0 mins, 45 secs, 726 ms
ANALYZE
Time: 0 hrs, 0 mins, 3 secs, 951 ms
 bn_hits_stage 
---------------
      21150591
(1 row)

Time: 0 hrs, 0 mins, 0 secs, 858 ms
INSERT 0 16548897
Time: 0 hrs, 0 mins, 50 secs, 199 ms
ANALYZE
Time: 0 hrs, 2 mins, 24 secs, 195 ms
 bn_hits_sp_20110724 
---------------------
            45508914
(1 row)

Time: 0 hrs, 0 mins, 37 secs, 797 ms
TRUNCATE
Time: 0 hrs, 0 mins, 7 secs, 576 ms
INSERT 0 9278269
Time: 0 hrs, 1 mins, 1 secs, 184 ms
ANALYZE
Time: 0 hrs, 0 mins, 2 secs, 862 ms
 bn_hits_client_20110724 
-------------------------
                 9278269
(1 row)

Time: 0 hrs, 0 mins, 1 secs, 251 ms
END
Time: 0 hrs, 0 mins, 20 secs, 86 ms

Thu Jul 28 11:41:05 EDT 2011

Timing is on.
BEGIN
Time: 0 hrs, 0 mins, 5 secs, 464 ms

           600 - LOAD RESOURCES

SET
Time: 0 hrs, 0 mins, 0 secs, 11 ms
CREATE TABLE
Time: 0 hrs, 4 mins, 16 secs, 506 ms
ANALYZE
Time: 0 hrs, 0 mins, 6 secs, 174 ms
 tmp_a_count 
-------------
      518979
(1 row)

Time: 0 hrs, 0 mins, 0 secs, 443 ms
UPDATE 0
Time: 0 hrs, 0 mins, 6 secs, 599 ms
ANALYZE
Time: 0 hrs, 0 mins, 0 secs, 738 ms
TRUNCATE
Time: 0 hrs, 0 mins, 1 secs, 970 ms
INSERT 0 137607
Time: 0 hrs, 0 mins, 36 secs, 689 ms
ANALYZE
Time: 0 hrs, 0 mins, 1 secs, 57 ms
 first_resource_id | last_resource_id 
-------------------+------------------
          29139433 |         29277039
(1 row)

Time: 0 hrs, 0 mins, 0 secs, 555 ms
INSERT 0 137607
Time: 0 hrs, 0 mins, 3 secs, 526 ms
 total_resources 
-----------------
        29252643
(1 row)

Time: 0 hrs, 0 mins, 5 secs, 196 ms
ANALYZE
Time: 0 hrs, 0 mins, 0 secs, 618 ms
END
Time: 0 hrs, 0 mins, 5 secs, 460 ms
VACUUM
Time: 0 hrs, 0 mins, 53 secs, 981 ms

Thu Jul 28 11:47:30 EDT 2011

Timing is on.

           650 - LOAD_BN_SESSION_STAGE

BEGIN
Time: 0 hrs, 0 mins, 1 secs, 880 ms
SET
Time: 0 hrs, 0 mins, 0 secs, 11 ms
SET
Time: 0 hrs, 0 mins, 0 secs, 26 ms
CREATE TABLE
Time: 0 hrs, 1 mins, 6 secs, 95 ms
ANALYZE
Time: 0 hrs, 0 mins, 6 secs, 846 ms
 tmp_sessionized_stage 
-----------------------
              21150591
(1 row)

Time: 0 hrs, 0 mins, 0 secs, 866 ms
TRUNCATE
Time: 0 hrs, 0 mins, 4 secs, 855 ms
INSERT 0 2644975
Time: 0 hrs, 2 mins, 14 secs, 799 ms
ANALYZE
Time: 0 hrs, 0 mins, 2 secs, 853 ms
CREATE TABLE
Time: 0 hrs, 3 mins, 56 secs, 627 ms
CREATE INDEX
Time: 0 hrs, 0 mins, 0 secs, 558 ms
 tmp_first_last 
----------------
        2644975
(1 row)

Time: 0 hrs, 0 mins, 0 secs, 598 ms
ANALYZE
Time: 0 hrs, 0 mins, 1 secs, 358 ms
SET
Time: 0 hrs, 0 mins, 0 secs, 53 ms
SET
Time: 0 hrs, 0 mins, 0 secs, 50 ms
TRUNCATE
Time: 0 hrs, 0 mins, 8 secs, 917 ms
DROP
Time: 0 hrs, 0 mins, 1 secs, 656 ms
INSERT 0 2644975
Time: 0 hrs, 0 mins, 37 secs, 150 ms
 bn_session_stage 
------------------
          2644975
(1 row)

Time: 0 hrs, 0 mins, 4 secs, 155 ms
CREATE INDEX
Time: 0 hrs, 0 mins, 3 secs, 768 ms
ANALYZE
Time: 0 hrs, 0 mins, 1 secs, 713 ms
TRUNCATE
Time: 0 hrs, 0 mins, 4 secs, 153 ms
END
Time: 0 hrs, 0 mins, 25 secs, 397 ms

Thu Jul 28 11:56:35 EDT 2011

BEGIN

           660 - LOAD_BN_SESSION_UPDATE_STAGE

SET
TRUNCATE
INSERT 0 0
END

Thu Jul 28 11:56:55 EDT 2011

Timing is on.

           670 - LOAD_BN_SESSION_20110724.UPDATES

BEGIN
Time: 0 hrs, 0 mins, 1 secs, 591 ms
SET
Time: 0 hrs, 0 mins, 0 secs, 10 ms
UPDATE 0
Time: 0 hrs, 0 mins, 1 secs, 152 ms
END
Time: 0 hrs, 0 mins, 10 secs, 427 ms
VACUUM
Time: 0 hrs, 3 mins, 17 secs, 64 ms

Thu Jul 28 12:00:26 EDT 2011

Timing is on.

           700 - LOAD_BN_SESSION

BEGIN
Time: 0 hrs, 0 mins, 1 secs, 654 ms
SET
Time: 0 hrs, 0 mins, 0 secs, 10 ms
INSERT 0 2644975
Time: 0 hrs, 0 mins, 40 secs, 976 ms
ANALYZE
Time: 0 hrs, 0 mins, 7 secs, 200 ms
END
Time: 0 hrs, 3 mins, 36 secs, 136 ms

Thu Jul 28 12:04:52 EDT 2011

Timing is on.

            750 - LOAD_BN_SESSION_SUMMARY   

BEGIN
Time: 0 hrs, 0 mins, 2 secs, 988 ms
SET
Time: 0 hrs, 0 mins, 0 secs, 10 ms
CREATE TABLE
Time: 0 hrs, 0 mins, 30 secs, 157 ms
TRUNCATE
Time: 0 hrs, 0 mins, 6 secs, 505 ms
INSERT 0 306657
Time: 0 hrs, 0 mins, 8 secs, 335 ms
ANALYZE
Time: 0 hrs, 0 mins, 1 secs, 369 ms
 count(1) 
----------
   306657
(1 row)

Time: 0 hrs, 0 mins, 0 secs, 417 ms
END
Time: 0 hrs, 2 mins, 19 secs, 905 ms

Thu Jul 28 12:08:02 EDT 2011

Timing is on.

           800 - LOAD_BN_HITS

BEGIN
Time: 0 hrs, 0 mins, 9 secs, 522 ms
SET
Time: 0 hrs, 0 mins, 0 secs, 12 ms
SET
Time: 0 hrs, 0 mins, 0 secs, 278 ms
SET
Time: 0 hrs, 0 mins, 0 secs, 53 ms
SET
Time: 0 hrs, 0 mins, 0 secs, 28 ms
TRUNCATE
Time: 0 hrs, 11 mins, 55 secs, 515 ms
INSERT 0 21150591
Time: 0 hrs, 0 mins, 10 secs, 96 ms
 count(1) 
----------
 21150591
(1 row)

Time: 0 hrs, 0 mins, 0 secs, 820 ms
ANALYZE
Time: 0 hrs, 0 mins, 3 secs, 416 ms
END
Time: 0 hrs, 0 mins, 19 secs, 911 ms

Thu Jul 28 12:20:42 EDT 2011

Timing is on.

            900 - LOAD_CLICKSTREAM   

BEGIN
Time: 0 hrs, 0 mins, 3 secs, 191 ms
SET
Time: 0 hrs, 0 mins, 0 secs, 10 ms
TRUNCATE
Time: 0 hrs, 0 mins, 2 secs, 393 ms
INSERT 0 21150591
Time: 0 hrs, 2 mins, 24 secs, 211 ms
 count(1) 
----------
 21150591
(1 row)

Time: 0 hrs, 0 mins, 0 secs, 266 ms
ANALYZE
Time: 0 hrs, 0 mins, 1 secs, 358 ms
END
Time: 0 hrs, 0 mins, 12 secs, 641 ms

Thu Jul 28 12:23:27 EDT 2011

Timing is on.

            1000 - PAGE_VIEW_SUMMARY  

BEGIN
Time: 0 hrs, 0 mins, 1 secs, 285 ms
SET
Time: 0 hrs, 0 mins, 0 secs, 10 ms
SET
Time: 0 hrs, 0 mins, 0 secs, 26 ms
TRUNCATE
Time: 0 hrs, 0 mins, 3 secs, 903 ms
INSERT 0 532758
Time: 0 hrs, 0 mins, 6 secs, 202 ms
 count(1) 
----------
   532758
(1 row)

Time: 0 hrs, 0 mins, 0 secs, 174 ms
ANALYZE
Time: 0 hrs, 0 mins, 0 secs, 183 ms
END
Time: 0 hrs, 0 mins, 7 secs, 608 ms

Thu Jul 28 12:23:46 EDT 2011


2000 - WRAP UP 

Timing is on.
BEGIN
Time: 0 hrs, 0 mins, 1 secs, 890 ms
TRUNCATE
Time: 0 hrs, 0 mins, 1 secs, 748 ms
TRUNCATE
Time: 0 hrs, 0 mins, 2 secs, 522 ms
END
Time: 0 hrs, 0 mins, 5 secs, 951 ms
Thu Jul 28 12:23:59 EDT 2011
Removing lock file and waiting for a minute
Total time taken:  120  minutes.
