Checking for lock file /tmp/.iislock
Acquired lock file /tmp/.iislock
deleting simple.htm records - these are just server testing...
DELETE 5977735
-------------------------------------
Processing for 20111025
-------------------------------------

Wed Oct 26 04:06:52 EDT 2011

Timing is on.

           000 - INIT

BEGIN
Time: 0 hrs, 0 mins, 0 secs, 237 ms
*** Truncating staging tables before workflow starts ***
SET
Time: 0 hrs, 0 mins, 0 secs, 6 ms
GRANT
Time: 0 hrs, 0 mins, 34 secs, 559 ms
END
Time: 0 hrs, 0 mins, 24 secs, 663 ms

Wed Oct 26 04:07:52 EDT 2011

Timing is on.

            200 - LOAD_BN_IISLOGS   

BEGIN
Time: 0 hrs, 0 mins, 2 secs, 541 ms
SET
Time: 0 hrs, 0 mins, 0 secs, 7 ms
TRUNCATE
Time: 0 hrs, 0 mins, 2 secs, 818 ms
INSERT 0 47621392
Time: 0 hrs, 5 mins, 53 secs, 695 ms
END
Time: 0 hrs, 0 mins, 17 secs, 887 ms
ALTER TABLE
Time: 0 hrs, 5 mins, 35 secs, 942 ms

Wed Oct 26 04:19:45 EDT 2011

Timing is on.
BEGIN
Time: 0 hrs, 0 mins, 0 secs, 478 ms
SET
Time: 0 hrs, 0 mins, 0 secs, 6 ms

            250 - LOAD_BN_HITS_SP   

TRUNCATE
Time: 0 hrs, 0 mins, 3 secs, 152 ms
INSERT 0 15933653
Time: 0 hrs, 2 mins, 44 secs, 5 ms
ANALYZE
Time: 0 hrs, 0 mins, 3 secs, 326 ms
END
Time: 0 hrs, 0 mins, 18 secs, 254 ms

Wed Oct 26 04:22:54 EDT 2011

Timing is on.
BEGIN
Time: 0 hrs, 0 mins, 0 secs, 211 ms
SET
Time: 0 hrs, 0 mins, 0 secs, 9 ms

           300 - DYNAMIC FILTER

TRUNCATE
Time: 0 hrs, 0 mins, 1 secs, 729 ms
INSERT 0 16855713
Time: 0 hrs, 0 mins, 1 secs, 604 ms
ANALYZE
Time: 0 hrs, 0 mins, 1 secs, 577 ms
 Total records in web_click_cnt 
--------------------------------
                       16855713
(1 row)

Time: 0 hrs, 0 mins, 1 secs, 218 ms
CREATE TABLE
Time: 0 hrs, 4 mins, 12 secs, 795 ms
ANALYZE
Time: 0 hrs, 0 mins, 0 secs, 32 ms
CREATE TABLE
Time: 0 hrs, 0 mins, 1 secs, 442 ms
ANALYZE
Time: 0 hrs, 0 mins, 0 secs, 34 ms
DELETE 1
Time: 0 hrs, 0 mins, 2 secs, 817 ms
INSERT 0 1
Time: 0 hrs, 0 mins, 1 secs, 61 ms
DELETE 1
Time: 0 hrs, 0 mins, 0 secs, 289 ms
INSERT 0 1
Time: 0 hrs, 0 mins, 2 secs, 834 ms
CREATE TABLE
Time: 0 hrs, 0 mins, 6 secs, 115 ms
ANALYZE
Time: 0 hrs, 0 mins, 0 secs, 27 ms
CREATE TABLE
Time: 0 hrs, 0 mins, 0 secs, 640 ms
ANALYZE
Time: 0 hrs, 0 mins, 0 secs, 27 ms
DELETE 1
Time: 0 hrs, 0 mins, 0 secs, 56 ms
INSERT 0 1
Time: 0 hrs, 0 mins, 0 secs, 118 ms
DELETE 1
Time: 0 hrs, 0 mins, 0 secs, 66 ms
INSERT 0 1
Time: 0 hrs, 0 mins, 0 secs, 658 ms
ANALYZE
Time: 0 hrs, 0 mins, 0 secs, 987 ms
    tablename     |    attr_name    | attr_value 
------------------+-----------------+------------
 BN_FILTER_SPIDER | CLK_USER_SD_MPL | 10
 BN_FILTER_SPIDER | IP_USER_SD_MPL  | 1
 BN_FILTER_SPIDER | IP_USER_RATIO   | .955
 BN_FILTER_SPIDER | CLK_USER_MEAN   | 10.384
 BN_FILTER_SPIDER | CLK_USER_SD     | 246.289
 BN_FILTER_SPIDER | IP_USER_MEAN    | 22.824
 BN_FILTER_SPIDER | IP_USER_SD      | 1349.713
(7 rows)

Time: 0 hrs, 0 mins, 1 secs, 53 ms
CREATE TABLE
Time: 0 hrs, 0 mins, 4 secs, 229 ms
CREATE TABLE
Time: 0 hrs, 0 mins, 0 secs, 494 ms
 l_mean_sd_mpl 
---------------
      2473.274
(1 row)

Time: 0 hrs, 0 mins, 0 secs, 287 ms
TRUNCATE
Time: 0 hrs, 0 mins, 2 secs, 467 ms
INSERT 0 56
Time: 0 hrs, 0 mins, 6 secs, 910 ms
ANALYZE
Time: 0 hrs, 0 mins, 2 secs, 511 ms
 Total click_user bn_spider_ip records 
---------------------------------------
                                    56
(1 row)

Time: 0 hrs, 0 mins, 0 secs, 842 ms
CREATE TABLE
Time: 0 hrs, 0 mins, 2 secs, 858 ms
ANALYZE
Time: 0 hrs, 0 mins, 0 secs, 44 ms
CREATE TABLE
Time: 0 hrs, 0 mins, 1 secs, 154 ms
ANALYZE
Time: 0 hrs, 0 mins, 0 secs, 27 ms
DROP 
Time: 0 hrs, 0 mins, 0 secs, 75 ms
CREATE TABLE
Time: 0 hrs, 0 mins, 0 secs, 97 ms
 l_mean_sd_mpl | l_ratio 
---------------+---------
      1372.537 |   0.955
(1 row)

Time: 0 hrs, 0 mins, 0 secs, 265 ms
INSERT 0 14420797
Time: 0 hrs, 0 mins, 3 secs, 187 ms
ANALYZE
Time: 0 hrs, 0 mins, 0 secs, 238 ms
 Total ip_user_filter bn_spider_ip records 
-------------------------------------------
                                  14420797
(1 row)

Time: 0 hrs, 0 mins, 1 secs, 560 ms
TRUNCATE
Time: 0 hrs, 0 mins, 1 secs, 451 ms
INSERT 0 12894769
Time: 0 hrs, 0 mins, 21 secs, 479 ms
ANALYZE
Time: 0 hrs, 0 mins, 7 secs, 534 ms
 bn_hits_stage 
---------------
      12894769
(1 row)

Time: 0 hrs, 0 mins, 1 secs, 95 ms
INSERT 0 15174673
Time: 0 hrs, 0 mins, 28 secs, 882 ms
ANALYZE
Time: 0 hrs, 0 mins, 11 secs, 414 ms
 bn_hits_sp_20111025 
---------------------
            31108326
(1 row)

Time: 0 hrs, 0 mins, 2 secs, 45 ms
TRUNCATE
Time: 0 hrs, 0 mins, 10 secs, 965 ms
INSERT 0 3618297
Time: 0 hrs, 0 mins, 4 secs, 858 ms
ANALYZE
Time: 0 hrs, 0 mins, 2 secs, 199 ms
 bn_hits_client_20111025 
-------------------------
                 3618297
(1 row)

Time: 0 hrs, 0 mins, 2 secs, 7 ms
END
Time: 0 hrs, 0 mins, 16 secs, 288 ms

Wed Oct 26 04:29:49 EDT 2011

Timing is on.
BEGIN
Time: 0 hrs, 0 mins, 1 secs, 485 ms

           600 - LOAD RESOURCES

SET
Time: 0 hrs, 0 mins, 0 secs, 7 ms
CREATE TABLE
Time: 0 hrs, 3 mins, 54 secs, 621 ms
ANALYZE
Time: 0 hrs, 0 mins, 1 secs, 165 ms
 tmp_a_count 
-------------
      392336
(1 row)

Time: 0 hrs, 0 mins, 0 secs, 627 ms
UPDATE 0
Time: 0 hrs, 0 mins, 2 secs, 944 ms
ANALYZE
Time: 0 hrs, 0 mins, 0 secs, 740 ms
TRUNCATE
Time: 0 hrs, 0 mins, 1 secs, 565 ms
INSERT 0 121369
Time: 0 hrs, 0 mins, 15 secs, 170 ms
ANALYZE
Time: 0 hrs, 0 mins, 2 secs, 204 ms
 first_resource_id | last_resource_id 
-------------------+------------------
          50914417 |         51035785
(1 row)

Time: 0 hrs, 0 mins, 1 secs, 725 ms
INSERT 0 121369
Time: 0 hrs, 0 mins, 1 secs, 551 ms
 total_resources 
-----------------
        51011378
(1 row)

Time: 0 hrs, 0 mins, 1 secs, 13 ms
ANALYZE
Time: 0 hrs, 0 mins, 0 secs, 502 ms
END
Time: 0 hrs, 0 mins, 9 secs, 201 ms
VACUUM
Time: 0 hrs, 0 mins, 20 secs, 106 ms

Wed Oct 26 04:34:44 EDT 2011

Timing is on.

           650 - LOAD_BN_SESSION_STAGE

BEGIN
Time: 0 hrs, 0 mins, 1 secs, 654 ms
SET
Time: 0 hrs, 0 mins, 0 secs, 7 ms
SET
Time: 0 hrs, 0 mins, 0 secs, 13 ms
CREATE TABLE
Time: 0 hrs, 3 mins, 17 secs, 771 ms
ANALYZE
Time: 0 hrs, 0 mins, 2 secs, 736 ms
 tmp_sessionized_stage 
-----------------------
              12894769
(1 row)

Time: 0 hrs, 0 mins, 1 secs, 122 ms
TRUNCATE
Time: 0 hrs, 0 mins, 3 secs, 430 ms
INSERT 0 2028676
Time: 0 hrs, 0 mins, 29 secs, 430 ms
ANALYZE
Time: 0 hrs, 0 mins, 3 secs, 658 ms
CREATE TABLE
Time: 0 hrs, 4 mins, 32 secs, 652 ms
CREATE INDEX
Time: 0 hrs, 0 mins, 0 secs, 589 ms
 tmp_first_last 
----------------
        2028676
(1 row)

Time: 0 hrs, 0 mins, 0 secs, 330 ms
ANALYZE
Time: 0 hrs, 0 mins, 0 secs, 684 ms
SET
Time: 0 hrs, 0 mins, 0 secs, 11 ms
SET
Time: 0 hrs, 0 mins, 0 secs, 12 ms
TRUNCATE
Time: 0 hrs, 0 mins, 5 secs, 99 ms
DROP 
Time: 0 hrs, 0 mins, 3 secs, 889 ms
INSERT 0 2028676
Time: 0 hrs, 0 mins, 4 secs, 983 ms
 bn_session_stage 
------------------
          2028676
(1 row)

Time: 0 hrs, 0 mins, 6 secs, 870 ms
CREATE INDEX
Time: 0 hrs, 0 mins, 2 secs, 981 ms
ANALYZE
Time: 0 hrs, 0 mins, 0 secs, 670 ms
TRUNCATE
Time: 0 hrs, 0 mins, 3 secs, 451 ms
END
Time: 0 hrs, 0 mins, 9 secs, 558 ms

Wed Oct 26 04:43:56 EDT 2011

BEGIN

           660 - LOAD_BN_SESSION_UPDATE_STAGE

SET
TRUNCATE
INSERT 0 0
END

Wed Oct 26 04:44:17 EDT 2011

Timing is on.

           670 - LOAD_BN_SESSION_20111025.UPDATES

BEGIN
Time: 0 hrs, 0 mins, 0 secs, 135 ms
SET
Time: 0 hrs, 0 mins, 0 secs, 6 ms
UPDATE 0
Time: 0 hrs, 0 mins, 0 secs, 166 ms
END
Time: 0 hrs, 0 mins, 13 secs, 69 ms
VACUUM
Time: 0 hrs, 0 mins, 7 secs, 112 ms

Wed Oct 26 04:44:38 EDT 2011

Timing is on.

           700 - LOAD_BN_SESSION

BEGIN
Time: 0 hrs, 0 mins, 0 secs, 118 ms
SET
Time: 0 hrs, 0 mins, 0 secs, 6 ms
INSERT 0 2028676
Time: 0 hrs, 0 mins, 5 secs, 988 ms
ANALYZE
Time: 0 hrs, 0 mins, 0 secs, 583 ms
END
Time: 0 hrs, 0 mins, 17 secs, 238 ms

Wed Oct 26 04:45:02 EDT 2011

Timing is on.

            750 - LOAD_BN_SESSION_SUMMARY   

BEGIN
Time: 0 hrs, 0 mins, 0 secs, 210 ms
SET
Time: 0 hrs, 0 mins, 0 secs, 6 ms
CREATE TABLE
Time: 0 hrs, 4 mins, 37 secs, 488 ms
TRUNCATE
Time: 0 hrs, 0 mins, 11 secs, 49 ms
INSERT 0 236851
Time: 0 hrs, 2 mins, 41 secs, 295 ms
ANALYZE
Time: 0 hrs, 0 mins, 3 secs, 686 ms
 count(1) 
----------
   236851
(1 row)

Time: 0 hrs, 0 mins, 1 secs, 99 ms
END
Time: 0 hrs, 0 mins, 33 secs, 193 ms

Wed Oct 26 04:53:10 EDT 2011

Timing is on.

           800 - LOAD_BN_HITS

BEGIN
Time: 0 hrs, 0 mins, 1 secs, 662 ms
SET
Time: 0 hrs, 0 mins, 0 secs, 5 ms
SET
Time: 0 hrs, 0 mins, 0 secs, 11 ms
SET
Time: 0 hrs, 0 mins, 0 secs, 11 ms
SET
Time: 0 hrs, 0 mins, 0 secs, 10 ms
TRUNCATE
Time: 0 hrs, 0 mins, 7 secs, 1 ms
INSERT 0 12894769
Time: 0 hrs, 0 mins, 7 secs, 518 ms
 count(1) 
----------
 12894769
(1 row)

Time: 0 hrs, 0 mins, 3 secs, 532 ms
ANALYZE
Time: 0 hrs, 0 mins, 3 secs, 782 ms
END
Time: 0 hrs, 0 mins, 40 secs, 651 ms

Wed Oct 26 04:54:15 EDT 2011

Timing is on.

            900 - LOAD_CLICKSTREAM   

BEGIN
Time: 0 hrs, 0 mins, 0 secs, 118 ms
SET
Time: 0 hrs, 0 mins, 0 secs, 6 ms
TRUNCATE
Time: 0 hrs, 0 mins, 2 secs, 163 ms
INSERT 0 12894769
Time: 0 hrs, 3 mins, 32 secs, 694 ms
 count(1) 
----------
 12894769
(1 row)

Time: 0 hrs, 0 mins, 1 secs, 583 ms
ANALYZE
Time: 0 hrs, 0 mins, 1 secs, 792 ms
END
Time: 0 hrs, 0 mins, 15 secs, 259 ms

Wed Oct 26 04:58:09 EDT 2011

Timing is on.

            1000 - PAGE_VIEW_SUMMARY  

BEGIN
Time: 0 hrs, 0 mins, 0 secs, 380 ms
SET
Time: 0 hrs, 0 mins, 0 secs, 6 ms
SET
Time: 0 hrs, 0 mins, 0 secs, 12 ms
TRUNCATE
Time: 0 hrs, 0 mins, 4 secs, 115 ms
INSERT 0 401457
Time: 0 hrs, 0 mins, 11 secs, 957 ms
 count(1) 
----------
   401457
(1 row)

Time: 0 hrs, 0 mins, 1 secs, 5 ms
ANALYZE
Time: 0 hrs, 0 mins, 0 secs, 534 ms
END
Time: 0 hrs, 0 mins, 5 secs, 952 ms

Wed Oct 26 04:58:33 EDT 2011


2000 - WRAP UP 

Timing is on.
BEGIN
Time: 0 hrs, 0 mins, 0 secs, 116 ms
TRUNCATE
Time: 0 hrs, 0 mins, 0 secs, 696 ms
TRUNCATE
Time: 0 hrs, 0 mins, 1 secs, 305 ms
END
Time: 0 hrs, 0 mins, 5 secs, 72 ms
Wed Oct 26 04:58:40 EDT 2011
Removing lock file and waiting for a minute
Total time taken:  54  minutes.
Running time of run.sh 20111025: 3275 seconds
Checking for lock file /tmp/.iislock
Acquired lock file /tmp/.iislock
deleting simple.htm records - these are just server testing...
DELETE 19
-------------------------------------
Processing for 20111025
-------------------------------------

Thu Oct 27 04:25:29 EDT 2011

Timing is on.

           000 - INIT

BEGIN
Time: 0 hrs, 0 mins, 0 secs, 142 ms
*** Truncating staging tables before workflow starts ***
SET
Time: 0 hrs, 0 mins, 0 secs, 6 ms
GRANT
Time: 0 hrs, 0 mins, 8 secs, 753 ms
END
Time: 0 hrs, 0 mins, 47 secs, 498 ms

Thu Oct 27 04:26:26 EDT 2011

Timing is on.

            200 - LOAD_BN_IISLOGS   

BEGIN
Time: 0 hrs, 0 mins, 0 secs, 119 ms
SET
Time: 0 hrs, 0 mins, 0 secs, 6 ms
TRUNCATE
Time: 0 hrs, 0 mins, 23 secs, 562 ms
INSERT 0 62851629
Time: 0 hrs, 7 mins, 29 secs, 165 ms
END
Time: 0 hrs, 0 mins, 7 secs, 875 ms
ALTER TABLE
Time: 0 hrs, 0 mins, 13 secs, 421 ms

Thu Oct 27 04:34:40 EDT 2011

Timing is on.
BEGIN
Time: 0 hrs, 0 mins, 0 secs, 256 ms
SET
Time: 0 hrs, 0 mins, 0 secs, 6 ms

            250 - LOAD_BN_HITS_SP   

TRUNCATE
Time: 0 hrs, 0 mins, 5 secs, 581 ms
ERROR:  syntax error at or near "||"
LINE 79:   USER_ID||to_char(HIT_TIMESTAMP,'HHMISS')
                  ^
NOTICE:  current transaction is aborted, queries ignored until end of transaction block
ABORT
Time: 0 hrs, 0 mins, 0 secs, 34 ms

Thu Oct 27 04:34:47 EDT 2011

Timing is on.
BEGIN
Time: 0 hrs, 0 mins, 0 secs, 145 ms
SET
Time: 0 hrs, 0 mins, 0 secs, 6 ms

           300 - DYNAMIC FILTER

TRUNCATE
Time: 0 hrs, 0 mins, 2 secs, 358 ms
INSERT 0 21161802
Time: 0 hrs, 0 mins, 20 secs, 650 ms
ANALYZE
Time: 0 hrs, 0 mins, 0 secs, 234 ms
 Total records in web_click_cnt 
--------------------------------
                       21161802
(1 row)

Time: 0 hrs, 0 mins, 0 secs, 414 ms
CREATE TABLE
Time: 0 hrs, 2 mins, 43 secs, 4 ms
ANALYZE
Time: 0 hrs, 0 mins, 0 secs, 34 ms
CREATE TABLE
Time: 0 hrs, 0 mins, 0 secs, 322 ms
ANALYZE
Time: 0 hrs, 0 mins, 0 secs, 32 ms
DELETE 1
Time: 0 hrs, 0 mins, 0 secs, 118 ms
INSERT 0 1
Time: 0 hrs, 0 mins, 0 secs, 125 ms
DELETE 1
Time: 0 hrs, 0 mins, 0 secs, 72 ms
INSERT 0 1
Time: 0 hrs, 0 mins, 0 secs, 166 ms
CREATE TABLE
Time: 0 hrs, 0 mins, 25 secs, 675 ms
ANALYZE
Time: 0 hrs, 0 mins, 0 secs, 68 ms
CREATE TABLE
Time: 0 hrs, 0 mins, 0 secs, 547 ms
ANALYZE
Time: 0 hrs, 0 mins, 0 secs, 90 ms
DELETE 1
Time: 0 hrs, 0 mins, 0 secs, 158 ms
INSERT 0 1
Time: 0 hrs, 0 mins, 0 secs, 247 ms
DELETE 1
Time: 0 hrs, 0 mins, 0 secs, 274 ms
INSERT 0 1
Time: 0 hrs, 0 mins, 1 secs, 276 ms
ANALYZE
Time: 0 hrs, 0 mins, 0 secs, 15 ms
    tablename     |    attr_name    | attr_value 
------------------+-----------------+------------
 BN_FILTER_SPIDER | CLK_USER_SD_MPL | 10
 BN_FILTER_SPIDER | IP_USER_SD_MPL  | 1
 BN_FILTER_SPIDER | IP_USER_RATIO   | .955
 BN_FILTER_SPIDER | CLK_USER_MEAN   | 10.745
 BN_FILTER_SPIDER | CLK_USER_SD     | 235.368
 BN_FILTER_SPIDER | IP_USER_MEAN    | 21.553
 BN_FILTER_SPIDER | IP_USER_SD      | 1459.396
(7 rows)

Time: 0 hrs, 0 mins, 0 secs, 259 ms
CREATE TABLE
Time: 0 hrs, 0 mins, 5 secs, 530 ms
CREATE TABLE
Time: 0 hrs, 0 mins, 0 secs, 282 ms
 l_mean_sd_mpl 
---------------
      2364.425
(1 row)

Time: 0 hrs, 0 mins, 0 secs, 110 ms
TRUNCATE
Time: 0 hrs, 0 mins, 1 secs, 965 ms
INSERT 0 72
Time: 0 hrs, 0 mins, 2 secs, 473 ms
ANALYZE
Time: 0 hrs, 0 mins, 0 secs, 367 ms
 Total click_user bn_spider_ip records 
---------------------------------------
                                    72
(1 row)

Time: 0 hrs, 0 mins, 0 secs, 67 ms
CREATE TABLE
Time: 0 hrs, 0 mins, 3 secs, 706 ms
ANALYZE
Time: 0 hrs, 0 mins, 0 secs, 22 ms
CREATE TABLE
Time: 0 hrs, 0 mins, 0 secs, 731 ms
ANALYZE
Time: 0 hrs, 0 mins, 0 secs, 38 ms
DROP 
Time: 0 hrs, 0 mins, 0 secs, 81 ms
CREATE TABLE
Time: 0 hrs, 0 mins, 0 secs, 60 ms
 l_mean_sd_mpl | l_ratio 
---------------+---------
      1480.949 |   0.955
(1 row)

Time: 0 hrs, 0 mins, 0 secs, 73 ms
INSERT 0 17888225
Time: 0 hrs, 0 mins, 4 secs, 854 ms
ANALYZE
Time: 0 hrs, 0 mins, 0 secs, 160 ms
 Total ip_user_filter bn_spider_ip records 
-------------------------------------------
                                  17888225
(1 row)

Time: 0 hrs, 0 mins, 0 secs, 462 ms
TRUNCATE
Time: 0 hrs, 0 mins, 0 secs, 803 ms
INSERT 0 17436361
Time: 0 hrs, 0 mins, 24 secs, 138 ms
ANALYZE
Time: 0 hrs, 0 mins, 2 secs, 747 ms
 bn_hits_stage 
---------------
      17436361
(1 row)

Time: 0 hrs, 0 mins, 0 secs, 445 ms
ERROR:  distribution key "partition_key" of table "bn_hits_sp_20111025" not specified
NOTICE:  current transaction is aborted, queries ignored until end of transaction block
NOTICE:  current transaction is aborted, queries ignored until end of transaction block
NOTICE:  current transaction is aborted, queries ignored until end of transaction block
NOTICE:  current transaction is aborted, queries ignored until end of transaction block
NOTICE:  current transaction is aborted, queries ignored until end of transaction block
NOTICE:  current transaction is aborted, queries ignored until end of transaction block
ABORT
Time: 0 hrs, 0 mins, 0 secs, 39 ms

Thu Oct 27 04:39:13 EDT 2011

Timing is on.
BEGIN
Time: 0 hrs, 0 mins, 0 secs, 127 ms

           600 - LOAD RESOURCES

SET
Time: 0 hrs, 0 mins, 0 secs, 6 ms
CREATE TABLE
Time: 0 hrs, 0 mins, 32 secs, 261 ms
ANALYZE
Time: 0 hrs, 0 mins, 0 secs, 494 ms
 tmp_a_count 
-------------
      499045
(1 row)

Time: 0 hrs, 0 mins, 0 secs, 569 ms
UPDATE 0
Time: 0 hrs, 0 mins, 2 secs, 168 ms
ANALYZE
Time: 0 hrs, 0 mins, 0 secs, 491 ms
TRUNCATE
Time: 0 hrs, 0 mins, 0 secs, 707 ms
INSERT 0 0
Time: 0 hrs, 3 mins, 11 secs, 301 ms
ANALYZE
Time: 0 hrs, 0 mins, 0 secs, 13 ms
 first_resource_id | last_resource_id 
-------------------+------------------
                   |                 
(1 row)

Time: 0 hrs, 0 mins, 0 secs, 88 ms
INSERT 0 0
Time: 0 hrs, 0 mins, 0 secs, 161 ms
 total_resources 
-----------------
        51050157
(1 row)

Time: 0 hrs, 0 mins, 0 secs, 124 ms
ANALYZE
Time: 0 hrs, 0 mins, 0 secs, 449 ms
END
Time: 0 hrs, 0 mins, 5 secs, 634 ms
VACUUM
Time: 0 hrs, 0 mins, 5 secs, 845 ms

Thu Oct 27 04:43:13 EDT 2011

Timing is on.

           650 - LOAD_BN_SESSION_STAGE

BEGIN
Time: 0 hrs, 0 mins, 0 secs, 129 ms
SET
Time: 0 hrs, 0 mins, 0 secs, 6 ms
SET
Time: 0 hrs, 0 mins, 0 secs, 21 ms
CREATE TABLE
Time: 0 hrs, 3 mins, 23 secs, 738 ms
ANALYZE
Time: 0 hrs, 0 mins, 2 secs, 953 ms
 tmp_sessionized_stage 
-----------------------
              18073592
(1 row)

Time: 0 hrs, 0 mins, 0 secs, 335 ms
TRUNCATE
Time: 0 hrs, 0 mins, 1 secs, 475 ms
INSERT 0 2703536
Time: 0 hrs, 0 mins, 48 secs, 199 ms
ANALYZE
Time: 0 hrs, 0 mins, 7 secs, 689 ms
CREATE TABLE
Time: 0 hrs, 5 mins, 57 secs, 792 ms
CREATE INDEX
Time: 0 hrs, 0 mins, 4 secs, 502 ms
 tmp_first_last 
----------------
        2703536
(1 row)

Time: 0 hrs, 0 mins, 1 secs, 375 ms
ANALYZE
Time: 0 hrs, 0 mins, 0 secs, 989 ms
SET
Time: 0 hrs, 0 mins, 0 secs, 26 ms
SET
Time: 0 hrs, 0 mins, 0 secs, 31 ms
TRUNCATE
Time: 0 hrs, 0 mins, 10 secs, 691 ms
DROP 
Time: 0 hrs, 0 mins, 1 secs, 199 ms
INSERT 0 2703536
Time: 0 hrs, 0 mins, 8 secs, 594 ms
 bn_session_stage 
------------------
          2703536
(1 row)

Time: 0 hrs, 0 mins, 7 secs, 505 ms
CREATE INDEX
Time: 0 hrs, 0 mins, 5 secs, 227 ms
ANALYZE
Time: 0 hrs, 0 mins, 1 secs, 324 ms
TRUNCATE
Time: 0 hrs, 0 mins, 8 secs, 502 ms
END
Time: 0 hrs, 0 mins, 32 secs, 649 ms

Thu Oct 27 04:54:58 EDT 2011

BEGIN

           660 - LOAD_BN_SESSION_UPDATE_STAGE

SET
TRUNCATE
INSERT 0 0
END

Thu Oct 27 04:55:54 EDT 2011

Timing is on.

           670 - LOAD_BN_SESSION_20111025.UPDATES

BEGIN
Time: 0 hrs, 0 mins, 0 secs, 501 ms
SET
Time: 0 hrs, 0 mins, 0 secs, 13 ms
UPDATE 0
Time: 0 hrs, 0 mins, 0 secs, 377 ms
END
Time: 0 hrs, 0 mins, 16 secs, 843 ms
VACUUM
Time: 0 hrs, 0 mins, 40 secs, 290 ms

Thu Oct 27 04:56:53 EDT 2011

Timing is on.

           700 - LOAD_BN_SESSION

BEGIN
Time: 0 hrs, 0 mins, 1 secs, 487 ms
SET
Time: 0 hrs, 0 mins, 0 secs, 6 ms
INSERT 0 0
Time: 0 hrs, 3 mins, 6 secs, 100 ms
ANALYZE
Time: 0 hrs, 0 mins, 0 secs, 22 ms
END
Time: 0 hrs, 0 mins, 6 secs, 130 ms

Thu Oct 27 05:00:07 EDT 2011

Timing is on.

            750 - LOAD_BN_SESSION_SUMMARY   

BEGIN
Time: 0 hrs, 0 mins, 0 secs, 115 ms
SET
Time: 0 hrs, 0 mins, 0 secs, 6 ms
CREATE TABLE
Time: 0 hrs, 0 mins, 3 secs, 950 ms
TRUNCATE
Time: 0 hrs, 0 mins, 8 secs, 718 ms
INSERT 0 0
Time: 0 hrs, 0 mins, 1 secs, 753 ms
ANALYZE
Time: 0 hrs, 0 mins, 0 secs, 14 ms
 count(1) 
----------
        0
(1 row)

Time: 0 hrs, 0 mins, 2 secs, 116 ms
END
Time: 0 hrs, 0 mins, 14 secs, 679 ms

Thu Oct 27 05:00:38 EDT 2011

Timing is on.

           800 - LOAD_BN_HITS

BEGIN
Time: 0 hrs, 0 mins, 0 secs, 313 ms
SET
Time: 0 hrs, 0 mins, 0 secs, 6 ms
SET
Time: 0 hrs, 0 mins, 0 secs, 21 ms
SET
Time: 0 hrs, 0 mins, 0 secs, 10 ms
SET
Time: 0 hrs, 0 mins, 0 secs, 11 ms
TRUNCATE
Time: 0 hrs, 0 mins, 4 secs, 912 ms
INSERT 0 0
Time: 0 hrs, 0 mins, 1 secs, 305 ms
 count(1) 
----------
        0
(1 row)

Time: 0 hrs, 0 mins, 1 secs, 71 ms
ANALYZE
Time: 0 hrs, 0 mins, 0 secs, 16 ms
END
Time: 0 hrs, 0 mins, 23 secs, 875 ms

Thu Oct 27 05:01:10 EDT 2011

Timing is on.

            900 - LOAD_CLICKSTREAM   

BEGIN
Time: 0 hrs, 0 mins, 0 secs, 156 ms
SET
Time: 0 hrs, 0 mins, 0 secs, 6 ms
TRUNCATE
Time: 0 hrs, 0 mins, 4 secs, 647 ms
INSERT 0 0
Time: 0 hrs, 0 mins, 28 secs, 191 ms
 count(1) 
----------
        0
(1 row)

Time: 0 hrs, 0 mins, 0 secs, 529 ms
ANALYZE
Time: 0 hrs, 0 mins, 0 secs, 14 ms
END
Time: 0 hrs, 0 mins, 24 secs, 722 ms

Thu Oct 27 05:02:09 EDT 2011

Timing is on.

            1000 - PAGE_VIEW_SUMMARY  

BEGIN
Time: 0 hrs, 0 mins, 0 secs, 118 ms
SET
Time: 0 hrs, 0 mins, 0 secs, 7 ms
SET
Time: 0 hrs, 0 mins, 0 secs, 15 ms
TRUNCATE
Time: 0 hrs, 0 mins, 3 secs, 204 ms
INSERT 0 0
Time: 0 hrs, 3 mins, 27 secs, 225 ms
 count(1) 
----------
        0
(1 row)

Time: 0 hrs, 0 mins, 1 secs, 296 ms
ANALYZE
Time: 0 hrs, 0 mins, 0 secs, 15 ms
END
Time: 0 hrs, 0 mins, 7 secs, 271 ms

Thu Oct 27 05:05:48 EDT 2011


2000 - WRAP UP 

Timing is on.
BEGIN
Time: 0 hrs, 0 mins, 0 secs, 115 ms
TRUNCATE
Time: 0 hrs, 0 mins, 10 secs, 500 ms
TRUNCATE
Time: 0 hrs, 0 mins, 2 secs, 478 ms
END
Time: 0 hrs, 0 mins, 9 secs, 801 ms
Thu Oct 27 05:06:11 EDT 2011
Removing lock file and waiting for a minute
Total time taken:  41  minutes.
Running time of run.sh 20111025: 41 minutes
Checking for lock file /tmp/.iislock
Acquired lock file /tmp/.iislock
deleting simple.htm records - these are just server testing...
DELETE 0
-------------------------------------
Processing for 20111025
-------------------------------------

Thu Oct 27 11:44:40 EDT 2011

Timing is on.

           000 - INIT

BEGIN
Time: 0 hrs, 0 mins, 0 secs, 126 ms
*** Truncating staging tables before workflow starts ***
SET
Time: 0 hrs, 0 mins, 0 secs, 6 ms
GRANT
Time: 0 hrs, 0 mins, 12 secs, 38 ms
END
Time: 0 hrs, 0 mins, 5 secs, 636 ms

Thu Oct 27 11:44:59 EDT 2011

Timing is on.

            200 - LOAD_BN_IISLOGS   

BEGIN
Time: 0 hrs, 0 mins, 0 secs, 187 ms
SET
Time: 0 hrs, 0 mins, 0 secs, 6 ms
TRUNCATE
Time: 0 hrs, 0 mins, 1 secs, 693 ms
INSERT 0 62851629
Time: 0 hrs, 6 mins, 35 secs, 826 ms
END
Time: 0 hrs, 0 mins, 11 secs, 58 ms
ALTER TABLE
Time: 0 hrs, 0 mins, 13 secs, 85 ms

Thu Oct 27 11:52:01 EDT 2011

Timing is on.
BEGIN
Time: 0 hrs, 0 mins, 7 secs, 991 ms
SET
Time: 0 hrs, 0 mins, 0 secs, 9 ms

            250 - LOAD_BN_HITS_SP   

TRUNCATE
Time: 0 hrs, 0 mins, 5 secs, 352 ms
ERROR:  syntax error at or near "||"
LINE 353:   USER_ID||to_char(HIT_TIMESTAMP,'HHMISS')
                   ^
NOTICE:  current transaction is aborted, queries ignored until end of transaction block
ABORT
Time: 0 hrs, 0 mins, 0 secs, 68 ms

Thu Oct 27 11:52:15 EDT 2011

Timing is on.
BEGIN
Time: 0 hrs, 0 mins, 0 secs, 386 ms
SET
Time: 0 hrs, 0 mins, 0 secs, 7 ms

           300 - DYNAMIC FILTER

TRUNCATE
Time: 0 hrs, 0 mins, 4 secs, 258 ms
INSERT 0 21161802
Time: 0 hrs, 0 mins, 14 secs, 844 ms
ANALYZE
Time: 0 hrs, 0 mins, 4 secs, 329 ms
 Total records in web_click_cnt 
--------------------------------
                       21161802
(1 row)

Time: 0 hrs, 0 mins, 1 secs, 788 ms
Query marked for cancellation (cancellation is not guaranteed - please consult the Aster nCluster Management Console for status)
connection to server was lost

Thu Oct 27 11:52:55 EDT 2011

Timing is on.
BEGIN
Time: 0 hrs, 0 mins, 0 secs, 127 ms

           600 - LOAD RESOURCES

SET
Time: 0 hrs, 0 mins, 0 secs, 6 ms
Checking for lock file /tmp/.iislock
Acquired lock file /tmp/.iislock
deleting simple.htm records - these are just server testing...
DELETE 0
-------------------------------------
Processing for 20111025
-------------------------------------

Thu Oct 27 11:57:56 EDT 2011

Timing is on.

           000 - INIT

BEGIN
Time: 0 hrs, 0 mins, 0 secs, 109 ms
*** Truncating staging tables before workflow starts ***
SET
Time: 0 hrs, 0 mins, 0 secs, 6 ms
GRANT
Time: 0 hrs, 0 mins, 12 secs, 111 ms
END
Time: 0 hrs, 0 mins, 12 secs, 73 ms

Thu Oct 27 11:58:21 EDT 2011

Timing is on.

            200 - LOAD_BN_IISLOGS   

BEGIN
Time: 0 hrs, 0 mins, 0 secs, 211 ms
SET
Time: 0 hrs, 0 mins, 0 secs, 6 ms
TRUNCATE
Time: 0 hrs, 0 mins, 2 secs, 350 ms
INSERT 0 62851629
Time: 0 hrs, 6 mins, 59 secs, 205 ms
END
Time: 0 hrs, 0 mins, 36 secs, 778 ms
ALTER TABLE
Time: 0 hrs, 0 mins, 3 secs, 625 ms

Thu Oct 27 12:06:03 EDT 2011

Timing is on.
BEGIN
Time: 0 hrs, 0 mins, 0 secs, 247 ms
SET
Time: 0 hrs, 0 mins, 0 secs, 6 ms

            250 - LOAD_BN_HITS_SP   

TRUNCATE
Time: 0 hrs, 0 mins, 6 secs, 162 ms
ERROR:  column "user_id" does not exist
NOTICE:  current transaction is aborted, queries ignored until end of transaction block
ABORT
Time: 0 hrs, 0 mins, 0 secs, 14 ms

Thu Oct 27 12:06:10 EDT 2011

Timing is on.
BEGIN
Time: 0 hrs, 0 mins, 1 secs, 55 ms
SET
Time: 0 hrs, 0 mins, 0 secs, 7 ms

           300 - DYNAMIC FILTER

TRUNCATE
Time: 0 hrs, 0 mins, 0 secs, 635 ms
INSERT 0 21161802
Time: 0 hrs, 0 mins, 16 secs, 875 ms
ANALYZE
Time: 0 hrs, 0 mins, 0 secs, 239 ms
 Total records in web_click_cnt 
--------------------------------
                       21161802
(1 row)

Time: 0 hrs, 0 mins, 0 secs, 718 ms
CREATE TABLE
Time: 0 hrs, 0 mins, 6 secs, 703 ms
ANALYZE
Time: 0 hrs, 0 mins, 0 secs, 37 ms
CREATE TABLE
Time: 0 hrs, 0 mins, 2 secs, 287 ms
ANALYZE
Time: 0 hrs, 0 mins, 0 secs, 33 ms
DELETE 1
Time: 0 hrs, 0 mins, 1 secs, 131 ms
INSERT 0 1
Time: 0 hrs, 0 mins, 0 secs, 400 ms
DELETE 1
Time: 0 hrs, 0 mins, 0 secs, 61 ms
INSERT 0 1
Time: 0 hrs, 0 mins, 0 secs, 259 ms
CREATE TABLE
Time: 0 hrs, 0 mins, 2 secs, 367 ms
ANALYZE
Time: 0 hrs, 0 mins, 0 secs, 30 ms
CREATE TABLE
Time: 0 hrs, 0 mins, 0 secs, 828 ms
ANALYZE
Time: 0 hrs, 0 mins, 0 secs, 33 ms
DELETE 1
Time: 0 hrs, 0 mins, 0 secs, 65 ms
INSERT 0 1
Time: 0 hrs, 0 mins, 0 secs, 146 ms
DELETE 1
Time: 0 hrs, 0 mins, 0 secs, 68 ms
INSERT 0 1
Time: 0 hrs, 0 mins, 0 secs, 209 ms
ANALYZE
Time: 0 hrs, 0 mins, 1 secs, 608 ms
    tablename     |    attr_name    | attr_value 
------------------+-----------------+------------
 BN_FILTER_SPIDER | CLK_USER_SD_MPL | 10
 BN_FILTER_SPIDER | IP_USER_SD_MPL  | 1
 BN_FILTER_SPIDER | IP_USER_RATIO   | .955
 BN_FILTER_SPIDER | CLK_USER_MEAN   | 10.745
 BN_FILTER_SPIDER | CLK_USER_SD     | 235.368
 BN_FILTER_SPIDER | IP_USER_MEAN    | 21.553
 BN_FILTER_SPIDER | IP_USER_SD      | 1459.396
(7 rows)

Time: 0 hrs, 0 mins, 0 secs, 580 ms
CREATE TABLE
Time: 0 hrs, 0 mins, 4 secs, 934 ms
CREATE TABLE
Time: 0 hrs, 0 mins, 0 secs, 609 ms
 l_mean_sd_mpl 
---------------
      2364.425
(1 row)

Time: 0 hrs, 0 mins, 2 secs, 573 ms
TRUNCATE
Time: 0 hrs, 0 mins, 2 secs, 354 ms
INSERT 0 72
Time: 0 hrs, 0 mins, 2 secs, 877 ms
ANALYZE
Time: 0 hrs, 0 mins, 0 secs, 30 ms
 Total click_user bn_spider_ip records 
---------------------------------------
                                    72
(1 row)

Time: 0 hrs, 0 mins, 3 secs, 893 ms
CREATE TABLE
Time: 0 hrs, 0 mins, 3 secs, 41 ms
ANALYZE
Time: 0 hrs, 0 mins, 0 secs, 187 ms
CREATE TABLE
Time: 0 hrs, 0 mins, 5 secs, 43 ms
ANALYZE
Time: 0 hrs, 0 mins, 0 secs, 37 ms
DROP 
Time: 0 hrs, 0 mins, 0 secs, 89 ms
CREATE TABLE
Time: 0 hrs, 0 mins, 1 secs, 29 ms
 l_mean_sd_mpl | l_ratio 
---------------+---------
      1480.949 |   0.955
(1 row)

Time: 0 hrs, 0 mins, 1 secs, 275 ms
INSERT 0 17888225
Time: 0 hrs, 0 mins, 5 secs, 798 ms
ANALYZE
Time: 0 hrs, 0 mins, 0 secs, 210 ms
 Total ip_user_filter bn_spider_ip records 
-------------------------------------------
                                  17888225
(1 row)

Time: 0 hrs, 0 mins, 0 secs, 294 ms
Query marked for cancellation (cancellation is not guaranteed - please consult the Aster nCluster Management Console for status)
connection to server was lost

Thu Oct 27 12:11:23 EDT 2011

Timing is on.
BEGIN
Time: 0 hrs, 0 mins, 0 secs, 129 ms

           600 - LOAD RESOURCES

SET
Time: 0 hrs, 0 mins, 0 secs, 5 ms
Checking for lock file /tmp/.iislock
Acquired lock file /tmp/.iislock
deleting simple.htm records - these are just server testing...
DELETE 0
-------------------------------------
Processing for 20111025
-------------------------------------

Thu Oct 27 12:15:02 EDT 2011

Timing is on.

           000 - INIT

BEGIN
Time: 0 hrs, 0 mins, 0 secs, 350 ms
*** Truncating staging tables before workflow starts ***
SET
Time: 0 hrs, 0 mins, 0 secs, 6 ms
GRANT
Time: 0 hrs, 0 mins, 3 secs, 64 ms
END
Time: 0 hrs, 0 mins, 7 secs, 305 ms

Thu Oct 27 12:15:13 EDT 2011

Timing is on.

            200 - LOAD_BN_IISLOGS   

BEGIN
Time: 0 hrs, 0 mins, 0 secs, 132 ms
SET
Time: 0 hrs, 0 mins, 0 secs, 5 ms
TRUNCATE
Time: 0 hrs, 19 mins, 26 secs, 49 ms
INSERT 0 62851629
Time: 0 hrs, 6 mins, 55 secs, 349 ms
END
Time: 0 hrs, 0 mins, 3 secs, 911 ms
ALTER TABLE
Time: 0 hrs, 0 mins, 2 secs, 416 ms

Thu Oct 27 12:41:42 EDT 2011

Timing is on.
BEGIN
Time: 0 hrs, 0 mins, 0 secs, 128 ms
SET
Time: 0 hrs, 0 mins, 0 secs, 6 ms

            250 - LOAD_BN_HITS_SP   

TRUNCATE
Time: 0 hrs, 0 mins, 0 secs, 993 ms
ERROR:  column "hit_timestamp" does not exist
NOTICE:  current transaction is aborted, queries ignored until end of transaction block
ABORT
Time: 0 hrs, 0 mins, 0 secs, 15 ms

Thu Oct 27 12:41:43 EDT 2011

Timing is on.
BEGIN
Time: 0 hrs, 0 mins, 0 secs, 122 ms
SET
Time: 0 hrs, 0 mins, 0 secs, 6 ms

           300 - DYNAMIC FILTER

Query marked for cancellation (cancellation is not guaranteed - please consult the Aster nCluster Management Console for status)
connection to server was lost

Thu Oct 27 12:43:05 EDT 2011

Timing is on.
BEGIN
Time: 0 hrs, 0 mins, 0 secs, 129 ms

           600 - LOAD RESOURCES

SET
Time: 0 hrs, 0 mins, 0 secs, 6 ms
Checking for lock file /tmp/.iislock
Acquired lock file /tmp/.iislock
deleting simple.htm records - these are just server testing...
DELETE 0
-------------------------------------
Processing for 20111025
-------------------------------------

Thu Oct 27 12:44:53 EDT 2011

Timing is on.

           000 - INIT

BEGIN
Time: 0 hrs, 0 mins, 1 secs, 910 ms
*** Truncating staging tables before workflow starts ***
SET
Time: 0 hrs, 0 mins, 0 secs, 6 ms
GRANT
Time: 0 hrs, 0 mins, 4 secs, 366 ms
END
Time: 0 hrs, 0 mins, 16 secs, 451 ms

Thu Oct 27 12:45:16 EDT 2011

Timing is on.

            200 - LOAD_BN_IISLOGS   

BEGIN
Time: 0 hrs, 0 mins, 0 secs, 117 ms
SET
Time: 0 hrs, 0 mins, 0 secs, 6 ms
TRUNCATE
Time: 0 hrs, 0 mins, 0 secs, 852 ms
INSERT 0 62851629
Time: 0 hrs, 7 mins, 18 secs, 638 ms
END
Time: 0 hrs, 0 mins, 21 secs, 423 ms
ALTER TABLE
Time: 0 hrs, 0 mins, 13 secs, 710 ms

Thu Oct 27 12:53:11 EDT 2011

Timing is on.
BEGIN
Time: 0 hrs, 0 mins, 0 secs, 270 ms
SET
Time: 0 hrs, 0 mins, 0 secs, 6 ms

            250 - LOAD_BN_HITS_SP   

TRUNCATE
Time: 0 hrs, 0 mins, 2 secs, 124 ms
ERROR:  function to_char(character varying, unknown) does not exist
NOTICE:  current transaction is aborted, queries ignored until end of transaction block
ABORT
Time: 0 hrs, 0 mins, 0 secs, 648 ms

Thu Oct 27 12:53:15 EDT 2011

Timing is on.
BEGIN
Time: 0 hrs, 0 mins, 2 secs, 407 ms
SET
Time: 0 hrs, 0 mins, 0 secs, 8 ms

           300 - DYNAMIC FILTER

Checking for lock file /tmp/.iislock
Acquired lock file /tmp/.iislock
deleting simple.htm records - these are just server testing...
DELETE 0
-------------------------------------
Processing for 20111025
-------------------------------------

Thu Oct 27 13:16:41 EDT 2011

Timing is on.

           000 - INIT

BEGIN
Time: 0 hrs, 0 mins, 0 secs, 135 ms
*** Truncating staging tables before workflow starts ***
SET
Time: 0 hrs, 0 mins, 0 secs, 5 ms
GRANT
Time: 0 hrs, 0 mins, 5 secs, 889 ms
END
Time: 0 hrs, 0 mins, 3 secs, 346 ms

Thu Oct 27 13:16:50 EDT 2011

Timing is on.

            200 - LOAD_BN_IISLOGS   

BEGIN
Time: 0 hrs, 0 mins, 0 secs, 177 ms
SET
Time: 0 hrs, 0 mins, 0 secs, 7 ms
TRUNCATE
Time: 0 hrs, 0 mins, 0 secs, 390 ms
INSERT 0 62851629
Time: 0 hrs, 9 mins, 52 secs, 951 ms
END
Time: 0 hrs, 0 mins, 6 secs, 194 ms
ALTER TABLE
Time: 0 hrs, 0 mins, 17 secs, 148 ms

Thu Oct 27 13:27:08 EDT 2011

Timing is on.
BEGIN
Time: 0 hrs, 0 mins, 0 secs, 163 ms
SET
Time: 0 hrs, 0 mins, 0 secs, 6 ms

            250 - LOAD_BN_HITS_SP   

TRUNCATE
Time: 0 hrs, 0 mins, 2 secs, 287 ms
INSERT 0 20778182
Time: 0 hrs, 2 mins, 6 secs, 437 ms
ANALYZE
Time: 0 hrs, 0 mins, 4 secs, 698 ms
END
Time: 0 hrs, 0 mins, 24 secs, 501 ms

Thu Oct 27 13:29:46 EDT 2011

Timing is on.
BEGIN
Time: 0 hrs, 0 mins, 0 secs, 191 ms
SET
Time: 0 hrs, 0 mins, 0 secs, 6 ms

           300 - DYNAMIC FILTER

Checking for lock file /tmp/.iislock
Acquired lock file /tmp/.iislock
deleting simple.htm records - these are just server testing...
DELETE 0
-------------------------------------
Processing for 20111025
-------------------------------------

Thu Oct 27 14:23:38 EDT 2011

Timing is on.

           000 - INIT

BEGIN
Time: 0 hrs, 0 mins, 10 secs, 406 ms
*** Truncating staging tables before workflow starts ***
SET
Time: 0 hrs, 0 mins, 0 secs, 6 ms
GRANT
Time: 0 hrs, 0 mins, 43 secs, 452 ms
END
Time: 0 hrs, 0 mins, 25 secs, 840 ms

Thu Oct 27 14:24:58 EDT 2011

Timing is on.

            200 - LOAD_BN_IISLOGS   

BEGIN
Time: 0 hrs, 0 mins, 0 secs, 120 ms
SET
Time: 0 hrs, 0 mins, 0 secs, 6 ms
TRUNCATE
Time: 0 hrs, 0 mins, 3 secs, 48 ms
INSERT 0 62851629
Time: 0 hrs, 10 mins, 17 secs, 772 ms
END
Time: 0 hrs, 0 mins, 7 secs, 787 ms
ALTER TABLE
Time: 0 hrs, 0 mins, 7 secs, 196 ms

Thu Oct 27 14:35:35 EDT 2011

Timing is on.
BEGIN
Time: 0 hrs, 0 mins, 0 secs, 336 ms
SET
Time: 0 hrs, 0 mins, 0 secs, 6 ms

            250 - LOAD_BN_HITS_SP   

TRUNCATE
Time: 0 hrs, 0 mins, 4 secs, 713 ms
INSERT 0 20778182
Time: 0 hrs, 2 mins, 3 secs, 794 ms
ANALYZE
Time: 0 hrs, 0 mins, 3 secs, 33 ms
END
Time: 0 hrs, 0 mins, 5 secs, 393 ms

Thu Oct 27 14:37:52 EDT 2011

Timing is on.
BEGIN
Time: 0 hrs, 0 mins, 0 secs, 142 ms
SET
Time: 0 hrs, 0 mins, 0 secs, 6 ms

           300 - DYNAMIC FILTER

Query marked for cancellation (cancellation is not guaranteed - please consult the Aster nCluster Management Console for status)
connection to server was lost

Thu Oct 27 15:52:02 EDT 2011

Timing is on.
BEGIN
Time: 0 hrs, 0 mins, 0 secs, 144 ms

           600 - LOAD RESOURCES

SET
Time: 0 hrs, 0 mins, 0 secs, 6 ms
CREATE TABLE
Time: 0 hrs, 0 mins, 26 secs, 201 ms
ANALYZE
Time: 0 hrs, 0 mins, 0 secs, 389 ms
 tmp_a_count 
-------------
      499045
(1 row)

Time: 0 hrs, 0 mins, 0 secs, 191 ms
UPDATE 0
Time: 0 hrs, 0 mins, 2 secs, 680 ms
ANALYZE
Time: 0 hrs, 0 mins, 0 secs, 434 ms
TRUNCATE
Time: 0 hrs, 0 mins, 0 secs, 511 ms
INSERT 0 0
Time: 0 hrs, 0 mins, 5 secs, 638 ms
ANALYZE
Time: 0 hrs, 0 mins, 0 secs, 13 ms
 first_resource_id | last_resource_id 
-------------------+------------------
                   |                 
(1 row)

Time: 0 hrs, 0 mins, 0 secs, 345 ms
INSERT 0 0
Time: 0 hrs, 0 mins, 0 secs, 172 ms
 total_resources 
-----------------
        51050157
(1 row)

Time: 0 hrs, 0 mins, 0 secs, 130 ms
ANALYZE
Time: 0 hrs, 0 mins, 0 secs, 386 ms
END
Time: 0 hrs, 0 mins, 5 secs, 34 ms
VACUUM
Time: 0 hrs, 0 mins, 2 secs, 685 ms

Thu Oct 27 15:52:47 EDT 2011

Timing is on.

           650 - LOAD_BN_SESSION_STAGE

BEGIN
Time: 0 hrs, 0 mins, 0 secs, 118 ms
SET
Time: 0 hrs, 0 mins, 0 secs, 6 ms
SET
Time: 0 hrs, 0 mins, 0 secs, 12 ms
CREATE TABLE
Time: 0 hrs, 0 mins, 25 secs, 673 ms
ANALYZE
Time: 0 hrs, 0 mins, 3 secs, 452 ms
 tmp_sessionized_stage 
-----------------------
              18073592
(1 row)

Time: 0 hrs, 0 mins, 0 secs, 182 ms
TRUNCATE
Time: 0 hrs, 0 mins, 0 secs, 644 ms
INSERT 0 2703536
Time: 0 hrs, 1 mins, 14 secs, 158 ms
ANALYZE
Time: 0 hrs, 0 mins, 3 secs, 97 ms
CREATE TABLE
Time: 0 hrs, 1 mins, 3 secs, 518 ms
CREATE INDEX
Time: 0 hrs, 0 mins, 0 secs, 408 ms
 tmp_first_last 
----------------
        2703536
(1 row)

Time: 0 hrs, 0 mins, 0 secs, 370 ms
ANALYZE
Time: 0 hrs, 0 mins, 0 secs, 812 ms
SET
Time: 0 hrs, 0 mins, 0 secs, 53 ms
SET
Time: 0 hrs, 0 mins, 0 secs, 54 ms
TRUNCATE
Time: 0 hrs, 0 mins, 2 secs, 38 ms
DROP 
Time: 0 hrs, 0 mins, 0 secs, 92 ms
INSERT 0 2703536
Time: 0 hrs, 0 mins, 5 secs, 961 ms
 bn_session_stage 
------------------
          2703536
(1 row)

Time: 0 hrs, 0 mins, 0 secs, 873 ms
CREATE INDEX
Time: 0 hrs, 0 mins, 0 secs, 463 ms
ANALYZE
Time: 0 hrs, 0 mins, 0 secs, 782 ms
TRUNCATE
Time: 0 hrs, 0 mins, 1 secs, 599 ms
END
Time: 0 hrs, 0 mins, 8 secs, 540 ms

Thu Oct 27 15:56:00 EDT 2011

BEGIN

           660 - LOAD_BN_SESSION_UPDATE_STAGE

SET
TRUNCATE
INSERT 0 0
END

Thu Oct 27 15:56:06 EDT 2011

Timing is on.

           670 - LOAD_BN_SESSION_20111025.UPDATES

BEGIN
Time: 0 hrs, 0 mins, 0 secs, 135 ms
SET
Time: 0 hrs, 0 mins, 0 secs, 6 ms
UPDATE 0
Time: 0 hrs, 0 mins, 0 secs, 156 ms
END
Time: 0 hrs, 0 mins, 3 secs, 593 ms
VACUUM
Time: 0 hrs, 0 mins, 3 secs, 175 ms

Thu Oct 27 15:56:13 EDT 2011

Timing is on.

           700 - LOAD_BN_SESSION

BEGIN
Time: 0 hrs, 0 mins, 0 secs, 228 ms
SET
Time: 0 hrs, 0 mins, 0 secs, 5 ms
INSERT 0 0
Time: 0 hrs, 0 mins, 3 secs, 660 ms
ANALYZE
Time: 0 hrs, 0 mins, 0 secs, 13 ms
END
Time: 0 hrs, 0 mins, 9 secs, 760 ms

Thu Oct 27 15:56:27 EDT 2011

Timing is on.

            750 - LOAD_BN_SESSION_SUMMARY   

BEGIN
Time: 0 hrs, 0 mins, 0 secs, 125 ms
SET
Time: 0 hrs, 0 mins, 0 secs, 7 ms
CREATE TABLE
Time: 0 hrs, 0 mins, 7 secs, 8 ms
TRUNCATE
Time: 0 hrs, 0 mins, 8 secs, 219 ms
INSERT 0 0
Time: 0 hrs, 0 mins, 0 secs, 277 ms
ANALYZE
Time: 0 hrs, 0 mins, 0 secs, 23 ms
 count(1) 
----------
        0
(1 row)

Time: 0 hrs, 0 mins, 1 secs, 247 ms
END
Time: 0 hrs, 0 mins, 7 secs, 459 ms

Thu Oct 27 15:56:52 EDT 2011

Timing is on.

           800 - LOAD_BN_HITS

BEGIN
Time: 0 hrs, 0 mins, 0 secs, 589 ms
SET
Time: 0 hrs, 0 mins, 0 secs, 6 ms
SET
Time: 0 hrs, 0 mins, 0 secs, 11 ms
SET
Time: 0 hrs, 0 mins, 0 secs, 11 ms
SET
Time: 0 hrs, 0 mins, 0 secs, 13 ms
TRUNCATE
Time: 0 hrs, 0 mins, 10 secs, 341 ms
INSERT 0 0
Time: 0 hrs, 0 mins, 0 secs, 427 ms
 count(1) 
----------
        0
(1 row)

Time: 0 hrs, 0 mins, 1 secs, 644 ms
ANALYZE
Time: 0 hrs, 0 mins, 0 secs, 106 ms
END
Time: 0 hrs, 0 mins, 18 secs, 653 ms

Thu Oct 27 15:57:24 EDT 2011

Timing is on.

            900 - LOAD_CLICKSTREAM   

BEGIN
Time: 0 hrs, 0 mins, 0 secs, 134 ms
SET
Time: 0 hrs, 0 mins, 0 secs, 7 ms
TRUNCATE
Time: 0 hrs, 0 mins, 5 secs, 629 ms
INSERT 0 0
Time: 0 hrs, 0 mins, 16 secs, 826 ms
 count(1) 
----------
        0
(1 row)

Time: 0 hrs, 0 mins, 0 secs, 605 ms
ANALYZE
Time: 0 hrs, 0 mins, 0 secs, 34 ms
END
Time: 0 hrs, 0 mins, 6 secs, 782 ms

Thu Oct 27 15:57:54 EDT 2011

Timing is on.

            1000 - PAGE_VIEW_SUMMARY  

BEGIN
Time: 0 hrs, 0 mins, 0 secs, 202 ms
SET
Time: 0 hrs, 0 mins, 0 secs, 5 ms
SET
Time: 0 hrs, 0 mins, 0 secs, 24 ms
TRUNCATE
Time: 0 hrs, 0 mins, 2 secs, 728 ms
INSERT 0 0
Time: 0 hrs, 0 mins, 1 secs, 264 ms
 count(1) 
----------
        0
(1 row)

Time: 0 hrs, 0 mins, 0 secs, 64 ms
ANALYZE
Time: 0 hrs, 0 mins, 0 secs, 12 ms
END
Time: 0 hrs, 0 mins, 4 secs, 837 ms

Thu Oct 27 15:58:04 EDT 2011


2000 - WRAP UP 

Timing is on.
BEGIN
Time: 0 hrs, 0 mins, 0 secs, 155 ms
TRUNCATE
Time: 0 hrs, 0 mins, 0 secs, 966 ms
TRUNCATE
Time: 0 hrs, 0 mins, 0 secs, 927 ms
END
Time: 0 hrs, 0 mins, 9 secs, 600 ms
Thu Oct 27 15:58:15 EDT 2011
Removing lock file and waiting for a minute
Checking for lock file /tmp/.iislock
Acquired lock file /tmp/.iislock
deleting simple.htm records - these are just server testing...
DELETE 0
-------------------------------------
Processing for 20111025
-------------------------------------

Thu Oct 27 18:04:14 EDT 2011

Timing is on.

           000 - INIT

BEGIN
Time: 0 hrs, 0 mins, 0 secs, 113 ms
*** Truncating staging tables before workflow starts ***
SET
Time: 0 hrs, 0 mins, 0 secs, 5 ms
GRANT
Time: 0 hrs, 0 mins, 15 secs, 856 ms
END
Time: 0 hrs, 0 mins, 4 secs, 883 ms

Thu Oct 27 18:04:35 EDT 2011

Timing is on.

            200 - LOAD_BN_IISLOGS   

BEGIN
Time: 0 hrs, 0 mins, 0 secs, 115 ms
SET
Time: 0 hrs, 0 mins, 0 secs, 6 ms
TRUNCATE
Time: 0 hrs, 0 mins, 1 secs, 270 ms
Query marked for cancellation (cancellation is not guaranteed - please consult the Aster nCluster Management Console for status)
connection to server was lost

Thu Oct 27 18:05:31 EDT 2011

Timing is on.
BEGIN
Time: 0 hrs, 0 mins, 0 secs, 126 ms
SET
Time: 0 hrs, 0 mins, 0 secs, 7 ms

            250 - LOAD_BN_HITS_SP   

Checking for lock file /tmp/.iislock
Acquired lock file /tmp/.iislock
deleting simple.htm records - these are just server testing...
DELETE 0
-------------------------------------
Processing for 20111025
-------------------------------------

Thu Oct 27 18:28:13 EDT 2011

Timing is on.

           000 - INIT

BEGIN
Time: 0 hrs, 0 mins, 0 secs, 126 ms
*** Truncating staging tables before workflow starts ***
SET
Time: 0 hrs, 0 mins, 0 secs, 7 ms
GRANT
Time: 0 hrs, 0 mins, 1 secs, 456 ms
END
Time: 0 hrs, 0 mins, 4 secs, 30 ms

Thu Oct 27 18:28:19 EDT 2011

Timing is on.

            200 - LOAD_BN_IISLOGS   

BEGIN
Time: 0 hrs, 0 mins, 0 secs, 122 ms
SET
Time: 0 hrs, 0 mins, 0 secs, 6 ms
TRUNCATE
Time: 0 hrs, 0 mins, 1 secs, 426 ms
INSERT 0 62851629
Time: 0 hrs, 6 mins, 45 secs, 908 ms
END
Time: 0 hrs, 0 mins, 3 secs, 832 ms
ALTER TABLE
Time: 0 hrs, 0 mins, 7 secs, 622 ms

Thu Oct 27 18:35:18 EDT 2011

Timing is on.
BEGIN
Time: 0 hrs, 0 mins, 1 secs, 153 ms
SET
Time: 0 hrs, 0 mins, 0 secs, 6 ms

            250 - LOAD_BN_HITS_SP   

TRUNCATE
Time: 1 hrs, 30 mins, 24 secs, 688 ms
INSERT 0 20778182
Time: 0 hrs, 2 mins, 11 secs, 482 ms
ANALYZE
Time: 0 hrs, 0 mins, 4 secs, 999 ms
END
Time: 0 hrs, 0 mins, 16 secs, 156 ms

Thu Oct 27 20:08:17 EDT 2011

Timing is on.
BEGIN
Time: 0 hrs, 0 mins, 0 secs, 148 ms
SET
Time: 0 hrs, 0 mins, 0 secs, 6 ms

           300 - DYNAMIC FILTER

TRUNCATE
Time: 0 hrs, 0 mins, 4 secs, 978 ms
INSERT 0 21161802
Time: 0 hrs, 0 mins, 2 secs, 157 ms
ANALYZE
Time: 0 hrs, 0 mins, 2 secs, 682 ms
 Total records in web_click_cnt 
--------------------------------
                       21161802
(1 row)

Time: 0 hrs, 0 mins, 1 secs, 321 ms
CREATE TABLE
Time: 0 hrs, 0 mins, 8 secs, 12 ms
ANALYZE
Time: 0 hrs, 0 mins, 0 secs, 32 ms
CREATE TABLE
Time: 0 hrs, 0 mins, 0 secs, 695 ms
ANALYZE
Time: 0 hrs, 0 mins, 0 secs, 35 ms
DELETE 1
Time: 0 hrs, 0 mins, 1 secs, 875 ms
INSERT 0 1
Time: 0 hrs, 0 mins, 0 secs, 115 ms
DELETE 1
Time: 0 hrs, 0 mins, 0 secs, 66 ms
INSERT 0 1
Time: 0 hrs, 0 mins, 0 secs, 114 ms
CREATE TABLE
Time: 0 hrs, 0 mins, 1 secs, 986 ms
ANALYZE
Time: 0 hrs, 0 mins, 0 secs, 32 ms
CREATE TABLE
Time: 0 hrs, 0 mins, 1 secs, 934 ms
ANALYZE
Time: 0 hrs, 0 mins, 0 secs, 34 ms
DELETE 1
Time: 0 hrs, 0 mins, 0 secs, 69 ms
INSERT 0 1
Time: 0 hrs, 0 mins, 0 secs, 536 ms
DELETE 1
Time: 0 hrs, 0 mins, 0 secs, 70 ms
INSERT 0 1
Time: 0 hrs, 0 mins, 0 secs, 141 ms
ANALYZE
Time: 0 hrs, 0 mins, 1 secs, 708 ms
    tablename     |    attr_name    | attr_value 
------------------+-----------------+------------
 BN_FILTER_SPIDER | CLK_USER_SD_MPL | 10
 BN_FILTER_SPIDER | IP_USER_SD_MPL  | 1
 BN_FILTER_SPIDER | IP_USER_RATIO   | .955
 BN_FILTER_SPIDER | CLK_USER_MEAN   | 10.745
 BN_FILTER_SPIDER | CLK_USER_SD     | 235.368
 BN_FILTER_SPIDER | IP_USER_MEAN    | 21.553
 BN_FILTER_SPIDER | IP_USER_SD      | 1459.396
(7 rows)

Time: 0 hrs, 0 mins, 0 secs, 52 ms
CREATE TABLE
Time: 0 hrs, 0 mins, 2 secs, 682 ms
CREATE TABLE
Time: 0 hrs, 0 mins, 0 secs, 458 ms
 l_mean_sd_mpl 
---------------
      2364.425
(1 row)

Time: 0 hrs, 0 mins, 0 secs, 64 ms
TRUNCATE
Time: 0 hrs, 0 mins, 3 secs, 208 ms
INSERT 0 72
Time: 0 hrs, 0 mins, 2 secs, 887 ms
ANALYZE
Time: 0 hrs, 0 mins, 0 secs, 935 ms
 Total click_user bn_spider_ip records 
---------------------------------------
                                    72
(1 row)

Time: 0 hrs, 0 mins, 1 secs, 850 ms
CREATE TABLE
Time: 0 hrs, 0 mins, 7 secs, 680 ms
ANALYZE
Time: 0 hrs, 0 mins, 0 secs, 37 ms
CREATE TABLE
Time: 0 hrs, 0 mins, 4 secs, 871 ms
ANALYZE
Time: 0 hrs, 0 mins, 0 secs, 34 ms
DROP 
Time: 0 hrs, 0 mins, 0 secs, 74 ms
CREATE TABLE
Time: 0 hrs, 0 mins, 1 secs, 343 ms
 l_mean_sd_mpl | l_ratio 
---------------+---------
      1480.949 |   0.955
(1 row)

Time: 0 hrs, 0 mins, 0 secs, 434 ms
INSERT 0 17888225
Time: 0 hrs, 0 mins, 7 secs, 973 ms
ANALYZE
Time: 0 hrs, 0 mins, 0 secs, 274 ms
 Total ip_user_filter bn_spider_ip records 
-------------------------------------------
                                  17888225
(1 row)

Time: 0 hrs, 0 mins, 0 secs, 934 ms
TRUNCATE
Time: 0 hrs, 0 mins, 9 secs, 264 ms
INSERT 0 17436361
Time: 0 hrs, 0 mins, 18 secs, 476 ms
ANALYZE
Time: 0 hrs, 0 mins, 14 secs, 859 ms
 bn_hits_stage 
---------------
      17436361
(1 row)

Time: 0 hrs, 0 mins, 0 secs, 462 ms
INSERT 0 18874503
Time: 0 hrs, 0 mins, 40 secs, 327 ms
ANALYZE
Time: 0 hrs, 0 mins, 8 secs, 111 ms
 bn_hits_sp_20111025 
---------------------
            39652685
(1 row)

Time: 0 hrs, 0 mins, 1 secs, 657 ms
TRUNCATE
Time: 0 hrs, 0 mins, 13 secs, 183 ms
INSERT 0 5762583
Time: 0 hrs, 0 mins, 12 secs, 343 ms
ANALYZE
Time: 0 hrs, 0 mins, 7 secs, 465 ms
 bn_hits_client_20111025 
-------------------------
                 5762583
(1 row)

Time: 0 hrs, 0 mins, 0 secs, 402 ms
END
Time: 0 hrs, 0 mins, 17 secs, 293 ms

Thu Oct 27 20:11:45 EDT 2011

Timing is on.
BEGIN
Time: 0 hrs, 0 mins, 2 secs, 900 ms

           600 - LOAD RESOURCES

SET
Time: 0 hrs, 0 mins, 0 secs, 8 ms
CREATE TABLE
Time: 0 hrs, 0 mins, 33 secs, 738 ms
ANALYZE
Time: 0 hrs, 0 mins, 0 secs, 510 ms
 tmp_a_count 
-------------
      492190
(1 row)

Time: 0 hrs, 0 mins, 0 secs, 489 ms
UPDATE 0
Time: 0 hrs, 0 mins, 5 secs, 207 ms
ANALYZE
Time: 0 hrs, 0 mins, 2 secs, 350 ms
TRUNCATE
Time: 0 hrs, 0 mins, 4 secs, 177 ms
INSERT 0 37650
Time: 0 hrs, 0 mins, 28 secs, 690 ms
ANALYZE
Time: 0 hrs, 0 mins, 2 secs, 887 ms
 first_resource_id | last_resource_id 
-------------------+------------------
          51194806 |         51232455
(1 row)

Time: 0 hrs, 0 mins, 1 secs, 787 ms
INSERT 0 37650
Time: 0 hrs, 0 mins, 3 secs, 454 ms
 total_resources 
-----------------
        51208048
(1 row)

Time: 0 hrs, 0 mins, 3 secs, 996 ms
ANALYZE
Time: 0 hrs, 0 mins, 0 secs, 537 ms
END
Time: 0 hrs, 0 mins, 19 secs, 317 ms
VACUUM
Time: 0 hrs, 0 mins, 22 secs, 418 ms

Thu Oct 27 20:13:58 EDT 2011

Timing is on.

           650 - LOAD_BN_SESSION_STAGE

BEGIN
Time: 0 hrs, 0 mins, 0 secs, 179 ms
SET
Time: 0 hrs, 0 mins, 0 secs, 6 ms
SET
Time: 0 hrs, 0 mins, 0 secs, 11 ms
CREATE TABLE
Time: 0 hrs, 0 mins, 33 secs, 599 ms
ANALYZE
Time: 0 hrs, 0 mins, 3 secs, 38 ms
 tmp_sessionized_stage 
-----------------------
              17436361
(1 row)

Time: 0 hrs, 0 mins, 0 secs, 113 ms
TRUNCATE
Time: 0 hrs, 0 mins, 1 secs, 620 ms
INSERT 0 2773115
Time: 0 hrs, 1 mins, 6 secs, 316 ms
ANALYZE
Time: 0 hrs, 0 mins, 4 secs, 665 ms
CREATE TABLE
Time: 0 hrs, 1 mins, 9 secs, 143 ms
CREATE INDEX
Time: 0 hrs, 0 mins, 1 secs, 138 ms
 tmp_first_last 
----------------
        2773115
(1 row)

Time: 0 hrs, 0 mins, 0 secs, 468 ms
ANALYZE
Time: 0 hrs, 0 mins, 2 secs, 79 ms
SET
Time: 0 hrs, 0 mins, 0 secs, 12 ms
SET
Time: 0 hrs, 0 mins, 0 secs, 11 ms
TRUNCATE
Time: 0 hrs, 0 mins, 10 secs, 626 ms
DROP 
Time: 0 hrs, 0 mins, 0 secs, 281 ms
INSERT 0 2773115
Time: 0 hrs, 0 mins, 5 secs, 901 ms
 bn_session_stage 
------------------
          2773115
(1 row)

Time: 0 hrs, 0 mins, 4 secs, 988 ms
CREATE INDEX
Time: 0 hrs, 0 mins, 5 secs, 951 ms
ANALYZE
Time: 0 hrs, 0 mins, 2 secs, 745 ms
TRUNCATE
Time: 0 hrs, 0 mins, 5 secs, 446 ms
END
Time: 0 hrs, 0 mins, 20 secs, 910 ms

Thu Oct 27 20:17:57 EDT 2011

BEGIN

           660 - LOAD_BN_SESSION_UPDATE_STAGE

SET
TRUNCATE
INSERT 0 0
END

Thu Oct 27 20:18:15 EDT 2011

Timing is on.

           670 - LOAD_BN_SESSION_20111025.UPDATES

BEGIN
Time: 0 hrs, 0 mins, 0 secs, 136 ms
SET
Time: 0 hrs, 0 mins, 0 secs, 6 ms
UPDATE 0
Time: 0 hrs, 0 mins, 0 secs, 347 ms
END
Time: 0 hrs, 0 mins, 22 secs, 899 ms
VACUUM
Time: 0 hrs, 0 mins, 14 secs, 906 ms

Thu Oct 27 20:18:53 EDT 2011

Timing is on.

           700 - LOAD_BN_SESSION

BEGIN
Time: 0 hrs, 0 mins, 0 secs, 415 ms
SET
Time: 0 hrs, 0 mins, 0 secs, 6 ms
INSERT 0 2773115
Time: 0 hrs, 0 mins, 12 secs, 100 ms
ANALYZE
Time: 0 hrs, 0 mins, 0 secs, 938 ms
END
Time: 0 hrs, 0 mins, 9 secs, 123 ms

Thu Oct 27 20:19:16 EDT 2011

Timing is on.

            750 - LOAD_BN_SESSION_SUMMARY   

BEGIN
Time: 0 hrs, 0 mins, 0 secs, 129 ms
SET
Time: 0 hrs, 0 mins, 0 secs, 5 ms
CREATE TABLE
Time: 0 hrs, 0 mins, 8 secs, 407 ms
TRUNCATE
Time: 0 hrs, 0 mins, 1 secs, 98 ms
INSERT 0 302267
Time: 0 hrs, 0 mins, 3 secs, 928 ms
ANALYZE
Time: 0 hrs, 0 mins, 0 secs, 624 ms
 count(1) 
----------
   302267
(1 row)

Time: 0 hrs, 0 mins, 0 secs, 175 ms
END
Time: 0 hrs, 0 mins, 10 secs, 187 ms

Thu Oct 27 20:19:41 EDT 2011

Timing is on.

           800 - LOAD_BN_HITS

BEGIN
Time: 0 hrs, 0 mins, 0 secs, 140 ms
SET
Time: 0 hrs, 0 mins, 0 secs, 6 ms
SET
Time: 0 hrs, 0 mins, 0 secs, 12 ms
SET
Time: 0 hrs, 0 mins, 0 secs, 11 ms
SET
Time: 0 hrs, 0 mins, 0 secs, 11 ms
TRUNCATE
Time: 0 hrs, 0 mins, 5 secs, 228 ms
INSERT 0 17436361
Time: 0 hrs, 0 mins, 7 secs, 56 ms
 count(1) 
----------
 17436361
(1 row)

Time: 0 hrs, 0 mins, 4 secs, 567 ms
ANALYZE
Time: 0 hrs, 0 mins, 4 secs, 160 ms
END
Time: 0 hrs, 0 mins, 25 secs, 31 ms

Thu Oct 27 20:20:27 EDT 2011

Timing is on.

            900 - LOAD_CLICKSTREAM   

BEGIN
Time: 0 hrs, 0 mins, 0 secs, 120 ms
SET
Time: 0 hrs, 0 mins, 0 secs, 5 ms
TRUNCATE
Time: 0 hrs, 0 mins, 4 secs, 596 ms
INSERT 0 17436361
Time: 0 hrs, 1 mins, 1 secs, 934 ms
 count(1) 
----------
 17436361
(1 row)

Time: 0 hrs, 0 mins, 3 secs, 4 ms
ANALYZE
Time: 0 hrs, 0 mins, 1 secs, 130 ms
END
Time: 0 hrs, 0 mins, 13 secs, 672 ms

Thu Oct 27 20:21:52 EDT 2011

Timing is on.

            1000 - PAGE_VIEW_SUMMARY  

BEGIN
Time: 0 hrs, 0 mins, 0 secs, 126 ms
SET
Time: 0 hrs, 0 mins, 0 secs, 6 ms
SET
Time: 0 hrs, 0 mins, 0 secs, 12 ms
TRUNCATE
Time: 0 hrs, 0 mins, 3 secs, 698 ms
INSERT 0 503956
Time: 0 hrs, 0 mins, 13 secs, 859 ms
 count(1) 
----------
   503956
(1 row)

Time: 0 hrs, 0 mins, 1 secs, 517 ms
ANALYZE
Time: 0 hrs, 0 mins, 0 secs, 59 ms
END
Time: 0 hrs, 0 mins, 7 secs, 672 ms

Thu Oct 27 20:22:19 EDT 2011


2000 - WRAP UP 

Timing is on.
BEGIN
Time: 0 hrs, 0 mins, 0 secs, 603 ms
TRUNCATE
Time: 0 hrs, 0 mins, 0 secs, 747 ms
TRUNCATE
Time: 0 hrs, 0 mins, 2 secs, 451 ms
END
Time: 0 hrs, 0 mins, 6 secs, 349 ms
Thu Oct 27 20:22:29 EDT 2011
Removing lock file and waiting for a minute
Total time taken:  115  minutes.
