Checking for lock file /tmp/.iislock
Acquired lock file /tmp/.iislock
-------------------------------------
Processing for 20110309
-------------------------------------

Fri Mar 11 04:19:41 EST 2011

Timing is on.

           000 - INIT

BEGIN
Time: 0 hrs, 0 mins, 0 secs, 752 ms
*** Truncating staging tables before workflow starts ***
SET
Time: 0 hrs, 0 mins, 0 secs, 11 ms
GRANT
Time: 0 hrs, 0 mins, 3 secs, 350 ms
END
Time: 0 hrs, 0 mins, 1 secs, 344 ms

Fri Mar 11 04:19:47 EST 2011

Timing is on.

            200 - LOAD_BN_IISLOGS   

BEGIN
Time: 0 hrs, 0 mins, 0 secs, 694 ms
SET
Time: 0 hrs, 0 mins, 0 secs, 9 ms
TRUNCATE
Time: 0 hrs, 0 mins, 0 secs, 457 ms
INSERT 0 47685134
Time: 0 hrs, 6 mins, 56 secs, 965 ms
END
Time: 0 hrs, 0 mins, 23 secs, 333 ms
ALTER TABLE
Time: 0 hrs, 0 mins, 5 secs, 710 ms

Fri Mar 11 04:27:15 EST 2011

Timing is on.
BEGIN
Time: 0 hrs, 0 mins, 0 secs, 729 ms
SET
Time: 0 hrs, 0 mins, 0 secs, 9 ms

            250 - LOAD_BN_HITS_SP   

TRUNCATE
Time: 0 hrs, 0 mins, 0 secs, 770 ms
INSERT 0 13382807
Time: 0 hrs, 2 mins, 16 secs, 340 ms
ANALYZE
Time: 0 hrs, 0 mins, 3 secs, 898 ms
END
Time: 0 hrs, 0 mins, 13 secs, 495 ms

Fri Mar 11 04:29:50 EST 2011

Timing is on.
BEGIN
Time: 0 hrs, 0 mins, 4 secs, 28 ms
SET
Time: 0 hrs, 0 mins, 0 secs, 10 ms

           300 - DYNAMIC FILTER

TRUNCATE
Time: 0 hrs, 0 mins, 1 secs, 380 ms
INSERT 0 8591343
Time: 0 hrs, 0 mins, 2 secs, 395 ms
ANALYZE
Time: 0 hrs, 0 mins, 1 secs, 760 ms
 Total records in web_click_cnt 
--------------------------------
                        8591343
(1 row)

Time: 0 hrs, 0 mins, 0 secs, 515 ms
CREATE TABLE
Time: 0 hrs, 0 mins, 4 secs, 57 ms
ANALYZE
Time: 0 hrs, 0 mins, 0 secs, 78 ms
CREATE TABLE
Time: 0 hrs, 0 mins, 0 secs, 999 ms
ANALYZE
Time: 0 hrs, 0 mins, 0 secs, 102 ms
DELETE 1
Time: 0 hrs, 0 mins, 0 secs, 316 ms
INSERT 0 1
Time: 0 hrs, 0 mins, 0 secs, 207 ms
DELETE 1
Time: 0 hrs, 0 mins, 0 secs, 80 ms
INSERT 0 1
Time: 0 hrs, 0 mins, 0 secs, 319 ms
CREATE TABLE
Time: 0 hrs, 0 mins, 2 secs, 576 ms
ANALYZE
Time: 0 hrs, 0 mins, 0 secs, 203 ms
CREATE TABLE
Time: 0 hrs, 0 mins, 0 secs, 926 ms
ANALYZE
Time: 0 hrs, 0 mins, 0 secs, 92 ms
DELETE 1
Time: 0 hrs, 0 mins, 0 secs, 107 ms
INSERT 0 1
Time: 0 hrs, 0 mins, 0 secs, 212 ms
DELETE 1
Time: 0 hrs, 0 mins, 0 secs, 98 ms
INSERT 0 1
Time: 0 hrs, 0 mins, 0 secs, 355 ms
ANALYZE
Time: 0 hrs, 0 mins, 0 secs, 634 ms
    tablename     |    attr_name    | attr_value 
------------------+-----------------+------------
 BN_FILTER_SPIDER | CLK_USER_SD_MPL | 10
 BN_FILTER_SPIDER | IP_USER_SD_MPL  | 1
 BN_FILTER_SPIDER | IP_USER_RATIO   | .955
 BN_FILTER_SPIDER | CLK_USER_MEAN   | 16.320
 BN_FILTER_SPIDER | CLK_USER_SD     | 197.831
 BN_FILTER_SPIDER | IP_USER_MEAN    | 10.842
 BN_FILTER_SPIDER | IP_USER_SD      | 1669.973
(7 rows)

Time: 0 hrs, 0 mins, 0 secs, 243 ms
CREATE TABLE
Time: 0 hrs, 0 mins, 5 secs, 969 ms
CREATE TABLE
Time: 0 hrs, 0 mins, 1 secs, 688 ms
 l_mean_sd_mpl 
---------------
      1994.630
(1 row)

Time: 0 hrs, 0 mins, 0 secs, 503 ms
TRUNCATE
Time: 0 hrs, 0 mins, 2 secs, 435 ms
INSERT 0 58
Time: 0 hrs, 0 mins, 3 secs, 881 ms
ANALYZE
Time: 0 hrs, 0 mins, 0 secs, 75 ms
 Total click_user bn_spider_ip records 
---------------------------------------
                                    58
(1 row)

Time: 0 hrs, 0 mins, 0 secs, 123 ms
CREATE TABLE
Time: 0 hrs, 0 mins, 1 secs, 30 ms
ANALYZE
Time: 0 hrs, 0 mins, 0 secs, 78 ms
CREATE TABLE
Time: 0 hrs, 0 mins, 3 secs, 662 ms
ANALYZE
Time: 0 hrs, 0 mins, 0 secs, 80 ms
DROP 
Time: 0 hrs, 0 mins, 0 secs, 375 ms
CREATE TABLE
Time: 0 hrs, 0 mins, 0 secs, 549 ms
 l_mean_sd_mpl | l_ratio 
---------------+---------
      1680.815 |   0.955
(1 row)

Time: 0 hrs, 0 mins, 0 secs, 134 ms
INSERT 0 6507400
Time: 0 hrs, 0 mins, 4 secs, 406 ms
ANALYZE
Time: 0 hrs, 0 mins, 0 secs, 186 ms
 Total ip_user_filter bn_spider_ip records 
-------------------------------------------
                                   6507400
(1 row)

Time: 0 hrs, 0 mins, 0 secs, 315 ms
TRUNCATE
Time: 0 hrs, 0 mins, 0 secs, 686 ms
INSERT 0 19220197
Time: 0 hrs, 0 mins, 14 secs, 624 ms
ANALYZE
Time: 0 hrs, 0 mins, 3 secs, 797 ms
 bn_hits_stage 
---------------
      19220197
(1 row)

Time: 0 hrs, 0 mins, 0 secs, 317 ms
INSERT 0 8146307
Time: 0 hrs, 0 mins, 35 secs, 101 ms
ANALYZE
Time: 0 hrs, 0 mins, 5 secs, 364 ms
 bn_hits_sp_20110309 
---------------------
            21529114
(1 row)

Time: 0 hrs, 0 mins, 8 secs, 580 ms
TRUNCATE
Time: 0 hrs, 0 mins, 0 secs, 632 ms
INSERT 0 6935823
Time: 0 hrs, 0 mins, 8 secs, 592 ms
ANALYZE
Time: 0 hrs, 0 mins, 2 secs, 897 ms
 bn_hits_client_20110309 
-------------------------
                 6935823
(1 row)

Time: 0 hrs, 0 mins, 0 secs, 168 ms
END
Time: 0 hrs, 0 mins, 8 secs, 507 ms

Fri Mar 11 04:32:07 EST 2011

Timing is on.
BEGIN
Time: 0 hrs, 0 mins, 2 secs, 612 ms

           600 - LOAD RESOURCES

SET
Time: 0 hrs, 0 mins, 0 secs, 11 ms
CREATE TABLE
Time: 0 hrs, 0 mins, 7 secs, 150 ms
ANALYZE
Time: 0 hrs, 0 mins, 0 secs, 713 ms
 tmp_a_count 
-------------
       36005
(1 row)

Time: 0 hrs, 0 mins, 0 secs, 333 ms
UPDATE 0
Time: 0 hrs, 0 mins, 1 secs, 806 ms
ANALYZE
Time: 0 hrs, 0 mins, 0 secs, 866 ms
TRUNCATE
Time: 0 hrs, 0 mins, 2 secs, 561 ms
INSERT 0 1272
Time: 0 hrs, 0 mins, 6 secs, 206 ms
ANALYZE
Time: 0 hrs, 0 mins, 0 secs, 362 ms
 first_resource_id | last_resource_id 
-------------------+------------------
          13005181 |         13006452
(1 row)

Time: 0 hrs, 0 mins, 0 secs, 94 ms
INSERT 0 1272
Time: 0 hrs, 0 mins, 0 secs, 752 ms
 total_resources 
-----------------
        12982057
(1 row)

Time: 0 hrs, 0 mins, 0 secs, 161 ms
ANALYZE
Time: 0 hrs, 0 mins, 1 secs, 12 ms
END
Time: 0 hrs, 0 mins, 19 secs, 864 ms
VACUUM
Time: 0 hrs, 0 mins, 19 secs, 777 ms

Fri Mar 11 04:33:11 EST 2011

Timing is on.

           650 - LOAD_BN_SESSION_STAGE

BEGIN
Time: 0 hrs, 0 mins, 0 secs, 772 ms
SET
Time: 0 hrs, 0 mins, 0 secs, 12 ms
SET
Time: 0 hrs, 0 mins, 0 secs, 19 ms
CREATE TABLE
Time: 0 hrs, 0 mins, 42 secs, 605 ms
ANALYZE
Time: 0 hrs, 0 mins, 4 secs, 204 ms
 tmp_sessionized_stage 
-----------------------
              19220197
(1 row)

Time: 0 hrs, 0 mins, 0 secs, 314 ms
TRUNCATE
Time: 0 hrs, 0 mins, 0 secs, 559 ms
INSERT 0 1777032
Time: 0 hrs, 0 mins, 26 secs, 155 ms
ANALYZE
Time: 0 hrs, 0 mins, 0 secs, 779 ms
CREATE TABLE
Time: 0 hrs, 0 mins, 55 secs, 768 ms
CREATE INDEX
Time: 0 hrs, 0 mins, 0 secs, 504 ms
 tmp_first_last 
----------------
        1777032
(1 row)

Time: 0 hrs, 0 mins, 0 secs, 121 ms
ANALYZE
Time: 0 hrs, 0 mins, 0 secs, 803 ms
SET
Time: 0 hrs, 0 mins, 0 secs, 25 ms
SET
Time: 0 hrs, 0 mins, 0 secs, 27 ms
TRUNCATE
Time: 0 hrs, 0 mins, 2 secs, 164 ms
DROP
Time: 0 hrs, 0 mins, 0 secs, 216 ms
INSERT 0 1777032
Time: 0 hrs, 0 mins, 7 secs, 838 ms
 bn_session_stage 
------------------
          1777032
(1 row)

Time: 0 hrs, 0 mins, 3 secs, 84 ms
CREATE INDEX
Time: 0 hrs, 0 mins, 1 secs, 551 ms
ANALYZE
Time: 0 hrs, 0 mins, 1 secs, 563 ms
TRUNCATE
Time: 0 hrs, 0 mins, 2 secs, 569 ms
END
Time: 0 hrs, 0 mins, 25 secs, 885 ms

Fri Mar 11 04:36:09 EST 2011

BEGIN

           660 - LOAD_BN_SESSION_UPDATE_STAGE

SET
TRUNCATE
INSERT 0 0
END

Fri Mar 11 04:36:27 EST 2011

Timing is on.

           670 - LOAD_BN_SESSION_20110309.UPDATES

BEGIN
Time: 0 hrs, 0 mins, 0 secs, 738 ms
SET
Time: 0 hrs, 0 mins, 0 secs, 9 ms
UPDATE 0
Time: 0 hrs, 0 mins, 0 secs, 656 ms
END
Time: 0 hrs, 0 mins, 21 secs, 964 ms
VACUUM
Time: 0 hrs, 0 mins, 37 secs, 537 ms

Fri Mar 11 04:37:28 EST 2011

Timing is on.

           700 - LOAD_BN_SESSION

BEGIN
Time: 0 hrs, 0 mins, 1 secs, 257 ms
SET
Time: 0 hrs, 0 mins, 0 secs, 11 ms
INSERT 0 1777032
Time: 0 hrs, 0 mins, 9 secs, 450 ms
ANALYZE
Time: 0 hrs, 0 mins, 1 secs, 276 ms
END
Time: 0 hrs, 0 mins, 39 secs, 762 ms

Fri Mar 11 04:38:20 EST 2011

Timing is on.

            750 - LOAD_BN_SESSION_SUMMARY   

BEGIN
Time: 0 hrs, 0 mins, 1 secs, 677 ms
SET
Time: 0 hrs, 0 mins, 0 secs, 10 ms
CREATE TABLE
Time: 0 hrs, 0 mins, 10 secs, 736 ms
TRUNCATE
Time: 0 hrs, 0 mins, 5 secs, 425 ms
INSERT 0 203382
Time: 0 hrs, 0 mins, 5 secs, 611 ms
ANALYZE
Time: 0 hrs, 0 mins, 0 secs, 954 ms
 count(1) 
----------
   203382
(1 row)

Time: 0 hrs, 0 mins, 0 secs, 220 ms
END
Time: 0 hrs, 0 mins, 20 secs, 485 ms

Fri Mar 11 04:39:06 EST 2011

Timing is on.

           800 - LOAD_BN_HITS

BEGIN
Time: 0 hrs, 0 mins, 3 secs, 354 ms
SET
Time: 0 hrs, 0 mins, 0 secs, 10 ms
SET
Time: 0 hrs, 0 mins, 0 secs, 23 ms
SET
Time: 0 hrs, 0 mins, 0 secs, 21 ms
SET
Time: 0 hrs, 0 mins, 0 secs, 16 ms
TRUNCATE
Time: 0 hrs, 0 mins, 6 secs, 176 ms
INSERT 0 19220197
Time: 0 hrs, 0 mins, 17 secs, 514 ms
 count(1) 
----------
 19220197
(1 row)

Time: 0 hrs, 0 mins, 1 secs, 70 ms
ANALYZE
Time: 0 hrs, 0 mins, 4 secs, 193 ms
END
Time: 0 hrs, 0 mins, 53 secs, 944 ms

Fri Mar 11 04:40:32 EST 2011

Timing is on.

            900 - LOAD_CLICKSTREAM   

BEGIN
Time: 0 hrs, 0 mins, 3 secs, 389 ms
SET
Time: 0 hrs, 0 mins, 0 secs, 10 ms
TRUNCATE
Time: 0 hrs, 0 mins, 4 secs, 860 ms
INSERT 0 19220197
Time: 0 hrs, 3 mins, 1 secs, 872 ms
 count(1) 
----------
 19220197
(1 row)

Time: 0 hrs, 0 mins, 0 secs, 576 ms
ANALYZE
Time: 0 hrs, 0 mins, 1 secs, 368 ms
END
Time: 0 hrs, 0 mins, 44 secs, 680 ms

Fri Mar 11 04:44:29 EST 2011

Timing is on.

            1000 - PAGE_VIEW_SUMMARY  

BEGIN
Time: 0 hrs, 0 mins, 3 secs, 587 ms
SET
Time: 0 hrs, 0 mins, 0 secs, 11 ms
SET
Time: 0 hrs, 0 mins, 0 secs, 19 ms
TRUNCATE
Time: 0 hrs, 0 mins, 1 secs, 232 ms
INSERT 0 42849
Time: 0 hrs, 0 mins, 8 secs, 747 ms
 count(1) 
----------
    42849
(1 row)

Time: 0 hrs, 0 mins, 0 secs, 883 ms
ANALYZE
Time: 0 hrs, 0 mins, 0 secs, 367 ms
END
Time: 0 hrs, 0 mins, 10 secs, 633 ms

Fri Mar 11 04:44:55 EST 2011


2000 - WRAP UP 

Timing is on.
BEGIN
Time: 0 hrs, 0 mins, 1 secs, 958 ms
TRUNCATE
Time: 0 hrs, 0 mins, 1 secs, 435 ms
TRUNCATE
Time: 0 hrs, 0 mins, 0 secs, 823 ms
END
Time: 0 hrs, 0 mins, 13 secs, 407 ms
Fri Mar 11 04:45:13 EST 2011
Removing lock file and waiting for a minute
