Checking for lock file /tmp/.iislock
Acquired lock file /tmp/.iislock
deleting simple.htm records - these are just server testing...
DELETE 5760567
-------------------------------------
Processing for 20111115
-------------------------------------

Wed Nov 16 08:07:42 EST 2011

Timing is on.

           000 - INIT

BEGIN
Time: 0 hrs, 0 mins, 0 secs, 145 ms
*** Truncating staging tables before workflow starts ***
SET
Time: 0 hrs, 0 mins, 0 secs, 5 ms
GRANT
Time: 0 hrs, 0 mins, 27 secs, 496 ms
END
Time: 0 hrs, 0 mins, 12 secs, 407 ms

Wed Nov 16 08:08:23 EST 2011

Timing is on.

            200 - LOAD_BN_IISLOGS   

BEGIN
Time: 0 hrs, 0 mins, 0 secs, 147 ms
SET
Time: 0 hrs, 0 mins, 0 secs, 7 ms
TRUNCATE
Time: 0 hrs, 0 mins, 2 secs, 819 ms
INSERT 0 54228987
Time: 0 hrs, 6 mins, 34 secs, 325 ms
END
Time: 0 hrs, 0 mins, 15 secs, 711 ms
ALTER TABLE
Time: 0 hrs, 4 mins, 45 secs, 985 ms

Wed Nov 16 08:20:02 EST 2011

Timing is on.
BEGIN
Time: 0 hrs, 0 mins, 0 secs, 334 ms
SET
Time: 0 hrs, 0 mins, 0 secs, 7 ms

            250 - LOAD_BN_HITS_SP   

TRUNCATE
Time: 0 hrs, 0 mins, 6 secs, 742 ms
INSERT 0 18566863
Time: 0 hrs, 2 mins, 1 secs, 279 ms
ANALYZE
Time: 0 hrs, 0 mins, 2 secs, 458 ms
END
Time: 0 hrs, 1 mins, 4 secs, 696 ms

Wed Nov 16 08:23:18 EST 2011

Timing is on.
BEGIN
Time: 0 hrs, 0 mins, 0 secs, 157 ms
SET
Time: 0 hrs, 0 mins, 0 secs, 6 ms

           300 - DYNAMIC FILTER

TRUNCATE
Time: 0 hrs, 0 mins, 10 secs, 802 ms
INSERT 0 19574096
Time: 0 hrs, 0 mins, 2 secs, 695 ms
ANALYZE
Time: 0 hrs, 0 mins, 2 secs, 936 ms
 Total records in web_click_cnt 
--------------------------------
                       19574096
(1 row)

Time: 0 hrs, 0 mins, 3 secs, 425 ms
CREATE TABLE
Time: 0 hrs, 0 mins, 11 secs, 638 ms
ANALYZE
Time: 0 hrs, 0 mins, 0 secs, 34 ms
CREATE TABLE
Time: 0 hrs, 0 mins, 1 secs, 560 ms
ANALYZE
Time: 0 hrs, 0 mins, 0 secs, 32 ms
DELETE 1
Time: 0 hrs, 0 mins, 0 secs, 389 ms
INSERT 0 1
Time: 0 hrs, 0 mins, 0 secs, 511 ms
DELETE 1
Time: 0 hrs, 0 mins, 0 secs, 64 ms
INSERT 0 1
Time: 0 hrs, 0 mins, 1 secs, 249 ms
CREATE TABLE
Time: 0 hrs, 0 mins, 2 secs, 132 ms
ANALYZE
Time: 0 hrs, 0 mins, 0 secs, 30 ms
CREATE TABLE
Time: 0 hrs, 0 mins, 0 secs, 329 ms
ANALYZE
Time: 0 hrs, 0 mins, 0 secs, 40 ms
DELETE 1
Time: 0 hrs, 0 mins, 0 secs, 61 ms
INSERT 0 1
Time: 0 hrs, 0 mins, 0 secs, 133 ms
DELETE 1
Time: 0 hrs, 0 mins, 0 secs, 56 ms
INSERT 0 1
Time: 0 hrs, 0 mins, 0 secs, 609 ms
ANALYZE
Time: 0 hrs, 0 mins, 1 secs, 385 ms
    tablename     |    attr_name    | attr_value 
------------------+-----------------+------------
 BN_FILTER_SPIDER | CLK_USER_SD_MPL | 10
 BN_FILTER_SPIDER | IP_USER_SD_MPL  | 1
 BN_FILTER_SPIDER | IP_USER_RATIO   | .955
 BN_FILTER_SPIDER | CLK_USER_MEAN   | 9.809
 BN_FILTER_SPIDER | CLK_USER_SD     | 30.351
 BN_FILTER_SPIDER | IP_USER_MEAN    | 22.350
 BN_FILTER_SPIDER | IP_USER_SD      | 1685.877
(7 rows)

Time: 0 hrs, 0 mins, 2 secs, 817 ms
CREATE TABLE
Time: 0 hrs, 0 mins, 9 secs, 174 ms
CREATE TABLE
Time: 0 hrs, 0 mins, 2 secs, 175 ms
 l_mean_sd_mpl 
---------------
       313.319
(1 row)

Time: 0 hrs, 0 mins, 0 secs, 95 ms
TRUNCATE
Time: 0 hrs, 0 mins, 4 secs, 807 ms
INSERT 0 585
Time: 0 hrs, 0 mins, 7 secs, 408 ms
ANALYZE
Time: 0 hrs, 0 mins, 1 secs, 162 ms
 Total click_user bn_spider_ip records 
---------------------------------------
                                   585
(1 row)

Time: 0 hrs, 0 mins, 1 secs, 52 ms
CREATE TABLE
Time: 0 hrs, 0 mins, 33 secs, 78 ms
ANALYZE
Time: 0 hrs, 0 mins, 0 secs, 21 ms
CREATE TABLE
Time: 0 hrs, 0 mins, 10 secs, 675 ms
ANALYZE
Time: 0 hrs, 0 mins, 0 secs, 31 ms
DROP 
Time: 0 hrs, 0 mins, 0 secs, 101 ms
CREATE TABLE
Time: 0 hrs, 0 mins, 1 secs, 84 ms
 l_mean_sd_mpl | l_ratio 
---------------+---------
      1708.227 |   0.955
(1 row)

Time: 0 hrs, 0 mins, 1 secs, 752 ms
INSERT 0 16625054
Time: 0 hrs, 0 mins, 3 secs, 815 ms
ANALYZE
Time: 0 hrs, 0 mins, 2 secs, 998 ms
 Total ip_user_filter bn_spider_ip records 
-------------------------------------------
                                  16625054
(1 row)

Time: 0 hrs, 0 mins, 0 secs, 992 ms
TRUNCATE
Time: 0 hrs, 0 mins, 7 secs, 511 ms
INSERT 0 14967443
Time: 0 hrs, 0 mins, 27 secs, 215 ms
ANALYZE
Time: 0 hrs, 0 mins, 14 secs, 857 ms
 bn_hits_stage 
---------------
      14967443
(1 row)

Time: 0 hrs, 0 mins, 3 secs, 113 ms
INSERT 0 17219187
Time: 0 hrs, 0 mins, 49 secs, 77 ms
ANALYZE
Time: 0 hrs, 0 mins, 7 secs, 88 ms
 bn_hits_sp_20111115 
---------------------
            35786050
(1 row)

Time: 0 hrs, 0 mins, 3 secs, 334 ms
TRUNCATE
Time: 0 hrs, 0 mins, 12 secs, 981 ms
INSERT 0 3475494
Time: 0 hrs, 0 mins, 4 secs, 39 ms
ANALYZE
Time: 0 hrs, 0 mins, 2 secs, 261 ms
 bn_hits_client_20111115 
-------------------------
                 3475494
(1 row)

Time: 0 hrs, 0 mins, 1 secs, 628 ms
END
Time: 0 hrs, 0 mins, 23 secs, 488 ms

Wed Nov 16 08:27:59 EST 2011

Timing is on.
BEGIN
Time: 0 hrs, 0 mins, 3 secs, 147 ms

           600 - LOAD RESOURCES

SET
Time: 0 hrs, 0 mins, 0 secs, 6 ms
CREATE TABLE
Time: 0 hrs, 0 mins, 33 secs, 42 ms
ANALYZE
Time: 0 hrs, 0 mins, 1 secs, 5 ms
 tmp_a_count 
-------------
      426294
(1 row)

Time: 0 hrs, 0 mins, 4 secs, 5 ms
UPDATE 0
Time: 0 hrs, 0 mins, 6 secs, 363 ms
ANALYZE
Time: 0 hrs, 0 mins, 0 secs, 810 ms
TRUNCATE
Time: 0 hrs, 0 mins, 2 secs, 523 ms
INSERT 0 130161
Time: 0 hrs, 0 mins, 30 secs, 934 ms
ANALYZE
Time: 0 hrs, 0 mins, 3 secs, 598 ms
 first_resource_id | last_resource_id 
-------------------+------------------
          54008057 |         54138217
(1 row)

Time: 0 hrs, 0 mins, 3 secs, 950 ms
INSERT 0 130161
Time: 0 hrs, 0 mins, 6 secs, 250 ms
 total_resources 
-----------------
        54113784
(1 row)

Time: 0 hrs, 0 mins, 0 secs, 458 ms
ANALYZE
Time: 0 hrs, 0 mins, 0 secs, 466 ms
END
Time: 0 hrs, 0 mins, 31 secs, 899 ms
VACUUM
Time: 0 hrs, 1 mins, 19 secs, 359 ms

Wed Nov 16 08:31:27 EST 2011

Timing is on.

           650 - LOAD_BN_SESSION_STAGE

BEGIN
Time: 0 hrs, 0 mins, 0 secs, 130 ms
SET
Time: 0 hrs, 0 mins, 0 secs, 6 ms
SET
Time: 0 hrs, 0 mins, 0 secs, 11 ms
CREATE TABLE
Time: 0 hrs, 4 mins, 51 secs, 658 ms
ANALYZE
Time: 0 hrs, 0 mins, 9 secs, 278 ms
 tmp_sessionized_stage 
-----------------------
              14967443
(1 row)

Time: 0 hrs, 0 mins, 5 secs, 164 ms
TRUNCATE
Time: 0 hrs, 0 mins, 8 secs, 431 ms
INSERT 0 2522510
Time: 0 hrs, 1 mins, 12 secs, 730 ms
ANALYZE
Time: 0 hrs, 0 mins, 6 secs, 5 ms
CREATE TABLE
Time: 0 hrs, 1 mins, 41 secs, 848 ms
CREATE INDEX
Time: 0 hrs, 0 mins, 1 secs, 105 ms
 tmp_first_last 
----------------
        2522510
(1 row)

Time: 0 hrs, 0 mins, 2 secs, 757 ms
ANALYZE
Time: 0 hrs, 0 mins, 0 secs, 851 ms
SET
Time: 0 hrs, 0 mins, 0 secs, 11 ms
SET
Time: 0 hrs, 0 mins, 0 secs, 11 ms
TRUNCATE
Time: 0 hrs, 0 mins, 2 secs, 644 ms
DROP 
Time: 0 hrs, 0 mins, 3 secs, 316 ms
INSERT 0 2522510
Time: 0 hrs, 0 mins, 5 secs, 438 ms
 bn_session_stage 
------------------
          2522510
(1 row)

Time: 0 hrs, 0 mins, 4 secs, 381 ms
CREATE INDEX
Time: 0 hrs, 0 mins, 5 secs, 535 ms
ANALYZE
Time: 0 hrs, 0 mins, 0 secs, 722 ms
TRUNCATE
Time: 0 hrs, 0 mins, 1 secs, 706 ms
END
Time: 0 hrs, 0 mins, 12 secs, 121 ms

Wed Nov 16 08:40:23 EST 2011

BEGIN

           660 - LOAD_BN_SESSION_UPDATE_STAGE

SET
TRUNCATE
INSERT 0 0
END

Wed Nov 16 08:40:32 EST 2011

Timing is on.

           670 - LOAD_BN_SESSION_20111115.UPDATES

BEGIN
Time: 0 hrs, 0 mins, 0 secs, 181 ms
SET
Time: 0 hrs, 0 mins, 0 secs, 6 ms
UPDATE 0
Time: 0 hrs, 0 mins, 0 secs, 186 ms
END
Time: 0 hrs, 0 mins, 11 secs, 264 ms
VACUUM
Time: 0 hrs, 0 mins, 16 secs, 282 ms

Wed Nov 16 08:41:00 EST 2011

Timing is on.

           700 - LOAD_BN_SESSION

BEGIN
Time: 0 hrs, 0 mins, 0 secs, 193 ms
SET
Time: 0 hrs, 0 mins, 0 secs, 7 ms
INSERT 0 2522510
Time: 0 hrs, 0 mins, 7 secs, 597 ms
ANALYZE
Time: 0 hrs, 0 mins, 1 secs, 67 ms
END
Time: 0 hrs, 0 mins, 18 secs, 535 ms

Wed Nov 16 08:41:28 EST 2011

Timing is on.

            750 - LOAD_BN_SESSION_SUMMARY   

BEGIN
Time: 0 hrs, 0 mins, 0 secs, 142 ms
SET
Time: 0 hrs, 0 mins, 0 secs, 6 ms
CREATE TABLE
Time: 0 hrs, 0 mins, 12 secs, 334 ms
TRUNCATE
Time: 0 hrs, 0 mins, 18 secs, 474 ms
INSERT 0 320124
Time: 0 hrs, 0 mins, 6 secs, 181 ms
ANALYZE
Time: 0 hrs, 0 mins, 2 secs, 104 ms
 count(1) 
----------
   320124
(1 row)

Time: 0 hrs, 0 mins, 3 secs, 481 ms
END
Time: 0 hrs, 0 mins, 14 secs, 716 ms

Wed Nov 16 08:42:25 EST 2011

Timing is on.

           800 - LOAD_BN_HITS

BEGIN
Time: 0 hrs, 0 mins, 0 secs, 131 ms
SET
Time: 0 hrs, 0 mins, 0 secs, 6 ms
SET
Time: 0 hrs, 0 mins, 0 secs, 10 ms
SET
Time: 0 hrs, 0 mins, 0 secs, 10 ms
SET
Time: 0 hrs, 0 mins, 0 secs, 11 ms
TRUNCATE
Time: 0 hrs, 0 mins, 1 secs, 631 ms
INSERT 0 14967443
Time: 0 hrs, 0 mins, 3 secs, 742 ms
 count(1) 
----------
 14967443
(1 row)

Time: 0 hrs, 0 mins, 5 secs, 688 ms
ANALYZE
Time: 0 hrs, 0 mins, 4 secs, 635 ms
END
Time: 0 hrs, 0 mins, 23 secs, 749 ms

Wed Nov 16 08:43:05 EST 2011

Timing is on.

            900 - LOAD_CLICKSTREAM   

BEGIN
Time: 0 hrs, 0 mins, 2 secs, 996 ms
SET
Time: 0 hrs, 0 mins, 0 secs, 6 ms
TRUNCATE
Time: 0 hrs, 0 mins, 3 secs, 800 ms
INSERT 0 14967443
Time: 0 hrs, 0 mins, 43 secs, 654 ms
 count(1) 
----------
 14967443
(1 row)

Time: 0 hrs, 0 mins, 2 secs, 134 ms
ANALYZE
Time: 0 hrs, 0 mins, 3 secs, 195 ms
END
Time: 0 hrs, 0 mins, 8 secs, 753 ms

Wed Nov 16 08:44:10 EST 2011

Timing is on.

            1000 - PAGE_VIEW_SUMMARY  

BEGIN
Time: 0 hrs, 0 mins, 0 secs, 133 ms
SET
Time: 0 hrs, 0 mins, 0 secs, 6 ms
SET
Time: 0 hrs, 0 mins, 0 secs, 11 ms
TRUNCATE
Time: 0 hrs, 0 mins, 1 secs, 203 ms
INSERT 0 434593
Time: 0 hrs, 0 mins, 5 secs, 890 ms
 count(1) 
----------
   434593
(1 row)

Time: 0 hrs, 0 mins, 0 secs, 540 ms
ANALYZE
Time: 0 hrs, 0 mins, 0 secs, 53 ms
END
Time: 0 hrs, 0 mins, 7 secs, 543 ms

Wed Nov 16 08:44:26 EST 2011


2000 - WRAP UP 

Timing is on.
BEGIN
Time: 0 hrs, 0 mins, 0 secs, 132 ms
TRUNCATE
Time: 0 hrs, 0 mins, 4 secs, 357 ms
TRUNCATE
Time: 0 hrs, 0 mins, 1 secs, 268 ms
END
Time: 0 hrs, 0 mins, 6 secs, 430 ms
Wed Nov 16 08:44:38 EST 2011
Removing lock file and waiting for a minute
Total time taken:  39  minutes.
Running time of run.sh 20111115: 2397 seconds
Checking for lock file /tmp/.iislock
Acquired lock file /tmp/.iislock
deleting simple.htm records - these are just server testing...
DELETE 19
-------------------------------------
Processing for 20111115
-------------------------------------

Thu Nov 17 08:09:08 EST 2011

Timing is on.

           000 - INIT

BEGIN
Time: 0 hrs, 0 mins, 0 secs, 131 ms
*** Truncating staging tables before workflow starts ***
SET
Time: 0 hrs, 0 mins, 0 secs, 5 ms
GRANT
Time: 0 hrs, 0 mins, 15 secs, 981 ms
END
Time: 0 hrs, 0 mins, 4 secs, 388 ms

Thu Nov 17 08:09:29 EST 2011

Timing is on.

            200 - LOAD_BN_IISLOGS   

BEGIN
Time: 0 hrs, 0 mins, 0 secs, 439 ms
SET
Time: 0 hrs, 0 mins, 0 secs, 6 ms
TRUNCATE
Time: 0 hrs, 0 mins, 0 secs, 660 ms
INSERT 0 73581000
Time: 0 hrs, 10 mins, 40 secs, 395 ms
END
Time: 0 hrs, 0 mins, 44 secs, 72 ms
ALTER TABLE
Time: 0 hrs, 0 mins, 34 secs, 631 ms

Thu Nov 17 08:21:29 EST 2011

Timing is on.
BEGIN
Time: 0 hrs, 0 mins, 0 secs, 135 ms
SET
Time: 0 hrs, 0 mins, 0 secs, 7 ms

            250 - LOAD_BN_HITS_SP   

TRUNCATE
Time: 0 hrs, 0 mins, 9 secs, 235 ms
INSERT 0 24348827
Time: 0 hrs, 3 mins, 1 secs, 436 ms
ANALYZE
Time: 0 hrs, 0 mins, 5 secs, 3 ms
END
Time: 0 hrs, 0 mins, 40 secs, 116 ms

Thu Nov 17 08:25:25 EST 2011

Timing is on.
BEGIN
Time: 0 hrs, 0 mins, 17 secs, 461 ms
SET
Time: 0 hrs, 0 mins, 0 secs, 8 ms

           300 - DYNAMIC FILTER

TRUNCATE
Time: 0 hrs, 0 mins, 5 secs, 0 ms
INSERT 0 25182024
Time: 0 hrs, 0 mins, 11 secs, 225 ms
ANALYZE
Time: 0 hrs, 0 mins, 2 secs, 886 ms
 Total records in web_click_cnt 
--------------------------------
                       25182024
(1 row)

Time: 0 hrs, 0 mins, 0 secs, 928 ms
CREATE TABLE
Time: 0 hrs, 0 mins, 14 secs, 530 ms
ANALYZE
Time: 0 hrs, 0 mins, 0 secs, 89 ms
CREATE TABLE
Time: 0 hrs, 0 mins, 1 secs, 724 ms
ANALYZE
Time: 0 hrs, 0 mins, 0 secs, 104 ms
DELETE 1
Time: 0 hrs, 0 mins, 1 secs, 857 ms
INSERT 0 1
Time: 0 hrs, 0 mins, 3 secs, 364 ms
DELETE 1
Time: 0 hrs, 0 mins, 0 secs, 86 ms
INSERT 0 1
Time: 0 hrs, 0 mins, 0 secs, 320 ms
CREATE TABLE
Time: 0 hrs, 0 mins, 5 secs, 973 ms
ANALYZE
Time: 0 hrs, 0 mins, 0 secs, 37 ms
CREATE TABLE
Time: 0 hrs, 0 mins, 0 secs, 224 ms
ANALYZE
Time: 0 hrs, 0 mins, 0 secs, 39 ms
DELETE 1
Time: 0 hrs, 0 mins, 0 secs, 86 ms
INSERT 0 1
Time: 0 hrs, 0 mins, 0 secs, 152 ms
DELETE 1
Time: 0 hrs, 0 mins, 0 secs, 60 ms
INSERT 0 1
Time: 0 hrs, 0 mins, 0 secs, 285 ms
ANALYZE
Time: 0 hrs, 0 mins, 0 secs, 267 ms
    tablename     |    attr_name    | attr_value 
------------------+-----------------+------------
 BN_FILTER_SPIDER | CLK_USER_SD_MPL | 10
 BN_FILTER_SPIDER | IP_USER_SD_MPL  | 1
 BN_FILTER_SPIDER | IP_USER_RATIO   | .955
 BN_FILTER_SPIDER | CLK_USER_MEAN   | 10.359
 BN_FILTER_SPIDER | CLK_USER_SD     | 31.911
 BN_FILTER_SPIDER | IP_USER_MEAN    | 20.066
 BN_FILTER_SPIDER | IP_USER_SD      | 1880.448
(7 rows)

Time: 0 hrs, 0 mins, 0 secs, 250 ms
CREATE TABLE
Time: 0 hrs, 0 mins, 3 secs, 344 ms
CREATE TABLE
Time: 0 hrs, 0 mins, 0 secs, 400 ms
 l_mean_sd_mpl 
---------------
       329.469
(1 row)

Time: 0 hrs, 0 mins, 0 secs, 69 ms
TRUNCATE
Time: 0 hrs, 0 mins, 1 secs, 915 ms
INSERT 0 779
Time: 0 hrs, 0 mins, 5 secs, 444 ms
ANALYZE
Time: 0 hrs, 0 mins, 0 secs, 909 ms
 Total click_user bn_spider_ip records 
---------------------------------------
                                   779
(1 row)

Time: 0 hrs, 0 mins, 0 secs, 320 ms
CREATE TABLE
Time: 0 hrs, 0 mins, 3 secs, 598 ms
ANALYZE
Time: 0 hrs, 0 mins, 0 secs, 45 ms
CREATE TABLE
Time: 0 hrs, 0 mins, 0 secs, 796 ms
ANALYZE
Time: 0 hrs, 0 mins, 0 secs, 37 ms
DROP 
Time: 0 hrs, 0 mins, 0 secs, 88 ms
CREATE TABLE
Time: 0 hrs, 0 mins, 0 secs, 120 ms
 l_mean_sd_mpl | l_ratio 
---------------+---------
      1900.514 |   0.955
(1 row)

Time: 0 hrs, 0 mins, 0 secs, 52 ms
INSERT 0 21278408
Time: 0 hrs, 0 mins, 4 secs, 597 ms
ANALYZE
Time: 0 hrs, 0 mins, 0 secs, 196 ms
 Total ip_user_filter bn_spider_ip records 
-------------------------------------------
                                  21278408
(1 row)

Time: 0 hrs, 0 mins, 3 secs, 391 ms
TRUNCATE
Time: 0 hrs, 0 mins, 2 secs, 398 ms
INSERT 0 21488538
Time: 0 hrs, 0 mins, 23 secs, 399 ms
ANALYZE
Time: 0 hrs, 0 mins, 15 secs, 684 ms
 bn_hits_stage 
---------------
      21488538
(1 row)

Time: 0 hrs, 0 mins, 0 secs, 508 ms
INSERT 0 22085115
Time: 0 hrs, 0 mins, 40 secs, 64 ms
ANALYZE
Time: 0 hrs, 0 mins, 7 secs, 975 ms
 bn_hits_sp_20111115 
---------------------
            46433942
(1 row)

Time: 0 hrs, 0 mins, 3 secs, 571 ms
TRUNCATE
Time: 0 hrs, 0 mins, 26 secs, 901 ms
INSERT 0 5658520
Time: 0 hrs, 0 mins, 5 secs, 587 ms
ANALYZE
Time: 0 hrs, 0 mins, 3 secs, 651 ms
 bn_hits_client_20111115 
-------------------------
                 5658520
(1 row)

Time: 0 hrs, 0 mins, 0 secs, 670 ms
END
Time: 0 hrs, 0 mins, 13 secs, 943 ms

Thu Nov 17 08:29:22 EST 2011

Timing is on.
BEGIN
Time: 0 hrs, 0 mins, 2 secs, 554 ms

           600 - LOAD RESOURCES

SET
Time: 0 hrs, 0 mins, 0 secs, 6 ms
CREATE TABLE
Time: 0 hrs, 0 mins, 35 secs, 109 ms
ANALYZE
Time: 0 hrs, 0 mins, 0 secs, 408 ms
 tmp_a_count 
-------------
      561094
(1 row)

Time: 0 hrs, 0 mins, 0 secs, 136 ms
UPDATE 0
Time: 0 hrs, 0 mins, 2 secs, 170 ms
ANALYZE
Time: 0 hrs, 0 mins, 1 secs, 110 ms
TRUNCATE
Time: 0 hrs, 0 mins, 1 secs, 199 ms
INSERT 0 52724
Time: 0 hrs, 0 mins, 22 secs, 557 ms
ANALYZE
Time: 0 hrs, 0 mins, 1 secs, 593 ms
 first_resource_id | last_resource_id 
-------------------+------------------
          54344013 |         54396736
(1 row)

Time: 0 hrs, 0 mins, 0 secs, 132 ms
INSERT 0 52724
Time: 0 hrs, 0 mins, 0 secs, 974 ms
 total_resources 
-----------------
        54372303
(1 row)

Time: 0 hrs, 0 mins, 2 secs, 401 ms
ANALYZE
Time: 0 hrs, 0 mins, 4 secs, 435 ms
END
Time: 0 hrs, 0 mins, 53 secs, 337 ms
VACUUM
Time: 0 hrs, 1 mins, 52 secs, 184 ms

Thu Nov 17 08:33:22 EST 2011

Timing is on.

           650 - LOAD_BN_SESSION_STAGE

BEGIN
Time: 0 hrs, 0 mins, 15 secs, 591 ms
SET
Time: 0 hrs, 0 mins, 0 secs, 12 ms
SET
Time: 0 hrs, 0 mins, 0 secs, 15 ms
CREATE TABLE
Time: 0 hrs, 0 mins, 56 secs, 257 ms
ANALYZE
Time: 0 hrs, 0 mins, 5 secs, 484 ms
 tmp_sessionized_stage 
-----------------------
              21488538
(1 row)

Time: 0 hrs, 0 mins, 1 secs, 617 ms
TRUNCATE
Time: 0 hrs, 0 mins, 13 secs, 404 ms
INSERT 0 3339649
Time: 0 hrs, 1 mins, 30 secs, 474 ms
ANALYZE
Time: 0 hrs, 0 mins, 5 secs, 665 ms
CREATE TABLE
Time: 0 hrs, 1 mins, 31 secs, 769 ms
CREATE INDEX
Time: 0 hrs, 0 mins, 0 secs, 492 ms
 tmp_first_last 
----------------
        3339649
(1 row)

Time: 0 hrs, 0 mins, 0 secs, 525 ms
ANALYZE
Time: 0 hrs, 0 mins, 0 secs, 708 ms
SET
Time: 0 hrs, 0 mins, 0 secs, 12 ms
SET
Time: 0 hrs, 0 mins, 0 secs, 12 ms
TRUNCATE
Time: 0 hrs, 0 mins, 5 secs, 778 ms
DROP 
Time: 0 hrs, 0 mins, 1 secs, 801 ms
INSERT 0 3339649
Time: 0 hrs, 0 mins, 15 secs, 111 ms
 bn_session_stage 
------------------
          3339649
(1 row)

Time: 0 hrs, 0 mins, 5 secs, 698 ms
CREATE INDEX
Time: 0 hrs, 0 mins, 5 secs, 373 ms
ANALYZE
Time: 0 hrs, 0 mins, 0 secs, 906 ms
TRUNCATE
Time: 0 hrs, 0 mins, 8 secs, 720 ms
END
Time: 0 hrs, 0 mins, 20 secs, 113 ms

Thu Nov 17 08:39:08 EST 2011

BEGIN

           660 - LOAD_BN_SESSION_UPDATE_STAGE

SET
TRUNCATE
INSERT 0 0
END

Thu Nov 17 08:39:31 EST 2011

Timing is on.

           670 - LOAD_BN_SESSION_20111115.UPDATES

BEGIN
Time: 0 hrs, 0 mins, 4 secs, 124 ms
SET
Time: 0 hrs, 0 mins, 0 secs, 7 ms
UPDATE 0
Time: 0 hrs, 0 mins, 0 secs, 185 ms
END
Time: 0 hrs, 0 mins, 25 secs, 178 ms
VACUUM
Time: 0 hrs, 0 mins, 12 secs, 145 ms

Thu Nov 17 08:40:13 EST 2011

Timing is on.

           700 - LOAD_BN_SESSION

BEGIN
Time: 0 hrs, 0 mins, 1 secs, 625 ms
SET
Time: 0 hrs, 0 mins, 0 secs, 7 ms
INSERT 0 3339649
Time: 0 hrs, 0 mins, 11 secs, 900 ms
ANALYZE
Time: 0 hrs, 0 mins, 2 secs, 262 ms
END
Time: 0 hrs, 0 mins, 10 secs, 127 ms

Thu Nov 17 08:40:39 EST 2011

Timing is on.

            750 - LOAD_BN_SESSION_SUMMARY   

BEGIN
Time: 0 hrs, 0 mins, 3 secs, 132 ms
SET
Time: 0 hrs, 0 mins, 0 secs, 9 ms
CREATE TABLE
Time: 0 hrs, 0 mins, 13 secs, 821 ms
TRUNCATE
Time: 0 hrs, 0 mins, 6 secs, 69 ms
INSERT 0 406297
Time: 0 hrs, 0 mins, 9 secs, 114 ms
ANALYZE
Time: 0 hrs, 0 mins, 1 secs, 597 ms
 count(1) 
----------
   406297
(1 row)

Time: 0 hrs, 0 mins, 0 secs, 713 ms
END
Time: 0 hrs, 0 mins, 18 secs, 257 ms

Thu Nov 17 08:41:32 EST 2011

Timing is on.

           800 - LOAD_BN_HITS

BEGIN
Time: 0 hrs, 0 mins, 0 secs, 639 ms
SET
Time: 0 hrs, 0 mins, 0 secs, 7 ms
SET
Time: 0 hrs, 0 mins, 0 secs, 11 ms
SET
Time: 0 hrs, 0 mins, 0 secs, 11 ms
SET
Time: 0 hrs, 0 mins, 0 secs, 12 ms
TRUNCATE
Time: 0 hrs, 0 mins, 7 secs, 495 ms
INSERT 0 21488538
Time: 0 hrs, 0 mins, 6 secs, 931 ms
 count(1) 
----------
 21488538
(1 row)

Time: 0 hrs, 0 mins, 8 secs, 653 ms
ANALYZE
Time: 0 hrs, 0 mins, 4 secs, 386 ms
END
Time: 0 hrs, 0 mins, 27 secs, 962 ms

Thu Nov 17 08:42:29 EST 2011

Timing is on.

            900 - LOAD_CLICKSTREAM   

BEGIN
Time: 0 hrs, 0 mins, 1 secs, 830 ms
SET
Time: 0 hrs, 0 mins, 0 secs, 9 ms
TRUNCATE
Time: 0 hrs, 0 mins, 4 secs, 815 ms
INSERT 0 21488538
Time: 0 hrs, 2 mins, 11 secs, 858 ms
 count(1) 
----------
 21488538
(1 row)

Time: 0 hrs, 0 mins, 2 secs, 260 ms
ANALYZE
Time: 0 hrs, 0 mins, 1 secs, 77 ms
END
Time: 0 hrs, 0 mins, 15 secs, 806 ms

Thu Nov 17 08:45:06 EST 2011

Timing is on.

            1000 - PAGE_VIEW_SUMMARY  

BEGIN
Time: 0 hrs, 0 mins, 0 secs, 127 ms
SET
Time: 0 hrs, 0 mins, 0 secs, 6 ms
SET
Time: 0 hrs, 0 mins, 0 secs, 12 ms
TRUNCATE
Time: 0 hrs, 0 mins, 4 secs, 886 ms
INSERT 0 572118
Time: 0 hrs, 0 mins, 7 secs, 19 ms
 count(1) 
----------
   572118
(1 row)

Time: 0 hrs, 0 mins, 5 secs, 826 ms
ANALYZE
Time: 0 hrs, 0 mins, 0 secs, 483 ms
END
Time: 0 hrs, 0 mins, 28 secs, 411 ms

Thu Nov 17 08:45:53 EST 2011


2000 - WRAP UP 

Timing is on.
BEGIN
Time: 0 hrs, 0 mins, 0 secs, 170 ms
TRUNCATE
Time: 0 hrs, 0 mins, 2 secs, 489 ms
TRUNCATE
Time: 0 hrs, 0 mins, 2 secs, 424 ms
END
Time: 0 hrs, 0 mins, 16 secs, 533 ms
Thu Nov 17 08:46:15 EST 2011
Removing lock file and waiting for a minute
Total time taken:  38  minutes.
Running time of run.sh 20111115: 38 minutes
