Acquired lock file 
deleting simple.htm records - these are just server testing...
DELETE 6070129
-------------------------------------
Processing for 20110902
-------------------------------------

Sun Sep 4 03:15:01 EDT 2011

Timing is on.

           000 - INIT

BEGIN
Time: 0 hrs, 0 mins, 0 secs, 880 ms
*** Truncating staging tables before workflow starts ***
SET
Time: 0 hrs, 0 mins, 0 secs, 22 ms
GRANT
Time: 0 hrs, 0 mins, 7 secs, 615 ms
END
Time: 0 hrs, 0 mins, 11 secs, 798 ms

Sun Sep 4 03:15:22 EDT 2011

Timing is on.

            200 - LOAD_BN_IISLOGS   

BEGIN
Time: 0 hrs, 0 mins, 3 secs, 594 ms
SET
Time: 0 hrs, 0 mins, 0 secs, 20 ms
TRUNCATE
Time: 0 hrs, 0 mins, 4 secs, 331 ms
INSERT 0 61611091
Time: 0 hrs, 10 mins, 27 secs, 543 ms
END
Time: 0 hrs, 0 mins, 57 secs, 54 ms
ALTER TABLE
Time: 0 hrs, 9 mins, 13 secs, 220 ms

Sun Sep 4 03:36:08 EDT 2011

Timing is on.
BEGIN
Time: 0 hrs, 0 mins, 0 secs, 789 ms
SET
Time: 0 hrs, 0 mins, 0 secs, 20 ms

            250 - LOAD_BN_HITS_SP   

TRUNCATE
Time: 0 hrs, 0 mins, 4 secs, 581 ms
INSERT 0 24210737
Time: 0 hrs, 4 mins, 29 secs, 531 ms
ANALYZE
Time: 0 hrs, 0 mins, 4 secs, 262 ms
END
Time: 0 hrs, 1 mins, 6 secs, 151 ms

Sun Sep 4 03:41:54 EDT 2011

Timing is on.
BEGIN
Time: 0 hrs, 0 mins, 0 secs, 412 ms
SET
Time: 0 hrs, 0 mins, 0 secs, 29 ms

           300 - DYNAMIC FILTER

TRUNCATE
Time: 0 hrs, 0 mins, 5 secs, 648 ms
INSERT 0 16977469
Time: 0 hrs, 0 mins, 4 secs, 900 ms
ANALYZE
Time: 0 hrs, 0 mins, 2 secs, 571 ms
 Total records in web_click_cnt 
--------------------------------
                       16977469
(1 row)

Time: 0 hrs, 0 mins, 1 secs, 460 ms
CREATE TABLE
Time: 0 hrs, 0 mins, 6 secs, 160 ms
ANALYZE
Time: 0 hrs, 0 mins, 0 secs, 76 ms
CREATE TABLE
Time: 0 hrs, 0 mins, 2 secs, 480 ms
ANALYZE
Time: 0 hrs, 0 mins, 0 secs, 336 ms
DELETE 1
Time: 0 hrs, 0 mins, 1 secs, 636 ms
INSERT 0 1
Time: 0 hrs, 0 mins, 2 secs, 540 ms
DELETE 1
Time: 0 hrs, 0 mins, 0 secs, 83 ms
INSERT 0 1
Time: 0 hrs, 0 mins, 6 secs, 27 ms
CREATE TABLE
Time: 0 hrs, 0 mins, 18 secs, 827 ms
ANALYZE
Time: 0 hrs, 0 mins, 0 secs, 718 ms
CREATE TABLE
Time: 0 hrs, 0 mins, 6 secs, 769 ms
ANALYZE
Time: 0 hrs, 0 mins, 2 secs, 534 ms
DELETE 1
Time: 0 hrs, 0 mins, 12 secs, 53 ms
INSERT 0 1
Time: 0 hrs, 0 mins, 7 secs, 10 ms
DELETE 1
Time: 0 hrs, 0 mins, 5 secs, 756 ms
INSERT 0 1
Time: 0 hrs, 0 mins, 14 secs, 319 ms
ANALYZE
Time: 0 hrs, 0 mins, 2 secs, 977 ms
    tablename     |    attr_name    | attr_value 
------------------+-----------------+------------
 BN_FILTER_SPIDER | CLK_USER_SD_MPL | 10
 BN_FILTER_SPIDER | IP_USER_SD_MPL  | 1
 BN_FILTER_SPIDER | IP_USER_RATIO   | .955
 BN_FILTER_SPIDER | CLK_USER_MEAN   | 13.498
 BN_FILTER_SPIDER | CLK_USER_SD     | 194.138
 BN_FILTER_SPIDER | IP_USER_MEAN    | 22.381
 BN_FILTER_SPIDER | IP_USER_SD      | 1615.725
(7 rows)

Time: 0 hrs, 0 mins, 13 secs, 55 ms
CREATE TABLE
Time: 0 hrs, 0 mins, 42 secs, 756 ms
CREATE TABLE
Time: 0 hrs, 0 mins, 6 secs, 160 ms
 l_mean_sd_mpl 
---------------
      1954.878
(1 row)

Time: 0 hrs, 0 mins, 0 secs, 681 ms
TRUNCATE
Time: 0 hrs, 0 mins, 2 secs, 122 ms
INSERT 0 66
Time: 0 hrs, 0 mins, 22 secs, 552 ms
ANALYZE
Time: 0 hrs, 0 mins, 0 secs, 299 ms
 Total click_user bn_spider_ip records 
---------------------------------------
                                    66
(1 row)

Time: 0 hrs, 0 mins, 1 secs, 452 ms
CREATE TABLE
Time: 0 hrs, 0 mins, 4 secs, 490 ms
ANALYZE
Time: 0 hrs, 0 mins, 0 secs, 468 ms
CREATE TABLE
Time: 0 hrs, 0 mins, 5 secs, 954 ms
ANALYZE
Time: 0 hrs, 0 mins, 0 secs, 51 ms
DROP 
Time: 0 hrs, 0 mins, 0 secs, 94 ms
CREATE TABLE
Time: 0 hrs, 0 mins, 1 secs, 134 ms
 l_mean_sd_mpl | l_ratio 
---------------+---------
      1638.106 |   0.955
(1 row)

Time: 0 hrs, 0 mins, 0 secs, 545 ms
INSERT 0 14595190
Time: 0 hrs, 0 mins, 19 secs, 877 ms
ANALYZE
Time: 0 hrs, 0 mins, 0 secs, 467 ms
 Total ip_user_filter bn_spider_ip records 
-------------------------------------------
                                  14595190
(1 row)

Time: 0 hrs, 0 mins, 1 secs, 136 ms
TRUNCATE
Time: 0 hrs, 0 mins, 2 secs, 462 ms
INSERT 0 16921696
Time: 0 hrs, 0 mins, 45 secs, 218 ms
ANALYZE
Time: 0 hrs, 0 mins, 4 secs, 363 ms
 bn_hits_stage 
---------------
      16921696
(1 row)

Time: 0 hrs, 0 mins, 3 secs, 230 ms
INSERT 0 15293270
Time: 0 hrs, 0 mins, 47 secs, 70 ms
ANALYZE
Time: 0 hrs, 0 mins, 43 secs, 85 ms
 bn_hits_sp_20110902 
---------------------
            39504007
(1 row)

Time: 0 hrs, 0 mins, 46 secs, 14 ms
TRUNCATE
Time: 0 hrs, 0 mins, 8 secs, 928 ms
INSERT 0 5185388
Time: 0 hrs, 0 mins, 9 secs, 135 ms
ANALYZE
Time: 0 hrs, 0 mins, 3 secs, 171 ms
 bn_hits_client_20110902 
-------------------------
                 5185388
(1 row)

Time: 0 hrs, 0 mins, 2 secs, 614 ms
END
Time: 0 hrs, 0 mins, 38 secs, 522 ms

Sun Sep 4 03:49:56 EDT 2011

Timing is on.
BEGIN
Time: 0 hrs, 0 mins, 0 secs, 488 ms

           600 - LOAD RESOURCES

SET
Time: 0 hrs, 0 mins, 0 secs, 19 ms
CREATE TABLE
Time: 0 hrs, 0 mins, 54 secs, 29 ms
ANALYZE
Time: 0 hrs, 0 mins, 1 secs, 840 ms
 tmp_a_count 
-------------
      485578
(1 row)

Time: 0 hrs, 0 mins, 4 secs, 174 ms
UPDATE 0
Time: 0 hrs, 0 mins, 14 secs, 584 ms
ANALYZE
Time: 0 hrs, 0 mins, 5 secs, 690 ms
TRUNCATE
Time: 0 hrs, 0 mins, 25 secs, 591 ms
INSERT 0 183547
Time: 0 hrs, 2 mins, 21 secs, 956 ms
ANALYZE
Time: 0 hrs, 0 mins, 1 secs, 854 ms
 first_resource_id | last_resource_id 
-------------------+------------------
          40548938 |         40732484
(1 row)

Time: 0 hrs, 0 mins, 3 secs, 67 ms
INSERT 0 183547
Time: 0 hrs, 1 mins, 14 secs, 492 ms
 total_resources 
-----------------
        40708081
(1 row)

Time: 0 hrs, 0 mins, 4 secs, 466 ms
ANALYZE
Time: 0 hrs, 0 mins, 2 secs, 184 ms
END
Time: 0 hrs, 1 mins, 19 secs, 846 ms
VACUUM
Time: 0 hrs, 0 mins, 19 secs, 602 ms

Sun Sep 4 03:57:10 EDT 2011

Timing is on.

           650 - LOAD_BN_SESSION_STAGE

BEGIN
Time: 0 hrs, 0 mins, 2 secs, 901 ms
SET
Time: 0 hrs, 0 mins, 0 secs, 10 ms
SET
Time: 0 hrs, 0 mins, 0 secs, 47 ms
ERROR:  function "sessionize_timeonpage" does not exist
NOTICE:  current transaction is aborted, queries ignored until end of transaction block
NOTICE:  current transaction is aborted, queries ignored until end of transaction block
NOTICE:  current transaction is aborted, queries ignored until end of transaction block
NOTICE:  current transaction is aborted, queries ignored until end of transaction block
NOTICE:  current transaction is aborted, queries ignored until end of transaction block
NOTICE:  current transaction is aborted, queries ignored until end of transaction block
NOTICE:  current transaction is aborted, queries ignored until end of transaction block
NOTICE:  current transaction is aborted, queries ignored until end of transaction block
NOTICE:  current transaction is aborted, queries ignored until end of transaction block
NOTICE:  current transaction is aborted, queries ignored until end of transaction block
NOTICE:  current transaction is aborted, queries ignored until end of transaction block
NOTICE:  current transaction is aborted, queries ignored until end of transaction block
NOTICE:  current transaction is aborted, queries ignored until end of transaction block
NOTICE:  current transaction is aborted, queries ignored until end of transaction block
NOTICE:  current transaction is aborted, queries ignored until end of transaction block
NOTICE:  current transaction is aborted, queries ignored until end of transaction block
NOTICE:  current transaction is aborted, queries ignored until end of transaction block
NOTICE:  current transaction is aborted, queries ignored until end of transaction block
ABORT
Time: 0 hrs, 0 mins, 0 secs, 788 ms

Sun Sep 4 03:57:15 EDT 2011

BEGIN

           660 - LOAD_BN_SESSION_UPDATE_STAGE

SET
TRUNCATE
INSERT 0 0
END

Sun Sep 4 03:57:56 EDT 2011

Timing is on.

           670 - LOAD_BN_SESSION_20110902.UPDATES

BEGIN
Time: 0 hrs, 0 mins, 1 secs, 376 ms
SET
Time: 0 hrs, 0 mins, 0 secs, 23 ms
UPDATE 0
Time: 0 hrs, 0 mins, 0 secs, 197 ms
END
Time: 0 hrs, 0 mins, 17 secs, 607 ms
VACUUM
Time: 0 hrs, 0 mins, 10 secs, 151 ms

Sun Sep 4 03:58:25 EDT 2011

Timing is on.

           700 - LOAD_BN_SESSION

BEGIN
Time: 0 hrs, 0 mins, 0 secs, 249 ms
SET
Time: 0 hrs, 0 mins, 0 secs, 21 ms
INSERT 0 0
Time: 0 hrs, 0 mins, 11 secs, 477 ms
ANALYZE
Time: 0 hrs, 0 mins, 0 secs, 34 ms
END
Time: 0 hrs, 0 mins, 20 secs, 216 ms

Sun Sep 4 03:58:58 EDT 2011

Timing is on.

            750 - LOAD_BN_SESSION_SUMMARY   

BEGIN
Time: 0 hrs, 0 mins, 2 secs, 341 ms
SET
Time: 0 hrs, 0 mins, 0 secs, 34 ms
CREATE TABLE
Time: 0 hrs, 0 mins, 10 secs, 529 ms
TRUNCATE
Time: 0 hrs, 0 mins, 2 secs, 694 ms
INSERT 0 0
Time: 0 hrs, 0 mins, 1 secs, 11 ms
ANALYZE
Time: 0 hrs, 0 mins, 0 secs, 40 ms
 count(1) 
----------
        0
(1 row)

Time: 0 hrs, 0 mins, 2 secs, 572 ms
END
Time: 0 hrs, 0 mins, 9 secs, 118 ms

Sun Sep 4 03:59:26 EDT 2011

Timing is on.

           800 - LOAD_BN_HITS

BEGIN
Time: 0 hrs, 0 mins, 0 secs, 786 ms
SET
Time: 0 hrs, 0 mins, 0 secs, 18 ms
SET
Time: 0 hrs, 0 mins, 0 secs, 80 ms
SET
Time: 0 hrs, 0 mins, 0 secs, 37 ms
SET
Time: 0 hrs, 0 mins, 0 secs, 34 ms
TRUNCATE
Time: 0 hrs, 0 mins, 4 secs, 291 ms
INSERT 0 0
Time: 0 hrs, 0 mins, 1 secs, 355 ms
 count(1) 
----------
        0
(1 row)

Time: 0 hrs, 0 mins, 2 secs, 147 ms
ANALYZE
Time: 0 hrs, 0 mins, 1 secs, 268 ms
END
Time: 0 hrs, 0 mins, 21 secs, 352 ms

Sun Sep 4 03:59:58 EDT 2011

Timing is on.

            900 - LOAD_CLICKSTREAM   

BEGIN
Time: 0 hrs, 0 mins, 6 secs, 468 ms
SET
Time: 0 hrs, 0 mins, 0 secs, 13 ms
TRUNCATE
Time: 0 hrs, 0 mins, 3 secs, 212 ms
INSERT 0 0
Time: 0 hrs, 1 mins, 25 secs, 279 ms
 count(1) 
----------
        0
(1 row)

Time: 0 hrs, 0 mins, 0 secs, 632 ms
ANALYZE
Time: 0 hrs, 0 mins, 1 secs, 0 ms
END
Time: 0 hrs, 0 mins, 11 secs, 229 ms

Sun Sep 4 04:01:46 EDT 2011

Timing is on.

            1000 - PAGE_VIEW_SUMMARY  

BEGIN
Time: 0 hrs, 0 mins, 0 secs, 362 ms
SET
Time: 0 hrs, 0 mins, 0 secs, 18 ms
SET
Time: 0 hrs, 0 mins, 0 secs, 32 ms
TRUNCATE
Time: 0 hrs, 0 mins, 2 secs, 933 ms
INSERT 0 0
Time: 0 hrs, 0 mins, 11 secs, 445 ms
 count(1) 
----------
        0
(1 row)

Time: 0 hrs, 0 mins, 5 secs, 507 ms
ANALYZE
Time: 0 hrs, 0 mins, 0 secs, 343 ms
END
Time: 0 hrs, 0 mins, 48 secs, 111 ms

Sun Sep 4 04:02:55 EDT 2011


2000 - WRAP UP 

Timing is on.
BEGIN
Time: 0 hrs, 0 mins, 0 secs, 169 ms
TRUNCATE
Time: 0 hrs, 0 mins, 2 secs, 515 ms
TRUNCATE
Time: 0 hrs, 0 mins, 0 secs, 494 ms
END
Time: 0 hrs, 0 mins, 8 secs, 5 ms
Sun Sep 4 04:03:06 EDT 2011
Removing lock file and waiting for a minute
rm: missing operand
Try `rm --help' for more information.
Total time taken:  54  minutes.
Running time of run.sh 20110902: 54 minutes
Acquired lock file 
deleting simple.htm records - these are just server testing...
DELETE 13
-------------------------------------
Processing for 20110902
-------------------------------------

Sun Sep 4 18:33:30 EDT 2011

Timing is on.

           000 - INIT

BEGIN
Time: 0 hrs, 0 mins, 4 secs, 685 ms
*** Truncating staging tables before workflow starts ***
SET
Time: 0 hrs, 0 mins, 0 secs, 22 ms
GRANT
Time: 0 hrs, 0 mins, 6 secs, 788 ms
END
Time: 0 hrs, 0 mins, 28 secs, 102 ms

Sun Sep 4 18:34:10 EDT 2011

Timing is on.

            200 - LOAD_BN_IISLOGS   

BEGIN
Time: 0 hrs, 0 mins, 5 secs, 747 ms
SET
Time: 0 hrs, 0 mins, 0 secs, 21 ms
TRUNCATE
Time: 0 hrs, 0 mins, 1 secs, 960 ms
INSERT 0 81044948
Time: 0 hrs, 16 mins, 43 secs, 114 ms
END
Time: 0 hrs, 0 mins, 43 secs, 963 ms
ALTER TABLE
Time: 0 hrs, 0 mins, 9 secs, 286 ms

Sun Sep 4 18:51:54 EDT 2011

Timing is on.
BEGIN
Time: 0 hrs, 0 mins, 7 secs, 966 ms
SET
Time: 0 hrs, 0 mins, 0 secs, 21 ms

            250 - LOAD_BN_HITS_SP   

TRUNCATE
Time: 0 hrs, 0 mins, 0 secs, 819 ms
INSERT 0 32066486
Time: 0 hrs, 4 mins, 40 secs, 998 ms
ANALYZE
Time: 0 hrs, 0 mins, 3 secs, 145 ms
END
Time: 0 hrs, 2 mins, 46 secs, 811 ms

Sun Sep 4 18:59:34 EDT 2011

Timing is on.
BEGIN
Time: 0 hrs, 0 mins, 15 secs, 525 ms
SET
Time: 0 hrs, 0 mins, 0 secs, 443 ms

           300 - DYNAMIC FILTER

TRUNCATE
Time: 0 hrs, 0 mins, 1 secs, 61 ms
INSERT 0 21301222
Time: 0 hrs, 0 mins, 4 secs, 173 ms
ANALYZE
Time: 0 hrs, 0 mins, 0 secs, 422 ms
 Total records in web_click_cnt 
--------------------------------
                       21301222
(1 row)

Time: 0 hrs, 0 mins, 2 secs, 157 ms
CREATE TABLE
Time: 0 hrs, 0 mins, 26 secs, 134 ms
ANALYZE
Time: 0 hrs, 0 mins, 0 secs, 271 ms
CREATE TABLE
Time: 0 hrs, 0 mins, 0 secs, 780 ms
ANALYZE
Time: 0 hrs, 0 mins, 0 secs, 680 ms
DELETE 1
Time: 0 hrs, 0 mins, 0 secs, 719 ms
INSERT 0 1
Time: 0 hrs, 0 mins, 4 secs, 253 ms
DELETE 1
Time: 0 hrs, 0 mins, 0 secs, 705 ms
INSERT 0 1
Time: 0 hrs, 0 mins, 2 secs, 414 ms
CREATE TABLE
Time: 0 hrs, 0 mins, 4 secs, 962 ms
ANALYZE
Time: 0 hrs, 0 mins, 0 secs, 273 ms
CREATE TABLE
Time: 0 hrs, 0 mins, 0 secs, 974 ms
ANALYZE
Time: 0 hrs, 0 mins, 0 secs, 273 ms
DELETE 1
Time: 0 hrs, 0 mins, 0 secs, 809 ms
INSERT 0 1
Time: 0 hrs, 0 mins, 3 secs, 481 ms
DELETE 1
Time: 0 hrs, 0 mins, 1 secs, 160 ms
INSERT 0 1
Time: 0 hrs, 0 mins, 2 secs, 850 ms
ANALYZE
Time: 0 hrs, 0 mins, 0 secs, 248 ms
    tablename     |    attr_name    | attr_value 
------------------+-----------------+------------
 BN_FILTER_SPIDER | CLK_USER_SD_MPL | 10
 BN_FILTER_SPIDER | IP_USER_SD_MPL  | 1
 BN_FILTER_SPIDER | IP_USER_RATIO   | .955
 BN_FILTER_SPIDER | CLK_USER_MEAN   | 13.731
 BN_FILTER_SPIDER | CLK_USER_SD     | 179.822
 BN_FILTER_SPIDER | IP_USER_MEAN    | 21.618
 BN_FILTER_SPIDER | IP_USER_SD      | 1785.572
(7 rows)

Time: 0 hrs, 0 mins, 0 secs, 758 ms
CREATE TABLE
Time: 0 hrs, 0 mins, 24 secs, 79 ms
CREATE TABLE
Time: 0 hrs, 0 mins, 0 secs, 993 ms
 l_mean_sd_mpl 
---------------
      1811.951
(1 row)

Time: 0 hrs, 0 mins, 1 secs, 128 ms
TRUNCATE
Time: 0 hrs, 0 mins, 0 secs, 613 ms
INSERT 0 97
Time: 0 hrs, 0 mins, 18 secs, 359 ms
ANALYZE
Time: 0 hrs, 0 mins, 0 secs, 241 ms
 Total click_user bn_spider_ip records 
---------------------------------------
                                    97
(1 row)

Time: 0 hrs, 0 mins, 0 secs, 515 ms
CREATE TABLE
Time: 0 hrs, 0 mins, 3 secs, 742 ms
ANALYZE
Time: 0 hrs, 0 mins, 0 secs, 259 ms
CREATE TABLE
Time: 0 hrs, 0 mins, 4 secs, 539 ms
ANALYZE
Time: 0 hrs, 0 mins, 0 secs, 260 ms
DROP 
Time: 0 hrs, 0 mins, 0 secs, 301 ms
CREATE TABLE
Time: 0 hrs, 0 mins, 0 secs, 493 ms
 l_mean_sd_mpl | l_ratio 
---------------+---------
      1807.190 |   0.955
(1 row)

Time: 0 hrs, 0 mins, 0 secs, 312 ms
INSERT 0 18261019
Time: 0 hrs, 0 mins, 20 secs, 204 ms
ANALYZE
Time: 0 hrs, 0 mins, 0 secs, 375 ms
 Total ip_user_filter bn_spider_ip records 
-------------------------------------------
                                  18261019
(1 row)

Time: 0 hrs, 0 mins, 1 secs, 991 ms
TRUNCATE
Time: 0 hrs, 0 mins, 1 secs, 335 ms
INSERT 0 22161059
Time: 0 hrs, 0 mins, 44 secs, 455 ms
ANALYZE
Time: 0 hrs, 0 mins, 3 secs, 187 ms
 bn_hits_stage 
---------------
      22161059
(1 row)

Time: 0 hrs, 0 mins, 1 secs, 187 ms
INSERT 0 19139935
Time: 0 hrs, 0 mins, 56 secs, 924 ms
ANALYZE
Time: 0 hrs, 0 mins, 41 secs, 379 ms
 bn_hits_sp_20110902 
---------------------
            51206421
(1 row)

Time: 0 hrs, 0 mins, 49 secs, 134 ms
TRUNCATE
Time: 0 hrs, 0 mins, 0 secs, 371 ms
INSERT 0 7677468
Time: 0 hrs, 0 mins, 5 secs, 949 ms
ANALYZE
Time: 0 hrs, 0 mins, 3 secs, 17 ms
 bn_hits_client_20110902 
-------------------------
                 7677468
(1 row)

Time: 0 hrs, 0 mins, 1 secs, 572 ms
END
Time: 0 hrs, 2 mins, 49 secs, 210 ms

Sun Sep 4 19:08:26 EDT 2011

Timing is on.
BEGIN
Time: 0 hrs, 0 mins, 5 secs, 693 ms

           600 - LOAD RESOURCES

SET
Time: 0 hrs, 0 mins, 0 secs, 19 ms
CREATE TABLE
Time: 0 hrs, 2 mins, 3 secs, 504 ms
ANALYZE
Time: 0 hrs, 0 mins, 0 secs, 724 ms
 tmp_a_count 
-------------
      593532
(1 row)

Time: 0 hrs, 0 mins, 1 secs, 261 ms
UPDATE 0
Time: 0 hrs, 0 mins, 2 secs, 742 ms
ANALYZE
Time: 0 hrs, 0 mins, 0 secs, 721 ms
TRUNCATE
Time: 0 hrs, 0 mins, 2 secs, 175 ms
INSERT 0 49073
Time: 0 hrs, 1 mins, 4 secs, 286 ms
ANALYZE
Time: 0 hrs, 0 mins, 0 secs, 652 ms
 first_resource_id | last_resource_id 
-------------------+------------------
          40878793 |         40927865
(1 row)

Time: 0 hrs, 0 mins, 1 secs, 859 ms
INSERT 0 49073
Time: 0 hrs, 0 mins, 5 secs, 40 ms
 total_resources 
-----------------
        40903462
(1 row)

Time: 0 hrs, 0 mins, 1 secs, 475 ms
ANALYZE
Time: 0 hrs, 0 mins, 0 secs, 601 ms
END
Time: 0 hrs, 0 mins, 41 secs, 402 ms
VACUUM
Time: 0 hrs, 0 mins, 12 secs, 623 ms

Sun Sep 4 19:12:51 EDT 2011

Timing is on.

           650 - LOAD_BN_SESSION_STAGE

BEGIN
Time: 0 hrs, 0 mins, 4 secs, 220 ms
SET
Time: 0 hrs, 0 mins, 0 secs, 23 ms
SET
Time: 0 hrs, 0 mins, 0 secs, 28 ms
ERROR:  function "sessionize_timeonpage" does not exist
NOTICE:  current transaction is aborted, queries ignored until end of transaction block
NOTICE:  current transaction is aborted, queries ignored until end of transaction block
NOTICE:  current transaction is aborted, queries ignored until end of transaction block
NOTICE:  current transaction is aborted, queries ignored until end of transaction block
NOTICE:  current transaction is aborted, queries ignored until end of transaction block
NOTICE:  current transaction is aborted, queries ignored until end of transaction block
NOTICE:  current transaction is aborted, queries ignored until end of transaction block
NOTICE:  current transaction is aborted, queries ignored until end of transaction block
NOTICE:  current transaction is aborted, queries ignored until end of transaction block
NOTICE:  current transaction is aborted, queries ignored until end of transaction block
NOTICE:  current transaction is aborted, queries ignored until end of transaction block
NOTICE:  current transaction is aborted, queries ignored until end of transaction block
NOTICE:  current transaction is aborted, queries ignored until end of transaction block
NOTICE:  current transaction is aborted, queries ignored until end of transaction block
NOTICE:  current transaction is aborted, queries ignored until end of transaction block
NOTICE:  current transaction is aborted, queries ignored until end of transaction block
NOTICE:  current transaction is aborted, queries ignored until end of transaction block
NOTICE:  current transaction is aborted, queries ignored until end of transaction block
ABORT
Time: 0 hrs, 0 mins, 1 secs, 398 ms

Sun Sep 4 19:13:05 EDT 2011

BEGIN

           660 - LOAD_BN_SESSION_UPDATE_STAGE

SET
TRUNCATE
INSERT 0 0
END

Sun Sep 4 19:13:37 EDT 2011

Timing is on.

           670 - LOAD_BN_SESSION_20110902.UPDATES

BEGIN
Time: 0 hrs, 0 mins, 18 secs, 666 ms
SET
Time: 0 hrs, 0 mins, 0 secs, 24 ms
UPDATE 0
Time: 0 hrs, 0 mins, 9 secs, 282 ms
END
Time: 0 hrs, 0 mins, 16 secs, 686 ms
VACUUM
Time: 0 hrs, 0 mins, 23 secs, 394 ms

Sun Sep 4 19:14:46 EDT 2011

Timing is on.

           700 - LOAD_BN_SESSION

BEGIN
Time: 0 hrs, 0 mins, 8 secs, 232 ms
SET
Time: 0 hrs, 0 mins, 0 secs, 260 ms
INSERT 0 0
Time: 0 hrs, 0 mins, 9 secs, 393 ms
ANALYZE
Time: 0 hrs, 0 mins, 0 secs, 265 ms
END
Time: 0 hrs, 1 mins, 3 secs, 28 ms

Sun Sep 4 19:16:07 EDT 2011

Timing is on.

            750 - LOAD_BN_SESSION_SUMMARY   

BEGIN
Time: 0 hrs, 0 mins, 24 secs, 121 ms
SET
Time: 0 hrs, 0 mins, 0 secs, 238 ms
CREATE TABLE
Time: 0 hrs, 0 mins, 58 secs, 997 ms
TRUNCATE
Time: 0 hrs, 0 mins, 2 secs, 22 ms
INSERT 0 0
Time: 0 hrs, 0 mins, 10 secs, 676 ms
ANALYZE
Time: 0 hrs, 0 mins, 0 secs, 260 ms
 count(1) 
----------
        0
(1 row)

Time: 0 hrs, 0 mins, 2 secs, 57 ms
END
Time: 0 hrs, 0 mins, 58 secs, 563 ms

Sun Sep 4 19:18:44 EDT 2011

Timing is on.

           800 - LOAD_BN_HITS

BEGIN
Time: 0 hrs, 1 mins, 44 secs, 980 ms
SET
Time: 0 hrs, 0 mins, 0 secs, 285 ms
SET
Time: 0 hrs, 0 mins, 0 secs, 240 ms
SET
Time: 0 hrs, 0 mins, 0 secs, 30 ms
SET
Time: 0 hrs, 0 mins, 0 secs, 237 ms
TRUNCATE
Time: 0 hrs, 0 mins, 0 secs, 847 ms
INSERT 0 0
Time: 0 hrs, 0 mins, 10 secs, 47 ms
 count(1) 
----------
        0
(1 row)

Time: 0 hrs, 0 mins, 9 secs, 251 ms
ANALYZE
Time: 0 hrs, 0 mins, 6 secs, 963 ms
END
Time: 0 hrs, 0 mins, 47 secs, 713 ms

Sun Sep 4 19:21:45 EDT 2011

Timing is on.

            900 - LOAD_CLICKSTREAM   

BEGIN
Time: 0 hrs, 0 mins, 37 secs, 617 ms
SET
Time: 0 hrs, 0 mins, 0 secs, 63 ms
TRUNCATE
Time: 0 hrs, 0 mins, 1 secs, 668 ms
INSERT 0 0
Time: 0 hrs, 2 mins, 46 secs, 981 ms
 count(1) 
----------
        0
(1 row)

Time: 0 hrs, 0 mins, 1 secs, 990 ms
ANALYZE
Time: 0 hrs, 0 mins, 0 secs, 475 ms
END
Time: 0 hrs, 1 mins, 37 secs, 929 ms

Sun Sep 4 19:26:53 EDT 2011

Timing is on.

            1000 - PAGE_VIEW_SUMMARY  

BEGIN
Time: 0 hrs, 0 mins, 26 secs, 979 ms
SET
Time: 0 hrs, 0 mins, 0 secs, 21 ms
SET
Time: 0 hrs, 0 mins, 2 secs, 796 ms
TRUNCATE
Time: 0 hrs, 0 mins, 0 secs, 498 ms
INSERT 0 0
Time: 0 hrs, 0 mins, 16 secs, 380 ms
 count(1) 
----------
        0
(1 row)

Time: 0 hrs, 0 mins, 1 secs, 843 ms
ANALYZE
Time: 0 hrs, 0 mins, 1 secs, 100 ms
END
Time: 0 hrs, 8 mins, 16 secs, 501 ms

Sun Sep 4 19:35:59 EDT 2011


2000 - WRAP UP 

Timing is on.
BEGIN
Time: 0 hrs, 0 mins, 40 secs, 174 ms
TRUNCATE
Time: 0 hrs, 0 mins, 2 secs, 34 ms
TRUNCATE
Time: 0 hrs, 0 mins, 0 secs, 445 ms
END
Time: 0 hrs, 0 mins, 54 secs, 554 ms
Sun Sep 4 19:37:36 EDT 2011
Removing lock file and waiting for a minute
rm: missing operand
Try `rm --help' for more information.
Total time taken:  65  minutes.
Running time of run.sh 20110902: 65 minutes
Acquired lock file 
deleting simple.htm records - these are just server testing...
DELETE 0
-------------------------------------
Processing for 20110902
-------------------------------------

Wed Sep 7 16:10:14 EDT 2011

Timing is on.

           000 - INIT

BEGIN
Time: 0 hrs, 0 mins, 0 secs, 701 ms
*** Truncating staging tables before workflow starts ***
SET
Time: 0 hrs, 0 mins, 0 secs, 31 ms
GRANT
Time: 0 hrs, 0 mins, 5 secs, 105 ms
END
Time: 0 hrs, 0 mins, 11 secs, 837 ms

Wed Sep 7 16:10:32 EDT 2011

Timing is on.

            200 - LOAD_BN_IISLOGS   

BEGIN
Time: 0 hrs, 0 mins, 0 secs, 531 ms
SET
Time: 0 hrs, 0 mins, 0 secs, 47 ms
TRUNCATE
Time: 0 hrs, 0 mins, 2 secs, 263 ms
INSERT 0 81044948
Time: 0 hrs, 14 mins, 23 secs, 391 ms
END
Time: 0 hrs, 0 mins, 41 secs, 851 ms
ALTER TABLE
Time: 0 hrs, 0 mins, 12 secs, 85 ms

Wed Sep 7 16:25:53 EDT 2011

Timing is on.
BEGIN
Time: 0 hrs, 0 mins, 0 secs, 602 ms
SET
Time: 0 hrs, 0 mins, 0 secs, 71 ms

            250 - LOAD_BN_HITS_SP   

TRUNCATE
Time: 0 hrs, 0 mins, 4 secs, 51 ms
INSERT 0 32066486
Time: 0 hrs, 6 mins, 41 secs, 331 ms
ANALYZE
Time: 0 hrs, 0 mins, 32 secs, 327 ms
END
Time: 0 hrs, 0 mins, 55 secs, 283 ms

Wed Sep 7 16:34:07 EDT 2011

Timing is on.
BEGIN
Time: 0 hrs, 0 mins, 1 secs, 87 ms
SET
Time: 0 hrs, 0 mins, 0 secs, 112 ms

           300 - DYNAMIC FILTER

TRUNCATE
Time: 0 hrs, 0 mins, 5 secs, 292 ms
INSERT 0 21301222
Time: 0 hrs, 0 mins, 12 secs, 106 ms
ANALYZE
Time: 0 hrs, 0 mins, 2 secs, 238 ms
 Total records in web_click_cnt 
--------------------------------
                       21301222
(1 row)

Time: 0 hrs, 0 mins, 2 secs, 424 ms
CREATE TABLE
Time: 0 hrs, 0 mins, 7 secs, 636 ms
ANALYZE
Time: 0 hrs, 0 mins, 0 secs, 174 ms
CREATE TABLE
Time: 0 hrs, 0 mins, 1 secs, 755 ms
ANALYZE
Time: 0 hrs, 0 mins, 0 secs, 169 ms
DELETE 1
Time: 0 hrs, 0 mins, 2 secs, 98 ms
INSERT 0 1
Time: 0 hrs, 0 mins, 2 secs, 580 ms
DELETE 1
Time: 0 hrs, 0 mins, 0 secs, 436 ms
INSERT 0 1
Time: 0 hrs, 0 mins, 1 secs, 601 ms
CREATE TABLE
Time: 0 hrs, 0 mins, 7 secs, 873 ms
ANALYZE
Time: 0 hrs, 0 mins, 0 secs, 161 ms
CREATE TABLE
Time: 0 hrs, 0 mins, 6 secs, 477 ms
ANALYZE
Time: 0 hrs, 0 mins, 0 secs, 677 ms
DELETE 1
Time: 0 hrs, 0 mins, 0 secs, 235 ms
INSERT 0 1
Time: 0 hrs, 0 mins, 1 secs, 991 ms
DELETE 1
Time: 0 hrs, 0 mins, 0 secs, 269 ms
INSERT 0 1
Time: 0 hrs, 0 mins, 2 secs, 470 ms
ANALYZE
Time: 0 hrs, 0 mins, 1 secs, 458 ms
    tablename     |    attr_name    | attr_value 
------------------+-----------------+------------
 BN_FILTER_SPIDER | CLK_USER_SD_MPL | 10
 BN_FILTER_SPIDER | IP_USER_SD_MPL  | 1
 BN_FILTER_SPIDER | IP_USER_RATIO   | .955
 BN_FILTER_SPIDER | CLK_USER_MEAN   | 13.731
 BN_FILTER_SPIDER | CLK_USER_SD     | 179.822
 BN_FILTER_SPIDER | IP_USER_MEAN    | 21.618
 BN_FILTER_SPIDER | IP_USER_SD      | 1785.572
(7 rows)

Time: 0 hrs, 0 mins, 0 secs, 488 ms
CREATE TABLE
Time: 0 hrs, 0 mins, 17 secs, 429 ms
CREATE TABLE
Time: 0 hrs, 0 mins, 1 secs, 530 ms
 l_mean_sd_mpl 
---------------
      1811.951
(1 row)

Time: 0 hrs, 0 mins, 1 secs, 99 ms
TRUNCATE
Time: 0 hrs, 0 mins, 4 secs, 328 ms
INSERT 0 97
Time: 0 hrs, 0 mins, 16 secs, 732 ms
ANALYZE
Time: 0 hrs, 0 mins, 1 secs, 892 ms
 Total click_user bn_spider_ip records 
---------------------------------------
                                    97
(1 row)

Time: 0 hrs, 0 mins, 4 secs, 267 ms
CREATE TABLE
Time: 0 hrs, 0 mins, 10 secs, 730 ms
ANALYZE
Time: 0 hrs, 0 mins, 0 secs, 360 ms
CREATE TABLE
Time: 0 hrs, 0 mins, 7 secs, 808 ms
ANALYZE
Time: 0 hrs, 0 mins, 0 secs, 313 ms
DROP 
Time: 0 hrs, 0 mins, 0 secs, 243 ms
CREATE TABLE
Time: 0 hrs, 0 mins, 1 secs, 401 ms
 l_mean_sd_mpl | l_ratio 
---------------+---------
      1807.190 |   0.955
(1 row)

Time: 0 hrs, 0 mins, 0 secs, 710 ms
INSERT 0 18261019
Time: 0 hrs, 0 mins, 11 secs, 639 ms
ANALYZE
Time: 0 hrs, 0 mins, 0 secs, 320 ms
 Total ip_user_filter bn_spider_ip records 
-------------------------------------------
                                  18261019
(1 row)

Time: 0 hrs, 0 mins, 0 secs, 711 ms
TRUNCATE
Time: 0 hrs, 0 mins, 6 secs, 327 ms
INSERT 0 22161059
Time: 0 hrs, 0 mins, 51 secs, 187 ms
ANALYZE
Time: 0 hrs, 0 mins, 12 secs, 507 ms
 bn_hits_stage 
---------------
      22161059
(1 row)

Time: 0 hrs, 0 mins, 2 secs, 987 ms
INSERT 0 19139935
Time: 0 hrs, 1 mins, 3 secs, 360 ms
ANALYZE
Time: 0 hrs, 0 mins, 38 secs, 31 ms
 bn_hits_sp_20110902 
---------------------
            51206421
(1 row)

Time: 0 hrs, 0 mins, 49 secs, 487 ms
TRUNCATE
Time: 0 hrs, 0 mins, 15 secs, 314 ms
INSERT 0 7677468
Time: 0 hrs, 0 mins, 5 secs, 371 ms
ANALYZE
Time: 0 hrs, 0 mins, 4 secs, 350 ms
 bn_hits_client_20110902 
-------------------------
                 7677468
(1 row)

Time: 0 hrs, 0 mins, 4 secs, 901 ms
END
Time: 0 hrs, 1 mins, 25 secs, 385 ms

Wed Sep 7 16:42:10 EDT 2011

Timing is on.
BEGIN
Time: 0 hrs, 0 mins, 5 secs, 169 ms

           600 - LOAD RESOURCES

SET
Time: 0 hrs, 0 mins, 0 secs, 40 ms
CREATE TABLE
Time: 0 hrs, 1 mins, 27 secs, 1 ms
ANALYZE
Time: 0 hrs, 0 mins, 2 secs, 622 ms
 tmp_a_count 
-------------
      593532
(1 row)

Time: 0 hrs, 0 mins, 2 secs, 691 ms
UPDATE 0
Time: 0 hrs, 0 mins, 8 secs, 946 ms
ANALYZE
Time: 0 hrs, 0 mins, 1 secs, 896 ms
TRUNCATE
Time: 0 hrs, 0 mins, 3 secs, 915 ms
INSERT 0 0
Time: 0 hrs, 0 mins, 42 secs, 215 ms
ANALYZE
Time: 0 hrs, 0 mins, 0 secs, 96 ms
 first_resource_id | last_resource_id 
-------------------+------------------
                   |                 
(1 row)

Time: 0 hrs, 0 mins, 2 secs, 978 ms
INSERT 0 0
Time: 0 hrs, 0 mins, 5 secs, 570 ms
 total_resources 
-----------------
        41082575
(1 row)

Time: 0 hrs, 0 mins, 0 secs, 438 ms
ANALYZE
Time: 0 hrs, 0 mins, 3 secs, 26 ms
END
Time: 0 hrs, 0 mins, 27 secs, 354 ms
VACUUM
Time: 0 hrs, 2 mins, 15 secs, 575 ms

Wed Sep 7 16:47:40 EDT 2011

Timing is on.

           650 - LOAD_BN_SESSION_STAGE

BEGIN
Time: 0 hrs, 0 mins, 0 secs, 984 ms
SET
Time: 0 hrs, 0 mins, 0 secs, 34 ms
SET
Time: 0 hrs, 0 mins, 0 secs, 78 ms
CREATE TABLE
Time: 0 hrs, 1 mins, 7 secs, 848 ms
ANALYZE
Time: 0 hrs, 0 mins, 5 secs, 172 ms
 tmp_sessionized_stage 
-----------------------
              22161059
(1 row)

Time: 0 hrs, 0 mins, 0 secs, 582 ms
TRUNCATE
Time: 0 hrs, 0 mins, 4 secs, 737 ms
INSERT 0 2708754
Time: 0 hrs, 1 mins, 41 secs, 410 ms
ANALYZE
Time: 0 hrs, 0 mins, 0 secs, 602 ms
CREATE TABLE
Time: 0 hrs, 2 mins, 12 secs, 315 ms
CREATE INDEX
Time: 0 hrs, 0 mins, 0 secs, 154 ms
 tmp_first_last 
----------------
        2708754
(1 row)

Time: 0 hrs, 0 mins, 0 secs, 420 ms
ANALYZE
Time: 0 hrs, 0 mins, 0 secs, 858 ms
SET
Time: 0 hrs, 0 mins, 0 secs, 66 ms
SET
Time: 0 hrs, 0 mins, 0 secs, 50 ms
TRUNCATE
Time: 0 hrs, 0 mins, 3 secs, 186 ms
DROP 
Time: 0 hrs, 0 mins, 0 secs, 764 ms
INSERT 0 2708754
Time: 0 hrs, 0 mins, 9 secs, 374 ms
 bn_session_stage 
------------------
          2708754
(1 row)

Time: 0 hrs, 0 mins, 1 secs, 374 ms
CREATE INDEX
Time: 0 hrs, 0 mins, 6 secs, 334 ms
ANALYZE
Time: 0 hrs, 0 mins, 2 secs, 776 ms
TRUNCATE
Time: 0 hrs, 0 mins, 5 secs, 605 ms
END
Time: 0 hrs, 0 mins, 37 secs, 404 ms

Wed Sep 7 16:54:03 EDT 2011

BEGIN

           660 - LOAD_BN_SESSION_UPDATE_STAGE

SET
TRUNCATE
INSERT 0 0
END

Wed Sep 7 16:54:22 EDT 2011

Timing is on.

           670 - LOAD_BN_SESSION_20110902.UPDATES

BEGIN
Time: 0 hrs, 0 mins, 0 secs, 482 ms
SET
Time: 0 hrs, 0 mins, 0 secs, 70 ms
UPDATE 0
Time: 0 hrs, 0 mins, 0 secs, 512 ms
END
Time: 0 hrs, 0 mins, 11 secs, 350 ms
VACUUM
Time: 0 hrs, 0 mins, 16 secs, 69 ms

Wed Sep 7 16:54:51 EDT 2011

Timing is on.

           700 - LOAD_BN_SESSION

BEGIN
Time: 0 hrs, 0 mins, 0 secs, 614 ms
SET
Time: 0 hrs, 0 mins, 0 secs, 59 ms
INSERT 0 2708754
Time: 0 hrs, 0 mins, 23 secs, 680 ms
ANALYZE
Time: 0 hrs, 0 mins, 1 secs, 232 ms
END
Time: 0 hrs, 0 mins, 13 secs, 432 ms

Wed Sep 7 16:55:30 EDT 2011

Timing is on.

            750 - LOAD_BN_SESSION_SUMMARY   

BEGIN
Time: 0 hrs, 0 mins, 3 secs, 303 ms
SET
Time: 0 hrs, 0 mins, 0 secs, 49 ms
CREATE TABLE
Time: 0 hrs, 0 mins, 16 secs, 159 ms
TRUNCATE
Time: 0 hrs, 0 mins, 3 secs, 446 ms
INSERT 0 306672
Time: 0 hrs, 0 mins, 6 secs, 113 ms
ANALYZE
Time: 0 hrs, 0 mins, 1 secs, 574 ms
 count(1) 
----------
   306672
(1 row)

Time: 0 hrs, 0 mins, 0 secs, 165 ms
END
Time: 0 hrs, 0 mins, 12 secs, 100 ms

Wed Sep 7 16:56:14 EDT 2011

Timing is on.

           800 - LOAD_BN_HITS

BEGIN
Time: 0 hrs, 0 mins, 0 secs, 286 ms
SET
Time: 0 hrs, 0 mins, 0 secs, 20 ms
SET
Time: 0 hrs, 0 mins, 0 secs, 52 ms
SET
Time: 0 hrs, 0 mins, 0 secs, 35 ms
SET
Time: 0 hrs, 0 mins, 0 secs, 39 ms
TRUNCATE
Time: 0 hrs, 0 mins, 5 secs, 382 ms
INSERT 0 22161059
Time: 0 hrs, 0 mins, 6 secs, 746 ms
 count(1) 
----------
 22161059
(1 row)

Time: 0 hrs, 0 mins, 6 secs, 599 ms
ANALYZE
Time: 0 hrs, 0 mins, 4 secs, 98 ms
END
Time: 0 hrs, 0 mins, 54 secs, 527 ms

Wed Sep 7 16:57:32 EDT 2011

Timing is on.

            900 - LOAD_CLICKSTREAM   

BEGIN
Time: 0 hrs, 0 mins, 1 secs, 270 ms
SET
Time: 0 hrs, 0 mins, 0 secs, 47 ms
TRUNCATE
Time: 0 hrs, 0 mins, 3 secs, 601 ms
INSERT 0 22161059
Time: 0 hrs, 2 mins, 56 secs, 221 ms
 count(1) 
----------
 22161059
(1 row)

Time: 0 hrs, 0 mins, 2 secs, 260 ms
ANALYZE
Time: 0 hrs, 0 mins, 2 secs, 583 ms
END
Time: 0 hrs, 0 mins, 43 secs, 450 ms

Wed Sep 7 17:01:22 EDT 2011

Timing is on.

            1000 - PAGE_VIEW_SUMMARY  

BEGIN
Time: 0 hrs, 0 mins, 0 secs, 861 ms
SET
Time: 0 hrs, 0 mins, 0 secs, 39 ms
SET
Time: 0 hrs, 0 mins, 0 secs, 82 ms
TRUNCATE
Time: 0 hrs, 0 mins, 3 secs, 729 ms
INSERT 0 634096
Time: 0 hrs, 0 mins, 16 secs, 208 ms
 count(1) 
----------
   634096
(1 row)

Time: 0 hrs, 0 mins, 1 secs, 646 ms
ANALYZE
Time: 0 hrs, 0 mins, 0 secs, 801 ms
END
Time: 0 hrs, 1 mins, 6 secs, 660 ms

Wed Sep 7 17:02:52 EDT 2011


2000 - WRAP UP 

Timing is on.
BEGIN
Time: 0 hrs, 0 mins, 0 secs, 245 ms
TRUNCATE
Time: 0 hrs, 0 mins, 4 secs, 526 ms
TRUNCATE
Time: 0 hrs, 0 mins, 2 secs, 681 ms
END
Time: 0 hrs, 0 mins, 45 secs, 7 ms
Wed Sep 7 17:03:45 EDT 2011
Removing lock file and waiting for a minute
rm: missing operand
Try `rm --help' for more information.
Total time taken:  55  minutes.
