Checking for lock file /tmp/.iislock
Acquired lock file /tmp/.iislock
-------------------------------------
Processing for 20110624
-------------------------------------

Sat Jun 25 11:12:41 EDT 2011

Timing is on.

           000 - INIT

BEGIN
Time: 0 hrs, 0 mins, 0 secs, 934 ms
*** Truncating staging tables before workflow starts ***
SET
Time: 0 hrs, 0 mins, 0 secs, 10 ms
GRANT
Time: 0 hrs, 0 mins, 11 secs, 104 ms
END
Time: 0 hrs, 0 mins, 24 secs, 712 ms

Sat Jun 25 11:13:19 EDT 2011

Timing is on.

            200 - LOAD_BN_IISLOGS   

BEGIN
Time: 0 hrs, 0 mins, 1 secs, 674 ms
SET
Time: 0 hrs, 0 mins, 0 secs, 9 ms
TRUNCATE
Time: 0 hrs, 0 mins, 3 secs, 448 ms
INSERT 0 54184406
Time: 0 hrs, 14 mins, 30 secs, 901 ms
END
Time: 0 hrs, 0 mins, 35 secs, 728 ms
ALTER TABLE
Time: 0 hrs, 15 mins, 37 secs, 7 ms

Sat Jun 25 11:44:08 EDT 2011

Timing is on.
BEGIN
Time: 0 hrs, 0 mins, 7 secs, 796 ms
SET
Time: 0 hrs, 0 mins, 0 secs, 14 ms

            250 - LOAD_BN_HITS_SP   

TRUNCATE
Time: 0 hrs, 0 mins, 8 secs, 579 ms
INSERT 0 23544967
Time: 0 hrs, 2 mins, 53 secs, 388 ms
ANALYZE
Time: 0 hrs, 0 mins, 12 secs, 55 ms
END
Time: 0 hrs, 2 mins, 46 secs, 634 ms

Sat Jun 25 11:50:17 EDT 2011

Timing is on.
BEGIN
Time: 0 hrs, 0 mins, 1 secs, 668 ms
SET
Time: 0 hrs, 0 mins, 0 secs, 9 ms

           300 - DYNAMIC FILTER

TRUNCATE
Time: 0 hrs, 0 mins, 1 secs, 931 ms
INSERT 0 9781677
Time: 0 hrs, 0 mins, 15 secs, 932 ms
ANALYZE
Time: 0 hrs, 0 mins, 1 secs, 797 ms
 Total records in web_click_cnt 
--------------------------------
                        9781677
(1 row)

Time: 0 hrs, 0 mins, 0 secs, 498 ms
CREATE TABLE
Time: 0 hrs, 0 mins, 5 secs, 559 ms
ANALYZE
Time: 0 hrs, 0 mins, 0 secs, 771 ms
CREATE TABLE
Time: 0 hrs, 0 mins, 0 secs, 868 ms
ANALYZE
Time: 0 hrs, 0 mins, 0 secs, 63 ms
DELETE 1
Time: 0 hrs, 0 mins, 0 secs, 299 ms
INSERT 0 1
Time: 0 hrs, 0 mins, 1 secs, 8 ms
DELETE 1
Time: 0 hrs, 0 mins, 0 secs, 191 ms
INSERT 0 1
Time: 0 hrs, 0 mins, 1 secs, 175 ms
CREATE TABLE
Time: 0 hrs, 0 mins, 4 secs, 32 ms
ANALYZE
Time: 0 hrs, 0 mins, 0 secs, 587 ms
CREATE TABLE
Time: 0 hrs, 0 mins, 1 secs, 678 ms
ANALYZE
Time: 0 hrs, 0 mins, 0 secs, 84 ms
DELETE 1
Time: 0 hrs, 0 mins, 0 secs, 132 ms
INSERT 0 1
Time: 0 hrs, 0 mins, 3 secs, 496 ms
DELETE 1
Time: 0 hrs, 0 mins, 0 secs, 101 ms
INSERT 0 1
Time: 0 hrs, 0 mins, 1 secs, 981 ms
ANALYZE
Time: 0 hrs, 0 mins, 0 secs, 333 ms
    tablename     |    attr_name    | attr_value 
------------------+-----------------+------------
 BN_FILTER_SPIDER | CLK_USER_SD_MPL | 10
 BN_FILTER_SPIDER | IP_USER_SD_MPL  | 1
 BN_FILTER_SPIDER | IP_USER_RATIO   | .955
 BN_FILTER_SPIDER | CLK_USER_MEAN   | 14.602
 BN_FILTER_SPIDER | CLK_USER_SD     | 82.038
 BN_FILTER_SPIDER | IP_USER_MEAN    | 14.432
 BN_FILTER_SPIDER | IP_USER_SD      | 2004.377
(7 rows)

Time: 0 hrs, 0 mins, 0 secs, 569 ms
CREATE TABLE
Time: 0 hrs, 0 mins, 5 secs, 722 ms
CREATE TABLE
Time: 0 hrs, 0 mins, 1 secs, 361 ms
 l_mean_sd_mpl 
---------------
       834.982
(1 row)

Time: 0 hrs, 0 mins, 1 secs, 643 ms
TRUNCATE
Time: 0 hrs, 0 mins, 1 secs, 308 ms
INSERT 0 198
Time: 0 hrs, 0 mins, 21 secs, 598 ms
ANALYZE
Time: 0 hrs, 0 mins, 0 secs, 225 ms
 Total click_user bn_spider_ip records 
---------------------------------------
                                   198
(1 row)

Time: 0 hrs, 0 mins, 0 secs, 368 ms
CREATE TABLE
Time: 0 hrs, 0 mins, 4 secs, 841 ms
ANALYZE
Time: 0 hrs, 0 mins, 0 secs, 77 ms
CREATE TABLE
Time: 0 hrs, 0 mins, 4 secs, 754 ms
ANALYZE
Time: 0 hrs, 0 mins, 0 secs, 108 ms
DROP 
Time: 0 hrs, 0 mins, 0 secs, 198 ms
CREATE TABLE
Time: 0 hrs, 0 mins, 2 secs, 3 ms
 l_mean_sd_mpl | l_ratio 
---------------+---------
      2018.809 |   0.955
(1 row)

Time: 0 hrs, 0 mins, 0 secs, 468 ms
INSERT 0 7762374
Time: 0 hrs, 0 mins, 10 secs, 652 ms
ANALYZE
Time: 0 hrs, 0 mins, 0 secs, 605 ms
 Total ip_user_filter bn_spider_ip records 
-------------------------------------------
                                   7762374
(1 row)

Time: 0 hrs, 0 mins, 0 secs, 981 ms
TRUNCATE
Time: 0 hrs, 0 mins, 2 secs, 866 ms
ERROR:  invalid input syntax for type numeric: "9781844839650	1"
NOTICE:  current transaction is aborted, queries ignored until end of transaction block
NOTICE:  current transaction is aborted, queries ignored until end of transaction block
NOTICE:  current transaction is aborted, queries ignored until end of transaction block
NOTICE:  current transaction is aborted, queries ignored until end of transaction block
NOTICE:  current transaction is aborted, queries ignored until end of transaction block
NOTICE:  current transaction is aborted, queries ignored until end of transaction block
NOTICE:  current transaction is aborted, queries ignored until end of transaction block
NOTICE:  current transaction is aborted, queries ignored until end of transaction block
NOTICE:  current transaction is aborted, queries ignored until end of transaction block
ABORT
Time: 0 hrs, 0 mins, 0 secs, 238 ms

Sat Jun 25 11:53:05 EDT 2011

Timing is on.
BEGIN
Time: 0 hrs, 0 mins, 1 secs, 983 ms

           600 - LOAD RESOURCES

SET
Time: 0 hrs, 0 mins, 0 secs, 14 ms
CREATE TABLE
Time: 0 hrs, 0 mins, 22 secs, 204 ms
ANALYZE
Time: 0 hrs, 0 mins, 2 secs, 299 ms
 tmp_a_count 
-------------
      457919
(1 row)

Time: 0 hrs, 0 mins, 0 secs, 639 ms
UPDATE 0
Time: 0 hrs, 0 mins, 6 secs, 584 ms
ANALYZE
Time: 0 hrs, 0 mins, 1 secs, 145 ms
TRUNCATE
Time: 0 hrs, 0 mins, 2 secs, 558 ms
INSERT 0 0
Time: 0 hrs, 0 mins, 15 secs, 798 ms
ANALYZE
Time: 0 hrs, 0 mins, 0 secs, 15 ms
 first_resource_id | last_resource_id 
-------------------+------------------
                   |                 
(1 row)

Time: 0 hrs, 0 mins, 0 secs, 453 ms
INSERT 0 0
Time: 0 hrs, 0 mins, 1 secs, 862 ms
 total_resources 
-----------------
        20070620
(1 row)

Time: 0 hrs, 0 mins, 1 secs, 118 ms
ANALYZE
Time: 0 hrs, 0 mins, 1 secs, 137 ms
END
Time: 0 hrs, 0 mins, 7 secs, 650 ms
VACUUM
Time: 0 hrs, 2 mins, 7 secs, 725 ms

Sat Jun 25 11:56:18 EDT 2011

Timing is on.

           650 - LOAD_BN_SESSION_STAGE

BEGIN
Time: 0 hrs, 0 mins, 1 secs, 229 ms
SET
Time: 0 hrs, 0 mins, 0 secs, 13 ms
SET
Time: 0 hrs, 0 mins, 0 secs, 27 ms
CREATE TABLE
Time: 0 hrs, 1 mins, 22 secs, 717 ms
ANALYZE
Time: 0 hrs, 0 mins, 10 secs, 428 ms
 tmp_sessionized_stage 
-----------------------
              17000692
(1 row)

Time: 0 hrs, 0 mins, 4 secs, 719 ms
TRUNCATE
Time: 0 hrs, 0 mins, 2 secs, 109 ms
INSERT 0 1871783
Time: 0 hrs, 1 mins, 34 secs, 24 ms
ANALYZE
Time: 0 hrs, 0 mins, 1 secs, 165 ms
CREATE TABLE
Time: 0 hrs, 2 mins, 37 secs, 379 ms
CREATE INDEX
Time: 0 hrs, 0 mins, 1 secs, 151 ms
 tmp_first_last 
----------------
        1871783
(1 row)

Time: 0 hrs, 0 mins, 0 secs, 218 ms
ANALYZE
Time: 0 hrs, 0 mins, 0 secs, 771 ms
SET
Time: 0 hrs, 0 mins, 0 secs, 109 ms
SET
Time: 0 hrs, 0 mins, 0 secs, 27 ms
TRUNCATE
Time: 0 hrs, 0 mins, 2 secs, 485 ms
DROP
Time: 0 hrs, 0 mins, 0 secs, 963 ms
INSERT 0 1871783
Time: 0 hrs, 0 mins, 7 secs, 863 ms
 bn_session_stage 
------------------
          1871783
(1 row)

Time: 0 hrs, 0 mins, 0 secs, 752 ms
CREATE INDEX
Time: 0 hrs, 0 mins, 1 secs, 14 ms
ANALYZE
Time: 0 hrs, 0 mins, 0 secs, 951 ms
TRUNCATE
Time: 0 hrs, 0 mins, 0 secs, 641 ms
END
Time: 0 hrs, 0 mins, 19 secs, 263 ms

Sat Jun 25 12:02:48 EDT 2011

BEGIN

           660 - LOAD_BN_SESSION_UPDATE_STAGE

SET
TRUNCATE
INSERT 0 0
END

Sat Jun 25 12:03:01 EDT 2011

Timing is on.

           670 - LOAD_BN_SESSION_20110624.UPDATES

BEGIN
Time: 0 hrs, 0 mins, 1 secs, 959 ms
SET
Time: 0 hrs, 0 mins, 0 secs, 8 ms
UPDATE 0
Time: 0 hrs, 0 mins, 3 secs, 909 ms
END
Time: 0 hrs, 0 mins, 6 secs, 133 ms
VACUUM
Time: 0 hrs, 1 mins, 39 secs, 17 ms

Sat Jun 25 12:04:52 EDT 2011

Timing is on.

           700 - LOAD_BN_SESSION

BEGIN
Time: 0 hrs, 0 mins, 0 secs, 978 ms
SET
Time: 0 hrs, 0 mins, 0 secs, 14 ms
INSERT 0 0
Time: 0 hrs, 0 mins, 52 secs, 639 ms
ANALYZE
Time: 0 hrs, 0 mins, 1 secs, 101 ms
END
Time: 0 hrs, 0 mins, 2 secs, 170 ms

Sat Jun 25 12:05:49 EDT 2011

Timing is on.

            750 - LOAD_BN_SESSION_SUMMARY   

BEGIN
Time: 0 hrs, 0 mins, 1 secs, 159 ms
SET
Time: 0 hrs, 0 mins, 0 secs, 18 ms
CREATE TABLE
Time: 0 hrs, 0 mins, 7 secs, 948 ms
TRUNCATE
Time: 0 hrs, 3 mins, 39 secs, 14 ms
INSERT 0 0
Time: 0 hrs, 5 mins, 57 secs, 853 ms
ANALYZE
Time: 0 hrs, 0 mins, 0 secs, 258 ms
 count(1) 
----------
        0
(1 row)

Time: 0 hrs, 0 mins, 1 secs, 24 ms
END
Time: 0 hrs, 0 mins, 20 secs, 487 ms

Sat Jun 25 12:15:58 EDT 2011

Timing is on.

           800 - LOAD_BN_HITS

BEGIN
Time: 0 hrs, 0 mins, 1 secs, 153 ms
SET
Time: 0 hrs, 0 mins, 0 secs, 11 ms
SET
Time: 0 hrs, 0 mins, 0 secs, 36 ms
SET
Time: 0 hrs, 0 mins, 0 secs, 22 ms
SET
Time: 0 hrs, 0 mins, 0 secs, 17 ms
TRUNCATE
Time: 0 hrs, 0 mins, 4 secs, 586 ms
INSERT 0 0
Time: 0 hrs, 0 mins, 3 secs, 358 ms
 count(1) 
----------
        0
(1 row)

Time: 0 hrs, 0 mins, 1 secs, 49 ms
ANALYZE
Time: 0 hrs, 0 mins, 0 secs, 71 ms
END
Time: 0 hrs, 0 mins, 11 secs, 122 ms

Sat Jun 25 12:16:19 EDT 2011

Timing is on.

            900 - LOAD_CLICKSTREAM   

BEGIN
Time: 0 hrs, 0 mins, 1 secs, 249 ms
SET
Time: 0 hrs, 0 mins, 0 secs, 13 ms
TRUNCATE
Time: 0 hrs, 0 mins, 2 secs, 811 ms
INSERT 0 0
Time: 0 hrs, 7 mins, 39 secs, 720 ms
 count(1) 
----------
        0
(1 row)

Time: 0 hrs, 0 mins, 0 secs, 174 ms
ANALYZE
Time: 0 hrs, 0 mins, 0 secs, 78 ms
END
Time: 0 hrs, 0 mins, 4 secs, 329 ms

Sat Jun 25 12:24:08 EDT 2011

Timing is on.

            1000 - PAGE_VIEW_SUMMARY  

BEGIN
Time: 0 hrs, 0 mins, 0 secs, 963 ms
SET
Time: 0 hrs, 0 mins, 0 secs, 12 ms
SET
Time: 0 hrs, 0 mins, 0 secs, 21 ms
TRUNCATE
Time: 0 hrs, 0 mins, 3 secs, 502 ms
INSERT 0 0
Time: 0 hrs, 0 mins, 54 secs, 260 ms
 count(1) 
----------
        0
(1 row)

Time: 0 hrs, 0 mins, 0 secs, 466 ms
ANALYZE
Time: 0 hrs, 0 mins, 0 secs, 20 ms
END
Time: 0 hrs, 0 mins, 5 secs, 676 ms

Sat Jun 25 12:25:13 EDT 2011


2000 - WRAP UP 

Timing is on.
BEGIN
Time: 0 hrs, 0 mins, 5 secs, 363 ms
TRUNCATE
Time: 0 hrs, 0 mins, 1 secs, 5 ms
TRUNCATE
Time: 0 hrs, 0 mins, 1 secs, 183 ms
END
Time: 0 hrs, 0 mins, 6 secs, 656 ms
Sat Jun 25 12:25:28 EDT 2011
Removing lock file and waiting for a minute
Running time of run.sh 20110624: 4427 seconds
Checking for lock file /tmp/.iislock
Acquired lock file /tmp/.iislock
-------------------------------------
Processing for 20110624
-------------------------------------

Sun Jun 26 14:22:08 EDT 2011

Timing is on.

           000 - INIT

BEGIN
Time: 0 hrs, 0 mins, 1 secs, 103 ms
*** Truncating staging tables before workflow starts ***
SET
Time: 0 hrs, 0 mins, 0 secs, 12 ms
GRANT
Time: 0 hrs, 0 mins, 9 secs, 664 ms
END
Time: 0 hrs, 0 mins, 4 secs, 719 ms

Sun Jun 26 14:22:24 EDT 2011

Timing is on.

            200 - LOAD_BN_IISLOGS   

BEGIN
Time: 0 hrs, 0 mins, 2 secs, 282 ms
SET
Time: 0 hrs, 0 mins, 0 secs, 11 ms
TRUNCATE
Time: 0 hrs, 0 mins, 2 secs, 114 ms
INSERT 0 71644879
Time: 0 hrs, 14 mins, 0 secs, 572 ms
END
Time: 0 hrs, 0 mins, 28 secs, 529 ms
ALTER TABLE
Time: 0 hrs, 0 mins, 11 secs, 686 ms

Sun Jun 26 14:37:09 EDT 2011

Timing is on.
BEGIN
Time: 0 hrs, 0 mins, 2 secs, 721 ms
SET
Time: 0 hrs, 0 mins, 0 secs, 11 ms

            250 - LOAD_BN_HITS_SP   

TRUNCATE
Time: 0 hrs, 0 mins, 4 secs, 559 ms
INSERT 0 30768449
Time: 0 hrs, 4 mins, 9 secs, 431 ms
ANALYZE
Time: 0 hrs, 1 mins, 6 secs, 521 ms
END
Time: 0 hrs, 0 mins, 50 secs, 626 ms

Sun Jun 26 14:43:23 EDT 2011

Timing is on.
BEGIN
Time: 0 hrs, 0 mins, 1 secs, 861 ms
SET
Time: 0 hrs, 0 mins, 0 secs, 14 ms

           300 - DYNAMIC FILTER

TRUNCATE
Time: 0 hrs, 0 mins, 2 secs, 753 ms
INSERT 0 12198879
Time: 0 hrs, 0 mins, 31 secs, 172 ms
ANALYZE
Time: 0 hrs, 0 mins, 0 secs, 832 ms
 Total records in web_click_cnt 
--------------------------------
                       12198879
(1 row)

Time: 0 hrs, 0 mins, 0 secs, 836 ms
CREATE TABLE
Time: 0 hrs, 0 mins, 7 secs, 920 ms
ANALYZE
Time: 0 hrs, 0 mins, 0 secs, 128 ms
CREATE TABLE
Time: 0 hrs, 0 mins, 1 secs, 838 ms
ANALYZE
Time: 0 hrs, 0 mins, 0 secs, 524 ms
DELETE 1
Time: 0 hrs, 0 mins, 0 secs, 562 ms
INSERT 0 1
Time: 0 hrs, 0 mins, 0 secs, 893 ms
DELETE 1
Time: 0 hrs, 0 mins, 0 secs, 102 ms
INSERT 0 1
Time: 0 hrs, 0 mins, 0 secs, 600 ms
CREATE TABLE
Time: 0 hrs, 0 mins, 2 secs, 593 ms
ANALYZE
Time: 0 hrs, 0 mins, 0 secs, 85 ms
CREATE TABLE
Time: 0 hrs, 0 mins, 1 secs, 853 ms
ANALYZE
Time: 0 hrs, 0 mins, 0 secs, 122 ms
DELETE 1
Time: 0 hrs, 0 mins, 0 secs, 105 ms
INSERT 0 1
Time: 0 hrs, 0 mins, 1 secs, 54 ms
DELETE 1
Time: 0 hrs, 0 mins, 0 secs, 146 ms
INSERT 0 1
Time: 0 hrs, 0 mins, 0 secs, 439 ms
ANALYZE
Time: 0 hrs, 0 mins, 0 secs, 340 ms
    tablename     |    attr_name    | attr_value 
------------------+-----------------+------------
 BN_FILTER_SPIDER | CLK_USER_SD_MPL | 10
 BN_FILTER_SPIDER | IP_USER_SD_MPL  | 1
 BN_FILTER_SPIDER | IP_USER_RATIO   | .955
 BN_FILTER_SPIDER | CLK_USER_MEAN   | 15.227
 BN_FILTER_SPIDER | CLK_USER_SD     | 81.010
 BN_FILTER_SPIDER | IP_USER_MEAN    | 13.956
 BN_FILTER_SPIDER | IP_USER_SD      | 2170.435
(7 rows)

Time: 0 hrs, 0 mins, 0 secs, 162 ms
CREATE TABLE
Time: 0 hrs, 0 mins, 7 secs, 294 ms
CREATE TABLE
Time: 0 hrs, 0 mins, 3 secs, 681 ms
 l_mean_sd_mpl 
---------------
       825.327
(1 row)

Time: 0 hrs, 0 mins, 0 secs, 965 ms
TRUNCATE
Time: 0 hrs, 0 mins, 4 secs, 407 ms
INSERT 0 255
Time: 0 hrs, 0 mins, 21 secs, 987 ms
ANALYZE
Time: 0 hrs, 0 mins, 0 secs, 164 ms
 Total click_user bn_spider_ip records 
---------------------------------------
                                   255
(1 row)

Time: 0 hrs, 0 mins, 0 secs, 693 ms
CREATE TABLE
Time: 0 hrs, 0 mins, 9 secs, 175 ms
ANALYZE
Time: 0 hrs, 0 mins, 0 secs, 58 ms
CREATE TABLE
Time: 0 hrs, 0 mins, 7 secs, 533 ms
ANALYZE
Time: 0 hrs, 0 mins, 0 secs, 163 ms
DROP 
Time: 0 hrs, 0 mins, 0 secs, 203 ms
CREATE TABLE
Time: 0 hrs, 0 mins, 5 secs, 749 ms
 l_mean_sd_mpl | l_ratio 
---------------+---------
      2184.391 |   0.955
(1 row)

Time: 0 hrs, 0 mins, 0 secs, 851 ms
INSERT 0 9647723
Time: 0 hrs, 0 mins, 16 secs, 724 ms
ANALYZE
Time: 0 hrs, 0 mins, 0 secs, 511 ms
 Total ip_user_filter bn_spider_ip records 
-------------------------------------------
                                   9647723
(1 row)

Time: 0 hrs, 0 mins, 4 secs, 198 ms
TRUNCATE
Time: 0 hrs, 0 mins, 6 secs, 252 ms
ERROR:  invalid input syntax for type numeric: "2681875720460	1"
NOTICE:  current transaction is aborted, queries ignored until end of transaction block
NOTICE:  current transaction is aborted, queries ignored until end of transaction block
NOTICE:  current transaction is aborted, queries ignored until end of transaction block
NOTICE:  current transaction is aborted, queries ignored until end of transaction block
NOTICE:  current transaction is aborted, queries ignored until end of transaction block
NOTICE:  current transaction is aborted, queries ignored until end of transaction block
NOTICE:  current transaction is aborted, queries ignored until end of transaction block
NOTICE:  current transaction is aborted, queries ignored until end of transaction block
NOTICE:  current transaction is aborted, queries ignored until end of transaction block
ABORT
Time: 0 hrs, 0 mins, 0 secs, 36 ms

Sun Jun 26 14:46:59 EDT 2011

Timing is on.
BEGIN
Time: 0 hrs, 0 mins, 3 secs, 829 ms

           600 - LOAD RESOURCES

SET
Time: 0 hrs, 0 mins, 0 secs, 12 ms
CREATE TABLE
Time: 0 hrs, 0 mins, 46 secs, 284 ms
ANALYZE
Time: 0 hrs, 0 mins, 9 secs, 78 ms
 tmp_a_count 
-------------
      457919
(1 row)

Time: 0 hrs, 0 mins, 3 secs, 10 ms
UPDATE 0
Time: 0 hrs, 0 mins, 6 secs, 585 ms
ANALYZE
Time: 0 hrs, 0 mins, 1 secs, 589 ms
TRUNCATE
Time: 0 hrs, 0 mins, 3 secs, 768 ms
INSERT 0 0
Time: 0 hrs, 0 mins, 11 secs, 276 ms
ANALYZE
Time: 0 hrs, 0 mins, 0 secs, 30 ms
 first_resource_id | last_resource_id 
-------------------+------------------
                   |                 
(1 row)

Time: 0 hrs, 0 mins, 0 secs, 295 ms
INSERT 0 0
Time: 0 hrs, 0 mins, 0 secs, 506 ms
 total_resources 
-----------------
        20070620
(1 row)

Time: 0 hrs, 0 mins, 0 secs, 439 ms
ANALYZE
Time: 0 hrs, 0 mins, 0 secs, 776 ms
END
Time: 0 hrs, 0 mins, 19 secs, 686 ms
VACUUM
Time: 0 hrs, 0 mins, 29 secs, 945 ms

Sun Jun 26 14:49:16 EDT 2011

Timing is on.

           650 - LOAD_BN_SESSION_STAGE

BEGIN
Time: 0 hrs, 0 mins, 1 secs, 143 ms
SET
Time: 0 hrs, 0 mins, 0 secs, 10 ms
SET
Time: 0 hrs, 0 mins, 0 secs, 43 ms
CREATE TABLE
Time: 0 hrs, 0 mins, 59 secs, 291 ms
ANALYZE
Time: 0 hrs, 0 mins, 5 secs, 420 ms
 tmp_sessionized_stage 
-----------------------
              17000692
(1 row)

Time: 0 hrs, 0 mins, 0 secs, 748 ms
TRUNCATE
Time: 0 hrs, 0 mins, 4 secs, 813 ms
INSERT 0 1871783
Time: 0 hrs, 0 mins, 32 secs, 837 ms
ANALYZE
Time: 0 hrs, 0 mins, 1 secs, 108 ms
CREATE TABLE
Time: 0 hrs, 1 mins, 58 secs, 945 ms
CREATE INDEX
Time: 0 hrs, 0 mins, 0 secs, 813 ms
 tmp_first_last 
----------------
        1871783
(1 row)

Time: 0 hrs, 0 mins, 0 secs, 234 ms
ANALYZE
Time: 0 hrs, 0 mins, 1 secs, 202 ms
SET
Time: 0 hrs, 0 mins, 0 secs, 23 ms
SET
Time: 0 hrs, 0 mins, 0 secs, 190 ms
TRUNCATE
Time: 0 hrs, 0 mins, 5 secs, 942 ms
DROP
Time: 0 hrs, 0 mins, 0 secs, 678 ms
INSERT 0 1871783
Time: 0 hrs, 0 mins, 21 secs, 245 ms
 bn_session_stage 
------------------
          1871783
(1 row)

Time: 0 hrs, 0 mins, 2 secs, 581 ms
CREATE INDEX
Time: 0 hrs, 0 mins, 4 secs, 600 ms
ANALYZE
Time: 0 hrs, 0 mins, 3 secs, 184 ms
TRUNCATE
Time: 0 hrs, 0 mins, 2 secs, 874 ms
END
Time: 0 hrs, 0 mins, 30 secs, 256 ms

Sun Jun 26 14:54:15 EDT 2011

BEGIN

           660 - LOAD_BN_SESSION_UPDATE_STAGE

SET
TRUNCATE
INSERT 0 0
END

Sun Jun 26 14:54:38 EDT 2011

Timing is on.

           670 - LOAD_BN_SESSION_20110624.UPDATES

BEGIN
Time: 0 hrs, 0 mins, 1 secs, 723 ms
SET
Time: 0 hrs, 0 mins, 0 secs, 11 ms
UPDATE 0
Time: 0 hrs, 0 mins, 0 secs, 352 ms
END
Time: 0 hrs, 0 mins, 12 secs, 612 ms
VACUUM
Time: 0 hrs, 3 mins, 46 secs, 67 ms

Sun Jun 26 14:58:39 EDT 2011

Timing is on.

           700 - LOAD_BN_SESSION

BEGIN
Time: 0 hrs, 0 mins, 4 secs, 638 ms
SET
Time: 0 hrs, 0 mins, 0 secs, 13 ms
INSERT 0 0
Time: 0 hrs, 0 mins, 6 secs, 810 ms
ANALYZE
Time: 0 hrs, 0 mins, 0 secs, 203 ms
END
Time: 0 hrs, 0 mins, 5 secs, 714 ms

Sun Jun 26 14:58:57 EDT 2011

Timing is on.

            750 - LOAD_BN_SESSION_SUMMARY   

BEGIN
Time: 0 hrs, 0 mins, 1 secs, 367 ms
SET
Time: 0 hrs, 0 mins, 0 secs, 11 ms
CREATE TABLE
Time: 0 hrs, 0 mins, 9 secs, 400 ms
TRUNCATE
Time: 0 hrs, 3 mins, 13 secs, 29 ms
INSERT 0 0
Time: 0 hrs, 1 mins, 37 secs, 956 ms
ANALYZE
Time: 0 hrs, 0 mins, 0 secs, 27 ms
 count(1) 
----------
        0
(1 row)

Time: 0 hrs, 0 mins, 0 secs, 106 ms
END
Time: 0 hrs, 0 mins, 6 secs, 663 ms

Sun Jun 26 15:04:06 EDT 2011

Timing is on.

           800 - LOAD_BN_HITS

BEGIN
Time: 0 hrs, 0 mins, 1 secs, 647 ms
SET
Time: 0 hrs, 0 mins, 0 secs, 12 ms
SET
Time: 0 hrs, 0 mins, 0 secs, 37 ms
SET
Time: 0 hrs, 0 mins, 0 secs, 21 ms
SET
Time: 0 hrs, 0 mins, 0 secs, 33 ms
TRUNCATE
Time: 3 hrs, 49 mins, 17 secs, 561 ms
INSERT 0 0
Time: 0 hrs, 0 mins, 2 secs, 581 ms
 count(1) 
----------
        0
(1 row)

Time: 0 hrs, 0 mins, 0 secs, 501 ms
ANALYZE
Time: 0 hrs, 0 mins, 0 secs, 49 ms
END
Time: 0 hrs, 0 mins, 3 secs, 377 ms

Sun Jun 26 18:53:32 EDT 2011

Timing is on.

            900 - LOAD_CLICKSTREAM   

BEGIN
Time: 0 hrs, 0 mins, 1 secs, 35 ms
SET
Time: 0 hrs, 0 mins, 0 secs, 14 ms
TRUNCATE
Time: 0 hrs, 0 mins, 1 secs, 693 ms
INSERT 0 0
Time: 0 hrs, 0 mins, 25 secs, 469 ms
 count(1) 
----------
        0
(1 row)

Time: 0 hrs, 0 mins, 1 secs, 21 ms
ANALYZE
Time: 0 hrs, 0 mins, 0 secs, 30 ms
END
Time: 0 hrs, 0 mins, 3 secs, 518 ms

Sun Jun 26 18:54:05 EDT 2011

Timing is on.

            1000 - PAGE_VIEW_SUMMARY  

BEGIN
Time: 0 hrs, 0 mins, 1 secs, 220 ms
SET
Time: 0 hrs, 0 mins, 0 secs, 18 ms
SET
Time: 0 hrs, 0 mins, 0 secs, 37 ms
TRUNCATE
Time: 0 hrs, 0 mins, 1 secs, 767 ms
INSERT 0 0
Time: 0 hrs, 0 mins, 20 secs, 56 ms
 count(1) 
----------
        0
(1 row)

Time: 0 hrs, 0 mins, 1 secs, 326 ms
ANALYZE
Time: 0 hrs, 0 mins, 0 secs, 33 ms
END
Time: 0 hrs, 0 mins, 6 secs, 458 ms

Sun Jun 26 18:54:36 EDT 2011


2000 - WRAP UP 

Timing is on.
BEGIN
Time: 0 hrs, 0 mins, 1 secs, 818 ms
TRUNCATE
Time: 0 hrs, 0 mins, 2 secs, 13 ms
TRUNCATE
Time: 0 hrs, 0 mins, 1 secs, 757 ms
END
Time: 0 hrs, 0 mins, 11 secs, 301 ms
Sun Jun 26 18:54:53 EDT 2011
Removing lock file and waiting for a minute
Running time of run.sh 20110624: 273 minutes
Checking for lock file /tmp/.iislock
Acquired lock file /tmp/.iislock
-------------------------------------
Processing for 20110624
-------------------------------------

Mon Jun 27 15:54:52 EDT 2011

Timing is on.

           000 - INIT

BEGIN
Time: 0 hrs, 0 mins, 2 secs, 831 ms
*** Truncating staging tables before workflow starts ***
SET
Time: 0 hrs, 0 mins, 0 secs, 9 ms
GRANT
Time: 0 hrs, 0 mins, 21 secs, 714 ms
END
Time: 0 hrs, 0 mins, 17 secs, 769 ms

Mon Jun 27 15:55:34 EDT 2011

Timing is on.

            200 - LOAD_BN_IISLOGS   

BEGIN
Time: 0 hrs, 0 mins, 1 secs, 119 ms
SET
Time: 0 hrs, 0 mins, 0 secs, 8 ms
TRUNCATE
Time: 0 hrs, 0 mins, 4 secs, 125 ms
INSERT 0 71644879
Time: 0 hrs, 18 mins, 39 secs, 778 ms
END
Time: 0 hrs, 0 mins, 24 secs, 737 ms
ALTER TABLE
Time: 0 hrs, 0 mins, 9 secs, 385 ms

Mon Jun 27 16:14:54 EDT 2011

Timing is on.
BEGIN
Time: 0 hrs, 0 mins, 4 secs, 258 ms
SET
Time: 0 hrs, 0 mins, 0 secs, 11 ms

            250 - LOAD_BN_HITS_SP   

TRUNCATE
Time: 0 hrs, 0 mins, 4 secs, 998 ms
INSERT 0 30768449
Time: 0 hrs, 4 mins, 12 secs, 904 ms
ANALYZE
Time: 0 hrs, 0 mins, 3 secs, 500 ms
END
Time: 0 hrs, 0 mins, 12 secs, 269 ms

Mon Jun 27 16:19:32 EDT 2011

Timing is on.
BEGIN
Time: 0 hrs, 0 mins, 0 secs, 974 ms
SET
Time: 0 hrs, 0 mins, 0 secs, 10 ms

           300 - DYNAMIC FILTER

TRUNCATE
Time: 0 hrs, 0 mins, 0 secs, 664 ms
INSERT 0 12198879
Time: 0 hrs, 0 mins, 9 secs, 461 ms
ANALYZE
Time: 0 hrs, 0 mins, 0 secs, 640 ms
 Total records in web_click_cnt 
--------------------------------
                       12198879
(1 row)

Time: 0 hrs, 0 mins, 0 secs, 284 ms
CREATE TABLE
Time: 0 hrs, 6 mins, 0 secs, 698 ms
ANALYZE
Time: 0 hrs, 0 mins, 0 secs, 89 ms
CREATE TABLE
Time: 0 hrs, 0 mins, 0 secs, 491 ms
ANALYZE
Time: 0 hrs, 0 mins, 0 secs, 100 ms
DELETE 1
Time: 0 hrs, 0 mins, 0 secs, 428 ms
INSERT 0 1
Time: 0 hrs, 0 mins, 1 secs, 706 ms
DELETE 1
Time: 0 hrs, 0 mins, 0 secs, 109 ms
INSERT 0 1
Time: 0 hrs, 0 mins, 0 secs, 268 ms
CREATE TABLE
Time: 0 hrs, 0 mins, 9 secs, 352 ms
ANALYZE
Time: 0 hrs, 0 mins, 0 secs, 85 ms
CREATE TABLE
Time: 0 hrs, 0 mins, 0 secs, 540 ms
ANALYZE
Time: 0 hrs, 0 mins, 0 secs, 80 ms
DELETE 1
Time: 0 hrs, 0 mins, 0 secs, 88 ms
INSERT 0 1
Time: 0 hrs, 0 mins, 0 secs, 278 ms
DELETE 1
Time: 0 hrs, 0 mins, 0 secs, 84 ms
INSERT 0 1
Time: 0 hrs, 0 mins, 0 secs, 581 ms
ANALYZE
Time: 0 hrs, 0 mins, 0 secs, 58 ms
    tablename     |    attr_name    | attr_value 
------------------+-----------------+------------
 BN_FILTER_SPIDER | CLK_USER_SD_MPL | 10
 BN_FILTER_SPIDER | IP_USER_SD_MPL  | 1
 BN_FILTER_SPIDER | IP_USER_RATIO   | .955
 BN_FILTER_SPIDER | CLK_USER_MEAN   | 15.227
 BN_FILTER_SPIDER | CLK_USER_SD     | 81.010
 BN_FILTER_SPIDER | IP_USER_MEAN    | 13.956
 BN_FILTER_SPIDER | IP_USER_SD      | 2170.435
(7 rows)

Time: 0 hrs, 0 mins, 0 secs, 287 ms
CREATE TABLE
Time: 0 hrs, 0 mins, 6 secs, 581 ms
CREATE TABLE
Time: 0 hrs, 0 mins, 0 secs, 900 ms
 l_mean_sd_mpl 
---------------
       825.327
(1 row)

Time: 0 hrs, 0 mins, 0 secs, 99 ms
TRUNCATE
Time: 0 hrs, 0 mins, 0 secs, 985 ms
INSERT 0 255
Time: 0 hrs, 0 mins, 6 secs, 936 ms
ANALYZE
Time: 0 hrs, 0 mins, 0 secs, 81 ms
 Total click_user bn_spider_ip records 
---------------------------------------
                                   255
(1 row)

Time: 0 hrs, 0 mins, 0 secs, 130 ms
CREATE TABLE
Time: 0 hrs, 0 mins, 1 secs, 294 ms
ANALYZE
Time: 0 hrs, 0 mins, 0 secs, 102 ms
CREATE TABLE
Time: 0 hrs, 0 mins, 1 secs, 285 ms
ANALYZE
Time: 0 hrs, 0 mins, 0 secs, 116 ms
DROP 
Time: 0 hrs, 0 mins, 0 secs, 254 ms
CREATE TABLE
Time: 0 hrs, 0 mins, 0 secs, 663 ms
 l_mean_sd_mpl | l_ratio 
---------------+---------
      2184.391 |   0.955
(1 row)

Time: 0 hrs, 0 mins, 0 secs, 133 ms
INSERT 0 9647723
Time: 0 hrs, 0 mins, 9 secs, 871 ms
ANALYZE
Time: 0 hrs, 0 mins, 0 secs, 681 ms
 Total ip_user_filter bn_spider_ip records 
-------------------------------------------
                                   9647723
(1 row)

Time: 0 hrs, 0 mins, 0 secs, 563 ms
TRUNCATE
Time: 0 hrs, 0 mins, 0 secs, 637 ms
INSERT 0 20814614
Time: 0 hrs, 0 mins, 34 secs, 542 ms
ANALYZE
Time: 0 hrs, 0 mins, 3 secs, 832 ms
 bn_hits_stage 
---------------
      20814614
(1 row)

Time: 0 hrs, 0 mins, 0 secs, 271 ms
INSERT 0 10461659
Time: 0 hrs, 0 mins, 34 secs, 84 ms
ANALYZE
Time: 0 hrs, 0 mins, 11 secs, 599 ms
 bn_hits_sp_20110624 
---------------------
            41230108
(1 row)

Time: 0 hrs, 0 mins, 4 secs, 542 ms
TRUNCATE
Time: 0 hrs, 0 mins, 1 secs, 737 ms
INSERT 0 9600157
Time: 0 hrs, 0 mins, 7 secs, 330 ms
ANALYZE
Time: 0 hrs, 0 mins, 2 secs, 476 ms
 bn_hits_client_20110624 
-------------------------
                 9600157
(1 row)

Time: 0 hrs, 0 mins, 0 secs, 265 ms
END
Time: 0 hrs, 0 mins, 4 secs, 204 ms

Mon Jun 27 16:28:16 EDT 2011

Timing is on.
BEGIN
Time: 0 hrs, 0 mins, 0 secs, 968 ms

           600 - LOAD RESOURCES

SET
Time: 0 hrs, 0 mins, 0 secs, 12 ms
CREATE TABLE
Time: 0 hrs, 0 mins, 22 secs, 102 ms
ANALYZE
Time: 0 hrs, 0 mins, 2 secs, 36 ms
 tmp_a_count 
-------------
      527872
(1 row)

Time: 0 hrs, 0 mins, 0 secs, 392 ms
UPDATE 0
Time: 0 hrs, 0 mins, 4 secs, 539 ms
ANALYZE
Time: 0 hrs, 0 mins, 0 secs, 856 ms
TRUNCATE
Time: 0 hrs, 0 mins, 0 secs, 987 ms
INSERT 0 244772
Time: 0 hrs, 0 mins, 13 secs, 593 ms
ANALYZE
Time: 0 hrs, 0 mins, 0 secs, 584 ms
 first_resource_id | last_resource_id 
-------------------+------------------
          20095016 |         20339787
(1 row)

Time: 0 hrs, 0 mins, 0 secs, 252 ms
INSERT 0 244772
Time: 0 hrs, 0 mins, 0 secs, 826 ms
 total_resources 
-----------------
        20315392
(1 row)

Time: 0 hrs, 0 mins, 0 secs, 198 ms
ANALYZE
Time: 0 hrs, 0 mins, 0 secs, 667 ms
END
Time: 0 hrs, 0 mins, 8 secs, 788 ms
VACUUM
Time: 0 hrs, 1 mins, 0 secs, 948 ms

Mon Jun 27 16:30:13 EDT 2011

Timing is on.

           650 - LOAD_BN_SESSION_STAGE

BEGIN
Time: 0 hrs, 0 mins, 0 secs, 975 ms
SET
Time: 0 hrs, 0 mins, 0 secs, 6 ms
SET
Time: 0 hrs, 0 mins, 0 secs, 77 ms
CREATE TABLE
Time: 0 hrs, 1 mins, 59 secs, 556 ms
ANALYZE
Time: 0 hrs, 0 mins, 17 secs, 732 ms
 tmp_sessionized_stage 
-----------------------
              20814614
(1 row)

Time: 0 hrs, 0 mins, 18 secs, 222 ms
TRUNCATE
Time: 0 hrs, 0 mins, 2 secs, 527 ms
INSERT 0 2200612
Time: 0 hrs, 2 mins, 9 secs, 715 ms
ANALYZE
Time: 0 hrs, 0 mins, 1 secs, 425 ms
CREATE TABLE
Time: 0 hrs, 2 mins, 32 secs, 49 ms
CREATE INDEX
Time: 0 hrs, 0 mins, 1 secs, 774 ms
 tmp_first_last 
----------------
        2200612
(1 row)

Time: 0 hrs, 0 mins, 0 secs, 169 ms
ANALYZE
Time: 0 hrs, 0 mins, 0 secs, 760 ms
SET
Time: 0 hrs, 0 mins, 0 secs, 26 ms
SET
Time: 0 hrs, 0 mins, 0 secs, 17 ms
TRUNCATE
Time: 0 hrs, 0 mins, 4 secs, 293 ms
DROP
Time: 0 hrs, 0 mins, 0 secs, 436 ms
INSERT 0 2200612
Time: 0 hrs, 0 mins, 28 secs, 951 ms
 bn_session_stage 
------------------
          2200612
(1 row)

Time: 0 hrs, 0 mins, 3 secs, 211 ms
CREATE INDEX
Time: 0 hrs, 0 mins, 7 secs, 332 ms
ANALYZE
Time: 0 hrs, 0 mins, 3 secs, 983 ms
TRUNCATE
Time: 0 hrs, 0 mins, 5 secs, 932 ms
END
Time: 0 hrs, 0 mins, 13 secs, 22 ms

Mon Jun 27 16:38:46 EDT 2011

BEGIN

           660 - LOAD_BN_SESSION_UPDATE_STAGE

SET
TRUNCATE
INSERT 0 0
END

Mon Jun 27 16:39:00 EDT 2011

Timing is on.

           670 - LOAD_BN_SESSION_20110624.UPDATES

BEGIN
Time: 0 hrs, 0 mins, 2 secs, 613 ms
SET
Time: 0 hrs, 0 mins, 0 secs, 11 ms
UPDATE 0
Time: 0 hrs, 0 mins, 0 secs, 417 ms
END
Time: 0 hrs, 0 mins, 4 secs, 992 ms
VACUUM
Time: 0 hrs, 0 mins, 25 secs, 76 ms

Mon Jun 27 16:39:34 EDT 2011

Timing is on.

           700 - LOAD_BN_SESSION

BEGIN
Time: 0 hrs, 0 mins, 1 secs, 374 ms
SET
Time: 0 hrs, 0 mins, 0 secs, 12 ms
INSERT 0 2200611
Time: 0 hrs, 0 mins, 10 secs, 369 ms
ANALYZE
Time: 0 hrs, 0 mins, 1 secs, 242 ms
END
Time: 0 hrs, 0 mins, 4 secs, 655 ms

Mon Jun 27 16:39:52 EDT 2011

Timing is on.

            750 - LOAD_BN_SESSION_SUMMARY   

BEGIN
Time: 0 hrs, 0 mins, 1 secs, 171 ms
SET
Time: 0 hrs, 0 mins, 0 secs, 12 ms
CREATE TABLE
Time: 0 hrs, 0 mins, 20 secs, 239 ms
TRUNCATE
Time: 0 hrs, 0 mins, 2 secs, 184 ms
INSERT 0 320563
Time: 0 hrs, 0 mins, 5 secs, 836 ms
ANALYZE
Time: 0 hrs, 0 mins, 0 secs, 781 ms
 count(1) 
----------
   320563
(1 row)

Time: 0 hrs, 0 mins, 0 secs, 515 ms
END
Time: 0 hrs, 0 mins, 3 secs, 734 ms

Mon Jun 27 16:40:27 EDT 2011

Timing is on.

           800 - LOAD_BN_HITS

BEGIN
Time: 0 hrs, 0 mins, 4 secs, 285 ms
SET
Time: 0 hrs, 0 mins, 0 secs, 12 ms
SET
Time: 0 hrs, 0 mins, 0 secs, 23 ms
SET
Time: 0 hrs, 0 mins, 0 secs, 27 ms
SET
Time: 0 hrs, 0 mins, 0 secs, 22 ms
TRUNCATE
Time: 0 hrs, 0 mins, 2 secs, 219 ms
INSERT 0 20814524
Time: 0 hrs, 0 mins, 12 secs, 112 ms
 count(1) 
----------
 20814524
(1 row)

Time: 0 hrs, 0 mins, 1 secs, 228 ms
ANALYZE
Time: 0 hrs, 0 mins, 5 secs, 186 ms
END
Time: 0 hrs, 0 mins, 12 secs, 389 ms

Mon Jun 27 16:41:04 EDT 2011

Timing is on.

            900 - LOAD_CLICKSTREAM   

BEGIN
Time: 0 hrs, 0 mins, 5 secs, 651 ms
SET
Time: 0 hrs, 0 mins, 0 secs, 10 ms
TRUNCATE
Time: 0 hrs, 0 mins, 3 secs, 273 ms
INSERT 0 20814524
Time: 0 hrs, 3 mins, 46 secs, 384 ms
 count(1) 
----------
 20814524
(1 row)

Time: 0 hrs, 0 mins, 0 secs, 806 ms
ANALYZE
Time: 0 hrs, 0 mins, 2 secs, 208 ms
END
Time: 0 hrs, 0 mins, 8 secs, 218 ms

Mon Jun 27 16:45:11 EDT 2011

Timing is on.

            1000 - PAGE_VIEW_SUMMARY  

BEGIN
Time: 0 hrs, 0 mins, 1 secs, 48 ms
SET
Time: 0 hrs, 0 mins, 0 secs, 11 ms
SET
Time: 0 hrs, 0 mins, 0 secs, 18 ms
TRUNCATE
Time: 0 hrs, 0 mins, 1 secs, 165 ms
INSERT 0 540099
Time: 0 hrs, 0 mins, 6 secs, 155 ms
 count(1) 
----------
   540099
(1 row)

Time: 0 hrs, 0 mins, 0 secs, 766 ms
ANALYZE
Time: 0 hrs, 0 mins, 0 secs, 273 ms
END
Time: 0 hrs, 0 mins, 7 secs, 951 ms

Mon Jun 27 16:45:29 EDT 2011


2000 - WRAP UP 

Timing is on.
BEGIN
Time: 0 hrs, 0 mins, 1 secs, 597 ms
TRUNCATE
Time: 0 hrs, 0 mins, 4 secs, 271 ms
TRUNCATE
Time: 0 hrs, 0 mins, 1 secs, 547 ms
END
Time: 0 hrs, 0 mins, 5 secs, 793 ms
Mon Jun 27 16:45:42 EDT 2011
Removing lock file and waiting for a minute
Checking for lock file /tmp/.iislock
Acquired lock file /tmp/.iislock
-------------------------------------
Processing for 20110624
-------------------------------------

Mon Jun 27 20:36:41 EDT 2011

Timing is on.

           000 - INIT

BEGIN
Time: 0 hrs, 0 mins, 0 secs, 844 ms
*** Truncating staging tables before workflow starts ***
SET
Time: 0 hrs, 0 mins, 0 secs, 15 ms
GRANT
Time: 0 hrs, 0 mins, 4 secs, 326 ms
END
Time: 0 hrs, 0 mins, 0 secs, 817 ms

Mon Jun 27 20:36:47 EDT 2011

Timing is on.

            200 - LOAD_BN_IISLOGS   

BEGIN
Time: 0 hrs, 0 mins, 1 secs, 167 ms
SET
Time: 0 hrs, 0 mins, 0 secs, 9 ms
TRUNCATE
Time: 0 hrs, 0 mins, 0 secs, 745 ms
INSERT 0 71644879
Time: 0 hrs, 13 mins, 22 secs, 434 ms
END
Time: 0 hrs, 0 mins, 6 secs, 422 ms
ALTER TABLE
Time: 0 hrs, 0 mins, 1 secs, 827 ms

Mon Jun 27 20:50:20 EDT 2011

Timing is on.
BEGIN
Time: 0 hrs, 0 mins, 1 secs, 24 ms
SET
Time: 0 hrs, 0 mins, 0 secs, 11 ms

            250 - LOAD_BN_HITS_SP   

TRUNCATE
Time: 0 hrs, 0 mins, 1 secs, 337 ms
INSERT 0 30768449
Time: 0 hrs, 3 mins, 43 secs, 605 ms
ANALYZE
Time: 0 hrs, 1 mins, 4 secs, 485 ms
END
Time: 0 hrs, 0 mins, 10 secs, 40 ms

Mon Jun 27 20:55:20 EDT 2011

Timing is on.
BEGIN
Time: 0 hrs, 0 mins, 1 secs, 1 ms
SET
Time: 0 hrs, 0 mins, 0 secs, 15 ms

           300 - DYNAMIC FILTER

TRUNCATE
Time: 0 hrs, 0 mins, 0 secs, 667 ms
INSERT 0 12198879
Time: 0 hrs, 0 mins, 13 secs, 157 ms
ANALYZE
Time: 0 hrs, 0 mins, 1 secs, 32 ms
 Total records in web_click_cnt 
--------------------------------
                       12198879
(1 row)

Time: 0 hrs, 0 mins, 1 secs, 243 ms
CREATE TABLE
Time: 0 hrs, 0 mins, 5 secs, 251 ms
ANALYZE
Time: 0 hrs, 0 mins, 0 secs, 133 ms
CREATE TABLE
Time: 0 hrs, 0 mins, 1 secs, 77 ms
ANALYZE
Time: 0 hrs, 0 mins, 0 secs, 93 ms
DELETE 1
Time: 0 hrs, 0 mins, 0 secs, 300 ms
INSERT 0 1
Time: 0 hrs, 0 mins, 0 secs, 623 ms
DELETE 1
Time: 0 hrs, 0 mins, 0 secs, 59 ms
INSERT 0 1
Time: 0 hrs, 0 mins, 0 secs, 407 ms
CREATE TABLE
Time: 0 hrs, 0 mins, 7 secs, 105 ms
ANALYZE
Time: 0 hrs, 0 mins, 0 secs, 108 ms
CREATE TABLE
Time: 0 hrs, 0 mins, 0 secs, 814 ms
ANALYZE
Time: 0 hrs, 0 mins, 0 secs, 196 ms
DELETE 1
Time: 0 hrs, 0 mins, 0 secs, 100 ms
INSERT 0 1
Time: 0 hrs, 0 mins, 0 secs, 336 ms
DELETE 1
Time: 0 hrs, 0 mins, 0 secs, 89 ms
INSERT 0 1
Time: 0 hrs, 0 mins, 0 secs, 326 ms
ANALYZE
Time: 0 hrs, 0 mins, 0 secs, 143 ms
    tablename     |    attr_name    | attr_value 
------------------+-----------------+------------
 BN_FILTER_SPIDER | CLK_USER_SD_MPL | 10
 BN_FILTER_SPIDER | IP_USER_SD_MPL  | 1
 BN_FILTER_SPIDER | IP_USER_RATIO   | .955
 BN_FILTER_SPIDER | CLK_USER_MEAN   | 15.227
 BN_FILTER_SPIDER | CLK_USER_SD     | 81.010
 BN_FILTER_SPIDER | IP_USER_MEAN    | 13.956
 BN_FILTER_SPIDER | IP_USER_SD      | 2170.435
(7 rows)

Time: 0 hrs, 0 mins, 0 secs, 211 ms
CREATE TABLE
Time: 0 hrs, 0 mins, 7 secs, 485 ms
CREATE TABLE
Time: 0 hrs, 0 mins, 1 secs, 6 ms
 l_mean_sd_mpl 
---------------
       825.327
(1 row)

Time: 0 hrs, 0 mins, 1 secs, 202 ms
TRUNCATE
Time: 0 hrs, 0 mins, 1 secs, 132 ms
INSERT 0 255
Time: 0 hrs, 0 mins, 7 secs, 650 ms
ANALYZE
Time: 0 hrs, 0 mins, 0 secs, 91 ms
 Total click_user bn_spider_ip records 
---------------------------------------
                                   255
(1 row)

Time: 0 hrs, 0 mins, 0 secs, 99 ms
CREATE TABLE
Time: 0 hrs, 0 mins, 2 secs, 377 ms
ANALYZE
Time: 0 hrs, 0 mins, 0 secs, 48 ms
CREATE TABLE
Time: 0 hrs, 0 mins, 5 secs, 313 ms
ANALYZE
Time: 0 hrs, 0 mins, 0 secs, 388 ms
DROP 
Time: 0 hrs, 0 mins, 0 secs, 240 ms
CREATE TABLE
Time: 0 hrs, 0 mins, 3 secs, 706 ms
 l_mean_sd_mpl | l_ratio 
---------------+---------
      2184.391 |   0.955
(1 row)

Time: 0 hrs, 0 mins, 0 secs, 430 ms
INSERT 0 9647723
Time: 0 hrs, 0 mins, 8 secs, 776 ms
ANALYZE
Time: 0 hrs, 0 mins, 0 secs, 399 ms
 Total ip_user_filter bn_spider_ip records 
-------------------------------------------
                                   9647723
(1 row)

Time: 0 hrs, 0 mins, 0 secs, 440 ms
TRUNCATE
Time: 0 hrs, 0 mins, 1 secs, 277 ms
ERROR:  invalid input syntax for type numeric: "	"
NOTICE:  current transaction is aborted, queries ignored until end of transaction block
NOTICE:  current transaction is aborted, queries ignored until end of transaction block
NOTICE:  current transaction is aborted, queries ignored until end of transaction block
NOTICE:  current transaction is aborted, queries ignored until end of transaction block
NOTICE:  current transaction is aborted, queries ignored until end of transaction block
NOTICE:  current transaction is aborted, queries ignored until end of transaction block
NOTICE:  current transaction is aborted, queries ignored until end of transaction block
NOTICE:  current transaction is aborted, queries ignored until end of transaction block
NOTICE:  current transaction is aborted, queries ignored until end of transaction block
ABORT
Time: 0 hrs, 0 mins, 0 secs, 30 ms

Mon Jun 27 20:56:52 EDT 2011

Timing is on.
BEGIN
Time: 0 hrs, 0 mins, 1 secs, 46 ms

           600 - LOAD RESOURCES

SET
Time: 0 hrs, 0 mins, 0 secs, 11 ms
CREATE TABLE
Time: 0 hrs, 0 mins, 23 secs, 437 ms
ANALYZE
Time: 0 hrs, 0 mins, 2 secs, 63 ms
 tmp_a_count 
-------------
      527872
(1 row)

Time: 0 hrs, 0 mins, 0 secs, 264 ms
UPDATE 0
Time: 0 hrs, 0 mins, 4 secs, 337 ms
ANALYZE
Time: 0 hrs, 0 mins, 1 secs, 50 ms
TRUNCATE
Time: 0 hrs, 0 mins, 1 secs, 3 ms
INSERT 0 0
Time: 0 hrs, 0 mins, 16 secs, 236 ms
ANALYZE
Time: 0 hrs, 0 mins, 0 secs, 26 ms
 first_resource_id | last_resource_id 
-------------------+------------------
                   |                 
(1 row)

Time: 0 hrs, 0 mins, 0 secs, 471 ms
INSERT 0 0
Time: 0 hrs, 0 mins, 0 secs, 792 ms
 total_resources 
-----------------
        20315392
(1 row)

Time: 0 hrs, 0 mins, 0 secs, 208 ms
ANALYZE
Time: 0 hrs, 0 mins, 0 secs, 731 ms
END
Time: 0 hrs, 0 mins, 4 secs, 859 ms
VACUUM
Time: 0 hrs, 0 mins, 11 secs, 979 ms

Mon Jun 27 20:58:01 EDT 2011

Timing is on.

           650 - LOAD_BN_SESSION_STAGE

BEGIN
Time: 0 hrs, 0 mins, 1 secs, 422 ms
SET
Time: 0 hrs, 0 mins, 0 secs, 16 ms
SET
Time: 0 hrs, 0 mins, 0 secs, 27 ms
CREATE TABLE
Time: 0 hrs, 0 mins, 48 secs, 879 ms
ANALYZE
Time: 0 hrs, 0 mins, 3 secs, 347 ms
 tmp_sessionized_stage 
-----------------------
              20814614
(1 row)

Time: 0 hrs, 0 mins, 0 secs, 513 ms
TRUNCATE
Time: 0 hrs, 0 mins, 0 secs, 773 ms
INSERT 0 2200612
Time: 0 hrs, 0 mins, 26 secs, 406 ms
ANALYZE
Time: 0 hrs, 0 mins, 1 secs, 393 ms
CREATE TABLE
Time: 0 hrs, 1 mins, 53 secs, 929 ms
CREATE INDEX
Time: 0 hrs, 0 mins, 0 secs, 914 ms
 tmp_first_last 
----------------
        2200612
(1 row)

Time: 0 hrs, 0 mins, 0 secs, 421 ms
ANALYZE
Time: 0 hrs, 0 mins, 0 secs, 970 ms
SET
Time: 0 hrs, 0 mins, 0 secs, 29 ms
SET
Time: 0 hrs, 0 mins, 0 secs, 54 ms
TRUNCATE
Time: 0 hrs, 0 mins, 5 secs, 497 ms
DROP
Time: 0 hrs, 0 mins, 0 secs, 450 ms
INSERT 0 2200612
Time: 0 hrs, 0 mins, 24 secs, 13 ms
 bn_session_stage 
------------------
          2200612
(1 row)

Time: 0 hrs, 0 mins, 0 secs, 704 ms
CREATE INDEX
Time: 0 hrs, 0 mins, 0 secs, 889 ms
ANALYZE
Time: 0 hrs, 0 mins, 1 secs, 584 ms
TRUNCATE
Time: 0 hrs, 0 mins, 1 secs, 956 ms
END
Time: 0 hrs, 0 mins, 59 secs, 269 ms

Mon Jun 27 21:02:54 EDT 2011

BEGIN

           660 - LOAD_BN_SESSION_UPDATE_STAGE

SET
TRUNCATE
INSERT 0 0
END

Mon Jun 27 21:03:04 EDT 2011

Timing is on.

           670 - LOAD_BN_SESSION_20110624.UPDATES

BEGIN
Time: 0 hrs, 0 mins, 1 secs, 342 ms
SET
Time: 0 hrs, 0 mins, 0 secs, 8 ms
UPDATE 0
Time: 0 hrs, 0 mins, 0 secs, 307 ms
END
Time: 0 hrs, 0 mins, 0 secs, 662 ms
VACUUM
Time: 0 hrs, 1 mins, 12 secs, 413 ms

Mon Jun 27 21:04:19 EDT 2011

Timing is on.

           700 - LOAD_BN_SESSION

BEGIN
Time: 0 hrs, 0 mins, 1 secs, 264 ms
SET
Time: 0 hrs, 0 mins, 0 secs, 8 ms
INSERT 0 2200612
Time: 0 hrs, 2 mins, 32 secs, 38 ms
ANALYZE
Time: 0 hrs, 0 mins, 1 secs, 329 ms
END
Time: 0 hrs, 0 mins, 8 secs, 982 ms

Mon Jun 27 21:07:03 EDT 2011

Timing is on.

            750 - LOAD_BN_SESSION_SUMMARY   

BEGIN
Time: 0 hrs, 0 mins, 2 secs, 310 ms
SET
Time: 0 hrs, 0 mins, 0 secs, 12 ms
CREATE TABLE
Time: 0 hrs, 0 mins, 16 secs, 305 ms
TRUNCATE
Time: 0 hrs, 0 mins, 4 secs, 117 ms
INSERT 0 320564
Time: 0 hrs, 0 mins, 6 secs, 134 ms
ANALYZE
Time: 0 hrs, 0 mins, 0 secs, 759 ms
 count(1) 
----------
   320564
(1 row)

Time: 0 hrs, 0 mins, 0 secs, 861 ms
END
Time: 0 hrs, 0 mins, 31 secs, 616 ms

Mon Jun 27 21:08:05 EDT 2011

Timing is on.

           800 - LOAD_BN_HITS

BEGIN
Time: 0 hrs, 0 mins, 1 secs, 8 ms
SET
Time: 0 hrs, 0 mins, 0 secs, 11 ms
SET
Time: 0 hrs, 0 mins, 0 secs, 19 ms
SET
Time: 0 hrs, 0 mins, 0 secs, 18 ms
SET
Time: 0 hrs, 0 mins, 0 secs, 25 ms
TRUNCATE
Time: 0 hrs, 0 mins, 1 secs, 62 ms
INSERT 0 20814614
Time: 0 hrs, 0 mins, 10 secs, 694 ms
 count(1) 
----------
 20814614
(1 row)

Time: 0 hrs, 0 mins, 2 secs, 978 ms
ANALYZE
Time: 0 hrs, 0 mins, 4 secs, 954 ms
END
Time: 0 hrs, 0 mins, 22 secs, 903 ms

Mon Jun 27 21:08:49 EDT 2011

Timing is on.

            900 - LOAD_CLICKSTREAM   

BEGIN
Time: 0 hrs, 0 mins, 1 secs, 238 ms
SET
Time: 0 hrs, 0 mins, 0 secs, 7 ms
TRUNCATE
Time: 0 hrs, 0 mins, 2 secs, 570 ms
INSERT 0 20814614
Time: 0 hrs, 3 mins, 36 secs, 625 ms
 count(1) 
----------
 20814614
(1 row)

Time: 0 hrs, 0 mins, 0 secs, 258 ms
ANALYZE
Time: 0 hrs, 0 mins, 1 secs, 204 ms
END
Time: 0 hrs, 0 mins, 4 secs, 902 ms

Mon Jun 27 21:12:36 EDT 2011

Timing is on.

            1000 - PAGE_VIEW_SUMMARY  

BEGIN
Time: 0 hrs, 0 mins, 0 secs, 831 ms
SET
Time: 0 hrs, 0 mins, 0 secs, 12 ms
SET
Time: 0 hrs, 0 mins, 0 secs, 18 ms
TRUNCATE
Time: 0 hrs, 0 mins, 0 secs, 473 ms
INSERT 0 540099
Time: 0 hrs, 0 mins, 3 secs, 401 ms
 count(1) 
----------
   540099
(1 row)

Time: 0 hrs, 0 mins, 0 secs, 133 ms
ANALYZE
Time: 0 hrs, 0 mins, 0 secs, 188 ms
END
Time: 0 hrs, 0 mins, 1 secs, 436 ms

Mon Jun 27 21:12:43 EDT 2011


2000 - WRAP UP 

Timing is on.
BEGIN
Time: 0 hrs, 0 mins, 1 secs, 304 ms
TRUNCATE
Time: 0 hrs, 0 mins, 0 secs, 580 ms
TRUNCATE
Time: 0 hrs, 0 mins, 0 secs, 226 ms
END
Time: 0 hrs, 0 mins, 1 secs, 216 ms
Mon Jun 27 21:12:47 EDT 2011
Removing lock file and waiting for a minute
Checking for lock file /tmp/.iislock
Acquired lock file /tmp/.iislock
-------------------------------------
Processing for 20110624
-------------------------------------

Mon Jun 27 21:22:46 EDT 2011

Timing is on.

           000 - INIT

BEGIN
Time: 0 hrs, 0 mins, 0 secs, 831 ms
*** Truncating staging tables before workflow starts ***
SET
Time: 0 hrs, 0 mins, 0 secs, 12 ms
GRANT
Time: 0 hrs, 0 mins, 3 secs, 603 ms
END
Time: 0 hrs, 0 mins, 0 secs, 670 ms

Mon Jun 27 21:22:52 EDT 2011

Timing is on.

            200 - LOAD_BN_IISLOGS   

BEGIN
Time: 0 hrs, 0 mins, 0 secs, 875 ms
SET
Time: 0 hrs, 0 mins, 0 secs, 8 ms
TRUNCATE
Time: 0 hrs, 0 mins, 0 secs, 597 ms
INSERT 0 71644879
Time: 0 hrs, 11 mins, 7 secs, 149 ms
END
Time: 0 hrs, 0 mins, 7 secs, 468 ms
ALTER TABLE
Time: 0 hrs, 0 mins, 6 secs, 857 ms

Mon Jun 27 21:34:15 EDT 2011

Timing is on.
BEGIN
Time: 0 hrs, 0 mins, 0 secs, 916 ms
SET
Time: 0 hrs, 0 mins, 0 secs, 13 ms

            250 - LOAD_BN_HITS_SP   

TRUNCATE
Time: 0 hrs, 0 mins, 2 secs, 194 ms
INSERT 0 30768449
Time: 0 hrs, 4 mins, 7 secs, 922 ms
ANALYZE
Time: 0 hrs, 0 mins, 12 secs, 825 ms
END
Time: 0 hrs, 0 mins, 8 secs, 766 ms

Mon Jun 27 21:38:48 EDT 2011

Timing is on.
BEGIN
Time: 0 hrs, 0 mins, 1 secs, 221 ms
SET
Time: 0 hrs, 0 mins, 0 secs, 18 ms

           300 - DYNAMIC FILTER

TRUNCATE
Time: 0 hrs, 0 mins, 0 secs, 682 ms
INSERT 0 12198879
Time: 0 hrs, 0 mins, 14 secs, 653 ms
ANALYZE
Time: 0 hrs, 0 mins, 0 secs, 679 ms
 Total records in web_click_cnt 
--------------------------------
                       12198879
(1 row)

Time: 0 hrs, 0 mins, 0 secs, 822 ms
CREATE TABLE
Time: 0 hrs, 0 mins, 2 secs, 595 ms
ANALYZE
Time: 0 hrs, 0 mins, 0 secs, 114 ms
CREATE TABLE
Time: 0 hrs, 0 mins, 0 secs, 797 ms
ANALYZE
Time: 0 hrs, 0 mins, 0 secs, 206 ms
DELETE 1
Time: 0 hrs, 0 mins, 0 secs, 304 ms
INSERT 0 1
Time: 0 hrs, 0 mins, 0 secs, 842 ms
DELETE 1
Time: 0 hrs, 0 mins, 0 secs, 92 ms
INSERT 0 1
Time: 0 hrs, 0 mins, 0 secs, 365 ms
CREATE TABLE
Time: 0 hrs, 0 mins, 4 secs, 660 ms
ANALYZE
Time: 0 hrs, 0 mins, 0 secs, 140 ms
CREATE TABLE
Time: 0 hrs, 0 mins, 0 secs, 990 ms
ANALYZE
Time: 0 hrs, 0 mins, 0 secs, 169 ms
DELETE 1
Time: 0 hrs, 0 mins, 0 secs, 142 ms
INSERT 0 1
Time: 0 hrs, 0 mins, 0 secs, 999 ms
DELETE 1
Time: 0 hrs, 0 mins, 0 secs, 136 ms
INSERT 0 1
Time: 0 hrs, 0 mins, 0 secs, 561 ms
ANALYZE
Time: 0 hrs, 0 mins, 1 secs, 275 ms
    tablename     |    attr_name    | attr_value 
------------------+-----------------+------------
 BN_FILTER_SPIDER | CLK_USER_SD_MPL | 10
 BN_FILTER_SPIDER | IP_USER_SD_MPL  | 1
 BN_FILTER_SPIDER | IP_USER_RATIO   | .955
 BN_FILTER_SPIDER | CLK_USER_MEAN   | 15.227
 BN_FILTER_SPIDER | CLK_USER_SD     | 81.010
 BN_FILTER_SPIDER | IP_USER_MEAN    | 13.956
 BN_FILTER_SPIDER | IP_USER_SD      | 2170.435
(7 rows)

Time: 0 hrs, 0 mins, 0 secs, 501 ms
CREATE TABLE
Time: 0 hrs, 0 mins, 8 secs, 218 ms
CREATE TABLE
Time: 0 hrs, 0 mins, 0 secs, 466 ms
 l_mean_sd_mpl 
---------------
       825.327
(1 row)

Time: 0 hrs, 0 mins, 0 secs, 136 ms
TRUNCATE
Time: 0 hrs, 0 mins, 1 secs, 90 ms
INSERT 0 255
Time: 0 hrs, 0 mins, 14 secs, 121 ms
ANALYZE
Time: 0 hrs, 0 mins, 0 secs, 348 ms
 Total click_user bn_spider_ip records 
---------------------------------------
                                   255
(1 row)

Time: 0 hrs, 0 mins, 0 secs, 401 ms
CREATE TABLE
Time: 0 hrs, 0 mins, 5 secs, 771 ms
ANALYZE
Time: 0 hrs, 0 mins, 0 secs, 61 ms
CREATE TABLE
Time: 0 hrs, 0 mins, 6 secs, 473 ms
ANALYZE
Time: 0 hrs, 0 mins, 0 secs, 108 ms
DROP 
Time: 0 hrs, 0 mins, 0 secs, 266 ms
CREATE TABLE
Time: 0 hrs, 0 mins, 1 secs, 492 ms
 l_mean_sd_mpl | l_ratio 
---------------+---------
      2184.391 |   0.955
(1 row)

Time: 0 hrs, 0 mins, 0 secs, 173 ms
INSERT 0 9647723
Time: 0 hrs, 0 mins, 10 secs, 593 ms
ANALYZE
Time: 0 hrs, 0 mins, 0 secs, 489 ms
 Total ip_user_filter bn_spider_ip records 
-------------------------------------------
                                   9647723
(1 row)

Time: 0 hrs, 0 mins, 0 secs, 506 ms
TRUNCATE
Time: 0 hrs, 0 mins, 1 secs, 147 ms
INSERT 0 20814614
Time: 0 hrs, 0 mins, 28 secs, 755 ms
ANALYZE
Time: 0 hrs, 0 mins, 4 secs, 265 ms
 bn_hits_stage 
---------------
      20814614
(1 row)

Time: 0 hrs, 0 mins, 0 secs, 354 ms
INSERT 0 10461659
Time: 0 hrs, 0 mins, 29 secs, 966 ms
ANALYZE
Time: 0 hrs, 0 mins, 24 secs, 205 ms
 bn_hits_sp_20110624 
---------------------
            41230108
(1 row)

Time: 0 hrs, 0 mins, 9 secs, 263 ms
TRUNCATE
Time: 0 hrs, 0 mins, 0 secs, 978 ms
INSERT 0 9600157
Time: 0 hrs, 0 mins, 9 secs, 347 ms
ANALYZE
Time: 0 hrs, 0 mins, 2 secs, 760 ms
 bn_hits_client_20110624 
-------------------------
                 9600157
(1 row)

Time: 0 hrs, 0 mins, 0 secs, 214 ms
END
Time: 0 hrs, 0 mins, 2 secs, 972 ms

Mon Jun 27 21:42:06 EDT 2011

Timing is on.
BEGIN
Time: 0 hrs, 0 mins, 2 secs, 118 ms

           600 - LOAD RESOURCES

SET
Time: 0 hrs, 0 mins, 0 secs, 10 ms
CREATE TABLE
Time: 0 hrs, 0 mins, 28 secs, 643 ms
ANALYZE
Time: 0 hrs, 0 mins, 1 secs, 255 ms
 tmp_a_count 
-------------
      527872
(1 row)

Time: 0 hrs, 0 mins, 0 secs, 202 ms
UPDATE 0
Time: 0 hrs, 0 mins, 4 secs, 857 ms
ANALYZE
Time: 0 hrs, 0 mins, 0 secs, 798 ms
TRUNCATE
Time: 0 hrs, 0 mins, 0 secs, 567 ms
INSERT 0 0
Time: 0 hrs, 0 mins, 5 secs, 142 ms
ANALYZE
Time: 0 hrs, 0 mins, 0 secs, 22 ms
 first_resource_id | last_resource_id 
-------------------+------------------
                   |                 
(1 row)

Time: 0 hrs, 0 mins, 0 secs, 299 ms
INSERT 0 0
Time: 0 hrs, 0 mins, 0 secs, 602 ms
 total_resources 
-----------------
        20315392
(1 row)

Time: 0 hrs, 0 mins, 0 secs, 153 ms
ANALYZE
Time: 0 hrs, 0 mins, 0 secs, 578 ms
END
Time: 0 hrs, 0 mins, 1 secs, 140 ms
VACUUM
Time: 0 hrs, 0 mins, 15 secs, 605 ms

Mon Jun 27 21:43:08 EDT 2011

Timing is on.

           650 - LOAD_BN_SESSION_STAGE

BEGIN
Time: 0 hrs, 0 mins, 0 secs, 909 ms
SET
Time: 0 hrs, 0 mins, 0 secs, 10 ms
SET
Time: 0 hrs, 0 mins, 0 secs, 18 ms
CREATE TABLE
Time: 0 hrs, 0 mins, 46 secs, 193 ms
ANALYZE
Time: 0 hrs, 0 mins, 4 secs, 358 ms
 tmp_sessionized_stage 
-----------------------
              20814614
(1 row)

Time: 0 hrs, 0 mins, 0 secs, 404 ms
TRUNCATE
Time: 0 hrs, 0 mins, 0 secs, 422 ms
INSERT 0 2200612
Time: 0 hrs, 0 mins, 25 secs, 564 ms
ANALYZE
Time: 0 hrs, 0 mins, 1 secs, 364 ms
CREATE TABLE
Time: 0 hrs, 0 mins, 59 secs, 307 ms
CREATE INDEX
Time: 0 hrs, 0 mins, 0 secs, 949 ms
 tmp_first_last 
----------------
        2200612
(1 row)

Time: 0 hrs, 0 mins, 0 secs, 298 ms
ANALYZE
Time: 0 hrs, 0 mins, 1 secs, 49 ms
SET
Time: 0 hrs, 0 mins, 0 secs, 29 ms
SET
Time: 0 hrs, 0 mins, 0 secs, 17 ms
TRUNCATE
Time: 0 hrs, 0 mins, 2 secs, 124 ms
DROP
Time: 0 hrs, 0 mins, 0 secs, 102 ms
INSERT 0 2200612
Time: 0 hrs, 0 mins, 7 secs, 896 ms
 bn_session_stage 
------------------
          2200612
(1 row)

Time: 0 hrs, 0 mins, 0 secs, 515 ms
CREATE INDEX
Time: 0 hrs, 0 mins, 0 secs, 816 ms
ANALYZE
Time: 0 hrs, 0 mins, 2 secs, 698 ms
TRUNCATE
Time: 0 hrs, 0 mins, 1 secs, 648 ms
END
Time: 0 hrs, 0 mins, 13 secs, 691 ms

Mon Jun 27 21:45:59 EDT 2011

BEGIN

           660 - LOAD_BN_SESSION_UPDATE_STAGE

SET
TRUNCATE
INSERT 0 0
END

Mon Jun 27 21:46:04 EDT 2011

Timing is on.

           670 - LOAD_BN_SESSION_20110624.UPDATES

BEGIN
Time: 0 hrs, 0 mins, 0 secs, 926 ms
SET
Time: 0 hrs, 0 mins, 0 secs, 12 ms
UPDATE 0
Time: 0 hrs, 0 mins, 0 secs, 247 ms
END
Time: 0 hrs, 0 mins, 1 secs, 944 ms
VACUUM
Time: 0 hrs, 0 mins, 5 secs, 60 ms

Mon Jun 27 21:46:13 EDT 2011

Timing is on.

           700 - LOAD_BN_SESSION

BEGIN
Time: 0 hrs, 0 mins, 1 secs, 33 ms
SET
Time: 0 hrs, 0 mins, 0 secs, 11 ms
INSERT 0 2200612
Time: 0 hrs, 0 mins, 7 secs, 461 ms
ANALYZE
Time: 0 hrs, 0 mins, 1 secs, 263 ms
END
Time: 0 hrs, 0 mins, 2 secs, 328 ms

Mon Jun 27 21:46:25 EDT 2011

Timing is on.

            750 - LOAD_BN_SESSION_SUMMARY   

BEGIN
Time: 0 hrs, 0 mins, 0 secs, 923 ms
SET
Time: 0 hrs, 0 mins, 0 secs, 10 ms
CREATE TABLE
Time: 0 hrs, 0 mins, 4 secs, 787 ms
TRUNCATE
Time: 0 hrs, 0 mins, 1 secs, 733 ms
INSERT 0 320457
Time: 0 hrs, 0 mins, 5 secs, 115 ms
ANALYZE
Time: 0 hrs, 0 mins, 0 secs, 685 ms
 count(1) 
----------
   320457
(1 row)

Time: 0 hrs, 0 mins, 0 secs, 206 ms
END
Time: 0 hrs, 0 mins, 19 secs, 720 ms

Mon Jun 27 21:46:58 EDT 2011

Timing is on.

           800 - LOAD_BN_HITS

BEGIN
Time: 0 hrs, 0 mins, 0 secs, 910 ms
SET
Time: 0 hrs, 0 mins, 0 secs, 11 ms
SET
Time: 0 hrs, 0 mins, 0 secs, 17 ms
SET
Time: 0 hrs, 0 mins, 0 secs, 22 ms
SET
Time: 0 hrs, 0 mins, 0 secs, 17 ms
TRUNCATE
Time: 0 hrs, 0 mins, 1 secs, 290 ms
INSERT 0 20814614
Time: 0 hrs, 0 mins, 6 secs, 531 ms
 count(1) 
----------
 20814614
(1 row)

Time: 0 hrs, 0 mins, 1 secs, 711 ms
ANALYZE
Time: 0 hrs, 0 mins, 4 secs, 257 ms
END
Time: 0 hrs, 0 mins, 5 secs, 998 ms

Mon Jun 27 21:47:19 EDT 2011

Timing is on.

            900 - LOAD_CLICKSTREAM   

BEGIN
Time: 0 hrs, 0 mins, 1 secs, 168 ms
SET
Time: 0 hrs, 0 mins, 0 secs, 13 ms
TRUNCATE
Time: 0 hrs, 0 mins, 2 secs, 911 ms
INSERT 0 20814614
Time: 0 hrs, 1 mins, 59 secs, 774 ms
 count(1) 
----------
 20814614
(1 row)

Time: 0 hrs, 0 mins, 1 secs, 750 ms
ANALYZE
Time: 0 hrs, 0 mins, 1 secs, 983 ms
END
Time: 0 hrs, 0 mins, 38 secs, 758 ms

Mon Jun 27 21:50:06 EDT 2011

Timing is on.

            1000 - PAGE_VIEW_SUMMARY  

BEGIN
Time: 0 hrs, 0 mins, 1 secs, 118 ms
SET
Time: 0 hrs, 0 mins, 0 secs, 11 ms
SET
Time: 0 hrs, 0 mins, 0 secs, 25 ms
TRUNCATE
Time: 0 hrs, 0 mins, 3 secs, 26 ms
INSERT 0 540099
Time: 0 hrs, 0 mins, 14 secs, 365 ms
 count(1) 
----------
   540099
(1 row)

Time: 0 hrs, 0 mins, 0 secs, 409 ms
ANALYZE
Time: 0 hrs, 0 mins, 0 secs, 223 ms
END
Time: 0 hrs, 0 mins, 19 secs, 843 ms

Mon Jun 27 21:50:45 EDT 2011


2000 - WRAP UP 

Timing is on.
BEGIN
Time: 0 hrs, 0 mins, 1 secs, 30 ms
TRUNCATE
Time: 0 hrs, 0 mins, 3 secs, 35 ms
TRUNCATE
Time: 0 hrs, 0 mins, 3 secs, 147 ms
END
Time: 0 hrs, 0 mins, 20 secs, 331 ms
Mon Jun 27 21:51:13 EDT 2011
Removing lock file and waiting for a minute
Checking for lock file /tmp/.iislock
Acquired lock file /tmp/.iislock
-------------------------------------
Processing for 20110624
-------------------------------------

Tue Jun 28 15:04:18 EDT 2011

Timing is on.

           000 - INIT

BEGIN
Time: 0 hrs, 0 mins, 1 secs, 99 ms
*** Truncating staging tables before workflow starts ***
SET
Time: 0 hrs, 0 mins, 0 secs, 10 ms
GRANT
Time: 0 hrs, 0 mins, 8 secs, 708 ms
END
Time: 0 hrs, 0 mins, 7 secs, 918 ms

Tue Jun 28 15:04:37 EDT 2011

Timing is on.

            200 - LOAD_BN_IISLOGS   

BEGIN
Time: 0 hrs, 0 mins, 1 secs, 170 ms
SET
Time: 0 hrs, 0 mins, 0 secs, 10 ms
TRUNCATE
Time: 0 hrs, 0 mins, 3 secs, 109 ms
INSERT 0 71644879
Time: 1 hrs, 15 mins, 44 secs, 163 ms
END
Time: 0 hrs, 0 mins, 44 secs, 90 ms
ALTER TABLE
Time: 0 hrs, 0 mins, 21 secs, 157 ms

Tue Jun 28 16:21:31 EDT 2011

Timing is on.
BEGIN
Time: 0 hrs, 0 mins, 2 secs, 428 ms
SET
Time: 0 hrs, 0 mins, 0 secs, 11 ms

            250 - LOAD_BN_HITS_SP   

TRUNCATE
Time: 0 hrs, 0 mins, 5 secs, 168 ms
INSERT 0 30768449
Time: 0 hrs, 4 mins, 17 secs, 764 ms
ANALYZE
Time: 0 hrs, 2 mins, 13 secs, 961 ms
END
Time: 0 hrs, 0 mins, 26 secs, 946 ms

Tue Jun 28 16:28:39 EDT 2011

Timing is on.
BEGIN
Time: 0 hrs, 0 mins, 1 secs, 346 ms
SET
Time: 0 hrs, 0 mins, 0 secs, 11 ms

           300 - DYNAMIC FILTER

TRUNCATE
Time: 0 hrs, 0 mins, 2 secs, 393 ms
INSERT 0 12198879
Time: 0 hrs, 0 mins, 25 secs, 515 ms
ANALYZE
Time: 0 hrs, 0 mins, 1 secs, 673 ms
 Total records in web_click_cnt 
--------------------------------
                       12198879
(1 row)

Time: 0 hrs, 0 mins, 1 secs, 799 ms
CREATE TABLE
Time: 0 hrs, 2 mins, 18 secs, 564 ms
ANALYZE
Time: 0 hrs, 0 mins, 0 secs, 519 ms
CREATE TABLE
Time: 0 hrs, 0 mins, 5 secs, 496 ms
ANALYZE
Time: 0 hrs, 0 mins, 0 secs, 315 ms
DELETE 1
Time: 0 hrs, 0 mins, 2 secs, 494 ms
INSERT 0 1
Time: 0 hrs, 0 mins, 3 secs, 555 ms
DELETE 1
Time: 0 hrs, 0 mins, 0 secs, 128 ms
INSERT 0 1
Time: 0 hrs, 0 mins, 1 secs, 967 ms
CREATE TABLE
Time: 0 hrs, 4 mins, 8 secs, 454 ms
ANALYZE
Time: 0 hrs, 0 mins, 0 secs, 976 ms
CREATE TABLE
Time: 0 hrs, 0 mins, 3 secs, 162 ms
ANALYZE
Time: 0 hrs, 0 mins, 0 secs, 212 ms
DELETE 1
Time: 0 hrs, 0 mins, 1 secs, 529 ms
INSERT 0 1
Time: 0 hrs, 0 mins, 1 secs, 476 ms
DELETE 1
Time: 0 hrs, 0 mins, 0 secs, 102 ms
INSERT 0 1
Time: 0 hrs, 0 mins, 0 secs, 950 ms
ANALYZE
Time: 0 hrs, 0 mins, 0 secs, 328 ms
    tablename     |    attr_name    | attr_value 
------------------+-----------------+------------
 BN_FILTER_SPIDER | CLK_USER_SD_MPL | 10
 BN_FILTER_SPIDER | IP_USER_SD_MPL  | 1
 BN_FILTER_SPIDER | IP_USER_RATIO   | .955
 BN_FILTER_SPIDER | CLK_USER_MEAN   | 15.227
 BN_FILTER_SPIDER | CLK_USER_SD     | 81.010
 BN_FILTER_SPIDER | IP_USER_MEAN    | 13.956
 BN_FILTER_SPIDER | IP_USER_SD      | 2170.435
(7 rows)

Time: 0 hrs, 0 mins, 0 secs, 311 ms
CREATE TABLE
Time: 0 hrs, 5 mins, 35 secs, 573 ms
CREATE TABLE
Time: 0 hrs, 0 mins, 10 secs, 418 ms
 l_mean_sd_mpl 
---------------
       825.327
(1 row)

Time: 0 hrs, 0 mins, 1 secs, 510 ms
TRUNCATE
Time: 0 hrs, 0 mins, 2 secs, 661 ms
INSERT 0 255
Time: 0 hrs, 2 mins, 26 secs, 739 ms
ANALYZE
Time: 0 hrs, 0 mins, 0 secs, 926 ms
 Total click_user bn_spider_ip records 
---------------------------------------
                                   255
(1 row)

Time: 0 hrs, 0 mins, 2 secs, 38 ms
CREATE TABLE
Time: 0 hrs, 1 mins, 2 secs, 199 ms
ANALYZE
Time: 0 hrs, 0 mins, 0 secs, 731 ms
CREATE TABLE
Time: 0 hrs, 3 mins, 26 secs, 603 ms
ANALYZE
Time: 0 hrs, 0 mins, 10 secs, 985 ms
DROP 
Time: 0 hrs, 0 mins, 0 secs, 971 ms
CREATE TABLE
Time: 0 hrs, 0 mins, 4 secs, 527 ms
 l_mean_sd_mpl | l_ratio 
---------------+---------
      2184.391 |   0.955
(1 row)

Time: 0 hrs, 0 mins, 8 secs, 880 ms
INSERT 0 9647723
Time: 0 hrs, 0 mins, 40 secs, 142 ms
ANALYZE
Time: 0 hrs, 0 mins, 2 secs, 346 ms
 Total ip_user_filter bn_spider_ip records 
-------------------------------------------
                                   9647723
(1 row)

Time: 0 hrs, 0 mins, 1 secs, 606 ms
TRUNCATE
Time: 0 hrs, 0 mins, 9 secs, 996 ms
INSERT 0 20814614
Time: 0 hrs, 1 mins, 46 secs, 10 ms
ANALYZE
Time: 0 hrs, 0 mins, 17 secs, 401 ms
 bn_hits_stage 
---------------
      20814614
(1 row)

Time: 0 hrs, 0 mins, 30 secs, 341 ms
INSERT 0 10461659
Time: 0 hrs, 9 mins, 17 secs, 724 ms
ANALYZE
Time: 0 hrs, 0 mins, 43 secs, 88 ms
 bn_hits_sp_20110624 
---------------------
            41230108
(1 row)

Time: 0 hrs, 0 mins, 10 secs, 824 ms
TRUNCATE
Time: 0 hrs, 0 mins, 1 secs, 487 ms
INSERT 0 9600157
Time: 0 hrs, 0 mins, 21 secs, 878 ms
ANALYZE
Time: 0 hrs, 0 mins, 3 secs, 133 ms
 bn_hits_client_20110624 
-------------------------
                 9600157
(1 row)

Time: 0 hrs, 0 mins, 0 secs, 253 ms
END
Time: 0 hrs, 0 mins, 26 secs, 903 ms

Tue Jun 28 17:03:52 EDT 2011

Timing is on.
BEGIN
Time: 0 hrs, 0 mins, 3 secs, 608 ms

           600 - LOAD RESOURCES

SET
Time: 0 hrs, 0 mins, 0 secs, 11 ms
CREATE TABLE
Time: 0 hrs, 20 mins, 55 secs, 164 ms
ANALYZE
Time: 0 hrs, 0 mins, 12 secs, 692 ms
 tmp_a_count 
-------------
      527872
(1 row)

Time: 0 hrs, 0 mins, 2 secs, 42 ms
UPDATE 0
Time: 0 hrs, 0 mins, 29 secs, 261 ms
ANALYZE
Time: 0 hrs, 0 mins, 1 secs, 921 ms
TRUNCATE
Time: 0 hrs, 0 mins, 8 secs, 42 ms
INSERT 0 0
Time: 0 hrs, 34 mins, 56 secs, 678 ms
ANALYZE
Time: 0 hrs, 0 mins, 0 secs, 257 ms
 first_resource_id | last_resource_id 
-------------------+------------------
                   |                 
(1 row)

Time: 0 hrs, 0 mins, 2 secs, 43 ms
INSERT 0 0
Time: 0 hrs, 7 mins, 12 secs, 573 ms
 total_resources 
-----------------
        20315392
(1 row)

Time: 0 hrs, 0 mins, 2 secs, 215 ms
ANALYZE
Time: 0 hrs, 0 mins, 1 secs, 331 ms
END
Time: 0 hrs, 1 mins, 33 secs, 216 ms
VACUUM
Time: 0 hrs, 0 mins, 21 secs, 672 ms

Tue Jun 28 18:09:56 EDT 2011

Timing is on.

           650 - LOAD_BN_SESSION_STAGE

BEGIN
Time: 0 hrs, 0 mins, 0 secs, 825 ms
SET
Time: 0 hrs, 0 mins, 0 secs, 12 ms
SET
Time: 0 hrs, 0 mins, 0 secs, 29 ms
CREATE TABLE
Time: 0 hrs, 27 mins, 18 secs, 636 ms
ANALYZE
Time: 0 hrs, 0 mins, 5 secs, 700 ms
 tmp_sessionized_stage 
-----------------------
              20814614
(1 row)

Time: 0 hrs, 0 mins, 1 secs, 300 ms
TRUNCATE
Time: 0 hrs, 0 mins, 1 secs, 580 ms
INSERT 0 2200612
Time: 0 hrs, 6 mins, 23 secs, 751 ms
ANALYZE
Time: 0 hrs, 0 mins, 0 secs, 863 ms
CREATE TABLE
Time: 0 hrs, 40 mins, 47 secs, 837 ms
CREATE INDEX
Time: 0 hrs, 0 mins, 2 secs, 471 ms
 tmp_first_last 
----------------
        2200612
(1 row)

Time: 0 hrs, 0 mins, 0 secs, 855 ms
ANALYZE
Time: 0 hrs, 0 mins, 1 secs, 893 ms
SET
Time: 0 hrs, 0 mins, 0 secs, 22 ms
SET
Time: 0 hrs, 0 mins, 0 secs, 33 ms
TRUNCATE
Time: 0 hrs, 0 mins, 2 secs, 840 ms
DROP
Time: 0 hrs, 0 mins, 0 secs, 309 ms
INSERT 0 2200612
Time: 0 hrs, 0 mins, 19 secs, 688 ms
 bn_session_stage 
------------------
          2200612
(1 row)

Time: 0 hrs, 0 mins, 3 secs, 253 ms
CREATE INDEX
Time: 0 hrs, 0 mins, 5 secs, 659 ms
ANALYZE
Time: 0 hrs, 0 mins, 7 secs, 324 ms
TRUNCATE
Time: 0 hrs, 0 mins, 4 secs, 24 ms
END
Time: 0 hrs, 1 mins, 15 secs, 329 ms

Tue Jun 28 19:26:45 EDT 2011

BEGIN

           660 - LOAD_BN_SESSION_UPDATE_STAGE

SET
TRUNCATE
INSERT 0 0
END

Tue Jun 28 19:27:15 EDT 2011

Timing is on.

           670 - LOAD_BN_SESSION_20110624.UPDATES

BEGIN
Time: 0 hrs, 0 mins, 1 secs, 966 ms
SET
Time: 0 hrs, 0 mins, 0 secs, 11 ms
UPDATE 0
Time: 0 hrs, 0 mins, 0 secs, 627 ms
END
Time: 0 hrs, 0 mins, 57 secs, 458 ms
VACUUM
Time: 0 hrs, 2 mins, 56 secs, 81 ms

Tue Jun 28 19:31:13 EDT 2011

Timing is on.

           700 - LOAD_BN_SESSION

BEGIN
Time: 0 hrs, 0 mins, 2 secs, 895 ms
SET
Time: 0 hrs, 0 mins, 0 secs, 12 ms
INSERT 0 2200612
Time: 0 hrs, 1 mins, 49 secs, 37 ms
ANALYZE
Time: 0 hrs, 0 mins, 1 secs, 473 ms
END
Time: 0 hrs, 1 mins, 5 secs, 545 ms

Tue Jun 28 19:34:12 EDT 2011

Timing is on.

            750 - LOAD_BN_SESSION_SUMMARY   

BEGIN
Time: 0 hrs, 0 mins, 1 secs, 412 ms
SET
Time: 0 hrs, 0 mins, 0 secs, 10 ms
CREATE TABLE
Time: 0 hrs, 0 mins, 20 secs, 512 ms
TRUNCATE
Time: 0 hrs, 0 mins, 3 secs, 230 ms
INSERT 0 320547
Time: 0 hrs, 0 mins, 6 secs, 122 ms
ANALYZE
Time: 0 hrs, 0 mins, 2 secs, 187 ms
 count(1) 
----------
   320547
(1 row)

Time: 0 hrs, 0 mins, 0 secs, 305 ms
END
Time: 0 hrs, 0 mins, 15 secs, 710 ms

Tue Jun 28 19:35:05 EDT 2011

Timing is on.

           800 - LOAD_BN_HITS

BEGIN
Time: 0 hrs, 0 mins, 4 secs, 457 ms
SET
Time: 0 hrs, 0 mins, 0 secs, 12 ms
SET
Time: 0 hrs, 0 mins, 0 secs, 68 ms
SET
Time: 0 hrs, 0 mins, 0 secs, 129 ms
SET
Time: 0 hrs, 0 mins, 0 secs, 50 ms
TRUNCATE
Time: 0 hrs, 0 mins, 3 secs, 548 ms
INSERT 0 20814614
Time: 0 hrs, 0 mins, 13 secs, 169 ms
 count(1) 
----------
 20814614
(1 row)

Time: 0 hrs, 0 mins, 1 secs, 242 ms
ANALYZE
Time: 0 hrs, 0 mins, 4 secs, 168 ms
END
Time: 0 hrs, 0 mins, 12 secs, 633 ms

Tue Jun 28 19:35:48 EDT 2011

Timing is on.

            900 - LOAD_CLICKSTREAM   

BEGIN
Time: 0 hrs, 0 mins, 1 secs, 446 ms
SET
Time: 0 hrs, 0 mins, 0 secs, 8 ms
TRUNCATE
Time: 0 hrs, 0 mins, 1 secs, 292 ms
INSERT 0 20814614
Time: 0 hrs, 3 mins, 58 secs, 979 ms
 count(1) 
----------
 20814614
(1 row)

Time: 0 hrs, 0 mins, 0 secs, 783 ms
ANALYZE
Time: 0 hrs, 0 mins, 2 secs, 145 ms
END
Time: 0 hrs, 0 mins, 27 secs, 137 ms

Tue Jun 28 19:40:20 EDT 2011

Timing is on.

            1000 - PAGE_VIEW_SUMMARY  

BEGIN
Time: 0 hrs, 0 mins, 0 secs, 789 ms
SET
Time: 0 hrs, 0 mins, 0 secs, 27 ms
SET
Time: 0 hrs, 0 mins, 0 secs, 48 ms
TRUNCATE
Time: 0 hrs, 0 mins, 2 secs, 888 ms
INSERT 0 540099
Time: 0 hrs, 0 mins, 6 secs, 18 ms
 count(1) 
----------
   540099
(1 row)

Time: 0 hrs, 0 mins, 3 secs, 31 ms
ANALYZE
Time: 0 hrs, 0 mins, 0 secs, 155 ms
END
Time: 0 hrs, 1 mins, 41 secs, 380 ms

Tue Jun 28 19:42:15 EDT 2011


2000 - WRAP UP 

Timing is on.
BEGIN
Time: 0 hrs, 0 mins, 1 secs, 769 ms
TRUNCATE
Time: 0 hrs, 0 mins, 2 secs, 933 ms
TRUNCATE
Time: 0 hrs, 0 mins, 4 secs, 203 ms
END
Time: 0 hrs, 0 mins, 4 secs, 193 ms
Tue Jun 28 19:42:29 EDT 2011
Removing lock file and waiting for a minute
Checking for lock file /tmp/.iislock
Acquired lock file /tmp/.iislock
-------------------------------------
Processing for 20110624
-------------------------------------

Mon Jul 18 19:32:01 EDT 2011

Timing is on.

           000 - INIT

BEGIN
Time: 0 hrs, 0 mins, 1 secs, 83 ms
*** Truncating staging tables before workflow starts ***
SET
Time: 0 hrs, 0 mins, 0 secs, 11 ms
GRANT
Time: 0 hrs, 0 mins, 6 secs, 883 ms
END
Time: 0 hrs, 0 mins, 0 secs, 879 ms

Mon Jul 18 19:32:10 EDT 2011

Timing is on.

            200 - LOAD_BN_IISLOGS   

BEGIN
Time: 0 hrs, 0 mins, 0 secs, 890 ms
SET
Time: 0 hrs, 0 mins, 0 secs, 10 ms
TRUNCATE
Time: 0 hrs, 0 mins, 0 secs, 553 ms
INSERT 0 71644879
Time: 0 hrs, 11 mins, 25 secs, 243 ms
END
Time: 0 hrs, 0 mins, 6 secs, 921 ms
ALTER TABLE
Time: 0 hrs, 0 mins, 2 secs, 634 ms

Mon Jul 18 19:43:47 EDT 2011

Timing is on.
BEGIN
Time: 0 hrs, 0 mins, 0 secs, 801 ms
SET
Time: 0 hrs, 0 mins, 0 secs, 10 ms

            250 - LOAD_BN_HITS_SP   

TRUNCATE
Time: 0 hrs, 0 mins, 1 secs, 257 ms
INSERT 0 30768449
Time: 0 hrs, 4 mins, 0 secs, 112 ms
ANALYZE
Time: 0 hrs, 0 mins, 3 secs, 798 ms
END
Time: 0 hrs, 0 mins, 2 secs, 386 ms

Mon Jul 18 19:47:56 EDT 2011

Timing is on.
BEGIN
Time: 0 hrs, 0 mins, 0 secs, 989 ms
SET
Time: 0 hrs, 0 mins, 0 secs, 9 ms

           300 - DYNAMIC FILTER

TRUNCATE
Time: 0 hrs, 0 mins, 0 secs, 377 ms
INSERT 0 12198879
Time: 0 hrs, 0 mins, 5 secs, 346 ms
ANALYZE
Time: 0 hrs, 0 mins, 0 secs, 530 ms
 Total records in web_click_cnt 
--------------------------------
                       12198879
(1 row)

Time: 0 hrs, 0 mins, 0 secs, 548 ms
CREATE TABLE
Time: 0 hrs, 0 mins, 2 secs, 153 ms
ANALYZE
Time: 0 hrs, 0 mins, 0 secs, 119 ms
CREATE TABLE
Time: 0 hrs, 0 mins, 0 secs, 329 ms
ANALYZE
Time: 0 hrs, 0 mins, 0 secs, 116 ms
DELETE 1
Time: 0 hrs, 0 mins, 0 secs, 132 ms
INSERT 0 1
Time: 0 hrs, 0 mins, 0 secs, 413 ms
DELETE 1
Time: 0 hrs, 0 mins, 0 secs, 94 ms
INSERT 0 1
Time: 0 hrs, 0 mins, 0 secs, 345 ms
CREATE TABLE
Time: 0 hrs, 0 mins, 2 secs, 38 ms
ANALYZE
Time: 0 hrs, 0 mins, 0 secs, 137 ms
CREATE TABLE
Time: 0 hrs, 0 mins, 1 secs, 147 ms
ANALYZE
Time: 0 hrs, 0 mins, 0 secs, 111 ms
DELETE 1
Time: 0 hrs, 0 mins, 0 secs, 108 ms
INSERT 0 1
Time: 0 hrs, 0 mins, 0 secs, 379 ms
DELETE 1
Time: 0 hrs, 0 mins, 0 secs, 117 ms
INSERT 0 1
Time: 0 hrs, 0 mins, 0 secs, 363 ms
ANALYZE
Time: 0 hrs, 0 mins, 0 secs, 121 ms
    tablename     |    attr_name    | attr_value 
------------------+-----------------+------------
 BN_FILTER_SPIDER | CLK_USER_SD_MPL | 10
 BN_FILTER_SPIDER | IP_USER_SD_MPL  | 1
 BN_FILTER_SPIDER | IP_USER_RATIO   | .955
 BN_FILTER_SPIDER | CLK_USER_MEAN   | 15.227
 BN_FILTER_SPIDER | CLK_USER_SD     | 81.010
 BN_FILTER_SPIDER | IP_USER_MEAN    | 13.956
 BN_FILTER_SPIDER | IP_USER_SD      | 2170.435
(7 rows)

Time: 0 hrs, 0 mins, 0 secs, 108 ms
CREATE TABLE
Time: 0 hrs, 0 mins, 6 secs, 75 ms
CREATE TABLE
Time: 0 hrs, 0 mins, 0 secs, 576 ms
 l_mean_sd_mpl 
---------------
       825.327
(1 row)

Time: 0 hrs, 0 mins, 0 secs, 96 ms
TRUNCATE
Time: 0 hrs, 0 mins, 0 secs, 695 ms
INSERT 0 255
Time: 0 hrs, 0 mins, 8 secs, 603 ms
ANALYZE
Time: 0 hrs, 0 mins, 0 secs, 268 ms
 Total click_user bn_spider_ip records 
---------------------------------------
                                   255
(1 row)

Time: 0 hrs, 0 mins, 0 secs, 152 ms
CREATE TABLE
Time: 0 hrs, 0 mins, 3 secs, 162 ms
ANALYZE
Time: 0 hrs, 0 mins, 0 secs, 129 ms
CREATE TABLE
Time: 0 hrs, 0 mins, 5 secs, 224 ms
ANALYZE
Time: 0 hrs, 0 mins, 0 secs, 136 ms
DROP 
Time: 0 hrs, 0 mins, 0 secs, 201 ms
CREATE TABLE
Time: 0 hrs, 0 mins, 0 secs, 632 ms
 l_mean_sd_mpl | l_ratio 
---------------+---------
      2184.391 |   0.955
(1 row)

Time: 0 hrs, 0 mins, 0 secs, 319 ms
INSERT 0 9647723
Time: 0 hrs, 0 mins, 10 secs, 233 ms
ANALYZE
Time: 0 hrs, 0 mins, 0 secs, 315 ms
 Total ip_user_filter bn_spider_ip records 
-------------------------------------------
                                   9647723
(1 row)

Time: 0 hrs, 0 mins, 0 secs, 705 ms
TRUNCATE
Time: 0 hrs, 0 mins, 0 secs, 477 ms
INSERT 0 20814614
Time: 0 hrs, 0 mins, 23 secs, 369 ms
ANALYZE
Time: 0 hrs, 0 mins, 7 secs, 592 ms
 bn_hits_stage 
---------------
      20814614
(1 row)

Time: 0 hrs, 0 mins, 0 secs, 449 ms
INSERT 0 10461659
Time: 0 hrs, 1 mins, 58 secs, 303 ms
ANALYZE
Time: 0 hrs, 0 mins, 5 secs, 904 ms
 bn_hits_sp_20110624 
---------------------
            41230108
(1 row)

Time: 0 hrs, 0 mins, 8 secs, 952 ms
TRUNCATE
Time: 0 hrs, 0 mins, 1 secs, 14 ms
INSERT 0 9600157
Time: 0 hrs, 0 mins, 11 secs, 826 ms
ANALYZE
Time: 0 hrs, 0 mins, 2 secs, 975 ms
 bn_hits_client_20110624 
-------------------------
                 9600157
(1 row)

Time: 0 hrs, 0 mins, 0 secs, 197 ms
END
Time: 0 hrs, 0 mins, 15 secs, 622 ms

Mon Jul 18 19:52:06 EDT 2011

Timing is on.
BEGIN
Time: 0 hrs, 0 mins, 1 secs, 48 ms

           600 - LOAD RESOURCES

SET
Time: 0 hrs, 0 mins, 0 secs, 13 ms
CREATE TABLE
Time: 0 hrs, 1 mins, 8 secs, 569 ms
ANALYZE
Time: 0 hrs, 0 mins, 11 secs, 318 ms
 tmp_a_count 
-------------
      527872
(1 row)

Time: 0 hrs, 0 mins, 0 secs, 309 ms
UPDATE 0
Time: 0 hrs, 0 mins, 6 secs, 932 ms
ANALYZE
Time: 0 hrs, 0 mins, 1 secs, 70 ms
TRUNCATE
Time: 0 hrs, 0 mins, 1 secs, 286 ms
INSERT 0 0
Time: 0 hrs, 0 mins, 25 secs, 785 ms
ANALYZE
Time: 0 hrs, 0 mins, 0 secs, 35 ms
 first_resource_id | last_resource_id 
-------------------+------------------
                   |                 
(1 row)

Time: 0 hrs, 0 mins, 0 secs, 469 ms
INSERT 0 0
Time: 0 hrs, 0 mins, 1 secs, 80 ms
 total_resources 
-----------------
        25268666
(1 row)

Time: 0 hrs, 0 mins, 0 secs, 234 ms
ANALYZE
Time: 0 hrs, 0 mins, 0 secs, 745 ms
END
Time: 0 hrs, 0 mins, 5 secs, 882 ms
VACUUM
Time: 0 hrs, 0 mins, 34 secs, 769 ms

Mon Jul 18 19:54:46 EDT 2011

Timing is on.

           650 - LOAD_BN_SESSION_STAGE

BEGIN
Time: 0 hrs, 0 mins, 0 secs, 879 ms
SET
Time: 0 hrs, 0 mins, 0 secs, 11 ms
SET
Time: 0 hrs, 0 mins, 0 secs, 29 ms
CREATE TABLE
Time: 0 hrs, 2 mins, 6 secs, 988 ms
ANALYZE
Time: 0 hrs, 0 mins, 4 secs, 237 ms
 tmp_sessionized_stage 
-----------------------
              20814614
(1 row)

Time: 0 hrs, 0 mins, 0 secs, 383 ms
TRUNCATE
Time: 0 hrs, 0 mins, 0 secs, 565 ms
INSERT 0 2200612
Time: 0 hrs, 0 mins, 30 secs, 686 ms
ANALYZE
Time: 0 hrs, 0 mins, 0 secs, 647 ms
CREATE TABLE
Time: 0 hrs, 1 mins, 16 secs, 400 ms
CREATE INDEX
Time: 0 hrs, 0 mins, 0 secs, 350 ms
 tmp_first_last 
----------------
        2200612
(1 row)

Time: 0 hrs, 0 mins, 0 secs, 333 ms
ANALYZE
Time: 0 hrs, 0 mins, 1 secs, 22 ms
SET
Time: 0 hrs, 0 mins, 0 secs, 22 ms
SET
Time: 0 hrs, 0 mins, 0 secs, 24 ms
TRUNCATE
Time: 0 hrs, 0 mins, 1 secs, 941 ms
DROP
Time: 0 hrs, 0 mins, 0 secs, 170 ms
INSERT 0 2200612
Time: 0 hrs, 0 mins, 7 secs, 207 ms
 bn_session_stage 
------------------
          2200612
(1 row)

Time: 0 hrs, 0 mins, 0 secs, 547 ms
CREATE INDEX
Time: 0 hrs, 0 mins, 1 secs, 212 ms
ANALYZE
Time: 0 hrs, 0 mins, 1 secs, 361 ms
TRUNCATE
Time: 0 hrs, 0 mins, 0 secs, 470 ms
END
Time: 0 hrs, 0 mins, 31 secs, 280 ms

Mon Jul 18 19:59:33 EDT 2011

BEGIN

           660 - LOAD_BN_SESSION_UPDATE_STAGE

SET
TRUNCATE
INSERT 0 0
END

Mon Jul 18 19:59:37 EDT 2011

Timing is on.

           670 - LOAD_BN_SESSION_20110624.UPDATES

BEGIN
Time: 0 hrs, 0 mins, 0 secs, 943 ms
SET
Time: 0 hrs, 0 mins, 0 secs, 10 ms
UPDATE 0
Time: 0 hrs, 0 mins, 0 secs, 648 ms
END
Time: 0 hrs, 0 mins, 0 secs, 733 ms
VACUUM
Time: 0 hrs, 0 mins, 16 secs, 35 ms

Mon Jul 18 19:59:55 EDT 2011

Timing is on.

           700 - LOAD_BN_SESSION

BEGIN
Time: 0 hrs, 0 mins, 0 secs, 987 ms
SET
Time: 0 hrs, 0 mins, 0 secs, 12 ms
INSERT 0 2200612
Time: 0 hrs, 0 mins, 8 secs, 43 ms
ANALYZE
Time: 0 hrs, 0 mins, 1 secs, 312 ms
END
Time: 0 hrs, 0 mins, 2 secs, 754 ms

Mon Jul 18 20:00:09 EDT 2011

Timing is on.

            750 - LOAD_BN_SESSION_SUMMARY   

BEGIN
Time: 0 hrs, 0 mins, 0 secs, 976 ms
SET
Time: 0 hrs, 0 mins, 0 secs, 21 ms
CREATE TABLE
Time: 0 hrs, 0 mins, 9 secs, 769 ms
TRUNCATE
Time: 0 hrs, 0 mins, 1 secs, 195 ms
INSERT 0 320761
Time: 0 hrs, 0 mins, 5 secs, 565 ms
ANALYZE
Time: 0 hrs, 0 mins, 0 secs, 967 ms
 count(1) 
----------
   320761
(1 row)

Time: 0 hrs, 0 mins, 0 secs, 107 ms
END
Time: 0 hrs, 0 mins, 1 secs, 474 ms

Mon Jul 18 20:00:29 EDT 2011

Timing is on.

           800 - LOAD_BN_HITS

BEGIN
Time: 0 hrs, 0 mins, 0 secs, 923 ms
SET
Time: 0 hrs, 0 mins, 0 secs, 10 ms
SET
Time: 0 hrs, 0 mins, 0 secs, 18 ms
SET
Time: 0 hrs, 0 mins, 0 secs, 20 ms
SET
Time: 0 hrs, 0 mins, 0 secs, 17 ms
TRUNCATE
Time: 0 hrs, 0 mins, 0 secs, 955 ms
INSERT 0 20814614
Time: 0 hrs, 0 mins, 9 secs, 174 ms
 count(1) 
----------
 20814614
(1 row)

Time: 0 hrs, 0 mins, 1 secs, 529 ms
ANALYZE
Time: 0 hrs, 0 mins, 4 secs, 424 ms
END
Time: 0 hrs, 0 mins, 16 secs, 717 ms

Mon Jul 18 20:01:03 EDT 2011

Timing is on.

            900 - LOAD_CLICKSTREAM   

BEGIN
Time: 0 hrs, 0 mins, 0 secs, 786 ms
SET
Time: 0 hrs, 0 mins, 0 secs, 10 ms
TRUNCATE
Time: 0 hrs, 0 mins, 0 secs, 953 ms
INSERT 0 20814614
Time: 0 hrs, 3 mins, 47 secs, 651 ms
 count(1) 
----------
 20814614
(1 row)

Time: 0 hrs, 0 mins, 2 secs, 80 ms
ANALYZE
Time: 0 hrs, 0 mins, 1 secs, 173 ms
END
Time: 0 hrs, 1 mins, 7 secs, 278 ms

Mon Jul 18 20:06:03 EDT 2011

Timing is on.

            1000 - PAGE_VIEW_SUMMARY  

BEGIN
Time: 0 hrs, 0 mins, 1 secs, 43 ms
SET
Time: 0 hrs, 0 mins, 0 secs, 10 ms
SET
Time: 0 hrs, 0 mins, 0 secs, 19 ms
TRUNCATE
Time: 0 hrs, 0 mins, 2 secs, 650 ms
INSERT 0 540099
Time: 0 hrs, 0 mins, 6 secs, 599 ms
 count(1) 
----------
   540099
(1 row)

Time: 0 hrs, 0 mins, 0 secs, 758 ms
ANALYZE
Time: 0 hrs, 0 mins, 0 secs, 369 ms
END
Time: 0 hrs, 0 mins, 14 secs, 186 ms

Mon Jul 18 20:06:29 EDT 2011


2000 - WRAP UP 

Timing is on.
BEGIN
Time: 0 hrs, 0 mins, 1 secs, 233 ms
TRUNCATE
Time: 0 hrs, 0 mins, 1 secs, 534 ms
TRUNCATE
Time: 0 hrs, 0 mins, 0 secs, 875 ms
END
Time: 0 hrs, 1 mins, 44 secs, 819 ms
Mon Jul 18 20:08:18 EDT 2011
Removing lock file and waiting for a minute
Total time taken:  37  minutes.
