Checking for lock file /tmp/.iislock
Acquired lock file /tmp/.iislock
deleting simple.htm records - these are just server testing...
ERROR:  There are currently not enough vworkers available to execute queries. The cluster may need to be activated through the AMC. Contact your database administrator for further assistance.
-------------------------------------
Processing for 20111216
-------------------------------------

Sat Dec 17 03:01:49 EST 2011

Timing is on.

           000 - INIT

ERROR:  There are currently not enough vworkers available to execute queries. The cluster may need to be activated through the AMC. Contact your database administrator for further assistance.
*** Truncating staging tables before workflow starts ***
ERROR:  There are currently not enough vworkers available to execute queries. The cluster may need to be activated through the AMC. Contact your database administrator for further assistance.
ERROR:  There are currently not enough vworkers available to execute queries. The cluster may need to be activated through the AMC. Contact your database administrator for further assistance.
ERROR:  There are currently not enough vworkers available to execute queries. The cluster may need to be activated through the AMC. Contact your database administrator for further assistance.

Sat Dec 17 03:01:49 EST 2011

Timing is on.

            200 - LOAD_BN_IISLOGS   

ERROR:  There are currently not enough vworkers available to execute queries. The cluster may need to be activated through the AMC. Contact your database administrator for further assistance.
ERROR:  There are currently not enough vworkers available to execute queries. The cluster may need to be activated through the AMC. Contact your database administrator for further assistance.
ERROR:  There are currently not enough vworkers available to execute queries. The cluster may need to be activated through the AMC. Contact your database administrator for further assistance.
ERROR:  There are currently not enough vworkers available to execute queries. The cluster may need to be activated through the AMC. Contact your database administrator for further assistance.
ERROR:  There are currently not enough vworkers available to execute queries. The cluster may need to be activated through the AMC. Contact your database administrator for further assistance.
ERROR:  There are currently not enough vworkers available to execute queries. The cluster may need to be activated through the AMC. Contact your database administrator for further assistance.

Sat Dec 17 03:01:50 EST 2011

Timing is on.
ERROR:  There are currently not enough vworkers available to execute queries. The cluster may need to be activated through the AMC. Contact your database administrator for further assistance.
ERROR:  There are currently not enough vworkers available to execute queries. The cluster may need to be activated through the AMC. Contact your database administrator for further assistance.

            250 - LOAD_BN_HITS_SP   

ERROR:  There are currently not enough vworkers available to execute queries. The cluster may need to be activated through the AMC. Contact your database administrator for further assistance.
ERROR:  There are currently not enough vworkers available to execute queries. The cluster may need to be activated through the AMC. Contact your database administrator for further assistance.
ERROR:  There are currently not enough vworkers available to execute queries. The cluster may need to be activated through the AMC. Contact your database administrator for further assistance.
ERROR:  There are currently not enough vworkers available to execute queries. The cluster may need to be activated through the AMC. Contact your database administrator for further assistance.

Sat Dec 17 03:01:50 EST 2011

Timing is on.
ERROR:  There are currently not enough vworkers available to execute queries. The cluster may need to be activated through the AMC. Contact your database administrator for further assistance.
ERROR:  There are currently not enough vworkers available to execute queries. The cluster may need to be activated through the AMC. Contact your database administrator for further assistance.

           300 - DYNAMIC FILTER

ERROR:  There are currently not enough vworkers available to execute queries. The cluster may need to be activated through the AMC. Contact your database administrator for further assistance.
ERROR:  There are currently not enough vworkers available to execute queries. The cluster may need to be activated through the AMC. Contact your database administrator for further assistance.
ERROR:  There are currently not enough vworkers available to execute queries. The cluster may need to be activated through the AMC. Contact your database administrator for further assistance.
ERROR:  There are currently not enough vworkers available to execute queries. The cluster may need to be activated through the AMC. Contact your database administrator for further assistance.
ERROR:  There are currently not enough vworkers available to execute queries. The cluster may need to be activated through the AMC. Contact your database administrator for further assistance.
ERROR:  There are currently not enough vworkers available to execute queries. The cluster may need to be activated through the AMC. Contact your database administrator for further assistance.
ERROR:  There are currently not enough vworkers available to execute queries. The cluster may need to be activated through the AMC. Contact your database administrator for further assistance.
ERROR:  There are currently not enough vworkers available to execute queries. The cluster may need to be activated through the AMC. Contact your database administrator for further assistance.
ERROR:  There are currently not enough vworkers available to execute queries. The cluster may need to be activated through the AMC. Contact your database administrator for further assistance.
ERROR:  There are currently not enough vworkers available to execute queries. The cluster may need to be activated through the AMC. Contact your database administrator for further assistance.
ERROR:  There are currently not enough vworkers available to execute queries. The cluster may need to be activated through the AMC. Contact your database administrator for further assistance.
ERROR:  There are currently not enough vworkers available to execute queries. The cluster may need to be activated through the AMC. Contact your database administrator for further assistance.
ERROR:  There are currently not enough vworkers available to execute queries. The cluster may need to be activated through the AMC. Contact your database administrator for further assistance.
ERROR:  There are currently not enough vworkers available to execute queries. The cluster may need to be activated through the AMC. Contact your database administrator for further assistance.
ERROR:  There are currently not enough vworkers available to execute queries. The cluster may need to be activated through the AMC. Contact your database administrator for further assistance.
ERROR:  There are currently not enough vworkers available to execute queries. The cluster may need to be activated through the AMC. Contact your database administrator for further assistance.
ERROR:  There are currently not enough vworkers available to execute queries. The cluster may need to be activated through the AMC. Contact your database administrator for further assistance.
ERROR:  There are currently not enough vworkers available to execute queries. The cluster may need to be activated through the AMC. Contact your database administrator for further assistance.
ERROR:  There are currently not enough vworkers available to execute queries. The cluster may need to be activated through the AMC. Contact your database administrator for further assistance.
ERROR:  There are currently not enough vworkers available to execute queries. The cluster may need to be activated through the AMC. Contact your database administrator for further assistance.
ERROR:  There are currently not enough vworkers available to execute queries. The cluster may need to be activated through the AMC. Contact your database administrator for further assistance.
ERROR:  There are currently not enough vworkers available to execute queries. The cluster may need to be activated through the AMC. Contact your database administrator for further assistance.
ERROR:  There are currently not enough vworkers available to execute queries. The cluster may need to be activated through the AMC. Contact your database administrator for further assistance.
ERROR:  There are currently not enough vworkers available to execute queries. The cluster may need to be activated through the AMC. Contact your database administrator for further assistance.
ERROR:  There are currently not enough vworkers available to execute queries. The cluster may need to be activated through the AMC. Contact your database administrator for further assistance.
ERROR:  There are currently not enough vworkers available to execute queries. The cluster may need to be activated through the AMC. Contact your database administrator for further assistance.
ERROR:  There are currently not enough vworkers available to execute queries. The cluster may need to be activated through the AMC. Contact your database administrator for further assistance.
ERROR:  There are currently not enough vworkers available to execute queries. The cluster may need to be activated through the AMC. Contact your database administrator for further assistance.
ERROR:  There are currently not enough vworkers available to execute queries. The cluster may need to be activated through the AMC. Contact your database administrator for further assistance.
ERROR:  There are currently not enough vworkers available to execute queries. The cluster may need to be activated through the AMC. Contact your database administrator for further assistance.
ERROR:  There are currently not enough vworkers available to execute queries. The cluster may need to be activated through the AMC. Contact your database administrator for further assistance.
ERROR:  There are currently not enough vworkers available to execute queries. The cluster may need to be activated through the AMC. Contact your database administrator for further assistance.
ERROR:  There are currently not enough vworkers available to execute queries. The cluster may need to be activated through the AMC. Contact your database administrator for further assistance.
ERROR:  There are currently not enough vworkers available to execute queries. The cluster may need to be activated through the AMC. Contact your database administrator for further assistance.
ERROR:  There are currently not enough vworkers available to execute queries. The cluster may need to be activated through the AMC. Contact your database administrator for further assistance.
ERROR:  There are currently not enough vworkers available to execute queries. The cluster may need to be activated through the AMC. Contact your database administrator for further assistance.
ERROR:  There are currently not enough vworkers available to execute queries. The cluster may need to be activated through the AMC. Contact your database administrator for further assistance.
ERROR:  There are currently not enough vworkers available to execute queries. The cluster may need to be activated through the AMC. Contact your database administrator for further assistance.
ERROR:  There are currently not enough vworkers available to execute queries. The cluster may need to be activated through the AMC. Contact your database administrator for further assistance.
ERROR:  There are currently not enough vworkers available to execute queries. The cluster may need to be activated through the AMC. Contact your database administrator for further assistance.
ERROR:  There are currently not enough vworkers available to execute queries. The cluster may need to be activated through the AMC. Contact your database administrator for further assistance.
ERROR:  There are currently not enough vworkers available to execute queries. The cluster may need to be activated through the AMC. Contact your database administrator for further assistance.
ERROR:  There are currently not enough vworkers available to execute queries. The cluster may need to be activated through the AMC. Contact your database administrator for further assistance.
ERROR:  There are currently not enough vworkers available to execute queries. The cluster may need to be activated through the AMC. Contact your database administrator for further assistance.
ERROR:  There are currently not enough vworkers available to execute queries. The cluster may need to be activated through the AMC. Contact your database administrator for further assistance.
ERROR:  There are currently not enough vworkers available to execute queries. The cluster may need to be activated through the AMC. Contact your database administrator for further assistance.
ERROR:  There are currently not enough vworkers available to execute queries. The cluster may need to be activated through the AMC. Contact your database administrator for further assistance.
ERROR:  There are currently not enough vworkers available to execute queries. The cluster may need to be activated through the AMC. Contact your database administrator for further assistance.
ERROR:  There are currently not enough vworkers available to execute queries. The cluster may need to be activated through the AMC. Contact your database administrator for further assistance.
ERROR:  There are currently not enough vworkers available to execute queries. The cluster may need to be activated through the AMC. Contact your database administrator for further assistance.
ERROR:  There are currently not enough vworkers available to execute queries. The cluster may need to be activated through the AMC. Contact your database administrator for further assistance.

Sat Dec 17 03:01:51 EST 2011

Timing is on.
ERROR:  There are currently not enough vworkers available to execute queries. The cluster may need to be activated through the AMC. Contact your database administrator for further assistance.

           600 - LOAD RESOURCES

ERROR:  There are currently not enough vworkers available to execute queries. The cluster may need to be activated through the AMC. Contact your database administrator for further assistance.
ERROR:  There are currently not enough vworkers available to execute queries. The cluster may need to be activated through the AMC. Contact your database administrator for further assistance.
ERROR:  There are currently not enough vworkers available to execute queries. The cluster may need to be activated through the AMC. Contact your database administrator for further assistance.
ERROR:  There are currently not enough vworkers available to execute queries. The cluster may need to be activated through the AMC. Contact your database administrator for further assistance.
ERROR:  There are currently not enough vworkers available to execute queries. The cluster may need to be activated through the AMC. Contact your database administrator for further assistance.
ERROR:  There are currently not enough vworkers available to execute queries. The cluster may need to be activated through the AMC. Contact your database administrator for further assistance.
ERROR:  There are currently not enough vworkers available to execute queries. The cluster may need to be activated through the AMC. Contact your database administrator for further assistance.
ERROR:  There are currently not enough vworkers available to execute queries. The cluster may need to be activated through the AMC. Contact your database administrator for further assistance.
ERROR:  There are currently not enough vworkers available to execute queries. The cluster may need to be activated through the AMC. Contact your database administrator for further assistance.
ERROR:  There are currently not enough vworkers available to execute queries. The cluster may need to be activated through the AMC. Contact your database administrator for further assistance.
ERROR:  There are currently not enough vworkers available to execute queries. The cluster may need to be activated through the AMC. Contact your database administrator for further assistance.
ERROR:  There are currently not enough vworkers available to execute queries. The cluster may need to be activated through the AMC. Contact your database administrator for further assistance.
ERROR:  There are currently not enough vworkers available to execute queries. The cluster may need to be activated through the AMC. Contact your database administrator for further assistance.
ERROR:  There are currently not enough vworkers available to execute queries. The cluster may need to be activated through the AMC. Contact your database administrator for further assistance.
ERROR:  There are currently not enough vworkers available to execute queries. The cluster may need to be activated through the AMC. Contact your database administrator for further assistance.

Sat Dec 17 03:01:51 EST 2011

Timing is on.

           650 - LOAD_BN_SESSION_STAGE

ERROR:  There are currently not enough vworkers available to execute queries. The cluster may need to be activated through the AMC. Contact your database administrator for further assistance.
ERROR:  There are currently not enough vworkers available to execute queries. The cluster may need to be activated through the AMC. Contact your database administrator for further assistance.
ERROR:  There are currently not enough vworkers available to execute queries. The cluster may need to be activated through the AMC. Contact your database administrator for further assistance.
ERROR:  There are currently not enough vworkers available to execute queries. The cluster may need to be activated through the AMC. Contact your database administrator for further assistance.
ERROR:  There are currently not enough vworkers available to execute queries. The cluster may need to be activated through the AMC. Contact your database administrator for further assistance.
ERROR:  There are currently not enough vworkers available to execute queries. The cluster may need to be activated through the AMC. Contact your database administrator for further assistance.
ERROR:  There are currently not enough vworkers available to execute queries. The cluster may need to be activated through the AMC. Contact your database administrator for further assistance.
ERROR:  There are currently not enough vworkers available to execute queries. The cluster may need to be activated through the AMC. Contact your database administrator for further assistance.
ERROR:  There are currently not enough vworkers available to execute queries. The cluster may need to be activated through the AMC. Contact your database administrator for further assistance.
ERROR:  There are currently not enough vworkers available to execute queries. The cluster may need to be activated through the AMC. Contact your database administrator for further assistance.
ERROR:  There are currently not enough vworkers available to execute queries. The cluster may need to be activated through the AMC. Contact your database administrator for further assistance.
ERROR:  There are currently not enough vworkers available to execute queries. The cluster may need to be activated through the AMC. Contact your database administrator for further assistance.
ERROR:  There are currently not enough vworkers available to execute queries. The cluster may need to be activated through the AMC. Contact your database administrator for further assistance.
ERROR:  There are currently not enough vworkers available to execute queries. The cluster may need to be activated through the AMC. Contact your database administrator for further assistance.
ERROR:  There are currently not enough vworkers available to execute queries. The cluster may need to be activated through the AMC. Contact your database administrator for further assistance.
ERROR:  There are currently not enough vworkers available to execute queries. The cluster may need to be activated through the AMC. Contact your database administrator for further assistance.
ERROR:  There are currently not enough vworkers available to execute queries. The cluster may need to be activated through the AMC. Contact your database administrator for further assistance.
ERROR:  There are currently not enough vworkers available to execute queries. The cluster may need to be activated through the AMC. Contact your database administrator for further assistance.
ERROR:  There are currently not enough vworkers available to execute queries. The cluster may need to be activated through the AMC. Contact your database administrator for further assistance.
ERROR:  There are currently not enough vworkers available to execute queries. The cluster may need to be activated through the AMC. Contact your database administrator for further assistance.
ERROR:  There are currently not enough vworkers available to execute queries. The cluster may need to be activated through the AMC. Contact your database administrator for further assistance.
ERROR:  There are currently not enough vworkers available to execute queries. The cluster may need to be activated through the AMC. Contact your database administrator for further assistance.
ERROR:  There are currently not enough vworkers available to execute queries. The cluster may need to be activated through the AMC. Contact your database administrator for further assistance.

Sat Dec 17 03:01:51 EST 2011

ERROR:  There are currently not enough vworkers available to execute queries. The cluster may need to be activated through the AMC. Contact your database administrator for further assistance.

           660 - LOAD_BN_SESSION_UPDATE_STAGE

ERROR:  There are currently not enough vworkers available to execute queries. The cluster may need to be activated through the AMC. Contact your database administrator for further assistance.
ERROR:  There are currently not enough vworkers available to execute queries. The cluster may need to be activated through the AMC. Contact your database administrator for further assistance.
ERROR:  There are currently not enough vworkers available to execute queries. The cluster may need to be activated through the AMC. Contact your database administrator for further assistance.
ERROR:  There are currently not enough vworkers available to execute queries. The cluster may need to be activated through the AMC. Contact your database administrator for further assistance.

Sat Dec 17 03:01:52 EST 2011

Timing is on.

           670 - LOAD_BN_SESSION_20111216.UPDATES

ERROR:  There are currently not enough vworkers available to execute queries. The cluster may need to be activated through the AMC. Contact your database administrator for further assistance.
ERROR:  There are currently not enough vworkers available to execute queries. The cluster may need to be activated through the AMC. Contact your database administrator for further assistance.
ERROR:  There are currently not enough vworkers available to execute queries. The cluster may need to be activated through the AMC. Contact your database administrator for further assistance.
ERROR:  There are currently not enough vworkers available to execute queries. The cluster may need to be activated through the AMC. Contact your database administrator for further assistance.
ERROR:  There are currently not enough vworkers available to execute queries. The cluster may need to be activated through the AMC. Contact your database administrator for further assistance.

Sat Dec 17 03:01:52 EST 2011

Timing is on.

           700 - LOAD_BN_SESSION

ERROR:  There are currently not enough vworkers available to execute queries. The cluster may need to be activated through the AMC. Contact your database administrator for further assistance.
ERROR:  There are currently not enough vworkers available to execute queries. The cluster may need to be activated through the AMC. Contact your database administrator for further assistance.
ERROR:  There are currently not enough vworkers available to execute queries. The cluster may need to be activated through the AMC. Contact your database administrator for further assistance.
ERROR:  There are currently not enough vworkers available to execute queries. The cluster may need to be activated through the AMC. Contact your database administrator for further assistance.
ERROR:  There are currently not enough vworkers available to execute queries. The cluster may need to be activated through the AMC. Contact your database administrator for further assistance.

Sat Dec 17 03:01:52 EST 2011

Timing is on.

            750 - LOAD_BN_SESSION_SUMMARY   

ERROR:  There are currently not enough vworkers available to execute queries. The cluster may need to be activated through the AMC. Contact your database administrator for further assistance.
ERROR:  There are currently not enough vworkers available to execute queries. The cluster may need to be activated through the AMC. Contact your database administrator for further assistance.
ERROR:  There are currently not enough vworkers available to execute queries. The cluster may need to be activated through the AMC. Contact your database administrator for further assistance.
ERROR:  There are currently not enough vworkers available to execute queries. The cluster may need to be activated through the AMC. Contact your database administrator for further assistance.
ERROR:  There are currently not enough vworkers available to execute queries. The cluster may need to be activated through the AMC. Contact your database administrator for further assistance.
ERROR:  There are currently not enough vworkers available to execute queries. The cluster may need to be activated through the AMC. Contact your database administrator for further assistance.
ERROR:  There are currently not enough vworkers available to execute queries. The cluster may need to be activated through the AMC. Contact your database administrator for further assistance.
ERROR:  There are currently not enough vworkers available to execute queries. The cluster may need to be activated through the AMC. Contact your database administrator for further assistance.

Sat Dec 17 03:01:52 EST 2011

Timing is on.

           800 - LOAD_BN_HITS

ERROR:  There are currently not enough vworkers available to execute queries. The cluster may need to be activated through the AMC. Contact your database administrator for further assistance.
ERROR:  There are currently not enough vworkers available to execute queries. The cluster may need to be activated through the AMC. Contact your database administrator for further assistance.
ERROR:  There are currently not enough vworkers available to execute queries. The cluster may need to be activated through the AMC. Contact your database administrator for further assistance.
ERROR:  There are currently not enough vworkers available to execute queries. The cluster may need to be activated through the AMC. Contact your database administrator for further assistance.
ERROR:  There are currently not enough vworkers available to execute queries. The cluster may need to be activated through the AMC. Contact your database administrator for further assistance.
ERROR:  There are currently not enough vworkers available to execute queries. The cluster may need to be activated through the AMC. Contact your database administrator for further assistance.
ERROR:  There are currently not enough vworkers available to execute queries. The cluster may need to be activated through the AMC. Contact your database administrator for further assistance.
ERROR:  There are currently not enough vworkers available to execute queries. The cluster may need to be activated through the AMC. Contact your database administrator for further assistance.
ERROR:  There are currently not enough vworkers available to execute queries. The cluster may need to be activated through the AMC. Contact your database administrator for further assistance.
ERROR:  There are currently not enough vworkers available to execute queries. The cluster may need to be activated through the AMC. Contact your database administrator for further assistance.

Sat Dec 17 03:01:53 EST 2011

Timing is on.

            900 - LOAD_CLICKSTREAM   

ERROR:  There are currently not enough vworkers available to execute queries. The cluster may need to be activated through the AMC. Contact your database administrator for further assistance.
ERROR:  There are currently not enough vworkers available to execute queries. The cluster may need to be activated through the AMC. Contact your database administrator for further assistance.
ERROR:  There are currently not enough vworkers available to execute queries. The cluster may need to be activated through the AMC. Contact your database administrator for further assistance.
ERROR:  There are currently not enough vworkers available to execute queries. The cluster may need to be activated through the AMC. Contact your database administrator for further assistance.
ERROR:  There are currently not enough vworkers available to execute queries. The cluster may need to be activated through the AMC. Contact your database administrator for further assistance.
ERROR:  There are currently not enough vworkers available to execute queries. The cluster may need to be activated through the AMC. Contact your database administrator for further assistance.
ERROR:  There are currently not enough vworkers available to execute queries. The cluster may need to be activated through the AMC. Contact your database administrator for further assistance.

Sat Dec 17 03:01:53 EST 2011

Timing is on.

            1000 - PAGE_VIEW_SUMMARY  

ERROR:  There are currently not enough vworkers available to execute queries. The cluster may need to be activated through the AMC. Contact your database administrator for further assistance.
ERROR:  There are currently not enough vworkers available to execute queries. The cluster may need to be activated through the AMC. Contact your database administrator for further assistance.
ERROR:  There are currently not enough vworkers available to execute queries. The cluster may need to be activated through the AMC. Contact your database administrator for further assistance.
ERROR:  There are currently not enough vworkers available to execute queries. The cluster may need to be activated through the AMC. Contact your database administrator for further assistance.
ERROR:  There are currently not enough vworkers available to execute queries. The cluster may need to be activated through the AMC. Contact your database administrator for further assistance.
ERROR:  There are currently not enough vworkers available to execute queries. The cluster may need to be activated through the AMC. Contact your database administrator for further assistance.
ERROR:  There are currently not enough vworkers available to execute queries. The cluster may need to be activated through the AMC. Contact your database administrator for further assistance.
ERROR:  There are currently not enough vworkers available to execute queries. The cluster may need to be activated through the AMC. Contact your database administrator for further assistance.

Sat Dec 17 03:01:53 EST 2011


2000 - WRAP UP 

Timing is on.
ERROR:  There are currently not enough vworkers available to execute queries. The cluster may need to be activated through the AMC. Contact your database administrator for further assistance.
ERROR:  There are currently not enough vworkers available to execute queries. The cluster may need to be activated through the AMC. Contact your database administrator for further assistance.
ERROR:  There are currently not enough vworkers available to execute queries. The cluster may need to be activated through the AMC. Contact your database administrator for further assistance.
ERROR:  There are currently not enough vworkers available to execute queries. The cluster may need to be activated through the AMC. Contact your database administrator for further assistance.
Sat Dec 17 03:01:53 EST 2011
Removing lock file and waiting for a minute
Total time taken:  1  minutes.
Running time of run.sh 20111216: 64 seconds
Checking for lock file /tmp/.iislock
Acquired lock file /tmp/.iislock
deleting simple.htm records - these are just server testing...
DELETE 7
-------------------------------------
Processing for 20111216
-------------------------------------

Sun Dec 18 12:59:17 EST 2011

Timing is on.

           000 - INIT

BEGIN
Time: 0 hrs, 0 mins, 3 secs, 371 ms
*** Truncating staging tables before workflow starts ***
SET
Time: 0 hrs, 0 mins, 0 secs, 9 ms
GRANT
Time: 0 hrs, 1 mins, 19 secs, 849 ms
END
Time: 0 hrs, 0 mins, 22 secs, 426 ms

Sun Dec 18 13:01:03 EST 2011

Timing is on.

            200 - LOAD_BN_IISLOGS   

BEGIN
Time: 0 hrs, 0 mins, 4 secs, 749 ms
SET
Time: 0 hrs, 0 mins, 0 secs, 8 ms
TRUNCATE
Time: 0 hrs, 0 mins, 4 secs, 995 ms
INSERT 0 21518496
Time: 0 hrs, 8 mins, 30 secs, 882 ms
END
Time: 0 hrs, 6 mins, 56 secs, 466 ms
ALTER TABLE
Time: 0 hrs, 4 mins, 26 secs, 213 ms

Sun Dec 18 13:21:07 EST 2011

Timing is on.
BEGIN
Time: 0 hrs, 0 mins, 52 secs, 107 ms
SET
Time: 0 hrs, 0 mins, 0 secs, 9 ms

            250 - LOAD_BN_HITS_SP   

TRUNCATE
Time: 0 hrs, 0 mins, 17 secs, 349 ms
INSERT 0 7931956
Time: 0 hrs, 1 mins, 35 secs, 366 ms
ANALYZE
Time: 0 hrs, 0 mins, 4 secs, 266 ms
END
Time: 0 hrs, 0 mins, 32 secs, 356 ms

Sun Dec 18 13:24:28 EST 2011

Timing is on.
BEGIN
Time: 0 hrs, 0 mins, 3 secs, 624 ms
SET
Time: 0 hrs, 0 mins, 0 secs, 13 ms

           300 - DYNAMIC FILTER

TRUNCATE
Time: 0 hrs, 0 mins, 1 secs, 536 ms
INSERT 0 6365809
Time: 0 hrs, 0 mins, 0 secs, 785 ms
ANALYZE
Time: 0 hrs, 0 mins, 1 secs, 165 ms
 Total records in web_click_cnt 
--------------------------------
                        6365809
(1 row)

Time: 0 hrs, 0 mins, 2 secs, 582 ms
CREATE TABLE
Time: 0 hrs, 0 mins, 8 secs, 172 ms
ANALYZE
Time: 0 hrs, 0 mins, 0 secs, 31 ms
CREATE TABLE
Time: 0 hrs, 0 mins, 3 secs, 538 ms
ANALYZE
Time: 0 hrs, 0 mins, 0 secs, 32 ms
DELETE 1
Time: 0 hrs, 0 mins, 1 secs, 403 ms
INSERT 0 1
Time: 0 hrs, 0 mins, 1 secs, 723 ms
DELETE 1
Time: 0 hrs, 0 mins, 0 secs, 64 ms
INSERT 0 1
Time: 0 hrs, 0 mins, 0 secs, 525 ms
CREATE TABLE
Time: 0 hrs, 0 mins, 6 secs, 726 ms
ANALYZE
Time: 0 hrs, 0 mins, 3 secs, 156 ms
CREATE TABLE
Time: 0 hrs, 0 mins, 0 secs, 544 ms
ANALYZE
Time: 0 hrs, 0 mins, 0 secs, 73 ms
DELETE 1
Time: 0 hrs, 0 mins, 0 secs, 60 ms
INSERT 0 1
Time: 0 hrs, 0 mins, 0 secs, 388 ms
DELETE 1
Time: 0 hrs, 0 mins, 0 secs, 67 ms
INSERT 0 1
Time: 0 hrs, 0 mins, 0 secs, 906 ms
ANALYZE
Time: 0 hrs, 0 mins, 0 secs, 341 ms
    tablename     |    attr_name    | attr_value 
------------------+-----------------+------------
 BN_FILTER_SPIDER | CLK_USER_SD_MPL | 10
 BN_FILTER_SPIDER | IP_USER_SD_MPL  | 1
 BN_FILTER_SPIDER | IP_USER_RATIO   | .955
 BN_FILTER_SPIDER | CLK_USER_MEAN   | 9.173
 BN_FILTER_SPIDER | CLK_USER_SD     | 28.581
 BN_FILTER_SPIDER | IP_USER_MEAN    | 13.136
 BN_FILTER_SPIDER | IP_USER_SD      | 1835.422
(7 rows)

Time: 0 hrs, 0 mins, 4 secs, 691 ms
CREATE TABLE
Time: 0 hrs, 0 mins, 11 secs, 333 ms
CREATE TABLE
Time: 0 hrs, 0 mins, 1 secs, 636 ms
 l_mean_sd_mpl 
---------------
       294.983
(1 row)

Time: 0 hrs, 0 mins, 1 secs, 100 ms
TRUNCATE
Time: 0 hrs, 0 mins, 7 secs, 488 ms
INSERT 0 266
Time: 0 hrs, 0 mins, 37 secs, 811 ms
ANALYZE
Time: 0 hrs, 0 mins, 0 secs, 825 ms
 Total click_user bn_spider_ip records 
---------------------------------------
                                   266
(1 row)

Time: 0 hrs, 0 mins, 4 secs, 33 ms
CREATE TABLE
Time: 0 hrs, 0 mins, 26 secs, 336 ms
ANALYZE
Time: 0 hrs, 0 mins, 0 secs, 28 ms
CREATE TABLE
Time: 0 hrs, 0 mins, 16 secs, 457 ms
ANALYZE
Time: 0 hrs, 0 mins, 0 secs, 599 ms
DROP 
Time: 0 hrs, 0 mins, 0 secs, 117 ms
CREATE TABLE
Time: 0 hrs, 0 mins, 2 secs, 566 ms
 l_mean_sd_mpl | l_ratio 
---------------+---------
      1848.558 |   0.955
(1 row)

Time: 0 hrs, 0 mins, 2 secs, 949 ms
INSERT 0 5147471
Time: 0 hrs, 0 mins, 14 secs, 117 ms
ANALYZE
Time: 0 hrs, 0 mins, 0 secs, 203 ms
 Total ip_user_filter bn_spider_ip records 
-------------------------------------------
                                   5147471
(1 row)

Time: 0 hrs, 0 mins, 0 secs, 763 ms
TRUNCATE
Time: 0 hrs, 0 mins, 4 secs, 610 ms
INSERT 0 6459525
Time: 0 hrs, 0 mins, 17 secs, 293 ms
ANALYZE
Time: 0 hrs, 0 mins, 12 secs, 798 ms
 bn_hits_stage 
---------------
       6459525
(1 row)

Time: 0 hrs, 0 mins, 5 secs, 762 ms
INSERT 0 5391028
Time: 0 hrs, 0 mins, 46 secs, 405 ms
ANALYZE
Time: 0 hrs, 0 mins, 5 secs, 980 ms
 bn_hits_sp_20111216 
---------------------
            13322984
(1 row)

Time: 0 hrs, 0 mins, 0 secs, 708 ms
TRUNCATE
Time: 0 hrs, 0 mins, 11 secs, 878 ms
INSERT 0 1735987
Time: 0 hrs, 0 mins, 3 secs, 351 ms
ANALYZE
Time: 0 hrs, 0 mins, 1 secs, 958 ms
 bn_hits_client_20111216 
-------------------------
                 1735987
(1 row)

Time: 0 hrs, 0 mins, 0 secs, 236 ms
END
Time: 0 hrs, 3 mins, 1 secs, 869 ms

Sun Dec 18 13:32:12 EST 2011

Timing is on.
BEGIN
Time: 0 hrs, 0 mins, 0 secs, 294 ms

           600 - LOAD RESOURCES

SET
Time: 0 hrs, 0 mins, 0 secs, 20 ms
CREATE TABLE
Time: 0 hrs, 1 mins, 15 secs, 190 ms
ANALYZE
Time: 0 hrs, 0 mins, 1 secs, 217 ms
 tmp_a_count 
-------------
      530186
(1 row)

Time: 0 hrs, 0 mins, 4 secs, 862 ms
UPDATE 0
Time: 0 hrs, 0 mins, 12 secs, 774 ms
ANALYZE
Time: 0 hrs, 0 mins, 1 secs, 874 ms
TRUNCATE
Time: 0 hrs, 0 mins, 4 secs, 82 ms
INSERT 0 146483
Time: 0 hrs, 0 mins, 47 secs, 260 ms
ANALYZE
Time: 0 hrs, 0 mins, 2 secs, 329 ms
 first_resource_id | last_resource_id 
-------------------+------------------
          68671822 |         68818304
(1 row)

Time: 0 hrs, 0 mins, 3 secs, 703 ms
INSERT 0 146483
Time: 0 hrs, 0 mins, 4 secs, 672 ms
 total_resources 
-----------------
        68793841
(1 row)

Time: 0 hrs, 0 mins, 1 secs, 315 ms
ANALYZE
Time: 0 hrs, 0 mins, 0 secs, 543 ms
END
Time: 0 hrs, 0 mins, 14 secs, 684 ms
VACUUM
Time: 0 hrs, 0 mins, 26 secs, 393 ms

Sun Dec 18 13:35:33 EST 2011

Timing is on.

           650 - LOAD_BN_SESSION_STAGE

BEGIN
Time: 0 hrs, 0 mins, 0 secs, 965 ms
SET
Time: 0 hrs, 0 mins, 0 secs, 6 ms
SET
Time: 0 hrs, 0 mins, 0 secs, 12 ms
CREATE TABLE
Time: 0 hrs, 1 mins, 28 secs, 243 ms
ANALYZE
Time: 0 hrs, 0 mins, 3 secs, 434 ms
 tmp_sessionized_stage 
-----------------------
               6459525
(1 row)

Time: 0 hrs, 0 mins, 0 secs, 919 ms
TRUNCATE
Time: 0 hrs, 0 mins, 3 secs, 905 ms
INSERT 0 1076152
Time: 0 hrs, 0 mins, 33 secs, 65 ms
ANALYZE
Time: 0 hrs, 0 mins, 3 secs, 832 ms
CREATE TABLE
Time: 0 hrs, 2 mins, 59 secs, 157 ms
CREATE INDEX
Time: 0 hrs, 0 mins, 7 secs, 183 ms
 tmp_first_last 
----------------
        1076152
(1 row)

Time: 0 hrs, 0 mins, 4 secs, 237 ms
ANALYZE
Time: 0 hrs, 0 mins, 2 secs, 832 ms
SET
Time: 0 hrs, 0 mins, 0 secs, 16 ms
SET
Time: 0 hrs, 0 mins, 0 secs, 15 ms
TRUNCATE
Time: 0 hrs, 0 mins, 12 secs, 241 ms
DROP 
Time: 0 hrs, 0 mins, 2 secs, 219 ms
INSERT 0 1076152
Time: 0 hrs, 0 mins, 9 secs, 381 ms
 bn_session_stage 
------------------
          1076152
(1 row)

Time: 0 hrs, 0 mins, 12 secs, 409 ms
CREATE INDEX
Time: 0 hrs, 0 mins, 6 secs, 523 ms
ANALYZE
Time: 0 hrs, 0 mins, 1 secs, 67 ms
TRUNCATE
Time: 0 hrs, 0 mins, 21 secs, 927 ms
END
Time: 0 hrs, 1 mins, 0 secs, 74 ms

Sun Dec 18 13:43:07 EST 2011

BEGIN

           660 - LOAD_BN_SESSION_UPDATE_STAGE

SET
TRUNCATE
INSERT 0 0
END

Sun Dec 18 13:43:47 EST 2011

Timing is on.

           670 - LOAD_BN_SESSION_20111216.UPDATES

BEGIN
Time: 0 hrs, 0 mins, 2 secs, 794 ms
SET
Time: 0 hrs, 0 mins, 0 secs, 6 ms
UPDATE 0
Time: 0 hrs, 0 mins, 0 secs, 213 ms
END
Time: 0 hrs, 0 mins, 12 secs, 718 ms
VACUUM
Time: 0 hrs, 0 mins, 43 secs, 740 ms

Sun Dec 18 13:44:47 EST 2011

Timing is on.

           700 - LOAD_BN_SESSION

BEGIN
Time: 0 hrs, 0 mins, 0 secs, 151 ms
SET
Time: 0 hrs, 0 mins, 0 secs, 10 ms
INSERT 0 1076152
Time: 0 hrs, 0 mins, 35 secs, 451 ms
ANALYZE
Time: 0 hrs, 0 mins, 1 secs, 12 ms
END
Time: 0 hrs, 0 mins, 32 secs, 345 ms

Sun Dec 18 13:45:56 EST 2011

Timing is on.

            750 - LOAD_BN_SESSION_SUMMARY   

BEGIN
Time: 0 hrs, 0 mins, 0 secs, 434 ms
SET
Time: 0 hrs, 0 mins, 0 secs, 6 ms
CREATE TABLE
Time: 0 hrs, 0 mins, 44 secs, 226 ms
TRUNCATE
Time: 0 hrs, 0 mins, 5 secs, 675 ms
INSERT 0 362564
Time: 0 hrs, 0 mins, 5 secs, 969 ms
ANALYZE
Time: 0 hrs, 0 mins, 2 secs, 370 ms
 count(1) 
----------
   362564
(1 row)

Time: 0 hrs, 0 mins, 0 secs, 712 ms
END
Time: 0 hrs, 0 mins, 27 secs, 115 ms

Sun Dec 18 13:47:23 EST 2011

Timing is on.

           800 - LOAD_BN_HITS

BEGIN
Time: 0 hrs, 0 mins, 1 secs, 762 ms
SET
Time: 0 hrs, 0 mins, 0 secs, 7 ms
SET
Time: 0 hrs, 0 mins, 0 secs, 19 ms
SET
Time: 0 hrs, 0 mins, 0 secs, 18 ms
SET
Time: 0 hrs, 0 mins, 0 secs, 13 ms
TRUNCATE
Time: 0 hrs, 0 mins, 4 secs, 861 ms
INSERT 0 6459525
Time: 0 hrs, 0 mins, 10 secs, 12 ms
 count(1) 
----------
  6459525
(1 row)

Time: 0 hrs, 0 mins, 12 secs, 72 ms
ANALYZE
Time: 0 hrs, 0 mins, 8 secs, 447 ms
END
Time: 0 hrs, 1 mins, 52 secs, 311 ms

Sun Dec 18 13:49:53 EST 2011

Timing is on.

            900 - LOAD_CLICKSTREAM   

BEGIN
Time: 0 hrs, 0 mins, 48 secs, 112 ms
SET
Time: 0 hrs, 0 mins, 0 secs, 7 ms
TRUNCATE
Time: 0 hrs, 0 mins, 13 secs, 679 ms
INSERT 0 6459525
Time: 0 hrs, 21 mins, 1 secs, 913 ms
 count(1) 
----------
  6459525
(1 row)

Time: 0 hrs, 0 mins, 0 secs, 400 ms
ANALYZE
Time: 0 hrs, 0 mins, 1 secs, 482 ms
END
Time: 0 hrs, 0 mins, 22 secs, 495 ms

Sun Dec 18 14:12:21 EST 2011

Timing is on.

            1000 - PAGE_VIEW_SUMMARY  

BEGIN
Time: 0 hrs, 0 mins, 0 secs, 193 ms
SET
Time: 0 hrs, 0 mins, 0 secs, 6 ms
SET
Time: 0 hrs, 0 mins, 0 secs, 17 ms
TRUNCATE
Time: 0 hrs, 0 mins, 6 secs, 867 ms
INSERT 0 544616
Time: 0 hrs, 1 mins, 35 secs, 696 ms
 count(1) 
----------
   544616
(1 row)

Time: 0 hrs, 0 mins, 16 secs, 829 ms
ANALYZE
Time: 0 hrs, 0 mins, 40 secs, 189 ms
END
Time: 0 hrs, 7 mins, 31 secs, 633 ms

Sun Dec 18 14:22:33 EST 2011


2000 - WRAP UP 

Timing is on.
BEGIN
Time: 0 hrs, 1 mins, 6 secs, 350 ms
TRUNCATE
Time: 0 hrs, 1 mins, 55 secs, 20 ms
TRUNCATE
Time: 0 hrs, 0 mins, 13 secs, 453 ms
END
Time: 0 hrs, 3 mins, 22 secs, 50 ms
Sun Dec 18 14:29:10 EST 2011
Removing lock file and waiting for a minute
Total time taken:  92  minutes.
Running time of run.sh 20111216: 92 minutes
Checking for lock file /tmp/.iislock
Acquired lock file /tmp/.iislock
deleting simple.htm records - these are just server testing...
DELETE 5396437
-------------------------------------
Processing for 20111216
-------------------------------------

Mon Dec 19 10:55:17 EST 2011

Timing is on.

           000 - INIT

BEGIN
Time: 0 hrs, 0 mins, 17 secs, 270 ms
*** Truncating staging tables before workflow starts ***
SET
Time: 0 hrs, 0 mins, 0 secs, 9 ms
GRANT
Time: 0 hrs, 3 mins, 59 secs, 662 ms
END
Time: 0 hrs, 2 mins, 26 secs, 613 ms

Mon Dec 19 11:02:01 EST 2011

Timing is on.

            200 - LOAD_BN_IISLOGS   

BEGIN
Time: 0 hrs, 0 mins, 42 secs, 883 ms
SET
Time: 0 hrs, 0 mins, 0 secs, 59 ms
TRUNCATE
Time: 0 hrs, 0 mins, 22 secs, 216 ms
INSERT 0 87265039
Time: 0 hrs, 24 mins, 59 secs, 10 ms
END
Time: 0 hrs, 5 mins, 48 secs, 357 ms
ALTER TABLE
Time: 0 hrs, 2 mins, 58 secs, 896 ms

Mon Dec 19 11:36:53 EST 2011

Timing is on.
BEGIN
Time: 0 hrs, 0 mins, 21 secs, 260 ms
SET
Time: 0 hrs, 0 mins, 0 secs, 8 ms

            250 - LOAD_BN_HITS_SP   

TRUNCATE
Time: 0 hrs, 0 mins, 5 secs, 858 ms
INSERT 0 32914748
Time: 0 hrs, 8 mins, 6 secs, 22 ms
ANALYZE
Time: 0 hrs, 0 mins, 25 secs, 678 ms
END
Time: 0 hrs, 0 mins, 38 secs, 784 ms

Mon Dec 19 11:46:31 EST 2011

Timing is on.
BEGIN
Time: 0 hrs, 0 mins, 9 secs, 318 ms
SET
Time: 0 hrs, 0 mins, 0 secs, 8 ms

           300 - DYNAMIC FILTER

TRUNCATE
Time: 0 hrs, 0 mins, 12 secs, 834 ms
INSERT 0 26648241
Time: 0 hrs, 0 mins, 7 secs, 894 ms
ANALYZE
Time: 0 hrs, 0 mins, 2 secs, 192 ms
 Total records in web_click_cnt 
--------------------------------
                       26648241
(1 row)

Time: 0 hrs, 0 mins, 3 secs, 142 ms
CREATE TABLE
Time: 0 hrs, 0 mins, 41 secs, 510 ms
ANALYZE
Time: 0 hrs, 0 mins, 0 secs, 952 ms
CREATE TABLE
Time: 0 hrs, 0 mins, 2 secs, 36 ms
ANALYZE
Time: 0 hrs, 0 mins, 0 secs, 52 ms
DELETE 1
Time: 0 hrs, 0 mins, 1 secs, 363 ms
INSERT 0 1
Time: 0 hrs, 0 mins, 2 secs, 4 ms
DELETE 1
Time: 0 hrs, 0 mins, 0 secs, 59 ms
INSERT 0 1
Time: 0 hrs, 0 mins, 2 secs, 923 ms
CREATE TABLE
Time: 0 hrs, 7 mins, 30 secs, 678 ms
ANALYZE
Time: 0 hrs, 0 mins, 0 secs, 65 ms
CREATE TABLE
Time: 0 hrs, 0 mins, 1 secs, 438 ms
ANALYZE
Time: 0 hrs, 0 mins, 0 secs, 684 ms
DELETE 1
Time: 0 hrs, 0 mins, 0 secs, 113 ms
INSERT 0 1
Time: 0 hrs, 0 mins, 1 secs, 818 ms
DELETE 1
Time: 0 hrs, 0 mins, 0 secs, 901 ms
INSERT 0 1
Time: 0 hrs, 0 mins, 2 secs, 667 ms
ANALYZE
Time: 0 hrs, 0 mins, 1 secs, 530 ms
    tablename     |    attr_name    | attr_value 
------------------+-----------------+------------
 BN_FILTER_SPIDER | CLK_USER_SD_MPL | 10
 BN_FILTER_SPIDER | IP_USER_SD_MPL  | 1
 BN_FILTER_SPIDER | IP_USER_RATIO   | .955
 BN_FILTER_SPIDER | CLK_USER_MEAN   | 9.578
 BN_FILTER_SPIDER | CLK_USER_SD     | 37.715
 BN_FILTER_SPIDER | IP_USER_MEAN    | 16.682
 BN_FILTER_SPIDER | IP_USER_SD      | 4142.671
(7 rows)

Time: 0 hrs, 0 mins, 2 secs, 225 ms
CREATE TABLE
Time: 0 hrs, 0 mins, 18 secs, 839 ms
CREATE TABLE
Time: 0 hrs, 0 mins, 0 secs, 867 ms
 l_mean_sd_mpl 
---------------
       386.728
(1 row)

Time: 0 hrs, 0 mins, 2 secs, 334 ms
TRUNCATE
Time: 0 hrs, 0 mins, 3 secs, 505 ms
INSERT 0 830
Time: 0 hrs, 0 mins, 19 secs, 166 ms
ANALYZE
Time: 0 hrs, 0 mins, 3 secs, 189 ms
 Total click_user bn_spider_ip records 
---------------------------------------
                                   830
(1 row)

Time: 0 hrs, 0 mins, 1 secs, 683 ms
CREATE TABLE
Time: 0 hrs, 1 mins, 14 secs, 730 ms
ANALYZE
Time: 0 hrs, 0 mins, 0 secs, 39 ms
CREATE TABLE
Time: 0 hrs, 0 mins, 17 secs, 498 ms
ANALYZE
Time: 0 hrs, 0 mins, 0 secs, 529 ms
DROP 
Time: 0 hrs, 0 mins, 0 secs, 104 ms
CREATE TABLE
Time: 0 hrs, 0 mins, 1 secs, 616 ms
 l_mean_sd_mpl | l_ratio 
---------------+---------
      4159.353 |   0.955
(1 row)

Time: 0 hrs, 0 mins, 2 secs, 107 ms
INSERT 0 22025831
Time: 0 hrs, 5 mins, 47 secs, 802 ms
ANALYZE
Time: 0 hrs, 0 mins, 36 secs, 820 ms
 Total ip_user_filter bn_spider_ip records 
-------------------------------------------
                                  22025831
(1 row)

Time: 0 hrs, 1 mins, 10 secs, 685 ms
TRUNCATE
Time: 0 hrs, 0 mins, 20 secs, 734 ms
INSERT 0 25366820
Time: 0 hrs, 2 mins, 5 secs, 987 ms
ANALYZE
Time: 0 hrs, 0 mins, 30 secs, 519 ms
 bn_hits_stage 
---------------
      25366820
(1 row)

Time: 0 hrs, 0 mins, 1 secs, 458 ms
INSERT 0 23900764
Time: 0 hrs, 2 mins, 3 secs, 417 ms
ANALYZE
Time: 0 hrs, 0 mins, 12 secs, 46 ms
 bn_hits_sp_20111216 
---------------------
            56815512
(1 row)

Time: 0 hrs, 0 mins, 2 secs, 385 ms
TRUNCATE
Time: 0 hrs, 0 mins, 7 secs, 412 ms
INSERT 0 5082707
Time: 0 hrs, 0 mins, 5 secs, 298 ms
ANALYZE
Time: 0 hrs, 0 mins, 2 secs, 712 ms
 bn_hits_client_20111216 
-------------------------
                 5082707
(1 row)

Time: 0 hrs, 0 mins, 4 secs, 336 ms
END
Time: 0 hrs, 3 mins, 43 secs, 533 ms

Mon Dec 19 12:15:01 EST 2011

Timing is on.
BEGIN
Time: 0 hrs, 1 mins, 33 secs, 856 ms

           600 - LOAD RESOURCES

SET
Time: 0 hrs, 0 mins, 0 secs, 72 ms
CREATE TABLE
Time: 0 hrs, 2 mins, 53 secs, 463 ms
ANALYZE
Time: 0 hrs, 0 mins, 8 secs, 530 ms
 tmp_a_count 
-------------
     1557238
(1 row)

Time: 0 hrs, 0 mins, 4 secs, 337 ms
UPDATE 0
Time: 0 hrs, 0 mins, 9 secs, 400 ms
ANALYZE
Time: 0 hrs, 0 mins, 1 secs, 292 ms
TRUNCATE
Time: 0 hrs, 0 mins, 9 secs, 370 ms
INSERT 0 412039
Time: 0 hrs, 5 mins, 22 secs, 925 ms
ANALYZE
Time: 0 hrs, 0 mins, 6 secs, 450 ms
 first_resource_id | last_resource_id 
-------------------+------------------
          69389628 |         69801666
(1 row)

Time: 0 hrs, 0 mins, 1 secs, 854 ms
INSERT 0 412039
Time: 0 hrs, 0 mins, 53 secs, 968 ms
 total_resources 
-----------------
        69777203
(1 row)

Time: 0 hrs, 0 mins, 12 secs, 336 ms
ANALYZE
Time: 0 hrs, 0 mins, 3 secs, 781 ms
END
Time: 0 hrs, 0 mins, 35 secs, 507 ms
VACUUM
Time: 0 hrs, 1 mins, 34 secs, 37 ms

Mon Dec 19 12:28:52 EST 2011

Timing is on.

           650 - LOAD_BN_SESSION_STAGE

BEGIN
Time: 0 hrs, 0 mins, 25 secs, 533 ms
SET
Time: 0 hrs, 0 mins, 0 secs, 8 ms
SET
Time: 0 hrs, 0 mins, 0 secs, 18 ms
CREATE TABLE
Time: 0 hrs, 4 mins, 18 secs, 953 ms
ANALYZE
Time: 0 hrs, 0 mins, 12 secs, 889 ms
 tmp_sessionized_stage 
-----------------------
              25366820
(1 row)

Time: 0 hrs, 0 mins, 3 secs, 833 ms
TRUNCATE
Time: 0 hrs, 0 mins, 5 secs, 642 ms
INSERT 0 4159696
Time: 0 hrs, 2 mins, 2 secs, 415 ms
ANALYZE
Time: 0 hrs, 0 mins, 5 secs, 466 ms
CREATE TABLE
Time: 0 hrs, 15 mins, 15 secs, 158 ms
CREATE INDEX
Time: 0 hrs, 0 mins, 4 secs, 799 ms
 tmp_first_last 
----------------
        4159696
(1 row)

Time: 0 hrs, 0 mins, 4 secs, 930 ms
ANALYZE
Time: 0 hrs, 0 mins, 1 secs, 571 ms
SET
Time: 0 hrs, 0 mins, 0 secs, 21 ms
SET
Time: 0 hrs, 0 mins, 0 secs, 12 ms
TRUNCATE
Time: 0 hrs, 0 mins, 16 secs, 325 ms
DROP 
Time: 0 hrs, 0 mins, 3 secs, 694 ms
INSERT 0 4159696
Time: 0 hrs, 0 mins, 33 secs, 261 ms
 bn_session_stage 
------------------
          4159696
(1 row)

Time: 0 hrs, 0 mins, 28 secs, 903 ms
CREATE INDEX
Time: 0 hrs, 0 mins, 13 secs, 566 ms
ANALYZE
Time: 0 hrs, 0 mins, 1 secs, 339 ms
TRUNCATE
Time: 0 hrs, 0 mins, 12 secs, 282 ms
END
Time: 0 hrs, 1 mins, 20 secs, 686 ms

Mon Dec 19 12:54:44 EST 2011

BEGIN

           660 - LOAD_BN_SESSION_UPDATE_STAGE

SET
TRUNCATE
INSERT 0 0
END

Mon Dec 19 12:56:01 EST 2011

Timing is on.

           670 - LOAD_BN_SESSION_20111216.UPDATES

BEGIN
Time: 0 hrs, 0 mins, 2 secs, 393 ms
SET
Time: 0 hrs, 0 mins, 0 secs, 9 ms
UPDATE 0
Time: 0 hrs, 0 mins, 0 secs, 214 ms
END
Time: 0 hrs, 0 mins, 35 secs, 141 ms
VACUUM
Time: 0 hrs, 1 mins, 23 secs, 565 ms

Mon Dec 19 12:58:02 EST 2011

Timing is on.

           700 - LOAD_BN_SESSION

BEGIN
Time: 0 hrs, 0 mins, 19 secs, 955 ms
SET
Time: 0 hrs, 0 mins, 0 secs, 32 ms
INSERT 0 4159696
Time: 0 hrs, 0 mins, 48 secs, 984 ms
ANALYZE
Time: 0 hrs, 0 mins, 4 secs, 31 ms
END
Time: 0 hrs, 0 mins, 13 secs, 344 ms

Mon Dec 19 12:59:29 EST 2011

Timing is on.

            750 - LOAD_BN_SESSION_SUMMARY   

BEGIN
Time: 0 hrs, 0 mins, 3 secs, 84 ms
SET
Time: 0 hrs, 0 mins, 0 secs, 15 ms
CREATE TABLE
Time: 0 hrs, 0 mins, 29 secs, 90 ms
TRUNCATE
Time: 0 hrs, 0 mins, 8 secs, 342 ms
INSERT 0 1185787
Time: 0 hrs, 0 mins, 21 secs, 168 ms
ANALYZE
Time: 0 hrs, 0 mins, 1 secs, 896 ms
 count(1) 
----------
  1185787
(1 row)

Time: 0 hrs, 0 mins, 0 secs, 923 ms
END
Time: 0 hrs, 0 mins, 47 secs, 450 ms

Mon Dec 19 13:01:21 EST 2011

Timing is on.

           800 - LOAD_BN_HITS

BEGIN
Time: 0 hrs, 0 mins, 0 secs, 308 ms
SET
Time: 0 hrs, 0 mins, 0 secs, 6 ms
SET
Time: 0 hrs, 0 mins, 0 secs, 33 ms
SET
Time: 0 hrs, 0 mins, 0 secs, 35 ms
SET
Time: 0 hrs, 0 mins, 0 secs, 36 ms
TRUNCATE
Time: 0 hrs, 0 mins, 5 secs, 970 ms
INSERT 0 25366820
Time: 0 hrs, 0 mins, 28 secs, 409 ms
 count(1) 
----------
 25366820
(1 row)

Time: 0 hrs, 0 mins, 8 secs, 229 ms
ANALYZE
Time: 0 hrs, 0 mins, 6 secs, 998 ms
END
Time: 0 hrs, 0 mins, 56 secs, 546 ms

Mon Dec 19 13:03:08 EST 2011

Timing is on.

            900 - LOAD_CLICKSTREAM   

BEGIN
Time: 0 hrs, 0 mins, 18 secs, 796 ms
SET
Time: 0 hrs, 0 mins, 0 secs, 7 ms
TRUNCATE
Time: 0 hrs, 0 mins, 23 secs, 119 ms
INSERT 0 25366820
Time: 0 hrs, 15 mins, 41 secs, 551 ms
 count(1) 
----------
 25366820
(1 row)

Time: 0 hrs, 0 mins, 9 secs, 741 ms
ANALYZE
Time: 0 hrs, 0 mins, 4 secs, 258 ms
END
Time: 0 hrs, 2 mins, 7 secs, 574 ms

Mon Dec 19 13:21:53 EST 2011

Timing is on.

            1000 - PAGE_VIEW_SUMMARY  

BEGIN
Time: 0 hrs, 0 mins, 0 secs, 143 ms
SET
Time: 0 hrs, 0 mins, 0 secs, 6 ms
SET
Time: 0 hrs, 0 mins, 0 secs, 15 ms
TRUNCATE
Time: 0 hrs, 0 mins, 11 secs, 250 ms
INSERT 0 1599733
Time: 0 hrs, 5 mins, 17 secs, 78 ms
 count(1) 
----------
  1599733
(1 row)

Time: 0 hrs, 0 mins, 3 secs, 586 ms
ANALYZE
Time: 0 hrs, 0 mins, 1 secs, 567 ms
END
Time: 0 hrs, 3 mins, 37 secs, 252 ms

Mon Dec 19 13:31:04 EST 2011


2000 - WRAP UP 

Timing is on.
BEGIN
Time: 0 hrs, 0 mins, 3 secs, 959 ms
TRUNCATE
Time: 0 hrs, 0 mins, 7 secs, 5 ms
TRUNCATE
Time: 0 hrs, 0 mins, 6 secs, 948 ms
END
Time: 0 hrs, 1 mins, 48 secs, 2 ms
Mon Dec 19 13:33:10 EST 2011
Removing lock file and waiting for a minute
Total time taken:  170  minutes.
