Checking for lock file /tmp/.iislock
Acquired lock file /tmp/.iislock
-------------------------------------
Processing for 20110616
-------------------------------------

Fri Jun 17 15:32:20 EDT 2011

Timing is on.

           000 - INIT

BEGIN
Time: 0 hrs, 0 mins, 6 secs, 442 ms
*** Truncating staging tables before workflow starts ***
SET
Time: 0 hrs, 0 mins, 0 secs, 11 ms
GRANT
Time: 0 hrs, 0 mins, 21 secs, 941 ms
END
Time: 0 hrs, 0 mins, 6 secs, 998 ms

Fri Jun 17 15:32:57 EDT 2011

Timing is on.

            200 - LOAD_BN_IISLOGS   

BEGIN
Time: 0 hrs, 0 mins, 1 secs, 528 ms
SET
Time: 0 hrs, 0 mins, 0 secs, 11 ms
TRUNCATE
Time: 0 hrs, 0 mins, 5 secs, 416 ms
INSERT 0 54851844
Time: 0 hrs, 13 mins, 16 secs, 94 ms
END
Time: 0 hrs, 0 mins, 26 secs, 918 ms
ALTER TABLE
Time: 0 hrs, 12 mins, 11 secs, 271 ms

Fri Jun 17 15:58:59 EDT 2011

Timing is on.
BEGIN
Time: 0 hrs, 0 mins, 11 secs, 41 ms
SET
Time: 0 hrs, 0 mins, 0 secs, 16 ms

            250 - LOAD_BN_HITS_SP   

TRUNCATE
Time: 0 hrs, 0 mins, 5 secs, 877 ms
INSERT 0 21704685
Time: 0 hrs, 3 mins, 40 secs, 330 ms
ANALYZE
Time: 0 hrs, 1 mins, 6 secs, 622 ms
END
Time: 0 hrs, 0 mins, 13 secs, 611 ms

Fri Jun 17 16:04:18 EDT 2011

Timing is on.
BEGIN
Time: 0 hrs, 0 mins, 2 secs, 955 ms
SET
Time: 0 hrs, 0 mins, 0 secs, 10 ms

           300 - DYNAMIC FILTER

TRUNCATE
Time: 0 hrs, 0 mins, 5 secs, 377 ms
INSERT 0 13833886
Time: 0 hrs, 0 mins, 37 secs, 23 ms
ANALYZE
Time: 0 hrs, 0 mins, 2 secs, 19 ms
 Total records in web_click_cnt 
--------------------------------
                       13833886
(1 row)

Time: 0 hrs, 0 mins, 3 secs, 881 ms
CREATE TABLE
Time: 0 hrs, 0 mins, 5 secs, 516 ms
ANALYZE
Time: 0 hrs, 0 mins, 0 secs, 86 ms
CREATE TABLE
Time: 0 hrs, 0 mins, 1 secs, 583 ms
ANALYZE
Time: 0 hrs, 0 mins, 0 secs, 146 ms
DELETE 1
Time: 0 hrs, 0 mins, 0 secs, 450 ms
INSERT 0 1
Time: 0 hrs, 0 mins, 1 secs, 329 ms
DELETE 1
Time: 0 hrs, 0 mins, 0 secs, 96 ms
INSERT 0 1
Time: 0 hrs, 0 mins, 0 secs, 675 ms
CREATE TABLE
Time: 0 hrs, 0 mins, 3 secs, 570 ms
ANALYZE
Time: 0 hrs, 0 mins, 0 secs, 88 ms
CREATE TABLE
Time: 0 hrs, 0 mins, 2 secs, 150 ms
ANALYZE
Time: 0 hrs, 0 mins, 0 secs, 82 ms
DELETE 1
Time: 0 hrs, 0 mins, 0 secs, 102 ms
INSERT 0 1
Time: 0 hrs, 0 mins, 0 secs, 807 ms
DELETE 1
Time: 0 hrs, 0 mins, 0 secs, 92 ms
INSERT 0 1
Time: 0 hrs, 0 mins, 0 secs, 477 ms
ANALYZE
Time: 0 hrs, 0 mins, 0 secs, 116 ms
    tablename     |    attr_name    | attr_value 
------------------+-----------------+------------
 BN_FILTER_SPIDER | CLK_USER_SD_MPL | 10
 BN_FILTER_SPIDER | IP_USER_SD_MPL  | 1
 BN_FILTER_SPIDER | IP_USER_RATIO   | .955
 BN_FILTER_SPIDER | CLK_USER_MEAN   | 13.763
 BN_FILTER_SPIDER | CLK_USER_SD     | 230.752
 BN_FILTER_SPIDER | IP_USER_MEAN    | 19.549
 BN_FILTER_SPIDER | IP_USER_SD      | 2119.508
(7 rows)

Time: 0 hrs, 0 mins, 0 secs, 246 ms
CREATE TABLE
Time: 0 hrs, 0 mins, 6 secs, 427 ms
CREATE TABLE
Time: 0 hrs, 0 mins, 0 secs, 875 ms
 l_mean_sd_mpl 
---------------
      2321.283
(1 row)

Time: 0 hrs, 0 mins, 0 secs, 272 ms
TRUNCATE
Time: 0 hrs, 0 mins, 2 secs, 892 ms
INSERT 0 69
Time: 0 hrs, 0 mins, 11 secs, 79 ms
ANALYZE
Time: 0 hrs, 0 mins, 0 secs, 195 ms
 Total click_user bn_spider_ip records 
---------------------------------------
                                    69
(1 row)

Time: 0 hrs, 0 mins, 0 secs, 693 ms
CREATE TABLE
Time: 0 hrs, 0 mins, 2 secs, 587 ms
ANALYZE
Time: 0 hrs, 0 mins, 0 secs, 55 ms
CREATE TABLE
Time: 0 hrs, 0 mins, 3 secs, 950 ms
ANALYZE
Time: 0 hrs, 0 mins, 0 secs, 73 ms
DROP 
Time: 0 hrs, 0 mins, 0 secs, 221 ms
CREATE TABLE
Time: 0 hrs, 0 mins, 1 secs, 825 ms
 l_mean_sd_mpl | l_ratio 
---------------+---------
      2139.057 |   0.955
(1 row)

Time: 0 hrs, 0 mins, 0 secs, 207 ms
INSERT 0 11600959
Time: 0 hrs, 0 mins, 11 secs, 759 ms
ANALYZE
Time: 0 hrs, 0 mins, 0 secs, 367 ms
 Total ip_user_filter bn_spider_ip records 
-------------------------------------------
                                  11600959
(1 row)

Time: 0 hrs, 0 mins, 0 secs, 804 ms
TRUNCATE
Time: 0 hrs, 0 mins, 3 secs, 752 ms
INSERT 0 15308672
Time: 0 hrs, 1 mins, 31 secs, 102 ms
ANALYZE
Time: 0 hrs, 0 mins, 7 secs, 157 ms
 bn_hits_stage 
---------------
      15308672
(1 row)

Time: 0 hrs, 0 mins, 1 secs, 404 ms
INSERT 0 12334891
Time: 0 hrs, 2 mins, 3 secs, 870 ms
ANALYZE
Time: 0 hrs, 0 mins, 15 secs, 978 ms
 bn_hits_sp_20110616 
---------------------
            34039576
(1 row)

Time: 0 hrs, 0 mins, 5 secs, 562 ms
TRUNCATE
Time: 0 hrs, 0 mins, 8 secs, 482 ms
INSERT 0 5503596
Time: 0 hrs, 0 mins, 57 secs, 33 ms
ANALYZE
Time: 0 hrs, 0 mins, 2 secs, 494 ms
 bn_hits_client_20110616 
-------------------------
                 5503596
(1 row)

Time: 0 hrs, 0 mins, 0 secs, 832 ms
END
Time: 0 hrs, 0 mins, 40 secs, 40 ms

Fri Jun 17 16:12:10 EDT 2011

Timing is on.
BEGIN
Time: 0 hrs, 0 mins, 1 secs, 314 ms

           600 - LOAD RESOURCES

SET
Time: 0 hrs, 0 mins, 0 secs, 10 ms
CREATE TABLE
Time: 0 hrs, 0 mins, 30 secs, 210 ms
ANALYZE
Time: 0 hrs, 0 mins, 5 secs, 96 ms
 tmp_a_count 
-------------
      433132
(1 row)

Time: 0 hrs, 0 mins, 0 secs, 499 ms
UPDATE 0
Time: 0 hrs, 0 mins, 4 secs, 809 ms
ANALYZE
Time: 0 hrs, 0 mins, 0 secs, 963 ms
TRUNCATE
Time: 0 hrs, 0 mins, 6 secs, 528 ms
INSERT 0 233216
Time: 0 hrs, 1 mins, 40 secs, 423 ms
ANALYZE
Time: 0 hrs, 0 mins, 1 secs, 276 ms
 first_resource_id | last_resource_id 
-------------------+------------------
          17927759 |         18160974
(1 row)

Time: 0 hrs, 0 mins, 0 secs, 674 ms
INSERT 0 233216
Time: 0 hrs, 0 mins, 13 secs, 382 ms
 total_resources 
-----------------
        18136579
(1 row)

Time: 0 hrs, 0 mins, 0 secs, 491 ms
ANALYZE
Time: 0 hrs, 0 mins, 1 secs, 315 ms
END
Time: 0 hrs, 0 mins, 7 secs, 922 ms
VACUUM
Time: 0 hrs, 0 mins, 12 secs, 213 ms

Fri Jun 17 16:15:17 EDT 2011

Timing is on.

           650 - LOAD_BN_SESSION_STAGE

BEGIN
Time: 0 hrs, 0 mins, 1 secs, 152 ms
SET
Time: 0 hrs, 0 mins, 0 secs, 11 ms
SET
Time: 0 hrs, 0 mins, 0 secs, 22 ms
CREATE TABLE
Time: 0 hrs, 2 mins, 5 secs, 482 ms
ANALYZE
Time: 0 hrs, 0 mins, 24 secs, 330 ms
 tmp_sessionized_stage 
-----------------------
              15308672
(1 row)

Time: 0 hrs, 0 mins, 6 secs, 341 ms
TRUNCATE
Time: 0 hrs, 0 mins, 6 secs, 520 ms
INSERT 0 1873744
Time: 0 hrs, 0 mins, 58 secs, 751 ms
ANALYZE
Time: 0 hrs, 0 mins, 1 secs, 660 ms
CREATE TABLE
Time: 0 hrs, 3 mins, 52 secs, 147 ms
CREATE INDEX
Time: 0 hrs, 0 mins, 3 secs, 845 ms
 tmp_first_last 
----------------
        1873744
(1 row)

Time: 0 hrs, 0 mins, 1 secs, 247 ms
ANALYZE
Time: 0 hrs, 0 mins, 2 secs, 63 ms
SET
Time: 0 hrs, 0 mins, 0 secs, 143 ms
SET
Time: 0 hrs, 0 mins, 0 secs, 18 ms
TRUNCATE
Time: 0 hrs, 0 mins, 8 secs, 378 ms
DROP
Time: 0 hrs, 0 mins, 1 secs, 415 ms
INSERT 0 1873744
Time: 0 hrs, 0 mins, 15 secs, 519 ms
 bn_session_stage 
------------------
          1873744
(1 row)

Time: 0 hrs, 0 mins, 3 secs, 185 ms
CREATE INDEX
Time: 0 hrs, 0 mins, 2 secs, 337 ms
ANALYZE
Time: 0 hrs, 0 mins, 1 secs, 399 ms
TRUNCATE
Time: 0 hrs, 0 mins, 2 secs, 700 ms
END
Time: 0 hrs, 2 mins, 4 secs, 966 ms

Fri Jun 17 16:25:41 EDT 2011

BEGIN

           660 - LOAD_BN_SESSION_UPDATE_STAGE

SET
TRUNCATE
INSERT 0 0
END

Fri Jun 17 16:26:55 EDT 2011

Timing is on.

           670 - LOAD_BN_SESSION_20110616.UPDATES

BEGIN
Time: 0 hrs, 0 mins, 1 secs, 583 ms
SET
Time: 0 hrs, 0 mins, 0 secs, 10 ms
UPDATE 0
Time: 0 hrs, 0 mins, 1 secs, 593 ms
END
Time: 0 hrs, 1 mins, 7 secs, 781 ms
VACUUM
Time: 0 hrs, 1 mins, 14 secs, 421 ms

Fri Jun 17 16:29:20 EDT 2011

Timing is on.

           700 - LOAD_BN_SESSION

BEGIN
Time: 0 hrs, 0 mins, 6 secs, 704 ms
SET
Time: 0 hrs, 0 mins, 0 secs, 10 ms
INSERT 0 1873744
Time: 0 hrs, 3 mins, 56 secs, 564 ms
ANALYZE
Time: 0 hrs, 0 mins, 1 secs, 753 ms
END
Time: 0 hrs, 0 mins, 53 secs, 950 ms

Fri Jun 17 16:34:20 EDT 2011

Timing is on.

            750 - LOAD_BN_SESSION_SUMMARY   

BEGIN
Time: 0 hrs, 0 mins, 5 secs, 727 ms
SET
Time: 0 hrs, 0 mins, 0 secs, 17 ms
CREATE TABLE
Time: 0 hrs, 0 mins, 13 secs, 848 ms
TRUNCATE
Time: 0 hrs, 2 mins, 9 secs, 225 ms
INSERT 0 300329
Time: 0 hrs, 0 mins, 5 secs, 970 ms
ANALYZE
Time: 0 hrs, 0 mins, 0 secs, 681 ms
 count(1) 
----------
   300329
(1 row)

Time: 0 hrs, 0 mins, 0 secs, 412 ms
END
Time: 0 hrs, 0 mins, 14 secs, 827 ms

Fri Jun 17 16:37:11 EDT 2011

Timing is on.

           800 - LOAD_BN_HITS

BEGIN
Time: 0 hrs, 0 mins, 1 secs, 134 ms
SET
Time: 0 hrs, 0 mins, 0 secs, 10 ms
SET
Time: 0 hrs, 0 mins, 0 secs, 31 ms
SET
Time: 0 hrs, 0 mins, 0 secs, 19 ms
SET
Time: 0 hrs, 0 mins, 0 secs, 27 ms
TRUNCATE
Time: 0 hrs, 0 mins, 2 secs, 518 ms
INSERT 0 15308672
Time: 0 hrs, 0 mins, 33 secs, 279 ms
 count(1) 
----------
 15308672
(1 row)

Time: 0 hrs, 0 mins, 15 secs, 255 ms
ANALYZE
Time: 0 hrs, 0 mins, 4 secs, 13 ms
END
Time: 0 hrs, 1 mins, 33 secs, 374 ms

Fri Jun 17 16:39:41 EDT 2011

Timing is on.

            900 - LOAD_CLICKSTREAM   

BEGIN
Time: 0 hrs, 0 mins, 1 secs, 40 ms
SET
Time: 0 hrs, 0 mins, 0 secs, 11 ms
TRUNCATE
Time: 0 hrs, 0 mins, 2 secs, 407 ms
INSERT 0 15308672
Time: 0 hrs, 4 mins, 31 secs, 491 ms
 count(1) 
----------
 15308672
(1 row)

Time: 0 hrs, 0 mins, 0 secs, 359 ms
ANALYZE
Time: 0 hrs, 0 mins, 1 secs, 597 ms
END
Time: 0 hrs, 0 mins, 21 secs, 491 ms

Fri Jun 17 16:44:39 EDT 2011

Timing is on.

            1000 - PAGE_VIEW_SUMMARY  

BEGIN
Time: 0 hrs, 0 mins, 1 secs, 740 ms
SET
Time: 0 hrs, 0 mins, 0 secs, 22 ms
SET
Time: 0 hrs, 0 mins, 0 secs, 263 ms
TRUNCATE
Time: 0 hrs, 0 mins, 2 secs, 523 ms
INSERT 0 446083
Time: 0 hrs, 0 mins, 8 secs, 2 ms
 count(1) 
----------
   446083
(1 row)

Time: 0 hrs, 0 mins, 0 secs, 467 ms
ANALYZE
Time: 0 hrs, 0 mins, 1 secs, 24 ms
END
Time: 0 hrs, 1 mins, 8 secs, 431 ms

Fri Jun 17 16:46:02 EDT 2011


2000 - WRAP UP 

Timing is on.
BEGIN
Time: 0 hrs, 0 mins, 1 secs, 361 ms
TRUNCATE
Time: 0 hrs, 0 mins, 1 secs, 262 ms
TRUNCATE
Time: 0 hrs, 0 mins, 2 secs, 77 ms
END
Time: 0 hrs, 2 mins, 30 secs, 399 ms
Fri Jun 17 16:48:37 EDT 2011
Removing lock file and waiting for a minute
Running time of run.sh 20110616: 4637 seconds
Checking for lock file /tmp/.iislock
Acquired lock file /tmp/.iislock
-------------------------------------
Processing for 20110616
-------------------------------------

Fri Jun 17 22:56:06 EDT 2011

Timing is on.

           000 - INIT

BEGIN
Time: 0 hrs, 0 mins, 0 secs, 858 ms
*** Truncating staging tables before workflow starts ***
SET
Time: 0 hrs, 0 mins, 0 secs, 11 ms
GRANT
Time: 0 hrs, 0 mins, 4 secs, 919 ms
END
Time: 0 hrs, 0 mins, 1 secs, 233 ms

Fri Jun 17 22:56:13 EDT 2011

Timing is on.

            200 - LOAD_BN_IISLOGS   

BEGIN
Time: 0 hrs, 0 mins, 1 secs, 801 ms
SET
Time: 0 hrs, 0 mins, 0 secs, 10 ms
TRUNCATE
Time: 0 hrs, 0 mins, 1 secs, 646 ms
INSERT 0 54851844
Time: 0 hrs, 41 mins, 28 secs, 293 ms
END
Time: 0 hrs, 0 mins, 8 secs, 93 ms
ALTER TABLE
Time: 0 hrs, 0 mins, 6 secs, 302 ms

Fri Jun 17 23:38:00 EDT 2011

Timing is on.
BEGIN
Time: 0 hrs, 0 mins, 1 secs, 36 ms
SET
Time: 0 hrs, 0 mins, 0 secs, 11 ms

            250 - LOAD_BN_HITS_SP   

TRUNCATE
Time: 0 hrs, 0 mins, 3 secs, 917 ms
INSERT 0 21704685
Time: 0 hrs, 2 mins, 6 secs, 523 ms
ANALYZE
Time: 0 hrs, 0 mins, 3 secs, 164 ms
END
Time: 0 hrs, 0 mins, 8 secs, 154 ms

Fri Jun 17 23:40:23 EDT 2011

Timing is on.
BEGIN
Time: 0 hrs, 0 mins, 1 secs, 15 ms
SET
Time: 0 hrs, 0 mins, 0 secs, 14 ms

           300 - DYNAMIC FILTER

TRUNCATE
Time: 0 hrs, 0 mins, 0 secs, 769 ms
INSERT 0 13833886
Time: 0 hrs, 0 mins, 3 secs, 994 ms
ANALYZE
Time: 0 hrs, 0 mins, 0 secs, 635 ms
 Total records in web_click_cnt 
--------------------------------
                       13833886
(1 row)

Time: 0 hrs, 0 mins, 0 secs, 194 ms
CREATE TABLE
Time: 0 hrs, 11 mins, 26 secs, 982 ms
ANALYZE
Time: 0 hrs, 0 mins, 0 secs, 150 ms
CREATE TABLE
Time: 0 hrs, 0 mins, 1 secs, 162 ms
ANALYZE
Time: 0 hrs, 0 mins, 0 secs, 381 ms
DELETE 1
Time: 0 hrs, 0 mins, 0 secs, 389 ms
INSERT 0 1
Time: 0 hrs, 0 mins, 1 secs, 589 ms
DELETE 1
Time: 0 hrs, 0 mins, 0 secs, 169 ms
INSERT 0 1
Time: 0 hrs, 0 mins, 0 secs, 816 ms
CREATE TABLE
Time: 0 hrs, 0 mins, 5 secs, 76 ms
ANALYZE
Time: 0 hrs, 0 mins, 0 secs, 189 ms
CREATE TABLE
Time: 0 hrs, 0 mins, 0 secs, 951 ms
ANALYZE
Time: 0 hrs, 0 mins, 0 secs, 79 ms
DELETE 1
Time: 0 hrs, 0 mins, 0 secs, 92 ms
INSERT 0 1
Time: 0 hrs, 0 mins, 0 secs, 516 ms
DELETE 1
Time: 0 hrs, 0 mins, 0 secs, 99 ms
INSERT 0 1
Time: 0 hrs, 0 mins, 0 secs, 547 ms
ANALYZE
Time: 0 hrs, 0 mins, 0 secs, 264 ms
    tablename     |    attr_name    | attr_value 
------------------+-----------------+------------
 BN_FILTER_SPIDER | CLK_USER_SD_MPL | 10
 BN_FILTER_SPIDER | IP_USER_SD_MPL  | 1
 BN_FILTER_SPIDER | IP_USER_RATIO   | .955
 BN_FILTER_SPIDER | CLK_USER_MEAN   | 13.763
 BN_FILTER_SPIDER | CLK_USER_SD     | 230.752
 BN_FILTER_SPIDER | IP_USER_MEAN    | 19.549
 BN_FILTER_SPIDER | IP_USER_SD      | 2119.508
(7 rows)

Time: 0 hrs, 0 mins, 0 secs, 533 ms
CREATE TABLE
Time: 0 hrs, 0 mins, 10 secs, 405 ms
CREATE TABLE
Time: 0 hrs, 0 mins, 1 secs, 28 ms
 l_mean_sd_mpl 
---------------
      2321.283
(1 row)

Time: 0 hrs, 0 mins, 0 secs, 125 ms
TRUNCATE
Time: 0 hrs, 0 mins, 2 secs, 179 ms
INSERT 0 69
Time: 0 hrs, 0 mins, 9 secs, 586 ms
ANALYZE
Time: 0 hrs, 0 mins, 0 secs, 133 ms
 Total click_user bn_spider_ip records 
---------------------------------------
                                    69
(1 row)

Time: 0 hrs, 0 mins, 0 secs, 180 ms
CREATE TABLE
Time: 0 hrs, 0 mins, 4 secs, 198 ms
ANALYZE
Time: 0 hrs, 0 mins, 0 secs, 127 ms
CREATE TABLE
Time: 0 hrs, 0 mins, 8 secs, 189 ms
ANALYZE
Time: 0 hrs, 0 mins, 0 secs, 104 ms
DROP 
Time: 0 hrs, 0 mins, 0 secs, 229 ms
CREATE TABLE
Time: 0 hrs, 0 mins, 1 secs, 603 ms
 l_mean_sd_mpl | l_ratio 
---------------+---------
      2139.057 |   0.955
(1 row)

Time: 0 hrs, 0 mins, 0 secs, 719 ms
INSERT 0 11600959
Time: 0 hrs, 0 mins, 8 secs, 804 ms
ANALYZE
Time: 0 hrs, 0 mins, 0 secs, 256 ms
 Total ip_user_filter bn_spider_ip records 
-------------------------------------------
                                  11600959
(1 row)

Time: 0 hrs, 0 mins, 0 secs, 418 ms
TRUNCATE
Time: 0 hrs, 0 mins, 2 secs, 831 ms
INSERT 0 15308672
Time: 0 hrs, 1 mins, 6 secs, 783 ms
ANALYZE
Time: 0 hrs, 0 mins, 14 secs, 661 ms
 bn_hits_stage 
---------------
      15308672
(1 row)

Time: 0 hrs, 0 mins, 12 secs, 823 ms
INSERT 0 12334891
Time: 0 hrs, 2 mins, 28 secs, 137 ms
ANALYZE
Time: 0 hrs, 1 mins, 32 secs, 778 ms
 bn_hits_sp_20110616 
---------------------
            34039576
(1 row)

Time: 0 hrs, 0 mins, 19 secs, 942 ms
TRUNCATE
Time: 0 hrs, 0 mins, 4 secs, 539 ms
INSERT 0 5503596
Time: 0 hrs, 0 mins, 38 secs, 693 ms
ANALYZE
Time: 0 hrs, 0 mins, 2 secs, 858 ms
 bn_hits_client_20110616 
-------------------------
                 5503596
(1 row)

Time: 0 hrs, 0 mins, 0 secs, 229 ms
END
Time: 0 hrs, 0 mins, 49 secs, 456 ms

Sat Jun 18 00:00:32 EDT 2011

Timing is on.
BEGIN
Time: 0 hrs, 0 mins, 2 secs, 210 ms

           600 - LOAD RESOURCES

SET
Time: 0 hrs, 0 mins, 0 secs, 11 ms
CREATE TABLE
Time: 0 hrs, 0 mins, 34 secs, 504 ms
ANALYZE
Time: 0 hrs, 0 mins, 2 secs, 201 ms
 tmp_a_count 
-------------
      433132
(1 row)

Time: 0 hrs, 0 mins, 0 secs, 786 ms
UPDATE 0
Time: 0 hrs, 0 mins, 7 secs, 77 ms
ANALYZE
Time: 0 hrs, 0 mins, 1 secs, 158 ms
TRUNCATE
Time: 0 hrs, 0 mins, 3 secs, 282 ms
INSERT 0 0
Time: 0 hrs, 7 mins, 33 secs, 426 ms
ANALYZE
Time: 0 hrs, 0 mins, 0 secs, 377 ms
 first_resource_id | last_resource_id 
-------------------+------------------
                   |                 
(1 row)

Time: 0 hrs, 0 mins, 2 secs, 22 ms
INSERT 0 0
Time: 0 hrs, 0 mins, 8 secs, 46 ms
 total_resources 
-----------------
        18210774
(1 row)

Time: 0 hrs, 0 mins, 7 secs, 0 ms
ANALYZE
Time: 0 hrs, 0 mins, 1 secs, 858 ms
END
Time: 0 hrs, 0 mins, 30 secs, 89 ms
VACUUM
Time: 0 hrs, 5 mins, 6 secs, 244 ms

Sat Jun 18 00:14:52 EDT 2011

Timing is on.

           650 - LOAD_BN_SESSION_STAGE

BEGIN
Time: 0 hrs, 0 mins, 13 secs, 115 ms
SET
Time: 0 hrs, 0 mins, 0 secs, 11 ms
SET
Time: 0 hrs, 0 mins, 0 secs, 188 ms
CREATE TABLE
Time: 0 hrs, 1 mins, 25 secs, 367 ms
ANALYZE
Time: 0 hrs, 0 mins, 4 secs, 149 ms
 tmp_sessionized_stage 
-----------------------
              15308672
(1 row)

Time: 0 hrs, 0 mins, 1 secs, 299 ms
TRUNCATE
Time: 0 hrs, 0 mins, 0 secs, 996 ms
INSERT 0 1873744
Time: 0 hrs, 0 mins, 24 secs, 120 ms
ANALYZE
Time: 0 hrs, 0 mins, 1 secs, 9 ms
CREATE TABLE
Time: 0 hrs, 1 mins, 47 secs, 422 ms
CREATE INDEX
Time: 0 hrs, 0 mins, 1 secs, 217 ms
 tmp_first_last 
----------------
        1873744
(1 row)

Time: 0 hrs, 0 mins, 0 secs, 310 ms
ANALYZE
Time: 0 hrs, 0 mins, 0 secs, 836 ms
SET
Time: 0 hrs, 0 mins, 0 secs, 19 ms
SET
Time: 0 hrs, 0 mins, 0 secs, 23 ms
TRUNCATE
Time: 0 hrs, 0 mins, 5 secs, 502 ms
DROP
Time: 0 hrs, 0 mins, 0 secs, 117 ms
INSERT 0 1873744
Time: 0 hrs, 0 mins, 7 secs, 388 ms
 bn_session_stage 
------------------
          1873744
(1 row)

Time: 0 hrs, 0 mins, 1 secs, 165 ms
CREATE INDEX
Time: 0 hrs, 0 mins, 5 secs, 630 ms
ANALYZE
Time: 0 hrs, 0 mins, 1 secs, 186 ms
TRUNCATE
Time: 0 hrs, 0 mins, 5 secs, 945 ms
END
Time: 0 hrs, 1 mins, 42 secs, 981 ms

Sat Jun 18 00:21:03 EDT 2011

BEGIN

           660 - LOAD_BN_SESSION_UPDATE_STAGE

SET
TRUNCATE
INSERT 0 0
END

Sat Jun 18 00:21:11 EDT 2011

Timing is on.

           670 - LOAD_BN_SESSION_20110616.UPDATES

BEGIN
Time: 0 hrs, 0 mins, 3 secs, 436 ms
SET
Time: 0 hrs, 0 mins, 0 secs, 12 ms
UPDATE 0
Time: 0 hrs, 0 mins, 0 secs, 266 ms
END
Time: 0 hrs, 0 mins, 1 secs, 649 ms
VACUUM
Time: 0 hrs, 0 mins, 13 secs, 914 ms

Sat Jun 18 00:21:30 EDT 2011

Timing is on.

           700 - LOAD_BN_SESSION

BEGIN
Time: 0 hrs, 0 mins, 1 secs, 51 ms
SET
Time: 0 hrs, 0 mins, 0 secs, 14 ms
INSERT 0 1873744
Time: 0 hrs, 2 mins, 23 secs, 509 ms
ANALYZE
Time: 0 hrs, 0 mins, 1 secs, 50 ms
END
Time: 0 hrs, 0 mins, 5 secs, 273 ms

Sat Jun 18 00:24:01 EDT 2011

Timing is on.

            750 - LOAD_BN_SESSION_SUMMARY   

BEGIN
Time: 0 hrs, 0 mins, 2 secs, 761 ms
SET
Time: 0 hrs, 0 mins, 0 secs, 11 ms
CREATE TABLE
Time: 0 hrs, 0 mins, 12 secs, 451 ms
TRUNCATE
Time: 0 hrs, 0 mins, 2 secs, 587 ms
INSERT 0 300342
Time: 0 hrs, 0 mins, 7 secs, 796 ms
ANALYZE
Time: 0 hrs, 0 mins, 0 secs, 755 ms
 count(1) 
----------
   300342
(1 row)

Time: 0 hrs, 0 mins, 0 secs, 767 ms
END
Time: 0 hrs, 0 mins, 16 secs, 355 ms

Sat Jun 18 00:24:45 EDT 2011

Timing is on.

           800 - LOAD_BN_HITS

BEGIN
Time: 0 hrs, 0 mins, 8 secs, 333 ms
SET
Time: 0 hrs, 0 mins, 0 secs, 17 ms
SET
Time: 0 hrs, 0 mins, 0 secs, 115 ms
SET
Time: 0 hrs, 0 mins, 0 secs, 75 ms
SET
Time: 0 hrs, 0 mins, 0 secs, 47 ms
TRUNCATE
Time: 0 hrs, 0 mins, 4 secs, 952 ms
INSERT 0 15308672
Time: 0 hrs, 0 mins, 17 secs, 6 ms
 count(1) 
----------
 15308672
(1 row)

Time: 0 hrs, 0 mins, 1 secs, 630 ms
ANALYZE
Time: 0 hrs, 0 mins, 3 secs, 758 ms
END
Time: 0 hrs, 0 mins, 16 secs, 284 ms

Sat Jun 18 00:25:38 EDT 2011

Timing is on.

            900 - LOAD_CLICKSTREAM   

BEGIN
Time: 0 hrs, 0 mins, 13 secs, 781 ms
SET
Time: 0 hrs, 0 mins, 0 secs, 11 ms
TRUNCATE
Time: 0 hrs, 0 mins, 5 secs, 874 ms
INSERT 0 15308672
Time: 0 hrs, 16 mins, 50 secs, 509 ms
 count(1) 
----------
 15308672
(1 row)

Time: 0 hrs, 0 mins, 0 secs, 355 ms
ANALYZE
Time: 0 hrs, 0 mins, 1 secs, 517 ms
END
Time: 0 hrs, 0 mins, 11 secs, 946 ms

Sat Jun 18 00:43:02 EDT 2011

Timing is on.

            1000 - PAGE_VIEW_SUMMARY  

BEGIN
Time: 0 hrs, 0 mins, 1 secs, 183 ms
SET
Time: 0 hrs, 0 mins, 0 secs, 13 ms
SET
Time: 0 hrs, 0 mins, 0 secs, 82 ms
TRUNCATE
Time: 0 hrs, 0 mins, 1 secs, 930 ms
INSERT 0 446083
Time: 0 hrs, 0 mins, 4 secs, 41 ms
 count(1) 
----------
   446083
(1 row)

Time: 0 hrs, 0 mins, 0 secs, 483 ms
ANALYZE
Time: 0 hrs, 0 mins, 0 secs, 465 ms
END
Time: 0 hrs, 0 mins, 5 secs, 922 ms

Sat Jun 18 00:43:17 EDT 2011


2000 - WRAP UP 

Timing is on.
BEGIN
Time: 0 hrs, 0 mins, 0 secs, 908 ms
TRUNCATE
Time: 0 hrs, 0 mins, 0 secs, 727 ms
TRUNCATE
Time: 0 hrs, 0 mins, 0 secs, 634 ms
END
Time: 0 hrs, 0 mins, 1 secs, 447 ms
Sat Jun 18 00:43:21 EDT 2011
Removing lock file and waiting for a minute
Running time of run.sh 20110616: 6495 seconds
Checking for lock file /tmp/.iislock
Acquired lock file /tmp/.iislock
-------------------------------------
Processing for 20110616
-------------------------------------

Sat Jun 18 12:24:30 EDT 2011

Timing is on.

           000 - INIT

BEGIN
Time: 0 hrs, 0 mins, 1 secs, 45 ms
*** Truncating staging tables before workflow starts ***
SET
Time: 0 hrs, 0 mins, 0 secs, 8 ms
GRANT
Time: 0 hrs, 0 mins, 23 secs, 980 ms
END
Time: 0 hrs, 0 mins, 6 secs, 676 ms

Sat Jun 18 12:25:02 EDT 2011

Timing is on.

            200 - LOAD_BN_IISLOGS   

BEGIN
Time: 0 hrs, 0 mins, 31 secs, 665 ms
SET
Time: 0 hrs, 0 mins, 0 secs, 11 ms
TRUNCATE
Time: 0 hrs, 0 mins, 3 secs, 305 ms
INSERT 0 73548360
Time: 0 hrs, 11 mins, 44 secs, 845 ms
END
Time: 0 hrs, 0 mins, 19 secs, 593 ms
ALTER TABLE
Time: 0 hrs, 0 mins, 8 secs, 566 ms

Sat Jun 18 12:37:51 EDT 2011

Timing is on.
BEGIN
Time: 0 hrs, 0 mins, 1 secs, 231 ms
SET
Time: 0 hrs, 0 mins, 0 secs, 10 ms

            250 - LOAD_BN_HITS_SP   

TRUNCATE
Time: 0 hrs, 0 mins, 4 secs, 519 ms
INSERT 0 28886162
Time: 0 hrs, 3 mins, 29 secs, 401 ms
ANALYZE
Time: 0 hrs, 0 mins, 8 secs, 153 ms
END
Time: 0 hrs, 0 mins, 31 secs, 599 ms

Sat Jun 18 12:42:06 EDT 2011

Timing is on.
BEGIN
Time: 0 hrs, 0 mins, 1 secs, 774 ms
SET
Time: 0 hrs, 0 mins, 0 secs, 12 ms

           300 - DYNAMIC FILTER

TRUNCATE
Time: 0 hrs, 0 mins, 2 secs, 62 ms
INSERT 0 17310467
Time: 0 hrs, 0 mins, 17 secs, 558 ms
ANALYZE
Time: 0 hrs, 0 mins, 0 secs, 877 ms
 Total records in web_click_cnt 
--------------------------------
                       17310467
(1 row)

Time: 0 hrs, 0 mins, 0 secs, 761 ms
CREATE TABLE
Time: 0 hrs, 0 mins, 3 secs, 855 ms
ANALYZE
Time: 0 hrs, 0 mins, 0 secs, 111 ms
CREATE TABLE
Time: 0 hrs, 0 mins, 0 secs, 533 ms
ANALYZE
Time: 0 hrs, 0 mins, 0 secs, 127 ms
DELETE 1
Time: 0 hrs, 0 mins, 0 secs, 246 ms
INSERT 0 1
Time: 0 hrs, 0 mins, 0 secs, 321 ms
DELETE 1
Time: 0 hrs, 0 mins, 0 secs, 92 ms
INSERT 0 1
Time: 0 hrs, 0 mins, 0 secs, 877 ms
CREATE TABLE
Time: 0 hrs, 0 mins, 2 secs, 214 ms
ANALYZE
Time: 0 hrs, 0 mins, 0 secs, 215 ms
CREATE TABLE
Time: 0 hrs, 0 mins, 1 secs, 887 ms
ANALYZE
Time: 0 hrs, 0 mins, 0 secs, 113 ms
DELETE 1
Time: 0 hrs, 0 mins, 0 secs, 112 ms
INSERT 0 1
Time: 0 hrs, 0 mins, 0 secs, 438 ms
DELETE 1
Time: 0 hrs, 0 mins, 0 secs, 91 ms
INSERT 0 1
Time: 0 hrs, 0 mins, 0 secs, 388 ms
ANALYZE
Time: 0 hrs, 0 mins, 0 secs, 568 ms
    tablename     |    attr_name    | attr_value 
------------------+-----------------+------------
 BN_FILTER_SPIDER | CLK_USER_SD_MPL | 10
 BN_FILTER_SPIDER | IP_USER_SD_MPL  | 1
 BN_FILTER_SPIDER | IP_USER_RATIO   | .955
 BN_FILTER_SPIDER | CLK_USER_MEAN   | 14.401
 BN_FILTER_SPIDER | CLK_USER_SD     | 225.791
 BN_FILTER_SPIDER | IP_USER_MEAN    | 18.563
 BN_FILTER_SPIDER | IP_USER_SD      | 2283.703
(7 rows)

Time: 0 hrs, 0 mins, 0 secs, 313 ms
CREATE TABLE
Time: 0 hrs, 0 mins, 5 secs, 932 ms
CREATE TABLE
Time: 0 hrs, 0 mins, 0 secs, 688 ms
 l_mean_sd_mpl 
---------------
      2272.311
(1 row)

Time: 0 hrs, 0 mins, 0 secs, 138 ms
TRUNCATE
Time: 0 hrs, 0 mins, 0 secs, 775 ms
INSERT 0 86
Time: 0 hrs, 0 mins, 8 secs, 208 ms
ANALYZE
Time: 0 hrs, 0 mins, 0 secs, 68 ms
 Total click_user bn_spider_ip records 
---------------------------------------
                                    86
(1 row)

Time: 0 hrs, 0 mins, 0 secs, 249 ms
CREATE TABLE
Time: 0 hrs, 0 mins, 1 secs, 847 ms
ANALYZE
Time: 0 hrs, 0 mins, 0 secs, 65 ms
CREATE TABLE
Time: 0 hrs, 0 mins, 1 secs, 669 ms
ANALYZE
Time: 0 hrs, 0 mins, 0 secs, 94 ms
DROP 
Time: 0 hrs, 0 mins, 0 secs, 222 ms
CREATE TABLE
Time: 0 hrs, 0 mins, 1 secs, 389 ms
 l_mean_sd_mpl | l_ratio 
---------------+---------
      2302.266 |   0.955
(1 row)

Time: 0 hrs, 0 mins, 0 secs, 253 ms
INSERT 0 14433942
Time: 0 hrs, 0 mins, 11 secs, 46 ms
ANALYZE
Time: 0 hrs, 0 mins, 0 secs, 366 ms
 Total ip_user_filter bn_spider_ip records 
-------------------------------------------
                                  14433942
(1 row)

Time: 0 hrs, 0 mins, 0 secs, 496 ms
TRUNCATE
Time: 0 hrs, 0 mins, 0 secs, 836 ms
INSERT 0 20864308
Time: 0 hrs, 0 mins, 21 secs, 561 ms
ANALYZE
Time: 0 hrs, 0 mins, 3 secs, 211 ms
 bn_hits_stage 
---------------
      20864308
(1 row)

Time: 0 hrs, 0 mins, 0 secs, 454 ms
INSERT 0 15318587
Time: 0 hrs, 0 mins, 44 secs, 56 ms
ANALYZE
Time: 0 hrs, 0 mins, 13 secs, 499 ms
 bn_hits_sp_20110616 
---------------------
            44204749
(1 row)

Time: 0 hrs, 0 mins, 10 secs, 647 ms
TRUNCATE
Time: 0 hrs, 0 mins, 1 secs, 811 ms
INSERT 0 8479303
Time: 0 hrs, 0 mins, 7 secs, 678 ms
ANALYZE
Time: 0 hrs, 0 mins, 3 secs, 315 ms
 bn_hits_client_20110616 
-------------------------
                 8479303
(1 row)

Time: 0 hrs, 0 mins, 0 secs, 959 ms
END
Time: 0 hrs, 0 mins, 12 secs, 176 ms

Sat Jun 18 12:45:15 EDT 2011

Timing is on.
BEGIN
Time: 0 hrs, 0 mins, 1 secs, 202 ms

           600 - LOAD RESOURCES

SET
Time: 0 hrs, 0 mins, 0 secs, 14 ms
CREATE TABLE
Time: 0 hrs, 0 mins, 19 secs, 837 ms
ANALYZE
Time: 0 hrs, 0 mins, 2 secs, 310 ms
 tmp_a_count 
-------------
      545616
(1 row)

Time: 0 hrs, 0 mins, 0 secs, 577 ms
UPDATE 0
Time: 0 hrs, 0 mins, 3 secs, 847 ms
ANALYZE
Time: 0 hrs, 0 mins, 0 secs, 651 ms
TRUNCATE
Time: 0 hrs, 0 mins, 0 secs, 506 ms
INSERT 0 70598
Time: 0 hrs, 0 mins, 7 secs, 270 ms
ANALYZE
Time: 0 hrs, 0 mins, 0 secs, 525 ms
 first_resource_id | last_resource_id 
-------------------+------------------
          18454226 |         18524823
(1 row)

Time: 0 hrs, 0 mins, 0 secs, 360 ms
INSERT 0 70598
Time: 0 hrs, 0 mins, 0 secs, 553 ms
 total_resources 
-----------------
        18500428
(1 row)

Time: 0 hrs, 0 mins, 0 secs, 187 ms
ANALYZE
Time: 0 hrs, 0 mins, 0 secs, 513 ms
END
Time: 0 hrs, 0 mins, 3 secs, 337 ms
VACUUM
Time: 0 hrs, 0 mins, 13 secs, 595 ms

Sat Jun 18 12:46:11 EDT 2011

Timing is on.

           650 - LOAD_BN_SESSION_STAGE

BEGIN
Time: 0 hrs, 0 mins, 0 secs, 987 ms
SET
Time: 0 hrs, 0 mins, 0 secs, 10 ms
SET
Time: 0 hrs, 0 mins, 0 secs, 20 ms
CREATE TABLE
Time: 0 hrs, 0 mins, 41 secs, 993 ms
ANALYZE
Time: 0 hrs, 0 mins, 3 secs, 766 ms
 tmp_sessionized_stage 
-----------------------
              20864308
(1 row)

Time: 0 hrs, 0 mins, 3 secs, 229 ms
TRUNCATE
Time: 0 hrs, 0 mins, 0 secs, 697 ms
INSERT 0 2434565
Time: 0 hrs, 0 mins, 28 secs, 434 ms
ANALYZE
Time: 0 hrs, 0 mins, 0 secs, 937 ms
CREATE TABLE
Time: 0 hrs, 1 mins, 5 secs, 700 ms
CREATE INDEX
Time: 0 hrs, 0 mins, 0 secs, 688 ms
 tmp_first_last 
----------------
        2434565
(1 row)

Time: 0 hrs, 0 mins, 0 secs, 181 ms
ANALYZE
Time: 0 hrs, 0 mins, 0 secs, 786 ms
SET
Time: 0 hrs, 0 mins, 0 secs, 63 ms
SET
Time: 0 hrs, 0 mins, 0 secs, 21 ms
TRUNCATE
Time: 0 hrs, 0 mins, 2 secs, 852 ms
DROP
Time: 0 hrs, 0 mins, 0 secs, 161 ms
INSERT 0 2434565
Time: 0 hrs, 0 mins, 7 secs, 387 ms
 bn_session_stage 
------------------
          2434565
(1 row)

Time: 0 hrs, 0 mins, 1 secs, 13 ms
CREATE INDEX
Time: 0 hrs, 0 mins, 2 secs, 930 ms
ANALYZE
Time: 0 hrs, 0 mins, 1 secs, 357 ms
TRUNCATE
Time: 0 hrs, 0 mins, 3 secs, 463 ms
END
Time: 0 hrs, 0 mins, 35 secs, 581 ms

Sat Jun 18 12:49:33 EDT 2011

BEGIN

           660 - LOAD_BN_SESSION_UPDATE_STAGE

SET
TRUNCATE
INSERT 0 0
END

Sat Jun 18 12:50:15 EDT 2011

Timing is on.

           670 - LOAD_BN_SESSION_20110616.UPDATES

BEGIN
Time: 0 hrs, 0 mins, 4 secs, 206 ms
SET
Time: 0 hrs, 0 mins, 0 secs, 11 ms
UPDATE 0
Time: 0 hrs, 0 mins, 1 secs, 162 ms
END
Time: 0 hrs, 1 mins, 35 secs, 271 ms
VACUUM
Time: 0 hrs, 0 mins, 16 secs, 926 ms

Sat Jun 18 12:52:13 EDT 2011

Timing is on.

           700 - LOAD_BN_SESSION

BEGIN
Time: 0 hrs, 0 mins, 1 secs, 112 ms
SET
Time: 0 hrs, 0 mins, 0 secs, 10 ms
INSERT 0 2434565
Time: 0 hrs, 0 mins, 8 secs, 40 ms
ANALYZE
Time: 0 hrs, 0 mins, 1 secs, 215 ms
END
Time: 0 hrs, 0 mins, 1 secs, 444 ms

Sat Jun 18 12:52:25 EDT 2011

Timing is on.

            750 - LOAD_BN_SESSION_SUMMARY   

BEGIN
Time: 0 hrs, 0 mins, 3 secs, 764 ms
SET
Time: 0 hrs, 0 mins, 0 secs, 11 ms
CREATE TABLE
Time: 0 hrs, 0 mins, 10 secs, 647 ms
TRUNCATE
Time: 0 hrs, 0 mins, 1 secs, 81 ms
INSERT 0 365788
Time: 0 hrs, 0 mins, 4 secs, 884 ms
ANALYZE
Time: 0 hrs, 0 mins, 0 secs, 806 ms
 count(1) 
----------
   365788
(1 row)

Time: 0 hrs, 0 mins, 0 secs, 563 ms
END
Time: 0 hrs, 0 mins, 3 secs, 593 ms

Sat Jun 18 12:52:51 EDT 2011

Timing is on.

           800 - LOAD_BN_HITS

BEGIN
Time: 0 hrs, 0 mins, 1 secs, 27 ms
SET
Time: 0 hrs, 0 mins, 0 secs, 10 ms
SET
Time: 0 hrs, 0 mins, 0 secs, 63 ms
SET
Time: 0 hrs, 0 mins, 0 secs, 29 ms
SET
Time: 0 hrs, 0 mins, 0 secs, 30 ms
TRUNCATE
Time: 0 hrs, 0 mins, 0 secs, 470 ms
INSERT 0 20864308
Time: 0 hrs, 0 mins, 9 secs, 748 ms
 count(1) 
----------
 20864308
(1 row)

Time: 0 hrs, 0 mins, 0 secs, 706 ms
ANALYZE
Time: 0 hrs, 0 mins, 3 secs, 845 ms
END
Time: 0 hrs, 0 mins, 8 secs, 282 ms

Sat Jun 18 12:53:15 EDT 2011

Timing is on.

            900 - LOAD_CLICKSTREAM   

BEGIN
Time: 0 hrs, 0 mins, 0 secs, 894 ms
SET
Time: 0 hrs, 0 mins, 0 secs, 13 ms
TRUNCATE
Time: 0 hrs, 0 mins, 0 secs, 751 ms
INSERT 0 20864308
Time: 0 hrs, 1 mins, 36 secs, 396 ms
 count(1) 
----------
 20864308
(1 row)

Time: 0 hrs, 0 mins, 0 secs, 796 ms
ANALYZE
Time: 0 hrs, 0 mins, 1 secs, 475 ms
END
Time: 0 hrs, 0 mins, 4 secs, 608 ms

Sat Jun 18 12:55:00 EDT 2011

Timing is on.

            1000 - PAGE_VIEW_SUMMARY  

BEGIN
Time: 0 hrs, 0 mins, 4 secs, 699 ms
SET
Time: 0 hrs, 0 mins, 0 secs, 12 ms
SET
Time: 0 hrs, 0 mins, 0 secs, 62 ms
TRUNCATE
Time: 0 hrs, 0 mins, 1 secs, 161 ms
INSERT 0 562140
Time: 0 hrs, 0 mins, 7 secs, 357 ms
 count(1) 
----------
   562140
(1 row)

Time: 0 hrs, 0 mins, 0 secs, 698 ms
ANALYZE
Time: 0 hrs, 0 mins, 0 secs, 296 ms
END
Time: 0 hrs, 0 mins, 52 secs, 672 ms

Sat Jun 18 12:56:08 EDT 2011


2000 - WRAP UP 

Timing is on.
BEGIN
Time: 0 hrs, 0 mins, 3 secs, 125 ms
TRUNCATE
Time: 0 hrs, 0 mins, 0 secs, 501 ms
TRUNCATE
Time: 0 hrs, 0 mins, 0 secs, 233 ms
END
Time: 0 hrs, 0 mins, 1 secs, 148 ms
Sat Jun 18 12:56:13 EDT 2011
Removing lock file and waiting for a minute
Running time of run.sh 20110616: 1963 seconds
Checking for lock file /tmp/.iislock
Acquired lock file /tmp/.iislock
-------------------------------------
Processing for 20110616
-------------------------------------

Tue Jul 19 22:50:03 EDT 2011

Timing is on.

           000 - INIT

BEGIN
Time: 0 hrs, 0 mins, 1 secs, 364 ms
*** Truncating staging tables before workflow starts ***
SET
Time: 0 hrs, 0 mins, 0 secs, 16 ms
GRANT
Time: 0 hrs, 0 mins, 5 secs, 109 ms
END
Time: 0 hrs, 0 mins, 10 secs, 968 ms

Tue Jul 19 22:50:20 EDT 2011

Timing is on.

            200 - LOAD_BN_IISLOGS   

BEGIN
Time: 0 hrs, 0 mins, 1 secs, 117 ms
SET
Time: 0 hrs, 0 mins, 0 secs, 11 ms
TRUNCATE
Time: 0 hrs, 0 mins, 2 secs, 446 ms
INSERT 0 73548360
Time: 0 hrs, 12 mins, 33 secs, 691 ms
END
Time: 0 hrs, 0 mins, 38 secs, 337 ms
ALTER TABLE
Time: 0 hrs, 0 mins, 6 secs, 364 ms

Tue Jul 19 23:03:43 EDT 2011

Timing is on.
BEGIN
Time: 0 hrs, 0 mins, 1 secs, 148 ms
SET
Time: 0 hrs, 0 mins, 0 secs, 30 ms

            250 - LOAD_BN_HITS_SP   

TRUNCATE
Time: 0 hrs, 0 mins, 2 secs, 439 ms
INSERT 0 28886162
Time: 0 hrs, 5 mins, 46 secs, 658 ms
ANALYZE
Time: 0 hrs, 0 mins, 17 secs, 399 ms
END
Time: 0 hrs, 0 mins, 7 secs, 157 ms

Tue Jul 19 23:09:58 EDT 2011

Timing is on.
BEGIN
Time: 0 hrs, 0 mins, 0 secs, 795 ms
SET
Time: 0 hrs, 0 mins, 0 secs, 8 ms

           300 - DYNAMIC FILTER

TRUNCATE
Time: 0 hrs, 0 mins, 1 secs, 137 ms
INSERT 0 17310467
Time: 0 hrs, 0 mins, 12 secs, 609 ms
ANALYZE
Time: 0 hrs, 0 mins, 0 secs, 813 ms
 Total records in web_click_cnt 
--------------------------------
                       17310467
(1 row)

Time: 0 hrs, 0 mins, 0 secs, 602 ms
CREATE TABLE
Time: 0 hrs, 0 mins, 33 secs, 199 ms
ANALYZE
Time: 0 hrs, 0 mins, 0 secs, 112 ms
CREATE TABLE
Time: 0 hrs, 0 mins, 1 secs, 133 ms
ANALYZE
Time: 0 hrs, 0 mins, 0 secs, 160 ms
DELETE 1
Time: 0 hrs, 0 mins, 0 secs, 178 ms
INSERT 0 1
Time: 0 hrs, 0 mins, 0 secs, 948 ms
DELETE 1
Time: 0 hrs, 0 mins, 0 secs, 130 ms
INSERT 0 1
Time: 0 hrs, 0 mins, 0 secs, 693 ms
CREATE TABLE
Time: 0 hrs, 0 mins, 1 secs, 732 ms
ANALYZE
Time: 0 hrs, 0 mins, 0 secs, 84 ms
CREATE TABLE
Time: 0 hrs, 0 mins, 0 secs, 636 ms
ANALYZE
Time: 0 hrs, 0 mins, 0 secs, 107 ms
DELETE 1
Time: 0 hrs, 0 mins, 0 secs, 112 ms
INSERT 0 1
Time: 0 hrs, 0 mins, 0 secs, 295 ms
DELETE 1
Time: 0 hrs, 0 mins, 0 secs, 126 ms
INSERT 0 1
Time: 0 hrs, 0 mins, 0 secs, 295 ms
ANALYZE
Time: 0 hrs, 0 mins, 0 secs, 101 ms
    tablename     |    attr_name    | attr_value 
------------------+-----------------+------------
 BN_FILTER_SPIDER | CLK_USER_SD_MPL | 10
 BN_FILTER_SPIDER | IP_USER_SD_MPL  | 1
 BN_FILTER_SPIDER | IP_USER_RATIO   | .955
 BN_FILTER_SPIDER | CLK_USER_MEAN   | 14.401
 BN_FILTER_SPIDER | CLK_USER_SD     | 225.791
 BN_FILTER_SPIDER | IP_USER_MEAN    | 18.563
 BN_FILTER_SPIDER | IP_USER_SD      | 2283.703
(7 rows)

Time: 0 hrs, 0 mins, 0 secs, 104 ms
CREATE TABLE
Time: 0 hrs, 0 mins, 6 secs, 691 ms
CREATE TABLE
Time: 0 hrs, 0 mins, 1 secs, 266 ms
 l_mean_sd_mpl 
---------------
      2272.311
(1 row)

Time: 0 hrs, 0 mins, 0 secs, 139 ms
TRUNCATE
Time: 0 hrs, 0 mins, 2 secs, 71 ms
INSERT 0 86
Time: 0 hrs, 0 mins, 11 secs, 805 ms
ANALYZE
Time: 0 hrs, 0 mins, 0 secs, 224 ms
 Total click_user bn_spider_ip records 
---------------------------------------
                                    86
(1 row)

Time: 0 hrs, 0 mins, 0 secs, 977 ms
CREATE TABLE
Time: 0 hrs, 0 mins, 2 secs, 392 ms
ANALYZE
Time: 0 hrs, 0 mins, 0 secs, 72 ms
CREATE TABLE
Time: 0 hrs, 0 mins, 2 secs, 207 ms
ANALYZE
Time: 0 hrs, 0 mins, 0 secs, 105 ms
DROP 
Time: 0 hrs, 0 mins, 0 secs, 215 ms
CREATE TABLE
Time: 0 hrs, 0 mins, 1 secs, 208 ms
 l_mean_sd_mpl | l_ratio 
---------------+---------
      2302.266 |   0.955
(1 row)

Time: 0 hrs, 0 mins, 0 secs, 107 ms
INSERT 0 14433942
Time: 0 hrs, 0 mins, 21 secs, 484 ms
ANALYZE
Time: 0 hrs, 0 mins, 0 secs, 460 ms
 Total ip_user_filter bn_spider_ip records 
-------------------------------------------
                                  14433942
(1 row)

Time: 0 hrs, 0 mins, 0 secs, 752 ms
TRUNCATE
Time: 0 hrs, 0 mins, 1 secs, 957 ms
INSERT 0 20864308
Time: 0 hrs, 0 mins, 46 secs, 474 ms
ANALYZE
Time: 0 hrs, 0 mins, 5 secs, 194 ms
 bn_hits_stage 
---------------
      20864308
(1 row)

Time: 0 hrs, 0 mins, 0 secs, 385 ms
INSERT 0 15318587
Time: 0 hrs, 0 mins, 57 secs, 519 ms
ANALYZE
Time: 0 hrs, 0 mins, 19 secs, 935 ms
 bn_hits_sp_20110616 
---------------------
            44204749
(1 row)

Time: 0 hrs, 0 mins, 24 secs, 759 ms
TRUNCATE
Time: 0 hrs, 0 mins, 1 secs, 481 ms
INSERT 0 8479303
Time: 0 hrs, 0 mins, 9 secs, 479 ms
ANALYZE
Time: 0 hrs, 0 mins, 3 secs, 210 ms
 bn_hits_client_20110616 
-------------------------
                 8479303
(1 row)

Time: 0 hrs, 0 mins, 0 secs, 747 ms
END
Time: 0 hrs, 0 mins, 10 secs, 898 ms

Tue Jul 19 23:14:48 EDT 2011

Timing is on.
BEGIN
Time: 0 hrs, 0 mins, 0 secs, 862 ms

           600 - LOAD RESOURCES

SET
Time: 0 hrs, 0 mins, 0 secs, 11 ms
CREATE TABLE
Time: 0 hrs, 2 mins, 4 secs, 286 ms
ANALYZE
Time: 0 hrs, 0 mins, 1 secs, 748 ms
 tmp_a_count 
-------------
      545616
(1 row)

Time: 0 hrs, 0 mins, 0 secs, 536 ms
UPDATE 0
Time: 0 hrs, 0 mins, 5 secs, 511 ms
ANALYZE
Time: 0 hrs, 0 mins, 0 secs, 819 ms
TRUNCATE
Time: 0 hrs, 0 mins, 1 secs, 176 ms
INSERT 0 0
Time: 0 hrs, 0 mins, 15 secs, 356 ms
ANALYZE
Time: 0 hrs, 0 mins, 0 secs, 29 ms
 first_resource_id | last_resource_id 
-------------------+------------------
                   |                 
(1 row)

Time: 0 hrs, 0 mins, 0 secs, 301 ms
INSERT 0 0
Time: 0 hrs, 0 mins, 0 secs, 530 ms
 total_resources 
-----------------
        25609887
(1 row)

Time: 0 hrs, 0 mins, 0 secs, 368 ms
ANALYZE
Time: 0 hrs, 0 mins, 0 secs, 816 ms
END
Time: 0 hrs, 0 mins, 2 secs, 121 ms
VACUUM
Time: 0 hrs, 0 mins, 14 secs, 345 ms

Tue Jul 19 23:17:37 EDT 2011

Timing is on.

           650 - LOAD_BN_SESSION_STAGE

BEGIN
Time: 0 hrs, 0 mins, 4 secs, 956 ms
SET
Time: 0 hrs, 0 mins, 0 secs, 16 ms
SET
Time: 0 hrs, 0 mins, 0 secs, 307 ms
CREATE TABLE
Time: 0 hrs, 1 mins, 10 secs, 916 ms
ANALYZE
Time: 0 hrs, 0 mins, 5 secs, 297 ms
 tmp_sessionized_stage 
-----------------------
              20864308
(1 row)

Time: 0 hrs, 0 mins, 0 secs, 510 ms
TRUNCATE
Time: 0 hrs, 0 mins, 0 secs, 530 ms
INSERT 0 2434565
Time: 0 hrs, 0 mins, 31 secs, 706 ms
ANALYZE
Time: 0 hrs, 0 mins, 1 secs, 728 ms
CREATE TABLE
Time: 0 hrs, 1 mins, 35 secs, 239 ms
CREATE INDEX
Time: 0 hrs, 0 mins, 1 secs, 364 ms
 tmp_first_last 
----------------
        2434565
(1 row)

Time: 0 hrs, 0 mins, 1 secs, 756 ms
ANALYZE
Time: 0 hrs, 0 mins, 1 secs, 59 ms
SET
Time: 0 hrs, 0 mins, 0 secs, 43 ms
SET
Time: 0 hrs, 0 mins, 0 secs, 35 ms
TRUNCATE
Time: 0 hrs, 0 mins, 2 secs, 433 ms
DROP
Time: 0 hrs, 0 mins, 0 secs, 129 ms
INSERT 0 2434565
Time: 0 hrs, 0 mins, 7 secs, 898 ms
 bn_session_stage 
------------------
          2434565
(1 row)

Time: 0 hrs, 0 mins, 2 secs, 70 ms
CREATE INDEX
Time: 0 hrs, 0 mins, 1 secs, 160 ms
ANALYZE
Time: 0 hrs, 0 mins, 1 secs, 656 ms
TRUNCATE
Time: 0 hrs, 0 mins, 2 secs, 224 ms
END
Time: 0 hrs, 0 mins, 9 secs, 321 ms

Tue Jul 19 23:21:40 EDT 2011

BEGIN

           660 - LOAD_BN_SESSION_UPDATE_STAGE

SET
TRUNCATE
INSERT 0 0
END

Tue Jul 19 23:22:51 EDT 2011

Timing is on.

           670 - LOAD_BN_SESSION_20110616.UPDATES

BEGIN
Time: 0 hrs, 0 mins, 1 secs, 341 ms
SET
Time: 0 hrs, 0 mins, 0 secs, 13 ms
UPDATE 0
Time: 0 hrs, 0 mins, 0 secs, 498 ms
END
Time: 0 hrs, 0 mins, 1 secs, 6 ms
VACUUM
Time: 0 hrs, 0 mins, 4 secs, 90 ms

Tue Jul 19 23:22:58 EDT 2011

Timing is on.

           700 - LOAD_BN_SESSION

BEGIN
Time: 0 hrs, 0 mins, 1 secs, 680 ms
SET
Time: 0 hrs, 0 mins, 0 secs, 8 ms
INSERT 0 2434565
Time: 0 hrs, 0 mins, 10 secs, 370 ms
ANALYZE
Time: 0 hrs, 0 mins, 1 secs, 315 ms
END
Time: 0 hrs, 0 mins, 6 secs, 898 ms

Tue Jul 19 23:23:18 EDT 2011

Timing is on.

            750 - LOAD_BN_SESSION_SUMMARY   

BEGIN
Time: 0 hrs, 0 mins, 1 secs, 473 ms
SET
Time: 0 hrs, 0 mins, 0 secs, 20 ms
CREATE TABLE
Time: 0 hrs, 0 mins, 10 secs, 804 ms
TRUNCATE
Time: 0 hrs, 0 mins, 0 secs, 727 ms
INSERT 0 372839
Time: 0 hrs, 0 mins, 6 secs, 620 ms
ANALYZE
Time: 0 hrs, 0 mins, 1 secs, 346 ms
 count(1) 
----------
   372839
(1 row)

Time: 0 hrs, 0 mins, 0 secs, 135 ms
END
Time: 0 hrs, 0 mins, 1 secs, 578 ms

Tue Jul 19 23:23:41 EDT 2011

Timing is on.

           800 - LOAD_BN_HITS

BEGIN
Time: 0 hrs, 0 mins, 0 secs, 994 ms
SET
Time: 0 hrs, 0 mins, 0 secs, 11 ms
SET
Time: 0 hrs, 0 mins, 0 secs, 69 ms
SET
Time: 0 hrs, 0 mins, 0 secs, 54 ms
SET
Time: 0 hrs, 0 mins, 0 secs, 62 ms
TRUNCATE
Time: 0 hrs, 0 mins, 3 secs, 660 ms
INSERT 0 20864308
Time: 0 hrs, 0 mins, 5 secs, 475 ms
 count(1) 
----------
 20864308
(1 row)

Time: 0 hrs, 0 mins, 2 secs, 333 ms
ANALYZE
Time: 0 hrs, 0 mins, 4 secs, 845 ms
END
Time: 0 hrs, 0 mins, 24 secs, 155 ms

Tue Jul 19 23:24:23 EDT 2011

Timing is on.

            900 - LOAD_CLICKSTREAM   

BEGIN
Time: 0 hrs, 0 mins, 1 secs, 51 ms
SET
Time: 0 hrs, 0 mins, 0 secs, 21 ms
TRUNCATE
Time: 0 hrs, 0 mins, 0 secs, 579 ms
INSERT 0 20864308
Time: 0 hrs, 1 mins, 44 secs, 103 ms
 count(1) 
----------
 20864308
(1 row)

Time: 0 hrs, 0 mins, 0 secs, 541 ms
ANALYZE
Time: 0 hrs, 0 mins, 1 secs, 569 ms
END
Time: 0 hrs, 0 mins, 6 secs, 629 ms

Tue Jul 19 23:26:18 EDT 2011

Timing is on.

            1000 - PAGE_VIEW_SUMMARY  

BEGIN
Time: 0 hrs, 0 mins, 1 secs, 307 ms
SET
Time: 0 hrs, 0 mins, 0 secs, 8 ms
SET
Time: 0 hrs, 0 mins, 0 secs, 21 ms
TRUNCATE
Time: 0 hrs, 0 mins, 1 secs, 912 ms
INSERT 0 562140
Time: 0 hrs, 0 mins, 5 secs, 664 ms
 count(1) 
----------
   562140
(1 row)

Time: 0 hrs, 0 mins, 0 secs, 625 ms
ANALYZE
Time: 0 hrs, 0 mins, 0 secs, 179 ms
END
Time: 0 hrs, 0 mins, 4 secs, 798 ms

Tue Jul 19 23:26:33 EDT 2011


2000 - WRAP UP 

Timing is on.
BEGIN
Time: 0 hrs, 0 mins, 0 secs, 902 ms
TRUNCATE
Time: 0 hrs, 0 mins, 1 secs, 311 ms
TRUNCATE
Time: 0 hrs, 0 mins, 1 secs, 613 ms
END
Time: 0 hrs, 0 mins, 10 secs, 627 ms
Tue Jul 19 23:26:48 EDT 2011
Removing lock file and waiting for a minute
Total time taken:  37  minutes.
