Checking for lock file /tmp/.iislock
Acquired lock file /tmp/.iislock
deleting simple.htm records - these are just server testing...
DELETE 5500509
-------------------------------------
Processing for 20120107
-------------------------------------

Sun Jan 8 11:07:54 EST 2012

Timing is on.

           000 - INIT

BEGIN
Time: 0 hrs, 0 mins, 34 secs, 360 ms
*** Truncating staging tables before workflow starts ***
SET
Time: 0 hrs, 0 mins, 0 secs, 8 ms
GRANT
Time: 0 hrs, 1 mins, 10 secs, 141 ms
END
Time: 0 hrs, 3 mins, 6 secs, 164 ms

Sun Jan 8 11:12:45 EST 2012

Timing is on.

            200 - LOAD_BN_IISLOGS   

BEGIN
Time: 0 hrs, 1 mins, 54 secs, 433 ms
SET
Time: 0 hrs, 0 mins, 0 secs, 8 ms
TRUNCATE
Time: 0 hrs, 0 mins, 42 secs, 663 ms
INSERT 0 77474232
Time: 0 hrs, 13 mins, 56 secs, 449 ms
END
Time: 0 hrs, 0 mins, 24 secs, 335 ms
ALTER TABLE
Time: 0 hrs, 4 mins, 30 secs, 571 ms

Sun Jan 8 11:34:14 EST 2012

Timing is on.
BEGIN
Time: 0 hrs, 0 mins, 12 secs, 498 ms
SET
Time: 0 hrs, 0 mins, 0 secs, 8 ms

            250 - LOAD_BN_HITS_SP   

TRUNCATE
Time: 0 hrs, 0 mins, 15 secs, 933 ms
INSERT 0 31191706
Time: 0 hrs, 6 mins, 34 secs, 936 ms
ANALYZE
Time: 0 hrs, 0 mins, 7 secs, 786 ms
END
Time: 0 hrs, 0 mins, 42 secs, 923 ms

Sun Jan 8 11:42:09 EST 2012

Timing is on.
BEGIN
Time: 0 hrs, 0 mins, 6 secs, 770 ms
SET
Time: 0 hrs, 0 mins, 0 secs, 10 ms

           300 - DYNAMIC FILTER

TRUNCATE
Time: 0 hrs, 0 mins, 1 secs, 917 ms
INSERT 0 26799028
Time: 0 hrs, 0 mins, 3 secs, 946 ms
ANALYZE
Time: 0 hrs, 0 mins, 2 secs, 694 ms
 Total records in web_click_cnt 
--------------------------------
                       26799028
(1 row)

Time: 0 hrs, 0 mins, 5 secs, 899 ms
CREATE TABLE
Time: 0 hrs, 0 mins, 34 secs, 820 ms
ANALYZE
Time: 0 hrs, 0 mins, 0 secs, 54 ms
CREATE TABLE
Time: 0 hrs, 0 mins, 2 secs, 376 ms
ANALYZE
Time: 0 hrs, 0 mins, 0 secs, 41 ms
DELETE 1
Time: 0 hrs, 0 mins, 0 secs, 864 ms
INSERT 0 1
Time: 0 hrs, 0 mins, 2 secs, 76 ms
DELETE 1
Time: 0 hrs, 0 mins, 0 secs, 63 ms
INSERT 0 1
Time: 0 hrs, 0 mins, 2 secs, 550 ms
CREATE TABLE
Time: 0 hrs, 0 mins, 6 secs, 986 ms
ANALYZE
Time: 0 hrs, 0 mins, 0 secs, 46 ms
CREATE TABLE
Time: 0 hrs, 0 mins, 0 secs, 412 ms
ANALYZE
Time: 0 hrs, 0 mins, 0 secs, 47 ms
DELETE 1
Time: 0 hrs, 0 mins, 0 secs, 60 ms
INSERT 0 1
Time: 0 hrs, 0 mins, 2 secs, 135 ms
DELETE 1
Time: 0 hrs, 0 mins, 0 secs, 69 ms
INSERT 0 1
Time: 0 hrs, 0 mins, 2 secs, 41 ms
ANALYZE
Time: 0 hrs, 0 mins, 0 secs, 937 ms
    tablename     |    attr_name    | attr_value 
------------------+-----------------+------------
 BN_FILTER_SPIDER | CLK_USER_SD_MPL | 10
 BN_FILTER_SPIDER | IP_USER_SD_MPL  | 1
 BN_FILTER_SPIDER | IP_USER_RATIO   | .955
 BN_FILTER_SPIDER | CLK_USER_MEAN   | 9.460
 BN_FILTER_SPIDER | CLK_USER_SD     | 228.143
 BN_FILTER_SPIDER | IP_USER_MEAN    | 24.546
 BN_FILTER_SPIDER | IP_USER_SD      | 1653.320
(7 rows)

Time: 0 hrs, 0 mins, 8 secs, 953 ms
CREATE TABLE
Time: 0 hrs, 1 mins, 14 secs, 848 ms
CREATE TABLE
Time: 0 hrs, 0 mins, 11 secs, 528 ms
 l_mean_sd_mpl 
---------------
      2290.890
(1 row)

Time: 0 hrs, 0 mins, 18 secs, 922 ms
TRUNCATE
Time: 0 hrs, 0 mins, 16 secs, 146 ms
INSERT 0 76
Time: 0 hrs, 0 mins, 40 secs, 37 ms
ANALYZE
Time: 0 hrs, 0 mins, 0 secs, 896 ms
 Total click_user bn_spider_ip records 
---------------------------------------
                                    76
(1 row)

Time: 0 hrs, 0 mins, 4 secs, 427 ms
CREATE TABLE
Time: 0 hrs, 0 mins, 57 secs, 516 ms
ANALYZE
Time: 0 hrs, 0 mins, 0 secs, 232 ms
CREATE TABLE
Time: 0 hrs, 0 mins, 26 secs, 863 ms
ANALYZE
Time: 0 hrs, 0 mins, 0 secs, 47 ms
DROP 
Time: 0 hrs, 0 mins, 0 secs, 136 ms
CREATE TABLE
Time: 0 hrs, 0 mins, 3 secs, 109 ms
 l_mean_sd_mpl | l_ratio 
---------------+---------
      1677.866 |   0.955
(1 row)

Time: 0 hrs, 0 mins, 2 secs, 431 ms
INSERT 0 22775085
Time: 0 hrs, 0 mins, 54 secs, 494 ms
ANALYZE
Time: 0 hrs, 0 mins, 2 secs, 469 ms
 Total ip_user_filter bn_spider_ip records 
-------------------------------------------
                                  22775085
(1 row)

Time: 0 hrs, 0 mins, 16 secs, 698 ms
TRUNCATE
Time: 0 hrs, 0 mins, 2 secs, 728 ms
INSERT 0 18637751
Time: 0 hrs, 1 mins, 17 secs, 805 ms
ANALYZE
Time: 0 hrs, 0 mins, 37 secs, 956 ms
 bn_hits_stage 
---------------
      18637751
(1 row)

Time: 0 hrs, 0 mins, 2 secs, 162 ms
INSERT 0 23446380
Time: 0 hrs, 1 mins, 28 secs, 678 ms
ANALYZE
Time: 0 hrs, 0 mins, 9 secs, 873 ms
 bn_hits_sp_20120107 
---------------------
            54638086
(1 row)

Time: 0 hrs, 0 mins, 22 secs, 48 ms
TRUNCATE
Time: 0 hrs, 0 mins, 6 secs, 420 ms
INSERT 0 4198395
Time: 0 hrs, 0 mins, 11 secs, 845 ms
ANALYZE
Time: 0 hrs, 0 mins, 2 secs, 541 ms
 bn_hits_client_20120107 
-------------------------
                 4198395
(1 row)

Time: 0 hrs, 0 mins, 2 secs, 626 ms
END
Time: 0 hrs, 0 mins, 26 secs, 33 ms

Sun Jan 8 11:53:56 EST 2012

Timing is on.
BEGIN
Time: 0 hrs, 0 mins, 0 secs, 204 ms

           600 - LOAD RESOURCES

SET
Time: 0 hrs, 0 mins, 0 secs, 7 ms
CREATE TABLE
Time: 0 hrs, 3 mins, 30 secs, 366 ms
ANALYZE
Time: 0 hrs, 0 mins, 1 secs, 291 ms
 tmp_a_count 
-------------
     1891973
(1 row)

Time: 0 hrs, 0 mins, 1 secs, 650 ms
UPDATE 0
Time: 0 hrs, 0 mins, 8 secs, 27 ms
ANALYZE
Time: 0 hrs, 0 mins, 1 secs, 79 ms
TRUNCATE
Time: 0 hrs, 0 mins, 2 secs, 686 ms
INSERT 0 792091
Time: 0 hrs, 1 mins, 26 secs, 986 ms
ANALYZE
Time: 0 hrs, 0 mins, 3 secs, 357 ms
 first_resource_id | last_resource_id 
-------------------+------------------
          80691580 |         81483670
(1 row)

Time: 0 hrs, 0 mins, 2 secs, 909 ms
INSERT 0 792091
Time: 0 hrs, 0 mins, 19 secs, 849 ms
 total_resources 
-----------------
        81459207
(1 row)

Time: 0 hrs, 0 mins, 4 secs, 136 ms
ANALYZE
Time: 0 hrs, 0 mins, 1 secs, 327 ms
END
Time: 0 hrs, 0 mins, 18 secs, 672 ms
VACUUM
Time: 0 hrs, 1 mins, 53 secs, 115 ms

Sun Jan 8 12:01:52 EST 2012

Timing is on.

           650 - LOAD_BN_SESSION_STAGE

BEGIN
Time: 0 hrs, 0 mins, 0 secs, 160 ms
SET
Time: 0 hrs, 0 mins, 0 secs, 6 ms
SET
Time: 0 hrs, 0 mins, 0 secs, 12 ms
CREATE TABLE
Time: 0 hrs, 1 mins, 23 secs, 239 ms
ANALYZE
Time: 0 hrs, 0 mins, 14 secs, 157 ms
 tmp_sessionized_stage 
-----------------------
              18637751
(1 row)

Time: 0 hrs, 0 mins, 13 secs, 774 ms
TRUNCATE
Time: 0 hrs, 0 mins, 5 secs, 975 ms
INSERT 0 3805284
Time: 0 hrs, 3 mins, 56 secs, 739 ms
ANALYZE
Time: 0 hrs, 0 mins, 16 secs, 151 ms
CREATE TABLE
Time: 0 hrs, 14 mins, 52 secs, 651 ms
CREATE INDEX
Time: 0 hrs, 0 mins, 0 secs, 969 ms
 tmp_first_last 
----------------
        3805284
(1 row)

Time: 0 hrs, 0 mins, 1 secs, 17 ms
ANALYZE
Time: 0 hrs, 0 mins, 0 secs, 864 ms
SET
Time: 0 hrs, 0 mins, 0 secs, 13 ms
SET
Time: 0 hrs, 0 mins, 0 secs, 12 ms
TRUNCATE
Time: 0 hrs, 0 mins, 7 secs, 79 ms
DROP 
Time: 0 hrs, 0 mins, 1 secs, 547 ms
INSERT 0 3805284
Time: 0 hrs, 0 mins, 8 secs, 52 ms
 bn_session_stage 
------------------
          3805284
(1 row)

Time: 0 hrs, 0 mins, 14 secs, 36 ms
CREATE INDEX
Time: 0 hrs, 0 mins, 8 secs, 987 ms
ANALYZE
Time: 0 hrs, 0 mins, 1 secs, 680 ms
TRUNCATE
Time: 0 hrs, 0 mins, 11 secs, 8 ms
END
Time: 0 hrs, 5 mins, 16 secs, 389 ms

Sun Jan 8 12:29:07 EST 2012

BEGIN

           660 - LOAD_BN_SESSION_UPDATE_STAGE

SET
TRUNCATE
INSERT 0 0
END

Sun Jan 8 12:30:40 EST 2012

Timing is on.

           670 - LOAD_BN_SESSION_20120107.UPDATES

BEGIN
Time: 0 hrs, 0 mins, 49 secs, 185 ms
SET
Time: 0 hrs, 0 mins, 0 secs, 13 ms
UPDATE 0
Time: 0 hrs, 0 mins, 3 secs, 480 ms
END
Time: 0 hrs, 0 mins, 58 secs, 642 ms
VACUUM
Time: 0 hrs, 3 mins, 30 secs, 474 ms

Sun Jan 8 12:36:02 EST 2012

Timing is on.

           700 - LOAD_BN_SESSION

BEGIN
Time: 0 hrs, 0 mins, 0 secs, 506 ms
SET
Time: 0 hrs, 0 mins, 0 secs, 6 ms
INSERT 0 3805284
Time: 0 hrs, 4 mins, 13 secs, 411 ms
ANALYZE
Time: 0 hrs, 0 mins, 13 secs, 913 ms
END
Time: 0 hrs, 2 mins, 44 secs, 356 ms

Sun Jan 8 12:43:15 EST 2012

Timing is on.

            750 - LOAD_BN_SESSION_SUMMARY   

BEGIN
Time: 0 hrs, 0 mins, 21 secs, 507 ms
SET
Time: 0 hrs, 0 mins, 0 secs, 12 ms
CREATE TABLE
Time: 0 hrs, 4 mins, 3 secs, 635 ms
TRUNCATE
Time: 0 hrs, 0 mins, 26 secs, 815 ms
INSERT 0 1366986
Time: 0 hrs, 2 mins, 26 secs, 790 ms
ANALYZE
Time: 0 hrs, 0 mins, 10 secs, 369 ms
 count(1) 
----------
  1366986
(1 row)

Time: 0 hrs, 0 mins, 9 secs, 39 ms
END
Time: 0 hrs, 4 mins, 16 secs, 239 ms

Sun Jan 8 12:55:09 EST 2012

Timing is on.

           800 - LOAD_BN_HITS

BEGIN
Time: 0 hrs, 0 mins, 0 secs, 692 ms
SET
Time: 0 hrs, 0 mins, 0 secs, 7 ms
SET
Time: 0 hrs, 0 mins, 0 secs, 235 ms
SET
Time: 0 hrs, 0 mins, 0 secs, 15 ms
SET
Time: 0 hrs, 0 mins, 0 secs, 216 ms
TRUNCATE
Time: 0 hrs, 0 mins, 9 secs, 856 ms
INSERT 0 18637751
Time: 0 hrs, 0 mins, 14 secs, 727 ms
 count(1) 
----------
 18637751
(1 row)

Time: 0 hrs, 0 mins, 1 secs, 989 ms
ANALYZE
Time: 0 hrs, 0 mins, 3 secs, 408 ms
END
Time: 0 hrs, 0 mins, 31 secs, 852 ms

Sun Jan 8 12:56:13 EST 2012

Timing is on.

            900 - LOAD_CLICKSTREAM   

BEGIN
Time: 0 hrs, 0 mins, 0 secs, 179 ms
SET
Time: 0 hrs, 0 mins, 0 secs, 7 ms
TRUNCATE
Time: 0 hrs, 0 mins, 4 secs, 834 ms
INSERT 0 18637751
Time: 0 hrs, 9 mins, 54 secs, 699 ms
 count(1) 
----------
 18637751
(1 row)

Time: 0 hrs, 0 mins, 20 secs, 862 ms
ANALYZE
Time: 0 hrs, 0 mins, 6 secs, 780 ms
END
Time: 0 hrs, 4 mins, 4 secs, 562 ms

Sun Jan 8 13:10:45 EST 2012

Timing is on.

            1000 - PAGE_VIEW_SUMMARY  

BEGIN
Time: 0 hrs, 0 mins, 1 secs, 321 ms
SET
Time: 0 hrs, 0 mins, 0 secs, 6 ms
SET
Time: 0 hrs, 0 mins, 0 secs, 84 ms
TRUNCATE
Time: 0 hrs, 0 mins, 8 secs, 806 ms
INSERT 0 1925553
Time: 0 hrs, 0 mins, 48 secs, 604 ms
 count(1) 
----------
  1925553
(1 row)

Time: 0 hrs, 0 mins, 2 secs, 192 ms
ANALYZE
Time: 0 hrs, 0 mins, 1 secs, 241 ms
END
Time: 0 hrs, 2 mins, 19 secs, 788 ms

Sun Jan 8 13:14:07 EST 2012


2000 - WRAP UP 

Timing is on.
BEGIN
Time: 0 hrs, 0 mins, 22 secs, 114 ms
TRUNCATE
Time: 0 hrs, 0 mins, 6 secs, 125 ms
TRUNCATE
Time: 0 hrs, 0 mins, 3 secs, 89 ms
END
Time: 0 hrs, 0 mins, 33 secs, 113 ms
Sun Jan 8 13:15:12 EST 2012
Removing lock file and waiting for a minute
Total time taken:  130  minutes.
Running time of run.sh 20120107: 7851 seconds
Checking for lock file /tmp/.iislock
Acquired lock file /tmp/.iislock
deleting simple.htm records - these are just server testing...
DELETE 2426
-------------------------------------
Processing for 20120107
-------------------------------------

Mon Jan 9 12:10:58 EST 2012

Timing is on.

           000 - INIT

BEGIN
Time: 0 hrs, 0 mins, 3 secs, 295 ms
*** Truncating staging tables before workflow starts ***
SET
Time: 0 hrs, 0 mins, 0 secs, 6 ms
GRANT
Time: 0 hrs, 2 mins, 13 secs, 721 ms
END
Time: 0 hrs, 0 mins, 27 secs, 603 ms

Mon Jan 9 12:13:43 EST 2012

Timing is on.

            200 - LOAD_BN_IISLOGS   

BEGIN
Time: 0 hrs, 0 mins, 45 secs, 17 ms
SET
Time: 0 hrs, 0 mins, 0 secs, 7 ms
TRUNCATE
Time: 0 hrs, 0 mins, 21 secs, 669 ms
INSERT 0 98842095
Time: 0 hrs, 18 mins, 53 secs, 311 ms
END
Time: 0 hrs, 0 mins, 40 secs, 341 ms
ALTER TABLE
Time: 0 hrs, 3 mins, 10 secs, 818 ms

Mon Jan 9 12:37:35 EST 2012

Timing is on.
BEGIN
Time: 0 hrs, 1 mins, 37 secs, 656 ms
SET
Time: 0 hrs, 0 mins, 0 secs, 11 ms

            250 - LOAD_BN_HITS_SP   

TRUNCATE
Time: 0 hrs, 0 mins, 16 secs, 27 ms
INSERT 0 40568589
Time: 0 hrs, 10 mins, 48 secs, 687 ms
ANALYZE
Time: 0 hrs, 0 mins, 15 secs, 977 ms
END
Time: 0 hrs, 20 mins, 39 secs, 601 ms

Mon Jan 9 13:11:13 EST 2012

Timing is on.
BEGIN
Time: 0 hrs, 0 mins, 0 secs, 382 ms
SET
Time: 0 hrs, 0 mins, 0 secs, 6 ms

           300 - DYNAMIC FILTER

TRUNCATE
Time: 0 hrs, 0 mins, 13 secs, 541 ms
INSERT 0 31514805
Time: 0 hrs, 0 mins, 10 secs, 0 ms
ANALYZE
Time: 0 hrs, 0 mins, 2 secs, 332 ms
 Total records in web_click_cnt 
--------------------------------
                       31514805
(1 row)

Time: 0 hrs, 0 mins, 4 secs, 191 ms
CREATE TABLE
Time: 0 hrs, 1 mins, 36 secs, 0 ms
ANALYZE
Time: 0 hrs, 0 mins, 2 secs, 174 ms
CREATE TABLE
Time: 0 hrs, 0 mins, 7 secs, 727 ms
ANALYZE
Time: 0 hrs, 0 mins, 0 secs, 551 ms
DELETE 1
Time: 0 hrs, 0 mins, 4 secs, 834 ms
INSERT 0 1
Time: 0 hrs, 0 mins, 23 secs, 400 ms
DELETE 1
Time: 0 hrs, 0 mins, 13 secs, 779 ms
INSERT 0 1
Time: 0 hrs, 0 mins, 4 secs, 273 ms
CREATE TABLE
Time: 0 hrs, 0 mins, 57 secs, 713 ms
ANALYZE
Time: 0 hrs, 0 mins, 2 secs, 59 ms
CREATE TABLE
Time: 0 hrs, 0 mins, 4 secs, 105 ms
ANALYZE
Time: 0 hrs, 0 mins, 0 secs, 710 ms
DELETE 1
Time: 0 hrs, 0 mins, 0 secs, 441 ms
INSERT 0 1
Time: 0 hrs, 0 mins, 10 secs, 174 ms
DELETE 1
Time: 0 hrs, 0 mins, 3 secs, 681 ms
INSERT 0 1
Time: 0 hrs, 0 mins, 8 secs, 479 ms
ANALYZE
Time: 0 hrs, 0 mins, 2 secs, 269 ms
    tablename     |    attr_name    | attr_value 
------------------+-----------------+------------
 BN_FILTER_SPIDER | CLK_USER_SD_MPL | 10
 BN_FILTER_SPIDER | IP_USER_SD_MPL  | 1
 BN_FILTER_SPIDER | IP_USER_RATIO   | .955
 BN_FILTER_SPIDER | CLK_USER_MEAN   | 9.845
 BN_FILTER_SPIDER | CLK_USER_SD     | 235.968
 BN_FILTER_SPIDER | IP_USER_MEAN    | 22.639
 BN_FILTER_SPIDER | IP_USER_SD      | 1653.940
(7 rows)

Time: 0 hrs, 0 mins, 5 secs, 913 ms
CREATE TABLE
Time: 0 hrs, 0 mins, 48 secs, 621 ms
CREATE TABLE
Time: 0 hrs, 0 mins, 17 secs, 968 ms
 l_mean_sd_mpl 
---------------
      2369.525
(1 row)

Time: 0 hrs, 0 mins, 11 secs, 765 ms
TRUNCATE
Time: 0 hrs, 0 mins, 14 secs, 104 ms
INSERT 0 102
Time: 0 hrs, 0 mins, 52 secs, 85 ms
ANALYZE
Time: 0 hrs, 0 mins, 1 secs, 810 ms
 Total click_user bn_spider_ip records 
---------------------------------------
                                   102
(1 row)

Time: 0 hrs, 0 mins, 3 secs, 651 ms
CREATE TABLE
Time: 0 hrs, 2 mins, 5 secs, 655 ms
ANALYZE
Time: 0 hrs, 0 mins, 4 secs, 153 ms
CREATE TABLE
Time: 0 hrs, 1 mins, 24 secs, 269 ms
ANALYZE
Time: 0 hrs, 0 mins, 0 secs, 278 ms
DROP 
Time: 0 hrs, 0 mins, 0 secs, 759 ms
CREATE TABLE
Time: 0 hrs, 0 mins, 3 secs, 79 ms
 l_mean_sd_mpl | l_ratio 
---------------+---------
      1676.579 |   0.955
(1 row)

Time: 0 hrs, 0 mins, 26 secs, 837 ms
INSERT 0 26443420
Time: 0 hrs, 0 mins, 31 secs, 728 ms
ANALYZE
Time: 0 hrs, 0 mins, 0 secs, 812 ms
 Total ip_user_filter bn_spider_ip records 
-------------------------------------------
                                  26443420
(1 row)

Time: 0 hrs, 0 mins, 1 secs, 152 ms
TRUNCATE
Time: 0 hrs, 0 mins, 3 secs, 645 ms
ERROR:  The supplied statement could not be completed due to a database node failure. Please attempt to re-issue the statement.
NOTICE:  current transaction is aborted, queries ignored until end of transaction block
NOTICE:  current transaction is aborted, queries ignored until end of transaction block
NOTICE:  current transaction is aborted, queries ignored until end of transaction block
NOTICE:  current transaction is aborted, queries ignored until end of transaction block
NOTICE:  current transaction is aborted, queries ignored until end of transaction block
NOTICE:  current transaction is aborted, queries ignored until end of transaction block
NOTICE:  current transaction is aborted, queries ignored until end of transaction block
NOTICE:  current transaction is aborted, queries ignored until end of transaction block
NOTICE:  current transaction is aborted, queries ignored until end of transaction block
ABORT
Time: 0 hrs, 0 mins, 0 secs, 112 ms

Mon Jan 9 13:37:16 EST 2012

Timing is on.
BEGIN
Time: 0 hrs, 0 mins, 0 secs, 245 ms

           600 - LOAD RESOURCES

SET
Time: 0 hrs, 0 mins, 0 secs, 13 ms
CREATE TABLE
Time: 0 hrs, 4 mins, 27 secs, 986 ms
ANALYZE
Time: 0 hrs, 0 mins, 2 secs, 122 ms
 tmp_a_count 
-------------
     1777026
(1 row)

Time: 0 hrs, 0 mins, 4 secs, 726 ms
UPDATE 0
Time: 0 hrs, 0 mins, 7 secs, 555 ms
ANALYZE
Time: 0 hrs, 0 mins, 2 secs, 32 ms
TRUNCATE
Time: 0 hrs, 0 mins, 3 secs, 190 ms
INSERT 0 0
Time: 0 hrs, 1 mins, 20 secs, 840 ms
ANALYZE
Time: 0 hrs, 0 mins, 0 secs, 15 ms
 first_resource_id | last_resource_id 
-------------------+------------------
                   |                 
(1 row)

Time: 0 hrs, 0 mins, 6 secs, 578 ms
INSERT 0 0
Time: 0 hrs, 0 mins, 18 secs, 539 ms
 total_resources 
-----------------
        82888611
(1 row)

Time: 0 hrs, 0 mins, 6 secs, 550 ms
ANALYZE
Time: 0 hrs, 0 mins, 0 secs, 790 ms
END
Time: 0 hrs, 1 mins, 21 secs, 481 ms
VACUUM
Time: 0 hrs, 2 mins, 6 secs, 300 ms

Mon Jan 9 13:47:25 EST 2012

Timing is on.

           650 - LOAD_BN_SESSION_STAGE

BEGIN
Time: 0 hrs, 0 mins, 52 secs, 162 ms
SET
Time: 0 hrs, 0 mins, 0 secs, 15 ms
SET
Time: 0 hrs, 0 mins, 0 secs, 31 ms
CREATE TABLE
Time: 0 hrs, 2 mins, 35 secs, 401 ms
ANALYZE
Time: 0 hrs, 0 mins, 7 secs, 498 ms
 tmp_sessionized_stage 
-----------------------
              18015084
(1 row)

Time: 0 hrs, 0 mins, 1 secs, 713 ms
TRUNCATE
Time: 0 hrs, 0 mins, 2 secs, 424 ms
INSERT 0 3563008
Time: 0 hrs, 2 mins, 14 secs, 915 ms
ANALYZE
Time: 0 hrs, 0 mins, 2 secs, 624 ms
CREATE TABLE
Time: 0 hrs, 4 mins, 12 secs, 868 ms
CREATE INDEX
Time: 0 hrs, 0 mins, 2 secs, 361 ms
 tmp_first_last 
----------------
        3563008
(1 row)

Time: 0 hrs, 0 mins, 4 secs, 563 ms
ANALYZE
Time: 0 hrs, 0 mins, 3 secs, 956 ms
SET
Time: 0 hrs, 0 mins, 0 secs, 15 ms
SET
Time: 0 hrs, 0 mins, 0 secs, 12 ms
TRUNCATE
Time: 0 hrs, 0 mins, 4 secs, 580 ms
DROP 
Time: 0 hrs, 0 mins, 2 secs, 572 ms
INSERT 0 3563008
Time: 0 hrs, 0 mins, 6 secs, 366 ms
 bn_session_stage 
------------------
          3563008
(1 row)

Time: 0 hrs, 0 mins, 5 secs, 882 ms
CREATE INDEX
Time: 0 hrs, 0 mins, 7 secs, 517 ms
ANALYZE
Time: 0 hrs, 0 mins, 1 secs, 273 ms
TRUNCATE
Time: 0 hrs, 0 mins, 5 secs, 634 ms
END
Time: 0 hrs, 0 mins, 31 secs, 682 ms

Mon Jan 9 13:58:52 EST 2012

BEGIN

           660 - LOAD_BN_SESSION_UPDATE_STAGE

SET
TRUNCATE
INSERT 0 0
END

Mon Jan 9 13:59:29 EST 2012

Timing is on.

           670 - LOAD_BN_SESSION_20120107.UPDATES

BEGIN
Time: 0 hrs, 0 mins, 6 secs, 325 ms
SET
Time: 0 hrs, 0 mins, 0 secs, 12 ms
UPDATE 0
Time: 0 hrs, 0 mins, 0 secs, 438 ms
END
Time: 0 hrs, 0 mins, 27 secs, 534 ms
VACUUM
Time: 0 hrs, 1 mins, 33 secs, 301 ms

Mon Jan 9 14:01:37 EST 2012

Timing is on.

           700 - LOAD_BN_SESSION

BEGIN
Time: 0 hrs, 3 mins, 4 secs, 602 ms
SET
Time: 0 hrs, 0 mins, 0 secs, 10 ms
INSERT 0 0
Time: 0 hrs, 2 mins, 23 secs, 816 ms
ANALYZE
Time: 0 hrs, 0 mins, 3 secs, 9 ms
END
Time: 0 hrs, 0 mins, 45 secs, 340 ms

Mon Jan 9 14:07:54 EST 2012

Timing is on.

            750 - LOAD_BN_SESSION_SUMMARY   

BEGIN
Time: 0 hrs, 0 mins, 8 secs, 423 ms
SET
Time: 0 hrs, 0 mins, 0 secs, 11 ms
CREATE TABLE
Time: 0 hrs, 3 mins, 40 secs, 211 ms
TRUNCATE
Time: 0 hrs, 0 mins, 8 secs, 705 ms
INSERT 0 0
Time: 0 hrs, 0 mins, 11 secs, 590 ms
ANALYZE
Time: 0 hrs, 0 mins, 0 secs, 24 ms
 count(1) 
----------
        0
(1 row)

Time: 0 hrs, 0 mins, 6 secs, 263 ms
END
Time: 0 hrs, 0 mins, 40 secs, 948 ms

Mon Jan 9 14:12:50 EST 2012

Timing is on.

           800 - LOAD_BN_HITS

BEGIN
Time: 0 hrs, 0 mins, 3 secs, 76 ms
SET
Time: 0 hrs, 0 mins, 0 secs, 7 ms
SET
Time: 0 hrs, 0 mins, 0 secs, 13 ms
SET
Time: 0 hrs, 0 mins, 0 secs, 12 ms
SET
Time: 0 hrs, 0 mins, 0 secs, 11 ms
TRUNCATE
Time: 0 hrs, 0 mins, 11 secs, 926 ms
INSERT 0 0
Time: 0 hrs, 0 mins, 18 secs, 446 ms
 count(1) 
----------
        0
(1 row)

Time: 0 hrs, 0 mins, 11 secs, 183 ms
ANALYZE
Time: 0 hrs, 0 mins, 3 secs, 376 ms
END
Time: 0 hrs, 0 mins, 29 secs, 649 ms

Mon Jan 9 14:14:09 EST 2012

Timing is on.

            900 - LOAD_CLICKSTREAM   

BEGIN
Time: 0 hrs, 0 mins, 5 secs, 200 ms
SET
Time: 0 hrs, 0 mins, 0 secs, 6 ms
TRUNCATE
Time: 0 hrs, 0 mins, 6 secs, 8 ms
INSERT 0 0
Time: 0 hrs, 1 mins, 56 secs, 444 ms
 count(1) 
----------
        0
(1 row)

Time: 0 hrs, 0 mins, 0 secs, 945 ms
ANALYZE
Time: 0 hrs, 0 mins, 0 secs, 239 ms
END
Time: 0 hrs, 0 mins, 9 secs, 984 ms

Mon Jan 9 14:16:28 EST 2012

Timing is on.

            1000 - PAGE_VIEW_SUMMARY  

BEGIN
Time: 0 hrs, 0 mins, 14 secs, 50 ms
SET
Time: 0 hrs, 0 mins, 0 secs, 7 ms
SET
Time: 0 hrs, 0 mins, 0 secs, 16 ms
TRUNCATE
Time: 0 hrs, 0 mins, 7 secs, 214 ms
INSERT 0 0
Time: 0 hrs, 0 mins, 6 secs, 125 ms
 count(1) 
----------
        0
(1 row)

Time: 0 hrs, 0 mins, 0 secs, 432 ms
ANALYZE
Time: 0 hrs, 0 mins, 0 secs, 14 ms
END
Time: 0 hrs, 0 mins, 26 secs, 33 ms

Mon Jan 9 14:17:22 EST 2012


2000 - WRAP UP 

Timing is on.
BEGIN
Time: 0 hrs, 0 mins, 0 secs, 165 ms
TRUNCATE
Time: 0 hrs, 0 mins, 2 secs, 883 ms
TRUNCATE
Time: 0 hrs, 0 mins, 2 secs, 894 ms
END
Time: 0 hrs, 0 mins, 16 secs, 618 ms
Mon Jan 9 14:17:45 EST 2012
Removing lock file and waiting for a minute
Total time taken:  131  minutes.
Running time of run.sh 20120107: 131 minutes
