Checking for lock file /tmp/.iislock
Acquired lock file /tmp/.iislock
deleting simple.htm records - these are just server testing...
DELETE 5205340
-------------------------------------
Processing for 20111213
-------------------------------------

Wed Dec 14 09:18:21 EST 2011

Timing is on.

           000 - INIT

BEGIN
Time: 0 hrs, 0 mins, 3 secs, 327 ms
*** Truncating staging tables before workflow starts ***
SET
Time: 0 hrs, 0 mins, 0 secs, 6 ms
GRANT
Time: 0 hrs, 3 mins, 20 secs, 345 ms
END
Time: 0 hrs, 0 mins, 57 secs, 666 ms

Wed Dec 14 09:22:43 EST 2011

Timing is on.

            200 - LOAD_BN_IISLOGS   

BEGIN
Time: 0 hrs, 0 mins, 1 secs, 623 ms
SET
Time: 0 hrs, 0 mins, 0 secs, 6 ms
TRUNCATE
Time: 0 hrs, 0 mins, 11 secs, 383 ms
INSERT 0 52322172
Time: 0 hrs, 9 mins, 43 secs, 458 ms
END
Time: 0 hrs, 1 mins, 25 secs, 371 ms
ALTER TABLE
Time: 0 hrs, 2 mins, 55 secs, 497 ms

Wed Dec 14 09:37:01 EST 2011

Timing is on.
BEGIN
Time: 0 hrs, 0 mins, 2 secs, 821 ms
SET
Time: 0 hrs, 0 mins, 0 secs, 6 ms

            250 - LOAD_BN_HITS_SP   

TRUNCATE
Time: 0 hrs, 0 mins, 2 secs, 75 ms
INSERT 0 21775166
Time: 0 hrs, 2 mins, 45 secs, 129 ms
ANALYZE
Time: 0 hrs, 0 mins, 5 secs, 321 ms
END
Time: 0 hrs, 0 mins, 41 secs, 534 ms

Wed Dec 14 09:40:38 EST 2011

Timing is on.
BEGIN
Time: 0 hrs, 0 mins, 3 secs, 517 ms
SET
Time: 0 hrs, 0 mins, 0 secs, 7 ms

           300 - DYNAMIC FILTER

TRUNCATE
Time: 0 hrs, 0 mins, 2 secs, 855 ms
INSERT 0 14352544
Time: 0 hrs, 0 mins, 4 secs, 206 ms
ANALYZE
Time: 0 hrs, 0 mins, 1 secs, 878 ms
 Total records in web_click_cnt 
--------------------------------
                       14352544
(1 row)

Time: 0 hrs, 0 mins, 2 secs, 769 ms
CREATE TABLE
Time: 0 hrs, 0 mins, 7 secs, 397 ms
ANALYZE
Time: 0 hrs, 0 mins, 0 secs, 367 ms
CREATE TABLE
Time: 0 hrs, 0 mins, 2 secs, 489 ms
ANALYZE
Time: 0 hrs, 0 mins, 0 secs, 157 ms
DELETE 1
Time: 0 hrs, 0 mins, 1 secs, 859 ms
INSERT 0 1
Time: 0 hrs, 0 mins, 1 secs, 306 ms
DELETE 1
Time: 0 hrs, 0 mins, 0 secs, 634 ms
INSERT 0 1
Time: 0 hrs, 0 mins, 1 secs, 395 ms
CREATE TABLE
Time: 0 hrs, 0 mins, 11 secs, 873 ms
ANALYZE
Time: 0 hrs, 0 mins, 0 secs, 52 ms
CREATE TABLE
Time: 0 hrs, 0 mins, 0 secs, 602 ms
ANALYZE
Time: 0 hrs, 0 mins, 0 secs, 50 ms
DELETE 1
Time: 0 hrs, 0 mins, 0 secs, 60 ms
INSERT 0 1
Time: 0 hrs, 0 mins, 1 secs, 107 ms
DELETE 1
Time: 0 hrs, 0 mins, 0 secs, 55 ms
INSERT 0 1
Time: 0 hrs, 0 mins, 1 secs, 88 ms
ANALYZE
Time: 0 hrs, 0 mins, 0 secs, 371 ms
    tablename     |    attr_name    | attr_value 
------------------+-----------------+------------
 BN_FILTER_SPIDER | CLK_USER_SD_MPL | 10
 BN_FILTER_SPIDER | IP_USER_SD_MPL  | 1
 BN_FILTER_SPIDER | IP_USER_RATIO   | .955
 BN_FILTER_SPIDER | CLK_USER_MEAN   | 7.970
 BN_FILTER_SPIDER | CLK_USER_SD     | 28.099
 BN_FILTER_SPIDER | IP_USER_MEAN    | 12.083
 BN_FILTER_SPIDER | IP_USER_SD      | 3262.542
(7 rows)

Time: 0 hrs, 0 mins, 0 secs, 471 ms
CREATE TABLE
Time: 0 hrs, 0 mins, 8 secs, 750 ms
CREATE TABLE
Time: 0 hrs, 0 mins, 0 secs, 956 ms
 l_mean_sd_mpl 
---------------
       288.960
(1 row)

Time: 0 hrs, 0 mins, 0 secs, 272 ms
TRUNCATE
Time: 0 hrs, 0 mins, 1 secs, 755 ms
INSERT 0 683
Time: 0 hrs, 0 mins, 7 secs, 581 ms
ANALYZE
Time: 0 hrs, 0 mins, 0 secs, 482 ms
 Total click_user bn_spider_ip records 
---------------------------------------
                                   683
(1 row)

Time: 0 hrs, 0 mins, 0 secs, 174 ms
CREATE TABLE
Time: 0 hrs, 0 mins, 2 secs, 286 ms
ANALYZE
Time: 0 hrs, 0 mins, 0 secs, 37 ms
CREATE TABLE
Time: 0 hrs, 0 mins, 2 secs, 972 ms
ANALYZE
Time: 0 hrs, 0 mins, 0 secs, 41 ms
DROP 
Time: 0 hrs, 0 mins, 0 secs, 121 ms
CREATE TABLE
Time: 0 hrs, 0 mins, 1 secs, 986 ms
 l_mean_sd_mpl | l_ratio 
---------------+---------
      3274.625 |   0.955
(1 row)

Time: 0 hrs, 0 mins, 0 secs, 180 ms
INSERT 0 11094439
Time: 0 hrs, 0 mins, 10 secs, 236 ms
ANALYZE
Time: 0 hrs, 0 mins, 0 secs, 273 ms
 Total ip_user_filter bn_spider_ip records 
-------------------------------------------
                                  11094439
(1 row)

Time: 0 hrs, 0 mins, 1 secs, 286 ms
TRUNCATE
Time: 0 hrs, 0 mins, 2 secs, 557 ms
INSERT 0 15865895
Time: 0 hrs, 0 mins, 34 secs, 915 ms
ANALYZE
Time: 0 hrs, 0 mins, 10 secs, 811 ms
 bn_hits_stage 
---------------
      15865895
(1 row)

Time: 0 hrs, 0 mins, 4 secs, 159 ms
INSERT 0 11734605
Time: 0 hrs, 0 mins, 41 secs, 583 ms
ANALYZE
Time: 0 hrs, 0 mins, 11 secs, 87 ms
 bn_hits_sp_20111213 
---------------------
            33509771
(1 row)

Time: 0 hrs, 0 mins, 3 secs, 236 ms
TRUNCATE
Time: 0 hrs, 0 mins, 10 secs, 606 ms
INSERT 0 2946506
Time: 0 hrs, 0 mins, 4 secs, 824 ms
ANALYZE
Time: 0 hrs, 0 mins, 3 secs, 192 ms
 bn_hits_client_20111213 
-------------------------
                 2946506
(1 row)

Time: 0 hrs, 0 mins, 2 secs, 993 ms
END
Time: 0 hrs, 0 mins, 40 secs, 558 ms

Wed Dec 14 09:44:55 EST 2011

Timing is on.
BEGIN
Time: 0 hrs, 0 mins, 0 secs, 151 ms

           600 - LOAD RESOURCES

SET
Time: 0 hrs, 0 mins, 0 secs, 6 ms
CREATE TABLE
Time: 0 hrs, 5 mins, 28 secs, 680 ms
ANALYZE
Time: 0 hrs, 0 mins, 8 secs, 618 ms
 tmp_a_count 
-------------
     1095467
(1 row)

Time: 0 hrs, 0 mins, 3 secs, 471 ms
UPDATE 0
Time: 0 hrs, 0 mins, 14 secs, 624 ms
ANALYZE
Time: 0 hrs, 0 mins, 2 secs, 82 ms
TRUNCATE
Time: 0 hrs, 0 mins, 8 secs, 426 ms
INSERT 0 349126
Time: 0 hrs, 0 mins, 52 secs, 402 ms
ANALYZE
Time: 0 hrs, 0 mins, 3 secs, 180 ms
 first_resource_id | last_resource_id 
-------------------+------------------
          66619118 |         66968243
(1 row)

Time: 0 hrs, 0 mins, 1 secs, 114 ms
INSERT 0 349126
Time: 0 hrs, 0 mins, 8 secs, 479 ms
 total_resources 
-----------------
        66943780
(1 row)

Time: 0 hrs, 0 mins, 3 secs, 178 ms
ANALYZE
Time: 0 hrs, 0 mins, 1 secs, 377 ms
END
Time: 0 hrs, 0 mins, 48 secs, 41 ms
VACUUM
Time: 0 hrs, 1 mins, 58 secs, 160 ms

Wed Dec 14 09:54:57 EST 2011

Timing is on.

           650 - LOAD_BN_SESSION_STAGE

BEGIN
Time: 0 hrs, 0 mins, 9 secs, 633 ms
SET
Time: 0 hrs, 0 mins, 0 secs, 8 ms
SET
Time: 0 hrs, 0 mins, 0 secs, 14 ms
CREATE TABLE
Time: 0 hrs, 3 mins, 58 secs, 157 ms
ANALYZE
Time: 0 hrs, 0 mins, 3 secs, 392 ms
 tmp_sessionized_stage 
-----------------------
              15865895
(1 row)

Time: 0 hrs, 0 mins, 0 secs, 736 ms
TRUNCATE
Time: 0 hrs, 0 mins, 3 secs, 147 ms
INSERT 0 2977997
Time: 0 hrs, 1 mins, 41 secs, 851 ms
ANALYZE
Time: 0 hrs, 0 mins, 7 secs, 665 ms
CREATE TABLE
Time: 0 hrs, 7 mins, 53 secs, 228 ms
CREATE INDEX
Time: 0 hrs, 0 mins, 4 secs, 981 ms
 tmp_first_last 
----------------
        2977997
(1 row)

Time: 0 hrs, 0 mins, 2 secs, 677 ms
ANALYZE
Time: 0 hrs, 0 mins, 6 secs, 894 ms
SET
Time: 0 hrs, 0 mins, 0 secs, 17 ms
SET
Time: 0 hrs, 0 mins, 0 secs, 17 ms
TRUNCATE
Time: 0 hrs, 0 mins, 27 secs, 136 ms
DROP 
Time: 0 hrs, 0 mins, 3 secs, 245 ms
INSERT 0 2977997
Time: 0 hrs, 0 mins, 14 secs, 105 ms
 bn_session_stage 
------------------
          2977997
(1 row)

Time: 0 hrs, 0 mins, 15 secs, 104 ms
CREATE INDEX
Time: 0 hrs, 0 mins, 15 secs, 323 ms
ANALYZE
Time: 0 hrs, 0 mins, 1 secs, 785 ms
TRUNCATE
Time: 0 hrs, 0 mins, 19 secs, 109 ms
END
Time: 0 hrs, 2 mins, 58 secs, 195 ms

Wed Dec 14 10:13:44 EST 2011

BEGIN

           660 - LOAD_BN_SESSION_UPDATE_STAGE

SET
TRUNCATE
INSERT 0 0
END

Wed Dec 14 10:14:59 EST 2011

Timing is on.

           670 - LOAD_BN_SESSION_20111213.UPDATES

BEGIN
Time: 0 hrs, 0 mins, 6 secs, 999 ms
SET
Time: 0 hrs, 0 mins, 0 secs, 11 ms
UPDATE 0
Time: 0 hrs, 0 mins, 4 secs, 286 ms
END
Time: 0 hrs, 1 mins, 36 secs, 860 ms
VACUUM
Time: 0 hrs, 2 mins, 40 secs, 378 ms

Wed Dec 14 10:19:28 EST 2011

Timing is on.

           700 - LOAD_BN_SESSION

BEGIN
Time: 0 hrs, 0 mins, 13 secs, 799 ms
SET
Time: 0 hrs, 0 mins, 0 secs, 6 ms
INSERT 0 2977997
Time: 0 hrs, 4 mins, 55 secs, 20 ms
ANALYZE
Time: 0 hrs, 0 mins, 1 secs, 370 ms
END
Time: 0 hrs, 0 mins, 46 secs, 423 ms

Wed Dec 14 10:25:25 EST 2011

Timing is on.

            750 - LOAD_BN_SESSION_SUMMARY   

BEGIN
Time: 0 hrs, 0 mins, 0 secs, 208 ms
SET
Time: 0 hrs, 0 mins, 0 secs, 6 ms
CREATE TABLE
Time: 0 hrs, 12 mins, 48 secs, 413 ms
TRUNCATE
Time: 0 hrs, 0 mins, 6 secs, 405 ms
INSERT 0 894651
Time: 0 hrs, 0 mins, 20 secs, 208 ms
ANALYZE
Time: 0 hrs, 0 mins, 3 secs, 715 ms
 count(1) 
----------
   894651
(1 row)

Time: 0 hrs, 0 mins, 2 secs, 392 ms
END
Time: 0 hrs, 1 mins, 30 secs, 402 ms

Wed Dec 14 10:40:17 EST 2011

Timing is on.

           800 - LOAD_BN_HITS

BEGIN
Time: 0 hrs, 0 mins, 53 secs, 776 ms
SET
Time: 0 hrs, 0 mins, 0 secs, 12 ms
SET
Time: 0 hrs, 0 mins, 0 secs, 713 ms
SET
Time: 0 hrs, 0 mins, 0 secs, 12 ms
SET
Time: 0 hrs, 0 mins, 0 secs, 12 ms
TRUNCATE
Time: 0 hrs, 0 mins, 17 secs, 930 ms
INSERT 0 15865895
Time: 0 hrs, 0 mins, 34 secs, 55 ms
 count(1) 
----------
 15865895
(1 row)

Time: 0 hrs, 0 mins, 10 secs, 223 ms
ANALYZE
Time: 0 hrs, 0 mins, 7 secs, 251 ms
END
Time: 0 hrs, 1 mins, 58 secs, 164 ms

Wed Dec 14 10:44:20 EST 2011

Timing is on.

            900 - LOAD_CLICKSTREAM   

BEGIN
Time: 0 hrs, 0 mins, 2 secs, 702 ms
SET
Time: 0 hrs, 0 mins, 0 secs, 10 ms
TRUNCATE
Time: 0 hrs, 0 mins, 6 secs, 735 ms
INSERT 0 15865895
Time: 0 hrs, 18 mins, 48 secs, 557 ms
 count(1) 
----------
 15865895
(1 row)

Time: 0 hrs, 0 mins, 12 secs, 743 ms
ANALYZE
Time: 0 hrs, 0 mins, 6 secs, 690 ms
END
Time: 0 hrs, 5 mins, 24 secs, 386 ms

Wed Dec 14 11:09:02 EST 2011

Timing is on.

            1000 - PAGE_VIEW_SUMMARY  

BEGIN
Time: 0 hrs, 0 mins, 44 secs, 30 ms
SET
Time: 0 hrs, 0 mins, 0 secs, 33 ms
SET
Time: 0 hrs, 0 mins, 0 secs, 47 ms
TRUNCATE
Time: 0 hrs, 0 mins, 32 secs, 293 ms
INSERT 0 1122519
Time: 0 hrs, 1 mins, 55 secs, 789 ms
 count(1) 
----------
  1122519
(1 row)

Time: 0 hrs, 0 mins, 6 secs, 899 ms
ANALYZE
Time: 0 hrs, 0 mins, 4 secs, 789 ms
END
Time: 0 hrs, 2 mins, 37 secs, 133 ms

Wed Dec 14 11:15:03 EST 2011


2000 - WRAP UP 

Timing is on.
BEGIN
Time: 0 hrs, 0 mins, 0 secs, 303 ms
TRUNCATE
Time: 0 hrs, 0 mins, 23 secs, 410 ms
TRUNCATE
Time: 0 hrs, 0 mins, 16 secs, 544 ms
END
Time: 0 hrs, 9 mins, 13 secs, 651 ms
Wed Dec 14 11:24:57 EST 2011
Removing lock file and waiting for a minute
Total time taken:  131  minutes.
Running time of run.sh 20111213: 7873 seconds
Checking for lock file /tmp/.iislock
Acquired lock file /tmp/.iislock
deleting simple.htm records - these are just server testing...
DELETE 17
-------------------------------------
Processing for 20111213
-------------------------------------

Thu Dec 15 06:17:41 EST 2011

Timing is on.

           000 - INIT

BEGIN
Time: 0 hrs, 0 mins, 1 secs, 184 ms
*** Truncating staging tables before workflow starts ***
SET
Time: 0 hrs, 0 mins, 0 secs, 5 ms
GRANT
Time: 0 hrs, 1 mins, 27 secs, 117 ms
END
Time: 0 hrs, 0 mins, 5 secs, 982 ms

Thu Dec 15 06:19:16 EST 2011

Timing is on.

            200 - LOAD_BN_IISLOGS   

BEGIN
Time: 0 hrs, 0 mins, 0 secs, 151 ms
SET
Time: 0 hrs, 0 mins, 0 secs, 6 ms
TRUNCATE
Time: 0 hrs, 0 mins, 0 secs, 648 ms
INSERT 0 67198275
Time: 0 hrs, 11 mins, 12 secs, 879 ms
END
Time: 0 hrs, 0 mins, 42 secs, 63 ms
ALTER TABLE
Time: 0 hrs, 0 mins, 54 secs, 464 ms

Thu Dec 15 06:32:06 EST 2011

Timing is on.
BEGIN
Time: 0 hrs, 0 mins, 0 secs, 194 ms
SET
Time: 0 hrs, 0 mins, 0 secs, 6 ms

            250 - LOAD_BN_HITS_SP   

TRUNCATE
Time: 0 hrs, 0 mins, 10 secs, 747 ms
INSERT 0 27835084
Time: 0 hrs, 5 mins, 52 secs, 713 ms
ANALYZE
Time: 0 hrs, 0 mins, 8 secs, 376 ms
END
Time: 0 hrs, 1 mins, 8 secs, 866 ms

Thu Dec 15 06:39:27 EST 2011

Timing is on.
BEGIN
Time: 0 hrs, 0 mins, 0 secs, 154 ms
SET
Time: 0 hrs, 0 mins, 0 secs, 6 ms

           300 - DYNAMIC FILTER

TRUNCATE
Time: 0 hrs, 0 mins, 4 secs, 343 ms
INSERT 0 18055521
Time: 0 hrs, 0 mins, 4 secs, 19 ms
ANALYZE
Time: 0 hrs, 0 mins, 1 secs, 915 ms
 Total records in web_click_cnt 
--------------------------------
                       18055521
(1 row)

Time: 0 hrs, 0 mins, 6 secs, 77 ms
CREATE TABLE
Time: 0 hrs, 0 mins, 13 secs, 787 ms
ANALYZE
Time: 0 hrs, 0 mins, 0 secs, 544 ms
CREATE TABLE
Time: 0 hrs, 0 mins, 15 secs, 147 ms
ANALYZE
Time: 0 hrs, 0 mins, 0 secs, 63 ms
DELETE 1
Time: 0 hrs, 0 mins, 4 secs, 154 ms
INSERT 0 1
Time: 0 hrs, 0 mins, 8 secs, 997 ms
DELETE 1
Time: 0 hrs, 0 mins, 0 secs, 60 ms
INSERT 0 1
Time: 0 hrs, 0 mins, 14 secs, 109 ms
CREATE TABLE
Time: 0 hrs, 0 mins, 44 secs, 972 ms
ANALYZE
Time: 0 hrs, 0 mins, 0 secs, 141 ms
CREATE TABLE
Time: 0 hrs, 0 mins, 3 secs, 89 ms
ANALYZE
Time: 0 hrs, 0 mins, 0 secs, 63 ms
DELETE 1
Time: 0 hrs, 0 mins, 0 secs, 63 ms
INSERT 0 1
Time: 0 hrs, 0 mins, 1 secs, 51 ms
DELETE 1
Time: 0 hrs, 0 mins, 0 secs, 102 ms
INSERT 0 1
Time: 0 hrs, 0 mins, 3 secs, 620 ms
ANALYZE
Time: 0 hrs, 0 mins, 0 secs, 928 ms
    tablename     |    attr_name    | attr_value 
------------------+-----------------+------------
 BN_FILTER_SPIDER | CLK_USER_SD_MPL | 10
 BN_FILTER_SPIDER | IP_USER_SD_MPL  | 1
 BN_FILTER_SPIDER | IP_USER_RATIO   | .955
 BN_FILTER_SPIDER | CLK_USER_MEAN   | 7.780
 BN_FILTER_SPIDER | CLK_USER_SD     | 27.190
 BN_FILTER_SPIDER | IP_USER_MEAN    | 11.941
 BN_FILTER_SPIDER | IP_USER_SD      | 2938.535
(7 rows)

Time: 0 hrs, 0 mins, 1 secs, 637 ms
CREATE TABLE
Time: 0 hrs, 0 mins, 9 secs, 491 ms
CREATE TABLE
Time: 0 hrs, 0 mins, 3 secs, 744 ms
 l_mean_sd_mpl 
---------------
       279.680
(1 row)

Time: 0 hrs, 0 mins, 1 secs, 179 ms
TRUNCATE
Time: 0 hrs, 0 mins, 8 secs, 638 ms
INSERT 0 940
Time: 0 hrs, 0 mins, 13 secs, 581 ms
ANALYZE
Time: 0 hrs, 0 mins, 2 secs, 226 ms
 Total click_user bn_spider_ip records 
---------------------------------------
                                   940
(1 row)

Time: 0 hrs, 0 mins, 0 secs, 396 ms
CREATE TABLE
Time: 0 hrs, 0 mins, 19 secs, 135 ms
ANALYZE
Time: 0 hrs, 0 mins, 0 secs, 36 ms
CREATE TABLE
Time: 0 hrs, 0 mins, 3 secs, 134 ms
ANALYZE
Time: 0 hrs, 0 mins, 0 secs, 367 ms
DROP 
Time: 0 hrs, 0 mins, 0 secs, 108 ms
CREATE TABLE
Time: 0 hrs, 0 mins, 0 secs, 326 ms
 l_mean_sd_mpl | l_ratio 
---------------+---------
      2950.476 |   0.955
(1 row)

Time: 0 hrs, 0 mins, 1 secs, 20 ms
INSERT 0 14080091
Time: 0 hrs, 0 mins, 13 secs, 661 ms
ANALYZE
Time: 0 hrs, 0 mins, 0 secs, 258 ms
 Total ip_user_filter bn_spider_ip records 
-------------------------------------------
                                  14080091
(1 row)

Time: 0 hrs, 0 mins, 1 secs, 51 ms
TRUNCATE
Time: 0 hrs, 0 mins, 4 secs, 664 ms
INSERT 0 19719773
Time: 0 hrs, 0 mins, 31 secs, 331 ms
ANALYZE
Time: 0 hrs, 0 mins, 14 secs, 282 ms
 bn_hits_stage 
---------------
      19719773
(1 row)

Time: 0 hrs, 0 mins, 2 secs, 132 ms
INSERT 0 14909484
Time: 0 hrs, 0 mins, 40 secs, 122 ms
ANALYZE
Time: 0 hrs, 0 mins, 6 secs, 258 ms
 bn_hits_sp_20111213 
---------------------
            42744568
(1 row)

Time: 0 hrs, 0 mins, 2 secs, 248 ms
TRUNCATE
Time: 0 hrs, 0 mins, 5 secs, 386 ms
INSERT 0 4733934
Time: 0 hrs, 0 mins, 5 secs, 382 ms
ANALYZE
Time: 0 hrs, 0 mins, 4 secs, 727 ms
 bn_hits_client_20111213 
-------------------------
                 4733934
(1 row)

Time: 0 hrs, 0 mins, 3 secs, 671 ms
END
Time: 0 hrs, 0 mins, 45 secs, 876 ms

Thu Dec 15 06:45:41 EST 2011

Timing is on.
BEGIN
Time: 0 hrs, 0 mins, 10 secs, 244 ms

           600 - LOAD RESOURCES

SET
Time: 0 hrs, 0 mins, 0 secs, 15 ms
CREATE TABLE
Time: 0 hrs, 1 mins, 45 secs, 384 ms
ANALYZE
Time: 0 hrs, 0 mins, 10 secs, 882 ms
 tmp_a_count 
-------------
     1133451
(1 row)

Time: 0 hrs, 0 mins, 1 secs, 20 ms
UPDATE 0
Time: 0 hrs, 0 mins, 14 secs, 756 ms
ANALYZE
Time: 0 hrs, 0 mins, 3 secs, 692 ms
TRUNCATE
Time: 0 hrs, 0 mins, 3 secs, 608 ms
INSERT 0 24658
Time: 0 hrs, 0 mins, 44 secs, 232 ms
ANALYZE
Time: 0 hrs, 0 mins, 1 secs, 2 ms
 first_resource_id | last_resource_id 
-------------------+------------------
          67142730 |         67167387
(1 row)

Time: 0 hrs, 0 mins, 0 secs, 435 ms
INSERT 0 24658
Time: 0 hrs, 0 mins, 3 secs, 380 ms
 total_resources 
-----------------
        67142924
(1 row)

Time: 0 hrs, 0 mins, 0 secs, 225 ms
ANALYZE
Time: 0 hrs, 0 mins, 0 secs, 646 ms
END
Time: 0 hrs, 0 mins, 24 secs, 79 ms
VACUUM
Time: 0 hrs, 1 mins, 10 secs, 656 ms

Thu Dec 15 06:50:35 EST 2011

Timing is on.

           650 - LOAD_BN_SESSION_STAGE

BEGIN
Time: 0 hrs, 0 mins, 0 secs, 146 ms
SET
Time: 0 hrs, 0 mins, 0 secs, 7 ms
SET
Time: 0 hrs, 0 mins, 0 secs, 12 ms
CREATE TABLE
Time: 0 hrs, 0 mins, 58 secs, 808 ms
ANALYZE
Time: 0 hrs, 0 mins, 5 secs, 87 ms
 tmp_sessionized_stage 
-----------------------
              19719773
(1 row)

Time: 0 hrs, 0 mins, 1 secs, 232 ms
TRUNCATE
Time: 0 hrs, 0 mins, 1 secs, 793 ms
INSERT 0 3618669
Time: 0 hrs, 1 mins, 30 secs, 730 ms
ANALYZE
Time: 0 hrs, 0 mins, 2 secs, 296 ms
CREATE TABLE
Time: 0 hrs, 1 mins, 16 secs, 422 ms
CREATE INDEX
Time: 0 hrs, 0 mins, 1 secs, 55 ms
 tmp_first_last 
----------------
        3618669
(1 row)

Time: 0 hrs, 0 mins, 1 secs, 495 ms
ANALYZE
Time: 0 hrs, 0 mins, 0 secs, 893 ms
SET
Time: 0 hrs, 0 mins, 0 secs, 24 ms
SET
Time: 0 hrs, 0 mins, 0 secs, 23 ms
TRUNCATE
Time: 0 hrs, 0 mins, 1 secs, 367 ms
DROP 
Time: 0 hrs, 0 mins, 1 secs, 763 ms
INSERT 0 3618669
Time: 0 hrs, 0 mins, 7 secs, 115 ms
 bn_session_stage 
------------------
          3618669
(1 row)

Time: 0 hrs, 0 mins, 4 secs, 985 ms
CREATE INDEX
Time: 0 hrs, 0 mins, 2 secs, 123 ms
ANALYZE
Time: 0 hrs, 0 mins, 0 secs, 866 ms
TRUNCATE
Time: 0 hrs, 0 mins, 7 secs, 727 ms
END
Time: 0 hrs, 0 mins, 11 secs, 21 ms

Thu Dec 15 06:55:13 EST 2011

BEGIN

           660 - LOAD_BN_SESSION_UPDATE_STAGE

SET
TRUNCATE
INSERT 0 0
END

Thu Dec 15 06:55:43 EST 2011

Timing is on.

           670 - LOAD_BN_SESSION_20111213.UPDATES

BEGIN
Time: 0 hrs, 0 mins, 2 secs, 760 ms
SET
Time: 0 hrs, 0 mins, 0 secs, 16 ms
UPDATE 0
Time: 0 hrs, 0 mins, 0 secs, 194 ms
END
Time: 0 hrs, 0 mins, 20 secs, 681 ms
VACUUM
Time: 0 hrs, 0 mins, 38 secs, 955 ms

Thu Dec 15 06:56:46 EST 2011

Timing is on.

           700 - LOAD_BN_SESSION

BEGIN
Time: 0 hrs, 0 mins, 3 secs, 417 ms
SET
Time: 0 hrs, 0 mins, 0 secs, 9 ms
INSERT 0 3618669
Time: 0 hrs, 0 mins, 47 secs, 208 ms
ANALYZE
Time: 0 hrs, 0 mins, 1 secs, 12 ms
END
Time: 0 hrs, 0 mins, 12 secs, 373 ms

Thu Dec 15 06:57:50 EST 2011

Timing is on.

            750 - LOAD_BN_SESSION_SUMMARY   

BEGIN
Time: 0 hrs, 0 mins, 3 secs, 660 ms
SET
Time: 0 hrs, 0 mins, 0 secs, 7 ms
CREATE TABLE
Time: 0 hrs, 0 mins, 12 secs, 493 ms
TRUNCATE
Time: 0 hrs, 0 mins, 5 secs, 644 ms
INSERT 0 966180
Time: 0 hrs, 0 mins, 6 secs, 964 ms
ANALYZE
Time: 0 hrs, 0 mins, 1 secs, 716 ms
 count(1) 
----------
   966180
(1 row)

Time: 0 hrs, 0 mins, 0 secs, 595 ms
END
Time: 0 hrs, 0 mins, 12 secs, 999 ms

Thu Dec 15 06:58:34 EST 2011

Timing is on.

           800 - LOAD_BN_HITS

BEGIN
Time: 0 hrs, 0 mins, 2 secs, 213 ms
SET
Time: 0 hrs, 0 mins, 0 secs, 6 ms
SET
Time: 0 hrs, 0 mins, 0 secs, 25 ms
SET
Time: 0 hrs, 0 mins, 0 secs, 30 ms
SET
Time: 0 hrs, 0 mins, 0 secs, 29 ms
TRUNCATE
Time: 0 hrs, 0 mins, 3 secs, 500 ms
INSERT 0 19719773
Time: 0 hrs, 0 mins, 6 secs, 303 ms
 count(1) 
----------
 19719773
(1 row)

Time: 0 hrs, 0 mins, 5 secs, 412 ms
ANALYZE
Time: 0 hrs, 0 mins, 5 secs, 408 ms
END
Time: 0 hrs, 0 mins, 26 secs, 286 ms

Thu Dec 15 06:59:24 EST 2011

Timing is on.

            900 - LOAD_CLICKSTREAM   

BEGIN
Time: 0 hrs, 0 mins, 0 secs, 194 ms
SET
Time: 0 hrs, 0 mins, 0 secs, 6 ms
TRUNCATE
Time: 0 hrs, 0 mins, 4 secs, 133 ms
INSERT 0 19719773
Time: 0 hrs, 1 mins, 12 secs, 326 ms
 count(1) 
----------
 19719773
(1 row)

Time: 0 hrs, 0 mins, 2 secs, 192 ms
ANALYZE
Time: 0 hrs, 0 mins, 1 secs, 328 ms
END
Time: 0 hrs, 0 mins, 29 secs, 611 ms

Thu Dec 15 07:01:14 EST 2011

Timing is on.

            1000 - PAGE_VIEW_SUMMARY  

BEGIN
Time: 0 hrs, 0 mins, 7 secs, 21 ms
SET
Time: 0 hrs, 0 mins, 0 secs, 6 ms
SET
Time: 0 hrs, 0 mins, 0 secs, 13 ms
TRUNCATE
Time: 0 hrs, 0 mins, 6 secs, 804 ms
INSERT 0 1161595
Time: 0 hrs, 0 mins, 14 secs, 655 ms
 count(1) 
----------
  1161595
(1 row)

Time: 0 hrs, 0 mins, 1 secs, 383 ms
ANALYZE
Time: 0 hrs, 0 mins, 0 secs, 443 ms
END
Time: 0 hrs, 0 mins, 39 secs, 185 ms

Thu Dec 15 07:02:23 EST 2011


2000 - WRAP UP 

Timing is on.
BEGIN
Time: 0 hrs, 0 mins, 7 secs, 373 ms
TRUNCATE
Time: 0 hrs, 0 mins, 4 secs, 135 ms
TRUNCATE
Time: 0 hrs, 0 mins, 9 secs, 194 ms
END
Time: 0 hrs, 0 mins, 28 secs, 484 ms
Thu Dec 15 07:03:13 EST 2011
Removing lock file and waiting for a minute
Total time taken:  47  minutes.
Running time of run.sh 20111213: 47 minutes
Checking for lock file /tmp/.iislock
Acquired lock file /tmp/.iislock
deleting simple.htm records - these are just server testing...
DELETE 0
-------------------------------------
Processing for 20111213
-------------------------------------

Fri Dec 16 09:39:24 EST 2011

Timing is on.

           000 - INIT

BEGIN
Time: 0 hrs, 0 mins, 18 secs, 381 ms
*** Truncating staging tables before workflow starts ***
SET
Time: 0 hrs, 0 mins, 0 secs, 5 ms
GRANT
Time: 0 hrs, 1 mins, 53 secs, 686 ms
END
Time: 0 hrs, 2 mins, 20 secs, 79 ms

Fri Dec 16 09:43:57 EST 2011

Timing is on.

            200 - LOAD_BN_IISLOGS   

BEGIN
Time: 0 hrs, 0 mins, 24 secs, 390 ms
SET
Time: 0 hrs, 0 mins, 0 secs, 7 ms
TRUNCATE
Time: 0 hrs, 0 mins, 4 secs, 520 ms
INSERT 0 73118606
Time: 0 hrs, 11 mins, 30 secs, 552 ms
END
Time: 0 hrs, 4 mins, 12 secs, 170 ms
ALTER TABLE
Time: 0 hrs, 4 mins, 46 secs, 303 ms

Fri Dec 16 10:04:55 EST 2011

Timing is on.
BEGIN
Time: 0 hrs, 0 mins, 28 secs, 387 ms
SET
Time: 0 hrs, 0 mins, 0 secs, 7 ms

            250 - LOAD_BN_HITS_SP   

TRUNCATE
Time: 0 hrs, 0 mins, 10 secs, 21 ms
INSERT 0 29471575
Time: 0 hrs, 10 mins, 58 secs, 835 ms
ANALYZE
Time: 0 hrs, 0 mins, 20 secs, 366 ms
END
Time: 0 hrs, 5 mins, 53 secs, 578 ms

Fri Dec 16 10:22:47 EST 2011

Timing is on.
BEGIN
Time: 0 hrs, 1 mins, 4 secs, 741 ms
SET
Time: 0 hrs, 0 mins, 0 secs, 7 ms

           300 - DYNAMIC FILTER

TRUNCATE
Time: 0 hrs, 0 mins, 22 secs, 8 ms
INSERT 0 20090388
Time: 0 hrs, 0 mins, 22 secs, 191 ms
ANALYZE
Time: 0 hrs, 0 mins, 4 secs, 704 ms
 Total records in web_click_cnt 
--------------------------------
                       20090388
(1 row)

Time: 0 hrs, 0 mins, 30 secs, 766 ms
CREATE TABLE
Time: 0 hrs, 9 mins, 16 secs, 4 ms
ANALYZE
Time: 0 hrs, 0 mins, 0 secs, 933 ms
CREATE TABLE
Time: 0 hrs, 0 mins, 9 secs, 130 ms
ANALYZE
Time: 0 hrs, 0 mins, 0 secs, 67 ms
DELETE 1
Time: 0 hrs, 0 mins, 3 secs, 332 ms
INSERT 0 1
Time: 0 hrs, 0 mins, 19 secs, 554 ms
DELETE 1
Time: 0 hrs, 0 mins, 0 secs, 66 ms
INSERT 0 1
Time: 0 hrs, 0 mins, 26 secs, 712 ms
CREATE TABLE
Time: 0 hrs, 2 mins, 53 secs, 347 ms
ANALYZE
Time: 0 hrs, 0 mins, 0 secs, 101 ms
CREATE TABLE
Time: 0 hrs, 0 mins, 5 secs, 562 ms
ANALYZE
Time: 0 hrs, 0 mins, 0 secs, 102 ms
DELETE 1
Time: 0 hrs, 0 mins, 0 secs, 113 ms
INSERT 0 1
Time: 0 hrs, 0 mins, 1 secs, 843 ms
DELETE 1
Time: 0 hrs, 0 mins, 0 secs, 63 ms
INSERT 0 1
Time: 0 hrs, 0 mins, 1 secs, 270 ms
ANALYZE
Time: 0 hrs, 0 mins, 0 secs, 996 ms
    tablename     |    attr_name    | attr_value 
------------------+-----------------+------------
 BN_FILTER_SPIDER | CLK_USER_SD_MPL | 10
 BN_FILTER_SPIDER | IP_USER_SD_MPL  | 1
 BN_FILTER_SPIDER | IP_USER_RATIO   | .955
 BN_FILTER_SPIDER | CLK_USER_MEAN   | 8.581
 BN_FILTER_SPIDER | CLK_USER_SD     | 29.901
 BN_FILTER_SPIDER | IP_USER_MEAN    | 12.713
 BN_FILTER_SPIDER | IP_USER_SD      | 3624.153
(7 rows)

Time: 0 hrs, 0 mins, 2 secs, 384 ms
CREATE TABLE
Time: 0 hrs, 0 mins, 16 secs, 455 ms
CREATE TABLE
Time: 0 hrs, 0 mins, 1 secs, 398 ms
 l_mean_sd_mpl 
---------------
       307.591
(1 row)

Time: 0 hrs, 0 mins, 1 secs, 271 ms
TRUNCATE
Time: 0 hrs, 0 mins, 2 secs, 975 ms
INSERT 0 946
Time: 0 hrs, 1 mins, 3 secs, 834 ms
ANALYZE
Time: 0 hrs, 0 mins, 1 secs, 809 ms
 Total click_user bn_spider_ip records 
---------------------------------------
                                   946
(1 row)

Time: 0 hrs, 0 mins, 2 secs, 19 ms
CREATE TABLE
Time: 0 hrs, 3 mins, 50 secs, 976 ms
ANALYZE
Time: 0 hrs, 0 mins, 0 secs, 846 ms
CREATE TABLE
Time: 0 hrs, 0 mins, 27 secs, 66 ms
ANALYZE
Time: 0 hrs, 0 mins, 0 secs, 51 ms
DROP 
Time: 0 hrs, 0 mins, 0 secs, 105 ms
CREATE TABLE
Time: 0 hrs, 0 mins, 7 secs, 27 ms
 l_mean_sd_mpl | l_ratio 
---------------+---------
      3636.866 |   0.955
(1 row)

Time: 0 hrs, 0 mins, 2 secs, 98 ms
INSERT 0 15866696
Time: 0 hrs, 6 mins, 35 secs, 435 ms
ANALYZE
Time: 0 hrs, 0 mins, 5 secs, 221 ms
 Total ip_user_filter bn_spider_ip records 
-------------------------------------------
                                  15866696
(1 row)

Time: 0 hrs, 0 mins, 14 secs, 763 ms
TRUNCATE
Time: 0 hrs, 0 mins, 32 secs, 689 ms
INSERT 0 22130777
Time: 0 hrs, 1 mins, 50 secs, 242 ms
ANALYZE
Time: 0 hrs, 0 mins, 19 secs, 870 ms
 bn_hits_stage 
---------------
      22130777
(1 row)

Time: 0 hrs, 0 mins, 52 secs, 408 ms
INSERT 0 16782320
Time: 0 hrs, 9 mins, 54 secs, 625 ms
ANALYZE
Time: 0 hrs, 0 mins, 14 secs, 460 ms
 bn_hits_sp_20111213 
---------------------
            46253895
(1 row)

Time: 0 hrs, 0 mins, 13 secs, 238 ms
TRUNCATE
Time: 0 hrs, 0 mins, 11 secs, 158 ms
INSERT 0 4733934
Time: 0 hrs, 0 mins, 38 secs, 636 ms
ANALYZE
Time: 0 hrs, 0 mins, 7 secs, 699 ms
 bn_hits_client_20111213 
-------------------------
                 4733934
(1 row)

Time: 0 hrs, 0 mins, 27 secs, 194 ms
END
Time: 0 hrs, 3 mins, 43 secs, 24 ms

Fri Dec 16 11:10:32 EST 2011

Timing is on.
BEGIN
Time: 0 hrs, 0 mins, 24 secs, 188 ms

           600 - LOAD RESOURCES

SET
Time: 0 hrs, 0 mins, 0 secs, 8 ms
CREATE TABLE
Time: 0 hrs, 6 mins, 20 secs, 877 ms
ANALYZE
Time: 0 hrs, 0 mins, 9 secs, 406 ms
 tmp_a_count 
-------------
     1396214
(1 row)

Time: 0 hrs, 0 mins, 9 secs, 730 ms
UPDATE 0
Time: 0 hrs, 0 mins, 34 secs, 246 ms
ANALYZE
Time: 0 hrs, 0 mins, 13 secs, 591 ms
TRUNCATE
Time: 0 hrs, 0 mins, 6 secs, 800 ms
INSERT 0 100574
Time: 0 hrs, 3 mins, 47 secs, 268 ms
ANALYZE
Time: 0 hrs, 0 mins, 4 secs, 574 ms
 first_resource_id | last_resource_id 
-------------------+------------------
          67167388 |         67267961
(1 row)

Time: 0 hrs, 0 mins, 14 secs, 832 ms
INSERT 0 100574
Time: 0 hrs, 1 mins, 23 secs, 834 ms
 total_resources 
-----------------
        67243498
(1 row)

Time: 0 hrs, 0 mins, 9 secs, 805 ms
ANALYZE
Time: 0 hrs, 0 mins, 11 secs, 31 ms
END
Time: 0 hrs, 1 mins, 0 secs, 421 ms
VACUUM
Time: 0 hrs, 0 mins, 43 secs, 558 ms

Fri Dec 16 11:26:06 EST 2011

Timing is on.

           650 - LOAD_BN_SESSION_STAGE

BEGIN
Time: 0 hrs, 0 mins, 3 secs, 177 ms
SET
Time: 0 hrs, 0 mins, 0 secs, 6 ms
SET
Time: 0 hrs, 0 mins, 0 secs, 16 ms
CREATE TABLE
Time: 0 hrs, 6 mins, 44 secs, 675 ms
ANALYZE
Time: 0 hrs, 0 mins, 13 secs, 194 ms
 tmp_sessionized_stage 
-----------------------
              22130777
(1 row)

Time: 0 hrs, 0 mins, 6 secs, 712 ms
TRUNCATE
Time: 0 hrs, 0 mins, 19 secs, 167 ms
INSERT 0 3838606
Time: 0 hrs, 8 mins, 8 secs, 727 ms
ANALYZE
Time: 0 hrs, 0 mins, 11 secs, 604 ms
CREATE TABLE
Time: 0 hrs, 10 mins, 41 secs, 757 ms
CREATE INDEX
Time: 0 hrs, 0 mins, 0 secs, 737 ms
 tmp_first_last 
----------------
        3838606
(1 row)

Time: 0 hrs, 0 mins, 0 secs, 847 ms
ANALYZE
Time: 0 hrs, 0 mins, 1 secs, 977 ms
SET
Time: 0 hrs, 0 mins, 0 secs, 243 ms
SET
Time: 0 hrs, 0 mins, 0 secs, 17 ms
TRUNCATE
Time: 0 hrs, 0 mins, 24 secs, 835 ms
DROP 
Time: 0 hrs, 0 mins, 17 secs, 739 ms
INSERT 0 3838606
Time: 0 hrs, 0 mins, 21 secs, 798 ms
 bn_session_stage 
------------------
          3838606
(1 row)

Time: 0 hrs, 0 mins, 22 secs, 56 ms
CREATE INDEX
Time: 0 hrs, 0 mins, 8 secs, 805 ms
ANALYZE
Time: 0 hrs, 0 mins, 1 secs, 901 ms
TRUNCATE
Time: 0 hrs, 0 mins, 13 secs, 501 ms
END
Time: 0 hrs, 4 mins, 1 secs, 54 ms

Fri Dec 16 11:58:31 EST 2011

BEGIN

           660 - LOAD_BN_SESSION_UPDATE_STAGE

SET
TRUNCATE
INSERT 0 0
END

Fri Dec 16 12:01:22 EST 2011

Timing is on.

           670 - LOAD_BN_SESSION_20111213.UPDATES

BEGIN
Time: 0 hrs, 0 mins, 5 secs, 265 ms
SET
Time: 0 hrs, 0 mins, 0 secs, 10 ms
UPDATE 0
Time: 0 hrs, 0 mins, 1 secs, 490 ms
END
Time: 0 hrs, 1 mins, 24 secs, 835 ms
VACUUM
Time: 0 hrs, 2 mins, 29 secs, 10 ms

Fri Dec 16 12:05:23 EST 2011

Timing is on.

           700 - LOAD_BN_SESSION

BEGIN
Time: 0 hrs, 1 mins, 24 secs, 839 ms
SET
Time: 0 hrs, 0 mins, 0 secs, 16 ms
INSERT 0 3838606
Time: 0 hrs, 2 mins, 57 secs, 271 ms
ANALYZE
Time: 0 hrs, 0 mins, 3 secs, 326 ms
END
Time: 0 hrs, 2 mins, 45 secs, 304 ms

Fri Dec 16 12:12:35 EST 2011

Timing is on.

            750 - LOAD_BN_SESSION_SUMMARY   

BEGIN
Time: 0 hrs, 0 mins, 7 secs, 816 ms
SET
Time: 0 hrs, 0 mins, 0 secs, 9 ms
CREATE TABLE
Time: 0 hrs, 4 mins, 40 secs, 109 ms
TRUNCATE
Time: 0 hrs, 0 mins, 27 secs, 742 ms
INSERT 0 1100327
Time: 0 hrs, 0 mins, 45 secs, 553 ms
ANALYZE
Time: 0 hrs, 0 mins, 27 secs, 261 ms
 count(1) 
----------
  1100327
(1 row)

Time: 0 hrs, 0 mins, 47 secs, 428 ms
END
Time: 0 hrs, 1 mins, 19 secs, 461 ms

Fri Dec 16 12:21:10 EST 2011

Timing is on.

           800 - LOAD_BN_HITS

BEGIN
Time: 0 hrs, 0 mins, 8 secs, 860 ms
SET
Time: 0 hrs, 0 mins, 0 secs, 20 ms
SET
Time: 0 hrs, 0 mins, 0 secs, 236 ms
SET
Time: 0 hrs, 0 mins, 0 secs, 17 ms
SET
Time: 0 hrs, 0 mins, 0 secs, 14 ms
TRUNCATE
Time: 0 hrs, 0 mins, 16 secs, 212 ms
INSERT 0 22130777
Time: 0 hrs, 0 mins, 46 secs, 602 ms
 count(1) 
----------
 22130777
(1 row)

Time: 0 hrs, 0 mins, 4 secs, 376 ms
ANALYZE
Time: 0 hrs, 0 mins, 4 secs, 891 ms
END
Time: 0 hrs, 4 mins, 19 secs, 716 ms

Fri Dec 16 12:26:52 EST 2011

Timing is on.

            900 - LOAD_CLICKSTREAM   

BEGIN
Time: 0 hrs, 0 mins, 38 secs, 711 ms
SET
Time: 0 hrs, 0 mins, 0 secs, 7 ms
TRUNCATE
Time: 0 hrs, 0 mins, 15 secs, 957 ms
INSERT 0 22130777
Time: 0 hrs, 24 mins, 56 secs, 315 ms
 count(1) 
----------
 22130777
(1 row)

Time: 0 hrs, 0 mins, 21 secs, 322 ms
ANALYZE
Time: 0 hrs, 0 mins, 25 secs, 344 ms
END
Time: 0 hrs, 4 mins, 53 secs, 725 ms

Fri Dec 16 12:58:23 EST 2011

Timing is on.

            1000 - PAGE_VIEW_SUMMARY  

BEGIN
Time: 0 hrs, 1 mins, 37 secs, 923 ms
SET
Time: 0 hrs, 0 mins, 0 secs, 7 ms
SET
Time: 0 hrs, 0 mins, 0 secs, 14 ms
TRUNCATE
Time: 0 hrs, 0 mins, 27 secs, 524 ms
INSERT 0 1432682
Time: 0 hrs, 1 mins, 45 secs, 828 ms
 count(1) 
----------
  1432682
(1 row)

Time: 0 hrs, 0 mins, 18 secs, 624 ms
ANALYZE
Time: 0 hrs, 0 mins, 14 secs, 563 ms
END
Time: 0 hrs, 3 mins, 16 secs, 450 ms

Fri Dec 16 13:06:05 EST 2011


2000 - WRAP UP 

Timing is on.
BEGIN
Time: 0 hrs, 0 mins, 8 secs, 271 ms
TRUNCATE
Time: 0 hrs, 0 mins, 5 secs, 583 ms
TRUNCATE
Time: 0 hrs, 0 mins, 9 secs, 214 ms
END
Time: 0 hrs, 1 mins, 6 secs, 767 ms
Fri Dec 16 13:07:34 EST 2011
Removing lock file and waiting for a minute
Total time taken:  210  minutes.
