Checking for lock file /tmp/.iislock
Acquired lock file /tmp/.iislock
deleting simple.htm records - these are just server testing...
DELETE 5572020
-------------------------------------
Processing for 20111130
-------------------------------------

Thu Dec 1 04:29:43 EST 2011

Timing is on.

           000 - INIT

BEGIN
Time: 0 hrs, 0 mins, 6 secs, 343 ms
*** Truncating staging tables before workflow starts ***
SET
Time: 0 hrs, 0 mins, 0 secs, 7 ms
GRANT
Time: 0 hrs, 0 mins, 13 secs, 616 ms
END
Time: 0 hrs, 0 mins, 9 secs, 70 ms

Thu Dec 1 04:30:12 EST 2011

Timing is on.

            200 - LOAD_BN_IISLOGS   

BEGIN
Time: 0 hrs, 0 mins, 0 secs, 132 ms
SET
Time: 0 hrs, 0 mins, 0 secs, 6 ms
TRUNCATE
Time: 0 hrs, 0 mins, 2 secs, 919 ms
INSERT 0 60635614
Time: 0 hrs, 9 mins, 12 secs, 425 ms
END
Time: 0 hrs, 0 mins, 22 secs, 721 ms
ALTER TABLE
Time: 0 hrs, 7 mins, 3 secs, 609 ms

Thu Dec 1 04:46:54 EST 2011

Timing is on.
BEGIN
Time: 0 hrs, 0 mins, 1 secs, 925 ms
SET
Time: 0 hrs, 0 mins, 0 secs, 9 ms

            250 - LOAD_BN_HITS_SP   

TRUNCATE
Time: 0 hrs, 0 mins, 7 secs, 967 ms
INSERT 0 20729259
Time: 0 hrs, 3 mins, 28 secs, 344 ms
ANALYZE
Time: 0 hrs, 0 mins, 3 secs, 872 ms
END
Time: 0 hrs, 0 mins, 28 secs, 685 ms

Thu Dec 1 04:51:05 EST 2011

Timing is on.
BEGIN
Time: 0 hrs, 0 mins, 0 secs, 185 ms
SET
Time: 0 hrs, 0 mins, 0 secs, 9 ms

           300 - DYNAMIC FILTER

TRUNCATE
Time: 0 hrs, 0 mins, 4 secs, 935 ms
INSERT 0 22106620
Time: 0 hrs, 0 mins, 6 secs, 584 ms
ANALYZE
Time: 0 hrs, 0 mins, 5 secs, 672 ms
 Total records in web_click_cnt 
--------------------------------
                       22106620
(1 row)

Time: 0 hrs, 0 mins, 3 secs, 451 ms
CREATE TABLE
Time: 0 hrs, 0 mins, 23 secs, 463 ms
ANALYZE
Time: 0 hrs, 0 mins, 0 secs, 44 ms
CREATE TABLE
Time: 0 hrs, 0 mins, 4 secs, 898 ms
ANALYZE
Time: 0 hrs, 0 mins, 0 secs, 334 ms
DELETE 1
Time: 0 hrs, 0 mins, 2 secs, 474 ms
INSERT 0 1
Time: 0 hrs, 0 mins, 3 secs, 378 ms
DELETE 1
Time: 0 hrs, 0 mins, 0 secs, 62 ms
INSERT 0 1
Time: 0 hrs, 0 mins, 2 secs, 389 ms
CREATE TABLE
Time: 0 hrs, 0 mins, 10 secs, 192 ms
ANALYZE
Time: 0 hrs, 0 mins, 0 secs, 151 ms
CREATE TABLE
Time: 0 hrs, 0 mins, 3 secs, 186 ms
ANALYZE
Time: 0 hrs, 0 mins, 0 secs, 39 ms
DELETE 1
Time: 0 hrs, 0 mins, 0 secs, 67 ms
INSERT 0 1
Time: 0 hrs, 0 mins, 0 secs, 663 ms
DELETE 1
Time: 0 hrs, 0 mins, 0 secs, 69 ms
INSERT 0 1
Time: 0 hrs, 0 mins, 0 secs, 590 ms
ANALYZE
Time: 0 hrs, 0 mins, 1 secs, 647 ms
    tablename     |    attr_name    | attr_value 
------------------+-----------------+------------
 BN_FILTER_SPIDER | CLK_USER_SD_MPL | 10
 BN_FILTER_SPIDER | IP_USER_SD_MPL  | 1
 BN_FILTER_SPIDER | IP_USER_RATIO   | .955
 BN_FILTER_SPIDER | CLK_USER_MEAN   | 9.051
 BN_FILTER_SPIDER | CLK_USER_SD     | 199.711
 BN_FILTER_SPIDER | IP_USER_MEAN    | 19.966
 BN_FILTER_SPIDER | IP_USER_SD      | 1580.404
(7 rows)

Time: 0 hrs, 0 mins, 1 secs, 527 ms
CREATE TABLE
Time: 0 hrs, 0 mins, 10 secs, 910 ms
CREATE TABLE
Time: 0 hrs, 0 mins, 6 secs, 25 ms
 l_mean_sd_mpl 
---------------
      2006.161
(1 row)

Time: 0 hrs, 0 mins, 1 secs, 560 ms
TRUNCATE
Time: 0 hrs, 0 mins, 6 secs, 976 ms
INSERT 0 88
Time: 0 hrs, 0 mins, 17 secs, 804 ms
ANALYZE
Time: 0 hrs, 0 mins, 1 secs, 968 ms
 Total click_user bn_spider_ip records 
---------------------------------------
                                    88
(1 row)

Time: 0 hrs, 0 mins, 6 secs, 369 ms
CREATE TABLE
Time: 0 hrs, 0 mins, 22 secs, 246 ms
ANALYZE
Time: 0 hrs, 0 mins, 0 secs, 79 ms
CREATE TABLE
Time: 0 hrs, 0 mins, 5 secs, 373 ms
ANALYZE
Time: 0 hrs, 0 mins, 0 secs, 589 ms
DROP 
Time: 0 hrs, 0 mins, 0 secs, 122 ms
CREATE TABLE
Time: 0 hrs, 0 mins, 0 secs, 756 ms
 l_mean_sd_mpl | l_ratio 
---------------+---------
      1600.370 |   0.955
(1 row)

Time: 0 hrs, 0 mins, 2 secs, 839 ms
INSERT 0 18772897
Time: 0 hrs, 0 mins, 15 secs, 755 ms
ANALYZE
Time: 0 hrs, 0 mins, 0 secs, 199 ms
 Total ip_user_filter bn_spider_ip records 
-------------------------------------------
                                  18772897
(1 row)

Time: 0 hrs, 0 mins, 1 secs, 655 ms
TRUNCATE
Time: 0 hrs, 0 mins, 9 secs, 899 ms
INSERT 0 16919856
Time: 0 hrs, 0 mins, 29 secs, 827 ms
ANALYZE
Time: 0 hrs, 0 mins, 19 secs, 688 ms
 bn_hits_stage 
---------------
      16919856
(1 row)

Time: 0 hrs, 0 mins, 2 secs, 497 ms
INSERT 0 19861033
Time: 0 hrs, 3 mins, 58 secs, 664 ms
ANALYZE
Time: 0 hrs, 0 mins, 10 secs, 369 ms
 bn_hits_sp_20111130 
---------------------
            40590292
(1 row)

Time: 0 hrs, 0 mins, 3 secs, 290 ms
TRUNCATE
Time: 0 hrs, 0 mins, 23 secs, 710 ms
INSERT 0 3125466
Time: 0 hrs, 0 mins, 16 secs, 200 ms
ANALYZE
Time: 0 hrs, 0 mins, 6 secs, 273 ms
 bn_hits_client_20111130 
-------------------------
                 3125466
(1 row)

Time: 0 hrs, 0 mins, 8 secs, 862 ms
END
Time: 0 hrs, 1 mins, 4 secs, 862 ms

Thu Dec 1 05:01:17 EST 2011

Timing is on.
BEGIN
Time: 0 hrs, 0 mins, 13 secs, 549 ms

           600 - LOAD RESOURCES

SET
Time: 0 hrs, 0 mins, 0 secs, 8 ms
CREATE TABLE
Time: 0 hrs, 1 mins, 20 secs, 537 ms
ANALYZE
Time: 0 hrs, 0 mins, 7 secs, 839 ms
 tmp_a_count 
-------------
      942048
(1 row)

Time: 0 hrs, 0 mins, 4 secs, 881 ms
UPDATE 0
Time: 0 hrs, 0 mins, 11 secs, 20 ms
ANALYZE
Time: 0 hrs, 0 mins, 1 secs, 790 ms
TRUNCATE
Time: 0 hrs, 0 mins, 9 secs, 961 ms
INSERT 0 332437
Time: 0 hrs, 7 mins, 8 secs, 606 ms
ANALYZE
Time: 0 hrs, 0 mins, 5 secs, 23 ms
 first_resource_id | last_resource_id 
-------------------+------------------
          59496740 |         59829176
(1 row)

Time: 0 hrs, 0 mins, 3 secs, 587 ms
INSERT 0 332437
Time: 0 hrs, 0 mins, 12 secs, 680 ms
 total_resources 
-----------------
        59804713
(1 row)

Time: 0 hrs, 0 mins, 8 secs, 412 ms
ANALYZE
Time: 0 hrs, 0 mins, 0 secs, 576 ms
END
Time: 0 hrs, 4 mins, 9 secs, 800 ms
VACUUM
Time: 0 hrs, 18 mins, 14 secs, 948 ms

Thu Dec 1 05:33:30 EST 2011

Timing is on.

           650 - LOAD_BN_SESSION_STAGE

BEGIN
Time: 0 hrs, 0 mins, 2 secs, 112 ms
SET
Time: 0 hrs, 0 mins, 0 secs, 8 ms
SET
Time: 0 hrs, 0 mins, 0 secs, 24 ms
CREATE TABLE
Time: 0 hrs, 0 mins, 37 secs, 980 ms
ANALYZE
Time: 0 hrs, 0 mins, 8 secs, 441 ms
 tmp_sessionized_stage 
-----------------------
              16919856
(1 row)

Time: 0 hrs, 0 mins, 6 secs, 540 ms
TRUNCATE
Time: 0 hrs, 0 mins, 9 secs, 572 ms
INSERT 0 2897367
Time: 0 hrs, 1 mins, 8 secs, 565 ms
ANALYZE
Time: 0 hrs, 0 mins, 7 secs, 945 ms
CREATE TABLE
Time: 0 hrs, 1 mins, 51 secs, 412 ms
CREATE INDEX
Time: 0 hrs, 0 mins, 0 secs, 698 ms
 tmp_first_last 
----------------
        2897367
(1 row)

Time: 0 hrs, 0 mins, 1 secs, 315 ms
ANALYZE
Time: 0 hrs, 0 mins, 1 secs, 535 ms
SET
Time: 0 hrs, 0 mins, 0 secs, 11 ms
SET
Time: 0 hrs, 0 mins, 0 secs, 11 ms
TRUNCATE
Time: 0 hrs, 0 mins, 4 secs, 17 ms
DROP 
Time: 0 hrs, 0 mins, 3 secs, 138 ms
INSERT 0 2897367
Time: 0 hrs, 0 mins, 6 secs, 119 ms
 bn_session_stage 
------------------
          2897367
(1 row)

Time: 0 hrs, 0 mins, 11 secs, 464 ms
CREATE INDEX
Time: 0 hrs, 0 mins, 7 secs, 930 ms
ANALYZE
Time: 0 hrs, 0 mins, 1 secs, 26 ms
TRUNCATE
Time: 0 hrs, 0 mins, 3 secs, 599 ms
END
Time: 0 hrs, 0 mins, 44 secs, 820 ms

Thu Dec 1 05:39:09 EST 2011

BEGIN

           660 - LOAD_BN_SESSION_UPDATE_STAGE

SET
TRUNCATE
INSERT 0 0
END

Thu Dec 1 05:39:49 EST 2011

Timing is on.

           670 - LOAD_BN_SESSION_20111130.UPDATES

BEGIN
Time: 0 hrs, 0 mins, 0 secs, 146 ms
SET
Time: 0 hrs, 0 mins, 0 secs, 6 ms
UPDATE 0
Time: 0 hrs, 0 mins, 0 secs, 184 ms
END
Time: 0 hrs, 0 mins, 14 secs, 777 ms
VACUUM
Time: 0 hrs, 0 mins, 22 secs, 952 ms

Thu Dec 1 05:40:27 EST 2011

Timing is on.

           700 - LOAD_BN_SESSION

BEGIN
Time: 0 hrs, 0 mins, 4 secs, 895 ms
SET
Time: 0 hrs, 0 mins, 0 secs, 8 ms
INSERT 0 2897367
Time: 0 hrs, 1 mins, 58 secs, 229 ms
ANALYZE
Time: 0 hrs, 0 mins, 1 secs, 366 ms
END
Time: 0 hrs, 0 mins, 23 secs, 23 ms

Thu Dec 1 05:42:55 EST 2011

Timing is on.

            750 - LOAD_BN_SESSION_SUMMARY   

BEGIN
Time: 0 hrs, 0 mins, 0 secs, 137 ms
SET
Time: 0 hrs, 0 mins, 0 secs, 9 ms
CREATE TABLE
Time: 0 hrs, 0 mins, 18 secs, 483 ms
TRUNCATE
Time: 0 hrs, 0 mins, 2 secs, 194 ms
INSERT 0 585424
Time: 0 hrs, 0 mins, 4 secs, 74 ms
ANALYZE
Time: 0 hrs, 0 mins, 1 secs, 818 ms
 count(1) 
----------
   585424
(1 row)

Time: 0 hrs, 0 mins, 0 secs, 317 ms
END
Time: 0 hrs, 0 mins, 6 secs, 80 ms

Thu Dec 1 05:43:28 EST 2011

Timing is on.

           800 - LOAD_BN_HITS

BEGIN
Time: 0 hrs, 0 mins, 0 secs, 658 ms
SET
Time: 0 hrs, 0 mins, 0 secs, 6 ms
SET
Time: 0 hrs, 0 mins, 0 secs, 28 ms
SET
Time: 0 hrs, 0 mins, 0 secs, 26 ms
SET
Time: 0 hrs, 0 mins, 0 secs, 24 ms
TRUNCATE
Time: 0 hrs, 0 mins, 1 secs, 821 ms
INSERT 0 16919856
Time: 0 hrs, 0 mins, 4 secs, 288 ms
 count(1) 
----------
 16919856
(1 row)

Time: 0 hrs, 0 mins, 3 secs, 945 ms
ANALYZE
Time: 0 hrs, 0 mins, 5 secs, 230 ms
END
Time: 0 hrs, 0 mins, 22 secs, 316 ms

Thu Dec 1 05:44:07 EST 2011

Timing is on.

            900 - LOAD_CLICKSTREAM   

BEGIN
Time: 0 hrs, 0 mins, 1 secs, 158 ms
SET
Time: 0 hrs, 0 mins, 0 secs, 6 ms
TRUNCATE
Time: 0 hrs, 0 mins, 9 secs, 808 ms
INSERT 0 16919856
Time: 0 hrs, 4 mins, 57 secs, 821 ms
 count(1) 
----------
 16919856
(1 row)

Time: 0 hrs, 0 mins, 4 secs, 255 ms
ANALYZE
Time: 0 hrs, 0 mins, 0 secs, 824 ms
END
Time: 0 hrs, 0 mins, 50 secs, 430 ms

Thu Dec 1 05:50:12 EST 2011

Timing is on.

            1000 - PAGE_VIEW_SUMMARY  

BEGIN
Time: 0 hrs, 0 mins, 20 secs, 53 ms
SET
Time: 0 hrs, 0 mins, 0 secs, 6 ms
SET
Time: 0 hrs, 0 mins, 0 secs, 14 ms
TRUNCATE
Time: 0 hrs, 0 mins, 15 secs, 946 ms
INSERT 0 955098
Time: 0 hrs, 5 mins, 41 secs, 322 ms
 count(1) 
----------
   955098
(1 row)

Time: 0 hrs, 0 mins, 1 secs, 412 ms
ANALYZE
Time: 0 hrs, 0 mins, 0 secs, 103 ms
END
Time: 0 hrs, 1 mins, 15 secs, 960 ms

Thu Dec 1 05:57:47 EST 2011


2000 - WRAP UP 

Timing is on.
BEGIN
Time: 0 hrs, 0 mins, 2 secs, 427 ms
TRUNCATE
Time: 0 hrs, 0 mins, 6 secs, 964 ms
TRUNCATE
Time: 0 hrs, 0 mins, 6 secs, 614 ms
END
Time: 0 hrs, 1 mins, 12 secs, 361 ms
Thu Dec 1 05:59:15 EST 2011
Removing lock file and waiting for a minute
Total time taken:  92  minutes.
Running time of run.sh 20111130: 5564 seconds
Checking for lock file /tmp/.iislock
Acquired lock file /tmp/.iislock
deleting simple.htm records - these are just server testing...
DELETE 15
-------------------------------------
Processing for 20111130
-------------------------------------

Fri Dec 2 05:30:40 EST 2011

Timing is on.

           000 - INIT

BEGIN
Time: 0 hrs, 0 mins, 0 secs, 152 ms
*** Truncating staging tables before workflow starts ***
SET
Time: 0 hrs, 0 mins, 0 secs, 5 ms
GRANT
Time: 0 hrs, 0 mins, 56 secs, 2 ms
END
Time: 0 hrs, 0 mins, 34 secs, 944 ms

Fri Dec 2 05:32:12 EST 2011

Timing is on.

            200 - LOAD_BN_IISLOGS   

BEGIN
Time: 0 hrs, 0 mins, 0 secs, 157 ms
SET
Time: 0 hrs, 0 mins, 0 secs, 6 ms
TRUNCATE
Time: 0 hrs, 0 mins, 3 secs, 430 ms
INSERT 0 80048977
Time: 0 hrs, 10 mins, 3 secs, 648 ms
END
Time: 0 hrs, 0 mins, 5 secs, 264 ms
ALTER TABLE
Time: 0 hrs, 0 mins, 18 secs, 578 ms

Fri Dec 2 05:42:43 EST 2011

Timing is on.
BEGIN
Time: 0 hrs, 0 mins, 0 secs, 403 ms
SET
Time: 0 hrs, 0 mins, 0 secs, 6 ms

            250 - LOAD_BN_HITS_SP   

TRUNCATE
Time: 0 hrs, 0 mins, 6 secs, 856 ms
INSERT 0 27276963
Time: 0 hrs, 10 mins, 15 secs, 135 ms
ANALYZE
Time: 0 hrs, 0 mins, 4 secs, 720 ms
END
Time: 0 hrs, 0 mins, 18 secs, 112 ms

Fri Dec 2 05:53:28 EST 2011

Timing is on.
BEGIN
Time: 0 hrs, 0 mins, 0 secs, 383 ms
SET
Time: 0 hrs, 0 mins, 0 secs, 6 ms

           300 - DYNAMIC FILTER

TRUNCATE
Time: 0 hrs, 0 mins, 9 secs, 560 ms
INSERT 0 27703711
Time: 0 hrs, 0 mins, 6 secs, 495 ms
ANALYZE
Time: 0 hrs, 0 mins, 4 secs, 682 ms
 Total records in web_click_cnt 
--------------------------------
                       27703711
(1 row)

Time: 0 hrs, 0 mins, 7 secs, 503 ms
CREATE TABLE
Time: 0 hrs, 3 mins, 35 secs, 767 ms
ANALYZE
Time: 0 hrs, 0 mins, 0 secs, 47 ms
CREATE TABLE
Time: 0 hrs, 0 mins, 5 secs, 910 ms
ANALYZE
Time: 0 hrs, 0 mins, 0 secs, 48 ms
DELETE 1
Time: 0 hrs, 0 mins, 1 secs, 435 ms
INSERT 0 1
Time: 0 hrs, 0 mins, 0 secs, 348 ms
DELETE 1
Time: 0 hrs, 0 mins, 1 secs, 111 ms
INSERT 0 1
Time: 0 hrs, 0 mins, 1 secs, 145 ms
CREATE TABLE
Time: 0 hrs, 0 mins, 2 secs, 239 ms
ANALYZE
Time: 0 hrs, 0 mins, 0 secs, 77 ms
CREATE TABLE
Time: 0 hrs, 0 mins, 0 secs, 202 ms
ANALYZE
Time: 0 hrs, 0 mins, 0 secs, 60 ms
DELETE 1
Time: 0 hrs, 0 mins, 0 secs, 94 ms
INSERT 0 1
Time: 0 hrs, 0 mins, 0 secs, 112 ms
DELETE 1
Time: 0 hrs, 0 mins, 0 secs, 60 ms
INSERT 0 1
Time: 0 hrs, 0 mins, 0 secs, 324 ms
ANALYZE
Time: 0 hrs, 0 mins, 1 secs, 658 ms
    tablename     |    attr_name    | attr_value 
------------------+-----------------+------------
 BN_FILTER_SPIDER | CLK_USER_SD_MPL | 10
 BN_FILTER_SPIDER | IP_USER_SD_MPL  | 1
 BN_FILTER_SPIDER | IP_USER_RATIO   | .955
 BN_FILTER_SPIDER | CLK_USER_MEAN   | 9.483
 BN_FILTER_SPIDER | CLK_USER_SD     | 175.753
 BN_FILTER_SPIDER | IP_USER_MEAN    | 18.934
 BN_FILTER_SPIDER | IP_USER_SD      | 1713.460
(7 rows)

Time: 0 hrs, 0 mins, 2 secs, 48 ms
CREATE TABLE
Time: 0 hrs, 0 mins, 9 secs, 779 ms
CREATE TABLE
Time: 0 hrs, 0 mins, 0 secs, 458 ms
 l_mean_sd_mpl 
---------------
      1767.013
(1 row)

Time: 0 hrs, 0 mins, 0 secs, 470 ms
TRUNCATE
Time: 0 hrs, 0 mins, 2 secs, 695 ms
INSERT 0 145
Time: 0 hrs, 0 mins, 5 secs, 275 ms
ANALYZE
Time: 0 hrs, 0 mins, 1 secs, 850 ms
 Total click_user bn_spider_ip records 
---------------------------------------
                                   145
(1 row)

Time: 0 hrs, 0 mins, 0 secs, 574 ms
CREATE TABLE
Time: 0 hrs, 0 mins, 4 secs, 530 ms
ANALYZE
Time: 0 hrs, 0 mins, 0 secs, 29 ms
CREATE TABLE
Time: 0 hrs, 0 mins, 18 secs, 934 ms
ANALYZE
Time: 0 hrs, 0 mins, 0 secs, 593 ms
DROP 
Time: 0 hrs, 0 mins, 0 secs, 110 ms
CREATE TABLE
Time: 0 hrs, 0 mins, 1 secs, 124 ms
 l_mean_sd_mpl | l_ratio 
---------------+---------
      1732.394 |   0.955
(1 row)

Time: 0 hrs, 0 mins, 3 secs, 225 ms
INSERT 0 23429700
Time: 0 hrs, 1 mins, 4 secs, 833 ms
ANALYZE
Time: 0 hrs, 0 mins, 1 secs, 281 ms
 Total ip_user_filter bn_spider_ip records 
-------------------------------------------
                                  23429700
(1 row)

Time: 0 hrs, 0 mins, 4 secs, 625 ms
TRUNCATE
Time: 0 hrs, 0 mins, 6 secs, 327 ms
INSERT 0 22908221
Time: 0 hrs, 1 mins, 8 secs, 997 ms
ANALYZE
Time: 0 hrs, 0 mins, 17 secs, 75 ms
 bn_hits_stage 
---------------
      22908221
(1 row)

Time: 0 hrs, 0 mins, 6 secs, 296 ms
INSERT 0 24762451
Time: 0 hrs, 3 mins, 32 secs, 657 ms
ANALYZE
Time: 0 hrs, 0 mins, 4 secs, 907 ms
 bn_hits_sp_20111130 
---------------------
            52039414
(1 row)

Time: 0 hrs, 0 mins, 2 secs, 742 ms
TRUNCATE
Time: 0 hrs, 0 mins, 11 secs, 934 ms
INSERT 0 5101342
Time: 0 hrs, 0 mins, 10 secs, 200 ms
ANALYZE
Time: 0 hrs, 0 mins, 4 secs, 740 ms
 bn_hits_client_20111130 
-------------------------
                 5101342
(1 row)

Time: 0 hrs, 0 mins, 1 secs, 317 ms
END
Time: 0 hrs, 0 mins, 31 secs, 414 ms

Fri Dec 2 06:06:09 EST 2011

Timing is on.
BEGIN
Time: 0 hrs, 0 mins, 1 secs, 16 ms

           600 - LOAD RESOURCES

SET
Time: 0 hrs, 0 mins, 0 secs, 6 ms
CREATE TABLE
Time: 0 hrs, 3 mins, 26 secs, 418 ms
ANALYZE
Time: 0 hrs, 0 mins, 6 secs, 208 ms
 tmp_a_count 
-------------
     1131559
(1 row)

Time: 0 hrs, 0 mins, 1 secs, 664 ms
UPDATE 0
Time: 0 hrs, 0 mins, 8 secs, 941 ms
ANALYZE
Time: 0 hrs, 0 mins, 2 secs, 471 ms
TRUNCATE
Time: 0 hrs, 0 mins, 5 secs, 820 ms
INSERT 0 83441
Time: 0 hrs, 3 mins, 26 secs, 597 ms
ANALYZE
Time: 0 hrs, 0 mins, 1 secs, 65 ms
 first_resource_id | last_resource_id 
-------------------+------------------
          60229191 |         60312631
(1 row)

Time: 0 hrs, 0 mins, 0 secs, 953 ms
INSERT 0 83441
Time: 0 hrs, 0 mins, 2 secs, 696 ms
 total_resources 
-----------------
        60288168
(1 row)

Time: 0 hrs, 0 mins, 2 secs, 358 ms
ANALYZE
Time: 0 hrs, 0 mins, 0 secs, 743 ms
END
Time: 0 hrs, 0 mins, 16 secs, 659 ms
VACUUM
Time: 0 hrs, 1 mins, 38 secs, 506 ms

Fri Dec 2 06:15:31 EST 2011

Timing is on.

           650 - LOAD_BN_SESSION_STAGE

BEGIN
Time: 0 hrs, 0 mins, 0 secs, 139 ms
SET
Time: 0 hrs, 0 mins, 0 secs, 6 ms
SET
Time: 0 hrs, 0 mins, 0 secs, 12 ms
CREATE TABLE
Time: 0 hrs, 2 mins, 13 secs, 997 ms
ANALYZE
Time: 0 hrs, 0 mins, 3 secs, 257 ms
 tmp_sessionized_stage 
-----------------------
              22908221
(1 row)

Time: 0 hrs, 0 mins, 4 secs, 719 ms
TRUNCATE
Time: 0 hrs, 0 mins, 3 secs, 929 ms
INSERT 0 3724123
Time: 0 hrs, 2 mins, 27 secs, 773 ms
ANALYZE
Time: 0 hrs, 0 mins, 4 secs, 432 ms
CREATE TABLE
Time: 0 hrs, 2 mins, 28 secs, 132 ms
CREATE INDEX
Time: 0 hrs, 0 mins, 0 secs, 180 ms
 tmp_first_last 
----------------
        3724123
(1 row)

Time: 0 hrs, 0 mins, 0 secs, 428 ms
ANALYZE
Time: 0 hrs, 0 mins, 0 secs, 955 ms
SET
Time: 0 hrs, 0 mins, 0 secs, 12 ms
SET
Time: 0 hrs, 0 mins, 0 secs, 27 ms
TRUNCATE
Time: 0 hrs, 0 mins, 6 secs, 330 ms
DROP 
Time: 0 hrs, 0 mins, 1 secs, 200 ms
INSERT 0 3724123
Time: 0 hrs, 0 mins, 11 secs, 126 ms
 bn_session_stage 
------------------
          3724123
(1 row)

Time: 0 hrs, 0 mins, 8 secs, 343 ms
CREATE INDEX
Time: 0 hrs, 0 mins, 6 secs, 272 ms
ANALYZE
Time: 0 hrs, 0 mins, 1 secs, 241 ms
TRUNCATE
Time: 0 hrs, 0 mins, 11 secs, 762 ms
END
Time: 0 hrs, 0 mins, 52 secs, 308 ms

Fri Dec 2 06:24:38 EST 2011

BEGIN

           660 - LOAD_BN_SESSION_UPDATE_STAGE

SET
TRUNCATE
INSERT 0 0
END

Fri Dec 2 06:25:00 EST 2011

Timing is on.

           670 - LOAD_BN_SESSION_20111130.UPDATES

BEGIN
Time: 0 hrs, 0 mins, 0 secs, 142 ms
SET
Time: 0 hrs, 0 mins, 0 secs, 7 ms
UPDATE 0
Time: 0 hrs, 0 mins, 0 secs, 197 ms
END
Time: 0 hrs, 0 mins, 9 secs, 563 ms
VACUUM
Time: 0 hrs, 0 mins, 17 secs, 207 ms

Fri Dec 2 06:25:27 EST 2011

Timing is on.

           700 - LOAD_BN_SESSION

BEGIN
Time: 0 hrs, 0 mins, 0 secs, 256 ms
SET
Time: 0 hrs, 0 mins, 0 secs, 6 ms
INSERT 0 3724123
Time: 0 hrs, 0 mins, 15 secs, 43 ms
ANALYZE
Time: 0 hrs, 0 mins, 2 secs, 894 ms
END
Time: 0 hrs, 0 mins, 13 secs, 303 ms

Fri Dec 2 06:25:59 EST 2011

Timing is on.

            750 - LOAD_BN_SESSION_SUMMARY   

BEGIN
Time: 0 hrs, 0 mins, 0 secs, 458 ms
SET
Time: 0 hrs, 0 mins, 0 secs, 5 ms
CREATE TABLE
Time: 0 hrs, 0 mins, 16 secs, 750 ms
TRUNCATE
Time: 0 hrs, 0 mins, 2 secs, 168 ms
INSERT 0 703463
Time: 0 hrs, 0 mins, 6 secs, 738 ms
ANALYZE
Time: 0 hrs, 0 mins, 2 secs, 684 ms
 count(1) 
----------
   703463
(1 row)

Time: 0 hrs, 0 mins, 0 secs, 482 ms
END
Time: 0 hrs, 0 mins, 18 secs, 456 ms

Fri Dec 2 06:26:47 EST 2011

Timing is on.

           800 - LOAD_BN_HITS

BEGIN
Time: 0 hrs, 0 mins, 10 secs, 584 ms
SET
Time: 0 hrs, 0 mins, 0 secs, 7 ms
SET
Time: 0 hrs, 0 mins, 0 secs, 16 ms
SET
Time: 0 hrs, 0 mins, 0 secs, 15 ms
SET
Time: 0 hrs, 0 mins, 0 secs, 11 ms
TRUNCATE
Time: 0 hrs, 0 mins, 8 secs, 690 ms
INSERT 0 22908221
Time: 0 hrs, 0 mins, 10 secs, 24 ms
 count(1) 
----------
 22908221
(1 row)

Time: 0 hrs, 0 mins, 3 secs, 754 ms
ANALYZE
Time: 0 hrs, 0 mins, 3 secs, 574 ms
END
Time: 0 hrs, 0 mins, 18 secs, 404 ms

Fri Dec 2 06:27:42 EST 2011

Timing is on.

            900 - LOAD_CLICKSTREAM   

BEGIN
Time: 0 hrs, 0 mins, 10 secs, 874 ms
SET
Time: 0 hrs, 0 mins, 0 secs, 7 ms
TRUNCATE
Time: 0 hrs, 0 mins, 7 secs, 392 ms
INSERT 0 22908221
Time: 0 hrs, 3 mins, 13 secs, 540 ms
 count(1) 
----------
 22908221
(1 row)

Time: 0 hrs, 0 mins, 7 secs, 839 ms
ANALYZE
Time: 0 hrs, 0 mins, 1 secs, 195 ms
END
Time: 0 hrs, 2 mins, 25 secs, 255 ms

Fri Dec 2 06:33:48 EST 2011

Timing is on.

            1000 - PAGE_VIEW_SUMMARY  

BEGIN
Time: 0 hrs, 0 mins, 0 secs, 237 ms
SET
Time: 0 hrs, 0 mins, 0 secs, 8 ms
SET
Time: 0 hrs, 0 mins, 0 secs, 14 ms
TRUNCATE
Time: 0 hrs, 0 mins, 4 secs, 313 ms
INSERT 0 1147846
Time: 0 hrs, 0 mins, 42 secs, 501 ms
 count(1) 
----------
  1147846
(1 row)

Time: 0 hrs, 0 mins, 9 secs, 967 ms
ANALYZE
Time: 0 hrs, 0 mins, 0 secs, 116 ms
END
Time: 0 hrs, 0 mins, 24 secs, 116 ms

Fri Dec 2 06:35:10 EST 2011


2000 - WRAP UP 

Timing is on.
BEGIN
Time: 0 hrs, 0 mins, 3 secs, 634 ms
TRUNCATE
Time: 0 hrs, 0 mins, 2 secs, 790 ms
TRUNCATE
Time: 0 hrs, 0 mins, 4 secs, 732 ms
END
Time: 0 hrs, 0 mins, 47 secs, 560 ms
Fri Dec 2 06:36:09 EST 2011
Removing lock file and waiting for a minute
Total time taken:  71  minutes.
Running time of run.sh 20111130: 71 minutes
