Checking for lock file /tmp/.iislock
Acquired lock file /tmp/.iislock
deleting simple.htm records - these are just server testing...
DELETE 5384851
-------------------------------------
Processing for 20111212
-------------------------------------

Tue Dec 13 12:15:49 EST 2011

Timing is on.

           000 - INIT

BEGIN
Time: 0 hrs, 0 mins, 8 secs, 342 ms
*** Truncating staging tables before workflow starts ***
SET
Time: 0 hrs, 0 mins, 0 secs, 7 ms
GRANT
Time: 0 hrs, 2 mins, 25 secs, 443 ms
END
Time: 0 hrs, 5 mins, 14 secs, 587 ms

Tue Dec 13 12:23:38 EST 2011

Timing is on.

            200 - LOAD_BN_IISLOGS   

BEGIN
Time: 0 hrs, 0 mins, 0 secs, 146 ms
SET
Time: 0 hrs, 0 mins, 0 secs, 6 ms
TRUNCATE
Time: 0 hrs, 0 mins, 8 secs, 679 ms
INSERT 0 68758043
Time: 0 hrs, 15 mins, 5 secs, 722 ms
END
Time: 0 hrs, 0 mins, 53 secs, 373 ms
ALTER TABLE
Time: 0 hrs, 9 mins, 35 secs, 132 ms

Tue Dec 13 12:49:22 EST 2011

Timing is on.
BEGIN
Time: 0 hrs, 0 mins, 39 secs, 556 ms
SET
Time: 0 hrs, 0 mins, 0 secs, 17 ms

            250 - LOAD_BN_HITS_SP   

TRUNCATE
Time: 0 hrs, 0 mins, 5 secs, 989 ms
INSERT 0 24926014
Time: 0 hrs, 4 mins, 2 secs, 724 ms
ANALYZE
Time: 0 hrs, 0 mins, 12 secs, 479 ms
END
Time: 0 hrs, 1 mins, 34 secs, 634 ms

Tue Dec 13 12:55:57 EST 2011

Timing is on.
BEGIN
Time: 0 hrs, 0 mins, 4 secs, 651 ms
SET
Time: 0 hrs, 0 mins, 0 secs, 9 ms

           300 - DYNAMIC FILTER

TRUNCATE
Time: 0 hrs, 0 mins, 7 secs, 257 ms
INSERT 0 22405281
Time: 0 hrs, 0 mins, 3 secs, 925 ms
ANALYZE
Time: 0 hrs, 0 mins, 5 secs, 240 ms
 Total records in web_click_cnt 
--------------------------------
                       22405281
(1 row)

Time: 0 hrs, 0 mins, 4 secs, 934 ms
CREATE TABLE
Time: 0 hrs, 0 mins, 41 secs, 847 ms
ANALYZE
Time: 0 hrs, 0 mins, 0 secs, 54 ms
CREATE TABLE
Time: 0 hrs, 0 mins, 5 secs, 923 ms
ANALYZE
Time: 0 hrs, 0 mins, 0 secs, 987 ms
DELETE 1
Time: 0 hrs, 0 mins, 2 secs, 325 ms
INSERT 0 1
Time: 0 hrs, 0 mins, 12 secs, 523 ms
DELETE 1
Time: 0 hrs, 0 mins, 0 secs, 64 ms
INSERT 0 1
Time: 0 hrs, 0 mins, 4 secs, 472 ms
CREATE TABLE
Time: 0 hrs, 0 mins, 29 secs, 335 ms
ANALYZE
Time: 0 hrs, 0 mins, 0 secs, 378 ms
CREATE TABLE
Time: 0 hrs, 0 mins, 3 secs, 825 ms
ANALYZE
Time: 0 hrs, 0 mins, 0 secs, 46 ms
DELETE 1
Time: 0 hrs, 0 mins, 0 secs, 57 ms
INSERT 0 1
Time: 0 hrs, 0 mins, 7 secs, 109 ms
DELETE 1
Time: 0 hrs, 0 mins, 0 secs, 67 ms
INSERT 0 1
Time: 0 hrs, 0 mins, 3 secs, 682 ms
ANALYZE
Time: 0 hrs, 0 mins, 1 secs, 204 ms
    tablename     |    attr_name    | attr_value 
------------------+-----------------+------------
 BN_FILTER_SPIDER | CLK_USER_SD_MPL | 10
 BN_FILTER_SPIDER | IP_USER_SD_MPL  | 1
 BN_FILTER_SPIDER | IP_USER_RATIO   | .955
 BN_FILTER_SPIDER | CLK_USER_MEAN   | 9.548
 BN_FILTER_SPIDER | CLK_USER_SD     | 49.882
 BN_FILTER_SPIDER | IP_USER_MEAN    | 16.546
 BN_FILTER_SPIDER | IP_USER_SD      | 4030.241
(7 rows)

Time: 0 hrs, 0 mins, 4 secs, 302 ms
CREATE TABLE
Time: 0 hrs, 0 mins, 28 secs, 140 ms
CREATE TABLE
Time: 0 hrs, 0 mins, 6 secs, 452 ms
 l_mean_sd_mpl 
---------------
       508.368
(1 row)

Time: 0 hrs, 0 mins, 3 secs, 60 ms
TRUNCATE
Time: 0 hrs, 0 mins, 9 secs, 228 ms
INSERT 0 423
Time: 0 hrs, 0 mins, 33 secs, 808 ms
ANALYZE
Time: 0 hrs, 0 mins, 2 secs, 405 ms
 Total click_user bn_spider_ip records 
---------------------------------------
                                   423
(1 row)

Time: 0 hrs, 0 mins, 3 secs, 117 ms
CREATE TABLE
Time: 0 hrs, 0 mins, 16 secs, 102 ms
ANALYZE
Time: 0 hrs, 0 mins, 0 secs, 31 ms
CREATE TABLE
Time: 0 hrs, 0 mins, 14 secs, 406 ms
ANALYZE
Time: 0 hrs, 0 mins, 0 secs, 41 ms
DROP 
Time: 0 hrs, 0 mins, 0 secs, 111 ms
CREATE TABLE
Time: 0 hrs, 0 mins, 3 secs, 629 ms
 l_mean_sd_mpl | l_ratio 
---------------+---------
      4046.787 |   0.955
(1 row)

Time: 0 hrs, 0 mins, 4 secs, 9 ms
INSERT 0 18590735
Time: 0 hrs, 0 mins, 35 secs, 366 ms
ANALYZE
Time: 0 hrs, 0 mins, 0 secs, 343 ms
 Total ip_user_filter bn_spider_ip records 
-------------------------------------------
                                  18590735
(1 row)

Time: 0 hrs, 0 mins, 10 secs, 329 ms
TRUNCATE
Time: 0 hrs, 0 mins, 5 secs, 951 ms
INSERT 0 21279210
Time: 0 hrs, 0 mins, 45 secs, 553 ms
ANALYZE
Time: 0 hrs, 0 mins, 22 secs, 939 ms
 bn_hits_stage 
---------------
      21279210
(1 row)

Time: 0 hrs, 0 mins, 6 secs, 209 ms
INSERT 0 19559837
Time: 0 hrs, 1 mins, 12 secs, 280 ms
ANALYZE
Time: 0 hrs, 0 mins, 6 secs, 406 ms
 bn_hits_sp_20111212 
---------------------
            44485851
(1 row)

Time: 0 hrs, 0 mins, 2 secs, 362 ms
TRUNCATE
Time: 0 hrs, 0 mins, 9 secs, 332 ms
INSERT 0 2992982
Time: 0 hrs, 0 mins, 6 secs, 100 ms
ANALYZE
Time: 0 hrs, 0 mins, 4 secs, 236 ms
 bn_hits_client_20111212 
-------------------------
                 2992982
(1 row)

Time: 0 hrs, 0 mins, 3 secs, 12 ms
END
Time: 0 hrs, 1 mins, 38 secs, 295 ms

Tue Dec 13 13:05:55 EST 2011

Timing is on.
BEGIN
Time: 0 hrs, 0 mins, 0 secs, 375 ms

           600 - LOAD RESOURCES

SET
Time: 0 hrs, 0 mins, 0 secs, 8 ms
CREATE TABLE
Time: 0 hrs, 2 mins, 35 secs, 99 ms
ANALYZE
Time: 0 hrs, 0 mins, 3 secs, 379 ms
 tmp_a_count 
-------------
     1354929
(1 row)

Time: 0 hrs, 0 mins, 5 secs, 170 ms
UPDATE 0
Time: 0 hrs, 0 mins, 11 secs, 936 ms
ANALYZE
Time: 0 hrs, 0 mins, 2 secs, 34 ms
TRUNCATE
Time: 0 hrs, 0 mins, 6 secs, 462 ms
INSERT 0 474714
Time: 0 hrs, 1 mins, 12 secs, 314 ms
ANALYZE
Time: 0 hrs, 0 mins, 5 secs, 82 ms
 first_resource_id | last_resource_id 
-------------------+------------------
          66011103 |         66485816
(1 row)

Time: 0 hrs, 0 mins, 1 secs, 172 ms
INSERT 0 474714
Time: 0 hrs, 0 mins, 27 secs, 47 ms
 total_resources 
-----------------
        66461353
(1 row)

Time: 0 hrs, 0 mins, 10 secs, 18 ms
ANALYZE
Time: 0 hrs, 0 mins, 0 secs, 489 ms
END
Time: 0 hrs, 0 mins, 51 secs, 882 ms
VACUUM
Time: 0 hrs, 2 mins, 3 secs, 585 ms

Tue Dec 13 13:13:51 EST 2011

Timing is on.

           650 - LOAD_BN_SESSION_STAGE

BEGIN
Time: 0 hrs, 0 mins, 4 secs, 498 ms
SET
Time: 0 hrs, 0 mins, 0 secs, 9 ms
SET
Time: 0 hrs, 0 mins, 0 secs, 20 ms
CREATE TABLE
Time: 0 hrs, 3 mins, 25 secs, 866 ms
ANALYZE
Time: 0 hrs, 0 mins, 3 secs, 783 ms
 tmp_sessionized_stage 
-----------------------
              21279210
(1 row)

Time: 0 hrs, 0 mins, 0 secs, 713 ms
TRUNCATE
Time: 0 hrs, 0 mins, 2 secs, 358 ms
INSERT 0 3450788
Time: 0 hrs, 1 mins, 29 secs, 929 ms
ANALYZE
Time: 0 hrs, 0 mins, 5 secs, 461 ms
CREATE TABLE
Time: 0 hrs, 5 mins, 9 secs, 924 ms
CREATE INDEX
Time: 0 hrs, 0 mins, 2 secs, 237 ms
 tmp_first_last 
----------------
        3450788
(1 row)

Time: 0 hrs, 0 mins, 0 secs, 981 ms
ANALYZE
Time: 0 hrs, 0 mins, 2 secs, 343 ms
SET
Time: 0 hrs, 0 mins, 0 secs, 28 ms
SET
Time: 0 hrs, 0 mins, 0 secs, 11 ms
TRUNCATE
Time: 0 hrs, 0 mins, 18 secs, 504 ms
DROP 
Time: 0 hrs, 0 mins, 7 secs, 684 ms
INSERT 0 3450788
Time: 0 hrs, 0 mins, 12 secs, 174 ms
 bn_session_stage 
------------------
          3450788
(1 row)

Time: 0 hrs, 0 mins, 12 secs, 764 ms
CREATE INDEX
Time: 0 hrs, 0 mins, 16 secs, 634 ms
ANALYZE
Time: 0 hrs, 0 mins, 1 secs, 132 ms
TRUNCATE
Time: 0 hrs, 0 mins, 21 secs, 532 ms
END
Time: 0 hrs, 1 mins, 31 secs, 434 ms

Tue Dec 13 13:27:22 EST 2011

BEGIN

           660 - LOAD_BN_SESSION_UPDATE_STAGE

SET
TRUNCATE
INSERT 0 0
END

Tue Dec 13 13:27:57 EST 2011

Timing is on.

           670 - LOAD_BN_SESSION_20111212.UPDATES

BEGIN
Time: 0 hrs, 0 mins, 5 secs, 430 ms
SET
Time: 0 hrs, 0 mins, 0 secs, 6 ms
UPDATE 0
Time: 0 hrs, 0 mins, 0 secs, 381 ms
END
Time: 0 hrs, 0 mins, 19 secs, 773 ms
VACUUM
Time: 0 hrs, 0 mins, 55 secs, 639 ms

Tue Dec 13 13:29:19 EST 2011

Timing is on.

           700 - LOAD_BN_SESSION

BEGIN
Time: 0 hrs, 0 mins, 0 secs, 274 ms
SET
Time: 0 hrs, 0 mins, 0 secs, 7 ms
INSERT 0 3450788
Time: 0 hrs, 0 mins, 45 secs, 970 ms
ANALYZE
Time: 0 hrs, 0 mins, 1 secs, 87 ms
END
Time: 0 hrs, 0 mins, 37 secs, 758 ms

Tue Dec 13 13:30:44 EST 2011

Timing is on.

            750 - LOAD_BN_SESSION_SUMMARY   

BEGIN
Time: 0 hrs, 0 mins, 0 secs, 115 ms
SET
Time: 0 hrs, 0 mins, 0 secs, 6 ms
CREATE TABLE
Time: 0 hrs, 0 mins, 29 secs, 538 ms
TRUNCATE
Time: 0 hrs, 0 mins, 13 secs, 529 ms
INSERT 0 988029
Time: 0 hrs, 0 mins, 14 secs, 711 ms
ANALYZE
Time: 0 hrs, 0 mins, 1 secs, 261 ms
 count(1) 
----------
   988029
(1 row)

Time: 0 hrs, 0 mins, 0 secs, 563 ms
END
Time: 0 hrs, 0 mins, 57 secs, 774 ms

Tue Dec 13 13:32:42 EST 2011

Timing is on.

           800 - LOAD_BN_HITS

BEGIN
Time: 0 hrs, 0 mins, 11 secs, 808 ms
SET
Time: 0 hrs, 0 mins, 0 secs, 7 ms
SET
Time: 0 hrs, 0 mins, 0 secs, 13 ms
SET
Time: 0 hrs, 0 mins, 0 secs, 13 ms
SET
Time: 0 hrs, 0 mins, 0 secs, 14 ms
TRUNCATE
Time: 0 hrs, 0 mins, 4 secs, 208 ms
INSERT 0 21279210
Time: 0 hrs, 0 mins, 14 secs, 699 ms
 count(1) 
----------
 21279210
(1 row)

Time: 0 hrs, 0 mins, 5 secs, 245 ms
ANALYZE
Time: 0 hrs, 0 mins, 6 secs, 795 ms
END
Time: 0 hrs, 0 mins, 53 secs, 133 ms

Tue Dec 13 13:34:18 EST 2011

Timing is on.

            900 - LOAD_CLICKSTREAM   

BEGIN
Time: 0 hrs, 0 mins, 8 secs, 900 ms
SET
Time: 0 hrs, 0 mins, 0 secs, 8 ms
TRUNCATE
Time: 0 hrs, 0 mins, 5 secs, 844 ms
INSERT 0 21279210
Time: 0 hrs, 2 mins, 3 secs, 423 ms
 count(1) 
----------
 21279210
(1 row)

Time: 0 hrs, 0 mins, 5 secs, 536 ms
ANALYZE
Time: 0 hrs, 0 mins, 7 secs, 259 ms
END
Time: 0 hrs, 1 mins, 2 secs, 112 ms

Tue Dec 13 13:37:52 EST 2011

Timing is on.

            1000 - PAGE_VIEW_SUMMARY  

BEGIN
Time: 0 hrs, 0 mins, 7 secs, 275 ms
SET
Time: 0 hrs, 0 mins, 0 secs, 6 ms
SET
Time: 0 hrs, 0 mins, 0 secs, 12 ms
TRUNCATE
Time: 0 hrs, 0 mins, 14 secs, 745 ms
INSERT 0 1385135
Time: 0 hrs, 8 mins, 54 secs, 707 ms
 count(1) 
----------
  1385135
(1 row)

Time: 0 hrs, 0 mins, 5 secs, 151 ms
ANALYZE
Time: 0 hrs, 0 mins, 3 secs, 590 ms
END
Time: 0 hrs, 1 mins, 18 secs, 363 ms

Tue Dec 13 13:48:36 EST 2011


2000 - WRAP UP 

Timing is on.
BEGIN
Time: 0 hrs, 0 mins, 4 secs, 14 ms
TRUNCATE
Time: 0 hrs, 0 mins, 5 secs, 912 ms
TRUNCATE
Time: 0 hrs, 0 mins, 6 secs, 821 ms
END
Time: 0 hrs, 1 mins, 3 secs, 800 ms
Tue Dec 13 13:49:56 EST 2011
Removing lock file and waiting for a minute
Total time taken:  98  minutes.
Running time of run.sh 20111212: 5889 seconds
Checking for lock file /tmp/.iislock
Acquired lock file /tmp/.iislock
deleting simple.htm records - these are just server testing...
DELETE 25
-------------------------------------
Processing for 20111212
-------------------------------------

Wed Dec 14 11:29:19 EST 2011

Timing is on.

           000 - INIT

BEGIN
Time: 0 hrs, 0 mins, 33 secs, 380 ms
*** Truncating staging tables before workflow starts ***
SET
Time: 0 hrs, 0 mins, 0 secs, 18 ms
GRANT
Time: 0 hrs, 2 mins, 50 secs, 424 ms
END
Time: 0 hrs, 0 mins, 58 secs, 633 ms

Wed Dec 14 11:33:42 EST 2011

Timing is on.

            200 - LOAD_BN_IISLOGS   

BEGIN
Time: 0 hrs, 0 mins, 8 secs, 134 ms
SET
Time: 0 hrs, 0 mins, 0 secs, 8 ms
TRUNCATE
Time: 0 hrs, 0 mins, 7 secs, 410 ms
INSERT 0 86931880
Time: 0 hrs, 12 mins, 30 secs, 391 ms
END
Time: 0 hrs, 1 mins, 10 secs, 1 ms
ALTER TABLE
Time: 0 hrs, 1 mins, 8 secs, 837 ms

Wed Dec 14 11:48:47 EST 2011

Timing is on.
BEGIN
Time: 0 hrs, 0 mins, 1 secs, 646 ms
SET
Time: 0 hrs, 0 mins, 0 secs, 6 ms

            250 - LOAD_BN_HITS_SP   

TRUNCATE
Time: 0 hrs, 0 mins, 9 secs, 787 ms
INSERT 0 31602610
Time: 0 hrs, 11 mins, 20 secs, 62 ms
ANALYZE
Time: 0 hrs, 0 mins, 12 secs, 475 ms
END
Time: 0 hrs, 1 mins, 0 secs, 454 ms

Wed Dec 14 12:01:32 EST 2011

Timing is on.
BEGIN
Time: 0 hrs, 0 mins, 6 secs, 32 ms
SET
Time: 0 hrs, 0 mins, 0 secs, 8 ms

           300 - DYNAMIC FILTER

TRUNCATE
Time: 0 hrs, 0 mins, 12 secs, 683 ms
INSERT 0 26051654
Time: 0 hrs, 0 mins, 17 secs, 361 ms
ANALYZE
Time: 0 hrs, 0 mins, 2 secs, 126 ms
 Total records in web_click_cnt 
--------------------------------
                       26051654
(1 row)

Time: 0 hrs, 0 mins, 2 secs, 633 ms
CREATE TABLE
Time: 0 hrs, 1 mins, 29 secs, 450 ms
ANALYZE
Time: 0 hrs, 0 mins, 1 secs, 684 ms
CREATE TABLE
Time: 0 hrs, 0 mins, 1 secs, 811 ms
ANALYZE
Time: 0 hrs, 0 mins, 0 secs, 59 ms
DELETE 1
Time: 0 hrs, 0 mins, 2 secs, 108 ms
INSERT 0 1
Time: 0 hrs, 0 mins, 7 secs, 368 ms
DELETE 1
Time: 0 hrs, 0 mins, 0 secs, 722 ms
INSERT 0 1
Time: 0 hrs, 0 mins, 0 secs, 369 ms
CREATE TABLE
Time: 0 hrs, 3 mins, 18 secs, 192 ms
ANALYZE
Time: 0 hrs, 0 mins, 0 secs, 51 ms
CREATE TABLE
Time: 0 hrs, 0 mins, 1 secs, 769 ms
ANALYZE
Time: 0 hrs, 0 mins, 0 secs, 60 ms
DELETE 1
Time: 0 hrs, 0 mins, 0 secs, 337 ms
INSERT 0 1
Time: 0 hrs, 0 mins, 6 secs, 435 ms
DELETE 1
Time: 0 hrs, 0 mins, 0 secs, 71 ms
INSERT 0 1
Time: 0 hrs, 0 mins, 4 secs, 47 ms
ANALYZE
Time: 0 hrs, 0 mins, 2 secs, 537 ms
    tablename     |    attr_name    | attr_value 
------------------+-----------------+------------
 BN_FILTER_SPIDER | CLK_USER_SD_MPL | 10
 BN_FILTER_SPIDER | IP_USER_SD_MPL  | 1
 BN_FILTER_SPIDER | IP_USER_RATIO   | .955
 BN_FILTER_SPIDER | CLK_USER_MEAN   | 9.701
 BN_FILTER_SPIDER | CLK_USER_SD     | 50.082
 BN_FILTER_SPIDER | IP_USER_MEAN    | 14.660
 BN_FILTER_SPIDER | IP_USER_SD      | 4039.904
(7 rows)

Time: 0 hrs, 0 mins, 3 secs, 309 ms
CREATE TABLE
Time: 0 hrs, 12 mins, 1 secs, 449 ms
CREATE TABLE
Time: 0 hrs, 0 mins, 13 secs, 875 ms
 l_mean_sd_mpl 
---------------
       510.521
(1 row)

Time: 0 hrs, 0 mins, 10 secs, 77 ms
TRUNCATE
Time: 0 hrs, 0 mins, 12 secs, 618 ms
INSERT 0 532
Time: 0 hrs, 3 mins, 58 secs, 319 ms
ANALYZE
Time: 0 hrs, 0 mins, 3 secs, 631 ms
 Total click_user bn_spider_ip records 
---------------------------------------
                                   532
(1 row)

Time: 0 hrs, 0 mins, 3 secs, 936 ms
CREATE TABLE
Time: 0 hrs, 0 mins, 46 secs, 444 ms
ANALYZE
Time: 0 hrs, 0 mins, 6 secs, 988 ms
CREATE TABLE
Time: 0 hrs, 8 mins, 5 secs, 143 ms
ANALYZE
Time: 0 hrs, 0 mins, 1 secs, 458 ms
DROP 
Time: 0 hrs, 0 mins, 2 secs, 69 ms
CREATE TABLE
Time: 0 hrs, 0 mins, 15 secs, 524 ms
 l_mean_sd_mpl | l_ratio 
---------------+---------
      4054.564 |   0.955
(1 row)

Time: 0 hrs, 0 mins, 11 secs, 476 ms
INSERT 0 21200107
Time: 0 hrs, 1 mins, 3 secs, 215 ms
ANALYZE
Time: 0 hrs, 0 mins, 2 secs, 223 ms
 Total ip_user_filter bn_spider_ip records 
-------------------------------------------
                                  21200107
(1 row)

Time: 0 hrs, 0 mins, 3 secs, 350 ms
TRUNCATE
Time: 0 hrs, 0 mins, 10 secs, 979 ms
INSERT 0 28083960
Time: 0 hrs, 1 mins, 27 secs, 653 ms
ANALYZE
Time: 0 hrs, 0 mins, 33 secs, 605 ms
 bn_hits_stage 
---------------
      28083960
(1 row)

Time: 0 hrs, 0 mins, 7 secs, 736 ms
INSERT 0 22365544
Time: 0 hrs, 9 mins, 19 secs, 513 ms
ANALYZE
Time: 0 hrs, 0 mins, 28 secs, 87 ms
 bn_hits_sp_20111212 
---------------------
            53968154
(1 row)

Time: 0 hrs, 0 mins, 7 secs, 808 ms
TRUNCATE
Time: 0 hrs, 0 mins, 27 secs, 545 ms
INSERT 0 4879766
Time: 0 hrs, 0 mins, 44 secs, 46 ms
ANALYZE
Time: 0 hrs, 0 mins, 4 secs, 965 ms
 bn_hits_client_20111212 
-------------------------
                 4879766
(1 row)

Time: 0 hrs, 0 mins, 6 secs, 88 ms
END
Time: 0 hrs, 4 mins, 43 secs, 915 ms

Wed Dec 14 12:53:17 EST 2011

Timing is on.
BEGIN
Time: 0 hrs, 0 mins, 0 secs, 170 ms

           600 - LOAD RESOURCES

SET
Time: 0 hrs, 0 mins, 0 secs, 11 ms
CREATE TABLE
Time: 0 hrs, 5 mins, 22 secs, 787 ms
ANALYZE
Time: 0 hrs, 0 mins, 2 secs, 109 ms
 tmp_a_count 
-------------
     1588940
(1 row)

Time: 0 hrs, 0 mins, 2 secs, 12 ms
UPDATE 0
Time: 0 hrs, 0 mins, 12 secs, 51 ms
ANALYZE
Time: 0 hrs, 0 mins, 2 secs, 510 ms
TRUNCATE
Time: 0 hrs, 0 mins, 7 secs, 499 ms
INSERT 0 103162
Time: 0 hrs, 1 mins, 40 secs, 903 ms
ANALYZE
Time: 0 hrs, 0 mins, 2 secs, 822 ms
 first_resource_id | last_resource_id 
-------------------+------------------
          66968244 |         67071405
(1 row)

Time: 0 hrs, 0 mins, 3 secs, 441 ms
INSERT 0 103162
Time: 0 hrs, 0 mins, 3 secs, 955 ms
 total_resources 
-----------------
        67046942
(1 row)

Time: 0 hrs, 0 mins, 0 secs, 169 ms
ANALYZE
Time: 0 hrs, 0 mins, 1 secs, 344 ms
END
Time: 0 hrs, 0 mins, 25 secs, 12 ms
VACUUM
Time: 0 hrs, 1 mins, 10 secs, 952 ms

Wed Dec 14 13:02:35 EST 2011

Timing is on.

           650 - LOAD_BN_SESSION_STAGE

BEGIN
Time: 0 hrs, 0 mins, 17 secs, 310 ms
SET
Time: 0 hrs, 0 mins, 0 secs, 7 ms
SET
Time: 0 hrs, 0 mins, 0 secs, 18 ms
CREATE TABLE
Time: 0 hrs, 2 mins, 49 secs, 953 ms
ANALYZE
Time: 0 hrs, 0 mins, 7 secs, 160 ms
 tmp_sessionized_stage 
-----------------------
              28083960
(1 row)

Time: 0 hrs, 0 mins, 18 secs, 182 ms
TRUNCATE
Time: 0 hrs, 0 mins, 11 secs, 476 ms
INSERT 0 4414129
Time: 0 hrs, 2 mins, 46 secs, 121 ms
ANALYZE
Time: 0 hrs, 0 mins, 6 secs, 175 ms
CREATE TABLE
Time: 0 hrs, 3 mins, 10 secs, 415 ms
CREATE INDEX
Time: 0 hrs, 0 mins, 0 secs, 720 ms
 tmp_first_last 
----------------
        4414129
(1 row)

Time: 0 hrs, 0 mins, 1 secs, 378 ms
ANALYZE
Time: 0 hrs, 0 mins, 1 secs, 353 ms
SET
Time: 0 hrs, 0 mins, 0 secs, 38 ms
SET
Time: 0 hrs, 0 mins, 0 secs, 16 ms
TRUNCATE
Time: 0 hrs, 0 mins, 15 secs, 705 ms
DROP 
Time: 0 hrs, 0 mins, 2 secs, 546 ms
INSERT 0 4414129
Time: 0 hrs, 0 mins, 10 secs, 751 ms
 bn_session_stage 
------------------
          4414129
(1 row)

Time: 0 hrs, 0 mins, 11 secs, 330 ms
CREATE INDEX
Time: 0 hrs, 0 mins, 6 secs, 830 ms
ANALYZE
Time: 0 hrs, 0 mins, 1 secs, 970 ms
TRUNCATE
Time: 0 hrs, 0 mins, 5 secs, 335 ms
END
Time: 0 hrs, 1 mins, 49 secs, 825 ms

Wed Dec 14 13:15:10 EST 2011

BEGIN

           660 - LOAD_BN_SESSION_UPDATE_STAGE

SET
TRUNCATE
INSERT 0 0
END

Wed Dec 14 13:15:45 EST 2011

Timing is on.

           670 - LOAD_BN_SESSION_20111212.UPDATES

BEGIN
Time: 0 hrs, 0 mins, 0 secs, 135 ms
SET
Time: 0 hrs, 0 mins, 0 secs, 8 ms
UPDATE 0
Time: 0 hrs, 0 mins, 0 secs, 257 ms
END
Time: 0 hrs, 0 mins, 21 secs, 543 ms
VACUUM
Time: 0 hrs, 1 mins, 21 secs, 136 ms

Wed Dec 14 13:17:30 EST 2011

Timing is on.

           700 - LOAD_BN_SESSION

BEGIN
Time: 0 hrs, 0 mins, 20 secs, 882 ms
SET
Time: 0 hrs, 0 mins, 0 secs, 7 ms
INSERT 0 4414129
Time: 0 hrs, 21 mins, 52 secs, 887 ms
ANALYZE
Time: 0 hrs, 0 mins, 8 secs, 153 ms
END
Time: 0 hrs, 1 mins, 26 secs, 231 ms

Wed Dec 14 13:41:18 EST 2011

Timing is on.

            750 - LOAD_BN_SESSION_SUMMARY   

BEGIN
Time: 0 hrs, 0 mins, 8 secs, 25 ms
SET
Time: 0 hrs, 0 mins, 0 secs, 6 ms
CREATE TABLE
Time: 0 hrs, 1 mins, 7 secs, 98 ms
TRUNCATE
Time: 0 hrs, 0 mins, 16 secs, 343 ms
INSERT 0 1196482
Time: 0 hrs, 0 mins, 20 secs, 501 ms
ANALYZE
Time: 0 hrs, 0 mins, 3 secs, 458 ms
 count(1) 
----------
  1196482
(1 row)

Time: 0 hrs, 0 mins, 6 secs, 84 ms
END
Time: 0 hrs, 3 mins, 50 secs, 77 ms

Wed Dec 14 13:47:10 EST 2011

Timing is on.

           800 - LOAD_BN_HITS

BEGIN
Time: 0 hrs, 0 mins, 14 secs, 196 ms
SET
Time: 0 hrs, 0 mins, 0 secs, 6 ms
SET
Time: 0 hrs, 0 mins, 0 secs, 51 ms
SET
Time: 0 hrs, 0 mins, 0 secs, 13 ms
SET
Time: 0 hrs, 0 mins, 0 secs, 11 ms
TRUNCATE
Time: 0 hrs, 0 mins, 3 secs, 194 ms
INSERT 0 28083960
Time: 0 hrs, 0 mins, 21 secs, 802 ms
 count(1) 
----------
 28083960
(1 row)

Time: 0 hrs, 0 mins, 8 secs, 560 ms
ANALYZE
Time: 0 hrs, 0 mins, 6 secs, 62 ms
END
Time: 0 hrs, 0 mins, 58 secs, 958 ms

Wed Dec 14 13:49:04 EST 2011

Timing is on.

            900 - LOAD_CLICKSTREAM   

BEGIN
Time: 0 hrs, 0 mins, 5 secs, 319 ms
SET
Time: 0 hrs, 0 mins, 0 secs, 6 ms
TRUNCATE
Time: 0 hrs, 0 mins, 22 secs, 120 ms
INSERT 0 28083960
Time: 0 hrs, 11 mins, 45 secs, 277 ms
 count(1) 
----------
 28083960
(1 row)

Time: 0 hrs, 0 mins, 3 secs, 807 ms
ANALYZE
Time: 0 hrs, 0 mins, 3 secs, 308 ms
END
Time: 0 hrs, 0 mins, 42 secs, 837 ms

Wed Dec 14 14:02:07 EST 2011

Timing is on.

            1000 - PAGE_VIEW_SUMMARY  

BEGIN
Time: 0 hrs, 0 mins, 21 secs, 531 ms
SET
Time: 0 hrs, 0 mins, 0 secs, 9 ms
SET
Time: 0 hrs, 0 mins, 0 secs, 761 ms
TRUNCATE
Time: 0 hrs, 0 mins, 6 secs, 625 ms
INSERT 0 1624748
Time: 0 hrs, 0 mins, 9 secs, 271 ms
 count(1) 
----------
  1624748
(1 row)

Time: 0 hrs, 0 mins, 0 secs, 299 ms
ANALYZE
Time: 0 hrs, 0 mins, 0 secs, 347 ms
END
Time: 0 hrs, 0 mins, 20 secs, 573 ms

Wed Dec 14 14:03:06 EST 2011


2000 - WRAP UP 

Timing is on.
BEGIN
Time: 0 hrs, 0 mins, 0 secs, 884 ms
TRUNCATE
Time: 0 hrs, 0 mins, 5 secs, 203 ms
TRUNCATE
Time: 0 hrs, 0 mins, 7 secs, 611 ms
END
Time: 0 hrs, 0 mins, 20 secs, 94 ms
Wed Dec 14 14:03:40 EST 2011
Removing lock file and waiting for a minute
Total time taken:  158  minutes.
Running time of run.sh 20111212: 158 minutes
