Acquired lock file 
deleting simple.htm records - these are just server testing...
DELETE 6108878
-------------------------------------
Processing for 20110829
-------------------------------------

Tue Aug 30 07:21:32 EDT 2011

Timing is on.

           000 - INIT

BEGIN
Time: 0 hrs, 0 mins, 1 secs, 365 ms
*** Truncating staging tables before workflow starts ***
SET
Time: 0 hrs, 0 mins, 0 secs, 74 ms
GRANT
Time: 0 hrs, 0 mins, 9 secs, 6 ms
END
Time: 0 hrs, 0 mins, 13 secs, 344 ms

Tue Aug 30 07:21:57 EDT 2011

Timing is on.

            200 - LOAD_BN_IISLOGS   

BEGIN
Time: 0 hrs, 0 mins, 2 secs, 809 ms
SET
Time: 0 hrs, 0 mins, 0 secs, 99 ms
TRUNCATE
Time: 0 hrs, 0 mins, 2 secs, 207 ms
INSERT 0 58373941
Time: 0 hrs, 9 mins, 45 secs, 187 ms
END
Time: 0 hrs, 1 mins, 24 secs, 51 ms
ALTER TABLE
Time: 0 hrs, 7 mins, 40 secs, 596 ms

Tue Aug 30 07:40:52 EDT 2011

Timing is on.
BEGIN
Time: 0 hrs, 0 mins, 2 secs, 889 ms
SET
Time: 0 hrs, 0 mins, 0 secs, 334 ms

            250 - LOAD_BN_HITS_SP   

TRUNCATE
Time: 0 hrs, 0 mins, 1 secs, 327 ms
INSERT 0 21517660
Time: 0 hrs, 3 mins, 19 secs, 315 ms
ANALYZE
Time: 0 hrs, 0 mins, 4 secs, 192 ms
END
Time: 0 hrs, 1 mins, 46 secs, 513 ms

Tue Aug 30 07:46:07 EDT 2011

Timing is on.
BEGIN
Time: 0 hrs, 0 mins, 2 secs, 322 ms
SET
Time: 0 hrs, 0 mins, 0 secs, 30 ms

           300 - DYNAMIC FILTER

TRUNCATE
Time: 0 hrs, 0 mins, 1 secs, 326 ms
INSERT 0 17969106
Time: 0 hrs, 0 mins, 33 secs, 918 ms
ANALYZE
Time: 0 hrs, 0 mins, 1 secs, 395 ms
 Total records in web_click_cnt 
--------------------------------
                       17969106
(1 row)

Time: 0 hrs, 0 mins, 3 secs, 168 ms
CREATE TABLE
Time: 0 hrs, 0 mins, 17 secs, 711 ms
ANALYZE
Time: 0 hrs, 0 mins, 0 secs, 283 ms
CREATE TABLE
Time: 0 hrs, 0 mins, 5 secs, 810 ms
ANALYZE
Time: 0 hrs, 0 mins, 0 secs, 416 ms
DELETE 1
Time: 0 hrs, 0 mins, 1 secs, 466 ms
INSERT 0 1
Time: 0 hrs, 0 mins, 1 secs, 438 ms
DELETE 1
Time: 0 hrs, 0 mins, 0 secs, 370 ms
INSERT 0 1
Time: 0 hrs, 0 mins, 3 secs, 104 ms
CREATE TABLE
Time: 0 hrs, 0 mins, 9 secs, 886 ms
ANALYZE
Time: 0 hrs, 0 mins, 0 secs, 139 ms
CREATE TABLE
Time: 0 hrs, 0 mins, 11 secs, 365 ms
ANALYZE
Time: 0 hrs, 0 mins, 0 secs, 997 ms
DELETE 1
Time: 0 hrs, 0 mins, 0 secs, 338 ms
INSERT 0 1
Time: 0 hrs, 0 mins, 1 secs, 592 ms
DELETE 1
Time: 0 hrs, 0 mins, 0 secs, 313 ms
INSERT 0 1
Time: 0 hrs, 0 mins, 2 secs, 564 ms
ANALYZE
Time: 0 hrs, 0 mins, 0 secs, 529 ms
    tablename     |    attr_name    | attr_value 
------------------+-----------------+------------
 BN_FILTER_SPIDER | CLK_USER_SD_MPL | 10
 BN_FILTER_SPIDER | IP_USER_SD_MPL  | 1
 BN_FILTER_SPIDER | IP_USER_RATIO   | .955
 BN_FILTER_SPIDER | CLK_USER_MEAN   | 11.642
 BN_FILTER_SPIDER | CLK_USER_SD     | 64.897
 BN_FILTER_SPIDER | IP_USER_MEAN    | 21.425
 BN_FILTER_SPIDER | IP_USER_SD      | 1628.014
(7 rows)

Time: 0 hrs, 0 mins, 1 secs, 129 ms
CREATE TABLE
Time: 0 hrs, 0 mins, 20 secs, 919 ms
CREATE TABLE
Time: 0 hrs, 0 mins, 6 secs, 429 ms
 l_mean_sd_mpl 
---------------
       660.612
(1 row)

Time: 0 hrs, 0 mins, 1 secs, 53 ms
TRUNCATE
Time: 0 hrs, 0 mins, 4 secs, 982 ms
INSERT 0 257
Time: 0 hrs, 0 mins, 26 secs, 337 ms
ANALYZE
Time: 0 hrs, 0 mins, 0 secs, 835 ms
 Total click_user bn_spider_ip records 
---------------------------------------
                                   257
(1 row)

Time: 0 hrs, 0 mins, 0 secs, 926 ms
CREATE TABLE
Time: 0 hrs, 0 mins, 20 secs, 191 ms
ANALYZE
Time: 0 hrs, 0 mins, 0 secs, 91 ms
CREATE TABLE
Time: 0 hrs, 0 mins, 12 secs, 659 ms
ANALYZE
Time: 0 hrs, 0 mins, 0 secs, 302 ms
DROP 
Time: 0 hrs, 0 mins, 0 secs, 563 ms
CREATE TABLE
Time: 0 hrs, 0 mins, 8 secs, 843 ms
 l_mean_sd_mpl | l_ratio 
---------------+---------
      1649.439 |   0.955
(1 row)

Time: 0 hrs, 0 mins, 1 secs, 715 ms
INSERT 0 15558227
Time: 0 hrs, 0 mins, 17 secs, 342 ms
ANALYZE
Time: 0 hrs, 0 mins, 0 secs, 566 ms
 Total ip_user_filter bn_spider_ip records 
-------------------------------------------
                                  15558227
(1 row)

Time: 0 hrs, 0 mins, 0 secs, 638 ms
TRUNCATE
Time: 0 hrs, 0 mins, 6 secs, 377 ms
INSERT 0 15931075
Time: 0 hrs, 1 mins, 26 secs, 175 ms
ANALYZE
Time: 0 hrs, 0 mins, 11 secs, 495 ms
 bn_hits_stage 
---------------
      15931075
(1 row)

Time: 0 hrs, 0 mins, 9 secs, 394 ms
INSERT 0 16172104
Time: 0 hrs, 3 mins, 31 secs, 950 ms
ANALYZE
Time: 0 hrs, 1 mins, 8 secs, 426 ms
 bn_hits_sp_20110829 
---------------------
            37689764
(1 row)

Time: 0 hrs, 0 mins, 13 secs, 526 ms
TRUNCATE
Time: 0 hrs, 0 mins, 2 secs, 212 ms
INSERT 0 4753102
Time: 0 hrs, 0 mins, 10 secs, 620 ms
ANALYZE
Time: 0 hrs, 0 mins, 3 secs, 935 ms
 bn_hits_client_20110829 
-------------------------
                 4753102
(1 row)

Time: 0 hrs, 0 mins, 1 secs, 289 ms
END
Time: 0 hrs, 0 mins, 50 secs, 110 ms

Tue Aug 30 07:57:49 EDT 2011

Timing is on.
BEGIN
Time: 0 hrs, 0 mins, 3 secs, 527 ms

           600 - LOAD RESOURCES

SET
Time: 0 hrs, 0 mins, 0 secs, 41 ms
CREATE TABLE
Time: 0 hrs, 4 mins, 17 secs, 135 ms
ANALYZE
Time: 0 hrs, 0 mins, 5 secs, 672 ms
 tmp_a_count 
-------------
      491933
(1 row)

Time: 0 hrs, 0 mins, 3 secs, 112 ms
UPDATE 0
Time: 0 hrs, 0 mins, 12 secs, 186 ms
ANALYZE
Time: 0 hrs, 0 mins, 12 secs, 500 ms
TRUNCATE
Time: 0 hrs, 0 mins, 3 secs, 257 ms
INSERT 0 190962
Time: 0 hrs, 1 mins, 50 secs, 641 ms
ANALYZE
Time: 0 hrs, 0 mins, 8 secs, 685 ms
 first_resource_id | last_resource_id 
-------------------+------------------
          39496233 |         39687194
(1 row)

Time: 0 hrs, 0 mins, 1 secs, 801 ms
INSERT 0 190962
Time: 0 hrs, 0 mins, 17 secs, 291 ms
 total_resources 
-----------------
        39662791
(1 row)

Time: 0 hrs, 0 mins, 9 secs, 412 ms
ANALYZE
Time: 0 hrs, 0 mins, 1 secs, 527 ms
END
Time: 0 hrs, 0 mins, 24 secs, 849 ms
VACUUM
Time: 0 hrs, 4 mins, 44 secs, 212 ms

Tue Aug 30 08:10:25 EDT 2011

Timing is on.

           650 - LOAD_BN_SESSION_STAGE

BEGIN
Time: 0 hrs, 0 mins, 2 secs, 735 ms
SET
Time: 0 hrs, 0 mins, 0 secs, 67 ms
SET
Time: 0 hrs, 0 mins, 0 secs, 330 ms
CREATE TABLE
Time: 0 hrs, 3 mins, 58 secs, 241 ms
ANALYZE
Time: 0 hrs, 0 mins, 5 secs, 819 ms
 tmp_sessionized_stage 
-----------------------
              15931075
(1 row)

Time: 0 hrs, 0 mins, 0 secs, 787 ms
TRUNCATE
Time: 0 hrs, 0 mins, 3 secs, 743 ms
INSERT 0 2079179
Time: 0 hrs, 0 mins, 51 secs, 454 ms
ANALYZE
Time: 0 hrs, 0 mins, 2 secs, 394 ms
CREATE TABLE
Time: 0 hrs, 8 mins, 4 secs, 975 ms
CREATE INDEX
Time: 0 hrs, 0 mins, 20 secs, 587 ms
 tmp_first_last 
----------------
        2079179
(1 row)

Time: 0 hrs, 0 mins, 5 secs, 153 ms
ANALYZE
Time: 0 hrs, 0 mins, 7 secs, 721 ms
SET
Time: 0 hrs, 0 mins, 0 secs, 305 ms
SET
Time: 0 hrs, 0 mins, 0 secs, 270 ms
TRUNCATE
Time: 0 hrs, 0 mins, 24 secs, 269 ms
DROP
Time: 0 hrs, 0 mins, 2 secs, 63 ms
INSERT 0 2079179
Time: 0 hrs, 0 mins, 26 secs, 138 ms
 bn_session_stage 
------------------
          2079179
(1 row)

Time: 0 hrs, 0 mins, 34 secs, 838 ms
CREATE INDEX
Time: 0 hrs, 0 mins, 20 secs, 700 ms
ANALYZE
Time: 0 hrs, 0 mins, 15 secs, 561 ms
TRUNCATE
Time: 0 hrs, 0 mins, 24 secs, 610 ms
END
Time: 0 hrs, 6 mins, 33 secs, 458 ms

Tue Aug 30 08:33:12 EDT 2011

BEGIN

           660 - LOAD_BN_SESSION_UPDATE_STAGE

SET
TRUNCATE
INSERT 0 0
END

Tue Aug 30 08:33:26 EDT 2011

Timing is on.

           670 - LOAD_BN_SESSION_20110829.UPDATES

BEGIN
Time: 0 hrs, 0 mins, 3 secs, 727 ms
SET
Time: 0 hrs, 0 mins, 0 secs, 46 ms
UPDATE 0
Time: 0 hrs, 0 mins, 0 secs, 751 ms
END
Time: 0 hrs, 0 mins, 27 secs, 219 ms
VACUUM
Time: 0 hrs, 5 mins, 30 secs, 409 ms

Tue Aug 30 08:39:28 EDT 2011

Timing is on.

           700 - LOAD_BN_SESSION

BEGIN
Time: 0 hrs, 0 mins, 5 secs, 315 ms
SET
Time: 0 hrs, 0 mins, 0 secs, 30 ms
INSERT 0 2079179
Time: 0 hrs, 3 mins, 16 secs, 341 ms
ANALYZE
Time: 0 hrs, 0 mins, 1 secs, 307 ms
END
Time: 0 hrs, 3 mins, 46 secs, 624 ms

Tue Aug 30 08:46:38 EDT 2011

Timing is on.

            750 - LOAD_BN_SESSION_SUMMARY   

BEGIN
Time: 0 hrs, 0 mins, 3 secs, 469 ms
SET
Time: 0 hrs, 0 mins, 0 secs, 92 ms
CREATE TABLE
Time: 0 hrs, 1 mins, 8 secs, 410 ms
TRUNCATE
Time: 0 hrs, 0 mins, 27 secs, 34 ms
INSERT 0 274304
Time: 0 hrs, 0 mins, 48 secs, 542 ms
ANALYZE
Time: 0 hrs, 0 mins, 3 secs, 51 ms
 count(1) 
----------
   274304
(1 row)

Time: 0 hrs, 0 mins, 2 secs, 986 ms
END
Time: 0 hrs, 2 mins, 32 secs, 184 ms

Tue Aug 30 08:51:44 EDT 2011

Timing is on.

           800 - LOAD_BN_HITS

BEGIN
Time: 0 hrs, 0 mins, 2 secs, 299 ms
SET
Time: 0 hrs, 0 mins, 0 secs, 30 ms
SET
Time: 0 hrs, 0 mins, 0 secs, 60 ms
SET
Time: 0 hrs, 0 mins, 0 secs, 42 ms
SET
Time: 0 hrs, 0 mins, 0 secs, 51 ms
TRUNCATE
Time: 0 hrs, 0 mins, 3 secs, 190 ms
INSERT 0 15931075
Time: 0 hrs, 0 mins, 12 secs, 237 ms
 count(1) 
----------
 15931075
(1 row)

Time: 0 hrs, 0 mins, 1 secs, 676 ms
ANALYZE
Time: 0 hrs, 0 mins, 9 secs, 300 ms
END
Time: 0 hrs, 1 mins, 12 secs, 869 ms

Tue Aug 30 08:53:26 EDT 2011

Timing is on.

            900 - LOAD_CLICKSTREAM   

BEGIN
Time: 0 hrs, 0 mins, 5 secs, 449 ms
SET
Time: 0 hrs, 0 mins, 0 secs, 21 ms
TRUNCATE
Time: 0 hrs, 0 mins, 3 secs, 279 ms
INSERT 0 15931075
Time: 0 hrs, 24 mins, 16 secs, 211 ms
 count(1) 
----------
 15931075
(1 row)

Time: 0 hrs, 0 mins, 7 secs, 202 ms
ANALYZE
Time: 0 hrs, 0 mins, 1 secs, 412 ms
END
Time: 0 hrs, 0 mins, 20 secs, 608 ms

Tue Aug 30 09:18:21 EDT 2011

Timing is on.

            1000 - PAGE_VIEW_SUMMARY  

BEGIN
Time: 0 hrs, 0 mins, 10 secs, 699 ms
SET
Time: 0 hrs, 0 mins, 0 secs, 26 ms
SET
Time: 0 hrs, 0 mins, 0 secs, 62 ms
TRUNCATE
Time: 0 hrs, 0 mins, 6 secs, 108 ms
INSERT 0 502710
Time: 0 hrs, 2 mins, 45 secs, 629 ms
 count(1) 
----------
   502710
(1 row)

Time: 0 hrs, 0 mins, 7 secs, 394 ms
ANALYZE
Time: 0 hrs, 0 mins, 0 secs, 800 ms
END
Time: 0 hrs, 0 mins, 19 secs, 500 ms

Tue Aug 30 09:21:52 EDT 2011


2000 - WRAP UP 

Timing is on.
BEGIN
Time: 0 hrs, 0 mins, 2 secs, 512 ms
TRUNCATE
Time: 0 hrs, 0 mins, 12 secs, 48 ms
TRUNCATE
Time: 0 hrs, 0 mins, 6 secs, 274 ms
END
Time: 0 hrs, 0 mins, 37 secs, 503 ms
Tue Aug 30 09:22:50 EDT 2011
Removing lock file and waiting for a minute
rm: missing operand
Try `rm --help' for more information.
Total time taken:  124  minutes.
Running time of run.sh 20110829: 7484 seconds
Acquired lock file 
deleting simple.htm records - these are just server testing...
DELETE 16
-------------------------------------
Processing for 20110829
-------------------------------------

Wed Aug 31 07:43:25 EDT 2011

Timing is on.

           000 - INIT

BEGIN
Time: 0 hrs, 0 mins, 2 secs, 673 ms
*** Truncating staging tables before workflow starts ***
SET
Time: 0 hrs, 0 mins, 0 secs, 22 ms
GRANT
Time: 0 hrs, 0 mins, 45 secs, 477 ms
END
Time: 0 hrs, 3 mins, 59 secs, 858 ms

Wed Aug 31 07:48:13 EDT 2011

Timing is on.

            200 - LOAD_BN_IISLOGS   

BEGIN
Time: 0 hrs, 0 mins, 5 secs, 45 ms
SET
Time: 0 hrs, 0 mins, 0 secs, 22 ms
TRUNCATE
Time: 0 hrs, 0 mins, 8 secs, 851 ms
INSERT 0 77415644
Time: 0 hrs, 15 mins, 11 secs, 257 ms
END
Time: 0 hrs, 2 mins, 40 secs, 261 ms
ALTER TABLE
Time: 0 hrs, 2 mins, 55 secs, 761 ms

Wed Aug 31 08:09:15 EDT 2011

Timing is on.
BEGIN
Time: 0 hrs, 0 mins, 40 secs, 297 ms
SET
Time: 0 hrs, 0 mins, 0 secs, 33 ms

            250 - LOAD_BN_HITS_SP   

TRUNCATE
Time: 0 hrs, 0 mins, 14 secs, 586 ms
INSERT 0 28400950
Time: 0 hrs, 5 mins, 54 secs, 111 ms
ANALYZE
Time: 0 hrs, 1 mins, 6 secs, 881 ms
END
Time: 0 hrs, 1 mins, 20 secs, 991 ms

Wed Aug 31 08:18:32 EDT 2011

Timing is on.
BEGIN
Time: 0 hrs, 0 mins, 3 secs, 367 ms
SET
Time: 0 hrs, 0 mins, 0 secs, 18 ms

           300 - DYNAMIC FILTER

TRUNCATE
Time: 0 hrs, 0 mins, 3 secs, 253 ms
INSERT 0 22273103
Time: 0 hrs, 1 mins, 24 secs, 173 ms
ANALYZE
Time: 0 hrs, 0 mins, 1 secs, 632 ms
 Total records in web_click_cnt 
--------------------------------
                       22273103
(1 row)

Time: 0 hrs, 0 mins, 1 secs, 460 ms
CREATE TABLE
Time: 0 hrs, 2 mins, 45 secs, 934 ms
ANALYZE
Time: 0 hrs, 0 mins, 0 secs, 333 ms
CREATE TABLE
Time: 0 hrs, 0 mins, 2 secs, 563 ms
ANALYZE
Time: 0 hrs, 0 mins, 0 secs, 355 ms
DELETE 1
Time: 0 hrs, 0 mins, 1 secs, 560 ms
INSERT 0 1
Time: 0 hrs, 0 mins, 4 secs, 544 ms
DELETE 1
Time: 0 hrs, 0 mins, 0 secs, 651 ms
INSERT 0 1
Time: 0 hrs, 0 mins, 3 secs, 216 ms
CREATE TABLE
Time: 0 hrs, 2 mins, 22 secs, 207 ms
ANALYZE
Time: 0 hrs, 0 mins, 0 secs, 119 ms
CREATE TABLE
Time: 0 hrs, 0 mins, 2 secs, 602 ms
ANALYZE
Time: 0 hrs, 0 mins, 0 secs, 292 ms
DELETE 1
Time: 0 hrs, 0 mins, 0 secs, 163 ms
INSERT 0 1
Time: 0 hrs, 0 mins, 2 secs, 8 ms
DELETE 1
Time: 0 hrs, 0 mins, 0 secs, 333 ms
INSERT 0 1
Time: 0 hrs, 0 mins, 4 secs, 351 ms
ANALYZE
Time: 0 hrs, 0 mins, 0 secs, 267 ms
    tablename     |    attr_name    | attr_value 
------------------+-----------------+------------
 BN_FILTER_SPIDER | CLK_USER_SD_MPL | 10
 BN_FILTER_SPIDER | IP_USER_SD_MPL  | 1
 BN_FILTER_SPIDER | IP_USER_RATIO   | .955
 BN_FILTER_SPIDER | CLK_USER_MEAN   | 12.174
 BN_FILTER_SPIDER | CLK_USER_SD     | 75.980
 BN_FILTER_SPIDER | IP_USER_MEAN    | 19.900
 BN_FILTER_SPIDER | IP_USER_SD      | 1752.105
(7 rows)

Time: 0 hrs, 0 mins, 1 secs, 63 ms
CREATE TABLE
Time: 0 hrs, 4 mins, 0 secs, 334 ms
CREATE TABLE
Time: 0 hrs, 0 mins, 0 secs, 437 ms
 l_mean_sd_mpl 
---------------
       771.974
(1 row)

Time: 0 hrs, 0 mins, 0 secs, 157 ms
TRUNCATE
Time: 0 hrs, 0 mins, 1 secs, 60 ms
INSERT 0 273
Time: 0 hrs, 0 mins, 38 secs, 603 ms
ANALYZE
Time: 0 hrs, 0 mins, 0 secs, 272 ms
 Total click_user bn_spider_ip records 
---------------------------------------
                                   273
(1 row)

Time: 0 hrs, 0 mins, 0 secs, 566 ms
CREATE TABLE
Time: 0 hrs, 0 mins, 9 secs, 477 ms
ANALYZE
Time: 0 hrs, 0 mins, 0 secs, 149 ms
CREATE TABLE
Time: 0 hrs, 0 mins, 5 secs, 999 ms
ANALYZE
Time: 0 hrs, 0 mins, 0 secs, 288 ms
DROP 
Time: 0 hrs, 0 mins, 0 secs, 188 ms
CREATE TABLE
Time: 0 hrs, 0 mins, 1 secs, 228 ms
 l_mean_sd_mpl | l_ratio 
---------------+---------
      1772.005 |   0.955
(1 row)

Time: 0 hrs, 0 mins, 1 secs, 62 ms
INSERT 0 19161389
Time: 0 hrs, 0 mins, 19 secs, 601 ms
ANALYZE
Time: 0 hrs, 0 mins, 0 secs, 635 ms
 Total ip_user_filter bn_spider_ip records 
-------------------------------------------
                                  19161389
(1 row)

Time: 0 hrs, 0 mins, 2 secs, 59 ms
TRUNCATE
Time: 0 hrs, 0 mins, 4 secs, 252 ms
INSERT 0 21686593
Time: 0 hrs, 2 mins, 57 secs, 226 ms
ANALYZE
Time: 0 hrs, 0 mins, 33 secs, 857 ms
 bn_hits_stage 
---------------
      21686593
(1 row)

Time: 0 hrs, 0 mins, 25 secs, 678 ms
INSERT 0 19986786
Time: 0 hrs, 4 mins, 37 secs, 878 ms
ANALYZE
Time: 0 hrs, 3 mins, 43 secs, 197 ms
 bn_hits_sp_20110829 
---------------------
            48387736
(1 row)

Time: 0 hrs, 0 mins, 15 secs, 816 ms
TRUNCATE
Time: 0 hrs, 0 mins, 3 secs, 313 ms
INSERT 0 7341315
Time: 0 hrs, 1 mins, 28 secs, 17 ms
ANALYZE
Time: 0 hrs, 0 mins, 4 secs, 912 ms
 bn_hits_client_20110829 
-------------------------
                 7341315
(1 row)

Time: 0 hrs, 0 mins, 2 secs, 640 ms
END
Time: 0 hrs, 3 mins, 13 secs, 978 ms

Wed Aug 31 08:48:32 EDT 2011

Timing is on.
BEGIN
Time: 0 hrs, 0 mins, 2 secs, 522 ms

           600 - LOAD RESOURCES

SET
Time: 0 hrs, 0 mins, 0 secs, 17 ms
CREATE TABLE
Time: 0 hrs, 4 mins, 10 secs, 341 ms
ANALYZE
Time: 0 hrs, 0 mins, 8 secs, 976 ms
 tmp_a_count 
-------------
      621449
(1 row)

Time: 0 hrs, 0 mins, 1 secs, 604 ms
UPDATE 0
Time: 0 hrs, 0 mins, 8 secs, 66 ms
ANALYZE
Time: 0 hrs, 0 mins, 1 secs, 139 ms
TRUNCATE
Time: 0 hrs, 0 mins, 2 secs, 384 ms
INSERT 0 62092
Time: 0 hrs, 0 mins, 32 secs, 421 ms
ANALYZE
Time: 0 hrs, 0 mins, 1 secs, 247 ms
 first_resource_id | last_resource_id 
-------------------+------------------
          39941543 |         40003634
(1 row)

Time: 0 hrs, 0 mins, 0 secs, 769 ms
INSERT 0 62092
Time: 0 hrs, 0 mins, 1 secs, 752 ms
 total_resources 
-----------------
        39979231
(1 row)

Time: 0 hrs, 0 mins, 0 secs, 750 ms
ANALYZE
Time: 0 hrs, 0 mins, 0 secs, 903 ms
END
Time: 0 hrs, 0 mins, 12 secs, 540 ms
VACUUM
Time: 0 hrs, 4 mins, 13 secs, 688 ms

Wed Aug 31 08:58:11 EDT 2011

Timing is on.

           650 - LOAD_BN_SESSION_STAGE

BEGIN
Time: 0 hrs, 0 mins, 16 secs, 600 ms
SET
Time: 0 hrs, 0 mins, 0 secs, 33 ms
SET
Time: 0 hrs, 0 mins, 0 secs, 120 ms
CREATE TABLE
Time: 0 hrs, 5 mins, 58 secs, 733 ms
ANALYZE
Time: 0 hrs, 0 mins, 9 secs, 547 ms
 tmp_sessionized_stage 
-----------------------
              21686593
(1 row)

Time: 0 hrs, 0 mins, 4 secs, 398 ms
TRUNCATE
Time: 0 hrs, 0 mins, 13 secs, 859 ms
INSERT 0 2704995
Time: 0 hrs, 0 mins, 59 secs, 959 ms
ANALYZE
Time: 0 hrs, 0 mins, 13 secs, 637 ms
CREATE TABLE
Time: 0 hrs, 5 mins, 53 secs, 16 ms
CREATE INDEX
Time: 0 hrs, 0 mins, 1 secs, 743 ms
 tmp_first_last 
----------------
        2704995
(1 row)

Time: 0 hrs, 0 mins, 1 secs, 83 ms
ANALYZE
Time: 0 hrs, 0 mins, 1 secs, 391 ms
SET
Time: 0 hrs, 0 mins, 0 secs, 281 ms
SET
Time: 0 hrs, 0 mins, 0 secs, 63 ms
TRUNCATE
Time: 0 hrs, 0 mins, 6 secs, 624 ms
DROP
Time: 0 hrs, 0 mins, 0 secs, 687 ms
INSERT 0 2704995
Time: 0 hrs, 0 mins, 30 secs, 673 ms
 bn_session_stage 
------------------
          2704995
(1 row)

Time: 0 hrs, 0 mins, 4 secs, 342 ms
CREATE INDEX
Time: 0 hrs, 0 mins, 4 secs, 278 ms
ANALYZE
Time: 0 hrs, 0 mins, 7 secs, 949 ms
TRUNCATE
Time: 0 hrs, 0 mins, 6 secs, 128 ms
END
Time: 0 hrs, 0 mins, 39 secs, 15 ms

Wed Aug 31 09:13:45 EDT 2011

BEGIN

           660 - LOAD_BN_SESSION_UPDATE_STAGE

SET
TRUNCATE
INSERT 0 0
END

Wed Aug 31 09:15:00 EDT 2011

Timing is on.

           670 - LOAD_BN_SESSION_20110829.UPDATES

BEGIN
Time: 0 hrs, 0 mins, 2 secs, 135 ms
SET
Time: 0 hrs, 0 mins, 0 secs, 41 ms
UPDATE 0
Time: 0 hrs, 0 mins, 1 secs, 11 ms
END
Time: 0 hrs, 1 mins, 24 secs, 777 ms
VACUUM
Time: 0 hrs, 0 mins, 51 secs, 207 ms

Wed Aug 31 09:17:19 EDT 2011

Timing is on.

           700 - LOAD_BN_SESSION

BEGIN
Time: 0 hrs, 0 mins, 1 secs, 581 ms
SET
Time: 0 hrs, 0 mins, 0 secs, 14 ms
INSERT 0 2704995
Time: 0 hrs, 9 mins, 17 secs, 694 ms
ANALYZE
Time: 0 hrs, 0 mins, 1 secs, 826 ms
END
Time: 0 hrs, 1 mins, 4 secs, 778 ms

Wed Aug 31 09:27:45 EDT 2011

Timing is on.

            750 - LOAD_BN_SESSION_SUMMARY   

BEGIN
Time: 0 hrs, 0 mins, 1 secs, 799 ms
SET
Time: 0 hrs, 0 mins, 0 secs, 24 ms
CREATE TABLE
Time: 0 hrs, 0 mins, 27 secs, 746 ms
TRUNCATE
Time: 0 hrs, 0 mins, 1 secs, 617 ms
INSERT 0 345355
Time: 0 hrs, 5 mins, 7 secs, 484 ms
ANALYZE
Time: 0 hrs, 0 mins, 1 secs, 928 ms
 count(1) 
----------
   345355
(1 row)

Time: 0 hrs, 0 mins, 1 secs, 860 ms
END
Time: 0 hrs, 0 mins, 27 secs, 209 ms

Wed Aug 31 09:33:55 EDT 2011

Timing is on.

           800 - LOAD_BN_HITS

BEGIN
Time: 0 hrs, 0 mins, 2 secs, 312 ms
SET
Time: 0 hrs, 0 mins, 0 secs, 22 ms
SET
Time: 0 hrs, 0 mins, 0 secs, 33 ms
SET
Time: 0 hrs, 0 mins, 0 secs, 28 ms
SET
Time: 0 hrs, 0 mins, 0 secs, 26 ms
TRUNCATE
Time: 0 hrs, 0 mins, 8 secs, 255 ms
INSERT 0 21686593
Time: 0 hrs, 0 mins, 29 secs, 670 ms
 count(1) 
----------
 21686593
(1 row)

Time: 0 hrs, 0 mins, 7 secs, 948 ms
ANALYZE
Time: 0 hrs, 0 mins, 7 secs, 90 ms
END
Time: 0 hrs, 1 mins, 15 secs, 708 ms

Wed Aug 31 09:36:07 EDT 2011

Timing is on.

            900 - LOAD_CLICKSTREAM   

BEGIN
Time: 0 hrs, 0 mins, 4 secs, 692 ms
SET
Time: 0 hrs, 0 mins, 0 secs, 26 ms
TRUNCATE
Time: 0 hrs, 0 mins, 3 secs, 959 ms
INSERT 0 21686593
Time: 0 hrs, 10 mins, 48 secs, 232 ms
 count(1) 
----------
 21686593
(1 row)

Time: 0 hrs, 0 mins, 0 secs, 700 ms
ANALYZE
Time: 0 hrs, 0 mins, 2 secs, 262 ms
END
Time: 0 hrs, 0 mins, 16 secs, 849 ms

Wed Aug 31 09:47:24 EDT 2011

Timing is on.

            1000 - PAGE_VIEW_SUMMARY  

BEGIN
Time: 0 hrs, 0 mins, 4 secs, 283 ms
SET
Time: 0 hrs, 0 mins, 0 secs, 20 ms
SET
Time: 0 hrs, 0 mins, 0 secs, 30 ms
TRUNCATE
Time: 0 hrs, 0 mins, 2 secs, 303 ms
INSERT 0 635347
Time: 0 hrs, 5 mins, 13 secs, 714 ms
 count(1) 
----------
   635347
(1 row)

Time: 0 hrs, 0 mins, 5 secs, 182 ms
ANALYZE
Time: 0 hrs, 0 mins, 0 secs, 552 ms
END
Time: 0 hrs, 1 mins, 31 secs, 54 ms

Wed Aug 31 09:54:21 EDT 2011


2000 - WRAP UP 

Timing is on.
BEGIN
Time: 0 hrs, 0 mins, 54 secs, 152 ms
TRUNCATE
Time: 0 hrs, 0 mins, 2 secs, 885 ms
TRUNCATE
Time: 0 hrs, 0 mins, 2 secs, 472 ms
END
Time: 0 hrs, 0 mins, 30 secs, 138 ms
Wed Aug 31 09:55:51 EDT 2011
Removing lock file and waiting for a minute
rm: missing operand
Try `rm --help' for more information.
Total time taken:  135  minutes.
Running time of run.sh 20110829: 135 minutes
