Checking for lock file /tmp/.iislock
Acquired lock file /tmp/.iislock
-------------------------------------
Processing for 20110221
-------------------------------------

Tue Feb 22 04:02:14 EST 2011

Timing is on.

           000 - INIT

BEGIN
Time: 0 hrs, 0 mins, 0 secs, 714 ms
*** Truncating staging tables before workflow starts ***
SET
Time: 0 hrs, 0 mins, 0 secs, 10 ms
GRANT
Time: 0 hrs, 0 mins, 2 secs, 415 ms
END
Time: 0 hrs, 0 mins, 9 secs, 476 ms

Tue Feb 22 04:02:27 EST 2011

Timing is on.

            200 - LOAD_BN_IISLOGS   

BEGIN
Time: 0 hrs, 0 mins, 0 secs, 756 ms
SET
Time: 0 hrs, 0 mins, 0 secs, 7 ms
TRUNCATE
Time: 0 hrs, 0 mins, 1 secs, 409 ms
INSERT 0 44092733
Time: 0 hrs, 19 mins, 53 secs, 788 ms
END
Time: 0 hrs, 0 mins, 3 secs, 538 ms
ALTER TABLE
Time: 0 hrs, 8 mins, 43 secs, 532 ms

Tue Feb 22 04:31:10 EST 2011

Timing is on.
BEGIN
Time: 0 hrs, 0 mins, 1 secs, 323 ms
SET
Time: 0 hrs, 0 mins, 0 secs, 17 ms

            250 - LOAD_BN_HITS_SP   

TRUNCATE
Time: 0 hrs, 0 mins, 4 secs, 679 ms
INSERT 0 11613705
Time: 0 hrs, 1 mins, 58 secs, 454 ms
ANALYZE
Time: 0 hrs, 0 mins, 3 secs, 465 ms
END
Time: 0 hrs, 0 mins, 2 secs, 924 ms

Tue Feb 22 04:33:21 EST 2011

Timing is on.
BEGIN
Time: 0 hrs, 0 mins, 1 secs, 153 ms
SET
Time: 0 hrs, 0 mins, 0 secs, 10 ms

           300 - DYNAMIC FILTER

TRUNCATE
Time: 0 hrs, 0 mins, 1 secs, 653 ms
INSERT 0 9429531
Time: 0 hrs, 0 mins, 3 secs, 11 ms
ANALYZE
Time: 0 hrs, 0 mins, 0 secs, 989 ms
 Total records in web_click_cnt 
--------------------------------
                        9429531
(1 row)

Time: 0 hrs, 0 mins, 0 secs, 899 ms
CREATE TABLE
Time: 0 hrs, 0 mins, 2 secs, 876 ms
ANALYZE
Time: 0 hrs, 0 mins, 0 secs, 92 ms
CREATE TABLE
Time: 0 hrs, 0 mins, 0 secs, 623 ms
ANALYZE
Time: 0 hrs, 0 mins, 0 secs, 97 ms
DELETE 1
Time: 0 hrs, 0 mins, 0 secs, 340 ms
INSERT 0 1
Time: 0 hrs, 0 mins, 0 secs, 469 ms
DELETE 1
Time: 0 hrs, 0 mins, 0 secs, 81 ms
INSERT 0 1
Time: 0 hrs, 0 mins, 0 secs, 316 ms
CREATE TABLE
Time: 0 hrs, 0 mins, 1 secs, 681 ms
ANALYZE
Time: 0 hrs, 0 mins, 0 secs, 89 ms
CREATE TABLE
Time: 0 hrs, 0 mins, 0 secs, 952 ms
ANALYZE
Time: 0 hrs, 0 mins, 0 secs, 569 ms
DELETE 1
Time: 0 hrs, 0 mins, 0 secs, 114 ms
INSERT 0 1
Time: 0 hrs, 0 mins, 0 secs, 540 ms
DELETE 1
Time: 0 hrs, 0 mins, 0 secs, 95 ms
INSERT 0 1
Time: 0 hrs, 0 mins, 0 secs, 762 ms
ANALYZE
Time: 0 hrs, 0 mins, 0 secs, 44 ms
    tablename     |    attr_name    | attr_value 
------------------+-----------------+------------
 BN_FILTER_SPIDER | CLK_USER_SD_MPL | 10
 BN_FILTER_SPIDER | IP_USER_SD_MPL  | 1
 BN_FILTER_SPIDER | IP_USER_RATIO   | .955
 BN_FILTER_SPIDER | CLK_USER_MEAN   | 16.818
 BN_FILTER_SPIDER | CLK_USER_SD     | 188.929
 BN_FILTER_SPIDER | IP_USER_MEAN    | 13.084
 BN_FILTER_SPIDER | IP_USER_SD      | 2097.582
(7 rows)

Time: 0 hrs, 0 mins, 0 secs, 94 ms
CREATE TABLE
Time: 0 hrs, 0 mins, 4 secs, 895 ms
CREATE TABLE
Time: 0 hrs, 0 mins, 1 secs, 543 ms
 l_mean_sd_mpl 
---------------
      1906.108
(1 row)

Time: 0 hrs, 0 mins, 0 secs, 441 ms
TRUNCATE
Time: 0 hrs, 0 mins, 0 secs, 616 ms
INSERT 0 78
Time: 0 hrs, 0 mins, 5 secs, 42 ms
ANALYZE
Time: 0 hrs, 0 mins, 0 secs, 189 ms
 Total click_user bn_spider_ip records 
---------------------------------------
                                    78
(1 row)

Time: 0 hrs, 0 mins, 0 secs, 432 ms
CREATE TABLE
Time: 0 hrs, 0 mins, 1 secs, 837 ms
ANALYZE
Time: 0 hrs, 0 mins, 0 secs, 45 ms
CREATE TABLE
Time: 0 hrs, 0 mins, 2 secs, 693 ms
ANALYZE
Time: 0 hrs, 0 mins, 0 secs, 63 ms
DROP 
Time: 0 hrs, 0 mins, 0 secs, 359 ms
CREATE TABLE
Time: 0 hrs, 0 mins, 0 secs, 596 ms
 l_mean_sd_mpl | l_ratio 
---------------+---------
      2110.666 |   0.955
(1 row)

Time: 0 hrs, 0 mins, 0 secs, 138 ms
INSERT 0 7725285
Time: 0 hrs, 0 mins, 5 secs, 677 ms
ANALYZE
Time: 0 hrs, 0 mins, 0 secs, 330 ms
 Total ip_user_filter bn_spider_ip records 
-------------------------------------------
                                   7725285
(1 row)

Time: 0 hrs, 0 mins, 0 secs, 443 ms
TRUNCATE
Time: 0 hrs, 0 mins, 1 secs, 348 ms
INSERT 0 17714156
Time: 0 hrs, 0 mins, 18 secs, 374 ms
ANALYZE
Time: 0 hrs, 0 mins, 4 secs, 647 ms
 bn_hits_stage 
---------------
      17714156
(1 row)

Time: 0 hrs, 0 mins, 0 secs, 262 ms
INSERT 0 9159121
Time: 0 hrs, 0 mins, 36 secs, 237 ms
ANALYZE
Time: 0 hrs, 0 mins, 4 secs, 431 ms
 bn_hits_sp_20110221 
---------------------
            20772826
(1 row)

Time: 0 hrs, 0 mins, 3 secs, 945 ms
TRUNCATE
Time: 0 hrs, 0 mins, 2 secs, 516 ms
INSERT 0 5605751
Time: 0 hrs, 0 mins, 12 secs, 629 ms
ANALYZE
Time: 0 hrs, 0 mins, 3 secs, 503 ms
 bn_hits_client_20110221 
-------------------------
                 5605751
(1 row)

Time: 0 hrs, 0 mins, 1 secs, 98 ms
END
Time: 0 hrs, 0 mins, 11 secs, 115 ms

Tue Feb 22 04:35:45 EST 2011

Timing is on.
BEGIN
Time: 0 hrs, 0 mins, 0 secs, 914 ms

           600 - LOAD RESOURCES

SET
Time: 0 hrs, 0 mins, 0 secs, 11 ms
CREATE TABLE
Time: 0 hrs, 0 mins, 5 secs, 682 ms
ANALYZE
Time: 0 hrs, 0 mins, 0 secs, 769 ms
 tmp_a_count 
-------------
       31753
(1 row)

Time: 0 hrs, 0 mins, 0 secs, 299 ms
UPDATE 0
Time: 0 hrs, 0 mins, 2 secs, 710 ms
ANALYZE
Time: 0 hrs, 0 mins, 0 secs, 811 ms
TRUNCATE
Time: 0 hrs, 0 mins, 1 secs, 934 ms
INSERT 0 3521
Time: 0 hrs, 0 mins, 20 secs, 162 ms
ANALYZE
Time: 0 hrs, 0 mins, 1 secs, 711 ms
 first_resource_id | last_resource_id 
-------------------+------------------
          12932863 |         12936383
(1 row)

Time: 0 hrs, 0 mins, 0 secs, 569 ms
INSERT 0 3521
Time: 0 hrs, 0 mins, 2 secs, 656 ms
 total_resources 
-----------------
        12911988
(1 row)

Time: 0 hrs, 0 mins, 0 secs, 248 ms
ANALYZE
Time: 0 hrs, 0 mins, 1 secs, 46 ms
END
Time: 0 hrs, 0 mins, 34 secs, 294 ms
VACUUM
Time: 0 hrs, 0 mins, 30 secs, 316 ms

Tue Feb 22 04:37:29 EST 2011

Timing is on.

           650 - LOAD_BN_SESSION_STAGE

BEGIN
Time: 0 hrs, 0 mins, 1 secs, 173 ms
SET
Time: 0 hrs, 0 mins, 0 secs, 11 ms
SET
Time: 0 hrs, 0 mins, 0 secs, 62 ms
CREATE TABLE
Time: 0 hrs, 0 mins, 46 secs, 53 ms
ANALYZE
Time: 0 hrs, 0 mins, 6 secs, 163 ms
 tmp_sessionized_stage 
-----------------------
              17714156
(1 row)

Time: 0 hrs, 0 mins, 0 secs, 703 ms
TRUNCATE
Time: 0 hrs, 0 mins, 1 secs, 239 ms
INSERT 0 1548861
Time: 0 hrs, 0 mins, 41 secs, 855 ms
ANALYZE
Time: 0 hrs, 0 mins, 0 secs, 686 ms
CREATE TABLE
Time: 0 hrs, 33 mins, 48 secs, 524 ms
CREATE INDEX
Time: 0 hrs, 0 mins, 0 secs, 213 ms
 tmp_first_last 
----------------
        1548861
(1 row)

Time: 0 hrs, 0 mins, 0 secs, 106 ms
ANALYZE
Time: 0 hrs, 0 mins, 0 secs, 703 ms
SET
Time: 0 hrs, 0 mins, 0 secs, 36 ms
SET
Time: 0 hrs, 0 mins, 0 secs, 19 ms
TRUNCATE
Time: 0 hrs, 0 mins, 2 secs, 67 ms
DROP
Time: 0 hrs, 0 mins, 0 secs, 141 ms
INSERT 0 1548861
Time: 0 hrs, 0 mins, 7 secs, 748 ms
 bn_session_stage 
------------------
          1548861
(1 row)

Time: 0 hrs, 0 mins, 0 secs, 785 ms
CREATE INDEX
Time: 0 hrs, 0 mins, 0 secs, 624 ms
ANALYZE
Time: 0 hrs, 0 mins, 0 secs, 731 ms
TRUNCATE
Time: 0 hrs, 0 mins, 4 secs, 217 ms
END
Time: 0 hrs, 0 mins, 33 secs, 267 ms

Tue Feb 22 05:13:47 EST 2011

BEGIN

           660 - LOAD_BN_SESSION_UPDATE_STAGE

SET
TRUNCATE
INSERT 0 0
END

Tue Feb 22 05:14:24 EST 2011

Timing is on.

           670 - LOAD_BN_SESSION_20110221.UPDATES

BEGIN
Time: 0 hrs, 0 mins, 0 secs, 702 ms
SET
Time: 0 hrs, 0 mins, 0 secs, 12 ms
UPDATE 0
Time: 0 hrs, 0 mins, 0 secs, 449 ms
END
Time: 0 hrs, 0 mins, 23 secs, 339 ms
VACUUM
Time: 0 hrs, 1 mins, 4 secs, 868 ms

Tue Feb 22 05:15:54 EST 2011

Timing is on.

           700 - LOAD_BN_SESSION

BEGIN
Time: 0 hrs, 0 mins, 0 secs, 683 ms
SET
Time: 0 hrs, 0 mins, 0 secs, 10 ms
INSERT 0 1548861
Time: 0 hrs, 0 mins, 5 secs, 196 ms
ANALYZE
Time: 0 hrs, 0 mins, 0 secs, 914 ms
END
Time: 0 hrs, 0 mins, 17 secs, 932 ms

Tue Feb 22 05:16:19 EST 2011

Timing is on.

            750 - LOAD_BN_SESSION_SUMMARY   

BEGIN
Time: 0 hrs, 0 mins, 0 secs, 791 ms
SET
Time: 0 hrs, 0 mins, 0 secs, 12 ms
CREATE TABLE
Time: 0 hrs, 0 mins, 5 secs, 995 ms
TRUNCATE
Time: 0 hrs, 0 mins, 1 secs, 174 ms
INSERT 0 200920
Time: 0 hrs, 0 mins, 5 secs, 145 ms
ANALYZE
Time: 0 hrs, 0 mins, 0 secs, 644 ms
 count(1) 
----------
   200920
(1 row)

Time: 0 hrs, 0 mins, 0 secs, 80 ms
END
Time: 0 hrs, 0 mins, 22 secs, 558 ms

Tue Feb 22 05:16:55 EST 2011

Timing is on.

           800 - LOAD_BN_HITS

BEGIN
Time: 0 hrs, 0 mins, 0 secs, 833 ms
SET
Time: 0 hrs, 0 mins, 0 secs, 10 ms
SET
Time: 0 hrs, 0 mins, 0 secs, 30 ms
SET
Time: 0 hrs, 0 mins, 0 secs, 61 ms
SET
Time: 0 hrs, 0 mins, 0 secs, 18 ms
TRUNCATE
Time: 0 hrs, 0 mins, 5 secs, 824 ms
INSERT 0 17714156
Time: 0 hrs, 0 mins, 18 secs, 921 ms
 count(1) 
----------
 17714156
(1 row)

Time: 0 hrs, 0 mins, 1 secs, 122 ms
ANALYZE
Time: 0 hrs, 0 mins, 4 secs, 981 ms
END
Time: 0 hrs, 0 mins, 53 secs, 168 ms

Tue Feb 22 05:18:21 EST 2011

Timing is on.

            900 - LOAD_CLICKSTREAM   

BEGIN
Time: 0 hrs, 0 mins, 0 secs, 910 ms
SET
Time: 0 hrs, 0 mins, 0 secs, 10 ms
TRUNCATE
Time: 0 hrs, 0 mins, 1 secs, 345 ms
INSERT 0 17714156
Time: 0 hrs, 3 mins, 13 secs, 412 ms
 count(1) 
----------
 17714156
(1 row)

Time: 0 hrs, 0 mins, 0 secs, 793 ms
ANALYZE
Time: 0 hrs, 0 mins, 2 secs, 692 ms
END
Time: 0 hrs, 0 mins, 16 secs, 899 ms

Tue Feb 22 05:21:57 EST 2011

Timing is on.

            1000 - PAGE_VIEW_SUMMARY  

BEGIN
Time: 0 hrs, 0 mins, 0 secs, 970 ms
SET
Time: 0 hrs, 0 mins, 0 secs, 10 ms
SET
Time: 0 hrs, 0 mins, 0 secs, 20 ms
TRUNCATE
Time: 0 hrs, 0 mins, 2 secs, 250 ms
INSERT 0 38209
Time: 0 hrs, 0 mins, 6 secs, 11 ms
 count(1) 
----------
    38209
(1 row)

Time: 0 hrs, 0 mins, 0 secs, 97 ms
ANALYZE
Time: 0 hrs, 0 mins, 0 secs, 45 ms
END
Time: 0 hrs, 0 mins, 11 secs, 918 ms

Tue Feb 22 05:22:19 EST 2011


2000 - WRAP UP 

Timing is on.
BEGIN
Time: 0 hrs, 0 mins, 0 secs, 941 ms
TRUNCATE
Time: 0 hrs, 0 mins, 1 secs, 567 ms
TRUNCATE
Time: 0 hrs, 0 mins, 3 secs, 15 ms
END
Time: 0 hrs, 0 mins, 11 secs, 922 ms
Tue Feb 22 05:22:36 EST 2011
Removing lock file and waiting for a minute
Checking for lock file /tmp/.iislock
Acquired lock file /tmp/.iislock
-------------------------------------
Processing for 20110221
-------------------------------------

Wed Feb 23 14:31:06 EST 2011

Timing is on.

           000 - INIT

BEGIN
Time: 0 hrs, 0 mins, 0 secs, 662 ms
*** Truncating staging tables before workflow starts ***
SET
Time: 0 hrs, 0 mins, 0 secs, 10 ms
GRANT
Time: 0 hrs, 0 mins, 3 secs, 282 ms
END
Time: 0 hrs, 1 mins, 13 secs, 957 ms

Wed Feb 23 14:32:24 EST 2011

Timing is on.

            200 - LOAD_BN_IISLOGS   

BEGIN
Time: 0 hrs, 0 mins, 1 secs, 14 ms
SET
Time: 0 hrs, 0 mins, 0 secs, 13 ms
TRUNCATE
Time: 0 hrs, 0 mins, 1 secs, 537 ms
INSERT 0 103701918
Time: 0 hrs, 18 mins, 25 secs, 656 ms
END
Time: 0 hrs, 0 mins, 7 secs, 772 ms
ALTER TABLE
Time: 0 hrs, 2 mins, 4 secs, 490 ms

Wed Feb 23 14:53:05 EST 2011

Timing is on.
BEGIN
Time: 0 hrs, 0 mins, 1 secs, 177 ms
SET
Time: 0 hrs, 0 mins, 0 secs, 10 ms

            250 - LOAD_BN_HITS_SP   

TRUNCATE
Time: 0 hrs, 0 mins, 6 secs, 570 ms
INSERT 0 26950942
Time: 0 hrs, 5 mins, 22 secs, 687 ms
ANALYZE
Time: 0 hrs, 0 mins, 7 secs, 548 ms
END
Time: 0 hrs, 0 mins, 4 secs, 867 ms

Wed Feb 23 14:58:48 EST 2011

Timing is on.
BEGIN
Time: 0 hrs, 0 mins, 0 secs, 770 ms
SET
Time: 0 hrs, 0 mins, 0 secs, 13 ms

           300 - DYNAMIC FILTER

TRUNCATE
Time: 0 hrs, 0 mins, 1 secs, 593 ms
INSERT 0 11767866
Time: 0 hrs, 0 mins, 20 secs, 49 ms
ANALYZE
Time: 0 hrs, 0 mins, 0 secs, 683 ms
 Total records in web_click_cnt 
--------------------------------
                       11767866
(1 row)

Time: 0 hrs, 0 mins, 0 secs, 520 ms
CREATE TABLE
Time: 0 hrs, 0 mins, 3 secs, 151 ms
ANALYZE
Time: 0 hrs, 0 mins, 0 secs, 500 ms
CREATE TABLE
Time: 0 hrs, 0 mins, 0 secs, 902 ms
ANALYZE
Time: 0 hrs, 0 mins, 0 secs, 143 ms
DELETE 1
Time: 0 hrs, 0 mins, 0 secs, 475 ms
INSERT 0 1
Time: 0 hrs, 0 mins, 0 secs, 648 ms
DELETE 1
Time: 0 hrs, 0 mins, 0 secs, 122 ms
INSERT 0 1
Time: 0 hrs, 0 mins, 0 secs, 920 ms
CREATE TABLE
Time: 0 hrs, 0 mins, 2 secs, 605 ms
ANALYZE
Time: 0 hrs, 0 mins, 0 secs, 125 ms
CREATE TABLE
Time: 0 hrs, 0 mins, 1 secs, 1 ms
ANALYZE
Time: 0 hrs, 0 mins, 0 secs, 257 ms
DELETE 1
Time: 0 hrs, 0 mins, 0 secs, 142 ms
INSERT 0 1
Time: 0 hrs, 0 mins, 0 secs, 604 ms
DELETE 1
Time: 0 hrs, 0 mins, 0 secs, 111 ms
INSERT 0 1
Time: 0 hrs, 0 mins, 0 secs, 590 ms
ANALYZE
Time: 0 hrs, 0 mins, 0 secs, 93 ms
    tablename     |    attr_name    | attr_value 
------------------+-----------------+------------
 BN_FILTER_SPIDER | CLK_USER_SD_MPL | 10
 BN_FILTER_SPIDER | IP_USER_SD_MPL  | 1
 BN_FILTER_SPIDER | IP_USER_RATIO   | .955
 BN_FILTER_SPIDER | CLK_USER_MEAN   | 30.101
 BN_FILTER_SPIDER | CLK_USER_SD     | 346.181
 BN_FILTER_SPIDER | IP_USER_MEAN    | 12.211
 BN_FILTER_SPIDER | IP_USER_SD      | 2268.889
(7 rows)

Time: 0 hrs, 0 mins, 0 secs, 287 ms
CREATE TABLE
Time: 0 hrs, 0 mins, 5 secs, 588 ms
CREATE TABLE
Time: 0 hrs, 0 mins, 1 secs, 108 ms
 l_mean_sd_mpl 
---------------
      3491.911
(1 row)

Time: 0 hrs, 0 mins, 0 secs, 180 ms
TRUNCATE
Time: 0 hrs, 0 mins, 0 secs, 830 ms
INSERT 0 97
Time: 0 hrs, 0 mins, 8 secs, 451 ms
ANALYZE
Time: 0 hrs, 0 mins, 0 secs, 200 ms
 Total click_user bn_spider_ip records 
---------------------------------------
                                    97
(1 row)

Time: 0 hrs, 0 mins, 0 secs, 159 ms
CREATE TABLE
Time: 0 hrs, 0 mins, 2 secs, 361 ms
ANALYZE
Time: 0 hrs, 0 mins, 0 secs, 89 ms
CREATE TABLE
Time: 0 hrs, 0 mins, 4 secs, 69 ms
ANALYZE
Time: 0 hrs, 0 mins, 0 secs, 176 ms
DROP 
Time: 0 hrs, 0 mins, 0 secs, 414 ms
CREATE TABLE
Time: 0 hrs, 0 mins, 0 secs, 633 ms
 l_mean_sd_mpl | l_ratio 
---------------+---------
      2281.100 |   0.955
(1 row)

Time: 0 hrs, 0 mins, 0 secs, 765 ms
INSERT 0 7702538
Time: 0 hrs, 0 mins, 5 secs, 657 ms
ANALYZE
Time: 0 hrs, 0 mins, 0 secs, 258 ms
 Total ip_user_filter bn_spider_ip records 
-------------------------------------------
                                   7702538
(1 row)

Time: 0 hrs, 0 mins, 0 secs, 401 ms
TRUNCATE
Time: 0 hrs, 0 mins, 1 secs, 100 ms
INSERT 0 47140159
Time: 0 hrs, 1 mins, 15 secs, 170 ms
ANALYZE
Time: 0 hrs, 0 mins, 8 secs, 974 ms
 bn_hits_stage 
---------------
      47140159
(1 row)

Time: 0 hrs, 0 mins, 2 secs, 611 ms
INSERT 0 15420074
Time: 0 hrs, 1 mins, 16 secs, 959 ms
ANALYZE
Time: 0 hrs, 0 mins, 19 secs, 901 ms
 bn_hits_sp_20110221 
---------------------
            42371016
(1 row)

Time: 0 hrs, 0 mins, 14 secs, 159 ms
TRUNCATE
Time: 0 hrs, 0 mins, 2 secs, 282 ms
INSERT 0 14190743
Time: 0 hrs, 0 mins, 17 secs, 223 ms
ANALYZE
Time: 0 hrs, 0 mins, 3 secs, 102 ms
 bn_hits_client_20110221 
-------------------------
                14190743
(1 row)

Time: 0 hrs, 0 mins, 0 secs, 545 ms
END
Time: 0 hrs, 0 mins, 18 secs, 452 ms

Wed Feb 23 15:03:56 EST 2011

Timing is on.
BEGIN
Time: 0 hrs, 0 mins, 1 secs, 458 ms

           600 - LOAD RESOURCES

SET
Time: 0 hrs, 0 mins, 0 secs, 10 ms
CREATE TABLE
Time: 0 hrs, 0 mins, 11 secs, 196 ms
ANALYZE
Time: 0 hrs, 0 mins, 0 secs, 585 ms
 tmp_a_count 
-------------
       41637
(1 row)

Time: 0 hrs, 0 mins, 0 secs, 114 ms
UPDATE 0
Time: 0 hrs, 0 mins, 1 secs, 557 ms
ANALYZE
Time: 0 hrs, 0 mins, 0 secs, 853 ms
TRUNCATE
Time: 0 hrs, 0 mins, 0 secs, 978 ms
INSERT 0 1356
Time: 0 hrs, 0 mins, 3 secs, 724 ms
ANALYZE
Time: 0 hrs, 0 mins, 0 secs, 495 ms
 first_resource_id | last_resource_id 
-------------------+------------------
          12940711 |         12942066
(1 row)

Time: 0 hrs, 0 mins, 0 secs, 297 ms
INSERT 0 1356
Time: 0 hrs, 0 mins, 1 secs, 121 ms
 total_resources 
-----------------
        12917671
(1 row)

Time: 0 hrs, 0 mins, 0 secs, 321 ms
ANALYZE
Time: 0 hrs, 0 mins, 1 secs, 688 ms
END
Time: 0 hrs, 0 mins, 18 secs, 540 ms
VACUUM
Time: 0 hrs, 0 mins, 24 secs, 910 ms

Wed Feb 23 15:05:04 EST 2011

Timing is on.

           650 - LOAD_BN_SESSION_STAGE

BEGIN
Time: 0 hrs, 0 mins, 1 secs, 311 ms
SET
Time: 0 hrs, 0 mins, 0 secs, 12 ms
SET
Time: 0 hrs, 0 mins, 0 secs, 25 ms
CREATE TABLE
Time: 0 hrs, 1 mins, 43 secs, 129 ms
ANALYZE
Time: 0 hrs, 0 mins, 4 secs, 119 ms
 tmp_sessionized_stage 
-----------------------
              47140159
(1 row)

Time: 0 hrs, 0 mins, 0 secs, 569 ms
TRUNCATE
Time: 0 hrs, 0 mins, 0 secs, 500 ms
INSERT 0 3892802
Time: 0 hrs, 0 mins, 55 secs, 412 ms
ANALYZE
Time: 0 hrs, 0 mins, 2 secs, 41 ms
CREATE TABLE
Time: 0 hrs, 2 mins, 5 secs, 98 ms
CREATE INDEX
Time: 0 hrs, 0 mins, 0 secs, 272 ms
 tmp_first_last 
----------------
        3892802
(1 row)

Time: 0 hrs, 0 mins, 0 secs, 251 ms
ANALYZE
Time: 0 hrs, 0 mins, 1 secs, 869 ms
SET
Time: 0 hrs, 0 mins, 0 secs, 18 ms
SET
Time: 0 hrs, 0 mins, 0 secs, 16 ms
TRUNCATE
Time: 0 hrs, 0 mins, 1 secs, 587 ms
DROP
Time: 0 hrs, 0 mins, 0 secs, 39 ms
INSERT 0 3892802
Time: 0 hrs, 0 mins, 16 secs, 333 ms
 bn_session_stage 
------------------
          3892802
(1 row)

Time: 0 hrs, 0 mins, 2 secs, 617 ms
CREATE INDEX
Time: 0 hrs, 0 mins, 1 secs, 682 ms
ANALYZE
Time: 0 hrs, 0 mins, 2 secs, 816 ms
TRUNCATE
Time: 0 hrs, 0 mins, 1 secs, 277 ms
END
Time: 0 hrs, 0 mins, 13 secs, 612 ms

Wed Feb 23 15:10:39 EST 2011

BEGIN

           660 - LOAD_BN_SESSION_UPDATE_STAGE

SET
TRUNCATE
INSERT 0 0
END

Wed Feb 23 15:10:55 EST 2011

Timing is on.

           670 - LOAD_BN_SESSION_20110221.UPDATES

BEGIN
Time: 0 hrs, 0 mins, 0 secs, 788 ms
SET
Time: 0 hrs, 0 mins, 0 secs, 7 ms
UPDATE 0
Time: 0 hrs, 0 mins, 0 secs, 762 ms
END
Time: 0 hrs, 0 mins, 8 secs, 919 ms
VACUUM
Time: 0 hrs, 0 mins, 17 secs, 462 ms

Wed Feb 23 15:11:23 EST 2011

Timing is on.

           700 - LOAD_BN_SESSION

BEGIN
Time: 0 hrs, 0 mins, 0 secs, 821 ms
SET
Time: 0 hrs, 0 mins, 0 secs, 26 ms
INSERT 0 3892802
Time: 0 hrs, 0 mins, 8 secs, 301 ms
ANALYZE
Time: 0 hrs, 0 mins, 1 secs, 711 ms
END
Time: 0 hrs, 0 mins, 1 secs, 385 ms

Wed Feb 23 15:11:35 EST 2011

Timing is on.

            750 - LOAD_BN_SESSION_SUMMARY   

BEGIN
Time: 0 hrs, 0 mins, 0 secs, 933 ms
SET
Time: 0 hrs, 0 mins, 0 secs, 13 ms
CREATE TABLE
Time: 0 hrs, 0 mins, 8 secs, 277 ms
TRUNCATE
Time: 0 hrs, 0 mins, 0 secs, 479 ms
INSERT 0 250975
Time: 0 hrs, 0 mins, 4 secs, 699 ms
ANALYZE
Time: 0 hrs, 0 mins, 0 secs, 960 ms
 count(1) 
----------
   250975
(1 row)

Time: 0 hrs, 0 mins, 0 secs, 188 ms
END
Time: 0 hrs, 0 mins, 1 secs, 34 ms

Wed Feb 23 15:11:52 EST 2011

Timing is on.

           800 - LOAD_BN_HITS

BEGIN
Time: 0 hrs, 0 mins, 0 secs, 733 ms
SET
Time: 0 hrs, 0 mins, 0 secs, 10 ms
SET
Time: 0 hrs, 0 mins, 0 secs, 49 ms
SET
Time: 0 hrs, 0 mins, 0 secs, 14 ms
SET
Time: 0 hrs, 0 mins, 0 secs, 36 ms
TRUNCATE
Time: 0 hrs, 0 mins, 0 secs, 742 ms
INSERT 0 47140159
Time: 0 hrs, 0 mins, 18 secs, 828 ms
 count(1) 
----------
 47140159
(1 row)

Time: 0 hrs, 0 mins, 1 secs, 894 ms
ANALYZE
Time: 0 hrs, 0 mins, 3 secs, 784 ms
END
Time: 0 hrs, 0 mins, 10 secs, 806 ms

Wed Feb 23 15:12:29 EST 2011

Timing is on.

            900 - LOAD_CLICKSTREAM   

BEGIN
Time: 0 hrs, 0 mins, 0 secs, 961 ms
SET
Time: 0 hrs, 0 mins, 0 secs, 11 ms
TRUNCATE
Time: 0 hrs, 0 mins, 2 secs, 716 ms
INSERT 0 47140159
Time: 0 hrs, 5 mins, 35 secs, 208 ms
 count(1) 
----------
 47140159
(1 row)

Time: 0 hrs, 0 mins, 1 secs, 204 ms
ANALYZE
Time: 0 hrs, 0 mins, 1 secs, 657 ms
END
Time: 0 hrs, 0 mins, 29 secs, 977 ms

Wed Feb 23 15:18:41 EST 2011

Timing is on.

            1000 - PAGE_VIEW_SUMMARY  

BEGIN
Time: 0 hrs, 0 mins, 1 secs, 668 ms
SET
Time: 0 hrs, 0 mins, 0 secs, 13 ms
SET
Time: 0 hrs, 0 mins, 0 secs, 28 ms
TRUNCATE
Time: 0 hrs, 0 mins, 1 secs, 84 ms
INSERT 0 49522
Time: 0 hrs, 0 mins, 9 secs, 227 ms
 count(1) 
----------
    49522
(1 row)

Time: 0 hrs, 0 mins, 0 secs, 677 ms
ANALYZE
Time: 0 hrs, 0 mins, 0 secs, 285 ms
END
Time: 0 hrs, 0 mins, 2 secs, 392 ms

Wed Feb 23 15:18:57 EST 2011


2000 - WRAP UP 

Timing is on.
BEGIN
Time: 0 hrs, 0 mins, 1 secs, 12 ms
TRUNCATE
Time: 0 hrs, 0 mins, 1 secs, 178 ms
TRUNCATE
Time: 0 hrs, 0 mins, 2 secs, 0 ms
END
Time: 0 hrs, 0 mins, 20 secs, 121 ms
Wed Feb 23 15:19:21 EST 2011
Removing lock file and waiting for a minute
