Checking for lock file /tmp/.iislock
Acquired lock file /tmp/.iislock
-------------------------------------
Processing for 20110216
-------------------------------------

Fri Feb 18 16:23:55 EST 2011

Timing is on.

           000 - INIT

BEGIN
Time: 0 hrs, 0 mins, 0 secs, 561 ms
*** Truncating staging tables before workflow starts ***
SET
Time: 0 hrs, 0 mins, 0 secs, 7 ms
GRANT
Time: 0 hrs, 0 mins, 2 secs, 233 ms
END
Time: 0 hrs, 0 mins, 0 secs, 965 ms

Fri Feb 18 16:23:59 EST 2011

Timing is on.

            200 - LOAD_BN_IISLOGS   

BEGIN
Time: 0 hrs, 0 mins, 0 secs, 611 ms
SET
Time: 0 hrs, 0 mins, 0 secs, 7 ms
TRUNCATE
Time: 0 hrs, 0 mins, 0 secs, 341 ms
ERROR:  relation "iis_logs_raw_child_20110217" does not exist
ABORT
Time: 0 hrs, 0 mins, 0 secs, 137 ms
ALTER TABLE
Time: 0 hrs, 8 mins, 59 secs, 990 ms

Fri Feb 18 16:33:01 EST 2011

Timing is on.
BEGIN
Time: 0 hrs, 0 mins, 0 secs, 898 ms
SET
Time: 0 hrs, 0 mins, 0 secs, 8 ms

            250 - LOAD_BN_HITS_SP   

TRUNCATE
Time: 0 hrs, 0 mins, 3 secs, 598 ms
ERROR:  new row for relation "bn_hits_sp_20110216" violates check constraint "bn_hits_sp_20110216_daily"
NOTICE:  current transaction is aborted, queries ignored until end of transaction block
ABORT
Time: 0 hrs, 0 mins, 0 secs, 29 ms

Fri Feb 18 16:33:13 EST 2011

Timing is on.
BEGIN
Time: 0 hrs, 0 mins, 1 secs, 417 ms
SET
Time: 0 hrs, 0 mins, 0 secs, 12 ms

           300 - DYNAMIC FILTER

TRUNCATE
Time: 0 hrs, 0 mins, 2 secs, 208 ms
INSERT 0 7348270
Time: 0 hrs, 0 mins, 5 secs, 30 ms
ANALYZE
Time: 0 hrs, 0 mins, 0 secs, 486 ms
 Total records in web_click_cnt 
--------------------------------
                        7348270
(1 row)

Time: 0 hrs, 0 mins, 0 secs, 246 ms
CREATE TABLE
Time: 0 hrs, 0 mins, 1 secs, 812 ms
ANALYZE
Time: 0 hrs, 0 mins, 0 secs, 86 ms
CREATE TABLE
Time: 0 hrs, 0 mins, 0 secs, 315 ms
ANALYZE
Time: 0 hrs, 0 mins, 0 secs, 158 ms
DELETE 1
Time: 0 hrs, 0 mins, 0 secs, 87 ms
INSERT 0 1
Time: 0 hrs, 0 mins, 0 secs, 209 ms
DELETE 1
Time: 0 hrs, 0 mins, 0 secs, 77 ms
INSERT 0 1
Time: 0 hrs, 0 mins, 0 secs, 194 ms
CREATE TABLE
Time: 0 hrs, 0 mins, 1 secs, 664 ms
ANALYZE
Time: 0 hrs, 0 mins, 0 secs, 75 ms
CREATE TABLE
Time: 0 hrs, 0 mins, 0 secs, 248 ms
ANALYZE
Time: 0 hrs, 0 mins, 0 secs, 193 ms
DELETE 1
Time: 0 hrs, 0 mins, 0 secs, 83 ms
INSERT 0 1
Time: 0 hrs, 0 mins, 0 secs, 391 ms
DELETE 1
Time: 0 hrs, 0 mins, 0 secs, 132 ms
INSERT 0 1
Time: 0 hrs, 0 mins, 0 secs, 330 ms
ANALYZE
Time: 0 hrs, 0 mins, 0 secs, 34 ms
    tablename     |    attr_name    | attr_value 
------------------+-----------------+------------
 BN_FILTER_SPIDER | CLK_USER_SD_MPL | 10
 BN_FILTER_SPIDER | IP_USER_SD_MPL  | 1
 BN_FILTER_SPIDER | IP_USER_RATIO   | .955
 BN_FILTER_SPIDER | CLK_USER_MEAN   | 14.813
 BN_FILTER_SPIDER | CLK_USER_SD     | 152.321
 BN_FILTER_SPIDER | IP_USER_MEAN    | 9.867
 BN_FILTER_SPIDER | IP_USER_SD      | 1329.398
(7 rows)

Time: 0 hrs, 0 mins, 0 secs, 119 ms
CREATE TABLE
Time: 0 hrs, 0 mins, 2 secs, 861 ms
CREATE TABLE
Time: 0 hrs, 0 mins, 0 secs, 523 ms
 l_mean_sd_mpl 
---------------
      1538.023
(1 row)

Time: 0 hrs, 0 mins, 0 secs, 119 ms
TRUNCATE
Time: 0 hrs, 0 mins, 1 secs, 182 ms
INSERT 0 82
Time: 0 hrs, 0 mins, 2 secs, 641 ms
ANALYZE
Time: 0 hrs, 0 mins, 0 secs, 71 ms
 Total click_user bn_spider_ip records 
---------------------------------------
                                    82
(1 row)

Time: 0 hrs, 0 mins, 0 secs, 855 ms
CREATE TABLE
Time: 0 hrs, 0 mins, 2 secs, 45 ms
ANALYZE
Time: 0 hrs, 0 mins, 0 secs, 240 ms
CREATE TABLE
Time: 0 hrs, 0 mins, 0 secs, 869 ms
ANALYZE
Time: 0 hrs, 0 mins, 0 secs, 85 ms
DROP 
Time: 0 hrs, 0 mins, 0 secs, 458 ms
CREATE TABLE
Time: 0 hrs, 0 mins, 0 secs, 161 ms
 l_mean_sd_mpl | l_ratio 
---------------+---------
      1339.265 |   0.955
(1 row)

Time: 0 hrs, 0 mins, 0 secs, 256 ms
INSERT 0 5381401
Time: 0 hrs, 0 mins, 3 secs, 532 ms
ANALYZE
Time: 0 hrs, 0 mins, 0 secs, 455 ms
 Total ip_user_filter bn_spider_ip records 
-------------------------------------------
                                   5381401
(1 row)

Time: 0 hrs, 0 mins, 0 secs, 358 ms
TRUNCATE
Time: 0 hrs, 0 mins, 1 secs, 813 ms
INSERT 0 16927563
Time: 0 hrs, 0 mins, 20 secs, 862 ms
ANALYZE
Time: 0 hrs, 0 mins, 3 secs, 579 ms
 bn_hits_stage 
---------------
      16927563
(1 row)

Time: 0 hrs, 0 mins, 0 secs, 778 ms
ERROR:  new row for relation "bn_hits_sp_20110216" violates check constraint "bn_hits_sp_20110216_daily"
NOTICE:  current transaction is aborted, queries ignored until end of transaction block
NOTICE:  current transaction is aborted, queries ignored until end of transaction block
NOTICE:  current transaction is aborted, queries ignored until end of transaction block
NOTICE:  current transaction is aborted, queries ignored until end of transaction block
NOTICE:  current transaction is aborted, queries ignored until end of transaction block
NOTICE:  current transaction is aborted, queries ignored until end of transaction block
ABORT
Time: 0 hrs, 0 mins, 0 secs, 18 ms

Fri Feb 18 16:34:24 EST 2011

Timing is on.
BEGIN
Time: 0 hrs, 0 mins, 0 secs, 897 ms

           600 - LOAD RESOURCES

SET
Time: 0 hrs, 0 mins, 0 secs, 11 ms
CREATE TABLE
Time: 0 hrs, 0 mins, 4 secs, 691 ms
ANALYZE
Time: 0 hrs, 0 mins, 0 secs, 598 ms
 tmp_a_count 
-------------
       30100
(1 row)

Time: 0 hrs, 0 mins, 0 secs, 97 ms
UPDATE 0
Time: 0 hrs, 0 mins, 0 secs, 825 ms
ANALYZE
Time: 0 hrs, 0 mins, 1 secs, 40 ms
TRUNCATE
Time: 0 hrs, 0 mins, 5 secs, 802 ms
INSERT 0 0
Time: 0 hrs, 0 mins, 6 secs, 80 ms
ANALYZE
Time: 0 hrs, 0 mins, 0 secs, 28 ms
 first_resource_id | last_resource_id 
-------------------+------------------
                   |                 
(1 row)

Time: 0 hrs, 0 mins, 0 secs, 289 ms
INSERT 0 0
Time: 0 hrs, 0 mins, 0 secs, 485 ms
 total_resources 
-----------------
        12884194
(1 row)

Time: 0 hrs, 0 mins, 0 secs, 343 ms
ANALYZE
Time: 0 hrs, 0 mins, 0 secs, 710 ms
END
Time: 0 hrs, 0 mins, 3 secs, 116 ms
VACUUM
Time: 0 hrs, 1 mins, 3 secs, 915 ms

Fri Feb 18 16:35:53 EST 2011

Timing is on.

           650 - LOAD_BN_SESSION_STAGE

BEGIN
Time: 0 hrs, 0 mins, 0 secs, 952 ms
SET
Time: 0 hrs, 0 mins, 0 secs, 10 ms
SET
Time: 0 hrs, 0 mins, 0 secs, 39 ms
CREATE TABLE
Time: 0 hrs, 1 mins, 39 secs, 428 ms
ANALYZE
Time: 0 hrs, 0 mins, 3 secs, 894 ms
 tmp_sessionized_stage 
-----------------------
              16927563
(1 row)

Time: 0 hrs, 0 mins, 0 secs, 331 ms
TRUNCATE
Time: 0 hrs, 0 mins, 2 secs, 386 ms
INSERT 0 1583707
Time: 0 hrs, 0 mins, 20 secs, 197 ms
ANALYZE
Time: 0 hrs, 0 mins, 0 secs, 688 ms
CREATE TABLE
Time: 0 hrs, 1 mins, 22 secs, 345 ms
CREATE INDEX
Time: 0 hrs, 0 mins, 0 secs, 411 ms
 tmp_first_last 
----------------
        1583707
(1 row)

Time: 0 hrs, 0 mins, 0 secs, 236 ms
ANALYZE
Time: 0 hrs, 0 mins, 1 secs, 342 ms
SET
Time: 0 hrs, 0 mins, 0 secs, 82 ms
SET
Time: 0 hrs, 0 mins, 0 secs, 14 ms
TRUNCATE
Time: 0 hrs, 0 mins, 5 secs, 461 ms
DROP
Time: 0 hrs, 0 mins, 0 secs, 329 ms
INSERT 0 1583707
Time: 0 hrs, 0 mins, 9 secs, 530 ms
 bn_session_stage 
------------------
          1583707
(1 row)

Time: 0 hrs, 0 mins, 2 secs, 20 ms
CREATE INDEX
Time: 0 hrs, 0 mins, 3 secs, 907 ms
ANALYZE
Time: 0 hrs, 0 mins, 1 secs, 207 ms
TRUNCATE
Time: 0 hrs, 0 mins, 3 secs, 689 ms
END
Time: 0 hrs, 1 mins, 11 secs, 83 ms

Fri Feb 18 16:41:03 EST 2011

BEGIN

           660 - LOAD_BN_SESSION_UPDATE_STAGE

SET
TRUNCATE
INSERT 0 0
END

Fri Feb 18 16:41:54 EST 2011

Timing is on.

           670 - LOAD_BN_SESSION_20110216.UPDATES

BEGIN
Time: 0 hrs, 0 mins, 0 secs, 659 ms
SET
Time: 0 hrs, 0 mins, 0 secs, 10 ms
UPDATE 0
Time: 0 hrs, 0 mins, 0 secs, 739 ms
END
Time: 0 hrs, 0 mins, 32 secs, 416 ms
VACUUM
Time: 0 hrs, 0 mins, 44 secs, 676 ms

Fri Feb 18 16:43:13 EST 2011

Timing is on.

           700 - LOAD_BN_SESSION

BEGIN
Time: 0 hrs, 0 mins, 1 secs, 21 ms
SET
Time: 0 hrs, 0 mins, 0 secs, 16 ms
INSERT 0 0
Time: 0 hrs, 6 mins, 35 secs, 304 ms
ANALYZE
Time: 0 hrs, 0 mins, 0 secs, 29 ms
END
Time: 0 hrs, 0 mins, 15 secs, 484 ms

Fri Feb 18 16:50:06 EST 2011

Timing is on.

            750 - LOAD_BN_SESSION_SUMMARY   

BEGIN
Time: 0 hrs, 0 mins, 0 secs, 937 ms
SET
Time: 0 hrs, 0 mins, 0 secs, 8 ms
CREATE TABLE
Time: 0 hrs, 0 mins, 4 secs, 94 ms
TRUNCATE
Time: 0 hrs, 0 mins, 3 secs, 809 ms
INSERT 0 0
Time: 0 hrs, 0 mins, 0 secs, 838 ms
ANALYZE
Time: 0 hrs, 0 mins, 0 secs, 33 ms
 count(1) 
----------
        0
(1 row)

Time: 0 hrs, 0 mins, 0 secs, 126 ms
END
Time: 0 hrs, 0 mins, 28 secs, 197 ms

Fri Feb 18 16:50:45 EST 2011

Timing is on.

           800 - LOAD_BN_HITS

BEGIN
Time: 0 hrs, 0 mins, 0 secs, 647 ms
SET
Time: 0 hrs, 0 mins, 0 secs, 8 ms
SET
Time: 0 hrs, 0 mins, 0 secs, 15 ms
SET
Time: 0 hrs, 0 mins, 0 secs, 26 ms
SET
Time: 0 hrs, 0 mins, 0 secs, 17 ms
TRUNCATE
Time: 0 hrs, 0 mins, 3 secs, 137 ms
INSERT 0 0
Time: 0 hrs, 0 mins, 1 secs, 818 ms
 count(1) 
----------
        0
(1 row)

Time: 0 hrs, 0 mins, 0 secs, 286 ms
ANALYZE
Time: 0 hrs, 0 mins, 0 secs, 26 ms
END
Time: 0 hrs, 0 mins, 17 secs, 178 ms

Fri Feb 18 16:51:08 EST 2011

Timing is on.

            900 - LOAD_CLICKSTREAM   

BEGIN
Time: 0 hrs, 0 mins, 1 secs, 88 ms
SET
Time: 0 hrs, 0 mins, 0 secs, 8 ms
TRUNCATE
Time: 0 hrs, 0 mins, 4 secs, 492 ms
INSERT 0 0
Time: 0 hrs, 0 mins, 10 secs, 92 ms
 count(1) 
----------
        0
(1 row)

Time: 0 hrs, 0 mins, 0 secs, 421 ms
ANALYZE
Time: 0 hrs, 0 mins, 0 secs, 86 ms
END
Time: 0 hrs, 0 mins, 8 secs, 936 ms

Fri Feb 18 16:51:34 EST 2011

Timing is on.

            1000 - PAGE_VIEW_SUMMARY  

BEGIN
Time: 0 hrs, 0 mins, 1 secs, 4 ms
SET
Time: 0 hrs, 0 mins, 0 secs, 10 ms
SET
Time: 0 hrs, 0 mins, 0 secs, 19 ms
TRUNCATE
Time: 0 hrs, 1 mins, 14 secs, 255 ms
INSERT 0 0
Time: 0 hrs, 0 mins, 1 secs, 995 ms
 count(1) 
----------
        0
(1 row)

Time: 0 hrs, 0 mins, 0 secs, 163 ms
ANALYZE
Time: 0 hrs, 0 mins, 0 secs, 35 ms
END
Time: 0 hrs, 0 mins, 28 secs, 657 ms

Fri Feb 18 16:53:20 EST 2011


2000 - WRAP UP 

Timing is on.
BEGIN
Time: 0 hrs, 0 mins, 0 secs, 814 ms
TRUNCATE
Time: 0 hrs, 0 mins, 4 secs, 162 ms
TRUNCATE
Time: 0 hrs, 0 mins, 1 secs, 555 ms
END
Time: 0 hrs, 0 mins, 12 secs, 160 ms
Fri Feb 18 16:53:39 EST 2011
Removing lock file and waiting for a minute
Checking for lock file /tmp/.iislock
Acquired lock file /tmp/.iislock
-------------------------------------
Processing for 20110216
-------------------------------------

Mon Feb 21 01:37:00 EST 2011

Timing is on.

           000 - INIT

BEGIN
Time: 0 hrs, 0 mins, 0 secs, 882 ms
*** Truncating staging tables before workflow starts ***
SET
Time: 0 hrs, 0 mins, 0 secs, 9 ms
GRANT
Time: 0 hrs, 0 mins, 1 secs, 242 ms
END
Time: 0 hrs, 0 mins, 9 secs, 521 ms

Mon Feb 21 01:37:12 EST 2011

Timing is on.

            200 - LOAD_BN_IISLOGS   

BEGIN
Time: 0 hrs, 0 mins, 1 secs, 125 ms
SET
Time: 0 hrs, 0 mins, 0 secs, 10 ms
TRUNCATE
Time: 0 hrs, 0 mins, 3 secs, 220 ms
INSERT 0 59807218
Time: 0 hrs, 24 mins, 39 secs, 63 ms
END
Time: 0 hrs, 0 mins, 7 secs, 632 ms
ALTER TABLE
Time: 0 hrs, 0 mins, 9 secs, 985 ms

Mon Feb 21 02:02:13 EST 2011

Timing is on.
BEGIN
Time: 0 hrs, 0 mins, 0 secs, 708 ms
SET
Time: 0 hrs, 0 mins, 0 secs, 11 ms

            250 - LOAD_BN_HITS_SP   

TRUNCATE
Time: 0 hrs, 0 mins, 1 secs, 592 ms
INSERT 0 16451980
Time: 0 hrs, 2 mins, 21 secs, 500 ms
ANALYZE
Time: 0 hrs, 0 mins, 3 secs, 160 ms
END
Time: 0 hrs, 1 mins, 16 secs, 517 ms

Mon Feb 21 02:05:57 EST 2011

Timing is on.
BEGIN
Time: 0 hrs, 0 mins, 0 secs, 712 ms
SET
Time: 0 hrs, 0 mins, 0 secs, 9 ms

           300 - DYNAMIC FILTER

TRUNCATE
Time: 0 hrs, 0 mins, 1 secs, 32 ms
INSERT 0 12738629
Time: 0 hrs, 0 mins, 6 secs, 621 ms
ANALYZE
Time: 0 hrs, 0 mins, 0 secs, 324 ms
 Total records in web_click_cnt 
--------------------------------
                       12738629
(1 row)

Time: 0 hrs, 0 mins, 0 secs, 230 ms
CREATE TABLE
Time: 0 hrs, 1 mins, 2 secs, 394 ms
ANALYZE
Time: 0 hrs, 0 mins, 0 secs, 103 ms
CREATE TABLE
Time: 0 hrs, 0 mins, 0 secs, 709 ms
ANALYZE
Time: 0 hrs, 0 mins, 0 secs, 104 ms
DELETE 1
Time: 0 hrs, 0 mins, 0 secs, 180 ms
INSERT 0 1
Time: 0 hrs, 0 mins, 0 secs, 329 ms
DELETE 1
Time: 0 hrs, 0 mins, 0 secs, 131 ms
INSERT 0 1
Time: 0 hrs, 0 mins, 0 secs, 869 ms
CREATE TABLE
Time: 0 hrs, 0 mins, 2 secs, 954 ms
ANALYZE
Time: 0 hrs, 0 mins, 0 secs, 103 ms
CREATE TABLE
Time: 0 hrs, 0 mins, 0 secs, 932 ms
ANALYZE
Time: 0 hrs, 0 mins, 0 secs, 177 ms
DELETE 1
Time: 0 hrs, 0 mins, 0 secs, 120 ms
INSERT 0 1
Time: 0 hrs, 0 mins, 0 secs, 551 ms
DELETE 1
Time: 0 hrs, 0 mins, 0 secs, 158 ms
INSERT 0 1
Time: 0 hrs, 0 mins, 0 secs, 401 ms
ANALYZE
Time: 0 hrs, 0 mins, 0 secs, 60 ms
    tablename     |    attr_name    | attr_value 
------------------+-----------------+------------
 BN_FILTER_SPIDER | CLK_USER_SD_MPL | 10
 BN_FILTER_SPIDER | IP_USER_SD_MPL  | 1
 BN_FILTER_SPIDER | IP_USER_RATIO   | .955
 BN_FILTER_SPIDER | CLK_USER_MEAN   | 16.528
 BN_FILTER_SPIDER | CLK_USER_SD     | 201.003
 BN_FILTER_SPIDER | IP_USER_MEAN    | 14.185
 BN_FILTER_SPIDER | IP_USER_SD      | 2496.575
(7 rows)

Time: 0 hrs, 0 mins, 0 secs, 169 ms
CREATE TABLE
Time: 0 hrs, 0 mins, 4 secs, 858 ms
CREATE TABLE
Time: 0 hrs, 0 mins, 0 secs, 404 ms
 l_mean_sd_mpl 
---------------
      2026.558
(1 row)

Time: 0 hrs, 0 mins, 0 secs, 137 ms
TRUNCATE
Time: 0 hrs, 0 mins, 0 secs, 896 ms
INSERT 0 79
Time: 0 hrs, 0 mins, 4 secs, 699 ms
ANALYZE
Time: 0 hrs, 0 mins, 0 secs, 227 ms
 Total click_user bn_spider_ip records 
---------------------------------------
                                    79
(1 row)

Time: 0 hrs, 0 mins, 0 secs, 350 ms
CREATE TABLE
Time: 0 hrs, 0 mins, 1 secs, 308 ms
ANALYZE
Time: 0 hrs, 0 mins, 0 secs, 108 ms
CREATE TABLE
Time: 0 hrs, 0 mins, 1 secs, 616 ms
ANALYZE
Time: 0 hrs, 0 mins, 0 secs, 232 ms
DROP 
Time: 0 hrs, 0 mins, 0 secs, 363 ms
CREATE TABLE
Time: 0 hrs, 0 mins, 1 secs, 63 ms
 l_mean_sd_mpl | l_ratio 
---------------+---------
      2510.760 |   0.955
(1 row)

Time: 0 hrs, 0 mins, 0 secs, 355 ms
INSERT 0 10290565
Time: 0 hrs, 0 mins, 6 secs, 502 ms
ANALYZE
Time: 0 hrs, 0 mins, 0 secs, 322 ms
 Total ip_user_filter bn_spider_ip records 
-------------------------------------------
                                  10290565
(1 row)

Time: 0 hrs, 0 mins, 0 secs, 474 ms
TRUNCATE
Time: 0 hrs, 0 mins, 1 secs, 66 ms
INSERT 0 22716636
Time: 0 hrs, 0 mins, 20 secs, 441 ms
ANALYZE
Time: 0 hrs, 0 mins, 5 secs, 561 ms
 bn_hits_stage 
---------------
      22716636
(1 row)

Time: 0 hrs, 0 mins, 0 secs, 343 ms
INSERT 0 13540144
Time: 0 hrs, 0 mins, 45 secs, 778 ms
ANALYZE
Time: 0 hrs, 0 mins, 7 secs, 912 ms
 bn_hits_sp_20110216 
---------------------
            29992124
(1 row)

Time: 0 hrs, 0 mins, 10 secs, 49 ms
TRUNCATE
Time: 0 hrs, 0 mins, 5 secs, 388 ms
INSERT 0 7098458
Time: 0 hrs, 0 mins, 14 secs, 427 ms
ANALYZE
Time: 0 hrs, 0 mins, 3 secs, 685 ms
 bn_hits_client_20110216 
-------------------------
                 7098458
(1 row)

Time: 0 hrs, 0 mins, 0 secs, 167 ms
END
Time: 0 hrs, 0 mins, 32 secs, 185 ms

Mon Feb 21 02:10:08 EST 2011

Timing is on.
BEGIN
Time: 0 hrs, 0 mins, 1 secs, 553 ms

           600 - LOAD RESOURCES

SET
Time: 0 hrs, 0 mins, 0 secs, 10 ms
CREATE TABLE
Time: 0 hrs, 0 mins, 11 secs, 732 ms
ANALYZE
Time: 0 hrs, 0 mins, 0 secs, 549 ms
 tmp_a_count 
-------------
       38377
(1 row)

Time: 0 hrs, 0 mins, 0 secs, 666 ms
UPDATE 0
Time: 0 hrs, 0 mins, 2 secs, 10 ms
ANALYZE
Time: 0 hrs, 0 mins, 1 secs, 233 ms
TRUNCATE
Time: 0 hrs, 0 mins, 1 secs, 651 ms
INSERT 0 0
Time: 0 hrs, 0 mins, 4 secs, 700 ms
ANALYZE
Time: 0 hrs, 0 mins, 0 secs, 20 ms
 first_resource_id | last_resource_id 
-------------------+------------------
                   |                 
(1 row)

Time: 0 hrs, 0 mins, 0 secs, 388 ms
INSERT 0 0
Time: 0 hrs, 0 mins, 0 secs, 621 ms
 total_resources 
-----------------
        12893058
(1 row)

Time: 0 hrs, 0 mins, 0 secs, 237 ms
ANALYZE
Time: 0 hrs, 0 mins, 0 secs, 666 ms
END
Time: 0 hrs, 0 mins, 25 secs, 755 ms
VACUUM
Time: 0 hrs, 0 mins, 13 secs, 941 ms

Mon Feb 21 02:11:13 EST 2011

Timing is on.

           650 - LOAD_BN_SESSION_STAGE

BEGIN
Time: 0 hrs, 0 mins, 0 secs, 597 ms
SET
Time: 0 hrs, 0 mins, 0 secs, 10 ms
SET
Time: 0 hrs, 0 mins, 0 secs, 18 ms
CREATE TABLE
Time: 0 hrs, 0 mins, 42 secs, 11 ms
ANALYZE
Time: 0 hrs, 0 mins, 3 secs, 395 ms
 tmp_sessionized_stage 
-----------------------
              22716636
(1 row)

Time: 0 hrs, 0 mins, 0 secs, 305 ms
TRUNCATE
Time: 0 hrs, 0 mins, 2 secs, 232 ms
INSERT 0 2001204
Time: 0 hrs, 0 mins, 30 secs, 827 ms
ANALYZE
Time: 0 hrs, 0 mins, 1 secs, 115 ms
CREATE TABLE
Time: 0 hrs, 0 mins, 49 secs, 966 ms
CREATE INDEX
Time: 0 hrs, 0 mins, 0 secs, 372 ms
 tmp_first_last 
----------------
        2001204
(1 row)

Time: 0 hrs, 0 mins, 0 secs, 124 ms
ANALYZE
Time: 0 hrs, 0 mins, 0 secs, 716 ms
SET
Time: 0 hrs, 0 mins, 0 secs, 22 ms
SET
Time: 0 hrs, 0 mins, 0 secs, 26 ms
TRUNCATE
Time: 0 hrs, 0 mins, 1 secs, 8 ms
DROP
Time: 0 hrs, 0 mins, 0 secs, 94 ms
INSERT 0 2001204
Time: 0 hrs, 0 mins, 6 secs, 933 ms
 bn_session_stage 
------------------
          2001204
(1 row)

Time: 0 hrs, 0 mins, 0 secs, 570 ms
CREATE INDEX
Time: 0 hrs, 0 mins, 2 secs, 20 ms
ANALYZE
Time: 0 hrs, 0 mins, 1 secs, 3 ms
TRUNCATE
Time: 0 hrs, 0 mins, 1 secs, 132 ms
END
Time: 0 hrs, 0 mins, 2 secs, 670 ms

Mon Feb 21 02:13:41 EST 2011

BEGIN

           660 - LOAD_BN_SESSION_UPDATE_STAGE

SET
TRUNCATE
INSERT 0 0
END

Mon Feb 21 02:13:47 EST 2011

Timing is on.

           670 - LOAD_BN_SESSION_20110216.UPDATES

BEGIN
Time: 0 hrs, 0 mins, 0 secs, 688 ms
SET
Time: 0 hrs, 0 mins, 0 secs, 13 ms
UPDATE 0
Time: 0 hrs, 0 mins, 0 secs, 723 ms
END
Time: 0 hrs, 0 mins, 2 secs, 231 ms
VACUUM
Time: 0 hrs, 0 mins, 4 secs, 582 ms

Mon Feb 21 02:13:55 EST 2011

Timing is on.

           700 - LOAD_BN_SESSION

BEGIN
Time: 0 hrs, 0 mins, 0 secs, 859 ms
SET
Time: 0 hrs, 0 mins, 0 secs, 10 ms
INSERT 0 2001204
Time: 0 hrs, 0 mins, 8 secs, 139 ms
ANALYZE
Time: 0 hrs, 0 mins, 0 secs, 847 ms
END
Time: 0 hrs, 0 mins, 4 secs, 84 ms

Mon Feb 21 02:14:09 EST 2011

Timing is on.

            750 - LOAD_BN_SESSION_SUMMARY   

BEGIN
Time: 0 hrs, 0 mins, 0 secs, 743 ms
SET
Time: 0 hrs, 0 mins, 0 secs, 8 ms
CREATE TABLE
Time: 0 hrs, 0 mins, 4 secs, 963 ms
TRUNCATE
Time: 0 hrs, 0 mins, 2 secs, 502 ms
INSERT 0 237269
Time: 0 hrs, 0 mins, 4 secs, 176 ms
ANALYZE
Time: 0 hrs, 0 mins, 0 secs, 867 ms
 count(1) 
----------
   237269
(1 row)

Time: 0 hrs, 0 mins, 0 secs, 155 ms
END
Time: 0 hrs, 0 mins, 1 secs, 20 ms

Mon Feb 21 02:14:24 EST 2011

Timing is on.

           800 - LOAD_BN_HITS

BEGIN
Time: 0 hrs, 0 mins, 0 secs, 746 ms
SET
Time: 0 hrs, 0 mins, 0 secs, 11 ms
SET
Time: 0 hrs, 0 mins, 0 secs, 26 ms
SET
Time: 0 hrs, 0 mins, 0 secs, 23 ms
SET
Time: 0 hrs, 0 mins, 0 secs, 23 ms
TRUNCATE
Time: 0 hrs, 0 mins, 2 secs, 556 ms
INSERT 0 22716636
Time: 0 hrs, 0 mins, 5 secs, 200 ms
 count(1) 
----------
 22716636
(1 row)

Time: 0 hrs, 0 mins, 2 secs, 800 ms
ANALYZE
Time: 0 hrs, 0 mins, 3 secs, 158 ms
END
Time: 0 hrs, 0 mins, 3 secs, 102 ms

Mon Feb 21 02:14:42 EST 2011

Timing is on.

            900 - LOAD_CLICKSTREAM   

BEGIN
Time: 0 hrs, 0 mins, 1 secs, 644 ms
SET
Time: 0 hrs, 0 mins, 0 secs, 9 ms
TRUNCATE
Time: 0 hrs, 0 mins, 3 secs, 581 ms
INSERT 0 22716636
Time: 0 hrs, 2 mins, 22 secs, 259 ms
 count(1) 
----------
 22716636
(1 row)

Time: 0 hrs, 0 mins, 0 secs, 853 ms
ANALYZE
Time: 0 hrs, 0 mins, 1 secs, 565 ms
END
Time: 0 hrs, 0 mins, 31 secs, 570 ms

Mon Feb 21 02:17:44 EST 2011

Timing is on.

            1000 - PAGE_VIEW_SUMMARY  

BEGIN
Time: 0 hrs, 0 mins, 1 secs, 353 ms
SET
Time: 0 hrs, 0 mins, 0 secs, 35 ms
SET
Time: 0 hrs, 0 mins, 0 secs, 21 ms
TRUNCATE
Time: 0 hrs, 0 mins, 5 secs, 580 ms
INSERT 0 45548
Time: 0 hrs, 0 mins, 11 secs, 242 ms
 count(1) 
----------
    45548
(1 row)

Time: 0 hrs, 0 mins, 0 secs, 203 ms
ANALYZE
Time: 0 hrs, 0 mins, 0 secs, 69 ms
END
Time: 0 hrs, 0 mins, 14 secs, 703 ms

Mon Feb 21 02:18:21 EST 2011


2000 - WRAP UP 

Timing is on.
BEGIN
Time: 0 hrs, 0 mins, 1 secs, 25 ms
TRUNCATE
Time: 0 hrs, 0 mins, 2 secs, 921 ms
TRUNCATE
Time: 0 hrs, 0 mins, 2 secs, 212 ms
END
Time: 0 hrs, 0 mins, 7 secs, 855 ms
Mon Feb 21 02:18:35 EST 2011
Removing lock file and waiting for a minute
