Checking for lock file /tmp/.iislock
Acquired lock file /tmp/.iislock
-------------------------------------
Processing for 20110225
-------------------------------------

Sat Feb 26 22:57:31 EST 2011

Timing is on.

           000 - INIT

BEGIN
Time: 0 hrs, 0 mins, 0 secs, 660 ms
*** Truncating staging tables before workflow starts ***
SET
Time: 0 hrs, 0 mins, 0 secs, 9 ms
GRANT
Time: 0 hrs, 0 mins, 4 secs, 213 ms
END
Time: 0 hrs, 0 mins, 0 secs, 606 ms

Sat Feb 26 22:57:38 EST 2011

Timing is on.

            200 - LOAD_BN_IISLOGS   

BEGIN
Time: 0 hrs, 0 mins, 0 secs, 759 ms
SET
Time: 0 hrs, 0 mins, 0 secs, 9 ms
TRUNCATE
Time: 0 hrs, 0 mins, 0 secs, 311 ms
INSERT 0 40729781
Time: 0 hrs, 5 mins, 36 secs, 744 ms
END
Time: 0 hrs, 0 mins, 2 secs, 431 ms
ALTER TABLE
Time: 0 hrs, 5 mins, 31 secs, 987 ms

Sat Feb 26 23:08:50 EST 2011

Timing is on.
BEGIN
Time: 0 hrs, 0 mins, 0 secs, 651 ms
SET
Time: 0 hrs, 0 mins, 0 secs, 11 ms

            250 - LOAD_BN_HITS_SP   

TRUNCATE
Time: 0 hrs, 0 mins, 0 secs, 656 ms
INSERT 0 11832051
Time: 0 hrs, 1 mins, 54 secs, 82 ms
ANALYZE
Time: 0 hrs, 0 mins, 2 secs, 757 ms
END
Time: 0 hrs, 0 mins, 1 secs, 83 ms

Sat Feb 26 23:10:50 EST 2011

Timing is on.
BEGIN
Time: 0 hrs, 0 mins, 0 secs, 673 ms
SET
Time: 0 hrs, 0 mins, 0 secs, 9 ms

           300 - DYNAMIC FILTER

TRUNCATE
Time: 0 hrs, 0 mins, 1 secs, 239 ms
INSERT 0 8997279
Time: 0 hrs, 0 mins, 2 secs, 296 ms
ANALYZE
Time: 0 hrs, 0 mins, 1 secs, 291 ms
 Total records in web_click_cnt 
--------------------------------
                        8997279
(1 row)

Time: 0 hrs, 0 mins, 0 secs, 987 ms
CREATE TABLE
Time: 0 hrs, 0 mins, 3 secs, 515 ms
ANALYZE
Time: 0 hrs, 0 mins, 0 secs, 136 ms
CREATE TABLE
Time: 0 hrs, 0 mins, 1 secs, 627 ms
ANALYZE
Time: 0 hrs, 0 mins, 0 secs, 75 ms
DELETE 1
Time: 0 hrs, 0 mins, 0 secs, 768 ms
INSERT 0 1
Time: 0 hrs, 0 mins, 0 secs, 470 ms
DELETE 1
Time: 0 hrs, 0 mins, 0 secs, 91 ms
INSERT 0 1
Time: 0 hrs, 0 mins, 0 secs, 922 ms
CREATE TABLE
Time: 0 hrs, 0 mins, 3 secs, 673 ms
ANALYZE
Time: 0 hrs, 0 mins, 0 secs, 69 ms
CREATE TABLE
Time: 0 hrs, 0 mins, 1 secs, 55 ms
ANALYZE
Time: 0 hrs, 0 mins, 0 secs, 102 ms
DELETE 1
Time: 0 hrs, 0 mins, 0 secs, 92 ms
INSERT 0 1
Time: 0 hrs, 0 mins, 0 secs, 350 ms
DELETE 1
Time: 0 hrs, 0 mins, 0 secs, 118 ms
INSERT 0 1
Time: 0 hrs, 0 mins, 0 secs, 295 ms
ANALYZE
Time: 0 hrs, 0 mins, 0 secs, 76 ms
    tablename     |    attr_name    | attr_value 
------------------+-----------------+------------
 BN_FILTER_SPIDER | CLK_USER_SD_MPL | 10
 BN_FILTER_SPIDER | IP_USER_SD_MPL  | 1
 BN_FILTER_SPIDER | IP_USER_RATIO   | .955
 BN_FILTER_SPIDER | CLK_USER_MEAN   | 15.033
 BN_FILTER_SPIDER | CLK_USER_SD     | 171.029
 BN_FILTER_SPIDER | IP_USER_MEAN    | 14.100
 BN_FILTER_SPIDER | IP_USER_SD      | 2241.080
(7 rows)

Time: 0 hrs, 0 mins, 0 secs, 404 ms
CREATE TABLE
Time: 0 hrs, 0 mins, 4 secs, 351 ms
CREATE TABLE
Time: 0 hrs, 0 mins, 0 secs, 215 ms
 l_mean_sd_mpl 
---------------
      1725.323
(1 row)

Time: 0 hrs, 0 mins, 0 secs, 108 ms
TRUNCATE
Time: 0 hrs, 0 mins, 0 secs, 175 ms
INSERT 0 65
Time: 0 hrs, 0 mins, 13 secs, 94 ms
ANALYZE
Time: 0 hrs, 0 mins, 0 secs, 354 ms
 Total click_user bn_spider_ip records 
---------------------------------------
                                    65
(1 row)

Time: 0 hrs, 0 mins, 0 secs, 448 ms
CREATE TABLE
Time: 0 hrs, 0 mins, 6 secs, 392 ms
ANALYZE
Time: 0 hrs, 0 mins, 0 secs, 50 ms
CREATE TABLE
Time: 0 hrs, 0 mins, 6 secs, 424 ms
ANALYZE
Time: 0 hrs, 0 mins, 0 secs, 85 ms
DROP 
Time: 0 hrs, 0 mins, 0 secs, 377 ms
CREATE TABLE
Time: 0 hrs, 0 mins, 1 secs, 101 ms
 l_mean_sd_mpl | l_ratio 
---------------+---------
      2255.180 |   0.955
(1 row)

Time: 0 hrs, 0 mins, 0 secs, 309 ms
INSERT 0 7124264
Time: 0 hrs, 0 mins, 6 secs, 287 ms
ANALYZE
Time: 0 hrs, 0 mins, 0 secs, 245 ms
 Total ip_user_filter bn_spider_ip records 
-------------------------------------------
                                   7124264
(1 row)

Time: 0 hrs, 0 mins, 0 secs, 403 ms
TRUNCATE
Time: 0 hrs, 0 mins, 2 secs, 241 ms
INSERT 0 14465396
Time: 0 hrs, 0 mins, 13 secs, 176 ms
ANALYZE
Time: 0 hrs, 0 mins, 4 secs, 449 ms
 bn_hits_stage 
---------------
      14465396
(1 row)

Time: 0 hrs, 0 mins, 0 secs, 277 ms
INSERT 0 8722232
Time: 0 hrs, 0 mins, 25 secs, 882 ms
ANALYZE
Time: 0 hrs, 0 mins, 7 secs, 595 ms
 bn_hits_sp_20110225 
---------------------
            20554283
(1 row)

Time: 0 hrs, 0 mins, 9 secs, 886 ms
TRUNCATE
Time: 0 hrs, 0 mins, 0 secs, 982 ms
INSERT 0 5710102
Time: 0 hrs, 0 mins, 5 secs, 560 ms
ANALYZE
Time: 0 hrs, 0 mins, 2 secs, 476 ms
 bn_hits_client_20110225 
-------------------------
                 5710102
(1 row)

Time: 0 hrs, 0 mins, 0 secs, 153 ms
END
Time: 0 hrs, 0 mins, 1 secs, 879 ms

Sat Feb 26 23:13:05 EST 2011

Timing is on.
BEGIN
Time: 0 hrs, 0 mins, 0 secs, 722 ms

           600 - LOAD RESOURCES

SET
Time: 0 hrs, 0 mins, 0 secs, 11 ms
CREATE TABLE
Time: 0 hrs, 0 mins, 3 secs, 690 ms
ANALYZE
Time: 0 hrs, 0 mins, 0 secs, 495 ms
 tmp_a_count 
-------------
       27625
(1 row)

Time: 0 hrs, 0 mins, 0 secs, 106 ms
UPDATE 0
Time: 0 hrs, 0 mins, 1 secs, 44 ms
ANALYZE
Time: 0 hrs, 0 mins, 0 secs, 822 ms
TRUNCATE
Time: 0 hrs, 0 mins, 0 secs, 340 ms
INSERT 0 2761
Time: 0 hrs, 0 mins, 3 secs, 863 ms
ANALYZE
Time: 0 hrs, 0 mins, 0 secs, 176 ms
 first_resource_id | last_resource_id 
-------------------+------------------
          12950317 |         12953077
(1 row)

Time: 0 hrs, 0 mins, 0 secs, 83 ms
INSERT 0 2761
Time: 0 hrs, 0 mins, 0 secs, 704 ms
 total_resources 
-----------------
        12928682
(1 row)

Time: 0 hrs, 0 mins, 0 secs, 403 ms
ANALYZE
Time: 0 hrs, 0 mins, 0 secs, 746 ms
END
Time: 0 hrs, 0 mins, 0 secs, 728 ms
VACUUM
Time: 0 hrs, 0 mins, 2 secs, 584 ms

Sat Feb 26 23:13:22 EST 2011

Timing is on.

           650 - LOAD_BN_SESSION_STAGE

BEGIN
Time: 0 hrs, 0 mins, 1 secs, 244 ms
SET
Time: 0 hrs, 0 mins, 0 secs, 10 ms
SET
Time: 0 hrs, 0 mins, 0 secs, 18 ms
CREATE TABLE
Time: 0 hrs, 0 mins, 29 secs, 613 ms
ANALYZE
Time: 0 hrs, 0 mins, 4 secs, 630 ms
 tmp_sessionized_stage 
-----------------------
              14465396
(1 row)

Time: 0 hrs, 0 mins, 0 secs, 213 ms
TRUNCATE
Time: 0 hrs, 0 mins, 0 secs, 540 ms
INSERT 0 1648109
Time: 0 hrs, 0 mins, 19 secs, 733 ms
ANALYZE
Time: 0 hrs, 0 mins, 1 secs, 3 ms
CREATE TABLE
Time: 0 hrs, 0 mins, 39 secs, 436 ms
CREATE INDEX
Time: 0 hrs, 0 mins, 0 secs, 262 ms
 tmp_first_last 
----------------
        1648109
(1 row)

Time: 0 hrs, 0 mins, 0 secs, 109 ms
ANALYZE
Time: 0 hrs, 0 mins, 0 secs, 848 ms
SET
Time: 0 hrs, 0 mins, 0 secs, 18 ms
SET
Time: 0 hrs, 0 mins, 0 secs, 18 ms
TRUNCATE
Time: 0 hrs, 0 mins, 0 secs, 429 ms
DROP
Time: 0 hrs, 0 mins, 0 secs, 99 ms
INSERT 0 1648109
Time: 0 hrs, 0 mins, 5 secs, 199 ms
 bn_session_stage 
------------------
          1648109
(1 row)

Time: 0 hrs, 0 mins, 0 secs, 666 ms
CREATE INDEX
Time: 0 hrs, 0 mins, 0 secs, 443 ms
ANALYZE
Time: 0 hrs, 0 mins, 0 secs, 759 ms
TRUNCATE
Time: 0 hrs, 0 mins, 0 secs, 427 ms
END
Time: 0 hrs, 0 mins, 1 secs, 436 ms

Sat Feb 26 23:15:09 EST 2011

BEGIN

           660 - LOAD_BN_SESSION_UPDATE_STAGE

SET
TRUNCATE
INSERT 0 0
END

Sat Feb 26 23:15:13 EST 2011

Timing is on.

           670 - LOAD_BN_SESSION_20110225.UPDATES

BEGIN
Time: 0 hrs, 0 mins, 0 secs, 700 ms
SET
Time: 0 hrs, 0 mins, 0 secs, 11 ms
UPDATE 0
Time: 0 hrs, 0 mins, 0 secs, 572 ms
END
Time: 0 hrs, 0 mins, 0 secs, 583 ms
VACUUM
Time: 0 hrs, 0 mins, 2 secs, 509 ms

Sat Feb 26 23:15:17 EST 2011

Timing is on.

           700 - LOAD_BN_SESSION

BEGIN
Time: 0 hrs, 0 mins, 0 secs, 590 ms
SET
Time: 0 hrs, 0 mins, 0 secs, 10 ms
INSERT 0 1648109
Time: 0 hrs, 0 mins, 4 secs, 932 ms
ANALYZE
Time: 0 hrs, 0 mins, 1 secs, 204 ms
END
Time: 0 hrs, 0 mins, 1 secs, 604 ms

Sat Feb 26 23:15:26 EST 2011

Timing is on.

            750 - LOAD_BN_SESSION_SUMMARY   

BEGIN
Time: 0 hrs, 0 mins, 0 secs, 841 ms
SET
Time: 0 hrs, 0 mins, 0 secs, 13 ms
CREATE TABLE
Time: 0 hrs, 0 mins, 4 secs, 814 ms
TRUNCATE
Time: 0 hrs, 0 mins, 0 secs, 471 ms
INSERT 0 157795
Time: 0 hrs, 0 mins, 3 secs, 400 ms
ANALYZE
Time: 0 hrs, 0 mins, 0 secs, 596 ms
 count(1) 
----------
   157795
(1 row)

Time: 0 hrs, 0 mins, 0 secs, 210 ms
END
Time: 0 hrs, 0 mins, 0 secs, 912 ms

Sat Feb 26 23:15:38 EST 2011

Timing is on.

           800 - LOAD_BN_HITS

BEGIN
Time: 0 hrs, 0 mins, 1 secs, 129 ms
SET
Time: 0 hrs, 0 mins, 0 secs, 12 ms
SET
Time: 0 hrs, 0 mins, 0 secs, 17 ms
SET
Time: 0 hrs, 0 mins, 0 secs, 21 ms
SET
Time: 0 hrs, 0 mins, 0 secs, 21 ms
TRUNCATE
Time: 0 hrs, 0 mins, 0 secs, 326 ms
INSERT 0 14465396
Time: 0 hrs, 0 mins, 3 secs, 244 ms
 count(1) 
----------
 14465396
(1 row)

Time: 0 hrs, 0 mins, 2 secs, 30 ms
ANALYZE
Time: 0 hrs, 0 mins, 3 secs, 183 ms
END
Time: 0 hrs, 0 mins, 1 secs, 290 ms

Sat Feb 26 23:15:50 EST 2011

Timing is on.

            900 - LOAD_CLICKSTREAM   

BEGIN
Time: 0 hrs, 0 mins, 0 secs, 648 ms
SET
Time: 0 hrs, 0 mins, 0 secs, 10 ms
TRUNCATE
Time: 0 hrs, 0 mins, 0 secs, 493 ms
INSERT 0 14465396
Time: 0 hrs, 0 mins, 55 secs, 289 ms
 count(1) 
----------
 14465396
(1 row)

Time: 0 hrs, 0 mins, 0 secs, 574 ms
ANALYZE
Time: 0 hrs, 0 mins, 1 secs, 273 ms
END
Time: 0 hrs, 0 mins, 4 secs, 728 ms

Sat Feb 26 23:16:53 EST 2011

Timing is on.

            1000 - PAGE_VIEW_SUMMARY  

BEGIN
Time: 0 hrs, 0 mins, 0 secs, 784 ms
SET
Time: 0 hrs, 0 mins, 0 secs, 11 ms
SET
Time: 0 hrs, 0 mins, 0 secs, 20 ms
TRUNCATE
Time: 0 hrs, 0 mins, 0 secs, 829 ms
INSERT 0 33296
Time: 0 hrs, 0 mins, 4 secs, 3 ms
 count(1) 
----------
    33296
(1 row)

Time: 0 hrs, 0 mins, 0 secs, 284 ms
ANALYZE
Time: 0 hrs, 0 mins, 0 secs, 49 ms
END
Time: 0 hrs, 0 mins, 3 secs, 846 ms

Sat Feb 26 23:17:03 EST 2011


2000 - WRAP UP 

Timing is on.
BEGIN
Time: 0 hrs, 0 mins, 0 secs, 741 ms
TRUNCATE
Time: 0 hrs, 0 mins, 0 secs, 781 ms
TRUNCATE
Time: 0 hrs, 0 mins, 1 secs, 666 ms
END
Time: 0 hrs, 0 mins, 3 secs, 98 ms
Sat Feb 26 23:17:09 EST 2011
Removing lock file and waiting for a minute
Checking for lock file /tmp/.iislock
Acquired lock file /tmp/.iislock
-------------------------------------
Processing for 20110225
-------------------------------------

Sun Feb 27 03:42:14 EST 2011

Timing is on.

           000 - INIT

BEGIN
Time: 0 hrs, 0 mins, 0 secs, 685 ms
*** Truncating staging tables before workflow starts ***
SET
Time: 0 hrs, 0 mins, 0 secs, 10 ms
GRANT
Time: 0 hrs, 0 mins, 0 secs, 962 ms
END
Time: 0 hrs, 0 mins, 0 secs, 599 ms

Sun Feb 27 03:42:16 EST 2011

Timing is on.

            200 - LOAD_BN_IISLOGS   

BEGIN
Time: 0 hrs, 0 mins, 0 secs, 579 ms
SET
Time: 0 hrs, 0 mins, 0 secs, 10 ms
TRUNCATE
Time: 0 hrs, 0 mins, 0 secs, 256 ms
INSERT 0 54018932
Time: 0 hrs, 7 mins, 26 secs, 294 ms
END
Time: 0 hrs, 0 mins, 1 secs, 470 ms
ALTER TABLE
Time: 0 hrs, 0 mins, 2 secs, 44 ms

Sun Feb 27 03:49:47 EST 2011

Timing is on.
BEGIN
Time: 0 hrs, 0 mins, 0 secs, 645 ms
SET
Time: 0 hrs, 0 mins, 0 secs, 10 ms

            250 - LOAD_BN_HITS_SP   

TRUNCATE
Time: 0 hrs, 0 mins, 0 secs, 438 ms
INSERT 0 15243978
Time: 0 hrs, 2 mins, 19 secs, 861 ms
ANALYZE
Time: 0 hrs, 0 mins, 3 secs, 203 ms
END
Time: 0 hrs, 0 mins, 1 secs, 793 ms

Sun Feb 27 03:52:13 EST 2011

Timing is on.
BEGIN
Time: 0 hrs, 0 mins, 0 secs, 703 ms
SET
Time: 0 hrs, 0 mins, 0 secs, 10 ms

           300 - DYNAMIC FILTER

TRUNCATE
Time: 0 hrs, 0 mins, 0 secs, 873 ms
INSERT 0 11360701
Time: 0 hrs, 0 mins, 2 secs, 916 ms
ANALYZE
Time: 0 hrs, 0 mins, 0 secs, 250 ms
 Total records in web_click_cnt 
--------------------------------
                       11360701
(1 row)

Time: 0 hrs, 0 mins, 0 secs, 193 ms
CREATE TABLE
Time: 0 hrs, 0 mins, 1 secs, 195 ms
ANALYZE
Time: 0 hrs, 0 mins, 0 secs, 118 ms
CREATE TABLE
Time: 0 hrs, 0 mins, 0 secs, 291 ms
ANALYZE
Time: 0 hrs, 0 mins, 0 secs, 116 ms
DELETE 1
Time: 0 hrs, 0 mins, 0 secs, 88 ms
INSERT 0 1
Time: 0 hrs, 0 mins, 0 secs, 200 ms
DELETE 1
Time: 0 hrs, 0 mins, 0 secs, 89 ms
INSERT 0 1
Time: 0 hrs, 0 mins, 0 secs, 452 ms
CREATE TABLE
Time: 0 hrs, 0 mins, 1 secs, 136 ms
ANALYZE
Time: 0 hrs, 0 mins, 0 secs, 78 ms
CREATE TABLE
Time: 0 hrs, 0 mins, 0 secs, 374 ms
ANALYZE
Time: 0 hrs, 0 mins, 0 secs, 94 ms
DELETE 1
Time: 0 hrs, 0 mins, 0 secs, 83 ms
INSERT 0 1
Time: 0 hrs, 0 mins, 0 secs, 165 ms
DELETE 1
Time: 0 hrs, 0 mins, 0 secs, 93 ms
INSERT 0 1
Time: 0 hrs, 0 mins, 0 secs, 212 ms
ANALYZE
Time: 0 hrs, 0 mins, 0 secs, 24 ms
    tablename     |    attr_name    | attr_value 
------------------+-----------------+------------
 BN_FILTER_SPIDER | CLK_USER_SD_MPL | 10
 BN_FILTER_SPIDER | IP_USER_SD_MPL  | 1
 BN_FILTER_SPIDER | IP_USER_RATIO   | .955
 BN_FILTER_SPIDER | CLK_USER_MEAN   | 16.143
 BN_FILTER_SPIDER | CLK_USER_SD     | 181.971
 BN_FILTER_SPIDER | IP_USER_MEAN    | 13.572
 BN_FILTER_SPIDER | IP_USER_SD      | 2437.993
(7 rows)

Time: 0 hrs, 0 mins, 0 secs, 142 ms
CREATE TABLE
Time: 0 hrs, 0 mins, 4 secs, 222 ms
CREATE TABLE
Time: 0 hrs, 0 mins, 0 secs, 455 ms
 l_mean_sd_mpl 
---------------
      1835.853
(1 row)

Time: 0 hrs, 0 mins, 0 secs, 138 ms
TRUNCATE
Time: 0 hrs, 0 mins, 1 secs, 125 ms
INSERT 0 76
Time: 0 hrs, 0 mins, 4 secs, 831 ms
ANALYZE
Time: 0 hrs, 0 mins, 0 secs, 167 ms
 Total click_user bn_spider_ip records 
---------------------------------------
                                    76
(1 row)

Time: 0 hrs, 0 mins, 0 secs, 139 ms
CREATE TABLE
Time: 0 hrs, 0 mins, 0 secs, 813 ms
ANALYZE
Time: 0 hrs, 0 mins, 0 secs, 48 ms
CREATE TABLE
Time: 0 hrs, 0 mins, 0 secs, 888 ms
ANALYZE
Time: 0 hrs, 0 mins, 0 secs, 76 ms
DROP 
Time: 0 hrs, 0 mins, 0 secs, 392 ms
CREATE TABLE
Time: 0 hrs, 0 mins, 0 secs, 458 ms
 l_mean_sd_mpl | l_ratio 
---------------+---------
      2451.565 |   0.955
(1 row)

Time: 0 hrs, 0 mins, 0 secs, 121 ms
INSERT 0 9014071
Time: 0 hrs, 0 mins, 5 secs, 955 ms
ANALYZE
Time: 0 hrs, 0 mins, 0 secs, 282 ms
 Total ip_user_filter bn_spider_ip records 
-------------------------------------------
                                   9014071
(1 row)

Time: 0 hrs, 0 mins, 0 secs, 421 ms
TRUNCATE
Time: 0 hrs, 0 mins, 0 secs, 241 ms
INSERT 0 19793551
Time: 0 hrs, 0 mins, 17 secs, 573 ms
ANALYZE
Time: 0 hrs, 0 mins, 2 secs, 544 ms
 bn_hits_stage 
---------------
      19793551
(1 row)

Time: 0 hrs, 0 mins, 0 secs, 257 ms
INSERT 0 10844360
Time: 0 hrs, 0 mins, 29 secs, 106 ms
ANALYZE
Time: 0 hrs, 0 mins, 3 secs, 546 ms
 bn_hits_sp_20110225 
---------------------
            26088338
(1 row)

Time: 0 hrs, 0 mins, 6 secs, 643 ms
TRUNCATE
Time: 0 hrs, 0 mins, 0 secs, 553 ms
INSERT 0 8137043
Time: 0 hrs, 0 mins, 6 secs, 186 ms
ANALYZE
Time: 0 hrs, 0 mins, 2 secs, 605 ms
 bn_hits_client_20110225 
-------------------------
                 8137043
(1 row)

Time: 0 hrs, 0 mins, 0 secs, 137 ms
END
Time: 0 hrs, 0 mins, 1 secs, 441 ms

Sun Feb 27 03:53:55 EST 2011

Timing is on.
BEGIN
Time: 0 hrs, 0 mins, 0 secs, 934 ms

           600 - LOAD RESOURCES

SET
Time: 0 hrs, 0 mins, 0 secs, 9 ms
CREATE TABLE
Time: 0 hrs, 0 mins, 3 secs, 765 ms
ANALYZE
Time: 0 hrs, 0 mins, 0 secs, 597 ms
 tmp_a_count 
-------------
       36220
(1 row)

Time: 0 hrs, 0 mins, 0 secs, 73 ms
UPDATE 0
Time: 0 hrs, 0 mins, 1 secs, 149 ms
ANALYZE
Time: 0 hrs, 0 mins, 0 secs, 530 ms
TRUNCATE
Time: 0 hrs, 0 mins, 0 secs, 275 ms
INSERT 0 972
Time: 0 hrs, 0 mins, 3 secs, 154 ms
ANALYZE
Time: 0 hrs, 0 mins, 0 secs, 111 ms
 first_resource_id | last_resource_id 
-------------------+------------------
          12957210 |         12958181
(1 row)

Time: 0 hrs, 0 mins, 0 secs, 71 ms
INSERT 0 972
Time: 0 hrs, 0 mins, 0 secs, 273 ms
 total_resources 
-----------------
        12933786
(1 row)

Time: 0 hrs, 0 mins, 0 secs, 154 ms
ANALYZE
Time: 0 hrs, 0 mins, 1 secs, 194 ms
END
Time: 0 hrs, 0 mins, 1 secs, 604 ms
VACUUM
Time: 0 hrs, 0 mins, 4 secs, 94 ms

Sun Feb 27 03:54:13 EST 2011

Timing is on.

           650 - LOAD_BN_SESSION_STAGE

BEGIN
Time: 0 hrs, 0 mins, 0 secs, 690 ms
SET
Time: 0 hrs, 0 mins, 0 secs, 11 ms
SET
Time: 0 hrs, 0 mins, 0 secs, 17 ms
CREATE TABLE
Time: 0 hrs, 0 mins, 33 secs, 653 ms
ANALYZE
Time: 0 hrs, 0 mins, 3 secs, 46 ms
 tmp_sessionized_stage 
-----------------------
              19793551
(1 row)

Time: 0 hrs, 0 mins, 0 secs, 256 ms
TRUNCATE
Time: 0 hrs, 0 mins, 0 secs, 467 ms
INSERT 0 2101799
Time: 0 hrs, 0 mins, 26 secs, 646 ms
ANALYZE
Time: 0 hrs, 0 mins, 0 secs, 864 ms
CREATE TABLE
Time: 0 hrs, 0 mins, 46 secs, 34 ms
CREATE INDEX
Time: 0 hrs, 0 mins, 0 secs, 383 ms
 tmp_first_last 
----------------
        2101799
(1 row)

Time: 0 hrs, 0 mins, 0 secs, 97 ms
ANALYZE
Time: 0 hrs, 0 mins, 0 secs, 684 ms
SET
Time: 0 hrs, 0 mins, 0 secs, 18 ms
SET
Time: 0 hrs, 0 mins, 0 secs, 18 ms
TRUNCATE
Time: 0 hrs, 0 mins, 0 secs, 542 ms
DROP
Time: 0 hrs, 0 mins, 0 secs, 39 ms
INSERT 0 2101799
Time: 0 hrs, 0 mins, 6 secs, 521 ms
 bn_session_stage 
------------------
          2101799
(1 row)

Time: 0 hrs, 0 mins, 0 secs, 445 ms
CREATE INDEX
Time: 0 hrs, 0 mins, 0 secs, 477 ms
ANALYZE
Time: 0 hrs, 0 mins, 0 secs, 908 ms
TRUNCATE
Time: 0 hrs, 0 mins, 0 secs, 266 ms
END
Time: 0 hrs, 0 mins, 1 secs, 362 ms

Sun Feb 27 03:56:17 EST 2011

BEGIN

           660 - LOAD_BN_SESSION_UPDATE_STAGE

SET
TRUNCATE
INSERT 0 0
END

Sun Feb 27 03:56:19 EST 2011

Timing is on.

           670 - LOAD_BN_SESSION_20110225.UPDATES

BEGIN
Time: 0 hrs, 0 mins, 0 secs, 714 ms
SET
Time: 0 hrs, 0 mins, 0 secs, 9 ms
UPDATE 0
Time: 0 hrs, 0 mins, 0 secs, 465 ms
END
Time: 0 hrs, 0 mins, 0 secs, 535 ms
VACUUM
Time: 0 hrs, 0 mins, 2 secs, 974 ms

Sun Feb 27 03:56:24 EST 2011

Timing is on.

           700 - LOAD_BN_SESSION

BEGIN
Time: 0 hrs, 0 mins, 0 secs, 635 ms
SET
Time: 0 hrs, 0 mins, 0 secs, 10 ms
INSERT 0 2101799
Time: 0 hrs, 0 mins, 4 secs, 496 ms
ANALYZE
Time: 0 hrs, 0 mins, 1 secs, 250 ms
END
Time: 0 hrs, 0 mins, 0 secs, 887 ms

Sun Feb 27 03:56:32 EST 2011

Timing is on.

            750 - LOAD_BN_SESSION_SUMMARY   

BEGIN
Time: 0 hrs, 0 mins, 0 secs, 594 ms
SET
Time: 0 hrs, 0 mins, 0 secs, 9 ms
CREATE TABLE
Time: 0 hrs, 0 mins, 4 secs, 330 ms
TRUNCATE
Time: 0 hrs, 0 mins, 0 secs, 299 ms
INSERT 0 197471
Time: 0 hrs, 0 mins, 4 secs, 81 ms
ANALYZE
Time: 0 hrs, 0 mins, 0 secs, 606 ms
 count(1) 
----------
   197471
(1 row)

Time: 0 hrs, 0 mins, 0 secs, 83 ms
END
Time: 0 hrs, 0 mins, 0 secs, 818 ms

Sun Feb 27 03:56:43 EST 2011

Timing is on.

           800 - LOAD_BN_HITS

BEGIN
Time: 0 hrs, 0 mins, 0 secs, 645 ms
SET
Time: 0 hrs, 0 mins, 0 secs, 11 ms
SET
Time: 0 hrs, 0 mins, 0 secs, 22 ms
SET
Time: 0 hrs, 0 mins, 0 secs, 19 ms
SET
Time: 0 hrs, 0 mins, 0 secs, 18 ms
TRUNCATE
Time: 0 hrs, 0 mins, 0 secs, 757 ms
INSERT 0 19793551
Time: 0 hrs, 0 mins, 4 secs, 607 ms
 count(1) 
----------
 19793551
(1 row)

Time: 0 hrs, 0 mins, 1 secs, 751 ms
ANALYZE
Time: 0 hrs, 0 mins, 3 secs, 482 ms
END
Time: 0 hrs, 0 mins, 1 secs, 820 ms

Sun Feb 27 03:56:56 EST 2011

Timing is on.

            900 - LOAD_CLICKSTREAM   

BEGIN
Time: 0 hrs, 0 mins, 0 secs, 680 ms
SET
Time: 0 hrs, 0 mins, 0 secs, 11 ms
TRUNCATE
Time: 0 hrs, 0 mins, 0 secs, 206 ms
INSERT 0 19793551
Time: 0 hrs, 1 mins, 10 secs, 672 ms
 count(1) 
----------
 19793551
(1 row)

Time: 0 hrs, 0 mins, 0 secs, 387 ms
ANALYZE
Time: 0 hrs, 0 mins, 1 secs, 133 ms
END
Time: 0 hrs, 0 mins, 1 secs, 681 ms

Sun Feb 27 03:58:11 EST 2011

Timing is on.

            1000 - PAGE_VIEW_SUMMARY  

BEGIN
Time: 0 hrs, 0 mins, 0 secs, 676 ms
SET
Time: 0 hrs, 0 mins, 0 secs, 11 ms
SET
Time: 0 hrs, 0 mins, 0 secs, 20 ms
TRUNCATE
Time: 0 hrs, 0 mins, 0 secs, 213 ms
INSERT 0 42934
Time: 0 hrs, 0 mins, 2 secs, 793 ms
 count(1) 
----------
    42934
(1 row)

Time: 0 hrs, 0 mins, 0 secs, 219 ms
ANALYZE
Time: 0 hrs, 0 mins, 0 secs, 163 ms
END
Time: 0 hrs, 0 mins, 0 secs, 962 ms

Sun Feb 27 03:58:16 EST 2011


2000 - WRAP UP 

Timing is on.
BEGIN
Time: 0 hrs, 0 mins, 0 secs, 644 ms
TRUNCATE
Time: 0 hrs, 0 mins, 0 secs, 206 ms
TRUNCATE
Time: 0 hrs, 0 mins, 0 secs, 127 ms
END
Time: 0 hrs, 0 mins, 0 secs, 617 ms
Sun Feb 27 03:58:18 EST 2011
Removing lock file and waiting for a minute
