Checking for lock file /tmp/.iislock
Acquired lock file /tmp/.iislock
-------------------------------------
Processing for 20110103
-------------------------------------

Tue Jan 4 08:30:10 EST 2011

Timing is on.

           000 - INIT

BEGIN
Time: 0 hrs, 0 mins, 1 secs, 829 ms
*** Truncating staging tables before workflow starts ***
SET
Time: 0 hrs, 0 mins, 0 secs, 11 ms
TRUNCATE
Time: 0 hrs, 0 mins, 4 secs, 737 ms
TRUNCATE
Time: 0 hrs, 0 mins, 2 secs, 977 ms
TRUNCATE
Time: 0 hrs, 0 mins, 5 secs, 521 ms
TRUNCATE
Time: 0 hrs, 0 mins, 3 secs, 478 ms
TRUNCATE
Time: 0 hrs, 0 mins, 2 secs, 600 ms
TRUNCATE
Time: 0 hrs, 0 mins, 1 secs, 270 ms
TRUNCATE
Time: 0 hrs, 0 mins, 2 secs, 252 ms
END
Time: 0 hrs, 1 mins, 0 secs, 810 ms

Tue Jan 4 08:31:36 EST 2011

Timing is on.

            200 - LOAD_BN_IISLOGS   

BEGIN
Time: 0 hrs, 0 mins, 0 secs, 698 ms
SET
Time: 0 hrs, 0 mins, 0 secs, 12 ms
TRUNCATE
Time: 0 hrs, 0 mins, 1 secs, 30 ms
INSERT 0 32010715
Time: 0 hrs, 17 mins, 46 secs, 436 ms
END
Time: 0 hrs, 0 mins, 19 secs, 961 ms
ALTER TABLE
Time: 0 hrs, 8 mins, 55 secs, 526 ms

Tue Jan 4 08:58:40 EST 2011

Timing is on.
BEGIN
Time: 0 hrs, 0 mins, 0 secs, 817 ms
SET
Time: 0 hrs, 0 mins, 0 secs, 10 ms

            250 - LOAD_BN_HITS_SP   

TRUNCATE
Time: 0 hrs, 0 mins, 0 secs, 894 ms
INSERT 0 10607844
Time: 0 hrs, 2 mins, 32 secs, 366 ms
ANALYZE
Time: 0 hrs, 0 mins, 2 secs, 12 ms
END
Time: 0 hrs, 0 mins, 10 secs, 581 ms

Tue Jan 4 09:01:27 EST 2011

Timing is on.
BEGIN
Time: 0 hrs, 0 mins, 0 secs, 699 ms
SET
Time: 0 hrs, 0 mins, 0 secs, 12 ms

           300 - DYNAMIC FILTER

INSERT 0 6680928
Time: 0 hrs, 0 mins, 1 secs, 883 ms
ANALYZE
Time: 0 hrs, 0 mins, 0 secs, 428 ms
 Total records in web_click_cnt 
--------------------------------
                        6680928
(1 row)

Time: 0 hrs, 0 mins, 0 secs, 204 ms
CREATE TABLE
Time: 0 hrs, 0 mins, 1 secs, 894 ms
ANALYZE
Time: 0 hrs, 0 mins, 0 secs, 114 ms
CREATE TABLE
Time: 0 hrs, 0 mins, 0 secs, 330 ms
ANALYZE
Time: 0 hrs, 0 mins, 0 secs, 104 ms
DELETE 1
Time: 0 hrs, 0 mins, 0 secs, 243 ms
INSERT 0 1
Time: 0 hrs, 0 mins, 0 secs, 299 ms
DELETE 1
Time: 0 hrs, 0 mins, 0 secs, 104 ms
INSERT 0 1
Time: 0 hrs, 0 mins, 0 secs, 223 ms
CREATE TABLE
Time: 0 hrs, 0 mins, 2 secs, 602 ms
ANALYZE
Time: 0 hrs, 0 mins, 0 secs, 154 ms
CREATE TABLE
Time: 0 hrs, 0 mins, 0 secs, 461 ms
ANALYZE
Time: 0 hrs, 0 mins, 0 secs, 119 ms
DELETE 1
Time: 0 hrs, 0 mins, 0 secs, 110 ms
INSERT 0 1
Time: 0 hrs, 0 mins, 0 secs, 300 ms
DELETE 1
Time: 0 hrs, 0 mins, 0 secs, 109 ms
INSERT 0 1
Time: 0 hrs, 0 mins, 0 secs, 448 ms
ANALYZE
Time: 0 hrs, 0 mins, 0 secs, 45 ms
    tablename     |    attr_name    | attr_value 
------------------+-----------------+------------
 BN_FILTER_SPIDER | CLK_USER_SD_MPL | 10
 BN_FILTER_SPIDER | IP_USER_SD_MPL  | 1
 BN_FILTER_SPIDER | IP_USER_RATIO   | .955
 BN_FILTER_SPIDER | CLK_USER_MEAN   | 8.670
 BN_FILTER_SPIDER | CLK_USER_SD     | 218.713
 BN_FILTER_SPIDER | IP_USER_MEAN    | 5.522
 BN_FILTER_SPIDER | IP_USER_SD      | 824.245
(7 rows)

Time: 0 hrs, 0 mins, 0 secs, 257 ms
CREATE TABLE
Time: 0 hrs, 0 mins, 2 secs, 214 ms
CREATE TABLE
Time: 0 hrs, 0 mins, 0 secs, 276 ms
 l_mean_sd_mpl 
---------------
      2195.800
(1 row)

Time: 0 hrs, 0 mins, 0 secs, 95 ms
INSERT 0 70
Time: 0 hrs, 0 mins, 2 secs, 732 ms
ANALYZE
Time: 0 hrs, 0 mins, 0 secs, 45 ms
 Total click_user bn_spider_ip records 
---------------------------------------
                                    70
(1 row)

Time: 0 hrs, 0 mins, 0 secs, 456 ms
CREATE TABLE
Time: 0 hrs, 0 mins, 2 secs, 37 ms
ANALYZE
Time: 0 hrs, 0 mins, 0 secs, 80 ms
CREATE TABLE
Time: 0 hrs, 0 mins, 2 secs, 128 ms
ANALYZE
Time: 0 hrs, 0 mins, 0 secs, 96 ms
DROP 
Time: 0 hrs, 0 mins, 0 secs, 374 ms
CREATE TABLE
Time: 0 hrs, 0 mins, 0 secs, 605 ms
 l_mean_sd_mpl | l_ratio 
---------------+---------
       829.767 |   0.955
(1 row)

Time: 0 hrs, 0 mins, 2 secs, 425 ms
INSERT 0 4126562
Time: 0 hrs, 0 mins, 3 secs, 264 ms
ANALYZE
Time: 0 hrs, 0 mins, 0 secs, 454 ms
 Total ip_user_filter bn_spider_ip records 
-------------------------------------------
                                   4126562
(1 row)

Time: 0 hrs, 0 mins, 0 secs, 289 ms
INSERT 0 16645666
Time: 0 hrs, 0 mins, 23 secs, 413 ms
ANALYZE
Time: 0 hrs, 0 mins, 6 secs, 346 ms
 bn_hits_stage 
---------------
      16645666
(1 row)

Time: 0 hrs, 0 mins, 0 secs, 260 ms
INSERT 0 4757205
Time: 0 hrs, 0 mins, 52 secs, 878 ms
ANALYZE
Time: 0 hrs, 0 mins, 56 secs, 758 ms
 bn_hits_sp_20110103 
---------------------
            15365049
(1 row)

Time: 0 hrs, 0 mins, 7 secs, 592 ms
END
Time: 0 hrs, 0 mins, 4 secs, 351 ms

Tue Jan 4 09:04:28 EST 2011

Timing is on.
BEGIN
Time: 0 hrs, 0 mins, 0 secs, 764 ms

           600 - LOAD RESOURCES

SET
Time: 0 hrs, 0 mins, 0 secs, 23 ms
CREATE TABLE
Time: 0 hrs, 0 mins, 14 secs, 475 ms
ANALYZE
Time: 0 hrs, 0 mins, 0 secs, 707 ms
 tmp_a_count 
-------------
      142318
(1 row)

Time: 0 hrs, 0 mins, 2 secs, 625 ms
UPDATE 0
Time: 0 hrs, 3 mins, 29 secs, 719 ms
ANALYZE
Time: 0 hrs, 8 mins, 24 secs, 114 ms
INSERT 0 92439
Time: 0 hrs, 3 mins, 50 secs, 382 ms

Time: 0 hrs, 0 mins, 0 secs, 7 ms
ANALYZE
Time: 0 hrs, 10 mins, 0 secs, 790 ms
END
Time: 0 hrs, 0 mins, 34 secs, 194 ms
VACUUM
Time: 0 hrs, 0 mins, 21 secs, 428 ms

Tue Jan 4 09:31:27 EST 2011

Timing is on.

           650 - LOAD_BN_SESSION_STAGE

BEGIN
Time: 0 hrs, 0 mins, 1 secs, 595 ms
SET
Time: 0 hrs, 0 mins, 0 secs, 11 ms
CREATE TABLE
Time: 0 hrs, 1 mins, 25 secs, 908 ms
ANALYZE
Time: 0 hrs, 0 mins, 3 secs, 296 ms
INSERT 0 2775544
Time: 0 hrs, 1 mins, 5 secs, 267 ms
ANALYZE
Time: 0 hrs, 0 mins, 2 secs, 309 ms
CREATE TABLE
Time: 0 hrs, 0 mins, 18 secs, 515 ms
ANALYZE
Time: 0 hrs, 0 mins, 0 secs, 223 ms
CREATE TABLE
Time: 0 hrs, 0 mins, 32 secs, 276 ms
ANALYZE
Time: 0 hrs, 0 mins, 0 secs, 993 ms
INSERT 0 2775544
Time: 0 hrs, 3 mins, 20 secs, 498 ms
 bn_session_stage 
------------------
          2775544
(1 row)

Time: 0 hrs, 0 mins, 0 secs, 592 ms
ANALYZE
Time: 0 hrs, 0 mins, 1 secs, 217 ms
TRUNCATE
Time: 0 hrs, 0 mins, 0 secs, 876 ms
END
Time: 0 hrs, 0 mins, 25 secs, 800 ms

Tue Jan 4 09:38:47 EST 2011

BEGIN

           660 - LOAD_BN_SESSION_UPDATE_STAGE

SET
INSERT 0 0
END

Tue Jan 4 09:39:09 EST 2011

Timing is on.

           670 - LOAD_BN_SESSION_20110103.UPDATES

BEGIN
Time: 0 hrs, 0 mins, 4 secs, 499 ms
SET
Time: 0 hrs, 0 mins, 0 secs, 10 ms
UPDATE 0
Time: 0 hrs, 0 mins, 1 secs, 313 ms
END
Time: 0 hrs, 0 mins, 22 secs, 89 ms
VACUUM
Time: 0 hrs, 0 mins, 21 secs, 156 ms

Tue Jan 4 09:39:59 EST 2011

Timing is on.

           700 - LOAD_BN_SESSION

BEGIN
Time: 0 hrs, 0 mins, 5 secs, 316 ms
SET
Time: 0 hrs, 0 mins, 0 secs, 6 ms
INSERT 0 2775544
Time: 0 hrs, 0 mins, 8 secs, 62 ms
ANALYZE
Time: 0 hrs, 0 mins, 1 secs, 205 ms
END
Time: 0 hrs, 4 mins, 43 secs, 399 ms

Tue Jan 4 09:44:57 EST 2011

Timing is on.

            750 - LOAD_BN_SESSION_SUMMARY   

BEGIN
Time: 0 hrs, 0 mins, 0 secs, 608 ms
SET
Time: 0 hrs, 0 mins, 0 secs, 12 ms
CREATE TABLE
Time: 0 hrs, 0 mins, 7 secs, 179 ms
TRUNCATE
Time: 0 hrs, 0 mins, 0 secs, 748 ms
INSERT 0 289686
Time: 0 hrs, 0 mins, 3 secs, 780 ms
ANALYZE
Time: 0 hrs, 0 mins, 0 secs, 694 ms
 count(1) 
----------
   289686
(1 row)

Time: 0 hrs, 0 mins, 0 secs, 688 ms
END
Time: 0 hrs, 0 mins, 1 secs, 197 ms

Tue Jan 4 09:45:12 EST 2011

Timing is on.

           800 - LOAD_BN_HITS

BEGIN
Time: 0 hrs, 0 mins, 0 secs, 603 ms
SET
Time: 0 hrs, 0 mins, 0 secs, 12 ms
TRUNCATE
Time: 0 hrs, 0 mins, 0 secs, 448 ms
INSERT 0 16645666
Time: 0 hrs, 1 mins, 30 secs, 158 ms
 count(1) 
----------
 16645666
(1 row)

Time: 0 hrs, 0 mins, 2 secs, 727 ms
ANALYZE
Time: 0 hrs, 0 mins, 3 secs, 576 ms
END
Time: 0 hrs, 0 mins, 10 secs, 58 ms

Tue Jan 4 09:47:00 EST 2011

Timing is on.

            900 - LOAD_CLICKSTREAM   

BEGIN
Time: 0 hrs, 0 mins, 0 secs, 848 ms
SET
Time: 0 hrs, 0 mins, 0 secs, 10 ms
TRUNCATE
Time: 0 hrs, 0 mins, 0 secs, 448 ms
INSERT 0 16645666
Time: 0 hrs, 1 mins, 55 secs, 228 ms
 count(1) 
----------
 16645666
(1 row)

Time: 0 hrs, 0 mins, 0 secs, 217 ms
ANALYZE
Time: 0 hrs, 0 mins, 1 secs, 72 ms
END
Time: 0 hrs, 0 mins, 8 secs, 451 ms

Tue Jan 4 09:49:07 EST 2011

Timing is on.

            1000 - PAGE_VIEW_SUMMARY  

BEGIN
Time: 0 hrs, 0 mins, 0 secs, 896 ms
SET
Time: 0 hrs, 0 mins, 0 secs, 10 ms
TRUNCATE
Time: 0 hrs, 0 mins, 0 secs, 520 ms
INSERT 0 147957
Time: 0 hrs, 0 mins, 3 secs, 317 ms
 count(1) 
----------
   147957
(1 row)

Time: 0 hrs, 0 mins, 0 secs, 125 ms
ANALYZE
Time: 0 hrs, 0 mins, 0 secs, 61 ms
END
Time: 0 hrs, 0 mins, 6 secs, 257 ms
Removing lock file and waiting for a minute
Checking for lock file /tmp/.iislock
Acquired lock file /tmp/.iislock
-------------------------------------
Processing for 20110103
-------------------------------------

Wed Jan 5 11:59:03 EST 2011

Timing is on.

           000 - INIT

BEGIN
Time: 0 hrs, 0 mins, 1 secs, 33 ms
*** Truncating staging tables before workflow starts ***
SET
Time: 0 hrs, 0 mins, 0 secs, 10 ms
TRUNCATE
Time: 0 hrs, 0 mins, 5 secs, 408 ms
TRUNCATE
Time: 0 hrs, 0 mins, 1 secs, 69 ms
TRUNCATE
Time: 0 hrs, 0 mins, 10 secs, 866 ms
TRUNCATE
Time: 0 hrs, 0 mins, 3 secs, 482 ms
TRUNCATE
Time: 0 hrs, 0 mins, 0 secs, 997 ms
TRUNCATE
Time: 0 hrs, 0 mins, 8 secs, 409 ms
TRUNCATE
Time: 0 hrs, 0 mins, 20 secs, 739 ms
END
Time: 0 hrs, 1 mins, 4 secs, 147 ms

Wed Jan 5 12:00:59 EST 2011

Timing is on.

            200 - LOAD_BN_IISLOGS   

BEGIN
Time: 0 hrs, 0 mins, 1 secs, 118 ms
SET
Time: 0 hrs, 0 mins, 0 secs, 11 ms
TRUNCATE
Time: 0 hrs, 0 mins, 0 secs, 204 ms
INSERT 0 40674481
Time: 0 hrs, 20 mins, 32 secs, 495 ms
END
Time: 0 hrs, 25 mins, 37 secs, 46 ms
ALTER TABLE
Time: 0 hrs, 1 mins, 25 secs, 799 ms

Wed Jan 5 12:48:36 EST 2011

Timing is on.
BEGIN
Time: 0 hrs, 0 mins, 1 secs, 59 ms
SET
Time: 0 hrs, 0 mins, 0 secs, 15 ms

            250 - LOAD_BN_HITS_SP   

TRUNCATE
Time: 0 hrs, 0 mins, 1 secs, 585 ms
INSERT 0 13160678
Time: 0 hrs, 3 mins, 5 secs, 390 ms
ANALYZE
Time: 0 hrs, 0 mins, 1 secs, 792 ms
END
Time: 0 hrs, 7 mins, 29 secs, 725 ms

Wed Jan 5 12:59:16 EST 2011

Timing is on.
BEGIN
Time: 0 hrs, 0 mins, 1 secs, 41 ms
SET
Time: 0 hrs, 0 mins, 0 secs, 16 ms

           300 - DYNAMIC FILTER

INSERT 0 7789371
Time: 0 hrs, 0 mins, 8 secs, 894 ms
ANALYZE
Time: 0 hrs, 0 mins, 0 secs, 519 ms
 Total records in web_click_cnt 
--------------------------------
                        7789371
(1 row)

Time: 0 hrs, 0 mins, 0 secs, 450 ms
CREATE TABLE
Time: 0 hrs, 0 mins, 2 secs, 525 ms
ANALYZE
Time: 0 hrs, 0 mins, 0 secs, 155 ms
CREATE TABLE
Time: 0 hrs, 0 mins, 1 secs, 13 ms
ANALYZE
Time: 0 hrs, 0 mins, 0 secs, 225 ms
DELETE 1
Time: 0 hrs, 0 mins, 0 secs, 547 ms
INSERT 0 1
Time: 0 hrs, 0 mins, 0 secs, 313 ms
DELETE 1
Time: 0 hrs, 0 mins, 0 secs, 89 ms
INSERT 0 1
Time: 0 hrs, 0 mins, 0 secs, 362 ms
CREATE TABLE
Time: 0 hrs, 0 mins, 1 secs, 343 ms
ANALYZE
Time: 0 hrs, 0 mins, 0 secs, 125 ms
CREATE TABLE
Time: 0 hrs, 0 mins, 0 secs, 379 ms
ANALYZE
Time: 0 hrs, 0 mins, 0 secs, 126 ms
DELETE 1
Time: 0 hrs, 0 mins, 0 secs, 162 ms
INSERT 0 1
Time: 0 hrs, 0 mins, 0 secs, 325 ms
DELETE 1
Time: 0 hrs, 0 mins, 0 secs, 114 ms
INSERT 0 1
Time: 0 hrs, 0 mins, 0 secs, 453 ms
ANALYZE
Time: 0 hrs, 0 mins, 0 secs, 47 ms
    tablename     |    attr_name    | attr_value 
------------------+-----------------+------------
 BN_FILTER_SPIDER | CLK_USER_SD_MPL | 10
 BN_FILTER_SPIDER | IP_USER_SD_MPL  | 1
 BN_FILTER_SPIDER | IP_USER_RATIO   | .955
 BN_FILTER_SPIDER | CLK_USER_MEAN   | 8.839
 BN_FILTER_SPIDER | CLK_USER_SD     | 193.845
 BN_FILTER_SPIDER | IP_USER_MEAN    | 5.039
 BN_FILTER_SPIDER | IP_USER_SD      | 742.542
(7 rows)

Time: 0 hrs, 0 mins, 0 secs, 111 ms
CREATE TABLE
Time: 0 hrs, 0 mins, 2 secs, 537 ms
CREATE TABLE
Time: 0 hrs, 0 mins, 0 secs, 170 ms
 l_mean_sd_mpl 
---------------
      1947.289
(1 row)

Time: 0 hrs, 0 mins, 0 secs, 86 ms
INSERT 0 90
Time: 0 hrs, 0 mins, 4 secs, 721 ms
ANALYZE
Time: 0 hrs, 0 mins, 0 secs, 67 ms
 Total click_user bn_spider_ip records 
---------------------------------------
                                    90
(1 row)

Time: 0 hrs, 0 mins, 0 secs, 284 ms
CREATE TABLE
Time: 0 hrs, 0 mins, 1 secs, 279 ms
ANALYZE
Time: 0 hrs, 0 mins, 0 secs, 87 ms
CREATE TABLE
Time: 0 hrs, 0 mins, 1 secs, 230 ms
ANALYZE
Time: 0 hrs, 0 mins, 0 secs, 123 ms
DROP 
Time: 0 hrs, 0 mins, 0 secs, 299 ms
CREATE TABLE
Time: 0 hrs, 0 mins, 0 secs, 300 ms
 l_mean_sd_mpl | l_ratio 
---------------+---------
       747.581 |   0.955
(1 row)

Time: 0 hrs, 0 mins, 0 secs, 100 ms
INSERT 0 4271583
Time: 0 hrs, 0 mins, 3 secs, 609 ms
ANALYZE
Time: 0 hrs, 0 mins, 0 secs, 203 ms
 Total ip_user_filter bn_spider_ip records 
-------------------------------------------
                                   4271583
(1 row)

Time: 0 hrs, 0 mins, 0 secs, 280 ms
INSERT 0 22492520
Time: 0 hrs, 0 mins, 30 secs, 691 ms
ANALYZE
Time: 0 hrs, 0 mins, 2 secs, 898 ms
 bn_hits_stage 
---------------
      22492520
(1 row)

Time: 0 hrs, 0 mins, 0 secs, 373 ms
INSERT 0 5021283
Time: 0 hrs, 0 mins, 27 secs, 343 ms
ANALYZE
Time: 0 hrs, 0 mins, 2 secs, 985 ms
 bn_hits_sp_20110103 
---------------------
            18181961
(1 row)

Time: 0 hrs, 0 mins, 11 secs, 819 ms
END
Time: 0 hrs, 0 mins, 58 secs, 66 ms

Wed Jan 5 13:02:05 EST 2011

Timing is on.
BEGIN
Time: 0 hrs, 0 mins, 2 secs, 425 ms

           600 - LOAD RESOURCES

SET
Time: 0 hrs, 0 mins, 0 secs, 13 ms
CREATE TABLE
Time: 0 hrs, 0 mins, 15 secs, 941 ms
ANALYZE
Time: 0 hrs, 0 mins, 0 secs, 672 ms
 tmp_a_count 
-------------
      205380
(1 row)

Time: 0 hrs, 0 mins, 0 secs, 311 ms
UPDATE 0
Time: 0 hrs, 0 mins, 3 secs, 502 ms
ANALYZE
Time: 0 hrs, 0 mins, 2 secs, 316 ms
TRUNCATE
Time: 0 hrs, 0 mins, 0 secs, 655 ms
INSERT 0 47264
Time: 0 hrs, 0 mins, 5 secs, 822 ms
ANALYZE
Time: 0 hrs, 0 mins, 1 secs, 403 ms
 first_resource_id | last_resource_id 
-------------------+------------------
          10934552 |         10981815
(1 row)

Time: 0 hrs, 0 mins, 0 secs, 127 ms
INSERT 0 47264
Time: 0 hrs, 0 mins, 1 secs, 636 ms
 total_resources 
-----------------
        10957439
(1 row)

Time: 0 hrs, 0 mins, 0 secs, 420 ms
ANALYZE
Time: 0 hrs, 0 mins, 0 secs, 518 ms
END
Time: 0 hrs, 0 mins, 53 secs, 970 ms
VACUUM
Time: 0 hrs, 0 mins, 45 secs, 426 ms

Wed Jan 5 13:04:20 EST 2011

Timing is on.

           650 - LOAD_BN_SESSION_STAGE

BEGIN
Time: 0 hrs, 0 mins, 0 secs, 901 ms
SET
Time: 0 hrs, 0 mins, 0 secs, 12 ms
CREATE TABLE
Time: 0 hrs, 1 mins, 7 secs, 822 ms
ANALYZE
Time: 0 hrs, 0 mins, 3 secs, 167 ms
INSERT 0 3869498
Time: 0 hrs, 0 mins, 58 secs, 236 ms
ANALYZE
Time: 0 hrs, 0 mins, 0 secs, 998 ms
CREATE TABLE
Time: 0 hrs, 0 mins, 22 secs, 346 ms
ANALYZE
Time: 0 hrs, 0 mins, 0 secs, 246 ms
CREATE TABLE
Time: 0 hrs, 0 mins, 44 secs, 364 ms
ANALYZE
Time: 0 hrs, 0 mins, 0 secs, 894 ms
INSERT 0 3869498
Time: 0 hrs, 12 mins, 28 secs, 728 ms
 bn_session_stage 
------------------
          3869498
(1 row)

Time: 0 hrs, 0 mins, 2 secs, 469 ms
ANALYZE
Time: 0 hrs, 0 mins, 3 secs, 823 ms
TRUNCATE
Time: 0 hrs, 0 mins, 6 secs, 797 ms
END
Time: 0 hrs, 0 mins, 40 secs, 482 ms

Wed Jan 5 13:21:02 EST 2011

BEGIN

           660 - LOAD_BN_SESSION_UPDATE_STAGE

SET
INSERT 0 0
END

Wed Jan 5 13:22:01 EST 2011

Timing is on.

           670 - LOAD_BN_SESSION_20110103.UPDATES

BEGIN
Time: 0 hrs, 0 mins, 1 secs, 160 ms
SET
Time: 0 hrs, 0 mins, 0 secs, 12 ms
UPDATE 0
Time: 0 hrs, 0 mins, 0 secs, 501 ms
END
Time: 0 hrs, 0 mins, 5 secs, 419 ms
VACUUM
Time: 0 hrs, 0 mins, 18 secs, 411 ms

Wed Jan 5 13:22:27 EST 2011

Timing is on.

           700 - LOAD_BN_SESSION

BEGIN
Time: 0 hrs, 0 mins, 1 secs, 163 ms
SET
Time: 0 hrs, 0 mins, 0 secs, 11 ms
INSERT 0 3869498
Time: 0 hrs, 0 mins, 19 secs, 695 ms
ANALYZE
Time: 0 hrs, 0 mins, 2 secs, 198 ms
END
Time: 0 hrs, 0 mins, 8 secs, 528 ms

Wed Jan 5 13:22:59 EST 2011

Timing is on.

            750 - LOAD_BN_SESSION_SUMMARY   

BEGIN
Time: 0 hrs, 0 mins, 0 secs, 974 ms
SET
Time: 0 hrs, 0 mins, 0 secs, 11 ms
CREATE TABLE
Time: 0 hrs, 0 mins, 11 secs, 63 ms
TRUNCATE
Time: 0 hrs, 0 mins, 1 secs, 524 ms
INSERT 0 365374
Time: 0 hrs, 0 mins, 5 secs, 862 ms
ANALYZE
Time: 0 hrs, 0 mins, 0 secs, 694 ms
 count(1) 
----------
   365374
(1 row)

Time: 0 hrs, 0 mins, 0 secs, 323 ms
END
Time: 0 hrs, 0 mins, 9 secs, 513 ms

Wed Jan 5 13:23:29 EST 2011

Timing is on.

           800 - LOAD_BN_HITS

BEGIN
Time: 0 hrs, 0 mins, 1 secs, 141 ms
SET
Time: 0 hrs, 0 mins, 0 secs, 7 ms
TRUNCATE
Time: 0 hrs, 0 mins, 1 secs, 390 ms
INSERT 0 22492520
Time: 0 hrs, 10 mins, 26 secs, 200 ms
 count(1) 
----------
 22492520
(1 row)

Time: 0 hrs, 0 mins, 0 secs, 891 ms
ANALYZE
Time: 0 hrs, 0 mins, 2 secs, 988 ms
END
Time: 0 hrs, 0 mins, 8 secs, 29 ms

Wed Jan 5 13:34:10 EST 2011

Timing is on.

            900 - LOAD_CLICKSTREAM   

BEGIN
Time: 0 hrs, 0 mins, 0 secs, 642 ms
SET
Time: 0 hrs, 0 mins, 0 secs, 7 ms
TRUNCATE
Time: 0 hrs, 0 mins, 1 secs, 796 ms
INSERT 0 22492520
Time: 0 hrs, 2 mins, 44 secs, 737 ms
 count(1) 
----------
 22492520
(1 row)

Time: 0 hrs, 0 mins, 1 secs, 459 ms
ANALYZE
Time: 0 hrs, 0 mins, 1 secs, 761 ms
END
Time: 0 hrs, 0 mins, 24 secs, 324 ms

Wed Jan 5 13:37:25 EST 2011

Timing is on.

            1000 - PAGE_VIEW_SUMMARY  

BEGIN
Time: 0 hrs, 0 mins, 1 secs, 222 ms
SET
Time: 0 hrs, 0 mins, 0 secs, 12 ms
TRUNCATE
Time: 0 hrs, 0 mins, 3 secs, 372 ms
INSERT 0 213147
Time: 0 hrs, 0 mins, 19 secs, 964 ms
 count(1) 
----------
   213147
(1 row)

Time: 0 hrs, 0 mins, 0 secs, 834 ms
ANALYZE
Time: 0 hrs, 0 mins, 0 secs, 312 ms
END
Time: 0 hrs, 1 mins, 1 secs, 654 ms
Removing lock file and waiting for a minute
