Checking for lock file /tmp/.iislock
Acquired lock file /tmp/.iislock
deleting simple.htm records - these are just server testing...
DELETE 0
-------------------------------------
Processing for 20110916
-------------------------------------

Thu Sep 22 11:02:41 EDT 2011

Timing is on.

           000 - INIT

BEGIN
Time: 0 hrs, 0 mins, 0 secs, 126 ms
*** Truncating staging tables before workflow starts ***
SET
Time: 0 hrs, 0 mins, 0 secs, 5 ms
GRANT
Time: 0 hrs, 0 mins, 47 secs, 235 ms
END
Time: 0 hrs, 0 mins, 21 secs, 713 ms

Thu Sep 22 11:03:51 EDT 2011

Timing is on.

            200 - LOAD_BN_IISLOGS   

BEGIN
Time: 0 hrs, 0 mins, 0 secs, 622 ms
SET
Time: 0 hrs, 0 mins, 0 secs, 7 ms
TRUNCATE
Time: 0 hrs, 0 mins, 11 secs, 826 ms
ERROR:  relation "iis_logs_raw_child_20110917" does not exist
ABORT
Time: 0 hrs, 0 mins, 1 secs, 160 ms
ALTER TABLE
Time: 0 hrs, 1 mins, 7 secs, 668 ms

Thu Sep 22 11:05:12 EDT 2011

Timing is on.
BEGIN
Time: 0 hrs, 0 mins, 11 secs, 250 ms
SET
Time: 0 hrs, 0 mins, 0 secs, 8 ms

            250 - LOAD_BN_HITS_SP   

TRUNCATE
Time: 0 hrs, 0 mins, 19 secs, 321 ms
ERROR:  new row for relation "bn_hits_sp_20110916" violates check constraint "bn_hits_sp_20110916_daily"
NOTICE:  current transaction is aborted, queries ignored until end of transaction block
ABORT
Time: 0 hrs, 0 mins, 5 secs, 981 ms

Thu Sep 22 11:06:05 EDT 2011

Timing is on.
BEGIN
Time: 0 hrs, 0 mins, 0 secs, 125 ms
SET
Time: 0 hrs, 0 mins, 0 secs, 6 ms

           300 - DYNAMIC FILTER

TRUNCATE
Time: 0 hrs, 0 mins, 14 secs, 532 ms
INSERT 0 24057239
Time: 0 hrs, 0 mins, 34 secs, 499 ms
ANALYZE
Time: 0 hrs, 0 mins, 4 secs, 266 ms
 Total records in web_click_cnt 
--------------------------------
                       24057239
(1 row)

Time: 0 hrs, 0 mins, 5 secs, 139 ms
CREATE TABLE
Time: 0 hrs, 1 mins, 57 secs, 236 ms
ANALYZE
Time: 0 hrs, 0 mins, 1 secs, 174 ms
CREATE TABLE
Time: 0 hrs, 0 mins, 7 secs, 928 ms
ANALYZE
Time: 0 hrs, 0 mins, 0 secs, 90 ms
DELETE 1
Time: 0 hrs, 0 mins, 3 secs, 286 ms
INSERT 0 1
Time: 0 hrs, 0 mins, 3 secs, 276 ms
DELETE 1
Time: 0 hrs, 0 mins, 0 secs, 79 ms
INSERT 0 1
Time: 0 hrs, 0 mins, 1 secs, 621 ms
CREATE TABLE
Time: 0 hrs, 0 mins, 19 secs, 312 ms
ANALYZE
Time: 0 hrs, 0 mins, 2 secs, 341 ms
CREATE TABLE
Time: 0 hrs, 0 mins, 0 secs, 708 ms
ANALYZE
Time: 0 hrs, 0 mins, 0 secs, 46 ms
DELETE 1
Time: 0 hrs, 0 mins, 0 secs, 294 ms
INSERT 0 1
Time: 0 hrs, 0 mins, 2 secs, 552 ms
DELETE 1
Time: 0 hrs, 0 mins, 0 secs, 70 ms
INSERT 0 1
Time: 0 hrs, 0 mins, 4 secs, 775 ms
ANALYZE
Time: 0 hrs, 0 mins, 0 secs, 944 ms
    tablename     |    attr_name    | attr_value 
------------------+-----------------+------------
 BN_FILTER_SPIDER | CLK_USER_SD_MPL | 10
 BN_FILTER_SPIDER | IP_USER_SD_MPL  | 1
 BN_FILTER_SPIDER | IP_USER_RATIO   | .955
 BN_FILTER_SPIDER | CLK_USER_MEAN   | 11.408
 BN_FILTER_SPIDER | CLK_USER_SD     | 83.511
 BN_FILTER_SPIDER | IP_USER_MEAN    | 25.053
 BN_FILTER_SPIDER | IP_USER_SD      | 2332.525
(7 rows)

Time: 0 hrs, 0 mins, 1 secs, 450 ms
CREATE TABLE
Time: 0 hrs, 0 mins, 10 secs, 50 ms
CREATE TABLE
Time: 0 hrs, 0 mins, 8 secs, 135 ms
 l_mean_sd_mpl 
---------------
       846.518
(1 row)

Time: 0 hrs, 0 mins, 3 secs, 741 ms
TRUNCATE
Time: 0 hrs, 0 mins, 5 secs, 95 ms
INSERT 0 209
Time: 0 hrs, 0 mins, 22 secs, 518 ms
ANALYZE
Time: 0 hrs, 0 mins, 3 secs, 153 ms
 Total click_user bn_spider_ip records 
---------------------------------------
                                   209
(1 row)

Time: 0 hrs, 0 mins, 2 secs, 21 ms
CREATE TABLE
Time: 0 hrs, 2 mins, 7 secs, 211 ms
ANALYZE
Time: 0 hrs, 0 mins, 0 secs, 269 ms
CREATE TABLE
Time: 0 hrs, 0 mins, 32 secs, 600 ms
ANALYZE
Time: 0 hrs, 0 mins, 1 secs, 630 ms
DROP 
Time: 0 hrs, 0 mins, 0 secs, 81 ms
CREATE TABLE
Time: 0 hrs, 0 mins, 4 secs, 142 ms
 l_mean_sd_mpl | l_ratio 
---------------+---------
      2357.578 |   0.955
(1 row)

Time: 0 hrs, 0 mins, 3 secs, 82 ms
INSERT 0 21044958
Time: 0 hrs, 0 mins, 26 secs, 555 ms
ANALYZE
Time: 0 hrs, 0 mins, 0 secs, 221 ms
 Total ip_user_filter bn_spider_ip records 
-------------------------------------------
                                  21044958
(1 row)

Time: 0 hrs, 0 mins, 6 secs, 547 ms
TRUNCATE
Time: 0 hrs, 0 mins, 18 secs, 71 ms
INSERT 0 18173643
Time: 0 hrs, 1 mins, 21 secs, 6 ms
ANALYZE
Time: 0 hrs, 0 mins, 21 secs, 669 ms
 bn_hits_stage 
---------------
      18173643
(1 row)

Time: 0 hrs, 0 mins, 2 secs, 918 ms
ERROR:  new row for relation "bn_hits_sp_20110916" violates check constraint "bn_hits_sp_20110916_daily"
NOTICE:  current transaction is aborted, queries ignored until end of transaction block
NOTICE:  current transaction is aborted, queries ignored until end of transaction block
NOTICE:  current transaction is aborted, queries ignored until end of transaction block
NOTICE:  current transaction is aborted, queries ignored until end of transaction block
NOTICE:  current transaction is aborted, queries ignored until end of transaction block
NOTICE:  current transaction is aborted, queries ignored until end of transaction block
ABORT
Time: 0 hrs, 0 mins, 2 secs, 217 ms

Thu Sep 22 11:17:22 EDT 2011

Timing is on.
BEGIN
Time: 0 hrs, 0 mins, 1 secs, 50 ms

           600 - LOAD RESOURCES

SET
Time: 0 hrs, 0 mins, 0 secs, 7 ms
CREATE TABLE
Time: 0 hrs, 1 mins, 18 secs, 997 ms
ANALYZE
Time: 0 hrs, 0 mins, 4 secs, 542 ms
 tmp_a_count 
-------------
      610973
(1 row)

Time: 0 hrs, 0 mins, 4 secs, 698 ms
UPDATE 0
Time: 0 hrs, 0 mins, 13 secs, 815 ms
ANALYZE
Time: 0 hrs, 0 mins, 1 secs, 965 ms
TRUNCATE
Time: 0 hrs, 0 mins, 15 secs, 290 ms
INSERT 0 0
Time: 0 hrs, 1 mins, 25 secs, 47 ms
ANALYZE
Time: 0 hrs, 0 mins, 0 secs, 14 ms
 first_resource_id | last_resource_id 
-------------------+------------------
                   |                 
(1 row)

Time: 0 hrs, 0 mins, 1 secs, 200 ms
INSERT 0 0
Time: 0 hrs, 0 mins, 0 secs, 694 ms
 total_resources 
-----------------
        43821802
(1 row)

Time: 0 hrs, 0 mins, 2 secs, 730 ms
ANALYZE
Time: 0 hrs, 0 mins, 0 secs, 498 ms
END
Time: 0 hrs, 0 mins, 27 secs, 747 ms
VACUUM
Time: 0 hrs, 1 mins, 1 secs, 7 ms

Thu Sep 22 11:22:23 EDT 2011

Timing is on.

           650 - LOAD_BN_SESSION_STAGE

BEGIN
Time: 0 hrs, 0 mins, 0 secs, 151 ms
SET
Time: 0 hrs, 0 mins, 0 secs, 6 ms
SET
Time: 0 hrs, 0 mins, 0 secs, 13 ms
CREATE TABLE
Time: 0 hrs, 2 mins, 29 secs, 194 ms
ANALYZE
Time: 0 hrs, 0 mins, 6 secs, 52 ms
 tmp_sessionized_stage 
-----------------------
              18173643
(1 row)

Time: 0 hrs, 0 mins, 7 secs, 512 ms
TRUNCATE
Time: 0 hrs, 0 mins, 7 secs, 634 ms
INSERT 0 2613428
Time: 0 hrs, 2 mins, 27 secs, 491 ms
ANALYZE
Time: 0 hrs, 0 mins, 4 secs, 663 ms
CREATE TABLE
Time: 0 hrs, 5 mins, 22 secs, 825 ms
CREATE INDEX
Time: 0 hrs, 0 mins, 0 secs, 989 ms
 tmp_first_last 
----------------
        2613428
(1 row)

Time: 0 hrs, 0 mins, 3 secs, 541 ms
ANALYZE
Time: 0 hrs, 0 mins, 1 secs, 515 ms
SET
Time: 0 hrs, 0 mins, 0 secs, 12 ms
SET
Time: 0 hrs, 0 mins, 0 secs, 12 ms
TRUNCATE
Time: 0 hrs, 0 mins, 16 secs, 386 ms
DROP 
Time: 0 hrs, 0 mins, 4 secs, 266 ms
INSERT 0 2613428
Time: 0 hrs, 0 mins, 8 secs, 239 ms
 bn_session_stage 
------------------
          2613428
(1 row)

Time: 0 hrs, 0 mins, 12 secs, 955 ms
CREATE INDEX
Time: 0 hrs, 0 mins, 3 secs, 658 ms
ANALYZE
Time: 0 hrs, 0 mins, 1 secs, 250 ms
TRUNCATE
Time: 0 hrs, 0 mins, 3 secs, 439 ms
END
Time: 0 hrs, 0 mins, 15 secs, 314 ms

Thu Sep 22 11:34:21 EDT 2011

BEGIN

           660 - LOAD_BN_SESSION_UPDATE_STAGE

SET
TRUNCATE
INSERT 0 0
END

Thu Sep 22 11:34:57 EDT 2011

Timing is on.

           670 - LOAD_BN_SESSION_20110916.UPDATES

BEGIN
Time: 0 hrs, 0 mins, 8 secs, 143 ms
SET
Time: 0 hrs, 0 mins, 0 secs, 13 ms
UPDATE 0
Time: 0 hrs, 0 mins, 0 secs, 192 ms
END
Time: 0 hrs, 0 mins, 23 secs, 846 ms
VACUUM
Time: 0 hrs, 1 mins, 44 secs, 75 ms

Thu Sep 22 11:37:14 EDT 2011

Timing is on.

           700 - LOAD_BN_SESSION

BEGIN
Time: 0 hrs, 0 mins, 18 secs, 673 ms
SET
Time: 0 hrs, 0 mins, 0 secs, 8 ms
INSERT 0 0
Time: 0 hrs, 1 mins, 9 secs, 179 ms
ANALYZE
Time: 0 hrs, 0 mins, 0 secs, 664 ms
END
Time: 0 hrs, 0 mins, 51 secs, 909 ms

Thu Sep 22 11:39:35 EDT 2011

Timing is on.

            750 - LOAD_BN_SESSION_SUMMARY   

BEGIN
Time: 0 hrs, 0 mins, 0 secs, 649 ms
SET
Time: 0 hrs, 0 mins, 0 secs, 6 ms
CREATE TABLE
Time: 0 hrs, 1 mins, 0 secs, 426 ms
TRUNCATE
Time: 0 hrs, 0 mins, 6 secs, 90 ms
INSERT 0 0
Time: 0 hrs, 0 mins, 4 secs, 711 ms
ANALYZE
Time: 0 hrs, 0 mins, 0 secs, 19 ms
 count(1) 
----------
        0
(1 row)

Time: 0 hrs, 0 mins, 0 secs, 873 ms
END
Time: 0 hrs, 3 mins, 1 secs, 580 ms

Thu Sep 22 11:43:49 EDT 2011

Timing is on.

           800 - LOAD_BN_HITS

BEGIN
Time: 0 hrs, 0 mins, 15 secs, 679 ms
SET
Time: 0 hrs, 0 mins, 0 secs, 24 ms
SET
Time: 0 hrs, 0 mins, 0 secs, 259 ms
SET
Time: 0 hrs, 0 mins, 0 secs, 21 ms
SET
Time: 0 hrs, 0 mins, 0 secs, 12 ms
TRUNCATE
Time: 0 hrs, 0 mins, 12 secs, 574 ms
INSERT 0 0
Time: 0 hrs, 0 mins, 11 secs, 714 ms
 count(1) 
----------
        0
(1 row)

Time: 0 hrs, 0 mins, 6 secs, 131 ms
ANALYZE
Time: 0 hrs, 0 mins, 0 secs, 25 ms
END
Time: 0 hrs, 2 mins, 39 secs, 789 ms

Thu Sep 22 11:47:16 EDT 2011

Timing is on.

            900 - LOAD_CLICKSTREAM   

BEGIN
Time: 0 hrs, 1 mins, 7 secs, 138 ms
SET
Time: 0 hrs, 0 mins, 0 secs, 7 ms
TRUNCATE
Time: 0 hrs, 0 mins, 26 secs, 573 ms
INSERT 0 0
Time: 0 hrs, 1 mins, 8 secs, 98 ms
 count(1) 
----------
        0
(1 row)

Time: 0 hrs, 0 mins, 3 secs, 323 ms
ANALYZE
Time: 0 hrs, 0 mins, 0 secs, 658 ms
END
Time: 0 hrs, 1 mins, 0 secs, 77 ms

Thu Sep 22 11:51:02 EDT 2011

Timing is on.

            1000 - PAGE_VIEW_SUMMARY  

BEGIN
Time: 0 hrs, 0 mins, 36 secs, 827 ms
SET
Time: 0 hrs, 0 mins, 0 secs, 14 ms
SET
Time: 0 hrs, 0 mins, 0 secs, 35 ms
TRUNCATE
Time: 0 hrs, 0 mins, 4 secs, 277 ms
INSERT 0 0
Time: 0 hrs, 0 mins, 3 secs, 26 ms
 count(1) 
----------
        0
(1 row)

Time: 0 hrs, 0 mins, 2 secs, 17 ms
ANALYZE
Time: 0 hrs, 0 mins, 0 secs, 16 ms
END
Time: 0 hrs, 1 mins, 27 secs, 983 ms

Thu Sep 22 11:53:17 EDT 2011


2000 - WRAP UP 

Timing is on.
BEGIN
Time: 0 hrs, 1 mins, 0 secs, 302 ms
TRUNCATE
Time: 0 hrs, 0 mins, 4 secs, 938 ms
TRUNCATE
Time: 0 hrs, 0 mins, 7 secs, 119 ms
END
Time: 0 hrs, 1 mins, 14 secs, 573 ms
Thu Sep 22 11:55:44 EDT 2011
Removing lock file and waiting for a minute
Total time taken:  56  minutes.
Checking for lock file /tmp/.iislock
Acquired lock file /tmp/.iislock
deleting simple.htm records - these are just server testing...
DELETE 0
-------------------------------------
Processing for 20110916
-------------------------------------

Thu Sep 22 12:31:04 EDT 2011

Timing is on.

           000 - INIT

BEGIN
Time: 0 hrs, 0 mins, 4 secs, 501 ms
*** Truncating staging tables before workflow starts ***
SET
Time: 0 hrs, 0 mins, 0 secs, 6 ms
GRANT
Time: 0 hrs, 0 mins, 41 secs, 923 ms
END
Time: 0 hrs, 0 mins, 11 secs, 707 ms

Thu Sep 22 12:32:03 EDT 2011

Timing is on.

            200 - LOAD_BN_IISLOGS   

BEGIN
Time: 0 hrs, 0 mins, 0 secs, 603 ms
SET
Time: 0 hrs, 0 mins, 0 secs, 6 ms
TRUNCATE
Time: 0 hrs, 0 mins, 1 secs, 930 ms
INSERT 0 54618982
Time: 0 hrs, 11 mins, 40 secs, 761 ms
END
Time: 0 hrs, 2 mins, 9 secs, 905 ms
ALTER TABLE
Time: 0 hrs, 0 mins, 36 secs, 140 ms

Thu Sep 22 12:46:33 EDT 2011

Timing is on.
BEGIN
Time: 0 hrs, 0 mins, 13 secs, 587 ms
SET
Time: 0 hrs, 0 mins, 0 secs, 8 ms

            250 - LOAD_BN_HITS_SP   

TRUNCATE
Time: 0 hrs, 0 mins, 34 secs, 368 ms
INSERT 0 21726909
Time: 0 hrs, 4 mins, 46 secs, 892 ms
ANALYZE
Time: 0 hrs, 0 mins, 9 secs, 529 ms
END
Time: 0 hrs, 2 mins, 3 secs, 956 ms

Thu Sep 22 12:54:22 EDT 2011

Timing is on.
BEGIN
Time: 0 hrs, 0 mins, 0 secs, 195 ms
SET
Time: 0 hrs, 0 mins, 0 secs, 8 ms

           300 - DYNAMIC FILTER

TRUNCATE
Time: 0 hrs, 0 mins, 10 secs, 513 ms
INSERT 0 17024969
Time: 0 hrs, 0 mins, 11 secs, 327 ms
ANALYZE
Time: 0 hrs, 0 mins, 1 secs, 834 ms
 Total records in web_click_cnt 
--------------------------------
                       17024969
(1 row)

Time: 0 hrs, 0 mins, 2 secs, 907 ms
CREATE TABLE
Time: 0 hrs, 0 mins, 14 secs, 182 ms
ANALYZE
Time: 0 hrs, 0 mins, 0 secs, 957 ms
CREATE TABLE
Time: 0 hrs, 0 mins, 6 secs, 57 ms
ANALYZE
Time: 0 hrs, 0 mins, 0 secs, 39 ms
DELETE 1
Time: 0 hrs, 0 mins, 2 secs, 433 ms
INSERT 0 1
Time: 0 hrs, 0 mins, 1 secs, 677 ms
DELETE 1
Time: 0 hrs, 0 mins, 0 secs, 68 ms
INSERT 0 1
Time: 0 hrs, 0 mins, 2 secs, 642 ms
CREATE TABLE
Time: 0 hrs, 0 mins, 20 secs, 259 ms
ANALYZE
Time: 0 hrs, 0 mins, 0 secs, 41 ms
CREATE TABLE
Time: 0 hrs, 0 mins, 3 secs, 623 ms
ANALYZE
Time: 0 hrs, 0 mins, 0 secs, 37 ms
DELETE 1
Time: 0 hrs, 0 mins, 0 secs, 70 ms
INSERT 0 1
Time: 0 hrs, 0 mins, 2 secs, 124 ms
DELETE 1
Time: 0 hrs, 0 mins, 0 secs, 65 ms
INSERT 0 1
Time: 0 hrs, 0 mins, 0 secs, 468 ms
ANALYZE
Time: 0 hrs, 0 mins, 1 secs, 83 ms
    tablename     |    attr_name    | attr_value 
------------------+-----------------+------------
 BN_FILTER_SPIDER | CLK_USER_SD_MPL | 10
 BN_FILTER_SPIDER | IP_USER_SD_MPL  | 1
 BN_FILTER_SPIDER | IP_USER_RATIO   | .955
 BN_FILTER_SPIDER | CLK_USER_MEAN   | 11.956
 BN_FILTER_SPIDER | CLK_USER_SD     | 96.295
 BN_FILTER_SPIDER | IP_USER_MEAN    | 26.213
 BN_FILTER_SPIDER | IP_USER_SD      | 1949.562
(7 rows)

Time: 0 hrs, 0 mins, 1 secs, 767 ms
CREATE TABLE
Time: 0 hrs, 0 mins, 37 secs, 161 ms
CREATE TABLE
Time: 0 hrs, 0 mins, 3 secs, 136 ms
 l_mean_sd_mpl 
---------------
       974.906
(1 row)

Time: 0 hrs, 0 mins, 2 secs, 353 ms
TRUNCATE
Time: 0 hrs, 0 mins, 6 secs, 182 ms
INSERT 0 138
Time: 0 hrs, 2 mins, 37 secs, 739 ms
ANALYZE
Time: 0 hrs, 0 mins, 1 secs, 900 ms
 Total click_user bn_spider_ip records 
---------------------------------------
                                   138
(1 row)

Time: 0 hrs, 0 mins, 6 secs, 349 ms
CREATE TABLE
Time: 0 hrs, 0 mins, 20 secs, 531 ms
ANALYZE
Time: 0 hrs, 0 mins, 0 secs, 193 ms
CREATE TABLE
Time: 0 hrs, 0 mins, 11 secs, 748 ms
ANALYZE
Time: 0 hrs, 0 mins, 0 secs, 36 ms
DROP 
Time: 0 hrs, 0 mins, 0 secs, 70 ms
CREATE TABLE
Time: 0 hrs, 0 mins, 2 secs, 615 ms
 l_mean_sd_mpl | l_ratio 
---------------+---------
      1975.775 |   0.955
(1 row)

Time: 0 hrs, 0 mins, 2 secs, 200 ms
INSERT 0 14890951
Time: 0 hrs, 0 mins, 19 secs, 891 ms
ANALYZE
Time: 0 hrs, 0 mins, 0 secs, 255 ms
 Total ip_user_filter bn_spider_ip records 
-------------------------------------------
                                  14890951
(1 row)

Time: 0 hrs, 0 mins, 0 secs, 292 ms
TRUNCATE
Time: 0 hrs, 0 mins, 8 secs, 218 ms
INSERT 0 13024780
Time: 0 hrs, 1 mins, 5 secs, 237 ms
ANALYZE
Time: 0 hrs, 0 mins, 9 secs, 836 ms
 bn_hits_stage 
---------------
      13024780
(1 row)

Time: 0 hrs, 0 mins, 3 secs, 834 ms
INSERT 0 15405562
Time: 0 hrs, 1 mins, 0 secs, 59 ms
ANALYZE
Time: 0 hrs, 0 mins, 21 secs, 505 ms
 bn_hits_sp_20110916 
---------------------
            37132471
(1 row)

Time: 0 hrs, 0 mins, 6 secs, 957 ms
TRUNCATE
Time: 0 hrs, 0 mins, 15 secs, 458 ms
INSERT 0 4461731
Time: 0 hrs, 0 mins, 9 secs, 747 ms
ANALYZE
Time: 0 hrs, 0 mins, 3 secs, 182 ms
 bn_hits_client_20110916 
-------------------------
                 4461731
(1 row)

Time: 0 hrs, 0 mins, 0 secs, 640 ms
END
Time: 0 hrs, 2 mins, 36 secs, 118 ms

Thu Sep 22 13:06:20 EDT 2011

Timing is on.
BEGIN
Time: 0 hrs, 0 mins, 3 secs, 500 ms

           600 - LOAD RESOURCES

SET
Time: 0 hrs, 0 mins, 0 secs, 8 ms
CREATE TABLE
Time: 0 hrs, 0 mins, 49 secs, 857 ms
ANALYZE
Time: 0 hrs, 0 mins, 1 secs, 149 ms
 tmp_a_count 
-------------
      459833
(1 row)

Time: 0 hrs, 0 mins, 0 secs, 398 ms
UPDATE 0
Time: 0 hrs, 0 mins, 4 secs, 935 ms
ANALYZE
Time: 0 hrs, 0 mins, 0 secs, 899 ms
TRUNCATE
Time: 0 hrs, 0 mins, 2 secs, 287 ms
INSERT 0 169636
Time: 0 hrs, 0 mins, 37 secs, 538 ms
ANALYZE
Time: 0 hrs, 0 mins, 3 secs, 250 ms
 first_resource_id | last_resource_id 
-------------------+------------------
          43846206 |         44015841
(1 row)

Time: 0 hrs, 0 mins, 1 secs, 581 ms
INSERT 0 169636
Time: 0 hrs, 0 mins, 9 secs, 635 ms
 total_resources 
-----------------
        43991438
(1 row)

Time: 0 hrs, 0 mins, 1 secs, 709 ms
ANALYZE
Time: 0 hrs, 0 mins, 1 secs, 756 ms
END
Time: 0 hrs, 0 mins, 13 secs, 659 ms
VACUUM
Time: 0 hrs, 0 mins, 52 secs, 286 ms

Thu Sep 22 13:09:24 EDT 2011

Timing is on.

           650 - LOAD_BN_SESSION_STAGE

BEGIN
Time: 0 hrs, 0 mins, 0 secs, 585 ms
SET
Time: 0 hrs, 0 mins, 0 secs, 7 ms
SET
Time: 0 hrs, 0 mins, 0 secs, 14 ms
CREATE TABLE
Time: 0 hrs, 1 mins, 10 secs, 135 ms
ANALYZE
Time: 0 hrs, 0 mins, 3 secs, 498 ms
 tmp_sessionized_stage 
-----------------------
              13024780
(1 row)

Time: 0 hrs, 0 mins, 0 secs, 353 ms
TRUNCATE
Time: 0 hrs, 0 mins, 3 secs, 341 ms
INSERT 0 1859185
Time: 0 hrs, 2 mins, 24 secs, 328 ms
ANALYZE
Time: 0 hrs, 0 mins, 4 secs, 998 ms
CREATE TABLE
Time: 0 hrs, 1 mins, 48 secs, 366 ms
CREATE INDEX
Time: 0 hrs, 0 mins, 5 secs, 62 ms
 tmp_first_last 
----------------
        1859185
(1 row)

Time: 0 hrs, 0 mins, 2 secs, 978 ms
ANALYZE
Time: 0 hrs, 0 mins, 1 secs, 865 ms
SET
Time: 0 hrs, 0 mins, 0 secs, 12 ms
SET
Time: 0 hrs, 0 mins, 0 secs, 12 ms
TRUNCATE
Time: 0 hrs, 0 mins, 7 secs, 179 ms
DROP 
Time: 0 hrs, 0 mins, 2 secs, 636 ms
INSERT 0 1859185
Time: 0 hrs, 0 mins, 10 secs, 125 ms
 bn_session_stage 
------------------
          1859185
(1 row)

Time: 0 hrs, 0 mins, 7 secs, 337 ms
CREATE INDEX
Time: 0 hrs, 0 mins, 2 secs, 602 ms
ANALYZE
Time: 0 hrs, 0 mins, 1 secs, 540 ms
TRUNCATE
Time: 0 hrs, 0 mins, 12 secs, 955 ms
END
Time: 0 hrs, 2 mins, 11 secs, 442 ms

Thu Sep 22 13:18:06 EDT 2011

BEGIN

           660 - LOAD_BN_SESSION_UPDATE_STAGE

SET
TRUNCATE
INSERT 0 0
END

Thu Sep 22 13:19:03 EDT 2011

Timing is on.

           670 - LOAD_BN_SESSION_20110916.UPDATES

BEGIN
Time: 0 hrs, 0 mins, 2 secs, 639 ms
SET
Time: 0 hrs, 0 mins, 0 secs, 15 ms
UPDATE 0
Time: 0 hrs, 0 mins, 0 secs, 162 ms
END
Time: 0 hrs, 0 mins, 22 secs, 4 ms
VACUUM
Time: 0 hrs, 0 mins, 9 secs, 168 ms

Thu Sep 22 13:19:37 EDT 2011

Timing is on.

           700 - LOAD_BN_SESSION

BEGIN
Time: 0 hrs, 0 mins, 0 secs, 128 ms
SET
Time: 0 hrs, 0 mins, 0 secs, 8 ms
INSERT 0 1859185
Time: 0 hrs, 0 mins, 18 secs, 149 ms
ANALYZE
Time: 0 hrs, 0 mins, 0 secs, 642 ms
END
Time: 0 hrs, 0 mins, 5 secs, 461 ms

Thu Sep 22 13:20:02 EDT 2011

Timing is on.

            750 - LOAD_BN_SESSION_SUMMARY   

BEGIN
Time: 0 hrs, 0 mins, 0 secs, 334 ms
SET
Time: 0 hrs, 0 mins, 0 secs, 6 ms
CREATE TABLE
Time: 0 hrs, 0 mins, 17 secs, 21 ms
TRUNCATE
Time: 0 hrs, 0 mins, 4 secs, 90 ms
INSERT 0 263765
Time: 0 hrs, 0 mins, 6 secs, 106 ms
ANALYZE
Time: 0 hrs, 0 mins, 0 secs, 573 ms
 count(1) 
----------
   263765
(1 row)

Time: 0 hrs, 0 mins, 1 secs, 129 ms
END
Time: 0 hrs, 0 mins, 4 secs, 183 ms

Thu Sep 22 13:20:36 EDT 2011

Timing is on.

           800 - LOAD_BN_HITS

BEGIN
Time: 0 hrs, 0 mins, 0 secs, 131 ms
SET
Time: 0 hrs, 0 mins, 0 secs, 7 ms
SET
Time: 0 hrs, 0 mins, 0 secs, 14 ms
SET
Time: 0 hrs, 0 mins, 0 secs, 10 ms
SET
Time: 0 hrs, 0 mins, 0 secs, 14 ms
TRUNCATE
Time: 0 hrs, 0 mins, 1 secs, 340 ms
INSERT 0 13024780
Time: 0 hrs, 0 mins, 5 secs, 550 ms
 count(1) 
----------
 13024780
(1 row)

Time: 0 hrs, 0 mins, 3 secs, 957 ms
ANALYZE
Time: 0 hrs, 0 mins, 4 secs, 162 ms
END
Time: 0 hrs, 0 mins, 23 secs, 810 ms

Thu Sep 22 13:21:15 EDT 2011

Timing is on.

            900 - LOAD_CLICKSTREAM   

BEGIN
Time: 0 hrs, 0 mins, 0 secs, 152 ms
SET
Time: 0 hrs, 0 mins, 0 secs, 7 ms
TRUNCATE
Time: 0 hrs, 0 mins, 3 secs, 109 ms
INSERT 0 13024780
Time: 0 hrs, 1 mins, 26 secs, 912 ms
 count(1) 
----------
 13024780
(1 row)

Time: 0 hrs, 0 mins, 2 secs, 306 ms
ANALYZE
Time: 0 hrs, 0 mins, 2 secs, 642 ms
END
Time: 0 hrs, 0 mins, 27 secs, 406 ms

Thu Sep 22 13:23:18 EDT 2011

Timing is on.

            1000 - PAGE_VIEW_SUMMARY  

BEGIN
Time: 0 hrs, 0 mins, 0 secs, 137 ms
SET
Time: 0 hrs, 0 mins, 0 secs, 7 ms
SET
Time: 0 hrs, 0 mins, 0 secs, 14 ms
TRUNCATE
Time: 0 hrs, 0 mins, 6 secs, 897 ms
INSERT 0 471286
Time: 0 hrs, 0 mins, 10 secs, 279 ms
 count(1) 
----------
   471286
(1 row)

Time: 0 hrs, 0 mins, 0 secs, 716 ms
ANALYZE
Time: 0 hrs, 0 mins, 0 secs, 82 ms
END
Time: 0 hrs, 0 mins, 9 secs, 163 ms

Thu Sep 22 13:23:45 EDT 2011


2000 - WRAP UP 

Timing is on.
BEGIN
Time: 0 hrs, 0 mins, 0 secs, 127 ms
TRUNCATE
Time: 0 hrs, 0 mins, 5 secs, 809 ms
TRUNCATE
Time: 0 hrs, 0 mins, 2 secs, 861 ms
END
Time: 0 hrs, 0 mins, 17 secs, 621 ms
Thu Sep 22 13:24:12 EDT 2011
Removing lock file and waiting for a minute
Total time taken:  54  minutes.
