Checking for lock file /tmp/.iislock
Acquired lock file /tmp/.iislock
-------------------------------------
Processing for 20110712
-------------------------------------

Wed Jul 13 04:28:44 EDT 2011

Timing is on.

           000 - INIT

BEGIN
Time: 0 hrs, 0 mins, 1 secs, 78 ms
*** Truncating staging tables before workflow starts ***
SET
Time: 0 hrs, 0 mins, 0 secs, 11 ms
GRANT
Time: 0 hrs, 0 mins, 1 secs, 31 ms
END
Time: 0 hrs, 0 mins, 0 secs, 797 ms

Wed Jul 13 04:28:48 EDT 2011

Timing is on.

            200 - LOAD_BN_IISLOGS   

BEGIN
Time: 0 hrs, 0 mins, 1 secs, 772 ms
SET
Time: 0 hrs, 0 mins, 0 secs, 15 ms
TRUNCATE
Time: 0 hrs, 0 mins, 0 secs, 632 ms
INSERT 0 63337661
Time: 0 hrs, 10 mins, 28 secs, 154 ms
END
Time: 0 hrs, 0 mins, 35 secs, 408 ms
ALTER TABLE
Time: 0 hrs, 5 mins, 53 secs, 244 ms

Wed Jul 13 04:45:47 EDT 2011

Timing is on.
BEGIN
Time: 0 hrs, 0 mins, 0 secs, 933 ms
SET
Time: 0 hrs, 0 mins, 0 secs, 13 ms

            250 - LOAD_BN_HITS_SP   

TRUNCATE
Time: 0 hrs, 0 mins, 1 secs, 26 ms
ERROR:  column "w"."work_id" does not exist
NOTICE:  current transaction is aborted, queries ignored until end of transaction block
ABORT
Time: 0 hrs, 0 mins, 0 secs, 34 ms

Wed Jul 13 04:45:50 EDT 2011

Timing is on.
BEGIN
Time: 0 hrs, 0 mins, 0 secs, 855 ms
SET
Time: 0 hrs, 0 mins, 0 secs, 11 ms

           300 - DYNAMIC FILTER

TRUNCATE
Time: 0 hrs, 0 mins, 1 secs, 439 ms
INSERT 0 18507721
Time: 0 hrs, 0 mins, 8 secs, 522 ms
ANALYZE
Time: 0 hrs, 0 mins, 1 secs, 698 ms
 Total records in web_click_cnt 
--------------------------------
                       18507721
(1 row)

Time: 0 hrs, 0 mins, 1 secs, 432 ms
CREATE TABLE
Time: 0 hrs, 0 mins, 3 secs, 466 ms
ANALYZE
Time: 0 hrs, 0 mins, 0 secs, 87 ms
CREATE TABLE
Time: 0 hrs, 0 mins, 1 secs, 381 ms
ANALYZE
Time: 0 hrs, 0 mins, 0 secs, 95 ms
DELETE 1
Time: 0 hrs, 0 mins, 0 secs, 126 ms
INSERT 0 1
Time: 0 hrs, 0 mins, 0 secs, 209 ms
DELETE 1
Time: 0 hrs, 0 mins, 0 secs, 100 ms
INSERT 0 1
Time: 0 hrs, 0 mins, 0 secs, 228 ms
CREATE TABLE
Time: 0 hrs, 0 mins, 2 secs, 527 ms
ANALYZE
Time: 0 hrs, 0 mins, 0 secs, 94 ms
CREATE TABLE
Time: 0 hrs, 0 mins, 0 secs, 478 ms
ANALYZE
Time: 0 hrs, 0 mins, 0 secs, 675 ms
DELETE 1
Time: 0 hrs, 0 mins, 0 secs, 91 ms
INSERT 0 1
Time: 0 hrs, 0 mins, 0 secs, 967 ms
DELETE 1
Time: 0 hrs, 0 mins, 0 secs, 90 ms
INSERT 0 1
Time: 0 hrs, 0 mins, 1 secs, 607 ms
ANALYZE
Time: 0 hrs, 0 mins, 0 secs, 79 ms
    tablename     |    attr_name    | attr_value 
------------------+-----------------+------------
 BN_FILTER_SPIDER | CLK_USER_SD_MPL | 10
 BN_FILTER_SPIDER | IP_USER_SD_MPL  | 1
 BN_FILTER_SPIDER | IP_USER_RATIO   | .955
 BN_FILTER_SPIDER | CLK_USER_MEAN   | 13.861
 BN_FILTER_SPIDER | CLK_USER_SD     | 73.859
 BN_FILTER_SPIDER | IP_USER_MEAN    | 23.043
 BN_FILTER_SPIDER | IP_USER_SD      | 1613.262
(7 rows)

Time: 0 hrs, 0 mins, 0 secs, 165 ms
CREATE TABLE
Time: 0 hrs, 0 mins, 5 secs, 229 ms
CREATE TABLE
Time: 0 hrs, 0 mins, 0 secs, 422 ms
 l_mean_sd_mpl 
---------------
       752.451
(1 row)

Time: 0 hrs, 0 mins, 0 secs, 263 ms
TRUNCATE
Time: 0 hrs, 0 mins, 0 secs, 551 ms
INSERT 0 177
Time: 0 hrs, 0 mins, 4 secs, 700 ms
ANALYZE
Time: 0 hrs, 0 mins, 0 secs, 379 ms
 Total click_user bn_spider_ip records 
---------------------------------------
                                   177
(1 row)

Time: 0 hrs, 0 mins, 0 secs, 483 ms
CREATE TABLE
Time: 0 hrs, 0 mins, 1 secs, 528 ms
ANALYZE
Time: 0 hrs, 0 mins, 0 secs, 63 ms
CREATE TABLE
Time: 0 hrs, 0 mins, 1 secs, 500 ms
ANALYZE
Time: 0 hrs, 0 mins, 0 secs, 120 ms
DROP 
Time: 0 hrs, 0 mins, 0 secs, 198 ms
CREATE TABLE
Time: 0 hrs, 0 mins, 0 secs, 258 ms
 l_mean_sd_mpl | l_ratio 
---------------+---------
      1636.305 |   0.955
(1 row)

Time: 0 hrs, 0 mins, 0 secs, 118 ms
INSERT 0 16094595
Time: 0 hrs, 0 mins, 5 secs, 893 ms
ANALYZE
Time: 0 hrs, 0 mins, 0 secs, 318 ms
 Total ip_user_filter bn_spider_ip records 
-------------------------------------------
                                  16094595
(1 row)

Time: 0 hrs, 0 mins, 0 secs, 414 ms
TRUNCATE
Time: 0 hrs, 0 mins, 0 secs, 468 ms
INSERT 0 17773149
Time: 0 hrs, 0 mins, 26 secs, 488 ms
ANALYZE
Time: 0 hrs, 0 mins, 4 secs, 323 ms
 bn_hits_stage 
---------------
      17773149
(1 row)

Time: 0 hrs, 0 mins, 2 secs, 452 ms
INSERT 0 16618893
Time: 0 hrs, 0 mins, 40 secs, 310 ms
ANALYZE
Time: 0 hrs, 0 mins, 3 secs, 766 ms
 bn_hits_sp_20110712 
---------------------
            16618893
(1 row)

Time: 0 hrs, 0 mins, 0 secs, 328 ms
TRUNCATE
Time: 0 hrs, 0 mins, 0 secs, 667 ms
INSERT 0 5821417
Time: 0 hrs, 0 mins, 5 secs, 947 ms
ANALYZE
Time: 0 hrs, 0 mins, 3 secs, 96 ms
 bn_hits_client_20110712 
-------------------------
                 5821417
(1 row)

Time: 0 hrs, 0 mins, 0 secs, 181 ms
END
Time: 0 hrs, 0 mins, 5 secs, 416 ms

Wed Jul 13 04:48:12 EDT 2011

Timing is on.
BEGIN
Time: 0 hrs, 0 mins, 1 secs, 117 ms

           600 - LOAD RESOURCES

SET
Time: 0 hrs, 0 mins, 0 secs, 12 ms
CREATE TABLE
Time: 0 hrs, 0 mins, 19 secs, 92 ms
ANALYZE
Time: 0 hrs, 0 mins, 1 secs, 958 ms
 tmp_a_count 
-------------
      459990
(1 row)

Time: 0 hrs, 0 mins, 1 secs, 98 ms
UPDATE 0
Time: 0 hrs, 0 mins, 4 secs, 284 ms
ANALYZE
Time: 0 hrs, 0 mins, 0 secs, 655 ms
TRUNCATE
Time: 0 hrs, 0 mins, 0 secs, 677 ms
INSERT 0 178957
Time: 0 hrs, 0 mins, 20 secs, 800 ms
ANALYZE
Time: 0 hrs, 0 mins, 1 secs, 127 ms
 first_resource_id | last_resource_id 
-------------------+------------------
          23967625 |         24146581
(1 row)

Time: 0 hrs, 0 mins, 0 secs, 546 ms
INSERT 0 178957
Time: 0 hrs, 0 mins, 2 secs, 870 ms
 total_resources 
-----------------
        24122185
(1 row)

Time: 0 hrs, 0 mins, 0 secs, 546 ms
ANALYZE
Time: 0 hrs, 0 mins, 0 secs, 637 ms
END
Time: 0 hrs, 0 mins, 7 secs, 417 ms
VACUUM
Time: 0 hrs, 0 mins, 31 secs, 684 ms

Wed Jul 13 04:49:47 EDT 2011

Timing is on.

           650 - LOAD_BN_SESSION_STAGE

BEGIN
Time: 0 hrs, 0 mins, 0 secs, 822 ms
SET
Time: 0 hrs, 0 mins, 0 secs, 10 ms
SET
Time: 0 hrs, 0 mins, 0 secs, 18 ms
CREATE TABLE
Time: 0 hrs, 0 mins, 43 secs, 237 ms
ANALYZE
Time: 0 hrs, 0 mins, 3 secs, 810 ms
 tmp_sessionized_stage 
-----------------------
              17773149
(1 row)

Time: 0 hrs, 0 mins, 0 secs, 415 ms
TRUNCATE
Time: 0 hrs, 0 mins, 0 secs, 455 ms
INSERT 0 2055944
Time: 0 hrs, 0 mins, 26 secs, 549 ms
ANALYZE
Time: 0 hrs, 0 mins, 0 secs, 594 ms
CREATE TABLE
Time: 0 hrs, 1 mins, 21 secs, 710 ms
CREATE INDEX
Time: 0 hrs, 0 mins, 0 secs, 520 ms
 tmp_first_last 
----------------
        2055944
(1 row)

Time: 0 hrs, 0 mins, 0 secs, 353 ms
ANALYZE
Time: 0 hrs, 0 mins, 1 secs, 608 ms
SET
Time: 0 hrs, 0 mins, 0 secs, 18 ms
SET
Time: 0 hrs, 0 mins, 0 secs, 22 ms
TRUNCATE
Time: 0 hrs, 0 mins, 2 secs, 54 ms
DROP
Time: 0 hrs, 0 mins, 0 secs, 144 ms
INSERT 0 2055944
Time: 0 hrs, 0 mins, 6 secs, 779 ms
 bn_session_stage 
------------------
          2055944
(1 row)

Time: 0 hrs, 0 mins, 1 secs, 998 ms
CREATE INDEX
Time: 0 hrs, 0 mins, 0 secs, 600 ms
ANALYZE
Time: 0 hrs, 0 mins, 1 secs, 38 ms
TRUNCATE
Time: 0 hrs, 0 mins, 1 secs, 69 ms
END
Time: 0 hrs, 0 mins, 10 secs, 48 ms

Wed Jul 13 04:52:51 EDT 2011

BEGIN

           660 - LOAD_BN_SESSION_UPDATE_STAGE

SET
TRUNCATE
INSERT 0 0
END

Wed Jul 13 04:52:56 EDT 2011

Timing is on.

           670 - LOAD_BN_SESSION_20110712.UPDATES

BEGIN
Time: 0 hrs, 0 mins, 2 secs, 429 ms
SET
Time: 0 hrs, 0 mins, 0 secs, 10 ms
UPDATE 0
Time: 0 hrs, 0 mins, 0 secs, 457 ms
END
Time: 0 hrs, 0 mins, 21 secs, 188 ms
VACUUM
Time: 0 hrs, 0 mins, 4 secs, 532 ms

Wed Jul 13 04:53:25 EDT 2011

Timing is on.

           700 - LOAD_BN_SESSION

BEGIN
Time: 0 hrs, 0 mins, 0 secs, 917 ms
SET
Time: 0 hrs, 0 mins, 0 secs, 10 ms
INSERT 0 2055944
Time: 0 hrs, 0 mins, 7 secs, 777 ms
ANALYZE
Time: 0 hrs, 0 mins, 1 secs, 188 ms
END
Time: 0 hrs, 0 mins, 5 secs, 397 ms

Wed Jul 13 04:53:41 EDT 2011

Timing is on.

            750 - LOAD_BN_SESSION_SUMMARY   

BEGIN
Time: 0 hrs, 0 mins, 1 secs, 203 ms
SET
Time: 0 hrs, 0 mins, 0 secs, 10 ms
CREATE TABLE
Time: 0 hrs, 0 mins, 7 secs, 937 ms
TRUNCATE
Time: 0 hrs, 0 mins, 0 secs, 472 ms
INSERT 0 302841
Time: 0 hrs, 0 mins, 4 secs, 637 ms
ANALYZE
Time: 0 hrs, 0 mins, 0 secs, 850 ms
 count(1) 
----------
   302841
(1 row)

Time: 0 hrs, 0 mins, 0 secs, 106 ms
END
Time: 0 hrs, 0 mins, 1 secs, 188 ms

Wed Jul 13 04:53:57 EDT 2011

Timing is on.

           800 - LOAD_BN_HITS

BEGIN
Time: 0 hrs, 0 mins, 0 secs, 867 ms
SET
Time: 0 hrs, 0 mins, 0 secs, 11 ms
SET
Time: 0 hrs, 0 mins, 0 secs, 19 ms
SET
Time: 0 hrs, 0 mins, 0 secs, 18 ms
SET
Time: 0 hrs, 0 mins, 0 secs, 22 ms
TRUNCATE
Time: 0 hrs, 0 mins, 0 secs, 445 ms
INSERT 0 17773149
Time: 0 hrs, 0 mins, 5 secs, 507 ms
 count(1) 
----------
 17773149
(1 row)

Time: 0 hrs, 0 mins, 2 secs, 743 ms
ANALYZE
Time: 0 hrs, 0 mins, 4 secs, 522 ms
END
Time: 0 hrs, 0 mins, 7 secs, 464 ms

Wed Jul 13 04:54:19 EDT 2011

Timing is on.

            900 - LOAD_CLICKSTREAM   

BEGIN
Time: 0 hrs, 0 mins, 1 secs, 233 ms
SET
Time: 0 hrs, 0 mins, 0 secs, 10 ms
TRUNCATE
Time: 0 hrs, 0 mins, 0 secs, 815 ms
INSERT 0 17773149
Time: 0 hrs, 2 mins, 9 secs, 143 ms
 count(1) 
----------
 17773149
(1 row)

Time: 0 hrs, 0 mins, 1 secs, 289 ms
ANALYZE
Time: 0 hrs, 0 mins, 1 secs, 332 ms
END
Time: 0 hrs, 0 mins, 11 secs, 344 ms

Wed Jul 13 04:56:45 EDT 2011

Timing is on.

            1000 - PAGE_VIEW_SUMMARY  

BEGIN
Time: 0 hrs, 0 mins, 1 secs, 108 ms
SET
Time: 0 hrs, 0 mins, 0 secs, 13 ms
SET
Time: 0 hrs, 0 mins, 0 secs, 19 ms
TRUNCATE
Time: 0 hrs, 0 mins, 0 secs, 825 ms
INSERT 0 471969
Time: 0 hrs, 0 mins, 4 secs, 252 ms
 count(1) 
----------
   471969
(1 row)

Time: 0 hrs, 0 mins, 0 secs, 228 ms
ANALYZE
Time: 0 hrs, 0 mins, 0 secs, 193 ms
END
Time: 0 hrs, 0 mins, 3 secs, 877 ms

Wed Jul 13 04:56:56 EDT 2011


2000 - WRAP UP 

Timing is on.
BEGIN
Time: 0 hrs, 0 mins, 1 secs, 89 ms
TRUNCATE
Time: 0 hrs, 0 mins, 0 secs, 365 ms
TRUNCATE
Time: 0 hrs, 0 mins, 0 secs, 335 ms
END
Time: 0 hrs, 0 mins, 5 secs, 911 ms
Wed Jul 13 04:57:03 EDT 2011
Removing lock file and waiting for a minute
Running time of run.sh 20110712: 1759 seconds
Checking for lock file /tmp/.iislock
Acquired lock file /tmp/.iislock
-------------------------------------
Processing for 20110712
-------------------------------------

Thu Jul 14 04:51:20 EDT 2011

Timing is on.

           000 - INIT

BEGIN
Time: 0 hrs, 0 mins, 1 secs, 446 ms
*** Truncating staging tables before workflow starts ***
SET
Time: 0 hrs, 0 mins, 0 secs, 11 ms
GRANT
Time: 0 hrs, 0 mins, 8 secs, 621 ms
END
Time: 0 hrs, 0 mins, 52 secs, 362 ms

Thu Jul 14 04:52:23 EDT 2011

Timing is on.

            200 - LOAD_BN_IISLOGS   

BEGIN
Time: 0 hrs, 0 mins, 1 secs, 772 ms
SET
Time: 0 hrs, 0 mins, 0 secs, 12 ms
TRUNCATE
Time: 0 hrs, 0 mins, 1 secs, 441 ms
INSERT 0 83598641
Time: 0 hrs, 15 mins, 56 secs, 2 ms
END
Time: 0 hrs, 1 mins, 28 secs, 210 ms
ALTER TABLE
Time: 0 hrs, 1 mins, 19 secs, 644 ms

Thu Jul 14 05:11:10 EDT 2011

Timing is on.
BEGIN
Time: 0 hrs, 0 mins, 1 secs, 830 ms
SET
Time: 0 hrs, 0 mins, 0 secs, 10 ms

            250 - LOAD_BN_HITS_SP   

TRUNCATE
Time: 0 hrs, 0 mins, 3 secs, 960 ms
INSERT 0 30488864
Time: 0 hrs, 4 mins, 44 secs, 573 ms
ANALYZE
Time: 0 hrs, 0 mins, 3 secs, 873 ms
END
Time: 0 hrs, 0 mins, 1 secs, 216 ms

Thu Jul 14 05:16:06 EDT 2011

Timing is on.
BEGIN
Time: 0 hrs, 0 mins, 1 secs, 168 ms
SET
Time: 0 hrs, 0 mins, 0 secs, 13 ms

           300 - DYNAMIC FILTER

TRUNCATE
Time: 0 hrs, 0 mins, 0 secs, 630 ms
INSERT 0 23061332
Time: 0 hrs, 0 mins, 7 secs, 668 ms
ANALYZE
Time: 0 hrs, 0 mins, 0 secs, 493 ms
 Total records in web_click_cnt 
--------------------------------
                       23061332
(1 row)

Time: 0 hrs, 0 mins, 0 secs, 470 ms
CREATE TABLE
Time: 0 hrs, 0 mins, 3 secs, 671 ms
ANALYZE
Time: 0 hrs, 0 mins, 0 secs, 106 ms
CREATE TABLE
Time: 0 hrs, 0 mins, 0 secs, 542 ms
ANALYZE
Time: 0 hrs, 0 mins, 0 secs, 152 ms
DELETE 1
Time: 0 hrs, 0 mins, 0 secs, 253 ms
INSERT 0 1
Time: 0 hrs, 0 mins, 0 secs, 362 ms
DELETE 1
Time: 0 hrs, 0 mins, 0 secs, 211 ms
INSERT 0 1
Time: 0 hrs, 0 mins, 0 secs, 454 ms
CREATE TABLE
Time: 0 hrs, 0 mins, 2 secs, 563 ms
ANALYZE
Time: 0 hrs, 0 mins, 0 secs, 89 ms
CREATE TABLE
Time: 0 hrs, 0 mins, 0 secs, 673 ms
ANALYZE
Time: 0 hrs, 0 mins, 0 secs, 132 ms
DELETE 1
Time: 0 hrs, 0 mins, 0 secs, 88 ms
INSERT 0 1
Time: 0 hrs, 0 mins, 0 secs, 431 ms
DELETE 1
Time: 0 hrs, 0 mins, 0 secs, 84 ms
INSERT 0 1
Time: 0 hrs, 0 mins, 0 secs, 310 ms
ANALYZE
Time: 0 hrs, 0 mins, 1 secs, 94 ms
    tablename     |    attr_name    | attr_value 
------------------+-----------------+------------
 BN_FILTER_SPIDER | CLK_USER_SD_MPL | 10
 BN_FILTER_SPIDER | IP_USER_SD_MPL  | 1
 BN_FILTER_SPIDER | IP_USER_RATIO   | .955
 BN_FILTER_SPIDER | CLK_USER_MEAN   | 14.476
 BN_FILTER_SPIDER | CLK_USER_SD     | 77.629
 BN_FILTER_SPIDER | IP_USER_MEAN    | 22.137
 BN_FILTER_SPIDER | IP_USER_SD      | 1771.034
(7 rows)

Time: 0 hrs, 0 mins, 0 secs, 194 ms
CREATE TABLE
Time: 0 hrs, 0 mins, 8 secs, 189 ms
CREATE TABLE
Time: 0 hrs, 0 mins, 0 secs, 344 ms
 l_mean_sd_mpl 
---------------
       790.766
(1 row)

Time: 0 hrs, 0 mins, 0 secs, 430 ms
TRUNCATE
Time: 0 hrs, 0 mins, 0 secs, 955 ms
INSERT 0 221
Time: 0 hrs, 0 mins, 6 secs, 326 ms
ANALYZE
Time: 0 hrs, 0 mins, 0 secs, 205 ms
 Total click_user bn_spider_ip records 
---------------------------------------
                                   221
(1 row)

Time: 0 hrs, 0 mins, 0 secs, 550 ms
CREATE TABLE
Time: 0 hrs, 0 mins, 1 secs, 585 ms
ANALYZE
Time: 0 hrs, 0 mins, 0 secs, 67 ms
CREATE TABLE
Time: 0 hrs, 0 mins, 1 secs, 645 ms
ANALYZE
Time: 0 hrs, 0 mins, 0 secs, 135 ms
DROP 
Time: 0 hrs, 0 mins, 0 secs, 238 ms
CREATE TABLE
Time: 0 hrs, 0 mins, 0 secs, 436 ms
 l_mean_sd_mpl | l_ratio 
---------------+---------
      1793.171 |   0.955
(1 row)

Time: 0 hrs, 0 mins, 0 secs, 133 ms
INSERT 0 20048198
Time: 0 hrs, 0 mins, 7 secs, 495 ms
ANALYZE
Time: 0 hrs, 0 mins, 0 secs, 367 ms
 Total ip_user_filter bn_spider_ip records 
-------------------------------------------
                                  20048198
(1 row)

Time: 0 hrs, 0 mins, 0 secs, 524 ms
TRUNCATE
Time: 0 hrs, 0 mins, 0 secs, 612 ms
INSERT 0 23558676
Time: 0 hrs, 0 mins, 30 secs, 160 ms
ANALYZE
Time: 0 hrs, 0 mins, 6 secs, 225 ms
 bn_hits_stage 
---------------
      23558676
(1 row)

Time: 0 hrs, 0 mins, 0 secs, 856 ms
INSERT 0 20722057
Time: 0 hrs, 1 mins, 28 secs, 678 ms
ANALYZE
Time: 0 hrs, 0 mins, 6 secs, 147 ms
 bn_hits_sp_20110712 
---------------------
            51210921
(1 row)

Time: 0 hrs, 0 mins, 12 secs, 436 ms
TRUNCATE
Time: 0 hrs, 0 mins, 1 secs, 19 ms
INSERT 0 8829044
Time: 0 hrs, 0 mins, 15 secs, 446 ms
ANALYZE
Time: 0 hrs, 0 mins, 2 secs, 757 ms
 bn_hits_client_20110712 
-------------------------
                 8829044
(1 row)

Time: 0 hrs, 0 mins, 0 secs, 191 ms
END
Time: 0 hrs, 0 mins, 6 secs, 667 ms

Thu Jul 14 05:19:49 EDT 2011

Timing is on.
BEGIN
Time: 0 hrs, 0 mins, 1 secs, 120 ms

           600 - LOAD RESOURCES

SET
Time: 0 hrs, 0 mins, 0 secs, 10 ms
CREATE TABLE
Time: 0 hrs, 0 mins, 49 secs, 273 ms
ANALYZE
Time: 0 hrs, 0 mins, 1 secs, 137 ms
 tmp_a_count 
-------------
      571193
(1 row)

Time: 0 hrs, 0 mins, 0 secs, 243 ms
UPDATE 0
Time: 0 hrs, 0 mins, 4 secs, 864 ms
ANALYZE
Time: 0 hrs, 0 mins, 0 secs, 779 ms
TRUNCATE
Time: 0 hrs, 0 mins, 0 secs, 426 ms
INSERT 0 52555
Time: 0 hrs, 0 mins, 12 secs, 491 ms
ANALYZE
Time: 0 hrs, 0 mins, 0 secs, 501 ms
 first_resource_id | last_resource_id 
-------------------+------------------
          24363585 |         24416139
(1 row)

Time: 0 hrs, 0 mins, 0 secs, 231 ms
INSERT 0 52555
Time: 0 hrs, 0 mins, 0 secs, 771 ms
 total_resources 
-----------------
        24391743
(1 row)

Time: 0 hrs, 0 mins, 0 secs, 509 ms
ANALYZE
Time: 0 hrs, 0 mins, 0 secs, 676 ms
END
Time: 0 hrs, 0 mins, 4 secs, 2 ms
VACUUM
Time: 0 hrs, 0 mins, 39 secs, 26 ms

Thu Jul 14 05:21:45 EDT 2011

Timing is on.

           650 - LOAD_BN_SESSION_STAGE

BEGIN
Time: 0 hrs, 0 mins, 1 secs, 512 ms
SET
Time: 0 hrs, 0 mins, 0 secs, 12 ms
SET
Time: 0 hrs, 0 mins, 0 secs, 35 ms
CREATE TABLE
Time: 0 hrs, 0 mins, 53 secs, 195 ms
ANALYZE
Time: 0 hrs, 0 mins, 4 secs, 318 ms
 tmp_sessionized_stage 
-----------------------
              23558676
(1 row)

Time: 0 hrs, 0 mins, 0 secs, 912 ms
TRUNCATE
Time: 0 hrs, 0 mins, 1 secs, 340 ms
INSERT 0 2586118
Time: 0 hrs, 0 mins, 32 secs, 107 ms
ANALYZE
Time: 0 hrs, 0 mins, 0 secs, 707 ms
CREATE TABLE
Time: 0 hrs, 1 mins, 26 secs, 620 ms
CREATE INDEX
Time: 0 hrs, 0 mins, 0 secs, 311 ms
 tmp_first_last 
----------------
        2586118
(1 row)

Time: 0 hrs, 0 mins, 0 secs, 141 ms
ANALYZE
Time: 0 hrs, 0 mins, 1 secs, 106 ms
SET
Time: 0 hrs, 0 mins, 0 secs, 22 ms
SET
Time: 0 hrs, 0 mins, 0 secs, 18 ms
TRUNCATE
Time: 0 hrs, 0 mins, 1 secs, 324 ms
DROP
Time: 0 hrs, 0 mins, 0 secs, 58 ms
INSERT 0 2586118
Time: 0 hrs, 0 mins, 8 secs, 179 ms
 bn_session_stage 
------------------
          2586118
(1 row)

Time: 0 hrs, 0 mins, 0 secs, 854 ms
CREATE INDEX
Time: 0 hrs, 0 mins, 0 secs, 981 ms
ANALYZE
Time: 0 hrs, 0 mins, 1 secs, 302 ms
TRUNCATE
Time: 0 hrs, 0 mins, 0 secs, 604 ms
END
Time: 0 hrs, 0 mins, 12 secs, 405 ms

Thu Jul 14 05:25:14 EDT 2011

BEGIN

           660 - LOAD_BN_SESSION_UPDATE_STAGE

SET
TRUNCATE
INSERT 0 0
END

Thu Jul 14 05:25:22 EDT 2011

Timing is on.

           670 - LOAD_BN_SESSION_20110712.UPDATES

BEGIN
Time: 0 hrs, 0 mins, 0 secs, 911 ms
SET
Time: 0 hrs, 0 mins, 0 secs, 11 ms
UPDATE 0
Time: 0 hrs, 0 mins, 0 secs, 405 ms
END
Time: 0 hrs, 0 mins, 3 secs, 314 ms
VACUUM
Time: 0 hrs, 0 mins, 7 secs, 977 ms

Thu Jul 14 05:25:35 EDT 2011

Timing is on.

           700 - LOAD_BN_SESSION

BEGIN
Time: 0 hrs, 0 mins, 0 secs, 941 ms
SET
Time: 0 hrs, 0 mins, 0 secs, 13 ms
INSERT 0 2586118
Time: 0 hrs, 0 mins, 23 secs, 120 ms
ANALYZE
Time: 0 hrs, 0 mins, 2 secs, 456 ms
END
Time: 0 hrs, 0 mins, 17 secs, 448 ms

Thu Jul 14 05:26:19 EDT 2011

Timing is on.

            750 - LOAD_BN_SESSION_SUMMARY   

BEGIN
Time: 0 hrs, 0 mins, 1 secs, 118 ms
SET
Time: 0 hrs, 0 mins, 0 secs, 10 ms
CREATE TABLE
Time: 0 hrs, 0 mins, 15 secs, 384 ms
TRUNCATE
Time: 0 hrs, 0 mins, 0 secs, 949 ms
INSERT 0 371758
Time: 0 hrs, 0 mins, 5 secs, 595 ms
ANALYZE
Time: 0 hrs, 0 mins, 1 secs, 133 ms
 count(1) 
----------
   371758
(1 row)

Time: 0 hrs, 0 mins, 0 secs, 117 ms
END
Time: 0 hrs, 0 mins, 4 secs, 17 ms

Thu Jul 14 05:26:48 EDT 2011

Timing is on.

           800 - LOAD_BN_HITS

BEGIN
Time: 0 hrs, 0 mins, 1 secs, 39 ms
SET
Time: 0 hrs, 0 mins, 0 secs, 11 ms
SET
Time: 0 hrs, 0 mins, 0 secs, 18 ms
SET
Time: 0 hrs, 0 mins, 0 secs, 20 ms
SET
Time: 0 hrs, 0 mins, 0 secs, 20 ms
TRUNCATE
Time: 0 hrs, 0 mins, 0 secs, 835 ms
INSERT 0 23558676
Time: 0 hrs, 0 mins, 6 secs, 481 ms
 count(1) 
----------
 23558676
(1 row)

Time: 0 hrs, 0 mins, 1 secs, 78 ms
ANALYZE
Time: 0 hrs, 0 mins, 4 secs, 744 ms
END
Time: 0 hrs, 0 mins, 17 secs, 110 ms

Thu Jul 14 05:27:19 EDT 2011

Timing is on.

            900 - LOAD_CLICKSTREAM   

BEGIN
Time: 0 hrs, 0 mins, 1 secs, 965 ms
SET
Time: 0 hrs, 0 mins, 0 secs, 10 ms
TRUNCATE
Time: 0 hrs, 0 mins, 0 secs, 688 ms
INSERT 0 23558676
Time: 0 hrs, 2 mins, 39 secs, 22 ms
 count(1) 
----------
 23558676
(1 row)

Time: 0 hrs, 0 mins, 1 secs, 592 ms
ANALYZE
Time: 0 hrs, 0 mins, 2 secs, 922 ms
END
Time: 0 hrs, 0 mins, 9 secs, 122 ms

Thu Jul 14 05:30:15 EDT 2011

Timing is on.

            1000 - PAGE_VIEW_SUMMARY  

BEGIN
Time: 0 hrs, 0 mins, 2 secs, 528 ms
SET
Time: 0 hrs, 0 mins, 0 secs, 12 ms
SET
Time: 0 hrs, 0 mins, 0 secs, 34 ms
TRUNCATE
Time: 0 hrs, 0 mins, 2 secs, 369 ms
INSERT 0 586534
Time: 0 hrs, 0 mins, 8 secs, 8 ms
 count(1) 
----------
   586534
(1 row)

Time: 0 hrs, 0 mins, 0 secs, 587 ms
ANALYZE
Time: 0 hrs, 0 mins, 0 secs, 185 ms
END
Time: 0 hrs, 0 mins, 8 secs, 519 ms

Thu Jul 14 05:30:38 EDT 2011


2000 - WRAP UP 

Timing is on.
BEGIN
Time: 0 hrs, 0 mins, 1 secs, 17 ms
TRUNCATE
Time: 0 hrs, 0 mins, 0 secs, 337 ms
TRUNCATE
Time: 0 hrs, 0 mins, 1 secs, 81 ms
END
Time: 0 hrs, 0 mins, 6 secs, 176 ms
Thu Jul 14 05:30:46 EDT 2011
Removing lock file and waiting for a minute
Running time of run.sh 20110712: 40 minutes
