Checking for lock file /tmp/.iislock
Acquired lock file /tmp/.iislock
-------------------------------------
Processing for 20110608
-------------------------------------

Thu Jul 21 17:11:54 EDT 2011

Timing is on.

           000 - INIT

BEGIN
Time: 0 hrs, 0 mins, 2 secs, 840 ms
*** Truncating staging tables before workflow starts ***
SET
Time: 0 hrs, 0 mins, 0 secs, 7 ms
GRANT
Time: 0 hrs, 0 mins, 25 secs, 820 ms
END
Time: 0 hrs, 0 mins, 22 secs, 251 ms

Thu Jul 21 17:12:47 EDT 2011

Timing is on.

            200 - LOAD_BN_IISLOGS   

BEGIN
Time: 0 hrs, 0 mins, 7 secs, 371 ms
SET
Time: 0 hrs, 0 mins, 0 secs, 11 ms
TRUNCATE
Time: 0 hrs, 2 mins, 38 secs, 430 ms
INSERT 0 81786227
Time: 0 hrs, 18 mins, 56 secs, 451 ms
END
Time: 0 hrs, 2 mins, 1 secs, 290 ms
ALTER TABLE
Time: 0 hrs, 0 mins, 35 secs, 624 ms

Thu Jul 21 17:37:06 EDT 2011

Timing is on.
BEGIN
Time: 0 hrs, 0 mins, 2 secs, 909 ms
SET
Time: 0 hrs, 0 mins, 0 secs, 14 ms

            250 - LOAD_BN_HITS_SP   

TRUNCATE
Time: 0 hrs, 0 mins, 4 secs, 266 ms
INSERT 0 27932770
Time: 0 hrs, 4 mins, 35 secs, 335 ms
ANALYZE
Time: 0 hrs, 0 mins, 4 secs, 302 ms
END
Time: 0 hrs, 1 mins, 29 secs, 137 ms

Thu Jul 21 17:43:22 EDT 2011

Timing is on.
BEGIN
Time: 0 hrs, 0 mins, 1 secs, 398 ms
SET
Time: 0 hrs, 0 mins, 0 secs, 14 ms

           300 - DYNAMIC FILTER

TRUNCATE
Time: 0 hrs, 0 mins, 2 secs, 28 ms
INSERT 0 19344801
Time: 0 hrs, 0 mins, 21 secs, 528 ms
ANALYZE
Time: 0 hrs, 0 mins, 3 secs, 734 ms
 Total records in web_click_cnt 
--------------------------------
                       19344801
(1 row)

Time: 0 hrs, 0 mins, 0 secs, 404 ms
CREATE TABLE
Time: 0 hrs, 0 mins, 5 secs, 631 ms
ANALYZE
Time: 0 hrs, 0 mins, 0 secs, 164 ms
CREATE TABLE
Time: 0 hrs, 0 mins, 3 secs, 329 ms
ANALYZE
Time: 0 hrs, 0 mins, 0 secs, 152 ms
DELETE 1
Time: 0 hrs, 0 mins, 0 secs, 250 ms
INSERT 0 1
Time: 0 hrs, 0 mins, 1 secs, 36 ms
DELETE 1
Time: 0 hrs, 0 mins, 0 secs, 139 ms
INSERT 0 1
Time: 0 hrs, 0 mins, 0 secs, 819 ms
CREATE TABLE
Time: 0 hrs, 0 mins, 2 secs, 803 ms
ANALYZE
Time: 0 hrs, 0 mins, 0 secs, 127 ms
CREATE TABLE
Time: 0 hrs, 0 mins, 0 secs, 562 ms
ANALYZE
Time: 0 hrs, 0 mins, 0 secs, 133 ms
DELETE 1
Time: 0 hrs, 0 mins, 0 secs, 169 ms
INSERT 0 1
Time: 0 hrs, 0 mins, 0 secs, 630 ms
DELETE 1
Time: 0 hrs, 0 mins, 0 secs, 118 ms
INSERT 0 1
Time: 0 hrs, 0 mins, 1 secs, 328 ms
ANALYZE
Time: 0 hrs, 0 mins, 0 secs, 162 ms
    tablename     |    attr_name    | attr_value 
------------------+-----------------+------------
 BN_FILTER_SPIDER | CLK_USER_SD_MPL | 10
 BN_FILTER_SPIDER | IP_USER_SD_MPL  | 1
 BN_FILTER_SPIDER | IP_USER_RATIO   | .955
 BN_FILTER_SPIDER | CLK_USER_MEAN   | 14.861
 BN_FILTER_SPIDER | CLK_USER_SD     | 362.998
 BN_FILTER_SPIDER | IP_USER_MEAN    | 19.954
 BN_FILTER_SPIDER | IP_USER_SD      | 3800.970
(7 rows)

Time: 0 hrs, 0 mins, 2 secs, 324 ms
CREATE TABLE
Time: 0 hrs, 0 mins, 8 secs, 596 ms
CREATE TABLE
Time: 0 hrs, 0 mins, 1 secs, 174 ms
 l_mean_sd_mpl 
---------------
      3644.841
(1 row)

Time: 0 hrs, 0 mins, 0 secs, 202 ms
TRUNCATE
Time: 0 hrs, 0 mins, 0 secs, 776 ms
INSERT 0 47
Time: 0 hrs, 0 mins, 12 secs, 364 ms
ANALYZE
Time: 0 hrs, 0 mins, 0 secs, 63 ms
 Total click_user bn_spider_ip records 
---------------------------------------
                                    47
(1 row)

Time: 0 hrs, 0 mins, 0 secs, 282 ms
CREATE TABLE
Time: 0 hrs, 0 mins, 2 secs, 76 ms
ANALYZE
Time: 0 hrs, 0 mins, 0 secs, 84 ms
CREATE TABLE
Time: 0 hrs, 1 mins, 10 secs, 740 ms
ANALYZE
Time: 0 hrs, 0 mins, 0 secs, 90 ms
DROP 
Time: 0 hrs, 0 mins, 0 secs, 331 ms
CREATE TABLE
Time: 0 hrs, 0 mins, 0 secs, 399 ms
 l_mean_sd_mpl | l_ratio 
---------------+---------
      3820.924 |   0.955
(1 row)

Time: 0 hrs, 0 mins, 0 secs, 156 ms
INSERT 0 16169459
Time: 0 hrs, 0 mins, 21 secs, 164 ms
ANALYZE
Time: 0 hrs, 0 mins, 0 secs, 520 ms
 Total ip_user_filter bn_spider_ip records 
-------------------------------------------
                                  16169459
(1 row)

Time: 0 hrs, 0 mins, 0 secs, 729 ms
TRUNCATE
Time: 0 hrs, 0 mins, 0 secs, 521 ms
INSERT 0 22122720
Time: 0 hrs, 0 mins, 33 secs, 675 ms
ANALYZE
Time: 0 hrs, 0 mins, 3 secs, 411 ms
 bn_hits_stage 
---------------
      22122720
(1 row)

Time: 0 hrs, 0 mins, 0 secs, 358 ms
INSERT 0 23527755
Time: 0 hrs, 1 mins, 40 secs, 821 ms
ANALYZE
Time: 0 hrs, 0 mins, 13 secs, 254 ms
 bn_hits_sp_20110608 
---------------------
            51460525
(1 row)

Time: 0 hrs, 0 mins, 18 secs, 121 ms
TRUNCATE
Time: 0 hrs, 0 mins, 1 secs, 572 ms
INSERT 0 8202982
Time: 0 hrs, 0 mins, 10 secs, 119 ms
ANALYZE
Time: 0 hrs, 0 mins, 2 secs, 249 ms
 bn_hits_client_20110608 
-------------------------
                 8202982
(1 row)

Time: 0 hrs, 0 mins, 0 secs, 605 ms
END
Time: 0 hrs, 0 mins, 18 secs, 351 ms

Thu Jul 21 17:49:34 EDT 2011

Timing is on.
BEGIN
Time: 0 hrs, 0 mins, 5 secs, 244 ms

           600 - LOAD RESOURCES

SET
Time: 0 hrs, 0 mins, 0 secs, 17 ms
CREATE TABLE
Time: 0 hrs, 0 mins, 35 secs, 323 ms
ANALYZE
Time: 0 hrs, 0 mins, 2 secs, 221 ms
 tmp_a_count 
-------------
      593770
(1 row)

Time: 0 hrs, 0 mins, 0 secs, 239 ms
UPDATE 0
Time: 0 hrs, 0 mins, 5 secs, 933 ms
ANALYZE
Time: 0 hrs, 0 mins, 0 secs, 733 ms
TRUNCATE
Time: 0 hrs, 0 mins, 0 secs, 584 ms
INSERT 0 220648
Time: 0 hrs, 0 mins, 21 secs, 674 ms
ANALYZE
Time: 0 hrs, 0 mins, 0 secs, 699 ms
 first_resource_id | last_resource_id 
-------------------+------------------
          26744270 |         26964917
(1 row)

Time: 0 hrs, 0 mins, 0 secs, 576 ms
INSERT 0 220648
Time: 0 hrs, 0 mins, 5 secs, 147 ms
 total_resources 
-----------------
        26940521
(1 row)

Time: 0 hrs, 0 mins, 0 secs, 343 ms
ANALYZE
Time: 0 hrs, 0 mins, 0 secs, 649 ms
END
Time: 0 hrs, 0 mins, 15 secs, 983 ms
VACUUM
Time: 0 hrs, 1 mins, 55 secs, 124 ms

Thu Jul 21 17:53:06 EDT 2011

Timing is on.

           650 - LOAD_BN_SESSION_STAGE

BEGIN
Time: 0 hrs, 0 mins, 1 secs, 480 ms
SET
Time: 0 hrs, 0 mins, 0 secs, 12 ms
SET
Time: 0 hrs, 0 mins, 0 secs, 98 ms
CREATE TABLE
Time: 0 hrs, 1 mins, 12 secs, 875 ms
ANALYZE
Time: 0 hrs, 0 mins, 12 secs, 201 ms
 tmp_sessionized_stage 
-----------------------
              22122720
(1 row)

Time: 0 hrs, 0 mins, 3 secs, 461 ms
TRUNCATE
Time: 0 hrs, 0 mins, 1 secs, 273 ms
INSERT 0 2660195
Time: 0 hrs, 1 mins, 5 secs, 601 ms
ANALYZE
Time: 0 hrs, 0 mins, 1 secs, 164 ms
CREATE TABLE
Time: 0 hrs, 3 mins, 49 secs, 218 ms
CREATE INDEX
Time: 0 hrs, 0 mins, 1 secs, 492 ms
 tmp_first_last 
----------------
        2660195
(1 row)

Time: 0 hrs, 0 mins, 0 secs, 649 ms
ANALYZE
Time: 0 hrs, 0 mins, 1 secs, 961 ms
SET
Time: 0 hrs, 0 mins, 0 secs, 37 ms
SET
Time: 0 hrs, 0 mins, 0 secs, 40 ms
TRUNCATE
Time: 0 hrs, 0 mins, 4 secs, 651 ms
DROP
Time: 0 hrs, 0 mins, 0 secs, 813 ms
INSERT 0 2660195
Time: 0 hrs, 0 mins, 24 secs, 445 ms
 bn_session_stage 
------------------
          2660195
(1 row)

Time: 0 hrs, 0 mins, 4 secs, 998 ms
CREATE INDEX
Time: 0 hrs, 0 mins, 3 secs, 52 ms
ANALYZE
Time: 0 hrs, 0 mins, 1 secs, 952 ms
TRUNCATE
Time: 0 hrs, 0 mins, 4 secs, 624 ms
END
Time: 0 hrs, 1 mins, 0 secs, 726 ms

Thu Jul 21 18:01:23 EDT 2011

BEGIN

           660 - LOAD_BN_SESSION_UPDATE_STAGE

SET
TRUNCATE
INSERT 0 0
END

Thu Jul 21 18:01:51 EDT 2011

Timing is on.

           670 - LOAD_BN_SESSION_20110608.UPDATES

BEGIN
Time: 0 hrs, 0 mins, 3 secs, 8 ms
SET
Time: 0 hrs, 0 mins, 0 secs, 9 ms
UPDATE 0
Time: 0 hrs, 0 mins, 0 secs, 550 ms
END
Time: 0 hrs, 0 mins, 17 secs, 959 ms
VACUUM
Time: 0 hrs, 4 mins, 47 secs, 118 ms

Thu Jul 21 18:07:00 EDT 2011

Timing is on.

           700 - LOAD_BN_SESSION

BEGIN
Time: 0 hrs, 0 mins, 1 secs, 525 ms
SET
Time: 0 hrs, 0 mins, 0 secs, 23 ms
INSERT 0 2660195
Time: 0 hrs, 0 mins, 13 secs, 206 ms
ANALYZE
Time: 0 hrs, 0 mins, 3 secs, 158 ms
END
Time: 0 hrs, 0 mins, 4 secs, 289 ms

Thu Jul 21 18:07:22 EDT 2011

Timing is on.

            750 - LOAD_BN_SESSION_SUMMARY   

BEGIN
Time: 0 hrs, 0 mins, 0 secs, 864 ms
SET
Time: 0 hrs, 0 mins, 0 secs, 14 ms
CREATE TABLE
Time: 0 hrs, 1 mins, 52 secs, 926 ms
TRUNCATE
Time: 0 hrs, 0 mins, 1 secs, 397 ms
INSERT 0 460956
Time: 0 hrs, 0 mins, 6 secs, 133 ms
ANALYZE
Time: 0 hrs, 0 mins, 0 secs, 925 ms
 count(1) 
----------
   460956
(1 row)

Time: 0 hrs, 0 mins, 0 secs, 271 ms
END
Time: 0 hrs, 0 mins, 36 secs, 120 ms

Thu Jul 21 18:10:01 EDT 2011

Timing is on.

           800 - LOAD_BN_HITS

BEGIN
Time: 0 hrs, 0 mins, 1 secs, 442 ms
SET
Time: 0 hrs, 0 mins, 0 secs, 12 ms
SET
Time: 0 hrs, 0 mins, 0 secs, 21 ms
SET
Time: 0 hrs, 0 mins, 0 secs, 42 ms
SET
Time: 0 hrs, 0 mins, 0 secs, 190 ms
TRUNCATE
Time: 0 hrs, 0 mins, 0 secs, 768 ms
INSERT 0 22122720
Time: 0 hrs, 0 mins, 10 secs, 221 ms
 count(1) 
----------
 22122720
(1 row)

Time: 0 hrs, 0 mins, 1 secs, 104 ms
ANALYZE
Time: 0 hrs, 0 mins, 4 secs, 388 ms
END
Time: 0 hrs, 0 mins, 24 secs, 523 ms

Thu Jul 21 18:10:44 EDT 2011

Timing is on.

            900 - LOAD_CLICKSTREAM   

BEGIN
Time: 0 hrs, 0 mins, 0 secs, 947 ms
SET
Time: 0 hrs, 0 mins, 0 secs, 12 ms
TRUNCATE
Time: 0 hrs, 0 mins, 1 secs, 503 ms
INSERT 0 22122720
Time: 0 hrs, 5 mins, 4 secs, 162 ms
 count(1) 
----------
 22122720
(1 row)

Time: 0 hrs, 0 mins, 0 secs, 491 ms
ANALYZE
Time: 0 hrs, 0 mins, 1 secs, 551 ms
END
Time: 0 hrs, 0 mins, 11 secs, 396 ms

Thu Jul 21 18:16:05 EDT 2011

Timing is on.

            1000 - PAGE_VIEW_SUMMARY  

BEGIN
Time: 0 hrs, 0 mins, 1 secs, 36 ms
SET
Time: 0 hrs, 0 mins, 0 secs, 11 ms
SET
Time: 0 hrs, 0 mins, 0 secs, 28 ms
TRUNCATE
Time: 0 hrs, 0 mins, 5 secs, 834 ms
INSERT 0 610532
Time: 0 hrs, 0 mins, 6 secs, 907 ms
 count(1) 
----------
   610532
(1 row)

Time: 0 hrs, 0 mins, 0 secs, 546 ms
ANALYZE
Time: 0 hrs, 0 mins, 0 secs, 549 ms
END
Time: 0 hrs, 0 mins, 3 secs, 149 ms

Thu Jul 21 18:16:23 EDT 2011


2000 - WRAP UP 

Timing is on.
BEGIN
Time: 0 hrs, 0 mins, 1 secs, 74 ms
TRUNCATE
Time: 0 hrs, 0 mins, 0 secs, 530 ms
TRUNCATE
Time: 0 hrs, 0 mins, 0 secs, 232 ms
END
Time: 0 hrs, 0 mins, 2 secs, 786 ms
Thu Jul 21 18:16:28 EDT 2011
Removing lock file and waiting for a minute
Total time taken:  65  minutes.
