Checking for lock file /tmp/.iislock
Acquired lock file /tmp/.iislock
deleting simple.htm records - these are just server testing...
DELETE 5498953
-------------------------------------
Processing for 20111108
-------------------------------------

Wed Nov 9 07:32:19 EST 2011

Timing is on.

           000 - INIT

BEGIN
Time: 0 hrs, 0 mins, 1 secs, 405 ms
*** Truncating staging tables before workflow starts ***
SET
Time: 0 hrs, 0 mins, 0 secs, 6 ms
GRANT
Time: 0 hrs, 0 mins, 27 secs, 1 ms
END
Time: 0 hrs, 1 mins, 7 secs, 986 ms

Wed Nov 9 07:33:56 EST 2011

Timing is on.

            200 - LOAD_BN_IISLOGS   

BEGIN
Time: 0 hrs, 0 mins, 0 secs, 140 ms
SET
Time: 0 hrs, 0 mins, 0 secs, 7 ms
TRUNCATE
Time: 0 hrs, 0 mins, 7 secs, 619 ms
INSERT 0 50743119
Time: 0 hrs, 9 mins, 50 secs, 447 ms
END
Time: 0 hrs, 1 mins, 25 secs, 750 ms
ALTER TABLE
Time: 0 hrs, 6 mins, 51 secs, 843 ms

Wed Nov 9 07:52:12 EST 2011

Timing is on.
BEGIN
Time: 0 hrs, 0 mins, 1 secs, 21 ms
SET
Time: 0 hrs, 0 mins, 0 secs, 8 ms

            250 - LOAD_BN_HITS_SP   

TRUNCATE
Time: 0 hrs, 0 mins, 4 secs, 949 ms
INSERT 0 17862188
Time: 0 hrs, 1 mins, 58 secs, 233 ms
ANALYZE
Time: 0 hrs, 0 mins, 3 secs, 339 ms
END
Time: 0 hrs, 0 mins, 28 secs, 597 ms

Wed Nov 9 07:54:49 EST 2011

Timing is on.
BEGIN
Time: 0 hrs, 0 mins, 0 secs, 127 ms
SET
Time: 0 hrs, 0 mins, 0 secs, 7 ms

           300 - DYNAMIC FILTER

TRUNCATE
Time: 0 hrs, 0 mins, 2 secs, 158 ms
INSERT 0 17760293
Time: 0 hrs, 0 mins, 1 secs, 804 ms
ANALYZE
Time: 0 hrs, 0 mins, 1 secs, 781 ms
 Total records in web_click_cnt 
--------------------------------
                       17760293
(1 row)

Time: 0 hrs, 0 mins, 2 secs, 879 ms
CREATE TABLE
Time: 0 hrs, 0 mins, 10 secs, 111 ms
ANALYZE
Time: 0 hrs, 0 mins, 0 secs, 36 ms
CREATE TABLE
Time: 0 hrs, 0 mins, 0 secs, 948 ms
ANALYZE
Time: 0 hrs, 0 mins, 0 secs, 40 ms
DELETE 1
Time: 0 hrs, 0 mins, 2 secs, 316 ms
INSERT 0 1
Time: 0 hrs, 0 mins, 1 secs, 498 ms
DELETE 1
Time: 0 hrs, 0 mins, 0 secs, 66 ms
INSERT 0 1
Time: 0 hrs, 0 mins, 0 secs, 525 ms
CREATE TABLE
Time: 0 hrs, 0 mins, 5 secs, 421 ms
ANALYZE
Time: 0 hrs, 0 mins, 0 secs, 37 ms
CREATE TABLE
Time: 0 hrs, 0 mins, 2 secs, 9 ms
ANALYZE
Time: 0 hrs, 0 mins, 0 secs, 659 ms
DELETE 1
Time: 0 hrs, 0 mins, 0 secs, 62 ms
INSERT 0 1
Time: 0 hrs, 0 mins, 1 secs, 309 ms
DELETE 1
Time: 0 hrs, 0 mins, 0 secs, 66 ms
INSERT 0 1
Time: 0 hrs, 0 mins, 1 secs, 449 ms
ANALYZE
Time: 0 hrs, 0 mins, 0 secs, 973 ms
    tablename     |    attr_name    | attr_value 
------------------+-----------------+------------
 BN_FILTER_SPIDER | CLK_USER_SD_MPL | 10
 BN_FILTER_SPIDER | IP_USER_SD_MPL  | 1
 BN_FILTER_SPIDER | IP_USER_RATIO   | .955
 BN_FILTER_SPIDER | CLK_USER_MEAN   | 8.758
 BN_FILTER_SPIDER | CLK_USER_SD     | 60.818
 BN_FILTER_SPIDER | IP_USER_MEAN    | 19.505
 BN_FILTER_SPIDER | IP_USER_SD      | 2306.588
(7 rows)

Time: 0 hrs, 0 mins, 0 secs, 698 ms
CREATE TABLE
Time: 0 hrs, 0 mins, 11 secs, 685 ms
CREATE TABLE
Time: 0 hrs, 0 mins, 1 secs, 433 ms
 l_mean_sd_mpl 
---------------
       616.938
(1 row)

Time: 0 hrs, 0 mins, 3 secs, 593 ms
TRUNCATE
Time: 0 hrs, 0 mins, 2 secs, 231 ms
INSERT 0 211
Time: 0 hrs, 0 mins, 8 secs, 281 ms
ANALYZE
Time: 0 hrs, 0 mins, 0 secs, 773 ms
 Total click_user bn_spider_ip records 
---------------------------------------
                                   211
(1 row)

Time: 0 hrs, 0 mins, 4 secs, 870 ms
CREATE TABLE
Time: 0 hrs, 0 mins, 9 secs, 800 ms
ANALYZE
Time: 0 hrs, 0 mins, 0 secs, 133 ms
CREATE TABLE
Time: 0 hrs, 0 mins, 5 secs, 133 ms
ANALYZE
Time: 0 hrs, 0 mins, 0 secs, 34 ms
DROP 
Time: 0 hrs, 0 mins, 0 secs, 98 ms
CREATE TABLE
Time: 0 hrs, 0 mins, 0 secs, 553 ms
 l_mean_sd_mpl | l_ratio 
---------------+---------
      2326.093 |   0.955
(1 row)

Time: 0 hrs, 0 mins, 0 secs, 369 ms
INSERT 0 15109093
Time: 0 hrs, 0 mins, 9 secs, 792 ms
ANALYZE
Time: 0 hrs, 0 mins, 0 secs, 231 ms
 Total ip_user_filter bn_spider_ip records 
-------------------------------------------
                                  15109093
(1 row)

Time: 0 hrs, 0 mins, 3 secs, 140 ms
TRUNCATE
Time: 0 hrs, 0 mins, 9 secs, 272 ms
INSERT 0 13700755
Time: 0 hrs, 0 mins, 23 secs, 909 ms
ANALYZE
Time: 0 hrs, 0 mins, 14 secs, 222 ms
 bn_hits_stage 
---------------
      13700755
(1 row)

Time: 0 hrs, 0 mins, 0 secs, 683 ms
INSERT 0 15541019
Time: 0 hrs, 0 mins, 53 secs, 39 ms
ANALYZE
Time: 0 hrs, 0 mins, 9 secs, 744 ms
 bn_hits_sp_20111108 
---------------------
            33403207
(1 row)

Time: 0 hrs, 0 mins, 2 secs, 51 ms
TRUNCATE
Time: 0 hrs, 0 mins, 10 secs, 384 ms
INSERT 0 3639157
Time: 0 hrs, 0 mins, 4 secs, 678 ms
ANALYZE
Time: 0 hrs, 0 mins, 2 secs, 315 ms
 bn_hits_client_20111108 
-------------------------
                 3639157
(1 row)

Time: 0 hrs, 0 mins, 0 secs, 740 ms
END
Time: 0 hrs, 1 mins, 5 secs, 65 ms

Wed Nov 9 07:59:44 EST 2011

Timing is on.
BEGIN
Time: 0 hrs, 0 mins, 0 secs, 192 ms

           600 - LOAD RESOURCES

SET
Time: 0 hrs, 0 mins, 0 secs, 6 ms
CREATE TABLE
Time: 0 hrs, 0 mins, 35 secs, 157 ms
ANALYZE
Time: 0 hrs, 0 mins, 1 secs, 863 ms
 tmp_a_count 
-------------
      419547
(1 row)

Time: 0 hrs, 0 mins, 0 secs, 445 ms
UPDATE 0
Time: 0 hrs, 0 mins, 5 secs, 552 ms
ANALYZE
Time: 0 hrs, 0 mins, 1 secs, 435 ms
TRUNCATE
Time: 0 hrs, 0 mins, 1 secs, 266 ms
INSERT 0 131867
Time: 0 hrs, 0 mins, 14 secs, 924 ms
ANALYZE
Time: 0 hrs, 0 mins, 6 secs, 243 ms
 first_resource_id | last_resource_id 
-------------------+------------------
          52900349 |         53032215
(1 row)

Time: 0 hrs, 0 mins, 0 secs, 552 ms
INSERT 0 131867
Time: 0 hrs, 0 mins, 7 secs, 199 ms
 total_resources 
-----------------
        53007808
(1 row)

Time: 0 hrs, 0 mins, 8 secs, 55 ms
ANALYZE
Time: 0 hrs, 0 mins, 3 secs, 118 ms
END
Time: 0 hrs, 0 mins, 43 secs, 935 ms
VACUUM
Time: 0 hrs, 0 mins, 10 secs, 185 ms

Wed Nov 9 08:02:05 EST 2011

Timing is on.

           650 - LOAD_BN_SESSION_STAGE

BEGIN
Time: 0 hrs, 0 mins, 4 secs, 273 ms
SET
Time: 0 hrs, 0 mins, 0 secs, 7 ms
SET
Time: 0 hrs, 0 mins, 0 secs, 29 ms
CREATE TABLE
Time: 0 hrs, 0 mins, 36 secs, 431 ms
ANALYZE
Time: 0 hrs, 0 mins, 4 secs, 740 ms
 tmp_sessionized_stage 
-----------------------
              13700755
(1 row)

Time: 0 hrs, 0 mins, 2 secs, 249 ms
TRUNCATE
Time: 0 hrs, 0 mins, 6 secs, 776 ms
INSERT 0 2278217
Time: 0 hrs, 1 mins, 49 secs, 893 ms
ANALYZE
Time: 0 hrs, 0 mins, 4 secs, 147 ms
CREATE TABLE
Time: 0 hrs, 1 mins, 17 secs, 160 ms
CREATE INDEX
Time: 0 hrs, 0 mins, 0 secs, 703 ms
 tmp_first_last 
----------------
        2278217
(1 row)

Time: 0 hrs, 0 mins, 0 secs, 268 ms
ANALYZE
Time: 0 hrs, 0 mins, 0 secs, 645 ms
SET
Time: 0 hrs, 0 mins, 0 secs, 12 ms
SET
Time: 0 hrs, 0 mins, 0 secs, 12 ms
TRUNCATE
Time: 0 hrs, 0 mins, 3 secs, 438 ms
DROP 
Time: 0 hrs, 0 mins, 1 secs, 857 ms
INSERT 0 2278217
Time: 0 hrs, 0 mins, 4 secs, 828 ms
 bn_session_stage 
------------------
          2278217
(1 row)

Time: 0 hrs, 0 mins, 3 secs, 234 ms
CREATE INDEX
Time: 0 hrs, 0 mins, 3 secs, 583 ms
ANALYZE
Time: 0 hrs, 0 mins, 2 secs, 863 ms
TRUNCATE
Time: 0 hrs, 0 mins, 3 secs, 625 ms
END
Time: 0 hrs, 0 mins, 8 secs, 512 ms

Wed Nov 9 08:06:44 EST 2011

BEGIN

           660 - LOAD_BN_SESSION_UPDATE_STAGE

SET
TRUNCATE
INSERT 0 0
END

Wed Nov 9 08:06:52 EST 2011

Timing is on.

           670 - LOAD_BN_SESSION_20111108.UPDATES

BEGIN
Time: 0 hrs, 0 mins, 0 secs, 128 ms
SET
Time: 0 hrs, 0 mins, 0 secs, 7 ms
UPDATE 0
Time: 0 hrs, 0 mins, 0 secs, 178 ms
END
Time: 0 hrs, 0 mins, 4 secs, 596 ms
VACUUM
Time: 0 hrs, 0 mins, 4 secs, 973 ms

Wed Nov 9 08:07:03 EST 2011

Timing is on.

           700 - LOAD_BN_SESSION

BEGIN
Time: 0 hrs, 0 mins, 3 secs, 105 ms
SET
Time: 0 hrs, 0 mins, 0 secs, 6 ms
INSERT 0 2278217
Time: 0 hrs, 0 mins, 4 secs, 757 ms
ANALYZE
Time: 0 hrs, 0 mins, 1 secs, 53 ms
END
Time: 0 hrs, 0 mins, 4 secs, 513 ms

Wed Nov 9 08:07:16 EST 2011

Timing is on.

            750 - LOAD_BN_SESSION_SUMMARY   

BEGIN
Time: 0 hrs, 0 mins, 0 secs, 118 ms
SET
Time: 0 hrs, 0 mins, 0 secs, 6 ms
CREATE TABLE
Time: 0 hrs, 0 mins, 6 secs, 255 ms
TRUNCATE
Time: 0 hrs, 1 mins, 3 secs, 948 ms
INSERT 0 307481
Time: 0 hrs, 0 mins, 3 secs, 647 ms
ANALYZE
Time: 0 hrs, 0 mins, 0 secs, 595 ms
 count(1) 
----------
   307481
(1 row)

Time: 0 hrs, 0 mins, 0 secs, 109 ms
END
Time: 0 hrs, 0 mins, 19 secs, 351 ms

Wed Nov 9 08:08:51 EST 2011

Timing is on.

           800 - LOAD_BN_HITS

BEGIN
Time: 0 hrs, 0 mins, 3 secs, 213 ms
SET
Time: 0 hrs, 0 mins, 0 secs, 8 ms
SET
Time: 0 hrs, 0 mins, 0 secs, 12 ms
SET
Time: 0 hrs, 0 mins, 0 secs, 15 ms
SET
Time: 0 hrs, 0 mins, 0 secs, 12 ms
TRUNCATE
Time: 0 hrs, 0 mins, 3 secs, 977 ms
INSERT 0 13700755
Time: 0 hrs, 0 mins, 2 secs, 406 ms
 count(1) 
----------
 13700755
(1 row)

Time: 0 hrs, 0 mins, 4 secs, 303 ms
ANALYZE
Time: 0 hrs, 0 mins, 3 secs, 129 ms
END
Time: 0 hrs, 0 mins, 16 secs, 124 ms

Wed Nov 9 08:09:24 EST 2011

Timing is on.

            900 - LOAD_CLICKSTREAM   

BEGIN
Time: 0 hrs, 0 mins, 1 secs, 127 ms
SET
Time: 0 hrs, 0 mins, 0 secs, 7 ms
TRUNCATE
Time: 0 hrs, 0 mins, 3 secs, 9 ms
INSERT 0 13700755
Time: 0 hrs, 1 mins, 8 secs, 299 ms
 count(1) 
----------
 13700755
(1 row)

Time: 0 hrs, 0 mins, 2 secs, 152 ms
ANALYZE
Time: 0 hrs, 0 mins, 6 secs, 370 ms
END
Time: 0 hrs, 0 mins, 12 secs, 316 ms

Wed Nov 9 08:10:58 EST 2011

Timing is on.

            1000 - PAGE_VIEW_SUMMARY  

BEGIN
Time: 0 hrs, 0 mins, 1 secs, 757 ms
SET
Time: 0 hrs, 0 mins, 0 secs, 10 ms
SET
Time: 0 hrs, 0 mins, 0 secs, 14 ms
TRUNCATE
Time: 0 hrs, 0 mins, 2 secs, 240 ms
INSERT 0 427917
Time: 0 hrs, 0 mins, 5 secs, 71 ms
 count(1) 
----------
   427917
(1 row)

Time: 0 hrs, 0 mins, 2 secs, 57 ms
ANALYZE
Time: 0 hrs, 0 mins, 0 secs, 53 ms
END
Time: 0 hrs, 0 mins, 18 secs, 518 ms

Wed Nov 9 08:11:28 EST 2011


2000 - WRAP UP 

Timing is on.
BEGIN
Time: 0 hrs, 0 mins, 0 secs, 115 ms
TRUNCATE
Time: 0 hrs, 0 mins, 3 secs, 726 ms
TRUNCATE
Time: 0 hrs, 0 mins, 0 secs, 805 ms
END
Time: 0 hrs, 0 mins, 6 secs, 180 ms
Wed Nov 9 08:11:39 EST 2011
Removing lock file and waiting for a minute
Total time taken:  42  minutes.
Running time of run.sh 20111108: 2561 seconds
Checking for lock file /tmp/.iislock
Acquired lock file /tmp/.iislock
deleting simple.htm records - these are just server testing...
DELETE 15
-------------------------------------
Processing for 20111108
-------------------------------------

Thu Nov 10 07:50:10 EST 2011

Timing is on.

           000 - INIT

BEGIN
Time: 0 hrs, 0 mins, 0 secs, 434 ms
*** Truncating staging tables before workflow starts ***
SET
Time: 0 hrs, 0 mins, 0 secs, 6 ms
GRANT
Time: 0 hrs, 0 mins, 2 secs, 701 ms
END
Time: 0 hrs, 0 mins, 3 secs, 153 ms

Thu Nov 10 07:50:16 EST 2011

Timing is on.

            200 - LOAD_BN_IISLOGS   

BEGIN
Time: 0 hrs, 0 mins, 0 secs, 218 ms
SET
Time: 0 hrs, 0 mins, 0 secs, 7 ms
TRUNCATE
Time: 0 hrs, 0 mins, 1 secs, 362 ms
INSERT 0 67939530
Time: 0 hrs, 7 mins, 46 secs, 981 ms
END
Time: 0 hrs, 0 mins, 8 secs, 106 ms
ALTER TABLE
Time: 0 hrs, 0 mins, 6 secs, 421 ms

Thu Nov 10 07:58:20 EST 2011

Timing is on.
BEGIN
Time: 0 hrs, 0 mins, 0 secs, 152 ms
SET
Time: 0 hrs, 0 mins, 0 secs, 5 ms

            250 - LOAD_BN_HITS_SP   

TRUNCATE
Time: 0 hrs, 0 mins, 0 secs, 579 ms
INSERT 0 23425079
Time: 0 hrs, 2 mins, 13 secs, 624 ms
ANALYZE
Time: 0 hrs, 0 mins, 5 secs, 126 ms
END
Time: 0 hrs, 0 mins, 24 secs, 826 ms

Thu Nov 10 08:01:04 EST 2011

Timing is on.
BEGIN
Time: 0 hrs, 0 mins, 7 secs, 797 ms
SET
Time: 0 hrs, 0 mins, 0 secs, 8 ms

           300 - DYNAMIC FILTER

TRUNCATE
Time: 0 hrs, 0 mins, 2 secs, 907 ms
INSERT 0 22672171
Time: 0 hrs, 0 mins, 3 secs, 107 ms
ANALYZE
Time: 0 hrs, 0 mins, 3 secs, 288 ms
 Total records in web_click_cnt 
--------------------------------
                       22672171
(1 row)

Time: 0 hrs, 0 mins, 1 secs, 821 ms
CREATE TABLE
Time: 0 hrs, 1 mins, 15 secs, 322 ms
ANALYZE
Time: 0 hrs, 0 mins, 0 secs, 40 ms
CREATE TABLE
Time: 0 hrs, 0 mins, 0 secs, 511 ms
ANALYZE
Time: 0 hrs, 0 mins, 0 secs, 44 ms
DELETE 1
Time: 0 hrs, 0 mins, 0 secs, 309 ms
INSERT 0 1
Time: 0 hrs, 0 mins, 0 secs, 872 ms
DELETE 1
Time: 0 hrs, 0 mins, 0 secs, 995 ms
INSERT 0 1
Time: 0 hrs, 0 mins, 1 secs, 300 ms
CREATE TABLE
Time: 0 hrs, 0 mins, 9 secs, 217 ms
ANALYZE
Time: 0 hrs, 0 mins, 1 secs, 115 ms
CREATE TABLE
Time: 0 hrs, 0 mins, 0 secs, 895 ms
ANALYZE
Time: 0 hrs, 0 mins, 0 secs, 52 ms
DELETE 1
Time: 0 hrs, 0 mins, 0 secs, 70 ms
INSERT 0 1
Time: 0 hrs, 0 mins, 1 secs, 377 ms
DELETE 1
Time: 0 hrs, 0 mins, 0 secs, 573 ms
INSERT 0 1
Time: 0 hrs, 0 mins, 1 secs, 79 ms
ANALYZE
Time: 0 hrs, 0 mins, 0 secs, 19 ms
    tablename     |    attr_name    | attr_value 
------------------+-----------------+------------
 BN_FILTER_SPIDER | CLK_USER_SD_MPL | 10
 BN_FILTER_SPIDER | IP_USER_SD_MPL  | 1
 BN_FILTER_SPIDER | IP_USER_RATIO   | .955
 BN_FILTER_SPIDER | CLK_USER_MEAN   | 9.432
 BN_FILTER_SPIDER | CLK_USER_SD     | 60.379
 BN_FILTER_SPIDER | IP_USER_MEAN    | 18.981
 BN_FILTER_SPIDER | IP_USER_SD      | 2461.777
(7 rows)

Time: 0 hrs, 0 mins, 0 secs, 611 ms
CREATE TABLE
Time: 0 hrs, 0 mins, 7 secs, 377 ms
CREATE TABLE
Time: 0 hrs, 0 mins, 0 secs, 843 ms
 l_mean_sd_mpl 
---------------
       613.222
(1 row)

Time: 0 hrs, 0 mins, 0 secs, 540 ms
TRUNCATE
Time: 0 hrs, 0 mins, 2 secs, 836 ms
INSERT 0 283
Time: 0 hrs, 1 mins, 3 secs, 889 ms
ANALYZE
Time: 0 hrs, 0 mins, 0 secs, 259 ms
 Total click_user bn_spider_ip records 
---------------------------------------
                                   283
(1 row)

Time: 0 hrs, 0 mins, 1 secs, 393 ms
CREATE TABLE
Time: 0 hrs, 0 mins, 6 secs, 85 ms
ANALYZE
Time: 0 hrs, 0 mins, 0 secs, 25 ms
CREATE TABLE
Time: 0 hrs, 0 mins, 6 secs, 61 ms
ANALYZE
Time: 0 hrs, 0 mins, 0 secs, 79 ms
DROP 
Time: 0 hrs, 0 mins, 0 secs, 87 ms
CREATE TABLE
Time: 0 hrs, 0 mins, 1 secs, 186 ms
 l_mean_sd_mpl | l_ratio 
---------------+---------
      2480.758 |   0.955
(1 row)

Time: 0 hrs, 0 mins, 0 secs, 640 ms
INSERT 0 19243843
Time: 0 hrs, 0 mins, 15 secs, 699 ms
ANALYZE
Time: 0 hrs, 0 mins, 0 secs, 538 ms
 Total ip_user_filter bn_spider_ip records 
-------------------------------------------
                                  19243843
(1 row)

Time: 0 hrs, 0 mins, 7 secs, 10 ms
TRUNCATE
Time: 0 hrs, 0 mins, 1 secs, 347 ms
INSERT 0 18858668
Time: 0 hrs, 0 mins, 18 secs, 518 ms
ANALYZE
Time: 0 hrs, 0 mins, 3 secs, 470 ms
 bn_hits_stage 
---------------
      18858668
(1 row)

Time: 0 hrs, 0 mins, 1 secs, 34 ms
INSERT 0 19831404
Time: 0 hrs, 0 mins, 29 secs, 949 ms
ANALYZE
Time: 0 hrs, 0 mins, 2 secs, 717 ms
 bn_hits_sp_20111108 
---------------------
            43256483
(1 row)

Time: 0 hrs, 0 mins, 1 secs, 216 ms
TRUNCATE
Time: 0 hrs, 0 mins, 1 secs, 237 ms
INSERT 0 5824379
Time: 0 hrs, 0 mins, 3 secs, 754 ms
ANALYZE
Time: 0 hrs, 0 mins, 4 secs, 763 ms
 bn_hits_client_20111108 
-------------------------
                 5824379
(1 row)

Time: 0 hrs, 0 mins, 2 secs, 605 ms
END
Time: 0 hrs, 0 mins, 16 secs, 140 ms

Thu Nov 10 08:06:19 EST 2011

Timing is on.
BEGIN
Time: 0 hrs, 0 mins, 0 secs, 128 ms

           600 - LOAD RESOURCES

SET
Time: 0 hrs, 0 mins, 0 secs, 5 ms
CREATE TABLE
Time: 0 hrs, 0 mins, 24 secs, 251 ms
ANALYZE
Time: 0 hrs, 0 mins, 0 secs, 807 ms
 tmp_a_count 
-------------
      507485
(1 row)

Time: 0 hrs, 0 mins, 0 secs, 267 ms
UPDATE 0
Time: 0 hrs, 0 mins, 2 secs, 296 ms
ANALYZE
Time: 0 hrs, 0 mins, 0 secs, 457 ms
TRUNCATE
Time: 0 hrs, 0 mins, 1 secs, 891 ms
INSERT 0 32567
Time: 0 hrs, 0 mins, 9 secs, 308 ms
ANALYZE
Time: 0 hrs, 0 mins, 0 secs, 374 ms
 first_resource_id | last_resource_id 
-------------------+------------------
          53196224 |         53228790
(1 row)

Time: 0 hrs, 0 mins, 0 secs, 75 ms
INSERT 0 32567
Time: 0 hrs, 0 mins, 0 secs, 350 ms
 total_resources 
-----------------
        53204357
(1 row)

Time: 0 hrs, 0 mins, 1 secs, 521 ms
ANALYZE
Time: 0 hrs, 0 mins, 0 secs, 461 ms
END
Time: 0 hrs, 0 mins, 5 secs, 122 ms
VACUUM
Time: 0 hrs, 0 mins, 5 secs, 571 ms

Thu Nov 10 08:07:12 EST 2011

Timing is on.

           650 - LOAD_BN_SESSION_STAGE

BEGIN
Time: 0 hrs, 0 mins, 0 secs, 127 ms
SET
Time: 0 hrs, 0 mins, 0 secs, 6 ms
SET
Time: 0 hrs, 0 mins, 0 secs, 12 ms
CREATE TABLE
Time: 0 hrs, 0 mins, 25 secs, 867 ms
ANALYZE
Time: 0 hrs, 0 mins, 3 secs, 491 ms
 tmp_sessionized_stage 
-----------------------
              18858668
(1 row)

Time: 0 hrs, 0 mins, 0 secs, 778 ms
TRUNCATE
Time: 0 hrs, 0 mins, 2 secs, 45 ms
INSERT 0 2950634
Time: 0 hrs, 1 mins, 0 secs, 188 ms
ANALYZE
Time: 0 hrs, 0 mins, 2 secs, 199 ms
CREATE TABLE
Time: 0 hrs, 1 mins, 11 secs, 716 ms
CREATE INDEX
Time: 0 hrs, 0 mins, 0 secs, 110 ms
 tmp_first_last 
----------------
        2950634
(1 row)

Time: 0 hrs, 0 mins, 0 secs, 741 ms
ANALYZE
Time: 0 hrs, 0 mins, 0 secs, 832 ms
SET
Time: 0 hrs, 0 mins, 0 secs, 12 ms
SET
Time: 0 hrs, 0 mins, 0 secs, 12 ms
TRUNCATE
Time: 0 hrs, 0 mins, 3 secs, 200 ms
DROP 
Time: 0 hrs, 0 mins, 0 secs, 45 ms
INSERT 0 2950634
Time: 0 hrs, 0 mins, 5 secs, 788 ms
 bn_session_stage 
------------------
          2950634
(1 row)

Time: 0 hrs, 0 mins, 1 secs, 791 ms
CREATE INDEX
Time: 0 hrs, 0 mins, 2 secs, 357 ms
ANALYZE
Time: 0 hrs, 0 mins, 1 secs, 8 ms
TRUNCATE
Time: 0 hrs, 0 mins, 4 secs, 156 ms
END
Time: 0 hrs, 0 mins, 25 secs, 781 ms

Thu Nov 10 08:10:45 EST 2011

BEGIN

           660 - LOAD_BN_SESSION_UPDATE_STAGE

SET
TRUNCATE
INSERT 0 0
END

Thu Nov 10 08:11:01 EST 2011

Timing is on.

           670 - LOAD_BN_SESSION_20111108.UPDATES

BEGIN
Time: 0 hrs, 0 mins, 0 secs, 689 ms
SET
Time: 0 hrs, 0 mins, 0 secs, 7 ms
UPDATE 0
Time: 0 hrs, 0 mins, 0 secs, 181 ms
END
Time: 0 hrs, 0 mins, 15 secs, 341 ms
VACUUM
Time: 0 hrs, 0 mins, 11 secs, 827 ms

Thu Nov 10 08:11:29 EST 2011

Timing is on.

           700 - LOAD_BN_SESSION

BEGIN
Time: 0 hrs, 0 mins, 0 secs, 769 ms
SET
Time: 0 hrs, 0 mins, 0 secs, 6 ms
INSERT 0 2950634
Time: 0 hrs, 0 mins, 56 secs, 790 ms
ANALYZE
Time: 0 hrs, 0 mins, 0 secs, 982 ms
END
Time: 0 hrs, 0 mins, 21 secs, 867 ms

Thu Nov 10 08:12:50 EST 2011

Timing is on.

            750 - LOAD_BN_SESSION_SUMMARY   

BEGIN
Time: 0 hrs, 0 mins, 0 secs, 222 ms
SET
Time: 0 hrs, 0 mins, 0 secs, 6 ms
CREATE TABLE
Time: 0 hrs, 0 mins, 18 secs, 683 ms
TRUNCATE
Time: 0 hrs, 0 mins, 6 secs, 739 ms
INSERT 0 362656
Time: 0 hrs, 0 mins, 9 secs, 305 ms
ANALYZE
Time: 0 hrs, 0 mins, 0 secs, 645 ms
 count(1) 
----------
   362656
(1 row)

Time: 0 hrs, 0 mins, 2 secs, 723 ms
END
Time: 0 hrs, 0 mins, 10 secs, 367 ms

Thu Nov 10 08:13:39 EST 2011

Timing is on.

           800 - LOAD_BN_HITS

BEGIN
Time: 0 hrs, 0 mins, 0 secs, 146 ms
SET
Time: 0 hrs, 0 mins, 0 secs, 6 ms
SET
Time: 0 hrs, 0 mins, 0 secs, 12 ms
SET
Time: 0 hrs, 0 mins, 0 secs, 11 ms
SET
Time: 0 hrs, 0 mins, 0 secs, 12 ms
TRUNCATE
Time: 0 hrs, 0 mins, 3 secs, 814 ms
INSERT 0 18858668
Time: 0 hrs, 0 mins, 3 secs, 158 ms
 count(1) 
----------
 18858668
(1 row)

Time: 0 hrs, 0 mins, 5 secs, 466 ms
ANALYZE
Time: 0 hrs, 0 mins, 3 secs, 589 ms
END
Time: 0 hrs, 0 mins, 35 secs, 728 ms

Thu Nov 10 08:14:31 EST 2011

Timing is on.

            900 - LOAD_CLICKSTREAM   

BEGIN
Time: 0 hrs, 0 mins, 0 secs, 274 ms
SET
Time: 0 hrs, 0 mins, 0 secs, 5 ms
TRUNCATE
Time: 0 hrs, 0 mins, 2 secs, 589 ms
INSERT 0 18858668
Time: 0 hrs, 1 mins, 20 secs, 801 ms
 count(1) 
----------
 18858668
(1 row)

Time: 0 hrs, 0 mins, 3 secs, 877 ms
ANALYZE
Time: 0 hrs, 0 mins, 1 secs, 392 ms
END
Time: 0 hrs, 0 mins, 44 secs, 91 ms

Thu Nov 10 08:16:45 EST 2011

Timing is on.

            1000 - PAGE_VIEW_SUMMARY  

BEGIN
Time: 0 hrs, 0 mins, 0 secs, 130 ms
SET
Time: 0 hrs, 0 mins, 0 secs, 6 ms
SET
Time: 0 hrs, 0 mins, 0 secs, 12 ms
TRUNCATE
Time: 0 hrs, 0 mins, 11 secs, 328 ms
INSERT 0 517782
Time: 0 hrs, 0 mins, 14 secs, 307 ms
 count(1) 
----------
   517782
(1 row)

Time: 0 hrs, 0 mins, 1 secs, 14 ms
ANALYZE
Time: 0 hrs, 0 mins, 0 secs, 94 ms
END
Time: 0 hrs, 0 mins, 27 secs, 193 ms

Thu Nov 10 08:17:39 EST 2011


2000 - WRAP UP 

Timing is on.
BEGIN
Time: 0 hrs, 0 mins, 0 secs, 153 ms
TRUNCATE
Time: 0 hrs, 0 mins, 1 secs, 570 ms
TRUNCATE
Time: 0 hrs, 0 mins, 0 secs, 765 ms
END
Time: 0 hrs, 0 mins, 8 secs, 672 ms
Thu Nov 10 08:17:50 EST 2011
Removing lock file and waiting for a minute
Total time taken:  29  minutes.
Running time of run.sh 20111108: 29 minutes
