Checking for lock file /tmp/.iislock
Acquired lock file /tmp/.iislock
-------------------------------------
Processing for 20110417
-------------------------------------

Mon Apr 18 04:51:26 EDT 2011

Timing is on.

           000 - INIT

BEGIN
Time: 0 hrs, 0 mins, 0 secs, 899 ms
*** Truncating staging tables before workflow starts ***
SET
Time: 0 hrs, 0 mins, 0 secs, 11 ms
GRANT
Time: 0 hrs, 0 mins, 4 secs, 972 ms
END
Time: 0 hrs, 0 mins, 3 secs, 12 ms

Mon Apr 18 04:51:36 EDT 2011

Timing is on.

            200 - LOAD_BN_IISLOGS   

BEGIN
Time: 0 hrs, 0 mins, 1 secs, 119 ms
SET
Time: 0 hrs, 0 mins, 0 secs, 8 ms
TRUNCATE
Time: 0 hrs, 0 mins, 1 secs, 198 ms
INSERT 0 44097424
Time: 0 hrs, 6 mins, 42 secs, 388 ms
END
Time: 0 hrs, 0 mins, 40 secs, 963 ms
ALTER TABLE
Time: 0 hrs, 11 mins, 42 secs, 55 ms

Mon Apr 18 05:10:44 EDT 2011

Timing is on.
BEGIN
Time: 0 hrs, 0 mins, 2 secs, 838 ms
SET
Time: 0 hrs, 0 mins, 0 secs, 15 ms

            250 - LOAD_BN_HITS_SP   

TRUNCATE
Time: 0 hrs, 0 mins, 4 secs, 359 ms
INSERT 0 13992444
Time: 0 hrs, 2 mins, 5 secs, 412 ms
ANALYZE
Time: 0 hrs, 0 mins, 5 secs, 231 ms
END
Time: 0 hrs, 0 mins, 10 secs, 133 ms

Mon Apr 18 05:13:12 EDT 2011

Timing is on.
BEGIN
Time: 0 hrs, 0 mins, 2 secs, 399 ms
SET
Time: 0 hrs, 0 mins, 0 secs, 9 ms

           300 - DYNAMIC FILTER

TRUNCATE
Time: 0 hrs, 0 mins, 1 secs, 653 ms
INSERT 0 9616993
Time: 0 hrs, 0 mins, 18 secs, 245 ms
ANALYZE
Time: 0 hrs, 0 mins, 0 secs, 520 ms
 Total records in web_click_cnt 
--------------------------------
                        9616993
(1 row)

Time: 0 hrs, 0 mins, 1 secs, 516 ms
CREATE TABLE
Time: 0 hrs, 0 mins, 3 secs, 134 ms
ANALYZE
Time: 0 hrs, 0 mins, 0 secs, 75 ms
CREATE TABLE
Time: 0 hrs, 0 mins, 0 secs, 494 ms
ANALYZE
Time: 0 hrs, 0 mins, 0 secs, 89 ms
DELETE 1
Time: 0 hrs, 0 mins, 0 secs, 251 ms
INSERT 0 1
Time: 0 hrs, 0 mins, 0 secs, 344 ms
DELETE 1
Time: 0 hrs, 0 mins, 0 secs, 125 ms
INSERT 0 1
Time: 0 hrs, 0 mins, 0 secs, 526 ms
CREATE TABLE
Time: 0 hrs, 0 mins, 4 secs, 57 ms
ANALYZE
Time: 0 hrs, 0 mins, 0 secs, 128 ms
CREATE TABLE
Time: 0 hrs, 0 mins, 0 secs, 593 ms
ANALYZE
Time: 0 hrs, 0 mins, 0 secs, 89 ms
DELETE 1
Time: 0 hrs, 0 mins, 0 secs, 93 ms
INSERT 0 1
Time: 0 hrs, 0 mins, 0 secs, 297 ms
DELETE 1
Time: 0 hrs, 0 mins, 0 secs, 96 ms
INSERT 0 1
Time: 0 hrs, 0 mins, 0 secs, 352 ms
ANALYZE
Time: 0 hrs, 0 mins, 0 secs, 55 ms
    tablename     |    attr_name    | attr_value 
------------------+-----------------+------------
 BN_FILTER_SPIDER | CLK_USER_SD_MPL | 10
 BN_FILTER_SPIDER | IP_USER_SD_MPL  | 1
 BN_FILTER_SPIDER | IP_USER_RATIO   | .955
 BN_FILTER_SPIDER | CLK_USER_MEAN   | 17.271
 BN_FILTER_SPIDER | CLK_USER_SD     | 234.188
 BN_FILTER_SPIDER | IP_USER_MEAN    | 16.517
 BN_FILTER_SPIDER | IP_USER_SD      | 1960.018
(7 rows)

Time: 0 hrs, 0 mins, 0 secs, 262 ms
CREATE TABLE
Time: 0 hrs, 0 mins, 4 secs, 871 ms
CREATE TABLE
Time: 0 hrs, 0 mins, 0 secs, 729 ms
 l_mean_sd_mpl 
---------------
      2359.151
(1 row)

Time: 0 hrs, 0 mins, 0 secs, 230 ms
TRUNCATE
Time: 0 hrs, 0 mins, 1 secs, 698 ms
INSERT 0 21
Time: 0 hrs, 0 mins, 6 secs, 217 ms
ANALYZE
Time: 0 hrs, 0 mins, 0 secs, 62 ms
 Total click_user bn_spider_ip records 
---------------------------------------
                                    21
(1 row)

Time: 0 hrs, 0 mins, 0 secs, 414 ms
CREATE TABLE
Time: 0 hrs, 0 mins, 1 secs, 682 ms
ANALYZE
Time: 0 hrs, 0 mins, 0 secs, 53 ms
CREATE TABLE
Time: 0 hrs, 0 mins, 2 secs, 598 ms
ANALYZE
Time: 0 hrs, 0 mins, 0 secs, 82 ms
DROP 
Time: 0 hrs, 0 mins, 0 secs, 466 ms
CREATE TABLE
Time: 0 hrs, 0 mins, 0 secs, 821 ms
 l_mean_sd_mpl | l_ratio 
---------------+---------
      1976.535 |   0.955
(1 row)

Time: 0 hrs, 0 mins, 0 secs, 607 ms
INSERT 0 8035931
Time: 0 hrs, 0 mins, 6 secs, 911 ms
ANALYZE
Time: 0 hrs, 0 mins, 0 secs, 287 ms
 Total ip_user_filter bn_spider_ip records 
-------------------------------------------
                                   8035931
(1 row)

Time: 0 hrs, 0 mins, 0 secs, 580 ms
TRUNCATE
Time: 0 hrs, 0 mins, 1 secs, 468 ms
INSERT 0 14069891
Time: 0 hrs, 0 mins, 19 secs, 340 ms
ANALYZE
Time: 0 hrs, 0 mins, 5 secs, 230 ms
 bn_hits_stage 
---------------
      14069891
(1 row)

Time: 0 hrs, 0 mins, 0 secs, 682 ms
INSERT 0 10266875
Time: 0 hrs, 0 mins, 42 secs, 917 ms
ANALYZE
Time: 0 hrs, 0 mins, 10 secs, 812 ms
 bn_hits_sp_20110417 
---------------------
            24259319
(1 row)

Time: 0 hrs, 0 mins, 4 secs, 456 ms
TRUNCATE
Time: 0 hrs, 0 mins, 5 secs, 2 ms
INSERT 0 5768214
Time: 0 hrs, 0 mins, 8 secs, 553 ms
ANALYZE
Time: 0 hrs, 0 mins, 4 secs, 135 ms
 bn_hits_client_20110417 
-------------------------
                 5768214
(1 row)

Time: 0 hrs, 0 mins, 2 secs, 758 ms
END
Time: 0 hrs, 0 mins, 22 secs, 806 ms

Mon Apr 18 05:16:24 EDT 2011

Timing is on.
BEGIN
Time: 0 hrs, 0 mins, 1 secs, 983 ms

           600 - LOAD RESOURCES

SET
Time: 0 hrs, 0 mins, 0 secs, 10 ms
CREATE TABLE
Time: 0 hrs, 0 mins, 8 secs, 171 ms
ANALYZE
Time: 0 hrs, 0 mins, 0 secs, 695 ms
 tmp_a_count 
-------------
       30861
(1 row)

Time: 0 hrs, 0 mins, 0 secs, 108 ms
UPDATE 0
Time: 0 hrs, 0 mins, 2 secs, 30 ms
ANALYZE
Time: 0 hrs, 0 mins, 0 secs, 919 ms
TRUNCATE
Time: 0 hrs, 0 mins, 5 secs, 201 ms
INSERT 0 2828
Time: 0 hrs, 0 mins, 8 secs, 453 ms
ANALYZE
Time: 0 hrs, 0 mins, 0 secs, 625 ms
 first_resource_id | last_resource_id 
-------------------+------------------
          13322268 |         13325095
(1 row)

Time: 0 hrs, 0 mins, 0 secs, 235 ms
INSERT 0 2828
Time: 0 hrs, 0 mins, 1 secs, 105 ms
 total_resources 
-----------------
        13300700
(1 row)

Time: 0 hrs, 0 mins, 0 secs, 177 ms
ANALYZE
Time: 0 hrs, 0 mins, 0 secs, 968 ms
END
Time: 0 hrs, 0 mins, 21 secs, 909 ms
VACUUM
Time: 0 hrs, 0 mins, 39 secs, 687 ms

Mon Apr 18 05:17:57 EDT 2011

Timing is on.

           650 - LOAD_BN_SESSION_STAGE

BEGIN
Time: 0 hrs, 0 mins, 1 secs, 713 ms
SET
Time: 0 hrs, 0 mins, 0 secs, 11 ms
SET
Time: 0 hrs, 0 mins, 0 secs, 62 ms
CREATE TABLE
Time: 0 hrs, 0 mins, 44 secs, 656 ms
ANALYZE
Time: 0 hrs, 0 mins, 4 secs, 925 ms
 tmp_sessionized_stage 
-----------------------
              14069891
(1 row)

Time: 0 hrs, 0 mins, 0 secs, 704 ms
TRUNCATE
Time: 0 hrs, 0 mins, 1 secs, 466 ms
INSERT 0 1283632
Time: 0 hrs, 0 mins, 23 secs, 104 ms
ANALYZE
Time: 0 hrs, 0 mins, 1 secs, 211 ms
CREATE TABLE
Time: 0 hrs, 1 mins, 4 secs, 121 ms
CREATE INDEX
Time: 0 hrs, 0 mins, 1 secs, 147 ms
 tmp_first_last 
----------------
        1283632
(1 row)

Time: 0 hrs, 0 mins, 0 secs, 220 ms
ANALYZE
Time: 0 hrs, 0 mins, 0 secs, 914 ms
SET
Time: 0 hrs, 0 mins, 0 secs, 54 ms
SET
Time: 0 hrs, 0 mins, 0 secs, 100 ms
TRUNCATE
Time: 0 hrs, 0 mins, 3 secs, 866 ms
DROP
Time: 0 hrs, 0 mins, 0 secs, 686 ms
INSERT 0 1283632
Time: 0 hrs, 0 mins, 7 secs, 818 ms
 bn_session_stage 
------------------
          1283632
(1 row)

Time: 0 hrs, 0 mins, 2 secs, 949 ms
CREATE INDEX
Time: 0 hrs, 0 mins, 4 secs, 51 ms
ANALYZE
Time: 0 hrs, 0 mins, 2 secs, 364 ms
TRUNCATE
Time: 0 hrs, 0 mins, 2 secs, 91 ms
END
Time: 0 hrs, 0 mins, 58 secs, 722 ms

Mon Apr 18 05:21:44 EDT 2011

BEGIN

           660 - LOAD_BN_SESSION_UPDATE_STAGE

SET
TRUNCATE
INSERT 0 0
END

Mon Apr 18 05:22:32 EDT 2011

Timing is on.

           670 - LOAD_BN_SESSION_20110417.UPDATES

BEGIN
Time: 0 hrs, 0 mins, 2 secs, 279 ms
SET
Time: 0 hrs, 0 mins, 0 secs, 9 ms
UPDATE 0
Time: 0 hrs, 0 mins, 0 secs, 979 ms
END
Time: 0 hrs, 0 mins, 29 secs, 96 ms
VACUUM
Time: 0 hrs, 1 mins, 4 secs, 317 ms

Mon Apr 18 05:24:09 EDT 2011

Timing is on.

           700 - LOAD_BN_SESSION

BEGIN
Time: 0 hrs, 0 mins, 2 secs, 317 ms
SET
Time: 0 hrs, 0 mins, 0 secs, 10 ms
INSERT 0 1283632
Time: 0 hrs, 1 mins, 2 secs, 641 ms
ANALYZE
Time: 0 hrs, 0 mins, 0 secs, 796 ms
END
Time: 0 hrs, 0 mins, 3 secs, 48 ms

Mon Apr 18 05:25:18 EDT 2011

Timing is on.

            750 - LOAD_BN_SESSION_SUMMARY   

BEGIN
Time: 0 hrs, 0 mins, 1 secs, 526 ms
SET
Time: 0 hrs, 0 mins, 0 secs, 11 ms
CREATE TABLE
Time: 0 hrs, 0 mins, 5 secs, 677 ms
TRUNCATE
Time: 0 hrs, 0 mins, 1 secs, 253 ms
INSERT 0 146037
Time: 0 hrs, 0 mins, 3 secs, 744 ms
ANALYZE
Time: 0 hrs, 0 mins, 0 secs, 643 ms
 count(1) 
----------
   146037
(1 row)

Time: 0 hrs, 0 mins, 0 secs, 298 ms
END
Time: 0 hrs, 0 mins, 5 secs, 111 ms

Mon Apr 18 05:25:37 EDT 2011

Timing is on.

           800 - LOAD_BN_HITS

BEGIN
Time: 0 hrs, 0 mins, 0 secs, 815 ms
SET
Time: 0 hrs, 0 mins, 0 secs, 11 ms
SET
Time: 0 hrs, 0 mins, 0 secs, 23 ms
SET
Time: 0 hrs, 0 mins, 0 secs, 39 ms
SET
Time: 0 hrs, 0 mins, 0 secs, 52 ms
TRUNCATE
Time: 0 hrs, 46 mins, 8 secs, 522 ms
INSERT 0 14069891
Time: 0 hrs, 0 mins, 11 secs, 127 ms
 count(1) 
----------
 14069891
(1 row)

Time: 0 hrs, 0 mins, 0 secs, 754 ms
ANALYZE
Time: 0 hrs, 0 mins, 4 secs, 968 ms
END
Time: 0 hrs, 0 mins, 3 secs, 861 ms

Mon Apr 18 06:12:07 EDT 2011

Timing is on.

            900 - LOAD_CLICKSTREAM   

BEGIN
Time: 0 hrs, 0 mins, 1 secs, 129 ms
SET
Time: 0 hrs, 0 mins, 0 secs, 10 ms
TRUNCATE
Time: 0 hrs, 0 mins, 1 secs, 540 ms
INSERT 0 14069891
Time: 0 hrs, 1 mins, 26 secs, 29 ms
 count(1) 
----------
 14069891
(1 row)

Time: 0 hrs, 0 mins, 0 secs, 980 ms
ANALYZE
Time: 0 hrs, 0 mins, 2 secs, 17 ms
END
Time: 0 hrs, 0 mins, 33 secs, 528 ms

Mon Apr 18 06:14:13 EDT 2011

Timing is on.

            1000 - PAGE_VIEW_SUMMARY  

BEGIN
Time: 0 hrs, 0 mins, 1 secs, 145 ms
SET
Time: 0 hrs, 0 mins, 0 secs, 13 ms
SET
Time: 0 hrs, 0 mins, 0 secs, 22 ms
TRUNCATE
Time: 0 hrs, 0 mins, 0 secs, 625 ms
INSERT 0 36991
Time: 0 hrs, 0 mins, 3 secs, 237 ms
 count(1) 
----------
    36991
(1 row)

Time: 0 hrs, 0 mins, 0 secs, 165 ms
ANALYZE
Time: 0 hrs, 0 mins, 0 secs, 30 ms
END
Time: 0 hrs, 0 mins, 11 secs, 366 ms

Mon Apr 18 06:14:30 EDT 2011


2000 - WRAP UP 

Timing is on.
BEGIN
Time: 0 hrs, 0 mins, 0 secs, 606 ms
TRUNCATE
Time: 0 hrs, 0 mins, 0 secs, 496 ms
TRUNCATE
Time: 0 hrs, 0 mins, 0 secs, 344 ms
END
Time: 0 hrs, 0 mins, 1 secs, 939 ms
Mon Apr 18 06:14:33 EDT 2011
Removing lock file and waiting for a minute
Checking for lock file /tmp/.iislock
Acquired lock file /tmp/.iislock
-------------------------------------
Processing for 20110417
-------------------------------------

Tue Apr 19 06:23:57 EDT 2011

Timing is on.

           000 - INIT

BEGIN
Time: 0 hrs, 0 mins, 5 secs, 856 ms
*** Truncating staging tables before workflow starts ***
SET
Time: 0 hrs, 0 mins, 0 secs, 11 ms
GRANT
Time: 0 hrs, 0 mins, 11 secs, 240 ms
END
Time: 0 hrs, 0 mins, 26 secs, 485 ms

Tue Apr 19 06:24:41 EDT 2011

Timing is on.

            200 - LOAD_BN_IISLOGS   

BEGIN
Time: 0 hrs, 0 mins, 3 secs, 554 ms
SET
Time: 0 hrs, 0 mins, 0 secs, 11 ms
TRUNCATE
Time: 0 hrs, 0 mins, 8 secs, 30 ms
INSERT 0 59904604
Time: 0 hrs, 11 mins, 20 secs, 879 ms
END
Time: 0 hrs, 1 mins, 56 secs, 794 ms
ALTER TABLE
Time: 0 hrs, 0 mins, 2 secs, 630 ms

Tue Apr 19 06:38:13 EDT 2011

Timing is on.
BEGIN
Time: 0 hrs, 0 mins, 2 secs, 455 ms
SET
Time: 0 hrs, 0 mins, 0 secs, 12 ms

            250 - LOAD_BN_HITS_SP   

TRUNCATE
Time: 0 hrs, 0 mins, 3 secs, 858 ms
INSERT 0 18435166
Time: 0 hrs, 3 mins, 26 secs, 469 ms
ANALYZE
Time: 0 hrs, 0 mins, 16 secs, 178 ms
END
Time: 0 hrs, 0 mins, 9 secs, 288 ms

Tue Apr 19 06:42:12 EDT 2011

Timing is on.
BEGIN
Time: 0 hrs, 0 mins, 1 secs, 16 ms
SET
Time: 0 hrs, 0 mins, 0 secs, 12 ms

           300 - DYNAMIC FILTER

TRUNCATE
Time: 0 hrs, 0 mins, 1 secs, 380 ms
INSERT 0 12481406
Time: 0 hrs, 0 mins, 10 secs, 930 ms
ANALYZE
Time: 0 hrs, 0 mins, 0 secs, 680 ms
 Total records in web_click_cnt 
--------------------------------
                       12481406
(1 row)

Time: 0 hrs, 0 mins, 1 secs, 8 ms
CREATE TABLE
Time: 0 hrs, 0 mins, 9 secs, 508 ms
ANALYZE
Time: 0 hrs, 0 mins, 0 secs, 96 ms
CREATE TABLE
Time: 0 hrs, 0 mins, 0 secs, 792 ms
ANALYZE
Time: 0 hrs, 0 mins, 0 secs, 324 ms
DELETE 1
Time: 0 hrs, 0 mins, 0 secs, 262 ms
INSERT 0 1
Time: 0 hrs, 0 mins, 0 secs, 557 ms
DELETE 1
Time: 0 hrs, 0 mins, 0 secs, 99 ms
INSERT 0 1
Time: 0 hrs, 0 mins, 0 secs, 608 ms
CREATE TABLE
Time: 0 hrs, 0 mins, 1 secs, 921 ms
ANALYZE
Time: 0 hrs, 0 mins, 0 secs, 71 ms
CREATE TABLE
Time: 0 hrs, 0 mins, 0 secs, 707 ms
ANALYZE
Time: 0 hrs, 0 mins, 0 secs, 95 ms
DELETE 1
Time: 0 hrs, 0 mins, 0 secs, 89 ms
INSERT 0 1
Time: 0 hrs, 0 mins, 0 secs, 661 ms
DELETE 1
Time: 0 hrs, 0 mins, 0 secs, 102 ms
INSERT 0 1
Time: 0 hrs, 0 mins, 0 secs, 461 ms
ANALYZE
Time: 0 hrs, 0 mins, 0 secs, 67 ms
    tablename     |    attr_name    | attr_value 
------------------+-----------------+------------
 BN_FILTER_SPIDER | CLK_USER_SD_MPL | 10
 BN_FILTER_SPIDER | IP_USER_SD_MPL  | 1
 BN_FILTER_SPIDER | IP_USER_RATIO   | .955
 BN_FILTER_SPIDER | CLK_USER_MEAN   | 18.038
 BN_FILTER_SPIDER | CLK_USER_SD     | 247.559
 BN_FILTER_SPIDER | IP_USER_MEAN    | 16.058
 BN_FILTER_SPIDER | IP_USER_SD      | 2157.522
(7 rows)

Time: 0 hrs, 0 mins, 0 secs, 152 ms
CREATE TABLE
Time: 0 hrs, 0 mins, 7 secs, 364 ms
CREATE TABLE
Time: 0 hrs, 0 mins, 0 secs, 414 ms
 l_mean_sd_mpl 
---------------
      2493.628
(1 row)

Time: 0 hrs, 0 mins, 0 secs, 229 ms
TRUNCATE
Time: 0 hrs, 0 mins, 0 secs, 520 ms
INSERT 0 28
Time: 0 hrs, 0 mins, 5 secs, 573 ms
ANALYZE
Time: 0 hrs, 0 mins, 0 secs, 53 ms
 Total click_user bn_spider_ip records 
---------------------------------------
                                    28
(1 row)

Time: 0 hrs, 0 mins, 0 secs, 175 ms
CREATE TABLE
Time: 0 hrs, 0 mins, 2 secs, 408 ms
ANALYZE
Time: 0 hrs, 0 mins, 0 secs, 54 ms
CREATE TABLE
Time: 0 hrs, 0 mins, 2 secs, 79 ms
ANALYZE
Time: 0 hrs, 0 mins, 0 secs, 76 ms
DROP 
Time: 0 hrs, 0 mins, 0 secs, 392 ms
CREATE TABLE
Time: 0 hrs, 0 mins, 3 secs, 5 ms
 l_mean_sd_mpl | l_ratio 
---------------+---------
      2173.580 |   0.955
(1 row)

Time: 0 hrs, 0 mins, 0 secs, 185 ms
INSERT 0 10422688
Time: 0 hrs, 0 mins, 8 secs, 452 ms
ANALYZE
Time: 0 hrs, 0 mins, 0 secs, 287 ms
 Total ip_user_filter bn_spider_ip records 
-------------------------------------------
                                  10422688
(1 row)

Time: 0 hrs, 0 mins, 0 secs, 429 ms
TRUNCATE
Time: 0 hrs, 0 mins, 0 secs, 950 ms
INSERT 0 19617105
Time: 0 hrs, 0 mins, 19 secs, 916 ms
ANALYZE
Time: 0 hrs, 0 mins, 11 secs, 389 ms
 bn_hits_stage 
---------------
      19617105
(1 row)

Time: 0 hrs, 0 mins, 4 secs, 264 ms
INSERT 0 13332837
Time: 0 hrs, 8 mins, 36 secs, 297 ms
ANALYZE
Time: 0 hrs, 0 mins, 6 secs, 501 ms
 bn_hits_sp_20110417 
---------------------
            31768003
(1 row)

Time: 0 hrs, 0 mins, 5 secs, 31 ms
TRUNCATE
Time: 0 hrs, 0 mins, 0 secs, 983 ms
INSERT 0 8519496
Time: 0 hrs, 0 mins, 6 secs, 200 ms
ANALYZE
Time: 0 hrs, 0 mins, 2 secs, 151 ms
 bn_hits_client_20110417 
-------------------------
                 8519496
(1 row)

Time: 0 hrs, 0 mins, 0 secs, 160 ms
END
Time: 0 hrs, 0 mins, 2 secs, 285 ms

Tue Apr 19 06:52:51 EDT 2011

Timing is on.
BEGIN
Time: 0 hrs, 0 mins, 0 secs, 703 ms

           600 - LOAD RESOURCES

SET
Time: 0 hrs, 0 mins, 0 secs, 12 ms
CREATE TABLE
Time: 0 hrs, 0 mins, 6 secs, 810 ms
ANALYZE
Time: 0 hrs, 0 mins, 0 secs, 525 ms
 tmp_a_count 
-------------
       39567
(1 row)

Time: 0 hrs, 0 mins, 0 secs, 72 ms
UPDATE 0
Time: 0 hrs, 0 mins, 2 secs, 39 ms
ANALYZE
Time: 0 hrs, 0 mins, 0 secs, 842 ms
TRUNCATE
Time: 0 hrs, 0 mins, 0 secs, 711 ms
INSERT 0 1008
Time: 0 hrs, 0 mins, 4 secs, 804 ms
ANALYZE
Time: 0 hrs, 0 mins, 0 secs, 218 ms
 first_resource_id | last_resource_id 
-------------------+------------------
          13329796 |         13330803
(1 row)

Time: 0 hrs, 0 mins, 0 secs, 77 ms
INSERT 0 1008
Time: 0 hrs, 0 mins, 0 secs, 328 ms
 total_resources 
-----------------
        13306408
(1 row)

Time: 0 hrs, 0 mins, 0 secs, 236 ms
ANALYZE
Time: 0 hrs, 0 mins, 0 secs, 516 ms
END
Time: 0 hrs, 0 mins, 1 secs, 166 ms
VACUUM
Time: 0 hrs, 0 mins, 24 secs, 845 ms

Tue Apr 19 06:53:35 EDT 2011

Timing is on.

           650 - LOAD_BN_SESSION_STAGE

BEGIN
Time: 0 hrs, 0 mins, 1 secs, 59 ms
SET
Time: 0 hrs, 0 mins, 0 secs, 8 ms
SET
Time: 0 hrs, 0 mins, 0 secs, 119 ms
CREATE TABLE
Time: 0 hrs, 0 mins, 38 secs, 300 ms
ANALYZE
Time: 0 hrs, 0 mins, 3 secs, 284 ms
 tmp_sessionized_stage 
-----------------------
              19617105
(1 row)

Time: 0 hrs, 0 mins, 0 secs, 514 ms
TRUNCATE
Time: 0 hrs, 0 mins, 1 secs, 795 ms
INSERT 0 1673229
Time: 0 hrs, 0 mins, 33 secs, 684 ms
ANALYZE
Time: 0 hrs, 0 mins, 0 secs, 707 ms
CREATE TABLE
Time: 0 hrs, 1 mins, 1 secs, 540 ms
CREATE INDEX
Time: 0 hrs, 0 mins, 0 secs, 845 ms
 tmp_first_last 
----------------
        1673229
(1 row)

Time: 0 hrs, 0 mins, 0 secs, 617 ms
ANALYZE
Time: 0 hrs, 0 mins, 0 secs, 853 ms
SET
Time: 0 hrs, 0 mins, 0 secs, 66 ms
SET
Time: 0 hrs, 0 mins, 0 secs, 17 ms
TRUNCATE
Time: 0 hrs, 0 mins, 4 secs, 851 ms
DROP
Time: 0 hrs, 0 mins, 0 secs, 305 ms
INSERT 0 1673229
Time: 0 hrs, 0 mins, 10 secs, 44 ms
 bn_session_stage 
------------------
          1673229
(1 row)

Time: 0 hrs, 0 mins, 4 secs, 336 ms
CREATE INDEX
Time: 0 hrs, 0 mins, 2 secs, 427 ms
ANALYZE
Time: 0 hrs, 0 mins, 1 secs, 812 ms
TRUNCATE
Time: 0 hrs, 0 mins, 2 secs, 701 ms
END
Time: 0 hrs, 1 mins, 17 secs, 361 ms

Tue Apr 19 06:57:43 EDT 2011

BEGIN

           660 - LOAD_BN_SESSION_UPDATE_STAGE

SET
TRUNCATE
INSERT 0 0
END

Tue Apr 19 06:59:40 EDT 2011

Timing is on.

           670 - LOAD_BN_SESSION_20110417.UPDATES

BEGIN
Time: 0 hrs, 0 mins, 5 secs, 644 ms
SET
Time: 0 hrs, 0 mins, 0 secs, 10 ms
UPDATE 0
Time: 0 hrs, 0 mins, 0 secs, 796 ms
END
Time: 0 hrs, 1 mins, 33 secs, 529 ms
VACUUM
Time: 0 hrs, 3 mins, 5 secs, 879 ms

Tue Apr 19 07:04:26 EDT 2011

Timing is on.

           700 - LOAD_BN_SESSION

BEGIN
Time: 0 hrs, 0 mins, 1 secs, 515 ms
SET
Time: 0 hrs, 0 mins, 0 secs, 21 ms
INSERT 0 1673229
Time: 0 hrs, 0 mins, 9 secs, 771 ms
ANALYZE
Time: 0 hrs, 0 mins, 0 secs, 981 ms
END
Time: 0 hrs, 0 mins, 23 secs, 175 ms

Tue Apr 19 07:05:02 EDT 2011

Timing is on.

            750 - LOAD_BN_SESSION_SUMMARY   

BEGIN
Time: 0 hrs, 0 mins, 0 secs, 798 ms
SET
Time: 0 hrs, 0 mins, 0 secs, 9 ms
CREATE TABLE
Time: 0 hrs, 0 mins, 10 secs, 531 ms
TRUNCATE
Time: 0 hrs, 0 mins, 0 secs, 846 ms
INSERT 0 183264
Time: 0 hrs, 0 mins, 4 secs, 76 ms
ANALYZE
Time: 0 hrs, 0 mins, 0 secs, 880 ms
 count(1) 
----------
   183264
(1 row)

Time: 0 hrs, 0 mins, 0 secs, 282 ms
END
Time: 0 hrs, 0 mins, 1 secs, 613 ms

Tue Apr 19 07:05:21 EDT 2011

Timing is on.

           800 - LOAD_BN_HITS

BEGIN
Time: 0 hrs, 0 mins, 0 secs, 739 ms
SET
Time: 0 hrs, 0 mins, 0 secs, 11 ms
SET
Time: 0 hrs, 0 mins, 0 secs, 17 ms
SET
Time: 0 hrs, 0 mins, 0 secs, 19 ms
SET
Time: 0 hrs, 0 mins, 0 secs, 28 ms
TRUNCATE
Time: 0 hrs, 0 mins, 1 secs, 578 ms
INSERT 0 19617105
Time: 0 hrs, 0 mins, 9 secs, 413 ms
 count(1) 
----------
 19617105
(1 row)

Time: 0 hrs, 0 mins, 0 secs, 847 ms
ANALYZE
Time: 0 hrs, 0 mins, 2 secs, 939 ms
END
Time: 0 hrs, 0 mins, 1 secs, 889 ms

Tue Apr 19 07:05:39 EDT 2011

Timing is on.

            900 - LOAD_CLICKSTREAM   

BEGIN
Time: 0 hrs, 0 mins, 0 secs, 778 ms
SET
Time: 0 hrs, 0 mins, 0 secs, 12 ms
TRUNCATE
Time: 0 hrs, 0 mins, 0 secs, 506 ms
INSERT 0 19617105
Time: 0 hrs, 1 mins, 21 secs, 629 ms
 count(1) 
----------
 19617105
(1 row)

Time: 0 hrs, 0 mins, 0 secs, 396 ms
ANALYZE
Time: 0 hrs, 0 mins, 1 secs, 110 ms
END
Time: 0 hrs, 0 mins, 1 secs, 250 ms

Tue Apr 19 07:07:05 EDT 2011

Timing is on.

            1000 - PAGE_VIEW_SUMMARY  

BEGIN
Time: 0 hrs, 0 mins, 0 secs, 781 ms
SET
Time: 0 hrs, 0 mins, 0 secs, 16 ms
SET
Time: 0 hrs, 0 mins, 0 secs, 21 ms
TRUNCATE
Time: 0 hrs, 0 mins, 0 secs, 328 ms
INSERT 0 46783
Time: 0 hrs, 0 mins, 3 secs, 290 ms
 count(1) 
----------
    46783
(1 row)

Time: 0 hrs, 0 mins, 0 secs, 188 ms
ANALYZE
Time: 0 hrs, 0 mins, 0 secs, 46 ms
END
Time: 0 hrs, 0 mins, 1 secs, 626 ms

Tue Apr 19 07:07:11 EDT 2011


2000 - WRAP UP 

Timing is on.
BEGIN
Time: 0 hrs, 0 mins, 0 secs, 587 ms
TRUNCATE
Time: 0 hrs, 0 mins, 0 secs, 609 ms
TRUNCATE
Time: 0 hrs, 0 mins, 0 secs, 607 ms
END
Time: 0 hrs, 0 mins, 2 secs, 667 ms
Tue Apr 19 07:07:16 EDT 2011
Removing lock file and waiting for a minute
