nohup: ignoring input
Checking for lock file /tmp/.iislock
Acquired lock file /tmp/.iislock
-------------------------------------
Processing for 20101231
-------------------------------------

Tue Jan 18 23:49:08 EST 2011

Timing is on.

           000 - INIT

BEGIN
Time: 0 hrs, 0 mins, 0 secs, 673 ms
*** Truncating staging tables before workflow starts ***
SET
Time: 0 hrs, 0 mins, 0 secs, 15 ms
GRANT
Time: 0 hrs, 0 mins, 0 secs, 765 ms
END
Time: 0 hrs, 0 mins, 10 secs, 903 ms

Tue Jan 18 23:49:21 EST 2011

Timing is on.

            200 - LOAD_BN_IISLOGS   

BEGIN
Time: 0 hrs, 0 mins, 0 secs, 673 ms
SET
Time: 0 hrs, 0 mins, 0 secs, 11 ms
TRUNCATE
Time: 0 hrs, 0 mins, 0 secs, 812 ms
INSERT 0 44300818
Time: 0 hrs, 20 mins, 20 secs, 598 ms
END
Time: 0 hrs, 0 mins, 54 secs, 346 ms
ALTER TABLE
Time: 0 hrs, 2 mins, 5 secs, 931 ms

Wed Jan 19 00:12:44 EST 2011

Timing is on.
BEGIN
Time: 0 hrs, 0 mins, 1 secs, 18 ms
SET
Time: 0 hrs, 0 mins, 0 secs, 14 ms

            250 - LOAD_BN_HITS_SP   

TRUNCATE
Time: 0 hrs, 0 mins, 2 secs, 174 ms
INSERT 0 15008493
Time: 0 hrs, 4 mins, 55 secs, 396 ms
ANALYZE
Time: 0 hrs, 0 mins, 10 secs, 707 ms
END
Time: 0 hrs, 0 mins, 12 secs, 263 ms

Wed Jan 19 00:18:06 EST 2011

Timing is on.
BEGIN
Time: 0 hrs, 0 mins, 0 secs, 887 ms
SET
Time: 0 hrs, 0 mins, 0 secs, 9 ms

           300 - DYNAMIC FILTER

TRUNCATE
Time: 0 hrs, 0 mins, 2 secs, 107 ms
INSERT 0 7591569
Time: 0 hrs, 0 mins, 10 secs, 570 ms
ANALYZE
Time: 0 hrs, 0 mins, 0 secs, 734 ms
 Total records in web_click_cnt 
--------------------------------
                        7591569
(1 row)

Time: 0 hrs, 0 mins, 2 secs, 431 ms
CREATE TABLE
Time: 0 hrs, 0 mins, 48 secs, 800 ms
ANALYZE
Time: 0 hrs, 0 mins, 1 secs, 134 ms
CREATE TABLE
Time: 0 hrs, 0 mins, 0 secs, 842 ms
ANALYZE
Time: 0 hrs, 0 mins, 0 secs, 183 ms
DELETE 1
Time: 0 hrs, 0 mins, 0 secs, 514 ms
INSERT 0 1
Time: 0 hrs, 0 mins, 1 secs, 98 ms
DELETE 1
Time: 0 hrs, 0 mins, 0 secs, 89 ms
INSERT 0 1
Time: 0 hrs, 0 mins, 0 secs, 696 ms
CREATE TABLE
Time: 0 hrs, 0 mins, 25 secs, 644 ms
ANALYZE
Time: 0 hrs, 0 mins, 0 secs, 113 ms
CREATE TABLE
Time: 0 hrs, 0 mins, 0 secs, 809 ms
ANALYZE
Time: 0 hrs, 0 mins, 0 secs, 113 ms
DELETE 1
Time: 0 hrs, 0 mins, 0 secs, 145 ms
INSERT 0 1
Time: 0 hrs, 0 mins, 0 secs, 875 ms
DELETE 1
Time: 0 hrs, 0 mins, 0 secs, 100 ms
INSERT 0 1
Time: 0 hrs, 0 mins, 1 secs, 419 ms
ANALYZE
Time: 0 hrs, 0 mins, 0 secs, 534 ms
    tablename     |    attr_name    | attr_value 
------------------+-----------------+------------
 BN_FILTER_SPIDER | CLK_USER_SD_MPL | 10
 BN_FILTER_SPIDER | IP_USER_SD_MPL  | 1
 BN_FILTER_SPIDER | IP_USER_RATIO   | .955
 BN_FILTER_SPIDER | CLK_USER_MEAN   | 13.200
 BN_FILTER_SPIDER | CLK_USER_SD     | 363.850
 BN_FILTER_SPIDER | IP_USER_MEAN    | 7.493
 BN_FILTER_SPIDER | IP_USER_SD      | 1327.452
(7 rows)

Time: 0 hrs, 0 mins, 0 secs, 237 ms
CREATE TABLE
Time: 0 hrs, 0 mins, 4 secs, 429 ms
CREATE TABLE
Time: 0 hrs, 0 mins, 0 secs, 487 ms
 l_mean_sd_mpl 
---------------
      3651.700
(1 row)

Time: 0 hrs, 0 mins, 1 secs, 594 ms
TRUNCATE
Time: 0 hrs, 0 mins, 0 secs, 686 ms
INSERT 0 34
Time: 0 hrs, 0 mins, 4 secs, 438 ms
ANALYZE
Time: 0 hrs, 0 mins, 0 secs, 66 ms
 Total click_user bn_spider_ip records 
---------------------------------------
                                    34
(1 row)

Time: 0 hrs, 0 mins, 0 secs, 491 ms
CREATE TABLE
Time: 0 hrs, 0 mins, 1 secs, 133 ms
ANALYZE
Time: 0 hrs, 0 mins, 0 secs, 50 ms
CREATE TABLE
Time: 0 hrs, 0 mins, 2 secs, 314 ms
ANALYZE
Time: 0 hrs, 0 mins, 0 secs, 98 ms
DROP 
Time: 0 hrs, 0 mins, 0 secs, 358 ms
CREATE TABLE
Time: 0 hrs, 0 mins, 0 secs, 243 ms
 l_mean_sd_mpl | l_ratio 
---------------+---------
      1334.945 |   0.955
(1 row)

Time: 0 hrs, 0 mins, 0 secs, 197 ms
INSERT 0 5749117
Time: 0 hrs, 0 mins, 5 secs, 717 ms
ANALYZE
Time: 0 hrs, 0 mins, 0 secs, 190 ms
 Total ip_user_filter bn_spider_ip records 
-------------------------------------------
                                   5749117
(1 row)

Time: 0 hrs, 0 mins, 0 secs, 389 ms
TRUNCATE
Time: 0 hrs, 0 mins, 0 secs, 739 ms
INSERT 0 17029006
Time: 0 hrs, 0 mins, 20 secs, 45 ms
ANALYZE
Time: 0 hrs, 0 mins, 4 secs, 762 ms
 bn_hits_stage 
---------------
      17029006
(1 row)

Time: 0 hrs, 0 mins, 5 secs, 636 ms
INSERT 0 6536793
Time: 0 hrs, 3 mins, 22 secs, 590 ms
ANALYZE
Time: 0 hrs, 0 mins, 11 secs, 768 ms
 bn_hits_sp_20101231 
---------------------
            21545286
(1 row)

Time: 0 hrs, 0 mins, 29 secs, 659 ms
TRUNCATE
Time: 0 hrs, 0 mins, 0 secs, 898 ms
INSERT 0 5726526
Time: 0 hrs, 0 mins, 18 secs, 286 ms
ANALYZE
Time: 0 hrs, 0 mins, 2 secs, 705 ms
 bn_hits_client_20101231 
-------------------------
                 5726526
(1 row)

Time: 0 hrs, 0 mins, 0 secs, 423 ms
END
Time: 0 hrs, 0 mins, 25 secs, 184 ms

Wed Jan 19 00:25:32 EST 2011

Timing is on.
BEGIN
Time: 0 hrs, 0 mins, 4 secs, 626 ms

           600 - LOAD RESOURCES

SET
Time: 0 hrs, 0 mins, 0 secs, 12 ms
CREATE TABLE
Time: 0 hrs, 0 mins, 5 secs, 654 ms
ANALYZE
Time: 0 hrs, 0 mins, 0 secs, 308 ms
 tmp_a_count 
-------------
       22823
(1 row)

Time: 0 hrs, 0 mins, 0 secs, 84 ms
UPDATE 0
Time: 0 hrs, 0 mins, 1 secs, 124 ms
ANALYZE
Time: 0 hrs, 0 mins, 0 secs, 565 ms
TRUNCATE
Time: 0 hrs, 0 mins, 2 secs, 161 ms
INSERT 0 0
Time: 0 hrs, 0 mins, 4 secs, 276 ms
ANALYZE
Time: 0 hrs, 0 mins, 0 secs, 20 ms
 first_resource_id | last_resource_id 
-------------------+------------------
                   |                 
(1 row)

Time: 0 hrs, 0 mins, 1 secs, 183 ms
INSERT 0 0
Time: 0 hrs, 0 mins, 1 secs, 684 ms
 total_resources 
-----------------
        12725679
(1 row)

Time: 0 hrs, 0 mins, 0 secs, 641 ms
ANALYZE
Time: 0 hrs, 0 mins, 0 secs, 906 ms
END
Time: 0 hrs, 0 mins, 1 secs, 642 ms
VACUUM
Time: 0 hrs, 0 mins, 13 secs, 680 ms

Wed Jan 19 00:26:10 EST 2011

Timing is on.

           650 - LOAD_BN_SESSION_STAGE

BEGIN
Time: 0 hrs, 0 mins, 0 secs, 692 ms
SET
Time: 0 hrs, 0 mins, 0 secs, 12 ms
SET
Time: 0 hrs, 0 mins, 0 secs, 146 ms
CREATE TABLE
Time: 0 hrs, 0 mins, 41 secs, 915 ms
ANALYZE
Time: 0 hrs, 0 mins, 3 secs, 262 ms
 tmp_sessionized_stage 
-----------------------
              17029006
(1 row)

Time: 0 hrs, 0 mins, 0 secs, 373 ms
TRUNCATE
Time: 0 hrs, 0 mins, 0 secs, 584 ms
INSERT 0 1957047
Time: 0 hrs, 0 mins, 53 secs, 388 ms
ANALYZE
Time: 0 hrs, 0 mins, 2 secs, 324 ms
CREATE TABLE
Time: 0 hrs, 5 mins, 48 secs, 769 ms
CREATE INDEX
Time: 0 hrs, 0 mins, 0 secs, 777 ms
 tmp_first_last 
----------------
        1957047
(1 row)

Time: 0 hrs, 0 mins, 0 secs, 926 ms
ANALYZE
Time: 0 hrs, 0 mins, 1 secs, 689 ms
SET
Time: 0 hrs, 0 mins, 0 secs, 55 ms
SET
Time: 0 hrs, 0 mins, 0 secs, 75 ms
TRUNCATE
Time: 0 hrs, 0 mins, 11 secs, 467 ms
DROP
Time: 0 hrs, 0 mins, 1 secs, 490 ms
INSERT 0 1957047
Time: 0 hrs, 0 mins, 11 secs, 724 ms
 bn_session_stage 
------------------
          1957047
(1 row)

Time: 0 hrs, 0 mins, 3 secs, 644 ms
CREATE INDEX
Time: 0 hrs, 0 mins, 6 secs, 776 ms
ANALYZE
Time: 0 hrs, 0 mins, 2 secs, 481 ms
TRUNCATE
Time: 0 hrs, 0 mins, 6 secs, 778 ms
END
Time: 0 hrs, 0 mins, 54 secs, 458 ms

Wed Jan 19 00:35:24 EST 2011

BEGIN

           660 - LOAD_BN_SESSION_UPDATE_STAGE

SET
TRUNCATE
INSERT 0 0
END

Wed Jan 19 00:36:11 EST 2011

Timing is on.

           670 - LOAD_BN_SESSION_20101231.UPDATES

BEGIN
Time: 0 hrs, 0 mins, 0 secs, 789 ms
SET
Time: 0 hrs, 0 mins, 0 secs, 12 ms
UPDATE 0
Time: 0 hrs, 0 mins, 0 secs, 615 ms
END
Time: 0 hrs, 0 mins, 30 secs, 730 ms
VACUUM
Time: 0 hrs, 0 mins, 43 secs, 58 ms

Wed Jan 19 00:37:27 EST 2011

Timing is on.

           700 - LOAD_BN_SESSION

BEGIN
Time: 0 hrs, 0 mins, 9 secs, 218 ms
SET
Time: 0 hrs, 0 mins, 0 secs, 10 ms
INSERT 0 1957047
Time: 0 hrs, 3 mins, 40 secs, 95 ms
ANALYZE
Time: 0 hrs, 0 mins, 1 secs, 980 ms
END
Time: 0 hrs, 1 mins, 47 secs, 689 ms

Wed Jan 19 00:43:06 EST 2011

Timing is on.

            750 - LOAD_BN_SESSION_SUMMARY   

BEGIN
Time: 0 hrs, 0 mins, 1 secs, 571 ms
SET
Time: 0 hrs, 0 mins, 0 secs, 11 ms
CREATE TABLE
Time: 0 hrs, 0 mins, 34 secs, 684 ms
TRUNCATE
Time: 0 hrs, 0 mins, 1 secs, 804 ms
INSERT 0 266230
Time: 0 hrs, 0 mins, 5 secs, 26 ms
ANALYZE
Time: 0 hrs, 0 mins, 1 secs, 49 ms
 count(1) 
----------
   266230
(1 row)

Time: 0 hrs, 0 mins, 0 secs, 332 ms
END
Time: 0 hrs, 0 mins, 17 secs, 373 ms

Wed Jan 19 00:44:08 EST 2011

Timing is on.

           800 - LOAD_BN_HITS

BEGIN
Time: 0 hrs, 0 mins, 0 secs, 789 ms
SET
Time: 0 hrs, 0 mins, 0 secs, 11 ms
SET
Time: 0 hrs, 0 mins, 0 secs, 44 ms
SET
Time: 0 hrs, 0 mins, 0 secs, 34 ms
SET
Time: 0 hrs, 0 mins, 0 secs, 22 ms
TRUNCATE
Time: 0 hrs, 0 mins, 2 secs, 373 ms
INSERT 0 17029006
Time: 0 hrs, 0 mins, 23 secs, 144 ms
 count(1) 
----------
 17029006
(1 row)

Time: 0 hrs, 0 mins, 10 secs, 646 ms
ANALYZE
Time: 0 hrs, 0 mins, 4 secs, 199 ms
END
Time: 0 hrs, 0 mins, 15 secs, 941 ms

Wed Jan 19 00:45:06 EST 2011

Timing is on.

            900 - LOAD_CLICKSTREAM   

BEGIN
Time: 0 hrs, 0 mins, 1 secs, 914 ms
SET
Time: 0 hrs, 0 mins, 0 secs, 8 ms
TRUNCATE
Time: 0 hrs, 0 mins, 4 secs, 172 ms
INSERT 0 17029006
Time: 0 hrs, 1 mins, 34 secs, 688 ms
 count(1) 
----------
 17029006
(1 row)

Time: 0 hrs, 0 mins, 7 secs, 97 ms
ANALYZE
Time: 0 hrs, 0 mins, 4 secs, 189 ms
END
Time: 0 hrs, 1 mins, 44 secs, 477 ms

Wed Jan 19 00:48:43 EST 2011

Timing is on.

            1000 - PAGE_VIEW_SUMMARY  

BEGIN
Time: 0 hrs, 0 mins, 1 secs, 597 ms
SET
Time: 0 hrs, 0 mins, 0 secs, 11 ms
TRUNCATE
Time: 0 hrs, 0 mins, 2 secs, 923 ms
INSERT 0 29129
Time: 0 hrs, 0 mins, 5 secs, 130 ms
 count(1) 
----------
    29129
(1 row)

Time: 0 hrs, 0 mins, 1 secs, 842 ms
ANALYZE
Time: 0 hrs, 0 mins, 0 secs, 273 ms
END
Time: 0 hrs, 0 mins, 28 secs, 291 ms
Wed Jan 19 00:49:23 EST 2011
Removing lock file and waiting for a minute
