nohup: ignoring input
-------------------------------------
Processing for 20100608
-------------------------------------
Thu Dec 16 11:28:09 EST 2010

Timing is on.

           000 - INIT

BEGIN
Time: 0 hrs, 0 mins, 0 secs, 879 ms
*** Truncating staging tables before workflow starts ***
SET
Time: 0 hrs, 0 mins, 0 secs, 13 ms
TRUNCATE
Time: 0 hrs, 0 mins, 0 secs, 403 ms
TRUNCATE
Time: 0 hrs, 0 mins, 0 secs, 505 ms
TRUNCATE
Time: 0 hrs, 0 mins, 0 secs, 209 ms
TRUNCATE
Time: 0 hrs, 0 mins, 1 secs, 420 ms
TRUNCATE
Time: 0 hrs, 0 mins, 1 secs, 179 ms
TRUNCATE
Time: 0 hrs, 0 mins, 1 secs, 535 ms
TRUNCATE
Time: 0 hrs, 0 mins, 1 secs, 143 ms
END
Time: 0 hrs, 0 mins, 1 secs, 2 ms

Thu Dec 16 11:28:17 EST 2010

Timing is on.
BEGIN
Time: 0 hrs, 0 mins, 0 secs, 542 ms
SET
Time: 0 hrs, 0 mins, 0 secs, 7 ms

           300 - DYNAMIC FILTER STUB - WEB_RESOURCE_HITS

INSERT 0 22325555
Time: 0 hrs, 0 mins, 32 secs, 922 ms
INSERT 0 7581189
Time: 0 hrs, 0 mins, 27 secs, 141 ms
 bn_hits_stage 
---------------
      29906744
(1 row)

Time: 0 hrs, 0 mins, 1 secs, 873 ms
ANALYZE
Time: 0 hrs, 0 mins, 1 secs, 768 ms
END
Time: 0 hrs, 0 mins, 12 secs, 842 ms

Thu Dec 16 11:29:34 EST 2010

Timing is on.
BEGIN
Time: 0 hrs, 0 mins, 0 secs, 745 ms

           600 - LOAD RESOURCES

SET
Time: 0 hrs, 0 mins, 0 secs, 20 ms
CREATE TABLE
Time: 0 hrs, 0 mins, 12 secs, 732 ms
ANALYZE
Time: 0 hrs, 0 mins, 0 secs, 518 ms
 tmp_a_count 
-------------
       70455
(1 row)

Time: 0 hrs, 0 mins, 0 secs, 122 ms
UPDATE 70455
Time: 0 hrs, 1 mins, 30 secs, 36 ms
ANALYZE
Time: 0 hrs, 0 mins, 16 secs, 95 ms
INSERT 0 0
Time: 0 hrs, 0 mins, 46 secs, 948 ms

Time: 0 hrs, 0 mins, 0 secs, 11 ms
ANALYZE
Time: 0 hrs, 0 mins, 0 secs, 861 ms
END
Time: 0 hrs, 0 mins, 0 secs, 885 ms
VACUUM
Time: 0 hrs, 0 mins, 7 secs, 76 ms

Thu Dec 16 11:32:31 EST 2010

Timing is on.

           650 - LOAD_BN_SESSION_STAGE

BEGIN
Time: 0 hrs, 0 mins, 0 secs, 697 ms
SET
Time: 0 hrs, 0 mins, 0 secs, 7 ms
CREATE TABLE
Time: 0 hrs, 1 mins, 42 secs, 120 ms
ANALYZE
Time: 0 hrs, 0 mins, 9 secs, 510 ms
INSERT 0 2156397
Time: 0 hrs, 0 mins, 33 secs, 181 ms
ANALYZE
Time: 0 hrs, 0 mins, 0 secs, 535 ms
CREATE TABLE
Time: 0 hrs, 0 mins, 36 secs, 272 ms
ANALYZE
Time: 0 hrs, 0 mins, 0 secs, 202 ms
CREATE TABLE
Time: 0 hrs, 1 mins, 0 secs, 513 ms
ANALYZE
Time: 0 hrs, 0 mins, 0 secs, 497 ms
INSERT 0 2156397
Time: 0 hrs, 2 mins, 40 secs, 539 ms
 bn_session_stage 
------------------
          2156397
(1 row)

Time: 0 hrs, 0 mins, 0 secs, 399 ms
ANALYZE
Time: 0 hrs, 0 mins, 0 secs, 942 ms
TRUNCATE
Time: 0 hrs, 0 mins, 0 secs, 970 ms
END
Time: 0 hrs, 0 mins, 1 secs, 546 ms

Thu Dec 16 11:39:19 EST 2010

BEGIN

           660 - LOAD_BN_SESSION_UPDATE_STAGE

SET
INSERT 0 0
END

Thu Dec 16 11:39:27 EST 2010

Timing is on.

           670 - LOAD_BN_SESSION_20100608.UPDATES

BEGIN
Time: 0 hrs, 0 mins, 0 secs, 737 ms
SET
Time: 0 hrs, 0 mins, 0 secs, 13 ms
UPDATE 0
Time: 0 hrs, 0 mins, 0 secs, 422 ms
END
Time: 0 hrs, 0 mins, 5 secs, 840 ms
VACUUM
Time: 0 hrs, 0 mins, 5 secs, 672 ms

Thu Dec 16 11:39:40 EST 2010

Timing is on.

           700 - LOAD_BN_SESSION

BEGIN
Time: 0 hrs, 0 mins, 0 secs, 799 ms
SET
Time: 0 hrs, 0 mins, 0 secs, 14 ms
INSERT 0 2156397
Time: 0 hrs, 0 mins, 9 secs, 412 ms
ANALYZE
Time: 0 hrs, 0 mins, 1 secs, 261 ms
END
Time: 0 hrs, 0 mins, 5 secs, 227 ms

Thu Dec 16 11:39:57 EST 2010

Timing is on.

            750 - LOAD_BN_SESSION_SUMMARY   

BEGIN
Time: 0 hrs, 0 mins, 1 secs, 11 ms
SET
Time: 0 hrs, 0 mins, 0 secs, 14 ms
CREATE TABLE
Time: 0 hrs, 0 mins, 11 secs, 913 ms
TRUNCATE
Time: 0 hrs, 0 mins, 2 secs, 91 ms
INSERT 0 263407
Time: 0 hrs, 0 mins, 5 secs, 415 ms
ANALYZE
Time: 0 hrs, 0 mins, 0 secs, 681 ms
 count(1) 
----------
   263407
(1 row)

Time: 0 hrs, 0 mins, 0 secs, 298 ms
END
Time: 0 hrs, 0 mins, 5 secs, 959 ms

Thu Dec 16 11:40:25 EST 2010

Timing is on.

           800 - LOAD_BN_HITS

BEGIN
Time: 0 hrs, 0 mins, 0 secs, 779 ms
SET
Time: 0 hrs, 0 mins, 0 secs, 12 ms
TRUNCATE
Time: 0 hrs, 0 mins, 1 secs, 457 ms
INSERT 0 29906744
Time: 0 hrs, 0 mins, 49 secs, 226 ms
 count(1) 
----------
 29906744
(1 row)

Time: 0 hrs, 0 mins, 0 secs, 711 ms
ANALYZE
Time: 0 hrs, 0 mins, 1 secs, 512 ms
END
Time: 0 hrs, 0 mins, 2 secs, 786 ms

Thu Dec 16 11:41:21 EST 2010

Timing is on.

            900 - LOAD_CLICKSTREAM   

BEGIN
Time: 0 hrs, 0 mins, 1 secs, 435 ms
SET
Time: 0 hrs, 0 mins, 0 secs, 15 ms
TRUNCATE
Time: 0 hrs, 0 mins, 0 secs, 653 ms
INSERT 0 29906744
Time: 0 hrs, 2 mins, 22 secs, 224 ms
 count(1) 
----------
 29906744
(1 row)

Time: 0 hrs, 0 mins, 0 secs, 579 ms
ANALYZE
Time: 0 hrs, 0 mins, 1 secs, 155 ms
END
Time: 0 hrs, 0 mins, 3 secs, 709 ms

Thu Dec 16 11:43:51 EST 2010

Timing is on.

            1000 - PAGE_VIEW_SUMMARY  

BEGIN
Time: 0 hrs, 0 mins, 0 secs, 706 ms
SET
Time: 0 hrs, 0 mins, 0 secs, 10 ms
TRUNCATE
Time: 0 hrs, 0 mins, 2 secs, 233 ms
INSERT 0 90771
Time: 0 hrs, 0 mins, 12 secs, 219 ms
 count(1) 
----------
    90771
(1 row)

Time: 0 hrs, 0 mins, 0 secs, 88 ms
ANALYZE
Time: 0 hrs, 0 mins, 0 secs, 45 ms
END
Time: 0 hrs, 0 mins, 4 secs, 997 ms
Thu Dec 16 11:44:12 EST 2010
-------------------------------------
Processing for 20100609
-------------------------------------
Thu Dec 16 11:44:12 EST 2010

Timing is on.

           000 - INIT

BEGIN
Time: 0 hrs, 0 mins, 0 secs, 574 ms
*** Truncating staging tables before workflow starts ***
SET
Time: 0 hrs, 0 mins, 0 secs, 14 ms
TRUNCATE
Time: 0 hrs, 0 mins, 0 secs, 891 ms
TRUNCATE
Time: 0 hrs, 0 mins, 1 secs, 566 ms
TRUNCATE
Time: 0 hrs, 0 mins, 1 secs, 217 ms
TRUNCATE
Time: 0 hrs, 0 mins, 0 secs, 802 ms
TRUNCATE
Time: 0 hrs, 0 mins, 1 secs, 775 ms
TRUNCATE
Time: 0 hrs, 0 mins, 3 secs, 59 ms
TRUNCATE
Time: 0 hrs, 0 mins, 2 secs, 890 ms
END
Time: 0 hrs, 0 mins, 9 secs, 537 ms

Thu Dec 16 11:44:34 EST 2010

Timing is on.
BEGIN
Time: 0 hrs, 0 mins, 0 secs, 731 ms
SET
Time: 0 hrs, 0 mins, 0 secs, 12 ms

           300 - DYNAMIC FILTER STUB - WEB_RESOURCE_HITS

INSERT 0 21968874
Time: 0 hrs, 0 mins, 27 secs, 438 ms
INSERT 0 7134055
Time: 0 hrs, 0 mins, 13 secs, 519 ms
 bn_hits_stage 
---------------
      29102929
(1 row)

Time: 0 hrs, 0 mins, 0 secs, 895 ms
ANALYZE
Time: 0 hrs, 0 mins, 1 secs, 558 ms
END
Time: 0 hrs, 0 mins, 7 secs, 585 ms

Thu Dec 16 11:45:26 EST 2010

Timing is on.
BEGIN
Time: 0 hrs, 0 mins, 0 secs, 556 ms

           600 - LOAD RESOURCES

SET
Time: 0 hrs, 0 mins, 0 secs, 11 ms
CREATE TABLE
Time: 0 hrs, 0 mins, 6 secs, 793 ms
ANALYZE
Time: 0 hrs, 0 mins, 0 secs, 461 ms
 tmp_a_count 
-------------
       67926
(1 row)

Time: 0 hrs, 0 mins, 0 secs, 98 ms
UPDATE 45101
Time: 0 hrs, 0 mins, 45 secs, 148 ms
ANALYZE
Time: 0 hrs, 0 mins, 13 secs, 976 ms
INSERT 0 22825
Time: 0 hrs, 0 mins, 55 secs, 263 ms

Time: 0 hrs, 0 mins, 0 secs, 12 ms
ANALYZE
Time: 0 hrs, 0 mins, 1 secs, 352 ms
END
Time: 0 hrs, 0 mins, 0 secs, 968 ms
VACUUM
Time: 0 hrs, 0 mins, 6 secs, 673 ms

Thu Dec 16 11:47:38 EST 2010

Timing is on.

           650 - LOAD_BN_SESSION_STAGE

BEGIN
Time: 0 hrs, 0 mins, 0 secs, 646 ms
SET
Time: 0 hrs, 0 mins, 0 secs, 11 ms
CREATE TABLE
Time: 0 hrs, 1 mins, 27 secs, 160 ms
ANALYZE
Time: 0 hrs, 0 mins, 1 secs, 421 ms
INSERT 0 2095640
Time: 0 hrs, 0 mins, 26 secs, 525 ms
ANALYZE
Time: 0 hrs, 0 mins, 0 secs, 603 ms
CREATE TABLE
Time: 0 hrs, 0 mins, 32 secs, 786 ms
ANALYZE
Time: 0 hrs, 0 mins, 0 secs, 166 ms
CREATE TABLE
Time: 0 hrs, 1 mins, 0 secs, 458 ms
ANALYZE
Time: 0 hrs, 0 mins, 0 secs, 721 ms
INSERT 0 2095640
Time: 0 hrs, 2 mins, 46 secs, 363 ms
 bn_session_stage 
------------------
          2095640
(1 row)

Time: 0 hrs, 0 mins, 0 secs, 829 ms
ANALYZE
Time: 0 hrs, 0 mins, 1 secs, 424 ms
TRUNCATE
Time: 0 hrs, 0 mins, 5 secs, 90 ms
END
Time: 0 hrs, 0 mins, 11 secs, 684 ms

Thu Dec 16 11:54:14 EST 2010

BEGIN

           660 - LOAD_BN_SESSION_UPDATE_STAGE

SET
INSERT 0 0
END

Thu Dec 16 11:54:28 EST 2010

Timing is on.

           670 - LOAD_BN_SESSION_20100609.UPDATES

BEGIN
Time: 0 hrs, 0 mins, 1 secs, 654 ms
SET
Time: 0 hrs, 0 mins, 0 secs, 11 ms
UPDATE 0
Time: 0 hrs, 0 mins, 0 secs, 684 ms
END
Time: 0 hrs, 0 mins, 19 secs, 131 ms
VACUUM
Time: 0 hrs, 0 mins, 43 secs, 719 ms

Thu Dec 16 11:55:34 EST 2010

Timing is on.

           700 - LOAD_BN_SESSION

BEGIN
Time: 0 hrs, 0 mins, 0 secs, 607 ms
SET
Time: 0 hrs, 0 mins, 0 secs, 19 ms
INSERT 0 2095640
Time: 0 hrs, 0 mins, 6 secs, 114 ms
ANALYZE
Time: 0 hrs, 0 mins, 1 secs, 66 ms
END
Time: 0 hrs, 0 mins, 0 secs, 967 ms

Thu Dec 16 11:55:43 EST 2010

Timing is on.

            750 - LOAD_BN_SESSION_SUMMARY   

BEGIN
Time: 0 hrs, 0 mins, 0 secs, 706 ms
SET
Time: 0 hrs, 0 mins, 0 secs, 10 ms
CREATE TABLE
Time: 0 hrs, 0 mins, 7 secs, 843 ms
TRUNCATE
Time: 0 hrs, 0 mins, 0 secs, 633 ms
INSERT 0 257615
Time: 0 hrs, 0 mins, 4 secs, 748 ms
ANALYZE
Time: 0 hrs, 0 mins, 0 secs, 786 ms
 count(1) 
----------
   257615
(1 row)

Time: 0 hrs, 0 mins, 0 secs, 111 ms
END
Time: 0 hrs, 0 mins, 1 secs, 798 ms

Thu Dec 16 11:55:59 EST 2010

Timing is on.

           800 - LOAD_BN_HITS

BEGIN
Time: 0 hrs, 0 mins, 0 secs, 636 ms
SET
Time: 0 hrs, 0 mins, 0 secs, 12 ms
TRUNCATE
Time: 0 hrs, 0 mins, 0 secs, 827 ms
INSERT 0 29102929
Time: 0 hrs, 0 mins, 52 secs, 495 ms
 count(1) 
----------
 29102929
(1 row)

Time: 0 hrs, 0 mins, 0 secs, 941 ms
ANALYZE
Time: 0 hrs, 0 mins, 1 secs, 867 ms
END
Time: 0 hrs, 0 mins, 7 secs, 912 ms

Thu Dec 16 11:57:04 EST 2010

Timing is on.

            900 - LOAD_CLICKSTREAM   

BEGIN
Time: 0 hrs, 0 mins, 1 secs, 427 ms
SET
Time: 0 hrs, 0 mins, 0 secs, 13 ms
TRUNCATE
Time: 0 hrs, 0 mins, 2 secs, 702 ms
INSERT 0 29102929
Time: 0 hrs, 2 mins, 37 secs, 437 ms
 count(1) 
----------
 29102929
(1 row)

Time: 0 hrs, 0 mins, 0 secs, 521 ms
ANALYZE
Time: 0 hrs, 0 mins, 0 secs, 994 ms
END
Time: 0 hrs, 0 mins, 5 secs, 939 ms

Thu Dec 16 11:59:54 EST 2010

Timing is on.

            1000 - PAGE_VIEW_SUMMARY  

BEGIN
Time: 0 hrs, 0 mins, 0 secs, 999 ms
SET
Time: 0 hrs, 0 mins, 0 secs, 10 ms
TRUNCATE
Time: 0 hrs, 0 mins, 1 secs, 947 ms
INSERT 0 87890
Time: 0 hrs, 0 mins, 10 secs, 487 ms
 count(1) 
----------
    87890
(1 row)

Time: 0 hrs, 0 mins, 0 secs, 232 ms
ANALYZE
Time: 0 hrs, 0 mins, 0 secs, 143 ms
END
Time: 0 hrs, 0 mins, 3 secs, 532 ms
Thu Dec 16 12:00:11 EST 2010
-------------------------------------
Processing for 20100610
-------------------------------------
Thu Dec 16 12:00:11 EST 2010

Timing is on.

           000 - INIT

BEGIN
Time: 0 hrs, 0 mins, 1 secs, 23 ms
*** Truncating staging tables before workflow starts ***
SET
Time: 0 hrs, 0 mins, 0 secs, 10 ms
TRUNCATE
Time: 0 hrs, 0 mins, 2 secs, 814 ms
TRUNCATE
Time: 0 hrs, 0 mins, 1 secs, 112 ms
TRUNCATE
Time: 0 hrs, 0 mins, 4 secs, 577 ms
TRUNCATE
Time: 0 hrs, 0 mins, 0 secs, 487 ms
TRUNCATE
Time: 0 hrs, 0 mins, 0 secs, 455 ms
TRUNCATE
Time: 0 hrs, 0 mins, 0 secs, 348 ms
TRUNCATE
Time: 0 hrs, 0 mins, 1 secs, 87 ms
END
Time: 0 hrs, 0 mins, 4 secs, 237 ms

Thu Dec 16 12:00:28 EST 2010

Timing is on.
BEGIN
Time: 0 hrs, 0 mins, 0 secs, 928 ms
SET
Time: 0 hrs, 0 mins, 0 secs, 8 ms

           300 - DYNAMIC FILTER STUB - WEB_RESOURCE_HITS

INSERT 0 23222869
Time: 0 hrs, 0 mins, 30 secs, 291 ms
INSERT 0 7026512
Time: 0 hrs, 0 mins, 12 secs, 886 ms
 bn_hits_stage 
---------------
      30249381
(1 row)

Time: 0 hrs, 0 mins, 4 secs, 813 ms
ANALYZE
Time: 0 hrs, 0 mins, 1 secs, 550 ms
END
Time: 0 hrs, 0 mins, 7 secs, 692 ms

Thu Dec 16 12:01:26 EST 2010

Timing is on.
BEGIN
Time: 0 hrs, 0 mins, 1 secs, 133 ms

           600 - LOAD RESOURCES

SET
Time: 0 hrs, 0 mins, 0 secs, 14 ms
CREATE TABLE
Time: 0 hrs, 0 mins, 8 secs, 958 ms
ANALYZE
Time: 0 hrs, 0 mins, 0 secs, 543 ms
 tmp_a_count 
-------------
       73344
(1 row)

Time: 0 hrs, 0 mins, 0 secs, 473 ms
UPDATE 48039
Time: 0 hrs, 0 mins, 57 secs, 874 ms
ANALYZE
Time: 0 hrs, 0 mins, 5 secs, 606 ms
INSERT 0 25305
Time: 0 hrs, 0 mins, 56 secs, 707 ms

Time: 0 hrs, 0 mins, 0 secs, 11 ms
ANALYZE
Time: 0 hrs, 0 mins, 12 secs, 626 ms
END
Time: 0 hrs, 0 mins, 12 secs, 619 ms
VACUUM
Time: 0 hrs, 0 mins, 15 secs, 821 ms

Thu Dec 16 12:04:19 EST 2010

Timing is on.

           650 - LOAD_BN_SESSION_STAGE

BEGIN
Time: 0 hrs, 0 mins, 0 secs, 626 ms
SET
Time: 0 hrs, 0 mins, 0 secs, 10 ms
CREATE TABLE
Time: 0 hrs, 1 mins, 29 secs, 899 ms
ANALYZE
Time: 0 hrs, 0 mins, 1 secs, 350 ms
INSERT 0 2297299
Time: 0 hrs, 0 mins, 29 secs, 652 ms
ANALYZE
Time: 0 hrs, 0 mins, 0 secs, 639 ms
CREATE TABLE
Time: 0 hrs, 0 mins, 37 secs, 162 ms
ANALYZE
Time: 0 hrs, 0 mins, 0 secs, 205 ms
CREATE TABLE
Time: 0 hrs, 1 mins, 2 secs, 12 ms
ANALYZE
Time: 0 hrs, 0 mins, 0 secs, 693 ms
INSERT 0 2297299
Time: 0 hrs, 3 mins, 5 secs, 616 ms
 bn_session_stage 
------------------
          2297299
(1 row)

Time: 0 hrs, 0 mins, 0 secs, 447 ms
ANALYZE
Time: 0 hrs, 0 mins, 0 secs, 890 ms
TRUNCATE
Time: 0 hrs, 0 mins, 0 secs, 919 ms
END
Time: 0 hrs, 0 mins, 2 secs, 304 ms
