nohup: ignoring input
Checking for lock file /tmp/.iislock
Acquired lock file /tmp/.iislock
-------------------------------------
Processing for 20100818
-------------------------------------
Fri Dec 24 12:37:52 EST 2010

Timing is on.

           000 - INIT

BEGIN
Time: 0 hrs, 0 mins, 0 secs, 684 ms
*** Truncating staging tables before workflow starts ***
SET
Time: 0 hrs, 0 mins, 0 secs, 15 ms
TRUNCATE
Time: 0 hrs, 0 mins, 0 secs, 601 ms
TRUNCATE
Time: 0 hrs, 0 mins, 0 secs, 482 ms
TRUNCATE
Time: 0 hrs, 0 mins, 0 secs, 339 ms
TRUNCATE
Time: 0 hrs, 0 mins, 0 secs, 474 ms
TRUNCATE
Time: 0 hrs, 0 mins, 0 secs, 238 ms
TRUNCATE
Time: 0 hrs, 0 mins, 0 secs, 211 ms
TRUNCATE
Time: 0 hrs, 0 mins, 1 secs, 284 ms
END
Time: 0 hrs, 0 mins, 39 secs, 68 ms

Fri Dec 24 12:38:36 EST 2010

Timing is on.
BEGIN
Time: 0 hrs, 0 mins, 0 secs, 623 ms
SET
Time: 0 hrs, 0 mins, 0 secs, 13 ms

           300 - DYNAMIC FILTER STUB - WEB_RESOURCE_HITS

INSERT 0 25659584
Time: 0 hrs, 0 mins, 48 secs, 397 ms
INSERT 0 7975310
Time: 0 hrs, 0 mins, 17 secs, 541 ms
 bn_hits_stage 
---------------
      33634894
(1 row)

Time: 0 hrs, 0 mins, 3 secs, 162 ms
ANALYZE
Time: 0 hrs, 0 mins, 1 secs, 585 ms
END
Time: 0 hrs, 0 mins, 30 secs, 915 ms

Fri Dec 24 12:40:18 EST 2010

Timing is on.
BEGIN
Time: 0 hrs, 0 mins, 0 secs, 569 ms

           600 - LOAD RESOURCES

SET
Time: 0 hrs, 0 mins, 0 secs, 11 ms
CREATE TABLE
Time: 0 hrs, 0 mins, 10 secs, 671 ms
ANALYZE
Time: 0 hrs, 0 mins, 0 secs, 472 ms
 tmp_a_count 
-------------
       80184
(1 row)

Time: 0 hrs, 0 mins, 0 secs, 146 ms
UPDATE 0
Time: 0 hrs, 1 mins, 5 secs, 96 ms
ANALYZE
Time: 0 hrs, 0 mins, 7 secs, 352 ms
INSERT 0 0
Time: 0 hrs, 1 mins, 30 secs, 619 ms

Time: 0 hrs, 0 mins, 0 secs, 11 ms
ANALYZE
Time: 0 hrs, 0 mins, 0 secs, 759 ms
END
Time: 0 hrs, 0 mins, 21 secs, 882 ms
VACUUM
Time: 0 hrs, 0 mins, 28 secs, 177 ms

Fri Dec 24 12:44:04 EST 2010

Timing is on.

           650 - LOAD_BN_SESSION_STAGE

BEGIN
Time: 0 hrs, 0 mins, 0 secs, 770 ms
SET
Time: 0 hrs, 0 mins, 0 secs, 12 ms
CREATE TABLE
Time: 0 hrs, 2 mins, 30 secs, 446 ms
ANALYZE
Time: 0 hrs, 0 mins, 1 secs, 454 ms
INSERT 0 3116154
Time: 0 hrs, 0 mins, 47 secs, 257 ms
ANALYZE
Time: 0 hrs, 0 mins, 0 secs, 653 ms
CREATE TABLE
Time: 0 hrs, 0 mins, 54 secs, 502 ms
ANALYZE
Time: 0 hrs, 0 mins, 0 secs, 213 ms
CREATE TABLE
Time: 0 hrs, 1 mins, 39 secs, 98 ms
ANALYZE
Time: 0 hrs, 0 mins, 0 secs, 746 ms
INSERT 0 3116154
Time: 0 hrs, 3 mins, 51 secs, 798 ms
 bn_session_stage 
------------------
          3116154
(1 row)

Time: 0 hrs, 0 mins, 0 secs, 488 ms
ANALYZE
Time: 0 hrs, 0 mins, 1 secs, 96 ms
TRUNCATE
Time: 0 hrs, 0 mins, 0 secs, 935 ms
END
Time: 0 hrs, 1 mins, 7 secs, 460 ms

Fri Dec 24 12:55:01 EST 2010

BEGIN

           660 - LOAD_BN_SESSION_UPDATE_STAGE

SET
INSERT 0 0
END

Fri Dec 24 12:55:37 EST 2010

Timing is on.

           670 - LOAD_BN_SESSION_20100818.UPDATES

BEGIN
Time: 0 hrs, 0 mins, 1 secs, 237 ms
SET
Time: 0 hrs, 0 mins, 0 secs, 9 ms
UPDATE 0
Time: 0 hrs, 0 mins, 0 secs, 656 ms
END
Time: 0 hrs, 0 mins, 19 secs, 156 ms
VACUUM
Time: 0 hrs, 0 mins, 39 secs, 164 ms

Fri Dec 24 12:56:38 EST 2010

Timing is on.

           700 - LOAD_BN_SESSION

BEGIN
Time: 0 hrs, 0 mins, 0 secs, 853 ms
SET
Time: 0 hrs, 0 mins, 0 secs, 11 ms
INSERT 0 3116154
Time: 0 hrs, 0 mins, 11 secs, 46 ms
ANALYZE
Time: 0 hrs, 0 mins, 1 secs, 168 ms
END
Time: 0 hrs, 0 mins, 28 secs, 496 ms

Fri Dec 24 12:57:19 EST 2010

Timing is on.

            750 - LOAD_BN_SESSION_SUMMARY   

BEGIN
Time: 0 hrs, 0 mins, 0 secs, 585 ms
SET
Time: 0 hrs, 0 mins, 0 secs, 10 ms
CREATE TABLE
Time: 0 hrs, 0 mins, 6 secs, 901 ms
TRUNCATE
Time: 0 hrs, 0 mins, 0 secs, 965 ms
INSERT 0 309222
Time: 0 hrs, 0 mins, 5 secs, 238 ms
ANALYZE
Time: 0 hrs, 0 mins, 0 secs, 692 ms
 count(1) 
----------
   309222
(1 row)

Time: 0 hrs, 0 mins, 0 secs, 109 ms
END
Time: 0 hrs, 0 mins, 26 secs, 752 ms

Fri Dec 24 12:58:01 EST 2010

Timing is on.

           800 - LOAD_BN_HITS

BEGIN
Time: 0 hrs, 0 mins, 0 secs, 616 ms
SET
Time: 0 hrs, 0 mins, 0 secs, 11 ms
TRUNCATE
Time: 0 hrs, 0 mins, 0 secs, 388 ms
INSERT 0 33634894
Time: 0 hrs, 2 mins, 17 secs, 568 ms
 count(1) 
----------
 33634894
(1 row)

Time: 0 hrs, 0 mins, 1 secs, 29 ms
ANALYZE
Time: 0 hrs, 0 mins, 1 secs, 544 ms
END
Time: 0 hrs, 0 mins, 29 secs, 603 ms

Fri Dec 24 13:00:52 EST 2010

Timing is on.

            900 - LOAD_CLICKSTREAM   

BEGIN
Time: 0 hrs, 0 mins, 1 secs, 327 ms
SET
Time: 0 hrs, 0 mins, 0 secs, 9 ms
TRUNCATE
Time: 0 hrs, 0 mins, 0 secs, 538 ms
INSERT 0 33634894
Time: 0 hrs, 4 mins, 43 secs, 8 ms
 count(1) 
----------
 33634894
(1 row)

Time: 0 hrs, 0 mins, 0 secs, 972 ms
ANALYZE
Time: 0 hrs, 0 mins, 0 secs, 958 ms
END
Time: 0 hrs, 0 mins, 34 secs, 633 ms

Fri Dec 24 13:06:14 EST 2010

Timing is on.

            1000 - PAGE_VIEW_SUMMARY  

BEGIN
Time: 0 hrs, 0 mins, 1 secs, 190 ms
SET
Time: 0 hrs, 0 mins, 0 secs, 12 ms
TRUNCATE
Time: 0 hrs, 0 mins, 0 secs, 620 ms
INSERT 0 103397
Time: 0 hrs, 0 mins, 17 secs, 980 ms
 count(1) 
----------
   103397
(1 row)

Time: 0 hrs, 0 mins, 0 secs, 90 ms
ANALYZE
Time: 0 hrs, 0 mins, 0 secs, 56 ms
END
Time: 0 hrs, 0 mins, 34 secs, 454 ms
Fri Dec 24 13:07:08 EST 2010
Removing lock file and waiting for a minute
Checking for lock file /tmp/.iislock
Acquired lock file /tmp/.iislock
-------------------------------------
Processing for 20100819
-------------------------------------
Fri Dec 24 13:08:08 EST 2010

Timing is on.

           000 - INIT

BEGIN
Time: 0 hrs, 0 mins, 0 secs, 767 ms
*** Truncating staging tables before workflow starts ***
SET
Time: 0 hrs, 0 mins, 0 secs, 12 ms
TRUNCATE
Time: 0 hrs, 0 mins, 1 secs, 472 ms
TRUNCATE
Time: 0 hrs, 0 mins, 1 secs, 438 ms
TRUNCATE
Time: 0 hrs, 0 mins, 0 secs, 283 ms
TRUNCATE
Time: 0 hrs, 0 mins, 0 secs, 343 ms
TRUNCATE
Time: 0 hrs, 0 mins, 0 secs, 171 ms
TRUNCATE
Time: 0 hrs, 0 mins, 0 secs, 239 ms
TRUNCATE
Time: 0 hrs, 0 mins, 0 secs, 221 ms
END
Time: 0 hrs, 0 mins, 35 secs, 563 ms

Fri Dec 24 13:08:49 EST 2010

Timing is on.
BEGIN
Time: 0 hrs, 0 mins, 0 secs, 589 ms
SET
Time: 0 hrs, 0 mins, 0 secs, 10 ms

           300 - DYNAMIC FILTER STUB - WEB_RESOURCE_HITS

INSERT 0 27061707
Time: 0 hrs, 0 mins, 45 secs, 461 ms
INSERT 0 8125227
Time: 0 hrs, 0 mins, 17 secs, 63 ms
 bn_hits_stage 
---------------
      35186934
(1 row)

Time: 0 hrs, 0 mins, 0 secs, 954 ms
ANALYZE
Time: 0 hrs, 0 mins, 1 secs, 469 ms
END
Time: 0 hrs, 0 mins, 31 secs, 994 ms

Fri Dec 24 13:10:27 EST 2010

Timing is on.
BEGIN
Time: 0 hrs, 0 mins, 0 secs, 657 ms

           600 - LOAD RESOURCES

SET
Time: 0 hrs, 0 mins, 0 secs, 10 ms
CREATE TABLE
Time: 0 hrs, 0 mins, 22 secs, 313 ms
ANALYZE
Time: 0 hrs, 0 mins, 0 secs, 603 ms
 tmp_a_count 
-------------
       76922
(1 row)

Time: 0 hrs, 0 mins, 0 secs, 239 ms
UPDATE 0
Time: 0 hrs, 0 mins, 25 secs, 759 ms
ANALYZE
Time: 0 hrs, 0 mins, 1 secs, 425 ms
INSERT 0 22113
Time: 0 hrs, 1 mins, 27 secs, 658 ms

Time: 0 hrs, 0 mins, 0 secs, 11 ms
ANALYZE
Time: 0 hrs, 0 mins, 1 secs, 675 ms
END
Time: 0 hrs, 0 mins, 38 secs, 58 ms
VACUUM
Time: 0 hrs, 0 mins, 35 secs, 115 ms

Fri Dec 24 13:14:01 EST 2010

Timing is on.

           650 - LOAD_BN_SESSION_STAGE

BEGIN
Time: 0 hrs, 0 mins, 1 secs, 25 ms
SET
Time: 0 hrs, 0 mins, 0 secs, 12 ms
CREATE TABLE
Time: 0 hrs, 2 mins, 25 secs, 760 ms
ANALYZE
Time: 0 hrs, 0 mins, 1 secs, 926 ms
INSERT 0 3453499
Time: 0 hrs, 0 mins, 48 secs, 892 ms
ANALYZE
Time: 0 hrs, 0 mins, 0 secs, 582 ms
CREATE TABLE
Time: 0 hrs, 0 mins, 58 secs, 249 ms
ANALYZE
Time: 0 hrs, 0 mins, 0 secs, 335 ms
CREATE TABLE
Time: 0 hrs, 1 mins, 49 secs, 337 ms
ANALYZE
Time: 0 hrs, 0 mins, 0 secs, 968 ms
INSERT 0 3453499
Time: 0 hrs, 4 mins, 57 secs, 586 ms
 bn_session_stage 
------------------
          3453499
(1 row)

Time: 0 hrs, 0 mins, 0 secs, 754 ms
ANALYZE
Time: 0 hrs, 0 mins, 1 secs, 313 ms
TRUNCATE
Time: 0 hrs, 0 mins, 0 secs, 651 ms
END
Time: 0 hrs, 0 mins, 42 secs, 1 ms

Fri Dec 24 13:25:50 EST 2010

BEGIN

           660 - LOAD_BN_SESSION_UPDATE_STAGE

SET
INSERT 0 0
END

Fri Dec 24 13:26:24 EST 2010

Timing is on.

           670 - LOAD_BN_SESSION_20100819.UPDATES

BEGIN
Time: 0 hrs, 0 mins, 0 secs, 663 ms
SET
Time: 0 hrs, 0 mins, 0 secs, 13 ms
UPDATE 0
Time: 0 hrs, 0 mins, 0 secs, 432 ms
END
Time: 0 hrs, 0 mins, 23 secs, 675 ms
VACUUM
Time: 0 hrs, 0 mins, 45 secs, 810 ms

Fri Dec 24 13:27:35 EST 2010

Timing is on.

           700 - LOAD_BN_SESSION

BEGIN
Time: 0 hrs, 0 mins, 6 secs, 109 ms
SET
Time: 0 hrs, 0 mins, 0 secs, 10 ms
INSERT 0 3453499
Time: 0 hrs, 0 mins, 17 secs, 620 ms
ANALYZE
Time: 0 hrs, 0 mins, 1 secs, 490 ms
END
Time: 0 hrs, 0 mins, 29 secs, 850 ms

Fri Dec 24 13:28:30 EST 2010

Timing is on.

            750 - LOAD_BN_SESSION_SUMMARY   

BEGIN
Time: 0 hrs, 0 mins, 0 secs, 794 ms
SET
Time: 0 hrs, 0 mins, 0 secs, 10 ms
CREATE TABLE
Time: 0 hrs, 0 mins, 7 secs, 632 ms
TRUNCATE
Time: 0 hrs, 0 mins, 0 secs, 587 ms
INSERT 0 345491
Time: 0 hrs, 0 mins, 6 secs, 168 ms
ANALYZE
Time: 0 hrs, 0 mins, 0 secs, 716 ms
 count(1) 
----------
   345491
(1 row)

Time: 0 hrs, 0 mins, 0 secs, 94 ms
END
Time: 0 hrs, 0 mins, 49 secs, 429 ms

Fri Dec 24 13:29:36 EST 2010

Timing is on.

           800 - LOAD_BN_HITS

BEGIN
Time: 0 hrs, 0 mins, 0 secs, 612 ms
SET
Time: 0 hrs, 0 mins, 0 secs, 14 ms
TRUNCATE
Time: 0 hrs, 0 mins, 1 secs, 183 ms
INSERT 0 35186934
Time: 0 hrs, 2 mins, 39 secs, 744 ms
 count(1) 
----------
 35186934
(1 row)

Time: 0 hrs, 0 mins, 0 secs, 833 ms
ANALYZE
Time: 0 hrs, 0 mins, 1 secs, 372 ms
END
Time: 0 hrs, 0 mins, 29 secs, 188 ms

Fri Dec 24 13:32:49 EST 2010

Timing is on.

            900 - LOAD_CLICKSTREAM   

BEGIN
Time: 0 hrs, 0 mins, 0 secs, 742 ms
SET
Time: 0 hrs, 0 mins, 0 secs, 10 ms
TRUNCATE
Time: 0 hrs, 0 mins, 0 secs, 849 ms
INSERT 0 35186934
Time: 0 hrs, 4 mins, 41 secs, 177 ms
 count(1) 
----------
 35186934
(1 row)

Time: 0 hrs, 0 mins, 0 secs, 969 ms
ANALYZE
Time: 0 hrs, 0 mins, 0 secs, 969 ms
END
Time: 0 hrs, 0 mins, 31 secs, 543 ms

Fri Dec 24 13:38:06 EST 2010

Timing is on.

            1000 - PAGE_VIEW_SUMMARY  

BEGIN
Time: 0 hrs, 0 mins, 0 secs, 983 ms
SET
Time: 0 hrs, 0 mins, 0 secs, 10 ms
TRUNCATE
Time: 0 hrs, 0 mins, 0 secs, 372 ms
INSERT 0 99162
Time: 0 hrs, 0 mins, 17 secs, 721 ms
 count(1) 
----------
    99162
(1 row)

Time: 0 hrs, 0 mins, 0 secs, 119 ms
ANALYZE
Time: 0 hrs, 0 mins, 0 secs, 54 ms
END
Time: 0 hrs, 0 mins, 31 secs, 34 ms
Fri Dec 24 13:38:56 EST 2010
Removing lock file and waiting for a minute
Checking for lock file /tmp/.iislock
Acquired lock file /tmp/.iislock
-------------------------------------
Processing for 20100820
-------------------------------------
Fri Dec 24 13:39:56 EST 2010

Timing is on.

           000 - INIT

BEGIN
Time: 0 hrs, 0 mins, 0 secs, 611 ms
*** Truncating staging tables before workflow starts ***
SET
Time: 0 hrs, 0 mins, 0 secs, 12 ms
TRUNCATE
Time: 0 hrs, 0 mins, 0 secs, 449 ms
TRUNCATE
Time: 0 hrs, 0 mins, 0 secs, 549 ms
TRUNCATE
Time: 0 hrs, 0 mins, 0 secs, 813 ms
TRUNCATE
Time: 0 hrs, 0 mins, 1 secs, 124 ms
TRUNCATE
Time: 0 hrs, 0 mins, 0 secs, 273 ms
TRUNCATE
Time: 0 hrs, 0 mins, 0 secs, 267 ms
TRUNCATE
Time: 0 hrs, 0 mins, 0 secs, 425 ms
END
Time: 0 hrs, 0 mins, 30 secs, 498 ms

Fri Dec 24 13:40:32 EST 2010

Timing is on.
BEGIN
Time: 0 hrs, 0 mins, 0 secs, 742 ms
SET
Time: 0 hrs, 0 mins, 0 secs, 11 ms

           300 - DYNAMIC FILTER STUB - WEB_RESOURCE_HITS

INSERT 0 24867694
Time: 0 hrs, 0 mins, 45 secs, 185 ms
INSERT 0 7812985
Time: 0 hrs, 0 mins, 16 secs, 426 ms
 bn_hits_stage 
---------------
      32680679
(1 row)

Time: 0 hrs, 0 mins, 0 secs, 917 ms
ANALYZE
Time: 0 hrs, 0 mins, 1 secs, 522 ms
END
Time: 0 hrs, 0 mins, 28 secs, 203 ms

Fri Dec 24 13:42:05 EST 2010

Timing is on.
BEGIN
Time: 0 hrs, 0 mins, 0 secs, 639 ms

           600 - LOAD RESOURCES

SET
Time: 0 hrs, 0 mins, 0 secs, 11 ms
CREATE TABLE
Time: 0 hrs, 0 mins, 10 secs, 769 ms
ANALYZE
Time: 0 hrs, 0 mins, 0 secs, 465 ms
 tmp_a_count 
-------------
       77130
(1 row)

Time: 0 hrs, 0 mins, 0 secs, 120 ms
UPDATE 0
Time: 0 hrs, 0 mins, 27 secs, 449 ms
ANALYZE
Time: 0 hrs, 0 mins, 0 secs, 731 ms
INSERT 0 22066
Time: 0 hrs, 1 mins, 25 secs, 90 ms

Time: 0 hrs, 0 mins, 0 secs, 10 ms
ANALYZE
Time: 0 hrs, 0 mins, 0 secs, 739 ms
END
Time: 0 hrs, 0 mins, 32 secs, 81 ms
VACUUM
Time: 0 hrs, 0 mins, 31 secs, 483 ms

Fri Dec 24 13:45:15 EST 2010

Timing is on.

           650 - LOAD_BN_SESSION_STAGE

BEGIN
Time: 0 hrs, 0 mins, 0 secs, 675 ms
SET
Time: 0 hrs, 0 mins, 0 secs, 14 ms
CREATE TABLE
Time: 0 hrs, 2 mins, 15 secs, 664 ms
ANALYZE
Time: 0 hrs, 0 mins, 1 secs, 646 ms
INSERT 0 3543256
Time: 0 hrs, 0 mins, 47 secs, 481 ms
ANALYZE
Time: 0 hrs, 0 mins, 0 secs, 765 ms
CREATE TABLE
Time: 0 hrs, 0 mins, 52 secs, 82 ms
ANALYZE
Time: 0 hrs, 0 mins, 0 secs, 232 ms
CREATE TABLE
Time: 0 hrs, 1 mins, 32 secs, 610 ms
ANALYZE
Time: 0 hrs, 0 mins, 2 secs, 308 ms
INSERT 0 3543256
Time: 0 hrs, 4 mins, 10 secs, 750 ms
 bn_session_stage 
------------------
          3543256
(1 row)

Time: 0 hrs, 0 mins, 1 secs, 229 ms
ANALYZE
Time: 0 hrs, 0 mins, 3 secs, 209 ms
TRUNCATE
Time: 0 hrs, 0 mins, 5 secs, 801 ms
END
Time: 0 hrs, 1 mins, 14 secs, 287 ms

Fri Dec 24 13:56:24 EST 2010

BEGIN

           660 - LOAD_BN_SESSION_UPDATE_STAGE

SET
INSERT 0 0
END

Fri Dec 24 13:57:06 EST 2010

Timing is on.

           670 - LOAD_BN_SESSION_20100820.UPDATES

BEGIN
Time: 0 hrs, 0 mins, 1 secs, 505 ms
SET
Time: 0 hrs, 0 mins, 0 secs, 10 ms
UPDATE 0
Time: 0 hrs, 0 mins, 0 secs, 990 ms
END
Time: 0 hrs, 0 mins, 34 secs, 588 ms
VACUUM
Time: 0 hrs, 0 mins, 28 secs, 253 ms

Fri Dec 24 13:58:12 EST 2010

Timing is on.

           700 - LOAD_BN_SESSION

BEGIN
Time: 0 hrs, 0 mins, 1 secs, 386 ms
SET
Time: 0 hrs, 0 mins, 0 secs, 10 ms
INSERT 0 3543256
Time: 0 hrs, 0 mins, 17 secs, 313 ms
ANALYZE
Time: 0 hrs, 0 mins, 2 secs, 185 ms
END
Time: 0 hrs, 0 mins, 26 secs, 348 ms

Fri Dec 24 13:58:59 EST 2010

Timing is on.

            750 - LOAD_BN_SESSION_SUMMARY   

BEGIN
Time: 0 hrs, 0 mins, 0 secs, 698 ms
SET
Time: 0 hrs, 0 mins, 0 secs, 11 ms
CREATE TABLE
Time: 0 hrs, 0 mins, 8 secs, 912 ms
TRUNCATE
Time: 0 hrs, 0 mins, 1 secs, 307 ms
INSERT 0 298198
Time: 0 hrs, 0 mins, 6 secs, 148 ms
ANALYZE
Time: 0 hrs, 0 mins, 0 secs, 690 ms
 count(1) 
----------
   298198
(1 row)

Time: 0 hrs, 0 mins, 0 secs, 421 ms
END
Time: 0 hrs, 0 mins, 32 secs, 466 ms

Fri Dec 24 13:59:50 EST 2010

Timing is on.

           800 - LOAD_BN_HITS

BEGIN
Time: 0 hrs, 0 mins, 0 secs, 723 ms
SET
Time: 0 hrs, 0 mins, 0 secs, 12 ms
TRUNCATE
Time: 0 hrs, 0 mins, 1 secs, 443 ms
INSERT 0 32680679
Time: 0 hrs, 2 mins, 17 secs, 422 ms
 count(1) 
----------
 32680679
(1 row)

Time: 0 hrs, 0 mins, 2 secs, 20 ms
ANALYZE
Time: 0 hrs, 0 mins, 1 secs, 617 ms
END
Time: 0 hrs, 0 mins, 22 secs, 151 ms

Fri Dec 24 14:02:36 EST 2010

Timing is on.

            900 - LOAD_CLICKSTREAM   

BEGIN
Time: 0 hrs, 0 mins, 0 secs, 769 ms
SET
Time: 0 hrs, 0 mins, 0 secs, 11 ms
TRUNCATE
Time: 0 hrs, 0 mins, 0 secs, 516 ms
INSERT 0 32680679
Time: 0 hrs, 4 mins, 37 secs, 455 ms
 count(1) 
----------
 32680679
(1 row)

Time: 0 hrs, 0 mins, 1 secs, 88 ms
ANALYZE
Time: 0 hrs, 0 mins, 0 secs, 943 ms
END
Time: 0 hrs, 0 mins, 29 secs, 211 ms

Fri Dec 24 14:07:46 EST 2010

Timing is on.

            1000 - PAGE_VIEW_SUMMARY  

BEGIN
Time: 0 hrs, 0 mins, 1 secs, 70 ms
SET
Time: 0 hrs, 0 mins, 0 secs, 13 ms
TRUNCATE
Time: 0 hrs, 0 mins, 2 secs, 707 ms
INSERT 0 99451
Time: 0 hrs, 0 mins, 17 secs, 897 ms
 count(1) 
----------
    99451
(1 row)

Time: 0 hrs, 0 mins, 0 secs, 100 ms
ANALYZE
Time: 0 hrs, 0 mins, 0 secs, 53 ms
END
Time: 0 hrs, 0 mins, 24 secs, 241 ms
Fri Dec 24 14:08:32 EST 2010
Removing lock file and waiting for a minute
Checking for lock file /tmp/.iislock
Acquired lock file /tmp/.iislock
-------------------------------------
Processing for 20100821
-------------------------------------
Fri Dec 24 14:09:32 EST 2010

Timing is on.

           000 - INIT

BEGIN
Time: 0 hrs, 0 mins, 0 secs, 826 ms
*** Truncating staging tables before workflow starts ***
SET
Time: 0 hrs, 0 mins, 0 secs, 12 ms
TRUNCATE
Time: 0 hrs, 0 mins, 1 secs, 534 ms
TRUNCATE
Time: 0 hrs, 0 mins, 0 secs, 587 ms
TRUNCATE
Time: 0 hrs, 0 mins, 0 secs, 373 ms
TRUNCATE
Time: 0 hrs, 0 mins, 0 secs, 497 ms
TRUNCATE
Time: 0 hrs, 0 mins, 0 secs, 506 ms
TRUNCATE
Time: 0 hrs, 0 mins, 0 secs, 304 ms
TRUNCATE
Time: 0 hrs, 0 mins, 0 secs, 575 ms
END
Time: 0 hrs, 0 mins, 34 secs, 347 ms

Fri Dec 24 14:10:12 EST 2010

Timing is on.
BEGIN
Time: 0 hrs, 0 mins, 0 secs, 751 ms
SET
Time: 0 hrs, 0 mins, 0 secs, 11 ms

           300 - DYNAMIC FILTER STUB - WEB_RESOURCE_HITS

INSERT 0 21482871
Time: 0 hrs, 0 mins, 43 secs, 325 ms
INSERT 0 7734160
Time: 0 hrs, 0 mins, 17 secs, 553 ms
 bn_hits_stage 
---------------
      29217031
(1 row)

Time: 0 hrs, 0 mins, 1 secs, 697 ms
ANALYZE
Time: 0 hrs, 0 mins, 2 secs, 307 ms
END
Time: 0 hrs, 0 mins, 44 secs, 192 ms

Fri Dec 24 14:12:02 EST 2010

Timing is on.
BEGIN
Time: 0 hrs, 0 mins, 0 secs, 621 ms

           600 - LOAD RESOURCES

SET
Time: 0 hrs, 0 mins, 0 secs, 13 ms
CREATE TABLE
Time: 0 hrs, 0 mins, 18 secs, 462 ms
ANALYZE
Time: 0 hrs, 0 mins, 0 secs, 715 ms
 tmp_a_count 
-------------
       86805
(1 row)

Time: 0 hrs, 0 mins, 0 secs, 101 ms
UPDATE 0
Time: 0 hrs, 0 mins, 36 secs, 85 ms
ANALYZE
Time: 0 hrs, 0 mins, 3 secs, 215 ms
INSERT 0 22782
Time: 0 hrs, 1 mins, 27 secs, 473 ms

Time: 0 hrs, 0 mins, 0 secs, 10 ms
ANALYZE
Time: 0 hrs, 0 mins, 5 secs, 519 ms
END
Time: 0 hrs, 0 mins, 39 secs, 137 ms
VACUUM
Time: 0 hrs, 0 mins, 40 secs, 167 ms

Fri Dec 24 14:15:54 EST 2010

Timing is on.

           650 - LOAD_BN_SESSION_STAGE

BEGIN
Time: 0 hrs, 0 mins, 1 secs, 119 ms
SET
Time: 0 hrs, 0 mins, 0 secs, 10 ms
CREATE TABLE
Time: 0 hrs, 2 mins, 1 secs, 359 ms
ANALYZE
Time: 0 hrs, 0 mins, 2 secs, 611 ms
INSERT 0 3402434
Time: 0 hrs, 0 mins, 51 secs, 349 ms
ANALYZE
Time: 0 hrs, 0 mins, 0 secs, 977 ms
CREATE TABLE
Time: 0 hrs, 1 mins, 2 secs, 537 ms
ANALYZE
Time: 0 hrs, 0 mins, 0 secs, 254 ms
CREATE TABLE
Time: 0 hrs, 1 mins, 23 secs, 507 ms
ANALYZE
Time: 0 hrs, 0 mins, 0 secs, 865 ms
INSERT 0 3402434
Time: 0 hrs, 4 mins, 44 secs, 549 ms
 bn_session_stage 
------------------
          3402434
(1 row)

Time: 0 hrs, 0 mins, 1 secs, 701 ms
ANALYZE
Time: 0 hrs, 0 mins, 2 secs, 562 ms
TRUNCATE
Time: 0 hrs, 0 mins, 1 secs, 910 ms
END
Time: 0 hrs, 0 mins, 36 secs, 399 ms

Fri Dec 24 14:26:46 EST 2010

BEGIN

           660 - LOAD_BN_SESSION_UPDATE_STAGE

SET
INSERT 0 0
END

Fri Dec 24 14:27:29 EST 2010

Timing is on.

           670 - LOAD_BN_SESSION_20100821.UPDATES

BEGIN
Time: 0 hrs, 0 mins, 9 secs, 135 ms
SET
Time: 0 hrs, 0 mins, 0 secs, 10 ms
UPDATE 0
Time: 0 hrs, 0 mins, 1 secs, 501 ms
END
Time: 0 hrs, 0 mins, 27 secs, 699 ms
VACUUM
Time: 0 hrs, 0 mins, 40 secs, 592 ms

Fri Dec 24 14:28:48 EST 2010

Timing is on.

           700 - LOAD_BN_SESSION

BEGIN
Time: 0 hrs, 0 mins, 1 secs, 787 ms
SET
Time: 0 hrs, 0 mins, 0 secs, 11 ms
INSERT 0 3402434
Time: 0 hrs, 0 mins, 15 secs, 175 ms
ANALYZE
Time: 0 hrs, 0 mins, 2 secs, 457 ms
END
Time: 0 hrs, 0 mins, 26 secs, 128 ms

Fri Dec 24 14:29:34 EST 2010

Timing is on.

            750 - LOAD_BN_SESSION_SUMMARY   

BEGIN
Time: 0 hrs, 0 mins, 0 secs, 757 ms
SET
Time: 0 hrs, 0 mins, 0 secs, 10 ms
CREATE TABLE
Time: 0 hrs, 0 mins, 9 secs, 426 ms
TRUNCATE
Time: 0 hrs, 0 mins, 0 secs, 989 ms
INSERT 0 249316
Time: 0 hrs, 0 mins, 4 secs, 548 ms
ANALYZE
Time: 0 hrs, 0 mins, 0 secs, 659 ms
 count(1) 
----------
   249316
(1 row)

Time: 0 hrs, 0 mins, 0 secs, 89 ms
END
Time: 0 hrs, 0 mins, 35 secs, 969 ms

Fri Dec 24 14:30:27 EST 2010

Timing is on.

           800 - LOAD_BN_HITS

BEGIN
Time: 0 hrs, 0 mins, 0 secs, 810 ms
SET
Time: 0 hrs, 0 mins, 0 secs, 11 ms
TRUNCATE
Time: 0 hrs, 0 mins, 0 secs, 930 ms
INSERT 0 29217031
Time: 0 hrs, 2 mins, 2 secs, 552 ms
 count(1) 
----------
 29217031
(1 row)

Time: 0 hrs, 0 mins, 2 secs, 750 ms
ANALYZE
Time: 0 hrs, 0 mins, 1 secs, 618 ms
END
Time: 0 hrs, 0 mins, 16 secs, 782 ms

Fri Dec 24 14:32:52 EST 2010

Timing is on.

            900 - LOAD_CLICKSTREAM   

BEGIN
Time: 0 hrs, 0 mins, 1 secs, 919 ms
SET
Time: 0 hrs, 0 mins, 0 secs, 10 ms
TRUNCATE
Time: 0 hrs, 0 mins, 0 secs, 867 ms
INSERT 0 29217031
Time: 0 hrs, 4 mins, 37 secs, 629 ms
 count(1) 
----------
 29217031
(1 row)

Time: 0 hrs, 0 mins, 0 secs, 454 ms
ANALYZE
Time: 0 hrs, 0 mins, 0 secs, 881 ms
END
Time: 0 hrs, 0 mins, 25 secs, 777 ms

Fri Dec 24 14:38:00 EST 2010

Timing is on.

            1000 - PAGE_VIEW_SUMMARY  

BEGIN
Time: 0 hrs, 0 mins, 0 secs, 948 ms
SET
Time: 0 hrs, 0 mins, 0 secs, 11 ms
TRUNCATE
Time: 0 hrs, 0 mins, 0 secs, 922 ms
INSERT 0 107534
Time: 0 hrs, 0 mins, 14 secs, 419 ms
 count(1) 
----------
   107534
(1 row)

Time: 0 hrs, 0 mins, 0 secs, 736 ms
ANALYZE
Time: 0 hrs, 0 mins, 0 secs, 62 ms
END
Time: 0 hrs, 0 mins, 27 secs, 715 ms
Fri Dec 24 14:38:45 EST 2010
Removing lock file and waiting for a minute
Checking for lock file /tmp/.iislock
Acquired lock file /tmp/.iislock
-------------------------------------
Processing for 20100822
-------------------------------------
Fri Dec 24 14:39:45 EST 2010

Timing is on.

           000 - INIT

BEGIN
Time: 0 hrs, 0 mins, 0 secs, 655 ms
*** Truncating staging tables before workflow starts ***
SET
Time: 0 hrs, 0 mins, 0 secs, 13 ms
TRUNCATE
Time: 0 hrs, 0 mins, 1 secs, 320 ms
TRUNCATE
Time: 0 hrs, 0 mins, 0 secs, 222 ms
TRUNCATE
Time: 0 hrs, 0 mins, 0 secs, 577 ms
TRUNCATE
Time: 0 hrs, 0 mins, 0 secs, 623 ms
TRUNCATE
Time: 0 hrs, 0 mins, 0 secs, 543 ms
TRUNCATE
Time: 0 hrs, 0 mins, 0 secs, 576 ms
TRUNCATE
Time: 0 hrs, 0 mins, 0 secs, 796 ms
END
Time: 0 hrs, 0 mins, 24 secs, 201 ms

Fri Dec 24 14:40:15 EST 2010

Timing is on.
BEGIN
Time: 0 hrs, 0 mins, 0 secs, 648 ms
SET
Time: 0 hrs, 0 mins, 0 secs, 11 ms

           300 - DYNAMIC FILTER STUB - WEB_RESOURCE_HITS

INSERT 0 25479546
Time: 0 hrs, 0 mins, 43 secs, 245 ms
INSERT 0 8364050
Time: 0 hrs, 0 mins, 17 secs, 538 ms
 bn_hits_stage 
---------------
      33843596
(1 row)

Time: 0 hrs, 0 mins, 1 secs, 961 ms
ANALYZE
Time: 0 hrs, 0 mins, 2 secs, 928 ms
END
Time: 0 hrs, 0 mins, 39 secs, 758 ms

Fri Dec 24 14:42:01 EST 2010

Timing is on.
BEGIN
Time: 0 hrs, 0 mins, 0 secs, 878 ms

           600 - LOAD RESOURCES

SET
Time: 0 hrs, 0 mins, 0 secs, 12 ms
CREATE TABLE
Time: 0 hrs, 0 mins, 9 secs, 762 ms
ANALYZE
Time: 0 hrs, 0 mins, 0 secs, 509 ms
 tmp_a_count 
-------------
       75761
(1 row)

Time: 0 hrs, 0 mins, 0 secs, 125 ms
UPDATE 0
Time: 0 hrs, 0 mins, 28 secs, 543 ms
ANALYZE
Time: 0 hrs, 0 mins, 0 secs, 973 ms
INSERT 0 19856
Time: 0 hrs, 1 mins, 23 secs, 245 ms

Time: 0 hrs, 0 mins, 0 secs, 10 ms
ANALYZE
Time: 0 hrs, 0 mins, 1 secs, 107 ms
END
Time: 0 hrs, 0 mins, 31 secs, 987 ms
VACUUM
Time: 0 hrs, 0 mins, 23 secs, 637 ms

Fri Dec 24 14:45:02 EST 2010

Timing is on.

           650 - LOAD_BN_SESSION_STAGE

BEGIN
Time: 0 hrs, 0 mins, 0 secs, 859 ms
SET
Time: 0 hrs, 0 mins, 0 secs, 9 ms
CREATE TABLE
Time: 0 hrs, 2 mins, 18 secs, 397 ms
ANALYZE
Time: 0 hrs, 0 mins, 1 secs, 457 ms
INSERT 0 3450662
Time: 0 hrs, 0 mins, 46 secs, 819 ms
ANALYZE
Time: 0 hrs, 0 mins, 1 secs, 76 ms
CREATE TABLE
Time: 0 hrs, 0 mins, 49 secs, 38 ms
ANALYZE
Time: 0 hrs, 0 mins, 0 secs, 234 ms
CREATE TABLE
Time: 0 hrs, 1 mins, 31 secs, 212 ms
ANALYZE
Time: 0 hrs, 0 mins, 0 secs, 804 ms
INSERT 0 3450662
Time: 0 hrs, 3 mins, 40 secs, 944 ms
 bn_session_stage 
------------------
          3450662
(1 row)

Time: 0 hrs, 0 mins, 0 secs, 535 ms
ANALYZE
Time: 0 hrs, 0 mins, 1 secs, 376 ms
TRUNCATE
Time: 0 hrs, 0 mins, 0 secs, 903 ms
END
Time: 0 hrs, 0 mins, 38 secs, 889 ms

Fri Dec 24 14:54:55 EST 2010

BEGIN

           660 - LOAD_BN_SESSION_UPDATE_STAGE

SET
INSERT 0 0
END

Fri Dec 24 14:55:23 EST 2010

Timing is on.

           670 - LOAD_BN_SESSION_20100822.UPDATES

BEGIN
Time: 0 hrs, 0 mins, 0 secs, 880 ms
SET
Time: 0 hrs, 0 mins, 0 secs, 18 ms
UPDATE 0
Time: 0 hrs, 0 mins, 0 secs, 495 ms
END
Time: 0 hrs, 0 mins, 24 secs, 418 ms
VACUUM
Time: 0 hrs, 0 mins, 37 secs, 287 ms

Fri Dec 24 14:56:27 EST 2010

Timing is on.

           700 - LOAD_BN_SESSION

BEGIN
Time: 0 hrs, 0 mins, 0 secs, 911 ms
SET
Time: 0 hrs, 0 mins, 0 secs, 11 ms
INSERT 0 3450662
Time: 0 hrs, 0 mins, 10 secs, 90 ms
ANALYZE
Time: 0 hrs, 0 mins, 1 secs, 588 ms
END
Time: 0 hrs, 0 mins, 35 secs, 207 ms

Fri Dec 24 14:57:15 EST 2010

Timing is on.

            750 - LOAD_BN_SESSION_SUMMARY   

BEGIN
Time: 0 hrs, 0 mins, 1 secs, 380 ms
SET
Time: 0 hrs, 0 mins, 0 secs, 10 ms
CREATE TABLE
Time: 0 hrs, 0 mins, 15 secs, 208 ms
TRUNCATE
Time: 0 hrs, 0 mins, 1 secs, 124 ms
INSERT 0 289548
Time: 0 hrs, 0 mins, 5 secs, 400 ms
ANALYZE
Time: 0 hrs, 0 mins, 0 secs, 915 ms
 count(1) 
----------
   289548
(1 row)

Time: 0 hrs, 0 mins, 0 secs, 103 ms
END
Time: 0 hrs, 0 mins, 36 secs, 84 ms

Fri Dec 24 14:58:15 EST 2010

Timing is on.

           800 - LOAD_BN_HITS

BEGIN
Time: 0 hrs, 0 mins, 0 secs, 808 ms
SET
Time: 0 hrs, 0 mins, 0 secs, 12 ms
TRUNCATE
Time: 0 hrs, 0 mins, 1 secs, 34 ms
INSERT 0 33843596
Time: 0 hrs, 2 mins, 50 secs, 447 ms
 count(1) 
----------
 33843596
(1 row)

Time: 0 hrs, 0 mins, 2 secs, 61 ms
ANALYZE
Time: 0 hrs, 0 mins, 1 secs, 521 ms
END
Time: 0 hrs, 0 mins, 31 secs, 246 ms

Fri Dec 24 15:01:43 EST 2010

Timing is on.

            900 - LOAD_CLICKSTREAM   

BEGIN
Time: 0 hrs, 0 mins, 0 secs, 823 ms
SET
Time: 0 hrs, 0 mins, 0 secs, 12 ms
TRUNCATE
Time: 0 hrs, 0 mins, 0 secs, 882 ms
INSERT 0 33843596
Time: 0 hrs, 5 mins, 28 secs, 36 ms
 count(1) 
----------
 33843596
(1 row)

Time: 0 hrs, 0 mins, 0 secs, 588 ms
ANALYZE
Time: 0 hrs, 0 mins, 0 secs, 875 ms
END
Time: 0 hrs, 0 mins, 32 secs, 972 ms

Fri Dec 24 15:07:47 EST 2010

Timing is on.

            1000 - PAGE_VIEW_SUMMARY  

BEGIN
Time: 0 hrs, 0 mins, 0 secs, 803 ms
SET
Time: 0 hrs, 0 mins, 0 secs, 11 ms
TRUNCATE
Time: 0 hrs, 0 mins, 2 secs, 570 ms
INSERT 0 98134
Time: 0 hrs, 0 mins, 15 secs, 315 ms
 count(1) 
----------
    98134
(1 row)

Time: 0 hrs, 0 mins, 0 secs, 96 ms
ANALYZE
Time: 0 hrs, 0 mins, 0 secs, 62 ms
END
Time: 0 hrs, 0 mins, 32 secs, 808 ms
Fri Dec 24 15:08:39 EST 2010
Removing lock file and waiting for a minute
Checking for lock file /tmp/.iislock
Acquired lock file /tmp/.iislock
-------------------------------------
Processing for 20100823
-------------------------------------
Fri Dec 24 15:09:39 EST 2010

Timing is on.

           000 - INIT

BEGIN
Time: 0 hrs, 0 mins, 0 secs, 660 ms
*** Truncating staging tables before workflow starts ***
SET
Time: 0 hrs, 0 mins, 0 secs, 14 ms
TRUNCATE
Time: 0 hrs, 0 mins, 0 secs, 436 ms
TRUNCATE
Time: 0 hrs, 0 mins, 0 secs, 244 ms
TRUNCATE
Time: 0 hrs, 0 mins, 0 secs, 520 ms
TRUNCATE
Time: 0 hrs, 0 mins, 0 secs, 421 ms
TRUNCATE
Time: 0 hrs, 0 mins, 0 secs, 360 ms
TRUNCATE
Time: 0 hrs, 0 mins, 0 secs, 232 ms
TRUNCATE
Time: 0 hrs, 0 mins, 0 secs, 473 ms
END
Time: 0 hrs, 0 mins, 24 secs, 800 ms

Fri Dec 24 15:10:07 EST 2010

Timing is on.
BEGIN
Time: 0 hrs, 0 mins, 0 secs, 587 ms
SET
Time: 0 hrs, 0 mins, 0 secs, 11 ms

           300 - DYNAMIC FILTER STUB - WEB_RESOURCE_HITS

INSERT 0 27052751
Time: 0 hrs, 0 mins, 41 secs, 386 ms
INSERT 0 8558528
Time: 0 hrs, 0 mins, 22 secs, 377 ms
 bn_hits_stage 
---------------
      35611279
(1 row)

Time: 0 hrs, 0 mins, 0 secs, 925 ms
ANALYZE
Time: 0 hrs, 0 mins, 1 secs, 548 ms
END
Time: 0 hrs, 0 mins, 31 secs, 339 ms

Fri Dec 24 15:11:46 EST 2010

Timing is on.
BEGIN
Time: 0 hrs, 0 mins, 0 secs, 855 ms

           600 - LOAD RESOURCES

SET
Time: 0 hrs, 0 mins, 0 secs, 10 ms
CREATE TABLE
Time: 0 hrs, 0 mins, 10 secs, 311 ms
ANALYZE
Time: 0 hrs, 0 mins, 0 secs, 456 ms
 tmp_a_count 
-------------
       67744
(1 row)

Time: 0 hrs, 0 mins, 0 secs, 279 ms
UPDATE 0
Time: 0 hrs, 0 mins, 35 secs, 912 ms
ANALYZE
Time: 0 hrs, 0 mins, 0 secs, 743 ms
INSERT 0 17052
Time: 0 hrs, 1 mins, 22 secs, 119 ms

Time: 0 hrs, 0 mins, 0 secs, 10 ms
ANALYZE
Time: 0 hrs, 0 mins, 0 secs, 754 ms
END
Time: 0 hrs, 0 mins, 26 secs, 629 ms
VACUUM
Time: 0 hrs, 0 mins, 30 secs, 747 ms

Fri Dec 24 15:14:55 EST 2010

Timing is on.

           650 - LOAD_BN_SESSION_STAGE

BEGIN
Time: 0 hrs, 0 mins, 0 secs, 754 ms
SET
Time: 0 hrs, 0 mins, 0 secs, 11 ms
CREATE TABLE
Time: 0 hrs, 2 mins, 14 secs, 12 ms
ANALYZE
Time: 0 hrs, 0 mins, 1 secs, 635 ms
INSERT 0 3761127
Time: 0 hrs, 0 mins, 48 secs, 337 ms
ANALYZE
Time: 0 hrs, 0 mins, 1 secs, 856 ms
CREATE TABLE
Time: 0 hrs, 0 mins, 56 secs, 191 ms
ANALYZE
Time: 0 hrs, 0 mins, 0 secs, 257 ms
CREATE TABLE
Time: 0 hrs, 1 mins, 30 secs, 956 ms
ANALYZE
Time: 0 hrs, 0 mins, 0 secs, 751 ms
INSERT 0 3761127
Time: 0 hrs, 3 mins, 40 secs, 852 ms
 bn_session_stage 
------------------
          3761127
(1 row)

Time: 0 hrs, 0 mins, 0 secs, 637 ms
ANALYZE
Time: 0 hrs, 0 mins, 1 secs, 284 ms
TRUNCATE
Time: 0 hrs, 0 mins, 0 secs, 816 ms
END
Time: 0 hrs, 0 mins, 59 secs, 187 ms

Fri Dec 24 15:25:13 EST 2010

BEGIN

           660 - LOAD_BN_SESSION_UPDATE_STAGE

SET
INSERT 0 0
END

Fri Dec 24 15:25:51 EST 2010

Timing is on.

           670 - LOAD_BN_SESSION_20100823.UPDATES

BEGIN
Time: 0 hrs, 0 mins, 0 secs, 863 ms
SET
Time: 0 hrs, 0 mins, 0 secs, 11 ms
UPDATE 0
Time: 0 hrs, 0 mins, 1 secs, 349 ms
END
Time: 0 hrs, 0 mins, 15 secs, 833 ms
VACUUM
Time: 0 hrs, 0 mins, 27 secs, 343 ms

Fri Dec 24 15:26:37 EST 2010

Timing is on.

           700 - LOAD_BN_SESSION

BEGIN
Time: 0 hrs, 0 mins, 1 secs, 136 ms
SET
Time: 0 hrs, 0 mins, 0 secs, 11 ms
INSERT 0 3761127
Time: 0 hrs, 0 mins, 10 secs, 990 ms
ANALYZE
Time: 0 hrs, 0 mins, 1 secs, 735 ms
END
Time: 0 hrs, 0 mins, 26 secs, 36 ms

Fri Dec 24 15:27:17 EST 2010

Timing is on.

            750 - LOAD_BN_SESSION_SUMMARY   

BEGIN
Time: 0 hrs, 0 mins, 2 secs, 412 ms
SET
Time: 0 hrs, 0 mins, 0 secs, 17 ms
CREATE TABLE
Time: 0 hrs, 0 mins, 11 secs, 82 ms
TRUNCATE
Time: 0 hrs, 0 mins, 1 secs, 441 ms
INSERT 0 306236
Time: 0 hrs, 0 mins, 5 secs, 801 ms
ANALYZE
Time: 0 hrs, 0 mins, 0 secs, 724 ms
 count(1) 
----------
   306236
(1 row)

Time: 0 hrs, 0 mins, 0 secs, 115 ms
END
Time: 0 hrs, 0 mins, 25 secs, 547 ms

Fri Dec 24 15:28:04 EST 2010

Timing is on.

           800 - LOAD_BN_HITS

BEGIN
Time: 0 hrs, 0 mins, 0 secs, 870 ms
SET
Time: 0 hrs, 0 mins, 0 secs, 10 ms
TRUNCATE
Time: 0 hrs, 0 mins, 0 secs, 851 ms
INSERT 0 35611279
Time: 0 hrs, 2 mins, 38 secs, 73 ms
 count(1) 
----------
 35611279
(1 row)

Time: 0 hrs, 0 mins, 1 secs, 214 ms
ANALYZE
Time: 0 hrs, 0 mins, 1 secs, 587 ms
END
Time: 0 hrs, 0 mins, 44 secs, 997 ms

Fri Dec 24 15:31:32 EST 2010

Timing is on.

            900 - LOAD_CLICKSTREAM   

BEGIN
Time: 0 hrs, 0 mins, 0 secs, 933 ms
SET
Time: 0 hrs, 0 mins, 0 secs, 15 ms
TRUNCATE
Time: 0 hrs, 0 mins, 0 secs, 640 ms
INSERT 0 35611279
Time: 0 hrs, 5 mins, 24 secs, 25 ms
 count(1) 
----------
 35611279
(1 row)

Time: 0 hrs, 0 mins, 2 secs, 810 ms
ANALYZE
Time: 0 hrs, 0 mins, 1 secs, 798 ms
END
Time: 0 hrs, 0 mins, 35 secs, 390 ms

Fri Dec 24 15:37:38 EST 2010

Timing is on.

            1000 - PAGE_VIEW_SUMMARY  

BEGIN
Time: 0 hrs, 0 mins, 1 secs, 710 ms
SET
Time: 0 hrs, 0 mins, 0 secs, 11 ms
TRUNCATE
Time: 0 hrs, 0 mins, 1 secs, 556 ms
INSERT 0 88665
Time: 0 hrs, 0 mins, 15 secs, 690 ms
 count(1) 
----------
    88665
(1 row)

Time: 0 hrs, 0 mins, 0 secs, 109 ms
ANALYZE
Time: 0 hrs, 0 mins, 0 secs, 56 ms
END
Time: 0 hrs, 0 mins, 29 secs, 239 ms
Fri Dec 24 15:38:27 EST 2010
Removing lock file and waiting for a minute
Checking for lock file /tmp/.iislock
Acquired lock file /tmp/.iislock
-------------------------------------
Processing for 20100824
-------------------------------------
Fri Dec 24 15:39:27 EST 2010

Timing is on.

           000 - INIT

BEGIN
Time: 0 hrs, 0 mins, 0 secs, 663 ms
*** Truncating staging tables before workflow starts ***
SET
Time: 0 hrs, 0 mins, 0 secs, 14 ms
TRUNCATE
Time: 0 hrs, 0 mins, 0 secs, 698 ms
TRUNCATE
Time: 0 hrs, 0 mins, 0 secs, 437 ms
TRUNCATE
Time: 0 hrs, 0 mins, 0 secs, 420 ms
TRUNCATE
Time: 0 hrs, 0 mins, 0 secs, 299 ms
TRUNCATE
Time: 0 hrs, 0 mins, 0 secs, 605 ms
TRUNCATE
Time: 0 hrs, 0 mins, 0 secs, 422 ms
TRUNCATE
Time: 0 hrs, 0 mins, 1 secs, 107 ms
END
Time: 0 hrs, 0 mins, 20 secs, 892 ms

Fri Dec 24 15:39:52 EST 2010

Timing is on.
BEGIN
Time: 0 hrs, 0 mins, 0 secs, 616 ms
SET
Time: 0 hrs, 0 mins, 0 secs, 10 ms

           300 - DYNAMIC FILTER STUB - WEB_RESOURCE_HITS

INSERT 0 28004186
Time: 0 hrs, 0 mins, 43 secs, 411 ms
INSERT 0 8984028
Time: 0 hrs, 0 mins, 17 secs, 977 ms
 bn_hits_stage 
---------------
      36988214
(1 row)

Time: 0 hrs, 0 mins, 0 secs, 649 ms
ANALYZE
Time: 0 hrs, 0 mins, 1 secs, 856 ms
END
Time: 0 hrs, 0 mins, 26 secs, 192 ms

Fri Dec 24 15:41:23 EST 2010

Timing is on.
BEGIN
Time: 0 hrs, 0 mins, 1 secs, 171 ms

           600 - LOAD RESOURCES

SET
Time: 0 hrs, 0 mins, 0 secs, 11 ms
CREATE TABLE
Time: 0 hrs, 0 mins, 8 secs, 438 ms
ANALYZE
Time: 0 hrs, 0 mins, 0 secs, 456 ms
 tmp_a_count 
-------------
       68152
(1 row)

Time: 0 hrs, 0 mins, 0 secs, 243 ms
UPDATE 0
Time: 0 hrs, 0 mins, 35 secs, 632 ms
ANALYZE
Time: 0 hrs, 0 mins, 0 secs, 695 ms
INSERT 0 18967
Time: 0 hrs, 1 mins, 21 secs, 663 ms

Time: 0 hrs, 0 mins, 0 secs, 10 ms
ANALYZE
Time: 0 hrs, 0 mins, 0 secs, 767 ms
END
Time: 0 hrs, 0 mins, 46 secs, 397 ms
VACUUM
Time: 0 hrs, 0 mins, 25 secs, 439 ms

Fri Dec 24 15:44:44 EST 2010

Timing is on.

           650 - LOAD_BN_SESSION_STAGE

BEGIN
Time: 0 hrs, 0 mins, 0 secs, 956 ms
SET
Time: 0 hrs, 0 mins, 0 secs, 11 ms
CREATE TABLE
Time: 0 hrs, 2 mins, 25 secs, 487 ms
ANALYZE
Time: 0 hrs, 0 mins, 1 secs, 601 ms
INSERT 0 3708839
Time: 0 hrs, 0 mins, 50 secs, 858 ms
ANALYZE
Time: 0 hrs, 0 mins, 0 secs, 669 ms
CREATE TABLE
Time: 0 hrs, 0 mins, 57 secs, 917 ms
ANALYZE
Time: 0 hrs, 0 mins, 0 secs, 241 ms
CREATE TABLE
Time: 0 hrs, 1 mins, 34 secs, 261 ms
ANALYZE
Time: 0 hrs, 0 mins, 0 secs, 837 ms
INSERT 0 3708839
Time: 0 hrs, 4 mins, 5 secs, 452 ms
 bn_session_stage 
------------------
          3708839
(1 row)

Time: 0 hrs, 0 mins, 0 secs, 479 ms
ANALYZE
Time: 0 hrs, 0 mins, 2 secs, 304 ms
TRUNCATE
Time: 0 hrs, 0 mins, 0 secs, 662 ms
END
Time: 0 hrs, 0 mins, 27 secs, 596 ms

Fri Dec 24 15:55:14 EST 2010

BEGIN

           660 - LOAD_BN_SESSION_UPDATE_STAGE

SET
INSERT 0 0
END

Fri Dec 24 15:55:38 EST 2010

Timing is on.

           670 - LOAD_BN_SESSION_20100824.UPDATES

BEGIN
Time: 0 hrs, 0 mins, 0 secs, 728 ms
SET
Time: 0 hrs, 0 mins, 0 secs, 13 ms
UPDATE 0
Time: 0 hrs, 0 mins, 0 secs, 534 ms
END
Time: 0 hrs, 0 mins, 13 secs, 756 ms
VACUUM
Time: 0 hrs, 0 mins, 26 secs, 729 ms

Fri Dec 24 15:56:20 EST 2010

Timing is on.

           700 - LOAD_BN_SESSION

BEGIN
Time: 0 hrs, 0 mins, 0 secs, 765 ms
SET
Time: 0 hrs, 0 mins, 0 secs, 11 ms
INSERT 0 3708839
Time: 0 hrs, 0 mins, 12 secs, 913 ms
ANALYZE
Time: 0 hrs, 0 mins, 1 secs, 676 ms
END
Time: 0 hrs, 0 mins, 30 secs, 68 ms

Fri Dec 24 15:57:05 EST 2010

Timing is on.

            750 - LOAD_BN_SESSION_SUMMARY   

BEGIN
Time: 0 hrs, 0 mins, 0 secs, 590 ms
SET
Time: 0 hrs, 0 mins, 0 secs, 13 ms
CREATE TABLE
Time: 0 hrs, 0 mins, 8 secs, 442 ms
TRUNCATE
Time: 0 hrs, 0 mins, 1 secs, 854 ms
INSERT 0 354418
Time: 0 hrs, 0 mins, 5 secs, 644 ms
ANALYZE
Time: 0 hrs, 0 mins, 0 secs, 762 ms
 count(1) 
----------
   354418
(1 row)

Time: 0 hrs, 0 mins, 0 secs, 691 ms
END
Time: 0 hrs, 0 mins, 33 secs, 512 ms

Fri Dec 24 15:57:57 EST 2010

Timing is on.

           800 - LOAD_BN_HITS

BEGIN
Time: 0 hrs, 0 mins, 0 secs, 694 ms
SET
Time: 0 hrs, 0 mins, 0 secs, 12 ms
TRUNCATE
Time: 0 hrs, 0 mins, 0 secs, 884 ms
INSERT 0 36988214
Time: 0 hrs, 2 mins, 30 secs, 137 ms
 count(1) 
----------
 36988214
(1 row)

Time: 0 hrs, 0 mins, 1 secs, 318 ms
ANALYZE
Time: 0 hrs, 0 mins, 1 secs, 514 ms
END
Time: 0 hrs, 0 mins, 30 secs, 259 ms

Fri Dec 24 16:01:02 EST 2010

Timing is on.

            900 - LOAD_CLICKSTREAM   

BEGIN
Time: 0 hrs, 0 mins, 1 secs, 104 ms
SET
Time: 0 hrs, 0 mins, 0 secs, 13 ms
TRUNCATE
Time: 0 hrs, 0 mins, 3 secs, 333 ms
INSERT 0 36988214
Time: 0 hrs, 4 mins, 46 secs, 113 ms
 count(1) 
----------
 36988214
(1 row)

Time: 0 hrs, 0 mins, 1 secs, 275 ms
ANALYZE
Time: 0 hrs, 0 mins, 1 secs, 41 ms
END
Time: 0 hrs, 0 mins, 52 secs, 296 ms

Fri Dec 24 16:06:48 EST 2010

Timing is on.

            1000 - PAGE_VIEW_SUMMARY  

BEGIN
Time: 0 hrs, 0 mins, 1 secs, 878 ms
SET
Time: 0 hrs, 0 mins, 0 secs, 14 ms
TRUNCATE
Time: 0 hrs, 0 mins, 0 secs, 888 ms
INSERT 0 90317
Time: 0 hrs, 0 mins, 18 secs, 878 ms
 count(1) 
----------
    90317
(1 row)

Time: 0 hrs, 0 mins, 0 secs, 137 ms
ANALYZE
Time: 0 hrs, 0 mins, 0 secs, 65 ms
END
Time: 0 hrs, 0 mins, 27 secs, 589 ms
Fri Dec 24 16:07:38 EST 2010
Removing lock file and waiting for a minute
Checking for lock file /tmp/.iislock
Acquired lock file /tmp/.iislock
-------------------------------------
Processing for 20100825
-------------------------------------
Fri Dec 24 16:08:38 EST 2010

Timing is on.

           000 - INIT

BEGIN
Time: 0 hrs, 0 mins, 0 secs, 624 ms
*** Truncating staging tables before workflow starts ***
SET
Time: 0 hrs, 0 mins, 0 secs, 20 ms
TRUNCATE
Time: 0 hrs, 0 mins, 0 secs, 539 ms
TRUNCATE
Time: 0 hrs, 0 mins, 0 secs, 346 ms
TRUNCATE
Time: 0 hrs, 0 mins, 0 secs, 310 ms
TRUNCATE
Time: 0 hrs, 0 mins, 0 secs, 601 ms
TRUNCATE
Time: 0 hrs, 0 mins, 0 secs, 504 ms
TRUNCATE
Time: 0 hrs, 0 mins, 1 secs, 440 ms
TRUNCATE
Time: 0 hrs, 0 mins, 0 secs, 475 ms
END
Time: 0 hrs, 0 mins, 22 secs, 124 ms

Fri Dec 24 16:09:05 EST 2010

Timing is on.
BEGIN
Time: 0 hrs, 0 mins, 0 secs, 812 ms
SET
Time: 0 hrs, 0 mins, 0 secs, 9 ms

           300 - DYNAMIC FILTER STUB - WEB_RESOURCE_HITS

INSERT 0 25965113
Time: 0 hrs, 0 mins, 42 secs, 610 ms
INSERT 0 8395304
Time: 0 hrs, 0 mins, 18 secs, 918 ms
 bn_hits_stage 
---------------
      34360417
(1 row)

Time: 0 hrs, 0 mins, 1 secs, 237 ms
ANALYZE
Time: 0 hrs, 0 mins, 2 secs, 0 ms
END
Time: 0 hrs, 0 mins, 26 secs, 723 ms

Fri Dec 24 16:10:37 EST 2010

Timing is on.
BEGIN
Time: 0 hrs, 0 mins, 0 secs, 867 ms

           600 - LOAD RESOURCES

SET
Time: 0 hrs, 0 mins, 0 secs, 15 ms
CREATE TABLE
Time: 0 hrs, 0 mins, 10 secs, 1 ms
ANALYZE
Time: 0 hrs, 0 mins, 0 secs, 446 ms
 tmp_a_count 
-------------
       70901
(1 row)

Time: 0 hrs, 0 mins, 0 secs, 397 ms
UPDATE 0
Time: 0 hrs, 0 mins, 55 secs, 906 ms
ANALYZE
Time: 0 hrs, 0 mins, 12 secs, 18 ms
INSERT 0 19890
Time: 0 hrs, 1 mins, 32 secs, 493 ms

Time: 0 hrs, 0 mins, 0 secs, 10 ms
ANALYZE
Time: 0 hrs, 0 mins, 1 secs, 889 ms
END
Time: 0 hrs, 0 mins, 31 secs, 642 ms
VACUUM
Time: 0 hrs, 0 mins, 40 secs, 677 ms

Fri Dec 24 16:14:44 EST 2010

Timing is on.

           650 - LOAD_BN_SESSION_STAGE

BEGIN
Time: 0 hrs, 0 mins, 2 secs, 325 ms
SET
Time: 0 hrs, 0 mins, 0 secs, 9 ms
CREATE TABLE
Time: 0 hrs, 2 mins, 19 secs, 310 ms
ANALYZE
Time: 0 hrs, 0 mins, 1 secs, 972 ms
INSERT 0 4116372
Time: 0 hrs, 0 mins, 58 secs, 421 ms
ANALYZE
Time: 0 hrs, 0 mins, 1 secs, 264 ms
CREATE TABLE
Time: 0 hrs, 1 mins, 2 secs, 227 ms
ANALYZE
Time: 0 hrs, 0 mins, 0 secs, 303 ms
CREATE TABLE
Time: 0 hrs, 1 mins, 35 secs, 983 ms
ANALYZE
Time: 0 hrs, 0 mins, 0 secs, 687 ms
INSERT 0 4116372
Time: 0 hrs, 5 mins, 19 secs, 128 ms
 bn_session_stage 
------------------
          4116372
(1 row)

Time: 0 hrs, 0 mins, 5 secs, 567 ms
ANALYZE
Time: 0 hrs, 0 mins, 4 secs, 399 ms
TRUNCATE
Time: 0 hrs, 0 mins, 1 secs, 577 ms
END
Time: 0 hrs, 0 mins, 46 secs, 157 ms

Fri Dec 24 16:27:03 EST 2010

BEGIN

           660 - LOAD_BN_SESSION_UPDATE_STAGE

SET
INSERT 0 0
END

Fri Dec 24 16:27:30 EST 2010

Timing is on.

           670 - LOAD_BN_SESSION_20100825.UPDATES

BEGIN
Time: 0 hrs, 0 mins, 1 secs, 86 ms
SET
Time: 0 hrs, 0 mins, 0 secs, 10 ms
UPDATE 0
Time: 0 hrs, 0 mins, 0 secs, 431 ms
END
Time: 0 hrs, 0 mins, 22 secs, 66 ms
VACUUM
Time: 0 hrs, 0 mins, 28 secs, 937 ms

Fri Dec 24 16:28:22 EST 2010

Timing is on.

           700 - LOAD_BN_SESSION

BEGIN
Time: 0 hrs, 0 mins, 0 secs, 933 ms
SET
Time: 0 hrs, 0 mins, 0 secs, 10 ms
INSERT 0 4116372
Time: 0 hrs, 0 mins, 26 secs, 498 ms
ANALYZE
Time: 0 hrs, 0 mins, 1 secs, 612 ms
END
Time: 0 hrs, 0 mins, 37 secs, 724 ms

Fri Dec 24 16:29:29 EST 2010

Timing is on.

            750 - LOAD_BN_SESSION_SUMMARY   

BEGIN
Time: 0 hrs, 0 mins, 4 secs, 26 ms
SET
Time: 0 hrs, 0 mins, 0 secs, 11 ms
CREATE TABLE
Time: 0 hrs, 0 mins, 17 secs, 212 ms
TRUNCATE
Time: 0 hrs, 0 mins, 2 secs, 203 ms
INSERT 0 310382
Time: 0 hrs, 0 mins, 6 secs, 211 ms
ANALYZE
Time: 0 hrs, 0 mins, 0 secs, 828 ms
 count(1) 
----------
   310382
(1 row)

Time: 0 hrs, 0 mins, 0 secs, 193 ms
END
Time: 0 hrs, 0 mins, 39 secs, 920 ms

Fri Dec 24 16:30:40 EST 2010

Timing is on.

           800 - LOAD_BN_HITS

BEGIN
Time: 0 hrs, 0 mins, 1 secs, 476 ms
SET
Time: 0 hrs, 0 mins, 0 secs, 11 ms
TRUNCATE
Time: 0 hrs, 0 mins, 4 secs, 632 ms
INSERT 0 34360417
Time: 0 hrs, 2 mins, 33 secs, 146 ms
 count(1) 
----------
 34360417
(1 row)

Time: 0 hrs, 0 mins, 0 secs, 677 ms
ANALYZE
Time: 0 hrs, 0 mins, 1 secs, 419 ms
END
Time: 0 hrs, 0 mins, 23 secs, 885 ms

Fri Dec 24 16:33:46 EST 2010

Timing is on.

            900 - LOAD_CLICKSTREAM   

BEGIN
Time: 0 hrs, 0 mins, 1 secs, 80 ms
SET
Time: 0 hrs, 0 mins, 0 secs, 10 ms
TRUNCATE
Time: 0 hrs, 0 mins, 2 secs, 29 ms
INSERT 0 34360417
Time: 0 hrs, 4 mins, 46 secs, 549 ms
 count(1) 
----------
 34360417
(1 row)

Time: 0 hrs, 0 mins, 0 secs, 956 ms
ANALYZE
Time: 0 hrs, 0 mins, 1 secs, 324 ms
END
Time: 0 hrs, 0 mins, 38 secs, 297 ms

Fri Dec 24 16:39:16 EST 2010

Timing is on.

            1000 - PAGE_VIEW_SUMMARY  

BEGIN
Time: 0 hrs, 0 mins, 1 secs, 981 ms
SET
Time: 0 hrs, 0 mins, 0 secs, 9 ms
TRUNCATE
Time: 0 hrs, 0 mins, 2 secs, 912 ms
INSERT 0 91426
Time: 0 hrs, 0 mins, 18 secs, 86 ms
 count(1) 
----------
    91426
(1 row)

Time: 0 hrs, 0 mins, 0 secs, 104 ms
ANALYZE
Time: 0 hrs, 0 mins, 0 secs, 56 ms
END
Time: 0 hrs, 0 mins, 24 secs, 492 ms
Fri Dec 24 16:40:04 EST 2010
Removing lock file and waiting for a minute
Checking for lock file /tmp/.iislock
Acquired lock file /tmp/.iislock
-------------------------------------
Processing for 20100826
-------------------------------------
Fri Dec 24 16:41:04 EST 2010

Timing is on.

           000 - INIT

BEGIN
Time: 0 hrs, 0 mins, 0 secs, 667 ms
*** Truncating staging tables before workflow starts ***
SET
Time: 0 hrs, 0 mins, 0 secs, 11 ms
TRUNCATE
Time: 0 hrs, 0 mins, 1 secs, 287 ms
TRUNCATE
Time: 0 hrs, 0 mins, 2 secs, 886 ms
TRUNCATE
Time: 0 hrs, 0 mins, 0 secs, 551 ms
TRUNCATE
Time: 0 hrs, 0 mins, 0 secs, 750 ms
TRUNCATE
Time: 0 hrs, 0 mins, 0 secs, 460 ms
TRUNCATE
Time: 0 hrs, 0 mins, 0 secs, 395 ms
TRUNCATE
Time: 0 hrs, 0 mins, 0 secs, 639 ms
END
Time: 0 hrs, 0 mins, 28 secs, 453 ms

Fri Dec 24 16:41:40 EST 2010

Timing is on.
BEGIN
Time: 0 hrs, 0 mins, 0 secs, 665 ms
SET
Time: 0 hrs, 0 mins, 0 secs, 11 ms

           300 - DYNAMIC FILTER STUB - WEB_RESOURCE_HITS

INSERT 0 30884728
Time: 0 hrs, 0 mins, 42 secs, 885 ms
INSERT 0 8779900
Time: 0 hrs, 0 mins, 16 secs, 263 ms
 bn_hits_stage 
---------------
      39664628
(1 row)

Time: 0 hrs, 0 mins, 1 secs, 87 ms
ANALYZE
Time: 0 hrs, 0 mins, 1 secs, 536 ms
END
Time: 0 hrs, 0 mins, 28 secs, 380 ms

Fri Dec 24 16:43:12 EST 2010

Timing is on.
BEGIN
Time: 0 hrs, 0 mins, 0 secs, 773 ms

           600 - LOAD RESOURCES

SET
Time: 0 hrs, 0 mins, 0 secs, 11 ms
CREATE TABLE
Time: 0 hrs, 0 mins, 9 secs, 159 ms
ANALYZE
Time: 0 hrs, 0 mins, 0 secs, 576 ms
 tmp_a_count 
-------------
       68485
(1 row)

Time: 0 hrs, 0 mins, 0 secs, 249 ms
UPDATE 0
Time: 0 hrs, 0 mins, 30 secs, 308 ms
ANALYZE
Time: 0 hrs, 0 mins, 0 secs, 793 ms
INSERT 0 17817
Time: 0 hrs, 1 mins, 19 secs, 596 ms

Time: 0 hrs, 0 mins, 0 secs, 11 ms
ANALYZE
Time: 0 hrs, 0 mins, 0 secs, 747 ms
END
Time: 0 hrs, 0 mins, 35 secs, 409 ms
VACUUM
Time: 0 hrs, 0 mins, 27 secs, 797 ms

Fri Dec 24 16:46:17 EST 2010

Timing is on.

           650 - LOAD_BN_SESSION_STAGE

BEGIN
Time: 0 hrs, 0 mins, 0 secs, 946 ms
SET
Time: 0 hrs, 0 mins, 0 secs, 9 ms
CREATE TABLE
Time: 0 hrs, 2 mins, 23 secs, 911 ms
ANALYZE
Time: 0 hrs, 0 mins, 1 secs, 640 ms
INSERT 0 4174854
Time: 0 hrs, 0 mins, 55 secs, 5 ms
ANALYZE
Time: 0 hrs, 0 mins, 1 secs, 449 ms
CREATE TABLE
Time: 0 hrs, 0 mins, 53 secs, 143 ms
ANALYZE
Time: 0 hrs, 0 mins, 0 secs, 220 ms
CREATE TABLE
Time: 0 hrs, 1 mins, 33 secs, 697 ms
ANALYZE
Time: 0 hrs, 0 mins, 0 secs, 806 ms
INSERT 0 4174854
Time: 0 hrs, 4 mins, 3 secs, 813 ms
 bn_session_stage 
------------------
          4174854
(1 row)

Time: 0 hrs, 0 mins, 0 secs, 445 ms
ANALYZE
Time: 0 hrs, 0 mins, 1 secs, 510 ms
TRUNCATE
Time: 0 hrs, 0 mins, 2 secs, 553 ms
END
Time: 0 hrs, 0 mins, 30 secs, 654 ms

Fri Dec 24 16:56:47 EST 2010

BEGIN

           660 - LOAD_BN_SESSION_UPDATE_STAGE

SET
INSERT 0 0
END

Fri Dec 24 16:57:18 EST 2010

Timing is on.

           670 - LOAD_BN_SESSION_20100826.UPDATES

BEGIN
Time: 0 hrs, 0 mins, 0 secs, 720 ms
SET
Time: 0 hrs, 0 mins, 0 secs, 10 ms
UPDATE 0
Time: 0 hrs, 0 mins, 0 secs, 453 ms
END
Time: 0 hrs, 0 mins, 24 secs, 979 ms
VACUUM
Time: 0 hrs, 0 mins, 26 secs, 204 ms

Fri Dec 24 16:58:11 EST 2010

Timing is on.

           700 - LOAD_BN_SESSION

BEGIN
Time: 0 hrs, 0 mins, 1 secs, 99 ms
SET
Time: 0 hrs, 0 mins, 0 secs, 10 ms
INSERT 0 4174854
Time: 0 hrs, 0 mins, 15 secs, 479 ms
ANALYZE
Time: 0 hrs, 0 mins, 1 secs, 605 ms
END
Time: 0 hrs, 0 mins, 37 secs, 37 ms

Fri Dec 24 16:59:06 EST 2010

Timing is on.

            750 - LOAD_BN_SESSION_SUMMARY   

BEGIN
Time: 0 hrs, 0 mins, 2 secs, 837 ms
SET
Time: 0 hrs, 0 mins, 0 secs, 9 ms
CREATE TABLE
Time: 0 hrs, 0 mins, 10 secs, 6 ms
TRUNCATE
Time: 0 hrs, 0 mins, 1 secs, 923 ms
INSERT 0 368366
Time: 0 hrs, 0 mins, 8 secs, 770 ms
ANALYZE
Time: 0 hrs, 0 mins, 0 secs, 749 ms
 count(1) 
----------
   368366
(1 row)

Time: 0 hrs, 0 mins, 0 secs, 150 ms
END
Time: 0 hrs, 0 mins, 29 secs, 706 ms

Fri Dec 24 17:00:01 EST 2010

Timing is on.

           800 - LOAD_BN_HITS

BEGIN
Time: 0 hrs, 0 mins, 1 secs, 292 ms
SET
Time: 0 hrs, 0 mins, 0 secs, 7 ms
TRUNCATE
Time: 0 hrs, 0 mins, 2 secs, 768 ms
INSERT 0 39664628
Time: 0 hrs, 2 mins, 33 secs, 285 ms
 count(1) 
----------
 39664628
(1 row)

Time: 0 hrs, 0 mins, 4 secs, 555 ms
ANALYZE
Time: 0 hrs, 0 mins, 2 secs, 80 ms
END
Time: 0 hrs, 0 mins, 34 secs, 869 ms

Fri Dec 24 17:03:20 EST 2010

Timing is on.

            900 - LOAD_CLICKSTREAM   

BEGIN
Time: 0 hrs, 0 mins, 1 secs, 335 ms
SET
Time: 0 hrs, 0 mins, 0 secs, 9 ms
TRUNCATE
Time: 0 hrs, 0 mins, 1 secs, 147 ms
INSERT 0 39664628
Time: 0 hrs, 5 mins, 15 secs, 804 ms
 count(1) 
----------
 39664628
(1 row)

Time: 0 hrs, 0 mins, 1 secs, 842 ms
ANALYZE
Time: 0 hrs, 0 mins, 1 secs, 742 ms
END
Time: 0 hrs, 0 mins, 38 secs, 229 ms

Fri Dec 24 17:09:20 EST 2010

Timing is on.

            1000 - PAGE_VIEW_SUMMARY  

BEGIN
Time: 0 hrs, 0 mins, 1 secs, 174 ms
SET
Time: 0 hrs, 0 mins, 0 secs, 15 ms
TRUNCATE
Time: 0 hrs, 0 mins, 2 secs, 238 ms
INSERT 0 90167
Time: 0 hrs, 0 mins, 19 secs, 108 ms
 count(1) 
----------
    90167
(1 row)

Time: 0 hrs, 0 mins, 0 secs, 171 ms
ANALYZE
Time: 0 hrs, 0 mins, 0 secs, 80 ms
END
Time: 0 hrs, 0 mins, 31 secs, 373 ms
Fri Dec 24 17:10:15 EST 2010
Removing lock file and waiting for a minute
Checking for lock file /tmp/.iislock
Acquired lock file /tmp/.iislock
-------------------------------------
Processing for 20100827
-------------------------------------
Fri Dec 24 17:11:15 EST 2010

Timing is on.

           000 - INIT

BEGIN
Time: 0 hrs, 0 mins, 1 secs, 374 ms
*** Truncating staging tables before workflow starts ***
SET
Time: 0 hrs, 0 mins, 0 secs, 13 ms
TRUNCATE
Time: 0 hrs, 0 mins, 2 secs, 234 ms
TRUNCATE
Time: 0 hrs, 0 mins, 0 secs, 836 ms
TRUNCATE
Time: 0 hrs, 0 mins, 0 secs, 656 ms
TRUNCATE
Time: 0 hrs, 0 mins, 1 secs, 207 ms
TRUNCATE
Time: 0 hrs, 0 mins, 1 secs, 84 ms
TRUNCATE
Time: 0 hrs, 0 mins, 1 secs, 211 ms
TRUNCATE
Time: 0 hrs, 0 mins, 0 secs, 568 ms
END
Time: 0 hrs, 0 mins, 24 secs, 538 ms

Fri Dec 24 17:11:49 EST 2010

Timing is on.
BEGIN
Time: 0 hrs, 0 mins, 1 secs, 15 ms
SET
Time: 0 hrs, 0 mins, 0 secs, 12 ms

           300 - DYNAMIC FILTER STUB - WEB_RESOURCE_HITS

INSERT 0 24950719
Time: 0 hrs, 0 mins, 40 secs, 584 ms
INSERT 0 7487293
Time: 0 hrs, 0 mins, 16 secs, 109 ms
 bn_hits_stage 
---------------
      32438012
(1 row)

Time: 0 hrs, 0 mins, 1 secs, 721 ms
ANALYZE
Time: 0 hrs, 0 mins, 2 secs, 252 ms
END
Time: 0 hrs, 0 mins, 29 secs, 845 ms

Fri Dec 24 17:13:20 EST 2010

Timing is on.
BEGIN
Time: 0 hrs, 0 mins, 0 secs, 961 ms

           600 - LOAD RESOURCES

SET
Time: 0 hrs, 0 mins, 0 secs, 11 ms
CREATE TABLE
Time: 0 hrs, 0 mins, 22 secs, 557 ms
ANALYZE
Time: 0 hrs, 0 mins, 0 secs, 696 ms
 tmp_a_count 
-------------
       81512
(1 row)

Time: 0 hrs, 0 mins, 0 secs, 254 ms
UPDATE 0
Time: 0 hrs, 1 mins, 25 secs, 876 ms
ANALYZE
Time: 0 hrs, 0 mins, 23 secs, 146 ms
INSERT 0 24374
Time: 0 hrs, 1 mins, 46 secs, 874 ms

Time: 0 hrs, 0 mins, 0 secs, 10 ms
ANALYZE
Time: 0 hrs, 0 mins, 4 secs, 641 ms
END
Time: 0 hrs, 0 mins, 30 secs, 847 ms
VACUUM
Time: 0 hrs, 0 mins, 40 secs, 833 ms

Fri Dec 24 17:18:37 EST 2010

Timing is on.

           650 - LOAD_BN_SESSION_STAGE

BEGIN
Time: 0 hrs, 0 mins, 1 secs, 182 ms
SET
Time: 0 hrs, 0 mins, 0 secs, 10 ms
CREATE TABLE
Time: 0 hrs, 2 mins, 27 secs, 368 ms
ANALYZE
Time: 0 hrs, 0 mins, 10 secs, 171 ms
INSERT 0 3166105
Time: 0 hrs, 0 mins, 54 secs, 949 ms
ANALYZE
Time: 0 hrs, 0 mins, 1 secs, 619 ms
CREATE TABLE
Time: 0 hrs, 1 mins, 1 secs, 374 ms
ANALYZE
Time: 0 hrs, 0 mins, 0 secs, 299 ms
CREATE TABLE
Time: 0 hrs, 1 mins, 29 secs, 413 ms
ANALYZE
Time: 0 hrs, 0 mins, 1 secs, 122 ms
INSERT 0 3166105
Time: 0 hrs, 5 mins, 4 secs, 741 ms
 bn_session_stage 
------------------
          3166105
(1 row)

Time: 0 hrs, 0 mins, 7 secs, 217 ms
ANALYZE
Time: 0 hrs, 0 mins, 3 secs, 214 ms
TRUNCATE
Time: 0 hrs, 0 mins, 7 secs, 24 ms
END
Time: 0 hrs, 0 mins, 50 secs, 509 ms

Fri Dec 24 17:30:58 EST 2010

BEGIN

           660 - LOAD_BN_SESSION_UPDATE_STAGE

SET
INSERT 0 0
END

Fri Dec 24 17:31:32 EST 2010

Timing is on.

           670 - LOAD_BN_SESSION_20100827.UPDATES

BEGIN
Time: 0 hrs, 0 mins, 1 secs, 337 ms
SET
Time: 0 hrs, 0 mins, 0 secs, 8 ms
UPDATE 0
Time: 0 hrs, 0 mins, 0 secs, 468 ms
END
Time: 0 hrs, 0 mins, 37 secs, 532 ms
VACUUM
Time: 0 hrs, 0 mins, 40 secs, 601 ms

Fri Dec 24 17:32:52 EST 2010

Timing is on.

           700 - LOAD_BN_SESSION

BEGIN
Time: 0 hrs, 0 mins, 1 secs, 19 ms
SET
Time: 0 hrs, 0 mins, 0 secs, 12 ms
INSERT 0 3166105
Time: 0 hrs, 0 mins, 20 secs, 47 ms
ANALYZE
Time: 0 hrs, 0 mins, 1 secs, 830 ms
END
Time: 0 hrs, 0 mins, 33 secs, 818 ms

Fri Dec 24 17:33:49 EST 2010

Timing is on.

            750 - LOAD_BN_SESSION_SUMMARY   

BEGIN
Time: 0 hrs, 0 mins, 0 secs, 926 ms
SET
Time: 0 hrs, 0 mins, 0 secs, 12 ms
CREATE TABLE
Time: 0 hrs, 0 mins, 12 secs, 682 ms
TRUNCATE
Time: 0 hrs, 0 mins, 1 secs, 923 ms
INSERT 0 300856
Time: 0 hrs, 0 mins, 7 secs, 202 ms
ANALYZE
Time: 0 hrs, 0 mins, 0 secs, 751 ms
 count(1) 
----------
   300856
(1 row)

Time: 0 hrs, 0 mins, 0 secs, 152 ms
END
Time: 0 hrs, 0 mins, 32 secs, 748 ms

Fri Dec 24 17:34:46 EST 2010

Timing is on.

           800 - LOAD_BN_HITS

BEGIN
Time: 0 hrs, 0 mins, 0 secs, 876 ms
SET
Time: 0 hrs, 0 mins, 0 secs, 14 ms
TRUNCATE
Time: 0 hrs, 0 mins, 1 secs, 263 ms
INSERT 0 32438012
Time: 0 hrs, 2 mins, 0 secs, 303 ms
 count(1) 
----------
 32438012
(1 row)

Time: 0 hrs, 0 mins, 0 secs, 756 ms
ANALYZE
Time: 0 hrs, 0 mins, 1 secs, 771 ms
END
Time: 0 hrs, 0 mins, 26 secs, 290 ms

Fri Dec 24 17:37:17 EST 2010

Timing is on.

            900 - LOAD_CLICKSTREAM   

BEGIN
Time: 0 hrs, 0 mins, 0 secs, 852 ms
SET
Time: 0 hrs, 0 mins, 0 secs, 13 ms
TRUNCATE
Time: 0 hrs, 0 mins, 1 secs, 172 ms
INSERT 0 32438012
Time: 0 hrs, 5 mins, 15 secs, 293 ms
 count(1) 
----------
 32438012
(1 row)

Time: 0 hrs, 0 mins, 1 secs, 212 ms
ANALYZE
Time: 0 hrs, 0 mins, 1 secs, 541 ms
END
Time: 0 hrs, 0 mins, 23 secs, 620 ms

Fri Dec 24 17:43:01 EST 2010

Timing is on.

            1000 - PAGE_VIEW_SUMMARY  

BEGIN
Time: 0 hrs, 0 mins, 1 secs, 329 ms
SET
Time: 0 hrs, 0 mins, 0 secs, 13 ms
TRUNCATE
Time: 0 hrs, 0 mins, 4 secs, 738 ms
INSERT 0 102940
Time: 0 hrs, 0 mins, 16 secs, 555 ms
 count(1) 
----------
   102940
(1 row)

Time: 0 hrs, 0 mins, 0 secs, 237 ms
ANALYZE
Time: 0 hrs, 0 mins, 0 secs, 54 ms
END
Time: 0 hrs, 0 mins, 12 secs, 553 ms
Fri Dec 24 17:43:37 EST 2010
Removing lock file and waiting for a minute
Checking for lock file /tmp/.iislock
Acquired lock file /tmp/.iislock
-------------------------------------
Processing for 20100828
-------------------------------------
Fri Dec 24 17:44:37 EST 2010

Timing is on.

           000 - INIT

BEGIN
Time: 0 hrs, 0 mins, 0 secs, 906 ms
*** Truncating staging tables before workflow starts ***
SET
Time: 0 hrs, 0 mins, 0 secs, 9 ms
TRUNCATE
Time: 0 hrs, 0 mins, 0 secs, 821 ms
TRUNCATE
Time: 0 hrs, 0 mins, 1 secs, 950 ms
TRUNCATE
Time: 0 hrs, 0 mins, 0 secs, 969 ms
TRUNCATE
Time: 0 hrs, 0 mins, 1 secs, 298 ms
TRUNCATE
Time: 0 hrs, 0 mins, 2 secs, 754 ms
TRUNCATE
Time: 0 hrs, 0 mins, 3 secs, 66 ms
TRUNCATE
Time: 0 hrs, 0 mins, 1 secs, 387 ms
END
Time: 0 hrs, 0 mins, 30 secs, 312 ms

Fri Dec 24 17:45:21 EST 2010

Timing is on.
BEGIN
Time: 0 hrs, 0 mins, 1 secs, 134 ms
SET
Time: 0 hrs, 0 mins, 0 secs, 9 ms

           300 - DYNAMIC FILTER STUB - WEB_RESOURCE_HITS

INSERT 0 20546427
Time: 0 hrs, 0 mins, 41 secs, 69 ms
INSERT 0 6905666
Time: 0 hrs, 0 mins, 16 secs, 571 ms
 bn_hits_stage 
---------------
      27452093
(1 row)

Time: 0 hrs, 0 mins, 5 secs, 827 ms
ANALYZE
Time: 0 hrs, 0 mins, 5 secs, 369 ms
END
Time: 0 hrs, 0 mins, 48 secs, 678 ms

Fri Dec 24 17:47:19 EST 2010

Timing is on.
BEGIN
Time: 0 hrs, 0 mins, 0 secs, 778 ms

           600 - LOAD RESOURCES

SET
Time: 0 hrs, 0 mins, 0 secs, 11 ms
CREATE TABLE
Time: 0 hrs, 0 mins, 16 secs, 30 ms
ANALYZE
Time: 0 hrs, 0 mins, 0 secs, 489 ms
 tmp_a_count 
-------------
       88449
(1 row)

Time: 0 hrs, 0 mins, 0 secs, 154 ms
UPDATE 0
Time: 0 hrs, 1 mins, 13 secs, 359 ms
ANALYZE
Time: 0 hrs, 0 mins, 25 secs, 49 ms
INSERT 0 24172
Time: 0 hrs, 1 mins, 31 secs, 239 ms

Time: 0 hrs, 0 mins, 0 secs, 17 ms
ANALYZE
Time: 0 hrs, 0 mins, 2 secs, 402 ms
END
Time: 0 hrs, 0 mins, 40 secs, 988 ms
VACUUM
Time: 0 hrs, 0 mins, 48 secs, 513 ms

Fri Dec 24 17:52:19 EST 2010

Timing is on.

           650 - LOAD_BN_SESSION_STAGE

BEGIN
Time: 0 hrs, 0 mins, 1 secs, 260 ms
SET
Time: 0 hrs, 0 mins, 0 secs, 11 ms
CREATE TABLE
Time: 0 hrs, 2 mins, 34 secs, 568 ms
ANALYZE
Time: 0 hrs, 0 mins, 1 secs, 514 ms
INSERT 0 2856735
Time: 0 hrs, 0 mins, 53 secs, 984 ms
ANALYZE
Time: 0 hrs, 0 mins, 0 secs, 845 ms
CREATE TABLE
Time: 0 hrs, 0 mins, 54 secs, 60 ms
ANALYZE
Time: 0 hrs, 0 mins, 0 secs, 358 ms
CREATE TABLE
Time: 0 hrs, 1 mins, 22 secs, 696 ms
ANALYZE
Time: 0 hrs, 0 mins, 0 secs, 665 ms
INSERT 0 2856735
Time: 0 hrs, 4 mins, 31 secs, 842 ms
 bn_session_stage 
------------------
          2856735
(1 row)

Time: 0 hrs, 0 mins, 1 secs, 161 ms
ANALYZE
Time: 0 hrs, 0 mins, 3 secs, 207 ms
TRUNCATE
Time: 0 hrs, 0 mins, 3 secs, 421 ms
END
Time: 0 hrs, 10 mins, 47 secs, 703 ms

Fri Dec 24 18:13:36 EST 2010

BEGIN

           660 - LOAD_BN_SESSION_UPDATE_STAGE

SET
INSERT 0 0
END

Fri Dec 24 18:14:12 EST 2010

Timing is on.

           670 - LOAD_BN_SESSION_20100828.UPDATES

BEGIN
Time: 0 hrs, 0 mins, 0 secs, 644 ms
SET
Time: 0 hrs, 0 mins, 0 secs, 11 ms
UPDATE 0
Time: 0 hrs, 0 mins, 0 secs, 391 ms
END
Time: 0 hrs, 0 mins, 25 secs, 825 ms
VACUUM
Time: 0 hrs, 0 mins, 29 secs, 468 ms

Fri Dec 24 18:15:08 EST 2010

Timing is on.

           700 - LOAD_BN_SESSION

BEGIN
Time: 0 hrs, 0 mins, 0 secs, 634 ms
SET
Time: 0 hrs, 0 mins, 0 secs, 11 ms
INSERT 0 2856735
Time: 0 hrs, 0 mins, 13 secs, 175 ms
ANALYZE
Time: 0 hrs, 0 mins, 1 secs, 78 ms
END
Time: 0 hrs, 0 mins, 29 secs, 266 ms

Fri Dec 24 18:15:53 EST 2010

Timing is on.

            750 - LOAD_BN_SESSION_SUMMARY   

BEGIN
Time: 0 hrs, 0 mins, 0 secs, 701 ms
SET
Time: 0 hrs, 0 mins, 0 secs, 11 ms
CREATE TABLE
Time: 0 hrs, 0 mins, 10 secs, 251 ms
TRUNCATE
Time: 0 hrs, 0 mins, 1 secs, 327 ms
INSERT 0 246442
Time: 0 hrs, 0 mins, 6 secs, 447 ms
ANALYZE
Time: 0 hrs, 0 mins, 0 secs, 657 ms
 count(1) 
----------
   246442
(1 row)

Time: 0 hrs, 0 mins, 0 secs, 94 ms
END
Time: 0 hrs, 0 mins, 42 secs, 723 ms

Fri Dec 24 18:16:55 EST 2010

Timing is on.

           800 - LOAD_BN_HITS

BEGIN
Time: 0 hrs, 0 mins, 1 secs, 579 ms
SET
Time: 0 hrs, 0 mins, 0 secs, 11 ms
TRUNCATE
Time: 0 hrs, 0 mins, 4 secs, 479 ms
INSERT 0 27452093
Time: 0 hrs, 1 mins, 48 secs, 953 ms
 count(1) 
----------
 27452093
(1 row)

Time: 0 hrs, 0 mins, 1 secs, 645 ms
ANALYZE
Time: 0 hrs, 0 mins, 1 secs, 637 ms
END
Time: 0 hrs, 0 mins, 27 secs, 320 ms

Fri Dec 24 18:19:21 EST 2010

Timing is on.

            900 - LOAD_CLICKSTREAM   

BEGIN
Time: 0 hrs, 0 mins, 2 secs, 98 ms
SET
Time: 0 hrs, 0 mins, 0 secs, 10 ms
TRUNCATE
Time: 0 hrs, 0 mins, 2 secs, 213 ms
INSERT 0 27452093
Time: 0 hrs, 4 mins, 19 secs, 813 ms
 count(1) 
----------
 27452093
(1 row)

Time: 0 hrs, 0 mins, 0 secs, 530 ms
ANALYZE
Time: 0 hrs, 0 mins, 1 secs, 406 ms
END
Time: 0 hrs, 0 mins, 30 secs, 47 ms

Fri Dec 24 18:24:17 EST 2010

Timing is on.

            1000 - PAGE_VIEW_SUMMARY  

BEGIN
Time: 0 hrs, 0 mins, 1 secs, 360 ms
SET
Time: 0 hrs, 0 mins, 0 secs, 11 ms
TRUNCATE
Time: 0 hrs, 0 mins, 1 secs, 12 ms
INSERT 0 107513
Time: 0 hrs, 0 mins, 14 secs, 322 ms
 count(1) 
----------
   107513
(1 row)

Time: 0 hrs, 0 mins, 0 secs, 97 ms
ANALYZE
Time: 0 hrs, 0 mins, 0 secs, 60 ms
END
Time: 0 hrs, 0 mins, 27 secs, 548 ms
Fri Dec 24 18:25:02 EST 2010
Removing lock file and waiting for a minute
Checking for lock file /tmp/.iislock
Acquired lock file /tmp/.iislock
-------------------------------------
Processing for 20100829
-------------------------------------
Fri Dec 24 18:26:02 EST 2010

Timing is on.

           000 - INIT

BEGIN
Time: 0 hrs, 0 mins, 0 secs, 623 ms
*** Truncating staging tables before workflow starts ***
SET
Time: 0 hrs, 0 mins, 0 secs, 10 ms
TRUNCATE
Time: 0 hrs, 0 mins, 0 secs, 261 ms
TRUNCATE
Time: 0 hrs, 0 mins, 0 secs, 525 ms
TRUNCATE
Time: 0 hrs, 0 mins, 0 secs, 179 ms
TRUNCATE
Time: 0 hrs, 0 mins, 0 secs, 356 ms
TRUNCATE
Time: 0 hrs, 0 mins, 0 secs, 210 ms
TRUNCATE
Time: 0 hrs, 0 mins, 0 secs, 482 ms
TRUNCATE
Time: 0 hrs, 0 mins, 0 secs, 539 ms
END
Time: 0 hrs, 0 mins, 30 secs, 812 ms

Fri Dec 24 18:26:36 EST 2010

Timing is on.
BEGIN
Time: 0 hrs, 0 mins, 2 secs, 479 ms
SET
Time: 0 hrs, 0 mins, 0 secs, 11 ms

           300 - DYNAMIC FILTER STUB - WEB_RESOURCE_HITS

INSERT 0 24822819
Time: 0 hrs, 0 mins, 43 secs, 549 ms
INSERT 0 8772442
Time: 0 hrs, 0 mins, 17 secs, 931 ms
 bn_hits_stage 
---------------
      33595261
(1 row)

Time: 0 hrs, 0 mins, 0 secs, 657 ms
ANALYZE
Time: 0 hrs, 0 mins, 2 secs, 451 ms
END
Time: 0 hrs, 0 mins, 27 secs, 909 ms

Fri Dec 24 18:28:12 EST 2010

Timing is on.
BEGIN
Time: 0 hrs, 0 mins, 0 secs, 722 ms

           600 - LOAD RESOURCES

SET
Time: 0 hrs, 0 mins, 0 secs, 10 ms
CREATE TABLE
Time: 0 hrs, 0 mins, 16 secs, 700 ms
ANALYZE
Time: 0 hrs, 0 mins, 0 secs, 381 ms
 tmp_a_count 
-------------
       75034
(1 row)

Time: 0 hrs, 0 mins, 0 secs, 237 ms
UPDATE 0
Time: 0 hrs, 0 mins, 21 secs, 584 ms
ANALYZE
Time: 0 hrs, 0 mins, 1 secs, 222 ms
INSERT 0 19088
Time: 0 hrs, 1 mins, 27 secs, 922 ms

Time: 0 hrs, 0 mins, 0 secs, 11 ms
ANALYZE
Time: 0 hrs, 0 mins, 2 secs, 145 ms
END
Time: 0 hrs, 0 mins, 31 secs, 816 ms
VACUUM
Time: 0 hrs, 0 mins, 38 secs, 53 ms

Fri Dec 24 18:31:33 EST 2010

Timing is on.

           650 - LOAD_BN_SESSION_STAGE

BEGIN
Time: 0 hrs, 0 mins, 0 secs, 952 ms
SET
Time: 0 hrs, 0 mins, 0 secs, 12 ms
CREATE TABLE
Time: 0 hrs, 3 mins, 4 secs, 227 ms
ANALYZE
Time: 0 hrs, 0 mins, 3 secs, 807 ms
INSERT 0 2996787
Time: 0 hrs, 0 mins, 54 secs, 307 ms
ANALYZE
Time: 0 hrs, 0 mins, 0 secs, 646 ms
CREATE TABLE
Time: 0 hrs, 0 mins, 57 secs, 404 ms
ANALYZE
Time: 0 hrs, 0 mins, 0 secs, 228 ms
CREATE TABLE
Time: 0 hrs, 1 mins, 29 secs, 256 ms
ANALYZE
Time: 0 hrs, 0 mins, 0 secs, 788 ms
INSERT 0 2996787
Time: 0 hrs, 3 mins, 42 secs, 550 ms
 bn_session_stage 
------------------
          2996787
(1 row)

Time: 0 hrs, 0 mins, 0 secs, 452 ms
ANALYZE
Time: 0 hrs, 0 mins, 1 secs, 436 ms
TRUNCATE
Time: 0 hrs, 0 mins, 0 secs, 849 ms
END
Time: 0 hrs, 0 mins, 29 secs, 993 ms

Fri Dec 24 18:42:20 EST 2010

BEGIN

           660 - LOAD_BN_SESSION_UPDATE_STAGE

SET
INSERT 0 0
END

Fri Dec 24 18:42:44 EST 2010

Timing is on.

           670 - LOAD_BN_SESSION_20100829.UPDATES

BEGIN
Time: 0 hrs, 0 mins, 0 secs, 656 ms
SET
Time: 0 hrs, 0 mins, 0 secs, 13 ms
UPDATE 0
Time: 0 hrs, 0 mins, 0 secs, 415 ms
END
Time: 0 hrs, 0 mins, 16 secs, 767 ms
VACUUM
Time: 0 hrs, 0 mins, 22 secs, 335 ms

Fri Dec 24 18:43:25 EST 2010

Timing is on.

           700 - LOAD_BN_SESSION

BEGIN
Time: 0 hrs, 0 mins, 0 secs, 663 ms
SET
Time: 0 hrs, 0 mins, 0 secs, 14 ms
INSERT 0 2996787
Time: 0 hrs, 0 mins, 11 secs, 669 ms
ANALYZE
Time: 0 hrs, 0 mins, 0 secs, 980 ms
END
Time: 0 hrs, 0 mins, 23 secs, 793 ms

Fri Dec 24 18:44:02 EST 2010

Timing is on.

            750 - LOAD_BN_SESSION_SUMMARY   

BEGIN
Time: 0 hrs, 0 mins, 0 secs, 617 ms
SET
Time: 0 hrs, 0 mins, 0 secs, 12 ms
CREATE TABLE
Time: 0 hrs, 0 mins, 7 secs, 828 ms
TRUNCATE
Time: 0 hrs, 0 mins, 0 secs, 891 ms
INSERT 0 305025
Time: 0 hrs, 0 mins, 6 secs, 139 ms
ANALYZE
Time: 0 hrs, 0 mins, 0 secs, 762 ms
 count(1) 
----------
   305025
(1 row)

Time: 0 hrs, 0 mins, 0 secs, 103 ms
END
Time: 0 hrs, 0 mins, 28 secs, 483 ms

Fri Dec 24 18:44:47 EST 2010

Timing is on.

           800 - LOAD_BN_HITS

BEGIN
Time: 0 hrs, 0 mins, 0 secs, 618 ms
SET
Time: 0 hrs, 0 mins, 0 secs, 14 ms
TRUNCATE
Time: 0 hrs, 0 mins, 1 secs, 35 ms
INSERT 0 33595261
Time: 0 hrs, 1 mins, 54 secs, 952 ms
 count(1) 
----------
 33595261
(1 row)

Time: 0 hrs, 0 mins, 0 secs, 878 ms
ANALYZE
Time: 0 hrs, 0 mins, 1 secs, 541 ms
END
Time: 0 hrs, 0 mins, 34 secs, 288 ms

Fri Dec 24 18:47:21 EST 2010

Timing is on.

            900 - LOAD_CLICKSTREAM   

BEGIN
Time: 0 hrs, 0 mins, 0 secs, 796 ms
SET
Time: 0 hrs, 0 mins, 0 secs, 13 ms
TRUNCATE
Time: 0 hrs, 0 mins, 2 secs, 984 ms
INSERT 0 33595261
Time: 0 hrs, 4 mins, 18 secs, 368 ms
 count(1) 
----------
 33595261
(1 row)

Time: 0 hrs, 0 mins, 0 secs, 545 ms
ANALYZE
Time: 0 hrs, 0 mins, 0 secs, 906 ms
END
Time: 0 hrs, 0 mins, 28 secs, 349 ms

Fri Dec 24 18:52:13 EST 2010

Timing is on.

            1000 - PAGE_VIEW_SUMMARY  

BEGIN
Time: 0 hrs, 0 mins, 0 secs, 937 ms
SET
Time: 0 hrs, 0 mins, 0 secs, 12 ms
TRUNCATE
Time: 0 hrs, 0 mins, 1 secs, 598 ms
INSERT 0 95879
Time: 0 hrs, 0 mins, 15 secs, 771 ms
 count(1) 
----------
    95879
(1 row)

Time: 0 hrs, 0 mins, 0 secs, 107 ms
ANALYZE
Time: 0 hrs, 0 mins, 0 secs, 78 ms
END
Time: 0 hrs, 0 mins, 25 secs, 904 ms
Fri Dec 24 18:52:58 EST 2010
Removing lock file and waiting for a minute
Checking for lock file /tmp/.iislock
Acquired lock file /tmp/.iislock
-------------------------------------
Processing for 20100830
-------------------------------------
Fri Dec 24 18:53:58 EST 2010

Timing is on.

           000 - INIT

BEGIN
Time: 0 hrs, 0 mins, 1 secs, 207 ms
*** Truncating staging tables before workflow starts ***
SET
Time: 0 hrs, 0 mins, 0 secs, 12 ms
TRUNCATE
Time: 0 hrs, 0 mins, 2 secs, 199 ms
TRUNCATE
Time: 0 hrs, 0 mins, 1 secs, 635 ms
TRUNCATE
Time: 0 hrs, 0 mins, 1 secs, 54 ms
TRUNCATE
Time: 0 hrs, 0 mins, 2 secs, 48 ms
TRUNCATE
Time: 0 hrs, 0 mins, 0 secs, 700 ms
TRUNCATE
Time: 0 hrs, 0 mins, 0 secs, 540 ms
TRUNCATE
Time: 0 hrs, 0 mins, 0 secs, 601 ms
END
Time: 0 hrs, 0 mins, 36 secs, 415 ms

Fri Dec 24 18:54:44 EST 2010

Timing is on.
BEGIN
Time: 0 hrs, 0 mins, 0 secs, 760 ms
SET
Time: 0 hrs, 0 mins, 0 secs, 13 ms

           300 - DYNAMIC FILTER STUB - WEB_RESOURCE_HITS

INSERT 0 26005866
Time: 0 hrs, 0 mins, 41 secs, 752 ms
INSERT 0 8571111
Time: 0 hrs, 0 mins, 18 secs, 950 ms
 bn_hits_stage 
---------------
      34576977
(1 row)

Time: 0 hrs, 0 mins, 1 secs, 22 ms
ANALYZE
Time: 0 hrs, 0 mins, 2 secs, 10 ms
END
Time: 0 hrs, 0 mins, 32 secs, 52 ms

Fri Dec 24 18:56:21 EST 2010

Timing is on.
BEGIN
Time: 0 hrs, 0 mins, 0 secs, 584 ms

           600 - LOAD RESOURCES

SET
Time: 0 hrs, 0 mins, 0 secs, 11 ms
CREATE TABLE
Time: 0 hrs, 0 mins, 10 secs, 826 ms
ANALYZE
Time: 0 hrs, 0 mins, 0 secs, 493 ms
 tmp_a_count 
-------------
       67720
(1 row)

Time: 0 hrs, 0 mins, 0 secs, 93 ms
UPDATE 0
Time: 0 hrs, 0 mins, 21 secs, 845 ms
ANALYZE
Time: 0 hrs, 0 mins, 0 secs, 952 ms
INSERT 0 17645
Time: 0 hrs, 1 mins, 24 secs, 997 ms

Time: 0 hrs, 0 mins, 0 secs, 11 ms
ANALYZE
Time: 0 hrs, 0 mins, 0 secs, 701 ms
END
Time: 0 hrs, 0 mins, 30 secs, 974 ms
VACUUM
Time: 0 hrs, 0 mins, 23 secs, 379 ms

Fri Dec 24 18:59:16 EST 2010

Timing is on.

           650 - LOAD_BN_SESSION_STAGE

BEGIN
Time: 0 hrs, 0 mins, 0 secs, 905 ms
SET
Time: 0 hrs, 0 mins, 0 secs, 13 ms
CREATE TABLE
Time: 0 hrs, 2 mins, 19 secs, 823 ms
ANALYZE
Time: 0 hrs, 0 mins, 1 secs, 430 ms
INSERT 0 3270571
Time: 0 hrs, 0 mins, 43 secs, 37 ms
ANALYZE
Time: 0 hrs, 0 mins, 0 secs, 747 ms
CREATE TABLE
Time: 0 hrs, 0 mins, 51 secs, 644 ms
ANALYZE
Time: 0 hrs, 0 mins, 0 secs, 231 ms
CREATE TABLE
Time: 0 hrs, 1 mins, 30 secs, 81 ms
ANALYZE
Time: 0 hrs, 0 mins, 0 secs, 802 ms
INSERT 0 3270571
Time: 0 hrs, 3 mins, 32 secs, 41 ms
 bn_session_stage 
------------------
          3270571
(1 row)

Time: 0 hrs, 0 mins, 1 secs, 109 ms
ANALYZE
Time: 0 hrs, 0 mins, 4 secs, 840 ms
TRUNCATE
Time: 0 hrs, 0 mins, 2 secs, 123 ms
END
Time: 0 hrs, 0 mins, 46 secs, 693 ms

Fri Dec 24 19:09:12 EST 2010

BEGIN

           660 - LOAD_BN_SESSION_UPDATE_STAGE

SET
INSERT 0 0
END

Fri Dec 24 19:09:44 EST 2010

Timing is on.

           670 - LOAD_BN_SESSION_20100830.UPDATES

BEGIN
Time: 0 hrs, 0 mins, 0 secs, 659 ms
SET
Time: 0 hrs, 0 mins, 0 secs, 11 ms
UPDATE 0
Time: 0 hrs, 0 mins, 0 secs, 385 ms
END
Time: 0 hrs, 0 mins, 34 secs, 62 ms
VACUUM
Time: 0 hrs, 0 mins, 31 secs, 362 ms

Fri Dec 24 19:10:51 EST 2010

Timing is on.

           700 - LOAD_BN_SESSION

BEGIN
Time: 0 hrs, 0 mins, 0 secs, 753 ms
SET
Time: 0 hrs, 0 mins, 0 secs, 14 ms
INSERT 0 3270571
Time: 0 hrs, 0 mins, 18 secs, 56 ms
ANALYZE
Time: 0 hrs, 0 mins, 1 secs, 186 ms
END
Time: 0 hrs, 0 mins, 32 secs, 349 ms

Fri Dec 24 19:11:44 EST 2010

Timing is on.

            750 - LOAD_BN_SESSION_SUMMARY   

BEGIN
Time: 0 hrs, 0 mins, 0 secs, 708 ms
SET
Time: 0 hrs, 0 mins, 0 secs, 10 ms
CREATE TABLE
Time: 0 hrs, 0 mins, 23 secs, 310 ms
TRUNCATE
Time: 0 hrs, 0 mins, 1 secs, 183 ms
INSERT 0 297510
Time: 0 hrs, 0 mins, 6 secs, 131 ms
ANALYZE
Time: 0 hrs, 0 mins, 0 secs, 849 ms
 count(1) 
----------
   297510
(1 row)

Time: 0 hrs, 0 mins, 0 secs, 141 ms
END
Time: 0 hrs, 0 mins, 27 secs, 861 ms

Fri Dec 24 19:12:44 EST 2010

Timing is on.

           800 - LOAD_BN_HITS

BEGIN
Time: 0 hrs, 0 mins, 0 secs, 721 ms
SET
Time: 0 hrs, 0 mins, 0 secs, 11 ms
TRUNCATE
Time: 0 hrs, 0 mins, 1 secs, 300 ms
INSERT 0 34576977
Time: 0 hrs, 2 mins, 18 secs, 759 ms
 count(1) 
----------
 34576977
(1 row)

Time: 0 hrs, 0 mins, 1 secs, 914 ms
ANALYZE
Time: 0 hrs, 0 mins, 1 secs, 434 ms
END
Time: 0 hrs, 0 mins, 36 secs, 793 ms

Fri Dec 24 19:15:45 EST 2010

Timing is on.

            900 - LOAD_CLICKSTREAM   

BEGIN
Time: 0 hrs, 0 mins, 0 secs, 998 ms
SET
Time: 0 hrs, 0 mins, 0 secs, 13 ms
TRUNCATE
Time: 0 hrs, 0 mins, 1 secs, 311 ms
INSERT 0 34576977
Time: 0 hrs, 4 mins, 47 secs, 622 ms
 count(1) 
----------
 34576977
(1 row)

Time: 0 hrs, 0 mins, 1 secs, 782 ms
ANALYZE
Time: 0 hrs, 0 mins, 0 secs, 998 ms
END
Time: 0 hrs, 0 mins, 35 secs, 98 ms

Fri Dec 24 19:21:13 EST 2010

Timing is on.

            1000 - PAGE_VIEW_SUMMARY  

BEGIN
Time: 0 hrs, 0 mins, 0 secs, 857 ms
SET
Time: 0 hrs, 0 mins, 0 secs, 10 ms
TRUNCATE
Time: 0 hrs, 0 mins, 1 secs, 538 ms
INSERT 0 88266
Time: 0 hrs, 0 mins, 16 secs, 557 ms
 count(1) 
----------
    88266
(1 row)

Time: 0 hrs, 0 mins, 0 secs, 462 ms
ANALYZE
Time: 0 hrs, 0 mins, 0 secs, 64 ms
END
Time: 0 hrs, 0 mins, 22 secs, 323 ms
Fri Dec 24 19:21:55 EST 2010
Removing lock file and waiting for a minute
Checking for lock file /tmp/.iislock
Acquired lock file /tmp/.iislock
-------------------------------------
Processing for 20100831
-------------------------------------
Fri Dec 24 19:22:55 EST 2010

Timing is on.

           000 - INIT

BEGIN
Time: 0 hrs, 0 mins, 1 secs, 955 ms
*** Truncating staging tables before workflow starts ***
SET
Time: 0 hrs, 0 mins, 0 secs, 9 ms
TRUNCATE
Time: 0 hrs, 0 mins, 2 secs, 588 ms
TRUNCATE
Time: 0 hrs, 0 mins, 1 secs, 134 ms
TRUNCATE
Time: 0 hrs, 0 mins, 0 secs, 688 ms
TRUNCATE
Time: 0 hrs, 0 mins, 0 secs, 456 ms
TRUNCATE
Time: 0 hrs, 0 mins, 0 secs, 275 ms
TRUNCATE
Time: 0 hrs, 0 mins, 0 secs, 408 ms
TRUNCATE
Time: 0 hrs, 0 mins, 0 secs, 421 ms
END
Time: 0 hrs, 0 mins, 40 secs, 543 ms

Fri Dec 24 19:23:44 EST 2010

Timing is on.
BEGIN
Time: 0 hrs, 0 mins, 4 secs, 224 ms
SET
Time: 0 hrs, 0 mins, 0 secs, 10 ms

           300 - DYNAMIC FILTER STUB - WEB_RESOURCE_HITS

INSERT 0 27705548
Time: 0 hrs, 0 mins, 42 secs, 562 ms
INSERT 0 8833134
Time: 0 hrs, 0 mins, 17 secs, 763 ms
 bn_hits_stage 
---------------
      36538682
(1 row)

Time: 0 hrs, 0 mins, 0 secs, 910 ms
ANALYZE
Time: 0 hrs, 0 mins, 1 secs, 942 ms
END
Time: 0 hrs, 0 mins, 34 secs, 172 ms

Fri Dec 24 19:25:26 EST 2010

Timing is on.
BEGIN
Time: 0 hrs, 0 mins, 0 secs, 766 ms

           600 - LOAD RESOURCES

SET
Time: 0 hrs, 0 mins, 0 secs, 12 ms
CREATE TABLE
Time: 0 hrs, 0 mins, 12 secs, 511 ms
ANALYZE
Time: 0 hrs, 0 mins, 0 secs, 503 ms
 tmp_a_count 
-------------
       68043
(1 row)

Time: 0 hrs, 0 mins, 0 secs, 114 ms
UPDATE 0
Time: 0 hrs, 0 mins, 47 secs, 787 ms
ANALYZE
Time: 0 hrs, 0 mins, 7 secs, 631 ms
INSERT 0 17828
Time: 0 hrs, 1 mins, 51 secs, 71 ms

Time: 0 hrs, 0 mins, 0 secs, 12 ms
ANALYZE
Time: 0 hrs, 0 mins, 38 secs, 31 ms
END
Time: 0 hrs, 0 mins, 42 secs, 277 ms
VACUUM
Time: 0 hrs, 0 mins, 42 secs, 533 ms

Fri Dec 24 19:30:29 EST 2010

Timing is on.

           650 - LOAD_BN_SESSION_STAGE

BEGIN
Time: 0 hrs, 0 mins, 0 secs, 987 ms
SET
Time: 0 hrs, 0 mins, 0 secs, 10 ms
CREATE TABLE
Time: 0 hrs, 2 mins, 28 secs, 148 ms
ANALYZE
Time: 0 hrs, 0 mins, 1 secs, 495 ms
INSERT 0 3595358
Time: 0 hrs, 0 mins, 43 secs, 191 ms
ANALYZE
Time: 0 hrs, 0 mins, 1 secs, 414 ms
CREATE TABLE
Time: 0 hrs, 0 mins, 57 secs, 790 ms
ANALYZE
Time: 0 hrs, 0 mins, 0 secs, 220 ms
CREATE TABLE
Time: 0 hrs, 1 mins, 43 secs, 394 ms
ANALYZE
Time: 0 hrs, 0 mins, 0 secs, 679 ms
INSERT 0 3595358
Time: 0 hrs, 3 mins, 39 secs, 168 ms
 bn_session_stage 
------------------
          3595358
(1 row)

Time: 0 hrs, 0 mins, 0 secs, 463 ms
ANALYZE
Time: 0 hrs, 0 mins, 1 secs, 585 ms
TRUNCATE
Time: 0 hrs, 0 mins, 0 secs, 751 ms
END
Time: 0 hrs, 0 mins, 42 secs, 62 ms

Fri Dec 24 19:40:51 EST 2010

BEGIN

           660 - LOAD_BN_SESSION_UPDATE_STAGE

SET
INSERT 0 0
END

Fri Dec 24 19:41:25 EST 2010

Timing is on.

           670 - LOAD_BN_SESSION_20100831.UPDATES

BEGIN
Time: 0 hrs, 0 mins, 0 secs, 616 ms
SET
Time: 0 hrs, 0 mins, 0 secs, 19 ms
UPDATE 0
Time: 0 hrs, 0 mins, 0 secs, 415 ms
END
Time: 0 hrs, 0 mins, 17 secs, 96 ms
VACUUM
Time: 0 hrs, 0 mins, 27 secs, 965 ms

Fri Dec 24 19:42:11 EST 2010

Timing is on.

           700 - LOAD_BN_SESSION

BEGIN
Time: 0 hrs, 0 mins, 0 secs, 766 ms
SET
Time: 0 hrs, 0 mins, 0 secs, 10 ms
INSERT 0 3595358
Time: 0 hrs, 0 mins, 14 secs, 21 ms
ANALYZE
Time: 0 hrs, 0 mins, 1 secs, 370 ms
END
Time: 0 hrs, 0 mins, 28 secs, 190 ms

Fri Dec 24 19:42:56 EST 2010

Timing is on.

            750 - LOAD_BN_SESSION_SUMMARY   

BEGIN
Time: 0 hrs, 0 mins, 0 secs, 654 ms
SET
Time: 0 hrs, 0 mins, 0 secs, 10 ms
CREATE TABLE
Time: 0 hrs, 0 mins, 9 secs, 958 ms
TRUNCATE
Time: 0 hrs, 0 mins, 2 secs, 963 ms
INSERT 0 359749
Time: 0 hrs, 0 mins, 5 secs, 931 ms
ANALYZE
Time: 0 hrs, 0 mins, 0 secs, 820 ms
 count(1) 
----------
   359749
(1 row)

Time: 0 hrs, 0 mins, 0 secs, 108 ms
END
Time: 0 hrs, 0 mins, 30 secs, 20 ms

Fri Dec 24 19:43:47 EST 2010

Timing is on.

           800 - LOAD_BN_HITS

BEGIN
Time: 0 hrs, 0 mins, 1 secs, 23 ms
SET
Time: 0 hrs, 0 mins, 0 secs, 19 ms
TRUNCATE
Time: 0 hrs, 0 mins, 1 secs, 130 ms
INSERT 0 36538682
Time: 0 hrs, 2 mins, 12 secs, 748 ms
 count(1) 
----------
 36538682
(1 row)

Time: 0 hrs, 0 mins, 0 secs, 833 ms
ANALYZE
Time: 0 hrs, 0 mins, 1 secs, 499 ms
END
Time: 0 hrs, 0 mins, 28 secs, 955 ms

Fri Dec 24 19:46:33 EST 2010

Timing is on.

            900 - LOAD_CLICKSTREAM   

BEGIN
Time: 0 hrs, 0 mins, 1 secs, 489 ms
SET
Time: 0 hrs, 0 mins, 0 secs, 7 ms
TRUNCATE
Time: 0 hrs, 0 mins, 1 secs, 425 ms
INSERT 0 36538682
Time: 0 hrs, 4 mins, 27 secs, 775 ms
 count(1) 
----------
 36538682
(1 row)

Time: 0 hrs, 0 mins, 0 secs, 518 ms
ANALYZE
Time: 0 hrs, 0 mins, 2 secs, 107 ms
END
Time: 0 hrs, 0 mins, 37 secs, 305 ms

Fri Dec 24 19:51:44 EST 2010

Timing is on.

            1000 - PAGE_VIEW_SUMMARY  

BEGIN
Time: 0 hrs, 0 mins, 0 secs, 833 ms
SET
Time: 0 hrs, 0 mins, 0 secs, 13 ms
TRUNCATE
Time: 0 hrs, 0 mins, 4 secs, 112 ms
INSERT 0 90592
Time: 0 hrs, 0 mins, 17 secs, 612 ms
 count(1) 
----------
    90592
(1 row)

Time: 0 hrs, 0 mins, 0 secs, 168 ms
ANALYZE
Time: 0 hrs, 0 mins, 0 secs, 49 ms
END
Time: 0 hrs, 0 mins, 23 secs, 571 ms
Fri Dec 24 19:52:30 EST 2010
Removing lock file and waiting for a minute
Checking for lock file /tmp/.iislock
Acquired lock file /tmp/.iislock
-------------------------------------
Processing for 20100901
-------------------------------------
Fri Dec 24 19:53:30 EST 2010

Timing is on.

           000 - INIT

BEGIN
Time: 0 hrs, 0 mins, 0 secs, 617 ms
*** Truncating staging tables before workflow starts ***
SET
Time: 0 hrs, 0 mins, 0 secs, 10 ms
TRUNCATE
Time: 0 hrs, 0 mins, 0 secs, 406 ms
TRUNCATE
Time: 0 hrs, 0 mins, 0 secs, 375 ms
TRUNCATE
Time: 0 hrs, 0 mins, 0 secs, 633 ms
TRUNCATE
Time: 0 hrs, 0 mins, 0 secs, 190 ms
TRUNCATE
Time: 0 hrs, 0 mins, 0 secs, 227 ms
TRUNCATE
Time: 0 hrs, 0 mins, 0 secs, 408 ms
TRUNCATE
Time: 0 hrs, 0 mins, 0 secs, 598 ms
END
Time: 0 hrs, 0 mins, 32 secs, 983 ms

Fri Dec 24 19:54:07 EST 2010

Timing is on.
BEGIN
Time: 0 hrs, 0 mins, 0 secs, 776 ms
SET
Time: 0 hrs, 0 mins, 0 secs, 10 ms

           300 - DYNAMIC FILTER STUB - WEB_RESOURCE_HITS

INSERT 0 23784164
Time: 0 hrs, 0 mins, 40 secs, 765 ms
INSERT 0 7995924
Time: 0 hrs, 0 mins, 23 secs, 120 ms
 bn_hits_stage 
---------------
      31780088
(1 row)

Time: 0 hrs, 0 mins, 0 secs, 738 ms
ANALYZE
Time: 0 hrs, 0 mins, 2 secs, 535 ms
END
Time: 0 hrs, 0 mins, 35 secs, 108 ms

Fri Dec 24 19:55:50 EST 2010

Timing is on.
BEGIN
Time: 0 hrs, 0 mins, 0 secs, 703 ms

           600 - LOAD RESOURCES

SET
Time: 0 hrs, 0 mins, 0 secs, 12 ms
CREATE TABLE
Time: 0 hrs, 0 mins, 8 secs, 675 ms
ANALYZE
Time: 0 hrs, 0 mins, 0 secs, 549 ms
 tmp_a_count 
-------------
       69165
(1 row)

Time: 0 hrs, 0 mins, 0 secs, 340 ms
UPDATE 0
Time: 0 hrs, 0 mins, 27 secs, 294 ms
ANALYZE
Time: 0 hrs, 0 mins, 1 secs, 769 ms
INSERT 0 17573
Time: 0 hrs, 1 mins, 22 secs, 15 ms

Time: 0 hrs, 0 mins, 0 secs, 10 ms
ANALYZE
Time: 0 hrs, 0 mins, 0 secs, 699 ms
END
Time: 0 hrs, 0 mins, 40 secs, 835 ms
VACUUM
Time: 0 hrs, 0 mins, 25 secs, 510 ms

Fri Dec 24 19:58:59 EST 2010

Timing is on.

           650 - LOAD_BN_SESSION_STAGE

BEGIN
Time: 0 hrs, 0 mins, 0 secs, 774 ms
SET
Time: 0 hrs, 0 mins, 0 secs, 11 ms
CREATE TABLE
Time: 0 hrs, 2 mins, 3 secs, 247 ms
ANALYZE
Time: 0 hrs, 0 mins, 1 secs, 472 ms
INSERT 0 3287447
Time: 0 hrs, 0 mins, 44 secs, 547 ms
ANALYZE
Time: 0 hrs, 0 mins, 1 secs, 267 ms
CREATE TABLE
Time: 0 hrs, 0 mins, 47 secs, 898 ms
ANALYZE
Time: 0 hrs, 0 mins, 0 secs, 247 ms
CREATE TABLE
Time: 0 hrs, 1 mins, 25 secs, 765 ms
ANALYZE
Time: 0 hrs, 0 mins, 0 secs, 811 ms
INSERT 0 3287447
Time: 0 hrs, 3 mins, 11 secs, 347 ms
 bn_session_stage 
------------------
          3287447
(1 row)

Time: 0 hrs, 0 mins, 1 secs, 379 ms
ANALYZE
Time: 0 hrs, 0 mins, 3 secs, 494 ms
TRUNCATE
Time: 0 hrs, 0 mins, 10 secs, 281 ms
END
Time: 0 hrs, 0 mins, 31 secs, 967 ms

Fri Dec 24 20:08:04 EST 2010

BEGIN

           660 - LOAD_BN_SESSION_UPDATE_STAGE

SET
INSERT 0 0
END

Fri Dec 24 20:08:44 EST 2010

Timing is on.

           670 - LOAD_BN_SESSION_20100901.UPDATES

BEGIN
Time: 0 hrs, 0 mins, 2 secs, 971 ms
SET
Time: 0 hrs, 0 mins, 0 secs, 10 ms
UPDATE 0
Time: 0 hrs, 0 mins, 1 secs, 327 ms
END
Time: 0 hrs, 0 mins, 12 secs, 749 ms
VACUUM
Time: 0 hrs, 0 mins, 26 secs, 817 ms

Fri Dec 24 20:09:28 EST 2010

Timing is on.

           700 - LOAD_BN_SESSION

BEGIN
Time: 0 hrs, 0 mins, 0 secs, 650 ms
SET
Time: 0 hrs, 0 mins, 0 secs, 11 ms
INSERT 0 3287447
Time: 0 hrs, 0 mins, 12 secs, 221 ms
ANALYZE
Time: 0 hrs, 0 mins, 2 secs, 180 ms
END
Time: 0 hrs, 0 mins, 40 secs, 275 ms

Fri Dec 24 20:10:24 EST 2010

Timing is on.

            750 - LOAD_BN_SESSION_SUMMARY   

BEGIN
Time: 0 hrs, 0 mins, 1 secs, 175 ms
SET
Time: 0 hrs, 0 mins, 0 secs, 13 ms
CREATE TABLE
Time: 0 hrs, 0 mins, 14 secs, 899 ms
TRUNCATE
Time: 0 hrs, 0 mins, 0 secs, 571 ms
INSERT 0 289405
Time: 0 hrs, 0 mins, 5 secs, 888 ms
ANALYZE
Time: 0 hrs, 0 mins, 0 secs, 663 ms
 count(1) 
----------
   289405
(1 row)

Time: 0 hrs, 0 mins, 0 secs, 97 ms
END
Time: 0 hrs, 0 mins, 39 secs, 527 ms

Fri Dec 24 20:11:27 EST 2010

Timing is on.

           800 - LOAD_BN_HITS

BEGIN
Time: 0 hrs, 0 mins, 1 secs, 348 ms
SET
Time: 0 hrs, 0 mins, 0 secs, 13 ms
TRUNCATE
Time: 0 hrs, 0 mins, 2 secs, 770 ms
INSERT 0 31780088
Time: 0 hrs, 2 mins, 7 secs, 671 ms
 count(1) 
----------
 31780088
(1 row)

Time: 0 hrs, 0 mins, 2 secs, 119 ms
ANALYZE
Time: 0 hrs, 0 mins, 1 secs, 402 ms
END
Time: 0 hrs, 0 mins, 19 secs, 440 ms

Fri Dec 24 20:14:02 EST 2010

Timing is on.

            900 - LOAD_CLICKSTREAM   

BEGIN
Time: 0 hrs, 0 mins, 1 secs, 32 ms
SET
Time: 0 hrs, 0 mins, 0 secs, 11 ms
TRUNCATE
Time: 0 hrs, 0 mins, 1 secs, 615 ms
INSERT 0 31780088
Time: 0 hrs, 4 mins, 34 secs, 938 ms
 count(1) 
----------
 31780088
(1 row)

Time: 0 hrs, 0 mins, 1 secs, 468 ms
ANALYZE
Time: 0 hrs, 0 mins, 2 secs, 35 ms
END
Time: 0 hrs, 0 mins, 20 secs, 553 ms

Fri Dec 24 20:19:04 EST 2010

Timing is on.

            1000 - PAGE_VIEW_SUMMARY  

BEGIN
Time: 0 hrs, 0 mins, 4 secs, 246 ms
SET
Time: 0 hrs, 0 mins, 0 secs, 11 ms
TRUNCATE
Time: 0 hrs, 0 mins, 1 secs, 979 ms
INSERT 0 89103
Time: 0 hrs, 0 mins, 20 secs, 989 ms
 count(1) 
----------
    89103
(1 row)

Time: 0 hrs, 0 mins, 0 secs, 97 ms
ANALYZE
Time: 0 hrs, 0 mins, 0 secs, 56 ms
END
Time: 0 hrs, 0 mins, 31 secs, 542 ms
Fri Dec 24 20:20:03 EST 2010
Removing lock file and waiting for a minute
Checking for lock file /tmp/.iislock
Acquired lock file /tmp/.iislock
-------------------------------------
Processing for 20100902
-------------------------------------
Fri Dec 24 20:21:03 EST 2010

Timing is on.

           000 - INIT

BEGIN
Time: 0 hrs, 0 mins, 1 secs, 64 ms
*** Truncating staging tables before workflow starts ***
SET
Time: 0 hrs, 0 mins, 0 secs, 12 ms
TRUNCATE
Time: 0 hrs, 0 mins, 1 secs, 877 ms
TRUNCATE
Time: 0 hrs, 0 mins, 1 secs, 572 ms
TRUNCATE
Time: 0 hrs, 0 mins, 0 secs, 458 ms
TRUNCATE
Time: 0 hrs, 0 mins, 0 secs, 348 ms
TRUNCATE
Time: 0 hrs, 0 mins, 0 secs, 852 ms
TRUNCATE
Time: 0 hrs, 0 mins, 0 secs, 178 ms
TRUNCATE
Time: 0 hrs, 0 mins, 0 secs, 398 ms
END
Time: 0 hrs, 0 mins, 30 secs, 30 ms

Fri Dec 24 20:21:40 EST 2010

Timing is on.
BEGIN
Time: 0 hrs, 0 mins, 0 secs, 656 ms
SET
Time: 0 hrs, 0 mins, 0 secs, 11 ms

           300 - DYNAMIC FILTER STUB - WEB_RESOURCE_HITS

INSERT 0 24459524
Time: 0 hrs, 0 mins, 38 secs, 868 ms
INSERT 0 8192968
Time: 0 hrs, 0 mins, 21 secs, 703 ms
 bn_hits_stage 
---------------
      32652492
(1 row)

Time: 0 hrs, 0 mins, 1 secs, 233 ms
ANALYZE
Time: 0 hrs, 0 mins, 2 secs, 576 ms
END
Time: 0 hrs, 0 mins, 41 secs, 50 ms

Fri Dec 24 20:23:26 EST 2010

Timing is on.
BEGIN
Time: 0 hrs, 0 mins, 1 secs, 25 ms

           600 - LOAD RESOURCES

SET
Time: 0 hrs, 0 mins, 0 secs, 11 ms
CREATE TABLE
Time: 0 hrs, 0 mins, 16 secs, 660 ms
ANALYZE
Time: 0 hrs, 0 mins, 0 secs, 442 ms
 tmp_a_count 
-------------
       70080
(1 row)

Time: 0 hrs, 0 mins, 0 secs, 217 ms
UPDATE 0
Time: 0 hrs, 0 mins, 51 secs, 820 ms
ANALYZE
Time: 0 hrs, 0 mins, 4 secs, 275 ms
INSERT 0 16298
Time: 0 hrs, 1 mins, 24 secs, 382 ms

Time: 0 hrs, 0 mins, 0 secs, 11 ms
ANALYZE
Time: 0 hrs, 0 mins, 1 secs, 140 ms
END
Time: 0 hrs, 0 mins, 24 secs, 561 ms
VACUUM
Time: 0 hrs, 1 mins, 0 secs, 548 ms

Fri Dec 24 20:27:31 EST 2010

Timing is on.

           650 - LOAD_BN_SESSION_STAGE

BEGIN
Time: 0 hrs, 0 mins, 5 secs, 280 ms
SET
Time: 0 hrs, 0 mins, 0 secs, 9 ms
CREATE TABLE
Time: 0 hrs, 2 mins, 20 secs, 272 ms
ANALYZE
Time: 0 hrs, 0 mins, 1 secs, 763 ms
INSERT 0 3398176
Time: 0 hrs, 0 mins, 49 secs, 376 ms
ANALYZE
Time: 0 hrs, 0 mins, 1 secs, 18 ms
CREATE TABLE
Time: 0 hrs, 0 mins, 52 secs, 223 ms
ANALYZE
Time: 0 hrs, 0 mins, 0 secs, 224 ms
CREATE TABLE
Time: 0 hrs, 1 mins, 25 secs, 776 ms
ANALYZE
Time: 0 hrs, 0 mins, 0 secs, 889 ms
INSERT 0 3398176
Time: 0 hrs, 3 mins, 49 secs, 350 ms
 bn_session_stage 
------------------
          3398176
(1 row)

Time: 0 hrs, 0 mins, 0 secs, 459 ms
ANALYZE
Time: 0 hrs, 0 mins, 1 secs, 935 ms
TRUNCATE
Time: 0 hrs, 0 mins, 0 secs, 919 ms
END
Time: 0 hrs, 0 mins, 32 secs, 855 ms

Fri Dec 24 20:37:34 EST 2010

BEGIN

           660 - LOAD_BN_SESSION_UPDATE_STAGE

SET
INSERT 0 0
END

Fri Dec 24 20:38:01 EST 2010

Timing is on.

           670 - LOAD_BN_SESSION_20100902.UPDATES

BEGIN
Time: 0 hrs, 0 mins, 1 secs, 255 ms
SET
Time: 0 hrs, 0 mins, 0 secs, 10 ms
UPDATE 0
Time: 0 hrs, 0 mins, 0 secs, 443 ms
END
Time: 0 hrs, 0 mins, 20 secs, 560 ms
VACUUM
Time: 0 hrs, 0 mins, 31 secs, 482 ms

Fri Dec 24 20:38:55 EST 2010

Timing is on.

           700 - LOAD_BN_SESSION

BEGIN
Time: 0 hrs, 0 mins, 1 secs, 785 ms
SET
Time: 0 hrs, 0 mins, 0 secs, 12 ms
INSERT 0 3398176
Time: 0 hrs, 0 mins, 19 secs, 875 ms
ANALYZE
Time: 0 hrs, 0 mins, 1 secs, 339 ms
END
Time: 0 hrs, 0 mins, 30 secs, 553 ms

Fri Dec 24 20:39:49 EST 2010

Timing is on.

            750 - LOAD_BN_SESSION_SUMMARY   

BEGIN
Time: 0 hrs, 0 mins, 0 secs, 834 ms
SET
Time: 0 hrs, 0 mins, 0 secs, 11 ms
CREATE TABLE
Time: 0 hrs, 0 mins, 11 secs, 235 ms
TRUNCATE
Time: 0 hrs, 0 mins, 3 secs, 288 ms
INSERT 0 304996
Time: 0 hrs, 0 mins, 5 secs, 649 ms
ANALYZE
Time: 0 hrs, 0 mins, 0 secs, 726 ms
 count(1) 
----------
   304996
(1 row)

Time: 0 hrs, 0 mins, 0 secs, 136 ms
END
Time: 0 hrs, 0 mins, 27 secs, 445 ms

Fri Dec 24 20:40:39 EST 2010

Timing is on.

           800 - LOAD_BN_HITS

BEGIN
Time: 0 hrs, 0 mins, 0 secs, 678 ms
SET
Time: 0 hrs, 0 mins, 0 secs, 11 ms
TRUNCATE
Time: 0 hrs, 0 mins, 2 secs, 69 ms
INSERT 0 32652492
Time: 0 hrs, 1 mins, 25 secs, 571 ms
 count(1) 
----------
 32652492
(1 row)

Time: 0 hrs, 0 mins, 0 secs, 691 ms
ANALYZE
Time: 0 hrs, 0 mins, 1 secs, 819 ms
END
Time: 0 hrs, 0 mins, 28 secs, 74 ms

Fri Dec 24 20:42:38 EST 2010

Timing is on.

            900 - LOAD_CLICKSTREAM   

BEGIN
Time: 0 hrs, 0 mins, 1 secs, 830 ms
SET
Time: 0 hrs, 0 mins, 0 secs, 13 ms
TRUNCATE
Time: 0 hrs, 0 mins, 1 secs, 836 ms
INSERT 0 32652492
Time: 0 hrs, 4 mins, 0 secs, 428 ms
 count(1) 
----------
 32652492
(1 row)

Time: 0 hrs, 0 mins, 1 secs, 434 ms
ANALYZE
Time: 0 hrs, 0 mins, 1 secs, 203 ms
END
Time: 0 hrs, 0 mins, 36 secs, 4 ms

Fri Dec 24 20:47:21 EST 2010

Timing is on.

            1000 - PAGE_VIEW_SUMMARY  

BEGIN
Time: 0 hrs, 0 mins, 1 secs, 392 ms
SET
Time: 0 hrs, 0 mins, 0 secs, 12 ms
TRUNCATE
Time: 0 hrs, 0 mins, 0 secs, 694 ms
INSERT 0 91992
Time: 0 hrs, 0 mins, 15 secs, 131 ms
 count(1) 
----------
    91992
(1 row)

Time: 0 hrs, 0 mins, 0 secs, 111 ms
ANALYZE
Time: 0 hrs, 0 mins, 0 secs, 74 ms
END
Time: 0 hrs, 0 mins, 26 secs, 737 ms
Fri Dec 24 20:48:05 EST 2010
Removing lock file and waiting for a minute
Checking for lock file /tmp/.iislock
Acquired lock file /tmp/.iislock
-------------------------------------
Processing for 20100903
-------------------------------------
Fri Dec 24 20:49:05 EST 2010

Timing is on.

           000 - INIT

BEGIN
Time: 0 hrs, 0 mins, 0 secs, 665 ms
*** Truncating staging tables before workflow starts ***
SET
Time: 0 hrs, 0 mins, 0 secs, 11 ms
TRUNCATE
Time: 0 hrs, 0 mins, 0 secs, 329 ms
TRUNCATE
Time: 0 hrs, 0 mins, 1 secs, 280 ms
TRUNCATE
Time: 0 hrs, 0 mins, 0 secs, 864 ms
TRUNCATE
Time: 0 hrs, 0 mins, 0 secs, 299 ms
TRUNCATE
Time: 0 hrs, 0 mins, 0 secs, 193 ms
TRUNCATE
Time: 0 hrs, 0 mins, 0 secs, 217 ms
TRUNCATE
Time: 0 hrs, 0 mins, 0 secs, 263 ms
END
Time: 0 hrs, 0 mins, 25 secs, 520 ms

Fri Dec 24 20:49:35 EST 2010

Timing is on.
BEGIN
Time: 0 hrs, 0 mins, 0 secs, 598 ms
SET
Time: 0 hrs, 0 mins, 0 secs, 11 ms

           300 - DYNAMIC FILTER STUB - WEB_RESOURCE_HITS

INSERT 0 27065808
Time: 0 hrs, 0 mins, 42 secs, 997 ms
INSERT 0 7635110
Time: 0 hrs, 0 mins, 19 secs, 223 ms
 bn_hits_stage 
---------------
      34700918
(1 row)

Time: 0 hrs, 0 mins, 1 secs, 116 ms
ANALYZE
Time: 0 hrs, 0 mins, 2 secs, 219 ms
END
Time: 0 hrs, 0 mins, 26 secs, 307 ms

Fri Dec 24 20:51:08 EST 2010

Timing is on.
BEGIN
Time: 0 hrs, 0 mins, 0 secs, 733 ms

           600 - LOAD RESOURCES

SET
Time: 0 hrs, 0 mins, 0 secs, 11 ms
CREATE TABLE
Time: 0 hrs, 0 mins, 12 secs, 744 ms
ANALYZE
Time: 0 hrs, 0 mins, 0 secs, 494 ms
 tmp_a_count 
-------------
       78234
(1 row)

Time: 0 hrs, 0 mins, 0 secs, 105 ms
UPDATE 0
Time: 0 hrs, 0 mins, 21 secs, 29 ms
ANALYZE
Time: 0 hrs, 0 mins, 0 secs, 988 ms
INSERT 0 20754
Time: 0 hrs, 1 mins, 33 secs, 50 ms

Time: 0 hrs, 0 mins, 0 secs, 12 ms
ANALYZE
Time: 0 hrs, 0 mins, 6 secs, 169 ms
END
Time: 0 hrs, 0 mins, 23 secs, 526 ms
VACUUM
Time: 0 hrs, 0 mins, 39 secs, 110 ms

Fri Dec 24 20:54:26 EST 2010

Timing is on.

           650 - LOAD_BN_SESSION_STAGE

BEGIN
Time: 0 hrs, 0 mins, 0 secs, 835 ms
SET
Time: 0 hrs, 0 mins, 0 secs, 12 ms
CREATE TABLE
Time: 0 hrs, 2 mins, 21 secs, 564 ms
ANALYZE
Time: 0 hrs, 0 mins, 1 secs, 545 ms
INSERT 0 3994735
Time: 0 hrs, 0 mins, 53 secs, 619 ms
ANALYZE
Time: 0 hrs, 0 mins, 0 secs, 883 ms
CREATE TABLE
Time: 0 hrs, 0 mins, 54 secs, 876 ms
ANALYZE
Time: 0 hrs, 0 mins, 0 secs, 229 ms
CREATE TABLE
Time: 0 hrs, 1 mins, 32 secs, 610 ms
ANALYZE
Time: 0 hrs, 0 mins, 1 secs, 88 ms
INSERT 0 3994735
Time: 0 hrs, 3 mins, 42 secs, 946 ms
 bn_session_stage 
------------------
          3994735
(1 row)

Time: 0 hrs, 0 mins, 1 secs, 232 ms
ANALYZE
Time: 0 hrs, 0 mins, 2 secs, 123 ms
TRUNCATE
Time: 0 hrs, 0 mins, 0 secs, 882 ms
END
Time: 0 hrs, 0 mins, 36 secs, 641 ms

Fri Dec 24 21:04:37 EST 2010

BEGIN

           660 - LOAD_BN_SESSION_UPDATE_STAGE

SET
INSERT 0 0
END

Fri Dec 24 21:05:08 EST 2010

Timing is on.

           670 - LOAD_BN_SESSION_20100903.UPDATES

BEGIN
Time: 0 hrs, 0 mins, 0 secs, 652 ms
SET
Time: 0 hrs, 0 mins, 0 secs, 8 ms
UPDATE 0
Time: 0 hrs, 0 mins, 0 secs, 542 ms
END
Time: 0 hrs, 0 mins, 38 secs, 308 ms
VACUUM
Time: 0 hrs, 1 mins, 51 secs, 189 ms

Fri Dec 24 21:07:39 EST 2010

Timing is on.

           700 - LOAD_BN_SESSION

BEGIN
Time: 0 hrs, 0 mins, 3 secs, 129 ms
SET
Time: 0 hrs, 0 mins, 0 secs, 12 ms
INSERT 0 3994735
Time: 0 hrs, 0 mins, 22 secs, 82 ms
ANALYZE
Time: 0 hrs, 0 mins, 1 secs, 819 ms
END
Time: 0 hrs, 0 mins, 35 secs, 687 ms

Fri Dec 24 21:08:42 EST 2010

Timing is on.

            750 - LOAD_BN_SESSION_SUMMARY   

BEGIN
Time: 0 hrs, 0 mins, 1 secs, 240 ms
SET
Time: 0 hrs, 0 mins, 0 secs, 12 ms
CREATE TABLE
Time: 0 hrs, 0 mins, 14 secs, 498 ms
TRUNCATE
Time: 0 hrs, 0 mins, 1 secs, 338 ms
INSERT 0 299557
Time: 0 hrs, 0 mins, 6 secs, 467 ms
ANALYZE
Time: 0 hrs, 0 mins, 0 secs, 682 ms
 count(1) 
----------
   299557
(1 row)

Time: 0 hrs, 0 mins, 0 secs, 454 ms
END
Time: 0 hrs, 0 mins, 31 secs, 424 ms

Fri Dec 24 21:09:38 EST 2010

Timing is on.

           800 - LOAD_BN_HITS

BEGIN
Time: 0 hrs, 0 mins, 2 secs, 349 ms
SET
Time: 0 hrs, 0 mins, 0 secs, 11 ms
TRUNCATE
Time: 0 hrs, 0 mins, 1 secs, 272 ms
INSERT 0 34700918
Time: 0 hrs, 2 mins, 47 secs, 263 ms
 count(1) 
----------
 34700918
(1 row)

Time: 0 hrs, 0 mins, 0 secs, 857 ms
ANALYZE
Time: 0 hrs, 0 mins, 1 secs, 362 ms
END
Time: 0 hrs, 0 mins, 23 secs, 987 ms

Fri Dec 24 21:12:56 EST 2010

Timing is on.

            900 - LOAD_CLICKSTREAM   

BEGIN
Time: 0 hrs, 0 mins, 1 secs, 47 ms
SET
Time: 0 hrs, 0 mins, 0 secs, 9 ms
TRUNCATE
Time: 0 hrs, 0 mins, 3 secs, 891 ms
INSERT 0 34700918
Time: 0 hrs, 4 mins, 57 secs, 848 ms
 count(1) 
----------
 34700918
(1 row)

Time: 0 hrs, 0 mins, 6 secs, 410 ms
ANALYZE
Time: 0 hrs, 0 mins, 2 secs, 20 ms
END
Time: 0 hrs, 0 mins, 23 secs, 367 ms

Fri Dec 24 21:18:30 EST 2010

Timing is on.

            1000 - PAGE_VIEW_SUMMARY  

BEGIN
Time: 0 hrs, 0 mins, 1 secs, 20 ms
SET
Time: 0 hrs, 0 mins, 0 secs, 10 ms
TRUNCATE
Time: 0 hrs, 0 mins, 3 secs, 266 ms
INSERT 0 100777
Time: 0 hrs, 0 mins, 18 secs, 573 ms
 count(1) 
----------
   100777
(1 row)

Time: 0 hrs, 0 mins, 0 secs, 438 ms
ANALYZE
Time: 0 hrs, 0 mins, 0 secs, 60 ms
END
Time: 0 hrs, 0 mins, 33 secs, 864 ms
Fri Dec 24 21:19:28 EST 2010
Removing lock file and waiting for a minute
Checking for lock file /tmp/.iislock
Acquired lock file /tmp/.iislock
-------------------------------------
Processing for 20100904
-------------------------------------
Fri Dec 24 21:20:28 EST 2010

Timing is on.

           000 - INIT

BEGIN
Time: 0 hrs, 0 mins, 0 secs, 931 ms
*** Truncating staging tables before workflow starts ***
SET
Time: 0 hrs, 0 mins, 0 secs, 10 ms
TRUNCATE
Time: 0 hrs, 0 mins, 0 secs, 698 ms
TRUNCATE
Time: 0 hrs, 0 mins, 1 secs, 12 ms
TRUNCATE
Time: 0 hrs, 0 mins, 1 secs, 102 ms
TRUNCATE
Time: 0 hrs, 0 mins, 1 secs, 216 ms
TRUNCATE
Time: 0 hrs, 0 mins, 0 secs, 906 ms
TRUNCATE
Time: 0 hrs, 0 mins, 1 secs, 61 ms
TRUNCATE
Time: 0 hrs, 0 mins, 0 secs, 448 ms
END
Time: 0 hrs, 0 mins, 26 secs, 341 ms

Fri Dec 24 21:21:02 EST 2010

Timing is on.
BEGIN
Time: 0 hrs, 0 mins, 0 secs, 774 ms
SET
Time: 0 hrs, 0 mins, 0 secs, 11 ms

           300 - DYNAMIC FILTER STUB - WEB_RESOURCE_HITS

INSERT 0 20161180
Time: 0 hrs, 0 mins, 42 secs, 165 ms
INSERT 0 6850011
Time: 0 hrs, 0 mins, 15 secs, 435 ms
 bn_hits_stage 
---------------
      27011191
(1 row)

Time: 0 hrs, 0 mins, 0 secs, 910 ms
ANALYZE
Time: 0 hrs, 0 mins, 2 secs, 165 ms
END
Time: 0 hrs, 0 mins, 26 secs, 972 ms

Fri Dec 24 21:22:31 EST 2010

Timing is on.
BEGIN
Time: 0 hrs, 0 mins, 0 secs, 604 ms

           600 - LOAD RESOURCES

SET
Time: 0 hrs, 0 mins, 0 secs, 13 ms
CREATE TABLE
Time: 0 hrs, 0 mins, 11 secs, 973 ms
ANALYZE
Time: 0 hrs, 0 mins, 0 secs, 720 ms
 tmp_a_count 
-------------
       88298
(1 row)

Time: 0 hrs, 0 mins, 0 secs, 125 ms
UPDATE 0
Time: 0 hrs, 1 mins, 15 secs, 136 ms
ANALYZE
Time: 0 hrs, 0 mins, 8 secs, 488 ms
INSERT 0 23301
Time: 0 hrs, 1 mins, 24 secs, 853 ms

Time: 0 hrs, 0 mins, 0 secs, 11 ms
ANALYZE
Time: 0 hrs, 0 mins, 5 secs, 221 ms
END
Time: 0 hrs, 0 mins, 23 secs, 687 ms
VACUUM
Time: 0 hrs, 0 mins, 39 secs, 71 ms

Fri Dec 24 21:26:41 EST 2010

Timing is on.

           650 - LOAD_BN_SESSION_STAGE

BEGIN
Time: 0 hrs, 0 mins, 0 secs, 866 ms
SET
Time: 0 hrs, 0 mins, 0 secs, 12 ms
CREATE TABLE
Time: 0 hrs, 2 mins, 45 secs, 271 ms
ANALYZE
Time: 0 hrs, 0 mins, 3 secs, 407 ms
INSERT 0 3196314
Time: 0 hrs, 0 mins, 46 secs, 734 ms
ANALYZE
Time: 0 hrs, 0 mins, 1 secs, 285 ms
CREATE TABLE
Time: 0 hrs, 1 mins, 1 secs, 712 ms
ANALYZE
Time: 0 hrs, 0 mins, 0 secs, 210 ms
CREATE TABLE
Time: 0 hrs, 1 mins, 22 secs, 26 ms
ANALYZE
Time: 0 hrs, 0 mins, 0 secs, 981 ms
INSERT 0 3196314
Time: 0 hrs, 4 mins, 9 secs, 77 ms
 bn_session_stage 
------------------
          3196314
(1 row)

Time: 0 hrs, 0 mins, 0 secs, 418 ms
ANALYZE
Time: 0 hrs, 0 mins, 1 secs, 576 ms
TRUNCATE
Time: 0 hrs, 0 mins, 0 secs, 924 ms
END
Time: 0 hrs, 0 mins, 41 secs, 662 ms

Fri Dec 24 21:37:37 EST 2010

BEGIN

           660 - LOAD_BN_SESSION_UPDATE_STAGE

SET
INSERT 0 0
END

Fri Dec 24 21:38:04 EST 2010

Timing is on.

           670 - LOAD_BN_SESSION_20100904.UPDATES

BEGIN
Time: 0 hrs, 0 mins, 0 secs, 604 ms
SET
Time: 0 hrs, 0 mins, 0 secs, 10 ms
UPDATE 0
Time: 0 hrs, 0 mins, 0 secs, 382 ms
END
Time: 0 hrs, 0 mins, 14 secs, 411 ms
VACUUM
Time: 0 hrs, 0 mins, 20 secs, 826 ms

Fri Dec 24 21:38:41 EST 2010

Timing is on.

           700 - LOAD_BN_SESSION

BEGIN
Time: 0 hrs, 0 mins, 0 secs, 877 ms
SET
Time: 0 hrs, 0 mins, 0 secs, 10 ms
INSERT 0 3196314
Time: 0 hrs, 0 mins, 13 secs, 992 ms
ANALYZE
Time: 0 hrs, 0 mins, 1 secs, 31 ms
END
Time: 0 hrs, 0 mins, 30 secs, 150 ms

Fri Dec 24 21:39:27 EST 2010

Timing is on.

            750 - LOAD_BN_SESSION_SUMMARY   

BEGIN
Time: 0 hrs, 0 mins, 0 secs, 739 ms
SET
Time: 0 hrs, 0 mins, 0 secs, 11 ms
CREATE TABLE
Time: 0 hrs, 0 mins, 11 secs, 76 ms
TRUNCATE
Time: 0 hrs, 0 mins, 1 secs, 854 ms
INSERT 0 237907
Time: 0 hrs, 0 mins, 4 secs, 713 ms
ANALYZE
Time: 0 hrs, 0 mins, 0 secs, 676 ms
 count(1) 
----------
   237907
(1 row)

Time: 0 hrs, 0 mins, 0 secs, 237 ms
END
Time: 0 hrs, 0 mins, 29 secs, 825 ms

Fri Dec 24 21:40:16 EST 2010

Timing is on.

           800 - LOAD_BN_HITS

BEGIN
Time: 0 hrs, 0 mins, 0 secs, 603 ms
SET
Time: 0 hrs, 0 mins, 0 secs, 10 ms
TRUNCATE
Time: 0 hrs, 0 mins, 1 secs, 142 ms
INSERT 0 27011191
Time: 0 hrs, 1 mins, 52 secs, 635 ms
 count(1) 
----------
 27011191
(1 row)

Time: 0 hrs, 0 mins, 0 secs, 792 ms
ANALYZE
Time: 0 hrs, 0 mins, 1 secs, 337 ms
END
Time: 0 hrs, 0 mins, 33 secs, 415 ms

Fri Dec 24 21:42:47 EST 2010

Timing is on.

            900 - LOAD_CLICKSTREAM   

BEGIN
Time: 0 hrs, 0 mins, 1 secs, 612 ms
SET
Time: 0 hrs, 0 mins, 0 secs, 11 ms
TRUNCATE
Time: 0 hrs, 0 mins, 2 secs, 159 ms
INSERT 0 27011191
Time: 0 hrs, 4 mins, 31 secs, 891 ms
 count(1) 
----------
 27011191
(1 row)

Time: 0 hrs, 0 mins, 0 secs, 709 ms
ANALYZE
Time: 0 hrs, 0 mins, 1 secs, 470 ms
END
Time: 0 hrs, 0 mins, 40 secs, 2 ms

Fri Dec 24 21:48:05 EST 2010

Timing is on.

            1000 - PAGE_VIEW_SUMMARY  

BEGIN
Time: 0 hrs, 0 mins, 0 secs, 867 ms
SET
Time: 0 hrs, 0 mins, 0 secs, 11 ms
TRUNCATE
Time: 0 hrs, 0 mins, 4 secs, 458 ms
INSERT 0 108086
Time: 0 hrs, 0 mins, 19 secs, 799 ms
 count(1) 
----------
   108086
(1 row)

Time: 0 hrs, 0 mins, 0 secs, 109 ms
ANALYZE
Time: 0 hrs, 0 mins, 0 secs, 61 ms
END
Time: 0 hrs, 0 mins, 27 secs, 290 ms
Fri Dec 24 21:48:57 EST 2010
Removing lock file and waiting for a minute
Checking for lock file /tmp/.iislock
Acquired lock file /tmp/.iislock
-------------------------------------
Processing for 20100905
-------------------------------------
Fri Dec 24 21:49:57 EST 2010

Timing is on.

           000 - INIT

BEGIN
Time: 0 hrs, 0 mins, 0 secs, 643 ms
*** Truncating staging tables before workflow starts ***
SET
Time: 0 hrs, 0 mins, 0 secs, 11 ms
TRUNCATE
Time: 0 hrs, 0 mins, 0 secs, 489 ms
TRUNCATE
Time: 0 hrs, 0 mins, 0 secs, 844 ms
TRUNCATE
Time: 0 hrs, 0 mins, 0 secs, 266 ms
TRUNCATE
Time: 0 hrs, 0 mins, 0 secs, 654 ms
TRUNCATE
Time: 0 hrs, 0 mins, 0 secs, 312 ms
TRUNCATE
Time: 0 hrs, 0 mins, 0 secs, 429 ms
ERROR:  The supplied statement could not be completed due to a database node failure. Please attempt to re-issue the statement.
ABORT
Time: 0 hrs, 1 mins, 11 secs, 821 ms
