nohup: ignoring input
-------------------------------------
Processing for 20101206
-------------------------------------

Tue Dec 14 11:04:14 EST 2010

Timing is on.

           000 - INIT

BEGIN
Time: 0 hrs, 0 mins, 0 secs, 546 ms
*** Truncating staging tables before workflow starts ***
SET
Time: 0 hrs, 0 mins, 0 secs, 14 ms
TRUNCATE
Time: 0 hrs, 0 mins, 0 secs, 254 ms
TRUNCATE
Time: 0 hrs, 0 mins, 0 secs, 90 ms
TRUNCATE
Time: 0 hrs, 0 mins, 0 secs, 171 ms
TRUNCATE
Time: 0 hrs, 0 mins, 0 secs, 118 ms
TRUNCATE
Time: 0 hrs, 0 mins, 0 secs, 86 ms
TRUNCATE
Time: 0 hrs, 0 mins, 0 secs, 88 ms
TRUNCATE
Time: 0 hrs, 0 mins, 0 secs, 160 ms
END
Time: 0 hrs, 0 mins, 1 secs, 361 ms

Tue Dec 14 11:04:17 EST 2010

Timing is on.

            200 - LOAD_BN_IISLOGS   

BEGIN
Time: 0 hrs, 0 mins, 0 secs, 610 ms
SET
Time: 0 hrs, 0 mins, 0 secs, 11 ms
TRUNCATE
Time: 0 hrs, 0 mins, 0 secs, 923 ms
INSERT 0 54738248
Time: 0 hrs, 16 mins, 50 secs, 634 ms
END
Time: 0 hrs, 0 mins, 1 secs, 913 ms
ALTER TABLE
Time: 0 hrs, 0 mins, 1 secs, 714 ms

Tue Dec 14 11:21:13 EST 2010

Timing is on.
BEGIN
Time: 0 hrs, 0 mins, 0 secs, 673 ms
SET
Time: 0 hrs, 0 mins, 0 secs, 12 ms

            250 - LOAD_BN_HITS_SP   

TRUNCATE
Time: 0 hrs, 0 mins, 0 secs, 765 ms
INSERT 0 12334831
Time: 0 hrs, 2 mins, 30 secs, 579 ms
ANALYZE
Time: 0 hrs, 0 mins, 1 secs, 384 ms
END
Time: 0 hrs, 0 mins, 2 secs, 426 ms

Tue Dec 14 11:23:49 EST 2010

Timing is on.
BEGIN
Time: 0 hrs, 0 mins, 0 secs, 547 ms
SET
Time: 0 hrs, 0 mins, 0 secs, 11 ms

           300 - DYNAMIC FILTER

INSERT 0 14798805
Time: 0 hrs, 0 mins, 2 secs, 687 ms
ANALYZE
Time: 0 hrs, 0 mins, 0 secs, 352 ms
 Total records in web_click_cnt 
--------------------------------
                       14798805
(1 row)

Time: 0 hrs, 0 mins, 0 secs, 208 ms
CREATE TABLE
Time: 0 hrs, 0 mins, 1 secs, 513 ms
ANALYZE
Time: 0 hrs, 0 mins, 0 secs, 108 ms
CREATE TABLE
Time: 0 hrs, 0 mins, 0 secs, 285 ms
ANALYZE
Time: 0 hrs, 0 mins, 0 secs, 119 ms
DELETE 1
Time: 0 hrs, 0 mins, 0 secs, 120 ms
INSERT 0 1
Time: 0 hrs, 0 mins, 0 secs, 364 ms
DELETE 1
Time: 0 hrs, 0 mins, 0 secs, 89 ms
INSERT 0 1
Time: 0 hrs, 0 mins, 0 secs, 353 ms
CREATE TABLE
Time: 0 hrs, 0 mins, 1 secs, 468 ms
ANALYZE
Time: 0 hrs, 0 mins, 0 secs, 167 ms
CREATE TABLE
Time: 0 hrs, 0 mins, 0 secs, 359 ms
ANALYZE
Time: 0 hrs, 0 mins, 0 secs, 111 ms
DELETE 1
Time: 0 hrs, 0 mins, 0 secs, 108 ms
INSERT 0 1
Time: 0 hrs, 0 mins, 0 secs, 213 ms
DELETE 1
Time: 0 hrs, 0 mins, 0 secs, 89 ms
INSERT 0 1
Time: 0 hrs, 0 mins, 0 secs, 195 ms
ANALYZE
Time: 0 hrs, 0 mins, 0 secs, 69 ms
    tablename     |    attr_name    | attr_value 
------------------+-----------------+------------
 BN_FILTER_SPIDER | CLK_USER_SD_MPL | 10
 BN_FILTER_SPIDER | IP_USER_SD_MPL  | 1
 BN_FILTER_SPIDER | IP_USER_RATIO   | .955
 BN_FILTER_SPIDER | CLK_USER_MEAN   | 12.147
 BN_FILTER_SPIDER | CLK_USER_SD     | 50.959
 BN_FILTER_SPIDER | IP_USER_MEAN    | 9.159
 BN_FILTER_SPIDER | IP_USER_SD      | 1004.509
(7 rows)

Time: 0 hrs, 0 mins, 0 secs, 114 ms
CREATE TABLE
Time: 0 hrs, 0 mins, 3 secs, 156 ms
CREATE TABLE
Time: 0 hrs, 0 mins, 0 secs, 339 ms
 l_mean_sd_mpl 
---------------
       521.737
(1 row)

Time: 0 hrs, 0 mins, 0 secs, 86 ms
INSERT 0 540
Time: 0 hrs, 0 mins, 5 secs, 769 ms
ANALYZE
Time: 0 hrs, 0 mins, 0 secs, 210 ms
 Total click_user bn_spider_ip records 
---------------------------------------
                                   540
(1 row)

Time: 0 hrs, 0 mins, 0 secs, 84 ms
CREATE TABLE
Time: 0 hrs, 0 mins, 1 secs, 214 ms
ANALYZE
Time: 0 hrs, 0 mins, 0 secs, 81 ms
CREATE TABLE
Time: 0 hrs, 0 mins, 1 secs, 373 ms
ANALYZE
Time: 0 hrs, 0 mins, 0 secs, 136 ms
DROP 
Time: 0 hrs, 0 mins, 0 secs, 306 ms
CREATE TABLE
Time: 0 hrs, 0 mins, 0 secs, 92 ms
 l_mean_sd_mpl | l_ratio 
---------------+---------
      1013.668 |   0.955
(1 row)

Time: 0 hrs, 0 mins, 0 secs, 144 ms
INSERT 0 10869016
Time: 0 hrs, 0 mins, 3 secs, 517 ms
ANALYZE
Time: 0 hrs, 0 mins, 0 secs, 248 ms
 Total ip_user_filter bn_spider_ip records 
-------------------------------------------
                                  10869016
(1 row)

Time: 0 hrs, 0 mins, 0 secs, 282 ms
INSERT 0 30661065
Time: 0 hrs, 0 mins, 28 secs, 600 ms
ANALYZE
Time: 0 hrs, 0 mins, 3 secs, 161 ms
 bn_hits_stage 
---------------
      30661065
(1 row)

Time: 0 hrs, 0 mins, 0 secs, 203 ms
INSERT 0 11742352
Time: 0 hrs, 0 mins, 20 secs, 663 ms
ANALYZE
Time: 0 hrs, 0 mins, 1 secs, 411 ms
 bn_hits_sp_20101206 
---------------------
            24077183
(1 row)

Time: 0 hrs, 0 mins, 6 secs, 547 ms
END
Time: 0 hrs, 0 mins, 1 secs, 530 ms

Tue Dec 14 11:25:18 EST 2010

Timing is on.
BEGIN
Time: 0 hrs, 0 mins, 1 secs, 686 ms

           600 - LOAD RESOURCES

SET
Time: 0 hrs, 0 mins, 0 secs, 15 ms
CREATE TABLE
Time: 0 hrs, 0 mins, 7 secs, 190 ms
ANALYZE
Time: 0 hrs, 0 mins, 0 secs, 485 ms
 tmp_a_count 
-------------
      143849
(1 row)

Time: 0 hrs, 0 mins, 0 secs, 121 ms
UPDATE 143849
Time: 0 hrs, 0 mins, 29 secs, 133 ms
ANALYZE
Time: 0 hrs, 0 mins, 2 secs, 83 ms
INSERT 0 0
Time: 0 hrs, 0 mins, 20 secs, 622 ms

Time: 0 hrs, 0 mins, 0 secs, 11 ms
ANALYZE
Time: 0 hrs, 0 mins, 0 secs, 687 ms
END
Time: 0 hrs, 0 mins, 1 secs, 18 ms
VACUUM
Time: 0 hrs, 0 mins, 7 secs, 738 ms

Tue Dec 14 11:26:29 EST 2010

Timing is on.

           650 - LOAD_BN_SESSION_STAGE

BEGIN
Time: 0 hrs, 0 mins, 0 secs, 563 ms
SET
Time: 0 hrs, 0 mins, 0 secs, 23 ms
CREATE TABLE
Time: 0 hrs, 0 mins, 54 secs, 350 ms
ANALYZE
Time: 0 hrs, 0 mins, 2 secs, 323 ms
INSERT 0 4261823
Time: 0 hrs, 0 mins, 47 secs, 909 ms
ANALYZE
Time: 0 hrs, 0 mins, 1 secs, 280 ms
CREATE TABLE
Time: 0 hrs, 0 mins, 21 secs, 568 ms
ANALYZE
Time: 0 hrs, 0 mins, 0 secs, 232 ms
CREATE TABLE
Time: 0 hrs, 0 mins, 44 secs, 653 ms
ANALYZE
Time: 0 hrs, 0 mins, 1 secs, 30 ms
INSERT 0 4261823
Time: 0 hrs, 0 mins, 45 secs, 729 ms
 bn_session_stage 
------------------
          4261823
(1 row)

Time: 0 hrs, 0 mins, 0 secs, 543 ms
ANALYZE
Time: 0 hrs, 0 mins, 1 secs, 303 ms
TRUNCATE
Time: 0 hrs, 0 mins, 0 secs, 797 ms
END
Time: 0 hrs, 0 mins, 2 secs, 156 ms

Tue Dec 14 11:30:14 EST 2010

BEGIN

           660 - LOAD_BN_SESSION_UPDATE_STAGE

SET
INSERT 0 0
END

Tue Dec 14 11:30:17 EST 2010

Timing is on.

           670 - LOAD_BN_SESSION_20101206.UPDATES

BEGIN
Time: 0 hrs, 0 mins, 0 secs, 632 ms
SET
Time: 0 hrs, 0 mins, 0 secs, 11 ms
UPDATE 0
Time: 0 hrs, 0 mins, 0 secs, 366 ms
END
Time: 0 hrs, 0 mins, 0 secs, 829 ms
VACUUM
Time: 0 hrs, 0 mins, 1 secs, 974 ms

Tue Dec 14 11:30:21 EST 2010

Timing is on.

           700 - LOAD_BN_SESSION

BEGIN
Time: 0 hrs, 0 mins, 0 secs, 617 ms
SET
Time: 0 hrs, 0 mins, 0 secs, 11 ms
INSERT 0 4261823
Time: 0 hrs, 0 mins, 8 secs, 939 ms
ANALYZE
Time: 0 hrs, 0 mins, 1 secs, 501 ms
END
Time: 0 hrs, 0 mins, 1 secs, 310 ms

Tue Dec 14 11:30:33 EST 2010

Timing is on.

            750 - LOAD_BN_SESSION_SUMMARY   

BEGIN
Time: 0 hrs, 0 mins, 0 secs, 592 ms
SET
Time: 0 hrs, 0 mins, 0 secs, 11 ms
CREATE TABLE
Time: 0 hrs, 0 mins, 7 secs, 730 ms
TRUNCATE
Time: 0 hrs, 0 mins, 0 secs, 355 ms
INSERT 0 380530
Time: 0 hrs, 0 mins, 5 secs, 437 ms
ANALYZE
Time: 0 hrs, 0 mins, 0 secs, 692 ms
 count(1) 
----------
   380530
(1 row)

Time: 0 hrs, 0 mins, 0 secs, 101 ms
END
Time: 0 hrs, 0 mins, 0 secs, 772 ms

Tue Dec 14 11:30:49 EST 2010

Timing is on.

           800 - LOAD_BN_HITS

BEGIN
Time: 0 hrs, 0 mins, 0 secs, 619 ms
SET
Time: 0 hrs, 0 mins, 0 secs, 14 ms
TRUNCATE
Time: 0 hrs, 0 mins, 0 secs, 574 ms
INSERT 0 30661065
Time: 0 hrs, 0 mins, 22 secs, 708 ms
 count(1) 
----------
 30661065
(1 row)

Time: 0 hrs, 0 mins, 0 secs, 605 ms
ANALYZE
Time: 0 hrs, 0 mins, 2 secs, 284 ms
END
Time: 0 hrs, 0 mins, 1 secs, 452 ms

Tue Dec 14 11:31:18 EST 2010

Timing is on.

            900 - LOAD_CLICKSTREAM   

BEGIN
Time: 0 hrs, 0 mins, 0 secs, 625 ms
SET
Time: 0 hrs, 0 mins, 0 secs, 12 ms
TRUNCATE
Time: 0 hrs, 0 mins, 0 secs, 482 ms
INSERT 0 30661065
Time: 0 hrs, 1 mins, 6 secs, 861 ms
 count(1) 
----------
 30661065
(1 row)

Time: 0 hrs, 0 mins, 0 secs, 594 ms
ANALYZE
Time: 0 hrs, 0 mins, 0 secs, 978 ms
END
Time: 0 hrs, 0 mins, 2 secs, 100 ms

Tue Dec 14 11:32:30 EST 2010

Timing is on.

            1000 - PAGE_VIEW_SUMMARY  

BEGIN
Time: 0 hrs, 0 mins, 0 secs, 595 ms
SET
Time: 0 hrs, 0 mins, 0 secs, 11 ms
TRUNCATE
Time: 0 hrs, 0 mins, 0 secs, 812 ms
INSERT 0 150286
Time: 0 hrs, 0 mins, 3 secs, 938 ms
 count(1) 
----------
   150286
(1 row)

Time: 0 hrs, 0 mins, 0 secs, 99 ms
ANALYZE
Time: 0 hrs, 0 mins, 0 secs, 73 ms
END
Time: 0 hrs, 0 mins, 0 secs, 762 ms
Tue Dec 14 11:32:36 EST 2010
-------------------------------------
Processing for 20101207
-------------------------------------

Tue Dec 14 11:32:36 EST 2010

Timing is on.

           000 - INIT

BEGIN
Time: 0 hrs, 0 mins, 0 secs, 610 ms
*** Truncating staging tables before workflow starts ***
SET
Time: 0 hrs, 0 mins, 0 secs, 10 ms
TRUNCATE
Time: 0 hrs, 0 mins, 0 secs, 274 ms
TRUNCATE
Time: 0 hrs, 0 mins, 0 secs, 156 ms
TRUNCATE
Time: 0 hrs, 0 mins, 0 secs, 278 ms
TRUNCATE
Time: 0 hrs, 0 mins, 0 secs, 365 ms
TRUNCATE
Time: 0 hrs, 0 mins, 0 secs, 260 ms
TRUNCATE
Time: 0 hrs, 0 mins, 0 secs, 142 ms
TRUNCATE
Time: 0 hrs, 0 mins, 0 secs, 182 ms
END
Time: 0 hrs, 0 mins, 1 secs, 323 ms

Tue Dec 14 11:32:40 EST 2010

Timing is on.

            200 - LOAD_BN_IISLOGS   

BEGIN
Time: 0 hrs, 0 mins, 0 secs, 557 ms
SET
Time: 0 hrs, 0 mins, 0 secs, 10 ms
TRUNCATE
Time: 0 hrs, 0 mins, 0 secs, 260 ms
INSERT 0 52613068
Time: 0 hrs, 13 mins, 29 secs, 496 ms
END
Time: 0 hrs, 0 mins, 5 secs, 695 ms
ALTER TABLE
Time: 0 hrs, 0 mins, 1 secs, 781 ms

Tue Dec 14 11:46:18 EST 2010

Timing is on.
BEGIN
Time: 0 hrs, 0 mins, 0 secs, 565 ms
SET
Time: 0 hrs, 0 mins, 0 secs, 10 ms

            250 - LOAD_BN_HITS_SP   

TRUNCATE
Time: 0 hrs, 0 mins, 0 secs, 316 ms
INSERT 0 11931111
Time: 0 hrs, 2 mins, 27 secs, 742 ms
ANALYZE
Time: 0 hrs, 0 mins, 1 secs, 728 ms
END
Time: 0 hrs, 0 mins, 2 secs, 176 ms

Tue Dec 14 11:48:51 EST 2010

Timing is on.
BEGIN
Time: 0 hrs, 0 mins, 0 secs, 539 ms
SET
Time: 0 hrs, 0 mins, 0 secs, 13 ms

           300 - DYNAMIC FILTER

INSERT 0 15053682
Time: 0 hrs, 0 mins, 2 secs, 449 ms
ANALYZE
Time: 0 hrs, 0 mins, 0 secs, 442 ms
 Total records in web_click_cnt 
--------------------------------
                       15053682
(1 row)

Time: 0 hrs, 0 mins, 0 secs, 195 ms
CREATE TABLE
Time: 0 hrs, 0 mins, 1 secs, 331 ms
ANALYZE
Time: 0 hrs, 0 mins, 0 secs, 122 ms
CREATE TABLE
Time: 0 hrs, 0 mins, 0 secs, 240 ms
ANALYZE
Time: 0 hrs, 0 mins, 0 secs, 108 ms
DELETE 1
Time: 0 hrs, 0 mins, 0 secs, 111 ms
INSERT 0 1
Time: 0 hrs, 0 mins, 0 secs, 255 ms
DELETE 1
Time: 0 hrs, 0 mins, 0 secs, 98 ms
INSERT 0 1
Time: 0 hrs, 0 mins, 0 secs, 321 ms
CREATE TABLE
Time: 0 hrs, 0 mins, 1 secs, 28 ms
ANALYZE
Time: 0 hrs, 0 mins, 0 secs, 94 ms
CREATE TABLE
Time: 0 hrs, 0 mins, 0 secs, 289 ms
ANALYZE
Time: 0 hrs, 0 mins, 0 secs, 114 ms
DELETE 1
Time: 0 hrs, 0 mins, 0 secs, 92 ms
INSERT 0 1
Time: 0 hrs, 0 mins, 0 secs, 191 ms
DELETE 1
Time: 0 hrs, 0 mins, 0 secs, 93 ms
INSERT 0 1
Time: 0 hrs, 0 mins, 0 secs, 209 ms
ANALYZE
Time: 0 hrs, 0 mins, 0 secs, 29 ms
    tablename     |    attr_name    | attr_value 
------------------+-----------------+------------
 BN_FILTER_SPIDER | CLK_USER_SD_MPL | 10
 BN_FILTER_SPIDER | IP_USER_SD_MPL  | 1
 BN_FILTER_SPIDER | IP_USER_RATIO   | .955
 BN_FILTER_SPIDER | CLK_USER_MEAN   | 11.822
 BN_FILTER_SPIDER | CLK_USER_SD     | 41.436
 BN_FILTER_SPIDER | IP_USER_MEAN    | 9.837
 BN_FILTER_SPIDER | IP_USER_SD      | 1155.951
(7 rows)

Time: 0 hrs, 0 mins, 0 secs, 82 ms
CREATE TABLE
Time: 0 hrs, 0 mins, 3 secs, 394 ms
CREATE TABLE
Time: 0 hrs, 0 mins, 0 secs, 129 ms
 l_mean_sd_mpl 
---------------
       426.182
(1 row)

Time: 0 hrs, 0 mins, 0 secs, 75 ms
INSERT 0 887
Time: 0 hrs, 0 mins, 5 secs, 367 ms
ANALYZE
Time: 0 hrs, 0 mins, 0 secs, 281 ms
 Total click_user bn_spider_ip records 
---------------------------------------
                                   887
(1 row)

Time: 0 hrs, 0 mins, 0 secs, 89 ms
CREATE TABLE
Time: 0 hrs, 0 mins, 1 secs, 141 ms
ANALYZE
Time: 0 hrs, 0 mins, 0 secs, 97 ms
CREATE TABLE
Time: 0 hrs, 0 mins, 0 secs, 867 ms
ANALYZE
Time: 0 hrs, 0 mins, 0 secs, 85 ms
DROP 
Time: 0 hrs, 0 mins, 0 secs, 297 ms
CREATE TABLE
Time: 0 hrs, 0 mins, 0 secs, 225 ms
 l_mean_sd_mpl | l_ratio 
---------------+---------
      1165.788 |   0.955
(1 row)

Time: 0 hrs, 0 mins, 0 secs, 71 ms
INSERT 0 11275542
Time: 0 hrs, 0 mins, 3 secs, 661 ms
ANALYZE
Time: 0 hrs, 0 mins, 0 secs, 262 ms
 Total ip_user_filter bn_spider_ip records 
-------------------------------------------
                                  11275542
(1 row)

Time: 0 hrs, 0 mins, 0 secs, 319 ms
INSERT 0 28345285
Time: 0 hrs, 0 mins, 25 secs, 699 ms
ANALYZE
Time: 0 hrs, 0 mins, 2 secs, 300 ms
 bn_hits_stage 
---------------
      28345285
(1 row)

Time: 0 hrs, 0 mins, 0 secs, 221 ms
INSERT 0 12336672
Time: 0 hrs, 0 mins, 19 secs, 697 ms
ANALYZE
Time: 0 hrs, 0 mins, 1 secs, 507 ms
 bn_hits_sp_20101207 
---------------------
            24267783
(1 row)

Time: 0 hrs, 0 mins, 6 secs, 99 ms
END
Time: 0 hrs, 0 mins, 1 secs, 236 ms

Tue Dec 14 11:50:13 EST 2010

Timing is on.
BEGIN
Time: 0 hrs, 0 mins, 2 secs, 51 ms

           600 - LOAD RESOURCES

SET
Time: 0 hrs, 0 mins, 0 secs, 10 ms
CREATE TABLE
Time: 0 hrs, 0 mins, 7 secs, 7 ms
ANALYZE
Time: 0 hrs, 0 mins, 0 secs, 479 ms
 tmp_a_count 
-------------
      145916
(1 row)

Time: 0 hrs, 0 mins, 0 secs, 102 ms
UPDATE 145916
Time: 0 hrs, 0 mins, 31 secs, 416 ms
ANALYZE
Time: 0 hrs, 0 mins, 0 secs, 912 ms
INSERT 0 0
Time: 0 hrs, 0 mins, 20 secs, 560 ms

Time: 0 hrs, 0 mins, 0 secs, 7 ms
ANALYZE
Time: 0 hrs, 0 mins, 0 secs, 653 ms
END
Time: 0 hrs, 0 mins, 1 secs, 225 ms
VACUUM
Time: 0 hrs, 0 mins, 10 secs, 923 ms

Tue Dec 14 11:51:28 EST 2010

Timing is on.

           650 - LOAD_BN_SESSION_STAGE

BEGIN
Time: 0 hrs, 0 mins, 0 secs, 588 ms
SET
Time: 0 hrs, 0 mins, 0 secs, 12 ms
CREATE TABLE
Time: 0 hrs, 0 mins, 56 secs, 821 ms
ANALYZE
Time: 0 hrs, 0 mins, 2 secs, 127 ms
INSERT 0 4098463
Time: 0 hrs, 0 mins, 46 secs, 0 ms
ANALYZE
Time: 0 hrs, 0 mins, 1 secs, 113 ms
CREATE TABLE
Time: 0 hrs, 0 mins, 19 secs, 100 ms
ANALYZE
Time: 0 hrs, 0 mins, 0 secs, 333 ms
CREATE TABLE
Time: 0 hrs, 0 mins, 35 secs, 920 ms
ANALYZE
Time: 0 hrs, 0 mins, 0 secs, 885 ms
INSERT 0 4098463
Time: 0 hrs, 1 mins, 6 secs, 200 ms
 bn_session_stage 
------------------
          4098463
(1 row)

Time: 0 hrs, 0 mins, 0 secs, 355 ms
ANALYZE
Time: 0 hrs, 0 mins, 1 secs, 294 ms
TRUNCATE
Time: 0 hrs, 0 mins, 0 secs, 658 ms
END
Time: 0 hrs, 0 mins, 1 secs, 457 ms

Tue Dec 14 11:55:21 EST 2010

BEGIN

           660 - LOAD_BN_SESSION_UPDATE_STAGE

SET
INSERT 0 0
END

Tue Dec 14 11:55:24 EST 2010

Timing is on.

           670 - LOAD_BN_SESSION_20101207.UPDATES

BEGIN
Time: 0 hrs, 0 mins, 0 secs, 510 ms
SET
Time: 0 hrs, 0 mins, 0 secs, 9 ms
UPDATE 0
Time: 0 hrs, 0 mins, 0 secs, 358 ms
END
Time: 0 hrs, 0 mins, 0 secs, 986 ms
VACUUM
Time: 0 hrs, 0 mins, 2 secs, 437 ms

Tue Dec 14 11:55:28 EST 2010

Timing is on.

           700 - LOAD_BN_SESSION

BEGIN
Time: 0 hrs, 0 mins, 0 secs, 673 ms
SET
Time: 0 hrs, 0 mins, 0 secs, 14 ms
INSERT 0 4098463
Time: 0 hrs, 0 mins, 7 secs, 927 ms
ANALYZE
Time: 0 hrs, 0 mins, 1 secs, 170 ms
END
Time: 0 hrs, 0 mins, 0 secs, 954 ms

Tue Dec 14 11:55:39 EST 2010

Timing is on.

            750 - LOAD_BN_SESSION_SUMMARY   

BEGIN
Time: 0 hrs, 0 mins, 0 secs, 552 ms
SET
Time: 0 hrs, 0 mins, 0 secs, 11 ms
CREATE TABLE
Time: 0 hrs, 0 mins, 6 secs, 911 ms
TRUNCATE
Time: 0 hrs, 0 mins, 0 secs, 476 ms
INSERT 0 346987
Time: 0 hrs, 0 mins, 4 secs, 936 ms
ANALYZE
Time: 0 hrs, 0 mins, 0 secs, 742 ms
 count(1) 
----------
   346987
(1 row)

Time: 0 hrs, 0 mins, 0 secs, 292 ms
END
Time: 0 hrs, 0 mins, 0 secs, 958 ms

Tue Dec 14 11:55:54 EST 2010

Timing is on.

           800 - LOAD_BN_HITS

BEGIN
Time: 0 hrs, 0 mins, 0 secs, 543 ms
SET
Time: 0 hrs, 0 mins, 0 secs, 8 ms
TRUNCATE
Time: 0 hrs, 0 mins, 0 secs, 782 ms
INSERT 0 28345285
Time: 0 hrs, 0 mins, 22 secs, 260 ms
 count(1) 
----------
 28345285
(1 row)

Time: 0 hrs, 0 mins, 0 secs, 398 ms
ANALYZE
Time: 0 hrs, 0 mins, 1 secs, 957 ms
END
Time: 0 hrs, 0 mins, 1 secs, 271 ms

Tue Dec 14 11:56:22 EST 2010

Timing is on.

            900 - LOAD_CLICKSTREAM   

BEGIN
Time: 0 hrs, 0 mins, 0 secs, 608 ms
SET
Time: 0 hrs, 0 mins, 0 secs, 9 ms
TRUNCATE
Time: 0 hrs, 0 mins, 0 secs, 326 ms
INSERT 0 28345285
Time: 0 hrs, 1 mins, 1 secs, 679 ms
 count(1) 
----------
 28345285
(1 row)

Time: 0 hrs, 0 mins, 1 secs, 11 ms
ANALYZE
Time: 0 hrs, 0 mins, 1 secs, 85 ms
END
Time: 0 hrs, 0 mins, 2 secs, 481 ms

Tue Dec 14 11:57:29 EST 2010

Timing is on.

            1000 - PAGE_VIEW_SUMMARY  

BEGIN
Time: 0 hrs, 0 mins, 0 secs, 612 ms
SET
Time: 0 hrs, 0 mins, 0 secs, 10 ms
TRUNCATE
Time: 0 hrs, 0 mins, 0 secs, 399 ms
INSERT 0 152529
Time: 0 hrs, 0 mins, 3 secs, 303 ms
 count(1) 
----------
   152529
(1 row)

Time: 0 hrs, 0 mins, 0 secs, 130 ms
ANALYZE
Time: 0 hrs, 0 mins, 0 secs, 63 ms
END
Time: 0 hrs, 0 mins, 0 secs, 744 ms
Tue Dec 14 11:57:35 EST 2010
-------------------------------------
Processing for 20101208
-------------------------------------

Tue Dec 14 11:57:35 EST 2010

Timing is on.

           000 - INIT

BEGIN
Time: 0 hrs, 0 mins, 0 secs, 545 ms
*** Truncating staging tables before workflow starts ***
SET
Time: 0 hrs, 0 mins, 0 secs, 9 ms
TRUNCATE
Time: 0 hrs, 0 mins, 0 secs, 271 ms
TRUNCATE
Time: 0 hrs, 0 mins, 0 secs, 83 ms
TRUNCATE
Time: 0 hrs, 0 mins, 0 secs, 223 ms
TRUNCATE
Time: 0 hrs, 0 mins, 0 secs, 126 ms
TRUNCATE
Time: 0 hrs, 0 mins, 0 secs, 286 ms
TRUNCATE
Time: 0 hrs, 0 mins, 0 secs, 91 ms
TRUNCATE
Time: 0 hrs, 0 mins, 0 secs, 171 ms
END
Time: 0 hrs, 0 mins, 1 secs, 256 ms

Tue Dec 14 11:57:38 EST 2010

Timing is on.

            200 - LOAD_BN_IISLOGS   

BEGIN
Time: 0 hrs, 0 mins, 0 secs, 649 ms
SET
Time: 0 hrs, 0 mins, 0 secs, 9 ms
TRUNCATE
Time: 0 hrs, 0 mins, 0 secs, 270 ms
INSERT 0 50789041
Time: 0 hrs, 13 mins, 6 secs, 627 ms
END
Time: 0 hrs, 0 mins, 2 secs, 850 ms
ALTER TABLE
Time: 0 hrs, 0 mins, 1 secs, 745 ms

Tue Dec 14 12:10:50 EST 2010

Timing is on.
BEGIN
Time: 0 hrs, 0 mins, 0 secs, 819 ms
SET
Time: 0 hrs, 0 mins, 0 secs, 9 ms

            250 - LOAD_BN_HITS_SP   

TRUNCATE
Time: 0 hrs, 0 mins, 0 secs, 371 ms
INSERT 0 11944039
Time: 0 hrs, 2 mins, 31 secs, 498 ms
ANALYZE
Time: 0 hrs, 0 mins, 3 secs, 845 ms
END
Time: 0 hrs, 0 mins, 19 secs, 533 ms

Tue Dec 14 12:13:47 EST 2010

Timing is on.
BEGIN
Time: 0 hrs, 0 mins, 0 secs, 753 ms
SET
Time: 0 hrs, 0 mins, 0 secs, 11 ms

           300 - DYNAMIC FILTER

INSERT 0 13321555
Time: 0 hrs, 0 mins, 2 secs, 388 ms
ANALYZE
Time: 0 hrs, 0 mins, 1 secs, 928 ms
 Total records in web_click_cnt 
--------------------------------
                       13321555
(1 row)

Time: 0 hrs, 0 mins, 0 secs, 744 ms
CREATE TABLE
Time: 0 hrs, 0 mins, 4 secs, 71 ms
ANALYZE
Time: 0 hrs, 0 mins, 0 secs, 139 ms
CREATE TABLE
Time: 0 hrs, 0 mins, 1 secs, 67 ms
ANALYZE
Time: 0 hrs, 0 mins, 0 secs, 115 ms
DELETE 1
Time: 0 hrs, 0 mins, 0 secs, 544 ms
INSERT 0 1
Time: 0 hrs, 0 mins, 0 secs, 854 ms
DELETE 1
Time: 0 hrs, 0 mins, 0 secs, 95 ms
INSERT 0 1
Time: 0 hrs, 0 mins, 0 secs, 604 ms
CREATE TABLE
Time: 0 hrs, 0 mins, 3 secs, 730 ms
ANALYZE
Time: 0 hrs, 0 mins, 0 secs, 171 ms
CREATE TABLE
Time: 0 hrs, 0 mins, 0 secs, 723 ms
ANALYZE
Time: 0 hrs, 0 mins, 0 secs, 100 ms
DELETE 1
Time: 0 hrs, 0 mins, 0 secs, 134 ms
INSERT 0 1
Time: 0 hrs, 0 mins, 0 secs, 286 ms
DELETE 1
Time: 0 hrs, 0 mins, 0 secs, 90 ms
INSERT 0 1
Time: 0 hrs, 0 mins, 0 secs, 346 ms
ANALYZE
Time: 0 hrs, 0 mins, 0 secs, 205 ms
    tablename     |    attr_name    | attr_value 
------------------+-----------------+------------
 BN_FILTER_SPIDER | CLK_USER_SD_MPL | 10
 BN_FILTER_SPIDER | IP_USER_SD_MPL  | 1
 BN_FILTER_SPIDER | IP_USER_RATIO   | .955
 BN_FILTER_SPIDER | CLK_USER_MEAN   | 12.532
 BN_FILTER_SPIDER | CLK_USER_SD     | 43.501
 BN_FILTER_SPIDER | IP_USER_MEAN    | 9.193
 BN_FILTER_SPIDER | IP_USER_SD      | 944.565
(7 rows)

Time: 0 hrs, 0 mins, 0 secs, 486 ms
CREATE TABLE
Time: 0 hrs, 0 mins, 4 secs, 129 ms
CREATE TABLE
Time: 0 hrs, 0 mins, 2 secs, 674 ms
 l_mean_sd_mpl 
---------------
       447.542
(1 row)

Time: 0 hrs, 0 mins, 0 secs, 183 ms
INSERT 0 752
Time: 0 hrs, 0 mins, 5 secs, 619 ms
ANALYZE
Time: 0 hrs, 0 mins, 0 secs, 88 ms
 Total click_user bn_spider_ip records 
---------------------------------------
                                   752
(1 row)

Time: 0 hrs, 0 mins, 0 secs, 149 ms
CREATE TABLE
Time: 0 hrs, 0 mins, 2 secs, 794 ms
ANALYZE
Time: 0 hrs, 0 mins, 0 secs, 93 ms
CREATE TABLE
Time: 0 hrs, 0 mins, 4 secs, 503 ms
ANALYZE
Time: 0 hrs, 0 mins, 0 secs, 593 ms
DROP 
Time: 0 hrs, 0 mins, 0 secs, 298 ms
CREATE TABLE
Time: 0 hrs, 0 mins, 0 secs, 493 ms
 l_mean_sd_mpl | l_ratio 
---------------+---------
       953.758 |   0.955
(1 row)

Time: 0 hrs, 0 mins, 0 secs, 146 ms
INSERT 0 9681905
Time: 0 hrs, 0 mins, 4 secs, 935 ms
ANALYZE
Time: 0 hrs, 0 mins, 0 secs, 354 ms
 Total ip_user_filter bn_spider_ip records 
-------------------------------------------
                                   9681905
(1 row)

Time: 0 hrs, 0 mins, 0 secs, 774 ms
INSERT 0 28143737
Time: 0 hrs, 0 mins, 29 secs, 431 ms
ANALYZE
Time: 0 hrs, 0 mins, 5 secs, 146 ms
 bn_hits_stage 
---------------
      28143737
(1 row)

Time: 0 hrs, 0 mins, 0 secs, 643 ms
INSERT 0 10701265
Time: 0 hrs, 1 mins, 16 secs, 572 ms
ANALYZE
Time: 0 hrs, 0 mins, 58 secs, 868 ms
 bn_hits_sp_20101208 
---------------------
            22645304
(1 row)

Time: 0 hrs, 0 mins, 3 secs, 921 ms
END
Time: 0 hrs, 0 mins, 21 secs, 284 ms

Tue Dec 14 12:17:50 EST 2010

Timing is on.
BEGIN
Time: 0 hrs, 0 mins, 0 secs, 666 ms

           600 - LOAD RESOURCES

SET
Time: 0 hrs, 0 mins, 0 secs, 12 ms
CREATE TABLE
Time: 0 hrs, 0 mins, 10 secs, 784 ms
ANALYZE
Time: 0 hrs, 0 mins, 0 secs, 622 ms
 tmp_a_count 
-------------
      138931
(1 row)

Time: 0 hrs, 0 mins, 0 secs, 971 ms
UPDATE 110460
Time: 0 hrs, 0 mins, 56 secs, 0 ms
ANALYZE
Time: 0 hrs, 0 mins, 5 secs, 776 ms
INSERT 0 28471
Time: 0 hrs, 0 mins, 23 secs, 329 ms

Time: 0 hrs, 0 mins, 0 secs, 12 ms
ANALYZE
Time: 0 hrs, 0 mins, 0 secs, 680 ms
END
Time: 0 hrs, 0 mins, 1 secs, 148 ms
VACUUM
Time: 0 hrs, 0 mins, 9 secs, 167 ms

Tue Dec 14 12:19:40 EST 2010

Timing is on.

           650 - LOAD_BN_SESSION_STAGE

BEGIN
Time: 0 hrs, 0 mins, 0 secs, 578 ms
SET
Time: 0 hrs, 0 mins, 0 secs, 9 ms
CREATE TABLE
Time: 0 hrs, 0 mins, 55 secs, 380 ms
ANALYZE
Time: 0 hrs, 0 mins, 2 secs, 294 ms
INSERT 0 3945521
Time: 0 hrs, 0 mins, 45 secs, 205 ms
ANALYZE
Time: 0 hrs, 0 mins, 1 secs, 284 ms
CREATE TABLE
Time: 0 hrs, 0 mins, 22 secs, 250 ms
ANALYZE
Time: 0 hrs, 0 mins, 0 secs, 261 ms
CREATE TABLE
Time: 0 hrs, 0 mins, 38 secs, 139 ms
ANALYZE
Time: 0 hrs, 0 mins, 0 secs, 915 ms
INSERT 0 3945521
Time: 0 hrs, 1 mins, 5 secs, 502 ms
 bn_session_stage 
------------------
          3945521
(1 row)

Time: 0 hrs, 0 mins, 0 secs, 364 ms
ANALYZE
Time: 0 hrs, 0 mins, 1 secs, 351 ms
TRUNCATE
Time: 0 hrs, 0 mins, 1 secs, 525 ms
END
Time: 0 hrs, 0 mins, 1 secs, 600 ms

Tue Dec 14 12:23:36 EST 2010

BEGIN

           660 - LOAD_BN_SESSION_UPDATE_STAGE

SET
INSERT 0 0
END

Tue Dec 14 12:23:39 EST 2010

Timing is on.

           670 - LOAD_BN_SESSION_20101208.UPDATES

BEGIN
Time: 0 hrs, 0 mins, 0 secs, 595 ms
SET
Time: 0 hrs, 0 mins, 0 secs, 11 ms
UPDATE 0
Time: 0 hrs, 0 mins, 0 secs, 352 ms
END
Time: 0 hrs, 0 mins, 0 secs, 820 ms
VACUUM
Time: 0 hrs, 0 mins, 2 secs, 742 ms

Tue Dec 14 12:23:43 EST 2010

Timing is on.

           700 - LOAD_BN_SESSION

BEGIN
Time: 0 hrs, 0 mins, 0 secs, 608 ms
SET
Time: 0 hrs, 0 mins, 0 secs, 10 ms
INSERT 0 3945521
Time: 0 hrs, 0 mins, 7 secs, 220 ms
ANALYZE
Time: 0 hrs, 0 mins, 1 secs, 462 ms
END
Time: 0 hrs, 0 mins, 0 secs, 937 ms

Tue Dec 14 12:23:54 EST 2010

Timing is on.

            750 - LOAD_BN_SESSION_SUMMARY   

BEGIN
Time: 0 hrs, 0 mins, 0 secs, 889 ms
SET
Time: 0 hrs, 0 mins, 0 secs, 9 ms
CREATE TABLE
Time: 0 hrs, 0 mins, 7 secs, 218 ms
TRUNCATE
Time: 0 hrs, 0 mins, 0 secs, 916 ms
INSERT 0 339522
Time: 0 hrs, 0 mins, 5 secs, 124 ms
ANALYZE
Time: 0 hrs, 0 mins, 0 secs, 713 ms
 count(1) 
----------
   339522
(1 row)

Time: 0 hrs, 0 mins, 0 secs, 85 ms
END
Time: 0 hrs, 0 mins, 0 secs, 741 ms

Tue Dec 14 12:24:10 EST 2010

Timing is on.

           800 - LOAD_BN_HITS

BEGIN
Time: 0 hrs, 0 mins, 0 secs, 674 ms
SET
Time: 0 hrs, 0 mins, 0 secs, 10 ms
TRUNCATE
Time: 0 hrs, 0 mins, 0 secs, 626 ms
INSERT 0 28143737
Time: 0 hrs, 0 mins, 23 secs, 720 ms
 count(1) 
----------
 28143737
(1 row)

Time: 0 hrs, 0 mins, 0 secs, 367 ms
ANALYZE
Time: 0 hrs, 0 mins, 2 secs, 144 ms
END
Time: 0 hrs, 0 mins, 2 secs, 296 ms

Tue Dec 14 12:24:40 EST 2010

Timing is on.

            900 - LOAD_CLICKSTREAM   

BEGIN
Time: 0 hrs, 0 mins, 0 secs, 572 ms
SET
Time: 0 hrs, 0 mins, 0 secs, 9 ms
TRUNCATE
Time: 0 hrs, 0 mins, 0 secs, 526 ms
INSERT 0 28143737
Time: 0 hrs, 1 mins, 6 secs, 332 ms
 count(1) 
----------
 28143737
(1 row)

Time: 0 hrs, 0 mins, 0 secs, 708 ms
ANALYZE
Time: 0 hrs, 0 mins, 0 secs, 945 ms
END
Time: 0 hrs, 0 mins, 1 secs, 640 ms

Tue Dec 14 12:25:51 EST 2010

Timing is on.

            1000 - PAGE_VIEW_SUMMARY  

BEGIN
Time: 0 hrs, 0 mins, 1 secs, 501 ms
SET
Time: 0 hrs, 0 mins, 0 secs, 8 ms
TRUNCATE
Time: 0 hrs, 0 mins, 1 secs, 104 ms
INSERT 0 145180
Time: 0 hrs, 0 mins, 3 secs, 516 ms
 count(1) 
----------
   145180
(1 row)

Time: 0 hrs, 0 mins, 0 secs, 145 ms
ANALYZE
Time: 0 hrs, 0 mins, 0 secs, 530 ms
END
Time: 0 hrs, 0 mins, 1 secs, 33 ms
Tue Dec 14 12:25:59 EST 2010
-------------------------------------
Processing for 20101209
-------------------------------------

Tue Dec 14 12:25:59 EST 2010

Timing is on.

           000 - INIT

BEGIN
Time: 0 hrs, 0 mins, 0 secs, 583 ms
*** Truncating staging tables before workflow starts ***
SET
Time: 0 hrs, 0 mins, 0 secs, 12 ms
TRUNCATE
Time: 0 hrs, 0 mins, 0 secs, 407 ms
TRUNCATE
Time: 0 hrs, 0 mins, 0 secs, 668 ms
TRUNCATE
Time: 0 hrs, 0 mins, 0 secs, 441 ms
TRUNCATE
Time: 0 hrs, 0 mins, 0 secs, 599 ms
TRUNCATE
Time: 0 hrs, 0 mins, 0 secs, 244 ms
TRUNCATE
Time: 0 hrs, 0 mins, 0 secs, 186 ms
TRUNCATE
Time: 0 hrs, 0 mins, 0 secs, 166 ms
END
Time: 0 hrs, 0 mins, 1 secs, 581 ms

Tue Dec 14 12:26:04 EST 2010

Timing is on.

            200 - LOAD_BN_IISLOGS   

BEGIN
Time: 0 hrs, 0 mins, 0 secs, 604 ms
SET
Time: 0 hrs, 0 mins, 0 secs, 11 ms
TRUNCATE
Time: 0 hrs, 0 mins, 0 secs, 449 ms
INSERT 0 40319145
Time: 0 hrs, 7 mins, 58 secs, 258 ms
END
Time: 0 hrs, 0 mins, 1 secs, 855 ms
ALTER TABLE
Time: 0 hrs, 0 mins, 1 secs, 551 ms

Tue Dec 14 12:34:07 EST 2010

Timing is on.
BEGIN
Time: 0 hrs, 0 mins, 0 secs, 734 ms
SET
Time: 0 hrs, 0 mins, 0 secs, 12 ms

            250 - LOAD_BN_HITS_SP   

TRUNCATE
Time: 0 hrs, 0 mins, 0 secs, 746 ms
INSERT 0 9055361
Time: 0 hrs, 1 mins, 45 secs, 675 ms
ANALYZE
Time: 0 hrs, 0 mins, 1 secs, 342 ms
END
Time: 0 hrs, 0 mins, 0 secs, 930 ms

Tue Dec 14 12:35:57 EST 2010

Timing is on.
BEGIN
Time: 0 hrs, 0 mins, 0 secs, 601 ms
SET
Time: 0 hrs, 0 mins, 0 secs, 11 ms

           300 - DYNAMIC FILTER

INSERT 0 11190952
Time: 0 hrs, 0 mins, 1 secs, 857 ms
ANALYZE
Time: 0 hrs, 0 mins, 0 secs, 268 ms
 Total records in web_click_cnt 
--------------------------------
                       11190952
(1 row)

Time: 0 hrs, 0 mins, 0 secs, 218 ms
CREATE TABLE
Time: 0 hrs, 0 mins, 1 secs, 310 ms
ANALYZE
Time: 0 hrs, 0 mins, 0 secs, 146 ms
CREATE TABLE
Time: 0 hrs, 0 mins, 0 secs, 244 ms
ANALYZE
Time: 0 hrs, 0 mins, 0 secs, 102 ms
DELETE 1
Time: 0 hrs, 0 mins, 0 secs, 119 ms
INSERT 0 1
Time: 0 hrs, 0 mins, 0 secs, 185 ms
DELETE 1
Time: 0 hrs, 0 mins, 0 secs, 90 ms
INSERT 0 1
Time: 0 hrs, 0 mins, 0 secs, 234 ms
CREATE TABLE
Time: 0 hrs, 0 mins, 0 secs, 924 ms
ANALYZE
Time: 0 hrs, 0 mins, 0 secs, 111 ms
CREATE TABLE
Time: 0 hrs, 0 mins, 0 secs, 356 ms
ANALYZE
Time: 0 hrs, 0 mins, 0 secs, 98 ms
DELETE 1
Time: 0 hrs, 0 mins, 0 secs, 93 ms
INSERT 0 1
Time: 0 hrs, 0 mins, 0 secs, 282 ms
DELETE 1
Time: 0 hrs, 0 mins, 0 secs, 173 ms
INSERT 0 1
Time: 0 hrs, 0 mins, 0 secs, 730 ms
ANALYZE
Time: 0 hrs, 0 mins, 0 secs, 57 ms
    tablename     |    attr_name    | attr_value 
------------------+-----------------+------------
 BN_FILTER_SPIDER | CLK_USER_SD_MPL | 10
 BN_FILTER_SPIDER | IP_USER_SD_MPL  | 1
 BN_FILTER_SPIDER | IP_USER_RATIO   | .955
 BN_FILTER_SPIDER | CLK_USER_MEAN   | 11.175
 BN_FILTER_SPIDER | CLK_USER_SD     | 34.265
 BN_FILTER_SPIDER | IP_USER_MEAN    | 8.752
 BN_FILTER_SPIDER | IP_USER_SD      | 929.407
(7 rows)

Time: 0 hrs, 0 mins, 0 secs, 77 ms
CREATE TABLE
Time: 0 hrs, 0 mins, 2 secs, 888 ms
CREATE TABLE
Time: 0 hrs, 0 mins, 0 secs, 119 ms
 l_mean_sd_mpl 
---------------
       353.825
(1 row)

Time: 0 hrs, 0 mins, 0 secs, 90 ms
INSERT 0 942
Time: 0 hrs, 0 mins, 5 secs, 539 ms
ANALYZE
Time: 0 hrs, 0 mins, 0 secs, 56 ms
 Total click_user bn_spider_ip records 
---------------------------------------
                                   942
(1 row)

Time: 0 hrs, 0 mins, 0 secs, 92 ms
CREATE TABLE
Time: 0 hrs, 0 mins, 0 secs, 854 ms
ANALYZE
Time: 0 hrs, 0 mins, 0 secs, 73 ms
CREATE TABLE
Time: 0 hrs, 0 mins, 0 secs, 988 ms
ANALYZE
Time: 0 hrs, 0 mins, 0 secs, 84 ms
DROP 
Time: 0 hrs, 0 mins, 0 secs, 289 ms
CREATE TABLE
Time: 0 hrs, 0 mins, 0 secs, 149 ms
 l_mean_sd_mpl | l_ratio 
---------------+---------
       938.159 |   0.955
(1 row)

Time: 0 hrs, 0 mins, 0 secs, 88 ms
INSERT 0 8201645
Time: 0 hrs, 0 mins, 3 secs, 271 ms
ANALYZE
Time: 0 hrs, 0 mins, 0 secs, 238 ms
 Total ip_user_filter bn_spider_ip records 
-------------------------------------------
                                   8201645
(1 row)

Time: 0 hrs, 0 mins, 0 secs, 266 ms
INSERT 0 22135546
Time: 0 hrs, 0 mins, 19 secs, 130 ms
ANALYZE
Time: 0 hrs, 0 mins, 2 secs, 175 ms
 bn_hits_stage 
---------------
      22135546
(1 row)

Time: 0 hrs, 0 mins, 0 secs, 286 ms
INSERT 0 9128238
Time: 0 hrs, 0 mins, 15 secs, 664 ms
ANALYZE
Time: 0 hrs, 0 mins, 1 secs, 730 ms
 bn_hits_sp_20101209 
---------------------
            18183599
(1 row)

Time: 0 hrs, 0 mins, 3 secs, 860 ms
END
Time: 0 hrs, 0 mins, 1 secs, 409 ms

Tue Dec 14 12:37:05 EST 2010

Timing is on.
BEGIN
Time: 0 hrs, 0 mins, 0 secs, 749 ms

           600 - LOAD RESOURCES

SET
Time: 0 hrs, 0 mins, 0 secs, 13 ms
CREATE TABLE
Time: 0 hrs, 0 mins, 5 secs, 824 ms
ANALYZE
Time: 0 hrs, 0 mins, 0 secs, 548 ms
 tmp_a_count 
-------------
       98288
(1 row)

Time: 0 hrs, 0 mins, 0 secs, 122 ms
UPDATE 38712
Time: 0 hrs, 0 mins, 29 secs, 555 ms
ANALYZE
Time: 0 hrs, 0 mins, 0 secs, 922 ms
INSERT 0 59576
Time: 0 hrs, 0 mins, 20 secs, 202 ms

Time: 0 hrs, 0 mins, 0 secs, 7 ms
ANALYZE
Time: 0 hrs, 0 mins, 0 secs, 731 ms
END
Time: 0 hrs, 0 mins, 1 secs, 46 ms
VACUUM
Time: 0 hrs, 0 mins, 5 secs, 957 ms

Tue Dec 14 12:38:10 EST 2010

Timing is on.

           650 - LOAD_BN_SESSION_STAGE

BEGIN
Time: 0 hrs, 0 mins, 0 secs, 787 ms
SET
Time: 0 hrs, 0 mins, 0 secs, 10 ms
CREATE TABLE
Time: 0 hrs, 0 mins, 40 secs, 826 ms
ANALYZE
Time: 0 hrs, 0 mins, 2 secs, 221 ms
INSERT 0 3168358
Time: 0 hrs, 0 mins, 35 secs, 601 ms
ANALYZE
Time: 0 hrs, 0 mins, 0 secs, 765 ms
CREATE TABLE
Time: 0 hrs, 0 mins, 13 secs, 449 ms
ANALYZE
Time: 0 hrs, 0 mins, 0 secs, 237 ms
CREATE TABLE
Time: 0 hrs, 0 mins, 27 secs, 63 ms
ANALYZE
Time: 0 hrs, 0 mins, 0 secs, 789 ms
INSERT 0 3168358
Time: 0 hrs, 0 mins, 47 secs, 452 ms
 bn_session_stage 
------------------
          3168358
(1 row)

Time: 0 hrs, 0 mins, 0 secs, 213 ms
ANALYZE
Time: 0 hrs, 0 mins, 1 secs, 222 ms
TRUNCATE
Time: 0 hrs, 0 mins, 0 secs, 586 ms
END
Time: 0 hrs, 0 mins, 1 secs, 607 ms

Tue Dec 14 12:41:04 EST 2010

BEGIN

           660 - LOAD_BN_SESSION_UPDATE_STAGE

SET
INSERT 0 0
END

Tue Dec 14 12:41:06 EST 2010

Timing is on.

           670 - LOAD_BN_SESSION_20101209.UPDATES

BEGIN
Time: 0 hrs, 0 mins, 0 secs, 690 ms
SET
Time: 0 hrs, 0 mins, 0 secs, 11 ms
UPDATE 0
Time: 0 hrs, 0 mins, 0 secs, 442 ms
END
Time: 0 hrs, 0 mins, 1 secs, 87 ms
VACUUM
Time: 0 hrs, 0 mins, 2 secs, 115 ms

Tue Dec 14 12:41:11 EST 2010

Timing is on.

           700 - LOAD_BN_SESSION

BEGIN
Time: 0 hrs, 0 mins, 0 secs, 576 ms
SET
Time: 0 hrs, 0 mins, 0 secs, 15 ms
INSERT 0 3168358
Time: 0 hrs, 0 mins, 6 secs, 430 ms
ANALYZE
Time: 0 hrs, 0 mins, 1 secs, 238 ms
END
Time: 0 hrs, 0 mins, 0 secs, 926 ms

Tue Dec 14 12:41:20 EST 2010

Timing is on.

            750 - LOAD_BN_SESSION_SUMMARY   

BEGIN
Time: 0 hrs, 0 mins, 0 secs, 607 ms
SET
Time: 0 hrs, 0 mins, 0 secs, 11 ms
CREATE TABLE
Time: 0 hrs, 0 mins, 6 secs, 178 ms
TRUNCATE
Time: 0 hrs, 0 mins, 0 secs, 480 ms
INSERT 0 305641
Time: 0 hrs, 0 mins, 4 secs, 675 ms
ANALYZE
Time: 0 hrs, 0 mins, 0 secs, 747 ms
 count(1) 
----------
   305641
(1 row)

Time: 0 hrs, 0 mins, 0 secs, 179 ms
END
Time: 0 hrs, 0 mins, 1 secs, 33 ms

Tue Dec 14 12:41:34 EST 2010

Timing is on.

           800 - LOAD_BN_HITS

BEGIN
Time: 0 hrs, 0 mins, 0 secs, 497 ms
SET
Time: 0 hrs, 0 mins, 0 secs, 10 ms
TRUNCATE
Time: 0 hrs, 0 mins, 0 secs, 676 ms
INSERT 0 22135546
Time: 0 hrs, 0 mins, 19 secs, 843 ms
 count(1) 
----------
 22135546
(1 row)

Time: 0 hrs, 0 mins, 1 secs, 291 ms
ANALYZE
Time: 0 hrs, 0 mins, 2 secs, 164 ms
END
Time: 0 hrs, 0 mins, 9 secs, 133 ms

Tue Dec 14 12:42:08 EST 2010

Timing is on.

            900 - LOAD_CLICKSTREAM   

BEGIN
Time: 0 hrs, 0 mins, 0 secs, 872 ms
SET
Time: 0 hrs, 0 mins, 0 secs, 11 ms
TRUNCATE
Time: 0 hrs, 0 mins, 0 secs, 463 ms
INSERT 0 22135546
Time: 0 hrs, 0 mins, 55 secs, 926 ms
 count(1) 
----------
 22135546
(1 row)

Time: 0 hrs, 0 mins, 0 secs, 602 ms
ANALYZE
Time: 0 hrs, 0 mins, 1 secs, 440 ms
END
Time: 0 hrs, 0 mins, 11 secs, 997 ms

Tue Dec 14 12:43:20 EST 2010

Timing is on.

            1000 - PAGE_VIEW_SUMMARY  

BEGIN
Time: 0 hrs, 0 mins, 0 secs, 928 ms
SET
Time: 0 hrs, 0 mins, 0 secs, 11 ms
TRUNCATE
Time: 0 hrs, 0 mins, 0 secs, 455 ms
INSERT 0 103372
Time: 0 hrs, 6 mins, 11 secs, 877 ms
 count(1) 
----------
   103372
(1 row)

Time: 0 hrs, 0 mins, 0 secs, 147 ms
ANALYZE
Time: 0 hrs, 0 mins, 0 secs, 65 ms
END
Time: 0 hrs, 0 mins, 8 secs, 164 ms
Tue Dec 14 12:49:41 EST 2010
