Checking for lock file /tmp/.iislock
Acquired lock file /tmp/.iislock
-------------------------------------
Processing for 20101211
-------------------------------------

Wed Jan 26 21:47:30 EST 2011

Timing is on.

           000 - INIT

BEGIN
Time: 0 hrs, 0 mins, 1 secs, 18 ms
*** Truncating staging tables before workflow starts ***
SET
Time: 0 hrs, 0 mins, 0 secs, 10 ms
GRANT
Time: 0 hrs, 0 mins, 9 secs, 507 ms
END
Time: 0 hrs, 0 mins, 10 secs, 394 ms

Wed Jan 26 21:47:51 EST 2011

Timing is on.

            200 - LOAD_BN_IISLOGS   

BEGIN
Time: 0 hrs, 0 mins, 0 secs, 663 ms
SET
Time: 0 hrs, 0 mins, 0 secs, 12 ms
TRUNCATE
Time: 0 hrs, 0 mins, 1 secs, 308 ms
INSERT 0 51591948
Time: 0 hrs, 12 mins, 10 secs, 14 ms
END
Time: 0 hrs, 0 mins, 4 secs, 915 ms
ALTER TABLE
Time: 0 hrs, 0 mins, 2 secs, 892 ms

Wed Jan 26 22:00:11 EST 2011

Timing is on.
BEGIN
Time: 0 hrs, 0 mins, 0 secs, 748 ms
SET
Time: 0 hrs, 0 mins, 0 secs, 12 ms

            250 - LOAD_BN_HITS_SP   

TRUNCATE
Time: 0 hrs, 0 mins, 1 secs, 726 ms
INSERT 0 14511663
Time: 0 hrs, 1 mins, 14 secs, 992 ms
ANALYZE
Time: 0 hrs, 0 mins, 2 secs, 814 ms
END
Time: 0 hrs, 0 mins, 2 secs, 988 ms

Wed Jan 26 22:01:34 EST 2011

Timing is on.
BEGIN
Time: 0 hrs, 0 mins, 1 secs, 268 ms
SET
Time: 0 hrs, 0 mins, 0 secs, 8 ms

           300 - DYNAMIC FILTER

TRUNCATE
Time: 0 hrs, 0 mins, 5 secs, 770 ms
INSERT 0 10175781
Time: 0 hrs, 0 mins, 15 secs, 420 ms
ANALYZE
Time: 0 hrs, 0 mins, 3 secs, 135 ms
 Total records in web_click_cnt 
--------------------------------
                       10175781
(1 row)

Time: 0 hrs, 0 mins, 1 secs, 200 ms
CREATE TABLE
Time: 0 hrs, 0 mins, 6 secs, 492 ms
ANALYZE
Time: 0 hrs, 0 mins, 0 secs, 81 ms
CREATE TABLE
Time: 0 hrs, 0 mins, 0 secs, 839 ms
ANALYZE
Time: 0 hrs, 0 mins, 0 secs, 284 ms
DELETE 1
Time: 0 hrs, 0 mins, 0 secs, 469 ms
INSERT 0 1
Time: 0 hrs, 0 mins, 2 secs, 334 ms
DELETE 1
Time: 0 hrs, 0 mins, 0 secs, 89 ms
INSERT 0 1
Time: 0 hrs, 0 mins, 0 secs, 533 ms
CREATE TABLE
Time: 0 hrs, 0 mins, 2 secs, 675 ms
ANALYZE
Time: 0 hrs, 0 mins, 0 secs, 118 ms
CREATE TABLE
Time: 0 hrs, 0 mins, 1 secs, 62 ms
ANALYZE
Time: 0 hrs, 0 mins, 0 secs, 163 ms
DELETE 1
Time: 0 hrs, 0 mins, 0 secs, 85 ms
INSERT 0 1
Time: 0 hrs, 0 mins, 0 secs, 423 ms
DELETE 1
Time: 0 hrs, 0 mins, 0 secs, 94 ms
INSERT 0 1
Time: 0 hrs, 0 mins, 0 secs, 426 ms
ANALYZE
Time: 0 hrs, 0 mins, 1 secs, 31 ms
    tablename     |    attr_name    | attr_value 
------------------+-----------------+------------
 BN_FILTER_SPIDER | CLK_USER_SD_MPL | 10
 BN_FILTER_SPIDER | IP_USER_SD_MPL  | 1
 BN_FILTER_SPIDER | IP_USER_RATIO   | .955
 BN_FILTER_SPIDER | CLK_USER_MEAN   | 19.540
 BN_FILTER_SPIDER | CLK_USER_SD     | 352.399
 BN_FILTER_SPIDER | IP_USER_MEAN    | 10.728
 BN_FILTER_SPIDER | IP_USER_SD      | 1403.351
(7 rows)

Time: 0 hrs, 0 mins, 1 secs, 27 ms
CREATE TABLE
Time: 0 hrs, 0 mins, 3 secs, 633 ms
CREATE TABLE
Time: 0 hrs, 0 mins, 2 secs, 357 ms
 l_mean_sd_mpl 
---------------
      3543.530
(1 row)

Time: 0 hrs, 0 mins, 0 secs, 195 ms
TRUNCATE
Time: 0 hrs, 0 mins, 0 secs, 522 ms
INSERT 0 31
Time: 0 hrs, 0 mins, 3 secs, 824 ms
ANALYZE
Time: 0 hrs, 0 mins, 0 secs, 53 ms
 Total click_user bn_spider_ip records 
---------------------------------------
                                    31
(1 row)

Time: 0 hrs, 0 mins, 0 secs, 704 ms
CREATE TABLE
Time: 0 hrs, 0 mins, 2 secs, 150 ms
ANALYZE
Time: 0 hrs, 0 mins, 0 secs, 54 ms
CREATE TABLE
Time: 0 hrs, 0 mins, 3 secs, 84 ms
ANALYZE
Time: 0 hrs, 0 mins, 0 secs, 75 ms
DROP 
Time: 0 hrs, 0 mins, 0 secs, 448 ms
CREATE TABLE
Time: 0 hrs, 0 mins, 0 secs, 486 ms
 l_mean_sd_mpl | l_ratio 
---------------+---------
      1414.079 |   0.955
(1 row)

Time: 0 hrs, 0 mins, 0 secs, 115 ms
INSERT 0 8292166
Time: 0 hrs, 0 mins, 4 secs, 307 ms
ANALYZE
Time: 0 hrs, 0 mins, 2 secs, 871 ms
 Total ip_user_filter bn_spider_ip records 
-------------------------------------------
                                   8292166
(1 row)

Time: 0 hrs, 0 mins, 0 secs, 834 ms
TRUNCATE
Time: 0 hrs, 0 mins, 0 secs, 705 ms
INSERT 0 22312925
Time: 0 hrs, 0 mins, 20 secs, 640 ms
ANALYZE
Time: 0 hrs, 0 mins, 9 secs, 243 ms
 bn_hits_stage 
---------------
      22312925
(1 row)

Time: 0 hrs, 0 mins, 0 secs, 264 ms
INSERT 0 9018083
Time: 0 hrs, 0 mins, 44 secs, 62 ms
ANALYZE
Time: 0 hrs, 0 mins, 4 secs, 261 ms
 bn_hits_sp_20101211 
---------------------
            23529746
(1 row)

Time: 0 hrs, 0 mins, 3 secs, 562 ms
TRUNCATE
Time: 0 hrs, 0 mins, 0 secs, 613 ms
INSERT 0 5749277
Time: 0 hrs, 0 mins, 8 secs, 370 ms
ANALYZE
Time: 0 hrs, 0 mins, 2 secs, 357 ms
 bn_hits_client_20101211 
-------------------------
                 5749277
(1 row)

Time: 0 hrs, 0 mins, 0 secs, 180 ms
END
Time: 0 hrs, 0 mins, 3 secs, 60 ms

Wed Jan 26 22:04:23 EST 2011

Timing is on.
BEGIN
Time: 0 hrs, 0 mins, 2 secs, 971 ms

           600 - LOAD RESOURCES

SET
Time: 0 hrs, 0 mins, 0 secs, 11 ms
CREATE TABLE
Time: 0 hrs, 0 mins, 5 secs, 566 ms
ANALYZE
Time: 0 hrs, 0 mins, 0 secs, 375 ms
 tmp_a_count 
-------------
       28466
(1 row)

Time: 0 hrs, 0 mins, 0 secs, 221 ms
UPDATE 0
Time: 0 hrs, 0 mins, 1 secs, 921 ms
ANALYZE
Time: 0 hrs, 0 mins, 2 secs, 424 ms
TRUNCATE
Time: 0 hrs, 0 mins, 1 secs, 773 ms
INSERT 0 0
Time: 0 hrs, 0 mins, 6 secs, 725 ms
ANALYZE
Time: 0 hrs, 0 mins, 0 secs, 30 ms
 first_resource_id | last_resource_id 
-------------------+------------------
                   |                 
(1 row)

Time: 0 hrs, 0 mins, 0 secs, 230 ms
INSERT 0 0
Time: 0 hrs, 0 mins, 1 secs, 247 ms
 total_resources 
-----------------
        12779347
(1 row)

Time: 0 hrs, 0 mins, 0 secs, 187 ms
ANALYZE
Time: 0 hrs, 0 mins, 0 secs, 715 ms
END
Time: 0 hrs, 0 mins, 1 secs, 585 ms
VACUUM
Time: 0 hrs, 0 mins, 55 secs, 281 ms

Wed Jan 26 22:05:44 EST 2011

Timing is on.

           650 - LOAD_BN_SESSION_STAGE

BEGIN
Time: 0 hrs, 0 mins, 0 secs, 726 ms
SET
Time: 0 hrs, 0 mins, 0 secs, 23 ms
SET
Time: 0 hrs, 0 mins, 0 secs, 64 ms
CREATE TABLE
Time: 0 hrs, 0 mins, 49 secs, 882 ms
ANALYZE
Time: 0 hrs, 0 mins, 3 secs, 459 ms
 tmp_sessionized_stage 
-----------------------
              22312925
(1 row)

Time: 0 hrs, 0 mins, 0 secs, 478 ms
TRUNCATE
Time: 0 hrs, 0 mins, 0 secs, 543 ms
INSERT 0 1873283
Time: 0 hrs, 0 mins, 29 secs, 716 ms
ANALYZE
Time: 0 hrs, 0 mins, 1 secs, 990 ms
CREATE TABLE
Time: 0 hrs, 1 mins, 4 secs, 331 ms
CREATE INDEX
Time: 0 hrs, 0 mins, 5 secs, 686 ms
 tmp_first_last 
----------------
        1873283
(1 row)

Time: 0 hrs, 0 mins, 0 secs, 142 ms
ANALYZE
Time: 0 hrs, 0 mins, 0 secs, 709 ms
SET
Time: 0 hrs, 0 mins, 0 secs, 22 ms
SET
Time: 0 hrs, 0 mins, 0 secs, 34 ms
TRUNCATE
Time: 0 hrs, 0 mins, 10 secs, 334 ms
DROP
Time: 0 hrs, 0 mins, 0 secs, 338 ms
INSERT 0 1873283
Time: 0 hrs, 0 mins, 9 secs, 282 ms
 bn_session_stage 
------------------
          1873283
(1 row)

Time: 0 hrs, 0 mins, 1 secs, 774 ms
CREATE INDEX
Time: 0 hrs, 0 mins, 6 secs, 641 ms
ANALYZE
Time: 0 hrs, 0 mins, 13 secs, 295 ms
TRUNCATE
Time: 0 hrs, 0 mins, 5 secs, 491 ms
END
Time: 0 hrs, 0 mins, 25 secs, 924 ms

Wed Jan 26 22:09:35 EST 2011

BEGIN

           660 - LOAD_BN_SESSION_UPDATE_STAGE

SET
TRUNCATE
INSERT 0 0
END

Wed Jan 26 22:10:28 EST 2011

Timing is on.

           670 - LOAD_BN_SESSION_20101211.UPDATES

BEGIN
Time: 0 hrs, 0 mins, 0 secs, 954 ms
SET
Time: 0 hrs, 0 mins, 0 secs, 13 ms
UPDATE 0
Time: 0 hrs, 0 mins, 0 secs, 630 ms
END
Time: 0 hrs, 0 mins, 29 secs, 621 ms
VACUUM
Time: 0 hrs, 0 mins, 26 secs, 305 ms

Wed Jan 26 22:11:26 EST 2011

Timing is on.

           700 - LOAD_BN_SESSION

BEGIN
Time: 0 hrs, 0 mins, 1 secs, 427 ms
SET
Time: 0 hrs, 0 mins, 0 secs, 10 ms
INSERT 0 1873283
Time: 0 hrs, 0 mins, 13 secs, 201 ms
ANALYZE
Time: 0 hrs, 0 mins, 1 secs, 140 ms
END
Time: 0 hrs, 0 mins, 8 secs, 164 ms

Wed Jan 26 22:11:50 EST 2011

Timing is on.

            750 - LOAD_BN_SESSION_SUMMARY   

BEGIN
Time: 0 hrs, 0 mins, 0 secs, 983 ms
SET
Time: 0 hrs, 0 mins, 0 secs, 12 ms
CREATE TABLE
Time: 0 hrs, 0 mins, 17 secs, 441 ms
TRUNCATE
Time: 0 hrs, 0 mins, 0 secs, 972 ms
INSERT 0 285246
Time: 0 hrs, 0 mins, 4 secs, 745 ms
ANALYZE
Time: 0 hrs, 0 mins, 0 secs, 663 ms
 count(1) 
----------
   285246
(1 row)

Time: 0 hrs, 0 mins, 0 secs, 121 ms
END
Time: 0 hrs, 0 mins, 0 secs, 911 ms

Wed Jan 26 22:12:16 EST 2011

Timing is on.

           800 - LOAD_BN_HITS

BEGIN
Time: 0 hrs, 0 mins, 0 secs, 673 ms
SET
Time: 0 hrs, 0 mins, 0 secs, 12 ms
SET
Time: 0 hrs, 0 mins, 0 secs, 28 ms
SET
Time: 0 hrs, 0 mins, 0 secs, 22 ms
SET
Time: 0 hrs, 0 mins, 0 secs, 24 ms
TRUNCATE
Time: 0 hrs, 0 mins, 1 secs, 92 ms
INSERT 0 22312925
Time: 0 hrs, 0 mins, 28 secs, 364 ms
 count(1) 
----------
 22312925
(1 row)

Time: 0 hrs, 0 mins, 6 secs, 626 ms
ANALYZE
Time: 0 hrs, 0 mins, 4 secs, 203 ms
END
Time: 0 hrs, 0 mins, 18 secs, 361 ms

Wed Jan 26 22:13:16 EST 2011

Timing is on.

            900 - LOAD_CLICKSTREAM   

BEGIN
Time: 0 hrs, 0 mins, 1 secs, 124 ms
SET
Time: 0 hrs, 0 mins, 0 secs, 13 ms
TRUNCATE
Time: 0 hrs, 0 mins, 4 secs, 851 ms
INSERT 0 22312925
Time: 0 hrs, 2 mins, 17 secs, 869 ms
 count(1) 
----------
 22312925
(1 row)

Time: 0 hrs, 0 mins, 0 secs, 551 ms
ANALYZE
Time: 0 hrs, 0 mins, 1 secs, 610 ms
END
Time: 0 hrs, 0 mins, 13 secs, 369 ms

Wed Jan 26 22:15:56 EST 2011

Timing is on.

            1000 - PAGE_VIEW_SUMMARY  

BEGIN
Time: 0 hrs, 0 mins, 0 secs, 997 ms
SET
Time: 0 hrs, 0 mins, 0 secs, 11 ms
SET
Time: 0 hrs, 0 mins, 0 secs, 23 ms
TRUNCATE
Time: 0 hrs, 0 mins, 1 secs, 472 ms
INSERT 0 35279
Time: 0 hrs, 0 mins, 30 secs, 622 ms
 count(1) 
----------
    35279
(1 row)

Time: 0 hrs, 0 mins, 0 secs, 135 ms
ANALYZE
Time: 0 hrs, 0 mins, 0 secs, 41 ms
END
Time: 0 hrs, 0 mins, 42 secs, 978 ms

Wed Jan 26 22:17:12 EST 2011


2000 - WRAP UP 

Timing is on.
BEGIN
Time: 0 hrs, 0 mins, 0 secs, 838 ms
TRUNCATE
Time: 0 hrs, 0 mins, 2 secs, 327 ms
TRUNCATE
Time: 0 hrs, 0 mins, 2 secs, 413 ms
END
Time: 0 hrs, 0 mins, 17 secs, 576 ms
Wed Jan 26 22:17:35 EST 2011
Removing lock file and waiting for a minute
