nohup: ignoring input
Checking for lock file /tmp/.iislock
Acquired lock file /tmp/.iislock
-------------------------------------
Processing for 20110101
-------------------------------------

Sat Jan 15 00:27:41 EST 2011

Timing is on.

           000 - INIT

BEGIN
Time: 0 hrs, 0 mins, 0 secs, 595 ms
*** Truncating staging tables before workflow starts ***
SET
Time: 0 hrs, 0 mins, 0 secs, 10 ms
GRANT
Time: 0 hrs, 0 mins, 0 secs, 413 ms
END
Time: 0 hrs, 0 mins, 0 secs, 829 ms

Sat Jan 15 00:27:43 EST 2011

Timing is on.

            200 - LOAD_BN_IISLOGS   

BEGIN
Time: 0 hrs, 0 mins, 0 secs, 677 ms
SET
Time: 0 hrs, 0 mins, 0 secs, 10 ms
TRUNCATE
Time: 0 hrs, 0 mins, 0 secs, 244 ms
INSERT 0 47669614
Time: 0 hrs, 18 mins, 59 secs, 833 ms
END
Time: 0 hrs, 0 mins, 5 secs, 232 ms
ALTER TABLE
Time: 0 hrs, 0 mins, 3 secs, 89 ms

Sat Jan 15 00:46:52 EST 2011

Timing is on.
BEGIN
Time: 0 hrs, 0 mins, 1 secs, 143 ms
SET
Time: 0 hrs, 0 mins, 0 secs, 10 ms

            250 - LOAD_BN_HITS_SP   

TRUNCATE
Time: 0 hrs, 0 mins, 1 secs, 433 ms
INSERT 0 14312727
Time: 0 hrs, 3 mins, 31 secs, 47 ms
ANALYZE
Time: 0 hrs, 0 mins, 2 secs, 93 ms
END
Time: 0 hrs, 0 mins, 5 secs, 473 ms

Sat Jan 15 00:50:33 EST 2011

Timing is on.
BEGIN
Time: 0 hrs, 0 mins, 0 secs, 840 ms
SET
Time: 0 hrs, 0 mins, 0 secs, 12 ms

           300 - DYNAMIC FILTER

TRUNCATE
Time: 0 hrs, 0 mins, 0 secs, 318 ms
INSERT 0 9025984
Time: 0 hrs, 0 mins, 3 secs, 49 ms
ANALYZE
Time: 0 hrs, 0 mins, 0 secs, 326 ms
 Total records in web_click_cnt 
--------------------------------
                        9025984
(1 row)

Time: 0 hrs, 0 mins, 0 secs, 274 ms
CREATE TABLE
Time: 0 hrs, 0 mins, 2 secs, 325 ms
ANALYZE
Time: 0 hrs, 0 mins, 0 secs, 113 ms
CREATE TABLE
Time: 0 hrs, 0 mins, 0 secs, 389 ms
ANALYZE
Time: 0 hrs, 0 mins, 0 secs, 124 ms
DELETE 1
Time: 0 hrs, 0 mins, 0 secs, 151 ms
INSERT 0 1
Time: 0 hrs, 0 mins, 0 secs, 315 ms
DELETE 1
Time: 0 hrs, 0 mins, 0 secs, 113 ms
INSERT 0 1
Time: 0 hrs, 0 mins, 0 secs, 463 ms
CREATE TABLE
Time: 0 hrs, 0 mins, 1 secs, 841 ms
ANALYZE
Time: 0 hrs, 0 mins, 0 secs, 138 ms
CREATE TABLE
Time: 0 hrs, 0 mins, 0 secs, 409 ms
ANALYZE
Time: 0 hrs, 0 mins, 0 secs, 130 ms
DELETE 1
Time: 0 hrs, 0 mins, 0 secs, 103 ms
INSERT 0 1
Time: 0 hrs, 0 mins, 0 secs, 422 ms
DELETE 1
Time: 0 hrs, 0 mins, 0 secs, 142 ms
INSERT 0 1
Time: 0 hrs, 0 mins, 0 secs, 356 ms
ANALYZE
Time: 0 hrs, 0 mins, 0 secs, 159 ms
    tablename     |    attr_name    | attr_value 
------------------+-----------------+------------
 BN_FILTER_SPIDER | CLK_USER_SD_MPL | 10
 BN_FILTER_SPIDER | IP_USER_SD_MPL  | 1
 BN_FILTER_SPIDER | IP_USER_RATIO   | .955
 BN_FILTER_SPIDER | CLK_USER_MEAN   | 10.563
 BN_FILTER_SPIDER | CLK_USER_SD     | 292.112
 BN_FILTER_SPIDER | IP_USER_MEAN    | 5.988
 BN_FILTER_SPIDER | IP_USER_SD      | 1005.146
(7 rows)

Time: 0 hrs, 0 mins, 0 secs, 141 ms
CREATE TABLE
Time: 0 hrs, 0 mins, 3 secs, 303 ms
CREATE TABLE
Time: 0 hrs, 0 mins, 0 secs, 349 ms
 l_mean_sd_mpl 
---------------
      2931.683
(1 row)

Time: 0 hrs, 0 mins, 0 secs, 138 ms
TRUNCATE
Time: 0 hrs, 0 mins, 0 secs, 608 ms
INSERT 0 71
Time: 0 hrs, 0 mins, 7 secs, 828 ms
ANALYZE
Time: 0 hrs, 0 mins, 0 secs, 49 ms
 Total click_user bn_spider_ip records 
---------------------------------------
                                    71
(1 row)

Time: 0 hrs, 0 mins, 0 secs, 113 ms
CREATE TABLE
Time: 0 hrs, 0 mins, 1 secs, 337 ms
ANALYZE
Time: 0 hrs, 0 mins, 0 secs, 455 ms
CREATE TABLE
Time: 0 hrs, 0 mins, 1 secs, 916 ms
ANALYZE
Time: 0 hrs, 0 mins, 0 secs, 121 ms
DROP 
Time: 0 hrs, 0 mins, 0 secs, 338 ms
CREATE TABLE
Time: 0 hrs, 0 mins, 1 secs, 760 ms
 l_mean_sd_mpl | l_ratio 
---------------+---------
      1011.134 |   0.955
(1 row)

Time: 0 hrs, 0 mins, 0 secs, 390 ms
INSERT 0 5217229
Time: 0 hrs, 0 mins, 6 secs, 192 ms
ANALYZE
Time: 0 hrs, 0 mins, 0 secs, 209 ms
 Total ip_user_filter bn_spider_ip records 
-------------------------------------------
                                   5217229
(1 row)

Time: 0 hrs, 0 mins, 0 secs, 303 ms
TRUNCATE
Time: 0 hrs, 0 mins, 0 secs, 442 ms
INSERT 0 27350095
Time: 0 hrs, 0 mins, 46 secs, 283 ms
ANALYZE
Time: 0 hrs, 0 mins, 3 secs, 336 ms
 bn_hits_stage 
---------------
      27350095
(1 row)

Time: 0 hrs, 0 mins, 0 secs, 413 ms
INSERT 0 6006792
Time: 0 hrs, 0 mins, 29 secs, 682 ms
ANALYZE
Time: 0 hrs, 0 mins, 4 secs, 34 ms
 bn_hits_sp_20110101 
---------------------
            20319519
(1 row)

Time: 0 hrs, 0 mins, 14 secs, 9 ms
END
Time: 0 hrs, 0 mins, 1 secs, 497 ms

Sat Jan 15 00:52:51 EST 2011

Timing is on.
BEGIN
Time: 0 hrs, 0 mins, 0 secs, 709 ms

           600 - LOAD RESOURCES

SET
Time: 0 hrs, 0 mins, 0 secs, 34 ms
CREATE TABLE
Time: 0 hrs, 0 mins, 14 secs, 212 ms
ANALYZE
Time: 0 hrs, 0 mins, 0 secs, 608 ms
 tmp_a_count 
-------------
      225722
(1 row)

Time: 0 hrs, 0 mins, 0 secs, 253 ms
UPDATE 0
Time: 0 hrs, 0 mins, 2 secs, 187 ms
ANALYZE
Time: 0 hrs, 0 mins, 0 secs, 599 ms
TRUNCATE
Time: 0 hrs, 0 mins, 0 secs, 728 ms
INSERT 0 0
Time: 0 hrs, 0 mins, 4 secs, 94 ms
ANALYZE
Time: 0 hrs, 0 mins, 0 secs, 30 ms
 first_resource_id | last_resource_id 
-------------------+------------------
                   |                 
(1 row)

Time: 0 hrs, 0 mins, 0 secs, 192 ms
INSERT 0 0
Time: 0 hrs, 0 mins, 1 secs, 34 ms
 total_resources 
-----------------
        12544803
(1 row)

Time: 0 hrs, 0 mins, 0 secs, 185 ms
ANALYZE
Time: 0 hrs, 0 mins, 0 secs, 755 ms
END
Time: 0 hrs, 0 mins, 1 secs, 215 ms
VACUUM
Time: 0 hrs, 0 mins, 5 secs, 958 ms

Sat Jan 15 00:53:24 EST 2011

Timing is on.

           650 - LOAD_BN_SESSION_STAGE

BEGIN
Time: 0 hrs, 0 mins, 0 secs, 807 ms
SET
Time: 0 hrs, 0 mins, 0 secs, 11 ms
SET
Time: 0 hrs, 0 mins, 0 secs, 30 ms
CREATE TABLE
Time: 0 hrs, 1 mins, 24 secs, 853 ms
ANALYZE
Time: 0 hrs, 0 mins, 3 secs, 8 ms
 tmp_sessionized_stage 
-----------------------
              27350095
(1 row)

Time: 0 hrs, 0 mins, 0 secs, 433 ms
TRUNCATE
Time: 0 hrs, 0 mins, 0 secs, 830 ms
INSERT 0 3825021
Time: 0 hrs, 0 mins, 51 secs, 666 ms
ANALYZE
Time: 0 hrs, 0 mins, 1 secs, 94 ms
CREATE TABLE
Time: 0 hrs, 1 mins, 26 secs, 937 ms
CREATE INDEX
Time: 0 hrs, 0 mins, 0 secs, 409 ms
 tmp_first_last 
----------------
        3825021
(1 row)

Time: 0 hrs, 0 mins, 0 secs, 167 ms
ANALYZE
Time: 0 hrs, 0 mins, 1 secs, 242 ms
SET
Time: 0 hrs, 0 mins, 0 secs, 41 ms
SET
Time: 0 hrs, 0 mins, 0 secs, 45 ms
TRUNCATE
Time: 0 hrs, 0 mins, 1 secs, 56 ms
DROP
Time: 0 hrs, 0 mins, 0 secs, 47 ms
INSERT 0 3825021
Time: 0 hrs, 0 mins, 20 secs, 283 ms
 bn_session_stage 
------------------
          3825021
(1 row)

Time: 0 hrs, 0 mins, 0 secs, 684 ms
CREATE INDEX
Time: 0 hrs, 0 mins, 1 secs, 14 ms
ANALYZE
Time: 0 hrs, 0 mins, 1 secs, 721 ms
TRUNCATE
Time: 0 hrs, 0 mins, 1 secs, 723 ms
END
Time: 0 hrs, 0 mins, 5 secs, 465 ms

Sat Jan 15 00:57:48 EST 2011

BEGIN

           660 - LOAD_BN_SESSION_UPDATE_STAGE

SET
TRUNCATE
INSERT 0 0
END

Sat Jan 15 00:57:56 EST 2011

Timing is on.

           670 - LOAD_BN_SESSION_20110101.UPDATES

BEGIN
Time: 0 hrs, 0 mins, 0 secs, 837 ms
SET
Time: 0 hrs, 0 mins, 0 secs, 13 ms
UPDATE 0
Time: 0 hrs, 0 mins, 0 secs, 476 ms
END
Time: 0 hrs, 0 mins, 0 secs, 591 ms
VACUUM
Time: 0 hrs, 0 mins, 2 secs, 393 ms

Sat Jan 15 00:58:00 EST 2011

Timing is on.

           700 - LOAD_BN_SESSION

BEGIN
Time: 0 hrs, 0 mins, 0 secs, 747 ms
SET
Time: 0 hrs, 0 mins, 0 secs, 12 ms
INSERT 0 3825021
Time: 0 hrs, 0 mins, 9 secs, 947 ms
ANALYZE
Time: 0 hrs, 0 mins, 1 secs, 512 ms
END
Time: 0 hrs, 0 mins, 1 secs, 215 ms

Sat Jan 15 00:58:14 EST 2011

Timing is on.

            750 - LOAD_BN_SESSION_SUMMARY   

BEGIN
Time: 0 hrs, 0 mins, 0 secs, 701 ms
SET
Time: 0 hrs, 0 mins, 0 secs, 13 ms
CREATE TABLE
Time: 0 hrs, 0 mins, 8 secs, 118 ms
TRUNCATE
Time: 0 hrs, 0 mins, 0 secs, 867 ms
INSERT 0 312776
Time: 0 hrs, 0 mins, 4 secs, 620 ms
ANALYZE
Time: 0 hrs, 0 mins, 0 secs, 634 ms
 count(1) 
----------
   312776
(1 row)

Time: 0 hrs, 0 mins, 0 secs, 115 ms
END
Time: 0 hrs, 0 mins, 1 secs, 189 ms

Sat Jan 15 00:58:30 EST 2011

Timing is on.

           800 - LOAD_BN_HITS

BEGIN
Time: 0 hrs, 0 mins, 0 secs, 822 ms
SET
Time: 0 hrs, 0 mins, 0 secs, 9 ms
SET
Time: 0 hrs, 0 mins, 0 secs, 55 ms
SET
Time: 0 hrs, 0 mins, 0 secs, 27 ms
SET
Time: 0 hrs, 0 mins, 0 secs, 36 ms
TRUNCATE
Time: 0 hrs, 0 mins, 0 secs, 456 ms
INSERT 0 27350095
Time: 0 hrs, 0 mins, 15 secs, 708 ms
 count(1) 
----------
 27350095
(1 row)

Time: 0 hrs, 0 mins, 0 secs, 547 ms
ANALYZE
Time: 0 hrs, 0 mins, 2 secs, 777 ms
END
Time: 0 hrs, 0 mins, 1 secs, 329 ms

Sat Jan 15 00:58:52 EST 2011

Timing is on.

            900 - LOAD_CLICKSTREAM   

BEGIN
Time: 0 hrs, 0 mins, 0 secs, 766 ms
SET
Time: 0 hrs, 0 mins, 0 secs, 12 ms
TRUNCATE
Time: 0 hrs, 0 mins, 0 secs, 571 ms
INSERT 0 27350095
Time: 0 hrs, 2 mins, 2 secs, 152 ms
 count(1) 
----------
 27350095
(1 row)

Time: 0 hrs, 0 mins, 0 secs, 380 ms
ANALYZE
Time: 0 hrs, 0 mins, 1 secs, 242 ms
END
Time: 0 hrs, 0 mins, 2 secs, 34 ms

Sat Jan 15 01:01:00 EST 2011

Timing is on.

            1000 - PAGE_VIEW_SUMMARY  

BEGIN
Time: 0 hrs, 0 mins, 0 secs, 665 ms
SET
Time: 0 hrs, 0 mins, 0 secs, 11 ms
TRUNCATE
Time: 0 hrs, 0 mins, 0 secs, 404 ms
INSERT 0 236119
Time: 0 hrs, 0 mins, 5 secs, 293 ms
 count(1) 
----------
   236119
(1 row)

Time: 0 hrs, 0 mins, 0 secs, 170 ms
ANALYZE
Time: 0 hrs, 0 mins, 0 secs, 152 ms
END
Time: 0 hrs, 0 mins, 0 secs, 805 ms
Sat Jan 15 01:01:07 EST 2011
Removing lock file and waiting for a minute
Checking for lock file /tmp/.iislock
Acquired lock file /tmp/.iislock
-------------------------------------
Processing for 20110112
-------------------------------------

Sat Jan 15 01:02:07 EST 2011

Timing is on.

           000 - INIT

BEGIN
Time: 0 hrs, 0 mins, 0 secs, 629 ms
*** Truncating staging tables before workflow starts ***
SET
Time: 0 hrs, 0 mins, 0 secs, 13 ms
GRANT
Time: 0 hrs, 0 mins, 1 secs, 159 ms
END
Time: 0 hrs, 0 mins, 0 secs, 693 ms

Sat Jan 15 01:02:10 EST 2011

Timing is on.

            200 - LOAD_BN_IISLOGS   

BEGIN
Time: 0 hrs, 0 mins, 0 secs, 752 ms
SET
Time: 0 hrs, 0 mins, 0 secs, 12 ms
TRUNCATE
Time: 0 hrs, 0 mins, 0 secs, 689 ms
INSERT 0 64242808
Time: 0 hrs, 18 mins, 36 secs, 239 ms
END
Time: 0 hrs, 0 mins, 24 secs, 709 ms
ALTER TABLE
Time: 0 hrs, 0 mins, 4 secs, 69 ms

Sat Jan 15 01:21:17 EST 2011

Timing is on.
BEGIN
Time: 0 hrs, 0 mins, 1 secs, 128 ms
SET
Time: 0 hrs, 0 mins, 0 secs, 13 ms

            250 - LOAD_BN_HITS_SP   

TRUNCATE
Time: 0 hrs, 0 mins, 0 secs, 977 ms
INSERT 0 17507122
Time: 0 hrs, 4 mins, 21 secs, 701 ms
ANALYZE
Time: 0 hrs, 0 mins, 2 secs, 132 ms
END
Time: 0 hrs, 0 mins, 4 secs, 869 ms

Sat Jan 15 01:25:48 EST 2011

Timing is on.
BEGIN
Time: 0 hrs, 0 mins, 0 secs, 701 ms
SET
Time: 0 hrs, 0 mins, 0 secs, 12 ms

           300 - DYNAMIC FILTER

TRUNCATE
Time: 0 hrs, 0 mins, 0 secs, 464 ms
INSERT 0 14167095
Time: 0 hrs, 0 mins, 3 secs, 607 ms
ANALYZE
Time: 0 hrs, 0 mins, 0 secs, 405 ms
 Total records in web_click_cnt 
--------------------------------
                       14167095
(1 row)

Time: 0 hrs, 0 mins, 0 secs, 259 ms
CREATE TABLE
Time: 0 hrs, 0 mins, 3 secs, 19 ms
ANALYZE
Time: 0 hrs, 0 mins, 0 secs, 124 ms
CREATE TABLE
Time: 0 hrs, 0 mins, 0 secs, 400 ms
ANALYZE
Time: 0 hrs, 0 mins, 0 secs, 116 ms
DELETE 1
Time: 0 hrs, 0 mins, 0 secs, 283 ms
INSERT 0 1
Time: 0 hrs, 0 mins, 0 secs, 479 ms
DELETE 1
Time: 0 hrs, 0 mins, 0 secs, 138 ms
INSERT 0 1
Time: 0 hrs, 0 mins, 0 secs, 303 ms
CREATE TABLE
Time: 0 hrs, 0 mins, 2 secs, 356 ms
ANALYZE
Time: 0 hrs, 0 mins, 0 secs, 131 ms
CREATE TABLE
Time: 0 hrs, 0 mins, 0 secs, 422 ms
ANALYZE
Time: 0 hrs, 0 mins, 0 secs, 108 ms
DELETE 1
Time: 0 hrs, 0 mins, 0 secs, 118 ms
INSERT 0 1
Time: 0 hrs, 0 mins, 0 secs, 304 ms
DELETE 1
Time: 0 hrs, 0 mins, 0 secs, 104 ms
INSERT 0 1
Time: 0 hrs, 0 mins, 0 secs, 513 ms
ANALYZE
Time: 0 hrs, 0 mins, 0 secs, 149 ms
    tablename     |    attr_name    | attr_value 
------------------+-----------------+------------
 BN_FILTER_SPIDER | CLK_USER_SD_MPL | 10
 BN_FILTER_SPIDER | IP_USER_SD_MPL  | 1
 BN_FILTER_SPIDER | IP_USER_RATIO   | .955
 BN_FILTER_SPIDER | CLK_USER_MEAN   | 12.478
 BN_FILTER_SPIDER | CLK_USER_SD     | 274.618
 BN_FILTER_SPIDER | IP_USER_MEAN    | 8.487
 BN_FILTER_SPIDER | IP_USER_SD      | 1361.864
(7 rows)

Time: 0 hrs, 0 mins, 0 secs, 155 ms
CREATE TABLE
Time: 0 hrs, 0 mins, 4 secs, 259 ms
CREATE TABLE
Time: 0 hrs, 0 mins, 0 secs, 429 ms
 l_mean_sd_mpl 
---------------
      2758.658
(1 row)

Time: 0 hrs, 0 mins, 0 secs, 238 ms
TRUNCATE
Time: 0 hrs, 0 mins, 0 secs, 579 ms
INSERT 0 72
Time: 0 hrs, 0 mins, 9 secs, 462 ms
ANALYZE
Time: 0 hrs, 0 mins, 0 secs, 48 ms
 Total click_user bn_spider_ip records 
---------------------------------------
                                    72
(1 row)

Time: 0 hrs, 0 mins, 0 secs, 117 ms
CREATE TABLE
Time: 0 hrs, 0 mins, 1 secs, 514 ms
ANALYZE
Time: 0 hrs, 0 mins, 0 secs, 95 ms
CREATE TABLE
Time: 0 hrs, 0 mins, 2 secs, 125 ms
ANALYZE
Time: 0 hrs, 0 mins, 0 secs, 112 ms
DROP 
Time: 0 hrs, 0 mins, 0 secs, 391 ms
CREATE TABLE
Time: 0 hrs, 0 mins, 1 secs, 287 ms
 l_mean_sd_mpl | l_ratio 
---------------+---------
      1370.351 |   0.955
(1 row)

Time: 0 hrs, 0 mins, 0 secs, 387 ms
INSERT 0 9416143
Time: 0 hrs, 0 mins, 4 secs, 652 ms
ANALYZE
Time: 0 hrs, 0 mins, 0 secs, 655 ms
 Total ip_user_filter bn_spider_ip records 
-------------------------------------------
                                   9416143
(1 row)

Time: 0 hrs, 0 mins, 0 secs, 882 ms
TRUNCATE
Time: 0 hrs, 0 mins, 0 secs, 989 ms
INSERT 0 36289341
Time: 0 hrs, 0 mins, 51 secs, 102 ms
ANALYZE
Time: 0 hrs, 0 mins, 3 secs, 525 ms
 bn_hits_stage 
---------------
      36289341
(1 row)

Time: 0 hrs, 0 mins, 0 secs, 540 ms
INSERT 0 10446345
Time: 0 hrs, 0 mins, 31 secs, 773 ms
ANALYZE
Time: 0 hrs, 0 mins, 2 secs, 443 ms
 bn_hits_sp_20110112 
---------------------
            27953467
(1 row)

Time: 0 hrs, 0 mins, 11 secs, 518 ms
END
Time: 0 hrs, 0 mins, 1 secs, 756 ms

Sat Jan 15 01:28:14 EST 2011

Timing is on.
BEGIN
Time: 0 hrs, 0 mins, 1 secs, 507 ms

           600 - LOAD RESOURCES

SET
Time: 0 hrs, 0 mins, 0 secs, 11 ms
CREATE TABLE
Time: 0 hrs, 0 mins, 14 secs, 546 ms
ANALYZE
Time: 0 hrs, 0 mins, 0 secs, 601 ms
 tmp_a_count 
-------------
      221366
(1 row)

Time: 0 hrs, 0 mins, 0 secs, 436 ms
UPDATE 0
Time: 0 hrs, 0 mins, 2 secs, 362 ms
ANALYZE
Time: 0 hrs, 0 mins, 0 secs, 732 ms
TRUNCATE
Time: 0 hrs, 0 mins, 1 secs, 599 ms
INSERT 0 0
Time: 0 hrs, 0 mins, 4 secs, 199 ms
ANALYZE
Time: 0 hrs, 0 mins, 0 secs, 25 ms
 first_resource_id | last_resource_id 
-------------------+------------------
                   |                 
(1 row)

Time: 0 hrs, 0 mins, 0 secs, 496 ms
INSERT 0 0
Time: 0 hrs, 0 mins, 1 secs, 260 ms
 total_resources 
-----------------
        12544803
(1 row)

Time: 0 hrs, 0 mins, 0 secs, 185 ms
ANALYZE
Time: 0 hrs, 0 mins, 0 secs, 774 ms
END
Time: 0 hrs, 0 mins, 2 secs, 732 ms
VACUUM
Time: 0 hrs, 0 mins, 7 secs, 956 ms

Sat Jan 15 01:28:53 EST 2011

Timing is on.

           650 - LOAD_BN_SESSION_STAGE

BEGIN
Time: 0 hrs, 0 mins, 0 secs, 917 ms
SET
Time: 0 hrs, 0 mins, 0 secs, 14 ms
SET
Time: 0 hrs, 0 mins, 0 secs, 30 ms
CREATE TABLE
Time: 0 hrs, 1 mins, 39 secs, 683 ms
ANALYZE
Time: 0 hrs, 0 mins, 3 secs, 470 ms
 tmp_sessionized_stage 
-----------------------
              36289341
(1 row)

Time: 0 hrs, 0 mins, 0 secs, 530 ms
TRUNCATE
Time: 0 hrs, 0 mins, 0 secs, 355 ms
INSERT 0 4752445
Time: 0 hrs, 1 mins, 6 secs, 940 ms
ANALYZE
Time: 0 hrs, 0 mins, 1 secs, 86 ms
CREATE TABLE
Time: 0 hrs, 1 mins, 43 secs, 650 ms
CREATE INDEX
Time: 0 hrs, 0 mins, 0 secs, 633 ms
 tmp_first_last 
----------------
        4752445
(1 row)

Time: 0 hrs, 0 mins, 0 secs, 381 ms
ANALYZE
Time: 0 hrs, 0 mins, 1 secs, 77 ms
SET
Time: 0 hrs, 0 mins, 0 secs, 27 ms
SET
Time: 0 hrs, 0 mins, 0 secs, 20 ms
TRUNCATE
Time: 0 hrs, 0 mins, 0 secs, 904 ms
DROP
Time: 0 hrs, 0 mins, 0 secs, 44 ms
INSERT 0 4752445
Time: 0 hrs, 0 mins, 24 secs, 188 ms
 bn_session_stage 
------------------
          4752445
(1 row)

Time: 0 hrs, 0 mins, 1 secs, 769 ms
CREATE INDEX
Time: 0 hrs, 0 mins, 3 secs, 518 ms
ANALYZE
Time: 0 hrs, 0 mins, 1 secs, 987 ms
TRUNCATE
Time: 0 hrs, 0 mins, 1 secs, 282 ms
END
Time: 0 hrs, 0 mins, 3 secs, 138 ms

Sat Jan 15 01:34:09 EST 2011

BEGIN

           660 - LOAD_BN_SESSION_UPDATE_STAGE

SET
TRUNCATE
INSERT 0 0
END

Sat Jan 15 01:34:14 EST 2011

Timing is on.

           670 - LOAD_BN_SESSION_20110112.UPDATES

BEGIN
Time: 0 hrs, 0 mins, 1 secs, 255 ms
SET
Time: 0 hrs, 0 mins, 0 secs, 10 ms
UPDATE 0
Time: 0 hrs, 0 mins, 0 secs, 453 ms
END
Time: 0 hrs, 0 mins, 1 secs, 501 ms
VACUUM
Time: 0 hrs, 0 mins, 2 secs, 179 ms

Sat Jan 15 01:34:19 EST 2011

Timing is on.

           700 - LOAD_BN_SESSION

BEGIN
Time: 0 hrs, 0 mins, 0 secs, 687 ms
SET
Time: 0 hrs, 0 mins, 0 secs, 12 ms
INSERT 0 4752445
Time: 0 hrs, 0 mins, 10 secs, 693 ms
ANALYZE
Time: 0 hrs, 0 mins, 1 secs, 416 ms
END
Time: 0 hrs, 0 mins, 0 secs, 964 ms

Sat Jan 15 01:34:33 EST 2011

Timing is on.

            750 - LOAD_BN_SESSION_SUMMARY   

BEGIN
Time: 0 hrs, 0 mins, 0 secs, 694 ms
SET
Time: 0 hrs, 0 mins, 0 secs, 11 ms
CREATE TABLE
Time: 0 hrs, 0 mins, 9 secs, 57 ms
TRUNCATE
Time: 0 hrs, 0 mins, 1 secs, 25 ms
INSERT 0 332161
Time: 0 hrs, 0 mins, 4 secs, 528 ms
ANALYZE
Time: 0 hrs, 0 mins, 0 secs, 659 ms
 count(1) 
----------
   332161
(1 row)

Time: 0 hrs, 0 mins, 0 secs, 97 ms
END
Time: 0 hrs, 0 mins, 0 secs, 931 ms

Sat Jan 15 01:34:51 EST 2011

Timing is on.

           800 - LOAD_BN_HITS

BEGIN
Time: 0 hrs, 0 mins, 0 secs, 641 ms
SET
Time: 0 hrs, 0 mins, 0 secs, 12 ms
SET
Time: 0 hrs, 0 mins, 0 secs, 41 ms
SET
Time: 0 hrs, 0 mins, 0 secs, 26 ms
SET
Time: 0 hrs, 0 mins, 0 secs, 51 ms
TRUNCATE
Time: 0 hrs, 0 mins, 0 secs, 600 ms
INSERT 0 36289341
Time: 0 hrs, 0 mins, 16 secs, 628 ms
 count(1) 
----------
 36289341
(1 row)

Time: 0 hrs, 0 mins, 0 secs, 656 ms
ANALYZE
Time: 0 hrs, 0 mins, 3 secs, 20 ms
END
Time: 0 hrs, 0 mins, 1 secs, 785 ms

Sat Jan 15 01:35:14 EST 2011

Timing is on.

            900 - LOAD_CLICKSTREAM   

BEGIN
Time: 0 hrs, 0 mins, 0 secs, 649 ms
SET
Time: 0 hrs, 0 mins, 0 secs, 13 ms
TRUNCATE
Time: 0 hrs, 0 mins, 1 secs, 209 ms
INSERT 0 36289341
Time: 0 hrs, 2 mins, 26 secs, 7 ms
 count(1) 
----------
 36289341
(1 row)

Time: 0 hrs, 0 mins, 0 secs, 425 ms
ANALYZE
Time: 0 hrs, 0 mins, 1 secs, 256 ms
END
Time: 0 hrs, 0 mins, 1 secs, 928 ms

Sat Jan 15 01:37:46 EST 2011

Timing is on.

            1000 - PAGE_VIEW_SUMMARY  

BEGIN
Time: 0 hrs, 0 mins, 2 secs, 80 ms
SET
Time: 0 hrs, 0 mins, 0 secs, 11 ms
TRUNCATE
Time: 0 hrs, 0 mins, 1 secs, 436 ms
INSERT 0 233440
Time: 0 hrs, 0 mins, 5 secs, 382 ms
 count(1) 
----------
   233440
(1 row)

Time: 0 hrs, 0 mins, 0 secs, 196 ms
ANALYZE
Time: 0 hrs, 0 mins, 0 secs, 120 ms
END
Time: 0 hrs, 0 mins, 0 secs, 857 ms
Sat Jan 15 01:37:56 EST 2011
Removing lock file and waiting for a minute
Checking for lock file /tmp/.iislock
Acquired lock file /tmp/.iislock
-------------------------------------
Processing for 20110113
-------------------------------------

Sat Jan 15 01:38:56 EST 2011

Timing is on.

           000 - INIT

BEGIN
Time: 0 hrs, 0 mins, 0 secs, 785 ms
*** Truncating staging tables before workflow starts ***
SET
Time: 0 hrs, 0 mins, 0 secs, 16 ms
GRANT
Time: 0 hrs, 0 mins, 1 secs, 343 ms
END
Time: 0 hrs, 0 mins, 0 secs, 759 ms

Sat Jan 15 01:39:00 EST 2011

Timing is on.

            200 - LOAD_BN_IISLOGS   

BEGIN
Time: 0 hrs, 0 mins, 0 secs, 679 ms
SET
Time: 0 hrs, 0 mins, 0 secs, 15 ms
TRUNCATE
Time: 0 hrs, 0 mins, 0 secs, 292 ms
INSERT 0 46785525
Time: 0 hrs, 11 mins, 40 secs, 405 ms
END
Time: 0 hrs, 0 mins, 4 secs, 551 ms
ALTER TABLE
Time: 0 hrs, 0 mins, 2 secs, 189 ms

Sat Jan 15 01:50:48 EST 2011

Timing is on.
BEGIN
Time: 0 hrs, 0 mins, 0 secs, 914 ms
SET
Time: 0 hrs, 0 mins, 0 secs, 12 ms

            250 - LOAD_BN_HITS_SP   

TRUNCATE
Time: 0 hrs, 0 mins, 0 secs, 595 ms
INSERT 0 13315900
Time: 0 hrs, 3 mins, 31 secs, 517 ms
ANALYZE
Time: 0 hrs, 0 mins, 2 secs, 576 ms
END
Time: 0 hrs, 0 mins, 3 secs, 529 ms

Sat Jan 15 01:54:27 EST 2011

Timing is on.
BEGIN
Time: 0 hrs, 0 mins, 0 secs, 813 ms
SET
Time: 0 hrs, 0 mins, 0 secs, 10 ms

           300 - DYNAMIC FILTER

TRUNCATE
Time: 0 hrs, 0 mins, 5 secs, 52 ms
INSERT 0 11589561
Time: 0 hrs, 0 mins, 6 secs, 191 ms
ANALYZE
Time: 0 hrs, 0 mins, 0 secs, 367 ms
 Total records in web_click_cnt 
--------------------------------
                       11589561
(1 row)

Time: 0 hrs, 0 mins, 0 secs, 277 ms
CREATE TABLE
Time: 0 hrs, 0 mins, 2 secs, 376 ms
ANALYZE
Time: 0 hrs, 0 mins, 0 secs, 107 ms
CREATE TABLE
Time: 0 hrs, 0 mins, 0 secs, 290 ms
ANALYZE
Time: 0 hrs, 0 mins, 0 secs, 122 ms
DELETE 1
Time: 0 hrs, 0 mins, 0 secs, 168 ms
INSERT 0 1
Time: 0 hrs, 0 mins, 0 secs, 293 ms
DELETE 1
Time: 0 hrs, 0 mins, 0 secs, 88 ms
INSERT 0 1
Time: 0 hrs, 0 mins, 0 secs, 383 ms
CREATE TABLE
Time: 0 hrs, 0 mins, 1 secs, 731 ms
ANALYZE
Time: 0 hrs, 0 mins, 0 secs, 109 ms
CREATE TABLE
Time: 0 hrs, 0 mins, 0 secs, 214 ms
ANALYZE
Time: 0 hrs, 0 mins, 0 secs, 95 ms
DELETE 1
Time: 0 hrs, 0 mins, 0 secs, 107 ms
INSERT 0 1
Time: 0 hrs, 0 mins, 0 secs, 320 ms
DELETE 1
Time: 0 hrs, 0 mins, 0 secs, 93 ms
INSERT 0 1
Time: 0 hrs, 0 mins, 0 secs, 251 ms
ANALYZE
Time: 0 hrs, 0 mins, 0 secs, 54 ms
    tablename     |    attr_name    | attr_value 
------------------+-----------------+------------
 BN_FILTER_SPIDER | CLK_USER_SD_MPL | 10
 BN_FILTER_SPIDER | IP_USER_SD_MPL  | 1
 BN_FILTER_SPIDER | IP_USER_RATIO   | .955
 BN_FILTER_SPIDER | CLK_USER_MEAN   | 11.405
 BN_FILTER_SPIDER | CLK_USER_SD     | 256.117
 BN_FILTER_SPIDER | IP_USER_MEAN    | 9.202
 BN_FILTER_SPIDER | IP_USER_SD      | 1329.423
(7 rows)

Time: 0 hrs, 0 mins, 0 secs, 103 ms
CREATE TABLE
Time: 0 hrs, 0 mins, 3 secs, 229 ms
CREATE TABLE
Time: 0 hrs, 0 mins, 0 secs, 307 ms
 l_mean_sd_mpl 
---------------
      2572.575
(1 row)

Time: 0 hrs, 0 mins, 0 secs, 165 ms
TRUNCATE
Time: 0 hrs, 0 mins, 0 secs, 863 ms
INSERT 0 46
Time: 0 hrs, 0 mins, 7 secs, 141 ms
ANALYZE
Time: 0 hrs, 0 mins, 0 secs, 45 ms
 Total click_user bn_spider_ip records 
---------------------------------------
                                    46
(1 row)

Time: 0 hrs, 0 mins, 0 secs, 306 ms
CREATE TABLE
Time: 0 hrs, 0 mins, 1 secs, 427 ms
ANALYZE
Time: 0 hrs, 0 mins, 0 secs, 76 ms
CREATE TABLE
Time: 0 hrs, 0 mins, 1 secs, 806 ms
ANALYZE
Time: 0 hrs, 0 mins, 0 secs, 95 ms
DROP 
Time: 0 hrs, 0 mins, 0 secs, 338 ms
CREATE TABLE
Time: 0 hrs, 0 mins, 0 secs, 263 ms
 l_mean_sd_mpl | l_ratio 
---------------+---------
      1338.625 |   0.955
(1 row)

Time: 0 hrs, 0 mins, 0 secs, 174 ms
INSERT 0 8205821
Time: 0 hrs, 0 mins, 3 secs, 965 ms
ANALYZE
Time: 0 hrs, 0 mins, 0 secs, 383 ms
 Total ip_user_filter bn_spider_ip records 
-------------------------------------------
                                   8205821
(1 row)

Time: 0 hrs, 0 mins, 0 secs, 296 ms
TRUNCATE
Time: 0 hrs, 0 mins, 0 secs, 348 ms
INSERT 0 24545438
Time: 0 hrs, 0 mins, 31 secs, 520 ms
ANALYZE
Time: 0 hrs, 0 mins, 2 secs, 731 ms
 bn_hits_stage 
---------------
      24545438
(1 row)

Time: 0 hrs, 0 mins, 0 secs, 295 ms
INSERT 0 8924187
Time: 0 hrs, 0 mins, 32 secs, 248 ms
ANALYZE
Time: 0 hrs, 0 mins, 5 secs, 817 ms
 bn_hits_sp_20110113 
---------------------
            22240087
(1 row)

Time: 0 hrs, 0 mins, 13 secs, 961 ms
END
Time: 0 hrs, 0 mins, 3 secs, 121 ms

Sat Jan 15 01:56:38 EST 2011

Timing is on.
BEGIN
Time: 0 hrs, 0 mins, 2 secs, 359 ms

           600 - LOAD RESOURCES

SET
Time: 0 hrs, 0 mins, 0 secs, 11 ms
CREATE TABLE
Time: 0 hrs, 0 mins, 10 secs, 355 ms
ANALYZE
Time: 0 hrs, 0 mins, 0 secs, 499 ms
 tmp_a_count 
-------------
      168644
(1 row)

Time: 0 hrs, 0 mins, 0 secs, 546 ms
UPDATE 0
Time: 0 hrs, 0 mins, 2 secs, 172 ms
ANALYZE
Time: 0 hrs, 0 mins, 0 secs, 609 ms
TRUNCATE
Time: 0 hrs, 0 mins, 2 secs, 479 ms
INSERT 0 0
Time: 0 hrs, 0 mins, 4 secs, 888 ms
ANALYZE
Time: 0 hrs, 0 mins, 0 secs, 25 ms
 first_resource_id | last_resource_id 
-------------------+------------------
                   |                 
(1 row)

Time: 0 hrs, 0 mins, 0 secs, 726 ms
INSERT 0 0
Time: 0 hrs, 0 mins, 0 secs, 872 ms
 total_resources 
-----------------
        12544803
(1 row)

Time: 0 hrs, 0 mins, 0 secs, 156 ms
ANALYZE
Time: 0 hrs, 0 mins, 0 secs, 537 ms
END
Time: 0 hrs, 0 mins, 3 secs, 512 ms
VACUUM
Time: 0 hrs, 0 mins, 7 secs, 126 ms

Sat Jan 15 01:57:15 EST 2011

Timing is on.

           650 - LOAD_BN_SESSION_STAGE

BEGIN
Time: 0 hrs, 0 mins, 0 secs, 845 ms
SET
Time: 0 hrs, 0 mins, 0 secs, 12 ms
SET
Time: 0 hrs, 0 mins, 0 secs, 71 ms
CREATE TABLE
Time: 0 hrs, 1 mins, 11 secs, 305 ms
ANALYZE
Time: 0 hrs, 0 mins, 3 secs, 223 ms
 tmp_sessionized_stage 
-----------------------
              24545438
(1 row)

Time: 0 hrs, 0 mins, 0 secs, 333 ms
TRUNCATE
Time: 0 hrs, 0 mins, 0 secs, 586 ms
INSERT 0 3297305
Time: 0 hrs, 0 mins, 44 secs, 506 ms
ANALYZE
Time: 0 hrs, 0 mins, 0 secs, 958 ms
CREATE TABLE
Time: 0 hrs, 1 mins, 16 secs, 689 ms
CREATE INDEX
Time: 0 hrs, 0 mins, 0 secs, 539 ms
 tmp_first_last 
----------------
        3297305
(1 row)

Time: 0 hrs, 0 mins, 0 secs, 177 ms
ANALYZE
Time: 0 hrs, 0 mins, 1 secs, 108 ms
SET
Time: 0 hrs, 0 mins, 0 secs, 31 ms
SET
Time: 0 hrs, 0 mins, 0 secs, 28 ms
TRUNCATE
Time: 0 hrs, 0 mins, 1 secs, 676 ms
DROP
Time: 0 hrs, 0 mins, 0 secs, 208 ms
INSERT 0 3297305
Time: 0 hrs, 0 mins, 14 secs, 90 ms
 bn_session_stage 
------------------
          3297305
(1 row)

Time: 0 hrs, 0 mins, 0 secs, 477 ms
CREATE INDEX
Time: 0 hrs, 0 mins, 0 secs, 910 ms
ANALYZE
Time: 0 hrs, 0 mins, 1 secs, 406 ms
TRUNCATE
Time: 0 hrs, 0 mins, 1 secs, 738 ms
END
Time: 0 hrs, 0 mins, 2 secs, 838 ms

Sat Jan 15 02:00:59 EST 2011

BEGIN

           660 - LOAD_BN_SESSION_UPDATE_STAGE

SET
TRUNCATE
INSERT 0 0
END

Sat Jan 15 02:01:03 EST 2011

Timing is on.

           670 - LOAD_BN_SESSION_20110113.UPDATES

BEGIN
Time: 0 hrs, 0 mins, 0 secs, 705 ms
SET
Time: 0 hrs, 0 mins, 0 secs, 9 ms
UPDATE 0
Time: 0 hrs, 0 mins, 0 secs, 401 ms
END
Time: 0 hrs, 0 mins, 1 secs, 75 ms
VACUUM
Time: 0 hrs, 0 mins, 4 secs, 853 ms

Sat Jan 15 02:01:10 EST 2011

Timing is on.

           700 - LOAD_BN_SESSION

BEGIN
Time: 0 hrs, 0 mins, 0 secs, 732 ms
SET
Time: 0 hrs, 0 mins, 0 secs, 10 ms
INSERT 0 3297305
Time: 0 hrs, 0 mins, 9 secs, 687 ms
ANALYZE
Time: 0 hrs, 0 mins, 1 secs, 243 ms
END
Time: 0 hrs, 0 mins, 1 secs, 280 ms

Sat Jan 15 02:01:23 EST 2011

Timing is on.

            750 - LOAD_BN_SESSION_SUMMARY   

BEGIN
Time: 0 hrs, 0 mins, 0 secs, 696 ms
SET
Time: 0 hrs, 0 mins, 0 secs, 10 ms
CREATE TABLE
Time: 0 hrs, 0 mins, 8 secs, 429 ms
TRUNCATE
Time: 0 hrs, 0 mins, 1 secs, 95 ms
INSERT 0 262185
Time: 0 hrs, 0 mins, 4 secs, 47 ms
ANALYZE
Time: 0 hrs, 0 mins, 0 secs, 620 ms
 count(1) 
----------
   262185
(1 row)

Time: 0 hrs, 0 mins, 0 secs, 100 ms
END
Time: 0 hrs, 0 mins, 1 secs, 149 ms

Sat Jan 15 02:01:40 EST 2011

Timing is on.

           800 - LOAD_BN_HITS

BEGIN
Time: 0 hrs, 0 mins, 0 secs, 777 ms
SET
Time: 0 hrs, 0 mins, 0 secs, 10 ms
SET
Time: 0 hrs, 0 mins, 0 secs, 24 ms
SET
Time: 0 hrs, 0 mins, 0 secs, 21 ms
SET
Time: 0 hrs, 0 mins, 0 secs, 40 ms
TRUNCATE
Time: 0 hrs, 0 mins, 0 secs, 885 ms
INSERT 0 24545438
Time: 0 hrs, 0 mins, 13 secs, 156 ms
 count(1) 
----------
 24545438
(1 row)

Time: 0 hrs, 0 mins, 0 secs, 635 ms
ANALYZE
Time: 0 hrs, 0 mins, 2 secs, 964 ms
END
Time: 0 hrs, 0 mins, 1 secs, 901 ms

Sat Jan 15 02:02:00 EST 2011

Timing is on.

            900 - LOAD_CLICKSTREAM   

BEGIN
Time: 0 hrs, 0 mins, 0 secs, 758 ms
SET
Time: 0 hrs, 0 mins, 0 secs, 14 ms
TRUNCATE
Time: 0 hrs, 0 mins, 0 secs, 878 ms
INSERT 0 24545438
Time: 0 hrs, 1 mins, 45 secs, 353 ms
 count(1) 
----------
 24545438
(1 row)

Time: 0 hrs, 0 mins, 0 secs, 291 ms
ANALYZE
Time: 0 hrs, 0 mins, 1 secs, 206 ms
END
Time: 0 hrs, 0 mins, 1 secs, 917 ms

Sat Jan 15 02:03:51 EST 2011

Timing is on.

            1000 - PAGE_VIEW_SUMMARY  

BEGIN
Time: 0 hrs, 0 mins, 0 secs, 672 ms
SET
Time: 0 hrs, 0 mins, 0 secs, 11 ms
TRUNCATE
Time: 0 hrs, 0 mins, 0 secs, 452 ms
INSERT 0 177403
Time: 0 hrs, 0 mins, 4 secs, 419 ms
 count(1) 
----------
   177403
(1 row)

Time: 0 hrs, 0 mins, 0 secs, 737 ms
ANALYZE
Time: 0 hrs, 0 mins, 0 secs, 97 ms
END
Time: 0 hrs, 0 mins, 0 secs, 729 ms
Sat Jan 15 02:03:58 EST 2011
Removing lock file and waiting for a minute
