nohup: ignoring input
Checking for lock file /tmp/.iislock
Acquired lock file /tmp/.iislock
-------------------------------------
Processing for 20110102
-------------------------------------

Mon Jan 10 16:55:31 EST 2011

Timing is on.

           000 - INIT

BEGIN
Time: 0 hrs, 0 mins, 0 secs, 648 ms
*** Truncating staging tables before workflow starts ***
SET
Time: 0 hrs, 0 mins, 0 secs, 12 ms
TRUNCATE
Time: 0 hrs, 0 mins, 2 secs, 385 ms
TRUNCATE
Time: 0 hrs, 0 mins, 1 secs, 492 ms
TRUNCATE
Time: 0 hrs, 0 mins, 3 secs, 197 ms
TRUNCATE
Time: 0 hrs, 0 mins, 3 secs, 156 ms
TRUNCATE
Time: 0 hrs, 0 mins, 1 secs, 601 ms
TRUNCATE
Time: 0 hrs, 0 mins, 2 secs, 134 ms
TRUNCATE
Time: 0 hrs, 0 mins, 1 secs, 499 ms
END
Time: 0 hrs, 0 mins, 19 secs, 356 ms

Mon Jan 10 16:56:07 EST 2011

Timing is on.

            200 - LOAD_BN_IISLOGS   

BEGIN
Time: 0 hrs, 0 mins, 0 secs, 973 ms
SET
Time: 0 hrs, 0 mins, 0 secs, 11 ms
TRUNCATE
Time: 0 hrs, 0 mins, 3 secs, 202 ms
INSERT 0 44210188
Time: 0 hrs, 21 mins, 37 secs, 985 ms
END
Time: 0 hrs, 0 mins, 13 secs, 150 ms
ALTER TABLE
Time: 0 hrs, 0 mins, 1 secs, 699 ms

Mon Jan 10 17:18:04 EST 2011

Timing is on.
BEGIN
Time: 0 hrs, 0 mins, 0 secs, 747 ms
SET
Time: 0 hrs, 0 mins, 0 secs, 12 ms

            250 - LOAD_BN_HITS_SP   

TRUNCATE
Time: 0 hrs, 0 mins, 0 secs, 838 ms
INSERT 0 13508007
Time: 0 hrs, 3 mins, 57 secs, 946 ms
ANALYZE
Time: 0 hrs, 2 mins, 38 secs, 1 ms
END
Time: 0 hrs, 0 mins, 5 secs, 776 ms

Mon Jan 10 17:24:47 EST 2011

Timing is on.
BEGIN
Time: 0 hrs, 0 mins, 1 secs, 897 ms
SET
Time: 0 hrs, 0 mins, 0 secs, 8 ms

           300 - DYNAMIC FILTER

INSERT 0 8208768
Time: 0 hrs, 0 mins, 19 secs, 669 ms
ANALYZE
Time: 0 hrs, 0 mins, 1 secs, 489 ms
 Total records in web_click_cnt 
--------------------------------
                        8208768
(1 row)

Time: 0 hrs, 0 mins, 5 secs, 338 ms
CREATE TABLE
Time: 0 hrs, 0 mins, 6 secs, 68 ms
ANALYZE
Time: 0 hrs, 0 mins, 0 secs, 145 ms
CREATE TABLE
Time: 0 hrs, 0 mins, 0 secs, 783 ms
ANALYZE
Time: 0 hrs, 0 mins, 0 secs, 131 ms
DELETE 1
Time: 0 hrs, 0 mins, 1 secs, 470 ms
INSERT 0 1
Time: 0 hrs, 0 mins, 0 secs, 384 ms
DELETE 1
Time: 0 hrs, 0 mins, 0 secs, 91 ms
INSERT 0 1
Time: 0 hrs, 0 mins, 0 secs, 760 ms
CREATE TABLE
Time: 0 hrs, 0 mins, 9 secs, 389 ms
ANALYZE
Time: 0 hrs, 0 mins, 0 secs, 104 ms
CREATE TABLE
Time: 0 hrs, 0 mins, 1 secs, 79 ms
ANALYZE
Time: 0 hrs, 0 mins, 0 secs, 109 ms
DELETE 1
Time: 0 hrs, 0 mins, 0 secs, 135 ms
INSERT 0 1
Time: 0 hrs, 0 mins, 0 secs, 288 ms
DELETE 1
Time: 0 hrs, 0 mins, 0 secs, 106 ms
INSERT 0 1
Time: 0 hrs, 0 mins, 0 secs, 423 ms
ANALYZE
Time: 0 hrs, 0 mins, 0 secs, 165 ms
    tablename     |    attr_name    | attr_value 
------------------+-----------------+------------
 BN_FILTER_SPIDER | CLK_USER_SD_MPL | 10
 BN_FILTER_SPIDER | IP_USER_SD_MPL  | 1
 BN_FILTER_SPIDER | IP_USER_RATIO   | .955
 BN_FILTER_SPIDER | CLK_USER_MEAN   | 9.883
 BN_FILTER_SPIDER | CLK_USER_SD     | 228.696
 BN_FILTER_SPIDER | IP_USER_MEAN    | 5.228
 BN_FILTER_SPIDER | IP_USER_SD      | 857.960
(7 rows)

Time: 0 hrs, 0 mins, 0 secs, 131 ms
CREATE TABLE
Time: 0 hrs, 0 mins, 9 secs, 991 ms
CREATE TABLE
Time: 0 hrs, 0 mins, 3 secs, 930 ms
 l_mean_sd_mpl 
---------------
      2296.843
(1 row)

Time: 0 hrs, 0 mins, 0 secs, 460 ms
INSERT 0 92
Time: 0 hrs, 0 mins, 10 secs, 69 ms
ANALYZE
Time: 0 hrs, 0 mins, 0 secs, 499 ms
 Total click_user bn_spider_ip records 
---------------------------------------
                                    92
(1 row)

Time: 0 hrs, 0 mins, 0 secs, 676 ms
CREATE TABLE
Time: 0 hrs, 0 mins, 2 secs, 63 ms
ANALYZE
Time: 0 hrs, 0 mins, 0 secs, 94 ms
CREATE TABLE
Time: 0 hrs, 0 mins, 4 secs, 574 ms
ANALYZE
Time: 0 hrs, 0 mins, 0 secs, 125 ms
DROP 
Time: 0 hrs, 0 mins, 0 secs, 361 ms
CREATE TABLE
Time: 0 hrs, 0 mins, 2 secs, 174 ms
 l_mean_sd_mpl | l_ratio 
---------------+---------
       863.188 |   0.955
(1 row)

Time: 0 hrs, 0 mins, 0 secs, 506 ms
INSERT 0 4656506
Time: 0 hrs, 0 mins, 6 secs, 474 ms
ANALYZE
Time: 0 hrs, 0 mins, 0 secs, 179 ms
 Total ip_user_filter bn_spider_ip records 
-------------------------------------------
                                   4656506
(1 row)

Time: 0 hrs, 0 mins, 0 secs, 249 ms
INSERT 0 25252552
Time: 0 hrs, 0 mins, 45 secs, 69 ms
ANALYZE
Time: 0 hrs, 0 mins, 2 secs, 994 ms
 bn_hits_stage 
---------------
      25252552
(1 row)

Time: 0 hrs, 0 mins, 1 secs, 341 ms
INSERT 0 5449629
Time: 0 hrs, 0 mins, 42 secs, 903 ms
ANALYZE
Time: 0 hrs, 0 mins, 6 secs, 633 ms
 bn_hits_sp_20110102 
---------------------
            18957636
(1 row)

Time: 0 hrs, 0 mins, 10 secs, 416 ms
END
Time: 0 hrs, 0 mins, 14 secs, 624 ms

Mon Jan 10 17:28:24 EST 2011

Timing is on.
BEGIN
Time: 0 hrs, 0 mins, 0 secs, 720 ms

           600 - LOAD RESOURCES

SET
Time: 0 hrs, 0 mins, 0 secs, 15 ms
CREATE TABLE
Time: 0 hrs, 0 mins, 27 secs, 413 ms
ANALYZE
Time: 0 hrs, 0 mins, 0 secs, 715 ms
 tmp_a_count 
-------------
      215198
(1 row)

Time: 0 hrs, 0 mins, 0 secs, 509 ms
UPDATE 0
Time: 0 hrs, 0 mins, 2 secs, 539 ms
ANALYZE
Time: 0 hrs, 0 mins, 0 secs, 760 ms
TRUNCATE
Time: 0 hrs, 0 mins, 1 secs, 775 ms
INSERT 0 0
Time: 0 hrs, 0 mins, 4 secs, 628 ms
ANALYZE
Time: 0 hrs, 0 mins, 0 secs, 29 ms
 first_resource_id | last_resource_id 
-------------------+------------------
                   |                 
(1 row)

Time: 0 hrs, 0 mins, 0 secs, 313 ms
INSERT 0 0
Time: 0 hrs, 0 mins, 1 secs, 632 ms
 total_resources 
-----------------
        11925454
(1 row)

Time: 0 hrs, 0 mins, 0 secs, 238 ms
ANALYZE
Time: 0 hrs, 0 mins, 0 secs, 629 ms
END
Time: 0 hrs, 0 mins, 1 secs, 907 ms
VACUUM
Time: 0 hrs, 0 mins, 7 secs, 571 ms

Mon Jan 10 17:29:16 EST 2011

Timing is on.

           650 - LOAD_BN_SESSION_STAGE

BEGIN
Time: 0 hrs, 0 mins, 0 secs, 645 ms
SET
Time: 0 hrs, 0 mins, 0 secs, 13 ms
CREATE TABLE
Time: 0 hrs, 1 mins, 18 secs, 927 ms
ANALYZE
Time: 0 hrs, 0 mins, 2 secs, 672 ms
INSERT 0 3992639
Time: 0 hrs, 0 mins, 47 secs, 918 ms
ANALYZE
Time: 0 hrs, 0 mins, 0 secs, 916 ms
CREATE TABLE
Time: 0 hrs, 0 mins, 24 secs, 561 ms
ANALYZE
Time: 0 hrs, 0 mins, 0 secs, 233 ms
CREATE TABLE
Time: 0 hrs, 0 mins, 52 secs, 368 ms
ANALYZE
Time: 0 hrs, 0 mins, 0 secs, 768 ms
INSERT 0 3992639
Time: 0 hrs, 13 mins, 1 secs, 906 ms
 bn_session_stage 
------------------
          3992639
(1 row)

Time: 0 hrs, 0 mins, 1 secs, 161 ms
ANALYZE
Time: 0 hrs, 0 mins, 1 secs, 713 ms
TRUNCATE
Time: 0 hrs, 0 mins, 1 secs, 584 ms
END
Time: 0 hrs, 0 mins, 17 secs, 455 ms

Mon Jan 10 17:46:09 EST 2011

BEGIN

           660 - LOAD_BN_SESSION_UPDATE_STAGE

SET
INSERT 0 0
END

Mon Jan 10 17:46:15 EST 2011

Timing is on.

           670 - LOAD_BN_SESSION_20110102.UPDATES

BEGIN
Time: 0 hrs, 0 mins, 0 secs, 723 ms
SET
Time: 0 hrs, 0 mins, 0 secs, 13 ms
UPDATE 0
Time: 0 hrs, 0 mins, 0 secs, 528 ms
END
Time: 0 hrs, 0 mins, 3 secs, 953 ms
VACUUM
Time: 0 hrs, 0 mins, 5 secs, 394 ms

Mon Jan 10 17:46:26 EST 2011

Timing is on.

           700 - LOAD_BN_SESSION

BEGIN
Time: 0 hrs, 0 mins, 0 secs, 605 ms
SET
Time: 0 hrs, 0 mins, 0 secs, 11 ms
INSERT 0 3992639
Time: 0 hrs, 0 mins, 9 secs, 466 ms
ANALYZE
Time: 0 hrs, 0 mins, 1 secs, 286 ms
END
Time: 0 hrs, 0 mins, 4 secs, 328 ms

Mon Jan 10 17:46:42 EST 2011

Timing is on.

            750 - LOAD_BN_SESSION_SUMMARY   

BEGIN
Time: 0 hrs, 0 mins, 0 secs, 623 ms
SET
Time: 0 hrs, 0 mins, 0 secs, 12 ms
CREATE TABLE
Time: 0 hrs, 0 mins, 9 secs, 564 ms
TRUNCATE
Time: 0 hrs, 0 mins, 0 secs, 712 ms
INSERT 0 342454
Time: 0 hrs, 0 mins, 4 secs, 236 ms
ANALYZE
Time: 0 hrs, 0 mins, 0 secs, 679 ms
 count(1) 
----------
   342454
(1 row)

Time: 0 hrs, 0 mins, 0 secs, 242 ms
END
Time: 0 hrs, 0 mins, 4 secs, 292 ms

Mon Jan 10 17:47:03 EST 2011

Timing is on.

           800 - LOAD_BN_HITS

BEGIN
Time: 0 hrs, 0 mins, 0 secs, 633 ms
SET
Time: 0 hrs, 0 mins, 0 secs, 7 ms
TRUNCATE
Time: 0 hrs, 0 mins, 0 secs, 770 ms
INSERT 0 25252552
Time: 0 hrs, 12 mins, 1 secs, 728 ms
 count(1) 
----------
 25252552
(1 row)

Time: 0 hrs, 0 mins, 2 secs, 647 ms
ANALYZE
Time: 0 hrs, 0 mins, 2 secs, 583 ms
END
Time: 0 hrs, 0 mins, 59 secs, 457 ms

Mon Jan 10 18:00:11 EST 2011

Timing is on.

            900 - LOAD_CLICKSTREAM   

BEGIN
Time: 0 hrs, 0 mins, 1 secs, 139 ms
SET
Time: 0 hrs, 0 mins, 0 secs, 10 ms
TRUNCATE
Time: 0 hrs, 0 mins, 7 secs, 545 ms
INSERT 0 25252552
Time: 0 hrs, 2 mins, 47 secs, 900 ms
 count(1) 
----------
 25252552
(1 row)

Time: 0 hrs, 0 mins, 0 secs, 275 ms
ANALYZE
Time: 0 hrs, 0 mins, 0 secs, 966 ms
END
Time: 0 hrs, 0 mins, 24 secs, 493 ms

Mon Jan 10 18:03:34 EST 2011

Timing is on.

            1000 - PAGE_VIEW_SUMMARY  

BEGIN
Time: 0 hrs, 0 mins, 0 secs, 633 ms
SET
Time: 0 hrs, 0 mins, 0 secs, 8 ms
TRUNCATE
Time: 0 hrs, 0 mins, 0 secs, 653 ms
INSERT 0 222886
Time: 0 hrs, 0 mins, 6 secs, 82 ms
 count(1) 
----------
   222886
(1 row)

Time: 0 hrs, 0 mins, 0 secs, 185 ms
ANALYZE
Time: 0 hrs, 0 mins, 0 secs, 86 ms
END
Time: 0 hrs, 0 mins, 1 secs, 324 ms
Mon Jan 10 18:03:43 EST 2011
Removing lock file and waiting for a minute
