Checking for lock file /tmp/.iislock
Acquired lock file /tmp/.iislock
-------------------------------------
Processing for 20101223
-------------------------------------

Fri Dec 24 08:30:10 EST 2010

Timing is on.

           000 - INIT

BEGIN
Time: 0 hrs, 0 mins, 0 secs, 600 ms
*** Truncating staging tables before workflow starts ***
SET
Time: 0 hrs, 0 mins, 0 secs, 9 ms
TRUNCATE
Time: 0 hrs, 0 mins, 1 secs, 530 ms
TRUNCATE
Time: 0 hrs, 0 mins, 0 secs, 857 ms
TRUNCATE
Time: 0 hrs, 0 mins, 1 secs, 0 ms
TRUNCATE
Time: 0 hrs, 0 mins, 1 secs, 630 ms
TRUNCATE
Time: 0 hrs, 0 mins, 0 secs, 984 ms
TRUNCATE
Time: 0 hrs, 0 mins, 1 secs, 513 ms
TRUNCATE
Time: 0 hrs, 0 mins, 0 secs, 423 ms
END
Time: 0 hrs, 0 mins, 26 secs, 593 ms

Fri Dec 24 08:30:46 EST 2010

Timing is on.

            200 - LOAD_BN_IISLOGS   

BEGIN
Time: 0 hrs, 0 mins, 0 secs, 704 ms
SET
Time: 0 hrs, 0 mins, 0 secs, 11 ms
TRUNCATE
Time: 0 hrs, 0 mins, 0 secs, 409 ms
INSERT 0 38314547
Time: 0 hrs, 9 mins, 36 secs, 168 ms
END
Time: 0 hrs, 0 mins, 29 secs, 662 ms
ALTER TABLE
Time: 0 hrs, 10 mins, 3 secs, 234 ms

Fri Dec 24 08:50:57 EST 2010

Timing is on.
BEGIN
Time: 0 hrs, 0 mins, 0 secs, 754 ms
SET
Time: 0 hrs, 0 mins, 0 secs, 9 ms

            250 - LOAD_BN_HITS_SP   

TRUNCATE
Time: 0 hrs, 0 mins, 0 secs, 950 ms
INSERT 0 10914378
Time: 0 hrs, 3 mins, 25 secs, 983 ms
ANALYZE
Time: 0 hrs, 0 mins, 1 secs, 403 ms
END
Time: 0 hrs, 0 mins, 35 secs, 532 ms

Fri Dec 24 08:55:02 EST 2010

Timing is on.
BEGIN
Time: 0 hrs, 0 mins, 0 secs, 607 ms
SET
Time: 0 hrs, 0 mins, 0 secs, 9 ms

           300 - DYNAMIC FILTER

INSERT 0 9681649
Time: 0 hrs, 0 mins, 2 secs, 105 ms
ANALYZE
Time: 0 hrs, 0 mins, 0 secs, 305 ms
 Total records in web_click_cnt 
--------------------------------
                        9681649
(1 row)

Time: 0 hrs, 0 mins, 0 secs, 186 ms
CREATE TABLE
Time: 0 hrs, 0 mins, 1 secs, 902 ms
ANALYZE
Time: 0 hrs, 0 mins, 0 secs, 129 ms
CREATE TABLE
Time: 0 hrs, 0 mins, 0 secs, 334 ms
ANALYZE
Time: 0 hrs, 0 mins, 0 secs, 208 ms
DELETE 1
Time: 0 hrs, 0 mins, 0 secs, 136 ms
INSERT 0 1
Time: 0 hrs, 0 mins, 0 secs, 274 ms
DELETE 1
Time: 0 hrs, 0 mins, 0 secs, 68 ms
INSERT 0 1
Time: 0 hrs, 0 mins, 0 secs, 576 ms
CREATE TABLE
Time: 0 hrs, 0 mins, 1 secs, 968 ms
ANALYZE
Time: 0 hrs, 0 mins, 0 secs, 141 ms
CREATE TABLE
Time: 0 hrs, 0 mins, 0 secs, 430 ms
ANALYZE
Time: 0 hrs, 0 mins, 0 secs, 152 ms
DELETE 1
Time: 0 hrs, 0 mins, 0 secs, 135 ms
INSERT 0 1
Time: 0 hrs, 0 mins, 0 secs, 265 ms
DELETE 1
Time: 0 hrs, 0 mins, 0 secs, 110 ms
INSERT 0 1
Time: 0 hrs, 0 mins, 0 secs, 437 ms
ANALYZE
Time: 0 hrs, 0 mins, 1 secs, 492 ms
    tablename     |    attr_name    | attr_value 
------------------+-----------------+------------
 BN_FILTER_SPIDER | CLK_USER_SD_MPL | 10
 BN_FILTER_SPIDER | IP_USER_SD_MPL  | 1
 BN_FILTER_SPIDER | IP_USER_RATIO   | .955
 BN_FILTER_SPIDER | CLK_USER_MEAN   | 9.536
 BN_FILTER_SPIDER | CLK_USER_SD     | 294.802
 BN_FILTER_SPIDER | IP_USER_MEAN    | 7.376
 BN_FILTER_SPIDER | IP_USER_SD      | 895.569
(7 rows)

Time: 0 hrs, 0 mins, 0 secs, 416 ms
CREATE TABLE
Time: 0 hrs, 0 mins, 4 secs, 446 ms
CREATE TABLE
Time: 0 hrs, 0 mins, 0 secs, 435 ms
 l_mean_sd_mpl 
---------------
      2957.556
(1 row)

Time: 0 hrs, 0 mins, 0 secs, 182 ms
INSERT 0 37
Time: 0 hrs, 0 mins, 5 secs, 26 ms
ANALYZE
Time: 0 hrs, 0 mins, 0 secs, 705 ms
 Total click_user bn_spider_ip records 
---------------------------------------
                                    37
(1 row)

Time: 0 hrs, 0 mins, 0 secs, 264 ms
CREATE TABLE
Time: 0 hrs, 0 mins, 2 secs, 966 ms
ANALYZE
Time: 0 hrs, 0 mins, 0 secs, 78 ms
CREATE TABLE
Time: 0 hrs, 0 mins, 1 secs, 397 ms
ANALYZE
Time: 0 hrs, 0 mins, 0 secs, 245 ms
DROP 
Time: 0 hrs, 0 mins, 0 secs, 348 ms
CREATE TABLE
Time: 0 hrs, 0 mins, 0 secs, 180 ms
 l_mean_sd_mpl | l_ratio 
---------------+---------
       902.945 |   0.955
(1 row)

Time: 0 hrs, 0 mins, 0 secs, 367 ms
INSERT 0 6593223
Time: 0 hrs, 0 mins, 3 secs, 411 ms
ANALYZE
Time: 0 hrs, 0 mins, 0 secs, 933 ms
 Total ip_user_filter bn_spider_ip records 
-------------------------------------------
                                   6593223
(1 row)

Time: 0 hrs, 0 mins, 0 secs, 348 ms
INSERT 0 20163248
Time: 0 hrs, 0 mins, 21 secs, 813 ms
ANALYZE
Time: 0 hrs, 0 mins, 4 secs, 146 ms
 bn_hits_stage 
---------------
      20163248
(1 row)

Time: 0 hrs, 0 mins, 0 secs, 226 ms
INSERT 0 7236921
Time: 0 hrs, 0 mins, 25 secs, 536 ms
ANALYZE
Time: 0 hrs, 0 mins, 1 secs, 777 ms
 bn_hits_sp_20101223 
---------------------
            18151299
(1 row)

Time: 0 hrs, 0 mins, 7 secs, 920 ms
END
Time: 0 hrs, 0 mins, 29 secs, 440 ms

Fri Dec 24 08:57:06 EST 2010

Timing is on.
BEGIN
Time: 0 hrs, 0 mins, 0 secs, 755 ms

           600 - LOAD RESOURCES

SET
Time: 0 hrs, 0 mins, 0 secs, 12 ms
CREATE TABLE
Time: 0 hrs, 0 mins, 8 secs, 924 ms
ANALYZE
Time: 0 hrs, 0 mins, 0 secs, 535 ms
 tmp_a_count 
-------------
      148092
(1 row)

Time: 0 hrs, 0 mins, 1 secs, 130 ms
UPDATE 0
Time: 0 hrs, 1 mins, 10 secs, 859 ms
ANALYZE
Time: 0 hrs, 0 mins, 4 secs, 200 ms
INSERT 0 99390
Time: 0 hrs, 1 mins, 9 secs, 390 ms

Time: 0 hrs, 0 mins, 0 secs, 11 ms
ANALYZE
Time: 0 hrs, 0 mins, 1 secs, 219 ms
END
Time: 0 hrs, 0 mins, 31 secs, 265 ms
VACUUM
Time: 0 hrs, 0 mins, 35 secs, 383 ms

Fri Dec 24 09:00:50 EST 2010

Timing is on.

           650 - LOAD_BN_SESSION_STAGE

BEGIN
Time: 0 hrs, 0 mins, 0 secs, 974 ms
SET
Time: 0 hrs, 0 mins, 0 secs, 10 ms
CREATE TABLE
Time: 0 hrs, 0 mins, 51 secs, 213 ms
ANALYZE
Time: 0 hrs, 0 mins, 3 secs, 489 ms
INSERT 0 3305190
Time: 0 hrs, 0 mins, 43 secs, 337 ms
ANALYZE
Time: 0 hrs, 0 mins, 0 secs, 792 ms
CREATE TABLE
Time: 0 hrs, 0 mins, 18 secs, 855 ms
ANALYZE
Time: 0 hrs, 0 mins, 0 secs, 223 ms
CREATE TABLE
Time: 0 hrs, 0 mins, 36 secs, 888 ms
ANALYZE
Time: 0 hrs, 0 mins, 0 secs, 825 ms
INSERT 0 3305190
Time: 0 hrs, 1 mins, 24 secs, 360 ms
 bn_session_stage 
------------------
          3305190
(1 row)

Time: 0 hrs, 0 mins, 0 secs, 539 ms
ANALYZE
Time: 0 hrs, 0 mins, 1 secs, 357 ms
TRUNCATE
Time: 0 hrs, 0 mins, 0 secs, 848 ms
END
Time: 0 hrs, 0 mins, 26 secs, 794 ms

Fri Dec 24 09:05:21 EST 2010

BEGIN

           660 - LOAD_BN_SESSION_UPDATE_STAGE

SET
INSERT 0 0
END

Fri Dec 24 09:06:00 EST 2010

Timing is on.

           670 - LOAD_BN_SESSION_20101223.UPDATES

BEGIN
Time: 0 hrs, 0 mins, 0 secs, 583 ms
SET
Time: 0 hrs, 0 mins, 0 secs, 11 ms
UPDATE 0
Time: 0 hrs, 0 mins, 0 secs, 451 ms
END
Time: 0 hrs, 0 mins, 21 secs, 963 ms
VACUUM
Time: 0 hrs, 0 mins, 23 secs, 607 ms

Fri Dec 24 09:06:47 EST 2010

Timing is on.

           700 - LOAD_BN_SESSION

BEGIN
Time: 0 hrs, 0 mins, 0 secs, 694 ms
SET
Time: 0 hrs, 0 mins, 0 secs, 11 ms
INSERT 0 3305190
Time: 0 hrs, 0 mins, 6 secs, 746 ms
ANALYZE
Time: 0 hrs, 0 mins, 0 secs, 958 ms
END
Time: 0 hrs, 0 mins, 27 secs, 772 ms

Fri Dec 24 09:07:23 EST 2010

Timing is on.

            750 - LOAD_BN_SESSION_SUMMARY   

BEGIN
Time: 0 hrs, 0 mins, 1 secs, 24 ms
SET
Time: 0 hrs, 0 mins, 0 secs, 10 ms
CREATE TABLE
Time: 0 hrs, 0 mins, 10 secs, 38 ms
TRUNCATE
Time: 0 hrs, 0 mins, 1 secs, 239 ms
INSERT 0 267764
Time: 0 hrs, 0 mins, 4 secs, 799 ms
ANALYZE
Time: 0 hrs, 0 mins, 0 secs, 662 ms
 count(1) 
----------
   267764
(1 row)

Time: 0 hrs, 0 mins, 0 secs, 156 ms
END
Time: 0 hrs, 0 mins, 20 secs, 141 ms

Fri Dec 24 09:08:01 EST 2010

Timing is on.

           800 - LOAD_BN_HITS

BEGIN
Time: 0 hrs, 0 mins, 0 secs, 701 ms
SET
Time: 0 hrs, 0 mins, 0 secs, 11 ms
TRUNCATE
Time: 0 hrs, 0 mins, 0 secs, 545 ms
INSERT 0 20163248
Time: 0 hrs, 1 mins, 20 secs, 603 ms
 count(1) 
----------
 20163248
(1 row)

Time: 0 hrs, 0 mins, 0 secs, 256 ms
ANALYZE
Time: 0 hrs, 0 mins, 2 secs, 212 ms
END
Time: 0 hrs, 1 mins, 50 secs, 567 ms

Fri Dec 24 09:11:16 EST 2010

Timing is on.

            900 - LOAD_CLICKSTREAM   

BEGIN
Time: 0 hrs, 0 mins, 0 secs, 899 ms
SET
Time: 0 hrs, 0 mins, 0 secs, 10 ms
TRUNCATE
Time: 0 hrs, 0 mins, 1 secs, 636 ms
INSERT 0 20163248
Time: 0 hrs, 1 mins, 34 secs, 674 ms
 count(1) 
----------
 20163248
(1 row)

Time: 0 hrs, 0 mins, 0 secs, 696 ms
ANALYZE
Time: 0 hrs, 0 mins, 1 secs, 127 ms
END
Time: 0 hrs, 2 mins, 19 secs, 874 ms

Fri Dec 24 09:15:16 EST 2010

Timing is on.

            1000 - PAGE_VIEW_SUMMARY  

BEGIN
Time: 0 hrs, 0 mins, 0 secs, 949 ms
SET
Time: 0 hrs, 0 mins, 0 secs, 12 ms
TRUNCATE
Time: 0 hrs, 0 mins, 2 secs, 664 ms
INSERT 0 153705
Time: 0 hrs, 0 mins, 4 secs, 629 ms
 count(1) 
----------
   153705
(1 row)

Time: 0 hrs, 0 mins, 0 secs, 163 ms
ANALYZE
Time: 0 hrs, 0 mins, 0 secs, 95 ms
END
Time: 0 hrs, 1 mins, 45 secs, 305 ms
Removing lock file and waiting for a minute
Checking for lock file /tmp/.iislock
Acquired lock file /tmp/.iislock
-------------------------------------
Processing for 20101223
-------------------------------------

Sat Dec 25 10:47:20 EST 2010

Timing is on.

           000 - INIT

BEGIN
Time: 0 hrs, 0 mins, 0 secs, 662 ms
*** Truncating staging tables before workflow starts ***
SET
Time: 0 hrs, 0 mins, 0 secs, 13 ms
TRUNCATE
Time: 0 hrs, 0 mins, 0 secs, 517 ms
TRUNCATE
Time: 0 hrs, 0 mins, 1 secs, 823 ms
TRUNCATE
Time: 0 hrs, 0 mins, 0 secs, 506 ms
TRUNCATE
Time: 0 hrs, 0 mins, 1 secs, 568 ms
TRUNCATE
Time: 0 hrs, 0 mins, 0 secs, 404 ms
TRUNCATE
Time: 0 hrs, 0 mins, 0 secs, 347 ms
TRUNCATE
Time: 0 hrs, 0 mins, 0 secs, 300 ms
END
Time: 0 hrs, 0 mins, 28 secs, 378 ms

Sat Dec 25 10:47:55 EST 2010

Timing is on.

            200 - LOAD_BN_IISLOGS   

BEGIN
Time: 0 hrs, 0 mins, 0 secs, 633 ms
SET
Time: 0 hrs, 0 mins, 0 secs, 11 ms
TRUNCATE
Time: 0 hrs, 0 mins, 0 secs, 829 ms
INSERT 0 51223354
Time: 0 hrs, 12 mins, 19 secs, 337 ms
END
Time: 0 hrs, 0 mins, 40 secs, 778 ms
ALTER TABLE
Time: 0 hrs, 0 mins, 18 secs, 639 ms

Sat Dec 25 11:01:16 EST 2010

Timing is on.
BEGIN
Time: 0 hrs, 0 mins, 0 secs, 829 ms
SET
Time: 0 hrs, 0 mins, 0 secs, 11 ms

            250 - LOAD_BN_HITS_SP   

TRUNCATE
Time: 0 hrs, 0 mins, 0 secs, 799 ms
INSERT 0 14448853
Time: 0 hrs, 3 mins, 24 secs, 25 ms
ANALYZE
Time: 0 hrs, 0 mins, 1 secs, 703 ms
END
Time: 0 hrs, 0 mins, 30 secs, 987 ms

Sat Dec 25 11:05:14 EST 2010

Timing is on.
BEGIN
Time: 0 hrs, 0 mins, 1 secs, 13 ms
SET
Time: 0 hrs, 0 mins, 0 secs, 10 ms

           300 - DYNAMIC FILTER

INSERT 0 12392019
Time: 0 hrs, 0 mins, 2 secs, 695 ms
ANALYZE
Time: 0 hrs, 0 mins, 0 secs, 432 ms
 Total records in web_click_cnt 
--------------------------------
                       12392019
(1 row)

Time: 0 hrs, 0 mins, 0 secs, 701 ms
CREATE TABLE
Time: 0 hrs, 0 mins, 3 secs, 29 ms
ANALYZE
Time: 0 hrs, 0 mins, 0 secs, 194 ms
CREATE TABLE
Time: 0 hrs, 0 mins, 0 secs, 399 ms
ANALYZE
Time: 0 hrs, 0 mins, 0 secs, 171 ms
DELETE 1
Time: 0 hrs, 0 mins, 0 secs, 162 ms
INSERT 0 1
Time: 0 hrs, 0 mins, 1 secs, 865 ms
DELETE 1
Time: 0 hrs, 0 mins, 0 secs, 125 ms
INSERT 0 1
Time: 0 hrs, 0 mins, 0 secs, 341 ms
CREATE TABLE
Time: 0 hrs, 0 mins, 1 secs, 365 ms
ANALYZE
Time: 0 hrs, 0 mins, 0 secs, 111 ms
CREATE TABLE
Time: 0 hrs, 0 mins, 0 secs, 396 ms
ANALYZE
Time: 0 hrs, 0 mins, 0 secs, 93 ms
DELETE 1
Time: 0 hrs, 0 mins, 0 secs, 139 ms
INSERT 0 1
Time: 0 hrs, 0 mins, 0 secs, 357 ms
DELETE 1
Time: 0 hrs, 0 mins, 0 secs, 97 ms
INSERT 0 1
Time: 0 hrs, 0 mins, 0 secs, 299 ms
ANALYZE
Time: 0 hrs, 0 mins, 0 secs, 89 ms
    tablename     |    attr_name    | attr_value 
------------------+-----------------+------------
 BN_FILTER_SPIDER | CLK_USER_SD_MPL | 10
 BN_FILTER_SPIDER | IP_USER_SD_MPL  | 1
 BN_FILTER_SPIDER | IP_USER_RATIO   | .955
 BN_FILTER_SPIDER | CLK_USER_MEAN   | 10.480
 BN_FILTER_SPIDER | CLK_USER_SD     | 336.121
 BN_FILTER_SPIDER | IP_USER_MEAN    | 7.863
 BN_FILTER_SPIDER | IP_USER_SD      | 1002.780
(7 rows)

Time: 0 hrs, 0 mins, 0 secs, 258 ms
CREATE TABLE
Time: 0 hrs, 0 mins, 2 secs, 973 ms
CREATE TABLE
Time: 0 hrs, 0 mins, 1 secs, 167 ms
 l_mean_sd_mpl 
---------------
      3371.690
(1 row)

Time: 0 hrs, 0 mins, 0 secs, 316 ms
INSERT 0 43
Time: 0 hrs, 0 mins, 5 secs, 193 ms
ANALYZE
Time: 0 hrs, 0 mins, 0 secs, 70 ms
 Total click_user bn_spider_ip records 
---------------------------------------
                                    43
(1 row)

Time: 0 hrs, 0 mins, 0 secs, 307 ms
CREATE TABLE
Time: 0 hrs, 0 mins, 2 secs, 17 ms
ANALYZE
Time: 0 hrs, 0 mins, 0 secs, 94 ms
CREATE TABLE
Time: 0 hrs, 0 mins, 1 secs, 830 ms
ANALYZE
Time: 0 hrs, 0 mins, 0 secs, 137 ms
DROP 
Time: 0 hrs, 0 mins, 0 secs, 304 ms
CREATE TABLE
Time: 0 hrs, 0 mins, 0 secs, 416 ms
 l_mean_sd_mpl | l_ratio 
---------------+---------
      1010.643 |   0.955
(1 row)

Time: 0 hrs, 0 mins, 0 secs, 267 ms
INSERT 0 8377548
Time: 0 hrs, 0 mins, 3 secs, 275 ms
ANALYZE
Time: 0 hrs, 0 mins, 0 secs, 293 ms
 Total ip_user_filter bn_spider_ip records 
-------------------------------------------
                                   8377548
(1 row)

Time: 0 hrs, 0 mins, 0 secs, 346 ms
INSERT 0 27592049
Time: 0 hrs, 0 mins, 32 secs, 750 ms
ANALYZE
Time: 0 hrs, 0 mins, 7 secs, 201 ms
 bn_hits_stage 
---------------
      27592049
(1 row)

Time: 0 hrs, 0 mins, 0 secs, 485 ms
INSERT 0 9182452
Time: 0 hrs, 0 mins, 38 secs, 100 ms
ANALYZE
Time: 0 hrs, 0 mins, 3 secs, 341 ms
 bn_hits_sp_20101223 
---------------------
            23631305
(1 row)

Time: 0 hrs, 0 mins, 14 secs, 637 ms
END
Time: 0 hrs, 0 mins, 22 secs, 0 ms

Sat Dec 25 11:07:46 EST 2010

Timing is on.
BEGIN
Time: 0 hrs, 0 mins, 0 secs, 645 ms

           600 - LOAD RESOURCES

SET
Time: 0 hrs, 0 mins, 0 secs, 11 ms
CREATE TABLE
Time: 0 hrs, 0 mins, 11 secs, 952 ms
ANALYZE
Time: 0 hrs, 0 mins, 0 secs, 497 ms
 tmp_a_count 
-------------
      209588
(1 row)

Time: 0 hrs, 0 mins, 0 secs, 136 ms
UPDATE 0
Time: 0 hrs, 1 mins, 43 secs, 70 ms
ANALYZE
Time: 0 hrs, 0 mins, 29 secs, 567 ms
INSERT 0 47485
Time: 0 hrs, 1 mins, 22 secs, 351 ms

Time: 0 hrs, 0 mins, 0 secs, 10 ms
ANALYZE
Time: 0 hrs, 0 mins, 3 secs, 94 ms
END
Time: 0 hrs, 0 mins, 20 secs, 585 ms
VACUUM
Time: 0 hrs, 0 mins, 42 secs, 940 ms

Sat Dec 25 11:12:41 EST 2010

Timing is on.

           650 - LOAD_BN_SESSION_STAGE

BEGIN
Time: 0 hrs, 0 mins, 0 secs, 775 ms
SET
Time: 0 hrs, 0 mins, 0 secs, 12 ms
CREATE TABLE
Time: 0 hrs, 1 mins, 19 secs, 596 ms
ANALYZE
Time: 0 hrs, 0 mins, 2 secs, 941 ms
INSERT 0 4373351
Time: 0 hrs, 1 mins, 2 secs, 939 ms
ANALYZE
Time: 0 hrs, 0 mins, 1 secs, 740 ms
CREATE TABLE
Time: 0 hrs, 0 mins, 24 secs, 566 ms
ANALYZE
Time: 0 hrs, 0 mins, 0 secs, 323 ms
CREATE TABLE
Time: 0 hrs, 0 mins, 59 secs, 263 ms
ANALYZE
Time: 0 hrs, 0 mins, 0 secs, 869 ms
INSERT 0 4373351
Time: 0 hrs, 3 mins, 1 secs, 52 ms
 bn_session_stage 
------------------
          4373351
(1 row)

Time: 0 hrs, 0 mins, 0 secs, 571 ms
ANALYZE
Time: 0 hrs, 0 mins, 3 secs, 705 ms
TRUNCATE
Time: 0 hrs, 0 mins, 6 secs, 873 ms
END
Time: 0 hrs, 0 mins, 39 secs, 122 ms

Sat Dec 25 11:20:26 EST 2010

BEGIN

           660 - LOAD_BN_SESSION_UPDATE_STAGE

SET
INSERT 0 0
END

Sat Dec 25 11:20:51 EST 2010

Timing is on.

           670 - LOAD_BN_SESSION_20101223.UPDATES

BEGIN
Time: 0 hrs, 0 mins, 1 secs, 864 ms
SET
Time: 0 hrs, 0 mins, 0 secs, 11 ms
UPDATE 0
Time: 0 hrs, 0 mins, 0 secs, 426 ms
END
Time: 0 hrs, 0 mins, 20 secs, 226 ms
VACUUM
Time: 0 hrs, 0 mins, 30 secs, 96 ms

Sat Dec 25 11:21:44 EST 2010

Timing is on.

           700 - LOAD_BN_SESSION

BEGIN
Time: 0 hrs, 0 mins, 0 secs, 951 ms
SET
Time: 0 hrs, 0 mins, 0 secs, 11 ms
INSERT 0 4373351
Time: 0 hrs, 0 mins, 19 secs, 529 ms
ANALYZE
Time: 0 hrs, 0 mins, 1 secs, 404 ms
END
Time: 0 hrs, 0 mins, 18 secs, 567 ms

Sat Dec 25 11:22:25 EST 2010

Timing is on.

            750 - LOAD_BN_SESSION_SUMMARY   

BEGIN
Time: 0 hrs, 0 mins, 0 secs, 880 ms
SET
Time: 0 hrs, 0 mins, 0 secs, 15 ms
CREATE TABLE
Time: 0 hrs, 0 mins, 10 secs, 405 ms
TRUNCATE
Time: 0 hrs, 0 mins, 0 secs, 637 ms
INSERT 0 328877
Time: 0 hrs, 0 mins, 5 secs, 307 ms
ANALYZE
Time: 0 hrs, 0 mins, 0 secs, 665 ms
 count(1) 
----------
   328877
(1 row)

Time: 0 hrs, 0 mins, 0 secs, 174 ms
END
Time: 0 hrs, 0 mins, 29 secs, 260 ms

Sat Dec 25 11:23:13 EST 2010

Timing is on.

           800 - LOAD_BN_HITS

BEGIN
Time: 0 hrs, 0 mins, 1 secs, 10 ms
SET
Time: 0 hrs, 0 mins, 0 secs, 10 ms
TRUNCATE
Time: 0 hrs, 0 mins, 0 secs, 718 ms
INSERT 0 27592049
Time: 0 hrs, 2 mins, 13 secs, 430 ms
 count(1) 
----------
 27592049
(1 row)

Time: 0 hrs, 0 mins, 2 secs, 665 ms
ANALYZE
Time: 0 hrs, 0 mins, 2 secs, 216 ms
END
Time: 0 hrs, 0 mins, 29 secs, 492 ms

Sat Dec 25 11:26:02 EST 2010

Timing is on.

            900 - LOAD_CLICKSTREAM   

BEGIN
Time: 0 hrs, 0 mins, 0 secs, 834 ms
SET
Time: 0 hrs, 0 mins, 0 secs, 11 ms
TRUNCATE
Time: 0 hrs, 0 mins, 2 secs, 737 ms
INSERT 0 27592049
Time: 0 hrs, 3 mins, 7 secs, 298 ms
 count(1) 
----------
 27592049
(1 row)

Time: 0 hrs, 0 mins, 0 secs, 609 ms
ANALYZE
Time: 0 hrs, 0 mins, 1 secs, 96 ms
END
Time: 0 hrs, 0 mins, 36 secs, 99 ms

Sat Dec 25 11:29:51 EST 2010

Timing is on.

            1000 - PAGE_VIEW_SUMMARY  

BEGIN
Time: 0 hrs, 0 mins, 1 secs, 41 ms
SET
Time: 0 hrs, 0 mins, 0 secs, 8 ms
TRUNCATE
Time: 0 hrs, 0 mins, 1 secs, 504 ms
INSERT 0 216915
Time: 0 hrs, 0 mins, 16 secs, 373 ms
 count(1) 
----------
   216915
(1 row)

Time: 0 hrs, 0 mins, 0 secs, 360 ms
ANALYZE
Time: 0 hrs, 0 mins, 0 secs, 119 ms
END
Time: 0 hrs, 0 mins, 27 secs, 606 ms
Removing lock file and waiting for a minute
