Checking for lock file /tmp/.iislock
Acquired lock file /tmp/.iislock
-------------------------------------
Processing for 20101230
-------------------------------------

Fri Dec 31 08:30:10 EST 2010

Timing is on.

           000 - INIT

BEGIN
Time: 0 hrs, 0 mins, 0 secs, 644 ms
*** Truncating staging tables before workflow starts ***
SET
Time: 0 hrs, 0 mins, 0 secs, 12 ms
TRUNCATE
Time: 0 hrs, 0 mins, 0 secs, 763 ms
TRUNCATE
Time: 0 hrs, 0 mins, 0 secs, 143 ms
TRUNCATE
Time: 0 hrs, 0 mins, 0 secs, 352 ms
TRUNCATE
Time: 0 hrs, 0 mins, 0 secs, 176 ms
TRUNCATE
Time: 0 hrs, 0 mins, 0 secs, 140 ms
TRUNCATE
Time: 0 hrs, 0 mins, 0 secs, 131 ms
TRUNCATE
Time: 0 hrs, 0 mins, 0 secs, 243 ms
END
Time: 0 hrs, 0 mins, 5 secs, 321 ms

Fri Dec 31 08:30:18 EST 2010

Timing is on.

            200 - LOAD_BN_IISLOGS   

BEGIN
Time: 0 hrs, 0 mins, 0 secs, 613 ms
SET
Time: 0 hrs, 0 mins, 0 secs, 13 ms
TRUNCATE
Time: 0 hrs, 0 mins, 0 secs, 471 ms
INSERT 0 39865521
Time: 0 hrs, 9 mins, 19 secs, 252 ms
END
Time: 0 hrs, 0 mins, 1 secs, 996 ms
ALTER TABLE
Time: 0 hrs, 7 mins, 49 secs, 499 ms

Fri Dec 31 08:47:30 EST 2010

Timing is on.
BEGIN
Time: 0 hrs, 0 mins, 0 secs, 768 ms
SET
Time: 0 hrs, 0 mins, 0 secs, 10 ms

            250 - LOAD_BN_HITS_SP   

TRUNCATE
Time: 0 hrs, 0 mins, 0 secs, 892 ms
INSERT 0 11737394
Time: 0 hrs, 3 mins, 8 secs, 709 ms
ANALYZE
Time: 0 hrs, 0 mins, 1 secs, 403 ms
END
Time: 0 hrs, 0 mins, 0 secs, 758 ms

Fri Dec 31 08:50:43 EST 2010

Timing is on.
BEGIN
Time: 0 hrs, 0 mins, 1 secs, 86 ms
SET
Time: 0 hrs, 0 mins, 0 secs, 18 ms

           300 - DYNAMIC FILTER

INSERT 0 8426724
Time: 0 hrs, 0 mins, 2 secs, 227 ms
ANALYZE
Time: 0 hrs, 0 mins, 0 secs, 463 ms
 Total records in web_click_cnt 
--------------------------------
                        8426724
(1 row)

Time: 0 hrs, 0 mins, 0 secs, 369 ms
CREATE TABLE
Time: 0 hrs, 0 mins, 1 secs, 562 ms
ANALYZE
Time: 0 hrs, 0 mins, 0 secs, 102 ms
CREATE TABLE
Time: 0 hrs, 0 mins, 0 secs, 508 ms
ANALYZE
Time: 0 hrs, 0 mins, 0 secs, 109 ms
DELETE 1
Time: 0 hrs, 0 mins, 0 secs, 446 ms
INSERT 0 1
Time: 0 hrs, 0 mins, 0 secs, 262 ms
DELETE 1
Time: 0 hrs, 0 mins, 0 secs, 204 ms
INSERT 0 1
Time: 0 hrs, 0 mins, 0 secs, 236 ms
CREATE TABLE
Time: 0 hrs, 0 mins, 1 secs, 331 ms
ANALYZE
Time: 0 hrs, 0 mins, 0 secs, 96 ms
CREATE TABLE
Time: 0 hrs, 0 mins, 0 secs, 262 ms
ANALYZE
Time: 0 hrs, 0 mins, 0 secs, 93 ms
DELETE 1
Time: 0 hrs, 0 mins, 0 secs, 99 ms
INSERT 0 1
Time: 0 hrs, 0 mins, 0 secs, 272 ms
DELETE 1
Time: 0 hrs, 0 mins, 0 secs, 90 ms
INSERT 0 1
Time: 0 hrs, 0 mins, 0 secs, 232 ms
ANALYZE
Time: 0 hrs, 0 mins, 0 secs, 56 ms
    tablename     |    attr_name    | attr_value 
------------------+-----------------+------------
 BN_FILTER_SPIDER | CLK_USER_SD_MPL | 10
 BN_FILTER_SPIDER | IP_USER_SD_MPL  | 1
 BN_FILTER_SPIDER | IP_USER_RATIO   | .955
 BN_FILTER_SPIDER | CLK_USER_MEAN   | 9.614
 BN_FILTER_SPIDER | CLK_USER_SD     | 239.911
 BN_FILTER_SPIDER | IP_USER_MEAN    | 6.327
 BN_FILTER_SPIDER | IP_USER_SD      | 967.524
(7 rows)

Time: 0 hrs, 0 mins, 0 secs, 157 ms
CREATE TABLE
Time: 0 hrs, 0 mins, 3 secs, 619 ms
CREATE TABLE
Time: 0 hrs, 0 mins, 1 secs, 136 ms
 l_mean_sd_mpl 
---------------
      2408.724
(1 row)

Time: 0 hrs, 0 mins, 0 secs, 225 ms
INSERT 0 59
Time: 0 hrs, 0 mins, 6 secs, 830 ms
ANALYZE
Time: 0 hrs, 0 mins, 0 secs, 279 ms
 Total click_user bn_spider_ip records 
---------------------------------------
                                    59
(1 row)

Time: 0 hrs, 0 mins, 0 secs, 620 ms
CREATE TABLE
Time: 0 hrs, 0 mins, 1 secs, 870 ms
ANALYZE
Time: 0 hrs, 0 mins, 0 secs, 76 ms
CREATE TABLE
Time: 0 hrs, 0 mins, 1 secs, 307 ms
ANALYZE
Time: 0 hrs, 0 mins, 0 secs, 132 ms
DROP 
Time: 0 hrs, 0 mins, 0 secs, 373 ms
CREATE TABLE
Time: 0 hrs, 0 mins, 0 secs, 577 ms
 l_mean_sd_mpl | l_ratio 
---------------+---------
       973.851 |   0.955
(1 row)

Time: 0 hrs, 0 mins, 0 secs, 101 ms
INSERT 0 4994331
Time: 0 hrs, 0 mins, 3 secs, 818 ms
ANALYZE
Time: 0 hrs, 0 mins, 0 secs, 204 ms
 Total ip_user_filter bn_spider_ip records 
-------------------------------------------
                                   4994331
(1 row)

Time: 0 hrs, 0 mins, 0 secs, 742 ms
INSERT 0 22392221
Time: 0 hrs, 0 mins, 29 secs, 76 ms
ANALYZE
Time: 0 hrs, 0 mins, 2 secs, 945 ms
 bn_hits_stage 
---------------
      22392221
(1 row)

Time: 0 hrs, 0 mins, 0 secs, 215 ms
INSERT 0 5735906
Time: 0 hrs, 0 mins, 26 secs, 408 ms
ANALYZE
Time: 0 hrs, 0 mins, 3 secs, 785 ms
 bn_hits_sp_20101230 
---------------------
            17473300
(1 row)

Time: 0 hrs, 0 mins, 9 secs, 215 ms
END
Time: 0 hrs, 0 mins, 18 secs, 637 ms

Fri Dec 31 08:52:46 EST 2010

Timing is on.
BEGIN
Time: 0 hrs, 0 mins, 0 secs, 716 ms

           600 - LOAD RESOURCES

SET
Time: 0 hrs, 0 mins, 0 secs, 14 ms
CREATE TABLE
Time: 0 hrs, 0 mins, 7 secs, 537 ms
ANALYZE
Time: 0 hrs, 0 mins, 0 secs, 605 ms
 tmp_a_count 
-------------
      169740
(1 row)

Time: 0 hrs, 0 mins, 0 secs, 292 ms
UPDATE 0
Time: 0 hrs, 1 mins, 44 secs, 359 ms
ANALYZE
Time: 0 hrs, 0 mins, 10 secs, 863 ms
INSERT 0 103151
Time: 0 hrs, 1 mins, 36 secs, 236 ms

Time: 0 hrs, 0 mins, 0 secs, 10 ms
ANALYZE
Time: 0 hrs, 0 mins, 1 secs, 111 ms
END
Time: 0 hrs, 0 mins, 0 secs, 983 ms
VACUUM
Time: 0 hrs, 0 mins, 7 secs, 734 ms

Fri Dec 31 08:56:36 EST 2010

Timing is on.

           650 - LOAD_BN_SESSION_STAGE

BEGIN
Time: 0 hrs, 0 mins, 0 secs, 695 ms
SET
Time: 0 hrs, 0 mins, 0 secs, 13 ms
CREATE TABLE
Time: 0 hrs, 0 mins, 53 secs, 907 ms
ANALYZE
Time: 0 hrs, 0 mins, 2 secs, 87 ms
INSERT 0 3737532
Time: 0 hrs, 0 mins, 44 secs, 191 ms
ANALYZE
Time: 0 hrs, 0 mins, 1 secs, 155 ms
CREATE TABLE
Time: 0 hrs, 0 mins, 17 secs, 799 ms
ANALYZE
Time: 0 hrs, 0 mins, 0 secs, 224 ms
CREATE TABLE
Time: 0 hrs, 0 mins, 37 secs, 655 ms
ANALYZE
Time: 0 hrs, 0 mins, 0 secs, 826 ms
INSERT 0 3737532
Time: 0 hrs, 1 mins, 24 secs, 851 ms
 bn_session_stage 
------------------
          3737532
(1 row)

Time: 0 hrs, 0 mins, 0 secs, 707 ms
ANALYZE
Time: 0 hrs, 0 mins, 1 secs, 908 ms
TRUNCATE
Time: 0 hrs, 0 mins, 0 secs, 451 ms
END
Time: 0 hrs, 0 mins, 1 secs, 275 ms

Fri Dec 31 09:00:44 EST 2010

BEGIN

           660 - LOAD_BN_SESSION_UPDATE_STAGE

SET
INSERT 0 0
END

Fri Dec 31 09:00:47 EST 2010

Timing is on.

           670 - LOAD_BN_SESSION_20101230.UPDATES

BEGIN
Time: 0 hrs, 0 mins, 0 secs, 599 ms
SET
Time: 0 hrs, 0 mins, 0 secs, 12 ms
UPDATE 0
Time: 0 hrs, 0 mins, 0 secs, 540 ms
END
Time: 0 hrs, 0 mins, 0 secs, 998 ms
VACUUM
Time: 0 hrs, 0 mins, 2 secs, 846 ms

Fri Dec 31 09:00:52 EST 2010

Timing is on.

           700 - LOAD_BN_SESSION

BEGIN
Time: 0 hrs, 0 mins, 0 secs, 690 ms
SET
Time: 0 hrs, 0 mins, 0 secs, 17 ms
INSERT 0 3737532
Time: 0 hrs, 0 mins, 14 secs, 167 ms
ANALYZE
Time: 0 hrs, 0 mins, 1 secs, 255 ms
END
Time: 0 hrs, 0 mins, 0 secs, 756 ms

Fri Dec 31 09:01:09 EST 2010

Timing is on.

            750 - LOAD_BN_SESSION_SUMMARY   

BEGIN
Time: 0 hrs, 0 mins, 1 secs, 195 ms
SET
Time: 0 hrs, 0 mins, 0 secs, 11 ms
CREATE TABLE
Time: 0 hrs, 0 mins, 13 secs, 841 ms
TRUNCATE
Time: 0 hrs, 0 mins, 0 secs, 827 ms
INSERT 0 323279
Time: 0 hrs, 0 mins, 4 secs, 649 ms
ANALYZE
Time: 0 hrs, 0 mins, 0 secs, 784 ms
 count(1) 
----------
   323279
(1 row)

Time: 0 hrs, 0 mins, 0 secs, 324 ms
END
Time: 0 hrs, 0 mins, 0 secs, 821 ms

Fri Dec 31 09:01:32 EST 2010

Timing is on.

           800 - LOAD_BN_HITS

BEGIN
Time: 0 hrs, 0 mins, 1 secs, 417 ms
SET
Time: 0 hrs, 0 mins, 0 secs, 12 ms
TRUNCATE
Time: 0 hrs, 0 mins, 0 secs, 698 ms
INSERT 0 22392221
Time: 0 hrs, 0 mins, 31 secs, 636 ms
 count(1) 
----------
 22392221
(1 row)

Time: 0 hrs, 0 mins, 0 secs, 942 ms
ANALYZE
Time: 0 hrs, 0 mins, 2 secs, 78 ms
END
Time: 0 hrs, 0 mins, 0 secs, 911 ms

Fri Dec 31 09:02:10 EST 2010

Timing is on.

            900 - LOAD_CLICKSTREAM   

BEGIN
Time: 0 hrs, 0 mins, 0 secs, 907 ms
SET
Time: 0 hrs, 0 mins, 0 secs, 10 ms
TRUNCATE
Time: 0 hrs, 0 mins, 0 secs, 361 ms
INSERT 0 22392221
Time: 0 hrs, 1 mins, 7 secs, 976 ms
 count(1) 
----------
 22392221
(1 row)

Time: 0 hrs, 0 mins, 0 secs, 202 ms
ANALYZE
Time: 0 hrs, 0 mins, 0 secs, 869 ms
END
Time: 0 hrs, 0 mins, 1 secs, 898 ms

Fri Dec 31 09:03:23 EST 2010

Timing is on.

            1000 - PAGE_VIEW_SUMMARY  

BEGIN
Time: 0 hrs, 0 mins, 0 secs, 761 ms
SET
Time: 0 hrs, 0 mins, 0 secs, 11 ms
TRUNCATE
Time: 0 hrs, 0 mins, 0 secs, 451 ms
INSERT 0 176905
Time: 0 hrs, 0 mins, 3 secs, 535 ms
 count(1) 
----------
   176905
(1 row)

Time: 0 hrs, 0 mins, 0 secs, 108 ms
ANALYZE
Time: 0 hrs, 0 mins, 0 secs, 73 ms
END
Time: 0 hrs, 0 mins, 0 secs, 677 ms
Removing lock file and waiting for a minute
Checking for lock file /tmp/.iislock
Acquired lock file /tmp/.iislock
-------------------------------------
Processing for 20101230
-------------------------------------

Sat Jan 1 09:05:17 EST 2011

Timing is on.

           000 - INIT

BEGIN
Time: 0 hrs, 0 mins, 0 secs, 656 ms
*** Truncating staging tables before workflow starts ***
SET
Time: 0 hrs, 0 mins, 0 secs, 12 ms
TRUNCATE
Time: 0 hrs, 0 mins, 0 secs, 573 ms
TRUNCATE
Time: 0 hrs, 0 mins, 0 secs, 114 ms
TRUNCATE
Time: 0 hrs, 0 mins, 0 secs, 168 ms
TRUNCATE
Time: 0 hrs, 0 mins, 0 secs, 155 ms
TRUNCATE
Time: 0 hrs, 0 mins, 0 secs, 172 ms
TRUNCATE
Time: 0 hrs, 0 mins, 0 secs, 109 ms
TRUNCATE
Time: 0 hrs, 0 mins, 0 secs, 337 ms
END
Time: 0 hrs, 0 mins, 3 secs, 248 ms

Sat Jan 1 09:05:22 EST 2011

Timing is on.

            200 - LOAD_BN_IISLOGS   

BEGIN
Time: 0 hrs, 0 mins, 0 secs, 587 ms
SET
Time: 0 hrs, 0 mins, 0 secs, 12 ms
TRUNCATE
Time: 0 hrs, 0 mins, 0 secs, 341 ms
INSERT 0 52743210
Time: 0 hrs, 13 mins, 51 secs, 586 ms
END
Time: 0 hrs, 0 mins, 31 secs, 143 ms
ALTER TABLE
Time: 0 hrs, 0 mins, 28 secs, 85 ms

Sat Jan 1 09:20:14 EST 2011

Timing is on.
BEGIN
Time: 0 hrs, 0 mins, 1 secs, 108 ms
SET
Time: 0 hrs, 0 mins, 0 secs, 12 ms

            250 - LOAD_BN_HITS_SP   

TRUNCATE
Time: 0 hrs, 0 mins, 1 secs, 848 ms
INSERT 0 15563855
Time: 0 hrs, 5 mins, 34 secs, 292 ms
ANALYZE
Time: 0 hrs, 0 mins, 5 secs, 378 ms
END
Time: 0 hrs, 0 mins, 3 secs, 295 ms

Sat Jan 1 09:26:01 EST 2011

Timing is on.
BEGIN
Time: 0 hrs, 0 mins, 0 secs, 626 ms
SET
Time: 0 hrs, 0 mins, 0 secs, 13 ms

           300 - DYNAMIC FILTER

INSERT 0 10653444
Time: 0 hrs, 0 mins, 9 secs, 226 ms
ANALYZE
Time: 0 hrs, 0 mins, 0 secs, 337 ms
 Total records in web_click_cnt 
--------------------------------
                       10653444
(1 row)

Time: 0 hrs, 0 mins, 0 secs, 209 ms
CREATE TABLE
Time: 0 hrs, 0 mins, 2 secs, 338 ms
ANALYZE
Time: 0 hrs, 0 mins, 0 secs, 113 ms
CREATE TABLE
Time: 0 hrs, 0 mins, 0 secs, 366 ms
ANALYZE
Time: 0 hrs, 0 mins, 0 secs, 143 ms
DELETE 1
Time: 0 hrs, 0 mins, 0 secs, 146 ms
INSERT 0 1
Time: 0 hrs, 0 mins, 0 secs, 371 ms
DELETE 1
Time: 0 hrs, 0 mins, 0 secs, 95 ms
INSERT 0 1
Time: 0 hrs, 0 mins, 0 secs, 261 ms
CREATE TABLE
Time: 0 hrs, 0 mins, 1 secs, 404 ms
ANALYZE
Time: 0 hrs, 0 mins, 0 secs, 118 ms
CREATE TABLE
Time: 0 hrs, 0 mins, 0 secs, 261 ms
ANALYZE
Time: 0 hrs, 0 mins, 0 secs, 167 ms
DELETE 1
Time: 0 hrs, 0 mins, 0 secs, 99 ms
INSERT 0 1
Time: 0 hrs, 0 mins, 0 secs, 370 ms
DELETE 1
Time: 0 hrs, 0 mins, 0 secs, 94 ms
INSERT 0 1
Time: 0 hrs, 0 mins, 0 secs, 225 ms
ANALYZE
Time: 0 hrs, 0 mins, 0 secs, 101 ms
    tablename     |    attr_name    | attr_value 
------------------+-----------------+------------
 BN_FILTER_SPIDER | CLK_USER_SD_MPL | 10
 BN_FILTER_SPIDER | IP_USER_SD_MPL  | 1
 BN_FILTER_SPIDER | IP_USER_RATIO   | .955
 BN_FILTER_SPIDER | CLK_USER_MEAN   | 9.947
 BN_FILTER_SPIDER | CLK_USER_SD     | 257.742
 BN_FILTER_SPIDER | IP_USER_MEAN    | 6.316
 BN_FILTER_SPIDER | IP_USER_SD      | 1024.084
(7 rows)

Time: 0 hrs, 0 mins, 0 secs, 155 ms
CREATE TABLE
Time: 0 hrs, 0 mins, 2 secs, 794 ms
CREATE TABLE
Time: 0 hrs, 0 mins, 0 secs, 629 ms
 l_mean_sd_mpl 
---------------
      2587.367
(1 row)

Time: 0 hrs, 0 mins, 0 secs, 234 ms
INSERT 0 66
Time: 0 hrs, 0 mins, 6 secs, 478 ms
ANALYZE
Time: 0 hrs, 0 mins, 0 secs, 47 ms
 Total click_user bn_spider_ip records 
---------------------------------------
                                    66
(1 row)

Time: 0 hrs, 0 mins, 0 secs, 155 ms
CREATE TABLE
Time: 0 hrs, 0 mins, 1 secs, 186 ms
ANALYZE
Time: 0 hrs, 0 mins, 0 secs, 94 ms
CREATE TABLE
Time: 0 hrs, 0 mins, 1 secs, 285 ms
ANALYZE
Time: 0 hrs, 0 mins, 0 secs, 104 ms
DROP 
Time: 0 hrs, 0 mins, 0 secs, 315 ms
CREATE TABLE
Time: 0 hrs, 0 mins, 0 secs, 296 ms
 l_mean_sd_mpl | l_ratio 
---------------+---------
      1030.400 |   0.955
(1 row)

Time: 0 hrs, 0 mins, 0 secs, 92 ms
INSERT 0 6267459
Time: 0 hrs, 0 mins, 3 secs, 947 ms
ANALYZE
Time: 0 hrs, 0 mins, 0 secs, 338 ms
 Total ip_user_filter bn_spider_ip records 
-------------------------------------------
                                   6267459
(1 row)

Time: 0 hrs, 0 mins, 0 secs, 387 ms
INSERT 0 29911263
Time: 0 hrs, 0 mins, 36 secs, 863 ms
ANALYZE
Time: 0 hrs, 0 mins, 3 secs, 357 ms
 bn_hits_stage 
---------------
      29911263
(1 row)

Time: 0 hrs, 0 mins, 1 secs, 768 ms
INSERT 0 7268092
Time: 0 hrs, 0 mins, 31 secs, 33 ms
ANALYZE
Time: 0 hrs, 0 mins, 7 secs, 27 ms
 bn_hits_sp_20101230 
---------------------
            22831947
(1 row)

Time: 0 hrs, 0 mins, 12 secs, 16 ms
END
Time: 0 hrs, 0 mins, 1 secs, 769 ms

Sat Jan 1 09:28:10 EST 2011

Timing is on.
BEGIN
Time: 0 hrs, 0 mins, 1 secs, 655 ms

           600 - LOAD RESOURCES

SET
Time: 0 hrs, 0 mins, 0 secs, 14 ms
CREATE TABLE
Time: 0 hrs, 0 mins, 10 secs, 366 ms
ANALYZE
Time: 0 hrs, 0 mins, 0 secs, 529 ms
 tmp_a_count 
-------------
      226765
(1 row)

Time: 0 hrs, 0 mins, 0 secs, 342 ms
UPDATE 0
Time: 0 hrs, 2 mins, 25 secs, 631 ms
ANALYZE
Time: 0 hrs, 0 mins, 17 secs, 281 ms
INSERT 0 46815
Time: 0 hrs, 2 mins, 26 secs, 736 ms

Time: 0 hrs, 0 mins, 0 secs, 12 ms
ANALYZE
Time: 0 hrs, 0 mins, 22 secs, 518 ms
END
Time: 0 hrs, 0 mins, 1 secs, 238 ms
VACUUM
Time: 0 hrs, 0 mins, 10 secs, 365 ms

Sat Jan 1 09:34:07 EST 2011

Timing is on.

           650 - LOAD_BN_SESSION_STAGE

BEGIN
Time: 0 hrs, 0 mins, 0 secs, 776 ms
SET
Time: 0 hrs, 0 mins, 0 secs, 13 ms
CREATE TABLE
Time: 0 hrs, 1 mins, 15 secs, 227 ms
ANALYZE
Time: 0 hrs, 0 mins, 2 secs, 593 ms
INSERT 0 4938201
Time: 0 hrs, 1 mins, 17 secs, 532 ms
ANALYZE
Time: 0 hrs, 0 mins, 3 secs, 504 ms
CREATE TABLE
Time: 0 hrs, 0 mins, 25 secs, 767 ms
ANALYZE
Time: 0 hrs, 0 mins, 0 secs, 240 ms
CREATE TABLE
Time: 0 hrs, 0 mins, 53 secs, 573 ms
ANALYZE
Time: 0 hrs, 0 mins, 0 secs, 725 ms
INSERT 0 4938201
Time: 0 hrs, 4 mins, 30 secs, 495 ms
 bn_session_stage 
------------------
          4938201
(1 row)

Time: 0 hrs, 0 mins, 0 secs, 475 ms
ANALYZE
Time: 0 hrs, 0 mins, 1 secs, 368 ms
TRUNCATE
Time: 0 hrs, 0 mins, 0 secs, 510 ms
END
Time: 0 hrs, 0 mins, 2 secs, 929 ms

Sat Jan 1 09:42:43 EST 2011

BEGIN

           660 - LOAD_BN_SESSION_UPDATE_STAGE

SET
INSERT 0 0
END

Sat Jan 1 09:42:46 EST 2011

Timing is on.

           670 - LOAD_BN_SESSION_20101230.UPDATES

BEGIN
Time: 0 hrs, 0 mins, 0 secs, 615 ms
SET
Time: 0 hrs, 0 mins, 0 secs, 11 ms
UPDATE 0
Time: 0 hrs, 0 mins, 0 secs, 526 ms
END
Time: 0 hrs, 0 mins, 0 secs, 683 ms
VACUUM
Time: 0 hrs, 0 mins, 7 secs, 891 ms

Sat Jan 1 09:42:56 EST 2011

Timing is on.

           700 - LOAD_BN_SESSION

BEGIN
Time: 0 hrs, 0 mins, 0 secs, 812 ms
SET
Time: 0 hrs, 0 mins, 0 secs, 9 ms
INSERT 0 4938201
Time: 0 hrs, 0 mins, 10 secs, 664 ms
ANALYZE
Time: 0 hrs, 0 mins, 1 secs, 272 ms
END
Time: 0 hrs, 0 mins, 1 secs, 10 ms

Sat Jan 1 09:43:10 EST 2011

Timing is on.

            750 - LOAD_BN_SESSION_SUMMARY   

BEGIN
Time: 0 hrs, 0 mins, 0 secs, 541 ms
SET
Time: 0 hrs, 0 mins, 0 secs, 12 ms
CREATE TABLE
Time: 0 hrs, 0 mins, 16 secs, 397 ms
TRUNCATE
Time: 0 hrs, 0 mins, 0 secs, 552 ms
INSERT 0 407622
Time: 0 hrs, 0 mins, 5 secs, 80 ms
ANALYZE
Time: 0 hrs, 0 mins, 0 secs, 696 ms
 count(1) 
----------
   407622
(1 row)

Time: 0 hrs, 0 mins, 0 secs, 122 ms
END
Time: 0 hrs, 0 mins, 0 secs, 804 ms

Sat Jan 1 09:43:35 EST 2011

Timing is on.

           800 - LOAD_BN_HITS

BEGIN
Time: 0 hrs, 0 mins, 0 secs, 611 ms
SET
Time: 0 hrs, 0 mins, 0 secs, 12 ms
TRUNCATE
Time: 0 hrs, 0 mins, 0 secs, 420 ms
INSERT 0 29911263
Time: 0 hrs, 1 mins, 24 secs, 158 ms
 count(1) 
----------
 29911263
(1 row)

Time: 0 hrs, 0 mins, 0 secs, 656 ms
ANALYZE
Time: 0 hrs, 0 mins, 2 secs, 41 ms
END
Time: 0 hrs, 0 mins, 1 secs, 224 ms

Sat Jan 1 09:45:04 EST 2011

Timing is on.

            900 - LOAD_CLICKSTREAM   

BEGIN
Time: 0 hrs, 0 mins, 0 secs, 720 ms
SET
Time: 0 hrs, 0 mins, 0 secs, 10 ms
TRUNCATE
Time: 0 hrs, 0 mins, 0 secs, 522 ms
INSERT 0 29911263
Time: 0 hrs, 1 mins, 26 secs, 311 ms
 count(1) 
----------
 29911263
(1 row)

Time: 0 hrs, 0 mins, 0 secs, 747 ms
ANALYZE
Time: 0 hrs, 0 mins, 0 secs, 845 ms
END
Time: 0 hrs, 0 mins, 2 secs, 609 ms

Sat Jan 1 09:46:36 EST 2011

Timing is on.

            1000 - PAGE_VIEW_SUMMARY  

BEGIN
Time: 0 hrs, 0 mins, 0 secs, 759 ms
SET
Time: 0 hrs, 0 mins, 0 secs, 8 ms
TRUNCATE
Time: 0 hrs, 0 mins, 4 secs, 261 ms
INSERT 0 235570
Time: 0 hrs, 0 mins, 4 secs, 814 ms
 count(1) 
----------
   235570
(1 row)

Time: 0 hrs, 0 mins, 0 secs, 170 ms
ANALYZE
Time: 0 hrs, 0 mins, 0 secs, 97 ms
END
Time: 0 hrs, 0 mins, 0 secs, 701 ms
Removing lock file and waiting for a minute
