-------------------------------------
Processing for 20101207
-------------------------------------

Wed Dec 8 08:30:10 EST 2010

Timing is on.

           000 - INIT

BEGIN
Time: 0 hrs, 0 mins, 0 secs, 654 ms
*** Truncating staging tables before workflow starts ***
SET
Time: 0 hrs, 0 mins, 0 secs, 11 ms
TRUNCATE
Time: 0 hrs, 0 mins, 0 secs, 413 ms
TRUNCATE
Time: 0 hrs, 0 mins, 0 secs, 172 ms
TRUNCATE
Time: 0 hrs, 0 mins, 0 secs, 234 ms
TRUNCATE
Time: 0 hrs, 0 mins, 0 secs, 300 ms
TRUNCATE
Time: 0 hrs, 0 mins, 0 secs, 340 ms
TRUNCATE
Time: 0 hrs, 0 mins, 0 secs, 478 ms
TRUNCATE
Time: 0 hrs, 0 mins, 0 secs, 220 ms
END
Time: 0 hrs, 0 mins, 1 secs, 868 ms

Wed Dec 8 08:30:15 EST 2010

Timing is on.

            200 - LOAD_BN_IISLOGS   

BEGIN
Time: 0 hrs, 0 mins, 0 secs, 580 ms
SET
Time: 0 hrs, 0 mins, 0 secs, 11 ms
TRUNCATE
Time: 0 hrs, 0 mins, 0 secs, 871 ms
INSERT 0 54623963
Time: 0 hrs, 9 mins, 16 secs, 279 ms
END
Time: 0 hrs, 0 mins, 1 secs, 668 ms
ALTER TABLE
Time: 0 hrs, 7 mins, 7 secs, 898 ms

Wed Dec 8 08:46:43 EST 2010

Timing is on.
BEGIN
Time: 0 hrs, 0 mins, 0 secs, 872 ms
SET
Time: 0 hrs, 0 mins, 0 secs, 11 ms

            250 - LOAD_BN_HITS_SP   

TRUNCATE
Time: 0 hrs, 0 mins, 1 secs, 531 ms
INSERT 0 13205148
Time: 0 hrs, 2 mins, 58 secs, 559 ms
ANALYZE
Time: 0 hrs, 0 mins, 2 secs, 152 ms
END
Time: 0 hrs, 0 mins, 1 secs, 230 ms

Wed Dec 8 08:49:48 EST 2010

Timing is on.
BEGIN
Time: 0 hrs, 0 mins, 3 secs, 566 ms
SET
Time: 0 hrs, 0 mins, 0 secs, 10 ms

           300 - DYNAMIC FILTER

INSERT 0 15094283
Time: 0 hrs, 0 mins, 2 secs, 497 ms
ANALYZE
Time: 0 hrs, 0 mins, 0 secs, 706 ms
 Total records in web_click_cnt 
--------------------------------
                       15094283
(1 row)

Time: 0 hrs, 0 mins, 0 secs, 578 ms
CREATE TABLE
Time: 0 hrs, 0 mins, 2 secs, 884 ms
ANALYZE
Time: 0 hrs, 0 mins, 0 secs, 108 ms
CREATE TABLE
Time: 0 hrs, 0 mins, 0 secs, 893 ms
ANALYZE
Time: 0 hrs, 0 mins, 0 secs, 112 ms
DELETE 1
Time: 0 hrs, 0 mins, 0 secs, 220 ms
INSERT 0 1
Time: 0 hrs, 0 mins, 0 secs, 357 ms
DELETE 1
Time: 0 hrs, 0 mins, 0 secs, 86 ms
INSERT 0 1
Time: 0 hrs, 0 mins, 0 secs, 655 ms
CREATE TABLE
Time: 0 hrs, 0 mins, 2 secs, 309 ms
ANALYZE
Time: 0 hrs, 0 mins, 0 secs, 119 ms
CREATE TABLE
Time: 0 hrs, 0 mins, 0 secs, 659 ms
ANALYZE
Time: 0 hrs, 0 mins, 0 secs, 113 ms
DELETE 1
Time: 0 hrs, 0 mins, 0 secs, 107 ms
INSERT 0 1
Time: 0 hrs, 0 mins, 0 secs, 512 ms
DELETE 1
Time: 0 hrs, 0 mins, 0 secs, 105 ms
INSERT 0 1
Time: 0 hrs, 0 mins, 0 secs, 870 ms
ANALYZE
Time: 0 hrs, 0 mins, 0 secs, 122 ms
    tablename     |    attr_name    | attr_value 
------------------+-----------------+------------
 BN_FILTER_SPIDER | CLK_USER_SD_MPL | 10
 BN_FILTER_SPIDER | IP_USER_SD_MPL  | 1
 BN_FILTER_SPIDER | IP_USER_RATIO   | .955
 BN_FILTER_SPIDER | CLK_USER_MEAN   | 12.080
 BN_FILTER_SPIDER | CLK_USER_SD     | 48.777
 BN_FILTER_SPIDER | IP_USER_MEAN    | 9.789
 BN_FILTER_SPIDER | IP_USER_SD      | 1155.410
(7 rows)

Time: 0 hrs, 0 mins, 0 secs, 137 ms
CREATE TABLE
Time: 0 hrs, 0 mins, 2 secs, 829 ms
CREATE TABLE
Time: 0 hrs, 0 mins, 1 secs, 5 ms
 l_mean_sd_mpl 
---------------
       499.850
(1 row)

Time: 0 hrs, 0 mins, 0 secs, 352 ms
INSERT 0 626
Time: 0 hrs, 0 mins, 5 secs, 312 ms
ANALYZE
Time: 0 hrs, 0 mins, 0 secs, 358 ms
 Total click_user bn_spider_ip records 
---------------------------------------
                                   626
(1 row)

Time: 0 hrs, 0 mins, 0 secs, 89 ms
CREATE TABLE
Time: 0 hrs, 0 mins, 2 secs, 803 ms
ANALYZE
Time: 0 hrs, 0 mins, 0 secs, 81 ms
CREATE TABLE
Time: 0 hrs, 0 mins, 2 secs, 774 ms
ANALYZE
Time: 0 hrs, 0 mins, 0 secs, 111 ms
DROP 
Time: 0 hrs, 0 mins, 0 secs, 303 ms
CREATE TABLE
Time: 0 hrs, 0 mins, 0 secs, 715 ms
 l_mean_sd_mpl | l_ratio 
---------------+---------
      1165.199 |   0.955
(1 row)

Time: 0 hrs, 0 mins, 0 secs, 409 ms
INSERT 0 11275784
Time: 0 hrs, 0 mins, 3 secs, 582 ms
ANALYZE
Time: 0 hrs, 0 mins, 1 secs, 764 ms
 Total ip_user_filter bn_spider_ip records 
-------------------------------------------
                                  11275784
(1 row)

Time: 0 hrs, 0 mins, 0 secs, 331 ms
INSERT 0 29169982
Time: 0 hrs, 0 mins, 29 secs, 64 ms
ANALYZE
Time: 0 hrs, 0 mins, 3 secs, 217 ms
 bn_hits_stage 
---------------
      29169982
(1 row)

Time: 0 hrs, 0 mins, 0 secs, 242 ms
INSERT 0 12248833
Time: 0 hrs, 0 mins, 21 secs, 387 ms
ANALYZE
Time: 0 hrs, 0 mins, 2 secs, 0 ms
 bn_hits_sp_20101207 
---------------------
            25453981
(1 row)

Time: 0 hrs, 0 mins, 7 secs, 79 ms
END
Time: 0 hrs, 0 mins, 3 secs, 997 ms

Wed Dec 8 08:51:35 EST 2010

Timing is on.
BEGIN
Time: 0 hrs, 0 mins, 3 secs, 695 ms

           600 - LOAD RESOURCES

SET
Time: 0 hrs, 0 mins, 0 secs, 11 ms
CREATE TABLE
Time: 0 hrs, 0 mins, 8 secs, 954 ms
ANALYZE
Time: 0 hrs, 0 mins, 0 secs, 607 ms
 count(1) 
----------
   144571
(1 row)

Time: 0 hrs, 0 mins, 0 secs, 151 ms
ERROR:  more than one row returned by a subquery used as an expression
NOTICE:  current transaction is aborted, queries ignored until end of transaction block
NOTICE:  current transaction is aborted, queries ignored until end of transaction block
NOTICE:  current transaction is aborted, queries ignored until end of transaction block
NOTICE:  current transaction is aborted, queries ignored until end of transaction block
ABORT
Time: 0 hrs, 0 mins, 0 secs, 25 ms
VACUUM
Time: 0 hrs, 0 mins, 7 secs, 606 ms

Wed Dec 8 08:52:12 EST 2010

Timing is on.

           650 - LOAD_BN_SESSION_STAGE

BEGIN
Time: 0 hrs, 0 mins, 0 secs, 678 ms
SET
Time: 0 hrs, 0 mins, 0 secs, 12 ms
CREATE TABLE
Time: 0 hrs, 1 mins, 1 secs, 254 ms
ANALYZE
Time: 0 hrs, 0 mins, 3 secs, 68 ms
INSERT 0 4140971
Time: 0 hrs, 0 mins, 52 secs, 472 ms
ANALYZE
Time: 0 hrs, 0 mins, 0 secs, 986 ms
CREATE TABLE
Time: 0 hrs, 0 mins, 20 secs, 248 ms
ANALYZE
Time: 0 hrs, 0 mins, 0 secs, 306 ms
CREATE TABLE
Time: 0 hrs, 0 mins, 47 secs, 893 ms
ANALYZE
Time: 0 hrs, 0 mins, 1 secs, 142 ms
INSERT 0 3911367
Time: 0 hrs, 1 mins, 20 secs, 885 ms
 bn_session_stage 
------------------
          3911367
(1 row)

Time: 0 hrs, 0 mins, 0 secs, 314 ms
ANALYZE
Time: 0 hrs, 0 mins, 2 secs, 297 ms
END
Time: 0 hrs, 0 mins, 12 secs, 254 ms

Wed Dec 8 08:56:56 EST 2010

BEGIN

           660 - LOAD_BN_SESSION_UPDATE_STAGE

SET
INSERT 0 0
END

Wed Dec 8 08:57:10 EST 2010

Timing is on.

           670 - LOAD_BN_SESSION_20101207.UPDATES

BEGIN
Time: 0 hrs, 0 mins, 0 secs, 714 ms
SET
Time: 0 hrs, 0 mins, 0 secs, 10 ms
UPDATE 0
Time: 0 hrs, 0 mins, 0 secs, 455 ms
END
Time: 0 hrs, 0 mins, 25 secs, 260 ms
VACUUM
Time: 0 hrs, 0 mins, 17 secs, 786 ms

Wed Dec 8 08:57:55 EST 2010

Timing is on.

           700 - LOAD_BN_SESSION

BEGIN
Time: 0 hrs, 0 mins, 0 secs, 670 ms
SET
Time: 0 hrs, 0 mins, 0 secs, 10 ms
INSERT 0 3911367
Time: 0 hrs, 0 mins, 10 secs, 391 ms
ANALYZE
Time: 0 hrs, 0 mins, 1 secs, 771 ms
END
Time: 0 hrs, 0 mins, 28 secs, 841 ms

Wed Dec 8 08:58:37 EST 2010

Timing is on.

            750 - LOAD_BN_SESSION_SUMMARY   

BEGIN
Time: 0 hrs, 0 mins, 0 secs, 698 ms
SET
Time: 0 hrs, 0 mins, 0 secs, 10 ms
CREATE TABLE
Time: 0 hrs, 0 mins, 10 secs, 189 ms
TRUNCATE
Time: 0 hrs, 0 mins, 1 secs, 449 ms
INSERT 0 314228
Time: 0 hrs, 0 mins, 4 secs, 604 ms
ANALYZE
Time: 0 hrs, 0 mins, 0 secs, 760 ms
 count(1) 
----------
   314228
(1 row)

Time: 0 hrs, 0 mins, 0 secs, 99 ms
END
Time: 0 hrs, 0 mins, 17 secs, 416 ms

Wed Dec 8 08:59:12 EST 2010

Timing is on.

           800 - LOAD_BN_HITS

BEGIN
Time: 0 hrs, 0 mins, 0 secs, 898 ms
SET
Time: 0 hrs, 0 mins, 0 secs, 12 ms
TRUNCATE
Time: 0 hrs, 0 mins, 1 secs, 212 ms
INSERT 0 25665779
Time: 0 hrs, 0 mins, 27 secs, 116 ms
 count(1) 
----------
 25665779
(1 row)

Time: 0 hrs, 0 mins, 0 secs, 835 ms
ANALYZE
Time: 0 hrs, 0 mins, 3 secs, 600 ms
END
Time: 0 hrs, 1 mins, 17 secs, 49 ms

Wed Dec 8 09:01:03 EST 2010

Timing is on.

            900 - LOAD_CLICKSTREAM   

BEGIN
Time: 0 hrs, 0 mins, 0 secs, 999 ms
SET
Time: 0 hrs, 0 mins, 0 secs, 11 ms
TRUNCATE
Time: 0 hrs, 0 mins, 8 secs, 962 ms
INSERT 0 25665779
Time: 0 hrs, 2 mins, 16 secs, 795 ms
 count(1) 
----------
 25665779
(1 row)

Time: 0 hrs, 0 mins, 0 secs, 846 ms
ANALYZE
Time: 0 hrs, 0 mins, 1 secs, 76 ms
END
Time: 0 hrs, 0 mins, 21 secs, 354 ms

Wed Dec 8 09:03:53 EST 2010

Timing is on.

            1000 - PAGE_VIEW_SUMMARY  

BEGIN
Time: 0 hrs, 0 mins, 0 secs, 660 ms
SET
Time: 0 hrs, 0 mins, 0 secs, 9 ms
TRUNCATE
Time: 0 hrs, 0 mins, 2 secs, 466 ms
INSERT 0 50833
Time: 0 hrs, 0 mins, 7 secs, 274 ms
 count(1) 
----------
    50833
(1 row)

Time: 0 hrs, 0 mins, 0 secs, 386 ms
ANALYZE
Time: 0 hrs, 0 mins, 0 secs, 241 ms
END
Time: 0 hrs, 0 mins, 1 secs, 719 ms
Wed Dec 8 09:04:06 EST 2010
Skipping 20101207 as we are testing now
