-------------------------------------
Processing for 20101204
-------------------------------------

Sun Dec 5 08:30:11 EST 2010

Timing is on.

           000 - INIT

BEGIN
Time: 0 hrs, 0 mins, 0 secs, 631 ms
*** Truncating staging tables before workflow starts ***
SET
Time: 0 hrs, 0 mins, 0 secs, 12 ms
TRUNCATE
Time: 0 hrs, 0 mins, 0 secs, 883 ms
TRUNCATE
Time: 0 hrs, 0 mins, 0 secs, 257 ms
TRUNCATE
Time: 0 hrs, 0 mins, 0 secs, 570 ms
TRUNCATE
Time: 0 hrs, 0 mins, 0 secs, 272 ms
TRUNCATE
Time: 0 hrs, 0 mins, 1 secs, 503 ms
TRUNCATE
Time: 0 hrs, 0 mins, 0 secs, 410 ms
TRUNCATE
Time: 0 hrs, 0 mins, 0 secs, 605 ms
END
Time: 0 hrs, 0 mins, 5 secs, 242 ms

Sun Dec 5 08:30:22 EST 2010

Timing is on.

            200 - LOAD_BN_IISLOGS   

BEGIN
Time: 0 hrs, 0 mins, 0 secs, 658 ms
SET
Time: 0 hrs, 0 mins, 0 secs, 11 ms
TRUNCATE
Time: 0 hrs, 0 mins, 0 secs, 240 ms
INSERT 0 49958930
Time: 0 hrs, 8 mins, 40 secs, 712 ms
END
Time: 0 hrs, 0 mins, 1 secs, 570 ms
ALTER TABLE
Time: 0 hrs, 5 mins, 44 secs, 881 ms

Sun Dec 5 08:44:50 EST 2010

Timing is on.
BEGIN
Time: 0 hrs, 0 mins, 0 secs, 609 ms
SET
Time: 0 hrs, 0 mins, 0 secs, 10 ms

            250 - LOAD_BN_HITS_SP   

TRUNCATE
Time: 0 hrs, 0 mins, 0 secs, 763 ms
INSERT 0 13513017
Time: 0 hrs, 3 mins, 17 secs, 614 ms
ANALYZE
Time: 0 hrs, 0 mins, 1 secs, 506 ms
END
Time: 0 hrs, 0 mins, 1 secs, 199 ms

Sun Dec 5 08:48:12 EST 2010

Timing is on.
BEGIN
Time: 0 hrs, 0 mins, 0 secs, 550 ms
SET
Time: 0 hrs, 0 mins, 0 secs, 11 ms

           300 - DYNAMIC FILTER

INSERT 0 13162831
Time: 0 hrs, 0 mins, 2 secs, 502 ms
ANALYZE
Time: 0 hrs, 0 mins, 0 secs, 354 ms
 Total records in web_click_cnt 
--------------------------------
                       13162831
(1 row)

Time: 0 hrs, 0 mins, 0 secs, 286 ms
CREATE TABLE
Time: 0 hrs, 0 mins, 2 secs, 638 ms
ANALYZE
Time: 0 hrs, 0 mins, 0 secs, 108 ms
CREATE TABLE
Time: 0 hrs, 0 mins, 0 secs, 776 ms
ANALYZE
Time: 0 hrs, 0 mins, 0 secs, 159 ms
DELETE 1
Time: 0 hrs, 0 mins, 0 secs, 261 ms
INSERT 0 1
Time: 0 hrs, 0 mins, 0 secs, 505 ms
DELETE 1
Time: 0 hrs, 0 mins, 0 secs, 133 ms
INSERT 0 1
Time: 0 hrs, 0 mins, 0 secs, 972 ms
CREATE TABLE
Time: 0 hrs, 0 mins, 1 secs, 542 ms
ANALYZE
Time: 0 hrs, 0 mins, 0 secs, 107 ms
CREATE TABLE
Time: 0 hrs, 0 mins, 0 secs, 934 ms
ANALYZE
Time: 0 hrs, 0 mins, 0 secs, 133 ms
DELETE 1
Time: 0 hrs, 0 mins, 0 secs, 95 ms
INSERT 0 1
Time: 0 hrs, 0 mins, 1 secs, 441 ms
DELETE 1
Time: 0 hrs, 0 mins, 0 secs, 96 ms
INSERT 0 1
Time: 0 hrs, 0 mins, 0 secs, 399 ms
ANALYZE
Time: 0 hrs, 0 mins, 0 secs, 75 ms
    tablename     |    attr_name    | attr_value 
------------------+-----------------+------------
 BN_FILTER_SPIDER | CLK_USER_SD_MPL | 10
 BN_FILTER_SPIDER | IP_USER_SD_MPL  | 1
 BN_FILTER_SPIDER | IP_USER_RATIO   | .955
 BN_FILTER_SPIDER | CLK_USER_MEAN   | 12.578
 BN_FILTER_SPIDER | CLK_USER_SD     | 35.242
 BN_FILTER_SPIDER | IP_USER_MEAN    | 9.845
 BN_FILTER_SPIDER | IP_USER_SD      | 1077.082
(7 rows)

Time: 0 hrs, 0 mins, 0 secs, 140 ms
CREATE TABLE
Time: 0 hrs, 0 mins, 3 secs, 152 ms
CREATE TABLE
Time: 0 hrs, 0 mins, 0 secs, 363 ms
 l_mean_sd_mpl 
---------------
       364.998
(1 row)

Time: 0 hrs, 0 mins, 0 secs, 272 ms
INSERT 0 1145
Time: 0 hrs, 0 mins, 6 secs, 37 ms
ANALYZE
Time: 0 hrs, 0 mins, 0 secs, 333 ms
 Total click_user bn_spider_ip records 
---------------------------------------
                                  1145
(1 row)

Time: 0 hrs, 0 mins, 0 secs, 101 ms
CREATE TABLE
Time: 0 hrs, 0 mins, 1 secs, 584 ms
ANALYZE
Time: 0 hrs, 0 mins, 0 secs, 131 ms
CREATE TABLE
Time: 0 hrs, 0 mins, 3 secs, 156 ms
ANALYZE
Time: 0 hrs, 0 mins, 0 secs, 98 ms
DROP 
Time: 0 hrs, 0 mins, 0 secs, 297 ms
CREATE TABLE
Time: 0 hrs, 0 mins, 4 secs, 126 ms
 l_mean_sd_mpl | l_ratio 
---------------+---------
      1086.927 |   0.955
(1 row)

Time: 0 hrs, 0 mins, 0 secs, 320 ms
INSERT 0 9587819
Time: 0 hrs, 0 mins, 3 secs, 988 ms
ANALYZE
Time: 0 hrs, 0 mins, 1 secs, 79 ms
 Total ip_user_filter bn_spider_ip records 
-------------------------------------------
                                   9587819
(1 row)

Time: 0 hrs, 0 mins, 0 secs, 223 ms
INSERT 0 25754668
Time: 0 hrs, 0 mins, 27 secs, 798 ms
ANALYZE
Time: 0 hrs, 0 mins, 3 secs, 19 ms
 bn_hits_stage 
---------------
      25754668
(1 row)

Time: 0 hrs, 0 mins, 0 secs, 242 ms
INSERT 0 10691245
Time: 0 hrs, 0 mins, 19 secs, 896 ms
ANALYZE
Time: 0 hrs, 0 mins, 1 secs, 587 ms
 bn_hits_sp_20101204 
---------------------
            24204262
(1 row)

Time: 0 hrs, 0 mins, 9 secs, 664 ms
END
Time: 0 hrs, 0 mins, 1 secs, 446 ms

Sun Dec 5 08:49:55 EST 2010

Timing is on.
BEGIN
Time: 0 hrs, 0 mins, 1 secs, 499 ms

           600 - LOAD RESOURCES

SET
Time: 0 hrs, 0 mins, 0 secs, 8 ms
CREATE TABLE
Time: 0 hrs, 0 mins, 7 secs, 920 ms
ANALYZE
Time: 0 hrs, 0 mins, 0 secs, 738 ms
 count(1) 
----------
   174144
(1 row)

Time: 0 hrs, 0 mins, 0 secs, 180 ms
UPDATE 17
Time: 0 hrs, 0 mins, 12 secs, 459 ms
ANALYZE
Time: 0 hrs, 0 mins, 1 secs, 100 ms
INSERT 0 121441
Time: 0 hrs, 0 mins, 12 secs, 910 ms

Time: 0 hrs, 0 mins, 0 secs, 12 ms
ANALYZE
Time: 0 hrs, 0 mins, 0 secs, 781 ms
END
Time: 0 hrs, 0 mins, 1 secs, 84 ms
VACUUM
Time: 0 hrs, 0 mins, 7 secs, 904 ms

Sun Dec 5 08:50:42 EST 2010

Timing is on.

           650 - LOAD_BN_SESSION_STAGE

BEGIN
Time: 0 hrs, 0 mins, 0 secs, 517 ms
SET
Time: 0 hrs, 0 mins, 0 secs, 11 ms
CREATE TABLE
Time: 0 hrs, 0 mins, 55 secs, 445 ms
ANALYZE
Time: 0 hrs, 0 mins, 2 secs, 119 ms
INSERT 0 3864162
Time: 0 hrs, 0 mins, 44 secs, 35 ms
ANALYZE
Time: 0 hrs, 0 mins, 1 secs, 512 ms
CREATE TABLE
Time: 0 hrs, 0 mins, 17 secs, 777 ms
ANALYZE
Time: 0 hrs, 0 mins, 0 secs, 245 ms
CREATE TABLE
Time: 0 hrs, 0 mins, 38 secs, 335 ms
ANALYZE
Time: 0 hrs, 0 mins, 0 secs, 801 ms
INSERT 0 3483516
Time: 0 hrs, 0 mins, 36 secs, 853 ms
 bn_session_stage 
------------------
          3483516
(1 row)

Time: 0 hrs, 0 mins, 0 secs, 216 ms
ANALYZE
Time: 0 hrs, 0 mins, 1 secs, 473 ms
END
Time: 0 hrs, 0 mins, 2 secs, 14 ms

Sun Dec 5 08:54:04 EST 2010

BEGIN

           660 - LOAD_BN_SESSION_UPDATE_STAGE

SET
INSERT 0 0
END

Sun Dec 5 08:54:07 EST 2010

Timing is on.

           670 - LOAD_BN_SESSION_20101204.UPDATES

BEGIN
Time: 0 hrs, 0 mins, 0 secs, 608 ms
SET
Time: 0 hrs, 0 mins, 0 secs, 9 ms
UPDATE 0
Time: 0 hrs, 0 mins, 0 secs, 429 ms
END
Time: 0 hrs, 0 mins, 0 secs, 707 ms
VACUUM
Time: 0 hrs, 0 mins, 1 secs, 767 ms

Sun Dec 5 08:54:11 EST 2010

Timing is on.

           700 - LOAD_BN_SESSION

BEGIN
Time: 0 hrs, 0 mins, 0 secs, 591 ms
SET
Time: 0 hrs, 0 mins, 0 secs, 11 ms
INSERT 0 3483516
Time: 0 hrs, 0 mins, 6 secs, 754 ms
ANALYZE
Time: 0 hrs, 0 mins, 1 secs, 161 ms
END
Time: 0 hrs, 0 mins, 0 secs, 966 ms

Sun Dec 5 08:54:21 EST 2010

Timing is on.

            750 - LOAD_BN_SESSION_SUMMARY   

BEGIN
Time: 0 hrs, 0 mins, 0 secs, 563 ms
SET
Time: 0 hrs, 0 mins, 0 secs, 10 ms
CREATE TABLE
Time: 0 hrs, 0 mins, 6 secs, 433 ms
TRUNCATE
Time: 0 hrs, 0 mins, 0 secs, 628 ms
INSERT 0 258376
Time: 0 hrs, 0 mins, 3 secs, 79 ms
ANALYZE
Time: 0 hrs, 0 mins, 0 secs, 427 ms
 count(1) 
----------
   258376
(1 row)

Time: 0 hrs, 0 mins, 0 secs, 89 ms
END
Time: 0 hrs, 0 mins, 0 secs, 857 ms

Sun Dec 5 08:54:33 EST 2010

Timing is on.

           800 - LOAD_BN_HITS

BEGIN
Time: 0 hrs, 0 mins, 0 secs, 534 ms
SET
Time: 0 hrs, 0 mins, 0 secs, 10 ms
TRUNCATE
Time: 0 hrs, 0 mins, 0 secs, 369 ms
INSERT 0 18491929
Time: 0 hrs, 0 mins, 18 secs, 21 ms
 count(1) 
----------
 18491929
(1 row)

Time: 0 hrs, 0 mins, 0 secs, 287 ms
ANALYZE
Time: 0 hrs, 0 mins, 2 secs, 84 ms
END
Time: 0 hrs, 0 mins, 1 secs, 230 ms

Sun Dec 5 08:54:56 EST 2010

Timing is on.

            900 - LOAD_CLICKSTREAM   

BEGIN
Time: 0 hrs, 0 mins, 0 secs, 837 ms
SET
Time: 0 hrs, 0 mins, 0 secs, 11 ms
TRUNCATE
Time: 0 hrs, 0 mins, 1 secs, 845 ms
INSERT 0 18491929
Time: 0 hrs, 0 mins, 56 secs, 63 ms
 count(1) 
----------
 18491929
(1 row)

Time: 0 hrs, 0 mins, 0 secs, 691 ms
ANALYZE
Time: 0 hrs, 0 mins, 1 secs, 14 ms
END
Time: 0 hrs, 0 mins, 2 secs, 391 ms

Sun Dec 5 08:55:59 EST 2010

Timing is on.

            1000 - PAGE_VIEW_SUMMARY  

BEGIN
Time: 0 hrs, 0 mins, 0 secs, 593 ms
SET
Time: 0 hrs, 0 mins, 0 secs, 10 ms
TRUNCATE
Time: 0 hrs, 0 mins, 0 secs, 334 ms
INSERT 0 175750
Time: 0 hrs, 0 mins, 3 secs, 556 ms
 count(1) 
----------
   175750
(1 row)

Time: 0 hrs, 0 mins, 0 secs, 159 ms
ANALYZE
Time: 0 hrs, 0 mins, 0 secs, 92 ms
END
Time: 0 hrs, 0 mins, 0 secs, 797 ms
Sun Dec 5 08:56:05 EST 2010
-------------------------------------
Processing for 20101204
-------------------------------------

Mon Dec 6 08:55:11 EST 2010

Timing is on.

           000 - INIT

BEGIN
Time: 0 hrs, 0 mins, 0 secs, 641 ms
*** Truncating staging tables before workflow starts ***
SET
Time: 0 hrs, 0 mins, 0 secs, 12 ms
TRUNCATE
Time: 0 hrs, 0 mins, 0 secs, 523 ms
TRUNCATE
Time: 0 hrs, 0 mins, 0 secs, 119 ms
TRUNCATE
Time: 0 hrs, 0 mins, 0 secs, 220 ms
TRUNCATE
Time: 0 hrs, 0 mins, 0 secs, 107 ms
TRUNCATE
Time: 0 hrs, 0 mins, 0 secs, 140 ms
TRUNCATE
Time: 0 hrs, 0 mins, 0 secs, 154 ms
TRUNCATE
Time: 0 hrs, 0 mins, 0 secs, 137 ms
END
Time: 0 hrs, 0 mins, 1 secs, 499 ms

Mon Dec 6 08:55:15 EST 2010

Timing is on.

            200 - LOAD_BN_IISLOGS   

BEGIN
Time: 0 hrs, 0 mins, 0 secs, 527 ms
SET
Time: 0 hrs, 0 mins, 0 secs, 9 ms
TRUNCATE
Time: 0 hrs, 0 mins, 0 secs, 312 ms
INSERT 0 49959106
Time: 0 hrs, 9 mins, 20 secs, 278 ms
END
Time: 0 hrs, 0 mins, 1 secs, 170 ms
ALTER TABLE
Time: 0 hrs, 0 mins, 1 secs, 535 ms

Mon Dec 6 09:04:39 EST 2010

Timing is on.
BEGIN
Time: 0 hrs, 0 mins, 0 secs, 574 ms
SET
Time: 0 hrs, 0 mins, 0 secs, 10 ms

            250 - LOAD_BN_HITS_SP   

TRUNCATE
Time: 0 hrs, 0 mins, 0 secs, 397 ms
INSERT 0 13513049
Time: 0 hrs, 2 mins, 58 secs, 992 ms
ANALYZE
Time: 0 hrs, 0 mins, 1 secs, 481 ms
END
Time: 0 hrs, 0 mins, 3 secs, 577 ms

Mon Dec 6 09:07:44 EST 2010

Timing is on.
BEGIN
Time: 0 hrs, 0 mins, 0 secs, 617 ms
SET
Time: 0 hrs, 0 mins, 0 secs, 11 ms

           300 - DYNAMIC FILTER

INSERT 0 13162845
Time: 0 hrs, 0 mins, 2 secs, 633 ms
ANALYZE
Time: 0 hrs, 0 mins, 0 secs, 666 ms
 Total records in web_click_cnt 
--------------------------------
                       13162845
(1 row)

Time: 0 hrs, 0 mins, 0 secs, 412 ms
CREATE TABLE
Time: 0 hrs, 0 mins, 1 secs, 381 ms
ANALYZE
Time: 0 hrs, 0 mins, 0 secs, 100 ms
CREATE TABLE
Time: 0 hrs, 0 mins, 0 secs, 257 ms
ANALYZE
Time: 0 hrs, 0 mins, 0 secs, 96 ms
DELETE 1
Time: 0 hrs, 0 mins, 0 secs, 95 ms
INSERT 0 1
Time: 0 hrs, 0 mins, 0 secs, 177 ms
DELETE 1
Time: 0 hrs, 0 mins, 0 secs, 85 ms
INSERT 0 1
Time: 0 hrs, 0 mins, 0 secs, 213 ms
CREATE TABLE
Time: 0 hrs, 0 mins, 1 secs, 321 ms
ANALYZE
Time: 0 hrs, 0 mins, 0 secs, 103 ms
CREATE TABLE
Time: 0 hrs, 0 mins, 0 secs, 797 ms
ANALYZE
Time: 0 hrs, 0 mins, 0 secs, 98 ms
DELETE 1
Time: 0 hrs, 0 mins, 0 secs, 72 ms
INSERT 0 1
Time: 0 hrs, 0 mins, 0 secs, 235 ms
DELETE 1
Time: 0 hrs, 0 mins, 0 secs, 72 ms
INSERT 0 1
Time: 0 hrs, 0 mins, 0 secs, 221 ms
ANALYZE
Time: 0 hrs, 0 mins, 0 secs, 52 ms
    tablename     |    attr_name    | attr_value 
------------------+-----------------+------------
 BN_FILTER_SPIDER | CLK_USER_SD_MPL | 10
 BN_FILTER_SPIDER | IP_USER_SD_MPL  | 1
 BN_FILTER_SPIDER | IP_USER_RATIO   | .955
 BN_FILTER_SPIDER | CLK_USER_MEAN   | 12.578
 BN_FILTER_SPIDER | CLK_USER_SD     | 35.242
 BN_FILTER_SPIDER | IP_USER_MEAN    | 9.845
 BN_FILTER_SPIDER | IP_USER_SD      | 1077.082
(7 rows)

Time: 0 hrs, 0 mins, 0 secs, 90 ms
CREATE TABLE
Time: 0 hrs, 0 mins, 2 secs, 514 ms
CREATE TABLE
Time: 0 hrs, 0 mins, 0 secs, 212 ms
 l_mean_sd_mpl 
---------------
       364.998
(1 row)

Time: 0 hrs, 0 mins, 0 secs, 90 ms
INSERT 0 1145
Time: 0 hrs, 0 mins, 5 secs, 860 ms
ANALYZE
Time: 0 hrs, 0 mins, 0 secs, 147 ms
 Total click_user bn_spider_ip records 
---------------------------------------
                                  1145
(1 row)

Time: 0 hrs, 0 mins, 0 secs, 136 ms
CREATE TABLE
Time: 0 hrs, 0 mins, 9 secs, 659 ms
ANALYZE
Time: 0 hrs, 0 mins, 0 secs, 73 ms
CREATE TABLE
Time: 0 hrs, 0 mins, 19 secs, 979 ms
ANALYZE
Time: 0 hrs, 0 mins, 0 secs, 101 ms
DROP 
Time: 0 hrs, 0 mins, 0 secs, 302 ms
CREATE TABLE
Time: 0 hrs, 0 mins, 0 secs, 341 ms
 l_mean_sd_mpl | l_ratio 
---------------+---------
      1086.927 |   0.955
(1 row)

Time: 0 hrs, 0 mins, 0 secs, 213 ms
INSERT 0 9587822
Time: 0 hrs, 0 mins, 4 secs, 64 ms
ANALYZE
Time: 0 hrs, 0 mins, 0 secs, 833 ms
 Total ip_user_filter bn_spider_ip records 
-------------------------------------------
                                   9587822
(1 row)

Time: 0 hrs, 0 mins, 0 secs, 254 ms
INSERT 0 25754807
Time: 0 hrs, 0 mins, 27 secs, 410 ms
ANALYZE
Time: 0 hrs, 0 mins, 2 secs, 577 ms
 bn_hits_stage 
---------------
      25754807
(1 row)

Time: 0 hrs, 0 mins, 0 secs, 244 ms
INSERT 0 10691250
Time: 0 hrs, 0 mins, 17 secs, 551 ms
ANALYZE
Time: 0 hrs, 0 mins, 1 secs, 677 ms
 bn_hits_sp_20101204 
---------------------
            24204299
(1 row)

Time: 0 hrs, 0 mins, 7 secs, 56 ms
END
Time: 0 hrs, 0 mins, 4 secs, 754 ms

Mon Dec 6 09:09:40 EST 2010

Timing is on.
BEGIN
Time: 0 hrs, 0 mins, 0 secs, 741 ms

           600 - LOAD RESOURCES

SET
Time: 0 hrs, 0 mins, 0 secs, 10 ms
CREATE TABLE
Time: 0 hrs, 0 mins, 35 secs, 248 ms
ANALYZE
Time: 0 hrs, 0 mins, 0 secs, 651 ms
 count(1) 
----------
   174144
(1 row)

Time: 0 hrs, 0 mins, 0 secs, 121 ms
ERROR:  syntax error at or near "AND"
LINE 14: - AND (RESOURCES.RESOURCE_DISPLAY_NAME <> a.resource_display...
           ^
NOTICE:  current transaction is aborted, queries ignored until end of transaction block
NOTICE:  current transaction is aborted, queries ignored until end of transaction block
NOTICE:  current transaction is aborted, queries ignored until end of transaction block
NOTICE:  current transaction is aborted, queries ignored until end of transaction block
NOTICE:  current transaction is aborted, queries ignored until end of transaction block
ABORT
Time: 0 hrs, 0 mins, 0 secs, 162 ms
VACUUM
Time: 0 hrs, 0 mins, 7 secs, 280 ms

Mon Dec 6 09:10:25 EST 2010

Timing is on.

           650 - LOAD_BN_SESSION_STAGE

BEGIN
Time: 0 hrs, 0 mins, 0 secs, 929 ms
SET
Time: 0 hrs, 0 mins, 0 secs, 11 ms
CREATE TABLE
Time: 0 hrs, 1 mins, 2 secs, 987 ms
ANALYZE
Time: 0 hrs, 0 mins, 3 secs, 120 ms
INSERT 0 3864173
Time: 0 hrs, 0 mins, 48 secs, 281 ms
ANALYZE
Time: 0 hrs, 0 mins, 0 secs, 741 ms
CREATE TABLE
Time: 0 hrs, 0 mins, 20 secs, 950 ms
ANALYZE
Time: 0 hrs, 0 mins, 0 secs, 273 ms
CREATE TABLE
Time: 0 hrs, 0 mins, 44 secs, 946 ms
ANALYZE
Time: 0 hrs, 0 mins, 1 secs, 215 ms
INSERT 0 3465610
Time: 0 hrs, 0 mins, 47 secs, 20 ms
 bn_session_stage 
------------------
          3465610
(1 row)

Time: 0 hrs, 0 mins, 0 secs, 225 ms
ANALYZE
Time: 0 hrs, 0 mins, 1 secs, 692 ms
END
Time: 0 hrs, 0 mins, 13 secs, 160 ms

Mon Dec 6 09:14:30 EST 2010

BEGIN

           660 - LOAD_BN_SESSION_UPDATE_STAGE

SET
INSERT 0 5661267
END

Mon Dec 6 09:14:50 EST 2010

Timing is on.

           670 - LOAD_BN_SESSION_20101204.UPDATES

BEGIN
Time: 0 hrs, 0 mins, 0 secs, 641 ms
SET
Time: 0 hrs, 0 mins, 0 secs, 11 ms
UPDATE 3447464
Time: 0 hrs, 0 mins, 2 secs, 90 ms
END
Time: 0 hrs, 0 mins, 28 secs, 177 ms
VACUUM
Time: 0 hrs, 0 mins, 16 secs, 754 ms

Mon Dec 6 09:15:38 EST 2010

Timing is on.

           700 - LOAD_BN_SESSION

BEGIN
Time: 0 hrs, 0 mins, 0 secs, 690 ms
SET
Time: 0 hrs, 0 mins, 0 secs, 12 ms
INSERT 0 20126
Time: 0 hrs, 0 mins, 8 secs, 283 ms
ANALYZE
Time: 0 hrs, 0 mins, 1 secs, 659 ms
END
Time: 0 hrs, 0 mins, 11 secs, 947 ms

Mon Dec 6 09:16:01 EST 2010

Timing is on.

            750 - LOAD_BN_SESSION_SUMMARY   

BEGIN
Time: 0 hrs, 0 mins, 0 secs, 704 ms
SET
Time: 0 hrs, 0 mins, 0 secs, 11 ms
CREATE TABLE
Time: 0 hrs, 0 mins, 6 secs, 561 ms
TRUNCATE
Time: 0 hrs, 0 mins, 0 secs, 717 ms
INSERT 0 4793
Time: 0 hrs, 0 mins, 1 secs, 590 ms
ANALYZE
Time: 0 hrs, 0 mins, 0 secs, 495 ms
 count(1) 
----------
     4793
(1 row)

Time: 0 hrs, 0 mins, 0 secs, 97 ms
END
Time: 0 hrs, 0 mins, 14 secs, 142 ms

Mon Dec 6 09:16:25 EST 2010

Timing is on.

           800 - LOAD_BN_HITS

BEGIN
Time: 0 hrs, 0 mins, 0 secs, 692 ms
SET
Time: 0 hrs, 0 mins, 0 secs, 10 ms
TRUNCATE
Time: 0 hrs, 0 mins, 1 secs, 286 ms
INSERT 0 18169749
Time: 0 hrs, 0 mins, 21 secs, 556 ms
 count(1) 
----------
 18169749
(1 row)

Time: 0 hrs, 0 mins, 0 secs, 504 ms
ANALYZE
Time: 0 hrs, 0 mins, 3 secs, 457 ms
END
Time: 0 hrs, 1 mins, 9 secs, 383 ms

Mon Dec 6 09:18:02 EST 2010

Timing is on.

            900 - LOAD_CLICKSTREAM   

BEGIN
Time: 0 hrs, 0 mins, 0 secs, 893 ms
SET
Time: 0 hrs, 0 mins, 0 secs, 9 ms
TRUNCATE
Time: 0 hrs, 0 mins, 2 secs, 46 ms
INSERT 0 18169749
Time: 0 hrs, 1 mins, 42 secs, 943 ms
 count(1) 
----------
 18169749
(1 row)

Time: 0 hrs, 0 mins, 0 secs, 596 ms
ANALYZE
Time: 0 hrs, 0 mins, 2 secs, 398 ms
END
Time: 0 hrs, 0 mins, 39 secs, 159 ms

Mon Dec 6 09:20:31 EST 2010

Timing is on.

            1000 - PAGE_VIEW_SUMMARY  

BEGIN
Time: 0 hrs, 0 mins, 0 secs, 633 ms
SET
Time: 0 hrs, 0 mins, 0 secs, 13 ms
TRUNCATE
Time: 0 hrs, 0 mins, 2 secs, 104 ms
INSERT 0 175513
Time: 0 hrs, 0 mins, 9 secs, 340 ms
 count(1) 
----------
   175513
(1 row)

Time: 0 hrs, 0 mins, 0 secs, 164 ms
ANALYZE
Time: 0 hrs, 0 mins, 0 secs, 121 ms
END
Time: 0 hrs, 0 mins, 7 secs, 560 ms
Mon Dec 6 09:20:51 EST 2010
