-------------------------------------
Processing for 20101203
-------------------------------------

Sat Dec 4 08:30:10 EST 2010

Timing is on.

           000 - INIT

BEGIN
Time: 0 hrs, 0 mins, 0 secs, 614 ms
*** Truncating staging tables before workflow starts ***
SET
Time: 0 hrs, 0 mins, 0 secs, 11 ms
TRUNCATE
Time: 0 hrs, 0 mins, 0 secs, 950 ms
TRUNCATE
Time: 0 hrs, 0 mins, 0 secs, 186 ms
TRUNCATE
Time: 0 hrs, 0 mins, 0 secs, 317 ms
TRUNCATE
Time: 0 hrs, 0 mins, 0 secs, 547 ms
TRUNCATE
Time: 0 hrs, 0 mins, 0 secs, 224 ms
TRUNCATE
Time: 0 hrs, 0 mins, 0 secs, 219 ms
TRUNCATE
Time: 0 hrs, 0 mins, 0 secs, 556 ms
END
Time: 0 hrs, 0 mins, 1 secs, 173 ms

Sat Dec 4 08:30:15 EST 2010

Timing is on.

            200 - LOAD_BN_IISLOGS   

BEGIN
Time: 0 hrs, 0 mins, 0 secs, 570 ms
SET
Time: 0 hrs, 0 mins, 0 secs, 9 ms
TRUNCATE
Time: 0 hrs, 0 mins, 0 secs, 844 ms
INSERT 0 47510546
Time: 0 hrs, 8 mins, 17 secs, 757 ms
END
Time: 0 hrs, 0 mins, 1 secs, 270 ms
ALTER TABLE
Time: 0 hrs, 6 mins, 18 secs, 742 ms

Sat Dec 4 08:44:55 EST 2010

Timing is on.
BEGIN
Time: 0 hrs, 0 mins, 0 secs, 638 ms
SET
Time: 0 hrs, 0 mins, 0 secs, 11 ms

            250 - LOAD_BN_HITS_SP   

TRUNCATE
Time: 0 hrs, 0 mins, 1 secs, 313 ms
INSERT 0 12814687
Time: 0 hrs, 2 mins, 49 secs, 764 ms
ANALYZE
Time: 0 hrs, 0 mins, 1 secs, 578 ms
END
Time: 0 hrs, 0 mins, 0 secs, 908 ms

Sat Dec 4 08:47:49 EST 2010

Timing is on.
BEGIN
Time: 0 hrs, 0 mins, 0 secs, 594 ms
SET
Time: 0 hrs, 0 mins, 0 secs, 10 ms

           300 - DYNAMIC FILTER

INSERT 0 11497537
Time: 0 hrs, 0 mins, 2 secs, 325 ms
ANALYZE
Time: 0 hrs, 0 mins, 0 secs, 674 ms
 Total records in web_click_cnt 
--------------------------------
                       11497537
(1 row)

Time: 0 hrs, 0 mins, 0 secs, 246 ms
CREATE TABLE
Time: 0 hrs, 0 mins, 3 secs, 724 ms
ANALYZE
Time: 0 hrs, 0 mins, 0 secs, 99 ms
CREATE TABLE
Time: 0 hrs, 0 mins, 0 secs, 362 ms
ANALYZE
Time: 0 hrs, 0 mins, 0 secs, 108 ms
DELETE 1
Time: 0 hrs, 0 mins, 0 secs, 215 ms
INSERT 0 1
Time: 0 hrs, 0 mins, 3 secs, 658 ms
DELETE 1
Time: 0 hrs, 0 mins, 0 secs, 85 ms
INSERT 0 1
Time: 0 hrs, 0 mins, 0 secs, 861 ms
CREATE TABLE
Time: 0 hrs, 0 mins, 1 secs, 982 ms
ANALYZE
Time: 0 hrs, 0 mins, 0 secs, 111 ms
CREATE TABLE
Time: 0 hrs, 0 mins, 2 secs, 667 ms
ANALYZE
Time: 0 hrs, 0 mins, 0 secs, 106 ms
DELETE 1
Time: 0 hrs, 0 mins, 0 secs, 121 ms
INSERT 0 1
Time: 0 hrs, 0 mins, 0 secs, 721 ms
DELETE 1
Time: 0 hrs, 0 mins, 0 secs, 88 ms
INSERT 0 1
Time: 0 hrs, 0 mins, 0 secs, 306 ms
ANALYZE
Time: 0 hrs, 0 mins, 0 secs, 66 ms
    tablename     |    attr_name    | attr_value 
------------------+-----------------+------------
 BN_FILTER_SPIDER | CLK_USER_SD_MPL | 10
 BN_FILTER_SPIDER | IP_USER_SD_MPL  | 1
 BN_FILTER_SPIDER | IP_USER_RATIO   | .955
 BN_FILTER_SPIDER | CLK_USER_MEAN   | 12.043
 BN_FILTER_SPIDER | CLK_USER_SD     | 39.491
 BN_FILTER_SPIDER | IP_USER_MEAN    | 8.753
 BN_FILTER_SPIDER | IP_USER_SD      | 944.808
(7 rows)

Time: 0 hrs, 0 mins, 1 secs, 7 ms
CREATE TABLE
Time: 0 hrs, 0 mins, 2 secs, 741 ms
CREATE TABLE
Time: 0 hrs, 0 mins, 0 secs, 888 ms
 l_mean_sd_mpl 
---------------
       406.953
(1 row)

Time: 0 hrs, 0 mins, 0 secs, 164 ms
INSERT 0 872
Time: 0 hrs, 0 mins, 5 secs, 301 ms
ANALYZE
Time: 0 hrs, 0 mins, 0 secs, 264 ms
 Total click_user bn_spider_ip records 
---------------------------------------
                                   872
(1 row)

Time: 0 hrs, 0 mins, 0 secs, 79 ms
CREATE TABLE
Time: 0 hrs, 0 mins, 2 secs, 16 ms
ANALYZE
Time: 0 hrs, 0 mins, 0 secs, 91 ms
CREATE TABLE
Time: 0 hrs, 0 mins, 2 secs, 999 ms
ANALYZE
Time: 0 hrs, 0 mins, 0 secs, 132 ms
DROP 
Time: 0 hrs, 0 mins, 0 secs, 299 ms
CREATE TABLE
Time: 0 hrs, 0 mins, 0 secs, 954 ms
 l_mean_sd_mpl | l_ratio 
---------------+---------
       953.561 |   0.955
(1 row)

Time: 0 hrs, 0 mins, 0 secs, 222 ms
INSERT 0 7998470
Time: 0 hrs, 0 mins, 4 secs, 57 ms
ANALYZE
Time: 0 hrs, 0 mins, 0 secs, 261 ms
 Total ip_user_filter bn_spider_ip records 
-------------------------------------------
                                   7998470
(1 row)

Time: 0 hrs, 0 mins, 0 secs, 268 ms
INSERT 0 25573320
Time: 0 hrs, 0 mins, 26 secs, 220 ms
ANALYZE
Time: 0 hrs, 0 mins, 3 secs, 219 ms
 bn_hits_stage 
---------------
      25573320
(1 row)

Time: 0 hrs, 0 mins, 0 secs, 258 ms
INSERT 0 9122539
Time: 0 hrs, 0 mins, 19 secs, 252 ms
ANALYZE
Time: 0 hrs, 0 mins, 1 secs, 688 ms
 bn_hits_sp_20101203 
---------------------
            21937226
(1 row)

Time: 0 hrs, 0 mins, 8 secs, 377 ms
END
Time: 0 hrs, 0 mins, 1 secs, 865 ms

Sat Dec 4 08:49:31 EST 2010

Timing is on.
BEGIN
Time: 0 hrs, 0 mins, 1 secs, 165 ms

           600 - LOAD RESOURCES

SET
Time: 0 hrs, 0 mins, 0 secs, 13 ms
CREATE TABLE
Time: 0 hrs, 0 mins, 7 secs, 59 ms
ANALYZE
Time: 0 hrs, 0 mins, 0 secs, 475 ms
 count(1) 
----------
   158388
(1 row)

Time: 0 hrs, 0 mins, 0 secs, 126 ms
UPDATE 17
Time: 0 hrs, 0 mins, 11 secs, 809 ms
ANALYZE
Time: 0 hrs, 0 mins, 0 secs, 877 ms
INSERT 0 109603
Time: 0 hrs, 0 mins, 11 secs, 938 ms

Time: 0 hrs, 0 mins, 0 secs, 9 ms
ANALYZE
Time: 0 hrs, 0 mins, 0 secs, 674 ms
END
Time: 0 hrs, 0 mins, 0 secs, 991 ms
VACUUM
Time: 0 hrs, 0 mins, 7 secs, 160 ms

Sat Dec 4 08:50:14 EST 2010

Timing is on.

           650 - LOAD_BN_SESSION_STAGE

BEGIN
Time: 0 hrs, 0 mins, 0 secs, 574 ms
SET
Time: 0 hrs, 0 mins, 0 secs, 11 ms
CREATE TABLE
Time: 0 hrs, 0 mins, 53 secs, 578 ms
ANALYZE
Time: 0 hrs, 0 mins, 2 secs, 505 ms
INSERT 0 3780504
Time: 0 hrs, 0 mins, 46 secs, 998 ms
ANALYZE
Time: 0 hrs, 0 mins, 1 secs, 514 ms
CREATE TABLE
Time: 0 hrs, 0 mins, 19 secs, 308 ms
ANALYZE
Time: 0 hrs, 0 mins, 0 secs, 231 ms
CREATE TABLE
Time: 0 hrs, 0 mins, 38 secs, 849 ms
ANALYZE
Time: 0 hrs, 0 mins, 0 secs, 714 ms
INSERT 0 3375654
Time: 0 hrs, 0 mins, 55 secs, 599 ms
 bn_session_stage 
------------------
          3375654
(1 row)

Time: 0 hrs, 0 mins, 0 secs, 210 ms
ANALYZE
Time: 0 hrs, 0 mins, 1 secs, 234 ms
END
Time: 0 hrs, 0 mins, 1 secs, 363 ms

Sat Dec 4 08:53:57 EST 2010

BEGIN

           660 - LOAD_BN_SESSION_UPDATE_STAGE

SET
INSERT 0 0
END

Sat Dec 4 08:53:59 EST 2010

Timing is on.

           670 - LOAD_BN_SESSION_20101203.UPDATES

BEGIN
Time: 0 hrs, 0 mins, 0 secs, 600 ms
SET
Time: 0 hrs, 0 mins, 0 secs, 12 ms
UPDATE 0
Time: 0 hrs, 0 mins, 0 secs, 361 ms
END
Time: 0 hrs, 0 mins, 0 secs, 824 ms
VACUUM
Time: 0 hrs, 0 mins, 1 secs, 854 ms

Sat Dec 4 08:54:03 EST 2010

Timing is on.

           700 - LOAD_BN_SESSION

BEGIN
Time: 0 hrs, 0 mins, 0 secs, 545 ms
SET
Time: 0 hrs, 0 mins, 0 secs, 11 ms
INSERT 0 3375654
Time: 0 hrs, 0 mins, 7 secs, 26 ms
ANALYZE
Time: 0 hrs, 0 mins, 1 secs, 112 ms
END
Time: 0 hrs, 0 mins, 0 secs, 974 ms

Sat Dec 4 08:54:13 EST 2010

Timing is on.

            750 - LOAD_BN_SESSION_SUMMARY   

BEGIN
Time: 0 hrs, 0 mins, 0 secs, 564 ms
SET
Time: 0 hrs, 0 mins, 0 secs, 11 ms
CREATE TABLE
Time: 0 hrs, 0 mins, 6 secs, 455 ms
TRUNCATE
Time: 0 hrs, 0 mins, 0 secs, 476 ms
INSERT 0 259189
Time: 0 hrs, 0 mins, 2 secs, 847 ms
ANALYZE
Time: 0 hrs, 0 mins, 0 secs, 493 ms
 count(1) 
----------
   259189
(1 row)

Time: 0 hrs, 0 mins, 0 secs, 103 ms
END
Time: 0 hrs, 0 mins, 1 secs, 301 ms

Sat Dec 4 08:54:25 EST 2010

Timing is on.

           800 - LOAD_BN_HITS

BEGIN
Time: 0 hrs, 0 mins, 0 secs, 538 ms
SET
Time: 0 hrs, 0 mins, 0 secs, 11 ms
TRUNCATE
Time: 0 hrs, 0 mins, 0 secs, 353 ms
INSERT 0 17752674
Time: 0 hrs, 0 mins, 14 secs, 875 ms
 count(1) 
----------
 17752674
(1 row)

Time: 0 hrs, 0 mins, 0 secs, 285 ms
ANALYZE
Time: 0 hrs, 0 mins, 2 secs, 164 ms
END
Time: 0 hrs, 0 mins, 1 secs, 5 ms

Sat Dec 4 08:54:45 EST 2010

Timing is on.

            900 - LOAD_CLICKSTREAM   

BEGIN
Time: 0 hrs, 0 mins, 0 secs, 546 ms
SET
Time: 0 hrs, 0 mins, 0 secs, 10 ms
TRUNCATE
Time: 0 hrs, 0 mins, 0 secs, 478 ms
INSERT 0 17752674
Time: 0 hrs, 0 mins, 33 secs, 855 ms
 count(1) 
----------
 17752674
(1 row)

Time: 0 hrs, 0 mins, 0 secs, 529 ms
ANALYZE
Time: 0 hrs, 0 mins, 1 secs, 127 ms
END
Time: 0 hrs, 0 mins, 1 secs, 384 ms

Sat Dec 4 08:55:23 EST 2010

Timing is on.

            1000 - PAGE_VIEW_SUMMARY  

BEGIN
Time: 0 hrs, 0 mins, 0 secs, 546 ms
SET
Time: 0 hrs, 0 mins, 0 secs, 8 ms
TRUNCATE
Time: 0 hrs, 0 mins, 0 secs, 781 ms
INSERT 0 158568
Time: 0 hrs, 0 mins, 2 secs, 539 ms
 count(1) 
----------
   158568
(1 row)

Time: 0 hrs, 0 mins, 0 secs, 411 ms
ANALYZE
Time: 0 hrs, 0 mins, 0 secs, 98 ms
END
Time: 0 hrs, 0 mins, 0 secs, 928 ms
Sat Dec 4 08:55:29 EST 2010
-------------------------------------
Processing for 20101203
-------------------------------------

Sun Dec 5 08:56:05 EST 2010

Timing is on.

           000 - INIT

BEGIN
Time: 0 hrs, 0 mins, 0 secs, 557 ms
*** Truncating staging tables before workflow starts ***
SET
Time: 0 hrs, 0 mins, 0 secs, 10 ms
TRUNCATE
Time: 0 hrs, 0 mins, 0 secs, 244 ms
TRUNCATE
Time: 0 hrs, 0 mins, 0 secs, 124 ms
TRUNCATE
Time: 0 hrs, 0 mins, 0 secs, 603 ms
TRUNCATE
Time: 0 hrs, 0 mins, 0 secs, 524 ms
TRUNCATE
Time: 0 hrs, 0 mins, 0 secs, 185 ms
TRUNCATE
Time: 0 hrs, 0 mins, 0 secs, 467 ms
TRUNCATE
Time: 0 hrs, 0 mins, 0 secs, 293 ms
END
Time: 0 hrs, 0 mins, 1 secs, 641 ms

Sun Dec 5 08:56:10 EST 2010

Timing is on.

            200 - LOAD_BN_IISLOGS   

BEGIN
Time: 0 hrs, 0 mins, 0 secs, 622 ms
SET
Time: 0 hrs, 0 mins, 0 secs, 11 ms
TRUNCATE
Time: 0 hrs, 0 mins, 0 secs, 592 ms
INSERT 0 47510752
Time: 0 hrs, 8 mins, 59 secs, 382 ms
END
Time: 0 hrs, 0 mins, 1 secs, 278 ms
ALTER TABLE
Time: 0 hrs, 0 mins, 1 secs, 763 ms

Sun Dec 5 09:05:14 EST 2010

Timing is on.
BEGIN
Time: 0 hrs, 0 mins, 0 secs, 528 ms
SET
Time: 0 hrs, 0 mins, 0 secs, 10 ms

            250 - LOAD_BN_HITS_SP   

TRUNCATE
Time: 0 hrs, 0 mins, 0 secs, 444 ms
INSERT 0 12814750
Time: 0 hrs, 2 mins, 51 secs, 992 ms
ANALYZE
Time: 0 hrs, 0 mins, 1 secs, 916 ms
END
Time: 0 hrs, 0 mins, 6 secs, 553 ms

Sun Dec 5 09:08:15 EST 2010

Timing is on.
BEGIN
Time: 0 hrs, 0 mins, 0 secs, 640 ms
SET
Time: 0 hrs, 0 mins, 0 secs, 11 ms

           300 - DYNAMIC FILTER

INSERT 0 11497554
Time: 0 hrs, 0 mins, 2 secs, 425 ms
ANALYZE
Time: 0 hrs, 0 mins, 0 secs, 492 ms
 Total records in web_click_cnt 
--------------------------------
                       11497554
(1 row)

Time: 0 hrs, 0 mins, 0 secs, 177 ms
CREATE TABLE
Time: 0 hrs, 0 mins, 23 secs, 570 ms
ANALYZE
Time: 0 hrs, 0 mins, 0 secs, 109 ms
CREATE TABLE
Time: 0 hrs, 0 mins, 0 secs, 977 ms
ANALYZE
Time: 0 hrs, 0 mins, 0 secs, 169 ms
DELETE 1
Time: 0 hrs, 0 mins, 0 secs, 126 ms
INSERT 0 1
Time: 0 hrs, 0 mins, 0 secs, 378 ms
DELETE 1
Time: 0 hrs, 0 mins, 0 secs, 90 ms
INSERT 0 1
Time: 0 hrs, 0 mins, 0 secs, 393 ms
CREATE TABLE
Time: 0 hrs, 0 mins, 1 secs, 854 ms
ANALYZE
Time: 0 hrs, 0 mins, 0 secs, 101 ms
CREATE TABLE
Time: 0 hrs, 0 mins, 0 secs, 258 ms
ANALYZE
Time: 0 hrs, 0 mins, 0 secs, 132 ms
DELETE 1
Time: 0 hrs, 0 mins, 0 secs, 90 ms
INSERT 0 1
Time: 0 hrs, 0 mins, 0 secs, 276 ms
DELETE 1
Time: 0 hrs, 0 mins, 0 secs, 92 ms
INSERT 0 1
Time: 0 hrs, 0 mins, 0 secs, 486 ms
ANALYZE
Time: 0 hrs, 0 mins, 0 secs, 225 ms
    tablename     |    attr_name    | attr_value 
------------------+-----------------+------------
 BN_FILTER_SPIDER | CLK_USER_SD_MPL | 10
 BN_FILTER_SPIDER | IP_USER_SD_MPL  | 1
 BN_FILTER_SPIDER | IP_USER_RATIO   | .955
 BN_FILTER_SPIDER | CLK_USER_MEAN   | 12.043
 BN_FILTER_SPIDER | CLK_USER_SD     | 39.491
 BN_FILTER_SPIDER | IP_USER_MEAN    | 8.753
 BN_FILTER_SPIDER | IP_USER_SD      | 944.807
(7 rows)

Time: 0 hrs, 0 mins, 0 secs, 239 ms
CREATE TABLE
Time: 0 hrs, 0 mins, 2 secs, 385 ms
CREATE TABLE
Time: 0 hrs, 0 mins, 0 secs, 234 ms
 l_mean_sd_mpl 
---------------
       406.953
(1 row)

Time: 0 hrs, 0 mins, 0 secs, 454 ms
INSERT 0 872
Time: 0 hrs, 0 mins, 4 secs, 831 ms
ANALYZE
Time: 0 hrs, 0 mins, 0 secs, 34 ms
 Total click_user bn_spider_ip records 
---------------------------------------
                                   872
(1 row)

Time: 0 hrs, 0 mins, 0 secs, 89 ms
CREATE TABLE
Time: 0 hrs, 0 mins, 1 secs, 400 ms
ANALYZE
Time: 0 hrs, 0 mins, 0 secs, 88 ms
CREATE TABLE
Time: 0 hrs, 0 mins, 2 secs, 405 ms
ANALYZE
Time: 0 hrs, 0 mins, 0 secs, 113 ms
DROP 
Time: 0 hrs, 0 mins, 0 secs, 306 ms
CREATE TABLE
Time: 0 hrs, 0 mins, 2 secs, 724 ms
 l_mean_sd_mpl | l_ratio 
---------------+---------
       953.560 |   0.955
(1 row)

Time: 0 hrs, 0 mins, 0 secs, 382 ms
INSERT 0 7998474
Time: 0 hrs, 0 mins, 3 secs, 947 ms
ANALYZE
Time: 0 hrs, 0 mins, 0 secs, 268 ms
 Total ip_user_filter bn_spider_ip records 
-------------------------------------------
                                   7998474
(1 row)

Time: 0 hrs, 0 mins, 0 secs, 216 ms
INSERT 0 25573452
Time: 0 hrs, 0 mins, 26 secs, 987 ms
ANALYZE
Time: 0 hrs, 0 mins, 2 secs, 788 ms
 bn_hits_stage 
---------------
      25573452
(1 row)

Time: 0 hrs, 0 mins, 0 secs, 259 ms
INSERT 0 9122550
Time: 0 hrs, 0 mins, 23 secs, 971 ms
ANALYZE
Time: 0 hrs, 0 mins, 6 secs, 972 ms
 bn_hits_sp_20101203 
---------------------
            21937300
(1 row)

Time: 0 hrs, 0 mins, 15 secs, 625 ms
END
Time: 0 hrs, 0 mins, 14 secs, 811 ms

Sun Dec 5 09:10:40 EST 2010

Timing is on.
BEGIN
Time: 0 hrs, 0 mins, 0 secs, 615 ms

           600 - LOAD RESOURCES

SET
Time: 0 hrs, 0 mins, 0 secs, 11 ms
CREATE TABLE
Time: 0 hrs, 0 mins, 20 secs, 740 ms
ANALYZE
Time: 0 hrs, 0 mins, 0 secs, 498 ms
 count(1) 
----------
   158388
(1 row)

Time: 0 hrs, 0 mins, 0 secs, 256 ms
UPDATE 23
Time: 0 hrs, 0 mins, 13 secs, 475 ms
ANALYZE
Time: 0 hrs, 0 mins, 3 secs, 377 ms
INSERT 0 0
Time: 0 hrs, 0 mins, 12 secs, 747 ms

Time: 0 hrs, 0 mins, 0 secs, 11 ms
ANALYZE
Time: 0 hrs, 0 mins, 0 secs, 773 ms
END
Time: 0 hrs, 0 mins, 14 secs, 333 ms
VACUUM
Time: 0 hrs, 0 mins, 22 secs, 257 ms

Sun Dec 5 09:12:09 EST 2010

Timing is on.

           650 - LOAD_BN_SESSION_STAGE

BEGIN
Time: 0 hrs, 0 mins, 0 secs, 570 ms
SET
Time: 0 hrs, 0 mins, 0 secs, 11 ms
CREATE TABLE
Time: 0 hrs, 0 mins, 54 secs, 390 ms
ANALYZE
Time: 0 hrs, 0 mins, 3 secs, 765 ms
INSERT 0 3780524
Time: 0 hrs, 0 mins, 46 secs, 467 ms
ANALYZE
Time: 0 hrs, 0 mins, 0 secs, 713 ms
CREATE TABLE
Time: 0 hrs, 0 mins, 19 secs, 236 ms
ANALYZE
Time: 0 hrs, 0 mins, 0 secs, 264 ms
CREATE TABLE
Time: 0 hrs, 0 mins, 43 secs, 849 ms
ANALYZE
Time: 0 hrs, 0 mins, 1 secs, 93 ms
INSERT 0 3324103
Time: 0 hrs, 0 mins, 48 secs, 164 ms
 bn_session_stage 
------------------
          3324103
(1 row)

Time: 0 hrs, 0 mins, 0 secs, 151 ms
ANALYZE
Time: 0 hrs, 0 mins, 1 secs, 580 ms
END
Time: 0 hrs, 0 mins, 32 secs, 575 ms

Sun Dec 5 09:16:23 EST 2010

BEGIN

           660 - LOAD_BN_SESSION_UPDATE_STAGE

SET
INSERT 0 5264553
END

Sun Dec 5 09:16:51 EST 2010

Timing is on.

           670 - LOAD_BN_SESSION_20101203.UPDATES

BEGIN
Time: 0 hrs, 0 mins, 0 secs, 589 ms
SET
Time: 0 hrs, 0 mins, 0 secs, 11 ms
UPDATE 3306472
Time: 0 hrs, 0 mins, 1 secs, 958 ms
END
Time: 0 hrs, 0 mins, 53 secs, 296 ms
VACUUM
Time: 0 hrs, 0 mins, 23 secs, 502 ms

Sun Dec 5 09:18:10 EST 2010

Timing is on.

           700 - LOAD_BN_SESSION

BEGIN
Time: 0 hrs, 0 mins, 0 secs, 687 ms
SET
Time: 0 hrs, 0 mins, 0 secs, 11 ms
INSERT 0 22438
Time: 0 hrs, 0 mins, 11 secs, 721 ms
ANALYZE
Time: 0 hrs, 0 mins, 1 secs, 686 ms
END
Time: 0 hrs, 0 mins, 19 secs, 496 ms

Sun Dec 5 09:18:44 EST 2010

Timing is on.

            750 - LOAD_BN_SESSION_SUMMARY   

BEGIN
Time: 0 hrs, 0 mins, 0 secs, 838 ms
SET
Time: 0 hrs, 0 mins, 0 secs, 10 ms
CREATE TABLE
Time: 0 hrs, 0 mins, 13 secs, 8 ms
TRUNCATE
Time: 0 hrs, 0 mins, 1 secs, 951 ms
INSERT 0 5092
Time: 0 hrs, 0 mins, 1 secs, 370 ms
ANALYZE
Time: 0 hrs, 0 mins, 0 secs, 480 ms
 count(1) 
----------
     5092
(1 row)

Time: 0 hrs, 0 mins, 0 secs, 191 ms
END
Time: 0 hrs, 0 mins, 19 secs, 653 ms

Sun Dec 5 09:19:22 EST 2010

Timing is on.

           800 - LOAD_BN_HITS

BEGIN
Time: 0 hrs, 0 mins, 0 secs, 758 ms
SET
Time: 0 hrs, 0 mins, 0 secs, 11 ms
TRUNCATE
Time: 0 hrs, 0 mins, 1 secs, 890 ms
INSERT 0 17146430
Time: 0 hrs, 0 mins, 21 secs, 999 ms
 count(1) 
----------
 17146430
(1 row)

Time: 0 hrs, 0 mins, 5 secs, 497 ms
ANALYZE
Time: 0 hrs, 0 mins, 3 secs, 134 ms
END
Time: 0 hrs, 0 mins, 49 secs, 34 ms

Sun Dec 5 09:20:45 EST 2010

Timing is on.

            900 - LOAD_CLICKSTREAM   

BEGIN
Time: 0 hrs, 0 mins, 1 secs, 35 ms
SET
Time: 0 hrs, 0 mins, 0 secs, 12 ms
TRUNCATE
Time: 0 hrs, 0 mins, 6 secs, 407 ms
INSERT 0 17146430
Time: 0 hrs, 1 mins, 2 secs, 680 ms
 count(1) 
----------
 17146430
(1 row)

Time: 0 hrs, 0 mins, 2 secs, 127 ms
ANALYZE
Time: 0 hrs, 0 mins, 1 secs, 158 ms
END
Time: 0 hrs, 0 mins, 36 secs, 391 ms

Sun Dec 5 09:22:35 EST 2010

Timing is on.

            1000 - PAGE_VIEW_SUMMARY  

BEGIN
Time: 0 hrs, 0 mins, 0 secs, 798 ms
SET
Time: 0 hrs, 0 mins, 0 secs, 11 ms
TRUNCATE
Time: 0 hrs, 0 mins, 2 secs, 592 ms
INSERT 0 158036
Time: 0 hrs, 0 mins, 11 secs, 230 ms
 count(1) 
----------
   158036
(1 row)

Time: 0 hrs, 0 mins, 0 secs, 163 ms
ANALYZE
Time: 0 hrs, 0 mins, 0 secs, 70 ms
END
Time: 0 hrs, 0 mins, 24 secs, 261 ms
Sun Dec 5 09:23:14 EST 2010
