-------------------------------------
Processing for 20101206
-------------------------------------

Tue Dec 7 08:30:11 EST 2010

Timing is on.

           000 - INIT

BEGIN
Time: 0 hrs, 0 mins, 0 secs, 553 ms
*** Truncating staging tables before workflow starts ***
SET
Time: 0 hrs, 0 mins, 0 secs, 11 ms
TRUNCATE
Time: 0 hrs, 0 mins, 1 secs, 98 ms
TRUNCATE
Time: 0 hrs, 0 mins, 2 secs, 229 ms
TRUNCATE
Time: 0 hrs, 0 mins, 0 secs, 389 ms
TRUNCATE
Time: 0 hrs, 0 mins, 0 secs, 238 ms
TRUNCATE
Time: 0 hrs, 0 mins, 0 secs, 300 ms
TRUNCATE
Time: 0 hrs, 0 mins, 0 secs, 325 ms
TRUNCATE
Time: 0 hrs, 0 mins, 0 secs, 292 ms
END
Time: 0 hrs, 0 mins, 1 secs, 516 ms

Tue Dec 7 08:30:18 EST 2010

Timing is on.

            200 - LOAD_BN_IISLOGS   

BEGIN
Time: 0 hrs, 0 mins, 0 secs, 642 ms
SET
Time: 0 hrs, 0 mins, 0 secs, 11 ms
TRUNCATE
Time: 0 hrs, 0 mins, 0 secs, 813 ms
INSERT 0 55134673
Time: 0 hrs, 9 mins, 14 secs, 503 ms
END
Time: 0 hrs, 0 mins, 1 secs, 215 ms
ALTER TABLE
Time: 0 hrs, 6 mins, 43 secs, 925 ms

Tue Dec 7 08:46:20 EST 2010

Timing is on.
BEGIN
Time: 0 hrs, 0 mins, 0 secs, 617 ms
SET
Time: 0 hrs, 0 mins, 0 secs, 9 ms

            250 - LOAD_BN_HITS_SP   

TRUNCATE
Time: 0 hrs, 0 mins, 2 secs, 438 ms
INSERT 0 13370122
Time: 0 hrs, 2 mins, 55 secs, 235 ms
ANALYZE
Time: 0 hrs, 0 mins, 1 secs, 564 ms
END
Time: 0 hrs, 0 mins, 3 secs, 356 ms

Tue Dec 7 08:49:23 EST 2010

Timing is on.
BEGIN
Time: 0 hrs, 0 mins, 0 secs, 599 ms
SET
Time: 0 hrs, 0 mins, 0 secs, 11 ms

           300 - DYNAMIC FILTER

INSERT 0 14678741
Time: 0 hrs, 0 mins, 2 secs, 586 ms
ANALYZE
Time: 0 hrs, 0 mins, 0 secs, 417 ms
 Total records in web_click_cnt 
--------------------------------
                       14678741
(1 row)

Time: 0 hrs, 0 mins, 0 secs, 207 ms
CREATE TABLE
Time: 0 hrs, 0 mins, 2 secs, 870 ms
ANALYZE
Time: 0 hrs, 0 mins, 0 secs, 150 ms
CREATE TABLE
Time: 0 hrs, 0 mins, 0 secs, 529 ms
ANALYZE
Time: 0 hrs, 0 mins, 0 secs, 113 ms
DELETE 1
Time: 0 hrs, 0 mins, 0 secs, 260 ms
INSERT 0 1
Time: 0 hrs, 0 mins, 0 secs, 313 ms
DELETE 1
Time: 0 hrs, 0 mins, 0 secs, 86 ms
INSERT 0 1
Time: 0 hrs, 0 mins, 0 secs, 358 ms
CREATE TABLE
Time: 0 hrs, 0 mins, 1 secs, 980 ms
ANALYZE
Time: 0 hrs, 0 mins, 0 secs, 119 ms
CREATE TABLE
Time: 0 hrs, 0 mins, 0 secs, 382 ms
ANALYZE
Time: 0 hrs, 0 mins, 0 secs, 115 ms
DELETE 1
Time: 0 hrs, 0 mins, 0 secs, 101 ms
INSERT 0 1
Time: 0 hrs, 0 mins, 0 secs, 304 ms
DELETE 1
Time: 0 hrs, 0 mins, 0 secs, 96 ms
INSERT 0 1
Time: 0 hrs, 0 mins, 0 secs, 352 ms
ANALYZE
Time: 0 hrs, 0 mins, 0 secs, 125 ms
    tablename     |    attr_name    | attr_value 
------------------+-----------------+------------
 BN_FILTER_SPIDER | CLK_USER_SD_MPL | 10
 BN_FILTER_SPIDER | IP_USER_SD_MPL  | 1
 BN_FILTER_SPIDER | IP_USER_RATIO   | .955
 BN_FILTER_SPIDER | CLK_USER_MEAN   | 12.187
 BN_FILTER_SPIDER | CLK_USER_SD     | 41.424
 BN_FILTER_SPIDER | IP_USER_MEAN    | 9.301
 BN_FILTER_SPIDER | IP_USER_SD      | 1005.333
(7 rows)

Time: 0 hrs, 0 mins, 0 secs, 385 ms
CREATE TABLE
Time: 0 hrs, 0 mins, 2 secs, 957 ms
CREATE TABLE
Time: 0 hrs, 0 mins, 0 secs, 691 ms
 l_mean_sd_mpl 
---------------
       426.427
(1 row)

Time: 0 hrs, 0 mins, 0 secs, 295 ms
INSERT 0 850
Time: 0 hrs, 0 mins, 5 secs, 931 ms
ANALYZE
Time: 0 hrs, 0 mins, 0 secs, 157 ms
 Total click_user bn_spider_ip records 
---------------------------------------
                                   850
(1 row)

Time: 0 hrs, 0 mins, 0 secs, 64 ms
CREATE TABLE
Time: 0 hrs, 0 mins, 1 secs, 948 ms
ANALYZE
Time: 0 hrs, 0 mins, 0 secs, 82 ms
CREATE TABLE
Time: 0 hrs, 0 mins, 1 secs, 475 ms
ANALYZE
Time: 0 hrs, 0 mins, 0 secs, 95 ms
DROP 
Time: 0 hrs, 0 mins, 0 secs, 291 ms
CREATE TABLE
Time: 0 hrs, 0 mins, 0 secs, 910 ms
 l_mean_sd_mpl | l_ratio 
---------------+---------
      1014.634 |   0.955
(1 row)

Time: 0 hrs, 0 mins, 0 secs, 301 ms
INSERT 0 10813709
Time: 0 hrs, 0 mins, 3 secs, 317 ms
ANALYZE
Time: 0 hrs, 0 mins, 0 secs, 582 ms
 Total ip_user_filter bn_spider_ip records 
-------------------------------------------
                                  10813709
(1 row)

Time: 0 hrs, 0 mins, 0 secs, 690 ms
INSERT 0 29951049
Time: 0 hrs, 0 mins, 27 secs, 759 ms
ANALYZE
Time: 0 hrs, 0 mins, 4 secs, 490 ms
 bn_hits_stage 
---------------
      29951049
(1 row)

Time: 0 hrs, 0 mins, 0 secs, 261 ms
INSERT 0 11813502
Time: 0 hrs, 0 mins, 18 secs, 809 ms
ANALYZE
Time: 0 hrs, 0 mins, 2 secs, 151 ms
 bn_hits_sp_20101206 
---------------------
            25183624
(1 row)

Time: 0 hrs, 0 mins, 5 secs, 232 ms
END
Time: 0 hrs, 0 mins, 1 secs, 751 ms

Tue Dec 7 08:50:56 EST 2010

Timing is on.
BEGIN
Time: 0 hrs, 0 mins, 0 secs, 564 ms

           600 - LOAD RESOURCES

SET
Time: 0 hrs, 0 mins, 0 secs, 12 ms
CREATE TABLE
Time: 0 hrs, 0 mins, 7 secs, 848 ms
ANALYZE
Time: 0 hrs, 0 mins, 0 secs, 774 ms
 count(1) 
----------
   141339
(1 row)

Time: 0 hrs, 0 mins, 0 secs, 118 ms
UPDATE 31
Time: 0 hrs, 0 mins, 16 secs, 235 ms
ANALYZE
Time: 0 hrs, 0 mins, 2 secs, 558 ms
INSERT 0 90803
Time: 0 hrs, 0 mins, 15 secs, 340 ms

Time: 0 hrs, 0 mins, 0 secs, 10 ms
ANALYZE
Time: 0 hrs, 0 mins, 1 secs, 176 ms
END
Time: 0 hrs, 0 mins, 12 secs, 642 ms
VACUUM
Time: 0 hrs, 0 mins, 20 secs, 224 ms

Tue Dec 7 08:52:14 EST 2010

Timing is on.

           650 - LOAD_BN_SESSION_STAGE

BEGIN
Time: 0 hrs, 0 mins, 0 secs, 860 ms
SET
Time: 0 hrs, 0 mins, 0 secs, 8 ms
CREATE TABLE
Time: 0 hrs, 1 mins, 14 secs, 153 ms
ANALYZE
Time: 0 hrs, 0 mins, 2 secs, 948 ms
INSERT 0 4190949
Time: 0 hrs, 0 mins, 51 secs, 231 ms
ANALYZE
Time: 0 hrs, 0 mins, 1 secs, 728 ms
CREATE TABLE
Time: 0 hrs, 0 mins, 23 secs, 831 ms
ANALYZE
Time: 0 hrs, 0 mins, 0 secs, 278 ms
CREATE TABLE
Time: 0 hrs, 0 mins, 53 secs, 103 ms
ANALYZE
Time: 0 hrs, 0 mins, 1 secs, 762 ms
INSERT 0 3655482
Time: 0 hrs, 1 mins, 11 secs, 411 ms
 bn_session_stage 
------------------
          3655482
(1 row)

Time: 0 hrs, 0 mins, 0 secs, 342 ms
ANALYZE
Time: 0 hrs, 0 mins, 4 secs, 89 ms
END
Time: 0 hrs, 0 mins, 8 secs, 993 ms

Tue Dec 7 08:57:09 EST 2010

BEGIN

           660 - LOAD_BN_SESSION_UPDATE_STAGE

SET
INSERT 0 0
END

Tue Dec 7 08:57:12 EST 2010

Timing is on.

           670 - LOAD_BN_SESSION_20101206.UPDATES

BEGIN
Time: 0 hrs, 0 mins, 0 secs, 665 ms
SET
Time: 0 hrs, 0 mins, 0 secs, 11 ms
UPDATE 0
Time: 0 hrs, 0 mins, 0 secs, 388 ms
END
Time: 0 hrs, 0 mins, 1 secs, 258 ms
VACUUM
Time: 0 hrs, 0 mins, 5 secs, 653 ms

Tue Dec 7 08:57:20 EST 2010

Timing is on.

           700 - LOAD_BN_SESSION

BEGIN
Time: 0 hrs, 0 mins, 0 secs, 575 ms
SET
Time: 0 hrs, 0 mins, 0 secs, 11 ms
INSERT 0 3655482
Time: 0 hrs, 0 mins, 12 secs, 781 ms
ANALYZE
Time: 0 hrs, 0 mins, 1 secs, 443 ms
END
Time: 0 hrs, 0 mins, 8 secs, 187 ms

Tue Dec 7 08:57:43 EST 2010

Timing is on.

            750 - LOAD_BN_SESSION_SUMMARY   

BEGIN
Time: 0 hrs, 0 mins, 0 secs, 595 ms
SET
Time: 0 hrs, 0 mins, 0 secs, 9 ms
CREATE TABLE
Time: 0 hrs, 0 mins, 7 secs, 604 ms
TRUNCATE
Time: 0 hrs, 0 mins, 0 secs, 714 ms
INSERT 0 303875
Time: 0 hrs, 0 mins, 2 secs, 968 ms
ANALYZE
Time: 0 hrs, 0 mins, 0 secs, 479 ms
 count(1) 
----------
   303875
(1 row)

Time: 0 hrs, 0 mins, 0 secs, 104 ms
END
Time: 0 hrs, 0 mins, 0 secs, 885 ms

Tue Dec 7 08:57:57 EST 2010

Timing is on.

           800 - LOAD_BN_HITS

BEGIN
Time: 0 hrs, 0 mins, 0 secs, 554 ms
SET
Time: 0 hrs, 0 mins, 0 secs, 9 ms
TRUNCATE
Time: 0 hrs, 0 mins, 0 secs, 324 ms
INSERT 0 19990025
Time: 0 hrs, 0 mins, 23 secs, 919 ms
 count(1) 
----------
 19990025
(1 row)

Time: 0 hrs, 0 mins, 0 secs, 885 ms
ANALYZE
Time: 0 hrs, 0 mins, 2 secs, 496 ms
END
Time: 0 hrs, 0 mins, 1 secs, 128 ms

Tue Dec 7 08:58:26 EST 2010

Timing is on.

            900 - LOAD_CLICKSTREAM   

BEGIN
Time: 0 hrs, 0 mins, 0 secs, 546 ms
SET
Time: 0 hrs, 0 mins, 0 secs, 10 ms
TRUNCATE
Time: 0 hrs, 0 mins, 0 secs, 411 ms
INSERT 0 19990025
Time: 0 hrs, 0 mins, 50 secs, 736 ms
 count(1) 
----------
 19990025
(1 row)

Time: 0 hrs, 0 mins, 0 secs, 758 ms
ANALYZE
Time: 0 hrs, 0 mins, 0 secs, 993 ms
END
Time: 0 hrs, 0 mins, 1 secs, 793 ms

Tue Dec 7 08:59:22 EST 2010

Timing is on.

            1000 - PAGE_VIEW_SUMMARY  

BEGIN
Time: 0 hrs, 0 mins, 0 secs, 508 ms
SET
Time: 0 hrs, 0 mins, 0 secs, 9 ms
TRUNCATE
Time: 0 hrs, 0 mins, 0 secs, 507 ms
INSERT 0 141846
Time: 0 hrs, 0 mins, 3 secs, 408 ms
 count(1) 
----------
   141846
(1 row)

Time: 0 hrs, 0 mins, 0 secs, 111 ms
ANALYZE
Time: 0 hrs, 0 mins, 0 secs, 65 ms
END
Time: 0 hrs, 0 mins, 0 secs, 773 ms
Tue Dec 7 08:59:27 EST 2010
-------------------------------------
Processing for 20101206
-------------------------------------

Wed Dec 8 09:04:06 EST 2010

Timing is on.

           000 - INIT

BEGIN
Time: 0 hrs, 0 mins, 0 secs, 539 ms
*** Truncating staging tables before workflow starts ***
SET
Time: 0 hrs, 0 mins, 0 secs, 13 ms
TRUNCATE
Time: 0 hrs, 0 mins, 2 secs, 238 ms
TRUNCATE
Time: 0 hrs, 0 mins, 1 secs, 772 ms
TRUNCATE
Time: 0 hrs, 0 mins, 0 secs, 777 ms
TRUNCATE
Time: 0 hrs, 0 mins, 1 secs, 55 ms
TRUNCATE
Time: 0 hrs, 0 mins, 1 secs, 301 ms
TRUNCATE
Time: 0 hrs, 0 mins, 1 secs, 772 ms
TRUNCATE
Time: 0 hrs, 0 mins, 0 secs, 758 ms
END
Time: 0 hrs, 0 mins, 4 secs, 410 ms

Wed Dec 8 09:04:21 EST 2010

Timing is on.

            200 - LOAD_BN_IISLOGS   

BEGIN
Time: 0 hrs, 0 mins, 0 secs, 658 ms
SET
Time: 0 hrs, 0 mins, 0 secs, 13 ms
TRUNCATE
Time: 0 hrs, 0 mins, 1 secs, 145 ms
INSERT 0 55134828
Time: 0 hrs, 10 mins, 3 secs, 606 ms
END
Time: 0 hrs, 0 mins, 1 secs, 462 ms
ALTER TABLE
Time: 0 hrs, 0 mins, 1 secs, 872 ms

Wed Dec 8 09:14:30 EST 2010

Timing is on.
BEGIN
Time: 0 hrs, 0 mins, 0 secs, 600 ms
SET
Time: 0 hrs, 0 mins, 0 secs, 13 ms

            250 - LOAD_BN_HITS_SP   

TRUNCATE
Time: 0 hrs, 0 mins, 0 secs, 597 ms
INSERT 0 13370152
Time: 0 hrs, 3 mins, 9 secs, 724 ms
ANALYZE
Time: 0 hrs, 0 mins, 1 secs, 816 ms
END
Time: 0 hrs, 0 mins, 5 secs, 708 ms

Wed Dec 8 09:17:49 EST 2010

Timing is on.
BEGIN
Time: 0 hrs, 0 mins, 0 secs, 577 ms
SET
Time: 0 hrs, 0 mins, 0 secs, 13 ms

           300 - DYNAMIC FILTER

INSERT 0 14678762
Time: 0 hrs, 0 mins, 5 secs, 12 ms
ANALYZE
Time: 0 hrs, 0 mins, 0 secs, 451 ms
 Total records in web_click_cnt 
--------------------------------
                       14678762
(1 row)

Time: 0 hrs, 0 mins, 0 secs, 300 ms
CREATE TABLE
Time: 0 hrs, 0 mins, 1 secs, 730 ms
ANALYZE
Time: 0 hrs, 0 mins, 0 secs, 133 ms
CREATE TABLE
Time: 0 hrs, 0 mins, 0 secs, 497 ms
ANALYZE
Time: 0 hrs, 0 mins, 0 secs, 113 ms
DELETE 1
Time: 0 hrs, 0 mins, 0 secs, 129 ms
INSERT 0 1
Time: 0 hrs, 0 mins, 0 secs, 477 ms
DELETE 1
Time: 0 hrs, 0 mins, 0 secs, 104 ms
INSERT 0 1
Time: 0 hrs, 0 mins, 0 secs, 362 ms
CREATE TABLE
Time: 0 hrs, 0 mins, 2 secs, 971 ms
ANALYZE
Time: 0 hrs, 0 mins, 0 secs, 110 ms
CREATE TABLE
Time: 0 hrs, 0 mins, 1 secs, 353 ms
ANALYZE
Time: 0 hrs, 0 mins, 0 secs, 115 ms
DELETE 1
Time: 0 hrs, 0 mins, 0 secs, 88 ms
INSERT 0 1
Time: 0 hrs, 0 mins, 0 secs, 350 ms
DELETE 1
Time: 0 hrs, 0 mins, 0 secs, 108 ms
INSERT 0 1
Time: 0 hrs, 0 mins, 0 secs, 301 ms
ANALYZE
Time: 0 hrs, 0 mins, 0 secs, 187 ms
    tablename     |    attr_name    | attr_value 
------------------+-----------------+------------
 BN_FILTER_SPIDER | CLK_USER_SD_MPL | 10
 BN_FILTER_SPIDER | IP_USER_SD_MPL  | 1
 BN_FILTER_SPIDER | IP_USER_RATIO   | .955
 BN_FILTER_SPIDER | CLK_USER_MEAN   | 12.187
 BN_FILTER_SPIDER | CLK_USER_SD     | 41.424
 BN_FILTER_SPIDER | IP_USER_MEAN    | 9.301
 BN_FILTER_SPIDER | IP_USER_SD      | 1005.331
(7 rows)

Time: 0 hrs, 0 mins, 1 secs, 310 ms
CREATE TABLE
Time: 0 hrs, 0 mins, 3 secs, 108 ms
CREATE TABLE
Time: 0 hrs, 0 mins, 0 secs, 202 ms
 l_mean_sd_mpl 
---------------
       426.427
(1 row)

Time: 0 hrs, 0 mins, 0 secs, 259 ms
INSERT 0 850
Time: 0 hrs, 0 mins, 5 secs, 681 ms
ANALYZE
Time: 0 hrs, 0 mins, 0 secs, 63 ms
 Total click_user bn_spider_ip records 
---------------------------------------
                                   850
(1 row)

Time: 0 hrs, 0 mins, 0 secs, 83 ms
CREATE TABLE
Time: 0 hrs, 0 mins, 1 secs, 991 ms
ANALYZE
Time: 0 hrs, 0 mins, 0 secs, 80 ms
CREATE TABLE
Time: 0 hrs, 0 mins, 5 secs, 1 ms
ANALYZE
Time: 0 hrs, 0 mins, 0 secs, 256 ms
DROP 
Time: 0 hrs, 0 mins, 0 secs, 294 ms
CREATE TABLE
Time: 0 hrs, 0 mins, 1 secs, 559 ms
 l_mean_sd_mpl | l_ratio 
---------------+---------
      1014.632 |   0.955
(1 row)

Time: 0 hrs, 0 mins, 0 secs, 596 ms
INSERT 0 10813715
Time: 0 hrs, 0 mins, 4 secs, 365 ms
ANALYZE
Time: 0 hrs, 0 mins, 0 secs, 242 ms
 Total ip_user_filter bn_spider_ip records 
-------------------------------------------
                                  10813715
(1 row)

Time: 0 hrs, 0 mins, 0 secs, 246 ms
INSERT 0 29951168
Time: 0 hrs, 0 mins, 28 secs, 302 ms
ANALYZE
Time: 0 hrs, 0 mins, 2 secs, 782 ms
 bn_hits_stage 
---------------
      29951168
(1 row)

Time: 0 hrs, 0 mins, 0 secs, 240 ms
INSERT 0 11813508
Time: 0 hrs, 0 mins, 19 secs, 967 ms
ANALYZE
Time: 0 hrs, 0 mins, 1 secs, 733 ms
 bn_hits_sp_20101206 
---------------------
            25183660
(1 row)

Time: 0 hrs, 0 mins, 9 secs, 501 ms
END
Time: 0 hrs, 0 mins, 2 secs, 324 ms

Wed Dec 8 09:19:35 EST 2010

Timing is on.
BEGIN
Time: 0 hrs, 0 mins, 0 secs, 581 ms

           600 - LOAD RESOURCES

SET
Time: 0 hrs, 0 mins, 0 secs, 14 ms
CREATE TABLE
Time: 0 hrs, 0 mins, 8 secs, 58 ms
ANALYZE
Time: 0 hrs, 0 mins, 0 secs, 460 ms
 count(1) 
----------
   141339
(1 row)

Time: 0 hrs, 0 mins, 0 secs, 626 ms
ERROR:  more than one row returned by a subquery used as an expression
NOTICE:  current transaction is aborted, queries ignored until end of transaction block
NOTICE:  current transaction is aborted, queries ignored until end of transaction block
NOTICE:  current transaction is aborted, queries ignored until end of transaction block
NOTICE:  current transaction is aborted, queries ignored until end of transaction block
ABORT
Time: 0 hrs, 0 mins, 0 secs, 186 ms
VACUUM
Time: 0 hrs, 0 mins, 8 secs, 588 ms

Wed Dec 8 09:20:12 EST 2010

Timing is on.

           650 - LOAD_BN_SESSION_STAGE

BEGIN
Time: 0 hrs, 0 mins, 0 secs, 585 ms
SET
Time: 0 hrs, 0 mins, 0 secs, 13 ms
CREATE TABLE
Time: 0 hrs, 0 mins, 57 secs, 819 ms
ANALYZE
Time: 0 hrs, 0 mins, 2 secs, 387 ms
INSERT 0 4190966
Time: 0 hrs, 0 mins, 57 secs, 367 ms
ANALYZE
Time: 0 hrs, 0 mins, 1 secs, 302 ms
CREATE TABLE
Time: 0 hrs, 0 mins, 17 secs, 9 ms
ANALYZE
Time: 0 hrs, 0 mins, 0 secs, 240 ms
CREATE TABLE
Time: 0 hrs, 0 mins, 39 secs, 897 ms
ANALYZE
Time: 0 hrs, 0 mins, 0 secs, 858 ms
INSERT 0 3973020
Time: 0 hrs, 1 mins, 16 secs, 391 ms
 bn_session_stage 
------------------
          3973020
(1 row)

Time: 0 hrs, 0 mins, 0 secs, 310 ms
ANALYZE
Time: 0 hrs, 0 mins, 1 secs, 800 ms
END
Time: 0 hrs, 0 mins, 1 secs, 406 ms

Wed Dec 8 09:24:30 EST 2010

BEGIN

           660 - LOAD_BN_SESSION_UPDATE_STAGE

SET
INSERT 0 5683269
END

Wed Dec 8 09:24:35 EST 2010

Timing is on.

           670 - LOAD_BN_SESSION_20101206.UPDATES

BEGIN
Time: 0 hrs, 0 mins, 0 secs, 652 ms
SET
Time: 0 hrs, 0 mins, 0 secs, 11 ms
UPDATE 3568990
Time: 0 hrs, 0 mins, 1 secs, 804 ms
END
Time: 0 hrs, 0 mins, 1 secs, 893 ms
VACUUM
Time: 0 hrs, 0 mins, 1 secs, 989 ms

Wed Dec 8 09:24:42 EST 2010

Timing is on.

           700 - LOAD_BN_SESSION

BEGIN
Time: 0 hrs, 0 mins, 0 secs, 563 ms
SET
Time: 0 hrs, 0 mins, 0 secs, 12 ms
INSERT 0 343567
Time: 0 hrs, 0 mins, 8 secs, 845 ms
ANALYZE
Time: 0 hrs, 0 mins, 1 secs, 236 ms
END
Time: 0 hrs, 0 mins, 1 secs, 771 ms

Wed Dec 8 09:24:54 EST 2010

Timing is on.

            750 - LOAD_BN_SESSION_SUMMARY   

BEGIN
Time: 0 hrs, 0 mins, 0 secs, 619 ms
SET
Time: 0 hrs, 0 mins, 0 secs, 11 ms
CREATE TABLE
Time: 0 hrs, 0 mins, 5 secs, 902 ms
TRUNCATE
Time: 0 hrs, 0 mins, 0 secs, 444 ms
INSERT 0 46711
Time: 0 hrs, 0 mins, 3 secs, 673 ms
ANALYZE
Time: 0 hrs, 0 mins, 0 secs, 700 ms
 count(1) 
----------
    46711
(1 row)

Time: 0 hrs, 0 mins, 0 secs, 73 ms
END
Time: 0 hrs, 0 mins, 0 secs, 807 ms

Wed Dec 8 09:25:07 EST 2010

Timing is on.

           800 - LOAD_BN_HITS

BEGIN
Time: 0 hrs, 0 mins, 0 secs, 615 ms
SET
Time: 0 hrs, 0 mins, 0 secs, 11 ms
TRUNCATE
Time: 0 hrs, 0 mins, 0 secs, 960 ms
INSERT 0 26595732
Time: 0 hrs, 0 mins, 24 secs, 129 ms
 count(1) 
----------
 26595732
(1 row)

Time: 0 hrs, 0 mins, 0 secs, 314 ms
ANALYZE
Time: 0 hrs, 0 mins, 2 secs, 58 ms
END
Time: 0 hrs, 0 mins, 1 secs, 625 ms

Wed Dec 8 09:25:37 EST 2010

Timing is on.

            900 - LOAD_CLICKSTREAM   

BEGIN
Time: 0 hrs, 0 mins, 0 secs, 654 ms
SET
Time: 0 hrs, 0 mins, 0 secs, 11 ms
TRUNCATE
Time: 0 hrs, 0 mins, 1 secs, 33 ms
INSERT 0 26595732
Time: 0 hrs, 1 mins, 3 secs, 212 ms
 count(1) 
----------
 26595732
(1 row)

Time: 0 hrs, 0 mins, 0 secs, 426 ms
ANALYZE
Time: 0 hrs, 0 mins, 1 secs, 88 ms
END
Time: 0 hrs, 0 mins, 2 secs, 825 ms

Wed Dec 8 09:26:46 EST 2010

Timing is on.

            1000 - PAGE_VIEW_SUMMARY  

BEGIN
Time: 0 hrs, 0 mins, 0 secs, 527 ms
SET
Time: 0 hrs, 0 mins, 0 secs, 11 ms
TRUNCATE
Time: 0 hrs, 0 mins, 0 secs, 433 ms
INSERT 0 145159
Time: 0 hrs, 0 mins, 5 secs, 661 ms
 count(1) 
----------
   145159
(1 row)

Time: 0 hrs, 0 mins, 0 secs, 117 ms
ANALYZE
Time: 0 hrs, 0 mins, 0 secs, 77 ms
END
Time: 0 hrs, 0 mins, 0 secs, 789 ms
Wed Dec 8 09:26:54 EST 2010
