Checking for lock file /tmp/.iislock
Acquired lock file /tmp/.iislock
-------------------------------------
Processing for 20101217
-------------------------------------

Sun Dec 19 09:03:55 EST 2010

Timing is on.

           000 - INIT

BEGIN
Time: 0 hrs, 0 mins, 0 secs, 644 ms
*** Truncating staging tables before workflow starts ***
SET
Time: 0 hrs, 0 mins, 0 secs, 11 ms
TRUNCATE
Time: 0 hrs, 0 mins, 0 secs, 500 ms
TRUNCATE
Time: 0 hrs, 0 mins, 0 secs, 284 ms
TRUNCATE
Time: 0 hrs, 0 mins, 0 secs, 761 ms
TRUNCATE
Time: 0 hrs, 0 mins, 0 secs, 206 ms
TRUNCATE
Time: 0 hrs, 0 mins, 0 secs, 628 ms
TRUNCATE
Time: 0 hrs, 0 mins, 0 secs, 226 ms
TRUNCATE
Time: 0 hrs, 0 mins, 0 secs, 422 ms
END
Time: 0 hrs, 0 mins, 1 secs, 629 ms

Sun Dec 19 09:04:01 EST 2010

Timing is on.

            200 - LOAD_BN_IISLOGS   

BEGIN
Time: 0 hrs, 0 mins, 0 secs, 565 ms
SET
Time: 0 hrs, 0 mins, 0 secs, 9 ms
TRUNCATE
Time: 0 hrs, 0 mins, 0 secs, 406 ms
INSERT 0 51182977
Time: 0 hrs, 11 mins, 32 secs, 462 ms
END
Time: 0 hrs, 0 mins, 20 secs, 633 ms
ALTER TABLE
Time: 0 hrs, 9 mins, 54 secs, 33 ms

Sun Dec 19 09:25:49 EST 2010

Timing is on.
BEGIN
Time: 0 hrs, 0 mins, 1 secs, 352 ms
SET
Time: 0 hrs, 0 mins, 0 secs, 12 ms

            250 - LOAD_BN_HITS_SP   

TRUNCATE
Time: 0 hrs, 0 mins, 3 secs, 159 ms
INSERT 0 13814532
Time: 0 hrs, 3 mins, 10 secs, 156 ms
ANALYZE
Time: 0 hrs, 0 mins, 2 secs, 30 ms
END
Time: 0 hrs, 0 mins, 19 secs, 563 ms

Sun Dec 19 09:29:25 EST 2010

Timing is on.
BEGIN
Time: 0 hrs, 0 mins, 2 secs, 342 ms
SET
Time: 0 hrs, 0 mins, 0 secs, 13 ms

           300 - DYNAMIC FILTER

INSERT 0 11608009
Time: 0 hrs, 0 mins, 19 secs, 307 ms
ANALYZE
Time: 0 hrs, 0 mins, 0 secs, 738 ms
 Total records in web_click_cnt 
--------------------------------
                       11608009
(1 row)

Time: 0 hrs, 0 mins, 0 secs, 777 ms
CREATE TABLE
Time: 0 hrs, 0 mins, 4 secs, 299 ms
ANALYZE
Time: 0 hrs, 0 mins, 0 secs, 134 ms
CREATE TABLE
Time: 0 hrs, 0 mins, 0 secs, 934 ms
ANALYZE
Time: 0 hrs, 0 mins, 0 secs, 180 ms
DELETE 1
Time: 0 hrs, 0 mins, 0 secs, 433 ms
INSERT 0 1
Time: 0 hrs, 0 mins, 0 secs, 916 ms
DELETE 1
Time: 0 hrs, 0 mins, 0 secs, 83 ms
INSERT 0 1
Time: 0 hrs, 0 mins, 1 secs, 232 ms
CREATE TABLE
Time: 0 hrs, 0 mins, 5 secs, 825 ms
ANALYZE
Time: 0 hrs, 0 mins, 0 secs, 137 ms
CREATE TABLE
Time: 0 hrs, 0 mins, 0 secs, 742 ms
ANALYZE
Time: 0 hrs, 0 mins, 0 secs, 108 ms
DELETE 1
Time: 0 hrs, 0 mins, 0 secs, 87 ms
INSERT 0 1
Time: 0 hrs, 0 mins, 0 secs, 370 ms
DELETE 1
Time: 0 hrs, 0 mins, 0 secs, 93 ms
INSERT 0 1
Time: 0 hrs, 0 mins, 0 secs, 391 ms
ANALYZE
Time: 0 hrs, 0 mins, 0 secs, 51 ms
    tablename     |    attr_name    | attr_value 
------------------+-----------------+------------
 BN_FILTER_SPIDER | CLK_USER_SD_MPL | 10
 BN_FILTER_SPIDER | IP_USER_SD_MPL  | 1
 BN_FILTER_SPIDER | IP_USER_RATIO   | .955
 BN_FILTER_SPIDER | CLK_USER_MEAN   | 12.074
 BN_FILTER_SPIDER | CLK_USER_SD     | 327.358
 BN_FILTER_SPIDER | IP_USER_MEAN    | 7.724
 BN_FILTER_SPIDER | IP_USER_SD      | 1147.072
(7 rows)

Time: 0 hrs, 0 mins, 0 secs, 204 ms
CREATE TABLE
Time: 0 hrs, 0 mins, 5 secs, 451 ms
CREATE TABLE
Time: 0 hrs, 0 mins, 1 secs, 120 ms
 l_mean_sd_mpl 
---------------
      3285.654
(1 row)

Time: 0 hrs, 0 mins, 0 secs, 516 ms
INSERT 0 47
Time: 0 hrs, 0 mins, 9 secs, 46 ms
ANALYZE
Time: 0 hrs, 0 mins, 0 secs, 65 ms
 Total click_user bn_spider_ip records 
---------------------------------------
                                    47
(1 row)

Time: 0 hrs, 0 mins, 1 secs, 148 ms
CREATE TABLE
Time: 0 hrs, 0 mins, 3 secs, 118 ms
ANALYZE
Time: 0 hrs, 0 mins, 0 secs, 95 ms
CREATE TABLE
Time: 0 hrs, 0 mins, 3 secs, 648 ms
ANALYZE
Time: 0 hrs, 0 mins, 0 secs, 122 ms
DROP 
Time: 0 hrs, 0 mins, 0 secs, 500 ms
CREATE TABLE
Time: 0 hrs, 0 mins, 1 secs, 542 ms
 l_mean_sd_mpl | l_ratio 
---------------+---------
      1154.796 |   0.955
(1 row)

Time: 0 hrs, 0 mins, 0 secs, 307 ms
INSERT 0 7723408
Time: 0 hrs, 0 mins, 4 secs, 980 ms
ANALYZE
Time: 0 hrs, 0 mins, 0 secs, 557 ms
 Total ip_user_filter bn_spider_ip records 
-------------------------------------------
                                   7723408
(1 row)

Time: 0 hrs, 0 mins, 0 secs, 711 ms
INSERT 0 28824421
Time: 0 hrs, 0 mins, 27 secs, 503 ms
ANALYZE
Time: 0 hrs, 0 mins, 3 secs, 657 ms
 bn_hits_stage 
---------------
      28824421
(1 row)

Time: 0 hrs, 0 mins, 0 secs, 290 ms
INSERT 0 8544024
Time: 0 hrs, 1 mins, 5 secs, 305 ms
ANALYZE
Time: 0 hrs, 0 mins, 46 secs, 502 ms
 bn_hits_sp_20101217 
---------------------
            22358556
(1 row)

Time: 0 hrs, 0 mins, 10 secs, 262 ms
END
Time: 0 hrs, 0 mins, 11 secs, 936 ms

Sun Dec 19 09:33:23 EST 2010

Timing is on.
BEGIN
Time: 0 hrs, 0 mins, 2 secs, 309 ms

           600 - LOAD RESOURCES

SET
Time: 0 hrs, 0 mins, 0 secs, 10 ms
CREATE TABLE
Time: 0 hrs, 0 mins, 16 secs, 19 ms
ANALYZE
Time: 0 hrs, 0 mins, 0 secs, 645 ms
 tmp_a_count 
-------------
      194176
(1 row)

Time: 0 hrs, 0 mins, 0 secs, 150 ms
UPDATE 0
Time: 0 hrs, 1 mins, 5 secs, 800 ms
ANALYZE
Time: 0 hrs, 0 mins, 4 secs, 403 ms
INSERT 0 131373
Time: 0 hrs, 0 mins, 32 secs, 167 ms

Time: 0 hrs, 0 mins, 0 secs, 10 ms
ANALYZE
Time: 0 hrs, 0 mins, 0 secs, 824 ms
END
Time: 0 hrs, 0 mins, 1 secs, 34 ms
VACUUM
Time: 0 hrs, 0 mins, 8 secs, 339 ms

Sun Dec 19 09:35:35 EST 2010

Timing is on.

           650 - LOAD_BN_SESSION_STAGE

BEGIN
Time: 0 hrs, 0 mins, 0 secs, 835 ms
SET
Time: 0 hrs, 0 mins, 0 secs, 13 ms
CREATE TABLE
Time: 0 hrs, 0 mins, 57 secs, 892 ms
ANALYZE
Time: 0 hrs, 0 mins, 2 secs, 135 ms
INSERT 0 4234030
Time: 0 hrs, 0 mins, 49 secs, 23 ms
ANALYZE
Time: 0 hrs, 0 mins, 1 secs, 46 ms
CREATE TABLE
Time: 0 hrs, 0 mins, 20 secs, 8 ms
ANALYZE
Time: 0 hrs, 0 mins, 0 secs, 231 ms
CREATE TABLE
Time: 0 hrs, 0 mins, 41 secs, 892 ms
ANALYZE
Time: 0 hrs, 0 mins, 0 secs, 922 ms
INSERT 0 4234030
Time: 0 hrs, 0 mins, 53 secs, 487 ms
 bn_session_stage 
------------------
          4234030
(1 row)

Time: 0 hrs, 0 mins, 0 secs, 487 ms
ANALYZE
Time: 0 hrs, 0 mins, 1 secs, 336 ms
TRUNCATE
Time: 0 hrs, 0 mins, 0 secs, 890 ms
END
Time: 0 hrs, 0 mins, 1 secs, 532 ms

Sun Dec 19 09:39:27 EST 2010

BEGIN

           660 - LOAD_BN_SESSION_UPDATE_STAGE

SET
INSERT 0 0
END

Sun Dec 19 09:39:31 EST 2010

Timing is on.

           670 - LOAD_BN_SESSION_20101217.UPDATES

BEGIN
Time: 0 hrs, 0 mins, 0 secs, 623 ms
SET
Time: 0 hrs, 0 mins, 0 secs, 14 ms
UPDATE 0
Time: 0 hrs, 0 mins, 0 secs, 408 ms
END
Time: 0 hrs, 0 mins, 1 secs, 118 ms
VACUUM
Time: 0 hrs, 0 mins, 1 secs, 898 ms

Sun Dec 19 09:39:36 EST 2010

Timing is on.

           700 - LOAD_BN_SESSION

BEGIN
Time: 0 hrs, 0 mins, 0 secs, 594 ms
SET
Time: 0 hrs, 0 mins, 0 secs, 11 ms
INSERT 0 4234030
Time: 0 hrs, 0 mins, 12 secs, 846 ms
ANALYZE
Time: 0 hrs, 0 mins, 1 secs, 281 ms
END
Time: 0 hrs, 0 mins, 1 secs, 320 ms

Sun Dec 19 09:39:52 EST 2010

Timing is on.

            750 - LOAD_BN_SESSION_SUMMARY   

BEGIN
Time: 0 hrs, 0 mins, 0 secs, 708 ms
SET
Time: 0 hrs, 0 mins, 0 secs, 9 ms
CREATE TABLE
Time: 0 hrs, 0 mins, 8 secs, 216 ms
TRUNCATE
Time: 0 hrs, 0 mins, 2 secs, 623 ms
INSERT 0 380762
Time: 0 hrs, 0 mins, 5 secs, 482 ms
ANALYZE
Time: 0 hrs, 0 mins, 0 secs, 732 ms
 count(1) 
----------
   380762
(1 row)

Time: 0 hrs, 0 mins, 0 secs, 105 ms
END
Time: 0 hrs, 0 mins, 0 secs, 929 ms

Sun Dec 19 09:40:11 EST 2010

Timing is on.

           800 - LOAD_BN_HITS

BEGIN
Time: 0 hrs, 0 mins, 1 secs, 52 ms
SET
Time: 0 hrs, 0 mins, 0 secs, 10 ms
TRUNCATE
Time: 0 hrs, 0 mins, 1 secs, 921 ms
INSERT 0 28824421
Time: 0 hrs, 0 mins, 31 secs, 666 ms
 count(1) 
----------
 28824421
(1 row)

Time: 0 hrs, 0 mins, 0 secs, 320 ms
ANALYZE
Time: 0 hrs, 0 mins, 2 secs, 324 ms
END
Time: 0 hrs, 0 mins, 1 secs, 451 ms

Sun Dec 19 09:40:50 EST 2010

Timing is on.

            900 - LOAD_CLICKSTREAM   

BEGIN
Time: 0 hrs, 0 mins, 0 secs, 736 ms
SET
Time: 0 hrs, 0 mins, 0 secs, 13 ms
TRUNCATE
Time: 0 hrs, 0 mins, 2 secs, 255 ms
INSERT 0 28824421
Time: 0 hrs, 1 mins, 17 secs, 554 ms
 count(1) 
----------
 28824421
(1 row)

Time: 0 hrs, 0 mins, 0 secs, 409 ms
ANALYZE
Time: 0 hrs, 0 mins, 1 secs, 81 ms
END
Time: 0 hrs, 0 mins, 3 secs, 146 ms

Sun Dec 19 09:42:15 EST 2010

Timing is on.

            1000 - PAGE_VIEW_SUMMARY  

BEGIN
Time: 0 hrs, 0 mins, 0 secs, 998 ms
SET
Time: 0 hrs, 0 mins, 0 secs, 11 ms
TRUNCATE
Time: 0 hrs, 0 mins, 1 secs, 941 ms
INSERT 0 201079
Time: 0 hrs, 0 mins, 4 secs, 603 ms
 count(1) 
----------
   201079
(1 row)

Time: 0 hrs, 0 mins, 0 secs, 102 ms
ANALYZE
Time: 0 hrs, 0 mins, 0 secs, 71 ms
END
Time: 0 hrs, 0 mins, 1 secs, 147 ms
Removing lock file and waiting for a minute
