Checking for lock file /tmp/.iislock
Acquired lock file /tmp/.iislock
-------------------------------------
Processing for 20101221
-------------------------------------

Wed Dec 22 08:30:10 EST 2010

Timing is on.

           000 - INIT

BEGIN
Time: 0 hrs, 0 mins, 0 secs, 609 ms
*** Truncating staging tables before workflow starts ***
SET
Time: 0 hrs, 0 mins, 0 secs, 11 ms
TRUNCATE
Time: 0 hrs, 0 mins, 0 secs, 643 ms
TRUNCATE
Time: 0 hrs, 0 mins, 0 secs, 345 ms
TRUNCATE
Time: 0 hrs, 0 mins, 0 secs, 864 ms
TRUNCATE
Time: 0 hrs, 0 mins, 0 secs, 227 ms
TRUNCATE
Time: 0 hrs, 0 mins, 0 secs, 395 ms
TRUNCATE
Time: 0 hrs, 0 mins, 0 secs, 354 ms
TRUNCATE
Time: 0 hrs, 0 mins, 0 secs, 251 ms
END
Time: 0 hrs, 0 mins, 5 secs, 676 ms

Wed Dec 22 08:30:20 EST 2010

Timing is on.

            200 - LOAD_BN_IISLOGS   

BEGIN
Time: 0 hrs, 0 mins, 0 secs, 770 ms
SET
Time: 0 hrs, 0 mins, 0 secs, 11 ms
TRUNCATE
Time: 0 hrs, 0 mins, 2 secs, 719 ms
INSERT 0 38801569
Time: 0 hrs, 9 mins, 41 secs, 279 ms
END
Time: 0 hrs, 0 mins, 13 secs, 675 ms
ALTER TABLE
Time: 0 hrs, 7 mins, 10 secs, 479 ms

Wed Dec 22 08:47:29 EST 2010

Timing is on.
BEGIN
Time: 0 hrs, 0 mins, 0 secs, 853 ms
SET
Time: 0 hrs, 0 mins, 0 secs, 10 ms

            250 - LOAD_BN_HITS_SP   

TRUNCATE
Time: 0 hrs, 0 mins, 1 secs, 552 ms
INSERT 0 10652411
Time: 0 hrs, 2 mins, 24 secs, 185 ms
ANALYZE
Time: 0 hrs, 0 mins, 1 secs, 435 ms
END
Time: 0 hrs, 0 mins, 0 secs, 948 ms

Wed Dec 22 08:49:59 EST 2010

Timing is on.
BEGIN
Time: 0 hrs, 0 mins, 1 secs, 374 ms
SET
Time: 0 hrs, 0 mins, 0 secs, 8 ms

           300 - DYNAMIC FILTER

INSERT 0 8770943
Time: 0 hrs, 0 mins, 2 secs, 348 ms
ANALYZE
Time: 0 hrs, 0 mins, 1 secs, 964 ms
 Total records in web_click_cnt 
--------------------------------
                        8770943
(1 row)

Time: 0 hrs, 0 mins, 0 secs, 604 ms
CREATE TABLE
Time: 0 hrs, 0 mins, 2 secs, 869 ms
ANALYZE
Time: 0 hrs, 0 mins, 0 secs, 99 ms
CREATE TABLE
Time: 0 hrs, 0 mins, 1 secs, 37 ms
ANALYZE
Time: 0 hrs, 0 mins, 0 secs, 115 ms
DELETE 1
Time: 0 hrs, 0 mins, 0 secs, 130 ms
INSERT 0 1
Time: 0 hrs, 0 mins, 0 secs, 246 ms
DELETE 1
Time: 0 hrs, 0 mins, 0 secs, 66 ms
INSERT 0 1
Time: 0 hrs, 0 mins, 0 secs, 345 ms
CREATE TABLE
Time: 0 hrs, 0 mins, 1 secs, 352 ms
ANALYZE
Time: 0 hrs, 0 mins, 0 secs, 115 ms
CREATE TABLE
Time: 0 hrs, 0 mins, 0 secs, 952 ms
ANALYZE
Time: 0 hrs, 0 mins, 0 secs, 212 ms
DELETE 1
Time: 0 hrs, 0 mins, 0 secs, 146 ms
INSERT 0 1
Time: 0 hrs, 0 mins, 0 secs, 584 ms
DELETE 1
Time: 0 hrs, 0 mins, 0 secs, 104 ms
INSERT 0 1
Time: 0 hrs, 0 mins, 0 secs, 304 ms
ANALYZE
Time: 0 hrs, 0 mins, 0 secs, 46 ms
    tablename     |    attr_name    | attr_value 
------------------+-----------------+------------
 BN_FILTER_SPIDER | CLK_USER_SD_MPL | 10
 BN_FILTER_SPIDER | IP_USER_SD_MPL  | 1
 BN_FILTER_SPIDER | IP_USER_RATIO   | .955
 BN_FILTER_SPIDER | CLK_USER_MEAN   | 10.078
 BN_FILTER_SPIDER | CLK_USER_SD     | 272.835
 BN_FILTER_SPIDER | IP_USER_MEAN    | 6.409
 BN_FILTER_SPIDER | IP_USER_SD      | 687.459
(7 rows)

Time: 0 hrs, 0 mins, 0 secs, 138 ms
CREATE TABLE
Time: 0 hrs, 0 mins, 3 secs, 120 ms
CREATE TABLE
Time: 0 hrs, 0 mins, 0 secs, 630 ms
 l_mean_sd_mpl 
---------------
      2738.428
(1 row)

Time: 0 hrs, 0 mins, 0 secs, 386 ms
INSERT 0 38
Time: 0 hrs, 0 mins, 9 secs, 895 ms
ANALYZE
Time: 0 hrs, 0 mins, 0 secs, 123 ms
 Total click_user bn_spider_ip records 
---------------------------------------
                                    38
(1 row)

Time: 0 hrs, 0 mins, 0 secs, 178 ms
CREATE TABLE
Time: 0 hrs, 0 mins, 1 secs, 265 ms
ANALYZE
Time: 0 hrs, 0 mins, 0 secs, 138 ms
CREATE TABLE
Time: 0 hrs, 0 mins, 2 secs, 250 ms
ANALYZE
Time: 0 hrs, 0 mins, 0 secs, 171 ms
DROP 
Time: 0 hrs, 0 mins, 0 secs, 344 ms
CREATE TABLE
Time: 0 hrs, 0 mins, 1 secs, 190 ms
 l_mean_sd_mpl | l_ratio 
---------------+---------
       693.868 |   0.955
(1 row)

Time: 0 hrs, 0 mins, 0 secs, 121 ms
INSERT 0 5681921
Time: 0 hrs, 0 mins, 3 secs, 279 ms
ANALYZE
Time: 0 hrs, 0 mins, 0 secs, 193 ms
 Total ip_user_filter bn_spider_ip records 
-------------------------------------------
                                   5681921
(1 row)

Time: 0 hrs, 0 mins, 0 secs, 282 ms
INSERT 0 21702860
Time: 0 hrs, 0 mins, 21 secs, 564 ms
ANALYZE
Time: 0 hrs, 0 mins, 5 secs, 385 ms
 bn_hits_stage 
---------------
      21702860
(1 row)

Time: 0 hrs, 0 mins, 0 secs, 261 ms
INSERT 0 6446298
Time: 0 hrs, 0 mins, 29 secs, 395 ms
ANALYZE
Time: 0 hrs, 0 mins, 9 secs, 409 ms
 bn_hits_sp_20101221 
---------------------
            17098709
(1 row)

Time: 0 hrs, 0 mins, 16 secs, 470 ms
END
Time: 0 hrs, 0 mins, 19 secs, 29 ms

Wed Dec 22 08:52:19 EST 2010

Timing is on.
BEGIN
Time: 0 hrs, 0 mins, 1 secs, 335 ms

           600 - LOAD RESOURCES

SET
Time: 0 hrs, 0 mins, 0 secs, 11 ms
CREATE TABLE
Time: 0 hrs, 0 mins, 8 secs, 971 ms
ANALYZE
Time: 0 hrs, 0 mins, 0 secs, 455 ms
 tmp_a_count 
-------------
      134022
(1 row)

Time: 0 hrs, 0 mins, 0 secs, 97 ms
UPDATE 0
Time: 0 hrs, 1 mins, 19 secs, 423 ms
ANALYZE
Time: 0 hrs, 0 mins, 9 secs, 201 ms
INSERT 0 87853
Time: 0 hrs, 1 mins, 34 secs, 538 ms

Time: 0 hrs, 0 mins, 0 secs, 7 ms
ANALYZE
Time: 0 hrs, 0 mins, 8 secs, 571 ms
END
Time: 0 hrs, 0 mins, 26 secs, 57 ms
VACUUM
Time: 0 hrs, 0 mins, 9 secs, 480 ms

Wed Dec 22 08:56:17 EST 2010

Timing is on.

           650 - LOAD_BN_SESSION_STAGE

BEGIN
Time: 0 hrs, 0 mins, 0 secs, 748 ms
SET
Time: 0 hrs, 0 mins, 0 secs, 9 ms
CREATE TABLE
Time: 0 hrs, 0 mins, 50 secs, 669 ms
ANALYZE
Time: 0 hrs, 0 mins, 2 secs, 768 ms
INSERT 0 3351205
Time: 0 hrs, 0 mins, 46 secs, 650 ms
ANALYZE
Time: 0 hrs, 0 mins, 0 secs, 699 ms
CREATE TABLE
Time: 0 hrs, 0 mins, 18 secs, 725 ms
ANALYZE
Time: 0 hrs, 0 mins, 0 secs, 256 ms
CREATE TABLE
Time: 0 hrs, 0 mins, 33 secs, 56 ms
ANALYZE
Time: 0 hrs, 0 mins, 1 secs, 385 ms
INSERT 0 3351205
Time: 0 hrs, 2 mins, 5 secs, 864 ms
 bn_session_stage 
------------------
          3351205
(1 row)

Time: 0 hrs, 0 mins, 1 secs, 250 ms
ANALYZE
Time: 0 hrs, 0 mins, 1 secs, 493 ms
TRUNCATE
Time: 0 hrs, 0 mins, 4 secs, 346 ms
END
Time: 0 hrs, 0 mins, 14 secs, 836 ms

Wed Dec 22 09:01:20 EST 2010

BEGIN

           660 - LOAD_BN_SESSION_UPDATE_STAGE

SET
INSERT 0 0
END

Wed Dec 22 09:01:39 EST 2010

Timing is on.

           670 - LOAD_BN_SESSION_20101221.UPDATES

BEGIN
Time: 0 hrs, 0 mins, 0 secs, 739 ms
SET
Time: 0 hrs, 0 mins, 0 secs, 12 ms
UPDATE 0
Time: 0 hrs, 0 mins, 0 secs, 520 ms
END
Time: 0 hrs, 0 mins, 7 secs, 96 ms
VACUUM
Time: 0 hrs, 0 mins, 11 secs, 410 ms

Wed Dec 22 09:01:59 EST 2010

Timing is on.

           700 - LOAD_BN_SESSION

BEGIN
Time: 0 hrs, 0 mins, 0 secs, 740 ms
SET
Time: 0 hrs, 0 mins, 0 secs, 9 ms
INSERT 0 3351205
Time: 0 hrs, 0 mins, 12 secs, 323 ms
ANALYZE
Time: 0 hrs, 0 mins, 1 secs, 875 ms
END
Time: 0 hrs, 0 mins, 20 secs, 887 ms

Wed Dec 22 09:02:35 EST 2010

Timing is on.

            750 - LOAD_BN_SESSION_SUMMARY   

BEGIN
Time: 0 hrs, 0 mins, 0 secs, 758 ms
SET
Time: 0 hrs, 0 mins, 0 secs, 25 ms
CREATE TABLE
Time: 0 hrs, 0 mins, 8 secs, 70 ms
TRUNCATE
Time: 0 hrs, 0 mins, 0 secs, 667 ms
INSERT 0 309028
Time: 0 hrs, 0 mins, 4 secs, 459 ms
ANALYZE
Time: 0 hrs, 0 mins, 0 secs, 663 ms
 count(1) 
----------
   309028
(1 row)

Time: 0 hrs, 0 mins, 0 secs, 103 ms
END
Time: 0 hrs, 0 mins, 5 secs, 320 ms

Wed Dec 22 09:02:55 EST 2010

Timing is on.

           800 - LOAD_BN_HITS

BEGIN
Time: 0 hrs, 0 mins, 0 secs, 639 ms
SET
Time: 0 hrs, 0 mins, 0 secs, 12 ms
TRUNCATE
Time: 0 hrs, 0 mins, 4 secs, 167 ms
INSERT 0 21702860
Time: 0 hrs, 1 mins, 5 secs, 534 ms
 count(1) 
----------
 21702860
(1 row)

Time: 0 hrs, 0 mins, 0 secs, 208 ms
ANALYZE
Time: 0 hrs, 0 mins, 2 secs, 442 ms
END
Time: 0 hrs, 0 mins, 2 secs, 734 ms

Wed Dec 22 09:04:11 EST 2010

Timing is on.

            900 - LOAD_CLICKSTREAM   

BEGIN
Time: 0 hrs, 0 mins, 0 secs, 810 ms
SET
Time: 0 hrs, 0 mins, 0 secs, 11 ms
TRUNCATE
Time: 0 hrs, 0 mins, 0 secs, 575 ms
INSERT 0 21702860
Time: 0 hrs, 1 mins, 30 secs, 398 ms
 count(1) 
----------
 21702860
(1 row)

Time: 0 hrs, 0 mins, 0 secs, 513 ms
ANALYZE
Time: 0 hrs, 0 mins, 0 secs, 922 ms
END
Time: 0 hrs, 0 mins, 20 secs, 318 ms

Wed Dec 22 09:06:05 EST 2010

Timing is on.

            1000 - PAGE_VIEW_SUMMARY  

BEGIN
Time: 0 hrs, 0 mins, 1 secs, 397 ms
SET
Time: 0 hrs, 0 mins, 0 secs, 11 ms
TRUNCATE
Time: 0 hrs, 0 mins, 3 secs, 456 ms
INSERT 0 139459
Time: 0 hrs, 0 mins, 6 secs, 288 ms
 count(1) 
----------
   139459
(1 row)

Time: 0 hrs, 0 mins, 0 secs, 331 ms
ANALYZE
Time: 0 hrs, 0 mins, 0 secs, 75 ms
END
Time: 0 hrs, 0 mins, 5 secs, 666 ms
Removing lock file and waiting for a minute
Checking for lock file /tmp/.iislock
Acquired lock file /tmp/.iislock
-------------------------------------
Processing for 20101221
-------------------------------------

Thu Dec 23 09:01:04 EST 2010

Timing is on.

           000 - INIT

BEGIN
Time: 0 hrs, 0 mins, 0 secs, 612 ms
*** Truncating staging tables before workflow starts ***
SET
Time: 0 hrs, 0 mins, 0 secs, 14 ms
TRUNCATE
Time: 0 hrs, 0 mins, 0 secs, 651 ms
TRUNCATE
Time: 0 hrs, 0 mins, 0 secs, 452 ms
TRUNCATE
Time: 0 hrs, 0 mins, 0 secs, 257 ms
TRUNCATE
Time: 0 hrs, 0 mins, 0 secs, 223 ms
TRUNCATE
Time: 0 hrs, 0 mins, 0 secs, 244 ms
TRUNCATE
Time: 0 hrs, 0 mins, 1 secs, 775 ms
TRUNCATE
Time: 0 hrs, 0 mins, 0 secs, 436 ms
END
Time: 0 hrs, 0 mins, 1 secs, 332 ms

Thu Dec 23 09:01:10 EST 2010

Timing is on.

            200 - LOAD_BN_IISLOGS   

BEGIN
Time: 0 hrs, 0 mins, 0 secs, 635 ms
SET
Time: 0 hrs, 0 mins, 0 secs, 11 ms
TRUNCATE
Time: 0 hrs, 0 mins, 0 secs, 555 ms
INSERT 0 52756244
Time: 0 hrs, 12 mins, 24 secs, 434 ms
END
Time: 0 hrs, 0 mins, 11 secs, 197 ms
ALTER TABLE
Time: 0 hrs, 0 mins, 10 secs, 150 ms

Thu Dec 23 09:13:57 EST 2010

Timing is on.
BEGIN
Time: 0 hrs, 0 mins, 1 secs, 113 ms
SET
Time: 0 hrs, 0 mins, 0 secs, 8 ms

            250 - LOAD_BN_HITS_SP   

TRUNCATE
Time: 0 hrs, 0 mins, 0 secs, 737 ms
INSERT 0 14238295
Time: 0 hrs, 3 mins, 18 secs, 248 ms
ANALYZE
Time: 0 hrs, 0 mins, 1 secs, 974 ms
END
Time: 0 hrs, 0 mins, 14 secs, 905 ms

Thu Dec 23 09:17:34 EST 2010

Timing is on.
BEGIN
Time: 0 hrs, 0 mins, 0 secs, 686 ms
SET
Time: 0 hrs, 0 mins, 0 secs, 13 ms

           300 - DYNAMIC FILTER

INSERT 0 11465467
Time: 0 hrs, 0 mins, 3 secs, 170 ms
ANALYZE
Time: 0 hrs, 0 mins, 0 secs, 551 ms
 Total records in web_click_cnt 
--------------------------------
                       11465467
(1 row)

Time: 0 hrs, 0 mins, 0 secs, 371 ms
CREATE TABLE
Time: 0 hrs, 0 mins, 2 secs, 704 ms
ANALYZE
Time: 0 hrs, 0 mins, 0 secs, 237 ms
CREATE TABLE
Time: 0 hrs, 0 mins, 0 secs, 529 ms
ANALYZE
Time: 0 hrs, 0 mins, 0 secs, 238 ms
DELETE 1
Time: 0 hrs, 0 mins, 0 secs, 713 ms
INSERT 0 1
Time: 0 hrs, 0 mins, 0 secs, 295 ms
DELETE 1
Time: 0 hrs, 0 mins, 0 secs, 103 ms
INSERT 0 1
Time: 0 hrs, 0 mins, 0 secs, 349 ms
CREATE TABLE
Time: 0 hrs, 0 mins, 2 secs, 893 ms
ANALYZE
Time: 0 hrs, 0 mins, 0 secs, 129 ms
CREATE TABLE
Time: 0 hrs, 0 mins, 0 secs, 428 ms
ANALYZE
Time: 0 hrs, 0 mins, 0 secs, 158 ms
DELETE 1
Time: 0 hrs, 0 mins, 0 secs, 96 ms
INSERT 0 1
Time: 0 hrs, 0 mins, 0 secs, 314 ms
DELETE 1
Time: 0 hrs, 0 mins, 0 secs, 97 ms
INSERT 0 1
Time: 0 hrs, 0 mins, 0 secs, 656 ms
ANALYZE
Time: 0 hrs, 0 mins, 0 secs, 188 ms
    tablename     |    attr_name    | attr_value 
------------------+-----------------+------------
 BN_FILTER_SPIDER | CLK_USER_SD_MPL | 10
 BN_FILTER_SPIDER | IP_USER_SD_MPL  | 1
 BN_FILTER_SPIDER | IP_USER_RATIO   | .955
 BN_FILTER_SPIDER | CLK_USER_MEAN   | 11.175
 BN_FILTER_SPIDER | CLK_USER_SD     | 302.234
 BN_FILTER_SPIDER | IP_USER_MEAN    | 6.793
 BN_FILTER_SPIDER | IP_USER_SD      | 823.333
(7 rows)

Time: 0 hrs, 0 mins, 0 secs, 175 ms
CREATE TABLE
Time: 0 hrs, 0 mins, 3 secs, 356 ms
CREATE TABLE
Time: 0 hrs, 0 mins, 0 secs, 708 ms
 l_mean_sd_mpl 
---------------
      3033.515
(1 row)

Time: 0 hrs, 0 mins, 0 secs, 225 ms
INSERT 0 55
Time: 0 hrs, 0 mins, 5 secs, 363 ms
ANALYZE
Time: 0 hrs, 0 mins, 0 secs, 216 ms
 Total click_user bn_spider_ip records 
---------------------------------------
                                    55
(1 row)

Time: 0 hrs, 0 mins, 0 secs, 460 ms
CREATE TABLE
Time: 0 hrs, 0 mins, 1 secs, 982 ms
ANALYZE
Time: 0 hrs, 0 mins, 0 secs, 108 ms
CREATE TABLE
Time: 0 hrs, 0 mins, 3 secs, 792 ms
ANALYZE
Time: 0 hrs, 0 mins, 0 secs, 130 ms
DROP 
Time: 0 hrs, 0 mins, 0 secs, 320 ms
CREATE TABLE
Time: 0 hrs, 0 mins, 0 secs, 264 ms
 l_mean_sd_mpl | l_ratio 
---------------+---------
       830.126 |   0.955
(1 row)

Time: 0 hrs, 0 mins, 0 secs, 201 ms
INSERT 0 7399678
Time: 0 hrs, 0 mins, 5 secs, 582 ms
ANALYZE
Time: 0 hrs, 0 mins, 0 secs, 423 ms
 Total ip_user_filter bn_spider_ip records 
-------------------------------------------
                                   7399678
(1 row)

Time: 0 hrs, 0 mins, 0 secs, 298 ms
INSERT 0 30150904
Time: 0 hrs, 0 mins, 33 secs, 85 ms
ANALYZE
Time: 0 hrs, 0 mins, 4 secs, 481 ms
 bn_hits_stage 
---------------
      30150904
(1 row)

Time: 0 hrs, 0 mins, 0 secs, 348 ms
INSERT 0 8367045
Time: 0 hrs, 0 mins, 55 secs, 370 ms
ANALYZE
Time: 0 hrs, 0 mins, 5 secs, 970 ms
 bn_hits_sp_20101221 
---------------------
            22605340
(1 row)

Time: 0 hrs, 0 mins, 19 secs, 731 ms
END
Time: 0 hrs, 1 mins, 22 secs, 467 ms

Thu Dec 23 09:21:35 EST 2010

Timing is on.
BEGIN
Time: 0 hrs, 0 mins, 5 secs, 570 ms

           600 - LOAD RESOURCES

SET
Time: 0 hrs, 0 mins, 0 secs, 12 ms
CREATE TABLE
Time: 0 hrs, 0 mins, 38 secs, 682 ms
ANALYZE
Time: 0 hrs, 0 mins, 0 secs, 730 ms
 tmp_a_count 
-------------
      180981
(1 row)

Time: 0 hrs, 0 mins, 3 secs, 986 ms
UPDATE 0
Time: 0 hrs, 1 mins, 36 secs, 947 ms
ANALYZE
Time: 0 hrs, 0 mins, 5 secs, 338 ms
INSERT 0 37078
Time: 0 hrs, 0 mins, 59 secs, 695 ms

Time: 0 hrs, 0 mins, 0 secs, 17 ms
ANALYZE
Time: 0 hrs, 0 mins, 0 secs, 756 ms
END
Time: 0 hrs, 0 mins, 1 secs, 799 ms
VACUUM
Time: 0 hrs, 0 mins, 9 secs, 396 ms

Thu Dec 23 09:25:18 EST 2010

Timing is on.

           650 - LOAD_BN_SESSION_STAGE

BEGIN
Time: 0 hrs, 0 mins, 0 secs, 915 ms
SET
Time: 0 hrs, 0 mins, 0 secs, 15 ms
CREATE TABLE
Time: 0 hrs, 1 mins, 23 secs, 294 ms
ANALYZE
Time: 0 hrs, 0 mins, 2 secs, 379 ms
INSERT 0 4493923
Time: 0 hrs, 0 mins, 58 secs, 364 ms
ANALYZE
Time: 0 hrs, 0 mins, 2 secs, 500 ms
CREATE TABLE
Time: 0 hrs, 0 mins, 33 secs, 812 ms
ANALYZE
Time: 0 hrs, 0 mins, 0 secs, 245 ms
CREATE TABLE
Time: 0 hrs, 0 mins, 53 secs, 657 ms
ANALYZE
Time: 0 hrs, 0 mins, 0 secs, 802 ms
INSERT 0 4493923
Time: 0 hrs, 2 mins, 32 secs, 167 ms
 bn_session_stage 
------------------
          4493923
(1 row)

Time: 0 hrs, 0 mins, 0 secs, 598 ms
ANALYZE
Time: 0 hrs, 0 mins, 1 secs, 403 ms
TRUNCATE
Time: 0 hrs, 0 mins, 0 secs, 765 ms
END
Time: 0 hrs, 0 mins, 2 secs, 229 ms

Thu Dec 23 09:31:51 EST 2010

BEGIN

           660 - LOAD_BN_SESSION_UPDATE_STAGE

SET
INSERT 0 0
END

Thu Dec 23 09:31:54 EST 2010

Timing is on.

           670 - LOAD_BN_SESSION_20101221.UPDATES

BEGIN
Time: 0 hrs, 0 mins, 0 secs, 678 ms
SET
Time: 0 hrs, 0 mins, 0 secs, 10 ms
UPDATE 0
Time: 0 hrs, 0 mins, 0 secs, 451 ms
END
Time: 0 hrs, 0 mins, 0 secs, 686 ms
VACUUM
Time: 0 hrs, 0 mins, 7 secs, 372 ms

Thu Dec 23 09:32:03 EST 2010

Timing is on.

           700 - LOAD_BN_SESSION

BEGIN
Time: 0 hrs, 0 mins, 1 secs, 517 ms
SET
Time: 0 hrs, 0 mins, 0 secs, 13 ms
INSERT 0 4493923
Time: 0 hrs, 0 mins, 17 secs, 507 ms
ANALYZE
Time: 0 hrs, 0 mins, 1 secs, 246 ms
END
Time: 0 hrs, 0 mins, 1 secs, 545 ms

Thu Dec 23 09:32:25 EST 2010

Timing is on.

            750 - LOAD_BN_SESSION_SUMMARY   

BEGIN
Time: 0 hrs, 0 mins, 0 secs, 622 ms
SET
Time: 0 hrs, 0 mins, 0 secs, 11 ms
CREATE TABLE
Time: 0 hrs, 0 mins, 8 secs, 188 ms
TRUNCATE
Time: 0 hrs, 0 mins, 0 secs, 783 ms
INSERT 0 380968
Time: 0 hrs, 0 mins, 6 secs, 183 ms
ANALYZE
Time: 0 hrs, 0 mins, 0 secs, 700 ms
 count(1) 
----------
   380968
(1 row)

Time: 0 hrs, 0 mins, 0 secs, 197 ms
END
Time: 0 hrs, 0 mins, 0 secs, 881 ms

Thu Dec 23 09:32:43 EST 2010

Timing is on.

           800 - LOAD_BN_HITS

BEGIN
Time: 0 hrs, 0 mins, 0 secs, 589 ms
SET
Time: 0 hrs, 0 mins, 0 secs, 15 ms
TRUNCATE
Time: 0 hrs, 0 mins, 0 secs, 801 ms
INSERT 0 30150904
Time: 0 hrs, 1 mins, 6 secs, 242 ms
 count(1) 
----------
 30150904
(1 row)

Time: 0 hrs, 0 mins, 0 secs, 407 ms
ANALYZE
Time: 0 hrs, 0 mins, 2 secs, 111 ms
END
Time: 0 hrs, 0 mins, 1 secs, 901 ms

Thu Dec 23 09:33:55 EST 2010

Timing is on.

            900 - LOAD_CLICKSTREAM   

BEGIN
Time: 0 hrs, 0 mins, 0 secs, 870 ms
SET
Time: 0 hrs, 0 mins, 0 secs, 13 ms
TRUNCATE
Time: 0 hrs, 0 mins, 0 secs, 425 ms
INSERT 0 30150904
Time: 0 hrs, 1 mins, 48 secs, 716 ms
 count(1) 
----------
 30150904
(1 row)

Time: 0 hrs, 0 mins, 0 secs, 617 ms
ANALYZE
Time: 0 hrs, 0 mins, 0 secs, 944 ms
END
Time: 0 hrs, 0 mins, 2 secs, 266 ms

Thu Dec 23 09:35:49 EST 2010

Timing is on.

            1000 - PAGE_VIEW_SUMMARY  

BEGIN
Time: 0 hrs, 0 mins, 1 secs, 323 ms
SET
Time: 0 hrs, 0 mins, 0 secs, 13 ms
TRUNCATE
Time: 0 hrs, 0 mins, 0 secs, 920 ms
INSERT 0 188150
Time: 0 hrs, 0 mins, 4 secs, 266 ms
 count(1) 
----------
   188150
(1 row)

Time: 0 hrs, 0 mins, 0 secs, 245 ms
ANALYZE
Time: 0 hrs, 0 mins, 0 secs, 99 ms
END
Time: 0 hrs, 0 mins, 1 secs, 734 ms
Removing lock file and waiting for a minute
