-------------------------------------
Processing for 20101124
-------------------------------------

Thu Nov 25 08:30:11 EST 2010

Timing is on.

           000 - INIT

BEGIN
Time: 0 hrs, 0 mins, 0 secs, 692 ms
*** Truncating staging tables before workflow starts ***
SET
Time: 0 hrs, 0 mins, 0 secs, 11 ms
TRUNCATE
Time: 0 hrs, 0 mins, 1 secs, 656 ms
TRUNCATE
Time: 0 hrs, 0 mins, 1 secs, 686 ms
TRUNCATE
Time: 0 hrs, 0 mins, 0 secs, 379 ms
TRUNCATE
Time: 0 hrs, 0 mins, 0 secs, 366 ms
TRUNCATE
Time: 0 hrs, 0 mins, 0 secs, 242 ms
TRUNCATE
Time: 0 hrs, 0 mins, 2 secs, 43 ms
TRUNCATE
Time: 0 hrs, 0 mins, 0 secs, 386 ms
END
Time: 0 hrs, 0 mins, 3 secs, 516 ms

Thu Nov 25 08:30:22 EST 2010

Timing is on.

            200 - LOAD_BN_IISLOGS   

BEGIN
Time: 0 hrs, 0 mins, 0 secs, 538 ms
SET
Time: 0 hrs, 0 mins, 0 secs, 11 ms
TRUNCATE
Time: 0 hrs, 0 mins, 0 secs, 805 ms
INSERT 0 49643483
Time: 0 hrs, 8 mins, 38 secs, 114 ms
END
Time: 0 hrs, 0 mins, 1 secs, 511 ms

Thu Nov 25 08:39:03 EST 2010

Timing is on.
BEGIN
Time: 0 hrs, 0 mins, 0 secs, 948 ms
SET
Time: 0 hrs, 0 mins, 0 secs, 11 ms

            250 - LOAD_BN_HITS_SP   

TRUNCATE
Time: 0 hrs, 0 mins, 1 secs, 305 ms
INSERT 0 13659021
Time: 0 hrs, 5 mins, 15 secs, 112 ms
ANALYZE
Time: 0 hrs, 0 mins, 4 secs, 882 ms
END
Time: 0 hrs, 0 mins, 1 secs, 387 ms

Thu Nov 25 08:44:27 EST 2010

Timing is on.
BEGIN
Time: 0 hrs, 0 mins, 0 secs, 559 ms
SET
Time: 0 hrs, 0 mins, 0 secs, 11 ms

           300 - DYNAMIC FILTER

INSERT 0 13541410
Time: 0 hrs, 0 mins, 2 secs, 586 ms
ANALYZE
Time: 0 hrs, 0 mins, 0 secs, 334 ms
 Total records in web_click_cnt 
--------------------------------
                       13541410
(1 row)

Time: 0 hrs, 0 mins, 0 secs, 217 ms
CREATE TABLE
Time: 0 hrs, 0 mins, 2 secs, 645 ms
ANALYZE
Time: 0 hrs, 0 mins, 0 secs, 326 ms
CREATE TABLE
Time: 0 hrs, 0 mins, 1 secs, 352 ms
ANALYZE
Time: 0 hrs, 0 mins, 0 secs, 133 ms
DELETE 1
Time: 0 hrs, 0 mins, 0 secs, 130 ms
INSERT 0 1
Time: 0 hrs, 0 mins, 0 secs, 959 ms
DELETE 1
Time: 0 hrs, 0 mins, 0 secs, 94 ms
INSERT 0 1
Time: 0 hrs, 0 mins, 0 secs, 483 ms
    tablename     |    attr_name    | attr_value 
------------------+-----------------+------------
 BN_FILTER_SPIDER | CLK_USER_SD_MPL | 10
 BN_FILTER_SPIDER | IP_USER_SD_MPL  | 1
 BN_FILTER_SPIDER | IP_USER_RATIO   | .955
 BN_FILTER_SPIDER | IP_USER_MEAN    | 9.621
 BN_FILTER_SPIDER | IP_USER_SD      | 1101.949
 BN_FILTER_SPIDER | CLK_USER_MEAN   | 11.062
 BN_FILTER_SPIDER | CLK_USER_SD     | 30.536
(7 rows)

Time: 0 hrs, 0 mins, 0 secs, 165 ms
CREATE TABLE
Time: 0 hrs, 0 mins, 2 secs, 43 ms
ANALYZE
Time: 0 hrs, 0 mins, 0 secs, 94 ms
CREATE TABLE
Time: 0 hrs, 0 mins, 1 secs, 598 ms
ANALYZE
Time: 0 hrs, 0 mins, 0 secs, 110 ms
DELETE 1
Time: 0 hrs, 0 mins, 0 secs, 91 ms
INSERT 0 1
Time: 0 hrs, 0 mins, 0 secs, 664 ms
DELETE 1
Time: 0 hrs, 0 mins, 0 secs, 95 ms
INSERT 0 1
Time: 0 hrs, 0 mins, 0 secs, 479 ms
ANALYZE
Time: 0 hrs, 0 mins, 0 secs, 25 ms
CREATE TABLE
Time: 0 hrs, 0 mins, 2 secs, 980 ms
CREATE TABLE
Time: 0 hrs, 0 mins, 0 secs, 422 ms
 l_mean_sd_mpl 
---------------
       316.422
(1 row)

Time: 0 hrs, 0 mins, 2 secs, 706 ms
INSERT 0 1453
Time: 0 hrs, 0 mins, 6 secs, 461 ms
ANALYZE
Time: 0 hrs, 0 mins, 0 secs, 161 ms
 Total click_user bn_spider_ip records 
---------------------------------------
                                  1453
(1 row)

Time: 0 hrs, 0 mins, 0 secs, 84 ms
CREATE TABLE
Time: 0 hrs, 0 mins, 4 secs, 35 ms
ANALYZE
Time: 0 hrs, 0 mins, 0 secs, 75 ms
CREATE TABLE
Time: 0 hrs, 0 mins, 3 secs, 455 ms
ANALYZE
Time: 0 hrs, 0 mins, 0 secs, 250 ms
DROP 
Time: 0 hrs, 0 mins, 0 secs, 261 ms
CREATE TABLE
Time: 0 hrs, 0 mins, 0 secs, 570 ms
 l_mean_sd_mpl | l_ratio 
---------------+---------
      1078.290 |   0.955
(1 row)

Time: 0 hrs, 0 mins, 0 secs, 447 ms
INSERT 0 9614513
Time: 0 hrs, 0 mins, 3 secs, 945 ms
ANALYZE
Time: 0 hrs, 0 mins, 0 secs, 210 ms
 Total ip_user_filter bn_spider_ip records 
-------------------------------------------
                                   9614513
(1 row)

Time: 0 hrs, 0 mins, 0 secs, 432 ms
INSERT 0 25229531
Time: 0 hrs, 0 mins, 32 secs, 526 ms
ANALYZE
Time: 0 hrs, 0 mins, 2 secs, 240 ms
 bn_hits_stage 
---------------
      25229531
(1 row)

Time: 0 hrs, 0 mins, 0 secs, 255 ms
INSERT 0 10754931
Time: 0 hrs, 0 mins, 33 secs, 539 ms
ANALYZE
Time: 0 hrs, 0 mins, 13 secs, 901 ms
 bn_hits_sp_20101124 
---------------------
            24413952
(1 row)

Time: 0 hrs, 0 mins, 21 secs, 360 ms
END
Time: 0 hrs, 0 mins, 1 secs, 731 ms

Thu Nov 25 08:46:55 EST 2010

Timing is on.
BEGIN
Time: 0 hrs, 0 mins, 0 secs, 796 ms

           600 - LOAD RESOURCES

SET
Time: 0 hrs, 0 mins, 0 secs, 11 ms
CREATE TABLE
Time: 0 hrs, 0 mins, 7 secs, 532 ms
ANALYZE
Time: 0 hrs, 0 mins, 0 secs, 420 ms
 count(1) 
----------
   124603
(1 row)

Time: 0 hrs, 0 mins, 0 secs, 99 ms
UPDATE 20
Time: 0 hrs, 0 mins, 4 secs, 861 ms
ANALYZE
Time: 0 hrs, 0 mins, 0 secs, 950 ms
INSERT 0 85074
Time: 0 hrs, 0 mins, 5 secs, 279 ms

Time: 0 hrs, 0 mins, 0 secs, 13 ms
ANALYZE
Time: 0 hrs, 0 mins, 0 secs, 690 ms
END
Time: 0 hrs, 0 mins, 1 secs, 669 ms
VACUUM
Time: 0 hrs, 0 mins, 7 secs, 771 ms

Thu Nov 25 08:47:25 EST 2010

Timing is on.

           650 - LOAD_BN_SESSION_STAGE

BEGIN
Time: 0 hrs, 0 mins, 0 secs, 546 ms
SET
Time: 0 hrs, 0 mins, 0 secs, 9 ms
CREATE TABLE
Time: 0 hrs, 1 mins, 8 secs, 620 ms
ANALYZE
Time: 0 hrs, 0 mins, 2 secs, 336 ms
INSERT 0 4067123
Time: 0 hrs, 0 mins, 49 secs, 779 ms
ANALYZE
Time: 0 hrs, 0 mins, 1 secs, 227 ms
CREATE TABLE
Time: 0 hrs, 0 mins, 21 secs, 215 ms
ANALYZE
Time: 0 hrs, 0 mins, 0 secs, 241 ms
CREATE TABLE
Time: 0 hrs, 0 mins, 46 secs, 926 ms
ANALYZE
Time: 0 hrs, 0 mins, 0 secs, 994 ms
INSERT 0 3691967
Time: 0 hrs, 0 mins, 38 secs, 178 ms
 bn_session_stage 
------------------
          3691967
(1 row)

Time: 0 hrs, 0 mins, 0 secs, 754 ms
ANALYZE
Time: 0 hrs, 0 mins, 1 secs, 734 ms
END
Time: 0 hrs, 0 mins, 2 secs, 781 ms

Thu Nov 25 08:51:20 EST 2010

BEGIN

           660 - LOAD_BN_SESSION_UPDATE_STAGE

SET
INSERT 0 0
END

Thu Nov 25 08:51:25 EST 2010

Timing is on.

           670 - LOAD_BN_SESSION_20101124.UPDATES

BEGIN
Time: 0 hrs, 0 mins, 0 secs, 674 ms
SET
Time: 0 hrs, 0 mins, 0 secs, 11 ms
UPDATE 0
Time: 0 hrs, 0 mins, 0 secs, 387 ms
END
Time: 0 hrs, 0 mins, 0 secs, 688 ms
VACUUM
Time: 0 hrs, 0 mins, 1 secs, 997 ms

Thu Nov 25 08:51:29 EST 2010

Timing is on.

           700 - LOAD_BN_SESSION

BEGIN
Time: 0 hrs, 0 mins, 0 secs, 709 ms
SET
Time: 0 hrs, 0 mins, 0 secs, 11 ms
INSERT 0 3691967
Time: 0 hrs, 0 mins, 7 secs, 926 ms
ANALYZE
Time: 0 hrs, 0 mins, 1 secs, 614 ms
END
Time: 0 hrs, 0 mins, 2 secs, 320 ms

Thu Nov 25 08:51:42 EST 2010

Timing is on.

            750 - LOAD_BN_SESSION_SUMMARY   

BEGIN
Time: 0 hrs, 0 mins, 0 secs, 593 ms
SET
Time: 0 hrs, 0 mins, 0 secs, 10 ms
CREATE TABLE
Time: 0 hrs, 0 mins, 7 secs, 21 ms
TRUNCATE
Time: 0 hrs, 0 mins, 0 secs, 937 ms
INSERT 0 273166
Time: 0 hrs, 0 mins, 2 secs, 709 ms
ANALYZE
Time: 0 hrs, 0 mins, 0 secs, 503 ms
 count(1) 
----------
   273166
(1 row)

Time: 0 hrs, 0 mins, 0 secs, 95 ms
END
Time: 0 hrs, 0 mins, 1 secs, 807 ms

Thu Nov 25 08:51:56 EST 2010

Timing is on.

           800 - LOAD_BN_HITS

BEGIN
Time: 0 hrs, 0 mins, 0 secs, 564 ms
SET
Time: 0 hrs, 0 mins, 0 secs, 9 ms
TRUNCATE
Time: 0 hrs, 0 mins, 0 secs, 824 ms
INSERT 0 18509242
Time: 0 hrs, 0 mins, 23 secs, 835 ms
 count(1) 
----------
 18509242
(1 row)

Time: 0 hrs, 0 mins, 0 secs, 261 ms
ANALYZE
Time: 0 hrs, 0 mins, 2 secs, 286 ms
END
Time: 0 hrs, 0 mins, 1 secs, 336 ms

Thu Nov 25 08:52:25 EST 2010

Timing is on.

            900 - LOAD_CLICKSTREAM   

BEGIN
Time: 0 hrs, 0 mins, 0 secs, 737 ms
SET
Time: 0 hrs, 0 mins, 0 secs, 11 ms
TRUNCATE
Time: 0 hrs, 0 mins, 1 secs, 41 ms
INSERT 0 18509242
Time: 0 hrs, 1 mins, 8 secs, 306 ms
 count(1) 
----------
 18509242
(1 row)

Time: 0 hrs, 0 mins, 0 secs, 230 ms
ANALYZE
Time: 0 hrs, 0 mins, 0 secs, 896 ms
END
Time: 0 hrs, 0 mins, 1 secs, 297 ms

Thu Nov 25 08:53:38 EST 2010

Timing is on.

            1000 - PAGE_VIEW_SUMMARY  

BEGIN
Time: 0 hrs, 0 mins, 0 secs, 548 ms
SET
Time: 0 hrs, 0 mins, 0 secs, 12 ms
TRUNCATE
Time: 0 hrs, 0 mins, 1 secs, 38 ms
INSERT 0 124819
Time: 0 hrs, 0 mins, 4 secs, 676 ms
 count(1) 
----------
   124819
(1 row)

Time: 0 hrs, 0 mins, 0 secs, 390 ms
ANALYZE
Time: 0 hrs, 0 mins, 0 secs, 107 ms
END
Time: 0 hrs, 0 mins, 0 secs, 641 ms
Thu Nov 25 08:53:46 EST 2010
-------------------------------------
Processing for 20101124
-------------------------------------

Fri Nov 26 08:49:05 EST 2010

Timing is on.

           000 - INIT

BEGIN
Time: 0 hrs, 0 mins, 0 secs, 570 ms
*** Truncating staging tables before workflow starts ***
SET
Time: 0 hrs, 0 mins, 0 secs, 11 ms
TRUNCATE
Time: 0 hrs, 0 mins, 0 secs, 802 ms
TRUNCATE
Time: 0 hrs, 0 mins, 0 secs, 125 ms
TRUNCATE
Time: 0 hrs, 0 mins, 0 secs, 80 ms
TRUNCATE
Time: 0 hrs, 0 mins, 0 secs, 76 ms
TRUNCATE
Time: 0 hrs, 0 mins, 0 secs, 74 ms
TRUNCATE
Time: 0 hrs, 0 mins, 0 secs, 110 ms
TRUNCATE
Time: 0 hrs, 0 mins, 0 secs, 136 ms
END
Time: 0 hrs, 0 mins, 1 secs, 436 ms

Fri Nov 26 08:49:09 EST 2010

Timing is on.

            200 - LOAD_BN_IISLOGS   

BEGIN
Time: 0 hrs, 0 mins, 0 secs, 592 ms
SET
Time: 0 hrs, 0 mins, 0 secs, 10 ms
TRUNCATE
Time: 0 hrs, 0 mins, 1 secs, 340 ms
INSERT 0 49643639
Time: 0 hrs, 8 mins, 36 secs, 876 ms
END
Time: 0 hrs, 0 mins, 1 secs, 430 ms

Fri Nov 26 08:57:49 EST 2010

Timing is on.
BEGIN
Time: 0 hrs, 0 mins, 1 secs, 146 ms
SET
Time: 0 hrs, 0 mins, 0 secs, 11 ms

            250 - LOAD_BN_HITS_SP   

TRUNCATE
Time: 0 hrs, 0 mins, 0 secs, 708 ms
INSERT 0 13659050
Time: 0 hrs, 4 mins, 52 secs, 320 ms
ANALYZE
Time: 0 hrs, 0 mins, 3 secs, 752 ms
END
Time: 0 hrs, 0 mins, 1 secs, 929 ms

Fri Nov 26 09:02:49 EST 2010

Timing is on.
BEGIN
Time: 0 hrs, 0 mins, 0 secs, 549 ms
SET
Time: 0 hrs, 0 mins, 0 secs, 12 ms

           300 - DYNAMIC FILTER

INSERT 0 13541436
Time: 0 hrs, 0 mins, 2 secs, 654 ms
ANALYZE
Time: 0 hrs, 0 mins, 0 secs, 288 ms
 Total records in web_click_cnt 
--------------------------------
                       13541436
(1 row)

Time: 0 hrs, 0 mins, 0 secs, 293 ms
CREATE TABLE
Time: 0 hrs, 0 mins, 1 secs, 560 ms
ANALYZE
Time: 0 hrs, 0 mins, 0 secs, 97 ms
CREATE TABLE
Time: 0 hrs, 0 mins, 0 secs, 352 ms
ANALYZE
Time: 0 hrs, 0 mins, 0 secs, 91 ms
DELETE 1
Time: 0 hrs, 0 mins, 0 secs, 129 ms
INSERT 0 1
Time: 0 hrs, 0 mins, 0 secs, 262 ms
DELETE 1
Time: 0 hrs, 0 mins, 0 secs, 101 ms
INSERT 0 1
Time: 0 hrs, 0 mins, 0 secs, 439 ms
CREATE TABLE
Time: 0 hrs, 0 mins, 1 secs, 997 ms
ANALYZE
Time: 0 hrs, 0 mins, 0 secs, 124 ms
CREATE TABLE
Time: 0 hrs, 0 mins, 0 secs, 673 ms
ANALYZE
Time: 0 hrs, 0 mins, 0 secs, 98 ms
DELETE 1
Time: 0 hrs, 0 mins, 0 secs, 103 ms
INSERT 0 1
Time: 0 hrs, 0 mins, 0 secs, 250 ms
DELETE 1
Time: 0 hrs, 0 mins, 0 secs, 106 ms
INSERT 0 1
Time: 0 hrs, 0 mins, 0 secs, 444 ms
ANALYZE
Time: 0 hrs, 0 mins, 0 secs, 63 ms
    tablename     |    attr_name    | attr_value 
------------------+-----------------+------------
 BN_FILTER_SPIDER | CLK_USER_SD_MPL | 10
 BN_FILTER_SPIDER | IP_USER_SD_MPL  | 1
 BN_FILTER_SPIDER | IP_USER_RATIO   | .955
 BN_FILTER_SPIDER | CLK_USER_MEAN   | 11.062
 BN_FILTER_SPIDER | CLK_USER_SD     | 30.536
 BN_FILTER_SPIDER | IP_USER_MEAN    | 9.540
 BN_FILTER_SPIDER | IP_USER_SD      | 1068.749
(7 rows)

Time: 0 hrs, 0 mins, 0 secs, 204 ms
CREATE TABLE
Time: 0 hrs, 0 mins, 2 secs, 562 ms
CREATE TABLE
Time: 0 hrs, 0 mins, 0 secs, 458 ms
 l_mean_sd_mpl 
---------------
       316.422
(1 row)

Time: 0 hrs, 0 mins, 0 secs, 162 ms
INSERT 0 1453
Time: 0 hrs, 0 mins, 5 secs, 753 ms
ANALYZE
Time: 0 hrs, 0 mins, 0 secs, 233 ms
 Total click_user bn_spider_ip records 
---------------------------------------
                                  1453
(1 row)

Time: 0 hrs, 0 mins, 0 secs, 74 ms
CREATE TABLE
Time: 0 hrs, 0 mins, 2 secs, 76 ms
ANALYZE
Time: 0 hrs, 0 mins, 0 secs, 101 ms
CREATE TABLE
Time: 0 hrs, 0 mins, 2 secs, 361 ms
ANALYZE
Time: 0 hrs, 0 mins, 0 secs, 103 ms
DROP 
Time: 0 hrs, 0 mins, 0 secs, 277 ms
CREATE TABLE
Time: 0 hrs, 0 mins, 1 secs, 35 ms
 l_mean_sd_mpl | l_ratio 
---------------+---------
      1078.289 |   0.955
(1 row)

Time: 0 hrs, 0 mins, 1 secs, 21 ms
INSERT 0 9614520
Time: 0 hrs, 0 mins, 3 secs, 538 ms
ANALYZE
Time: 0 hrs, 0 mins, 0 secs, 209 ms
 Total ip_user_filter bn_spider_ip records 
-------------------------------------------
                                   9614520
(1 row)

Time: 0 hrs, 0 mins, 0 secs, 594 ms
INSERT 0 25229650
Time: 0 hrs, 0 mins, 33 secs, 151 ms
ANALYZE
Time: 0 hrs, 0 mins, 2 secs, 336 ms
 bn_hits_stage 
---------------
      25229650
(1 row)

Time: 0 hrs, 0 mins, 0 secs, 228 ms
INSERT 0 10754939
Time: 0 hrs, 0 mins, 31 secs, 513 ms
ANALYZE
Time: 0 hrs, 0 mins, 12 secs, 966 ms
 bn_hits_sp_20101124 
---------------------
            24413989
(1 row)

Time: 0 hrs, 0 mins, 24 secs, 67 ms
END
Time: 0 hrs, 0 mins, 1 secs, 411 ms

Fri Nov 26 09:05:07 EST 2010

Timing is on.
BEGIN
Time: 0 hrs, 0 mins, 0 secs, 763 ms

           600 - LOAD RESOURCES

SET
Time: 0 hrs, 0 mins, 0 secs, 10 ms
CREATE TABLE
Time: 0 hrs, 0 mins, 7 secs, 361 ms
ANALYZE
Time: 0 hrs, 0 mins, 0 secs, 447 ms
 count(1) 
----------
   124604
(1 row)

Time: 0 hrs, 0 mins, 0 secs, 119 ms
UPDATE 14
Time: 0 hrs, 0 mins, 4 secs, 795 ms
ANALYZE
Time: 0 hrs, 0 mins, 0 secs, 558 ms
INSERT 0 1
Time: 0 hrs, 0 mins, 5 secs, 811 ms

Time: 0 hrs, 0 mins, 0 secs, 11 ms
ANALYZE
Time: 0 hrs, 0 mins, 0 secs, 703 ms
END
Time: 0 hrs, 0 mins, 0 secs, 855 ms
VACUUM
Time: 0 hrs, 0 mins, 4 secs, 318 ms

Fri Nov 26 09:05:32 EST 2010

Timing is on.

           650 - LOAD_BN_SESSION_STAGE

BEGIN
Time: 0 hrs, 0 mins, 0 secs, 587 ms
SET
Time: 0 hrs, 0 mins, 0 secs, 11 ms
CREATE TABLE
Time: 0 hrs, 1 mins, 10 secs, 397 ms
ANALYZE
Time: 0 hrs, 0 mins, 2 secs, 241 ms
INSERT 0 4067149
Time: 0 hrs, 0 mins, 51 secs, 136 ms
ANALYZE
Time: 0 hrs, 0 mins, 1 secs, 561 ms
CREATE TABLE
Time: 0 hrs, 0 mins, 20 secs, 998 ms
ANALYZE
Time: 0 hrs, 0 mins, 0 secs, 233 ms
CREATE TABLE
Time: 0 hrs, 0 mins, 49 secs, 18 ms
ANALYZE
Time: 0 hrs, 0 mins, 0 secs, 747 ms
INSERT 0 3700459
Time: 0 hrs, 0 mins, 30 secs, 390 ms
 bn_session_stage 
------------------
          3700459
(1 row)

Time: 0 hrs, 0 mins, 0 secs, 168 ms
ANALYZE
Time: 0 hrs, 0 mins, 1 secs, 217 ms
END
Time: 0 hrs, 0 mins, 6 secs, 252 ms

Fri Nov 26 09:09:28 EST 2010

BEGIN

           660 - LOAD_BN_SESSION_UPDATE_STAGE

SET
INSERT 0 5320085
END

Fri Nov 26 09:09:31 EST 2010

Timing is on.

           670 - LOAD_BN_SESSION_20101124.UPDATES

BEGIN
Time: 0 hrs, 0 mins, 0 secs, 770 ms
SET
Time: 0 hrs, 0 mins, 0 secs, 12 ms
UPDATE 3681012
Time: 0 hrs, 0 mins, 2 secs, 78 ms
END
Time: 0 hrs, 0 mins, 1 secs, 532 ms
VACUUM
Time: 0 hrs, 0 mins, 4 secs, 255 ms

Fri Nov 26 09:09:40 EST 2010

Timing is on.

           700 - LOAD_BN_SESSION

BEGIN
Time: 0 hrs, 0 mins, 0 secs, 890 ms
SET
Time: 0 hrs, 0 mins, 0 secs, 11 ms
INSERT 0 18161
Time: 0 hrs, 0 mins, 9 secs, 445 ms
ANALYZE
Time: 0 hrs, 0 mins, 1 secs, 359 ms
END
Time: 0 hrs, 0 mins, 0 secs, 717 ms

Fri Nov 26 09:09:53 EST 2010

Timing is on.

            750 - LOAD_BN_SESSION_SUMMARY   

BEGIN
Time: 0 hrs, 0 mins, 0 secs, 557 ms
SET
Time: 0 hrs, 0 mins, 0 secs, 11 ms
CREATE TABLE
Time: 0 hrs, 0 mins, 4 secs, 654 ms
TRUNCATE
Time: 0 hrs, 0 mins, 0 secs, 366 ms
INSERT 0 5606
Time: 0 hrs, 0 mins, 0 secs, 803 ms
ANALYZE
Time: 0 hrs, 0 mins, 0 secs, 163 ms
 count(1) 
----------
     5606
(1 row)

Time: 0 hrs, 0 mins, 0 secs, 107 ms
END
Time: 0 hrs, 0 mins, 1 secs, 49 ms

Fri Nov 26 09:10:01 EST 2010

Timing is on.

           800 - LOAD_BN_HITS

BEGIN
Time: 0 hrs, 0 mins, 0 secs, 634 ms
SET
Time: 0 hrs, 0 mins, 0 secs, 14 ms
TRUNCATE
Time: 0 hrs, 0 mins, 0 secs, 592 ms
INSERT 0 18667756
Time: 0 hrs, 0 mins, 27 secs, 846 ms
 count(1) 
----------
 18667756
(1 row)

Time: 0 hrs, 0 mins, 0 secs, 343 ms
ANALYZE
Time: 0 hrs, 0 mins, 2 secs, 555 ms
END
Time: 0 hrs, 0 mins, 0 secs, 855 ms

Fri Nov 26 09:10:34 EST 2010

Timing is on.

            900 - LOAD_CLICKSTREAM   

BEGIN
Time: 0 hrs, 0 mins, 0 secs, 544 ms
SET
Time: 0 hrs, 0 mins, 0 secs, 13 ms
TRUNCATE
Time: 0 hrs, 0 mins, 1 secs, 949 ms
INSERT 0 18667756
Time: 0 hrs, 1 mins, 12 secs, 594 ms
 count(1) 
----------
 18667756
(1 row)

Time: 0 hrs, 0 mins, 9 secs, 646 ms
ANALYZE
Time: 0 hrs, 0 mins, 1 secs, 157 ms
END
Time: 0 hrs, 0 mins, 17 secs, 903 ms

Fri Nov 26 09:12:18 EST 2010

Timing is on.

            1000 - PAGE_VIEW_SUMMARY  

BEGIN
Time: 0 hrs, 0 mins, 1 secs, 221 ms
SET
Time: 0 hrs, 0 mins, 0 secs, 9 ms
TRUNCATE
Time: 0 hrs, 0 mins, 2 secs, 705 ms
INSERT 0 124817
Time: 0 hrs, 0 mins, 13 secs, 633 ms
 count(1) 
----------
   124817
(1 row)

Time: 0 hrs, 0 mins, 0 secs, 908 ms
ANALYZE
Time: 0 hrs, 0 mins, 0 secs, 339 ms
END
Time: 0 hrs, 0 mins, 53 secs, 589 ms
Fri Nov 26 09:13:31 EST 2010
