-------------------------------------
Processing for 20101127
-------------------------------------

Sun Nov 28 08:30:11 EST 2010

Timing is on.

           000 - INIT

BEGIN
Time: 0 hrs, 0 mins, 0 secs, 633 ms
*** Truncating staging tables before workflow starts ***
SET
Time: 0 hrs, 0 mins, 0 secs, 17 ms
TRUNCATE
Time: 0 hrs, 0 mins, 0 secs, 724 ms
TRUNCATE
Time: 0 hrs, 0 mins, 0 secs, 646 ms
TRUNCATE
Time: 0 hrs, 0 mins, 0 secs, 141 ms
TRUNCATE
Time: 0 hrs, 0 mins, 0 secs, 222 ms
TRUNCATE
Time: 0 hrs, 0 mins, 0 secs, 96 ms
TRUNCATE
Time: 0 hrs, 0 mins, 0 secs, 139 ms
TRUNCATE
Time: 0 hrs, 0 mins, 0 secs, 230 ms
END
Time: 0 hrs, 0 mins, 5 secs, 502 ms

Sun Nov 28 08:30:20 EST 2010

Timing is on.

            200 - LOAD_BN_IISLOGS   

BEGIN
Time: 0 hrs, 0 mins, 0 secs, 560 ms
SET
Time: 0 hrs, 0 mins, 0 secs, 15 ms
TRUNCATE
Time: 0 hrs, 0 mins, 0 secs, 512 ms
INSERT 0 57609501
Time: 0 hrs, 11 mins, 19 secs, 469 ms
END
Time: 0 hrs, 0 mins, 1 secs, 248 ms

Sun Nov 28 08:41:42 EST 2010

Timing is on.
BEGIN
Time: 0 hrs, 0 mins, 2 secs, 272 ms
SET
Time: 0 hrs, 0 mins, 0 secs, 11 ms

            250 - LOAD_BN_HITS_SP   

TRUNCATE
Time: 0 hrs, 0 mins, 1 secs, 849 ms
INSERT 0 14433409
Time: 0 hrs, 5 mins, 30 secs, 219 ms
ANALYZE
Time: 0 hrs, 0 mins, 5 secs, 445 ms
END
Time: 0 hrs, 0 mins, 1 secs, 494 ms

Sun Nov 28 08:47:23 EST 2010

Timing is on.
BEGIN
Time: 0 hrs, 0 mins, 0 secs, 753 ms
SET
Time: 0 hrs, 0 mins, 0 secs, 11 ms

           300 - DYNAMIC FILTER

INSERT 0 14059586
Time: 0 hrs, 0 mins, 2 secs, 726 ms
ANALYZE
Time: 0 hrs, 0 mins, 0 secs, 330 ms
 Total records in web_click_cnt 
--------------------------------
                       14059586
(1 row)

Time: 0 hrs, 0 mins, 0 secs, 341 ms
CREATE TABLE
Time: 0 hrs, 0 mins, 2 secs, 202 ms
ANALYZE
Time: 0 hrs, 0 mins, 0 secs, 132 ms
CREATE TABLE
Time: 0 hrs, 0 mins, 2 secs, 95 ms
ANALYZE
Time: 0 hrs, 0 mins, 0 secs, 125 ms
DELETE 1
Time: 0 hrs, 0 mins, 0 secs, 199 ms
INSERT 0 1
Time: 0 hrs, 0 mins, 0 secs, 340 ms
DELETE 1
Time: 0 hrs, 0 mins, 0 secs, 89 ms
INSERT 0 1
Time: 0 hrs, 0 mins, 0 secs, 256 ms
CREATE TABLE
Time: 0 hrs, 0 mins, 1 secs, 882 ms
ANALYZE
Time: 0 hrs, 0 mins, 0 secs, 121 ms
CREATE TABLE
Time: 0 hrs, 0 mins, 0 secs, 243 ms
ANALYZE
Time: 0 hrs, 0 mins, 0 secs, 103 ms
DELETE 1
Time: 0 hrs, 0 mins, 0 secs, 104 ms
INSERT 0 1
Time: 0 hrs, 0 mins, 0 secs, 627 ms
DELETE 1
Time: 0 hrs, 0 mins, 0 secs, 82 ms
INSERT 0 1
Time: 0 hrs, 0 mins, 0 secs, 335 ms
ANALYZE
Time: 0 hrs, 0 mins, 0 secs, 39 ms
    tablename     |    attr_name    | attr_value 
------------------+-----------------+------------
 BN_FILTER_SPIDER | CLK_USER_SD_MPL | 10
 BN_FILTER_SPIDER | IP_USER_SD_MPL  | 1
 BN_FILTER_SPIDER | IP_USER_RATIO   | .955
 BN_FILTER_SPIDER | CLK_USER_MEAN   | 13.935
 BN_FILTER_SPIDER | CLK_USER_SD     | 34.225
 BN_FILTER_SPIDER | IP_USER_MEAN    | 9.607
 BN_FILTER_SPIDER | IP_USER_SD      | 1029.546
(7 rows)

Time: 0 hrs, 0 mins, 0 secs, 370 ms
CREATE TABLE
Time: 0 hrs, 0 mins, 3 secs, 356 ms
CREATE TABLE
Time: 0 hrs, 0 mins, 0 secs, 188 ms
 l_mean_sd_mpl 
---------------
       356.185
(1 row)

Time: 0 hrs, 0 mins, 0 secs, 789 ms
INSERT 0 1509
Time: 0 hrs, 0 mins, 5 secs, 762 ms
ANALYZE
Time: 0 hrs, 0 mins, 0 secs, 45 ms
 Total click_user bn_spider_ip records 
---------------------------------------
                                  1509
(1 row)

Time: 0 hrs, 0 mins, 0 secs, 81 ms
CREATE TABLE
Time: 0 hrs, 0 mins, 1 secs, 495 ms
ANALYZE
Time: 0 hrs, 0 mins, 0 secs, 86 ms
CREATE TABLE
Time: 0 hrs, 0 mins, 1 secs, 523 ms
ANALYZE
Time: 0 hrs, 0 mins, 0 secs, 112 ms
DROP 
Time: 0 hrs, 0 mins, 0 secs, 297 ms
CREATE TABLE
Time: 0 hrs, 0 mins, 0 secs, 366 ms
 l_mean_sd_mpl | l_ratio 
---------------+---------
      1039.153 |   0.955
(1 row)

Time: 0 hrs, 0 mins, 0 secs, 251 ms
INSERT 0 10043341
Time: 0 hrs, 0 mins, 3 secs, 971 ms
ANALYZE
Time: 0 hrs, 0 mins, 0 secs, 661 ms
 Total ip_user_filter bn_spider_ip records 
-------------------------------------------
                                  10043341
(1 row)

Time: 0 hrs, 0 mins, 0 secs, 438 ms
INSERT 0 31633657
Time: 0 hrs, 0 mins, 33 secs, 533 ms
ANALYZE
Time: 0 hrs, 0 mins, 3 secs, 83 ms
 bn_hits_stage 
---------------
      31633657
(1 row)

Time: 0 hrs, 0 mins, 0 secs, 306 ms
INSERT 0 11542435
Time: 0 hrs, 0 mins, 41 secs, 69 ms
ANALYZE
Time: 0 hrs, 0 mins, 14 secs, 331 ms
 bn_hits_sp_20101127 
---------------------
            25975844
(1 row)

Time: 0 hrs, 0 mins, 23 secs, 441 ms
END
Time: 0 hrs, 0 mins, 1 secs, 122 ms

Sun Nov 28 08:49:53 EST 2010

Timing is on.
BEGIN
Time: 0 hrs, 0 mins, 1 secs, 754 ms

           600 - LOAD RESOURCES

SET
Time: 0 hrs, 0 mins, 0 secs, 9 ms
CREATE TABLE
Time: 0 hrs, 0 mins, 10 secs, 685 ms
ANALYZE
Time: 0 hrs, 0 mins, 0 secs, 464 ms
 count(1) 
----------
   190132
(1 row)

Time: 0 hrs, 0 mins, 0 secs, 374 ms
UPDATE 12
Time: 0 hrs, 0 mins, 7 secs, 41 ms
ANALYZE
Time: 0 hrs, 0 mins, 1 secs, 198 ms
INSERT 0 135623
Time: 0 hrs, 0 mins, 8 secs, 140 ms

Time: 0 hrs, 0 mins, 0 secs, 11 ms
ANALYZE
Time: 0 hrs, 0 mins, 1 secs, 420 ms
END
Time: 0 hrs, 0 mins, 1 secs, 665 ms
VACUUM
Time: 0 hrs, 0 mins, 6 secs, 151 ms

Sun Nov 28 08:50:32 EST 2010

Timing is on.

           650 - LOAD_BN_SESSION_STAGE

BEGIN
Time: 0 hrs, 0 mins, 0 secs, 532 ms
SET
Time: 0 hrs, 0 mins, 0 secs, 10 ms
CREATE TABLE
Time: 0 hrs, 1 mins, 16 secs, 622 ms
ANALYZE
Time: 0 hrs, 0 mins, 2 secs, 750 ms
INSERT 0 4381973
Time: 0 hrs, 0 mins, 51 secs, 186 ms
ANALYZE
Time: 0 hrs, 0 mins, 1 secs, 214 ms
CREATE TABLE
Time: 0 hrs, 0 mins, 22 secs, 34 ms
ANALYZE
Time: 0 hrs, 0 mins, 0 secs, 239 ms
CREATE TABLE
Time: 0 hrs, 0 mins, 47 secs, 721 ms
ANALYZE
Time: 0 hrs, 0 mins, 0 secs, 798 ms
INSERT 0 3942034
Time: 0 hrs, 0 mins, 56 secs, 380 ms
 bn_session_stage 
------------------
          3942034
(1 row)

Time: 0 hrs, 0 mins, 0 secs, 318 ms
ANALYZE
Time: 0 hrs, 0 mins, 1 secs, 321 ms
END
Time: 0 hrs, 0 mins, 1 secs, 631 ms

Sun Nov 28 08:54:55 EST 2010

BEGIN

           660 - LOAD_BN_SESSION_UPDATE_STAGE

SET
INSERT 0 0
END

Sun Nov 28 08:54:59 EST 2010

Timing is on.

           670 - LOAD_BN_SESSION_20101127.UPDATES

BEGIN
Time: 0 hrs, 0 mins, 0 secs, 519 ms
SET
Time: 0 hrs, 0 mins, 0 secs, 10 ms
UPDATE 0
Time: 0 hrs, 0 mins, 0 secs, 377 ms
END
Time: 0 hrs, 0 mins, 0 secs, 819 ms
VACUUM
Time: 0 hrs, 0 mins, 1 secs, 847 ms

Sun Nov 28 08:55:03 EST 2010

Timing is on.

           700 - LOAD_BN_SESSION

BEGIN
Time: 0 hrs, 0 mins, 0 secs, 861 ms
SET
Time: 0 hrs, 0 mins, 0 secs, 8 ms
INSERT 0 3942034
Time: 0 hrs, 0 mins, 13 secs, 270 ms
ANALYZE
Time: 0 hrs, 0 mins, 1 secs, 190 ms
END
Time: 0 hrs, 0 mins, 1 secs, 113 ms

Sun Nov 28 08:55:19 EST 2010

Timing is on.

            750 - LOAD_BN_SESSION_SUMMARY   

BEGIN
Time: 0 hrs, 0 mins, 0 secs, 569 ms
SET
Time: 0 hrs, 0 mins, 0 secs, 14 ms
CREATE TABLE
Time: 0 hrs, 0 mins, 7 secs, 590 ms
TRUNCATE
Time: 0 hrs, 0 mins, 0 secs, 886 ms
INSERT 0 321899
Time: 0 hrs, 0 mins, 3 secs, 790 ms
ANALYZE
Time: 0 hrs, 0 mins, 0 secs, 644 ms
 count(1) 
----------
   321899
(1 row)

Time: 0 hrs, 0 mins, 0 secs, 86 ms
END
Time: 0 hrs, 0 mins, 1 secs, 352 ms

Sun Nov 28 08:55:35 EST 2010

Timing is on.

           800 - LOAD_BN_HITS

BEGIN
Time: 0 hrs, 0 mins, 0 secs, 545 ms
SET
Time: 0 hrs, 0 mins, 0 secs, 11 ms
TRUNCATE
Time: 0 hrs, 0 mins, 1 secs, 55 ms
INSERT 0 22623486
Time: 0 hrs, 0 mins, 28 secs, 613 ms
 count(1) 
----------
 22623486
(1 row)

Time: 0 hrs, 0 mins, 0 secs, 752 ms
ANALYZE
Time: 0 hrs, 0 mins, 2 secs, 280 ms
END
Time: 0 hrs, 0 mins, 1 secs, 283 ms

Sun Nov 28 08:56:09 EST 2010

Timing is on.

            900 - LOAD_CLICKSTREAM   

BEGIN
Time: 0 hrs, 0 mins, 0 secs, 570 ms
SET
Time: 0 hrs, 0 mins, 0 secs, 14 ms
TRUNCATE
Time: 0 hrs, 0 mins, 1 secs, 356 ms
INSERT 0 22623486
Time: 0 hrs, 1 mins, 4 secs, 318 ms
 count(1) 
----------
 22623486
(1 row)

Time: 0 hrs, 0 mins, 0 secs, 433 ms
ANALYZE
Time: 0 hrs, 0 mins, 0 secs, 937 ms
END
Time: 0 hrs, 0 mins, 1 secs, 283 ms

Sun Nov 28 08:57:18 EST 2010

Timing is on.

            1000 - PAGE_VIEW_SUMMARY  

BEGIN
Time: 0 hrs, 0 mins, 0 secs, 566 ms
SET
Time: 0 hrs, 0 mins, 0 secs, 11 ms
TRUNCATE
Time: 0 hrs, 0 mins, 0 secs, 888 ms
INSERT 0 191633
Time: 0 hrs, 0 mins, 3 secs, 725 ms
 count(1) 
----------
   191633
(1 row)

Time: 0 hrs, 0 mins, 0 secs, 87 ms
ANALYZE
Time: 0 hrs, 0 mins, 0 secs, 97 ms
END
Time: 0 hrs, 0 mins, 1 secs, 384 ms
Sun Nov 28 08:57:25 EST 2010
-------------------------------------
Processing for 20101127
-------------------------------------

Mon Nov 29 09:00:55 EST 2010

Timing is on.

           000 - INIT

BEGIN
Time: 0 hrs, 0 mins, 0 secs, 589 ms
*** Truncating staging tables before workflow starts ***
SET
Time: 0 hrs, 0 mins, 0 secs, 10 ms
TRUNCATE
Time: 0 hrs, 0 mins, 0 secs, 463 ms
TRUNCATE
Time: 0 hrs, 0 mins, 4 secs, 233 ms
TRUNCATE
Time: 0 hrs, 0 mins, 0 secs, 281 ms
TRUNCATE
Time: 0 hrs, 0 mins, 0 secs, 244 ms
TRUNCATE
Time: 0 hrs, 0 mins, 0 secs, 937 ms
TRUNCATE
Time: 0 hrs, 0 mins, 0 secs, 393 ms
TRUNCATE
Time: 0 hrs, 0 mins, 2 secs, 215 ms
END
Time: 0 hrs, 0 mins, 7 secs, 214 ms

Mon Nov 29 09:01:12 EST 2010

Timing is on.

            200 - LOAD_BN_IISLOGS   

BEGIN
Time: 0 hrs, 0 mins, 0 secs, 585 ms
SET
Time: 0 hrs, 0 mins, 0 secs, 11 ms
TRUNCATE
Time: 0 hrs, 0 mins, 1 secs, 192 ms
INSERT 0 57609752
Time: 0 hrs, 12 mins, 22 secs, 967 ms
END
Time: 0 hrs, 0 mins, 11 secs, 89 ms

Mon Nov 29 09:13:48 EST 2010

Timing is on.
BEGIN
Time: 0 hrs, 0 mins, 0 secs, 607 ms
SET
Time: 0 hrs, 0 mins, 0 secs, 10 ms

            250 - LOAD_BN_HITS_SP   

TRUNCATE
Time: 0 hrs, 0 mins, 8 secs, 390 ms
INSERT 0 14433464
Time: 0 hrs, 5 mins, 27 secs, 129 ms
ANALYZE
Time: 0 hrs, 0 mins, 5 secs, 526 ms
END
Time: 0 hrs, 0 mins, 8 secs, 493 ms

Mon Nov 29 09:19:39 EST 2010

Timing is on.
BEGIN
Time: 0 hrs, 0 mins, 0 secs, 558 ms
SET
Time: 0 hrs, 0 mins, 0 secs, 15 ms

           300 - DYNAMIC FILTER

INSERT 0 14059611
Time: 0 hrs, 0 mins, 4 secs, 240 ms
ANALYZE
Time: 0 hrs, 0 mins, 0 secs, 328 ms
 Total records in web_click_cnt 
--------------------------------
                       14059611
(1 row)

Time: 0 hrs, 0 mins, 0 secs, 208 ms
CREATE TABLE
Time: 0 hrs, 0 mins, 1 secs, 935 ms
ANALYZE
Time: 0 hrs, 0 mins, 0 secs, 155 ms
CREATE TABLE
Time: 0 hrs, 0 mins, 0 secs, 535 ms
ANALYZE
Time: 0 hrs, 0 mins, 0 secs, 112 ms
DELETE 1
Time: 0 hrs, 0 mins, 0 secs, 112 ms
INSERT 0 1
Time: 0 hrs, 0 mins, 0 secs, 241 ms
DELETE 1
Time: 0 hrs, 0 mins, 0 secs, 104 ms
INSERT 0 1
Time: 0 hrs, 0 mins, 0 secs, 469 ms
CREATE TABLE
Time: 0 hrs, 0 mins, 2 secs, 685 ms
ANALYZE
Time: 0 hrs, 0 mins, 0 secs, 117 ms
CREATE TABLE
Time: 0 hrs, 0 mins, 0 secs, 772 ms
ANALYZE
Time: 0 hrs, 0 mins, 0 secs, 137 ms
DELETE 1
Time: 0 hrs, 0 mins, 0 secs, 114 ms
INSERT 0 1
Time: 0 hrs, 0 mins, 0 secs, 379 ms
DELETE 1
Time: 0 hrs, 0 mins, 0 secs, 100 ms
INSERT 0 1
Time: 0 hrs, 0 mins, 0 secs, 543 ms
ANALYZE
Time: 0 hrs, 0 mins, 0 secs, 97 ms
    tablename     |    attr_name    | attr_value 
------------------+-----------------+------------
 BN_FILTER_SPIDER | CLK_USER_SD_MPL | 10
 BN_FILTER_SPIDER | IP_USER_SD_MPL  | 1
 BN_FILTER_SPIDER | IP_USER_RATIO   | .955
 BN_FILTER_SPIDER | CLK_USER_MEAN   | 13.935
 BN_FILTER_SPIDER | CLK_USER_SD     | 34.225
 BN_FILTER_SPIDER | IP_USER_MEAN    | 9.607
 BN_FILTER_SPIDER | IP_USER_SD      | 1029.544
(7 rows)

Time: 0 hrs, 0 mins, 0 secs, 750 ms
CREATE TABLE
Time: 0 hrs, 0 mins, 3 secs, 942 ms
CREATE TABLE
Time: 0 hrs, 0 mins, 0 secs, 436 ms
 l_mean_sd_mpl 
---------------
       356.185
(1 row)

Time: 0 hrs, 0 mins, 0 secs, 406 ms
INSERT 0 1509
Time: 0 hrs, 0 mins, 6 secs, 504 ms
ANALYZE
Time: 0 hrs, 0 mins, 0 secs, 112 ms
 Total click_user bn_spider_ip records 
---------------------------------------
                                  1509
(1 row)

Time: 0 hrs, 0 mins, 0 secs, 56 ms
CREATE TABLE
Time: 0 hrs, 0 mins, 2 secs, 765 ms
ANALYZE
Time: 0 hrs, 0 mins, 0 secs, 65 ms
CREATE TABLE
Time: 0 hrs, 0 mins, 1 secs, 290 ms
ANALYZE
Time: 0 hrs, 0 mins, 0 secs, 119 ms
DROP 
Time: 0 hrs, 0 mins, 0 secs, 281 ms
CREATE TABLE
Time: 0 hrs, 0 mins, 0 secs, 220 ms
 l_mean_sd_mpl | l_ratio 
---------------+---------
      1039.151 |   0.955
(1 row)

Time: 0 hrs, 0 mins, 0 secs, 174 ms
INSERT 0 10043347
Time: 0 hrs, 0 mins, 3 secs, 91 ms
ANALYZE
Time: 0 hrs, 0 mins, 0 secs, 398 ms
 Total ip_user_filter bn_spider_ip records 
-------------------------------------------
                                  10043347
(1 row)

Time: 0 hrs, 0 mins, 0 secs, 245 ms
INSERT 0 31633845
Time: 0 hrs, 0 mins, 37 secs, 726 ms
ANALYZE
Time: 0 hrs, 0 mins, 2 secs, 789 ms
 bn_hits_stage 
---------------
      31633845
(1 row)

Time: 0 hrs, 0 mins, 0 secs, 361 ms
INSERT 0 11542443
Time: 0 hrs, 0 mins, 46 secs, 436 ms
ANALYZE
Time: 0 hrs, 0 mins, 16 secs, 468 ms
 bn_hits_sp_20101127 
---------------------
            25975907
(1 row)

Time: 0 hrs, 0 mins, 27 secs, 86 ms
END
Time: 0 hrs, 0 mins, 1 secs, 384 ms

Mon Nov 29 09:22:26 EST 2010

Timing is on.
BEGIN
Time: 0 hrs, 0 mins, 1 secs, 122 ms

           600 - LOAD RESOURCES

SET
Time: 0 hrs, 0 mins, 0 secs, 10 ms
CREATE TABLE
Time: 0 hrs, 0 mins, 13 secs, 533 ms
ANALYZE
Time: 0 hrs, 0 mins, 0 secs, 743 ms
 count(1) 
----------
   190133
(1 row)

Time: 0 hrs, 0 mins, 0 secs, 284 ms
UPDATE 14
Time: 0 hrs, 0 mins, 9 secs, 715 ms
ANALYZE
Time: 0 hrs, 0 mins, 2 secs, 153 ms
INSERT 0 0
Time: 0 hrs, 0 mins, 8 secs, 658 ms

Time: 0 hrs, 0 mins, 0 secs, 10 ms
ANALYZE
Time: 0 hrs, 0 mins, 0 secs, 667 ms
END
Time: 0 hrs, 0 mins, 1 secs, 17 ms
VACUUM
Time: 0 hrs, 0 mins, 8 secs, 374 ms

Mon Nov 29 09:23:13 EST 2010

Timing is on.

           650 - LOAD_BN_SESSION_STAGE

BEGIN
Time: 0 hrs, 0 mins, 0 secs, 694 ms
SET
Time: 0 hrs, 0 mins, 0 secs, 12 ms
CREATE TABLE
Time: 0 hrs, 1 mins, 7 secs, 161 ms
ANALYZE
Time: 0 hrs, 0 mins, 2 secs, 282 ms
INSERT 0 4381999
Time: 0 hrs, 0 mins, 54 secs, 717 ms
ANALYZE
Time: 0 hrs, 0 mins, 3 secs, 997 ms
CREATE TABLE
Time: 0 hrs, 0 mins, 19 secs, 160 ms
ANALYZE
Time: 0 hrs, 0 mins, 0 secs, 241 ms
CREATE TABLE
Time: 0 hrs, 0 mins, 46 secs, 579 ms
ANALYZE
Time: 0 hrs, 0 mins, 0 secs, 871 ms
INSERT 0 3997936
Time: 0 hrs, 0 mins, 56 secs, 160 ms
 bn_session_stage 
------------------
          3997936
(1 row)

Time: 0 hrs, 0 mins, 0 secs, 316 ms
ANALYZE
Time: 0 hrs, 0 mins, 1 secs, 241 ms
END
Time: 0 hrs, 0 mins, 1 secs, 914 ms

Mon Nov 29 09:27:28 EST 2010

BEGIN

           660 - LOAD_BN_SESSION_UPDATE_STAGE

SET
INSERT 0 6390472
END

Mon Nov 29 09:27:34 EST 2010

Timing is on.

           670 - LOAD_BN_SESSION_20101127.UPDATES

BEGIN
Time: 0 hrs, 0 mins, 0 secs, 520 ms
SET
Time: 0 hrs, 0 mins, 0 secs, 11 ms
UPDATE 3926904
Time: 0 hrs, 0 mins, 2 secs, 232 ms
END
Time: 0 hrs, 0 mins, 1 secs, 998 ms
VACUUM
Time: 0 hrs, 0 mins, 2 secs, 906 ms

Mon Nov 29 09:27:42 EST 2010

Timing is on.

           700 - LOAD_BN_SESSION

BEGIN
Time: 0 hrs, 0 mins, 0 secs, 507 ms
SET
Time: 0 hrs, 0 mins, 0 secs, 11 ms
INSERT 0 59092
Time: 0 hrs, 0 mins, 8 secs, 795 ms
ANALYZE
Time: 0 hrs, 0 mins, 1 secs, 413 ms
END
Time: 0 hrs, 0 mins, 1 secs, 951 ms

Mon Nov 29 09:27:55 EST 2010

Timing is on.

            750 - LOAD_BN_SESSION_SUMMARY   

BEGIN
Time: 0 hrs, 0 mins, 0 secs, 562 ms
SET
Time: 0 hrs, 0 mins, 0 secs, 11 ms
CREATE TABLE
Time: 0 hrs, 0 mins, 6 secs, 572 ms
TRUNCATE
Time: 0 hrs, 0 mins, 0 secs, 648 ms
INSERT 0 14645
Time: 0 hrs, 0 mins, 1 secs, 425 ms
ANALYZE
Time: 0 hrs, 0 mins, 0 secs, 422 ms
 count(1) 
----------
    14645
(1 row)

Time: 0 hrs, 0 mins, 0 secs, 91 ms
END
Time: 0 hrs, 0 mins, 2 secs, 155 ms

Mon Nov 29 09:28:07 EST 2010

Timing is on.

           800 - LOAD_BN_HITS

BEGIN
Time: 0 hrs, 0 mins, 0 secs, 662 ms
SET
Time: 0 hrs, 0 mins, 0 secs, 10 ms
TRUNCATE
Time: 0 hrs, 0 mins, 1 secs, 391 ms
INSERT 0 23749531
Time: 0 hrs, 0 mins, 23 secs, 607 ms
 count(1) 
----------
 23749531
(1 row)

Time: 0 hrs, 0 mins, 2 secs, 556 ms
ANALYZE
Time: 0 hrs, 0 mins, 2 secs, 434 ms
END
Time: 0 hrs, 0 mins, 2 secs, 946 ms

Mon Nov 29 09:28:41 EST 2010

Timing is on.

            900 - LOAD_CLICKSTREAM   

BEGIN
Time: 0 hrs, 0 mins, 0 secs, 584 ms
SET
Time: 0 hrs, 0 mins, 0 secs, 10 ms
TRUNCATE
Time: 0 hrs, 0 mins, 6 secs, 18 ms
INSERT 0 23749531
Time: 0 hrs, 1 mins, 16 secs, 494 ms
 count(1) 
----------
 23749531
(1 row)

Time: 0 hrs, 0 mins, 0 secs, 317 ms
ANALYZE
Time: 0 hrs, 0 mins, 0 secs, 956 ms
END
Time: 0 hrs, 0 mins, 1 secs, 667 ms

Mon Nov 29 09:30:07 EST 2010

Timing is on.

            1000 - PAGE_VIEW_SUMMARY  

BEGIN
Time: 0 hrs, 0 mins, 1 secs, 455 ms
SET
Time: 0 hrs, 0 mins, 0 secs, 12 ms
TRUNCATE
Time: 0 hrs, 0 mins, 0 secs, 313 ms
INSERT 0 192239
Time: 0 hrs, 0 mins, 5 secs, 632 ms
 count(1) 
----------
   192239
(1 row)

Time: 0 hrs, 0 mins, 0 secs, 139 ms
ANALYZE
Time: 0 hrs, 0 mins, 0 secs, 92 ms
END
Time: 0 hrs, 0 mins, 1 secs, 537 ms
Mon Nov 29 09:30:17 EST 2010
