Checking for lock file /tmp/.iislock
Acquired lock file /tmp/.iislock
-------------------------------------
Processing for 20101231
-------------------------------------

Sat Jan 1 08:30:10 EST 2011

Timing is on.

           000 - INIT

BEGIN
Time: 0 hrs, 0 mins, 0 secs, 666 ms
*** Truncating staging tables before workflow starts ***
SET
Time: 0 hrs, 0 mins, 0 secs, 12 ms
TRUNCATE
Time: 0 hrs, 0 mins, 0 secs, 779 ms
TRUNCATE
Time: 0 hrs, 0 mins, 0 secs, 166 ms
TRUNCATE
Time: 0 hrs, 0 mins, 0 secs, 375 ms
TRUNCATE
Time: 0 hrs, 0 mins, 0 secs, 287 ms
TRUNCATE
Time: 0 hrs, 0 mins, 0 secs, 575 ms
TRUNCATE
Time: 0 hrs, 0 mins, 0 secs, 165 ms
TRUNCATE
Time: 0 hrs, 0 mins, 0 secs, 231 ms
END
Time: 0 hrs, 0 mins, 5 secs, 119 ms

Sat Jan 1 08:30:19 EST 2011

Timing is on.

            200 - LOAD_BN_IISLOGS   

BEGIN
Time: 0 hrs, 0 mins, 0 secs, 645 ms
SET
Time: 0 hrs, 0 mins, 0 secs, 12 ms
TRUNCATE
Time: 0 hrs, 0 mins, 0 secs, 265 ms
INSERT 0 32693419
Time: 0 hrs, 8 mins, 15 secs, 256 ms
END
Time: 0 hrs, 0 mins, 1 secs, 863 ms
ALTER TABLE
Time: 0 hrs, 8 mins, 18 secs, 762 ms

Sat Jan 1 08:46:56 EST 2011

Timing is on.
BEGIN
Time: 0 hrs, 0 mins, 0 secs, 710 ms
SET
Time: 0 hrs, 0 mins, 0 secs, 11 ms

            250 - LOAD_BN_HITS_SP   

TRUNCATE
Time: 0 hrs, 0 mins, 0 secs, 853 ms
INSERT 0 11570933
Time: 0 hrs, 2 mins, 57 secs, 734 ms
ANALYZE
Time: 0 hrs, 0 mins, 1 secs, 549 ms
END
Time: 0 hrs, 0 mins, 1 secs, 36 ms

Sat Jan 1 08:49:58 EST 2011

Timing is on.
BEGIN
Time: 0 hrs, 0 mins, 0 secs, 741 ms
SET
Time: 0 hrs, 0 mins, 0 secs, 12 ms

           300 - DYNAMIC FILTER

INSERT 0 7110793
Time: 0 hrs, 0 mins, 1 secs, 990 ms
ANALYZE
Time: 0 hrs, 0 mins, 0 secs, 535 ms
 Total records in web_click_cnt 
--------------------------------
                        7110793
(1 row)

Time: 0 hrs, 0 mins, 0 secs, 226 ms
CREATE TABLE
Time: 0 hrs, 0 mins, 1 secs, 703 ms
ANALYZE
Time: 0 hrs, 0 mins, 0 secs, 97 ms
CREATE TABLE
Time: 0 hrs, 0 mins, 0 secs, 276 ms
ANALYZE
Time: 0 hrs, 0 mins, 0 secs, 93 ms
DELETE 1
Time: 0 hrs, 0 mins, 0 secs, 123 ms
INSERT 0 1
Time: 0 hrs, 0 mins, 0 secs, 200 ms
DELETE 1
Time: 0 hrs, 0 mins, 0 secs, 87 ms
INSERT 0 1
Time: 0 hrs, 0 mins, 0 secs, 226 ms
CREATE TABLE
Time: 0 hrs, 0 mins, 1 secs, 281 ms
ANALYZE
Time: 0 hrs, 0 mins, 0 secs, 98 ms
CREATE TABLE
Time: 0 hrs, 0 mins, 0 secs, 230 ms
ANALYZE
Time: 0 hrs, 0 mins, 0 secs, 102 ms
DELETE 1
Time: 0 hrs, 0 mins, 0 secs, 69 ms
INSERT 0 1
Time: 0 hrs, 0 mins, 0 secs, 248 ms
DELETE 1
Time: 0 hrs, 0 mins, 0 secs, 90 ms
INSERT 0 1
Time: 0 hrs, 0 mins, 0 secs, 342 ms
ANALYZE
Time: 0 hrs, 0 mins, 0 secs, 49 ms
    tablename     |    attr_name    | attr_value 
------------------+-----------------+------------
 BN_FILTER_SPIDER | CLK_USER_SD_MPL | 10
 BN_FILTER_SPIDER | IP_USER_SD_MPL  | 1
 BN_FILTER_SPIDER | IP_USER_RATIO   | .955
 BN_FILTER_SPIDER | CLK_USER_MEAN   | 8.429
 BN_FILTER_SPIDER | CLK_USER_SD     | 274.659
 BN_FILTER_SPIDER | IP_USER_MEAN    | 6.167
 BN_FILTER_SPIDER | IP_USER_SD      | 967.064
(7 rows)

Time: 0 hrs, 0 mins, 0 secs, 162 ms
CREATE TABLE
Time: 0 hrs, 0 mins, 2 secs, 577 ms
CREATE TABLE
Time: 0 hrs, 0 mins, 0 secs, 177 ms
 l_mean_sd_mpl 
---------------
      2755.019
(1 row)

Time: 0 hrs, 0 mins, 0 secs, 103 ms
INSERT 0 71
Time: 0 hrs, 0 mins, 2 secs, 809 ms
ANALYZE
Time: 0 hrs, 0 mins, 0 secs, 259 ms
 Total click_user bn_spider_ip records 
---------------------------------------
                                    71
(1 row)

Time: 0 hrs, 0 mins, 0 secs, 119 ms
CREATE TABLE
Time: 0 hrs, 0 mins, 1 secs, 298 ms
ANALYZE
Time: 0 hrs, 0 mins, 0 secs, 77 ms
CREATE TABLE
Time: 0 hrs, 0 mins, 1 secs, 55 ms
ANALYZE
Time: 0 hrs, 0 mins, 0 secs, 112 ms
DROP 
Time: 0 hrs, 0 mins, 0 secs, 313 ms
CREATE TABLE
Time: 0 hrs, 0 mins, 0 secs, 343 ms
 l_mean_sd_mpl | l_ratio 
---------------+---------
       973.231 |   0.955
(1 row)

Time: 0 hrs, 0 mins, 0 secs, 209 ms
INSERT 0 4570100
Time: 0 hrs, 0 mins, 3 secs, 418 ms
ANALYZE
Time: 0 hrs, 0 mins, 0 secs, 186 ms
 Total ip_user_filter bn_spider_ip records 
-------------------------------------------
                                   4570100
(1 row)

Time: 0 hrs, 0 mins, 0 secs, 346 ms
INSERT 0 15718067
Time: 0 hrs, 0 mins, 23 secs, 653 ms
ANALYZE
Time: 0 hrs, 0 mins, 3 secs, 17 ms
 bn_hits_stage 
---------------
      15718067
(1 row)

Time: 0 hrs, 0 mins, 0 secs, 216 ms
INSERT 0 5404419
Time: 0 hrs, 0 mins, 25 secs, 463 ms
ANALYZE
Time: 0 hrs, 0 mins, 2 secs, 712 ms
 bn_hits_sp_20101231 
---------------------
            16975352
(1 row)

Time: 0 hrs, 0 mins, 5 secs, 5 ms
END
Time: 0 hrs, 0 mins, 4 secs, 849 ms

Sat Jan 1 08:51:26 EST 2011

Timing is on.
BEGIN
Time: 0 hrs, 0 mins, 0 secs, 661 ms

           600 - LOAD RESOURCES

SET
Time: 0 hrs, 0 mins, 0 secs, 13 ms
CREATE TABLE
Time: 0 hrs, 0 mins, 8 secs, 279 ms
ANALYZE
Time: 0 hrs, 0 mins, 0 secs, 525 ms
 tmp_a_count 
-------------
      159296
(1 row)

Time: 0 hrs, 0 mins, 0 secs, 138 ms
UPDATE 0
Time: 0 hrs, 1 mins, 41 secs, 493 ms
ANALYZE
Time: 0 hrs, 0 mins, 9 secs, 558 ms
INSERT 0 115030
Time: 0 hrs, 1 mins, 24 secs, 242 ms

Time: 0 hrs, 0 mins, 0 secs, 11 ms
ANALYZE
Time: 0 hrs, 0 mins, 1 secs, 349 ms
END
Time: 0 hrs, 0 mins, 13 secs, 255 ms
VACUUM
Time: 0 hrs, 0 mins, 31 secs, 802 ms

Sat Jan 1 08:55:37 EST 2011

Timing is on.

           650 - LOAD_BN_SESSION_STAGE

BEGIN
Time: 0 hrs, 0 mins, 0 secs, 874 ms
SET
Time: 0 hrs, 0 mins, 0 secs, 9 ms
CREATE TABLE
Time: 0 hrs, 0 mins, 59 secs, 76 ms
ANALYZE
Time: 0 hrs, 0 mins, 3 secs, 126 ms
INSERT 0 2830290
Time: 0 hrs, 0 mins, 47 secs, 360 ms
ANALYZE
Time: 0 hrs, 0 mins, 1 secs, 884 ms
CREATE TABLE
Time: 0 hrs, 0 mins, 17 secs, 985 ms
ANALYZE
Time: 0 hrs, 0 mins, 1 secs, 76 ms
CREATE TABLE
Time: 0 hrs, 0 mins, 35 secs, 548 ms
ANALYZE
Time: 0 hrs, 0 mins, 0 secs, 822 ms
INSERT 0 2830290
Time: 0 hrs, 3 mins, 5 secs, 79 ms
 bn_session_stage 
------------------
          2830290
(1 row)

Time: 0 hrs, 0 mins, 2 secs, 889 ms
ANALYZE
Time: 0 hrs, 0 mins, 3 secs, 226 ms
TRUNCATE
Time: 0 hrs, 0 mins, 1 secs, 779 ms
END
Time: 0 hrs, 0 mins, 1 secs, 995 ms

Sat Jan 1 09:01:40 EST 2011

BEGIN

           660 - LOAD_BN_SESSION_UPDATE_STAGE

SET
INSERT 0 0
END

Sat Jan 1 09:01:44 EST 2011

Timing is on.

           670 - LOAD_BN_SESSION_20101231.UPDATES

BEGIN
Time: 0 hrs, 0 mins, 1 secs, 256 ms
SET
Time: 0 hrs, 0 mins, 0 secs, 36 ms
UPDATE 0
Time: 0 hrs, 0 mins, 0 secs, 686 ms
END
Time: 0 hrs, 0 mins, 1 secs, 115 ms
VACUUM
Time: 0 hrs, 0 mins, 7 secs, 344 ms

Sat Jan 1 09:01:55 EST 2011

Timing is on.

           700 - LOAD_BN_SESSION

BEGIN
Time: 0 hrs, 0 mins, 0 secs, 589 ms
SET
Time: 0 hrs, 0 mins, 0 secs, 14 ms
INSERT 0 2830290
Time: 0 hrs, 0 mins, 7 secs, 930 ms
ANALYZE
Time: 0 hrs, 0 mins, 0 secs, 999 ms
END
Time: 0 hrs, 0 mins, 1 secs, 207 ms

Sat Jan 1 09:02:06 EST 2011

Timing is on.

            750 - LOAD_BN_SESSION_SUMMARY   

BEGIN
Time: 0 hrs, 0 mins, 0 secs, 618 ms
SET
Time: 0 hrs, 0 mins, 0 secs, 13 ms
CREATE TABLE
Time: 0 hrs, 0 mins, 7 secs, 912 ms
TRUNCATE
Time: 0 hrs, 0 mins, 0 secs, 604 ms
INSERT 0 266810
Time: 0 hrs, 0 mins, 4 secs, 12 ms
ANALYZE
Time: 0 hrs, 0 mins, 0 secs, 680 ms
 count(1) 
----------
   266810
(1 row)

Time: 0 hrs, 0 mins, 0 secs, 235 ms
END
Time: 0 hrs, 0 mins, 1 secs, 59 ms

Sat Jan 1 09:02:21 EST 2011

Timing is on.

           800 - LOAD_BN_HITS

BEGIN
Time: 0 hrs, 0 mins, 0 secs, 613 ms
SET
Time: 0 hrs, 0 mins, 0 secs, 11 ms
TRUNCATE
Time: 0 hrs, 0 mins, 0 secs, 442 ms
INSERT 0 15718067
Time: 0 hrs, 0 mins, 40 secs, 529 ms
 count(1) 
----------
 15718067
(1 row)

Time: 0 hrs, 0 mins, 0 secs, 290 ms
ANALYZE
Time: 0 hrs, 0 mins, 2 secs, 207 ms
END
Time: 0 hrs, 0 mins, 0 secs, 885 ms

Sat Jan 1 09:03:07 EST 2011

Timing is on.

            900 - LOAD_CLICKSTREAM   

BEGIN
Time: 0 hrs, 0 mins, 0 secs, 705 ms
SET
Time: 0 hrs, 0 mins, 0 secs, 13 ms
TRUNCATE
Time: 0 hrs, 0 mins, 0 secs, 407 ms
INSERT 0 15718067
Time: 0 hrs, 1 mins, 0 secs, 212 ms
 count(1) 
----------
 15718067
(1 row)

Time: 0 hrs, 0 mins, 0 secs, 258 ms
ANALYZE
Time: 0 hrs, 0 mins, 0 secs, 866 ms
END
Time: 0 hrs, 0 mins, 1 secs, 629 ms

Sat Jan 1 09:04:11 EST 2011

Timing is on.

            1000 - PAGE_VIEW_SUMMARY  

BEGIN
Time: 0 hrs, 0 mins, 0 secs, 770 ms
SET
Time: 0 hrs, 0 mins, 0 secs, 10 ms
TRUNCATE
Time: 0 hrs, 0 mins, 0 secs, 440 ms
INSERT 0 164432
Time: 0 hrs, 0 mins, 3 secs, 323 ms
 count(1) 
----------
   164432
(1 row)

Time: 0 hrs, 0 mins, 0 secs, 85 ms
ANALYZE
Time: 0 hrs, 0 mins, 0 secs, 67 ms
END
Time: 0 hrs, 0 mins, 0 secs, 719 ms
Removing lock file and waiting for a minute
Checking for lock file /tmp/.iislock
Acquired lock file /tmp/.iislock
-------------------------------------
Processing for 20101231
-------------------------------------

Sun Jan 2 09:12:08 EST 2011

Timing is on.

           000 - INIT

BEGIN
Time: 0 hrs, 0 mins, 0 secs, 695 ms
*** Truncating staging tables before workflow starts ***
SET
Time: 0 hrs, 0 mins, 0 secs, 10 ms
TRUNCATE
Time: 0 hrs, 0 mins, 0 secs, 652 ms
TRUNCATE
Time: 0 hrs, 0 mins, 0 secs, 307 ms
TRUNCATE
Time: 0 hrs, 0 mins, 0 secs, 224 ms
TRUNCATE
Time: 0 hrs, 0 mins, 0 secs, 339 ms
TRUNCATE
Time: 0 hrs, 0 mins, 0 secs, 164 ms
TRUNCATE
Time: 0 hrs, 0 mins, 0 secs, 163 ms
TRUNCATE
Time: 0 hrs, 0 mins, 0 secs, 308 ms
END
Time: 0 hrs, 0 mins, 14 secs, 664 ms

Sun Jan 2 09:12:26 EST 2011

Timing is on.

            200 - LOAD_BN_IISLOGS   

BEGIN
Time: 0 hrs, 0 mins, 0 secs, 666 ms
SET
Time: 0 hrs, 0 mins, 0 secs, 13 ms
TRUNCATE
Time: 0 hrs, 0 mins, 0 secs, 645 ms
INSERT 0 44300818
Time: 0 hrs, 12 mins, 16 secs, 8 ms
END
Time: 0 hrs, 0 mins, 5 secs, 841 ms
ALTER TABLE
Time: 0 hrs, 0 mins, 4 secs, 455 ms

Sun Jan 2 09:24:54 EST 2011

Timing is on.
BEGIN
Time: 0 hrs, 0 mins, 1 secs, 14 ms
SET
Time: 0 hrs, 0 mins, 0 secs, 16 ms

            250 - LOAD_BN_HITS_SP   

TRUNCATE
Time: 0 hrs, 0 mins, 2 secs, 279 ms
INSERT 0 15007361
Time: 0 hrs, 3 mins, 42 secs, 101 ms
ANALYZE
Time: 0 hrs, 0 mins, 1 secs, 438 ms
END
Time: 0 hrs, 0 mins, 2 secs, 544 ms

Sun Jan 2 09:28:44 EST 2011

Timing is on.
BEGIN
Time: 0 hrs, 0 mins, 0 secs, 578 ms
SET
Time: 0 hrs, 0 mins, 0 secs, 14 ms

           300 - DYNAMIC FILTER

INSERT 0 9149877
Time: 0 hrs, 0 mins, 2 secs, 701 ms
ANALYZE
Time: 0 hrs, 0 mins, 0 secs, 353 ms
 Total records in web_click_cnt 
--------------------------------
                        9149877
(1 row)

Time: 0 hrs, 0 mins, 0 secs, 264 ms
CREATE TABLE
Time: 0 hrs, 0 mins, 1 secs, 695 ms
ANALYZE
Time: 0 hrs, 0 mins, 0 secs, 123 ms
CREATE TABLE
Time: 0 hrs, 0 mins, 0 secs, 228 ms
ANALYZE
Time: 0 hrs, 0 mins, 0 secs, 112 ms
DELETE 1
Time: 0 hrs, 0 mins, 0 secs, 116 ms
INSERT 0 1
Time: 0 hrs, 0 mins, 0 secs, 214 ms
DELETE 1
Time: 0 hrs, 0 mins, 0 secs, 81 ms
INSERT 0 1
Time: 0 hrs, 0 mins, 0 secs, 214 ms
CREATE TABLE
Time: 0 hrs, 0 mins, 1 secs, 596 ms
ANALYZE
Time: 0 hrs, 0 mins, 0 secs, 108 ms
CREATE TABLE
Time: 0 hrs, 0 mins, 0 secs, 213 ms
ANALYZE
Time: 0 hrs, 0 mins, 0 secs, 98 ms
DELETE 1
Time: 0 hrs, 0 mins, 0 secs, 93 ms
INSERT 0 1
Time: 0 hrs, 0 mins, 0 secs, 966 ms
DELETE 1
Time: 0 hrs, 0 mins, 0 secs, 88 ms
INSERT 0 1
Time: 0 hrs, 0 mins, 0 secs, 300 ms
ANALYZE
Time: 0 hrs, 0 mins, 0 secs, 38 ms
    tablename     |    attr_name    | attr_value 
------------------+-----------------+------------
 BN_FILTER_SPIDER | CLK_USER_SD_MPL | 10
 BN_FILTER_SPIDER | IP_USER_SD_MPL  | 1
 BN_FILTER_SPIDER | IP_USER_RATIO   | .955
 BN_FILTER_SPIDER | CLK_USER_MEAN   | 9.337
 BN_FILTER_SPIDER | CLK_USER_SD     | 308.046
 BN_FILTER_SPIDER | IP_USER_MEAN    | 6.475
 BN_FILTER_SPIDER | IP_USER_SD      | 1125.305
(7 rows)

Time: 0 hrs, 0 mins, 0 secs, 89 ms
CREATE TABLE
Time: 0 hrs, 0 mins, 2 secs, 923 ms
CREATE TABLE
Time: 0 hrs, 0 mins, 0 secs, 162 ms
 l_mean_sd_mpl 
---------------
      3089.797
(1 row)

Time: 0 hrs, 0 mins, 0 secs, 124 ms
INSERT 0 75
Time: 0 hrs, 0 mins, 3 secs, 403 ms
ANALYZE
Time: 0 hrs, 0 mins, 0 secs, 37 ms
 Total click_user bn_spider_ip records 
---------------------------------------
                                    75
(1 row)

Time: 0 hrs, 0 mins, 0 secs, 88 ms
CREATE TABLE
Time: 0 hrs, 0 mins, 1 secs, 306 ms
ANALYZE
Time: 0 hrs, 0 mins, 0 secs, 88 ms
CREATE TABLE
Time: 0 hrs, 0 mins, 1 secs, 411 ms
ANALYZE
Time: 0 hrs, 0 mins, 0 secs, 96 ms
DROP 
Time: 0 hrs, 0 mins, 0 secs, 290 ms
CREATE TABLE
Time: 0 hrs, 0 mins, 0 secs, 212 ms
 l_mean_sd_mpl | l_ratio 
---------------+---------
      1131.780 |   0.955
(1 row)

Time: 0 hrs, 0 mins, 0 secs, 106 ms
INSERT 0 5763370
Time: 0 hrs, 0 mins, 3 secs, 775 ms
ANALYZE
Time: 0 hrs, 0 mins, 0 secs, 243 ms
 Total ip_user_filter bn_spider_ip records 
-------------------------------------------
                                   5763370
(1 row)

Time: 0 hrs, 0 mins, 0 secs, 290 ms
INSERT 0 22512305
Time: 0 hrs, 0 mins, 33 secs, 192 ms
ANALYZE
Time: 0 hrs, 0 mins, 2 secs, 307 ms
 bn_hits_stage 
---------------
      22512305
(1 row)

Time: 0 hrs, 0 mins, 0 secs, 210 ms
INSERT 0 6781152
Time: 0 hrs, 0 mins, 30 secs, 538 ms
ANALYZE
Time: 0 hrs, 0 mins, 1 secs, 743 ms
 bn_hits_sp_20101231 
---------------------
            21788513
(1 row)

Time: 0 hrs, 0 mins, 6 secs, 56 ms
END
Time: 0 hrs, 0 mins, 1 secs, 932 ms

Sun Jan 2 09:30:25 EST 2011

Timing is on.
BEGIN
Time: 0 hrs, 0 mins, 1 secs, 94 ms

           600 - LOAD RESOURCES

SET
Time: 0 hrs, 0 mins, 0 secs, 12 ms
CREATE TABLE
Time: 0 hrs, 0 mins, 9 secs, 778 ms
ANALYZE
Time: 0 hrs, 0 mins, 0 secs, 474 ms
 tmp_a_count 
-------------
      211001
(1 row)

Time: 0 hrs, 0 mins, 0 secs, 129 ms
UPDATE 0
Time: 0 hrs, 2 mins, 13 secs, 736 ms
ANALYZE
Time: 0 hrs, 0 mins, 36 secs, 439 ms
INSERT 0 38701
Time: 0 hrs, 1 mins, 55 secs, 968 ms

Time: 0 hrs, 0 mins, 0 secs, 12 ms
ANALYZE
Time: 0 hrs, 0 mins, 1 secs, 596 ms
END
Time: 0 hrs, 0 mins, 1 secs, 117 ms
VACUUM
Time: 0 hrs, 0 mins, 9 secs, 230 ms

Sun Jan 2 09:35:34 EST 2011

Timing is on.

           650 - LOAD_BN_SESSION_STAGE

BEGIN
Time: 0 hrs, 0 mins, 0 secs, 895 ms
SET
Time: 0 hrs, 0 mins, 0 secs, 9 ms
CREATE TABLE
Time: 0 hrs, 9 mins, 57 secs, 563 ms
ANALYZE
Time: 0 hrs, 0 mins, 2 secs, 343 ms
INSERT 0 3848519
Time: 0 hrs, 1 mins, 4 secs, 727 ms
ANALYZE
Time: 0 hrs, 0 mins, 1 secs, 256 ms
CREATE TABLE
Time: 0 hrs, 0 mins, 24 secs, 493 ms
ANALYZE
Time: 0 hrs, 0 mins, 0 secs, 233 ms
CREATE TABLE
Time: 0 hrs, 0 mins, 45 secs, 264 ms
ANALYZE
Time: 0 hrs, 0 mins, 0 secs, 805 ms
INSERT 0 3848519
Time: 0 hrs, 3 mins, 54 secs, 775 ms
 bn_session_stage 
------------------
          3848519
(1 row)

Time: 0 hrs, 0 mins, 0 secs, 479 ms
ANALYZE
Time: 0 hrs, 0 mins, 1 secs, 603 ms
TRUNCATE
Time: 0 hrs, 0 mins, 1 secs, 978 ms
END
Time: 0 hrs, 0 mins, 8 secs, 146 ms

Sun Jan 2 09:51:59 EST 2011

BEGIN

           660 - LOAD_BN_SESSION_UPDATE_STAGE

SET
INSERT 0 0
END

Sun Jan 2 09:52:03 EST 2011

Timing is on.

           670 - LOAD_BN_SESSION_20101231.UPDATES

BEGIN
Time: 0 hrs, 0 mins, 1 secs, 920 ms
SET
Time: 0 hrs, 0 mins, 0 secs, 11 ms
UPDATE 0
Time: 0 hrs, 0 mins, 1 secs, 131 ms
END
Time: 0 hrs, 0 mins, 5 secs, 517 ms
VACUUM
Time: 0 hrs, 0 mins, 13 secs, 396 ms

Sun Jan 2 09:52:25 EST 2011

Timing is on.

           700 - LOAD_BN_SESSION

BEGIN
Time: 0 hrs, 0 mins, 0 secs, 611 ms
SET
Time: 0 hrs, 0 mins, 0 secs, 13 ms
INSERT 0 3848519
Time: 0 hrs, 0 mins, 8 secs, 834 ms
ANALYZE
Time: 0 hrs, 0 mins, 1 secs, 108 ms
END
Time: 0 hrs, 0 mins, 1 secs, 151 ms

Sun Jan 2 09:52:37 EST 2011

Timing is on.

            750 - LOAD_BN_SESSION_SUMMARY   

BEGIN
Time: 0 hrs, 0 mins, 0 secs, 644 ms
SET
Time: 0 hrs, 0 mins, 0 secs, 13 ms
CREATE TABLE
Time: 0 hrs, 0 mins, 7 secs, 427 ms
TRUNCATE
Time: 0 hrs, 0 mins, 0 secs, 721 ms
INSERT 0 338390
Time: 0 hrs, 0 mins, 4 secs, 344 ms
ANALYZE
Time: 0 hrs, 0 mins, 0 secs, 764 ms
 count(1) 
----------
   338390
(1 row)

Time: 0 hrs, 0 mins, 0 secs, 298 ms
END
Time: 0 hrs, 0 mins, 1 secs, 25 ms

Sun Jan 2 09:52:53 EST 2011

Timing is on.

           800 - LOAD_BN_HITS

BEGIN
Time: 0 hrs, 0 mins, 0 secs, 757 ms
SET
Time: 0 hrs, 0 mins, 0 secs, 11 ms
TRUNCATE
Time: 0 hrs, 0 mins, 0 secs, 736 ms
INSERT 0 22512305
Time: 0 hrs, 1 mins, 26 secs, 689 ms
 count(1) 
----------
 22512305
(1 row)

Time: 0 hrs, 0 mins, 3 secs, 831 ms
ANALYZE
Time: 0 hrs, 0 mins, 2 secs, 490 ms
END
Time: 0 hrs, 0 mins, 7 secs, 814 ms

Sun Jan 2 09:54:35 EST 2011

Timing is on.

            900 - LOAD_CLICKSTREAM   

BEGIN
Time: 0 hrs, 0 mins, 0 secs, 826 ms
SET
Time: 0 hrs, 0 mins, 0 secs, 9 ms
TRUNCATE
Time: 0 hrs, 0 mins, 1 secs, 472 ms
INSERT 0 22512305
Time: 0 hrs, 1 mins, 49 secs, 313 ms
 count(1) 
----------
 22512305
(1 row)

Time: 0 hrs, 0 mins, 0 secs, 540 ms
ANALYZE
Time: 0 hrs, 0 mins, 0 secs, 861 ms
END
Time: 0 hrs, 0 mins, 29 secs, 85 ms

Sun Jan 2 09:56:58 EST 2011

Timing is on.

            1000 - PAGE_VIEW_SUMMARY  

BEGIN
Time: 0 hrs, 0 mins, 0 secs, 895 ms
SET
Time: 0 hrs, 0 mins, 0 secs, 15 ms
TRUNCATE
Time: 0 hrs, 0 mins, 0 secs, 712 ms
INSERT 0 217516
Time: 0 hrs, 10 mins, 25 secs, 529 ms
 count(1) 
----------
   217516
(1 row)

Time: 0 hrs, 0 mins, 0 secs, 124 ms
ANALYZE
Time: 0 hrs, 0 mins, 0 secs, 99 ms
END
Time: 0 hrs, 0 mins, 12 secs, 820 ms
Removing lock file and waiting for a minute
