-------------------------------------
Processing for 20101123
-------------------------------------

Wed Nov 24 08:30:10 EST 2010

Timing is on.

           000 - INIT

BEGIN
Time: 0 hrs, 0 mins, 0 secs, 749 ms
*** Truncating staging tables before workflow starts ***
SET
Time: 0 hrs, 0 mins, 0 secs, 12 ms
TRUNCATE
Time: 0 hrs, 0 mins, 0 secs, 389 ms
TRUNCATE
Time: 0 hrs, 0 mins, 0 secs, 237 ms
TRUNCATE
Time: 0 hrs, 0 mins, 0 secs, 320 ms
TRUNCATE
Time: 0 hrs, 0 mins, 0 secs, 153 ms
TRUNCATE
Time: 0 hrs, 0 mins, 0 secs, 204 ms
TRUNCATE
Time: 0 hrs, 0 mins, 0 secs, 210 ms
TRUNCATE
Time: 0 hrs, 0 mins, 0 secs, 288 ms
END
Time: 0 hrs, 0 mins, 3 secs, 513 ms

Wed Nov 24 08:30:16 EST 2010

Timing is on.

            200 - LOAD_BN_IISLOGS   

BEGIN
Time: 0 hrs, 0 mins, 0 secs, 532 ms
SET
Time: 0 hrs, 0 mins, 0 secs, 11 ms
TRUNCATE
Time: 0 hrs, 0 mins, 1 secs, 271 ms
INSERT 0 52361368
Time: 0 hrs, 9 mins, 28 secs, 720 ms
END
Time: 0 hrs, 0 mins, 1 secs, 290 ms

Wed Nov 24 08:39:48 EST 2010

Timing is on.
BEGIN
Time: 0 hrs, 0 mins, 1 secs, 161 ms
SET
Time: 0 hrs, 0 mins, 0 secs, 11 ms

            250 - LOAD_BN_HITS_SP   

TRUNCATE
Time: 0 hrs, 0 mins, 1 secs, 624 ms
INSERT 0 14232798
Time: 0 hrs, 5 mins, 42 secs, 432 ms
ANALYZE
Time: 0 hrs, 0 mins, 4 secs, 425 ms
END
Time: 0 hrs, 0 mins, 1 secs, 449 ms

Wed Nov 24 08:45:40 EST 2010

Timing is on.
BEGIN
Time: 0 hrs, 0 mins, 0 secs, 554 ms
SET
Time: 0 hrs, 0 mins, 0 secs, 10 ms

           300 - DYNAMIC FILTER

INSERT 0 13547897
Time: 0 hrs, 0 mins, 3 secs, 63 ms
ANALYZE
Time: 0 hrs, 0 mins, 0 secs, 312 ms
 Total records in web_click_cnt 
--------------------------------
                       13547897
(1 row)

Time: 0 hrs, 0 mins, 0 secs, 271 ms
CREATE TABLE
Time: 0 hrs, 0 mins, 1 secs, 895 ms
ANALYZE
Time: 0 hrs, 0 mins, 0 secs, 119 ms
CREATE TABLE
Time: 0 hrs, 0 mins, 0 secs, 714 ms
ANALYZE
Time: 0 hrs, 0 mins, 0 secs, 123 ms
DELETE 1
Time: 0 hrs, 0 mins, 0 secs, 212 ms
INSERT 0 1
Time: 0 hrs, 0 mins, 0 secs, 230 ms
DELETE 1
Time: 0 hrs, 0 mins, 0 secs, 96 ms
INSERT 0 1
Time: 0 hrs, 0 mins, 0 secs, 496 ms
    tablename     |    attr_name    | attr_value 
------------------+-----------------+------------
 BN_FILTER_SPIDER | CLK_USER_SD_MPL | 10
 BN_FILTER_SPIDER | IP_USER_SD_MPL  | 1
 BN_FILTER_SPIDER | IP_USER_RATIO   | .955
 BN_FILTER_SPIDER | IP_USER_MEAN    | 9.621
 BN_FILTER_SPIDER | IP_USER_SD      | 1101.950
 BN_FILTER_SPIDER | CLK_USER_MEAN   | 11.228
 BN_FILTER_SPIDER | CLK_USER_SD     | 31.493
(7 rows)

Time: 0 hrs, 0 mins, 0 secs, 523 ms
CREATE TABLE
Time: 0 hrs, 0 mins, 2 secs, 376 ms
ANALYZE
Time: 0 hrs, 0 mins, 0 secs, 315 ms
CREATE TABLE
Time: 0 hrs, 0 mins, 1 secs, 9 ms
ANALYZE
Time: 0 hrs, 0 mins, 0 secs, 103 ms
DELETE 1
Time: 0 hrs, 0 mins, 0 secs, 108 ms
INSERT 0 1
Time: 0 hrs, 0 mins, 0 secs, 430 ms
DELETE 1
Time: 0 hrs, 0 mins, 0 secs, 95 ms
INSERT 0 1
Time: 0 hrs, 0 mins, 0 secs, 413 ms
ANALYZE
Time: 0 hrs, 0 mins, 0 secs, 33 ms
CREATE TABLE
Time: 0 hrs, 0 mins, 2 secs, 703 ms
CREATE TABLE
Time: 0 hrs, 0 mins, 0 secs, 581 ms
 l_mean_sd_mpl 
---------------
       326.158
(1 row)

Time: 0 hrs, 0 mins, 0 secs, 111 ms
INSERT 0 1356
Time: 0 hrs, 0 mins, 5 secs, 616 ms
ANALYZE
Time: 0 hrs, 0 mins, 0 secs, 207 ms
 Total click_user bn_spider_ip records 
---------------------------------------
                                  1356
(1 row)

Time: 0 hrs, 0 mins, 0 secs, 99 ms
CREATE TABLE
Time: 0 hrs, 0 mins, 2 secs, 641 ms
ANALYZE
Time: 0 hrs, 0 mins, 0 secs, 76 ms
CREATE TABLE
Time: 0 hrs, 0 mins, 2 secs, 687 ms
ANALYZE
Time: 0 hrs, 0 mins, 0 secs, 114 ms
DROP 
Time: 0 hrs, 0 mins, 0 secs, 294 ms
CREATE TABLE
Time: 0 hrs, 0 mins, 1 secs, 481 ms
 l_mean_sd_mpl | l_ratio 
---------------+---------
      1029.150 |   0.955
(1 row)

Time: 0 hrs, 0 mins, 0 secs, 316 ms
INSERT 0 9194858
Time: 0 hrs, 0 mins, 3 secs, 218 ms
ANALYZE
Time: 0 hrs, 0 mins, 0 secs, 227 ms
 Total ip_user_filter bn_spider_ip records 
-------------------------------------------
                                   9194858
(1 row)

Time: 0 hrs, 0 mins, 0 secs, 421 ms
INSERT 0 27839130
Time: 0 hrs, 0 mins, 40 secs, 414 ms
ANALYZE
Time: 0 hrs, 0 mins, 2 secs, 243 ms
 bn_hits_stage 
---------------
      27839130
(1 row)

Time: 0 hrs, 0 mins, 0 secs, 295 ms
INSERT 0 10289440
Time: 0 hrs, 0 mins, 38 secs, 819 ms
ANALYZE
Time: 0 hrs, 0 mins, 14 secs, 814 ms
 bn_hits_sp_20101123 
---------------------
            24522238
(1 row)

Time: 0 hrs, 0 mins, 24 secs, 515 ms
END
Time: 0 hrs, 0 mins, 1 secs, 962 ms

Wed Nov 24 08:48:17 EST 2010

Timing is on.
BEGIN
Time: 0 hrs, 0 mins, 1 secs, 53 ms

           600 - LOAD RESOURCES

SET
Time: 0 hrs, 0 mins, 0 secs, 10 ms
CREATE TABLE
Time: 0 hrs, 0 mins, 7 secs, 301 ms
ANALYZE
Time: 0 hrs, 0 mins, 0 secs, 527 ms
 count(1) 
----------
   108379
(1 row)

Time: 0 hrs, 0 mins, 0 secs, 93 ms
UPDATE 14
Time: 0 hrs, 0 mins, 4 secs, 157 ms
ANALYZE
Time: 0 hrs, 0 mins, 0 secs, 642 ms
INSERT 0 72305
Time: 0 hrs, 0 mins, 4 secs, 268 ms

Time: 0 hrs, 0 mins, 0 secs, 13 ms
ANALYZE
Time: 0 hrs, 0 mins, 1 secs, 649 ms
END
Time: 0 hrs, 0 mins, 1 secs, 27 ms
VACUUM
Time: 0 hrs, 0 mins, 6 secs, 792 ms

Wed Nov 24 08:48:45 EST 2010

Timing is on.

           650 - LOAD_BN_SESSION_STAGE

BEGIN
Time: 0 hrs, 0 mins, 0 secs, 580 ms
SET
Time: 0 hrs, 0 mins, 0 secs, 11 ms
CREATE TABLE
Time: 0 hrs, 1 mins, 24 secs, 411 ms
ANALYZE
Time: 0 hrs, 0 mins, 2 secs, 183 ms
INSERT 0 4531178
Time: 0 hrs, 0 mins, 56 secs, 128 ms
ANALYZE
Time: 0 hrs, 0 mins, 2 secs, 283 ms
CREATE TABLE
Time: 0 hrs, 0 mins, 34 secs, 904 ms
ANALYZE
Time: 0 hrs, 0 mins, 0 secs, 270 ms
CREATE TABLE
Time: 0 hrs, 0 mins, 58 secs, 720 ms
ANALYZE
Time: 0 hrs, 0 mins, 0 secs, 859 ms
INSERT 0 4123512
Time: 0 hrs, 0 mins, 41 secs, 425 ms
 bn_session_stage 
------------------
          4123512
(1 row)

Time: 0 hrs, 0 mins, 0 secs, 276 ms
ANALYZE
Time: 0 hrs, 0 mins, 1 secs, 325 ms
END
Time: 0 hrs, 0 mins, 1 secs, 534 ms

Wed Nov 24 08:53:30 EST 2010

BEGIN

           660 - LOAD_BN_SESSION_UPDATE_STAGE

SET
INSERT 0 0
END

Wed Nov 24 08:53:33 EST 2010

Timing is on.

           670 - LOAD_BN_SESSION_20101123.UPDATES

BEGIN
Time: 0 hrs, 0 mins, 0 secs, 544 ms
SET
Time: 0 hrs, 0 mins, 0 secs, 11 ms
UPDATE 0
Time: 0 hrs, 0 mins, 0 secs, 375 ms
END
Time: 0 hrs, 0 mins, 0 secs, 640 ms
VACUUM
Time: 0 hrs, 0 mins, 1 secs, 937 ms

Wed Nov 24 08:53:36 EST 2010

Timing is on.

           700 - LOAD_BN_SESSION

BEGIN
Time: 0 hrs, 0 mins, 0 secs, 539 ms
SET
Time: 0 hrs, 0 mins, 0 secs, 10 ms
INSERT 0 4123512
Time: 0 hrs, 0 mins, 7 secs, 700 ms
ANALYZE
Time: 0 hrs, 0 mins, 1 secs, 346 ms
END
Time: 0 hrs, 0 mins, 1 secs, 180 ms

Wed Nov 24 08:53:48 EST 2010

Timing is on.

            750 - LOAD_BN_SESSION_SUMMARY   

BEGIN
Time: 0 hrs, 0 mins, 0 secs, 638 ms
SET
Time: 0 hrs, 0 mins, 0 secs, 9 ms
CREATE TABLE
Time: 0 hrs, 0 mins, 6 secs, 821 ms
TRUNCATE
Time: 0 hrs, 0 mins, 0 secs, 759 ms
INSERT 0 282985
Time: 0 hrs, 0 mins, 2 secs, 860 ms
ANALYZE
Time: 0 hrs, 0 mins, 0 secs, 521 ms
 count(1) 
----------
   282985
(1 row)

Time: 0 hrs, 0 mins, 0 secs, 84 ms
END
Time: 0 hrs, 0 mins, 1 secs, 554 ms

Wed Nov 24 08:54:01 EST 2010

Timing is on.

           800 - LOAD_BN_HITS

BEGIN
Time: 0 hrs, 0 mins, 0 secs, 506 ms
SET
Time: 0 hrs, 0 mins, 0 secs, 10 ms
TRUNCATE
Time: 0 hrs, 0 mins, 0 secs, 836 ms
INSERT 0 20670999
Time: 0 hrs, 0 mins, 33 secs, 191 ms
 count(1) 
----------
 20670999
(1 row)

Time: 0 hrs, 0 mins, 0 secs, 553 ms
ANALYZE
Time: 0 hrs, 0 mins, 2 secs, 147 ms
END
Time: 0 hrs, 0 mins, 1 secs, 537 ms

Wed Nov 24 08:54:40 EST 2010

Timing is on.

            900 - LOAD_CLICKSTREAM   

BEGIN
Time: 0 hrs, 0 mins, 0 secs, 725 ms
SET
Time: 0 hrs, 0 mins, 0 secs, 16 ms
TRUNCATE
Time: 0 hrs, 0 mins, 1 secs, 115 ms
INSERT 0 20670999
Time: 0 hrs, 1 mins, 31 secs, 71 ms
 count(1) 
----------
 20670999
(1 row)

Time: 0 hrs, 0 mins, 0 secs, 247 ms
ANALYZE
Time: 0 hrs, 0 mins, 0 secs, 895 ms
END
Time: 0 hrs, 0 mins, 2 secs, 149 ms

Wed Nov 24 08:56:17 EST 2010

Timing is on.

            1000 - PAGE_VIEW_SUMMARY  

BEGIN
Time: 0 hrs, 0 mins, 0 secs, 520 ms
SET
Time: 0 hrs, 0 mins, 0 secs, 10 ms
TRUNCATE
Time: 0 hrs, 0 mins, 0 secs, 324 ms
INSERT 0 108558
Time: 0 hrs, 0 mins, 4 secs, 599 ms
 count(1) 
----------
   108558
(1 row)

Time: 0 hrs, 0 mins, 0 secs, 88 ms
ANALYZE
Time: 0 hrs, 0 mins, 0 secs, 55 ms
END
Time: 0 hrs, 0 mins, 0 secs, 703 ms
Wed Nov 24 08:56:23 EST 2010
-------------------------------------
Processing for 20101123
-------------------------------------

Thu Nov 25 08:53:46 EST 2010

Timing is on.

           000 - INIT

BEGIN
Time: 0 hrs, 0 mins, 0 secs, 546 ms
*** Truncating staging tables before workflow starts ***
SET
Time: 0 hrs, 0 mins, 0 secs, 12 ms
TRUNCATE
Time: 0 hrs, 0 mins, 0 secs, 358 ms
TRUNCATE
Time: 0 hrs, 0 mins, 0 secs, 196 ms
TRUNCATE
Time: 0 hrs, 0 mins, 0 secs, 149 ms
TRUNCATE
Time: 0 hrs, 0 mins, 0 secs, 200 ms
TRUNCATE
Time: 0 hrs, 0 mins, 0 secs, 249 ms
TRUNCATE
Time: 0 hrs, 0 mins, 0 secs, 320 ms
TRUNCATE
Time: 0 hrs, 0 mins, 0 secs, 335 ms
END
Time: 0 hrs, 0 mins, 1 secs, 496 ms

Thu Nov 25 08:53:50 EST 2010

Timing is on.

            200 - LOAD_BN_IISLOGS   

BEGIN
Time: 0 hrs, 0 mins, 0 secs, 558 ms
SET
Time: 0 hrs, 0 mins, 0 secs, 11 ms
TRUNCATE
Time: 0 hrs, 0 mins, 0 secs, 603 ms
INSERT 0 52361547
Time: 0 hrs, 9 mins, 13 secs, 435 ms
END
Time: 0 hrs, 0 mins, 1 secs, 304 ms

Thu Nov 25 09:03:06 EST 2010

Timing is on.
BEGIN
Time: 0 hrs, 0 mins, 1 secs, 367 ms
SET
Time: 0 hrs, 0 mins, 0 secs, 12 ms

            250 - LOAD_BN_HITS_SP   

TRUNCATE
Time: 0 hrs, 0 mins, 0 secs, 874 ms
INSERT 0 14232839
Time: 0 hrs, 5 mins, 2 secs, 409 ms
ANALYZE
Time: 0 hrs, 0 mins, 5 secs, 419 ms
END
Time: 0 hrs, 0 mins, 2 secs, 721 ms

Thu Nov 25 09:08:19 EST 2010

Timing is on.
BEGIN
Time: 0 hrs, 0 mins, 0 secs, 595 ms
SET
Time: 0 hrs, 0 mins, 0 secs, 11 ms

           300 - DYNAMIC FILTER

INSERT 0 13547914
Time: 0 hrs, 0 mins, 3 secs, 58 ms
ANALYZE
Time: 0 hrs, 0 mins, 0 secs, 320 ms
 Total records in web_click_cnt 
--------------------------------
                       13547914
(1 row)

Time: 0 hrs, 0 mins, 0 secs, 278 ms
CREATE TABLE
Time: 0 hrs, 0 mins, 6 secs, 64 ms
ANALYZE
Time: 0 hrs, 0 mins, 0 secs, 122 ms
CREATE TABLE
Time: 0 hrs, 0 mins, 2 secs, 106 ms
ANALYZE
Time: 0 hrs, 0 mins, 0 secs, 170 ms
DELETE 1
Time: 0 hrs, 0 mins, 0 secs, 96 ms
INSERT 0 1
Time: 0 hrs, 0 mins, 3 secs, 280 ms
DELETE 1
Time: 0 hrs, 0 mins, 0 secs, 92 ms
INSERT 0 1
Time: 0 hrs, 0 mins, 0 secs, 366 ms
    tablename     |    attr_name    | attr_value 
------------------+-----------------+------------
 BN_FILTER_SPIDER | CLK_USER_SD_MPL | 10
 BN_FILTER_SPIDER | IP_USER_SD_MPL  | 1
 BN_FILTER_SPIDER | IP_USER_RATIO   | .955
 BN_FILTER_SPIDER | IP_USER_MEAN    | 9.540
 BN_FILTER_SPIDER | IP_USER_SD      | 1068.750
 BN_FILTER_SPIDER | CLK_USER_MEAN   | 11.228
 BN_FILTER_SPIDER | CLK_USER_SD     | 31.493
(7 rows)

Time: 0 hrs, 0 mins, 0 secs, 571 ms
CREATE TABLE
Time: 0 hrs, 0 mins, 3 secs, 864 ms
ANALYZE
Time: 0 hrs, 0 mins, 0 secs, 361 ms
CREATE TABLE
Time: 0 hrs, 0 mins, 1 secs, 307 ms
ANALYZE
Time: 0 hrs, 0 mins, 0 secs, 222 ms
DELETE 1
Time: 0 hrs, 0 mins, 0 secs, 97 ms
INSERT 0 1
Time: 0 hrs, 0 mins, 0 secs, 519 ms
DELETE 1
Time: 0 hrs, 0 mins, 0 secs, 179 ms
INSERT 0 1
Time: 0 hrs, 0 mins, 0 secs, 460 ms
ANALYZE
Time: 0 hrs, 0 mins, 0 secs, 34 ms
CREATE TABLE
Time: 0 hrs, 0 mins, 2 secs, 713 ms
CREATE TABLE
Time: 0 hrs, 0 mins, 0 secs, 956 ms
 l_mean_sd_mpl 
---------------
       326.158
(1 row)

Time: 0 hrs, 0 mins, 0 secs, 866 ms
INSERT 0 1356
Time: 0 hrs, 0 mins, 9 secs, 369 ms
ANALYZE
Time: 0 hrs, 0 mins, 0 secs, 208 ms
 Total click_user bn_spider_ip records 
---------------------------------------
                                  1356
(1 row)

Time: 0 hrs, 0 mins, 0 secs, 105 ms
CREATE TABLE
Time: 0 hrs, 0 mins, 3 secs, 337 ms
ANALYZE
Time: 0 hrs, 0 mins, 0 secs, 84 ms
CREATE TABLE
Time: 0 hrs, 0 mins, 21 secs, 660 ms
ANALYZE
Time: 0 hrs, 0 mins, 0 secs, 94 ms
DROP 
Time: 0 hrs, 0 mins, 0 secs, 288 ms
CREATE TABLE
Time: 0 hrs, 0 mins, 2 secs, 112 ms
 l_mean_sd_mpl | l_ratio 
---------------+---------
      1029.148 |   0.955
(1 row)

Time: 0 hrs, 0 mins, 0 secs, 292 ms
INSERT 0 9194858
Time: 0 hrs, 0 mins, 6 secs, 814 ms
ANALYZE
Time: 0 hrs, 0 mins, 0 secs, 237 ms
 Total ip_user_filter bn_spider_ip records 
-------------------------------------------
                                   9194858
(1 row)

Time: 0 hrs, 0 mins, 0 secs, 249 ms
INSERT 0 27839268
Time: 0 hrs, 0 mins, 41 secs, 7 ms
ANALYZE
Time: 0 hrs, 0 mins, 2 secs, 267 ms
 bn_hits_stage 
---------------
      27839268
(1 row)

Time: 0 hrs, 0 mins, 0 secs, 560 ms
INSERT 0 10289440
Time: 0 hrs, 0 mins, 52 secs, 593 ms
ANALYZE
Time: 0 hrs, 0 mins, 16 secs, 923 ms
 bn_hits_sp_20101123 
---------------------
            24522279
(1 row)

Time: 0 hrs, 0 mins, 31 secs, 292 ms
END
Time: 0 hrs, 0 mins, 5 secs, 897 ms

Thu Nov 25 09:12:03 EST 2010

Timing is on.
BEGIN
Time: 0 hrs, 0 mins, 0 secs, 980 ms

           600 - LOAD RESOURCES

SET
Time: 0 hrs, 0 mins, 0 secs, 25 ms
CREATE TABLE
Time: 0 hrs, 0 mins, 34 secs, 74 ms
ANALYZE
Time: 0 hrs, 0 mins, 5 secs, 730 ms
 count(1) 
----------
   108380
(1 row)

Time: 0 hrs, 0 mins, 0 secs, 351 ms
UPDATE 16
Time: 0 hrs, 0 mins, 19 secs, 749 ms
ANALYZE
Time: 0 hrs, 0 mins, 6 secs, 395 ms
INSERT 0 1
Time: 0 hrs, 0 mins, 10 secs, 428 ms

Time: 0 hrs, 0 mins, 0 secs, 10 ms
ANALYZE
Time: 0 hrs, 0 mins, 2 secs, 616 ms
END
Time: 0 hrs, 0 mins, 19 secs, 722 ms
VACUUM
Time: 0 hrs, 0 mins, 21 secs, 972 ms

Thu Nov 25 09:14:05 EST 2010

Timing is on.

           650 - LOAD_BN_SESSION_STAGE

BEGIN
Time: 0 hrs, 0 mins, 0 secs, 476 ms
SET
Time: 0 hrs, 0 mins, 0 secs, 12 ms
CREATE TABLE
Time: 0 hrs, 1 mins, 32 secs, 127 ms
ANALYZE
Time: 0 hrs, 0 mins, 2 secs, 366 ms
INSERT 0 4531204
Time: 0 hrs, 0 mins, 59 secs, 15 ms
ANALYZE
Time: 0 hrs, 0 mins, 1 secs, 806 ms
CREATE TABLE
Time: 0 hrs, 0 mins, 31 secs, 975 ms
ANALYZE
Time: 0 hrs, 0 mins, 0 secs, 310 ms
CREATE TABLE
Time: 0 hrs, 1 mins, 4 secs, 498 ms
ANALYZE
Time: 0 hrs, 0 mins, 0 secs, 758 ms
INSERT 0 4140494
Time: 0 hrs, 0 mins, 46 secs, 819 ms
 bn_session_stage 
------------------
          4140494
(1 row)

Time: 0 hrs, 0 mins, 0 secs, 294 ms
ANALYZE
Time: 0 hrs, 0 mins, 1 secs, 447 ms
END
Time: 0 hrs, 0 mins, 1 secs, 632 ms

Thu Nov 25 09:19:09 EST 2010

BEGIN

           660 - LOAD_BN_SESSION_UPDATE_STAGE

SET
INSERT 0 5832184
END

Thu Nov 25 09:19:15 EST 2010

Timing is on.

           670 - LOAD_BN_SESSION_20101123.UPDATES

BEGIN
Time: 0 hrs, 0 mins, 0 secs, 925 ms
SET
Time: 0 hrs, 0 mins, 0 secs, 10 ms
UPDATE 4113249
Time: 0 hrs, 0 mins, 2 secs, 369 ms
END
Time: 0 hrs, 0 mins, 1 secs, 798 ms
VACUUM
Time: 0 hrs, 0 mins, 3 secs, 411 ms

Thu Nov 25 09:19:24 EST 2010

Timing is on.

           700 - LOAD_BN_SESSION

BEGIN
Time: 0 hrs, 0 mins, 0 secs, 546 ms
SET
Time: 0 hrs, 0 mins, 0 secs, 11 ms
INSERT 0 21281
Time: 0 hrs, 0 mins, 7 secs, 538 ms
ANALYZE
Time: 0 hrs, 0 mins, 1 secs, 124 ms
END
Time: 0 hrs, 0 mins, 1 secs, 547 ms

Thu Nov 25 09:19:35 EST 2010

Timing is on.

            750 - LOAD_BN_SESSION_SUMMARY   

BEGIN
Time: 0 hrs, 0 mins, 0 secs, 588 ms
SET
Time: 0 hrs, 0 mins, 0 secs, 11 ms
CREATE TABLE
Time: 0 hrs, 0 mins, 4 secs, 635 ms
TRUNCATE
Time: 0 hrs, 0 mins, 0 secs, 366 ms
INSERT 0 5281
Time: 0 hrs, 0 mins, 1 secs, 63 ms
ANALYZE
Time: 0 hrs, 0 mins, 0 secs, 55 ms
 count(1) 
----------
     5281
(1 row)

Time: 0 hrs, 0 mins, 0 secs, 88 ms
END
Time: 0 hrs, 0 mins, 0 secs, 791 ms

Thu Nov 25 09:19:43 EST 2010

Timing is on.

           800 - LOAD_BN_HITS

BEGIN
Time: 0 hrs, 0 mins, 0 secs, 642 ms
SET
Time: 0 hrs, 0 mins, 0 secs, 11 ms
TRUNCATE
Time: 0 hrs, 0 mins, 1 secs, 195 ms
INSERT 0 20948995
Time: 0 hrs, 0 mins, 36 secs, 10 ms
 count(1) 
----------
 20948995
(1 row)

Time: 0 hrs, 0 mins, 0 secs, 369 ms
ANALYZE
Time: 0 hrs, 0 mins, 2 secs, 49 ms
END
Time: 0 hrs, 0 mins, 1 secs, 275 ms

Thu Nov 25 09:20:24 EST 2010

Timing is on.

            900 - LOAD_CLICKSTREAM   

BEGIN
Time: 0 hrs, 0 mins, 0 secs, 507 ms
SET
Time: 0 hrs, 0 mins, 0 secs, 11 ms
TRUNCATE
Time: 0 hrs, 0 mins, 1 secs, 499 ms
INSERT 0 20948995
Time: 0 hrs, 1 mins, 30 secs, 563 ms
 count(1) 
----------
 20948995
(1 row)

Time: 0 hrs, 0 mins, 0 secs, 297 ms
ANALYZE
Time: 0 hrs, 0 mins, 0 secs, 817 ms
END
Time: 0 hrs, 0 mins, 1 secs, 969 ms

Thu Nov 25 09:22:00 EST 2010

Timing is on.

            1000 - PAGE_VIEW_SUMMARY  

BEGIN
Time: 0 hrs, 0 mins, 0 secs, 568 ms
SET
Time: 0 hrs, 0 mins, 0 secs, 11 ms
TRUNCATE
Time: 0 hrs, 0 mins, 0 secs, 367 ms
INSERT 0 108485
Time: 0 hrs, 0 mins, 4 secs, 628 ms
 count(1) 
----------
   108485
(1 row)

Time: 0 hrs, 0 mins, 0 secs, 86 ms
ANALYZE
Time: 0 hrs, 0 mins, 0 secs, 57 ms
END
Time: 0 hrs, 0 mins, 1 secs, 87 ms
Thu Nov 25 09:22:07 EST 2010
