Checking for lock file /tmp/.iislock
Acquired lock file /tmp/.iislock
-------------------------------------
Processing for 20101222
-------------------------------------

Thu Dec 23 08:30:10 EST 2010

Timing is on.

           000 - INIT

BEGIN
Time: 0 hrs, 0 mins, 0 secs, 805 ms
*** Truncating staging tables before workflow starts ***
SET
Time: 0 hrs, 0 mins, 0 secs, 14 ms
TRUNCATE
Time: 0 hrs, 0 mins, 1 secs, 556 ms
TRUNCATE
Time: 0 hrs, 0 mins, 0 secs, 274 ms
TRUNCATE
Time: 0 hrs, 0 mins, 0 secs, 706 ms
TRUNCATE
Time: 0 hrs, 0 mins, 0 secs, 241 ms
TRUNCATE
Time: 0 hrs, 0 mins, 0 secs, 452 ms
TRUNCATE
Time: 0 hrs, 0 mins, 0 secs, 269 ms
TRUNCATE
Time: 0 hrs, 0 mins, 0 secs, 301 ms
END
Time: 0 hrs, 0 mins, 4 secs, 431 ms

Thu Dec 23 08:30:20 EST 2010

Timing is on.

            200 - LOAD_BN_IISLOGS   

BEGIN
Time: 0 hrs, 0 mins, 0 secs, 665 ms
SET
Time: 0 hrs, 0 mins, 0 secs, 23 ms
TRUNCATE
Time: 0 hrs, 0 mins, 0 secs, 170 ms
INSERT 0 40760241
Time: 0 hrs, 9 mins, 5 secs, 943 ms
END
Time: 0 hrs, 0 mins, 2 secs, 54 ms
ALTER TABLE
Time: 0 hrs, 7 mins, 17 secs, 221 ms

Thu Dec 23 08:46:46 EST 2010

Timing is on.
BEGIN
Time: 0 hrs, 0 mins, 0 secs, 773 ms
SET
Time: 0 hrs, 0 mins, 0 secs, 11 ms

            250 - LOAD_BN_HITS_SP   

TRUNCATE
Time: 0 hrs, 0 mins, 0 secs, 444 ms
INSERT 0 11456719
Time: 0 hrs, 2 mins, 45 secs, 769 ms
ANALYZE
Time: 0 hrs, 0 mins, 1 secs, 748 ms
END
Time: 0 hrs, 0 mins, 8 secs, 22 ms

Thu Dec 23 08:49:43 EST 2010

Timing is on.
BEGIN
Time: 0 hrs, 0 mins, 0 secs, 616 ms
SET
Time: 0 hrs, 0 mins, 0 secs, 12 ms

           300 - DYNAMIC FILTER

INSERT 0 10226463
Time: 0 hrs, 0 mins, 2 secs, 196 ms
ANALYZE
Time: 0 hrs, 0 mins, 0 secs, 441 ms
 Total records in web_click_cnt 
--------------------------------
                       10226463
(1 row)

Time: 0 hrs, 0 mins, 0 secs, 248 ms
CREATE TABLE
Time: 0 hrs, 0 mins, 1 secs, 521 ms
ANALYZE
Time: 0 hrs, 0 mins, 0 secs, 130 ms
CREATE TABLE
Time: 0 hrs, 0 mins, 0 secs, 449 ms
ANALYZE
Time: 0 hrs, 0 mins, 0 secs, 129 ms
DELETE 1
Time: 0 hrs, 0 mins, 0 secs, 142 ms
INSERT 0 1
Time: 0 hrs, 0 mins, 0 secs, 262 ms
DELETE 1
Time: 0 hrs, 0 mins, 0 secs, 93 ms
INSERT 0 1
Time: 0 hrs, 0 mins, 0 secs, 238 ms
CREATE TABLE
Time: 0 hrs, 0 mins, 1 secs, 398 ms
ANALYZE
Time: 0 hrs, 0 mins, 0 secs, 147 ms
CREATE TABLE
Time: 0 hrs, 0 mins, 0 secs, 352 ms
ANALYZE
Time: 0 hrs, 0 mins, 0 secs, 264 ms
DELETE 1
Time: 0 hrs, 0 mins, 0 secs, 92 ms
INSERT 0 1
Time: 0 hrs, 0 mins, 0 secs, 256 ms
DELETE 1
Time: 0 hrs, 0 mins, 0 secs, 147 ms
INSERT 0 1
Time: 0 hrs, 0 mins, 0 secs, 388 ms
ANALYZE
Time: 0 hrs, 0 mins, 1 secs, 360 ms
    tablename     |    attr_name    | attr_value 
------------------+-----------------+------------
 BN_FILTER_SPIDER | CLK_USER_SD_MPL | 10
 BN_FILTER_SPIDER | IP_USER_SD_MPL  | 1
 BN_FILTER_SPIDER | IP_USER_RATIO   | .955
 BN_FILTER_SPIDER | CLK_USER_MEAN   | 10.563
 BN_FILTER_SPIDER | CLK_USER_SD     | 308.123
 BN_FILTER_SPIDER | IP_USER_MEAN    | 8.200
 BN_FILTER_SPIDER | IP_USER_SD      | 1119.186
(7 rows)

Time: 0 hrs, 0 mins, 0 secs, 488 ms
CREATE TABLE
Time: 0 hrs, 0 mins, 3 secs, 823 ms
CREATE TABLE
Time: 0 hrs, 0 mins, 0 secs, 416 ms
 l_mean_sd_mpl 
---------------
      3091.793
(1 row)

Time: 0 hrs, 0 mins, 0 secs, 255 ms
INSERT 0 33
Time: 0 hrs, 0 mins, 6 secs, 882 ms
ANALYZE
Time: 0 hrs, 0 mins, 0 secs, 88 ms
 Total click_user bn_spider_ip records 
---------------------------------------
                                    33
(1 row)

Time: 0 hrs, 0 mins, 1 secs, 235 ms
CREATE TABLE
Time: 0 hrs, 0 mins, 1 secs, 531 ms
ANALYZE
Time: 0 hrs, 0 mins, 0 secs, 68 ms
CREATE TABLE
Time: 0 hrs, 0 mins, 2 secs, 56 ms
ANALYZE
Time: 0 hrs, 0 mins, 0 secs, 135 ms
DROP 
Time: 0 hrs, 0 mins, 0 secs, 292 ms
CREATE TABLE
Time: 0 hrs, 0 mins, 0 secs, 403 ms
 l_mean_sd_mpl | l_ratio 
---------------+---------
      1127.386 |   0.955
(1 row)

Time: 0 hrs, 0 mins, 0 secs, 179 ms
INSERT 0 7108582
Time: 0 hrs, 0 mins, 4 secs, 318 ms
ANALYZE
Time: 0 hrs, 0 mins, 0 secs, 186 ms
 Total ip_user_filter bn_spider_ip records 
-------------------------------------------
                                   7108582
(1 row)

Time: 0 hrs, 0 mins, 0 secs, 335 ms
INSERT 0 21489758
Time: 0 hrs, 0 mins, 22 secs, 327 ms
ANALYZE
Time: 0 hrs, 0 mins, 4 secs, 128 ms
 bn_hits_stage 
---------------
      21489758
(1 row)

Time: 0 hrs, 0 mins, 0 secs, 349 ms
INSERT 0 7813764
Time: 0 hrs, 0 mins, 25 secs, 987 ms
ANALYZE
Time: 0 hrs, 0 mins, 2 secs, 164 ms
 bn_hits_sp_20101222 
---------------------
            19270483
(1 row)

Time: 0 hrs, 0 mins, 3 secs, 900 ms
END
Time: 0 hrs, 0 mins, 1 secs, 264 ms

Thu Dec 23 08:51:17 EST 2010

Timing is on.
BEGIN
Time: 0 hrs, 0 mins, 0 secs, 622 ms

           600 - LOAD RESOURCES

SET
Time: 0 hrs, 0 mins, 0 secs, 12 ms
CREATE TABLE
Time: 0 hrs, 0 mins, 8 secs, 540 ms
ANALYZE
Time: 0 hrs, 0 mins, 0 secs, 550 ms
 tmp_a_count 
-------------
      141036
(1 row)

Time: 0 hrs, 0 mins, 0 secs, 124 ms
UPDATE 0
Time: 0 hrs, 0 mins, 46 secs, 447 ms
ANALYZE
Time: 0 hrs, 0 mins, 4 secs, 889 ms
INSERT 0 92015
Time: 0 hrs, 1 mins, 0 secs, 187 ms

Time: 0 hrs, 0 mins, 0 secs, 11 ms
ANALYZE
Time: 0 hrs, 0 mins, 0 secs, 781 ms
END
Time: 0 hrs, 0 mins, 0 secs, 976 ms
VACUUM
Time: 0 hrs, 0 mins, 7 secs, 412 ms

Thu Dec 23 08:53:28 EST 2010

Timing is on.

           650 - LOAD_BN_SESSION_STAGE

BEGIN
Time: 0 hrs, 0 mins, 0 secs, 795 ms
SET
Time: 0 hrs, 0 mins, 0 secs, 13 ms
CREATE TABLE
Time: 0 hrs, 0 mins, 46 secs, 348 ms
ANALYZE
Time: 0 hrs, 0 mins, 2 secs, 189 ms
INSERT 0 3346222
Time: 0 hrs, 0 mins, 41 secs, 985 ms
ANALYZE
Time: 0 hrs, 0 mins, 1 secs, 337 ms
CREATE TABLE
Time: 0 hrs, 0 mins, 15 secs, 3 ms
ANALYZE
Time: 0 hrs, 0 mins, 0 secs, 229 ms
CREATE TABLE
Time: 0 hrs, 0 mins, 33 secs, 129 ms
ANALYZE
Time: 0 hrs, 0 mins, 0 secs, 758 ms
INSERT 0 3346222
Time: 0 hrs, 1 mins, 0 secs, 825 ms
 bn_session_stage 
------------------
          3346222
(1 row)

Time: 0 hrs, 0 mins, 0 secs, 509 ms
ANALYZE
Time: 0 hrs, 0 mins, 1 secs, 335 ms
TRUNCATE
Time: 0 hrs, 0 mins, 1 secs, 184 ms
END
Time: 0 hrs, 0 mins, 3 secs, 935 ms

Thu Dec 23 08:56:57 EST 2010

BEGIN

           660 - LOAD_BN_SESSION_UPDATE_STAGE

SET
INSERT 0 0
END

Thu Dec 23 08:57:00 EST 2010

Timing is on.

           670 - LOAD_BN_SESSION_20101222.UPDATES

BEGIN
Time: 0 hrs, 0 mins, 0 secs, 581 ms
SET
Time: 0 hrs, 0 mins, 0 secs, 11 ms
UPDATE 0
Time: 0 hrs, 0 mins, 0 secs, 377 ms
END
Time: 0 hrs, 0 mins, 0 secs, 587 ms
VACUUM
Time: 0 hrs, 0 mins, 2 secs, 209 ms

Thu Dec 23 08:57:04 EST 2010

Timing is on.

           700 - LOAD_BN_SESSION

BEGIN
Time: 0 hrs, 0 mins, 0 secs, 624 ms
SET
Time: 0 hrs, 0 mins, 0 secs, 9 ms
INSERT 0 3346222
Time: 0 hrs, 0 mins, 7 secs, 182 ms
ANALYZE
Time: 0 hrs, 0 mins, 1 secs, 276 ms
END
Time: 0 hrs, 0 mins, 1 secs, 384 ms

Thu Dec 23 08:57:15 EST 2010

Timing is on.

            750 - LOAD_BN_SESSION_SUMMARY   

BEGIN
Time: 0 hrs, 0 mins, 0 secs, 571 ms
SET
Time: 0 hrs, 0 mins, 0 secs, 11 ms
CREATE TABLE
Time: 0 hrs, 0 mins, 6 secs, 424 ms
TRUNCATE
Time: 0 hrs, 0 mins, 0 secs, 616 ms
INSERT 0 257329
Time: 0 hrs, 0 mins, 4 secs, 21 ms
ANALYZE
Time: 0 hrs, 0 mins, 0 secs, 687 ms
 count(1) 
----------
   257329
(1 row)

Time: 0 hrs, 0 mins, 0 secs, 102 ms
END
Time: 0 hrs, 0 mins, 0 secs, 744 ms

Thu Dec 23 08:57:28 EST 2010

Timing is on.

           800 - LOAD_BN_HITS

BEGIN
Time: 0 hrs, 0 mins, 0 secs, 595 ms
SET
Time: 0 hrs, 0 mins, 0 secs, 7 ms
TRUNCATE
Time: 0 hrs, 0 mins, 1 secs, 36 ms
INSERT 0 21489758
Time: 0 hrs, 0 mins, 50 secs, 859 ms
 count(1) 
----------
 21489758
(1 row)

Time: 0 hrs, 0 mins, 0 secs, 296 ms
ANALYZE
Time: 0 hrs, 0 mins, 2 secs, 285 ms
END
Time: 0 hrs, 0 mins, 0 secs, 972 ms

Thu Dec 23 08:58:25 EST 2010

Timing is on.

            900 - LOAD_CLICKSTREAM   

BEGIN
Time: 0 hrs, 0 mins, 0 secs, 673 ms
SET
Time: 0 hrs, 0 mins, 0 secs, 12 ms
TRUNCATE
Time: 0 hrs, 0 mins, 0 secs, 394 ms
INSERT 0 21489758
Time: 0 hrs, 1 mins, 29 secs, 394 ms
 count(1) 
----------
 21489758
(1 row)

Time: 0 hrs, 0 mins, 0 secs, 612 ms
ANALYZE
Time: 0 hrs, 0 mins, 0 secs, 971 ms
END
Time: 0 hrs, 0 mins, 1 secs, 304 ms

Thu Dec 23 08:59:58 EST 2010

Timing is on.

            1000 - PAGE_VIEW_SUMMARY  

BEGIN
Time: 0 hrs, 0 mins, 0 secs, 738 ms
SET
Time: 0 hrs, 0 mins, 0 secs, 11 ms
TRUNCATE
Time: 0 hrs, 0 mins, 0 secs, 323 ms
INSERT 0 146589
Time: 0 hrs, 0 mins, 3 secs, 224 ms
 count(1) 
----------
   146589
(1 row)

Time: 0 hrs, 0 mins, 0 secs, 130 ms
ANALYZE
Time: 0 hrs, 0 mins, 0 secs, 71 ms
END
Time: 0 hrs, 0 mins, 0 secs, 727 ms
Removing lock file and waiting for a minute
Checking for lock file /tmp/.iislock
Acquired lock file /tmp/.iislock
-------------------------------------
Processing for 20101222
-------------------------------------

Fri Dec 24 09:18:10 EST 2010

Timing is on.

           000 - INIT

BEGIN
Time: 0 hrs, 0 mins, 1 secs, 423 ms
*** Truncating staging tables before workflow starts ***
SET
Time: 0 hrs, 0 mins, 0 secs, 11 ms
TRUNCATE
Time: 0 hrs, 0 mins, 2 secs, 169 ms
TRUNCATE
Time: 0 hrs, 0 mins, 0 secs, 567 ms
TRUNCATE
Time: 0 hrs, 0 mins, 0 secs, 557 ms
TRUNCATE
Time: 0 hrs, 0 mins, 0 secs, 911 ms
TRUNCATE
Time: 0 hrs, 0 mins, 0 secs, 446 ms
TRUNCATE
Time: 0 hrs, 0 mins, 0 secs, 536 ms
TRUNCATE
Time: 0 hrs, 0 mins, 1 secs, 169 ms
END
Time: 0 hrs, 2 mins, 38 secs, 969 ms

Fri Dec 24 09:20:57 EST 2010

Timing is on.

            200 - LOAD_BN_IISLOGS   

BEGIN
Time: 0 hrs, 0 mins, 1 secs, 123 ms
SET
Time: 0 hrs, 0 mins, 0 secs, 12 ms
TRUNCATE
Time: 0 hrs, 0 mins, 1 secs, 350 ms
INSERT 0 53465894
Time: 0 hrs, 14 mins, 11 secs, 503 ms
END
Time: 0 hrs, 0 mins, 50 secs, 317 ms
ALTER TABLE
Time: 0 hrs, 0 mins, 28 secs, 95 ms

Fri Dec 24 09:36:29 EST 2010

Timing is on.
BEGIN
Time: 0 hrs, 0 mins, 0 secs, 719 ms
SET
Time: 0 hrs, 0 mins, 0 secs, 11 ms

            250 - LOAD_BN_HITS_SP   

TRUNCATE
Time: 0 hrs, 0 mins, 0 secs, 670 ms
INSERT 0 14881770
Time: 0 hrs, 3 mins, 51 secs, 915 ms
ANALYZE
Time: 0 hrs, 0 mins, 2 secs, 832 ms
END
Time: 0 hrs, 0 mins, 38 secs, 89 ms

Fri Dec 24 09:41:04 EST 2010

Timing is on.
BEGIN
Time: 0 hrs, 0 mins, 1 secs, 899 ms
SET
Time: 0 hrs, 0 mins, 0 secs, 11 ms

           300 - DYNAMIC FILTER

INSERT 0 12897252
Time: 0 hrs, 0 mins, 5 secs, 343 ms
ANALYZE
Time: 0 hrs, 0 mins, 0 secs, 432 ms
 Total records in web_click_cnt 
--------------------------------
                       12897252
(1 row)

Time: 0 hrs, 0 mins, 0 secs, 365 ms
CREATE TABLE
Time: 0 hrs, 0 mins, 1 secs, 643 ms
ANALYZE
Time: 0 hrs, 0 mins, 0 secs, 117 ms
CREATE TABLE
Time: 0 hrs, 0 mins, 0 secs, 548 ms
ANALYZE
Time: 0 hrs, 0 mins, 0 secs, 138 ms
DELETE 1
Time: 0 hrs, 0 mins, 0 secs, 393 ms
INSERT 0 1
Time: 0 hrs, 0 mins, 0 secs, 212 ms
DELETE 1
Time: 0 hrs, 0 mins, 0 secs, 92 ms
INSERT 0 1
Time: 0 hrs, 0 mins, 0 secs, 760 ms
CREATE TABLE
Time: 0 hrs, 0 mins, 2 secs, 205 ms
ANALYZE
Time: 0 hrs, 0 mins, 0 secs, 121 ms
CREATE TABLE
Time: 0 hrs, 0 mins, 0 secs, 473 ms
ANALYZE
Time: 0 hrs, 0 mins, 0 secs, 142 ms
DELETE 1
Time: 0 hrs, 0 mins, 0 secs, 118 ms
INSERT 0 1
Time: 0 hrs, 0 mins, 0 secs, 566 ms
DELETE 1
Time: 0 hrs, 0 mins, 0 secs, 115 ms
INSERT 0 1
Time: 0 hrs, 0 mins, 0 secs, 996 ms
ANALYZE
Time: 0 hrs, 0 mins, 1 secs, 414 ms
    tablename     |    attr_name    | attr_value 
------------------+-----------------+------------
 BN_FILTER_SPIDER | CLK_USER_SD_MPL | 10
 BN_FILTER_SPIDER | IP_USER_SD_MPL  | 1
 BN_FILTER_SPIDER | IP_USER_RATIO   | .955
 BN_FILTER_SPIDER | CLK_USER_MEAN   | 11.363
 BN_FILTER_SPIDER | CLK_USER_SD     | 347.056
 BN_FILTER_SPIDER | IP_USER_MEAN    | 8.451
 BN_FILTER_SPIDER | IP_USER_SD      | 1243.943
(7 rows)

Time: 0 hrs, 0 mins, 0 secs, 193 ms
CREATE TABLE
Time: 0 hrs, 0 mins, 5 secs, 21 ms
CREATE TABLE
Time: 0 hrs, 0 mins, 0 secs, 227 ms
 l_mean_sd_mpl 
---------------
      3481.923
(1 row)

Time: 0 hrs, 0 mins, 0 secs, 234 ms
INSERT 0 38
Time: 0 hrs, 0 mins, 9 secs, 3 ms
ANALYZE
Time: 0 hrs, 0 mins, 0 secs, 320 ms
 Total click_user bn_spider_ip records 
---------------------------------------
                                    38
(1 row)

Time: 0 hrs, 0 mins, 0 secs, 114 ms
CREATE TABLE
Time: 0 hrs, 0 mins, 1 secs, 186 ms
ANALYZE
Time: 0 hrs, 0 mins, 0 secs, 80 ms
CREATE TABLE
Time: 0 hrs, 0 mins, 1 secs, 310 ms
ANALYZE
Time: 0 hrs, 0 mins, 0 secs, 138 ms
DROP 
Time: 0 hrs, 0 mins, 0 secs, 310 ms
CREATE TABLE
Time: 0 hrs, 0 mins, 0 secs, 312 ms
 l_mean_sd_mpl | l_ratio 
---------------+---------
      1252.394 |   0.955
(1 row)

Time: 0 hrs, 0 mins, 0 secs, 173 ms
INSERT 0 8847257
Time: 0 hrs, 0 mins, 5 secs, 4 ms
ANALYZE
Time: 0 hrs, 0 mins, 0 secs, 292 ms
 Total ip_user_filter bn_spider_ip records 
-------------------------------------------
                                   8847257
(1 row)

Time: 0 hrs, 0 mins, 0 secs, 315 ms
INSERT 0 28880777
Time: 0 hrs, 0 mins, 34 secs, 351 ms
ANALYZE
Time: 0 hrs, 0 mins, 3 secs, 115 ms
 bn_hits_stage 
---------------
      28880777
(1 row)

Time: 0 hrs, 0 mins, 0 secs, 276 ms
INSERT 0 9703347
Time: 0 hrs, 0 mins, 41 secs, 320 ms
ANALYZE
Time: 0 hrs, 0 mins, 6 secs, 214 ms
 bn_hits_sp_20101222 
---------------------
            24585117
(1 row)

Time: 0 hrs, 0 mins, 22 secs, 719 ms
END
Time: 0 hrs, 0 mins, 32 secs, 319 ms

Fri Dec 24 09:44:07 EST 2010

Timing is on.
BEGIN
Time: 0 hrs, 0 mins, 0 secs, 868 ms

           600 - LOAD RESOURCES

SET
Time: 0 hrs, 0 mins, 0 secs, 12 ms
CREATE TABLE
Time: 0 hrs, 0 mins, 8 secs, 109 ms
ANALYZE
Time: 0 hrs, 0 mins, 0 secs, 507 ms
 tmp_a_count 
-------------
      197795
(1 row)

Time: 0 hrs, 0 mins, 0 secs, 116 ms
UPDATE 0
Time: 0 hrs, 1 mins, 17 secs, 725 ms
ANALYZE
Time: 0 hrs, 0 mins, 6 secs, 67 ms
INSERT 0 44257
Time: 0 hrs, 1 mins, 6 secs, 448 ms

Time: 0 hrs, 0 mins, 0 secs, 10 ms
ANALYZE
Time: 0 hrs, 0 mins, 0 secs, 760 ms
END
Time: 0 hrs, 0 mins, 30 secs, 623 ms
VACUUM
Time: 0 hrs, 0 mins, 24 secs, 304 ms

Fri Dec 24 09:47:42 EST 2010

Timing is on.

           650 - LOAD_BN_SESSION_STAGE

BEGIN
Time: 0 hrs, 0 mins, 0 secs, 766 ms
SET
Time: 0 hrs, 0 mins, 0 secs, 12 ms
CREATE TABLE
Time: 0 hrs, 1 mins, 0 secs, 403 ms
ANALYZE
Time: 0 hrs, 0 mins, 2 secs, 245 ms
INSERT 0 4435408
Time: 0 hrs, 0 mins, 59 secs, 118 ms
ANALYZE
Time: 0 hrs, 0 mins, 1 secs, 193 ms
CREATE TABLE
Time: 0 hrs, 0 mins, 21 secs, 783 ms
ANALYZE
Time: 0 hrs, 0 mins, 0 secs, 249 ms
CREATE TABLE
Time: 0 hrs, 0 mins, 45 secs, 595 ms
ANALYZE
Time: 0 hrs, 0 mins, 0 secs, 863 ms
INSERT 0 4435408
Time: 0 hrs, 1 mins, 55 secs, 153 ms
 bn_session_stage 
------------------
          4435408
(1 row)

Time: 0 hrs, 0 mins, 0 secs, 519 ms
ANALYZE
Time: 0 hrs, 0 mins, 1 secs, 311 ms
TRUNCATE
Time: 0 hrs, 0 mins, 0 secs, 998 ms
END
Time: 0 hrs, 0 mins, 29 secs, 707 ms

Fri Dec 24 09:53:23 EST 2010

BEGIN

           660 - LOAD_BN_SESSION_UPDATE_STAGE

SET
INSERT 0 0
END

Fri Dec 24 09:53:47 EST 2010

Timing is on.

           670 - LOAD_BN_SESSION_20101222.UPDATES

BEGIN
Time: 0 hrs, 0 mins, 0 secs, 708 ms
SET
Time: 0 hrs, 0 mins, 0 secs, 11 ms
UPDATE 0
Time: 0 hrs, 0 mins, 0 secs, 451 ms
END
Time: 0 hrs, 0 mins, 34 secs, 842 ms
VACUUM
Time: 0 hrs, 0 mins, 35 secs, 41 ms

Fri Dec 24 09:54:58 EST 2010

Timing is on.

           700 - LOAD_BN_SESSION

BEGIN
Time: 0 hrs, 0 mins, 0 secs, 938 ms
SET
Time: 0 hrs, 0 mins, 0 secs, 11 ms
INSERT 0 4435408
Time: 0 hrs, 0 mins, 15 secs, 172 ms
ANALYZE
Time: 0 hrs, 0 mins, 1 secs, 389 ms
END
Time: 0 hrs, 0 mins, 24 secs, 44 ms

Fri Dec 24 09:55:40 EST 2010

Timing is on.

            750 - LOAD_BN_SESSION_SUMMARY   

BEGIN
Time: 0 hrs, 0 mins, 0 secs, 624 ms
SET
Time: 0 hrs, 0 mins, 0 secs, 10 ms
CREATE TABLE
Time: 0 hrs, 0 mins, 8 secs, 900 ms
TRUNCATE
Time: 0 hrs, 0 mins, 1 secs, 226 ms
INSERT 0 320899
Time: 0 hrs, 0 mins, 4 secs, 741 ms
ANALYZE
Time: 0 hrs, 0 mins, 0 secs, 670 ms
 count(1) 
----------
   320899
(1 row)

Time: 0 hrs, 0 mins, 0 secs, 95 ms
END
Time: 0 hrs, 0 mins, 25 secs, 793 ms

Fri Dec 24 09:56:23 EST 2010

Timing is on.

           800 - LOAD_BN_HITS

BEGIN
Time: 0 hrs, 0 mins, 0 secs, 599 ms
SET
Time: 0 hrs, 0 mins, 0 secs, 12 ms
TRUNCATE
Time: 0 hrs, 0 mins, 0 secs, 839 ms
INSERT 0 28880777
Time: 0 hrs, 1 mins, 0 secs, 375 ms
 count(1) 
----------
 28880777
(1 row)

Time: 0 hrs, 0 mins, 0 secs, 593 ms
ANALYZE
Time: 0 hrs, 0 mins, 2 secs, 473 ms
END
Time: 0 hrs, 0 mins, 26 secs, 278 ms

Fri Dec 24 09:57:54 EST 2010

Timing is on.

            900 - LOAD_CLICKSTREAM   

BEGIN
Time: 0 hrs, 0 mins, 1 secs, 400 ms
SET
Time: 0 hrs, 0 mins, 0 secs, 9 ms
TRUNCATE
Time: 0 hrs, 0 mins, 0 secs, 339 ms
INSERT 0 28880777
Time: 0 hrs, 1 mins, 42 secs, 419 ms
 count(1) 
----------
 28880777
(1 row)

Time: 0 hrs, 0 mins, 0 secs, 405 ms
ANALYZE
Time: 0 hrs, 0 mins, 0 secs, 978 ms
END
Time: 0 hrs, 0 mins, 26 secs, 513 ms

Fri Dec 24 10:00:06 EST 2010

Timing is on.

            1000 - PAGE_VIEW_SUMMARY  

BEGIN
Time: 0 hrs, 0 mins, 0 secs, 968 ms
SET
Time: 0 hrs, 0 mins, 0 secs, 10 ms
TRUNCATE
Time: 0 hrs, 0 mins, 1 secs, 479 ms
INSERT 0 205005
Time: 0 hrs, 0 mins, 4 secs, 34 ms
 count(1) 
----------
   205005
(1 row)

Time: 0 hrs, 0 mins, 0 secs, 431 ms
ANALYZE
Time: 0 hrs, 0 mins, 0 secs, 87 ms
END
Time: 0 hrs, 0 mins, 31 secs, 544 ms
Removing lock file and waiting for a minute
