Timing is on.
BEGIN
Time: 0 hrs, 0 mins, 0 secs, 616 ms
CREATE TABLE
Time: 0 hrs, 0 mins, 0 secs, 820 ms
CREATE TABLE
Time: 0 hrs, 0 mins, 0 secs, 179 ms
CREATE TABLE
Time: 0 hrs, 0 mins, 0 secs, 240 ms
CREATE TABLE
Time: 0 hrs, 0 mins, 0 secs, 250 ms
CREATE TABLE
Time: 0 hrs, 0 mins, 0 secs, 167 ms
CREATE TABLE
Time: 0 hrs, 0 mins, 0 secs, 169 ms
CREATE TABLE
Time: 0 hrs, 0 mins, 0 secs, 170 ms
CREATE TABLE
Time: 0 hrs, 0 mins, 0 secs, 220 ms
CREATE TABLE
Time: 0 hrs, 0 mins, 0 secs, 159 ms
CREATE TABLE
Time: 0 hrs, 0 mins, 0 secs, 217 ms
CREATE TABLE
Time: 0 hrs, 0 mins, 0 secs, 346 ms
CREATE TABLE
Time: 0 hrs, 0 mins, 0 secs, 259 ms
CREATE TABLE
Time: 0 hrs, 0 mins, 0 secs, 235 ms
CREATE TABLE
Time: 0 hrs, 0 mins, 0 secs, 152 ms
CREATE TABLE
Time: 0 hrs, 0 mins, 0 secs, 174 ms
CREATE TABLE
Time: 0 hrs, 0 mins, 0 secs, 158 ms
CREATE TABLE
Time: 0 hrs, 0 mins, 0 secs, 160 ms
CREATE TABLE
Time: 0 hrs, 0 mins, 0 secs, 170 ms
CREATE TABLE
Time: 0 hrs, 0 mins, 0 secs, 202 ms
CREATE TABLE
Time: 0 hrs, 0 mins, 0 secs, 223 ms
CREATE TABLE
Time: 0 hrs, 0 mins, 0 secs, 169 ms
CREATE TABLE
Time: 0 hrs, 0 mins, 0 secs, 199 ms
CREATE TABLE
Time: 0 hrs, 0 mins, 0 secs, 181 ms
CREATE TABLE
Time: 0 hrs, 0 mins, 0 secs, 201 ms
CREATE TABLE
Time: 0 hrs, 0 mins, 0 secs, 228 ms
CREATE TABLE
Time: 0 hrs, 0 mins, 0 secs, 228 ms
CREATE TABLE
Time: 0 hrs, 0 mins, 0 secs, 225 ms
CREATE TABLE
Time: 0 hrs, 0 mins, 0 secs, 175 ms
CREATE TABLE
Time: 0 hrs, 0 mins, 0 secs, 211 ms
CREATE TABLE
Time: 0 hrs, 0 mins, 0 secs, 210 ms
CREATE TABLE
Time: 0 hrs, 0 mins, 0 secs, 193 ms
CREATE TABLE
Time: 0 hrs, 0 mins, 0 secs, 197 ms
CREATE TABLE
Time: 0 hrs, 0 mins, 0 secs, 217 ms
CREATE TABLE
Time: 0 hrs, 0 mins, 0 secs, 172 ms
CREATE TABLE
Time: 0 hrs, 0 mins, 0 secs, 156 ms
CREATE TABLE
Time: 0 hrs, 0 mins, 0 secs, 203 ms
CREATE TABLE
Time: 0 hrs, 0 mins, 0 secs, 226 ms
CREATE TABLE
Time: 0 hrs, 0 mins, 0 secs, 212 ms
CREATE TABLE
Time: 0 hrs, 0 mins, 0 secs, 518 ms
CREATE TABLE
Time: 0 hrs, 0 mins, 0 secs, 163 ms
CREATE TABLE
Time: 0 hrs, 0 mins, 0 secs, 390 ms
CREATE TABLE
Time: 0 hrs, 0 mins, 0 secs, 172 ms
CREATE TABLE
Time: 0 hrs, 0 mins, 0 secs, 152 ms
CREATE TABLE
Time: 0 hrs, 0 mins, 0 secs, 144 ms
CREATE TABLE
Time: 0 hrs, 0 mins, 0 secs, 156 ms
CREATE TABLE
Time: 0 hrs, 0 mins, 0 secs, 465 ms
CREATE TABLE
Time: 0 hrs, 0 mins, 0 secs, 167 ms
CREATE TABLE
Time: 0 hrs, 0 mins, 0 secs, 402 ms
CREATE TABLE
Time: 0 hrs, 0 mins, 0 secs, 231 ms
CREATE TABLE
Time: 0 hrs, 0 mins, 0 secs, 166 ms
CREATE TABLE
Time: 0 hrs, 0 mins, 0 secs, 178 ms
CREATE TABLE
Time: 0 hrs, 0 mins, 0 secs, 459 ms
CREATE TABLE
Time: 0 hrs, 0 mins, 0 secs, 155 ms
CREATE TABLE
Time: 0 hrs, 0 mins, 0 secs, 151 ms
CREATE TABLE
Time: 0 hrs, 0 mins, 0 secs, 144 ms
CREATE TABLE
Time: 0 hrs, 0 mins, 0 secs, 166 ms
CREATE TABLE
Time: 0 hrs, 0 mins, 0 secs, 154 ms
CREATE TABLE
Time: 0 hrs, 0 mins, 0 secs, 461 ms
CREATE TABLE
Time: 0 hrs, 0 mins, 0 secs, 368 ms
CREATE TABLE
Time: 0 hrs, 0 mins, 0 secs, 133 ms
CREATE TABLE
Time: 0 hrs, 0 mins, 0 secs, 163 ms
CREATE TABLE
Time: 0 hrs, 0 mins, 0 secs, 135 ms
CREATE TABLE
Time: 0 hrs, 0 mins, 0 secs, 124 ms
CREATE TABLE
Time: 0 hrs, 0 mins, 0 secs, 426 ms
CREATE TABLE
Time: 0 hrs, 0 mins, 0 secs, 145 ms
CREATE TABLE
Time: 0 hrs, 0 mins, 0 secs, 142 ms
CREATE TABLE
Time: 0 hrs, 0 mins, 0 secs, 172 ms
CREATE TABLE
Time: 0 hrs, 0 mins, 0 secs, 135 ms
CREATE TABLE
Time: 0 hrs, 0 mins, 0 secs, 154 ms
CREATE TABLE
Time: 0 hrs, 0 mins, 0 secs, 158 ms
CREATE TABLE
Time: 0 hrs, 0 mins, 0 secs, 152 ms
CREATE TABLE
Time: 0 hrs, 0 mins, 0 secs, 152 ms
CREATE TABLE
Time: 0 hrs, 0 mins, 0 secs, 146 ms
CREATE TABLE
Time: 0 hrs, 0 mins, 0 secs, 137 ms
CREATE TABLE
Time: 0 hrs, 0 mins, 0 secs, 128 ms
CREATE TABLE
Time: 0 hrs, 0 mins, 0 secs, 129 ms
CREATE TABLE
Time: 0 hrs, 0 mins, 0 secs, 161 ms
CREATE TABLE
Time: 0 hrs, 0 mins, 0 secs, 187 ms
CREATE TABLE
Time: 0 hrs, 0 mins, 0 secs, 141 ms
CREATE TABLE
Time: 0 hrs, 0 mins, 0 secs, 151 ms
CREATE TABLE
Time: 0 hrs, 0 mins, 0 secs, 173 ms
CREATE TABLE
Time: 0 hrs, 0 mins, 0 secs, 120 ms
CREATE TABLE
Time: 0 hrs, 0 mins, 0 secs, 145 ms
CREATE TABLE
Time: 0 hrs, 0 mins, 0 secs, 125 ms
CREATE TABLE
Time: 0 hrs, 0 mins, 0 secs, 144 ms
CREATE TABLE
Time: 0 hrs, 0 mins, 0 secs, 128 ms
CREATE TABLE
Time: 0 hrs, 0 mins, 0 secs, 151 ms
CREATE TABLE
Time: 0 hrs, 0 mins, 0 secs, 154 ms
CREATE TABLE
Time: 0 hrs, 0 mins, 0 secs, 151 ms
CREATE TABLE
Time: 0 hrs, 0 mins, 0 secs, 136 ms
CREATE TABLE
Time: 0 hrs, 0 mins, 0 secs, 147 ms
CREATE TABLE
Time: 0 hrs, 0 mins, 0 secs, 427 ms
CREATE TABLE
Time: 0 hrs, 0 mins, 0 secs, 186 ms
CREATE TABLE
Time: 0 hrs, 0 mins, 0 secs, 144 ms
CREATE TABLE
Time: 0 hrs, 0 mins, 0 secs, 219 ms
CREATE TABLE
Time: 0 hrs, 0 mins, 0 secs, 156 ms
CREATE TABLE
Time: 0 hrs, 0 mins, 0 secs, 456 ms
CREATE TABLE
Time: 0 hrs, 0 mins, 0 secs, 155 ms
CREATE TABLE
Time: 0 hrs, 0 mins, 0 secs, 125 ms
CREATE TABLE
Time: 0 hrs, 0 mins, 0 secs, 146 ms
CREATE TABLE
Time: 0 hrs, 0 mins, 0 secs, 147 ms
CREATE TABLE
Time: 0 hrs, 0 mins, 0 secs, 134 ms
CREATE TABLE
Time: 0 hrs, 0 mins, 0 secs, 140 ms
CREATE TABLE
Time: 0 hrs, 0 mins, 0 secs, 151 ms
CREATE TABLE
Time: 0 hrs, 0 mins, 0 secs, 132 ms
CREATE TABLE
Time: 0 hrs, 0 mins, 0 secs, 135 ms
CREATE TABLE
Time: 0 hrs, 0 mins, 0 secs, 145 ms
CREATE TABLE
Time: 0 hrs, 0 mins, 0 secs, 139 ms
CREATE TABLE
Time: 0 hrs, 0 mins, 0 secs, 351 ms
CREATE TABLE
Time: 0 hrs, 0 mins, 0 secs, 153 ms
CREATE TABLE
Time: 0 hrs, 0 mins, 0 secs, 459 ms
CREATE TABLE
Time: 0 hrs, 0 mins, 0 secs, 416 ms
CREATE TABLE
Time: 0 hrs, 0 mins, 0 secs, 531 ms
CREATE TABLE
Time: 0 hrs, 0 mins, 0 secs, 170 ms
CREATE TABLE
Time: 0 hrs, 0 mins, 0 secs, 141 ms
CREATE TABLE
Time: 0 hrs, 0 mins, 0 secs, 136 ms
CREATE TABLE
Time: 0 hrs, 0 mins, 0 secs, 134 ms
CREATE TABLE
Time: 0 hrs, 0 mins, 0 secs, 196 ms
CREATE TABLE
Time: 0 hrs, 0 mins, 0 secs, 135 ms
CREATE TABLE
Time: 0 hrs, 0 mins, 0 secs, 152 ms
CREATE TABLE
Time: 0 hrs, 0 mins, 0 secs, 135 ms
CREATE TABLE
Time: 0 hrs, 0 mins, 0 secs, 139 ms
CREATE TABLE
Time: 0 hrs, 0 mins, 0 secs, 153 ms
CREATE TABLE
Time: 0 hrs, 0 mins, 0 secs, 138 ms
CREATE TABLE
Time: 0 hrs, 0 mins, 0 secs, 252 ms
CREATE TABLE
Time: 0 hrs, 0 mins, 0 secs, 171 ms
CREATE TABLE
Time: 0 hrs, 0 mins, 0 secs, 148 ms
CREATE TABLE
Time: 0 hrs, 0 mins, 0 secs, 153 ms
CREATE TABLE
Time: 0 hrs, 0 mins, 0 secs, 140 ms
CREATE TABLE
Time: 0 hrs, 0 mins, 0 secs, 143 ms
CREATE TABLE
Time: 0 hrs, 0 mins, 0 secs, 134 ms
CREATE TABLE
Time: 0 hrs, 0 mins, 0 secs, 142 ms
CREATE TABLE
Time: 0 hrs, 0 mins, 0 secs, 139 ms
CREATE TABLE
Time: 0 hrs, 0 mins, 0 secs, 142 ms
CREATE TABLE
Time: 0 hrs, 0 mins, 0 secs, 142 ms
CREATE TABLE
Time: 0 hrs, 0 mins, 0 secs, 166 ms
CREATE TABLE
Time: 0 hrs, 0 mins, 0 secs, 154 ms
CREATE TABLE
Time: 0 hrs, 0 mins, 0 secs, 150 ms
CREATE TABLE
Time: 0 hrs, 0 mins, 0 secs, 448 ms
CREATE TABLE
Time: 0 hrs, 0 mins, 0 secs, 430 ms
CREATE TABLE
Time: 0 hrs, 0 mins, 0 secs, 242 ms
CREATE TABLE
Time: 0 hrs, 0 mins, 0 secs, 153 ms
CREATE TABLE
Time: 0 hrs, 0 mins, 0 secs, 150 ms
CREATE TABLE
Time: 0 hrs, 0 mins, 0 secs, 164 ms
CREATE TABLE
Time: 0 hrs, 0 mins, 0 secs, 492 ms
CREATE TABLE
Time: 0 hrs, 0 mins, 0 secs, 147 ms
CREATE TABLE
Time: 0 hrs, 0 mins, 0 secs, 210 ms
CREATE TABLE
Time: 0 hrs, 0 mins, 0 secs, 165 ms
CREATE TABLE
Time: 0 hrs, 0 mins, 0 secs, 142 ms
CREATE TABLE
Time: 0 hrs, 0 mins, 0 secs, 127 ms
CREATE TABLE
Time: 0 hrs, 0 mins, 0 secs, 120 ms
CREATE TABLE
Time: 0 hrs, 0 mins, 0 secs, 144 ms
CREATE TABLE
Time: 0 hrs, 0 mins, 0 secs, 159 ms
CREATE TABLE
Time: 0 hrs, 0 mins, 0 secs, 146 ms
CREATE TABLE
Time: 0 hrs, 0 mins, 0 secs, 251 ms
CREATE TABLE
Time: 0 hrs, 0 mins, 0 secs, 213 ms
CREATE TABLE
Time: 0 hrs, 0 mins, 0 secs, 136 ms
CREATE TABLE
Time: 0 hrs, 0 mins, 0 secs, 180 ms
CREATE TABLE
Time: 0 hrs, 0 mins, 0 secs, 141 ms
CREATE TABLE
Time: 0 hrs, 0 mins, 0 secs, 154 ms
CREATE TABLE
Time: 0 hrs, 0 mins, 0 secs, 160 ms
CREATE TABLE
Time: 0 hrs, 0 mins, 0 secs, 146 ms
CREATE TABLE
Time: 0 hrs, 0 mins, 0 secs, 144 ms
CREATE TABLE
Time: 0 hrs, 0 mins, 0 secs, 144 ms
CREATE TABLE
Time: 0 hrs, 0 mins, 0 secs, 146 ms
CREATE TABLE
Time: 0 hrs, 0 mins, 0 secs, 160 ms
CREATE TABLE
Time: 0 hrs, 0 mins, 0 secs, 386 ms
CREATE TABLE
Time: 0 hrs, 0 mins, 0 secs, 367 ms
CREATE TABLE
Time: 0 hrs, 0 mins, 0 secs, 166 ms
CREATE TABLE
Time: 0 hrs, 0 mins, 0 secs, 156 ms
CREATE TABLE
Time: 0 hrs, 0 mins, 0 secs, 146 ms
CREATE TABLE
Time: 0 hrs, 0 mins, 0 secs, 129 ms
CREATE TABLE
Time: 0 hrs, 0 mins, 0 secs, 148 ms
CREATE TABLE
Time: 0 hrs, 0 mins, 0 secs, 158 ms
CREATE TABLE
Time: 0 hrs, 0 mins, 0 secs, 148 ms
CREATE TABLE
Time: 0 hrs, 0 mins, 0 secs, 394 ms
CREATE TABLE
Time: 0 hrs, 0 mins, 0 secs, 183 ms
CREATE TABLE
Time: 0 hrs, 0 mins, 0 secs, 235 ms
CREATE TABLE
Time: 0 hrs, 0 mins, 0 secs, 188 ms
CREATE TABLE
Time: 0 hrs, 0 mins, 0 secs, 883 ms
CREATE TABLE
Time: 0 hrs, 0 mins, 0 secs, 241 ms
CREATE TABLE
Time: 0 hrs, 0 mins, 0 secs, 144 ms
CREATE TABLE
Time: 0 hrs, 0 mins, 0 secs, 165 ms
CREATE TABLE
Time: 0 hrs, 0 mins, 0 secs, 145 ms
CREATE TABLE
Time: 0 hrs, 0 mins, 0 secs, 134 ms
CREATE TABLE
Time: 0 hrs, 0 mins, 0 secs, 137 ms
CREATE TABLE
Time: 0 hrs, 0 mins, 0 secs, 162 ms
CREATE TABLE
Time: 0 hrs, 0 mins, 0 secs, 151 ms
CREATE TABLE
Time: 0 hrs, 0 mins, 0 secs, 142 ms
CREATE TABLE
Time: 0 hrs, 0 mins, 0 secs, 426 ms
CREATE TABLE
Time: 0 hrs, 0 mins, 0 secs, 161 ms
CREATE TABLE
Time: 0 hrs, 0 mins, 0 secs, 140 ms
CREATE TABLE
Time: 0 hrs, 0 mins, 0 secs, 150 ms
CREATE TABLE
Time: 0 hrs, 0 mins, 0 secs, 200 ms
CREATE TABLE
Time: 0 hrs, 0 mins, 0 secs, 160 ms
CREATE TABLE
Time: 0 hrs, 0 mins, 0 secs, 156 ms
CREATE TABLE
Time: 0 hrs, 0 mins, 0 secs, 162 ms
CREATE TABLE
Time: 0 hrs, 0 mins, 0 secs, 161 ms
CREATE TABLE
Time: 0 hrs, 0 mins, 0 secs, 143 ms
CREATE TABLE
Time: 0 hrs, 0 mins, 0 secs, 139 ms
CREATE TABLE
Time: 0 hrs, 0 mins, 0 secs, 139 ms
CREATE TABLE
Time: 0 hrs, 0 mins, 0 secs, 133 ms
CREATE TABLE
Time: 0 hrs, 0 mins, 0 secs, 173 ms
CREATE TABLE
Time: 0 hrs, 0 mins, 0 secs, 149 ms
CREATE TABLE
Time: 0 hrs, 0 mins, 0 secs, 163 ms
CREATE TABLE
Time: 0 hrs, 0 mins, 0 secs, 154 ms
CREATE TABLE
Time: 0 hrs, 0 mins, 0 secs, 175 ms
CREATE TABLE
Time: 0 hrs, 0 mins, 0 secs, 159 ms
CREATE TABLE
Time: 0 hrs, 0 mins, 0 secs, 148 ms
CREATE TABLE
Time: 0 hrs, 0 mins, 0 secs, 142 ms
CREATE TABLE
Time: 0 hrs, 0 mins, 0 secs, 151 ms
CREATE TABLE
Time: 0 hrs, 0 mins, 0 secs, 154 ms
CREATE TABLE
Time: 0 hrs, 0 mins, 0 secs, 150 ms
CREATE TABLE
Time: 0 hrs, 0 mins, 0 secs, 177 ms
CREATE TABLE
Time: 0 hrs, 0 mins, 0 secs, 164 ms
CREATE TABLE
Time: 0 hrs, 0 mins, 0 secs, 175 ms
CREATE TABLE
Time: 0 hrs, 0 mins, 0 secs, 132 ms
CREATE TABLE
Time: 0 hrs, 0 mins, 0 secs, 158 ms
CREATE TABLE
Time: 0 hrs, 0 mins, 0 secs, 150 ms
CREATE TABLE
Time: 0 hrs, 0 mins, 0 secs, 157 ms
CREATE TABLE
Time: 0 hrs, 0 mins, 0 secs, 128 ms
CREATE TABLE
Time: 0 hrs, 0 mins, 0 secs, 440 ms
CREATE TABLE
Time: 0 hrs, 0 mins, 0 secs, 217 ms
CREATE TABLE
Time: 0 hrs, 0 mins, 0 secs, 398 ms
CREATE TABLE
Time: 0 hrs, 0 mins, 0 secs, 174 ms
CREATE TABLE
Time: 0 hrs, 0 mins, 0 secs, 155 ms
CREATE TABLE
Time: 0 hrs, 0 mins, 0 secs, 139 ms
CREATE TABLE
Time: 0 hrs, 0 mins, 0 secs, 148 ms
CREATE TABLE
Time: 0 hrs, 0 mins, 0 secs, 306 ms
CREATE TABLE
Time: 0 hrs, 0 mins, 0 secs, 172 ms
CREATE TABLE
Time: 0 hrs, 0 mins, 0 secs, 175 ms
CREATE TABLE
Time: 0 hrs, 0 mins, 0 secs, 442 ms
CREATE TABLE
Time: 0 hrs, 0 mins, 0 secs, 385 ms
CREATE TABLE
Time: 0 hrs, 0 mins, 0 secs, 615 ms
CREATE TABLE
Time: 0 hrs, 0 mins, 0 secs, 202 ms
CREATE TABLE
Time: 0 hrs, 0 mins, 0 secs, 163 ms
CREATE TABLE
Time: 0 hrs, 0 mins, 0 secs, 164 ms
CREATE TABLE
Time: 0 hrs, 0 mins, 0 secs, 131 ms
CREATE TABLE
Time: 0 hrs, 0 mins, 0 secs, 138 ms
CREATE TABLE
Time: 0 hrs, 0 mins, 0 secs, 156 ms
CREATE TABLE
Time: 0 hrs, 0 mins, 0 secs, 131 ms
CREATE TABLE
Time: 0 hrs, 0 mins, 0 secs, 141 ms
CREATE TABLE
Time: 0 hrs, 0 mins, 0 secs, 153 ms
CREATE TABLE
Time: 0 hrs, 0 mins, 0 secs, 142 ms
CREATE TABLE
Time: 0 hrs, 0 mins, 0 secs, 144 ms
CREATE TABLE
Time: 0 hrs, 0 mins, 0 secs, 141 ms
CREATE TABLE
Time: 0 hrs, 0 mins, 0 secs, 148 ms
CREATE TABLE
Time: 0 hrs, 0 mins, 0 secs, 157 ms
CREATE TABLE
Time: 0 hrs, 0 mins, 0 secs, 438 ms
CREATE TABLE
Time: 0 hrs, 0 mins, 0 secs, 237 ms
CREATE TABLE
Time: 0 hrs, 0 mins, 0 secs, 151 ms
CREATE TABLE
Time: 0 hrs, 0 mins, 0 secs, 155 ms
CREATE TABLE
Time: 0 hrs, 0 mins, 0 secs, 146 ms
CREATE TABLE
Time: 0 hrs, 0 mins, 0 secs, 147 ms
CREATE TABLE
Time: 0 hrs, 0 mins, 0 secs, 141 ms
CREATE TABLE
Time: 0 hrs, 0 mins, 0 secs, 167 ms
CREATE TABLE
Time: 0 hrs, 0 mins, 0 secs, 155 ms
CREATE TABLE
Time: 0 hrs, 0 mins, 0 secs, 168 ms
CREATE TABLE
Time: 0 hrs, 0 mins, 0 secs, 157 ms
CREATE TABLE
Time: 0 hrs, 0 mins, 0 secs, 140 ms
CREATE TABLE
Time: 0 hrs, 0 mins, 0 secs, 139 ms
CREATE TABLE
Time: 0 hrs, 0 mins, 0 secs, 149 ms
CREATE TABLE
Time: 0 hrs, 0 mins, 0 secs, 151 ms
CREATE TABLE
Time: 0 hrs, 0 mins, 0 secs, 167 ms
CREATE TABLE
Time: 0 hrs, 0 mins, 0 secs, 148 ms
CREATE TABLE
Time: 0 hrs, 0 mins, 0 secs, 137 ms
CREATE TABLE
Time: 0 hrs, 0 mins, 0 secs, 141 ms
CREATE TABLE
Time: 0 hrs, 0 mins, 0 secs, 138 ms
CREATE TABLE
Time: 0 hrs, 0 mins, 0 secs, 136 ms
CREATE TABLE
Time: 0 hrs, 0 mins, 0 secs, 131 ms
CREATE TABLE
Time: 0 hrs, 0 mins, 0 secs, 149 ms
CREATE TABLE
Time: 0 hrs, 0 mins, 0 secs, 163 ms
CREATE TABLE
Time: 0 hrs, 0 mins, 0 secs, 137 ms
CREATE TABLE
Time: 0 hrs, 0 mins, 0 secs, 134 ms
CREATE TABLE
Time: 0 hrs, 0 mins, 0 secs, 148 ms
CREATE TABLE
Time: 0 hrs, 0 mins, 0 secs, 486 ms
CREATE TABLE
Time: 0 hrs, 0 mins, 0 secs, 150 ms
CREATE TABLE
Time: 0 hrs, 0 mins, 0 secs, 136 ms
CREATE TABLE
Time: 0 hrs, 0 mins, 0 secs, 152 ms
CREATE TABLE
Time: 0 hrs, 0 mins, 0 secs, 159 ms
CREATE TABLE
Time: 0 hrs, 0 mins, 0 secs, 472 ms
CREATE TABLE
Time: 0 hrs, 0 mins, 0 secs, 222 ms
CREATE TABLE
Time: 0 hrs, 0 mins, 0 secs, 144 ms
CREATE TABLE
Time: 0 hrs, 0 mins, 0 secs, 152 ms
CREATE TABLE
Time: 0 hrs, 0 mins, 0 secs, 138 ms
CREATE TABLE
Time: 0 hrs, 0 mins, 0 secs, 138 ms
CREATE TABLE
Time: 0 hrs, 0 mins, 0 secs, 144 ms
CREATE TABLE
Time: 0 hrs, 0 mins, 0 secs, 190 ms
CREATE TABLE
Time: 0 hrs, 0 mins, 0 secs, 176 ms
CREATE TABLE
Time: 0 hrs, 0 mins, 0 secs, 910 ms
CREATE TABLE
Time: 0 hrs, 0 mins, 0 secs, 241 ms
CREATE TABLE
Time: 0 hrs, 0 mins, 0 secs, 157 ms
CREATE TABLE
Time: 0 hrs, 0 mins, 0 secs, 144 ms
CREATE TABLE
Time: 0 hrs, 0 mins, 0 secs, 153 ms
CREATE TABLE
Time: 0 hrs, 0 mins, 0 secs, 159 ms
CREATE TABLE
Time: 0 hrs, 0 mins, 1 secs, 40 ms
CREATE TABLE
Time: 0 hrs, 0 mins, 0 secs, 572 ms
CREATE TABLE
Time: 0 hrs, 0 mins, 0 secs, 425 ms
CREATE TABLE
Time: 0 hrs, 0 mins, 0 secs, 450 ms
CREATE TABLE
Time: 0 hrs, 0 mins, 0 secs, 367 ms
CREATE TABLE
Time: 0 hrs, 0 mins, 0 secs, 447 ms
CREATE TABLE
Time: 0 hrs, 0 mins, 0 secs, 508 ms
CREATE TABLE
Time: 0 hrs, 0 mins, 0 secs, 461 ms
CREATE TABLE
Time: 0 hrs, 0 mins, 0 secs, 804 ms
CREATE TABLE
Time: 0 hrs, 0 mins, 0 secs, 634 ms
CREATE TABLE
Time: 0 hrs, 0 mins, 0 secs, 640 ms
CREATE TABLE
Time: 0 hrs, 0 mins, 0 secs, 900 ms
CREATE TABLE
Time: 0 hrs, 0 mins, 0 secs, 546 ms
CREATE TABLE
Time: 0 hrs, 0 mins, 0 secs, 523 ms
CREATE TABLE
Time: 0 hrs, 0 mins, 0 secs, 410 ms
CREATE TABLE
Time: 0 hrs, 0 mins, 0 secs, 595 ms
CREATE TABLE
Time: 0 hrs, 0 mins, 0 secs, 348 ms
CREATE TABLE
Time: 0 hrs, 0 mins, 0 secs, 818 ms
CREATE TABLE
Time: 0 hrs, 0 mins, 0 secs, 632 ms
CREATE TABLE
Time: 0 hrs, 0 mins, 0 secs, 952 ms
CREATE TABLE
Time: 0 hrs, 0 mins, 1 secs, 445 ms
CREATE TABLE
Time: 0 hrs, 0 mins, 0 secs, 581 ms
CREATE TABLE
Time: 0 hrs, 0 mins, 0 secs, 573 ms
CREATE TABLE
Time: 0 hrs, 0 mins, 0 secs, 572 ms
CREATE TABLE
Time: 0 hrs, 0 mins, 0 secs, 585 ms
CREATE TABLE
Time: 0 hrs, 0 mins, 0 secs, 750 ms
CREATE TABLE
Time: 0 hrs, 0 mins, 0 secs, 604 ms
CREATE TABLE
Time: 0 hrs, 0 mins, 0 secs, 590 ms
CREATE TABLE
Time: 0 hrs, 0 mins, 0 secs, 745 ms
CREATE TABLE
Time: 0 hrs, 0 mins, 0 secs, 715 ms
CREATE TABLE
Time: 0 hrs, 0 mins, 0 secs, 395 ms
CREATE TABLE
Time: 0 hrs, 0 mins, 0 secs, 410 ms
CREATE TABLE
Time: 0 hrs, 0 mins, 0 secs, 812 ms
CREATE TABLE
Time: 0 hrs, 0 mins, 0 secs, 824 ms
CREATE TABLE
Time: 0 hrs, 0 mins, 0 secs, 539 ms
CREATE TABLE
Time: 0 hrs, 0 mins, 0 secs, 715 ms
CREATE TABLE
Time: 0 hrs, 0 mins, 0 secs, 389 ms
CREATE TABLE
Time: 0 hrs, 0 mins, 0 secs, 522 ms
CREATE TABLE
Time: 0 hrs, 0 mins, 0 secs, 439 ms
CREATE TABLE
Time: 0 hrs, 0 mins, 0 secs, 928 ms
CREATE TABLE
Time: 0 hrs, 0 mins, 0 secs, 627 ms
CREATE TABLE
Time: 0 hrs, 0 mins, 0 secs, 286 ms
CREATE TABLE
Time: 0 hrs, 0 mins, 0 secs, 448 ms
CREATE TABLE
Time: 0 hrs, 0 mins, 0 secs, 501 ms
CREATE TABLE
Time: 0 hrs, 0 mins, 0 secs, 630 ms
CREATE TABLE
Time: 0 hrs, 0 mins, 0 secs, 533 ms
CREATE TABLE
Time: 0 hrs, 0 mins, 0 secs, 361 ms
CREATE TABLE
Time: 0 hrs, 0 mins, 0 secs, 492 ms
CREATE TABLE
Time: 0 hrs, 0 mins, 0 secs, 484 ms
CREATE TABLE
Time: 0 hrs, 0 mins, 0 secs, 479 ms
CREATE TABLE
Time: 0 hrs, 0 mins, 0 secs, 347 ms
CREATE TABLE
Time: 0 hrs, 0 mins, 0 secs, 892 ms
CREATE TABLE
Time: 0 hrs, 0 mins, 0 secs, 307 ms
CREATE TABLE
Time: 0 hrs, 0 mins, 0 secs, 482 ms
CREATE TABLE
Time: 0 hrs, 0 mins, 0 secs, 516 ms
CREATE TABLE
Time: 0 hrs, 0 mins, 0 secs, 651 ms
CREATE TABLE
Time: 0 hrs, 0 mins, 0 secs, 625 ms
CREATE TABLE
Time: 0 hrs, 0 mins, 0 secs, 266 ms
CREATE TABLE
Time: 0 hrs, 0 mins, 0 secs, 162 ms
CREATE TABLE
Time: 0 hrs, 0 mins, 0 secs, 168 ms
CREATE TABLE
Time: 0 hrs, 0 mins, 0 secs, 327 ms
CREATE TABLE
Time: 0 hrs, 0 mins, 0 secs, 319 ms
CREATE TABLE
Time: 0 hrs, 0 mins, 0 secs, 297 ms
CREATE TABLE
Time: 0 hrs, 0 mins, 0 secs, 143 ms
CREATE TABLE
Time: 0 hrs, 0 mins, 0 secs, 157 ms
CREATE TABLE
Time: 0 hrs, 0 mins, 0 secs, 165 ms
CREATE TABLE
Time: 0 hrs, 0 mins, 0 secs, 163 ms
CREATE TABLE
Time: 0 hrs, 0 mins, 0 secs, 141 ms
CREATE TABLE
Time: 0 hrs, 0 mins, 0 secs, 155 ms
CREATE TABLE
Time: 0 hrs, 0 mins, 0 secs, 153 ms
CREATE TABLE
Time: 0 hrs, 0 mins, 0 secs, 163 ms
CREATE TABLE
Time: 0 hrs, 0 mins, 0 secs, 151 ms
CREATE TABLE
Time: 0 hrs, 0 mins, 0 secs, 161 ms
CREATE TABLE
Time: 0 hrs, 0 mins, 0 secs, 142 ms
CREATE TABLE
Time: 0 hrs, 0 mins, 0 secs, 152 ms
CREATE TABLE
Time: 0 hrs, 0 mins, 0 secs, 163 ms
CREATE TABLE
Time: 0 hrs, 0 mins, 0 secs, 161 ms
CREATE TABLE
Time: 0 hrs, 0 mins, 0 secs, 186 ms
CREATE TABLE
Time: 0 hrs, 0 mins, 0 secs, 151 ms
CREATE TABLE
Time: 0 hrs, 0 mins, 0 secs, 148 ms
CREATE TABLE
Time: 0 hrs, 0 mins, 0 secs, 147 ms
CREATE TABLE
Time: 0 hrs, 0 mins, 0 secs, 156 ms
CREATE TABLE
Time: 0 hrs, 0 mins, 0 secs, 175 ms
CREATE TABLE
Time: 0 hrs, 0 mins, 0 secs, 149 ms
CREATE TABLE
Time: 0 hrs, 0 mins, 0 secs, 148 ms
CREATE TABLE
Time: 0 hrs, 0 mins, 0 secs, 156 ms
CREATE TABLE
Time: 0 hrs, 0 mins, 0 secs, 151 ms
CREATE TABLE
Time: 0 hrs, 0 mins, 0 secs, 128 ms
CREATE TABLE
Time: 0 hrs, 0 mins, 0 secs, 370 ms
CREATE TABLE
Time: 0 hrs, 0 mins, 0 secs, 241 ms
CREATE TABLE
Time: 0 hrs, 0 mins, 0 secs, 159 ms
CREATE TABLE
Time: 0 hrs, 0 mins, 0 secs, 150 ms
CREATE TABLE
Time: 0 hrs, 0 mins, 0 secs, 133 ms
CREATE TABLE
Time: 0 hrs, 0 mins, 0 secs, 139 ms
CREATE TABLE
Time: 0 hrs, 0 mins, 0 secs, 136 ms
CREATE TABLE
Time: 0 hrs, 0 mins, 0 secs, 154 ms
CREATE TABLE
Time: 0 hrs, 0 mins, 0 secs, 459 ms
CREATE TABLE
Time: 0 hrs, 0 mins, 0 secs, 177 ms
CREATE TABLE
Time: 0 hrs, 0 mins, 0 secs, 144 ms
CREATE TABLE
Time: 0 hrs, 0 mins, 0 secs, 169 ms
CREATE TABLE
Time: 0 hrs, 0 mins, 0 secs, 145 ms
CREATE TABLE
Time: 0 hrs, 0 mins, 0 secs, 137 ms
CREATE TABLE
Time: 0 hrs, 0 mins, 0 secs, 128 ms
CREATE TABLE
Time: 0 hrs, 0 mins, 0 secs, 147 ms
CREATE TABLE
Time: 0 hrs, 0 mins, 0 secs, 170 ms
CREATE TABLE
Time: 0 hrs, 0 mins, 0 secs, 154 ms
CREATE TABLE
Time: 0 hrs, 0 mins, 0 secs, 207 ms
CREATE TABLE
Time: 0 hrs, 0 mins, 0 secs, 217 ms
CREATE TABLE
Time: 0 hrs, 0 mins, 0 secs, 153 ms
CREATE TABLE
Time: 0 hrs, 0 mins, 0 secs, 187 ms
CREATE TABLE
Time: 0 hrs, 0 mins, 0 secs, 195 ms
CREATE TABLE
Time: 0 hrs, 0 mins, 0 secs, 176 ms
CREATE TABLE
Time: 0 hrs, 0 mins, 0 secs, 189 ms
CREATE TABLE
Time: 0 hrs, 0 mins, 0 secs, 160 ms
CREATE TABLE
Time: 0 hrs, 0 mins, 0 secs, 142 ms
CREATE TABLE
Time: 0 hrs, 0 mins, 0 secs, 163 ms
CREATE TABLE
Time: 0 hrs, 0 mins, 0 secs, 148 ms
CREATE TABLE
Time: 0 hrs, 0 mins, 0 secs, 492 ms
CREATE TABLE
Time: 0 hrs, 0 mins, 0 secs, 195 ms
CREATE TABLE
Time: 0 hrs, 0 mins, 0 secs, 420 ms
CREATE TABLE
Time: 0 hrs, 0 mins, 0 secs, 200 ms
CREATE TABLE
Time: 0 hrs, 0 mins, 0 secs, 154 ms
CREATE TABLE
Time: 0 hrs, 0 mins, 0 secs, 251 ms
CREATE TABLE
Time: 0 hrs, 0 mins, 0 secs, 284 ms
CREATE TABLE
Time: 0 hrs, 0 mins, 0 secs, 484 ms
CREATE TABLE
Time: 0 hrs, 0 mins, 0 secs, 280 ms
CREATE TABLE
Time: 0 hrs, 0 mins, 0 secs, 156 ms
CREATE TABLE
Time: 0 hrs, 0 mins, 0 secs, 225 ms
CREATE TABLE
Time: 0 hrs, 0 mins, 0 secs, 255 ms
CREATE TABLE
Time: 0 hrs, 0 mins, 0 secs, 538 ms
CREATE TABLE
Time: 0 hrs, 0 mins, 0 secs, 375 ms
CREATE TABLE
Time: 0 hrs, 0 mins, 0 secs, 170 ms
CREATE TABLE
Time: 0 hrs, 0 mins, 0 secs, 239 ms
CREATE TABLE
Time: 0 hrs, 0 mins, 0 secs, 224 ms
CREATE TABLE
Time: 0 hrs, 0 mins, 0 secs, 249 ms
CREATE TABLE
Time: 0 hrs, 0 mins, 0 secs, 473 ms
CREATE TABLE
Time: 0 hrs, 0 mins, 0 secs, 193 ms
CREATE TABLE
Time: 0 hrs, 0 mins, 0 secs, 206 ms
CREATE TABLE
Time: 0 hrs, 0 mins, 0 secs, 173 ms
CREATE TABLE
Time: 0 hrs, 0 mins, 0 secs, 214 ms
CREATE TABLE
Time: 0 hrs, 0 mins, 0 secs, 284 ms
CREATE TABLE
Time: 0 hrs, 0 mins, 0 secs, 220 ms
CREATE TABLE
Time: 0 hrs, 0 mins, 0 secs, 162 ms
CREATE TABLE
Time: 0 hrs, 0 mins, 0 secs, 175 ms
CREATE TABLE
Time: 0 hrs, 0 mins, 0 secs, 176 ms
CREATE TABLE
Time: 0 hrs, 0 mins, 0 secs, 195 ms
CREATE TABLE
Time: 0 hrs, 0 mins, 0 secs, 146 ms
CREATE TABLE
Time: 0 hrs, 0 mins, 0 secs, 195 ms
CREATE TABLE
Time: 0 hrs, 0 mins, 0 secs, 208 ms
CREATE TABLE
Time: 0 hrs, 0 mins, 0 secs, 148 ms
CREATE TABLE
Time: 0 hrs, 0 mins, 0 secs, 170 ms
CREATE TABLE
Time: 0 hrs, 0 mins, 0 secs, 210 ms
CREATE TABLE
Time: 0 hrs, 0 mins, 0 secs, 163 ms
CREATE TABLE
Time: 0 hrs, 0 mins, 0 secs, 224 ms
CREATE TABLE
Time: 0 hrs, 0 mins, 0 secs, 193 ms
CREATE TABLE
Time: 0 hrs, 0 mins, 0 secs, 206 ms
CREATE TABLE
Time: 0 hrs, 0 mins, 0 secs, 138 ms
CREATE TABLE
Time: 0 hrs, 0 mins, 0 secs, 267 ms
CREATE TABLE
Time: 0 hrs, 0 mins, 0 secs, 357 ms
CREATE TABLE
Time: 0 hrs, 0 mins, 0 secs, 268 ms
CREATE TABLE
Time: 0 hrs, 0 mins, 0 secs, 515 ms
CREATE TABLE
Time: 0 hrs, 0 mins, 0 secs, 562 ms
CREATE TABLE
Time: 0 hrs, 0 mins, 0 secs, 223 ms
CREATE TABLE
Time: 0 hrs, 0 mins, 0 secs, 274 ms
CREATE TABLE
Time: 0 hrs, 0 mins, 0 secs, 441 ms
CREATE TABLE
Time: 0 hrs, 0 mins, 0 secs, 261 ms
CREATE TABLE
Time: 0 hrs, 0 mins, 0 secs, 763 ms
CREATE TABLE
Time: 0 hrs, 0 mins, 0 secs, 271 ms
CREATE TABLE
Time: 0 hrs, 0 mins, 0 secs, 483 ms
CREATE TABLE
Time: 0 hrs, 0 mins, 0 secs, 282 ms
CREATE TABLE
Time: 0 hrs, 0 mins, 0 secs, 235 ms
CREATE TABLE
Time: 0 hrs, 0 mins, 0 secs, 255 ms
CREATE TABLE
Time: 0 hrs, 0 mins, 0 secs, 254 ms
CREATE TABLE
Time: 0 hrs, 0 mins, 0 secs, 215 ms
CREATE TABLE
Time: 0 hrs, 0 mins, 1 secs, 100 ms
CREATE TABLE
Time: 0 hrs, 0 mins, 0 secs, 379 ms
CREATE TABLE
Time: 0 hrs, 0 mins, 0 secs, 195 ms
CREATE TABLE
Time: 0 hrs, 0 mins, 0 secs, 163 ms
CREATE TABLE
Time: 0 hrs, 0 mins, 0 secs, 163 ms
CREATE TABLE
Time: 0 hrs, 0 mins, 0 secs, 133 ms
CREATE TABLE
Time: 0 hrs, 0 mins, 0 secs, 142 ms
CREATE TABLE
Time: 0 hrs, 0 mins, 0 secs, 134 ms
CREATE TABLE
Time: 0 hrs, 0 mins, 0 secs, 144 ms
CREATE TABLE
Time: 0 hrs, 0 mins, 0 secs, 143 ms
CREATE TABLE
Time: 0 hrs, 0 mins, 0 secs, 185 ms
CREATE TABLE
Time: 0 hrs, 0 mins, 0 secs, 149 ms
CREATE TABLE
Time: 0 hrs, 0 mins, 0 secs, 155 ms
CREATE TABLE
Time: 0 hrs, 0 mins, 0 secs, 139 ms
CREATE TABLE
Time: 0 hrs, 0 mins, 0 secs, 159 ms
CREATE TABLE
Time: 0 hrs, 0 mins, 0 secs, 158 ms
CREATE TABLE
Time: 0 hrs, 0 mins, 0 secs, 146 ms
CREATE TABLE
Time: 0 hrs, 0 mins, 0 secs, 152 ms
CREATE TABLE
Time: 0 hrs, 0 mins, 0 secs, 164 ms
CREATE TABLE
Time: 0 hrs, 0 mins, 0 secs, 142 ms
CREATE TABLE
Time: 0 hrs, 0 mins, 0 secs, 212 ms
CREATE TABLE
Time: 0 hrs, 0 mins, 0 secs, 229 ms
CREATE TABLE
Time: 0 hrs, 0 mins, 0 secs, 402 ms
CREATE TABLE
Time: 0 hrs, 0 mins, 0 secs, 681 ms
CREATE TABLE
Time: 0 hrs, 0 mins, 0 secs, 330 ms
CREATE TABLE
Time: 0 hrs, 0 mins, 0 secs, 171 ms
CREATE TABLE
Time: 0 hrs, 0 mins, 0 secs, 573 ms
CREATE TABLE
Time: 0 hrs, 0 mins, 0 secs, 377 ms
CREATE TABLE
Time: 0 hrs, 0 mins, 0 secs, 235 ms
CREATE TABLE
Time: 0 hrs, 0 mins, 0 secs, 665 ms
CREATE TABLE
Time: 0 hrs, 0 mins, 3 secs, 907 ms
CREATE TABLE
Time: 0 hrs, 0 mins, 0 secs, 287 ms
CREATE TABLE
Time: 0 hrs, 0 mins, 0 secs, 173 ms
CREATE TABLE
Time: 0 hrs, 0 mins, 0 secs, 226 ms
CREATE TABLE
Time: 0 hrs, 0 mins, 0 secs, 196 ms
CREATE TABLE
Time: 0 hrs, 0 mins, 0 secs, 388 ms
CREATE TABLE
Time: 0 hrs, 0 mins, 1 secs, 527 ms
CREATE TABLE
Time: 0 hrs, 0 mins, 0 secs, 296 ms
CREATE TABLE
Time: 0 hrs, 0 mins, 0 secs, 174 ms
CREATE TABLE
Time: 0 hrs, 0 mins, 0 secs, 236 ms
CREATE TABLE
Time: 0 hrs, 0 mins, 0 secs, 877 ms
CREATE TABLE
Time: 0 hrs, 0 mins, 0 secs, 223 ms
CREATE TABLE
Time: 0 hrs, 0 mins, 0 secs, 190 ms
CREATE TABLE
Time: 0 hrs, 0 mins, 0 secs, 171 ms
CREATE TABLE
Time: 0 hrs, 0 mins, 0 secs, 154 ms
CREATE TABLE
Time: 0 hrs, 0 mins, 0 secs, 155 ms
CREATE TABLE
Time: 0 hrs, 0 mins, 1 secs, 474 ms
CREATE TABLE
Time: 0 hrs, 0 mins, 0 secs, 200 ms
CREATE TABLE
Time: 0 hrs, 0 mins, 0 secs, 432 ms
CREATE TABLE
Time: 0 hrs, 0 mins, 0 secs, 531 ms
CREATE TABLE
Time: 0 hrs, 0 mins, 0 secs, 575 ms
CREATE TABLE
Time: 0 hrs, 0 mins, 0 secs, 177 ms
CREATE TABLE
Time: 0 hrs, 0 mins, 0 secs, 166 ms
CREATE TABLE
Time: 0 hrs, 0 mins, 0 secs, 229 ms
CREATE TABLE
Time: 0 hrs, 0 mins, 0 secs, 248 ms
CREATE TABLE
Time: 0 hrs, 0 mins, 0 secs, 499 ms
CREATE TABLE
Time: 0 hrs, 0 mins, 0 secs, 264 ms
CREATE TABLE
Time: 0 hrs, 0 mins, 0 secs, 281 ms
CREATE TABLE
Time: 0 hrs, 0 mins, 0 secs, 205 ms
CREATE TABLE
Time: 0 hrs, 0 mins, 0 secs, 191 ms
CREATE TABLE
Time: 0 hrs, 0 mins, 0 secs, 452 ms
CREATE TABLE
Time: 0 hrs, 0 mins, 0 secs, 159 ms
CREATE TABLE
Time: 0 hrs, 0 mins, 0 secs, 155 ms
CREATE TABLE
Time: 0 hrs, 0 mins, 0 secs, 213 ms
CREATE TABLE
Time: 0 hrs, 0 mins, 0 secs, 203 ms
CREATE TABLE
Time: 0 hrs, 0 mins, 0 secs, 174 ms
CREATE TABLE
Time: 0 hrs, 0 mins, 0 secs, 161 ms
CREATE TABLE
Time: 0 hrs, 0 mins, 0 secs, 162 ms
CREATE TABLE
Time: 0 hrs, 0 mins, 0 secs, 173 ms
CREATE TABLE
Time: 0 hrs, 0 mins, 0 secs, 437 ms
CREATE TABLE
Time: 0 hrs, 0 mins, 0 secs, 195 ms
CREATE TABLE
Time: 0 hrs, 0 mins, 0 secs, 170 ms
CREATE TABLE
Time: 0 hrs, 0 mins, 0 secs, 135 ms
CREATE TABLE
Time: 0 hrs, 0 mins, 0 secs, 153 ms
CREATE TABLE
Time: 0 hrs, 0 mins, 0 secs, 149 ms
CREATE TABLE
Time: 0 hrs, 0 mins, 0 secs, 149 ms
CREATE TABLE
Time: 0 hrs, 0 mins, 0 secs, 139 ms
CREATE TABLE
Time: 0 hrs, 0 mins, 0 secs, 175 ms
CREATE TABLE
Time: 0 hrs, 0 mins, 0 secs, 153 ms
CREATE TABLE
Time: 0 hrs, 0 mins, 0 secs, 151 ms
CREATE TABLE
Time: 0 hrs, 0 mins, 0 secs, 160 ms
CREATE TABLE
Time: 0 hrs, 0 mins, 0 secs, 145 ms
CREATE TABLE
Time: 0 hrs, 0 mins, 0 secs, 222 ms
CREATE TABLE
Time: 0 hrs, 0 mins, 0 secs, 376 ms
CREATE TABLE
Time: 0 hrs, 0 mins, 0 secs, 253 ms
CREATE TABLE
Time: 0 hrs, 0 mins, 0 secs, 150 ms
CREATE TABLE
Time: 0 hrs, 0 mins, 0 secs, 152 ms
CREATE TABLE
Time: 0 hrs, 0 mins, 0 secs, 151 ms
CREATE TABLE
Time: 0 hrs, 0 mins, 0 secs, 181 ms
CREATE TABLE
Time: 0 hrs, 0 mins, 0 secs, 193 ms
CREATE TABLE
Time: 0 hrs, 0 mins, 0 secs, 302 ms
CREATE TABLE
Time: 0 hrs, 0 mins, 0 secs, 289 ms
CREATE TABLE
Time: 0 hrs, 0 mins, 0 secs, 495 ms
CREATE TABLE
Time: 0 hrs, 0 mins, 0 secs, 881 ms
CREATE TABLE
Time: 0 hrs, 0 mins, 0 secs, 394 ms
CREATE TABLE
Time: 0 hrs, 0 mins, 0 secs, 282 ms
CREATE TABLE
Time: 0 hrs, 0 mins, 0 secs, 392 ms
CREATE TABLE
Time: 0 hrs, 0 mins, 0 secs, 296 ms
CREATE TABLE
Time: 0 hrs, 0 mins, 0 secs, 177 ms
CREATE TABLE
Time: 0 hrs, 0 mins, 0 secs, 411 ms
CREATE TABLE
Time: 0 hrs, 0 mins, 0 secs, 207 ms
CREATE TABLE
Time: 0 hrs, 0 mins, 0 secs, 258 ms
CREATE TABLE
Time: 0 hrs, 0 mins, 0 secs, 171 ms
CREATE TABLE
Time: 0 hrs, 0 mins, 0 secs, 441 ms
CREATE TABLE
Time: 0 hrs, 0 mins, 0 secs, 153 ms
CREATE TABLE
Time: 0 hrs, 0 mins, 0 secs, 171 ms
CREATE TABLE
Time: 0 hrs, 0 mins, 0 secs, 150 ms
CREATE TABLE
Time: 0 hrs, 0 mins, 0 secs, 237 ms
CREATE TABLE
Time: 0 hrs, 0 mins, 0 secs, 248 ms
CREATE TABLE
Time: 0 hrs, 0 mins, 0 secs, 151 ms
CREATE TABLE
Time: 0 hrs, 0 mins, 0 secs, 143 ms
CREATE TABLE
Time: 0 hrs, 0 mins, 0 secs, 158 ms
CREATE TABLE
Time: 0 hrs, 0 mins, 0 secs, 145 ms
CREATE TABLE
Time: 0 hrs, 0 mins, 0 secs, 171 ms
CREATE TABLE
Time: 0 hrs, 0 mins, 0 secs, 151 ms
CREATE TABLE
Time: 0 hrs, 0 mins, 0 secs, 233 ms
CREATE TABLE
Time: 0 hrs, 0 mins, 0 secs, 410 ms
CREATE TABLE
Time: 0 hrs, 0 mins, 0 secs, 232 ms
CREATE TABLE
Time: 0 hrs, 0 mins, 0 secs, 184 ms
CREATE TABLE
Time: 0 hrs, 0 mins, 0 secs, 149 ms
CREATE TABLE
Time: 0 hrs, 0 mins, 0 secs, 151 ms
CREATE TABLE
Time: 0 hrs, 0 mins, 0 secs, 132 ms
CREATE TABLE
Time: 0 hrs, 0 mins, 0 secs, 156 ms
CREATE TABLE
Time: 0 hrs, 0 mins, 0 secs, 131 ms
CREATE TABLE
Time: 0 hrs, 0 mins, 0 secs, 172 ms
CREATE TABLE
Time: 0 hrs, 0 mins, 0 secs, 148 ms
CREATE TABLE
Time: 0 hrs, 0 mins, 0 secs, 140 ms
CREATE TABLE
Time: 0 hrs, 0 mins, 0 secs, 156 ms
CREATE TABLE
Time: 0 hrs, 0 mins, 0 secs, 144 ms
CREATE TABLE
Time: 0 hrs, 0 mins, 0 secs, 131 ms
CREATE TABLE
Time: 0 hrs, 0 mins, 0 secs, 159 ms
CREATE TABLE
Time: 0 hrs, 0 mins, 0 secs, 144 ms
CREATE TABLE
Time: 0 hrs, 0 mins, 0 secs, 155 ms
CREATE TABLE
Time: 0 hrs, 0 mins, 0 secs, 153 ms
CREATE TABLE
Time: 0 hrs, 0 mins, 0 secs, 164 ms
CREATE TABLE
Time: 0 hrs, 0 mins, 0 secs, 151 ms
CREATE TABLE
Time: 0 hrs, 0 mins, 0 secs, 170 ms
CREATE TABLE
Time: 0 hrs, 0 mins, 0 secs, 131 ms
CREATE TABLE
Time: 0 hrs, 0 mins, 0 secs, 157 ms
CREATE TABLE
Time: 0 hrs, 0 mins, 0 secs, 138 ms
CREATE TABLE
Time: 0 hrs, 0 mins, 0 secs, 144 ms
CREATE TABLE
Time: 0 hrs, 0 mins, 0 secs, 131 ms
CREATE TABLE
Time: 0 hrs, 0 mins, 0 secs, 147 ms
CREATE TABLE
Time: 0 hrs, 0 mins, 0 secs, 446 ms
CREATE TABLE
Time: 0 hrs, 0 mins, 0 secs, 157 ms
CREATE TABLE
Time: 0 hrs, 0 mins, 0 secs, 147 ms
CREATE TABLE
Time: 0 hrs, 0 mins, 0 secs, 137 ms
CREATE TABLE
Time: 0 hrs, 0 mins, 0 secs, 136 ms
CREATE TABLE
Time: 0 hrs, 0 mins, 0 secs, 143 ms
CREATE TABLE
Time: 0 hrs, 0 mins, 0 secs, 380 ms
CREATE TABLE
Time: 0 hrs, 0 mins, 0 secs, 147 ms
CREATE TABLE
Time: 0 hrs, 0 mins, 0 secs, 151 ms
CREATE TABLE
Time: 0 hrs, 0 mins, 0 secs, 145 ms
CREATE TABLE
Time: 0 hrs, 0 mins, 0 secs, 141 ms
CREATE TABLE
Time: 0 hrs, 0 mins, 0 secs, 172 ms
CREATE TABLE
Time: 0 hrs, 0 mins, 0 secs, 159 ms
CREATE TABLE
Time: 0 hrs, 0 mins, 0 secs, 169 ms
CREATE TABLE
Time: 0 hrs, 0 mins, 0 secs, 182 ms
CREATE TABLE
Time: 0 hrs, 0 mins, 0 secs, 152 ms
CREATE TABLE
Time: 0 hrs, 0 mins, 0 secs, 135 ms
CREATE TABLE
Time: 0 hrs, 0 mins, 0 secs, 416 ms
CREATE TABLE
Time: 0 hrs, 0 mins, 0 secs, 147 ms
CREATE TABLE
Time: 0 hrs, 0 mins, 0 secs, 164 ms
CREATE TABLE
Time: 0 hrs, 0 mins, 0 secs, 134 ms
CREATE TABLE
Time: 0 hrs, 0 mins, 0 secs, 134 ms
CREATE TABLE
Time: 0 hrs, 0 mins, 0 secs, 147 ms
CREATE TABLE
Time: 0 hrs, 0 mins, 0 secs, 145 ms
CREATE TABLE
Time: 0 hrs, 0 mins, 0 secs, 162 ms
CREATE TABLE
Time: 0 hrs, 0 mins, 0 secs, 431 ms
CREATE TABLE
Time: 0 hrs, 0 mins, 0 secs, 174 ms
CREATE TABLE
Time: 0 hrs, 0 mins, 0 secs, 263 ms
CREATE TABLE
Time: 0 hrs, 0 mins, 0 secs, 153 ms
CREATE TABLE
Time: 0 hrs, 0 mins, 0 secs, 155 ms
CREATE TABLE
Time: 0 hrs, 0 mins, 0 secs, 156 ms
CREATE TABLE
Time: 0 hrs, 0 mins, 0 secs, 163 ms
CREATE TABLE
Time: 0 hrs, 0 mins, 0 secs, 231 ms
CREATE TABLE
Time: 0 hrs, 0 mins, 0 secs, 159 ms
CREATE TABLE
Time: 0 hrs, 0 mins, 0 secs, 144 ms
CREATE TABLE
Time: 0 hrs, 0 mins, 0 secs, 179 ms
CREATE TABLE
Time: 0 hrs, 0 mins, 0 secs, 152 ms
CREATE TABLE
Time: 0 hrs, 0 mins, 0 secs, 139 ms
CREATE TABLE
Time: 0 hrs, 0 mins, 0 secs, 147 ms
CREATE TABLE
Time: 0 hrs, 0 mins, 0 secs, 153 ms
CREATE TABLE
Time: 0 hrs, 0 mins, 0 secs, 139 ms
CREATE TABLE
Time: 0 hrs, 0 mins, 0 secs, 148 ms
CREATE TABLE
Time: 0 hrs, 0 mins, 0 secs, 146 ms
CREATE TABLE
Time: 0 hrs, 0 mins, 0 secs, 163 ms
CREATE TABLE
Time: 0 hrs, 0 mins, 0 secs, 177 ms
CREATE TABLE
Time: 0 hrs, 0 mins, 0 secs, 143 ms
CREATE TABLE
Time: 0 hrs, 0 mins, 0 secs, 142 ms
CREATE TABLE
Time: 0 hrs, 0 mins, 0 secs, 144 ms
CREATE TABLE
Time: 0 hrs, 0 mins, 0 secs, 159 ms
CREATE TABLE
Time: 0 hrs, 0 mins, 0 secs, 168 ms
CREATE TABLE
Time: 0 hrs, 0 mins, 0 secs, 528 ms
CREATE TABLE
Time: 0 hrs, 0 mins, 0 secs, 314 ms
CREATE TABLE
Time: 0 hrs, 0 mins, 0 secs, 157 ms
CREATE TABLE
Time: 0 hrs, 0 mins, 0 secs, 228 ms
CREATE TABLE
Time: 0 hrs, 0 mins, 0 secs, 153 ms
CREATE TABLE
Time: 0 hrs, 0 mins, 0 secs, 147 ms
CREATE TABLE
Time: 0 hrs, 0 mins, 0 secs, 522 ms
CREATE TABLE
Time: 0 hrs, 0 mins, 0 secs, 261 ms
CREATE TABLE
Time: 0 hrs, 0 mins, 0 secs, 158 ms
CREATE TABLE
Time: 0 hrs, 0 mins, 0 secs, 172 ms
CREATE TABLE
Time: 0 hrs, 0 mins, 0 secs, 318 ms
CREATE TABLE
Time: 0 hrs, 0 mins, 0 secs, 156 ms
CREATE TABLE
Time: 0 hrs, 0 mins, 0 secs, 151 ms
CREATE TABLE
Time: 0 hrs, 0 mins, 0 secs, 151 ms
CREATE TABLE
Time: 0 hrs, 0 mins, 0 secs, 143 ms
CREATE TABLE
Time: 0 hrs, 0 mins, 0 secs, 149 ms
CREATE TABLE
Time: 0 hrs, 0 mins, 0 secs, 139 ms
CREATE TABLE
Time: 0 hrs, 0 mins, 0 secs, 158 ms
CREATE TABLE
Time: 0 hrs, 0 mins, 0 secs, 157 ms
CREATE TABLE
Time: 0 hrs, 0 mins, 0 secs, 150 ms
CREATE TABLE
Time: 0 hrs, 0 mins, 0 secs, 136 ms
CREATE TABLE
Time: 0 hrs, 0 mins, 0 secs, 172 ms
CREATE TABLE
Time: 0 hrs, 0 mins, 0 secs, 162 ms
CREATE TABLE
Time: 0 hrs, 0 mins, 0 secs, 148 ms
CREATE TABLE
Time: 0 hrs, 0 mins, 0 secs, 154 ms
CREATE TABLE
Time: 0 hrs, 0 mins, 0 secs, 228 ms
CREATE TABLE
Time: 0 hrs, 0 mins, 0 secs, 483 ms
CREATE TABLE
Time: 0 hrs, 0 mins, 0 secs, 454 ms
CREATE TABLE
Time: 0 hrs, 0 mins, 0 secs, 148 ms
CREATE TABLE
Time: 0 hrs, 0 mins, 0 secs, 144 ms
CREATE TABLE
Time: 0 hrs, 0 mins, 0 secs, 153 ms
CREATE TABLE
Time: 0 hrs, 0 mins, 0 secs, 141 ms
CREATE TABLE
Time: 0 hrs, 0 mins, 0 secs, 147 ms
CREATE TABLE
Time: 0 hrs, 0 mins, 0 secs, 145 ms
CREATE TABLE
Time: 0 hrs, 0 mins, 0 secs, 166 ms
CREATE TABLE
Time: 0 hrs, 0 mins, 0 secs, 452 ms
CREATE TABLE
Time: 0 hrs, 0 mins, 0 secs, 272 ms
CREATE TABLE
Time: 0 hrs, 0 mins, 0 secs, 144 ms
CREATE TABLE
Time: 0 hrs, 0 mins, 0 secs, 142 ms
CREATE TABLE
Time: 0 hrs, 0 mins, 0 secs, 144 ms
CREATE TABLE
Time: 0 hrs, 0 mins, 0 secs, 177 ms
CREATE TABLE
Time: 0 hrs, 0 mins, 0 secs, 391 ms
CREATE TABLE
Time: 0 hrs, 0 mins, 0 secs, 192 ms
CREATE TABLE
Time: 0 hrs, 0 mins, 0 secs, 281 ms
CREATE TABLE
Time: 0 hrs, 0 mins, 0 secs, 145 ms
CREATE TABLE
Time: 0 hrs, 0 mins, 0 secs, 170 ms
CREATE TABLE
Time: 0 hrs, 0 mins, 0 secs, 193 ms
CREATE TABLE
Time: 0 hrs, 0 mins, 0 secs, 145 ms
CREATE TABLE
Time: 0 hrs, 0 mins, 0 secs, 169 ms
CREATE TABLE
Time: 0 hrs, 0 mins, 0 secs, 272 ms
CREATE TABLE
Time: 0 hrs, 0 mins, 0 secs, 338 ms
CREATE TABLE
Time: 0 hrs, 0 mins, 0 secs, 384 ms
CREATE TABLE
Time: 0 hrs, 0 mins, 0 secs, 512 ms
CREATE TABLE
Time: 0 hrs, 0 mins, 0 secs, 445 ms
CREATE TABLE
Time: 0 hrs, 0 mins, 0 secs, 175 ms
CREATE TABLE
Time: 0 hrs, 0 mins, 0 secs, 248 ms
CREATE TABLE
Time: 0 hrs, 0 mins, 0 secs, 170 ms
CREATE TABLE
Time: 0 hrs, 0 mins, 0 secs, 171 ms
CREATE TABLE
Time: 0 hrs, 0 mins, 0 secs, 138 ms
CREATE TABLE
Time: 0 hrs, 0 mins, 0 secs, 143 ms
CREATE TABLE
Time: 0 hrs, 0 mins, 0 secs, 150 ms
CREATE TABLE
Time: 0 hrs, 0 mins, 0 secs, 136 ms
CREATE TABLE
Time: 0 hrs, 0 mins, 0 secs, 181 ms
CREATE TABLE
Time: 0 hrs, 0 mins, 0 secs, 133 ms
CREATE TABLE
Time: 0 hrs, 0 mins, 0 secs, 151 ms
CREATE TABLE
Time: 0 hrs, 0 mins, 0 secs, 152 ms
CREATE TABLE
Time: 0 hrs, 0 mins, 0 secs, 130 ms
CREATE TABLE
Time: 0 hrs, 0 mins, 0 secs, 150 ms
END
Time: 0 hrs, 0 mins, 2 secs, 895 ms
